8006:123146157170688::Thread-201 2020-08-09 18:59:27.275 - **START**
8006:123146157170688::Thread-201 2020-08-09 18:59:27.805 - Starting new HTTPS connection (1): en.wikipedia.org
8004:123146157170688::Thread-201 2020-08-09 18:59:29.264 - **START**
8004:123146157170688::Thread-201 2020-08-09 18:59:29.398 - Starting new HTTPS connection (1): en.wikipedia.org
8006:123146157170688::Thread-201 2020-08-09 18:59:31.433 - Films generate income from several revenue streams, including theatrical exhibition, home video, television broadcast rights, and merchandising.
8006:123146157170688::Thread-201 2020-08-09 18:59:31.655 - However, theatrical box office earnings are the primary metric for trade publications in assessing the success of a film, mostly because of the availability of the data compared to sales figures for home video and broadcast rights, but also because of historical practice.
8004:123146157170688::Thread-201 2020-08-09 18:59:33.07 - **END**
8006:123146157170688::Thread-201 2020-08-09 18:59:34.036 - Included on the list are charts of the top box office earners (ranked by both the nominal and real value of their revenue), a chart of high-grossing films by calendar year, a timeline showing the transition of the highest-grossing film record, and a chart of the highest-grossing film franchises and series.
8003:123146157170688::Thread-201 2020-08-09 18:59:34.318 - **START**
8003:123146157170688::Thread-201 2020-08-09 18:59:35.048 - Starting new HTTPS connection (1): en.wikipedia.org
8005:123146157170688::Thread-201 2020-08-09 18:59:35.229 - **START**
8006:123146157170688::Thread-201 2020-08-09 18:59:36.703 - All charts are ranked by international theatrical box office performance where possible, excluding income derived from home video, broadcasting rights, and merchandise.
8006:123146157170688::Thread-201 2020-08-09 18:59:36.992 - Traditionally, war films, musicals, and historical dramas have been the most popular genres, but franchise films have been among the best performers in the 21st century.
8005:123146157170688::Thread-201 2020-08-09 18:59:38.067 - Starting new HTTPS connection (1): en.wikipedia.org
8003:123146157170688::Thread-201 2020-08-09 18:59:38.282 - Aston Villa Football Club is an English professional football club based in Aston, Birmingham.
8004:123146157170688::Thread-201 2020-08-09 18:59:39.089 - **START**
8006:123146157170688::Thread-201 2020-08-09 18:59:39.643 - There is strong interest in the superhero genre, with nine films in the Marvel Cinematic Universe featuring among the nominal top-earners.
8006:123146157170688::Thread-201 2020-08-09 18:59:39.824 - The most successful superhero film, Avengers: Endgame, is also the highest-grossing film overall on the nominal earnings chart, and there are four films in total based on the Avengers comic books charting in the top twenty.
8003:123146157170688::Thread-201 2020-08-09 18:59:39.934 - The club competes in the Premier League, the top tier of the English football league system.
8003:123146157170688::Thread-201 2020-08-09 18:59:40.779 - Founded in 1874, they have played at their home ground, Villa Park, since 1897.
8004:123146157170688::Thread-201 2020-08-09 18:59:41.037 - Starting new HTTPS connection (1): en.wikipedia.org
8002:123146157170688::Thread-201 2020-08-09 18:59:41.365 - **START**
8003:123146157170688::Thread-201 2020-08-09 18:59:41.537 - Aston Villa were one of the founder members of the Football League in 1888 and of the Premier League in 1992.
8006:123146157170688::Thread-201 2020-08-09 18:59:41.857 - Other Marvel Comics adaptations have also had success with the Spider-Man and X-Men properties, while films based on Batman and Superman from DC Comics have generally performed well.
8002:123146157170688::Thread-201 2020-08-09 18:59:42.705 - Starting new HTTPS connection (1): en.wikipedia.org
8003:123146157170688::Thread-201 2020-08-09 18:59:42.806 - Villa are one of only five English clubs to have won the European Cup, in 1981–82.
8006:123146157170688::Thread-201 2020-08-09 18:59:43.235 - Star Wars is also represented in the nominal earnings chart with five films, while the Harry Potter, Jurassic Park and Pirates of the Caribbean franchises feature prominently.
8003:123146157170688::Thread-201 2020-08-09 18:59:43.762 - They have also won the Football League First Division seven times, the FA Cup seven times, the League Cup five times, and the European (UEFA) Super Cup once.
8005:123146157170688::Thread-201 2020-08-09 18:59:44.023 - The Netherlands national football team (Dutch: Het Nederlands Elftal) has represented the Netherlands in international football matches since 1905.
8002:123146157170688::Thread-201 2020-08-09 18:59:44.691 - Jennifer Lynn Lopez (born July 24, 1969), also known by her nickname J.Lo, is an American actress, singer, dancer, fashion designer, producer, and businesswoman.
8002:123146157170688::Thread-201 2020-08-09 18:59:44.816 - In 1991, Lopez began appearing as a Fly Girl dancer on In Living Color, where she remained a regular until she decided to pursue an acting career in 1993.
8005:123146157170688::Thread-201 2020-08-09 18:59:44.981 - The national team is controlled by the Royal Dutch Football Association (KNVB), which is a part of UEFA, and under the jurisdiction of FIFA the governing body for football in the Netherlands.
8006:123146157170688::Thread-201 2020-08-09 18:59:45.117 - Avatar, in second place on the nominal chart, is the highest-grossing film that is not a sequel or an adaptation of a pre-existing property.
8004:123146157170688::Thread-201 2020-08-09 18:59:45.203 - Gorillaz are  a British virtual band created in 1998 by musician Damon Albarn and artist Jamie Hewlett.
8005:123146157170688::Thread-201 2020-08-09 18:59:45.248 - Most of the Netherlands' home matches are played at the Johan Cruyff Arena and the Stadion Feijenoord.
8002:123146157170688::Thread-201 2020-08-09 18:59:45.331 - For her first leading role in the 1997 Selena biopic of the same name, Lopez became the first Latin actress to earn over US$1 million for a film.
8003:123146157170688::Thread-201 2020-08-09 18:59:45.533 - Villa have a fierce local rivalry with Birmingham City and the Second City derby between the teams has been played since 1879.
8005:123146157170688::Thread-201 2020-08-09 18:59:46.131 - The team is colloquially referred to as Het Nederlands Elftal (The Dutch Eleven) or Oranje, after the House of Orange-Nassau and its distinctive orange-based jersey.
8003:123146157170688::Thread-201 2020-08-09 18:59:46.436 - The club's traditional kit colours are claret shirts with sky blue sleeves, white shorts and sky blue socks.
8004:123146157170688::Thread-201 2020-08-09 18:59:46.49 - The band primarily consists of four animated members: Stuart "2-D" Pot, Murdoc Niccals, Noodle, and Russel Hobbs.
8003:123146157170688::Thread-201 2020-08-09 18:59:46.569 - Their traditional club badge is of a rampant lion.
8005:123146157170688::Thread-201 2020-08-09 18:59:47.1 - Like the country itself, the team is sometimes (also colloquially) referred to as Holland.
8003:123146157170688::Thread-201 2020-08-09 18:59:47.181 - The club is currently owned by the NSWE group, a company owned by the Egyptian billionaire Nassef Sawiris and the American billionaire Wes Edens.
8004:123146157170688::Thread-201 2020-08-09 18:59:47.907 - Their fictional universe is presented in music videos, interviews and short cartoons.
8005:123146157170688::Thread-201 2020-08-09 18:59:48.05 - The fan club is known as "Het Oranje Legioen".The Netherlands has competed in ten FIFA World Cups, appearing in the finals three times (in 1974, 1978 and 2010).
8005:123146157170688::Thread-201 2020-08-09 18:59:48.101 - They have also appeared in nine UEFA European Championships, winning the 1988 tournament in West Germany.
8002:123146157170688::Thread-201 2020-08-09 18:59:48.289 - She went on to star in Anaconda (1997) and Out of Sight (1998), later establishing herself as the highest-paid Latin actress in Hollywood.Lopez ventured into the music industry with her debut studio album On the 6 (1999), which helped propel the Latin pop movement in American music.
8004:123146157170688::Thread-201 2020-08-09 18:59:48.852 - In reality, Albarn is the only permanent musical contributor, and Gorillaz' music often features collaborations with a wide range of featured artists.
8005:123146157170688::Thread-201 2020-08-09 18:59:48.875 - Additionally, the team won a bronze medal at the Olympic tournament in 1908, 1912 and 1920.
8005:123146157170688::Thread-201 2020-08-09 18:59:48.898 - The Netherlands has long-standing football rivalries with neighbors Belgium and Germany.
8004:123146157170688::Thread-201 2020-08-09 18:59:49.494 - Remi Kabaka Jr. became producer for the band in 2016 after several years providing the voice of Russel Hobbs and was listed as an official member alongside Albarn and Hewlett in the 2019 documentary Gorillaz: Reject False Icons.With Gorillaz, Albarn departed from the distinct Britpop of his band Blur, exploring a variety of musical styles including hip hop, electronic music, and world music through an "eccentrically postmodern" approach.
8005:123146157170688::Thread-201 2020-08-09 18:59:49.514 - History


Beginnings: 1905–1969

The Netherlands played their first international match in Antwerp against Belgium on 30 April 1905.
8002:123146157170688::Thread-201 2020-08-09 18:59:49.527 - With the simultaneous release of her second studio album J.Lo and her romantic comedy The Wedding Planner in 2001, Lopez became the first woman to have a number-one album and film in the same week.
8006:123146157170688::Thread-201 2020-08-09 18:59:50.118 - **END**
8004:123146157170688::Thread-201 2020-08-09 18:59:50.854 - The band's 2001 debut album Gorillaz, which featured dub and Latin influences, went triple platinum in the UK and double platinum in Europe, with sales driven by the success of the album's lead single "Clint Eastwood".
8004:123146157170688::Thread-201 2020-08-09 18:59:51.476 - Their second studio album, Demon Days (2005), featuring a darker tone, went 6 times platinum in the UK and double platinum in the US and spawned the successful lead single "Feel Good Inc.".The band's third album, Plastic Beach (2010), featured environmentalist themes, an electropop approach and an expanded roster of featured artists.
8002:123146157170688::Thread-201 2020-08-09 18:59:52.154 - Her 2002 remix album, J to tha L–O!
8003:123146157170688::Thread-201 2020-08-09 18:59:52.184 - **END**
8002:123146157170688::Thread-201 2020-08-09 18:59:52.393 - The Remixes, became the first in history to debut atop the US Billboard 200.
8004:123146157170688::Thread-201 2020-08-09 18:59:53.312 - Their fourth album, The Fall was recorded on the road during the Escape to Plastic Beach Tour and released on 25 December 2010.
8005:123146157170688::Thread-201 2020-08-09 18:59:53.518 - **END**
8002:123146157170688::Thread-201 2020-08-09 18:59:55.18 - Later that year, she released her third studio album This Is Me... Then, and starred in the US box office number-one Maid in Manhattan.
8003:123146157170688::Thread-201 2020-08-09 18:59:55.19 - **START**
8003:123146157170688::Thread-201 2020-08-09 18:59:55.205 - Starting new HTTPS connection (1): en.wikipedia.org
8004:123146157170688::Thread-201 2020-08-09 18:59:55.264 - The band's fifth album, Humanz, was released after a 7-year hiatus on 28 April 2017.
8002:123146157170688::Thread-201 2020-08-09 18:59:56.255 - After starring in Gigli (2003), a critical and commercial failure, Lopez subsequently starred in the successful romantic comedies Shall We Dance?
8003:123146157170688::Thread-201 2020-08-09 18:59:56.403 - Earth is the third planet from the Sun and the only astronomical object known to harbor life.
8006:123146157170688::Thread-201 2020-08-09 18:59:57.122 - **START**
8006:123146157170688::Thread-201 2020-08-09 18:59:57.134 - Starting new HTTPS connection (1): en.wikipedia.org
8002:123146157170688::Thread-201 2020-08-09 18:59:57.259 - **END**
8003:123146157170688::Thread-201 2020-08-09 18:59:58.314 - According to radiometric dating estimation and other evidence, Earth formed over 4.5 billion years ago.
8003:123146157170688::Thread-201 2020-08-09 18:59:58.961 - Earth's gravity interacts with other objects in space, especially the Sun and the Moon, which is Earth's only natural satellite.
8004:123146157170688::Thread-201 2020-08-09 18:59:59.265 - **END**
8003:123146157170688::Thread-201 2020-08-09 19:00:00.633 - Earth orbits around the Sun in 365.256 solar days, a period known as an Earth sidereal year.
8006:123146157170688::Thread-201 2020-08-09 19:00:00.676 - Sylvester Enzio Stallone (; born Michael Sylvester Gardenzio Stallone, July 6, 1946) is an American actor, director, screenwriter, producer and artist.After his beginnings as a struggling actor for a number of years upon arriving to New York City in 1969 and later Hollywood in 1974, he won his first critical acclaim as an actor for his co-starring role as Stanley Rosiello in The Lords of Flatbush.Stallone mostly only found gradual work as an extra or side character in films with a sizeable budget until he achieved his greatest critical and commercial success as an actor, starting in 1976 with his self-created role as the boxer Rocky Balboa, in the first film of the successful Rocky series (1976–2018).
8003:123146157170688::Thread-201 2020-08-09 19:00:00.706 - During this time, Earth rotates about its axis 366.256 times, that is, a sidereal year has 366.256 sidereal days.Earth's axis of rotation is tilted with respect to its orbital plane, producing seasons on Earth.
8003:123146157170688::Thread-201 2020-08-09 19:00:01.303 - The gravitational interaction between Earth and the Moon causes tides, stabilizes Earth's orientation on its axis, and gradually slows its rotation.
8003:123146157170688::Thread-201 2020-08-09 19:00:01.428 - Earth is the densest planet in the Solar System and the largest and most massive of the four rocky planets.
8005:123146157170688::Thread-201 2020-08-09 19:00:01.52 - **START**
8003:123146157170688::Thread-201 2020-08-09 19:00:01.609 - Earth's outer layer (lithosphere) is divided into several rigid tectonic plates that migrate across the surface over many millions of years.
8005:123146157170688::Thread-201 2020-08-09 19:00:01.663 - Starting new HTTPS connection (1): en.wikipedia.org
8006:123146157170688::Thread-201 2020-08-09 19:00:03.123 - In the films, Rocky is portrayed as an underdog boxer that fights numerous brutal opponents, and wins the world heavyweight championship twice.
8005:123146157170688::Thread-201 2020-08-09 19:00:03.167 - The Great Library of Alexandria in Alexandria, Egypt, was one of the largest and most significant libraries of the ancient world.
8003:123146157170688::Thread-201 2020-08-09 19:00:03.235 - About 29% of Earth's surface is land consisting of continents and islands.
8005:123146157170688::Thread-201 2020-08-09 19:00:03.249 - The Library was part of a larger research institution called the Mouseion, which was dedicated to the Muses, the nine goddesses of the arts.
8006:123146157170688::Thread-201 2020-08-09 19:00:03.617 - The last two entries in the series are  Creed and Creed II, that serve as spin-off films focusing on Adonis "Donnie" Creed, the son of the ill-fated boxer Apollo Creed, to whom the long retired Rocky is a mentor.
8005:123146157170688::Thread-201 2020-08-09 19:00:04.006 - The idea of a universal library in Alexandria may have been proposed by Demetrius of Phalerum, an exiled Athenian statesman living in Alexandria, to Ptolemy I Soter, who may have established plans for the Library, but the Library itself was probably not built until the reign of his son Ptolemy II Philadelphus.
8005:123146157170688::Thread-201 2020-08-09 19:00:04.032 - The Library quickly acquired many papyrus scrolls, due largely to the Ptolemaic kings' aggressive and well-funded policies for procuring texts.
8005:123146157170688::Thread-201 2020-08-09 19:00:04.698 - It is unknown precisely how many such scrolls were housed at any given time, but estimates range from 40,000 to 400,000 at its height.
8003:123146157170688::Thread-201 2020-08-09 19:00:04.744 - The remaining 71% is covered with water, mostly by oceans but also lakes, rivers and other fresh water, which all together constitute the hydrosphere.
8005:123146157170688::Thread-201 2020-08-09 19:00:05.354 - Alexandria came to be regarded as the capital of knowledge and learning, in part because of the Great Library.
8006:123146157170688::Thread-201 2020-08-09 19:00:06.065 - Reprising the role during the 2010s brought Stallone praise, and his first Golden Globe award for the first Creed, as well as a third Oscar nomination, having been first nominated for the same role 40 years prior.Stallone had similar box-office success portraying the PTSD-plagued soldier John Rambo in the five Rambo films (1982–2019), and as mercenary Barney Ross in the three The Expendables films (2010–2014).
8005:123146157170688::Thread-201 2020-08-09 19:00:06.076 - Many important and influential scholars worked at the Library during the third and second centuries BC, including, among many others: Zenodotus of Ephesus, who worked towards standardizing the texts of the Homeric poems; Callimachus, who wrote the Pinakes, sometimes considered to be the world's first library catalogue; Apollonius of Rhodes, who composed the epic poem the Argonautica; Eratosthenes of Cyrene, who calculated the circumference of the earth within a few hundred kilometers of accuracy; Aristophanes of Byzantium, who invented the system of Greek diacritics and was the first to divide poetic texts into lines; and Aristarchus of Samothrace, who produced the definitive texts of the Homeric poems as well as extensive commentaries on them.
8006:123146157170688::Thread-201 2020-08-09 19:00:06.294 - He wrote or co-wrote most of the films in his three biggest franchises, and directed many of them.
8005:123146157170688::Thread-201 2020-08-09 19:00:06.358 - During the reign of Ptolemy III Euergetes, a daughter library was established in the Serapeum, a temple to the Greco-Egyptian god Serapis.
8005:123146157170688::Thread-201 2020-08-09 19:00:06.557 - Despite the widespread modern belief that the Library of Alexandria was burned once and cataclysmically destroyed, the Library actually declined gradually over the course of several centuries.
8005:123146157170688::Thread-201 2020-08-09 19:00:07.54 - This decline began with the purging of intellectuals from Alexandria in 145 BC during the reign of Ptolemy VIII Physcon, which resulted in Aristarchus of Samothrace, the head librarian, resigning from his position and exiling himself to Cyprus.
8006:123146157170688::Thread-201 2020-08-09 19:00:08.238 - Stallone's film Rocky was inducted into the National Film Registry, and had its props placed in the Smithsonian Museum.
8006:123146157170688::Thread-201 2020-08-09 19:00:10.099 - His use of the front entrance to the Philadelphia Museum of Art in the Rocky series led the area to be nicknamed the Rocky Steps, and Philadelphia has a statue of his Rocky character placed permanently near the museum.
8004:123146157170688::Thread-201 2020-08-09 19:00:10.27 - **START**
8004:123146157170688::Thread-201 2020-08-09 19:00:10.273 - Starting new HTTPS connection (1): en.wikipedia.org
8006:123146157170688::Thread-201 2020-08-09 19:00:10.944 - It was announced on December 7, 2010 that he was voted into the International Boxing Hall of Fame in the non-participant category.In 1977, Stallone was nominated for two Academy Awards for Rocky, for Best Original Screenplay and Best Actor.
8005:123146157170688::Thread-201 2020-08-09 19:00:11.541 - **END**
8003:123146157170688::Thread-201 2020-08-09 19:00:11.749 - **END**
8004:123146157170688::Thread-201 2020-08-09 19:00:12.162 - The Erie Canal is a canal in New York, United States that is part of the east–west, cross-state route of the New York State Canal System (formerly known as the New York State Barge Canal).
8002:123146157170688::Thread-201 2020-08-09 19:00:12.261 - **START**
8002:123146157170688::Thread-201 2020-08-09 19:00:12.266 - Starting new HTTPS connection (1): en.wikipedia.org
8002:123146157170688::Thread-201 2020-08-09 19:00:13.755 - The United States Penitentiary, Administrative Maximum Facility (USP Florence ADMAX) is an American federal prison in unincorporated Fremont County near Florence, Colorado.
8006:123146157170688::Thread-201 2020-08-09 19:00:13.9 - He became the third man in history to receive these two nominations for the same film, after Charlie Chaplin and Orson Welles.
8002:123146157170688::Thread-201 2020-08-09 19:00:14.705 - It is operated by the Federal Bureau of Prisons, a division of the United States Department of Justice.
8004:123146157170688::Thread-201 2020-08-09 19:00:15.032 - Originally, it ran 363 miles (584 km) from the Hudson River in Albany to Lake Erie in Buffalo.
8002:123146157170688::Thread-201 2020-08-09 19:00:15.123 - ADX Florence, which opened in 1994, is classed as a supermax or "control unit" prison, thus providing a higher level of custody than a maximum security prison.
8002:123146157170688::Thread-201 2020-08-09 19:00:15.484 - ADX Florence forms part of the Florence Federal Correctional Complex (FCC Florence), which is situated on 49 acres (20 ha) of land and houses different facilities with varying degrees of security, including the United States Penitentiary, Florence High.
8002:123146157170688::Thread-201 2020-08-09 19:00:16.426 - ADX Florence was commissioned as the Federal Bureau of Prisons needed a unit designed specifically for the secure housing of those prisoners most capable of violence toward staff or other inmates.
8006:123146157170688::Thread-201 2020-08-09 19:00:16.431 - Early life
Michael Sylvester Gardenzio Stallone was born in the Hell's Kitchen neighborhood of Manhattan, New York, on July 6, 1946, the elder son of Francesco "Frank" Stallone Sr., a hairdresser and beautician, and Jacqueline "Jackie" Stallone (née Labofish; born 1921), an astrologer, dancer, and promoter of women's wrestling.
8004:123146157170688::Thread-201 2020-08-09 19:00:16.755 - It was built to create a navigable water route from New York City and the Atlantic Ocean to the Great Lakes.
8004:123146157170688::Thread-201 2020-08-09 19:00:16.768 - When completed in 1825, it was the second longest canal in the world (after the Grand Canal in China) and greatly enhanced the development and economy of New York, New York City, and the United States.The canal was first proposed in the 1780s, then re-proposed in 1807.
8002:123146157170688::Thread-201 2020-08-09 19:00:16.982 - As of July 2020, there are 365 prisoners who spend 23 hours per day in single cells with facilities made of poured concrete to deter self-harm, and 24-hour supervision, carried out intensively with high staff-inmate ratios.
8004:123146157170688::Thread-201 2020-08-09 19:00:17.245 - A survey was authorized, funded, and executed in 1808.
8004:123146157170688::Thread-201 2020-08-09 19:00:17.474 - Proponents of the project gradually wore down opponents; its construction began in 1817.
8002:123146157170688::Thread-201 2020-08-09 19:00:17.708 - Phones are generally banned and only limited broadcast entertainment is permitted.
8002:123146157170688::Thread-201 2020-08-09 19:00:18.3 - After three years in maximum confinement, some prisoners may be transferred to a less restrictive prison.
8006:123146157170688::Thread-201 2020-08-09 19:00:18.435 - **END**
8002:123146157170688::Thread-201 2020-08-09 19:00:18.915 - The aim is to encourage "reasonably peaceful behavior" from the most violent "career" prisoners.
8002:123146157170688::Thread-201 2020-08-09 19:00:19.891 - Function
The institution is unofficially known as ADX Florence, or the "Alcatraz of the Rockies".
8004:123146157170688::Thread-201 2020-08-09 19:00:20.099 - The canal has 34 numbered locks starting with Black Rock Lock and ending downstream with the Troy Federal Lock.
8004:123146157170688::Thread-201 2020-08-09 19:00:20.52 - Both are owned by the federal government.
8004:123146157170688::Thread-201 2020-08-09 19:00:22.074 - It has an elevation difference of about 565 feet (172 m).
8004:123146157170688::Thread-201 2020-08-09 19:00:24.963 - It opened on October 26, 1825.In a time when bulk goods were limited to pack animals (a 250-pound (113 kg) maximum), and there were no railways, water was the most cost-effective way to ship bulk goods.
8002:123146157170688::Thread-201 2020-08-09 19:00:25.892 - **END**
8004:123146157170688::Thread-201 2020-08-09 19:00:29.965 - **END**