8002:123146014146560::Thread-167 2020-08-09 18:59:25.354 - **START**
8002:123146014146560::Thread-167 2020-08-09 18:59:25.389 - Starting new HTTPS connection (1): en.wikipedia.org
8002:123146014146560::Thread-167 2020-08-09 18:59:28.349 - Jennifer Joanna Aniston (born February 11, 1969) is an American actress, film producer, and businesswoman.
8002:123146014146560::Thread-167 2020-08-09 18:59:28.652 - The daughter of actors John Aniston and Nancy Dow, she began working as an actress at an early age with an uncredited role in the 1987 film Mac and Me.
8002:123146014146560::Thread-167 2020-08-09 18:59:29.366 - Her first major film role came in the 1993 horror comedy Leprechaun.
8002:123146014146560::Thread-167 2020-08-09 18:59:30.197 - Since her career grew in the early 1990s, Aniston has been one of the highest-paid actresses in Hollywood.
8002:123146014146560::Thread-167 2020-08-09 18:59:30.854 - Aniston rose to international fame portraying Rachel Green on the television sitcom Friends (1994–2004), for which she earned Primetime Emmy, Golden Globe, and Screen Actors Guild awards.
8002:123146014146560::Thread-167 2020-08-09 18:59:31.498 - The character became widely popular and was described as one of the greatest female characters in American television history.
8002:123146014146560::Thread-167 2020-08-09 18:59:32.403 - Aniston has since played starring roles in numerous dramas, comedies and romantic comedies.
8002:123146014146560::Thread-167 2020-08-09 18:59:32.539 - Her biggest box office successes include the films Bruce Almighty (2003), The Break-Up (2006), Marley & Me (2008), Just Go with It (2011), Horrible Bosses (2011), and We're the Millers (2013), each of which grossed over $200 million in worldwide box office receipts.
8004:123146014146560::Thread-167 2020-08-09 18:59:33.25 - **START**
8002:123146014146560::Thread-167 2020-08-09 18:59:33.367 - Some of her most critically acclaimed film roles include Office Space (1999), The Good Girl (2002), Friends with Money (2006), Cake (2014), and Dumplin' (2018).
8004:123146014146560::Thread-167 2020-08-09 18:59:34.12 - Starting new HTTPS connection (1): en.wikipedia.org
8002:123146014146560::Thread-167 2020-08-09 18:59:34.196 - She returned to television in 2019, producing and starring in the Apple TV+ drama series The Morning Show, for which she won another Screen Actors Guild Award.
8006:123146014146560::Thread-167 2020-08-09 18:59:37.292 - **START**
8006:123146014146560::Thread-167 2020-08-09 18:59:37.496 - Starting new HTTPS connection (1): en.wikipedia.org
8004:123146014146560::Thread-167 2020-08-09 18:59:37.787 - Jazz Jennings (born October 6, 2000) is an American YouTube personality, spokesmodel, television personality, and LGBT rights activist.
8002:123146014146560::Thread-167 2020-08-09 18:59:38.203 - **END**
8004:123146014146560::Thread-167 2020-08-09 18:59:38.697 - Jennings, a transgender woman, is notable for being one of the youngest publicly documented people to be identified as transgender.Jennings received national attention in 2007 when an interview with Barbara Walters aired on 20/20, which led to other high-profile interviews and appearances.
8004:123146014146560::Thread-167 2020-08-09 18:59:38.794 - Christine Connelly, a member of the board of directors for the Boston Alliance of Gay, Lesbian, Bisexual and Transgender Youth, stated, "She was the first young person who picked up the national spotlight, went on TV and was able to articulate her perspective and point of view with such innocence."
8002:123146014146560::Thread-167 2020-08-09 18:59:39.203 - **START**
8004:123146014146560::Thread-167 2020-08-09 18:59:39.703 - Her parents noted that Jennings was clear on being female as soon as she could speak.Jennings is an honorary co-founder of the TransKids Purple Rainbow Foundation, which she and her parents founded in 2007 to assist transgender youth.
8003:123146014146560::Thread-167 2020-08-09 18:59:40.274 - **START**
8004:123146014146560::Thread-167 2020-08-09 18:59:40.399 - In 2013, she founded Purple Rainbow Tails, a company in which she fashions rubber mermaid tails to raise money for transgender children.Jennings hosts a series of YouTube videos about her life, titled "I Am Jazz".
8006:123146014146560::Thread-167 2020-08-09 18:59:40.689 - Nirvana was an American rock band formed in Aberdeen, Washington, in 1987.
8004:123146014146560::Thread-167 2020-08-09 18:59:40.801 - Jennings stars in the TLC reality TV series, I Am Jazz, which focuses on her life with her family as a teenager and as a transgender youth.
8003:123146014146560::Thread-167 2020-08-09 18:59:40.893 - Starting new HTTPS connection (1): en.wikipedia.org
8004:123146014146560::Thread-167 2020-08-09 18:59:40.994 - The series premiered on July 15, 2015.
8006:123146014146560::Thread-167 2020-08-09 18:59:41.233 - Founded by lead singer and guitarist Kurt Cobain and bassist Krist Novoselic, the band went through a succession of drummers before recruiting Dave Grohl in 1990.
8005:123146014146560::Thread-167 2020-08-09 18:59:41.27 - **START**
8004:123146014146560::Thread-167 2020-08-09 18:59:41.547 - Early life
Jennings was born in South Florida to parents Greg and Jeanette ("Jennings" is a pseudonym).
8006:123146014146560::Thread-167 2020-08-09 18:59:41.574 - Characterized by their punk aesthetic, Nirvana's fusion of pop melodies with noise, combined with their themes of abjection and social alienation, made them hugely popular during their short tenure.
8004:123146014146560::Thread-167 2020-08-09 18:59:41.724 - The family is Jewish, and their last name is "a very Jewish, long last name."
8004:123146014146560::Thread-167 2020-08-09 18:59:42.044 - Jennings has an older sister, Ari, and two older brothers, twins Sander and Griffen.Jennings was assigned male at birth.
8002:123146014146560::Thread-167 2020-08-09 18:59:42.104 - Starting new HTTPS connection (1): en.wikipedia.org
8006:123146014146560::Thread-167 2020-08-09 18:59:42.112 - Their music maintains a popular following and continues to influence modern rock and roll culture.
8004:123146014146560::Thread-167 2020-08-09 18:59:42.36 - She was diagnosed with gender dysphoria by age five, making her one of the youngest publicly documented people to be identified as transgender.
8005:123146014146560::Thread-167 2020-08-09 18:59:42.141 - Starting new HTTPS connection (1): en.wikipedia.org
8004:123146014146560::Thread-167 2020-08-09 18:59:42.621 - Jennings made it clear as soon as she could speak that she was female, and, although the family presented her publicly in gender-neutral clothing, she wanted to be presented in feminine clothing.As a child, Jennings went to Camp Aranu'tiq, the first sleepaway camp for transgender children.Jennings attended Broward Virtual School, where she was the valedictorian of the class of 2019.
8006:123146014146560::Thread-167 2020-08-09 18:59:43.082 - In the late 1980s, Nirvana established itself as part of the Seattle grunge scene, releasing its first album, Bleach, for the independent record label Sub Pop in 1989.
8003:123146014146560::Thread-167 2020-08-09 18:59:43.099 - Sir Winston Leonard Spencer Churchill  (30 November 1874 – 24 January 1965) was a British statesman, army officer, and writer.
8003:123146014146560::Thread-167 2020-08-09 18:59:43.485 - He was Prime Minister of the United Kingdom from 1940 to 1945, when he led the country to victory in the Second World War, and again from 1951 to 1955.
8006:123146014146560::Thread-167 2020-08-09 18:59:43.59 - They developed a sound that relied on dynamic contrasts, often between quiet verses and loud, heavy choruses.
8003:123146014146560::Thread-167 2020-08-09 18:59:43.917 - Apart from two years between 1922 and 1924, Churchill was a Member of Parliament (MP) from 1900 to 1964 and represented a total of five constituencies.
8006:123146014146560::Thread-167 2020-08-09 18:59:44.088 - After signing to major label DGC Records in 1991, Nirvana found unexpected mainstream success with "Smells Like Teen Spirit", the first single from their landmark second album Nevermind (1991).
8003:123146014146560::Thread-167 2020-08-09 18:59:44.269 - Ideologically an economic liberal and imperialist, he was for most of his career a member of the Conservative Party, as leader from 1940 to 1955.
8006:123146014146560::Thread-167 2020-08-09 18:59:44.333 - A cultural phenomenon of the 1990s, the album went on to be certified Diamond by the RIAA.
8003:123146014146560::Thread-167 2020-08-09 18:59:44.51 - He was a member of the Liberal Party from 1904 to 1924.
8003:123146014146560::Thread-167 2020-08-09 18:59:44.515 - Of mixed English and American parentage, Churchill was born in Oxfordshire to a wealthy, aristocratic family.
8005:123146014146560::Thread-167 2020-08-09 18:59:44.577 - The Taipei 101 (Chinese: 台北101; pinyin: Táiběi yī líng yī; stylized as TAIPEI 101), formerly known as the Taipei World Financial Center (臺北國際金融中心), is a supertall skyscraper designed by C.Y.
8006:123146014146560::Thread-167 2020-08-09 18:59:44.748 - Nirvana's sudden success popularized alternative rock and was credited for ending the dominance of hair metal, while they were also often referenced as the figurehead band of Generation X.
8005:123146014146560::Thread-167 2020-08-09 18:59:45.474 - Lee and C.P.
8003:123146014146560::Thread-167 2020-08-09 18:59:45.49 - He joined the British Army in 1895 and saw action in British India, the Anglo-Sudan War, and the Second Boer War, gaining fame as a war correspondent and writing books about his campaigns.
8006:123146014146560::Thread-167 2020-08-09 18:59:45.613 - Following extensive tours and the 1992 compilation album Incesticide and EP Hormoaning, Nirvana released their abrasive and less mainstream sounding third studio album, In Utero (1993).
8004:123146014146560::Thread-167 2020-08-09 18:59:45.626 - **END**
8003:123146014146560::Thread-167 2020-08-09 18:59:45.648 - Elected a Conservative MP in 1900, he defected to the Liberals in 1904.
8005:123146014146560::Thread-167 2020-08-09 18:59:45.757 - Wang in Xinyi, Taipei, Taiwan.
8006:123146014146560::Thread-167 2020-08-09 18:59:45.821 - The album topped both the American and British album charts, and was widely acclaimed.
8005:123146014146560::Thread-167 2020-08-09 18:59:45.929 - This building was officially classified as the world's tallest from its opening in 2004 until the 2010 completion of the Burj Khalifa in Dubai, UAE.
8003:123146014146560::Thread-167 2020-08-09 18:59:46.283 - In H. H. Asquith's Liberal government, Churchill served as President of the Board of Trade and Home Secretary, championing prison reform and workers' social security.
8006:123146014146560::Thread-167 2020-08-09 18:59:46.683 - Nirvana disbanded following Cobain's death in April 1994.
8002:123146014146560::Thread-167 2020-08-09 18:59:46.712 - Philadelphia, colloquially Philly, is the largest city in the U.S. state  of Pennsylvania, and the sixth-most populous U.S. city with a 2019 estimated population of 1,584,064.
8002:123146014146560::Thread-167 2020-08-09 18:59:46.895 - Since 1854, the city has had the same geographic boundaries as Philadelphia County, the most populous county in Pennsylvania and the urban core of the eighth-largest U.S. metropolitan statistical area, with over 6 million residents as of 2017.
8002:123146014146560::Thread-167 2020-08-09 18:59:46.959 - Philadelphia is also the economic and cultural anchor of the greater Delaware Valley, located along the lower Delaware and Schuylkill Rivers, within the Northeast megalopolis.
8003:123146014146560::Thread-167 2020-08-09 18:59:47.207 - As First Lord of the Admiralty during the First World War, he oversaw the Gallipoli Campaign but, after it proved a disaster, he was demoted to Chancellor of the Duchy of Lancaster.
8005:123146014146560::Thread-167 2020-08-09 18:59:47.848 - Its elevators, capable of traveling 60.6 km/h (37.7 mph) and used to transport passengers from the 5th to 89th floor in 37 seconds, set new records upon completion.
8002:123146014146560::Thread-167 2020-08-09 18:59:48.631 - The Delaware Valley's population of 7.2 million ranks it as the eighth-largest combined statistical area in the United States.Philadelphia is one of the oldest municipalities in the United States.
8005:123146014146560::Thread-167 2020-08-09 18:59:49.152 - In 2011 Taipei 101 received a Platinum rating under the LEED certification system to become the tallest and largest green building in the world.
8005:123146014146560::Thread-167 2020-08-09 18:59:49.801 - The structure regularly appears as an icon of Taipei in international media, and the Taipei 101 fireworks displays are a regular feature of New Year's Eve broadcasts.
8002:123146014146560::Thread-167 2020-08-09 18:59:49.919 - William Penn, an English Quaker, founded the city in 1682 to serve as capital of the Pennsylvania Colony.
8002:123146014146560::Thread-167 2020-08-09 18:59:50.434 - Philadelphia played an instrumental role in the American Revolution as a meeting place for the Founding Fathers of the United States, who signed the Declaration of Independence in 1776 at the Second Continental Congress, and the Constitution at the Philadelphia Convention of 1787.
8006:123146014146560::Thread-167 2020-08-09 18:59:50.689 - **END**
8005:123146014146560::Thread-167 2020-08-09 18:59:50.816 - Taipei 101's postmodernist architectural style evokes traditional Asian aesthetics in a modern structure employing industrial materials.
8004:123146014146560::Thread-167 2020-08-09 18:59:51.632 - **START**
8004:123146014146560::Thread-167 2020-08-09 18:59:51.635 - Starting new HTTPS connection (1): en.wikipedia.org
8004:123146014146560::Thread-167 2020-08-09 18:59:52.31 - Los Angeles ( (listen); Spanish: Los Ángeles; Spanish for 'The Angels'), officially the City of Los Angeles and often known by its initials L.A., is the largest city in California.
8002:123146014146560::Thread-167 2020-08-09 18:59:52.348 - Several other key events occurred in Philadelphia during the Revolutionary War including the First Continental Congress, the preservation of the Liberty Bell, the Battle of Germantown, and the Siege of Fort Mifflin.
8005:123146014146560::Thread-167 2020-08-09 18:59:52.798 - Its design incorporates a number of features that enable the structure to withstand the Pacific Ring of Fire's earthquakes and the region's tropical storms.
8002:123146014146560::Thread-167 2020-08-09 18:59:53.562 - Philadelphia remained the nation's largest city until being overtaken by New York City in 1790; the city was also one of the nation's capitals during the revolution, serving as temporary U.S. capital while Washington, D.C. was under construction.
8004:123146014146560::Thread-167 2020-08-09 18:59:53.808 - With an estimated population of nearly four million people, it is the second-most populous city in the United States (after New York City) and the third-most populous city in North America (after Mexico City and New York City).
8003:123146014146560::Thread-167 2020-08-09 18:59:54.211 - **END**
8005:123146014146560::Thread-167 2020-08-09 18:59:54.219 - The tower houses offices and restaurants as well as both indoor and outdoor observatories.
8002:123146014146560::Thread-167 2020-08-09 18:59:54.426 - In the 19th century, Philadelphia became a major industrial center and a railroad hub.
8002:123146014146560::Thread-167 2020-08-09 18:59:55.005 - The city grew from an influx of European immigrants, most of whom came from Ireland, Italy and Germany—the three largest reported ancestry groups in the city as of 2015.
8005:123146014146560::Thread-167 2020-08-09 18:59:55.067 - The tower is adjoined by a multilevel shopping mall that has the world's largest ruyi symbol as an exterior feature.
8004:123146014146560::Thread-167 2020-08-09 18:59:55.619 - Los Angeles is known for its Mediterranean climate, ethnic diversity, Hollywood entertainment industry, and its sprawling metropolis.
8006:123146014146560::Thread-167 2020-08-09 18:59:55.697 - **START**
8006:123146014146560::Thread-167 2020-08-09 18:59:55.714 - Starting new HTTPS connection (1): en.wikipedia.org
8005:123146014146560::Thread-167 2020-08-09 18:59:57.043 - Taipei 101 is owned by Taipei Financial Center Corporation.
8005:123146014146560::Thread-167 2020-08-09 18:59:57.314 - The skyscraper opened on 31 December 2004 to celebrate New Year's Eve.
8004:123146014146560::Thread-167 2020-08-09 18:59:57.411 - Los Angeles lies in a basin in Southern California, adjacent to the Pacific Ocean, with mountains as high as 10,000 feet (3,000 m), and deserts.
8006:123146014146560::Thread-167 2020-08-09 18:59:57.599 - The Bee Gees
were a music group formed in 1958.
8005:123146014146560::Thread-167 2020-08-09 18:59:58.317 - **END**
8004:123146014146560::Thread-167 2020-08-09 18:59:58.841 - The city, which covers about 469 square miles (1,210 km2), is the seat of Los Angeles County, the most populous county in the United States.
8002:123146014146560::Thread-167 2020-08-09 18:59:59.007 - **END**
8004:123146014146560::Thread-167 2020-08-09 18:59:59.126 - The Los Angeles metropolitan area (MSA) is home to 13.1 million people, making it the second-largest metropolitan area in the nation after New York.
8006:123146014146560::Thread-167 2020-08-09 18:59:59.491 - Their lineup consisted of brothers Barry, Robin, and Maurice Gibb.
8006:123146014146560::Thread-167 2020-08-09 19:00:00.171 - The trio were especially successful as a popular music act in the late 1960s and early 1970s, and later as prominent performers of the disco music era in the mid-to-late 1970s.
8003:123146014146560::Thread-167 2020-08-09 19:00:00.213 - **START**
8003:123146014146560::Thread-167 2020-08-09 19:00:00.273 - Starting new HTTPS connection (1): en.wikipedia.org
8004:123146014146560::Thread-167 2020-08-09 19:00:00.354 - Greater Los Angeles includes metro Los Angeles as well as the Inland Empire and Ventura County.
8006:123146014146560::Thread-167 2020-08-09 19:00:01.213 - The group sang recognisable three-part tight harmonies; Robin's clear vibrato lead vocals were a hallmark of their earlier hits, while Barry's R&B falsetto became their signature sound during the mid-to-late 1970s and 1980s.
8004:123146014146560::Thread-167 2020-08-09 19:00:01.334 - It is the second-most populous U.S. combined statistical area, also after New York, with a 2015 estimate of 18.7 million people.Home to the Chumash and Tongva, Los Angeles was claimed by Juan Rodríguez Cabrillo for Spain in 1542.
8006:123146014146560::Thread-167 2020-08-09 19:00:01.883 - The Bee Gees wrote all of their own hits, as well as writing and producing several major hits for other artists.
8006:123146014146560::Thread-167 2020-08-09 19:00:02.647 - The Bee Gees are widely referred to by many critics, media outlets and fellow artists as the "Kings of Disco".Born on the Isle of Man to English parents, the Gibb brothers lived in Chorlton, Manchester, England until the late 1950s.
8003:123146014146560::Thread-167 2020-08-09 19:00:02.754 - Cloud Gate is a public sculpture by Indian-born British artist Sir Anish Kapoor, that is the centerpiece of AT&T Plaza at Millennium Park in the Loop community area of Chicago, Illinois.
8004:123146014146560::Thread-167 2020-08-09 19:00:03.088 - The city was founded on September 4, 1781, by Spanish governor Felipe de Neve.
8003:123146014146560::Thread-167 2020-08-09 19:00:03.676 - The sculpture and AT&T Plaza are located on top of Park Grill, between the Chase Promenade and McCormick Tribune Plaza & Ice Rink.
8004:123146014146560::Thread-167 2020-08-09 19:00:03.756 - It became a part of Mexico in 1821 following the Mexican War of Independence.
8006:123146014146560::Thread-167 2020-08-09 19:00:04.227 - There, in 1955, they formed the skiffle/rock and roll group the Rattlesnakes.
8006:123146014146560::Thread-167 2020-08-09 19:00:05.69 - The family then moved to Redcliffe, in the Moreton Bay Region, Queensland, Australia, and then to Cribb Island.
8003:123146014146560::Thread-167 2020-08-09 19:00:06.262 - Constructed between 2004 and 2006, the sculpture is nicknamed The Bean because of its shape, a name Kapoor initially disliked, but later grew fond of.
8002:123146014146560::Thread-167 2020-08-09 19:00:07.009 - **START**
8002:123146014146560::Thread-167 2020-08-09 19:00:07.021 - Starting new HTTPS connection (1): en.wikipedia.org
8006:123146014146560::Thread-167 2020-08-09 19:00:07.187 - After achieving their first chart success in Australia as the Bee Gees with "Spicks and Specks" (their 12th single), they returned to the UK in January 1967, when producer Robert Stigwood began promoting them to a worldwide audience.
8006:123146014146560::Thread-167 2020-08-09 19:00:07.704 - The Bee Gees' Saturday Night Fever soundtrack (1978) would be the turning point of their career, with both the film and soundtrack having a cultural impact throughout the world, enhancing the disco scene's mainstream appeal.
8002:123146014146560::Thread-167 2020-08-09 19:00:08.12 - One Direction, often shortened to 1D, are an English-Irish pop boy band formed in London, England in 2010.
8002:123146014146560::Thread-167 2020-08-09 19:00:08.139 - The group is composed of Niall Horan, Liam Payne, Harry Styles and Louis Tomlinson; former member Zayn Malik departed from the group in 2015.
8003:123146014146560::Thread-167 2020-08-09 19:00:08.213 - Made up of 168 stainless steel plates welded together, its highly polished exterior has no visible seams.
8003:123146014146560::Thread-167 2020-08-09 19:00:08.506 - It measures 33 by 66 by 42 feet (10 by 20 by 13 m), and weighs 110 short tons (100 t; 98 long tons).
8002:123146014146560::Thread-167 2020-08-09 19:00:09.057 - The group signed with Simon Cowell's record label Syco Records after forming and finishing third in the seventh series of the British televised singing competition The X Factor in 2010.
8002:123146014146560::Thread-167 2020-08-09 19:00:09.705 - Propelled to global success by social media, One Direction's five albums, Up All Night (2011), Take Me Home (2012), Midnight Memories (2013), Four (2014), and Made in the A.M. (2015), topped charts in most major markets, and generated hit singles including "What Makes You Beautiful", "Live While We're Young", "Best Song Ever", "Story of My Life" and "Drag Me Down".
8002:123146014146560::Thread-167 2020-08-09 19:00:09.856 - The group have won nearly 200 awards including seven Brit Awards, four MTV Video Music Awards, six Billboard Music Awards, seven American Music Awards (including Artist of the Year in 2014 and 2015), and 28 Teen Choice Awards.
8002:123146014146560::Thread-167 2020-08-09 19:00:10.129 - They have embarked on four world tours, two of which were all-stadium.
8002:123146014146560::Thread-167 2020-08-09 19:00:10.867 - In 2013, they earned an estimated $75 million, becoming the second highest earning celebrity under 30 according to Forbes.
8003:123146014146560::Thread-167 2020-08-09 19:00:11.416 - Kapoor's design was inspired by liquid mercury and the sculpture's surface reflects and distorts the city's skyline.
8002:123146014146560::Thread-167 2020-08-09 19:00:11.54 - The world’s best-selling artist of 2013, the International Federation of the Phonographic Industry (IFPI) named them the Global Recording Artist of the Year.
8004:123146014146560::Thread-167 2020-08-09 19:00:11.759 - **END**
8002:123146014146560::Thread-167 2020-08-09 19:00:11.849 - Forbes ranked them as the fourth highest-earning celebrities in the world in 2015, and second in 2016.After the release of Four, One Direction became the first band in the U.S.
8002:123146014146560::Thread-167 2020-08-09 19:00:11.953 - Billboard 200 history to have their first four albums debut at number one.
8005:123146014146560::Thread-167 2020-08-09 19:00:12.319 - **START**
8005:123146014146560::Thread-167 2020-08-09 19:00:12.329 - Starting new HTTPS connection (1): en.wikipedia.org
8002:123146014146560::Thread-167 2020-08-09 19:00:12.722 - Their third album, Midnight Memories, was the best-selling album worldwide in 2013 with 4 million copies sold globally.
8003:123146014146560::Thread-167 2020-08-09 19:00:12.824 - Visitors are able to walk around and under Cloud Gate's 12-foot (3.7 m) high arch.
8002:123146014146560::Thread-167 2020-08-09 19:00:13.725 - **END**
8005:123146014146560::Thread-167 2020-08-09 19:00:13.871 - Tokyo (; Japanese: 東京, Tōkyō [toːkʲoː] (listen)), officially Tokyo Metropolis (東京都, Tōkyō-to), is the capital and most populous prefecture of Japan.
8003:123146014146560::Thread-167 2020-08-09 19:00:13.965 - On the underside is the "omphalos" (Greek for "navel"), a concave chamber that warps and multiplies reflections.
8005:123146014146560::Thread-167 2020-08-09 19:00:14.421 - Located at the head of Tokyo Bay, the prefecture forms part of the Kantō region on the central Pacific coast of Japan's main island, Honshu.
8003:123146014146560::Thread-167 2020-08-09 19:00:14.469 - The sculpture builds upon many of Kapoor's artistic themes, and it is popular with tourists as a photo-taking opportunity for its unique reflective properties.
8005:123146014146560::Thread-167 2020-08-09 19:00:14.932 - Tokyo is the political and economic center of the country, as well as the seat of the Emperor of Japan and the national government.
8005:123146014146560::Thread-167 2020-08-09 19:00:15.412 - In 2019, the prefecture had an estimated population of 	13,929,280.
8003:123146014146560::Thread-167 2020-08-09 19:00:16.523 - The sculpture was the result of a design competition.
8003:123146014146560::Thread-167 2020-08-09 19:00:16.53 - **END**
8006:123146014146560::Thread-167 2020-08-09 19:00:16.706 - **END**
8005:123146014146560::Thread-167 2020-08-09 19:00:17.205 - The Greater Tokyo Area is the most populous metropolitan area in the world, with more than 37.393 million residents as of 2020.Originally a fishing village named Edo, the city became a prominent political center in 1603, when it became the seat of the Tokugawa shogunate.
8005:123146014146560::Thread-167 2020-08-09 19:00:18.491 - By the mid-18th century, Edo was one of the most populous cities in the world, with a population numbering more than one million.
8005:123146014146560::Thread-167 2020-08-09 19:00:18.523 - Following the end of the shogunate in 1868, the imperial capital in Kyoto was moved to the city, which was renamed Tokyo (literally "eastern capital").
8005:123146014146560::Thread-167 2020-08-09 19:00:19.142 - Tokyo was devastated by the 1923 Great Kantō earthquake, and again by Allied bombing raids during World War II.
8005:123146014146560::Thread-167 2020-08-09 19:00:19.399 - Beginning in the 1950s, the city underwent rapid reconstruction and expansion, going on to lead Japan's post-war economic recovery.
8005:123146014146560::Thread-167 2020-08-09 19:00:20.328 - Since 1943, the Tokyo Metropolitan Government has administered the prefecture's 23 special wards (formerly Tokyo City), various bed towns in the western area, and two outlying island chains.
8005:123146014146560::Thread-167 2020-08-09 19:00:22.042 - Tokyo is the largest urban economy in the world by gross domestic product, and is categorized as an Alpha+ city by the Globalization and World Cities Research Network.
8005:123146014146560::Thread-167 2020-08-09 19:00:26.043 - **END**