8005:123145437843456::Thread-30 2020-08-09 18:59:29.207 - **START**
8002:123145437843456::Thread-30 2020-08-09 18:59:29.342 - **START**
8005:123145437843456::Thread-30 2020-08-09 18:59:29.538 - Starting new HTTPS connection (1): en.wikipedia.org
8002:123145437843456::Thread-30 2020-08-09 18:59:29.864 - Starting new HTTPS connection (1): en.wikipedia.org
8002:123145437843456::Thread-30 2020-08-09 18:59:31.768 - Taylor Alison Swift (born December 13, 1989) is an American singer-songwriter.
8005:123145437843456::Thread-30 2020-08-09 18:59:32.184 - Vatican may refer to:


The Holy See
The Holy See, the governing body of the Catholic Church and sovereign entity recognized by international law, consisting of the pope and the Roman Curia
A metonym for the governance of the Catholic Church, particularly when attributing doctrine
Roman Curia, the administrative apparatus of the Holy See
Vatican Library, of the Roman Curia.
8003:123145437843456::Thread-30 2020-08-09 18:59:32.246 - **START**
8006:123145437843456::Thread-30 2020-08-09 18:59:33.243 - **START**
8002:123145437843456::Thread-30 2020-08-09 18:59:33.262 - Her narrative songwriting, which often centers around her personal life, has received widespread media coverage.
8003:123145437843456::Thread-30 2020-08-09 18:59:33.341 - Starting new HTTPS connection (1): en.wikipedia.org
8005:123145437843456::Thread-30 2020-08-09 18:59:33.514 - Vatican Apostolic Archive, which were separated from the Vatican Library in the 17th century
Vatican Publishing House, the publisher of official documents of the Holy See, separated from the Vatican Library in 1926


Vatican City
Vatican City, the city-state ruled by the pope in Rome, including St. Peter's Basilica, Sistine Chapel, Vatican Museums
Apostolic Palace, the official residence of the pope on the Vatican Hill, sometimes called the Vatican Palace
St.
8006:123145437843456::Thread-30 2020-08-09 18:59:34.122 - Starting new HTTPS connection (1): en.wikipedia.org
8004:123145437843456::Thread-30 2020-08-09 18:59:34.287 - **START**
8004:123145437843456::Thread-30 2020-08-09 18:59:35.618 - Starting new HTTPS connection (1): en.wikipedia.org
8002:123145437843456::Thread-30 2020-08-09 18:59:35.891 - Born in West Reading, Pennsylvania, Swift relocated to Nashville, Tennessee in 2004 to pursue a career in country music.
8003:123145437843456::Thread-30 2020-08-09 18:59:36.376 - Hagia Sophia (; from Koinē Greek: Ἁγία Σοφία, romanized: Hagía Sophía; Latin: Sancta Sophia, lit.
8005:123145437843456::Thread-30 2020-08-09 18:59:36.517 - **END**
8006:123145437843456::Thread-30 2020-08-09 18:59:37.034 - Skai Jackson (born April 8, 2002) is an American actress, YouTuber, and author, who was included in Time’s list of Most Influential Teens in 2016.
8002:123145437843456::Thread-30 2020-08-09 18:59:37.769 - At age 14, she became the youngest artist signed by the Sony/ATV Music publishing house, and at age 15, she signed her first record deal.
8006:123145437843456::Thread-30 2020-08-09 18:59:37.832 - Jackson first began acting at the age of 5, making her debut in the film Liberty Kid (2007).
8006:123145437843456::Thread-30 2020-08-09 18:59:37.859 - She later came to international prominence for her portrayal of Zuri Ross in the Disney Channel series Jessie (2011–2015), and in the sequel, Bunk'd (2015–2018).
8003:123145437843456::Thread-30 2020-08-09 18:59:38.281 - 'Holy Wisdom'), officially the Hagia Sophia Grand Mosque (Turkish: Ayasofya-i Kebir Cami-i Şerifi) and formerly the Church of Hagia Sophia, is a Late Antique place of worship in Istanbul.
8003:123145437843456::Thread-30 2020-08-09 18:59:38.396 - Built in 537 as the patriarchal cathedral of the imperial capital of Constantinople, it was the largest Christian church of the eastern Roman Empire (the Byzantine Empire) and the Eastern Orthodox Church, except during the Latin Empire from 1204 to 1261, when it became the city's Roman Catholic cathedral.
8006:123145437843456::Thread-30 2020-08-09 18:59:38.802 - She has also voiced Glory Grant across the Marvel Rising series, and voiced Summer in the animated series DreamWorks Dragons: Rescue Riders (2019–2020).
8006:123145437843456::Thread-30 2020-08-09 18:59:39.055 - In 2019, Jackson released her debut novel, Reach for the Skai: How to Inspire, Empower, and Clapback.
8006:123145437843456::Thread-30 2020-08-09 18:59:39.295 - Life and career


Early life and career
Jackson was born on April 8, 2002 in New York City.
8002:123145437843456::Thread-30 2020-08-09 18:59:39.541 - Her 2006 eponymous debut studio album was the longest-charting album of the 2000s on the Billboard 200.
8006:123145437843456::Thread-30 2020-08-09 18:59:40.082 - She began her career as a child model appearing in numerous national commercials, including for Band-Aid bandages, Coca-Cola, Pepsi, and Old Navy.Jackson’s first major acting role was in the independent film Liberty Kid (2007), which was followed by a guest appearance in an episode of Rescue Me (2008).
8002:123145437843456::Thread-30 2020-08-09 18:59:40.216 - Its third single, "Our Song", made her the youngest person to single-handedly write and perform a number-one song on the Billboard Country Airplay chart.
8003:123145437843456::Thread-30 2020-08-09 18:59:40.401 - In 1453, after the Fall of Constantinople to the Ottoman Empire, it was  converted into a mosque.
8006:123145437843456::Thread-30 2020-08-09 18:59:40.998 - In 2009, Jackson made a cameo in the film The Rebound, and in the same year was cast as a member of the Nickelodeon pre-school animated series Bubble Guppies, playing the role of Little Fish.
8006:123145437843456::Thread-30 2020-08-09 18:59:41.557 - She continued to make cameo and guest appearances in the television series Team Umizoomi, Royal Pains, and Boardwalk Empire, and in the 2011 films Arthur and The Smurfs.
8004:123145437843456::Thread-30 2020-08-09 18:59:41.575 - The Alcatraz Federal Penitentiary or United States Penitentiary, Alcatraz Island (often referred to as Alcatraz [, Spanish pronunciation: [al-ka-tɾas] (Latin America)/Spanish pronunciation: [al-ka-tɾaθ] (Spain) from Arabic: غطاس‎, romanized: al-ġaţţās, lit.
8003:123145437843456::Thread-30 2020-08-09 18:59:41.976 - In 1935 the secular Turkish Republic established it as a museum.
8004:123145437843456::Thread-30 2020-08-09 18:59:42.13 - 'gannet ("the diver")'] or The Rock) was a maximum security federal prison on Alcatraz Island, 1.25 miles (2.01 km) off the coast of San Francisco, California, United States, the site of a fort since the 1850s; the main prison building was built in 1910–1912 as a United States Army military prison.
8003:123145437843456::Thread-30 2020-08-09 18:59:42.404 - In 2020, it re-opened as a mosque.
8006:123145437843456::Thread-30 2020-08-09 18:59:42.476 - In 2011, she was cast as Zuri Ross in the Disney Channel sitcom Jessie, which aired from September 30, 2011 to October 16, 2015.
8004:123145437843456::Thread-30 2020-08-09 18:59:42.639 - The United States Department of Justice acquired the United States Disciplinary Barracks, Pacific Branch, on Alcatraz on 12 October 1933, and the island became a prison of the Federal Bureau of Prisons in August 1934 after the buildings were modernized and security increased.
8004:123145437843456::Thread-30 2020-08-09 18:59:43.013 - Given this high security and the island's location in the cold waters and strong currents of San Francisco Bay, prison operators believed Alcatraz to be escape-proof and America's strongest prison.
8002:123145437843456::Thread-30 2020-08-09 18:59:43.136 - Swift's breakthrough second studio album, Fearless (2008), won four Grammy Awards, including Album of the Year, and was certified Diamond by the Recording Industry Association of America.
8003:123145437843456::Thread-30 2020-08-09 18:59:43.759 - Built by the eastern Roman emperor Justinian I as the Christian cathedral of Constantinople for the state church of the Roman Empire between 532 and 537, the church was then the world's largest interior space and among the first to employ a fully pendentive dome.
8004:123145437843456::Thread-30 2020-08-09 18:59:44.048 - The three-story cellhouse included the four main cell blocks, A-block through D-block, the warden's office, visitation room, the library, and the barber shop.
8004:123145437843456::Thread-30 2020-08-09 18:59:44.225 - The prison cells typically measured 9 feet (2.7 m) by 5 feet (1.5 m) and 7 feet (2.1 m) high.
8006:123145437843456::Thread-30 2020-08-09 18:59:44.507 - **END**
8004:123145437843456::Thread-30 2020-08-09 18:59:44.6 - The cells were primitive and lacked privacy, with a bed, desk, and washbasin, and a toilet on the back wall, and with few furnishings except a blanket.
8004:123145437843456::Thread-30 2020-08-09 18:59:44.94 - African-Americans were segregated from other inmates in cell designation due to racial abuse.
8002:123145437843456::Thread-30 2020-08-09 18:59:45.469 - It yielded the Billboard Hot 100 top-five singles "Love Story" and "You Belong with Me".
8004:123145437843456::Thread-30 2020-08-09 18:59:45.483 - D-Block housed the worst inmates, and six cells at its end were designated "The Hole," where badly behaving prisoners would be sent for periods of often brutal punishment.
8003:123145437843456::Thread-30 2020-08-09 18:59:45.784 - It is considered the epitome of Byzantine architecture and is said to have "changed the history of architecture".
8004:123145437843456::Thread-30 2020-08-09 18:59:45.992 - The dining hall and kitchen extended from the main building.
8003:123145437843456::Thread-30 2020-08-09 18:59:47.047 - The building was designed by the Greek geometers Isidore of Miletus and Anthemius of Tralles.
8002:123145437843456::Thread-30 2020-08-09 18:59:47.748 - Swift's third studio album, Speak Now (2010), spawned the two-time Grammy Award-winning single "Mean".
8003:123145437843456::Thread-30 2020-08-09 18:59:48.432 - The present Justinianic building was the third church of the same name to occupy the site, the prior one having been destroyed in the Nika riots.
8006:123145437843456::Thread-30 2020-08-09 18:59:49.514 - **START**
8006:123145437843456::Thread-30 2020-08-09 18:59:49.52 - Starting new HTTPS connection (1): en.wikipedia.org
8002:123145437843456::Thread-30 2020-08-09 18:59:50.36 - Her cross-genre fourth studio album, Red (2012), earned Swift her first Billboard Hot 100 number-one single, "We Are Never Ever Getting Back Together".
8005:123145437843456::Thread-30 2020-08-09 18:59:50.52 - **START**
8005:123145437843456::Thread-30 2020-08-09 18:59:50.523 - Starting new HTTPS connection (1): en.wikipedia.org
8006:123145437843456::Thread-30 2020-08-09 18:59:51.626 - Rafael "Rafa" Nadal Parera (Catalan: [rəf(ə)ˈɛl nəˈðal pəˈɾeɾə], Spanish: [rafaˈel naˈðal paˈɾeɾa]; born 3 June 1986) is a Spanish professional tennis player currently ranked world No.
8005:123145437843456::Thread-30 2020-08-09 18:59:52.75 - Kristen Jaymes Stewart (born April 9, 1990) is an American actress and filmmaker.
8004:123145437843456::Thread-30 2020-08-09 18:59:53.021 - **END**
8006:123145437843456::Thread-30 2020-08-09 18:59:53.095 - 2 in men's singles tennis by the Association of Tennis Professionals (ATP).Nadal has won 19 Grand Slam singles titles, the second-most in history for a male player, as well as a record 35 ATP Tour Masters 1000 titles, 21 ATP Tour 500 titles and the 2008 Olympic gold medal in singles.
8005:123145437843456::Thread-30 2020-08-09 18:59:54.048 - The world's highest-paid actress in 2010 and 2012, she is the recipient of several accolades, including a BAFTA Award and a César Award, which she was the first American actress to win.
8006:123145437843456::Thread-30 2020-08-09 18:59:54.113 - In addition, Nadal has held the world No.
8003:123145437843456::Thread-30 2020-08-09 18:59:54.434 - **END**
8005:123145437843456::Thread-30 2020-08-09 18:59:55.833 - Born and raised in Los Angeles to an American father and Australian mother, both of whom work in show business, Stewart first gained notice at age 12 for her role as the daughter of Jodie Foster's character in David Fincher's thriller Panic Room (2002), which earned her a Young Artist Award nomination for Best Leading Actress in a Feature Film.
8006:123145437843456::Thread-30 2020-08-09 18:59:55.932 - 1 ranking for a total of 209 weeks, including being the year-end No.
8006:123145437843456::Thread-30 2020-08-09 18:59:56.599 - 1 five times.
8002:123145437843456::Thread-30 2020-08-09 18:59:57.362 - **END**
8005:123145437843456::Thread-30 2020-08-09 18:59:57.774 - She subsequently starred in Speak (2004), Catch That Kid (2004), Zathura: A Space Adventure (2005), and Into the Wild (2007).
8005:123145437843456::Thread-30 2020-08-09 18:59:57.865 - In 2010, she was awarded the BAFTA Rising Star Award.
8005:123145437843456::Thread-30 2020-08-09 18:59:58.493 - Stewart went on to gain worldwide recognition for her role as Bella Swan in The Twilight Saga film series (2008–2012), which collectively grossed over $3.3 billion worldwide.After starring in the fantasy film Snow White and the Huntsman (2012), Stewart eschewed roles in big-budget films in favor of independent productions for the next few years.
8006:123145437843456::Thread-30 2020-08-09 18:59:58.822 - In majors, Nadal has won a record twelve French Open titles, four US Open titles, two Wimbledon titles and one Australian Open title, and won at least one Grand Slam every year for a record ten consecutive years (2005–2014).
8006:123145437843456::Thread-30 2020-08-09 18:59:59.404 - Nadal has won 85 career titles overall, including the most outdoor titles in the Open Era (83) and a record 59 titles on clay.
8005:123145437843456::Thread-30 2020-08-09 18:59:59.582 - She took on roles in the dramas Camp X-Ray and Still Alice (both 2014), and the science fiction romance Equals (2016).
8005:123145437843456::Thread-30 2020-08-09 19:00:00.227 - In 2015, she garnered critical acclaim for her performance in Olivier Assayas' drama film Clouds of Sils Maria, which won her the César Award for Best Supporting Actress.
8004:123145437843456::Thread-30 2020-08-09 19:00:01.042 - **START**
8004:123145437843456::Thread-30 2020-08-09 19:00:01.098 - Starting new HTTPS connection (1): en.wikipedia.org
8005:123145437843456::Thread-30 2020-08-09 19:00:01.273 - Stewart reunited with Assayas the following year in the supernatural thriller Personal Shopper (2016) and made her directorial debut with the 2017 short film Come Swim.
8006:123145437843456::Thread-30 2020-08-09 19:00:01.344 - With 81 consecutive wins on clay, Nadal holds the record for the longest single-surface win streak in the Open Era.
8004:123145437843456::Thread-30 2020-08-09 19:00:02.69 - Princess Margaret, Countess of Snowdon,  (Margaret Rose; 21 August 1930 – 9 February 2002) was the younger daughter of King George VI and Queen Elizabeth, and the only sibling of Queen Elizabeth II.
8005:123145437843456::Thread-30 2020-08-09 19:00:02.817 - She returned to mainstream Hollywood with leading roles in the action films Charlie's Angels (2019) and Underwater (2020).
8006:123145437843456::Thread-30 2020-08-09 19:00:03.324 - Nadal has been involved in five Davis Cup titles with Spain, and currently has a 29-win streak and 29–1 record in singles matches at the event.
8003:123145437843456::Thread-30 2020-08-09 19:00:03.435 - **START**
8004:123145437843456::Thread-30 2020-08-09 19:00:03.482 - Margaret spent much of her childhood with her parents and sister.
8003:123145437843456::Thread-30 2020-08-09 19:00:03.504 - Starting new HTTPS connection (1): en.wikipedia.org
8004:123145437843456::Thread-30 2020-08-09 19:00:04.209 - Her life changed dramatically at the age of six, when her paternal uncle, King Edward VIII, abdicated to marry divorcée Wallis Simpson.
8004:123145437843456::Thread-30 2020-08-09 19:00:05.106 - Margaret's father became king, and her sister became heir presumptive, with Margaret second in line to the throne.
8004:123145437843456::Thread-30 2020-08-09 19:00:05.144 - During the Second World War, the two sisters stayed at Windsor Castle despite suggestions to evacuate them to Canada.
8004:123145437843456::Thread-30 2020-08-09 19:00:05.393 - During the war years, Margaret was considered too young to perform any official duties and instead continued her education.
8003:123145437843456::Thread-30 2020-08-09 19:00:05.616 - Juventus Football Club (from Latin: iuventūs, "youth"; Italian pronunciation: [juˈvɛntus]), colloquially known as Juventus and Juve (pronounced [ˈjuːve]), is a professional football club based in Turin, Piedmont, Italy, that competes in the Serie A, the top flight of Italian football.
8006:123145437843456::Thread-30 2020-08-09 19:00:06.311 - In 2010, at the age of 24, he became the seventh male player and the youngest of five in the Open Era to achieve the singles Career Grand Slam.
8004:123145437843456::Thread-30 2020-08-09 19:00:06.314 - After the war, Margaret fell in love with Group Captain Peter Townsend.
8004:123145437843456::Thread-30 2020-08-09 19:00:06.806 - In 1952, her father died, her sister became queen, and Townsend divorced his wife, Rosemary.
8005:123145437843456::Thread-30 2020-08-09 19:00:06.819 - **END**
8004:123145437843456::Thread-30 2020-08-09 19:00:06.843 - He proposed to Margaret early the following year.
8004:123145437843456::Thread-30 2020-08-09 19:00:06.999 - Many in the government believed that he would be an unsuitable husband for the Queen's 22-year-old sister, and the Church of England refused to countenance marriage to a divorced man.
8003:123145437843456::Thread-30 2020-08-09 19:00:07.271 - Nicknamed I Bianconeri (The Black and Whites) or La Vecchia Signora (The Old Lady), the club was founded in 1897 by a group of students from Turin.
8004:123145437843456::Thread-30 2020-08-09 19:00:07.509 - Margaret eventually abandoned her plans with Townsend and married photographer Antony Armstrong-Jones in 1960; the Queen made him Earl of Snowdon.
8003:123145437843456::Thread-30 2020-08-09 19:00:08.6 - They have played home matches in grounds around its city, the latest being the 41,507-capacity Juventus Stadium since 2011.
8002:123145437843456::Thread-30 2020-08-09 19:00:09.365 - **START**
8002:123145437843456::Thread-30 2020-08-09 19:00:09.373 - Starting new HTTPS connection (1): en.wikipedia.org
8002:123145437843456::Thread-30 2020-08-09 19:00:10.508 - The Bible (from Koine Greek τὰ βιβλία, tà biblía, "the books") is a collection of religious texts or scriptures sacred to Christians, Jews, Samaritans, Rastafari and others.
8003:123145437843456::Thread-30 2020-08-09 19:00:10.567 - Juventus has won 36 official league titles, 13 Coppa Italia titles, and eight Supercoppa Italiana titles, being the record holder for all these competitions; two Intercontinental Cups, two European Cups / UEFA Champions Leagues, one European Cup Winners' Cup, a joint national record of three UEFA Cups, two UEFA Super Cups and a joint national record of one UEFA Intertoto Cup.
8002:123145437843456::Thread-30 2020-08-09 19:00:10.602 - They generally consider the Bible to be a product of divine inspiration and a record of the relationship between God and humans.
8002:123145437843456::Thread-30 2020-08-09 19:00:10.935 - The Bible appears in the form of an anthology, a compilation of texts of a variety of forms that are all linked by the belief that they collectively contain the word of God.
8002:123145437843456::Thread-30 2020-08-09 19:00:11.249 - These texts include theologically-focused historical accounts, hymns, parables, didactic letters, erotica, sermons, poetry, and prophecies.
8002:123145437843456::Thread-30 2020-08-09 19:00:11.833 - Those books included in the Bible by a tradition or group are called canonical, indicating that the tradition/group views the collection as the true representation of God's word and will.
8003:123145437843456::Thread-30 2020-08-09 19:00:11.924 - Consequently, the side leads the historical Federazione Italiana Giuoco Calcio (FIGC) ranking, whilst on the international stage occupies the 5th position in Europe and the eleventh in the world for most confederation titles won with eleven trophies, having led the UEFA ranking during seven seasons since its inception in 1979, the most for an Italian team and joint second overall.
8003:123145437843456::Thread-30 2020-08-09 19:00:12.477 - Founded with the name of Sport-Club Juventus, initially as an athletics club, it is the second oldest of its kind still active in the country after Genoa's football section (1893) and has competed uninterruptedly in the top flight league (reformulated as Serie A from 1929) since its debut in 1900 after changing its name to Foot-Ball Club Juventus, with the exception of the 2006–07 season, being managed by the industrial Agnelli family almost continuously since 1923.
8002:123145437843456::Thread-30 2020-08-09 19:00:12.489 - A number of Biblical canons have evolved, with overlapping and diverging contents from denomination to denomination.
8004:123145437843456::Thread-30 2020-08-09 19:00:12.512 - **END**
8002:123145437843456::Thread-30 2020-08-09 19:00:13.026 - The Hebrew Bible overlaps with the Greek Septuagint and the Christian Old Testament.
8003:123145437843456::Thread-30 2020-08-09 19:00:13.899 - The relationship between the club and that dynasty is the oldest and longest in national sports, making Juventus one of the first professional sporting clubs ante litteram in the country, having established itself as a major force in the national stage since the 1930s and at confederation level since the mid-1970s and becoming one of the first ten wealthiest in world football in terms of value, revenue and profit since the mid-1990s, being listed on the Borsa italiana since 2001.Under the management of Giovanni Trapattoni, the club won 13 trophies in the ten years before 1986, including six league titles and five international titles, and became the first to win all three seasonal competitions organised by the Union of European Football Associations: the 1976–77 UEFA Cup (first Southern European side to do so), the 1983–84 Cup Winners' Cup and the 1984–85 European Cup.
8002:123145437843456::Thread-30 2020-08-09 19:00:13.939 - The Christian New Testament is a collection of writings by early Christians, believed to be mostly Jewish disciples of Christ, written in first-century Koine Greek.
8002:123145437843456::Thread-30 2020-08-09 19:00:14.26 - Among Christian denominations there is some disagreement about what should be included in the canon, primarily about the biblical apocrypha, a list of works that are regarded with varying levels of respect.
8002:123145437843456::Thread-30 2020-08-09 19:00:15.201 - Attitudes towards the Bible also differ among Christian groups.
8006:123145437843456::Thread-30 2020-08-09 19:00:15.316 - **END**
8003:123145437843456::Thread-30 2020-08-09 19:00:15.682 - With successive triumphs in the 1984 European Super Cup and 1985 Intercontinental Cup, it became the first and thus far only in the world to complete a clean sweep of all confederation trophies; an achievement that they revalidated with the title won in the 1999 UEFA Intertoto Cup after another successful era led by Marcello Lippi, becoming in addition the only professional Italian club to have won every ongoing honour available to the first team and organised by a national or international football association.
8003:123145437843456::Thread-30 2020-08-09 19:00:16.032 - In December 2000, Juventus was ranked seventh in the FIFA's historic ranking of the best clubs in the world and nine years later was ranked second best club in Europe during the 20th Century based on a statistical study series by the International Federation of Football History & Statistics (IFFHS), the highest for an Italian club in both.The club's fan base is the largest at national level and one of the largest worldwide.
8003:123145437843456::Thread-30 2020-08-09 19:00:16.644 - Unlike most European sporting supporters' groups, which are often concentrated around their own club's city of origin, it is widespread throughout the whole country and the Italian diaspora, making Juventus a symbol of anticampanilismo ("anti-parochialism") and italianità ("Italianness").
8002:123145437843456::Thread-30 2020-08-09 19:00:17.205 - **END**
8003:123145437843456::Thread-30 2020-08-09 19:00:21.649 - **END**