8002:123145336885248::Thread-6 2020-08-09 18:59:27.281 - **START**
8002:123145336885248::Thread-6 2020-08-09 18:59:27.561 - Starting new HTTPS connection (1): en.wikipedia.org
8006:123145336885248::Thread-6 2020-08-09 18:59:28.219 - **START**
8006:123145336885248::Thread-6 2020-08-09 18:59:28.346 - Starting new HTTPS connection (1): en.wikipedia.org
8002:123145336885248::Thread-6 2020-08-09 18:59:29.097 - Lost is an American drama television series that originally aired on ABC from September 22, 2004, to May 23, 2010, over six seasons, comprising a total of 121 episodes.
8006:123145336885248::Thread-6 2020-08-09 18:59:29.645 - Japan (Japanese: 日本, Nippon [ɲippoꜜɴ] (listen) or Nihon [ɲihoꜜɴ] (listen)) is an island country of East Asia in the northwest Pacific Ocean.
8002:123145336885248::Thread-6 2020-08-09 18:59:29.67 - The show contains elements of supernatural and science fiction, and follows the survivors of a commercial jet airliner flying between Sydney and Los Angeles, after the plane crashes on a mysterious island somewhere in the South Pacific Ocean.
8006:123145336885248::Thread-6 2020-08-09 18:59:30.228 - It borders the Sea of Japan to the west and extends from the Sea of Okhotsk in the north to the East China Sea and Taiwan in the south.
8002:123145336885248::Thread-6 2020-08-09 18:59:31.382 - The story is told in a heavily serialized manner.
8002:123145336885248::Thread-6 2020-08-09 18:59:31.852 - Episodes typically feature a primary storyline set on the island, augmented by flashback or flashforward sequences which provide additional insight into the involved characters.
8006:123145336885248::Thread-6 2020-08-09 18:59:32.149 - Japan is part of the Pacific Ring of Fire and comprises an archipelago of 6,852 islands covering 377,975 square kilometers (145,937 sq mi); its five main islands, from north to south, are Hokkaido, Honshu, Shikoku, Kyushu, and Okinawa.
8005:123145336885248::Thread-6 2020-08-09 18:59:32.2 - **START**
8006:123145336885248::Thread-6 2020-08-09 18:59:32.754 - Tokyo is the country's capital and largest city; other major cities include Osaka and Nagoya.
8002:123145336885248::Thread-6 2020-08-09 18:59:32.984 - Lost was created by Jeffrey Lieber, J. J. Abrams and Damon Lindelof, who share story writing credits for the pilot episode, which Abrams directed.
8003:123145336885248::Thread-6 2020-08-09 18:59:33.223 - **START**
8005:123145336885248::Thread-6 2020-08-09 18:59:33.548 - Starting new HTTPS connection (1): en.wikipedia.org
8003:123145336885248::Thread-6 2020-08-09 18:59:34.111 - Starting new HTTPS connection (1): en.wikipedia.org
8006:123145336885248::Thread-6 2020-08-09 18:59:34.409 - Japan is the 11th most populous country in the world, as well as one of the most densely populated and urbanized.
8002:123145336885248::Thread-6 2020-08-09 18:59:34.676 - Throughout the show's run, Lindelof and Carlton Cuse served as showrunners and head writers, working together with many other executive producers and writers.
8006:123145336885248::Thread-6 2020-08-09 18:59:35.193 - About three-fourths of the country's terrain is mountainous, concentrating its population of 126.2 million on narrow coastal plains.
8002:123145336885248::Thread-6 2020-08-09 18:59:36.56 - Due to its large ensemble cast and the cost of filming primarily on location in Oahu, Hawaii, the series was one of the most expensive on television, with the pilot alone costing over $14 million.
8006:123145336885248::Thread-6 2020-08-09 18:59:36.733 - Japan is administratively divided into 47 prefectures and traditionally divided into eight regions.
8003:123145336885248::Thread-6 2020-08-09 18:59:37.113 - Istanbul (, also US: ; Turkish: İstanbul [isˈtanbuɫ] (listen)), formerly known as Byzantium and Constantinople, is the most populous city in Turkey and the country's economic, cultural and historic center.
8002:123145336885248::Thread-6 2020-08-09 18:59:37.4 - The fictional universe and mythology of Lost are expanded upon by a number of related media, most importantly, a series of short mini-episodes called Missing Pieces, and a 12-minute epilogue titled "The New Man in Charge".
8002:123145336885248::Thread-6 2020-08-09 18:59:38.154 - Lost has regularly been ranked by critics as one of the greatest television series of all time.
8004:123145336885248::Thread-6 2020-08-09 18:59:38.264 - **START**
8006:123145336885248::Thread-6 2020-08-09 18:59:38.305 - The Greater Tokyo Area is the most populous metropolitan area in the world, with more than 37.4 million residents.
8005:123145336885248::Thread-6 2020-08-09 18:59:38.625 - Isabela Moner (born July 10, 2001), also known as Isabela Merced, is an American actress and singer.
8003:123145336885248::Thread-6 2020-08-09 18:59:38.644 - Istanbul is a transcontinental city in Eurasia, straddling the Bosporus strait (which separates Europe and Asia) between the Sea of Marmara and the Black Sea.
8003:123145336885248::Thread-6 2020-08-09 18:59:38.958 - Its commercial and historical center lies on the European side and about a third of its population lives in suburbs on the Asian side of the Bosporus.
8002:123145336885248::Thread-6 2020-08-09 18:59:38.957 - The first season had an estimated average of 16 million viewers per episode on ABC.
8002:123145336885248::Thread-6 2020-08-09 18:59:39.313 - During its sixth and final season, the show averaged over 11 million U.S. viewers per episode.
8006:123145336885248::Thread-6 2020-08-09 18:59:39.773 - The islands of Japan were inhabited as early as the Upper Paleolithic period, though the first mentions of the archipelago appear in Chinese chronicles from the 1st century AD.
8005:123145336885248::Thread-6 2020-08-09 18:59:40.47 - She played the lead role of CJ Martin on the Nickelodeon television series 100 Things to Do Before High School.
8003:123145336885248::Thread-6 2020-08-09 18:59:40.698 - With a total population of around fifteen million residents in its metropolitan area, Istanbul is one of the world's largest cities by population, ranking as the world's fifteenth-largest city and the largest city in Europe.
8003:123145336885248::Thread-6 2020-08-09 18:59:40.758 - The city is the administrative centre of the Istanbul Metropolitan Municipality (coterminous with Istanbul Province).
8004:123145336885248::Thread-6 2020-08-09 18:59:41.022 - Starting new HTTPS connection (1): en.wikipedia.org
8002:123145336885248::Thread-6 2020-08-09 18:59:41.316 - **END**
8006:123145336885248::Thread-6 2020-08-09 18:59:41.459 - Between the 4th and 9th centuries, the kingdoms of Japan became unified under an emperor and imperial court based in Heian-kyō.
8003:123145336885248::Thread-6 2020-08-09 18:59:42.536 - Founded under the name of Byzantion (Βυζάντιον) on the Sarayburnu promontory around 660 BCE, the city grew in size and influence, becoming one of the most important cities in history.
8005:123145336885248::Thread-6 2020-08-09 18:59:42.751 - In film, she played Izabella in Transformers: The Last Knight (2017), Lizzy in Instant Family (2018), and Isabel in Sicario: Day of the Soldado (2018).
8006:123145336885248::Thread-6 2020-08-09 18:59:43.336 - Starting in the 12th century, however, political power was held by a series of military dictators (shōgun), feudal lords (daimyō), and a class of warrior nobility (samurai).
8004:123145336885248::Thread-6 2020-08-09 18:59:44.088 - Kayden Kross is an American pornographic actress, writer, and director.
8002:123145336885248::Thread-6 2020-08-09 18:59:44.317 - **START**
8002:123145336885248::Thread-6 2020-08-09 18:59:44.324 - Starting new HTTPS connection (1): en.wikipedia.org
8003:123145336885248::Thread-6 2020-08-09 18:59:44.341 - After its reestablishment as Constantinople in 330 CE, it served as an imperial capital for almost sixteen centuries, during the Roman/Byzantine (330–1204), Latin (1204–1261), Byzantine (1261–1453) and Ottoman (1453–1922) empires.
8004:123145336885248::Thread-6 2020-08-09 18:59:44.508 - Early life
Kross was born and raised in Sacramento, California.
8005:123145336885248::Thread-6 2020-08-09 18:59:45.076 - In 2019, Moner starred as the titular character of Dora in the film Dora and the Lost City of Gold.
8003:123145336885248::Thread-6 2020-08-09 18:59:45.172 - It was instrumental in the advancement of Christianity during Roman and Byzantine times, before the Ottomans conquered the city in 1453 CE and transformed it into an Islamic stronghold and the seat of the Ottoman Caliphate.
8004:123145336885248::Thread-6 2020-08-09 18:59:45.313 - She grew up in the foothills between Sacramento and Placerville.
8004:123145336885248::Thread-6 2020-08-09 18:59:46.252 - She is of mostly Swedish ancestry.
8003:123145336885248::Thread-6 2020-08-09 18:59:46.341 - Under the name Constantinople it was the Ottoman capital until 1923.
8004:123145336885248::Thread-6 2020-08-09 18:59:46.357 - She has described herself as "the book nerd" during her time as a high school student.
8002:123145336885248::Thread-6 2020-08-09 18:59:46.402 - Monaco ( (listen); French pronunciation: ​[mɔnako]), officially the Principality of Monaco (French: Principauté de Monaco), is a sovereign city-state, country, and microstate on the French Riviera in Western Europe.
8002:123145336885248::Thread-6 2020-08-09 18:59:46.906 - It is bordered by France to the north, east and west, and by the Mediterranean Sea to the south.
8004:123145336885248::Thread-6 2020-08-09 18:59:47.281 - Kross began stripping at Rick's Showgirls in Rancho Cordova, California when she was eighteen years old to earn extra money to rescue a pony from a slaughter house, which she kept for eight months.
8006:123145336885248::Thread-6 2020-08-09 18:59:47.337 - **END**
8004:123145336885248::Thread-6 2020-08-09 18:59:47.379 - She was later contacted by an agent, whose business relationship provided Kross with the opportunity of modeling in adult magazines.
8002:123145336885248::Thread-6 2020-08-09 18:59:47.622 - The principality is home to 38,682 residents and is widely recognised for being one of the most expensive and wealthiest places in the world.
8005:123145336885248::Thread-6 2020-08-09 18:59:47.882 - From 2014 to 2017, she provided the voice of Kate in Nickelodeon's animated television spinoff series Dora and Friends: Into the City!.
8003:123145336885248::Thread-6 2020-08-09 18:59:48.049 - The capital was then moved to Ankara and the city was renamed Istanbul.
8005:123145336885248::Thread-6 2020-08-09 18:59:48.109 - Early life and education
Isabela Moner was born in Cleveland, Ohio.
8004:123145336885248::Thread-6 2020-08-09 18:59:48.163 - Career
Her movies with Vivid included Kayden's First Time, Hard Time, and Be Here Now.
8005:123145336885248::Thread-6 2020-08-09 18:59:48.201 - She is the daughter of Katherine, who was born in Lima, Peru, and Patrick Moner, who was born in Louisiana.
8005:123145336885248::Thread-6 2020-08-09 18:59:48.932 - Moner has stated that Spanish was her first language, and she struggled with English when she first started grade school, adding that she considers herself more Peruvian than American.
8003:123145336885248::Thread-6 2020-08-09 18:59:49.05 - **END**
8004:123145336885248::Thread-6 2020-08-09 18:59:49.109 - Unhappy with the company, she became a free agent one year later when she did not renew her contract.
8002:123145336885248::Thread-6 2020-08-09 18:59:49.521 - The official language is French, although Monégasque, English and Italian are spoken and understood by a sizeable group.With an area of 2.1 km2 (0.81 sq mi), it is one of the smallest sovereign states in Europe and the second-smallest in the world, after the Vatican City.
8005:123145336885248::Thread-6 2020-08-09 18:59:49.644 - At age 15, Moner was accepted into college.
8004:123145336885248::Thread-6 2020-08-09 18:59:49.961 - She signed an exclusive contract with Adam & Eve after one month of being a free agent.
8002:123145336885248::Thread-6 2020-08-09 18:59:50.441 - Its 19,009 inhabitants per square kilometre (49,230/sq mi), make it the most densely-populated sovereign state in the world.
8005:123145336885248::Thread-6 2020-08-09 18:59:51.192 - Career
Moner has said that she wanted to be an actress from a very young age, inspired by movies featuring Shirley Temple and Judy Garland and starting in local community theatre at age 6.
8006:123145336885248::Thread-6 2020-08-09 18:59:51.339 - **START**
8006:123145336885248::Thread-6 2020-08-09 18:59:51.346 - Starting new HTTPS connection (1): en.wikipedia.org
8006:123145336885248::Thread-6 2020-08-09 18:59:51.973 - Adolf Hitler (German: [ˈadɔlf ˈhɪtlɐ] (listen); 20 April 1889 – 30 April 1945) was a German politician and leader of the Nazi Party (Nationalsozialistische Deutsche Arbeiterpartei; NSDAP).
8002:123145336885248::Thread-6 2020-08-09 18:59:52.361 - Monaco has a land border of 5.47 km (3.40 mi), the world's shortest coastline of approximately 3.83 km (2.38 mi), and a width that varies between 1,700 and 349 m (5,577 and 1,145 ft).
8006:123145336885248::Thread-6 2020-08-09 18:59:52.948 - He rose to power as the chancellor of Germany in 1933 and then as Führer in 1934.
8002:123145336885248::Thread-6 2020-08-09 18:59:52.969 - The highest point in the country is a narrow pathway named Chemin des Révoires on the slopes of Mont Agel, in the Les Révoires Ward, which is 161 metres (528 feet) above sea level.
8002:123145336885248::Thread-6 2020-08-09 18:59:53.482 - The principality is about 15 km (9.3 mi) from the state border with Italy.
8002:123145336885248::Thread-6 2020-08-09 18:59:53.525 - Its most populous Quartier is Monte Carlo and the most populous Ward is Larvotto/Bas Moulins.
8006:123145336885248::Thread-6 2020-08-09 18:59:53.824 - During his dictatorship from 1933 to 1945, he initiated World War II in Europe by invading Poland on 1 September 1939.
8003:123145336885248::Thread-6 2020-08-09 18:59:54.054 - **START**
8003:123145336885248::Thread-6 2020-08-09 18:59:54.061 - Starting new HTTPS connection (1): en.wikipedia.org
8006:123145336885248::Thread-6 2020-08-09 18:59:54.476 - He was closely involved in military operations throughout the war and was central to the perpetration of the Holocaust.
8006:123145336885248::Thread-6 2020-08-09 18:59:54.583 - Hitler was born in Austria—then part of Austria-Hungary—and was raised near Linz.
8002:123145336885248::Thread-6 2020-08-09 18:59:55.277 - Through land reclamation, Monaco's land mass has expanded by 20 percent.
8006:123145336885248::Thread-6 2020-08-09 18:59:55.385 - He moved to Germany in 1913 and was decorated during his service in the German Army in World War I.
8003:123145336885248::Thread-6 2020-08-09 18:59:55.943 - Mark Elliot Zuckerberg (; born May 14, 1984) is an American media magnate, internet entrepreneur, and philanthropist.
8004:123145336885248::Thread-6 2020-08-09 18:59:55.982 - **END**
8005:123145336885248::Thread-6 2020-08-09 18:59:56.195 - **END**
8006:123145336885248::Thread-6 2020-08-09 18:59:56.311 - In 1919, he joined the German Workers' Party (DAP), the precursor of the NSDAP, and was appointed leader of the NSDAP in 1921.
8006:123145336885248::Thread-6 2020-08-09 18:59:56.373 - In 1923, he attempted to seize power in a failed coup in Munich and was imprisoned.
8006:123145336885248::Thread-6 2020-08-09 18:59:56.515 - In jail, he dictated the first volume of his autobiography and political manifesto Mein Kampf ("My Struggle").
8006:123145336885248::Thread-6 2020-08-09 18:59:57.501 - After his release in 1924, Hitler gained popular support by attacking the Treaty of Versailles and promoting Pan-Germanism, anti-semitism and anti-communism with charismatic oratory and Nazi propaganda.
8006:123145336885248::Thread-6 2020-08-09 18:59:57.556 - He frequently denounced international capitalism and communism as part of a Jewish conspiracy.
8003:123145336885248::Thread-6 2020-08-09 18:59:58.649 - He is known for co-founding Facebook, Inc. and serves as its chairman, chief executive officer, and controlling shareholder.
8003:123145336885248::Thread-6 2020-08-09 18:59:59.154 - He also is a co-founder of the solar sail spacecraft development project Breakthrough Starshot and serves as one of its board members.Born in White Plains, New York, Zuckerberg attended Harvard University, where he launched the Facebook social networking service from his dormitory room on February 4, 2004, with college roommates Eduardo Saverin, Andrew McCollum, Dustin Moskovitz, and Chris Hughes.
8005:123145336885248::Thread-6 2020-08-09 18:59:59.198 - **START**
8005:123145336885248::Thread-6 2020-08-09 18:59:59.326 - Starting new HTTPS connection (1): en.wikipedia.org
8005:123145336885248::Thread-6 2020-08-09 18:59:59.931 - **END**
8003:123145336885248::Thread-6 2020-08-09 19:00:01.0 - Originally launched to select college campuses, the site expanded rapidly and eventually beyond colleges, reaching one billion users by 2012.
8003:123145336885248::Thread-6 2020-08-09 19:00:01.308 - Zuckerberg took the company public in May 2012 with majority shares.
8003:123145336885248::Thread-6 2020-08-09 19:00:01.431 - In 2007, at age 23, he became the world's youngest self-made billionaire.
8003:123145336885248::Thread-6 2020-08-09 19:00:02.11 - As of August 8th, 2020, Zuckerberg’s net worth was estimated at $98.6 billion and he is listed by Forbes as the 4th-richest person in the world.
8003:123145336885248::Thread-6 2020-08-09 19:00:03.315 - As of 2019, he is the only person under 50 in the Forbes ten richest people list, and the only one under 40 in the Top 20 Billionaires list.Since 2010, Time magazine has named Zuckerberg among the 100 wealthiest and most influential people in the world as a part of its Person of the Year award.
8003:123145336885248::Thread-6 2020-08-09 19:00:03.609 - In December 2016, Zuckerberg was ranked 10th on Forbes list of The World's Most Powerful People.
8002:123145336885248::Thread-6 2020-08-09 19:00:04.288 - **END**
8004:123145336885248::Thread-6 2020-08-09 19:00:04.985 - **START**
8004:123145336885248::Thread-6 2020-08-09 19:00:04.992 - Starting new HTTPS connection (1): en.wikipedia.org
8004:123145336885248::Thread-6 2020-08-09 19:00:06.018 - Marco Polo ( (listen), Venetian: [ˈmaɾko ˈpolo], Italian: [ˈmarko ˈpɔːlo]; 1254 – January 8–9, 1324) was  a Venetian merchant, explorer, and writer who travelled through Asia along the Silk Road between 1271 and 1295.
8006:123145336885248::Thread-6 2020-08-09 19:00:06.558 - **END**
8004:123145336885248::Thread-6 2020-08-09 19:00:07.048 - His travels are recorded in The Travels of Marco Polo (also known as Book of the Marvels of the World  and Il Milione, c. 1300), a book that described to Europeans the then mysterious culture and inner workings of the Eastern world, including the wealth and great size of the Mongol Empire and China in the Yuan Dynasty, giving their first comprehensive look into China, Persia, India, Japan and other Asian cities and countries.Born in Venice, Marco learned the mercantile trade from his father and his uncle, Niccolò and Maffeo, who travelled through Asia and met Kublai Khan.
8004:123145336885248::Thread-6 2020-08-09 19:00:07.261 - In 1269, they returned to Venice to meet Marco for the first time.
8004:123145336885248::Thread-6 2020-08-09 19:00:08.291 - The three of them embarked on an epic journey to Asia, exploring many places along the Silk Road until they reached Cathay (China).
8003:123145336885248::Thread-6 2020-08-09 19:00:09.615 - **END**
8004:123145336885248::Thread-6 2020-08-09 19:00:09.755 - They were received by the royal court of Kublai Khan, who was impressed by Marco's intelligence and humility.
8005:123145336885248::Thread-6 2020-08-09 19:00:09.94 - **START**
8005:123145336885248::Thread-6 2020-08-09 19:00:09.944 - Starting new HTTPS connection (1): en.wikipedia.org
8005:123145336885248::Thread-6 2020-08-09 19:00:10.635 - The Italy national football team (Italian: Nazionale di calcio dell'Italia) has officially represented Italy in international football since their first match in 1910.
8005:123145336885248::Thread-6 2020-08-09 19:00:11.076 - The squad is under the global jurisdiction of FIFA and is governed in Europe by UEFA—the latter of which was co-founded by the Italian team's supervising body, the Italian Football Federation (FIGC).
8004:123145336885248::Thread-6 2020-08-09 19:00:11.583 - Marco was appointed to serve as Khan's foreign emissary, and he was sent on many diplomatic missions throughout the empire and Southeast Asia, such as in present-day Burma, India, Indonesia, Sri Lanka and Vietnam.
8005:123145336885248::Thread-6 2020-08-09 19:00:11.599 - Italy's home matches are played at various stadiums throughout Italy, and their primary training ground, Centro Tecnico Federale di Coverciano, is located at the FIGC technical headquarters in Coverciano, Florence.
8005:123145336885248::Thread-6 2020-08-09 19:00:11.799 - Italy is one of the most successful national teams in the history of the World Cup, having won four titles (1934, 1938, 1982, 2006) and appearing in two other finals (1970, 1994), reaching a third place (1990) and a fourth place (1978).
8004:123145336885248::Thread-6 2020-08-09 19:00:12.106 - As part of this appointment, Marco also traveled extensively inside China, living in the emperor's lands for 17 years and seeing many things that had previously been unknown to Europeans.
8004:123145336885248::Thread-6 2020-08-09 19:00:12.663 - Around 1291, the Polos also offered to accompany the Mongol princess Kököchin to Persia; they arrived around 1293.
8005:123145336885248::Thread-6 2020-08-09 19:00:13.342 - In 1938, they became the first team to defend their World Cup title, and due to the outbreak of World War II, retained the title for a further 12 years.
8005:123145336885248::Thread-6 2020-08-09 19:00:13.357 - Italy had also previously won two Central European International Cups (1927–30, 1933–35).
8004:123145336885248::Thread-6 2020-08-09 19:00:13.59 - After leaving the princess, they travelled overland to Constantinople and then to Venice, returning home after 24 years.
8005:123145336885248::Thread-6 2020-08-09 19:00:13.707 - Between its first two World Cup victories, Italy won the Olympic football tournament (1936).
8004:123145336885248::Thread-6 2020-08-09 19:00:14.595 - **END**
8005:123145336885248::Thread-6 2020-08-09 19:00:15.443 - After the majority of the team was killed in a plane crash in 1949, the team did not advance past the group stage of the following two World Cup tournaments, and also failed to qualify for the 1958 edition—failure to qualify for the World Cup would not happen again until the 2018 edition.
8005:123145336885248::Thread-6 2020-08-09 19:00:16.339 - Italy returned to form by 1968, winning a European Championship (1968), and after a period of alternating unsuccessful qualification rounds in Europe, later appeared in two other finals (2000, 2012).
8005:123145336885248::Thread-6 2020-08-09 19:00:18.159 - Italy's highest finish at the FIFA Confederations Cup was in 2013, where the squad achieved a third-place finish.
8005:123145336885248::Thread-6 2020-08-09 19:00:27.163 - **END**