8005:123145736511488::Thread-101 2020-08-09 18:59:26.212 - **START**
8005:123145736511488::Thread-101 2020-08-09 18:59:26.219 - Starting new HTTPS connection (1): en.wikipedia.org
8005:123145736511488::Thread-101 2020-08-09 18:59:27.228 - The Panama Canal (Spanish: Canal de Panamá) is an artificial 82 km (51 mi) waterway in Panama that connects the Atlantic Ocean with the Pacific Ocean.
8005:123145736511488::Thread-101 2020-08-09 18:59:27.259 - The canal cuts across the Isthmus of Panama and is a conduit for maritime trade.
8005:123145736511488::Thread-101 2020-08-09 18:59:28.09 - Canal locks are at each end to lift ships up to Gatun Lake, an artificial lake created to reduce the amount of excavation work required for the canal, 26 m (85 ft) above sea level, and then lower the ships at the other end.
8002:123145736511488::Thread-101 2020-08-09 18:59:28.345 - **START**
8002:123145736511488::Thread-101 2020-08-09 18:59:28.421 - Starting new HTTPS connection (1): en.wikipedia.org
8005:123145736511488::Thread-101 2020-08-09 18:59:28.751 - The original locks are 32.5 m (110 ft) wide.
8005:123145736511488::Thread-101 2020-08-09 18:59:28.929 - A third, wider lane of locks was constructed between September 2007 and May 2016.
8005:123145736511488::Thread-101 2020-08-09 18:59:29.113 - The expanded canal began commercial operation on June 26, 2016.
8005:123145736511488::Thread-101 2020-08-09 18:59:29.706 - The new locks allow transit of larger, neo-Panamax ships, capable of handling more cargo.France began work on the canal in 1881, but stopped because of engineering problems and a high worker mortality rate.
8004:123145736511488::Thread-101 2020-08-09 18:59:30.215 - **START**
8005:123145736511488::Thread-101 2020-08-09 18:59:30.311 - The United States took over the project in 1904 and opened the canal on August 15, 1914.
8005:123145736511488::Thread-101 2020-08-09 18:59:30.32 - One of the largest and most difficult engineering projects ever undertaken, the Panama Canal shortcut greatly reduced the time for ships to travel between the Atlantic and Pacific oceans, enabling them to avoid the lengthy, hazardous Cape Horn route around the southernmost tip of South America via the Drake Passage or Strait of Magellan and the even less popular route through the Arctic Archipelago and the Bering Strait.
8005:123145736511488::Thread-101 2020-08-09 18:59:30.365 - Colombia, France, and later the United States controlled the territory surrounding the canal during construction.
8002:123145736511488::Thread-101 2020-08-09 18:59:30.781 - Italy (Italian: Italia [iˈtaːlja] (listen)), officially the Italian Republic (Italian: Repubblica Italiana [reˈpubblika itaˈljaːna]),  is a sovereign country consisting of a peninsula delimited by the Alps and surrounded by several islands.
8004:123145736511488::Thread-101 2020-08-09 18:59:30.828 - Starting new HTTPS connection (1): en.wikipedia.org
8002:123145736511488::Thread-101 2020-08-09 18:59:30.98 - Italy is located in south-central Europe, and is considered part of western Europe.
8002:123145736511488::Thread-101 2020-08-09 18:59:31.063 - A unitary parliamentary republic with Rome as its capital, the country covers a total area of 301,340 km2 (116,350 sq mi) and shares land borders with France, Switzerland, Austria, Slovenia, and the enclaved microstates of Vatican City and San Marino.
8002:123145736511488::Thread-101 2020-08-09 18:59:31.334 - Italy has a territorial exclave in Switzerland (Campione) and a maritime exclave in Tunisian waters (Lampedusa).
8002:123145736511488::Thread-101 2020-08-09 18:59:31.576 - With around 60 million inhabitants, Italy is the third-most populous member state of the European Union.
8002:123145736511488::Thread-101 2020-08-09 18:59:31.877 - Due to its central geographic location in Southern Europe and the Mediterranean, Italy has historically been home to myriad peoples and cultures.
8005:123145736511488::Thread-101 2020-08-09 18:59:32.381 - **END**
8002:123145736511488::Thread-101 2020-08-09 18:59:32.661 - In addition to the various ancient peoples dispersed throughout what is now modern-day Italy, the most predominant being the Indo-European Italic peoples who gave the peninsula its name, beginning from the classical era, Phoenicians and Carthaginians founded colonies mostly in insular Italy, Greeks established settlements in the so-called Magna Graecia of Southern Italy, while Etruscans and Celts inhabited central and northern Italy respectively.
8004:123145736511488::Thread-101 2020-08-09 18:59:32.693 - AMGTV is an American family-oriented television network featuring television programming consisting of drama, sports, movies, entertainment, how-to, hunting and fishing, children's shows, and other features, much of it repackaged from off-network and first-run syndication.
8004:123145736511488::Thread-101 2020-08-09 18:59:32.912 - The network is owned by the American company Access Media Group.
8004:123145736511488::Thread-101 2020-08-09 18:59:33.067 - AMGTV provides programming to television stations in the United States.
8004:123145736511488::Thread-101 2020-08-09 18:59:33.32 - AMGTV also syndicates several movie packages and music specials to stations outside their affiliate base.
8002:123145736511488::Thread-101 2020-08-09 18:59:33.323 - An Italic tribe known as the Latins formed the Roman Kingdom in the 8th century BC, which eventually became a republic with a government of the Senate and the People.
8002:123145736511488::Thread-101 2020-08-09 18:59:33.787 - The Roman Republic initially conquered and assimilated its neighbours on the Italian peninsula, eventually expanding and conquering parts of Europe, North Africa and  Asia.
8004:123145736511488::Thread-101 2020-08-09 18:59:34.198 - The president of AMGTV is Terry Elaqua.
8003:123145736511488::Thread-101 2020-08-09 18:59:34.286 - **START**
8002:123145736511488::Thread-101 2020-08-09 18:59:34.391 - By the first century BC, the Roman Empire emerged as the dominant power in the Mediterranean Basin and became a leading cultural, political and religious centre, inaugurating the Pax Romana, a period of more than 200 years during which Italy's law, technology, economy, art, and literature developed.
8004:123145736511488::Thread-101 2020-08-09 18:59:34.817 - Programming


Scripted programming
Leverage
Sanctuary


Entertainment
Animal Rescue
Celebrity Page
Forensic Files
Judge Faith
The Balancing Act
The Hollywood News Report
Pawn Stars
Impractical Jokers
Cheaters
TAKE A LOOK


Former


Sports
On October 10, 2010 the American Indoor Football Association (AIFA) announced that AMGTV has agreed to air games from the upcoming 2011 AIFA West season.
8004:123145736511488::Thread-101 2020-08-09 18:59:34.922 - They had previously carried the 2010 season, prior to when the league split.
8003:123145736511488::Thread-101 2020-08-09 18:59:35.042 - Starting new HTTPS connection (1): en.wikipedia.org
8004:123145736511488::Thread-101 2020-08-09 18:59:35.149 - The AIFA West ceased operations January 2011; neither the league nor the network have indicated whether the deal is valid for the 2012 revival of the league.
8004:123145736511488::Thread-101 2020-08-09 18:59:35.748 - AIFA's successor, American Indoor Football, folded in 2017.
8002:123145736511488::Thread-101 2020-08-09 18:59:37.498 - **END**
8003:123145736511488::Thread-101 2020-08-09 18:59:38.45 - Toronto is the capital city of the Canadian province of Ontario.
8003:123145736511488::Thread-101 2020-08-09 18:59:38.599 - With a recorded population of 2,731,571 in 2016, it is the most populous city in Canada and the fourth most populous city in North America.
8003:123145736511488::Thread-101 2020-08-09 18:59:38.821 - The city is the anchor of the Golden Horseshoe, an urban agglomeration of 9,245,438 people (as of 2016) surrounding the western end of Lake Ontario, while the Greater Toronto Area (GTA) proper had a 2016 population of 6,417,516.
8003:123145736511488::Thread-101 2020-08-09 18:59:39.24 - Toronto is an international centre of business, finance, arts, and culture, and is recognized as one of the most multicultural and cosmopolitan cities in the world.People have travelled through and inhabited the Toronto area, located on a broad sloping plateau interspersed with rivers, deep ravines, and urban forest, for more than 10,000 years.
8003:123145736511488::Thread-101 2020-08-09 18:59:39.243 - After the broadly disputed Toronto Purchase, when the Mississauga surrendered the area to the British Crown, the British established the town of York in 1793 and later designated it as the capital of Upper Canada.
8006:123145736511488::Thread-101 2020-08-09 18:59:39.254 - **START**
8003:123145736511488::Thread-101 2020-08-09 18:59:39.405 - During the War of 1812, the town was the site of the Battle of York and suffered heavy damage by American troops.
8003:123145736511488::Thread-101 2020-08-09 18:59:39.576 - York was renamed and incorporated in 1834 as the city of Toronto.
8003:123145736511488::Thread-101 2020-08-09 18:59:39.964 - It was designated as the capital of the province of Ontario in 1867 during Canadian Confederation.
8003:123145736511488::Thread-101 2020-08-09 18:59:40.681 - The city proper has since expanded past its original borders through both annexation and amalgamation to its current area of 630.2 km2 (243.3 sq mi).
8006:123145736511488::Thread-101 2020-08-09 18:59:40.791 - Starting new HTTPS connection (1): en.wikipedia.org
8003:123145736511488::Thread-101 2020-08-09 18:59:40.996 - The diverse population of Toronto reflects its current and historical role as an important destination for immigrants to Canada.
8004:123145736511488::Thread-101 2020-08-09 18:59:41.75 - **END**
8006:123145736511488::Thread-101 2020-08-09 18:59:42.885 - Mackenzie Christine Foy (born November 10, 2000) is an American actress and model.
8005:123145736511488::Thread-101 2020-08-09 18:59:43.388 - **START**
8005:123145736511488::Thread-101 2020-08-09 18:59:43.396 - Starting new HTTPS connection (1): en.wikipedia.org
8006:123145736511488::Thread-101 2020-08-09 18:59:43.428 - She is known for portraying Renesmee Cullen in the 2012 film The Twilight Saga: Breaking Dawn – Part 2, which earned her a Young Artist Award nomination as Best Supporting Young Actress in a Feature Film; as the young Murphy in the 2014 space epic Interstellar, for which she received a Saturn Award for Best Performance by a Younger Actor among other awards nominations; and as Clara in Disney's The Nutcracker and the Four Realms.
8006:123145736511488::Thread-101 2020-08-09 18:59:44.426 - Early life
Foy was born on November 10, 2000.
8003:123145736511488::Thread-101 2020-08-09 18:59:44.998 - **END**
8006:123145736511488::Thread-101 2020-08-09 18:59:46.193 - She was born and raised in Los Angeles.
8005:123145736511488::Thread-101 2020-08-09 18:59:47.407 - Switzerland, officially the Swiss Confederation, is a country situated in the confluence of Western, Central, and Southern Europe.
8006:123145736511488::Thread-101 2020-08-09 18:59:47.5 - Her father, a truck driver, and mother, a homemaker, had no connections to the film industry.
8005:123145736511488::Thread-101 2020-08-09 18:59:47.957 - It is a federal republic composed of 26 cantons, with federal authorities based in Bern.
8006:123145736511488::Thread-101 2020-08-09 18:59:49.329 - Foy began modeling at age 3, and started acting at age 9.
8005:123145736511488::Thread-101 2020-08-09 18:59:50.486 - Switzerland is a landlocked country bordered by Italy to the south, France to the west, Germany to the north, and Austria and Liechtenstein to the east.
8006:123145736511488::Thread-101 2020-08-09 18:59:51.257 - Career
Foy began modeling in print ads in 2004, working for Garnet Hill, Polo Ralph Lauren and Guess.
8002:123145736511488::Thread-101 2020-08-09 18:59:51.504 - **START**
8002:123145736511488::Thread-101 2020-08-09 18:59:51.511 - Starting new HTTPS connection (1): en.wikipedia.org
8005:123145736511488::Thread-101 2020-08-09 18:59:51.676 - It is geographically divided among the Swiss Plateau, the Alps, and the Jura, spanning a total area of 41,285 km2 (15,940 sq mi), and land area of 39,997 km2 (15,443 sq mi).
8003:123145736511488::Thread-101 2020-08-09 18:59:52.004 - **START**
8003:123145736511488::Thread-101 2020-08-09 18:59:52.009 - Starting new HTTPS connection (1): en.wikipedia.org
8005:123145736511488::Thread-101 2020-08-09 18:59:52.282 - While the Alps occupy the greater part of the territory, the Swiss population of approximately 8.5 million is concentrated mostly on the plateau, where the largest cities and economic centres are located, among them Zürich, Geneva and Basel, where multiple international organisations are domiciled (such as FIFA, the UN's second-largest Office, and the Bank for International Settlements) and where the main international airports of Switzerland are.
8006:123145736511488::Thread-101 2020-08-09 18:59:52.649 - From there, she modeled for companies such as The Walt Disney Company, Mattel and Gap.Foy's acting career began when she was nine years old, when she guest-starred in television shows such as 'Til Death, FlashForward and Hawaii Five-0.
8005:123145736511488::Thread-101 2020-08-09 18:59:52.965 - The establishment of the Old Swiss Confederacy dates to the late medieval period, resulting from a series of military successes against Austria and Burgundy.
8002:123145736511488::Thread-101 2020-08-09 18:59:53.145 - N.W.A (an abbreviation for Niggaz Wit Attitudes) was an American hip hop group from Compton, California.
8005:123145736511488::Thread-101 2020-08-09 18:59:53.682 - Swiss independence from the Holy Roman Empire was formally recognized in the Peace of Westphalia in 1648.
8004:123145736511488::Thread-101 2020-08-09 18:59:53.756 - **START**
8004:123145736511488::Thread-101 2020-08-09 18:59:53.778 - Starting new HTTPS connection (1): en.wikipedia.org
8003:123145736511488::Thread-101 2020-08-09 18:59:54.051 - The Walt Disney World Resort, also called Walt Disney World and Disney World, is an entertainment complex in Bay Lake and Lake Buena Vista, Florida, in the United States, near the cities of Orlando and Kissimmee.
8003:123145736511488::Thread-101 2020-08-09 18:59:54.058 - Opened on October 1, 1971, the resort is owned and operated by Disney Parks, Experiences and Products, a division of The Walt Disney Company.
8006:123145736511488::Thread-101 2020-08-09 18:59:54.198 - In 2010, she was cast as Renesmee Cullen in the film adaptation of Stephenie Meyer's book Breaking Dawn, the fourth and final novel in the Twilight saga series.
8002:123145736511488::Thread-101 2020-08-09 18:59:54.308 - They were among the earliest and most significant popularizers and controversial figures of the gangsta rap subgenre, and are widely considered one of the greatest and most influential groups in the history of hip hop music.Active from 1987 to 1991, the rap group endured controversy owing to their music's explicit lyrics which many viewed as being misogynist, as well as to its glorification of drugs and crime.
8005:123145736511488::Thread-101 2020-08-09 18:59:54.342 - The Federal Charter of 1291 is considered the founding document of Switzerland which is celebrated on Swiss National Day.
8006:123145736511488::Thread-101 2020-08-09 18:59:54.589 - The first movie, The Twilight Saga: Breaking Dawn – Part 1, in which Renesmee is shown only in a flash forward, was released on November 18, 2011, while the second, The Twilight Saga: Breaking Dawn – Part 2, on November 16, 2012.
8003:123145736511488::Thread-101 2020-08-09 18:59:54.8 - It was first operated by Walt Disney World Company.
8002:123145736511488::Thread-101 2020-08-09 18:59:54.943 - The group was subsequently banned from many mainstream American radio stations.
8003:123145736511488::Thread-101 2020-08-09 18:59:56.205 - The property covers nearly 25,000 acres (39 sq mi; 101 km2), of which only half has been used.
8003:123145736511488::Thread-101 2020-08-09 18:59:56.249 - The resort comprises four theme parks (consisting of Magic Kingdom, Epcot, Disney's Hollywood Studios, and Disney's Animal Kingdom), two water parks, 27 themed resort hotels, nine non-Disney hotels, several golf courses, a camping resort, and other entertainment venues, including the outdoor shopping center Disney Springs.
8003:123145736511488::Thread-101 2020-08-09 18:59:56.691 - Designed to supplement Disneyland in Anaheim, California, which had opened in 1955, the complex was developed by Walt Disney in the 1960s.
8003:123145736511488::Thread-101 2020-08-09 18:59:56.752 - "The Florida Project", as it was known, was intended to present a distinct vision with its own diverse set of attractions.
8002:123145736511488::Thread-101 2020-08-09 18:59:56.805 - In spite of this, the group has sold over 10 million units in the United States alone.
8005:123145736511488::Thread-101 2020-08-09 18:59:57.024 - Since the Reformation of the 16th century, Switzerland has maintained a strong policy of armed neutrality; it has not fought an international war since 1815 and did not join the United Nations until 2002.
8003:123145736511488::Thread-101 2020-08-09 18:59:57.272 - Walt Disney's original plans also called for the inclusion of an "Experimental Prototype Community of Tomorrow" (EPCOT), a planned community intended to serve as a test bed for new city-living innovations.
8004:123145736511488::Thread-101 2020-08-09 18:59:57.419 - The Spain national football team (Spanish: Selección Española de Fútbol) has represented Spain in international men's football competition since 1920.
8002:123145736511488::Thread-101 2020-08-09 18:59:57.523 - Drawing on their own experiences of racism and excessive policing, the group made inherently political music.
8004:123145736511488::Thread-101 2020-08-09 18:59:57.782 - It is governed by the Royal Spanish Football Federation, the governing body for football in Spain.
8002:123145736511488::Thread-101 2020-08-09 18:59:58.5 - They were known for their deep hatred of the police system, which has sparked much controversy over the years.
8003:123145736511488::Thread-101 2020-08-09 18:59:58.947 - Walt Disney died on December 15, 1966, during the initial planning of the complex.
8003:123145736511488::Thread-101 2020-08-09 18:59:59.111 - After his death, the company wrestled with the idea of whether to bring the Disneyworld project to fruition.
8005:123145736511488::Thread-101 2020-08-09 18:59:59.563 - Nevertheless, it pursues an active foreign policy and is frequently involved in peace-building processes around the world.
8006:123145736511488::Thread-101 2020-08-09 18:59:59.591 - **END**
8002:123145736511488::Thread-101 2020-08-09 19:00:00.398 - The original lineup, formed in early 1987, consisted of Arabian Prince, Dr. Dre, Eazy-E, and Ice Cube.
8004:123145736511488::Thread-101 2020-08-09 19:00:00.681 - Spain are one of the eight national teams to have been crowned worldwide champions, having participated in a total of 15 of 21 FIFA World Cups and qualifying consistently since 1978.
8002:123145736511488::Thread-101 2020-08-09 19:00:02.28 - DJ Yella and MC Ren joined later that year.
8004:123145736511488::Thread-101 2020-08-09 19:00:02.661 - Spain has also won three continental titles, having appeared at 10 of 15 UEFA European Championships.
8003:123145736511488::Thread-101 2020-08-09 19:00:03.115 - **END**
8005:123145736511488::Thread-101 2020-08-09 19:00:03.567 - **END**
8002:123145736511488::Thread-101 2020-08-09 19:00:04.133 - They released their first compilation album as a group in 1987 called N.W.A.
8004:123145736511488::Thread-101 2020-08-09 19:00:04.837 - Spain became the first European team to win a FIFA World Cup outside of Europe, having won the 2010 tournament in South Africa, as well as having won back-to-back European titles in Euro 2008 and Euro 2012, defeating Germany and Italy in the respective finals, making them the only national team with three consecutive major titles.
8002:123145736511488::Thread-101 2020-08-09 19:00:05.418 - and the Posse, which peaked at #39 on Billboard magazine's Top R&B/Hip-Hop Albums chart.
8004:123145736511488::Thread-101 2020-08-09 19:00:07.265 - Because of this, from 2008 to 2013, the national team won the FIFA Team of the Year, the second-most of any nation, behind only Brazil.
8004:123145736511488::Thread-101 2020-08-09 19:00:10.25 - Also between February 2007 and June 2009, Spain went undefeated for a record-equalling 35 consecutive matches, a record shared with Brazil.
8004:123145736511488::Thread-101 2020-08-09 19:00:13.09 - Their achievements have led many experts and commentators to consider the 2008–2012 Spanish squads, among the best ever international sides in world football.
8004:123145736511488::Thread-101 2020-08-09 19:00:14.069 - History

Spain has been a member of FIFA since FIFA's foundation in 1904, even though the Spanish Football Federation was first established in 1909.
8002:123145736511488::Thread-101 2020-08-09 19:00:14.421 - **END**
8004:123145736511488::Thread-101 2020-08-09 19:00:14.527 - The first Spain national football team was constituted in 1920, with the main objective of finding a team that would represent Spain at the Summer Olympics held in Belgium in that same year.
8004:123145736511488::Thread-101 2020-08-09 19:00:22.529 - **END**