8004:123145408397312::Thread-23 2020-08-09 18:59:28.198 - **START**
8002:123145408397312::Thread-23 2020-08-09 18:59:28.291 - **START**
8004:123145408397312::Thread-23 2020-08-09 18:59:28.369 - Starting new HTTPS connection (1): en.wikipedia.org
8002:123145408397312::Thread-23 2020-08-09 18:59:28.416 - Starting new HTTPS connection (1): en.wikipedia.org
8006:123145408397312::Thread-23 2020-08-09 18:59:29.238 - **START**
8006:123145408397312::Thread-23 2020-08-09 18:59:29.539 - Starting new HTTPS connection (1): en.wikipedia.org
8004:123145408397312::Thread-23 2020-08-09 18:59:29.88 - Conor Anthony McGregor (Irish: Conchúr Antóin Mac Gréagóir; born 14 July 1988) is an Irish retired professional mixed martial artist and boxer.
8002:123145408397312::Thread-23 2020-08-09 18:59:30.584 - Avatar (marketed as James Cameron's Avatar) is a 2009 American epic science fiction film directed, written, produced, and co-edited by James Cameron and stars Sam Worthington, Zoe Saldana, Stephen Lang, Michelle Rodriguez, and Sigourney Weaver.
8004:123145408397312::Thread-23 2020-08-09 18:59:30.988 - He is a former Ultimate Fighting Championship (UFC) featherweight and lightweight champion.
8002:123145408397312::Thread-23 2020-08-09 18:59:31.26 - The film is set in the mid-22nd century when humans are colonizing Pandora, a lush habitable moon of a gas giant in the Alpha Centauri star system, in order to mine the mineral unobtanium, a room-temperature superconductor.
8002:123145408397312::Thread-23 2020-08-09 18:59:32.201 - The expansion of the mining colony threatens the continued existence of a local tribe of Na'vi – a humanoid species indigenous to Pandora.
8005:123145408397312::Thread-23 2020-08-09 18:59:32.207 - **START**
8006:123145408397312::Thread-23 2020-08-09 18:59:32.416 - Fearless is the second studio album by American singer-songwriter Taylor Swift.
8004:123145408397312::Thread-23 2020-08-09 18:59:32.488 - As of July 14, 2020, he is #10 in the UFC men's pound-for-pound rankings and #4 in the UFC lightweight rankings.McGregor is a former Cage Warriors featherweight and lightweight champion.
8004:123145408397312::Thread-23 2020-08-09 18:59:32.579 - In 2015, at UFC 194, he defeated José Aldo for the UFC Featherweight Championship via knockout 13 seconds into the first round, which is the fastest victory in UFC title fight history.
8006:123145408397312::Thread-23 2020-08-09 18:59:32.629 - The album was released on November 11, 2008, by Big Machine Records.
8006:123145408397312::Thread-23 2020-08-09 18:59:33.243 - Swift wrote most of the songs during the time when she was promoting her self-titled debut studio album performing as an opening act for other country artists.
8005:123145408397312::Thread-23 2020-08-09 18:59:33.546 - Starting new HTTPS connection (1): en.wikipedia.org
8004:123145408397312::Thread-23 2020-08-09 18:59:34.468 - Upon defeating Eddie Alvarez for the UFC Lightweight Championship at UFC 205, McGregor became the first fighter in UFC history to hold titles in two weight divisions simultaneously.In his debut boxing match, he was defeated by Floyd Mayweather Jr.
8002:123145408397312::Thread-23 2020-08-09 18:59:35.072 - The film's title refers to a genetically engineered Na'vi body operated from the brain of a remotely located human that is used to interact with the natives of Pandora.Development of Avatar began in 1994, when Cameron wrote an 80-page treatment for the film.
8004:123145408397312::Thread-23 2020-08-09 18:59:35.18 - He is the biggest pay-per-view (PPV) draw in MMA history, having headlined five out of the six highest-selling UFC pay-per-view events.
8006:123145408397312::Thread-23 2020-08-09 18:59:35.521 - Of the 13 tracks on the standard edition, eight were solely written by Swift, and the other were co-written by Swift with Liz Rose, Hillary Lindsey, Colbie Caillat, and John Rich.
8002:123145408397312::Thread-23 2020-08-09 18:59:35.548 - Filming was supposed to take place after the completion of Cameron's 1997 film Titanic, for a planned release in 1999, but, according to Cameron, the necessary technology was not yet available to achieve his vision of the film.
8004:123145408397312::Thread-23 2020-08-09 18:59:35.708 - His headline bout with Khabib Nurmagomedov at UFC 229 drew 2.4 million PPV buys, the most ever for an MMA event.
8004:123145408397312::Thread-23 2020-08-09 18:59:36.233 - His boxing match with Mayweather drew 4.3 million PPV buys in North America, the second most in history.
8002:123145408397312::Thread-23 2020-08-09 18:59:36.251 - Work on the language of the film's extraterrestrial beings began in 2005, and Cameron began developing the screenplay and fictional universe in early 2006.
8004:123145408397312::Thread-23 2020-08-09 18:59:36.365 - Early life
Conor Anthony McGregor was born in Crumlin, Dublin on 14 July 1988, the son of Tony and Margaret McGregor.
8006:123145408397312::Thread-23 2020-08-09 18:59:37.016 - Swift also made her debut as a record producer, co-producing all songs with Nathan Chapman.
8004:123145408397312::Thread-23 2020-08-09 18:59:37.102 - He was raised in Crumlin and attended a Gaelscoil and Gaelcholáiste at both primary and at secondary level in Coláiste de hÍde in Tallaght, where he also developed his passion for sport, playing football.
8002:123145408397312::Thread-23 2020-08-09 18:59:37.773 - Avatar was officially budgeted at $237 million.
8005:123145408397312::Thread-23 2020-08-09 18:59:37.961 - Paris (French pronunciation: ​[paʁi] (listen)) is the capital and most populous city of France, with an estimated population of 2,150,271 residents as of 2020, in an area of 105 square kilometres (41 square miles).
8003:123145408397312::Thread-23 2020-08-09 18:59:38.248 - **START**
8005:123145408397312::Thread-23 2020-08-09 18:59:39.275 - Since the 17th century, Paris has been one of Europe's major centres of finance, diplomacy, commerce, fashion, science and arts.
8003:123145408397312::Thread-23 2020-08-09 18:59:39.397 - Starting new HTTPS connection (1): en.wikipedia.org
8006:123145408397312::Thread-23 2020-08-09 18:59:39.964 - Fearless is a country pop album that incorporates elements of crossover pop that commentators found appealing to a broader, mainstream audience.
8002:123145408397312::Thread-23 2020-08-09 18:59:40.259 - Other estimates put the cost between $280 million and $310 million for production and at $150 million for promotion.
8006:123145408397312::Thread-23 2020-08-09 18:59:41.289 - It incorporates acoustic instruments such as banjo, fiddle, and guitar in its production, and lyrically depicts Swift's perceptions of her romantic relationships.
8005:123145408397312::Thread-23 2020-08-09 18:59:41.269 - The City of Paris is the centre and seat of government of the Île-de-France, or Paris Region, which has an estimated official 2020 population of 12,278,210, or about 18 percent of the population of France.
8003:123145408397312::Thread-23 2020-08-09 18:59:42.039 - The Spain national football team (Spanish: Selección Española de Fútbol) has represented Spain in international men's football competition since 1920.
8002:123145408397312::Thread-23 2020-08-09 18:59:42.738 - The film made extensive use of new motion capture filming techniques, and was released for traditional viewing, 3D viewing (using the RealD 3D, Dolby 3D, XpanD 3D, and IMAX 3D formats), and for "4D" experiences in select South Korean theaters.
8002:123145408397312::Thread-23 2020-08-09 18:59:42.908 - The stereoscopic filmmaking was touted as a breakthrough in cinematic technology.Avatar premiered in London on December 10, 2009, and was released in the United States on December 18 to positive reviews, with critics highly praising its groundbreaking visual effects.
8005:123145408397312::Thread-23 2020-08-09 18:59:43.175 - The Paris Region had a GDP of €709 billion ($808 billion) in 2017.
8005:123145408397312::Thread-23 2020-08-09 18:59:43.198 - According to the Economist Intelligence Unit Worldwide Cost of Living Survey in 2018, Paris was the second most expensive city in the world, after Singapore, and ahead of Zürich, Hong Kong, Oslo and Geneva.
8005:123145408397312::Thread-23 2020-08-09 18:59:43.611 - Another source ranked Paris as most expensive, on a par with Singapore and Hong Kong, in 2018.The city is a major railway, highway and air-transport hub served by two international airports: Paris–Charles de Gaulle (the second busiest airport in Europe) and Paris–Orly.
8006:123145408397312::Thread-23 2020-08-09 18:59:43.658 - The album received generally positive reviews from critics, who commended Swift's songwriting ability resulting in radio-friendly songs.
8003:123145408397312::Thread-23 2020-08-09 18:59:43.969 - It is governed by the Royal Spanish Football Federation, the governing body for football in Spain.
8004:123145408397312::Thread-23 2020-08-09 18:59:44.104 - **END**
8006:123145408397312::Thread-23 2020-08-09 18:59:44.756 - The most awarded album in the history of country music, Fearless won Album of the Year at the Grammys, the Country Music Association Awards, and the Academy of Country Music Awards.
8005:123145408397312::Thread-23 2020-08-09 18:59:44.984 - Opened in 1900, the city's subway system, the Paris Métro, serves 5.23 million passengers daily; it is the second busiest metro system in Europe after the Moscow Metro.
8003:123145408397312::Thread-23 2020-08-09 18:59:46.015 - Spain are one of the eight national teams to have been crowned worldwide champions, having participated in a total of 15 of 21 FIFA World Cups and qualifying consistently since 1978.
8005:123145408397312::Thread-23 2020-08-09 18:59:46.273 - Gare du Nord is the 24th busiest railway station in the world, but the first located outside Japan, with 262 million passengers in 2015.
8005:123145408397312::Thread-23 2020-08-09 18:59:46.453 - Paris is especially known for its museums and architectural landmarks: the Louvre was the most visited art museum in the world in 2019, with 9.6 million visitors.
8006:123145408397312::Thread-23 2020-08-09 18:59:46.616 - The Grammy for Album of the Year made Swift, then 20 years old, the youngest artist to win the award at the time.
8005:123145408397312::Thread-23 2020-08-09 18:59:47.37 - The Musée d'Orsay, Musée Marmottan Monet, and Musée de l'Orangerie are noted for their collections of French Impressionist art, the Pompidou Centre Musée National d'Art Moderne has the largest collection of modern and contemporary art in Europe, and the Musée Rodin and Musée Picasso exhibit the works of two noted Parisians.
8003:123145408397312::Thread-23 2020-08-09 18:59:47.417 - Spain has also won three continental titles, having appeared at 10 of 15 UEFA European Championships.
8003:123145408397312::Thread-23 2020-08-09 18:59:47.603 - Spain became the first European team to win a FIFA World Cup outside of Europe, having won the 2010 tournament in South Africa, as well as having won back-to-back European titles in Euro 2008 and Euro 2012, defeating Germany and Italy in the respective finals, making them the only national team with three consecutive major titles.
8003:123145408397312::Thread-23 2020-08-09 18:59:49.697 - Because of this, from 2008 to 2013, the national team won the FIFA Team of the Year, the second-most of any nation, behind only Brazil.
8003:123145408397312::Thread-23 2020-08-09 18:59:50.293 - Also between February 2007 and June 2009, Spain went undefeated for a record-equalling 35 consecutive matches, a record shared with Brazil.
8005:123145408397312::Thread-23 2020-08-09 18:59:50.374 - **END**
8006:123145408397312::Thread-23 2020-08-09 18:59:50.617 - **END**
8002:123145408397312::Thread-23 2020-08-09 18:59:50.91 - **END**
8003:123145408397312::Thread-23 2020-08-09 18:59:50.919 - Their achievements have led many experts and commentators to consider the 2008–2012 Spanish squads, among the best ever international sides in world football.
8003:123145408397312::Thread-23 2020-08-09 18:59:51.924 - History

Spain has been a member of FIFA since FIFA's foundation in 1904, even though the Spanish Football Federation was first established in 1909.
8003:123145408397312::Thread-23 2020-08-09 18:59:53.337 - The first Spain national football team was constituted in 1920, with the main objective of finding a team that would represent Spain at the Summer Olympics held in Belgium in that same year.
8004:123145408397312::Thread-23 2020-08-09 18:59:54.109 - **START**
8004:123145408397312::Thread-23 2020-08-09 18:59:54.12 - Starting new HTTPS connection (1): en.wikipedia.org
8006:123145408397312::Thread-23 2020-08-09 18:59:55.619 - **START**
8006:123145408397312::Thread-23 2020-08-09 18:59:55.628 - Starting new HTTPS connection (1): en.wikipedia.org
8003:123145408397312::Thread-23 2020-08-09 18:59:56.341 - **END**
8006:123145408397312::Thread-23 2020-08-09 18:59:56.519 - Cindy Taylor (born July 16, 1980) is an American retired pornographic actress and model best known by her stage name Jesse Jane.
8004:123145408397312::Thread-23 2020-08-09 18:59:56.593 - Angelina Jolie (; née Voight, formerly Jolie Pitt, born June 4, 1975) is an American actress, filmmaker, and humanitarian.
8006:123145408397312::Thread-23 2020-08-09 18:59:57.023 - She is the recipient of numerous awards and nominations over her career in the adult industry including induction into the AVN and XRCO Hall of Fame.
8004:123145408397312::Thread-23 2020-08-09 18:59:57.12 - The recipient of numerous accolades, including an Academy Award and three Golden Globe Awards, she has been named Hollywood's highest-paid actress multiple times.
8006:123145408397312::Thread-23 2020-08-09 18:59:57.553 - Jane is also the Australian Penthouse magazine Pet of the Month for November 2010.
8006:123145408397312::Thread-23 2020-08-09 18:59:58.428 - She was an exclusive contract performer for Digital Playground between 2002 and 2014.
8006:123145408397312::Thread-23 2020-08-09 18:59:58.544 - In January 2015, she signed an exclusive, two-year performing contract with Jules Jordan Video.
8004:123145408397312::Thread-23 2020-08-09 18:59:59.338 - Jolie made her screen debut as a child alongside her father, Jon Voight, in Lookin' to Get Out (1982), and her film career began in earnest a decade later with the low-budget production Cyborg 2 (1993), followed by her first leading role in a major film, Hackers (1995).
8006:123145408397312::Thread-23 2020-08-09 18:59:59.341 - Early life
Jane was a military brat who grew up on various military bases in the Midwestern United States.
8006:123145408397312::Thread-23 2020-08-09 18:59:59.641 - She did extensive dance training and was a varsity cheerleader at her high school in Rose Hill, Kansas.
8006:123145408397312::Thread-23 2020-08-09 18:59:59.732 - She graduated from Moore High School in Moore, Oklahoma in 1998.
8004:123145408397312::Thread-23 2020-08-09 18:59:59.825 - She starred in the critically acclaimed biographical cable films George Wallace (1997) and Gia (1998), and won an Academy Award for Best Supporting Actress for her performance in the drama Girl, Interrupted (1999).
8006:123145408397312::Thread-23 2020-08-09 19:00:00.676 - Career

Jane read an article on Tera Patrick that said that Patrick worked for adult-film production company Digital Playground.
8004:123145408397312::Thread-23 2020-08-09 19:00:00.892 - Her starring role as the video game heroine Lara Croft in Lara Croft: Tomb Raider (2001) established her as a leading Hollywood actress.
8006:123145408397312::Thread-23 2020-08-09 19:00:01.204 - She contacted them and was quickly signed to a contract.
8004:123145408397312::Thread-23 2020-08-09 19:00:03.178 - She continued her action-star career with Mr. & Mrs. Smith (2005), Wanted (2008), and Salt (2010), and received critical acclaim for her performances in the dramas A Mighty Heart (2007) and Changeling (2008), which earned her a nomination for an Academy Award for Best Actress.
8004:123145408397312::Thread-23 2020-08-09 19:00:06.173 - Her biggest commercial success came with the fantasy picture Maleficent (2014).
8006:123145408397312::Thread-23 2020-08-09 19:00:06.208 - **END**
8004:123145408397312::Thread-23 2020-08-09 19:00:06.241 - In the 2010s, Jolie expanded her career into directing, screenwriting, and producing, with the war dramas In the Land of Blood and Honey (2011), Unbroken (2014), and First They Killed My Father (2017).
8002:123145408397312::Thread-23 2020-08-09 19:00:07.914 - **START**
8002:123145408397312::Thread-23 2020-08-09 19:00:07.918 - Starting new HTTPS connection (1): en.wikipedia.org
8005:123145408397312::Thread-23 2020-08-09 19:00:08.378 - **START**
8005:123145408397312::Thread-23 2020-08-09 19:00:08.443 - Starting new HTTPS connection (1): en.wikipedia.org
8002:123145408397312::Thread-23 2020-08-09 19:00:08.887 - Demetria Devonne  Lovato ( lə-VAH-toh; born August 20, 1992) is an American singer, songwriter, actress, and television personality.
8004:123145408397312::Thread-23 2020-08-09 19:00:09.246 - **END**
8005:123145408397312::Thread-23 2020-08-09 19:00:09.695 - Orenthal James Simpson (born July 9, 1947), nicknamed "The Juice", is an American former football running back, broadcaster, actor, advertising spokesman, and convicted felon.
8002:123145408397312::Thread-23 2020-08-09 19:00:10.849 - After appearing on the children's television series Barney & Friends (2002–2004), she rose to prominence for her role as Mitchie Torres in the Disney Channel musical television film Camp Rock (2008) and its sequel Camp Rock 2: The Final Jam (2010).
8003:123145408397312::Thread-23 2020-08-09 19:00:11.344 - **START**
8003:123145408397312::Thread-23 2020-08-09 19:00:11.348 - Starting new HTTPS connection (1): en.wikipedia.org
8005:123145408397312::Thread-23 2020-08-09 19:00:11.466 - Once a popular figure with the U.S. public, he is best known for being tried for the murders of his former wife, Nicole Brown Simpson, and her friend, Ron Goldman.
8002:123145408397312::Thread-23 2020-08-09 19:00:12.799 - The former film's soundtrack included "This Is Me", Lovato's duet with Joe Jonas, which peaked in the top ten of the Billboard Hot 100.
8005:123145408397312::Thread-23 2020-08-09 19:00:13.405 - Simpson was acquitted of the murders in criminal court, but was later found responsible for both deaths in a civil trial.
8005:123145408397312::Thread-23 2020-08-09 19:00:13.7 - Simpson attended the University of Southern California (USC), where he played football for the USC Trojans and won the Heisman Trophy in 1968.
8002:123145408397312::Thread-23 2020-08-09 19:00:13.784 - After signing with Hollywood Records, Lovato released her pop rock debut album, Don't Forget (2008), which debuted at number two on the Billboard 200.
8003:123145408397312::Thread-23 2020-08-09 19:00:14.082 - Chelsea Football Club are an English professional football club based in Fulham, London.
8002:123145408397312::Thread-23 2020-08-09 19:00:14.386 - Its follow up, Here We Go Again (2009), debuted at number one in the US, while its title track peaked in the top 15 of the country.
8003:123145408397312::Thread-23 2020-08-09 19:00:15.536 - Founded in 1905, the club competes in the Premier League, the top division of English football.
8002:123145408397312::Thread-23 2020-08-09 19:00:15.547 - Lovato's third studio album, Unbroken (2011), experimented with pop and R&B.
8005:123145408397312::Thread-23 2020-08-09 19:00:15.663 - He played professionally as a running back in the National Football League (NFL) for 11 seasons, primarily with the Buffalo Bills from 1969 to 1977.
8002:123145408397312::Thread-23 2020-08-09 19:00:15.944 - It spawned two singles: "Skyscraper", which peaked in the top ten of the US, and "Give Your Heart a Break".
8003:123145408397312::Thread-23 2020-08-09 19:00:16.579 - Chelsea are among England's most successful clubs, having won over thirty competitive honours, including six league titles and six European trophies.
8005:123145408397312::Thread-23 2020-08-09 19:00:16.793 - He also played for the San Francisco 49ers from 1978 to 1979.
8002:123145408397312::Thread-23 2020-08-09 19:00:17.492 - Lovato's fourth studio album, Demi (2013), debuted with US sales of 110,000 copies, her highest first-week sales in the country.
8003:123145408397312::Thread-23 2020-08-09 19:00:17.679 - Their home ground is Stamford Bridge.Chelsea won their first major honour, the League Championship, in 1955.
8005:123145408397312::Thread-23 2020-08-09 19:00:18.482 - In 1973, he became the first NFL player to rush for more than 2,000 yards in a season.
8002:123145408397312::Thread-23 2020-08-09 19:00:18.516 - Its lead single, "Heart Attack", peaked in the top ten of the US while also becoming her first top-three single on the UK Singles Chart.
8005:123145408397312::Thread-23 2020-08-09 19:00:18.774 - He holds the record for the single season yards-per-game average, which stands at 143.1.
8005:123145408397312::Thread-23 2020-08-09 19:00:19.031 - He was the only player to ever rush for over 2,000 yards in the 14-game regular season NFL format.
8003:123145408397312::Thread-23 2020-08-09 19:00:19.242 - The club won the FA Cup for the first time in 1970 and their first European honour, the UEFA Cup Winners' Cup, in 1971.
8005:123145408397312::Thread-23 2020-08-09 19:00:19.488 - Simpson was inducted into the College Football Hall of Fame in 1983 and the Pro Football Hall of Fame in 1985.
8002:123145408397312::Thread-23 2020-08-09 19:00:19.604 - For her fifth and sixth studio albums, Confident (2015) and Tell Me You Love Me (2017), Lovato infused soul and focused on more mature content as opposed to her previous work.
8003:123145408397312::Thread-23 2020-08-09 19:00:19.689 - After a period of decline in the late 1970s and 1980s, the club enjoyed a revival in the 1990s and had more success in cup competitions.
8002:123145408397312::Thread-23 2020-08-09 19:00:21.371 - The latter became her first album to be certified Platinum by the RIAA, and its lead single, "Sorry Not Sorry", became her highest peaking single in the US, reaching number six, and her first single to be certified 5x Platinum in the US.
8003:123145408397312::Thread-23 2020-08-09 19:00:22.124 - The past two decades have been the most successful in Chelsea's history: they won five of its six league titles and the UEFA Champions League during this period.
8002:123145408397312::Thread-23 2020-08-09 19:00:22.327 - In 2020, Lovato released the singles "Anyone", "I Love Me", and "I'm Ready" with Sam Smith, which reached the top 40 in twenty-two countries, and the first two became Lovato's first number-one singles on Billboard's Digital Songs chart.
8003:123145408397312::Thread-23 2020-08-09 19:00:22.861 - Chelsea are one of five clubs to have won all three of UEFA's main club competitions, and the only London club to have won the Champions League.
8003:123145408397312::Thread-23 2020-08-09 19:00:24.136 - Chelsea's home kit colours are royal blue shirts and shorts with white socks.
8005:123145408397312::Thread-23 2020-08-09 19:00:25.493 - **END**
8003:123145408397312::Thread-23 2020-08-09 19:00:26.861 - The club's crest features a ceremonial lion rampant regardant holding a staff.
8002:123145408397312::Thread-23 2020-08-09 19:00:27.332 - **END**
8003:123145408397312::Thread-23 2020-08-09 19:00:29.865 - **END**