8002:123145854296064::Thread-129 2020-08-09 18:59:26.367 - **START**
8002:123145854296064::Thread-129 2020-08-09 18:59:26.431 - Starting new HTTPS connection (1): en.wikipedia.org
8002:123145854296064::Thread-129 2020-08-09 18:59:27.884 - Peter Gene Hernandez (born October 8, 1985), known professionally as Bruno Mars, is an American singer, songwriter, record producer, multi-instrumentalist, and dancer.
8003:123145854296064::Thread-129 2020-08-09 18:59:30.269 - **START**
8002:123145854296064::Thread-129 2020-08-09 18:59:30.298 - He is known for his stage performances, retro showmanship, and for performing in a wide range of musical styles, including pop, R&B, funk, soul, reggae, hip hop, and rock.
8003:123145854296064::Thread-129 2020-08-09 18:59:31.157 - Starting new HTTPS connection (1): en.wikipedia.org
8005:123145854296064::Thread-129 2020-08-09 18:59:31.218 - **START**
8005:123145854296064::Thread-129 2020-08-09 18:59:31.832 - Starting new HTTPS connection (1): en.wikipedia.org
8002:123145854296064::Thread-129 2020-08-09 18:59:31.994 - Mars is accompanied by his band, the Hooligans, who play a variety of instruments, such as electric guitar, bass, piano, keyboards, drums, and horns, and also serve as backup singers and dancers.
8002:123145854296064::Thread-129 2020-08-09 18:59:32.332 - Born and raised in Honolulu, Hawaii, Mars moved to Los Angeles in 2003 to pursue a musical career.
8006:123145854296064::Thread-129 2020-08-09 18:59:32.416 - **START**
8006:123145854296064::Thread-129 2020-08-09 18:59:33.062 - Starting new HTTPS connection (1): en.wikipedia.org
8002:123145854296064::Thread-129 2020-08-09 18:59:33.306 - After being dropped by Motown Records, Mars signed a recording contract with Atlantic Records in 2009.
8002:123145854296064::Thread-129 2020-08-09 18:59:34.398 - In the same year, he co-founded the production team The Smeezingtons, responsible for various successful singles for Mars himself and other artists.
8002:123145854296064::Thread-129 2020-08-09 18:59:35.013 - Mars rose to fame in 2010 with the release of the successful singles "Nothin' on You" by B.o.B and "Billionaire" by Travie McCoy, both of which featured his vocals on the hooks.
8002:123145854296064::Thread-129 2020-08-09 18:59:35.548 - His debut studio album Doo-Wops & Hooligans (2010) spawned the international number-one singles "Just the Way You Are", "Grenade", and "The Lazy Song".
8003:123145854296064::Thread-129 2020-08-09 18:59:35.75 - Rowan Blanchard (born October 14, 2001) is an American actress.
8005:123145854296064::Thread-129 2020-08-09 18:59:35.984 - Confucius ( kən-FEW-shəs; (Chinese: 孔夫子; pinyin: Kǒng Fūzǐ, English: Master Kǒng) 551 BC–479 BC) was a Chinese philosopher and politician of the Spring and Autumn period.
8004:123145854296064::Thread-129 2020-08-09 18:59:36.228 - **START**
8006:123145854296064::Thread-129 2020-08-09 18:59:36.505 - The Willis Tower (formerly and informally:  Sears Tower, its name for 36 years) is a 110-story, 1,450-foot (442.1 m) skyscraper in Chicago, Illinois.
8003:123145854296064::Thread-129 2020-08-09 18:59:36.875 - She is known for her role as Riley Matthews on the Disney Channel series Girl Meets World that aired from 2014 until 2017.
8002:123145854296064::Thread-129 2020-08-09 18:59:37.773 - The former won the Grammy Award for Best Male Pop Vocal Performance.
8006:123145854296064::Thread-129 2020-08-09 18:59:38.291 - At completion in 1973, it surpassed the World Trade Center in New York City to become the tallest building in the world, a title that it held for nearly 25 years; it was also the tallest building in the Western Hemisphere for 41 years, until the new One World Trade Center surpassed it in 2014.
8005:123145854296064::Thread-129 2020-08-09 18:59:38.321 - The philosophy of Confucius, also known as Confucianism, emphasized personal and governmental morality, correctness of social relationships, justice, kindness, and sincerity.
8006:123145854296064::Thread-129 2020-08-09 18:59:38.829 - While it held the title of "Tallest Office Building" until 2014, it lost the title of "Tallest Man-Made Structure" after only 3 years.
8003:123145854296064::Thread-129 2020-08-09 18:59:39.432 - From 2017 until 2018, she made recurred on The Goldbergs as Jackie Geary.
8004:123145854296064::Thread-129 2020-08-09 18:59:39.73 - Starting new HTTPS connection (1): en.wikipedia.org
8006:123145854296064::Thread-129 2020-08-09 18:59:39.751 - The CN Tower in Toronto, which serves as a communications tower, took over the title in 1976.
8005:123145854296064::Thread-129 2020-08-09 18:59:39.962 - His followers competed successfully with many other schools during the Hundred Schools of Thought era only to be suppressed in favor of the Legalists during the Qin dynasty.
8002:123145854296064::Thread-129 2020-08-09 18:59:39.984 - Mars' second album, Unorthodox Jukebox (2012), became his first number one album on the US Billboard 200 and won the Grammy Award for Best Pop Vocal Album.
8006:123145854296064::Thread-129 2020-08-09 18:59:40.652 - The Willis Tower is considered a seminal achievement for engineer Fazlur Rahman Khan.
8002:123145854296064::Thread-129 2020-08-09 18:59:40.985 - **END**
8003:123145854296064::Thread-129 2020-08-09 18:59:41.62 - Life and career


Early life
Blanchard was born in Los Angeles, California, to Elizabeth and Mark Blanchard-Boulbol, who are yoga instructors.
8003:123145854296064::Thread-129 2020-08-09 18:59:41.885 - Her paternal grandfather was an immigrant from the Middle East, who had paternal Syrian ancestry and maternal Armenian ancestry, and her paternal grandmother's ancestors are from England, Denmark, and Sweden.
8006:123145854296064::Thread-129 2020-08-09 18:59:42.649 - It is currently the third-tallest building in the United States and the Western hemisphere – and the 23rd-tallest in the world.
8005:123145854296064::Thread-129 2020-08-09 18:59:42.915 - Following the victory of Han over Chu after the collapse of Qin, Confucius's thoughts received official sanction in the new government and were further developed into a system known in the West as Neo-Confucianism, and later New Confucianism (Modern Neo-Confucianism).
8004:123145854296064::Thread-129 2020-08-09 18:59:43.431 - Graduation is the third studio album by American rapper and producer Kanye West, released on September 11, 2007, through Def Jam Recordings and Roc-A-Fella Records.
8003:123145854296064::Thread-129 2020-08-09 18:59:43.917 - Her paternal great grandparents had met in Aleppo, present-day Syria.
8006:123145854296064::Thread-129 2020-08-09 18:59:44.023 - Each year, more than one million people visit its observation deck, the highest in the United States, making it one of Chicago's most popular tourist destinations.
8004:123145854296064::Thread-129 2020-08-09 18:59:44.873 - Recording sessions took place between 2005 and 2007 at several studios in New York and Los Angeles.
8005:123145854296064::Thread-129 2020-08-09 18:59:44.889 - Confucius is traditionally credited with having authored or edited many of the Chinese classic texts including all of the Five Classics, but modern scholars are cautious of attributing specific assertions to Confucius himself.
8006:123145854296064::Thread-129 2020-08-09 18:59:45.007 - The structure was renamed in 2009 by the Willis Group as a term of its lease.
8004:123145854296064::Thread-129 2020-08-09 18:59:45.24 - It was primarily produced by West himself, with contributions from various other producers.
8006:123145854296064::Thread-129 2020-08-09 18:59:46.132 - As of April 2018, the building's largest tenant is United Airlines, which moved its corporate headquarters from 77 West Wacker Drive (then the United Building) in 2012, occupying around 20 floors.
8003:123145854296064::Thread-129 2020-08-09 18:59:46.214 - She was named after a character in Anne Rice's The Witching Hour.
8003:123145854296064::Thread-129 2020-08-09 18:59:46.321 - Rowan has two younger siblings, Carmen and Shane.
8004:123145854296064::Thread-129 2020-08-09 18:59:46.831 - The album also features guest appearances from recording artists such as Dwele, T-Pain, Lil Wayne, DJ Premier, and Chris Martin of Coldplay.
8006:123145854296064::Thread-129 2020-08-09 18:59:47.337 - Other major tenants include the building's namesake Willis Towers Watson and law firms Schiff Hardin and Seyfarth Shaw.
8003:123145854296064::Thread-129 2020-08-09 18:59:47.637 - Career

Blanchard began acting in 2010 at the age of five, first being cast as Mona's daughter in The Back-up Plan and was in the main cast of the Disney Junior Original Series Dance-a-Lot Robot as Caitlin.
8004:123145854296064::Thread-129 2020-08-09 18:59:47.79 - The cover art and its interior artwork were designed by Japanese contemporary artist Takashi Murakami, who would also design the cover art for West's collaborative album with Kid Cudi, eponymously titled Kids See Ghosts (2018).
8005:123145854296064::Thread-129 2020-08-09 18:59:47.854 - Aphorisms concerning his teachings were compiled in the Analects, but only many years after his death.
8006:123145854296064::Thread-129 2020-08-09 18:59:49.342 - **END**
8004:123145854296064::Thread-129 2020-08-09 18:59:49.643 - Inspired by stadium tours, house-music and indie rock, Graduation marked a departure from the ornate, soul-based sound of West's previous releases as he musically progressed to more anthemic compositions.
8005:123145854296064::Thread-129 2020-08-09 18:59:49.675 - Confucius's principles have commonality with Chinese tradition and belief.
8003:123145854296064::Thread-129 2020-08-09 18:59:50.091 - In 2011, she was cast as Rebecca Wilson in Spy Kids: All the Time in the World, and as Raquel Pacheco in Little in Common.
8004:123145854296064::Thread-129 2020-08-09 18:59:50.249 - West incorporated layered synthesizers and dabbled with electronics while sampling from various music genres and altering his approach to rapping.
8004:123145854296064::Thread-129 2020-08-09 18:59:50.365 - He conveys an ambivalent outlook on his newfound fame and media scrutiny alongside providing inspirational messages of triumph directed at listeners.
8005:123145854296064::Thread-129 2020-08-09 18:59:50.736 - He championed strong family loyalty, ancestor veneration, and respect of elders by their children and of husbands by their wives, recommending family as a basis for ideal government.
8003:123145854296064::Thread-129 2020-08-09 18:59:51.094 - **END**
8004:123145854296064::Thread-129 2020-08-09 18:59:52.182 - Graduation concludes the education theme of West's first two albums The College Dropout (2004) and Late Registration (2005).
8005:123145854296064::Thread-129 2020-08-09 18:59:52.802 - He espoused the well-known principle "Do not do unto others what you do not want done to yourself", the Golden Rule.
8004:123145854296064::Thread-129 2020-08-09 18:59:53.498 - Graduation debuted at number one on the US Billboard 200, selling over 957,000 copies in the first week of sales.
8005:123145854296064::Thread-129 2020-08-09 18:59:53.873 - He is also a traditional deity in Daoism.
8005:123145854296064::Thread-129 2020-08-09 18:59:54.912 - **END**
8002:123145854296064::Thread-129 2020-08-09 18:59:55.99 - **START**
8002:123145854296064::Thread-129 2020-08-09 18:59:55.995 - Starting new HTTPS connection (1): en.wikipedia.org
8002:123145854296064::Thread-129 2020-08-09 18:59:58.198 - Demetria Devonne  Lovato ( lə-VAH-toh; born August 20, 1992) is an American singer, songwriter, actress, and television personality.
8003:123145854296064::Thread-129 2020-08-09 18:59:59.112 - **START**
8003:123145854296064::Thread-129 2020-08-09 18:59:59.257 - Starting new HTTPS connection (1): en.wikipedia.org
8002:123145854296064::Thread-129 2020-08-09 19:00:00.076 - After appearing on the children's television series Barney & Friends (2002–2004), she rose to prominence for her role as Mitchie Torres in the Disney Channel musical television film Camp Rock (2008) and its sequel Camp Rock 2: The Final Jam (2010).
8002:123145854296064::Thread-129 2020-08-09 19:00:00.782 - The former film's soundtrack included "This Is Me", Lovato's duet with Joe Jonas, which peaked in the top ten of the Billboard Hot 100.
8002:123145854296064::Thread-129 2020-08-09 19:00:00.814 - After signing with Hollywood Records, Lovato released her pop rock debut album, Don't Forget (2008), which debuted at number two on the Billboard 200.
8003:123145854296064::Thread-129 2020-08-09 19:00:00.899 - Sasha Grey (born Marina Ann Hantzis, March 14, 1988) is an American actress, musician, model, and writer.
8006:123145854296064::Thread-129 2020-08-09 19:00:01.349 - **START**
8006:123145854296064::Thread-129 2020-08-09 19:00:01.498 - Starting new HTTPS connection (1): en.wikipedia.org
8003:123145854296064::Thread-129 2020-08-09 19:00:01.525 - Grey began her acting career in the pornographic film industry, winning 15 awards for her work between 2007 and 2010, including the AVN Award for Female Performer of the Year in 2008.Grey has been featured in music videos, documentaries, advertising campaigns, artworks, and magazines.
8002:123145854296064::Thread-129 2020-08-09 19:00:02.302 - Its follow up, Here We Go Again (2009), debuted at number one in the US, while its title track peaked in the top 15 of the country.
8003:123145854296064::Thread-129 2020-08-09 19:00:02.484 - After her 2009 feature film debut as the lead in Steven Soderbergh's The Girlfriend Experience, she starred in independent films including Open Windows, the Canadian black comedy horror film Smash Cut and the horror film Would You Rather.
8004:123145854296064::Thread-129 2020-08-09 19:00:02.635 - **END**
8003:123145854296064::Thread-129 2020-08-09 19:00:02.698 - In 2011, she played a fictionalized version of herself in the HBO comedy-drama series Entourage.
8006:123145854296064::Thread-129 2020-08-09 19:00:02.834 - LaGuardia Airport (IATA: LGA, ICAO: KLGA, FAA LID: LGA)  is an airport in Queens, New York.
8003:123145854296064::Thread-129 2020-08-09 19:00:03.145 - Grey was a co-founder, singer, and writer of aTelecine, an industrial music band.
8002:123145854296064::Thread-129 2020-08-09 19:00:03.97 - Lovato's third studio album, Unbroken (2011), experimented with pop and R&B.
8003:123145854296064::Thread-129 2020-08-09 19:00:04.019 - She is the author of The Juliette Society trilogy of novels and also writes, directs, and co-produces films and music videos.
8006:123145854296064::Thread-129 2020-08-09 19:00:04.161 - The airport is the third busiest airport serving New York City, and the twentieth busiest in the United States.
8003:123145854296064::Thread-129 2020-08-09 19:00:04.273 - Early life
Grey, whose original name is Marina Ann Hantzis, was born in North Highlands, California into a working-class family.
8002:123145854296064::Thread-129 2020-08-09 19:00:05.167 - It spawned two singles: "Skyscraper", which peaked in the top ten of the US, and "Give Your Heart a Break".
8003:123145854296064::Thread-129 2020-08-09 19:00:05.212 - Her father was a Greek-American who worked as a mechanic and died in June 2015.
8006:123145854296064::Thread-129 2020-08-09 19:00:05.454 - LaGuardia Airport covers 680 acres (280 ha).In 2016, LaGuardia Airport had a strong growth in passenger traffic; about 29.8 million passengers used the airport, a 14.2 percent increase from the previous year.
8002:123145854296064::Thread-129 2020-08-09 19:00:06.065 - Lovato's fourth studio album, Demi (2013), debuted with US sales of 110,000 copies, her highest first-week sales in the country.
8003:123145854296064::Thread-129 2020-08-09 19:00:06.214 - Her mother is of English, Irish, and Polish descent.
8002:123145854296064::Thread-129 2020-08-09 19:00:06.289 - Its lead single, "Heart Attack", peaked in the top ten of the US while also becoming her first top-three single on the UK Singles Chart.
8002:123145854296064::Thread-129 2020-08-09 19:00:06.304 - For her fifth and sixth studio albums, Confident (2015) and Tell Me You Love Me (2017), Lovato infused soul and focused on more mature content as opposed to her previous work.
8003:123145854296064::Thread-129 2020-08-09 19:00:06.597 - Grey's parents divorced before she started middle school and she was subsequently raised by her mother, who remarried in 2000.
8006:123145854296064::Thread-129 2020-08-09 19:00:07.324 - LGA is a hub for American Airlines and Delta Air Lines.
8006:123145854296064::Thread-129 2020-08-09 19:00:07.341 - A perimeter rule prohibits nonstop flights to or from points beyond 1,500 miles (2,400 km), but exceptions to the perimeter rule are flights on Saturdays and flights to Denver.
8002:123145854296064::Thread-129 2020-08-09 19:00:07.398 - The latter became her first album to be certified Platinum by the RIAA, and its lead single, "Sorry Not Sorry", became her highest peaking single in the US, reaching number six, and her first single to be certified 5x Platinum in the US.
8002:123145854296064::Thread-129 2020-08-09 19:00:08.386 - In 2020, Lovato released the singles "Anyone", "I Love Me", and "I'm Ready" with Sam Smith, which reached the top 40 in twenty-two countries, and the first two became Lovato's first number-one singles on Billboard's Digital Songs chart.
8006:123145854296064::Thread-129 2020-08-09 19:00:08.58 - International flights without border preclearance must use the nearby JFK or Newark airports, as there is no border control facility at the airport.Glenn H. Curtiss Airport (named after aviation pioneer Glenn Hammond Curtiss), later renamed North Beach Airport, was the earlier airport at this location.
8003:123145854296064::Thread-129 2020-08-09 19:00:08.601 - **END**
8005:123145854296064::Thread-129 2020-08-09 19:00:08.916 - **START**
8005:123145854296064::Thread-129 2020-08-09 19:00:08.92 - Starting new HTTPS connection (1): en.wikipedia.org
8006:123145854296064::Thread-129 2020-08-09 19:00:09.11 - The name was changed after New York City's takeover and reconstruction to New York Municipal Airport–LaGuardia Field, and in 1953 became "LaGuardia Airport", named for Fiorello La Guardia, the mayor of New York City when the airport was built.
8006:123145854296064::Thread-129 2020-08-09 19:00:10.386 - LaGuardia has been extensively criticized for its outdated facilities, lack of cleanliness, cramped building design, and poor customer service, among other problems.
8006:123145854296064::Thread-129 2020-08-09 19:00:11.349 - The airport has been ranked in numerous customer surveys as the worst in the United States.
8005:123145854296064::Thread-129 2020-08-09 19:00:12.375 - The Mausoleum at Halicarnassus or Tomb of Mausolus (Ancient Greek: Μαυσωλεῖον τῆς Ἁλικαρνασσοῦ; Turkish: Halikarnas Mozolesi) was a tomb built between 353 and 350 BC in Halicarnassus (present Bodrum, Turkey) for Mausolus, a native Anatolian from Caria and a satrap in the Achaemenid Empire, and his sister-wife Artemisia II of Caria.
8006:123145854296064::Thread-129 2020-08-09 19:00:12.511 - Among pilots, it is referred to as "USS LaGuardia", because the runways are short and surrounded by water, thus giving the feel of landing on an aircraft carrier.
8005:123145854296064::Thread-129 2020-08-09 19:00:14.036 - The structure was designed by the Greek architects Satyros and Pythius of Priene.
8006:123145854296064::Thread-129 2020-08-09 19:00:14.517 - **END**
8005:123145854296064::Thread-129 2020-08-09 19:00:14.634 - Its elevated tomb structure is derived from the tombs of neighbouring Lycia, a territory Mausolus had invaded and annexed circa 360 BC, such as the Nereid Monument.The Mausoleum was approximately 45 m (148 ft) in height, and the four sides were adorned with sculptural reliefs, each created by one of four Greek sculptors: Leochares, Bryaxis, Scopas of Paros, and Timotheus.
8005:123145854296064::Thread-129 2020-08-09 19:00:14.854 - The finished structure of the mausoleum was considered to be such an aesthetic triumph that Antipater of Sidon identified it as one of his Seven Wonders of the Ancient World.
8005:123145854296064::Thread-129 2020-08-09 19:00:14.971 - It was destroyed by successive earthquakes from the 12th to the 15th century, the last surviving of the six destroyed wonders.
8002:123145854296064::Thread-129 2020-08-09 19:00:15.388 - **END**
8005:123145854296064::Thread-129 2020-08-09 19:00:17.224 - The word mausoleum has now come to be used generically for an above-ground tomb.
8005:123145854296064::Thread-129 2020-08-09 19:00:17.234 - Conquest

In the 4th century BC, Halicarnassus was the capital of a small regional kingdom of Caria within the Achaemenid Empire on the western coast of Asia Minor.
8005:123145854296064::Thread-129 2020-08-09 19:00:17.357 - In 377 BC, the nominal ruler of the region, Hecatomnus of Milas, died and left the control of the kingdom to his son, Mausolus.
8005:123145854296064::Thread-129 2020-08-09 19:00:20.291 - Hecatomnus, a local dynast under the Persians, took control of several of the neighboring cities and districts.
8005:123145854296064::Thread-129 2020-08-09 19:00:22.535 - After Artemisia and Mausolus, he had several other daughters and sons: Ada (adoptive mother of Alexander the Great), Idrieus and Pixodarus.
8005:123145854296064::Thread-129 2020-08-09 19:00:22.535 - **END**