8004:123145383157760::Thread-17 2020-08-09 18:59:28.198 - **START**
8006:123145383157760::Thread-17 2020-08-09 18:59:28.233 - **START**
8006:123145383157760::Thread-17 2020-08-09 18:59:28.364 - Starting new HTTPS connection (1): en.wikipedia.org
8004:123145383157760::Thread-17 2020-08-09 18:59:28.426 - Starting new HTTPS connection (1): en.wikipedia.org
8005:123145383157760::Thread-17 2020-08-09 18:59:29.202 - **START**
8002:123145383157760::Thread-17 2020-08-09 18:59:29.34 - **START**
8002:123145383157760::Thread-17 2020-08-09 18:59:29.448 - Starting new HTTPS connection (1): en.wikipedia.org
8005:123145383157760::Thread-17 2020-08-09 18:59:29.376 - Starting new HTTPS connection (1): en.wikipedia.org
8006:123145383157760::Thread-17 2020-08-09 18:59:30.462 - Earth is the third planet from the Sun and the only astronomical object known to harbor life.
8006:123145383157760::Thread-17 2020-08-09 18:59:30.735 - According to radiometric dating estimation and other evidence, Earth formed over 4.5 billion years ago.
8006:123145383157760::Thread-17 2020-08-09 18:59:31.654 - Earth's gravity interacts with other objects in space, especially the Sun and the Moon, which is Earth's only natural satellite.
8004:123145383157760::Thread-17 2020-08-09 18:59:31.847 - Abraham (originally Abram) is the common patriarch of the Abrahamic religions, including Judaism, Christianity and Islam.
8005:123145383157760::Thread-17 2020-08-09 18:59:32.066 - Stefani Joanne Angelina Germanotta ( STEF-ən-ee JUR-mə-NOT-ə) (born March 28, 1986), known professionally as Lady Gaga, is an American singer, songwriter, record producer, actress, and businesswoman.
8006:123145383157760::Thread-17 2020-08-09 18:59:32.101 - Earth orbits around the Sun in 365.256 solar days, a period known as an Earth sidereal year.
8003:123145383157760::Thread-17 2020-08-09 18:59:32.23 - **START**
8002:123145383157760::Thread-17 2020-08-09 18:59:32.469 - Willard Carroll Smith Jr. (born September 25, 1968) is an American actor, producer and rapper.
8006:123145383157760::Thread-17 2020-08-09 18:59:32.59 - During this time, Earth rotates about its axis 366.256 times, that is, a sidereal year has 366.256 sidereal days.Earth's axis of rotation is tilted with respect to its orbital plane, producing seasons on Earth.
8004:123145383157760::Thread-17 2020-08-09 18:59:33.115 - In Judaism, he is the founding father of the covenant of the pieces, the special relationship between the Hebrews and God; in Christianity, he is the prototype of all believers, Jewish or Gentile; and in Islam he is seen as a link in the chain of prophets that begins with Adam and culminates in Muhammad.The narrative in the Book of Genesis revolves around the themes of posterity and land.
8005:123145383157760::Thread-17 2020-08-09 18:59:33.219 - She is known for reinventing herself throughout her career and for her versatility in numerous areas of the entertainment industry.
8005:123145383157760::Thread-17 2020-08-09 18:59:33.312 - Gaga began performing as a teenager, singing at open mic nights and acting in school plays.
8006:123145383157760::Thread-17 2020-08-09 18:59:33.329 - The gravitational interaction between Earth and the Moon causes tides, stabilizes Earth's orientation on its axis, and gradually slows its rotation.
8006:123145383157760::Thread-17 2020-08-09 18:59:33.503 - Earth is the densest planet in the Solar System and the largest and most massive of the four rocky planets.
8003:123145383157760::Thread-17 2020-08-09 18:59:33.567 - Starting new HTTPS connection (1): en.wikipedia.org
8006:123145383157760::Thread-17 2020-08-09 18:59:33.629 - Earth's outer layer (lithosphere) is divided into several rigid tectonic plates that migrate across the surface over many millions of years.
8006:123145383157760::Thread-17 2020-08-09 18:59:34.212 - About 29% of Earth's surface is land consisting of continents and islands.
8002:123145383157760::Thread-17 2020-08-09 18:59:34.444 - In April 2007, Newsweek called him "the most powerful actor in Hollywood".
8002:123145383157760::Thread-17 2020-08-09 18:59:34.6 - Smith has been nominated for five Golden Globe Awards and two Academy Awards, and has won four Grammy Awards.
8006:123145383157760::Thread-17 2020-08-09 18:59:34.828 - The remaining 71% is covered with water, mostly by oceans but also lakes, rivers and other fresh water, which all together constitute the hydrosphere.
8004:123145383157760::Thread-17 2020-08-09 18:59:34.837 - Abraham is called by God to leave the house of his father Terah and settle in the land originally given to Canaan but which God now promises to Abraham and his progeny.
8002:123145383157760::Thread-17 2020-08-09 18:59:35.099 - In the late 1980s, Smith achieved modest fame as a rapper under the name The Fresh Prince.
8005:123145383157760::Thread-17 2020-08-09 18:59:35.101 - She studied at Collaborative Arts Project 21, through New York University's Tisch School of the Arts, before dropping out to pursue a music career.
8003:123145383157760::Thread-17 2020-08-09 18:59:35.754 - Domesday Book ( or US: ; Latin: Liber de Wintonia "Book of Winchester") is a manuscript record of the "Great Survey" of much of England and parts of Wales completed in 1086 by order of King William the Conqueror.
8004:123145383157760::Thread-17 2020-08-09 18:59:36.052 - Various candidates are put forward who might inherit the land after Abraham; and, while promises are made to Ishmael about founding a great nation, Isaac, Abraham's son by his half-sister Sarah, inherits God's promises to Abraham.
8003:123145383157760::Thread-17 2020-08-09 18:59:36.503 - The Anglo-Saxon Chronicle states:
Then, at the midwinter [1085], was the king in Gloucester with his council ... .
8002:123145383157760::Thread-17 2020-08-09 18:59:37.05 - In 1990, his popularity increased dramatically when he starred in the NBC television series The Fresh Prince of Bel-Air, which ran for six seasons from 1990 to 1996.
8005:123145383157760::Thread-17 2020-08-09 18:59:37.092 - When Def Jam Recordings canceled her contract, she worked as a songwriter for Sony/ATV Music Publishing, where Akon helped her sign a joint deal with Interscope Records and his own label KonLive Distribution in 2007.
8003:123145383157760::Thread-17 2020-08-09 18:59:37.227 - After this had the king a large meeting, and very deep consultation with his council, about this land; how it was occupied, and by what sort of men.
8004:123145383157760::Thread-17 2020-08-09 18:59:37.789 - Abraham purchases a tomb (the Cave of the Patriarchs) at Hebron to be Sarah's grave, thus establishing his right to the land; and, in the second generation, his heir Isaac is married to a woman from his own kin, thus ruling the Canaanites out of any inheritance.
8002:123145383157760::Thread-17 2020-08-09 18:59:38.018 - After the series ended, Smith transitioned from television to film and went on to star in numerous blockbuster films.
8003:123145383157760::Thread-17 2020-08-09 18:59:38.19 - Then sent he his men over all England into each shire; commissioning them to find out "How many hundreds of hides were in the shire, what land the king himself had, and what stock upon the land; or, what dues he ought to have by the year from the shire."
8005:123145383157760::Thread-17 2020-08-09 18:59:38.34 - She rose to prominence the following year with her debut album The Fame and its chart-topping singles "Just Dance" and "Poker Face".
8003:123145383157760::Thread-17 2020-08-09 18:59:38.395 - Written in Medieval Latin, it was highly abbreviated and included some vernacular native terms without Latin equivalents.
8006:123145383157760::Thread-17 2020-08-09 18:59:38.834 - **END**
8003:123145383157760::Thread-17 2020-08-09 18:59:38.84 - The survey's main purpose was to determine what taxes had been owed during the reign of King Edward the Confessor, thereby allowing William to reassert the rights of the Crown and assess where power lay after a wholesale redistribution of land following the Norman conquest.
8003:123145383157760::Thread-17 2020-08-09 18:59:38.948 - The assessors' reckoning of a man's holdings and their values, as recorded in Domesday Book, was dispositive and without appeal.
8002:123145383157760::Thread-17 2020-08-09 18:59:38.827 - He is the only actor to have eight consecutive films gross over $100 million in the domestic box office, eleven consecutive films gross over $150 million internationally, and eight consecutive films in which he starred open at the number one spot in the domestic box office tally.Smith has been ranked as the most bankable star worldwide by Forbes.
8005:123145383157760::Thread-17 2020-08-09 18:59:39.182 - The album was later reissued to include the EP The Fame Monster (2009), which yielded the singles "Bad Romance", "Telephone", and "Alejandro".
8003:123145383157760::Thread-17 2020-08-09 18:59:39.543 - The name "Domesday Book" (Middle English for "Doomsday Book") came into use in the 12th century.
8005:123145383157760::Thread-17 2020-08-09 18:59:39.762 - Gaga's five succeeding studio albums have all debuted atop the US Billboard 200.
8003:123145383157760::Thread-17 2020-08-09 18:59:39.935 - As Richard FitzNeal wrote in the Dialogus de Scaccario (circa 1179):
for as the sentence of that strict and terrible last account cannot be evaded by any skilful subterfuge, so when this book is appealed to ... its sentence cannot be quashed or set aside with impunity.
8003:123145383157760::Thread-17 2020-08-09 18:59:40.211 - That is why we have called the book "the Book of Judgement" ...
8004:123145383157760::Thread-17 2020-08-09 18:59:40.232 - Abraham later marries Keturah and has six more sons; but, on his death, when he is buried beside Sarah, it is Isaac who receives "all Abraham's goods", while the other sons receive only "gifts" (Genesis 25:5–8).The Abraham story cannot be definitively related to any specific time, and it is widely agreed that the patriarchal age, along with the exodus and the period of the judges, is a late literary construct that does not relate to any period in actual history.
8002:123145383157760::Thread-17 2020-08-09 18:59:40.791 - As of 2014, 17 of the 21 films in which he has had leading roles have accumulated worldwide gross earnings of over $100 million each, with five taking in over $500 million each in global box office receipts.
8005:123145383157760::Thread-17 2020-08-09 18:59:41.769 - Her second full-length album, Born This Way (2011), explored electronic rock and techno-pop and sold more than one million copies in its first week.
8005:123145383157760::Thread-17 2020-08-09 18:59:41.873 - Its title track became the fastest-selling song on the iTunes Store with over a million downloads in less than a week.
8002:123145383157760::Thread-17 2020-08-09 18:59:42.381 - As of 2016, his films have grossed $7.5 billion at the global box office.
8004:123145383157760::Thread-17 2020-08-09 18:59:42.609 - A common hypothesis among scholars is that it was composed in the early Persian period (late 6th century BCE) as a result of tensions between Jewish landowners who had stayed in Judah during the Babylonian captivity and traced their right to the land through their "father Abraham", and the returning exiles who based their counter-claim on Moses and the Exodus tradition.
8004:123145383157760::Thread-17 2020-08-09 18:59:43.084 - Biblical account


Origins and calling
Terah, the ninth in descent from Noah, was the father of three sons: Abram, Nahor, and Haran.
8006:123145383157760::Thread-17 2020-08-09 18:59:43.835 - **START**
8006:123145383157760::Thread-17 2020-08-09 18:59:44.036 - Starting new HTTPS connection (1): en.wikipedia.org
8004:123145383157760::Thread-17 2020-08-09 18:59:44.063 - The entire family, including grandchildren, lived in Ur of the Chaldees.
8002:123145383157760::Thread-17 2020-08-09 18:59:45.386 - **END**
8006:123145383157760::Thread-17 2020-08-09 18:59:45.966 - The Spain national football team (Spanish: Selección Española de Fútbol) has represented Spain in international men's football competition since 1920.
8003:123145383157760::Thread-17 2020-08-09 18:59:46.215 - **END**
8004:123145383157760::Thread-17 2020-08-09 18:59:46.402 - According to a midrash, Abram worked in Terah's idol shop in his youth.
8006:123145383157760::Thread-17 2020-08-09 18:59:46.682 - It is governed by the Royal Spanish Football Federation, the governing body for football in Spain.
8005:123145383157760::Thread-17 2020-08-09 18:59:47.877 - **END**
8006:123145383157760::Thread-17 2020-08-09 18:59:47.902 - Spain are one of the eight national teams to have been crowned worldwide champions, having participated in a total of 15 of 21 FIFA World Cups and qualifying consistently since 1978.
8006:123145383157760::Thread-17 2020-08-09 18:59:48.282 - Spain has also won three continental titles, having appeared at 10 of 15 UEFA European Championships.
8006:123145383157760::Thread-17 2020-08-09 18:59:48.66 - Spain became the first European team to win a FIFA World Cup outside of Europe, having won the 2010 tournament in South Africa, as well as having won back-to-back European titles in Euro 2008 and Euro 2012, defeating Germany and Italy in the respective finals, making them the only national team with three consecutive major titles.
8006:123145383157760::Thread-17 2020-08-09 18:59:50.348 - Because of this, from 2008 to 2013, the national team won the FIFA Team of the Year, the second-most of any nation, behind only Brazil.
8004:123145383157760::Thread-17 2020-08-09 18:59:51.405 - **END**
8006:123145383157760::Thread-17 2020-08-09 18:59:52.209 - Also between February 2007 and June 2009, Spain went undefeated for a record-equalling 35 consecutive matches, a record shared with Brazil.
8005:123145383157760::Thread-17 2020-08-09 18:59:52.886 - **START**
8005:123145383157760::Thread-17 2020-08-09 18:59:52.891 - Starting new HTTPS connection (1): en.wikipedia.org
8006:123145383157760::Thread-17 2020-08-09 18:59:53.323 - Their achievements have led many experts and commentators to consider the 2008–2012 Spanish squads, among the best ever international sides in world football.
8005:123145383157760::Thread-17 2020-08-09 18:59:53.575 - Robert "Bob" Nesta Marley,  (6 February 1945 – 11 May 1981) was a Jamaican singer, songwriter and musician.
8005:123145383157760::Thread-17 2020-08-09 18:59:53.878 - Considered one of the pioneers of reggae, his musical career was marked by fusing elements of reggae, ska, and rocksteady, as well as his distinctive vocal and songwriting style.
8005:123145383157760::Thread-17 2020-08-09 18:59:54.548 - Marley's contributions to music increased the visibility of Jamaican music worldwide, and made him a global figure in popular culture for over a decade.
8005:123145383157760::Thread-17 2020-08-09 18:59:54.911 - Over the course of his career Marley became known as a Rastafari icon, and he infused his music with a sense of spirituality.
8006:123145383157760::Thread-17 2020-08-09 18:59:55.09 - History

Spain has been a member of FIFA since FIFA's foundation in 1904, even though the Spanish Football Federation was first established in 1909.
8003:123145383157760::Thread-17 2020-08-09 18:59:55.216 - **START**
8003:123145383157760::Thread-17 2020-08-09 18:59:55.224 - Starting new HTTPS connection (1): en.wikipedia.org
8002:123145383157760::Thread-17 2020-08-09 18:59:55.391 - **START**
8002:123145383157760::Thread-17 2020-08-09 18:59:55.396 - Starting new HTTPS connection (1): en.wikipedia.org
8006:123145383157760::Thread-17 2020-08-09 18:59:55.73 - The first Spain national football team was constituted in 1920, with the main objective of finding a team that would represent Spain at the Summer Olympics held in Belgium in that same year.
8006:123145383157760::Thread-17 2020-08-09 18:59:55.731 - **END**
8005:123145383157760::Thread-17 2020-08-09 18:59:55.86 - He is also considered a global symbol of Jamaican music and culture and identity, and was controversial in his outspoken support for the legalization of marijuana, while he also advocated for Pan-Africanism.Born in Nine Mile, British Jamaica, Marley began his professional musical career in 1963, after forming Bob Marley and the Wailers.
8005:123145383157760::Thread-17 2020-08-09 18:59:55.99 - The group released its debut studio album The Wailing Wailers in 1965, which contained the single "One Love/People Get Ready"; the song was popular worldwide, and established the group as a rising figure in reggae.
8005:123145383157760::Thread-17 2020-08-09 18:59:56.016 - The Wailers subsequently released eleven further studio albums; while initially employing louder instrumentation and singing, the group began engaging in rhythmic-based song construction in the late 1960s and early 1970s, which coincided with the singer's conversion to Rastafarianism.
8002:123145383157760::Thread-17 2020-08-09 18:59:56.724 - Emmanuel "Manny" Dapidran Pacquiao, CLH ( PAK-ee-ow; born December 17, 1978) is a Filipino professional boxer and Senator of the Phillippines.
8005:123145383157760::Thread-17 2020-08-09 18:59:56.767 - During this period Marley relocated to London, and the group typified their musical shift with the release of the album The Best of The Wailers (1971).The group attained international success after the release of the albums Catch a Fire and Burnin' (both 1973), and forged a reputation as touring artists.
8002:123145383157760::Thread-17 2020-08-09 18:59:57.063 - Nicknamed "PacMan", he is regarded as one of the greatest professional boxers of all time.
8002:123145383157760::Thread-17 2020-08-09 18:59:57.253 - He was elected as Senator of the Phillippines in 2016 and is serving a 6 year term.
8005:123145383157760::Thread-17 2020-08-09 18:59:57.28 - Following the disbandment of the Wailers a year later, Marley went on to release his solo material under the band's name.
8002:123145383157760::Thread-17 2020-08-09 18:59:57.739 - Manny Pacquiao is the only eight-division world champion in the history of boxing, and has won twelve major world titles.
8002:123145383157760::Thread-17 2020-08-09 18:59:57.816 - He was the first boxer to win the lineal championship in five different weight classes, the first boxer to win major world titles in four of the eight "glamour divisions": flyweight, featherweight, lightweight, and welterweight, and is the only boxer to hold world championships across four decades (1990s, 2000s, 2010s, and 2020s).As of 2015, Pacquiao's fights had generated $1.2 billion in revenue from his 25 pay-per-view bouts.
8005:123145383157760::Thread-17 2020-08-09 18:59:57.819 - His debut studio album Natty Dread (1974) received positive reception, as did its follow-up Rastaman Vibration (1976).
8002:123145383157760::Thread-17 2020-08-09 18:59:57.844 - According to Forbes, he was the second highest paid athlete in the world in 2015.In July 2019, Pacquiao became the oldest welterweight world champion in history at the age of 40, and the first boxer in history to become a recognized four-time welterweight champion after defeating Keith Thurman to win the WBA (Super) welterweight title.
8002:123145383157760::Thread-17 2020-08-09 18:59:58.035 - Early life and amateur career
Pacquiao was born and raised in Kibawe, Bukidnon, Philippines.
8003:123145383157760::Thread-17 2020-08-09 18:59:58.322 - The United States Military Academy (USMA), also known as West Point, Army, Army West Point, The Academy, or simply The Point, is a four-year federal service academy in West Point, New York.
8002:123145383157760::Thread-17 2020-08-09 18:59:58.794 - He is the son of Rosalio Pacquiao and Dionisia Dapidran-Pacquiao.
8003:123145383157760::Thread-17 2020-08-09 18:59:59.326 - It was originally established as a fort that sits on strategic high ground overlooking the Hudson River with a scenic view, 50 miles (80 km) north of New York City.
8002:123145383157760::Thread-17 2020-08-09 18:59:59.533 - His parents separated when he was in sixth grade, after his father had an affair.
8006:123145383157760::Thread-17 2020-08-09 18:59:59.733 - **START**
8003:123145383157760::Thread-17 2020-08-09 18:59:59.772 - It is the oldest of the five American service academies.
8006:123145383157760::Thread-17 2020-08-09 18:59:59.773 - Starting new HTTPS connection (1): en.wikipedia.org
8002:123145383157760::Thread-17 2020-08-09 19:00:00.073 - He is the fourth of six siblings, one of whom, Alberto "Bobby" Pacquiao, is also a politician and former professional boxer.
8003:123145383157760::Thread-17 2020-08-09 19:00:01.072 - The academy traces its roots to 1801, when President Thomas Jefferson directed that plans be set in motion to establish the United States Military Academy at West Point.
8006:123145383157760::Thread-17 2020-08-09 19:00:02.183 - The Golden Gate Bridge is a suspension bridge spanning the Golden Gate, the one-mile-wide (1.6 km) strait connecting San Francisco Bay and the Pacific Ocean.
8003:123145383157760::Thread-17 2020-08-09 19:00:02.235 - The entire central campus is a national landmark and home to scores of historic sites, buildings, and monuments.
8006:123145383157760::Thread-17 2020-08-09 19:00:02.832 - The structure links the U.S. city of San Francisco, California—the northern tip of the San Francisco Peninsula—to Marin County, carrying both U.S. Route 101 and California State Route 1 across the strait.
8006:123145383157760::Thread-17 2020-08-09 19:00:03.07 - The bridge is one of the most internationally recognized symbols of San Francisco and California.
8006:123145383157760::Thread-17 2020-08-09 19:00:03.159 - It was initially designed by engineer Joseph Strauss in 1917.
8003:123145383157760::Thread-17 2020-08-09 19:00:03.987 - The majority of the campus's Norman-style buildings are constructed from gray and black granite.
8002:123145383157760::Thread-17 2020-08-09 19:00:04.076 - **END**
8006:123145383157760::Thread-17 2020-08-09 19:00:04.137 - It has been declared one of the Wonders of the Modern World by the American Society of Civil Engineers.The Frommer's travel guide describes the Golden Gate Bridge as "possibly the most beautiful, certainly the most photographed, bridge in the world."
8006:123145383157760::Thread-17 2020-08-09 19:00:04.18 - At the time of its opening in 1937, it was both the longest and the tallest suspension bridge in the world, with a main span of 4,200 feet (1,280 m) and a total height of 746 feet (227 m).
8006:123145383157760::Thread-17 2020-08-09 19:00:04.785 - History


Ferry service

Before the bridge was built, the only practical short route between San Francisco and what is now Marin County was by boat across a section of San Francisco Bay.
8006:123145383157760::Thread-17 2020-08-09 19:00:05.354 - A ferry service began as early as 1820, with a regularly scheduled service beginning in the 1840s for the purpose of transporting water to San Francisco.The Sausalito Land and Ferry Company service, launched in 1867, eventually became the Golden Gate Ferry Company, a Southern Pacific Railroad subsidiary, the largest ferry operation in the world by the late 1920s.
8005:123145383157760::Thread-17 2020-08-09 19:00:05.821 - **END**
8003:123145383157760::Thread-17 2020-08-09 19:00:06.093 - The campus is a popular tourist destination, with a visitor center and the oldest museum in the United States Army.
8006:123145383157760::Thread-17 2020-08-09 19:00:06.199 - Once for railroad passengers and customers only, Southern Pacific's automobile ferries became very profitable and important to the regional economy.
8006:123145383157760::Thread-17 2020-08-09 19:00:06.817 - The ferry crossing between the Hyde Street Pier in San Francisco and Sausalito Ferry Terminal in Marin County took approximately 20 minutes and cost $1.00 per vehicle, a price later reduced to compete with the new bridge.
8003:123145383157760::Thread-17 2020-08-09 19:00:07.239 - Candidates for admission must apply directly to the academy and receive a nomination, usually from a member of Congress.
8006:123145383157760::Thread-17 2020-08-09 19:00:07.279 - The trip from the San Francisco Ferry Building took 27 minutes.
8004:123145383157760::Thread-17 2020-08-09 19:00:07.409 - **START**
8004:123145383157760::Thread-17 2020-08-09 19:00:07.414 - Starting new HTTPS connection (1): en.wikipedia.org
8003:123145383157760::Thread-17 2020-08-09 19:00:07.911 - Other nomination sources include the President and Vice President.
8004:123145383157760::Thread-17 2020-08-09 19:00:08.072 - Avatar (marketed as James Cameron's Avatar) is a 2009 American epic science fiction film directed, written, produced, and co-edited by James Cameron and stars Sam Worthington, Zoe Saldana, Stephen Lang, Michelle Rodriguez, and Sigourney Weaver.
8003:123145383157760::Thread-17 2020-08-09 19:00:08.67 - Students are officers-in-training and are referred to as "cadets" or collectively as the "United States Corps of Cadets" (USCC).
8004:123145383157760::Thread-17 2020-08-09 19:00:08.994 - The film is set in the mid-22nd century when humans are colonizing Pandora, a lush habitable moon of a gas giant in the Alpha Centauri star system, in order to mine the mineral unobtanium, a room-temperature superconductor.
8006:123145383157760::Thread-17 2020-08-09 19:00:09.284 - **END**
8004:123145383157760::Thread-17 2020-08-09 19:00:09.496 - The expansion of the mining colony threatens the continued existence of a local tribe of Na'vi – a humanoid species indigenous to Pandora.
8004:123145383157760::Thread-17 2020-08-09 19:00:09.899 - The film's title refers to a genetically engineered Na'vi body operated from the brain of a remotely located human that is used to interact with the natives of Pandora.Development of Avatar began in 1994, when Cameron wrote an 80-page treatment for the film.
8003:123145383157760::Thread-17 2020-08-09 19:00:10.671 - **END**
8004:123145383157760::Thread-17 2020-08-09 19:00:10.771 - Filming was supposed to take place after the completion of Cameron's 1997 film Titanic, for a planned release in 1999, but, according to Cameron, the necessary technology was not yet available to achieve his vision of the film.
8004:123145383157760::Thread-17 2020-08-09 19:00:11.499 - Work on the language of the film's extraterrestrial beings began in 2005, and Cameron began developing the screenplay and fictional universe in early 2006.
8004:123145383157760::Thread-17 2020-08-09 19:00:11.592 - Avatar was officially budgeted at $237 million.
8004:123145383157760::Thread-17 2020-08-09 19:00:12.485 - Other estimates put the cost between $280 million and $310 million for production and at $150 million for promotion.
8004:123145383157760::Thread-17 2020-08-09 19:00:12.713 - The film made extensive use of new motion capture filming techniques, and was released for traditional viewing, 3D viewing (using the RealD 3D, Dolby 3D, XpanD 3D, and IMAX 3D formats), and for "4D" experiences in select South Korean theaters.
8004:123145383157760::Thread-17 2020-08-09 19:00:13.21 - The stereoscopic filmmaking was touted as a breakthrough in cinematic technology.Avatar premiered in London on December 10, 2009, and was released in the United States on December 18 to positive reviews, with critics highly praising its groundbreaking visual effects.
8004:123145383157760::Thread-17 2020-08-09 19:00:16.215 - **END**