8003:123145639759872::Thread-78 2020-08-09 18:59:28.251 - **START**
8003:123145639759872::Thread-78 2020-08-09 18:59:28.588 - Starting new HTTPS connection (1): en.wikipedia.org
8003:123145639759872::Thread-78 2020-08-09 18:59:30.505 - The Pantheon (UK: , US: ; Latin: Pantheum, from Greek Πάνθειον Pantheion, "[temple] of all the gods") is a former Roman temple, now a Catholic church (Basilica di Santa Maria ad Martyres or Basilica of St. Mary and the Martyrs), in Rome, Italy, on the site of an earlier temple commissioned by Marcus Agrippa during the reign of Augustus (27 BC – 14 AD).
8005:123145639759872::Thread-78 2020-08-09 18:59:31.208 - **START**
8003:123145639759872::Thread-78 2020-08-09 18:59:31.524 - It was rebuilt by the emperor Hadrian and probably dedicated about 126 AD.
8005:123145639759872::Thread-78 2020-08-09 18:59:31.926 - Starting new HTTPS connection (1): en.wikipedia.org
8004:123145639759872::Thread-78 2020-08-09 18:59:32.211 - **START**
8003:123145639759872::Thread-78 2020-08-09 18:59:32.585 - Its date of construction is uncertain, because Hadrian chose not to inscribe the new temple but rather to retain the inscription of Agrippa's older temple, which had burned down.The building is cylindrical with a portico of large granite Corinthian columns (eight in the first rank  and two groups of four behind) under a pediment.
8004:123145639759872::Thread-78 2020-08-09 18:59:33.102 - Starting new HTTPS connection (1): en.wikipedia.org
8002:123145639759872::Thread-78 2020-08-09 18:59:34.391 - **START**
8003:123145639759872::Thread-78 2020-08-09 18:59:34.74 - A rectangular vestibule links the porch to the rotunda, which is under a coffered concrete dome, with a central opening (oculus) to the sky.
8005:123145639759872::Thread-78 2020-08-09 18:59:34.829 - Barcelona ( BAR-sə-LOH-nə, Catalan: [bəɾsəˈlonə], Spanish: [baɾθeˈlona]) is a city on the coast of northeastern Spain.
8003:123145639759872::Thread-78 2020-08-09 18:59:34.882 - Almost two thousand years after it was built, the Pantheon's dome is still the world's largest unreinforced concrete dome.
8005:123145639759872::Thread-78 2020-08-09 18:59:34.918 - It is the capital and largest city of the autonomous community of Catalonia, as well as the second most populous municipality of Spain.
8002:123145639759872::Thread-78 2020-08-09 18:59:35.645 - Starting new HTTPS connection (1): en.wikipedia.org
8005:123145639759872::Thread-78 2020-08-09 18:59:35.679 - With a population of 1.6 million within city limits, its urban area extends to numerous neighbouring municipalities within the Province of Barcelona and is home to around 4.8 million people, making it the fifth most populous urban area in the European Union after Paris, the Ruhr area, Madrid, and Milan.
8004:123145639759872::Thread-78 2020-08-09 18:59:35.732 - Futbol Club Barcelona (Catalan pronunciation: [fubˈbɔl ˈklub bəɾsəˈlonə] (listen)), commonly referred to as Barcelona and colloquially known as Barça ([ˈbaɾsə]), is a Spanish professional football club based in Barcelona, Catalonia, Spain.
8004:123145639759872::Thread-78 2020-08-09 18:59:36.002 - Founded in 1899 by a group of Swiss, Spanish, English, and Catalan footballers led by Joan Gamper, the club has become a symbol of Catalan culture and Catalanism, hence the motto "Més que un club" ("More than a club").
8004:123145639759872::Thread-78 2020-08-09 18:59:36.225 - Unlike many other football clubs, the supporters own and operate Barcelona.
8005:123145639759872::Thread-78 2020-08-09 18:59:36.389 - It is one of the largest metropolises on the Mediterranean Sea, located on the coast between the mouths of the rivers Llobregat and Besòs, and bounded to the west by the Serra de Collserola mountain range, the tallest peak of which is 512 metres (1,680 feet) high.
8003:123145639759872::Thread-78 2020-08-09 18:59:36.557 - The height to the oculus and the diameter of the interior circle are the same, 43 metres (142 ft).It is one of the best-preserved of all Ancient Roman buildings, in large part because it has been in continuous use throughout its history and, since the 7th century, the Pantheon has been in use as a church dedicated to "St. Mary and the Martyrs" (Latin: Sancta Maria ad Martyres) but informally known as "Santa Maria Rotonda".
8005:123145639759872::Thread-78 2020-08-09 18:59:36.684 - Founded as a Roman city, in the Middle Ages Barcelona became the capital of the County of Barcelona.
8004:123145639759872::Thread-78 2020-08-09 18:59:36.863 - It is the fourth-most valuable sports team in the world, worth $4.06 billion, and the world's richest football club in terms of revenue, with an annual turnover of €840,8 million.
8004:123145639759872::Thread-78 2020-08-09 18:59:37.126 - The official Barcelona anthem is the "Cant del Barça", written by Jaume Picas and Josep Maria Espinàs.Domestically, Barcelona has won a record 74 trophies: 26 La Liga, 30 Copa del Rey, 13 Supercopa de España, 3 Copa Eva Duarte, and 2 Copa de la Liga trophies, as well as being the record holder for the latter four competitions.
8006:123145639759872::Thread-78 2020-08-09 18:59:37.242 - **START**
8004:123145639759872::Thread-78 2020-08-09 18:59:37.295 - In international club football, the club has won 20 European and worldwide titles: 5 UEFA Champions League titles, a record 4 UEFA Cup Winners' Cup, a joint record 5 UEFA Super Cup, a record 3 Inter-Cities Fairs Cup, and 3 FIFA Club World Cup.
8005:123145639759872::Thread-78 2020-08-09 18:59:37.417 - After merging with the Kingdom of Aragon, Barcelona continued to be an important city in the Crown of Aragon as an economic and administrative centre of this Crown and the capital of the Principality of Catalonia.
8006:123145639759872::Thread-78 2020-08-09 18:59:37.488 - Starting new HTTPS connection (1): en.wikipedia.org
8003:123145639759872::Thread-78 2020-08-09 18:59:37.814 - The square in front of the Pantheon is called Piazza della Rotonda.
8004:123145639759872::Thread-78 2020-08-09 18:59:38.014 - Barcelona was ranked first in the International Federation of Football History & Statistics Club World Ranking for 1997, 2009, 2011, 2012, and 2015 and currently occupies the third position on the UEFA club rankings.
8004:123145639759872::Thread-78 2020-08-09 18:59:38.057 - The club has a long-standing rivalry with Real Madrid, and matches between the two teams are referred to as El Clásico.
8005:123145639759872::Thread-78 2020-08-09 18:59:38.322 - Barcelona has a rich cultural heritage and is today an important cultural centre and a major tourist destination.
8004:123145639759872::Thread-78 2020-08-09 18:59:38.409 - Barcelona is one of the most widely supported teams in the world, and the club has one of the largest social media following in the world among sports teams.
8005:123145639759872::Thread-78 2020-08-09 18:59:38.828 - Particularly renowned are the architectural works of Antoni Gaudí and Lluís Domènech i Montaner, which have been designated UNESCO World Heritage Sites.
8004:123145639759872::Thread-78 2020-08-09 18:59:38.966 - Barcelona players have won a record number of Ballon d'Or awards (12), with recipients including Johan Cruyff, as well as a record number of FIFA World Player of the Year awards (7), with winners including Ronaldo, Romário, Ronaldinho, and Rivaldo.
8002:123145639759872::Thread-78 2020-08-09 18:59:39.219 - Slipknot is an American heavy metal band from Des Moines, Iowa.
8005:123145639759872::Thread-78 2020-08-09 18:59:39.765 - Since 1450, it is home to the University of Barcelona.
8006:123145639759872::Thread-78 2020-08-09 18:59:40.45 - Rome (Italian and Latin: Roma [ˈroːma] (listen)) is the capital city and a special comune of Italy (named Comune di Roma Capitale) as well as the capital of the Lazio region.
8003:123145639759872::Thread-78 2020-08-09 18:59:40.66 - The Pantheon is a state property, managed by Italy's Ministry of Cultural Heritage and Activities and Tourism through the Polo Museale del Lazio; in 2013 it was visited by over 6 million people.
8005:123145639759872::Thread-78 2020-08-09 18:59:40.796 - The headquarters of the Union for the Mediterranean are located in Barcelona.
8005:123145639759872::Thread-78 2020-08-09 18:59:40.797 - **END**
8006:123145639759872::Thread-78 2020-08-09 18:59:40.928 - The city has been a major human settlement for over two millennia.
8002:123145639759872::Thread-78 2020-08-09 18:59:41.827 - The band was founded in 1995 by percussionist Shawn Crahan, drummer Joey Jordison and bassist Paul Gray.
8006:123145639759872::Thread-78 2020-08-09 18:59:42.648 - With 2,860,009 residents in 1,285 km2 (496.1 sq mi), it is also the country's most populated comune.
8003:123145639759872::Thread-78 2020-08-09 18:59:43.367 - The Pantheon's large circular domed cella, with a conventional temple portico front, was unique in Roman architecture.
8003:123145639759872::Thread-78 2020-08-09 18:59:43.368 - **END**
8006:123145639759872::Thread-78 2020-08-09 18:59:44.334 - It is the third most populous city in the European Union by population within city limits.
8002:123145639759872::Thread-78 2020-08-09 18:59:44.614 - After several lineup changes in its early years, the band settled on nine members for more than a decade: Crahan, Jordison, Gray, Craig Jones, Mick Thomson, Corey Taylor, Sid Wilson, Chris Fehn, and Jim Root.
8003:123145639759872::Thread-78 2020-08-09 18:59:46.37 - **START**
8003:123145639759872::Thread-78 2020-08-09 18:59:46.379 - Starting new HTTPS connection (1): en.wikipedia.org
8006:123145639759872::Thread-78 2020-08-09 18:59:46.452 - It is the centre of the Metropolitan City of Rome, which has a population of 4,355,725 residents, thus making it the most populous metropolitan city in Italy.
8004:123145639759872::Thread-78 2020-08-09 18:59:46.968 - **END**
8002:123145639759872::Thread-78 2020-08-09 18:59:47.148 - Gray died on May 24, 2010, and was replaced during 2011–2014 by guitarist Donnie Steele.
8002:123145639759872::Thread-78 2020-08-09 18:59:47.538 - Jordison was dismissed from the band on December 12, 2013.
8003:123145639759872::Thread-78 2020-08-09 18:59:47.784 - Epcot (stylized as EPCOT) is a theme park at the Walt Disney World Resort in Bay Lake, Florida.
8003:123145639759872::Thread-78 2020-08-09 18:59:48.088 - It is owned and operated by The Walt Disney Company through its Parks, Experiences and Products division.
8003:123145639759872::Thread-78 2020-08-09 18:59:48.499 - Inspired by an unrealized concept developed by Walt Disney, the park opened on October 1, 1982, as EPCOT Center, and was the second of four theme parks built at Walt Disney World, after the Magic Kingdom.
8006:123145639759872::Thread-78 2020-08-09 18:59:48.891 - Its metropolitan area is the third-most populous within Italy.
8006:123145639759872::Thread-78 2020-08-09 18:59:49.037 - Rome is located in the central-western portion of the Italian Peninsula, within Lazio (Latium), along the shores of the Tiber.
8003:123145639759872::Thread-78 2020-08-09 18:59:49.149 - Spanning 305 acres (1.23 km2), more than twice the size of the Magic Kingdom park, Epcot is dedicated to the celebration of human achievement, namely technological innovation and international culture, and is often referred to as a "permanent world's fair".Epcot was originally conceived by Walt Disney during the early development of Walt Disney World, as an experimental planned community that would serve as a center for American enterprise and urban living.
8002:123145639759872::Thread-78 2020-08-09 18:59:49.36 - Steele left during the recording sessions for .5: The Gray Chapter.
8003:123145639759872::Thread-78 2020-08-09 18:59:50.868 - Known as "EPCOT", the idea included an urban city center, residential areas, industrial areas, schools, and a series of mass transportation systems that would connect the community.
8003:123145639759872::Thread-78 2020-08-09 18:59:51.205 - After Disney's death in 1966, the "EPCOT" concept was abandoned as the company had uncertainty about the feasibility of maintaining an operating city.
8002:123145639759872::Thread-78 2020-08-09 18:59:51.713 - The band found replacements in Alessandro Venturella on bass and Jay Weinberg on drums.
8006:123145639759872::Thread-78 2020-08-09 18:59:51.899 - Vatican City (the smallest country in the world) is an independent country inside the city boundaries of Rome, the only existing example of a country within a city; for this reason Rome has sometimes been defined as the capital of two states.Rome's history spans 28 centuries.
8003:123145639759872::Thread-78 2020-08-09 18:59:52.14 - In the 1970s, WED Enterprises began developing a second theme park for the resort to supplement Magic Kingdom, as that park's popularity grew.
8006:123145639759872::Thread-78 2020-08-09 18:59:52.415 - While Roman mythology dates the founding of Rome at around 753 BC, the site has been inhabited for much longer, making it one of the oldest continuously occupied cities in Europe.
8005:123145639759872::Thread-78 2020-08-09 18:59:52.799 - **START**
8005:123145639759872::Thread-78 2020-08-09 18:59:52.804 - Starting new HTTPS connection (1): en.wikipedia.org
8006:123145639759872::Thread-78 2020-08-09 18:59:52.805 - The city's early population originated from a mix of Latins, Etruscans, and Sabines.
8003:123145639759872::Thread-78 2020-08-09 18:59:53.853 - The new park maintained the idea of showcasing modern innovation through avant-garde edutainment attractions, as well as the addition of a world nations exposition.
8005:123145639759872::Thread-78 2020-08-09 18:59:53.873 - Darth Vader is a fictional character in the Star Wars franchise.
8003:123145639759872::Thread-78 2020-08-09 18:59:54.05 - The newly-designed park, featuring two sections—Future World and World Showcase—opened as EPCOT Center in 1982.
8002:123145639759872::Thread-78 2020-08-09 18:59:54.267 - After the departure of Jordison, as of December 2013 the only founding member in the current lineup is percussionist Crahan.
8005:123145639759872::Thread-78 2020-08-09 18:59:54.372 - Born Anakin Skywalker, the character is a primary antagonist in the original trilogy and a primary protagonist in the prequel trilogy.
8005:123145639759872::Thread-78 2020-08-09 18:59:55.003 - Star Wars creator George Lucas has collectively referred to the first six episodic films of the franchise as "the tragedy of Darth Vader".Originally a slave on Tatooine, Anakin Skywalker is a Jedi prophesied to bring balance to the Force.
8002:123145639759872::Thread-78 2020-08-09 18:59:55.363 - Fehn was also dismissed from the band in March 2019 prior to the writing of We Are Not Your Kind.
8005:123145639759872::Thread-78 2020-08-09 18:59:55.476 - He is lured to the dark side of the Force by Palpatine and becomes a Sith Lord.
8003:123145639759872::Thread-78 2020-08-09 18:59:56.024 - In 1994, the park was renamed to "Epcot", dropping the acronym and "Center" from the name.
8005:123145639759872::Thread-78 2020-08-09 18:59:56.466 - After a lightsaber battle with his former mentor Obi-Wan Kenobi, in which he is severely burnt and dismembered, Vader is transformed into a cyborg.
8005:123145639759872::Thread-78 2020-08-09 18:59:56.959 - He then serves the Galactic Empire as its chief enforcer until he ultimately redeems himself by saving his son, Luke Skywalker, and killing Palpatine, sacrificing his own life in the process.
8004:123145639759872::Thread-78 2020-08-09 18:59:56.969 - **START**
8004:123145639759872::Thread-78 2020-08-09 18:59:56.991 - Starting new HTTPS connection (1): en.wikipedia.org
8005:123145639759872::Thread-78 2020-08-09 18:59:57.7 - He is also the secret husband of Padmé Amidala, father of Princess Leia, and grandfather of Kylo Ren.
8006:123145639759872::Thread-78 2020-08-09 18:59:57.807 - **END**
8002:123145639759872::Thread-78 2020-08-09 18:59:57.993 - Slipknot is well known for its attention-grabbing image, aggressive style of music, and energetic and chaotic live shows.
8005:123145639759872::Thread-78 2020-08-09 18:59:57.999 - The character has been portrayed by numerous actors: David Prowse physically portrayed Vader while James Earl Jones voiced him in the original trilogy, and Sebastian Shaw portrayed the unmasked Anakin in Return of the Jedi, as well as the character's spirit in the original release of that film.
8005:123145639759872::Thread-78 2020-08-09 18:59:58.397 - Jake Lloyd and Hayden Christensen played the character in the prequel trilogy in the first and next two films, respectively, with Christensen also replacing Shaw as Anakin's spirit with the 2004 re-release of Return of the Jedi.
8004:123145639759872::Thread-78 2020-08-09 18:59:58.6 - LaMelo LaFrance Ball (born August 22, 2001) is an American professional basketball player who last played for the Illawarra Hawks of the National Basketball League (NBL).
8005:123145639759872::Thread-78 2020-08-09 18:59:58.623 - His cinematic appearances span the first six Star Wars films, as well as Rogue One.
8004:123145639759872::Thread-78 2020-08-09 18:59:58.759 - Listed at 6 feet 7 inches (2.01 m) and 181 pounds (82 kg), he plays the point guard position.
8002:123145639759872::Thread-78 2020-08-09 18:59:58.998 - **END**
8004:123145639759872::Thread-78 2020-08-09 18:59:59.395 - Ball began high school at Chino Hills High School in California, where he won a state championship and achieved national success as a freshman with his older brothers Lonzo, now an NBA guard, and LiAngelo.
8004:123145639759872::Thread-78 2020-08-09 19:00:00.234 - Before his junior season, a coaching dispute prompted him to leave Chino Hills and sign with Lithuanian professional team Prienai.
8004:123145639759872::Thread-78 2020-08-09 19:00:00.839 - In 2018, he played in the Junior Basketball Association (JBA), a league created by his father, before returning to high school as a senior with SPIRE Institute in Ohio.
8004:123145639759872::Thread-78 2020-08-09 19:00:01.448 - A former UCLA commit, he was a five-star recruit but chose to forgo college basketball amid eligibility concerns and play for the Illawarra Hawks in Australia in 2019, winning NBL Rookie of the Year.
8005:123145639759872::Thread-78 2020-08-09 19:00:01.624 - **END**
8004:123145639759872::Thread-78 2020-08-09 19:00:01.97 - Ball and his brothers have attracted national attention since playing together in high school.
8004:123145639759872::Thread-78 2020-08-09 19:00:02.308 - His father, LaVar, also grew into a media personality in 2017.
8004:123145639759872::Thread-78 2020-08-09 19:00:03.209 - Ball has a signature shoe by his father's company, Big Baller Brand, and a role on his family's Facebook Watch reality show Ball in the Family.
8004:123145639759872::Thread-78 2020-08-09 19:00:03.43 - Early life
Ball was trained in basketball by his father, LaVar, as soon as he could walk.
8003:123145639759872::Thread-78 2020-08-09 19:00:05.026 - **END**
8002:123145639759872::Thread-78 2020-08-09 19:00:09.001 - **START**
8002:123145639759872::Thread-78 2020-08-09 19:00:09.006 - Starting new HTTPS connection (1): en.wikipedia.org
8002:123145639759872::Thread-78 2020-08-09 19:00:09.633 - North Macedonia (Macedonia until February 2019), officially the Republic of North Macedonia, is a country in the Balkan Peninsula in Southeast Europe.
8002:123145639759872::Thread-78 2020-08-09 19:00:09.729 - It gained its independence in 1991 as one of the successor states of Yugoslavia.
8002:123145639759872::Thread-78 2020-08-09 19:00:10.332 - A landlocked country, North Macedonia has borders with Kosovo to the northwest, Serbia to the northeast, Bulgaria to the east, Greece to the south, and Albania to the west.
8002:123145639759872::Thread-78 2020-08-09 19:00:10.875 - It constitutes approximately the northern third of the larger geographical region of Macedonia.
8004:123145639759872::Thread-78 2020-08-09 19:00:11.432 - **END**
8002:123145639759872::Thread-78 2020-08-09 19:00:11.84 - The capital and largest city, Skopje, is home to roughly a quarter of the country's 2.06 million inhabitants.
8002:123145639759872::Thread-78 2020-08-09 19:00:12.668 - The majority of the residents are ethnic Macedonians, a South Slavic people.
8006:123145639759872::Thread-78 2020-08-09 19:00:12.811 - **START**
8006:123145639759872::Thread-78 2020-08-09 19:00:12.821 - Starting new HTTPS connection (1): en.wikipedia.org
8002:123145639759872::Thread-78 2020-08-09 19:00:13.108 - Albanians form a significant minority at around 25%, followed by Turks, Romani, Serbs, Bosniaks, and Aromanians.
8006:123145639759872::Thread-78 2020-08-09 19:00:13.926 - Manchester United Football Club is a professional football club based in Old Trafford, Greater Manchester, England, that competes in the Premier League, the top flight of English football.
8002:123145639759872::Thread-78 2020-08-09 19:00:14.051 - The history of the region dates back to antiquity, beginning with the kingdom of Paeonia, presumably a mixed Thraco-Illyrian polity.
8002:123145639759872::Thread-78 2020-08-09 19:00:14.456 - In the late sixth century BC, the area was subjugated by the Persian Achaemenid Empire, then incorporated into the kingdom of Macedonia in the fourth century BC.
8002:123145639759872::Thread-78 2020-08-09 19:00:15.443 - The Romans conquered the region in the second century BC and made it part of the larger province of Macedonia.
8002:123145639759872::Thread-78 2020-08-09 19:00:16.128 - The area remained part of the Byzantine Empire, but was often raided and settled by Slavic tribes beginning in the sixth century of the Christian era.
8006:123145639759872::Thread-78 2020-08-09 19:00:16.48 - Nicknamed "the Red Devils", the club was founded as Newton Heath LYR Football Club in 1878, changed its name to Manchester United in 1902 and moved to its current stadium, Old Trafford, in 1910.
8006:123145639759872::Thread-78 2020-08-09 19:00:17.364 - Manchester United have won more trophies than any other club in English football, with a record 20 League titles, 12 FA Cups, five League Cups and a record 21 FA Community Shields.
8006:123145639759872::Thread-78 2020-08-09 19:00:18.192 - United have also won three UEFA Champions Leagues, one UEFA Europa League, one UEFA Cup Winners' Cup, one UEFA Super Cup, one Intercontinental Cup and one FIFA Club World Cup.
8006:123145639759872::Thread-78 2020-08-09 19:00:21.155 - In 1998–99, the club became the first in the history of English football to achieve the continental European treble.
8006:123145639759872::Thread-78 2020-08-09 19:00:22.466 - By winning the UEFA Europa League in 2016–17, they became one of five clubs to have won all three main UEFA club competitions.
8006:123145639759872::Thread-78 2020-08-09 19:00:22.624 - The 1958 Munich air disaster claimed the lives of eight players.
8006:123145639759872::Thread-78 2020-08-09 19:00:24.663 - In 1968, under the management of Matt Busby, Manchester United became the first English football club to win the European Cup.
8002:123145639759872::Thread-78 2020-08-09 19:00:25.13 - **END**
8006:123145639759872::Thread-78 2020-08-09 19:00:25.174 - Alex Ferguson won 38 trophies as manager, including 13 Premier League titles, 5 FA Cups and 2 UEFA Champions Leagues, between 1986 and 2013, when he announced his retirement.
8006:123145639759872::Thread-78 2020-08-09 19:00:25.646 - Manchester United was the highest-earning football club in the world for 2016–17, with an annual revenue of €676.3 million, and the world's third most valuable football club in 2019, valued at £3.15 billion ($3.81 billion).
8006:123145639759872::Thread-78 2020-08-09 19:00:25.647 - **END**