8004:123146102484992::Thread-188 2020-08-09 18:59:27.262 - **START**
8002:123146102484992::Thread-188 2020-08-09 18:59:27.363 - **START**
8004:123146102484992::Thread-188 2020-08-09 18:59:27.544 - Starting new HTTPS connection (1): en.wikipedia.org
8002:123146102484992::Thread-188 2020-08-09 18:59:27.941 - Starting new HTTPS connection (1): en.wikipedia.org
8005:123146102484992::Thread-188 2020-08-09 18:59:28.23 - **START**
8005:123146102484992::Thread-188 2020-08-09 18:59:28.351 - Starting new HTTPS connection (1): en.wikipedia.org
8002:123146102484992::Thread-188 2020-08-09 18:59:29.343 - Guinea-Bissau ( (listen); Portuguese: Guiné-Bissau), officially the Republic of Guinea-Bissau (Portuguese: República da Guiné-Bissau [ʁɛˈpuβlikɐ ðɐ ɣiˈnɛ βiˈsaw]), is a country in West Africa that covers 36,125 square kilometres (13,948 sq mi) with an estimated population of 1,874,303.
8002:123146102484992::Thread-188 2020-08-09 18:59:30.059 - It borders Senegal to the north and Guinea to the south-east.
8004:123146102484992::Thread-188 2020-08-09 18:59:30.517 - Monaco ( (listen); French pronunciation: ​[mɔnako]), officially the Principality of Monaco (French: Principauté de Monaco), is a sovereign city-state, country, and microstate on the French Riviera in Western Europe.
8006:123146102484992::Thread-188 2020-08-09 18:59:31.275 - **START**
8006:123146102484992::Thread-188 2020-08-09 18:59:31.495 - Starting new HTTPS connection (1): en.wikipedia.org
8004:123146102484992::Thread-188 2020-08-09 18:59:31.866 - It is bordered by France to the north, east and west, and by the Mediterranean Sea to the south.
8005:123146102484992::Thread-188 2020-08-09 18:59:31.974 - Mark Elliot Zuckerberg (; born May 14, 1984) is an American media magnate, internet entrepreneur, and philanthropist.
8002:123146102484992::Thread-188 2020-08-09 18:59:32.065 - Guinea-Bissau was once part of the kingdom of Kaabu, as well as part of the Mali Empire.
8004:123146102484992::Thread-188 2020-08-09 18:59:32.69 - The principality is home to 38,682 residents and is widely recognised for being one of the most expensive and wealthiest places in the world.
8004:123146102484992::Thread-188 2020-08-09 18:59:33.445 - The official language is French, although Monégasque, English and Italian are spoken and understood by a sizeable group.With an area of 2.1 km2 (0.81 sq mi), it is one of the smallest sovereign states in Europe and the second-smallest in the world, after the Vatican City.
8006:123146102484992::Thread-188 2020-08-09 18:59:33.535 - The Erie Canal is a canal in New York, United States that is part of the east–west, cross-state route of the New York State Canal System (formerly known as the New York State Barge Canal).
8006:123146102484992::Thread-188 2020-08-09 18:59:34.09 - Originally, it ran 363 miles (584 km) from the Hudson River in Albany to Lake Erie in Buffalo.
8003:123146102484992::Thread-188 2020-08-09 18:59:34.288 - **START**
8002:123146102484992::Thread-188 2020-08-09 18:59:34.427 - Parts of this kingdom persisted until the 18th century, while a few others were under some rule by the Portuguese Empire since the 16th century.
8005:123146102484992::Thread-188 2020-08-09 18:59:34.772 - He is known for co-founding Facebook, Inc. and serves as its chairman, chief executive officer, and controlling shareholder.
8006:123146102484992::Thread-188 2020-08-09 18:59:34.87 - It was built to create a navigable water route from New York City and the Atlantic Ocean to the Great Lakes.
8006:123146102484992::Thread-188 2020-08-09 18:59:34.927 - When completed in 1825, it was the second longest canal in the world (after the Grand Canal in China) and greatly enhanced the development and economy of New York, New York City, and the United States.The canal was first proposed in the 1780s, then re-proposed in 1807.
8003:123146102484992::Thread-188 2020-08-09 18:59:35.03 - Starting new HTTPS connection (1): en.wikipedia.org
8004:123146102484992::Thread-188 2020-08-09 18:59:35.218 - Its 19,009 inhabitants per square kilometre (49,230/sq mi), make it the most densely-populated sovereign state in the world.
8006:123146102484992::Thread-188 2020-08-09 18:59:35.648 - A survey was authorized, funded, and executed in 1808.
8006:123146102484992::Thread-188 2020-08-09 18:59:35.752 - Proponents of the project gradually wore down opponents; its construction began in 1817.
8006:123146102484992::Thread-188 2020-08-09 18:59:35.829 - The canal has 34 numbered locks starting with Black Rock Lock and ending downstream with the Troy Federal Lock.
8002:123146102484992::Thread-188 2020-08-09 18:59:36.051 - In the 19th century, it was colonised as Portuguese Guinea.
8006:123146102484992::Thread-188 2020-08-09 18:59:36.07 - Both are owned by the federal government.
8006:123146102484992::Thread-188 2020-08-09 18:59:36.288 - It has an elevation difference of about 565 feet (172 m).
8002:123146102484992::Thread-188 2020-08-09 18:59:36.545 - Upon independence, declared in 1973 and recognised in 1974, the name of its capital, Bissau, was added to the country's name to prevent confusion with Guinea (formerly French Guinea).
8006:123146102484992::Thread-188 2020-08-09 18:59:37.114 - It opened on October 26, 1825.In a time when bulk goods were limited to pack animals (a 250-pound (113 kg) maximum), and there were no railways, water was the most cost-effective way to ship bulk goods.
8005:123146102484992::Thread-188 2020-08-09 18:59:37.148 - He also is a co-founder of the solar sail spacecraft development project Breakthrough Starshot and serves as one of its board members.Born in White Plains, New York, Zuckerberg attended Harvard University, where he launched the Facebook social networking service from his dormitory room on February 4, 2004, with college roommates Eduardo Saverin, Andrew McCollum, Dustin Moskovitz, and Chris Hughes.
8002:123146102484992::Thread-188 2020-08-09 18:59:37.172 - Guinea-Bissau has a history of political instability since independence, and only one elected president (José Mário Vaz) has successfully served a full five-year term.Only about 2% of the population speaks Portuguese, the official language, as a first language, and 33% speak it as a second language.
8004:123146102484992::Thread-188 2020-08-09 18:59:37.775 - Monaco has a land border of 5.47 km (3.40 mi), the world's shortest coastline of approximately 3.83 km (2.38 mi), and a width that varies between 1,700 and 349 m (5,577 and 1,145 ft).
8002:123146102484992::Thread-188 2020-08-09 18:59:38.583 - However, Creole is the national language and also considered the language of unity.
8004:123146102484992::Thread-188 2020-08-09 18:59:38.694 - The highest point in the country is a narrow pathway named Chemin des Révoires on the slopes of Mont Agel, in the Les Révoires Ward, which is 161 metres (528 feet) above sea level.
8003:123146102484992::Thread-188 2020-08-09 18:59:39.649 - Borobudur, or Barabudur (Indonesian: Candi Borobudur, Javanese: ꦕꦤ꧀ꦣꦶꦧꦫꦧꦸꦣꦸꦂ, romanized: Candhi Barabudhur) is a 9th-century Mahayana Buddhist temple in Magelang Regency, not far from the town of Muntilan, in Central Java, Indonesia.
8003:123146102484992::Thread-188 2020-08-09 18:59:39.894 - It is the world's largest Buddhist temple.
8004:123146102484992::Thread-188 2020-08-09 18:59:39.919 - The principality is about 15 km (9.3 mi) from the state border with Italy.
8005:123146102484992::Thread-188 2020-08-09 18:59:39.981 - Originally launched to select college campuses, the site expanded rapidly and eventually beyond colleges, reaching one billion users by 2012.
8005:123146102484992::Thread-188 2020-08-09 18:59:40.711 - Zuckerberg took the company public in May 2012 with majority shares.
8002:123146102484992::Thread-188 2020-08-09 18:59:40.758 - According to a 2012 study, 54% of the population speak Creole as a first language and about 52% speak it as a second language.
8002:123146102484992::Thread-188 2020-08-09 18:59:40.859 - The remainder speak a variety of native African languages.
8005:123146102484992::Thread-188 2020-08-09 18:59:41.269 - In 2007, at age 23, he became the world's youngest self-made billionaire.
8004:123146102484992::Thread-188 2020-08-09 18:59:41.557 - Its most populous Quartier is Monte Carlo and the most populous Ward is Larvotto/Bas Moulins.
8003:123146102484992::Thread-188 2020-08-09 18:59:41.582 - The temple consists of nine stacked platforms, six square and three circular, topped by a central dome.
8005:123146102484992::Thread-188 2020-08-09 18:59:42.598 - As of August 8th, 2020, Zuckerberg’s net worth was estimated at $98.6 billion and he is listed by Forbes as the 4th-richest person in the world.
8003:123146102484992::Thread-188 2020-08-09 18:59:43.383 - It is decorated with 2,672 relief panels and 504 Buddha statues.
8003:123146102484992::Thread-188 2020-08-09 18:59:43.758 - The central dome is surrounded by 72 Buddha statues, each seated inside a perforated stupa.Built in the 9th century during the reign of the Sailendra Dynasty, the temple design follows Javanese Buddhist architecture, which blends the Indonesian indigenous cult of ancestor worship and the Buddhist concept of attaining Nirvana.
8004:123146102484992::Thread-188 2020-08-09 18:59:44.258 - Through land reclamation, Monaco's land mass has expanded by 20 percent.
8005:123146102484992::Thread-188 2020-08-09 18:59:44.824 - As of 2019, he is the only person under 50 in the Forbes ten richest people list, and the only one under 40 in the Top 20 Billionaires list.Since 2010, Time magazine has named Zuckerberg among the 100 wealthiest and most influential people in the world as a part of its Person of the Year award.
8003:123146102484992::Thread-188 2020-08-09 18:59:45.105 - The temple demonstrates the influences of Gupta art that reflects India's influence on the region, yet there are enough indigenous scenes and elements incorporated to make Borobudur uniquely Indonesian.
8005:123146102484992::Thread-188 2020-08-09 18:59:45.227 - In December 2016, Zuckerberg was ranked 10th on Forbes list of The World's Most Powerful People.
8006:123146102484992::Thread-188 2020-08-09 18:59:46.118 - **END**
8003:123146102484992::Thread-188 2020-08-09 18:59:47.059 - The monument is a shrine to the Lord Buddha and a place for Buddhist pilgrimage.
8003:123146102484992::Thread-188 2020-08-09 18:59:48.449 - The pilgrim journey begins at the base of the monument and follows a path around the monument, ascending to the top through three levels symbolic of Buddhist cosmology: Kāmadhātu (the world of desire), Rūpadhātu (the world of forms) and Arūpadhātu (the world of formlessness).
8003:123146102484992::Thread-188 2020-08-09 18:59:49.559 - The monument guides pilgrims through an extensive system of stairways and corridors with 1,460 narrative relief panels on the walls and the balustrades.
8002:123146102484992::Thread-188 2020-08-09 18:59:49.871 - **END**
8003:123146102484992::Thread-188 2020-08-09 18:59:51.474 - Borobudur has one of the largest and most complete ensembles of Buddhist reliefs in the world.Evidence suggests that Borobudur was constructed in the 9th century and subsequently abandoned following the 14th-century decline of Hindu kingdoms in Java and the Javanese conversion to Islam.
8002:123146102484992::Thread-188 2020-08-09 18:59:51.877 - **START**
8002:123146102484992::Thread-188 2020-08-09 18:59:51.884 - Starting new HTTPS connection (1): en.wikipedia.org
8005:123146102484992::Thread-188 2020-08-09 18:59:52.232 - **END**
8004:123146102484992::Thread-188 2020-08-09 18:59:53.259 - **END**
8002:123146102484992::Thread-188 2020-08-09 18:59:54.182 - William I (c. 1028 – 9 September 1087), usually known as William the Conqueror and sometimes William the Bastard, was the first Norman King of England, reigning from 1066 until his death in 1087.
8002:123146102484992::Thread-188 2020-08-09 18:59:54.314 - He was a descendant of Rollo and was Duke of Normandy from 1035 onward.
8002:123146102484992::Thread-188 2020-08-09 18:59:55.727 - His hold was secure on Normandy by 1060, following a long struggle to establish his throne, and he launched the Norman conquest of England six years later.
8006:123146102484992::Thread-188 2020-08-09 18:59:57.124 - **START**
8006:123146102484992::Thread-188 2020-08-09 18:59:57.135 - Starting new HTTPS connection (1): en.wikipedia.org
8002:123146102484992::Thread-188 2020-08-09 18:59:57.178 - The rest of his life was marked by struggles to consolidate his hold over England and his continental lands and by difficulties with his eldest son, Robert Curthose.
8002:123146102484992::Thread-188 2020-08-09 18:59:57.409 - William was the son of the unmarried Robert I, Duke of Normandy, by his mistress Herleva.
8003:123146102484992::Thread-188 2020-08-09 18:59:57.482 - **END**
8002:123146102484992::Thread-188 2020-08-09 18:59:58.757 - His illegitimate status and his youth caused some difficulties for him after he succeeded his father, as did the anarchy which plagued the first years of his rule.
8006:123146102484992::Thread-188 2020-08-09 18:59:58.868 - Adolf Hitler (German: [ˈadɔlf ˈhɪtlɐ] (listen); 20 April 1889 – 30 April 1945) was a German politician and leader of the Nazi Party (Nationalsozialistische Deutsche Arbeiterpartei; NSDAP).
8002:123146102484992::Thread-188 2020-08-09 18:59:59.606 - During his childhood and adolescence, members of the Norman aristocracy battled each other, both for control of the child duke and for their own ends.
8006:123146102484992::Thread-188 2020-08-09 19:00:00.273 - He rose to power as the chancellor of Germany in 1933 and then as Führer in 1934.
8006:123146102484992::Thread-188 2020-08-09 19:00:00.541 - During his dictatorship from 1933 to 1945, he initiated World War II in Europe by invading Poland on 1 September 1939.
8002:123146102484992::Thread-188 2020-08-09 19:00:00.563 - In 1047, William was able to quash a rebellion and begin to establish his authority over the duchy, a process that was not complete until about 1060.
8006:123146102484992::Thread-188 2020-08-09 19:00:01.798 - He was closely involved in military operations throughout the war and was central to the perpetration of the Holocaust.
8002:123146102484992::Thread-188 2020-08-09 19:00:01.869 - His marriage in the 1050s to Matilda of Flanders provided him with a powerful ally in the neighbouring county of Flanders.
8006:123146102484992::Thread-188 2020-08-09 19:00:02.496 - Hitler was born in Austria—then part of Austria-Hungary—and was raised near Linz.
8005:123146102484992::Thread-188 2020-08-09 19:00:03.234 - **START**
8005:123146102484992::Thread-188 2020-08-09 19:00:03.249 - Starting new HTTPS connection (1): en.wikipedia.org
8003:123146102484992::Thread-188 2020-08-09 19:00:03.487 - **START**
8003:123146102484992::Thread-188 2020-08-09 19:00:03.654 - Starting new HTTPS connection (1): en.wikipedia.org
8006:123146102484992::Thread-188 2020-08-09 19:00:04.113 - He moved to Germany in 1913 and was decorated during his service in the German Army in World War I.
8005:123146102484992::Thread-188 2020-08-09 19:00:04.487 - Halloween or Hallowe'en (a contraction of Hallows' Even or Hallows' Evening), also known as Allhalloween, All Hallows' Eve, or All Saints' Eve, is a celebration observed in many countries  on 31 October, the eve of the Western Christian feast of All Hallows' Day.
8003:123146102484992::Thread-188 2020-08-09 19:00:04.758 - Mark William Calaway (born March 24, 1965), better known by the ring name The Undertaker, is an American professional wrestler.
8005:123146102484992::Thread-188 2020-08-09 19:00:05.124 - It begins the three-day observance of Allhallowtide, the time in the liturgical year dedicated to remembering the dead, including saints (hallows), martyrs, and all the faithful departed.It is widely believed that many Halloween traditions originated from ancient Celtic harvest festivals, particularly the Gaelic festival Samhain; that such festivals may have had pagan roots; and that Samhain itself was Christianized as Halloween by the early Church.
8005:123146102484992::Thread-188 2020-08-09 19:00:05.173 - Some believe, however, that Halloween began solely as a Christian holiday, separate from ancient festivals like Samhain.Halloween activities include trick-or-treating (or the related guising and souling), attending Halloween costume parties, carving pumpkins into jack-o'-lanterns, lighting bonfires, apple bobbing, divination games, playing pranks, visiting haunted attractions, telling scary stories, as well as watching horror films.
8005:123146102484992::Thread-188 2020-08-09 19:00:05.338 - In many parts of the world, the Christian religious observances of All Hallows' Eve, including attending church services and lighting candles on the graves of the dead, remain popular, although elsewhere it is a more commercial and secular celebration.
8005:123146102484992::Thread-188 2020-08-09 19:00:05.57 - Some Christians historically abstained from meat on All Hallows' Eve, a tradition reflected in the eating of certain vegetarian foods on this vigil day, including apples, potato pancakes, and soul cakes.
8003:123146102484992::Thread-188 2020-08-09 19:00:05.583 - He is currently signed to WWE.
8006:123146102484992::Thread-188 2020-08-09 19:00:05.999 - In 1919, he joined the German Workers' Party (DAP), the precursor of the NSDAP, and was appointed leader of the NSDAP in 1921.
8006:123146102484992::Thread-188 2020-08-09 19:00:06.168 - In 1923, he attempted to seize power in a failed coup in Munich and was imprisoned.
8004:123146102484992::Thread-188 2020-08-09 19:00:06.267 - **START**
8004:123146102484992::Thread-188 2020-08-09 19:00:06.277 - Starting new HTTPS connection (1): en.wikipedia.org
8005:123146102484992::Thread-188 2020-08-09 19:00:06.319 - Etymology

The word Halloween or Hallowe'en dates to about 1745 and is of Christian origin.
8005:123146102484992::Thread-188 2020-08-09 19:00:06.413 - The word "Hallowe'en" means "Saints' evening".
8003:123146102484992::Thread-188 2020-08-09 19:00:06.532 - Widely regarded as one of the greatest professional wrestlers of all time, The Undertaker is a seven-time world heavyweight champion in WWF/E, having held the WWF/E Championship four times and World Heavyweight Championship three times.
8003:123146102484992::Thread-188 2020-08-09 19:00:06.586 - Calaway began his career in 1987, working as various gimmicks for World Class Championship Wrestling (WCCW) and other affiliate promotions, and he became USWA Unified World Heavyweight Champion and WCWA Texas Heavyweight Champion during this time.
8005:123146102484992::Thread-188 2020-08-09 19:00:06.817 - It comes from a Scottish term for All Hallows' Eve (the evening before All Hallows' Day).
8002:123146102484992::Thread-188 2020-08-09 19:00:06.871 - **END**
8005:123146102484992::Thread-188 2020-08-09 19:00:07.11 - In Scots, the word "eve" is even, and this is contracted to e'en or een.
8003:123146102484992::Thread-188 2020-08-09 19:00:07.247 - After signing with World Championship Wrestling (WCW) in 1989, he had a brief stint in the mid-card as "Mean Mark" Callous, before joining the World Wrestling Federation (WWF, now WWE) in 1990.
8005:123146102484992::Thread-188 2020-08-09 19:00:07.248 - Over time, (All) Hallow(s) E(v)en evolved into Hallowe'en.
8004:123146102484992::Thread-188 2020-08-09 19:00:07.554 - Pakistan, officially the Islamic Republic of Pakistan, is a country in South Asia.
8006:123146102484992::Thread-188 2020-08-09 19:00:07.849 - In jail, he dictated the first volume of his autobiography and political manifesto Mein Kampf ("My Struggle").
8003:123146102484992::Thread-188 2020-08-09 19:00:08.211 - Calaway was rebranded as "The Undertaker" in the WWF, and gained significant mainstream popularity as a horror-themed, macabre entity who employed scare tactics and held links to the supernatural.
8003:123146102484992::Thread-188 2020-08-09 19:00:08.217 - The longest-tenured wrestler in company history at 30 years, The Undertaker was one of the most prominent figures of the Attitude Era, a boom period in the company's business in the latter 1990s.
8003:123146102484992::Thread-188 2020-08-09 19:00:08.408 - His character transitioned into a biker in the early 2000s, before returning to a refined version of his previous gimmick in 2004.
8003:123146102484992::Thread-188 2020-08-09 19:00:08.548 - The Undertaker is heavily associated with WWE's flagship annual event, WrestleMania, where he became known for The Streak, a series of 21 straight victories, and he headlined the event on five occasions.
8003:123146102484992::Thread-188 2020-08-09 19:00:09.101 - He is also known for his pairing with his in-storyline half-brother Kane, with whom he has alternatively feuded or teamed as The Brothers of Destruction since 1997.
8003:123146102484992::Thread-188 2020-08-09 19:00:09.602 - With Kane, he held the WWF and WCW World Tag Team Championships during The Invasion storyline.
8006:123146102484992::Thread-188 2020-08-09 19:00:09.827 - After his release in 1924, Hitler gained popular support by attacking the Treaty of Versailles and promoting Pan-Germanism, anti-semitism and anti-communism with charismatic oratory and Nazi propaganda.
8004:123146102484992::Thread-188 2020-08-09 19:00:09.936 - It is the world's fifth-most populous country with a population exceeding 212.2 million.
8006:123146102484992::Thread-188 2020-08-09 19:00:10.571 - He frequently denounced international capitalism and communism as part of a Jewish conspiracy.
8003:123146102484992::Thread-188 2020-08-09 19:00:10.603 - **END**
8006:123146102484992::Thread-188 2020-08-09 19:00:11.572 - **END**
8004:123146102484992::Thread-188 2020-08-09 19:00:11.795 - It is the 33rd-largest country by area, spanning 881,913 square kilometres (340,509 square miles).
8005:123146102484992::Thread-188 2020-08-09 19:00:12.252 - **END**
8004:123146102484992::Thread-188 2020-08-09 19:00:14.47 - Pakistan has a 1,046-kilometre (650-mile) coastline along the Arabian Sea and Gulf of Oman in the south and is bordered by India to the east, Afghanistan to the west, Iran to the southwest, and China to the northeast.
8004:123146102484992::Thread-188 2020-08-09 19:00:15.349 - It is separated narrowly from Tajikistan by Afghanistan's Wakhan Corridor in the northwest, and also shares a maritime border with Oman.
8004:123146102484992::Thread-188 2020-08-09 19:00:16.804 - The territory that now constitutes Pakistan was the site of several ancient cultures and intertwined with the history of the broader Indian subcontinent.
8004:123146102484992::Thread-188 2020-08-09 19:00:17.05 - The ancient history involves the Neolithic site of Mehrgarh and the Bronze Age Indus Valley Civilisation, and was later home to kingdoms ruled by people of different faiths and cultures, including Hindus, Indo-Greeks, Muslims, Turco-Mongols, Afghans and Sikhs.
8004:123146102484992::Thread-188 2020-08-09 19:00:18.847 - The area has been ruled by numerous empires and dynasties, including the Persian Achaemenid Empire, Alexander III of Macedon, the Seleucid Empire, the Indian Maurya Empire, the Kushan Empire, the Gupta Empire, the Arab Umayyad Caliphate, the Ghurid Sultanate, the Ghaznavids Empire, the Delhi Sultanate, the Mongol Empire, the Mughal Empire, the Sur Empire, the Afghan Durrani Empire, the Sikh Empire (partially) and, most recently, the British Indian Empire.Pakistan gained independence in 1947 as a homeland for Indian Muslims following the Pakistan Movement, which sought statehood for the Muslim-majority regions of British India through partition.
8004:123146102484992::Thread-188 2020-08-09 19:00:20.71 - It is an ethnically and linguistically diverse country, with similarly diverse geography and wildlife.
8004:123146102484992::Thread-188 2020-08-09 19:00:23.659 - Initially a dominion, Pakistan adopted a constitution in 1956, becoming an Islamic republic.
8004:123146102484992::Thread-188 2020-08-09 19:00:31.666 - **END**