8004:123145610313728::Thread-71 2020-08-09 18:59:28.216 - **START**
8004:123145610313728::Thread-71 2020-08-09 18:59:28.368 - Starting new HTTPS connection (1): en.wikipedia.org
8004:123145610313728::Thread-71 2020-08-09 18:59:29.569 - The India Gate (originally the All India War Memorial) is a war memorial located astride the Rajpath, on the eastern edge of the "ceremonial axis" of New Delhi, formerly called Kingsway.
8004:123145610313728::Thread-71 2020-08-09 18:59:29.673 - It stands as a memorial to 70,000 soldiers of the British Indian Army who died in between 1914–1921 in the First World War, in France, Flanders, Mesopotamia, Persia, East Africa, Gallipoli and elsewhere in the Near and the Far East, and the third Anglo-Afghan War.
8004:123145610313728::Thread-71 2020-08-09 18:59:29.867 - 13,300 servicemen's names, including some soldiers and officers from the United Kingdom, are inscribed on the gate.
8006:123145610313728::Thread-71 2020-08-09 18:59:31.245 - **START**
8004:123145610313728::Thread-71 2020-08-09 18:59:31.32 - Designed by Sir Edwin Lutyens, the gate evokes the architectural style of the triumphal arch such as the Arch of Constantine, in Rome, and is often compared to the Arc de Triomphe in Paris, and the Gateway of India in Mumbai.
8006:123145610313728::Thread-71 2020-08-09 18:59:31.518 - Starting new HTTPS connection (1): en.wikipedia.org
8004:123145610313728::Thread-71 2020-08-09 18:59:33.169 - Following the Bangladesh Liberation war in 1972, a structure consisting of a black marble plinth with a reversed rifle, capped by a war helmet and bounded by four eternal flames, was built beneath the archway.
8005:123145610313728::Thread-71 2020-08-09 18:59:33.204 - **START**
8004:123145610313728::Thread-71 2020-08-09 18:59:34.028 - This structure, called Amar Jawan Jyoti (Flame of the Immortal Soldier), has since 1971 served as India's tomb of the unknown soldier.
8006:123145610313728::Thread-71 2020-08-09 18:59:34.474 - Mercedes-Benz Stadium is a multi-purpose stadium located in Atlanta, Georgia, United States.
8004:123145610313728::Thread-71 2020-08-09 18:59:35.129 - India Gate is counted amongst the largest war memorials in India and every Republic Day, the Prime Minister visits the gate to pay their tributes to the Amar Jawan Jyoti, following which the Republic Day parade starts.
8003:123145610313728::Thread-71 2020-08-09 18:59:35.255 - **START**
8002:123145610313728::Thread-71 2020-08-09 18:59:35.313 - **START**
8005:123145610313728::Thread-71 2020-08-09 18:59:36.043 - Starting new HTTPS connection (1): en.wikipedia.org
8006:123145610313728::Thread-71 2020-08-09 18:59:36.081 - Opened in August 2017 as a replacement for the Georgia Dome, it serves as the home stadium of the Atlanta Falcons of the National Football League (NFL) and Atlanta United FC of Major League Soccer (MLS).
8004:123145610313728::Thread-71 2020-08-09 18:59:36.248 - The memorial-gate is also a popular spot for protests by the civil society in New Delhi.
8003:123145610313728::Thread-71 2020-08-09 18:59:36.598 - Starting new HTTPS connection (1): en.wikipedia.org
8002:123145610313728::Thread-71 2020-08-09 18:59:36.993 - Starting new HTTPS connection (1): en.wikipedia.org
8004:123145610313728::Thread-71 2020-08-09 18:59:37.295 - History

The India Gate was part of the work of the Imperial War Graves Commission (I.W.G.C), which came into existence in December 1917 under the British rule for building war graves and memorials to soldiers who were killed in the First World War The foundation stone of the gate, then called the All India War Memorial, was laid on 10 February 1921, at 16:30, by the visiting Duke of Connaught in a ceremony attended by Officers and Men of the British Indian Army, Imperial Service Troops, the Commander in Chief, and Chelmsford, the viceroy.
8006:123145610313728::Thread-71 2020-08-09 18:59:37.903 - The stadium is owned by the state government of Georgia through the Georgia World Congress Center Authority, and operated by AMB Group, the parent organization of the Falcons and Atlanta United.
8004:123145610313728::Thread-71 2020-08-09 18:59:39.033 - On the occasion, the viceroy is reportedly to have said, "The stirring tales of individual heroism, will live for ever in the annals of this country", and that the memorial which was a tribute to the memory of heroes, "known and unknown", would inspire future generations to endure hardships with similar fortitude and "no less valour".
8004:123145610313728::Thread-71 2020-08-09 18:59:39.039 - **END**
8006:123145610313728::Thread-71 2020-08-09 18:59:39.765 - In June 2016, the total cost of its construction was estimated at US$1.6 billion.The stadium officially opened on August 26, 2017 with a Falcons preseason game against the Arizona Cardinals, despite the retractable roof system being incomplete at the time.
8006:123145610313728::Thread-71 2020-08-09 18:59:39.796 - Several events formerly held at the Georgia Dome moved to Mercedes-Benz Stadium following its completion, including the SEC football championship game and the Peach Bowl.
8005:123145610313728::Thread-71 2020-08-09 18:59:40.577 - Rio de Janeiro (; Portuguese: [ˈʁi.u d(ʒi) ʒɐˈne(j)ɾu] (listen);), or simply Rio, is anchor to the Rio de Janeiro metropolitan area and the second-most populous municipality in Brazil and the sixth-most populous in the Americas.
8003:123145610313728::Thread-71 2020-08-09 18:59:40.718 - Pythagoras of Samos (c. 570 – c. 495 BC) was an ancient Ionian Greek philosopher and the eponymous founder of Pythagoreanism.
8005:123145610313728::Thread-71 2020-08-09 18:59:40.923 - Rio de Janeiro is the capital of the state of Rio de Janeiro, Brazil's third-most populous state, after São Paulo and Minas Gerais.
8005:123145610313728::Thread-71 2020-08-09 18:59:41.273 - Part of the city has been designated as a World Heritage Site, named "Rio de Janeiro: Carioca Landscapes between the Mountain and the Sea", by UNESCO on 1 July 2012 as a Cultural Landscape.Founded in 1565 by the Portuguese, the city was initially the seat of the Captaincy of Rio de Janeiro, a domain of the Portuguese Empire.
8003:123145610313728::Thread-71 2020-08-09 18:59:41.484 - His political and religious teachings were well known in Magna Graecia and influenced the philosophies of Plato, Aristotle, and, through them, Western philosophy.
8002:123145610313728::Thread-71 2020-08-09 18:59:41.559 - Leicester City Football Club is an English professional football club based in Leicester in the East Midlands.
8005:123145610313728::Thread-71 2020-08-09 18:59:41.603 - Later, in 1763, it became the capital of the State of Brazil, a state of the Portuguese Empire.
8006:123145610313728::Thread-71 2020-08-09 18:59:41.724 - In 2018, it hosted the College Football Playoff National Championship and the MLS Cup (as Atlanta United held home field advantage), and it hosted Super Bowl LIII in 2019.
8005:123145610313728::Thread-71 2020-08-09 18:59:41.8 - In 1808, when the Portuguese Royal Court transferred itself from Portugal to Brazil, Rio de Janeiro became the chosen seat of the court of Queen Maria I of Portugal, who subsequently, in 1815, under the leadership of her son, the Prince Regent, and future King João VI of Portugal, raised Brazil to the dignity of a kingdom, within the United Kingdom of Portugal, Brazil, and Algarves.
8002:123145610313728::Thread-71 2020-08-09 18:59:42.448 - The club competes in the Premier League, the top division of England's football league system, and plays its home matches at the King Power Stadium.The club was founded in 1884 as Leicester Fosse F.C., playing on a field near Fosse Road.
8005:123145610313728::Thread-71 2020-08-09 18:59:42.603 - Rio stayed the capital of the pluricontinental Lusitanian monarchy until 1822, when the War of Brazilian Independence began.
8005:123145610313728::Thread-71 2020-08-09 18:59:42.771 - This is one of the few instances in history that the capital of a colonising country officially shifted to a city in one of its colonies.
8006:123145610313728::Thread-71 2020-08-09 18:59:42.793 - Design


Roof
The stadium's signature feature is its retractable roof, which features a "pinwheel" consisting of eight translucent, triangular panels.
8004:123145610313728::Thread-71 2020-08-09 18:59:43.044 - **START**
8003:123145610313728::Thread-71 2020-08-09 18:59:43.098 - Knowledge of his life is clouded by legend, but he appears to have been the son of Mnesarchus, a gem-engraver on the island of Samos.
8004:123145610313728::Thread-71 2020-08-09 18:59:43.279 - Starting new HTTPS connection (1): en.wikipedia.org
8002:123145610313728::Thread-71 2020-08-09 18:59:43.325 - They moved to Filbert Street in 1891, were elected to the Football League in 1894 and adopted the name Leicester City in 1919.
8005:123145610313728::Thread-71 2020-08-09 18:59:43.748 - Rio de Janeiro subsequently served as the capital of the independent monarchy, the Empire of Brazil, until 1889, and then the capital of a republican Brazil until 1960 when the capital was transferred to Brasília.
8003:123145610313728::Thread-71 2020-08-09 18:59:44.015 - Modern scholars disagree regarding Pythagoras's education and influences, but they do agree that, around 530 BC, he travelled to Croton in southern Italy, where he founded a school in which initiates were sworn to secrecy and lived a communal, ascetic lifestyle.
8003:123145610313728::Thread-71 2020-08-09 18:59:44.018 - This lifestyle entailed a number of dietary prohibitions, traditionally said to have included vegetarianism, although modern scholars doubt that he ever advocated for complete vegetarianism.
8002:123145610313728::Thread-71 2020-08-09 18:59:44.103 - They moved to the nearby Walkers Stadium in 2002, which was renamed the King Power Stadium in 2011.Leicester won the 2015–16 Premier League, their first top-level football championship.
8002:123145610313728::Thread-71 2020-08-09 18:59:44.2 - They are one of only seven clubs to have won the Premier League since its inception in 1992.
8005:123145610313728::Thread-71 2020-08-09 18:59:44.489 - Rio de Janeiro has the second largest municipal GDP in the country, and 30th largest in the world in 2008, estimated at about R$343 billion (nearly US$201 billion).
8006:123145610313728::Thread-71 2020-08-09 18:59:44.626 - Each of the eight panels operates on two straight, parallel rails; one rail is responsible for moving the panel while the other rail stabilizes the panel.
8002:123145610313728::Thread-71 2020-08-09 18:59:44.853 - A number of newspapers described Leicester's title win as the greatest sporting shock ever; multiple bookmakers had never paid out at such long odds for any sport.
8005:123145610313728::Thread-71 2020-08-09 18:59:45.435 - It is headquarters to Brazilian oil, mining, and telecommunications companies, including two of the country's major corporations – Petrobras and Vale – and Latin America's largest telemedia conglomerate, Grupo Globo.
8003:123145610313728::Thread-71 2020-08-09 18:59:45.464 - The teaching most securely identified with Pythagoras is metempsychosis, or the "transmigration of souls", which holds that every soul is immortal and, upon death, enters into a new body.
8002:123145610313728::Thread-71 2020-08-09 18:59:45.521 - As a result, the team was dubbed "The Unbelievables", a spin-off harking back to Arsenal's undefeated team "The Invincibles".
8002:123145610313728::Thread-71 2020-08-09 18:59:45.548 - The club's previous highest finish was second place in the top flight, in 1928–29, then known as the First Division.
8002:123145610313728::Thread-71 2020-08-09 18:59:46.224 - Throughout their history, Leicester have spent all but one season in the top two divisions of English football.
8006:123145610313728::Thread-71 2020-08-09 18:59:46.481 - Closing the roof takes slightly less time than opening the roof, since the roof has to disengage the seals at the start of the opening procedure and slow down towards the end to prevent the panels from getting derailed.
8003:123145610313728::Thread-71 2020-08-09 18:59:46.568 - He may have also devised the doctrine of musica universalis, which holds that the planets move according to mathematical equations and thus resonate to produce an inaudible symphony of music.
8004:123145610313728::Thread-71 2020-08-09 18:59:46.569 - Greta Tintin Eleonora Ernman Thunberg (Swedish: [ˈɡrêːta ˈtʉ̂ːnbærj] (listen); born 3 January 2003) is a Swedish environmental activist who has gained international recognition for promoting the view that humanity is facing an existential crisis arising from climate change.
8002:123145610313728::Thread-71 2020-08-09 18:59:46.965 - They hold a joint-highest seven second-tier titles (six Second Division and one Championship).
8006:123145610313728::Thread-71 2020-08-09 18:59:47.052 - When opened, the panels are designed to create the illusion of a bird's wings extended.Architect Bill Johnson explained that the circular opening in the roof was inspired by the Roman Pantheon ("Pantheon" was also the working name for the building design).
8004:123145610313728::Thread-71 2020-08-09 18:59:47.24 - Thunberg is known for her youth and her straightforward speaking manner, both in public and to political leaders and assemblies, in which she criticises world leaders for their failure to take sufficient action to address the climate crisis.Thunberg's activism started after convincing her parents to adopt several lifestyle choices to reduce their own carbon footprint.
8004:123145610313728::Thread-71 2020-08-09 18:59:47.798 - In August 2018, at age 15, she started spending her school days outside the Swedish parliament to call for stronger action on climate change by holding up a sign reading Skolstrejk för klimatet (School strike for climate).
8003:123145610313728::Thread-71 2020-08-09 18:59:47.836 - Scholars debate whether Pythagoras developed the numerological and musical teachings attributed to him, or if those teachings were developed by his later followers, particularly Philolaus of Croton.
8004:123145610313728::Thread-71 2020-08-09 18:59:48.358 - Soon, other students engaged in similar protests in their own communities.
8004:123145610313728::Thread-71 2020-08-09 18:59:48.988 - Together, they organised a school climate strike movement under the name Fridays for Future.
8003:123145610313728::Thread-71 2020-08-09 18:59:49.011 - Following Croton's decisive victory over Sybaris in around 510 BC, Pythagoras's followers came into conflict with supporters of democracy and Pythagorean meeting houses were burned.
8003:123145610313728::Thread-71 2020-08-09 18:59:49.589 - Pythagoras may have been killed during this persecution, or escaped to Metapontum, where he eventually died.
8004:123145610313728::Thread-71 2020-08-09 18:59:50.582 - After Thunberg addressed the 2018 United Nations Climate Change Conference, student strikes took place every week somewhere in the world.
8003:123145610313728::Thread-71 2020-08-09 18:59:50.62 - **END**
8002:123145610313728::Thread-71 2020-08-09 18:59:50.967 - **END**
8004:123145610313728::Thread-71 2020-08-09 18:59:52.431 - In 2019, there were multiple coordinated multi-city protests involving over a million students each.
8005:123145610313728::Thread-71 2020-08-09 18:59:52.436 - **END**
8004:123145610313728::Thread-71 2020-08-09 18:59:53.222 - To avoid flying, Thunberg sailed to North America where she attended the 2019 UN Climate Action Summit.
8003:123145610313728::Thread-71 2020-08-09 18:59:53.632 - **START**
8003:123145610313728::Thread-71 2020-08-09 18:59:53.637 - Starting new HTTPS connection (1): en.wikipedia.org
8004:123145610313728::Thread-71 2020-08-09 18:59:54.046 - Her speech there, in which she exclaimed "how dare you", was widely taken up by the press and incorporated into music.
8006:123145610313728::Thread-71 2020-08-09 18:59:54.057 - **END**
8004:123145610313728::Thread-71 2020-08-09 18:59:54.912 - Her sudden rise to world fame has made her both a leader and a target for critics.
8002:123145610313728::Thread-71 2020-08-09 18:59:55.97 - **START**
8002:123145610313728::Thread-71 2020-08-09 18:59:55.976 - Starting new HTTPS connection (1): en.wikipedia.org
8002:123145610313728::Thread-71 2020-08-09 18:59:56.948 - Keanu Charles Reeves ( kee-AH-noo; born September 2, 1964) is a Canadian actor, author, director and musician.
8003:123145610313728::Thread-71 2020-08-09 18:59:57.077 - David is a masterpiece of Renaissance sculpture created in marble between 1501 and 1504 by the Italian artist Michelangelo.
8003:123145610313728::Thread-71 2020-08-09 18:59:57.171 - David is a 5.17-metre (17.0 ft) marble statue of the Biblical figure David, a favoured subject in the art of Florence.David was originally commissioned as one of a series of statues of prophets to be positioned along the roofline of the east end of Florence Cathedral, but was instead placed in a public square, outside the Palazzo Vecchio, the seat of civic government in Florence, in the Piazza della Signoria, where it was unveiled on 8 September 1504.
8005:123145610313728::Thread-71 2020-08-09 18:59:57.439 - **START**
8005:123145610313728::Thread-71 2020-08-09 18:59:57.445 - Starting new HTTPS connection (1): en.wikipedia.org
8002:123145610313728::Thread-71 2020-08-09 18:59:57.661 - Born in Beirut, Lebanon, Reeves grew up in Toronto.
8002:123145610313728::Thread-71 2020-08-09 18:59:58.274 - He began acting in theatre productions, and in television films before making his mainstream film debut in Youngblood (1986).
8005:123145610313728::Thread-71 2020-08-09 18:59:58.303 - Dexter is an American crime drama mystery television series that aired on Showtime from October 1, 2006, to September 22, 2013.
8002:123145610313728::Thread-71 2020-08-09 18:59:58.353 - Reeves gained recognition in his breakthrough role as Ted "Theodore" Logan in the science fiction comedy Bill & Ted's Excellent Adventure (1989).
8005:123145610313728::Thread-71 2020-08-09 18:59:58.738 - Set in Miami, the series centers on Dexter Morgan (Michael C. Hall), a forensic technician specializing in bloodstain pattern analysis for the fictional Miami Metro Police Department, who leads a secret parallel life as a vigilante serial killer, hunting down murderers who have slipped through the cracks of the justice system.
8006:123145610313728::Thread-71 2020-08-09 18:59:59.058 - **START**
8006:123145610313728::Thread-71 2020-08-09 18:59:59.066 - Starting new HTTPS connection (1): en.wikipedia.org
8003:123145610313728::Thread-71 2020-08-09 18:59:59.183 - The statue was moved to the Galleria dell'Accademia, Florence, in 1873, and later replaced at the original location by a replica.
8005:123145610313728::Thread-71 2020-08-09 18:59:59.251 - The show's first season was derived from the novel Darkly Dreaming Dexter (2004), the first in a series of novels by Jeff Lindsay.
8002:123145610313728::Thread-71 2020-08-09 18:59:59.302 - This was followed by a supporting role in Ron Howard's comedy Parenthood, 1991's Point Break, a sequel, Bill & Ted's Bogus Journey, and the independent drama My Own Private Idaho where playing a street hustler received critical praise for his performance.
8005:123145610313728::Thread-71 2020-08-09 18:59:59.44 - It was adapted for television by screenwriter James Manos Jr., who wrote the first episode.
8005:123145610313728::Thread-71 2020-08-09 18:59:59.701 - Subsequent seasons evolved independently of Lindsay's works.
8005:123145610313728::Thread-71 2020-08-09 19:00:00.102 - In February 2008, reruns (edited down to a TV-14 rating) began to air on CBS in the wake of the shortage of original programming ensuing from the 2007–08 Writers Guild of America strike, thus the reruns on CBS ended after one run of the first season.
8002:123145610313728::Thread-71 2020-08-09 19:00:00.29 - He had a supporting role in Bram Stoker's Dracula (1992), which was nominated for four Academy Awards.
8005:123145610313728::Thread-71 2020-08-09 19:00:01.06 - The series enjoyed mostly positive reviews throughout its run and popularity.
8005:123145610313728::Thread-71 2020-08-09 19:00:01.07 - The first four seasons have received universal acclaim, although reception dropped drastically as the series progressed.
8002:123145610313728::Thread-71 2020-08-09 19:00:01.272 - The action thriller Speed (1994), in which Reeves was cast as a police officer, garnered critical and commercial success, and helped Reeves gain further recognition.
8002:123145610313728::Thread-71 2020-08-09 19:00:01.605 - He followed this with a series of films box office failures, including: Johnny Mnemonic (1995), Chain Reaction (1996), and The Last Time I Committed Suicide (1997).
8005:123145610313728::Thread-71 2020-08-09 19:00:01.702 - The show has also won many awards, including two Golden Globe awards won by Hall and John Lithgow for their roles as Dexter Morgan and Arthur Mitchell, respectively.
8003:123145610313728::Thread-71 2020-08-09 19:00:01.888 - Because of the nature of the figure it represented, the statue soon came to symbolize the defence of civil liberties embodied in the Republic of Florence, an independent city-state threatened on all sides by more powerful rival states and by the hegemony of the Medici family.
8005:123145610313728::Thread-71 2020-08-09 19:00:02.116 - Season four aired its season finale on December 13, 2009, to a record-breaking audience of 2.6 million viewers, making it the most-watched original series episode ever on Showtime at that time.In April 2013, Showtime announced that season eight would be the final season of Dexter.
8002:123145610313728::Thread-71 2020-08-09 19:00:02.264 - However, his performance in the supernatural horror The Devil's Advocate (1997) was well received.
8002:123145610313728::Thread-71 2020-08-09 19:00:03.155 - Global stardom followed soon after with his lead role as computer hacker Neo in the science fiction thriller The Matrix (1999).
8003:123145610313728::Thread-71 2020-08-09 19:00:03.365 - The eyes of David, with a warning glare, were fixated towards Rome.
8004:123145610313728::Thread-71 2020-08-09 19:00:03.914 - **END**
8003:123145610313728::Thread-71 2020-08-09 19:00:04.973 - History


Commission
The history of the statue begins before Michelangelo's work on it from 1501 to 1504.
8003:123145610313728::Thread-71 2020-08-09 19:00:05.882 - Prior to Michelangelo's involvement, the Overseers of the Office of Works of Florence Cathedral, consisting mostly of members of the influential woolen cloth guild, the Arte della Lana, had plans to commission a series of twelve large Old Testament sculptures for the buttresses of the cathedral.
8005:123145610313728::Thread-71 2020-08-09 19:00:06.117 - **END**
8006:123145610313728::Thread-71 2020-08-09 19:00:08.254 - **START**
8006:123145610313728::Thread-71 2020-08-09 19:00:08.268 - Starting new HTTPS connection (1): en.wikipedia.org
8003:123145610313728::Thread-71 2020-08-09 19:00:08.865 - In 1410, Donatello made the first of the statues, a figure of Joshua in terracotta.
8002:123145610313728::Thread-71 2020-08-09 19:00:10.158 - **END**
8006:123145610313728::Thread-71 2020-08-09 19:00:11.182 - Kiss (often stylized as KIϟϟ) is an American rock band formed in New York City in January 1973 by Paul Stanley, Gene Simmons, Peter Criss, and Ace Frehley.
8003:123145610313728::Thread-71 2020-08-09 19:00:11.763 - A figure of Hercules, also in terracotta, was commissioned from the Florentine sculptor Agostino di Duccio in 1463 and was made perhaps under Donatello's direction.
8006:123145610313728::Thread-71 2020-08-09 19:00:12.184 - Well known for its members' face paint and stage outfits, the group rose to prominence in the mid-to-late 1970s with its elaborate live performances, which featured fire breathing, blood-spitting, smoking guitars, shooting rockets, levitating drum kits, and pyrotechnics.
8003:123145610313728::Thread-71 2020-08-09 19:00:12.82 - Eager to continue their project, in 1464, the Operai contracted Agostino to create a sculpture of David.
8003:123145610313728::Thread-71 2020-08-09 19:00:12.822 - **END**
8006:123145610313728::Thread-71 2020-08-09 19:00:14.549 - The band has gone through several lineup changes, with Stanley and Simmons being the only members to feature in every lineup.
8006:123145610313728::Thread-71 2020-08-09 19:00:16.721 - The original and best-known lineup consists of Stanley (vocals and rhythm guitar), Simmons (vocals and bass), Frehley (lead guitar and vocals), and Criss (drums and vocals)
With their make-up and costumes, the band members took on the personae of comic book-style characters: the Starchild (Stanley), the Demon (Simmons), the Spaceman or Space Ace (Frehley), and the Catman (Criss).
8006:123145610313728::Thread-71 2020-08-09 19:00:18.417 - Due to creative differences, both Criss and Frehley had departed the group by 1982.
8006:123145610313728::Thread-71 2020-08-09 19:00:20.38 - In 1983, Kiss began performing without makeup and costumes, thus marking the beginning of the band's "unmasked" era that would last for over a decade.
8006:123145610313728::Thread-71 2020-08-09 19:00:22.701 - The band experienced a commercial resurgence during this era, with the Platinum-certified album Lick It Up successfully introducing them to a new generation of fans, and its music videos received regular airplay on MTV.
8006:123145610313728::Thread-71 2020-08-09 19:00:22.737 - Eric Carr, who had replaced Criss in 1980, died in 1991 of heart cancer and was replaced by Eric Singer.
8006:123145610313728::Thread-71 2020-08-09 19:00:23.949 - In response to a wave of Kiss nostalgia in the mid-1990s, the original lineup re-united in 1996, which also saw the return of its makeup and stage costumes.
8006:123145610313728::Thread-71 2020-08-09 19:00:24.781 - The resulting Alive/Worldwide Tour was highly successful, grossing $143.7 million, making it the band's most successful tour to date.
8006:123145610313728::Thread-71 2020-08-09 19:00:27.781 - Criss and Frehley subsequently left the band again, and have been replaced by Singer and Tommy Thayer.
8006:123145610313728::Thread-71 2020-08-09 19:00:35.783 - **END**