8003:123145702858752::Thread-93 2020-08-09 18:59:27.259 - **START**
8003:123145702858752::Thread-93 2020-08-09 18:59:27.61 - Starting new HTTPS connection (1): en.wikipedia.org
8003:123145702858752::Thread-93 2020-08-09 18:59:29.496 - Associazione Calcio Milan (Italian pronunciation: [assotʃatˈtsjoːne ˈkaltʃo ˈmiːlan]), commonly referred to as A.C. Milan or simply Milan, is a professional football club in Milan, Italy, founded in 1899.
8003:123145702858752::Thread-93 2020-08-09 18:59:30.492 - The club has spent its entire history, with the exception of the 1980–81 and 1982–83 seasons, in the top flight of Italian football, known as Serie A since 1929–30.A.C.
8003:123145702858752::Thread-93 2020-08-09 18:59:31.677 - Milan's 18 FIFA and UEFA trophies is the fourth highest out of any club (joint with Boca Juniors), and the most out of any Italian club.
8006:123145702858752::Thread-93 2020-08-09 18:59:32.413 - **START**
8006:123145702858752::Thread-93 2020-08-09 18:59:33.077 - Starting new HTTPS connection (1): en.wikipedia.org
8003:123145702858752::Thread-93 2020-08-09 18:59:33.998 - Milan has won a joint record three Intercontinental Cups and one FIFA Club World Cup, seven European Cup/Champions League titles (Italian record), the UEFA Super Cup a joint record five times and the Cup Winners' Cup twice.
8004:123145702858752::Thread-93 2020-08-09 18:59:35.22 - **START**
8003:123145702858752::Thread-93 2020-08-09 18:59:35.322 - With 18 league titles, Milan is also the joint-second most successful club in Serie A, along with local rivals Internazionale and behind Juventus (36 league titles).
8002:123145702858752::Thread-93 2020-08-09 18:59:35.382 - **START**
8006:123145702858752::Thread-93 2020-08-09 18:59:35.9 - Earth is the third planet from the Sun and the only astronomical object known to harbor life.
8003:123145702858752::Thread-93 2020-08-09 18:59:36.852 - They have also won the Coppa Italia five times, and the Supercoppa Italiana seven.Milan's home games are played at San Siro, also known as the Stadio Giuseppe Meazza.
8006:123145702858752::Thread-93 2020-08-09 18:59:36.907 - According to radiometric dating estimation and other evidence, Earth formed over 4.5 billion years ago.
8002:123145702858752::Thread-93 2020-08-09 18:59:36.987 - Starting new HTTPS connection (1): en.wikipedia.org
8005:123145702858752::Thread-93 2020-08-09 18:59:38.213 - **START**
8006:123145702858752::Thread-93 2020-08-09 18:59:38.297 - Earth's gravity interacts with other objects in space, especially the Sun and the Moon, which is Earth's only natural satellite.
8003:123145702858752::Thread-93 2020-08-09 18:59:38.424 - The stadium, which is shared with city rivals Internazionale, is the largest in Italian football, with a total capacity of 80,018.
8003:123145702858752::Thread-93 2020-08-09 18:59:39.338 - Inter are considered their biggest rivals, and matches between the two teams are called Derby della Madonnina, which is one of the most followed derbies in football.The club is one of the wealthiest in Italian and world football.
8004:123145702858752::Thread-93 2020-08-09 18:59:39.674 - Starting new HTTPS connection (1): en.wikipedia.org
8006:123145702858752::Thread-93 2020-08-09 18:59:39.588 - Earth orbits around the Sun in 365.256 solar days, a period known as an Earth sidereal year.
8003:123145702858752::Thread-93 2020-08-09 18:59:39.885 - It was a founding member of the now-defunct G-14 group of Europe's leading football clubs as well as its replacement, the European Club Association.
8005:123145702858752::Thread-93 2020-08-09 18:59:40.223 - Starting new HTTPS connection (1): en.wikipedia.org
8006:123145702858752::Thread-93 2020-08-09 18:59:41.424 - During this time, Earth rotates about its axis 366.256 times, that is, a sidereal year has 366.256 sidereal days.Earth's axis of rotation is tilted with respect to its orbital plane, producing seasons on Earth.
8003:123145702858752::Thread-93 2020-08-09 18:59:42.304 - History

A.C. Milan was founded as Milan Foot-Ball and Cricket Club in 1899 by English expatriates Alfred Edwards and Herbert Kilpin.
8002:123145702858752::Thread-93 2020-08-09 18:59:42.386 - Elizabeth II (Elizabeth Alexandra Mary, born 21 April 1926) is Queen of the United Kingdom and 15 other Commonwealth realms.Elizabeth was born in Mayfair, London, as the first child of the Duke and Duchess of York (later King George VI and Queen Elizabeth).
8006:123145702858752::Thread-93 2020-08-09 18:59:43.291 - The gravitational interaction between Earth and the Moon causes tides, stabilizes Earth's orientation on its axis, and gradually slows its rotation.
8005:123145702858752::Thread-93 2020-08-09 18:59:44.081 - Donald John Trump (born June 14, 1946) is the 45th and current president of the United States.
8006:123145702858752::Thread-93 2020-08-09 18:59:44.281 - Earth is the densest planet in the Solar System and the largest and most massive of the four rocky planets.
8006:123145702858752::Thread-93 2020-08-09 18:59:44.472 - Earth's outer layer (lithosphere) is divided into several rigid tectonic plates that migrate across the surface over many millions of years.
8004:123145702858752::Thread-93 2020-08-09 18:59:44.548 - MetLife Stadium is an American sports stadium located at the Meadowlands Sports Complex in East Rutherford, New Jersey, 5 mi (8 km) west of New York City.
8003:123145702858752::Thread-93 2020-08-09 18:59:44.782 - Although the club itself claims 16 December of that year as its foundation date, historical evidence show that the club was actually founded on 13 December.
8002:123145702858752::Thread-93 2020-08-09 18:59:44.802 - Her father ascended the throne on the abdication of his brother King Edward VIII in 1936, from which time she was the heir presumptive.
8002:123145702858752::Thread-93 2020-08-09 18:59:44.859 - She was educated privately at home and began to undertake public duties during the Second World War, serving in the Auxiliary Territorial Service.
8006:123145702858752::Thread-93 2020-08-09 18:59:45.221 - About 29% of Earth's surface is land consisting of continents and islands.
8005:123145702858752::Thread-93 2020-08-09 18:59:45.483 - Before entering politics, he was a businessman and television personality.
8006:123145702858752::Thread-93 2020-08-09 18:59:45.561 - The remaining 71% is covered with water, mostly by oceans but also lakes, rivers and other fresh water, which all together constitute the hydrosphere.
8004:123145702858752::Thread-93 2020-08-09 18:59:46.272 - It is the home stadium of two National Football League (NFL) franchises, the New York Giants and the New York Jets.
8002:123145702858752::Thread-93 2020-08-09 18:59:46.37 - In 1947, she married Philip, Duke of Edinburgh, a former prince of Greece and Denmark, with whom she has four children: Charles, Prince of Wales; Anne, Princess Royal; Prince Andrew, Duke of York; and Prince Edward, Earl of Wessex.
8005:123145702858752::Thread-93 2020-08-09 18:59:46.804 - Trump was born and raised in Queens, a borough of New York City, and received a bachelor's degree in economics from the Wharton School.
8004:123145702858752::Thread-93 2020-08-09 18:59:47.115 - Originally known as New Meadowlands Stadium upon opening in 2010, its naming rights were acquired in 2011 by New York City-based insurance company MetLife.
8002:123145702858752::Thread-93 2020-08-09 18:59:47.177 - When her father died in February 1952, Elizabeth became head of the Commonwealth and queen regnant of seven independent Commonwealth countries: the United Kingdom, Canada, Australia, New Zealand, South Africa, Pakistan, and Ceylon.
8005:123145702858752::Thread-93 2020-08-09 18:59:47.248 - He took charge of his family's real-estate business in 1971, renamed it The Trump Organization, and expanded its operations from Queens and Brooklyn into Manhattan.
8005:123145702858752::Thread-93 2020-08-09 18:59:47.937 - The company built or renovated skyscrapers, hotels, casinos, and golf courses.
8005:123145702858752::Thread-93 2020-08-09 18:59:47.956 - Trump later started various side ventures, mostly by licensing his name.
8004:123145702858752::Thread-93 2020-08-09 18:59:48.208 - The stadium is owned by the MetLife Stadium Company, a joint venture of the Giants and Jets, which privately financed the construction of the venue on land belonging to the New Jersey Sports and Exposition Authority.
8005:123145702858752::Thread-93 2020-08-09 18:59:48.235 - He bought the Miss Universe brand of beauty pageants in 1996, and sold it in 2015.
8002:123145702858752::Thread-93 2020-08-09 18:59:49.221 - She has reigned as a constitutional monarch through major political changes, such as devolution in the United Kingdom, accession of the United Kingdom to the European Communities, Brexit, Canadian patriation, and the decolonisation of Africa.
8004:123145702858752::Thread-93 2020-08-09 18:59:49.678 - At an approximate cost of $1.6 billion, it was the most expensive stadium ever built at the time.
8005:123145702858752::Thread-93 2020-08-09 18:59:49.89 - Trump and his businesses have been involved in more than 4,000 state and federal legal actions, including six bankruptcies.
8005:123145702858752::Thread-93 2020-08-09 18:59:50.087 - He produced and hosted The Apprentice, a reality television series, from 2003 to 2015.
8004:123145702858752::Thread-93 2020-08-09 18:59:50.769 - History
As Giants Stadium approached 30 years of age, it was becoming one of the older stadiums in the NFL.
8002:123145702858752::Thread-93 2020-08-09 18:59:51.26 - Between 1956 and 1992, the number of her realms varied as territories gained independence, and as realms, including South Africa, Pakistan, and Ceylon (renamed Sri Lanka), became republics.
8005:123145702858752::Thread-93 2020-08-09 18:59:51.573 - As of 2020, Forbes estimated his net worth to be $2.1 billion.Trump's political positions have been described as populist, protectionist, and nationalist.
8004:123145702858752::Thread-93 2020-08-09 18:59:51.886 - The Jets, who had been the tenants at the stadium, sought to have their own stadium built in Manhattan proper, the proposed West Side Stadium.
8006:123145702858752::Thread-93 2020-08-09 18:59:52.563 - **END**
8004:123145702858752::Thread-93 2020-08-09 18:59:53.431 - Originally intended to be the 85,000-seat main stadium for New York's bid for the 2012 Summer Olympics, it was designed to be downsized to 75,000 seats for the Jets.
8002:123145702858752::Thread-93 2020-08-09 18:59:53.769 - Her many historic visits and meetings include a state visit to the Republic of Ireland and visits to or from five popes.
8003:123145702858752::Thread-93 2020-08-09 18:59:53.783 - **END**
8002:123145702858752::Thread-93 2020-08-09 18:59:55.141 - Significant events have included her coronation in 1953 and the celebrations of her Silver, Golden, and Diamond Jubilees in 1977, 2002, and 2012, respectively.
8004:123145702858752::Thread-93 2020-08-09 18:59:55.214 - However, the West Side Stadium would have required significant public funding; progress halted in 2005 due to opposition from a number of sources, including Cablevision.
8002:123145702858752::Thread-93 2020-08-09 18:59:55.271 - In 2017, she became the first British monarch to reach a Sapphire Jubilee.
8006:123145702858752::Thread-93 2020-08-09 18:59:55.565 - **START**
8006:123145702858752::Thread-93 2020-08-09 18:59:55.569 - Starting new HTTPS connection (1): en.wikipedia.org
8004:123145702858752::Thread-93 2020-08-09 18:59:56.187 - The Jets then entered into a joint venture with the Giants to build a new stadium in which the two teams would be equal partners.
8005:123145702858752::Thread-93 2020-08-09 18:59:56.576 - **END**
8004:123145702858752::Thread-93 2020-08-09 18:59:56.798 - MetLife Stadium is one of only two NFL stadiums shared by two clubs.
8006:123145702858752::Thread-93 2020-08-09 18:59:57.782 - Willow Camille Reign Smith (born October 31, 2000), also known mononymously as Willow, is an American singer, songwriter, record producer, and actress.
8002:123145702858752::Thread-93 2020-08-09 18:59:58.272 - **END**
8006:123145702858752::Thread-93 2020-08-09 18:59:58.314 - She is the daughter of Will Smith and Jada Pinkett Smith, and the younger sister of Jaden Smith.
8005:123145702858752::Thread-93 2020-08-09 18:59:58.582 - **START**
8005:123145702858752::Thread-93 2020-08-09 18:59:58.635 - Starting new HTTPS connection (1): en.wikipedia.org
8006:123145702858752::Thread-93 2020-08-09 18:59:58.834 - Smith made her acting debut in 2007 in the film I Am Legend and later appeared in Kit Kittredge: An American Girl alongside Abigail Breslin.
8006:123145702858752::Thread-93 2020-08-09 18:59:59.041 - She received a Young Artist Award for her performance.
8006:123145702858752::Thread-93 2020-08-09 18:59:59.864 - Smith launched her music career in the autumn of 2010 with the release of the singles "Whip My Hair" in 2010 and "21st Century Girl" in 2011, and signed to her current mentor Jay-Z's record label Roc Nation in 2010, becoming the youngest artist signed to the label.
8006:123145702858752::Thread-93 2020-08-09 19:00:01.061 - "Whip My Hair" peaked at number 11 on the Billboard Hot 100.
8006:123145702858752::Thread-93 2020-08-09 19:00:01.305 - The video was nominated for Video of the Year at the BET Awards of 2011.
8002:123145702858752::Thread-93 2020-08-09 19:00:02.28 - **START**
8005:123145702858752::Thread-93 2020-08-09 19:00:02.426 - Elizabeth I (7 September 1533 – 24 March 1603) was Queen of England and Ireland from 17 November 1558 until her death on 24 March 1603.
8006:123145702858752::Thread-93 2020-08-09 19:00:02.442 - She released her debut album, Ardipithecus, on December 11, 2015.
8002:123145702858752::Thread-93 2020-08-09 19:00:02.645 - Starting new HTTPS connection (1): en.wikipedia.org
8005:123145702858752::Thread-93 2020-08-09 19:00:02.741 - Sometimes called the Virgin Queen, Gloriana or Good Queen Bess, Elizabeth was the last of the five monarchs of the House of Tudor.
8006:123145702858752::Thread-93 2020-08-09 19:00:03.675 - Early life
Willow Smith was born on October 31, 2000 in Los Angeles.
8003:123145702858752::Thread-93 2020-08-09 19:00:03.789 - **START**
8003:123145702858752::Thread-93 2020-08-09 19:00:03.894 - Starting new HTTPS connection (1): en.wikipedia.org
8002:123145702858752::Thread-93 2020-08-09 19:00:04.582 - LaGuardia Airport (IATA: LGA, ICAO: KLGA, FAA LID: LGA)  is an airport in Queens, New York.
8002:123145702858752::Thread-93 2020-08-09 19:00:04.908 - The airport is the third busiest airport serving New York City, and the twentieth busiest in the United States.
8006:123145702858752::Thread-93 2020-08-09 19:00:05.371 - She is the daughter of actress-musician Jada Pinkett Smith and actor-musician Will Smith.
8005:123145702858752::Thread-93 2020-08-09 19:00:05.488 - Elizabeth was the daughter of Henry VIII and Anne Boleyn, his second wife, who was executed two-and-a-half years after Elizabeth's birth.
8004:123145702858752::Thread-93 2020-08-09 19:00:05.8 - **END**
8003:123145702858752::Thread-93 2020-08-09 19:00:06.121 - Charles Milles Manson (né Maddox, November 12, 1934 – November 19, 2017) was an American criminal and cult leader.
8005:123145702858752::Thread-93 2020-08-09 19:00:06.285 - Anne's marriage to Henry VIII was annulled, and Elizabeth was declared illegitimate.
8002:123145702858752::Thread-93 2020-08-09 19:00:06.294 - LaGuardia Airport covers 680 acres (280 ha).In 2016, LaGuardia Airport had a strong growth in passenger traffic; about 29.8 million passengers used the airport, a 14.2 percent increase from the previous year.
8003:123145702858752::Thread-93 2020-08-09 19:00:06.997 - In mid-1967, he formed what became known as the "Manson Family", a quasi-commune based in California.
8006:123145702858752::Thread-93 2020-08-09 19:00:07.374 - **END**
8003:123145702858752::Thread-93 2020-08-09 19:00:07.511 - His followers committed a series of nine murders at four locations in July and August 1969.
8002:123145702858752::Thread-93 2020-08-09 19:00:08.249 - LGA is a hub for American Airlines and Delta Air Lines.
8003:123145702858752::Thread-93 2020-08-09 19:00:08.582 - Although the motive for the murders was disputed by Manson, the Los Angeles County district attorney believed that Manson intended to start a race war.
8002:123145702858752::Thread-93 2020-08-09 19:00:08.646 - A perimeter rule prohibits nonstop flights to or from points beyond 1,500 miles (2,400 km), but exceptions to the perimeter rule are flights on Saturdays and flights to Denver.
8005:123145702858752::Thread-93 2020-08-09 19:00:09.276 - Her half-brother, Edward VI, ruled until his death in 1553, bequeathing the crown to Lady Jane Grey and ignoring the claims of his two half-sisters, the Roman Catholic Mary and the younger Elizabeth, in spite of statute law to the contrary.
8003:123145702858752::Thread-93 2020-08-09 19:00:10.008 - In 1971, he was convicted of first-degree murder and conspiracy to commit murder for the deaths of seven people, including the film actress Sharon Tate.
8002:123145702858752::Thread-93 2020-08-09 19:00:10.21 - International flights without border preclearance must use the nearby JFK or Newark airports, as there is no border control facility at the airport.Glenn H. Curtiss Airport (named after aviation pioneer Glenn Hammond Curtiss), later renamed North Beach Airport, was the earlier airport at this location.
8002:123145702858752::Thread-93 2020-08-09 19:00:10.586 - The name was changed after New York City's takeover and reconstruction to New York Municipal Airport–LaGuardia Field, and in 1953 became "LaGuardia Airport", named for Fiorello La Guardia, the mayor of New York City when the airport was built.
8003:123145702858752::Thread-93 2020-08-09 19:00:11.299 - The prosecution conceded that Manson never literally ordered the murders, but they contended that his ideology constituted an overt act of conspiracy.
8002:123145702858752::Thread-93 2020-08-09 19:00:11.388 - LaGuardia has been extensively criticized for its outdated facilities, lack of cleanliness, cramped building design, and poor customer service, among other problems.
8005:123145702858752::Thread-93 2020-08-09 19:00:11.913 - Edward's will was set aside and Mary became queen, deposing Lady Jane Grey.
8003:123145702858752::Thread-93 2020-08-09 19:00:12.964 - Manson was also convicted of first-degree murder for the deaths of Gary Hinman and Donald Shea.
8002:123145702858752::Thread-93 2020-08-09 19:00:12.989 - The airport has been ranked in numerous customer surveys as the worst in the United States.
8005:123145702858752::Thread-93 2020-08-09 19:00:13.063 - During Mary's reign, Elizabeth was imprisoned for nearly a year on suspicion of supporting Protestant rebels.
8002:123145702858752::Thread-93 2020-08-09 19:00:13.129 - Among pilots, it is referred to as "USS LaGuardia", because the runways are short and surrounded by water, thus giving the feel of landing on an aircraft carrier.
8003:123145702858752::Thread-93 2020-08-09 19:00:14.854 - Before the murders, Manson had spent more than half of his life in correctional institutions.
8005:123145702858752::Thread-93 2020-08-09 19:00:15.244 - In 1558 upon Mary's death, Elizabeth succeeded her half-sister to the throne and set out to rule by good counsel.
8003:123145702858752::Thread-93 2020-08-09 19:00:16.427 - When he began gathering his cult following, he was a singer-songwriter on the fringe of the Los Angeles music industry, chiefly through a chance association with Dennis Wilson of the Beach Boys, who introduced Manson to record producer Terry Melcher.
8005:123145702858752::Thread-93 2020-08-09 19:00:16.586 - She depended heavily on a group of trusted advisers, led by William Cecil, 1st Baron Burghley.
8003:123145702858752::Thread-93 2020-08-09 19:00:17.205 - In 1968, the Beach Boys recorded Manson's song "Cease to Exist", re-titled "Never Learn Not to Love" as the B-side on one of their singles, but without a credit to Manson.
8002:123145702858752::Thread-93 2020-08-09 19:00:18.135 - **END**
8005:123145702858752::Thread-93 2020-08-09 19:00:18.309 - One of her first actions as queen was the establishment of an English Protestant church, of which she became the supreme governor.
8005:123145702858752::Thread-93 2020-08-09 19:00:21.315 - **END**
8003:123145702858752::Thread-93 2020-08-09 19:00:24.208 - **END**