8003:123145547214848::Thread-56 2020-08-09 18:59:26.24 - **START**
8003:123145547214848::Thread-56 2020-08-09 18:59:26.247 - Starting new HTTPS connection (1): en.wikipedia.org
8006:123145547214848::Thread-56 2020-08-09 18:59:27.24 - **START**
8006:123145547214848::Thread-56 2020-08-09 18:59:27.526 - Starting new HTTPS connection (1): en.wikipedia.org
8006:123145547214848::Thread-56 2020-08-09 18:59:28.842 - Taylor Alison Swift (born December 13, 1989) is an American singer-songwriter.
8002:123145547214848::Thread-56 2020-08-09 18:59:29.339 - **START**
8002:123145547214848::Thread-56 2020-08-09 18:59:29.422 - Starting new HTTPS connection (1): en.wikipedia.org
8004:123145547214848::Thread-56 2020-08-09 18:59:30.202 - **START**
8004:123145547214848::Thread-56 2020-08-09 18:59:30.829 - Starting new HTTPS connection (1): en.wikipedia.org
8006:123145547214848::Thread-56 2020-08-09 18:59:31.067 - Her narrative songwriting, which often centers around her personal life, has received widespread media coverage.
8005:123145547214848::Thread-56 2020-08-09 18:59:31.206 - **START**
8005:123145547214848::Thread-56 2020-08-09 18:59:31.491 - Starting new HTTPS connection (1): en.wikipedia.org
8003:123145547214848::Thread-56 2020-08-09 18:59:32.066 - Mark Elliot Zuckerberg (; born May 14, 1984) is an American media magnate, internet entrepreneur, and philanthropist.
8006:123145547214848::Thread-56 2020-08-09 18:59:32.712 - Born in West Reading, Pennsylvania, Swift relocated to Nashville, Tennessee in 2004 to pursue a career in country music.
8003:123145547214848::Thread-56 2020-08-09 18:59:33.189 - He is known for co-founding Facebook, Inc. and serves as its chairman, chief executive officer, and controlling shareholder.
8004:123145547214848::Thread-56 2020-08-09 18:59:33.771 - Franklin Nathaniel Jonas (born September 28, 2000) is an American actor who was a voice actor in the film Ponyo and was a recurring character in the television series Jonas.
8003:123145547214848::Thread-56 2020-08-09 18:59:33.987 - He also is a co-founder of the solar sail spacecraft development project Breakthrough Starshot and serves as one of its board members.Born in White Plains, New York, Zuckerberg attended Harvard University, where he launched the Facebook social networking service from his dormitory room on February 4, 2004, with college roommates Eduardo Saverin, Andrew McCollum, Dustin Moskovitz, and Chris Hughes.
8002:123145547214848::Thread-56 2020-08-09 18:59:34.195 - Iron Maiden are an English heavy metal band formed in Leyton, East London, in 1975 by bassist and primary songwriter Steve Harris.
8005:123145547214848::Thread-56 2020-08-09 18:59:35.003 - The Code of Hammurabi is a well-preserved Babylonian code of law of ancient Mesopotamia, dated to about 1754 BC (Middle Chronology).
8006:123145547214848::Thread-56 2020-08-09 18:59:35.232 - At age 14, she became the youngest artist signed by the Sony/ATV Music publishing house, and at age 15, she signed her first record deal.
8004:123145547214848::Thread-56 2020-08-09 18:59:35.255 - Personal life
Frankie is the son of Denise (née Miller) and Paul Kevin Jonas Sr. and the younger brother of Kevin Jonas, Joe Jonas and Nick Jonas.
8003:123145547214848::Thread-56 2020-08-09 18:59:35.383 - Originally launched to select college campuses, the site expanded rapidly and eventually beyond colleges, reaching one billion users by 2012.
8002:123145547214848::Thread-56 2020-08-09 18:59:35.548 - The band's discography has grown to 39 albums, including 16 studio albums, 12 live albums, four EPs, and seven compilations.
8002:123145547214848::Thread-56 2020-08-09 18:59:35.732 - Pioneers of the new wave of British heavy metal, Iron Maiden achieved initial success during the early 1980s.
8004:123145547214848::Thread-56 2020-08-09 18:59:35.789 - Jonas is sometimes referred to as the "Bonus Jonas" and "Biff".
8005:123145547214848::Thread-56 2020-08-09 18:59:35.935 - It is one of the oldest deciphered writings of significant length in the world.
8002:123145547214848::Thread-56 2020-08-09 18:59:36.06 - After several line-up changes, the band went on to release a series of UK and US platinum and gold albums, including 1982's The Number of the Beast, 1983's Piece of Mind, 1984's Powerslave, 1985's live release Live After Death, 1986's Somewhere in Time, and 1988's Seventh Son of a Seventh Son.
8005:123145547214848::Thread-56 2020-08-09 18:59:36.471 - The sixth Babylonian king, Hammurabi, enacted the code.
8006:123145547214848::Thread-56 2020-08-09 18:59:37.111 - Her 2006 eponymous debut studio album was the longest-charting album of the 2000s on the Billboard 200.
8003:123145547214848::Thread-56 2020-08-09 18:59:37.111 - Zuckerberg took the company public in May 2012 with majority shares.
8005:123145547214848::Thread-56 2020-08-09 18:59:37.442 - A partial copy exists on a 2.25-metre-tall (7.5 ft) stone stele.
8005:123145547214848::Thread-56 2020-08-09 18:59:37.735 - It consists of 282 laws, with scaled punishments, adjusting "an eye for an eye, a tooth for a tooth" (lex talionis) as graded based on social stratification depending on social status and gender, of slave versus free, man versus woman.Nearly half of the code deals with matters of contract, establishing the wages to be paid to an ox driver or a surgeon for example.
8004:123145547214848::Thread-56 2020-08-09 18:59:37.819 - He is of Italian (from a maternal great-grandfather), German, Cherokee, English, Irish, Scottish, and French-Canadian descent.
8004:123145547214848::Thread-56 2020-08-09 18:59:38.035 - Career
In 2009, Jonas voice acted in Hayao Miyazaki's animated film Ponyo, released in American theaters on August 14, 2009.
8003:123145547214848::Thread-56 2020-08-09 18:59:38.101 - In 2007, at age 23, he became the world's youngest self-made billionaire.
8002:123145547214848::Thread-56 2020-08-09 18:59:38.231 - Since the return of lead vocalist Bruce Dickinson and guitarist Adrian Smith in 1999, the band has undergone a resurgence in popularity, with a series of new albums and tours.
8006:123145547214848::Thread-56 2020-08-09 18:59:38.639 - Its third single, "Our Song", made her the youngest person to single-handedly write and perform a number-one song on the Billboard Country Airplay chart.
8006:123145547214848::Thread-56 2020-08-09 18:59:38.793 - Swift's breakthrough second studio album, Fearless (2008), won four Grammy Awards, including Album of the Year, and was certified Diamond by the Recording Industry Association of America.
8005:123145547214848::Thread-56 2020-08-09 18:59:38.832 - Other provisions set the terms of a transaction, the liability of a builder for a house that collapses, or property that is damaged while left in the care of another.
8005:123145547214848::Thread-56 2020-08-09 18:59:39.331 - A third of the code addresses issues concerning household and family relationships such as inheritance, divorce, paternity, and reproductive behavior.
8002:123145547214848::Thread-56 2020-08-09 18:59:39.387 - Their 2010 studio offering, The Final Frontier, peaked at No.
8005:123145547214848::Thread-56 2020-08-09 18:59:39.448 - Only one provision appears to impose obligations on a government official; this provision establishes that a judge who alters his decision after it is written down is to be fined and removed from the bench permanently.
8004:123145547214848::Thread-56 2020-08-09 18:59:39.703 - He played Sōsuke, a character who is befriended by a juvenile fish named Ponyo (voiced by Noah Cyrus), who wants to become a human girl.
8003:123145547214848::Thread-56 2020-08-09 18:59:40.009 - As of August 8th, 2020, Zuckerberg’s net worth was estimated at $98.6 billion and he is listed by Forbes as the 4th-richest person in the world.
8005:123145547214848::Thread-56 2020-08-09 18:59:40.135 - A few provisions address issues related to military service.
8003:123145547214848::Thread-56 2020-08-09 18:59:40.549 - As of 2019, he is the only person under 50 in the Forbes ten richest people list, and the only one under 40 in the Top 20 Billionaires list.Since 2010, Time magazine has named Zuckerberg among the 100 wealthiest and most influential people in the world as a part of its Person of the Year award.
8003:123145547214848::Thread-56 2020-08-09 18:59:40.552 - In December 2016, Zuckerberg was ranked 10th on Forbes list of The World's Most Powerful People.
8004:123145547214848::Thread-56 2020-08-09 18:59:40.619 - They also both sing the theme song of the movie.
8005:123145547214848::Thread-56 2020-08-09 18:59:40.687 - The code was discovered by modern archaeologists in 1901, and its editio princeps translation published in 1902 by Jean-Vincent Scheil.
8006:123145547214848::Thread-56 2020-08-09 18:59:40.798 - It yielded the Billboard Hot 100 top-five singles "Love Story" and "You Belong with Me".
8004:123145547214848::Thread-56 2020-08-09 18:59:40.876 - He appeared as a recurring character in the Disney Channel Original Series, Jonas for which he won the award for "Choice Breakout TV Star Male" at the 2009 Teen Choice Awards.
8003:123145547214848::Thread-56 2020-08-09 18:59:41.557 - **END**
8002:123145547214848::Thread-56 2020-08-09 18:59:41.96 - 1 in 28 countries and received widespread critical acclaim.
8004:123145547214848::Thread-56 2020-08-09 18:59:42.239 - His first on-screen movie role was in Camp Rock 2: The Final Jam, alongside his older brothers the Jonas Brothers as Junior Rocker Trevor.
8006:123145547214848::Thread-56 2020-08-09 18:59:42.782 - Swift's third studio album, Speak Now (2010), spawned the two-time Grammy Award-winning single "Mean".
8006:123145547214848::Thread-56 2020-08-09 18:59:43.613 - Her cross-genre fourth studio album, Red (2012), earned Swift her first Billboard Hot 100 number-one single, "We Are Never Ever Getting Back Together".
8002:123145547214848::Thread-56 2020-08-09 18:59:44.935 - The sixteenth studio album, The Book of Souls, was released on 4 September 2015 and debuted at number one in the album charts of 43 countries.Iron Maiden are considered one of the most influential and successful heavy metal bands in history, with The Sunday Times reporting in 2017 that the band have sold over 100 million copies of their albums worldwide, despite little radio or television support.
8005:123145547214848::Thread-56 2020-08-09 18:59:46.689 - **END**
8002:123145547214848::Thread-56 2020-08-09 18:59:47.163 - The band won the Ivor Novello Award for international achievement in 2002.
8006:123145547214848::Thread-56 2020-08-09 18:59:47.614 - **END**
8002:123145547214848::Thread-56 2020-08-09 18:59:48.639 - As of October 2013, the band have played over 2000 live shows throughout their career.
8004:123145547214848::Thread-56 2020-08-09 18:59:51.375 - **END**
8006:123145547214848::Thread-56 2020-08-09 18:59:52.615 - **START**
8006:123145547214848::Thread-56 2020-08-09 18:59:52.623 - Starting new HTTPS connection (1): en.wikipedia.org
8006:123145547214848::Thread-56 2020-08-09 18:59:53.914 - Pythagoras of Samos (c. 570 – c. 495 BC) was an ancient Ionian Greek philosopher and the eponymous founder of Pythagoreanism.
8006:123145547214848::Thread-56 2020-08-09 18:59:53.978 - His political and religious teachings were well known in Magna Graecia and influenced the philosophies of Plato, Aristotle, and, through them, Western philosophy.
8006:123145547214848::Thread-56 2020-08-09 18:59:54.66 - Knowledge of his life is clouded by legend, but he appears to have been the son of Mnesarchus, a gem-engraver on the island of Samos.
8006:123145547214848::Thread-56 2020-08-09 18:59:55.532 - Modern scholars disagree regarding Pythagoras's education and influences, but they do agree that, around 530 BC, he travelled to Croton in southern Italy, where he founded a school in which initiates were sworn to secrecy and lived a communal, ascetic lifestyle.
8003:123145547214848::Thread-56 2020-08-09 18:59:55.56 - **START**
8003:123145547214848::Thread-56 2020-08-09 18:59:55.565 - Starting new HTTPS connection (1): en.wikipedia.org
8006:123145547214848::Thread-56 2020-08-09 18:59:56.417 - This lifestyle entailed a number of dietary prohibitions, traditionally said to have included vegetarianism, although modern scholars doubt that he ever advocated for complete vegetarianism.
8006:123145547214848::Thread-56 2020-08-09 18:59:56.586 - The teaching most securely identified with Pythagoras is metempsychosis, or the "transmigration of souls", which holds that every soul is immortal and, upon death, enters into a new body.
8006:123145547214848::Thread-56 2020-08-09 18:59:57.126 - He may have also devised the doctrine of musica universalis, which holds that the planets move according to mathematical equations and thus resonate to produce an inaudible symphony of music.
8006:123145547214848::Thread-56 2020-08-09 18:59:57.209 - Scholars debate whether Pythagoras developed the numerological and musical teachings attributed to him, or if those teachings were developed by his later followers, particularly Philolaus of Croton.
8006:123145547214848::Thread-56 2020-08-09 18:59:57.619 - Following Croton's decisive victory over Sybaris in around 510 BC, Pythagoras's followers came into conflict with supporters of democracy and Pythagorean meeting houses were burned.
8002:123145547214848::Thread-56 2020-08-09 18:59:57.64 - **END**
8005:123145547214848::Thread-56 2020-08-09 18:59:57.693 - **START**
8005:123145547214848::Thread-56 2020-08-09 18:59:57.749 - Starting new HTTPS connection (1): en.wikipedia.org
8006:123145547214848::Thread-56 2020-08-09 18:59:57.982 - Pythagoras may have been killed during this persecution, or escaped to Metapontum, where he eventually died.
8005:123145547214848::Thread-56 2020-08-09 19:00:00.393 - Ronald Jeremy Hyatt (born March 12, 1953) is an American pornographic actor, filmmaker, actor, and stand-up comedian.Nicknamed "The Hedgehog", Jeremy was ranked by AVN at No.
8005:123145547214848::Thread-56 2020-08-09 19:00:01.902 - 1 in their "50 Top Porn Stars of All Time" list.
8005:123145547214848::Thread-56 2020-08-09 19:00:03.023 - Jeremy has also made a number of non-pornographic media appearances, and director Scott J. Gill filmed a documentary about him and his legacy, Porn Star: The Legend of Ron Jeremy, which was released in 2001.
8002:123145547214848::Thread-56 2020-08-09 19:00:03.642 - **START**
8002:123145547214848::Thread-56 2020-08-09 19:00:03.66 - Starting new HTTPS connection (1): en.wikipedia.org
8006:123145547214848::Thread-56 2020-08-09 19:00:03.987 - **END**
8003:123145547214848::Thread-56 2020-08-09 19:00:04.12 - **END**
8002:123145547214848::Thread-56 2020-08-09 19:00:04.999 - Mariah Carey (born March 27, 1969 or 1970) is an American singer-songwriter, record producer, actress, entrepreneur, and philanthropist.
8002:123145547214848::Thread-56 2020-08-09 19:00:05.723 - She was signed to Columbia Records in 1988 and rose to fame after releasing her eponymous debut album two years later.
8002:123145547214848::Thread-56 2020-08-09 19:00:05.891 - Carey is the first artist in history to have their first five singles become consecutive number one songs on the Billboard Hot 100 (from "Vision of Love" to "Emotions").
8005:123145547214848::Thread-56 2020-08-09 19:00:05.936 - More than a dozen women have publicly accused Jeremy of sexual assault.
8002:123145547214848::Thread-56 2020-08-09 19:00:05.999 - Renowned for her five-octave vocal range, melismatic singing style, and signature use of the whistle register, Carey is referred to as the "Songbird Supreme" by Guinness World Records.
8004:123145547214848::Thread-56 2020-08-09 19:00:06.376 - **START**
8004:123145547214848::Thread-56 2020-08-09 19:00:06.381 - Starting new HTTPS connection (1): en.wikipedia.org
8002:123145547214848::Thread-56 2020-08-09 19:00:06.851 - In 1993, Carey married Sony Music head Tommy Mottola.
8005:123145547214848::Thread-56 2020-08-09 19:00:06.982 - Several of the allegations relate to his appearances at fan conventions, alleging that he would grope and insert his fingers into attendees without their consent.
8002:123145547214848::Thread-56 2020-08-09 19:00:07.576 - She achieved worldwide success with follow-up albums Music Box (1993), Merry Christmas (1994), and Daydream (1995).
8004:123145547214848::Thread-56 2020-08-09 19:00:07.706 - The United States Penitentiary, Administrative Maximum Facility (USP Florence ADMAX) is an American federal prison in unincorporated Fremont County near Florence, Colorado.
8004:123145547214848::Thread-56 2020-08-09 19:00:07.973 - It is operated by the Federal Bureau of Prisons, a division of the United States Department of Justice.
8002:123145547214848::Thread-56 2020-08-09 19:00:08.02 - These albums spawned some of Carey's most successful singles, including "Hero", "Without You", "All I Want for Christmas Is You", "Fantasy", "Always Be My Baby", as well as "One Sweet Day", which topped the US Billboard Hot 100 for 16 weeks and became Billboard's Song of the Decade (1990s Decade).
8002:123145547214848::Thread-56 2020-08-09 19:00:08.324 - After separating from Mottola, Carey adopted a new image and incorporated more elements of hip hop into her music with the release of Butterfly (1997) and Rainbow (1999).
8002:123145547214848::Thread-56 2020-08-09 19:00:08.342 - Billboard named her the country's most successful artist of the 1990s, while the World Music Awards honored her as the world's best-selling music artist of the 1990s, and the best-selling female artist of the millennium.
8005:123145547214848::Thread-56 2020-08-09 19:00:08.648 - In June 2020, Jeremy was charged with sexual assault.
8002:123145547214848::Thread-56 2020-08-09 19:00:08.852 - After eleven consecutive years charting a US number-one single, Carey parted ways with Columbia in 2000 and signed a $100 million recording contract with Virgin Records.
8004:123145547214848::Thread-56 2020-08-09 19:00:08.971 - ADX Florence, which opened in 1994, is classed as a supermax or "control unit" prison, thus providing a higher level of custody than a maximum security prison.
8005:123145547214848::Thread-56 2020-08-09 19:00:09.159 - Early life
Ronald Jeremy Hyatt was born in Queens, New York, to a middle-class Jewish family from Russia and Poland.
8004:123145547214848::Thread-56 2020-08-09 19:00:09.827 - ADX Florence forms part of the Florence Federal Correctional Complex (FCC Florence), which is situated on 49 acres (20 ha) of land and houses different facilities with varying degrees of security, including the United States Penitentiary, Florence High.
8004:123145547214848::Thread-56 2020-08-09 19:00:10.0 - ADX Florence was commissioned as the Federal Bureau of Prisons needed a unit designed specifically for the secure housing of those prisoners most capable of violence toward staff or other inmates.
8004:123145547214848::Thread-56 2020-08-09 19:00:10.94 - As of July 2020, there are 365 prisoners who spend 23 hours per day in single cells with facilities made of poured concrete to deter self-harm, and 24-hour supervision, carried out intensively with high staff-inmate ratios.
8005:123145547214848::Thread-56 2020-08-09 19:00:10.942 - His father, Arnold (born 1918) was a physicist, and his mother a book editor who served in the O.S.S.
8004:123145547214848::Thread-56 2020-08-09 19:00:11.515 - Phones are generally banned and only limited broadcast entertainment is permitted.
8004:123145547214848::Thread-56 2020-08-09 19:00:11.761 - After three years in maximum confinement, some prisoners may be transferred to a less restrictive prison.
8005:123145547214848::Thread-56 2020-08-09 19:00:12.451 - during World War II, as she spoke fluent German and French.He graduated from Benjamin N. Cardozo High School.
8004:123145547214848::Thread-56 2020-08-09 19:00:12.724 - The aim is to encourage "reasonably peaceful behavior" from the most violent "career" prisoners.
8002:123145547214848::Thread-56 2020-08-09 19:00:12.855 - **END**
8004:123145547214848::Thread-56 2020-08-09 19:00:13.349 - Function
The institution is unofficially known as ADX Florence, or the "Alcatraz of the Rockies".
8004:123145547214848::Thread-56 2020-08-09 19:00:13.349 - **END**
8005:123145547214848::Thread-56 2020-08-09 19:00:13.42 - Pornographic film career

Jeremy left the teaching profession (he called it his "ace in the hole") to pursue a legitimate acting career on Broadway.
8005:123145547214848::Thread-56 2020-08-09 19:00:14.949 - He has said that he learned then what it was like to be broke, making no money as an actor who "starved Off-Broadway" Jeremy soon found work posing for Playgirl after his then-girlfriend submitted his photo to the magazine.
8005:123145547214848::Thread-56 2020-08-09 19:00:19.952 - **END**