8002:123145416810496::Thread-25 2020-08-09 18:59:25.277 - **START**
8002:123145416810496::Thread-25 2020-08-09 18:59:25.288 - Starting new HTTPS connection (1): en.wikipedia.org
8003:123145416810496::Thread-25 2020-08-09 18:59:27.223 - **START**
8003:123145416810496::Thread-25 2020-08-09 18:59:27.231 - Starting new HTTPS connection (1): en.wikipedia.org
8003:123145416810496::Thread-25 2020-08-09 18:59:29.44 - The Parthenon (; Ancient Greek: Παρθενών; Greek: Παρθενώνας, Parthenónas, [parθeˈnonas]) is a former temple on the Athenian Acropolis, Greece, dedicated to the goddess Athena, whom the people of Athens considered their patron.
8003:123145416810496::Thread-25 2020-08-09 18:59:30.286 - Construction began in 447 BC when the Athenian Empire was at the peak of its power.
8002:123145416810496::Thread-25 2020-08-09 18:59:31.037 - Juventus Football Club (from Latin: iuventūs, "youth"; Italian pronunciation: [juˈvɛntus]), colloquially known as Juventus and Juve (pronounced [ˈjuːve]), is a professional football club based in Turin, Piedmont, Italy, that competes in the Serie A, the top flight of Italian football.
8004:123145416810496::Thread-25 2020-08-09 18:59:31.2 - **START**
8004:123145416810496::Thread-25 2020-08-09 18:59:31.504 - Starting new HTTPS connection (1): en.wikipedia.org
8003:123145416810496::Thread-25 2020-08-09 18:59:32.912 - It was completed in 438 BC, although decoration of the building continued until 432 BC.
8002:123145416810496::Thread-25 2020-08-09 18:59:33.169 - Nicknamed I Bianconeri (The Black and Whites) or La Vecchia Signora (The Old Lady), the club was founded in 1897 by a group of students from Turin.
8004:123145416810496::Thread-25 2020-08-09 18:59:34.008 - Hong Kong ( (listen); Chinese: 香港, Cantonese: [hœ́ːŋ.kɔ̌ːŋ] (listen)), officially the Hong Kong Special Administrative Region of the People's Republic of China (HKSAR), is a metropolitan area and special administrative region of the People's Republic of China on the eastern Pearl River Delta of the South China Sea.
8002:123145416810496::Thread-25 2020-08-09 18:59:34.197 - They have played home matches in grounds around its city, the latest being the 41,507-capacity Juventus Stadium since 2011.
8004:123145416810496::Thread-25 2020-08-09 18:59:34.411 - With over 7.5 million people of various nationalities in a 1,104-square-kilometre (426 sq mi) territory, Hong Kong is one of the most densely populated places in the world.
8004:123145416810496::Thread-25 2020-08-09 18:59:34.637 - Hong Kong became a colony of the British Empire after the Qing Empire ceded Hong Kong Island at the end of the First Opium War in 1842.
8004:123145416810496::Thread-25 2020-08-09 18:59:34.648 - The colony expanded to the Kowloon Peninsula in 1860 after the Second Opium War and was further extended when Britain obtained a 99-year lease of the New Territories in 1898.
8004:123145416810496::Thread-25 2020-08-09 18:59:34.72 - The whole territory was transferred to China in 1997.
8004:123145416810496::Thread-25 2020-08-09 18:59:35.147 - As a special administrative region, Hong Kong maintains separate governing and economic systems from that of mainland China under a principle of "one country, two systems".Originally a sparsely populated area of farming and fishing villages, the territory has become one of the world's most significant financial centres and commercial ports.
8004:123145416810496::Thread-25 2020-08-09 18:59:35.22 - It is the world's tenth-largest exporter and ninth-largest importer.
8006:123145416810496::Thread-25 2020-08-09 18:59:35.237 - **START**
8004:123145416810496::Thread-25 2020-08-09 18:59:35.404 - Hong Kong has a major capitalist service economy characterised by low taxation and free trade, and its currency, the Hong Kong dollar, is the eighth most traded currency in the world.
8002:123145416810496::Thread-25 2020-08-09 18:59:35.501 - Juventus has won 36 official league titles, 13 Coppa Italia titles, and eight Supercoppa Italiana titles, being the record holder for all these competitions; two Intercontinental Cups, two European Cups / UEFA Champions Leagues, one European Cup Winners' Cup, a joint national record of three UEFA Cups, two UEFA Super Cups and a joint national record of one UEFA Intertoto Cup.
8003:123145416810496::Thread-25 2020-08-09 18:59:35.87 - It is the most important surviving building of Classical Greece, generally considered the zenith of the Doric order.
8004:123145416810496::Thread-25 2020-08-09 18:59:36.029 - Hong Kong is home to the second-highest number of billionaires of any city in the world, the highest number of billionaires of any city in Asia, and the largest concentration of ultra high-net-worth individuals of any city in the world.
8004:123145416810496::Thread-25 2020-08-09 18:59:36.416 - Although the city has one of the highest per capita incomes in the world, severe income inequality exists among its residents.Hong Kong is a highly developed territory and ranks fourth on the UN Human Development Index.
8006:123145416810496::Thread-25 2020-08-09 18:59:36.723 - Starting new HTTPS connection (1): en.wikipedia.org
8005:123145416810496::Thread-25 2020-08-09 18:59:37.201 - **START**
8003:123145416810496::Thread-25 2020-08-09 18:59:38.202 - Its decorative sculptures are considered some of the high points of Greek art.
8002:123145416810496::Thread-25 2020-08-09 18:59:38.256 - Consequently, the side leads the historical Federazione Italiana Giuoco Calcio (FIGC) ranking, whilst on the international stage occupies the 5th position in Europe and the eleventh in the world for most confederation titles won with eleven trophies, having led the UEFA ranking during seven seasons since its inception in 1979, the most for an Italian team and joint second overall.
8005:123145416810496::Thread-25 2020-08-09 18:59:38.081 - Starting new HTTPS connection (1): en.wikipedia.org
8002:123145416810496::Thread-25 2020-08-09 18:59:39.069 - Founded with the name of Sport-Club Juventus, initially as an athletics club, it is the second oldest of its kind still active in the country after Genoa's football section (1893) and has competed uninterruptedly in the top flight league (reformulated as Serie A from 1929) since its debut in 1900 after changing its name to Foot-Ball Club Juventus, with the exception of the 2006–07 season, being managed by the industrial Agnelli family almost continuously since 1923.
8006:123145416810496::Thread-25 2020-08-09 18:59:39.642 - Megan Denise Fox (born May 16, 1986) is an American actress and model.
8006:123145416810496::Thread-25 2020-08-09 18:59:40.056 - She made her acting debut in the family film Holiday in the Sun (2001).
8006:123145416810496::Thread-25 2020-08-09 18:59:40.493 - This was followed by numerous supporting roles in film and television, as well as a starring role in the ABC sitcom Hope & Faith (2004–2006).
8002:123145416810496::Thread-25 2020-08-09 18:59:40.648 - The relationship between the club and that dynasty is the oldest and longest in national sports, making Juventus one of the first professional sporting clubs ante litteram in the country, having established itself as a major force in the national stage since the 1930s and at confederation level since the mid-1970s and becoming one of the first ten wealthiest in world football in terms of value, revenue and profit since the mid-1990s, being listed on the Borsa italiana since 2001.Under the management of Giovanni Trapattoni, the club won 13 trophies in the ten years before 1986, including six league titles and five international titles, and became the first to win all three seasonal competitions organised by the Union of European Football Associations: the 1976–77 UEFA Cup (first Southern European side to do so), the 1983–84 Cup Winners' Cup and the 1984–85 European Cup.
8003:123145416810496::Thread-25 2020-08-09 18:59:40.896 - The Parthenon is regarded as an enduring symbol of Ancient Greece, Athenian democracy and Western civilization, and one of the world's greatest cultural monuments.
8006:123145416810496::Thread-25 2020-08-09 18:59:41.114 - Fox went on to make her feature film debut in the teen musical comedy Confessions of a Teenage Drama Queen (2004).
8006:123145416810496::Thread-25 2020-08-09 18:59:41.208 - Fox received worldwide recognition for her breakout role as Mikaela Banes in the blockbuster action film Transformers (2007).
8006:123145416810496::Thread-25 2020-08-09 18:59:41.34 - She reprised her role in the sequel Transformers: Revenge of the Fallen (2009) and portrayed the titular character in the horror comedy Jennifer's Body (2009).
8002:123145416810496::Thread-25 2020-08-09 18:59:41.436 - With successive triumphs in the 1984 European Super Cup and 1985 Intercontinental Cup, it became the first and thus far only in the world to complete a clean sweep of all confederation trophies; an achievement that they revalidated with the title won in the 1999 UEFA Intertoto Cup after another successful era led by Marcello Lippi, becoming in addition the only professional Italian club to have won every ongoing honour available to the first team and organised by a national or international football association.
8003:123145416810496::Thread-25 2020-08-09 18:59:41.922 - To the Athenians who built it, the Parthenon and other Periclean monuments of the Acropolis were seen fundamentally as a celebration of Hellenic victory over the Persian invaders and as a thanksgiving to the gods for that victory.The Parthenon itself replaced an older temple of Athena, which historians call the Pre-Parthenon or Older Parthenon, that was destroyed in the Persian invasion of 480 BC.
8006:123145416810496::Thread-25 2020-08-09 18:59:41.981 - She starred as April O'Neil in the superhero action film Teenage Mutant Ninja Turtles (2014) and its sequel Teenage Mutant Ninja Turtles: Out of the Shadows (2016).
8006:123145416810496::Thread-25 2020-08-09 18:59:42.084 - Fox also starred as Regan Lucas in the fifth and sixth seasons of the Fox sitcom New Girl (2016–2017).
8006:123145416810496::Thread-25 2020-08-09 18:59:42.699 - Fox is considered a sex symbol and has appeared in numerous magazines, such as Maxim, Rolling Stone, and FHM.
8002:123145416810496::Thread-25 2020-08-09 18:59:43.241 - In December 2000, Juventus was ranked seventh in the FIFA's historic ranking of the best clubs in the world and nine years later was ranked second best club in Europe during the 20th Century based on a statistical study series by the International Federation of Football History & Statistics (IFFHS), the highest for an Italian club in both.The club's fan base is the largest at national level and one of the largest worldwide.
8003:123145416810496::Thread-25 2020-08-09 18:59:43.266 - Like most Greek temples, the Parthenon served a practical purpose as the city treasury.
8006:123145416810496::Thread-25 2020-08-09 18:59:43.432 - Early life
Megan Fox was born on May 16, 1986 in Oak Ridge, Tennessee, to parents Gloria Darlene (Cisson) and Franklin Thomas Fox.
8006:123145416810496::Thread-25 2020-08-09 18:59:43.637 - She spent her early childhood in nearby Rockwood.
8005:123145416810496::Thread-25 2020-08-09 18:59:44.086 - DC, D.C., Dc, or dc may refer to:


Arts and entertainment


Music
Da capo, a musical term
DC Recordings, owned by Jonathan Saul Kane
Destiny's Child, an American R&B group
Drum Connection, a German pop group
DC Talk, a Christian rap and rock trio.
8002:123145416810496::Thread-25 2020-08-09 18:59:44.232 - Unlike most European sporting supporters' groups, which are often concentrated around their own club's city of origin, it is widespread throughout the whole country and the Italian diaspora, making Juventus a symbol of anticampanilismo ("anti-parochialism") and italianità ("Italianness").
8002:123145416810496::Thread-25 2020-08-09 18:59:45.238 - **END**
8004:123145416810496::Thread-25 2020-08-09 18:59:45.417 - **END**
8003:123145416810496::Thread-25 2020-08-09 18:59:45.715 - For a time, it served as the treasury of the Delian League, which later became the Athenian Empire.
8005:123145416810496::Thread-25 2020-08-09 18:59:46.758 - Video games
Da Capo (visual novel)
Desert Combat, a Battlefield 1942 mod
Digital Chaos, a professional Dota 2 eSports team
Dino Crisis, a survival horror game series
Dreamcast, a video game console


Other media
D.C. (TV series)
DC (Detective Comics)  Comics, an American comic book publisher
DC Inside, a South Korean internet forum


Businesses and products
DC Recordings
DC Shoes, an American sports footwear company
Deloitte Consulting, a US management consulting firm
Dick Clark Productions
Diet Coke, a soft drink
Disney Channel
Doritos chips
Douglas Commercial, a series of aircraft by the Douglas Aircraft Company (and later McDonnell Douglas)
Delta Clipper, a proposed rocketship series by McDonnell Douglas
Dyson vacuum cleaners, which use product code prefix DC
Golden Air, an airline (IATA code DC)
Drawception, an online game where a person comes up with something to draw, someone else draws it, someone else interprets that drawing, then someone tries to draw that interpretation, and so on


Government, law, and military
Christian Democracy (Italy), a political party
Christian Democracy (Brazil), a political party
Detective constable, a rank in the British and several other police forces
Development control in the United Kingdom, a land regulation process
District collector, an Indian Administrative Service officer in charge of revenue collection and administration of a district
District Commissioner, a rank in the British former Colonial Service
District Court
The District of Columbia, federal capital of the United States
Dossier criminal, in Indian policing


People
DC author abbreviation of Swiss botanist Augustin Pyramus de Candolle (1778–1841)
Dalton Castle (wrestler) (born 1986)
Daniel Cormier (born 1979) Olympic wrestler and heavyweight mixed martial artist
David Coulthard (born 1971) British racing driver, known as DC
DC Drake (born 1957), American addictions counselor, and retired professional wrestler
D. C. Fontana (Dorothy Catherine Fontana) (1939–2019), American screenwriter known primarily for work on Star Trek
Donald L. Cox (1936–2011), American leader of the Black Panther Party, known as Field Marshal DC


Places
Washington, D.C., the capital, and the federal territory of the United States of America
Bogotá, Distrito Capital, the capital city of Colombia.
8003:123145416810496::Thread-25 2020-08-09 18:59:47.721 - In the final decade of the 6th century AD, the Parthenon was converted into a Christian church dedicated to the Virgin Mary.
8002:123145416810496::Thread-25 2020-08-09 18:59:49.241 - **START**
8002:123145416810496::Thread-25 2020-08-09 18:59:49.245 - Starting new HTTPS connection (1): en.wikipedia.org
8002:123145416810496::Thread-25 2020-08-09 18:59:50.374 - Sachin Ramesh Tendulkar ( (listen); born 24 April 1973) is a former international cricketer from India and a former captain of the Indian national team.
8002:123145416810496::Thread-25 2020-08-09 18:59:50.392 - He is widely regarded as one of the greatest batsmen in the history of cricket.
8003:123145416810496::Thread-25 2020-08-09 18:59:50.491 - After the Ottoman conquest, it was turned into a mosque in the early 1460s.
8003:123145416810496::Thread-25 2020-08-09 18:59:51.281 - On 26 September 1687, an Ottoman ammunition dump inside the building was ignited by Venetian bombardment during a siege of the Acropolis.
8002:123145416810496::Thread-25 2020-08-09 18:59:51.335 - He is the highest run scorer of all time in International cricket.
8005:123145416810496::Thread-25 2020-08-09 18:59:51.761 - **END**
8002:123145416810496::Thread-25 2020-08-09 18:59:52.127 - Considered as the world's most prolific batsman of all time, he is the only player to have scored one hundred international centuries, the first batsman to score a double century in a One Day International (ODI), the holder of the record for the most runs in both Test and ODI cricket, and the only player to complete more than 30,000 runs in international cricket.Tendulkar took up cricket at the age of eleven, made his Test debut on 15 November 1989 against Pakistan in Karachi at the age of sixteen, and went on to represent Mumbai domestically and India internationally for close to twenty-four years.
8002:123145416810496::Thread-25 2020-08-09 18:59:52.517 - In 2002, halfway through his career, Wisden Cricketers' Almanack ranked him the second greatest Test batsman of all time, behind Don Bradman, and the second greatest ODI batsman of all time, behind Viv Richards.
8006:123145416810496::Thread-25 2020-08-09 18:59:52.638 - **END**
8002:123145416810496::Thread-25 2020-08-09 18:59:53.204 - Later in his career, Tendulkar was a part of the Indian team that won the 2011 World Cup, his first win in six World Cup appearances for India.
8002:123145416810496::Thread-25 2020-08-09 18:59:53.373 - He had previously been named "Player of the Tournament" at the 2003 edition of the tournament, held in South Africa.
8002:123145416810496::Thread-25 2020-08-09 18:59:53.624 - In 2013, he was the only Indian cricketer included in an all-time Test World XI named to mark the 150th anniversary of Wisden Cricketers' Almanack.
8002:123145416810496::Thread-25 2020-08-09 18:59:53.989 - He is affectionately known as Little Master or Master Blaster.Tendulkar received the Arjuna Award in 1994 for his outstanding sporting achievement, the Rajiv Gandhi Khel Ratna award in 1997, India's highest sporting honour, and the Padma Shri and Padma Vibhushan awards in 1999 and 2008, respectively, India's fourth and second highest civilian awards.
8002:123145416810496::Thread-25 2020-08-09 18:59:54.498 - After a few hours of his final match on 16 November 2013, the Prime Minister's Office announced the decision to award him the Bharat Ratna, India's highest civilian award.
8003:123145416810496::Thread-25 2020-08-09 18:59:56.286 - **END**
8006:123145416810496::Thread-25 2020-08-09 18:59:59.642 - **START**
8006:123145416810496::Thread-25 2020-08-09 18:59:59.747 - Starting new HTTPS connection (1): en.wikipedia.org
8004:123145416810496::Thread-25 2020-08-09 19:00:00.42 - **START**
8004:123145416810496::Thread-25 2020-08-09 19:00:00.443 - Starting new HTTPS connection (1): en.wikipedia.org
8006:123145416810496::Thread-25 2020-08-09 19:00:01.3 - X-Men: The Animated Series (or simply known as X-Men), is an American superhero animated television series which debuted on October 31, 1992, in the United States on the Fox Kids Network.
8002:123145416810496::Thread-25 2020-08-09 19:00:01.5 - **END**
8006:123145416810496::Thread-25 2020-08-09 19:00:01.79 - X-Men was Marvel Comics' second attempt at an animated X-Men TV series after the pilot, X-Men: Pryde of the X-Men, was not picked up.
8004:123145416810496::Thread-25 2020-08-09 19:00:02.274 - Jennifer Shrader Lawrence (born August 15, 1990) is an American actress.
8006:123145416810496::Thread-25 2020-08-09 19:00:02.382 - Production
In 1991, Margaret Loesch became head of Fox Children's Network.
8004:123145416810496::Thread-25 2020-08-09 19:00:02.636 - The films she has acted in have grossed over $6 billion worldwide, and she was the highest-paid actress in the world in 2015 and 2016.
8006:123145416810496::Thread-25 2020-08-09 19:00:03.185 - Having championed the Pryde of the X-Men pilot in 1989, she was quick to set up an order for 13 episodes of X-Men.
8004:123145416810496::Thread-25 2020-08-09 19:00:03.354 - Lawrence appeared in Time's 100 most influential people in the world list in 2013 and in the Forbes Celebrity 100 list in 2014 and 2016.
8004:123145416810496::Thread-25 2020-08-09 19:00:03.864 - During her childhood, Lawrence performed in church plays and school musicals.
8006:123145416810496::Thread-25 2020-08-09 19:00:04.104 - Saban Entertainment was contracted to produce the show and hired a small studio Graz Entertainment to produce the episodes as it did not have sufficient staff at the time to handle production in house.
8006:123145416810496::Thread-25 2020-08-09 19:00:04.325 - Graz employed the creative staff, wrote and designed each episode, and drew the storyboards.
8004:123145416810496::Thread-25 2020-08-09 19:00:04.482 - At age 14, she was spotted by a talent scout while vacationing in New York City with her family.
8004:123145416810496::Thread-25 2020-08-09 19:00:05.008 - Lawrence then moved to Los Angeles and began her acting career by playing guest roles in television shows.
8006:123145416810496::Thread-25 2020-08-09 19:00:05.052 - The voice work was done using Canadian studios and South Korean studio AKOM was hired to animate the episodes.
8006:123145416810496::Thread-25 2020-08-09 19:00:05.744 - X-Men was originally to premiere over the Labor Day weekend in September; due to production delays, it was pushed to the end of October.
8005:123145416810496::Thread-25 2020-08-09 19:00:05.762 - **START**
8005:123145416810496::Thread-25 2020-08-09 19:00:05.777 - Starting new HTTPS connection (1): en.wikipedia.org
8004:123145416810496::Thread-25 2020-08-09 19:00:05.941 - Her first major role came as a main cast member on the sitcom The Bill Engvall Show (2007–2009).
8006:123145416810496::Thread-25 2020-08-09 19:00:05.952 - When the animation team AKOM turned in the first episode, it contained hundreds of animation errors, which AKOM refused to fix.
8006:123145416810496::Thread-25 2020-08-09 19:00:05.983 - Because of time constraints, the episode was aired in an unfinished form.
8004:123145416810496::Thread-25 2020-08-09 19:00:06.084 - Lawrence made her film debut in a supporting role in the drama Garden Party (2008), and had her breakthrough playing a poverty-stricken teenager in the independent drama Winter's Bone (2010).
8004:123145416810496::Thread-25 2020-08-09 19:00:06.282 - Her career progressed with her starring roles as the mutant Mystique in the X-Men film series (2011–2019) and Katniss Everdeen in the Hunger Games film series (2012–2015).
8005:123145416810496::Thread-25 2020-08-09 19:00:06.687 - Gazzy Garcia (born August 17, 2000), known professionally as Lil Pump, is an American rapper and songwriter.
8005:123145416810496::Thread-25 2020-08-09 19:00:06.884 - He is known for his hyperactive public persona, where he is often portrayed taking drugs, particularly marijuana, lean, Xanax and MDMA; he is often criticized for his behavior seen on social media.
8004:123145416810496::Thread-25 2020-08-09 19:00:06.935 - The latter established her as the highest-grossing action heroine of all time.
8004:123145416810496::Thread-25 2020-08-09 19:00:06.936 - **END**
8005:123145416810496::Thread-25 2020-08-09 19:00:08.323 - He is also known for shouting his catchphrase "Esskeetit" (a truncated version of "Let's get it").
8005:123145416810496::Thread-25 2020-08-09 19:00:09.149 - Garcia was named as one of the 30 Under 30 by Forbes in 2019.Lil Pump rose to popularity in 2017, after he released his single "Gucci Gang" from his debut album Lil Pump, which peaked at number three on the U.S.
8005:123145416810496::Thread-25 2020-08-09 19:00:10.237 - Billboard Hot 100, and is certified triple platinum by the Recording Industry Association of America.
8005:123145416810496::Thread-25 2020-08-09 19:00:10.936 - He has since released other songs, including "I Love It" (with Kanye West), "Esskeetit", "Drug Addicts", "Butterfly Doors", "Racks on Racks", and "Be Like Me" (featuring Lil Wayne).
8006:123145416810496::Thread-25 2020-08-09 19:00:11.988 - **END**
8005:123145416810496::Thread-25 2020-08-09 19:00:12.622 - He released his debut studio album, Lil Pump, in October 2017.
8003:123145416810496::Thread-25 2020-08-09 19:00:13.29 - **START**
8003:123145416810496::Thread-25 2020-08-09 19:00:13.295 - Starting new HTTPS connection (1): en.wikipedia.org
8005:123145416810496::Thread-25 2020-08-09 19:00:13.453 - His song "Welcome to the Party" was featured in the soundtrack for Deadpool 2.
8005:123145416810496::Thread-25 2020-08-09 19:00:14.245 - He released his second studio album Harverd Dropout on February 22, 2019.
8003:123145416810496::Thread-25 2020-08-09 19:00:14.767 - The Golden Gate Bridge is a suspension bridge spanning the Golden Gate, the one-mile-wide (1.6 km) strait connecting San Francisco Bay and the Pacific Ocean.
8005:123145416810496::Thread-25 2020-08-09 19:00:15.125 - Early life
Garcia was born August 17, 2000, in Miami, Florida.
8003:123145416810496::Thread-25 2020-08-09 19:00:15.309 - The structure links the U.S. city of San Francisco, California—the northern tip of the San Francisco Peninsula—to Marin County, carrying both U.S. Route 101 and California State Route 1 across the strait.
8005:123145416810496::Thread-25 2020-08-09 19:00:15.377 - In a 2018 interview with J. Cole, Garcia stated that his parents are from Colombia and they divorced when he was six years old.
8003:123145416810496::Thread-25 2020-08-09 19:00:16.156 - The bridge is one of the most internationally recognized symbols of San Francisco and California.
8003:123145416810496::Thread-25 2020-08-09 19:00:16.669 - It was initially designed by engineer Joseph Strauss in 1917.
8003:123145416810496::Thread-25 2020-08-09 19:00:17.3 - It has been declared one of the Wonders of the Modern World by the American Society of Civil Engineers.The Frommer's travel guide describes the Golden Gate Bridge as "possibly the most beautiful, certainly the most photographed, bridge in the world."
8003:123145416810496::Thread-25 2020-08-09 19:00:17.675 - At the time of its opening in 1937, it was both the longest and the tallest suspension bridge in the world, with a main span of 4,200 feet (1,280 m) and a total height of 746 feet (227 m).
8003:123145416810496::Thread-25 2020-08-09 19:00:17.76 - History


Ferry service

Before the bridge was built, the only practical short route between San Francisco and what is now Marin County was by boat across a section of San Francisco Bay.
8003:123145416810496::Thread-25 2020-08-09 19:00:18.074 - A ferry service began as early as 1820, with a regularly scheduled service beginning in the 1840s for the purpose of transporting water to San Francisco.The Sausalito Land and Ferry Company service, launched in 1867, eventually became the Golden Gate Ferry Company, a Southern Pacific Railroad subsidiary, the largest ferry operation in the world by the late 1920s.
8005:123145416810496::Thread-25 2020-08-09 19:00:18.378 - **END**
8003:123145416810496::Thread-25 2020-08-09 19:00:18.624 - Once for railroad passengers and customers only, Southern Pacific's automobile ferries became very profitable and important to the regional economy.
8003:123145416810496::Thread-25 2020-08-09 19:00:19.474 - The ferry crossing between the Hyde Street Pier in San Francisco and Sausalito Ferry Terminal in Marin County took approximately 20 minutes and cost $1.00 per vehicle, a price later reduced to compete with the new bridge.
8003:123145416810496::Thread-25 2020-08-09 19:00:20.015 - The trip from the San Francisco Ferry Building took 27 minutes.
8003:123145416810496::Thread-25 2020-08-09 19:00:24.02 - **END**