8003:123145627140096::Thread-75 2020-08-09 18:59:27.252 - **START**
8003:123145627140096::Thread-75 2020-08-09 18:59:27.529 - Starting new HTTPS connection (1): en.wikipedia.org
8003:123145627140096::Thread-75 2020-08-09 18:59:28.681 - Switzerland, officially the Swiss Confederation, is a country situated in the confluence of Western, Central, and Southern Europe.
8002:123145627140096::Thread-75 2020-08-09 18:59:29.339 - **START**
8002:123145627140096::Thread-75 2020-08-09 18:59:29.394 - Starting new HTTPS connection (1): en.wikipedia.org
8004:123145627140096::Thread-75 2020-08-09 18:59:30.211 - **START**
8004:123145627140096::Thread-75 2020-08-09 18:59:30.83 - Starting new HTTPS connection (1): en.wikipedia.org
8003:123145627140096::Thread-75 2020-08-09 18:59:31.381 - It is a federal republic composed of 26 cantons, with federal authorities based in Bern.
8003:123145627140096::Thread-75 2020-08-09 18:59:31.64 - Switzerland is a landlocked country bordered by Italy to the south, France to the west, Germany to the north, and Austria and Liechtenstein to the east.
8003:123145627140096::Thread-75 2020-08-09 18:59:31.985 - It is geographically divided among the Swiss Plateau, the Alps, and the Jura, spanning a total area of 41,285 km2 (15,940 sq mi), and land area of 39,997 km2 (15,443 sq mi).
8003:123145627140096::Thread-75 2020-08-09 18:59:32.129 - While the Alps occupy the greater part of the territory, the Swiss population of approximately 8.5 million is concentrated mostly on the plateau, where the largest cities and economic centres are located, among them Zürich, Geneva and Basel, where multiple international organisations are domiciled (such as FIFA, the UN's second-largest Office, and the Bank for International Settlements) and where the main international airports of Switzerland are.
8004:123145627140096::Thread-75 2020-08-09 18:59:33.739 - Yara Sayeh Shahidi (born February 10, 2000) is an American actress, model, and activist.
8003:123145627140096::Thread-75 2020-08-09 18:59:34.092 - The establishment of the Old Swiss Confederacy dates to the late medieval period, resulting from a series of military successes against Austria and Burgundy.
8002:123145627140096::Thread-75 2020-08-09 18:59:34.207 - Peter Gene Hernandez (born October 8, 1985), known professionally as Bruno Mars, is an American singer, songwriter, record producer, multi-instrumentalist, and dancer.
8002:123145627140096::Thread-75 2020-08-09 18:59:35.195 - He is known for his stage performances, retro showmanship, and for performing in a wide range of musical styles, including pop, R&B, funk, soul, reggae, hip hop, and rock.
8005:123145627140096::Thread-75 2020-08-09 18:59:35.228 - **START**
8003:123145627140096::Thread-75 2020-08-09 18:59:35.617 - Swiss independence from the Holy Roman Empire was formally recognized in the Peace of Westphalia in 1648.
8004:123145627140096::Thread-75 2020-08-09 18:59:36.125 - She gained recognition for her starring role as the oldest daughter Zoey Johnson on the sitcom Black-ish (2014–present) and its spin-off series Grown-ish (2018–present).
8006:123145627140096::Thread-75 2020-08-09 18:59:37.249 - **START**
8003:123145627140096::Thread-75 2020-08-09 18:59:37.435 - The Federal Charter of 1291 is considered the founding document of Switzerland which is celebrated on Swiss National Day.
8006:123145627140096::Thread-75 2020-08-09 18:59:37.497 - Starting new HTTPS connection (1): en.wikipedia.org
8002:123145627140096::Thread-75 2020-08-09 18:59:37.773 - Mars is accompanied by his band, the Hooligans, who play a variety of instruments, such as electric guitar, bass, piano, keyboards, drums, and horns, and also serve as backup singers and dancers.
8003:123145627140096::Thread-75 2020-08-09 18:59:37.817 - Since the Reformation of the 16th century, Switzerland has maintained a strong policy of armed neutrality; it has not fought an international war since 1815 and did not join the United Nations until 2002.
8005:123145627140096::Thread-75 2020-08-09 18:59:38.069 - Starting new HTTPS connection (1): en.wikipedia.org
8003:123145627140096::Thread-75 2020-08-09 18:59:38.334 - Nevertheless, it pursues an active foreign policy and is frequently involved in peace-building processes around the world.
8002:123145627140096::Thread-75 2020-08-09 18:59:38.522 - Born and raised in Honolulu, Hawaii, Mars moved to Los Angeles in 2003 to pursue a musical career.
8004:123145627140096::Thread-75 2020-08-09 18:59:39.098 - Her film credits include Imagine That (2009), Smallfoot (2018), and the lead role in The Sun Is Also a Star (2019).
8006:123145627140096::Thread-75 2020-08-09 18:59:40.261 - The Führerbunker (German pronunciation: [ˈfyːʁɐˌbʊŋkɐ]) was an air raid shelter located near the Reich Chancellery in Berlin, Germany.
8002:123145627140096::Thread-75 2020-08-09 18:59:40.541 - After being dropped by Motown Records, Mars signed a recording contract with Atlantic Records in 2009.
8004:123145627140096::Thread-75 2020-08-09 18:59:41.178 - Time included her on "The 30 Most Influential Teens of 2016" list.
8006:123145627140096::Thread-75 2020-08-09 18:59:41.831 - It was part of a subterranean bunker complex constructed in two phases in 1936 and 1944.
8005:123145627140096::Thread-75 2020-08-09 18:59:43.124 - Paris Saint-Germain Football Club (French pronunciation: ​[paʁi sɛ̃ ʒɛʁmɛ̃]), commonly referred to as Paris Saint-Germain, Paris SG, or simply Paris or PSG, is a French professional football club based in Paris.
8004:123145627140096::Thread-75 2020-08-09 18:59:43.157 - Early life
Yara Sayeh Shahidi was born in Minneapolis, Minnesota, the daughter of Keri Salter Shahidi and Afshin Shahidi, a photographer.
8002:123145627140096::Thread-75 2020-08-09 18:59:43.435 - In the same year, he co-founded the production team The Smeezingtons, responsible for various successful singles for Mars himself and other artists.
8002:123145627140096::Thread-75 2020-08-09 18:59:44.115 - Mars rose to fame in 2010 with the release of the successful singles "Nothin' on You" by B.o.B and "Billionaire" by Travie McCoy, both of which featured his vocals on the hooks.
8006:123145627140096::Thread-75 2020-08-09 18:59:44.231 - It was the last of the Führer Headquarters (Führerhauptquartiere) used by Adolf Hitler during World War II.
8005:123145627140096::Thread-75 2020-08-09 18:59:44.318 - They compete in Ligue 1, the top division of French football.
8005:123145627140096::Thread-75 2020-08-09 18:59:44.699 - PSG are France's most successful club, having won over forty competitive honours, including nine league titles and one major European trophy.
8005:123145627140096::Thread-75 2020-08-09 18:59:45.349 - Their home ground is the Parc des Princes.
8002:123145627140096::Thread-75 2020-08-09 18:59:45.669 - His debut studio album Doo-Wops & Hooligans (2010) spawned the international number-one singles "Just the Way You Are", "Grenade", and "The Lazy Song".
8004:123145627140096::Thread-75 2020-08-09 18:59:45.81 - Her father is Iranian, and her mother is African-American.
8004:123145627140096::Thread-75 2020-08-09 18:59:46.353 - The family moved to California for Afshin's work when Yara was 4 years old.
8006:123145627140096::Thread-75 2020-08-09 18:59:46.399 - Hitler took up residence in the Führerbunker on 16 January 1945, and it became the centre of the Nazi regime until the last week of World War II in Europe.
8002:123145627140096::Thread-75 2020-08-09 18:59:47.239 - The former won the Grammy Award for Best Male Pop Vocal Performance.
8004:123145627140096::Thread-75 2020-08-09 18:59:47.254 - She is the older sister of child actor and model Sayeed Shahidi and they have a younger brother, Ehsan.
8003:123145627140096::Thread-75 2020-08-09 18:59:47.336 - **END**
8002:123145627140096::Thread-75 2020-08-09 18:59:47.611 - Mars' second album, Unorthodox Jukebox (2012), became his first number one album on the US Billboard 200 and won the Grammy Award for Best Pop Vocal Album.
8004:123145627140096::Thread-75 2020-08-09 18:59:47.713 - Keri Shahidi states the name Yara means in Persian "Someone who is close to your heart", the name Sayeed means "Blessing", and Ehsan means "To act as though God is watching".
8006:123145627140096::Thread-75 2020-08-09 18:59:47.768 - Hitler married Eva Braun there on 29 April 1945, less than 40 hours before they committed suicide.
8005:123145627140096::Thread-75 2020-08-09 18:59:47.884 - Founded in 1970, PSG won their first major honour, the French Cup, in 1982 and their maiden Ligue 1 title in 1986.
8004:123145627140096::Thread-75 2020-08-09 18:59:48.456 - The rapper Nas is their once-removed cousin.
8003:123145627140096::Thread-75 2020-08-09 18:59:49.342 - **START**
8003:123145627140096::Thread-75 2020-08-09 18:59:49.347 - Starting new HTTPS connection (1): en.wikipedia.org
8006:123145627140096::Thread-75 2020-08-09 18:59:49.364 - After the war, both the old and new Chancellery buildings were levelled by the Soviets.
8005:123145627140096::Thread-75 2020-08-09 18:59:50.788 - The 1990s was among the most successful periods in PSG's history; they claimed their second league crown, three French Cups, two League Cups, two French Super Cups and, most notably, the UEFA Cup Winners' Cup in 1996.
8005:123145627140096::Thread-75 2020-08-09 18:59:50.871 - After suffering a decline in fortunes during the 2000s, the club have enjoyed a revival since 2011; they have clinched seven league titles and eighteen national cups.
8006:123145627140096::Thread-75 2020-08-09 18:59:51.217 - The underground complex remained largely undisturbed until 1988–89, despite some attempts at demolition.
8003:123145627140096::Thread-75 2020-08-09 18:59:51.275 - Peyton Williams Manning (born March 24, 1976) is an American former professional football quarterback who played in the National Football League (NFL) for 18 seasons.
8003:123145627140096::Thread-75 2020-08-09 18:59:51.416 - Considered one of the greatest quarterbacks of all time, he spent 14 seasons with the Indianapolis Colts and his final four seasons with the Denver Broncos.
8005:123145627140096::Thread-75 2020-08-09 18:59:51.431 - PSG are the club with most consecutive seasons playing in the top-flight and one of only two French clubs to have won a major European title.
8003:123145627140096::Thread-75 2020-08-09 18:59:51.99 - He played college football for the University of Tennessee, leading the Tennessee Volunteers to the 1997 SEC Championship Game in his senior season.
8006:123145627140096::Thread-75 2020-08-09 18:59:52.182 - The excavated sections of the old bunker complex were mostly destroyed during reconstruction of that area of Berlin.
8005:123145627140096::Thread-75 2020-08-09 18:59:52.728 - They are also the most popular football club in France and one of the most widely supported teams in the world.
8003:123145627140096::Thread-75 2020-08-09 18:59:53.071 - He is the second son of former NFL quarterback Archie Manning and older brother of former NFL quarterback Eli Manning.
8005:123145627140096::Thread-75 2020-08-09 18:59:53.871 - PSG's home kit colours are red, blue and white.
8005:123145627140096::Thread-75 2020-08-09 18:59:53.905 - **END**
8003:123145627140096::Thread-75 2020-08-09 18:59:54.333 - Manning was selected by the Colts as the first overall pick in the 1998 NFL Draft.
8003:123145627140096::Thread-75 2020-08-09 18:59:54.358 - From 1998 to 2010, he improved the fortunes of the struggling Colts franchise and helped transform them into consistent playoff contenders.
8004:123145627140096::Thread-75 2020-08-09 18:59:54.458 - **END**
8006:123145627140096::Thread-75 2020-08-09 18:59:54.485 - The site remained unmarked until 2006, when a small plaque was installed with a schematic diagram.
8003:123145627140096::Thread-75 2020-08-09 18:59:55.076 - During his tenure as starting quarterback, Manning led the team to eight division championships, two AFC championships, and one Super Bowl title in Super Bowl XLI—the franchise's first in over three decades, and their first since relocating to Indianapolis.
8002:123145627140096::Thread-75 2020-08-09 18:59:55.612 - **END**
8003:123145627140096::Thread-75 2020-08-09 18:59:55.823 - After undergoing neck surgery that sidelined him for the 2011 season, Manning was released by the Colts and signed with the Broncos.
8004:123145627140096::Thread-75 2020-08-09 18:59:56.463 - **START**
8004:123145627140096::Thread-75 2020-08-09 18:59:56.472 - Starting new HTTPS connection (1): en.wikipedia.org
8003:123145627140096::Thread-75 2020-08-09 18:59:57.249 - Serving as the team's starting quarterback from 2012 to 2015, he contributed to the Broncos clinching their division each year, and his career concluded with a victory in Super Bowl 50.
8006:123145627140096::Thread-75 2020-08-09 18:59:57.367 - Some corridors of the bunker still exist but are sealed off from the public.
8004:123145627140096::Thread-75 2020-08-09 18:59:58.04 - Amsterdam (, UK also ; Dutch: [ɑmstərˈdɑm] (listen)) is the capital and most populous city of the Netherlands with a population of 872,680 within the city proper, 1,380,872 in the urban area and 2,410,960 in the metropolitan area.
8003:123145627140096::Thread-75 2020-08-09 18:59:58.168 - Manning holds many NFL records, including AP MVP awards (5), Pro Bowl appearances (14), 4,000-yard passing seasons (14), single-season passing yards (5,477 in 2013), and single-season passing touchdowns (55 in 2013).
8004:123145627140096::Thread-75 2020-08-09 18:59:58.798 - Found within the province of North Holland, Amsterdam is colloquially referred to as the "Venice of the North", attributed by the large number of canals which form a UNESCO World Heritage Site.
8006:123145627140096::Thread-75 2020-08-09 18:59:58.965 - Construction
The Reich Chancellery bunker was initially constructed as a temporary air-raid shelter for Hitler, who actually spent very little time in the capital during most of the war.
8004:123145627140096::Thread-75 2020-08-09 18:59:59.193 - Amsterdam's name derives from Amstelredamme, indicative of the city's origin around a dam in the river Amstel.
8005:123145627140096::Thread-75 2020-08-09 18:59:59.918 - **START**
8005:123145627140096::Thread-75 2020-08-09 19:00:00.114 - Starting new HTTPS connection (1): en.wikipedia.org
8004:123145627140096::Thread-75 2020-08-09 19:00:00.483 - Originating as a small fishing village in the late 12th century, Amsterdam became one of the most important ports in the world during the Dutch Golden Age of the 17th century, and became the leading centre for finance and trade.
8004:123145627140096::Thread-75 2020-08-09 19:00:01.084 - In the 19th and 20th centuries, the city expanded, and many new neighbourhoods and suburbs were planned and built.
8004:123145627140096::Thread-75 2020-08-09 19:00:02.069 - The 17th-century canals of Amsterdam and the 19–20th century Defence Line of Amsterdam are on the UNESCO World Heritage List.
8004:123145627140096::Thread-75 2020-08-09 19:00:03.153 - Sloten, annexed in 1921 by the municipality of Amsterdam; is the oldest part of the city, dating to the 9th century.
8004:123145627140096::Thread-75 2020-08-09 19:00:03.624 - Amsterdam's main attractions include its historic canals, the Rijksmuseum, the Van Gogh Museum, the Stedelijk Museum, Hermitage Amsterdam, the Concertgebouw, the Anne Frank House, the Scheepvaartmuseum, the Amsterdam Museum, the Heineken Experience, the Royal Palace of Amsterdam, Natura Artis Magistra, Hortus Botanicus Amsterdam, NEMO, the red-light district and many cannabis coffee shops.
8006:123145627140096::Thread-75 2020-08-09 19:00:03.97 - **END**
8005:123145627140096::Thread-75 2020-08-09 19:00:04.139 - Charles, Prince of Wales (Charles Philip Arthur George; born 14 November 1948) is the heir apparent to the British throne as the eldest child of Queen Elizabeth II.
8004:123145627140096::Thread-75 2020-08-09 19:00:05.003 - It drew more than 5 million international visitors in 2014.
8002:123145627140096::Thread-75 2020-08-09 19:00:05.616 - **START**
8002:123145627140096::Thread-75 2020-08-09 19:00:05.634 - Starting new HTTPS connection (1): en.wikipedia.org
8005:123145627140096::Thread-75 2020-08-09 19:00:05.834 - He has been Duke of Cornwall and Duke of Rothesay since 1952, and he is the oldest and longest-serving heir apparent in British history.
8003:123145627140096::Thread-75 2020-08-09 19:00:06.17 - **END**
8004:123145627140096::Thread-75 2020-08-09 19:00:06.234 - The city is also well known for its nightlife and festival activity; with several of its nightclubs (Melkweg, Paradiso) among the world's most famous.
8002:123145627140096::Thread-75 2020-08-09 19:00:06.77 - Georgia (Georgian: საქართველო, translit.
8005:123145627140096::Thread-75 2020-08-09 19:00:06.858 - He is also the longest-serving Prince of Wales, having held that title since 1958.Charles was born at Buckingham Palace as the first grandchild of King George VI and Queen Elizabeth.
8005:123145627140096::Thread-75 2020-08-09 19:00:07.027 - He was educated at Cheam and Gordonstoun schools, which his father, Prince Philip, Duke of Edinburgh, had attended as a child.
8002:123145627140096::Thread-75 2020-08-09 19:00:07.368 - : sakartvelo) is a country in the Caucasus region of Eurasia.
8005:123145627140096::Thread-75 2020-08-09 19:00:07.417 - Charles also spent a year at the Timbertop campus of Geelong Grammar School in Victoria, Australia.
8002:123145627140096::Thread-75 2020-08-09 19:00:07.548 - Located at the crossroads of Western Asia and Eastern Europe, it is bounded to the west by the Black Sea, to the north by Russia, to the south by Turkey and Armenia, and to the southeast by Azerbaijan.
8002:123145627140096::Thread-75 2020-08-09 19:00:08.118 - The capital and largest city is Tbilisi.
8005:123145627140096::Thread-75 2020-08-09 19:00:08.256 - After earning a Bachelor of Arts degree from the University of Cambridge, Charles served in the Royal Air Force and Royal Navy from 1971 to 1976.
8005:123145627140096::Thread-75 2020-08-09 19:00:08.69 - In 1981, he married Lady Diana Spencer, and they had two sons: Prince William (b.
8002:123145627140096::Thread-75 2020-08-09 19:00:09.041 - Georgia covers a territory of 69,700 square kilometres (26,911 sq mi), and its approximate population is about 3.718 million.
8005:123145627140096::Thread-75 2020-08-09 19:00:09.349 - 1982) and Prince Harry (b.
8005:123145627140096::Thread-75 2020-08-09 19:00:09.373 - 1984).
8002:123145627140096::Thread-75 2020-08-09 19:00:09.534 - Georgia is a unitary parliamentary republic, with the government elected through a representative democracy.
8002:123145627140096::Thread-75 2020-08-09 19:00:09.557 - During the classical era, several independent kingdoms became established in what is now Georgia, such as Colchis and Iberia.
8002:123145627140096::Thread-75 2020-08-09 19:00:10.42 - The Georgians officially adopted Christianity in the early 4th century.
8005:123145627140096::Thread-75 2020-08-09 19:00:10.922 - In 1996, the couple divorced following well-publicised extramarital affairs by both parties.
8002:123145627140096::Thread-75 2020-08-09 19:00:11.013 - The Georgian Orthodox Church had enormous importance for the spiritual and political unification of early Georgian states.
8002:123145627140096::Thread-75 2020-08-09 19:00:11.869 - The unified Kingdom of Georgia reached its Golden Age during the reign of King David the Builder and Queen Tamar the Great in the 12th and early 13th centuries.
8005:123145627140096::Thread-75 2020-08-09 19:00:12.358 - Diana died as the result of a car crash in Paris the following year.
8002:123145627140096::Thread-75 2020-08-09 19:00:12.856 - Thereafter, the kingdom declined and eventually disintegrated under the hegemony of various regional powers, including the Mongols, the Ottoman Empire and successive dynasties of Iran.
8005:123145627140096::Thread-75 2020-08-09 19:00:13.363 - **END**
8004:123145627140096::Thread-75 2020-08-09 19:00:14.236 - **END**
8002:123145627140096::Thread-75 2020-08-09 19:00:17.861 - **END**