8002:123145656586240::Thread-82 2020-08-09 18:59:27.322 - **START**
8002:123145656586240::Thread-82 2020-08-09 18:59:27.57 - Starting new HTTPS connection (1): en.wikipedia.org
8002:123145656586240::Thread-82 2020-08-09 18:59:31.761 - World War I (often abbreviated as WWI or WW1), also known as the First World War or the Great War, was a global war that lasted from 28 July 1914 to 11 November 1918.
8003:123145656586240::Thread-82 2020-08-09 18:59:32.254 - **START**
8005:123145656586240::Thread-82 2020-08-09 18:59:33.207 - **START**
8003:123145656586240::Thread-82 2020-08-09 18:59:33.347 - Starting new HTTPS connection (1): en.wikipedia.org
8002:123145656586240::Thread-82 2020-08-09 18:59:33.656 - Contemporaneously described as "the war to end all wars", it led to the mobilisation of more than 70 million military personnel, including 60 million Europeans, making it one of the largest wars in history.
8006:123145656586240::Thread-82 2020-08-09 18:59:34.307 - **START**
8006:123145656586240::Thread-82 2020-08-09 18:59:34.986 - Starting new HTTPS connection (1): en.wikipedia.org
8003:123145656586240::Thread-82 2020-08-09 18:59:35.871 - Sachin Ramesh Tendulkar ( (listen); born 24 April 1973) is a former international cricketer from India and a former captain of the Indian national team.
8005:123145656586240::Thread-82 2020-08-09 18:59:35.966 - Starting new HTTPS connection (1): en.wikipedia.org
8002:123145656586240::Thread-82 2020-08-09 18:59:36.037 - It is also one of the deadliest conflicts in history, with an estimated nine million combatant deaths and 13 million civilian deaths as a direct result of the war, while resulting genocides and the related 1918 influenza pandemic caused another 17–100 million deaths worldwide.On 28 June 1914, Gavrilo Princip, a Bosnian Serb Yugoslav nationalist, assassinated the Austro-Hungarian heir Archduke Franz Ferdinand in Sarajevo, leading to the July Crisis.
8003:123145656586240::Thread-82 2020-08-09 18:59:36.624 - He is widely regarded as one of the greatest batsmen in the history of cricket.
8004:123145656586240::Thread-82 2020-08-09 18:59:37.21 - **START**
8003:123145656586240::Thread-82 2020-08-09 18:59:37.554 - He is the highest run scorer of all time in International cricket.
8004:123145656586240::Thread-82 2020-08-09 18:59:37.828 - Starting new HTTPS connection (1): en.wikipedia.org
8006:123145656586240::Thread-82 2020-08-09 18:59:37.833 - Canada is a country in the northern part of North America.
8006:123145656586240::Thread-82 2020-08-09 18:59:38.013 - Its ten provinces and three territories extend from the Atlantic to the Pacific and northward into the Arctic Ocean, covering 9.98 million square kilometres (3.85 million square miles), making it the world's second-largest country by total area.
8006:123145656586240::Thread-82 2020-08-09 18:59:38.373 - Its southern and western border with the United States, stretching 8,891 kilometres (5,525 mi), is the world's longest bi-national land border.
8003:123145656586240::Thread-82 2020-08-09 18:59:38.524 - Considered as the world's most prolific batsman of all time, he is the only player to have scored one hundred international centuries, the first batsman to score a double century in a One Day International (ODI), the holder of the record for the most runs in both Test and ODI cricket, and the only player to complete more than 30,000 runs in international cricket.Tendulkar took up cricket at the age of eleven, made his Test debut on 15 November 1989 against Pakistan in Karachi at the age of sixteen, and went on to represent Mumbai domestically and India internationally for close to twenty-four years.
8002:123145656586240::Thread-82 2020-08-09 18:59:38.648 - In response, Austria-Hungary issued an ultimatum to Serbia on 23 July.
8003:123145656586240::Thread-82 2020-08-09 18:59:38.746 - In 2002, halfway through his career, Wisden Cricketers' Almanack ranked him the second greatest Test batsman of all time, behind Don Bradman, and the second greatest ODI batsman of all time, behind Viv Richards.
8006:123145656586240::Thread-82 2020-08-09 18:59:39.264 - Canada's capital is Ottawa, and its three largest metropolitan areas are Toronto, Montreal, and Vancouver.
8003:123145656586240::Thread-82 2020-08-09 18:59:39.323 - Later in his career, Tendulkar was a part of the Indian team that won the 2011 World Cup, his first win in six World Cup appearances for India.
8006:123145656586240::Thread-82 2020-08-09 18:59:39.582 - Various indigenous peoples inhabited what is now Canada for thousands of years before European colonization.
8006:123145656586240::Thread-82 2020-08-09 18:59:39.898 - Beginning in the 16th century, British and French expeditions explored and later settled along the Atlantic coast.
8002:123145656586240::Thread-82 2020-08-09 18:59:40.078 - Serbia's reply failed to satisfy the Austrians, and the two moved to a war footing.
8003:123145656586240::Thread-82 2020-08-09 18:59:40.275 - He had previously been named "Player of the Tournament" at the 2003 edition of the tournament, held in South Africa.
8006:123145656586240::Thread-82 2020-08-09 18:59:40.329 - As a consequence of various armed conflicts, France ceded nearly all of its colonies in North America in 1763.
8003:123145656586240::Thread-82 2020-08-09 18:59:40.348 - In 2013, he was the only Indian cricketer included in an all-time Test World XI named to mark the 150th anniversary of Wisden Cricketers' Almanack.
8006:123145656586240::Thread-82 2020-08-09 18:59:40.706 - In 1867, with the union of three British North American colonies through Confederation, Canada was formed as a federal dominion of four provinces.
8005:123145656586240::Thread-82 2020-08-09 18:59:40.764 - Jenna Jameson (born Jenna Marie Massoli; April 9, 1974) is an American model, former pornographic film actress, businesswoman, writer, and television personality.
8002:123145656586240::Thread-82 2020-08-09 18:59:40.874 - A network of interlocking alliances enlarged the crisis from a bilateral issue in the Balkans to one involving most of Europe.
8004:123145656586240::Thread-82 2020-08-09 18:59:41.231 - Pompeii (, Latin: [pɔmˈpeːjjiː]) was an ancient city located in what is now the comune of Pompei near Naples in the Campania region of Italy.
8003:123145656586240::Thread-82 2020-08-09 18:59:41.286 - He is affectionately known as Little Master or Master Blaster.Tendulkar received the Arjuna Award in 1994 for his outstanding sporting achievement, the Rajiv Gandhi Khel Ratna award in 1997, India's highest sporting honour, and the Padma Shri and Padma Vibhushan awards in 1999 and 2008, respectively, India's fourth and second highest civilian awards.
8005:123145656586240::Thread-82 2020-08-09 18:59:41.393 - She has been named the world's most famous adult entertainment performer and "The Queen of Porn".She started acting in erotic videos in 1993 after having worked as a stripper and glamor model.
8003:123145656586240::Thread-82 2020-08-09 18:59:41.603 - After a few hours of his final match on 16 November 2013, the Prime Minister's Office announced the decision to award him the Bharat Ratna, India's highest civilian award.
8004:123145656586240::Thread-82 2020-08-09 18:59:41.655 - Pompeii, along with Herculaneum and many villas in the surrounding area (e.g.
8006:123145656586240::Thread-82 2020-08-09 18:59:41.707 - This began an accretion of provinces and territories and a process of increasing autonomy from the United Kingdom.
8002:123145656586240::Thread-82 2020-08-09 18:59:41.716 - By July 1914, the great powers of Europe were divided into two coalitions: the Triple Entente, consisting of France, Russia, and Britain; and the Triple Alliance of Germany, Austria-Hungary, and Italy.
8006:123145656586240::Thread-82 2020-08-09 18:59:41.785 - This widening autonomy was highlighted by the Statute of Westminster of 1931 and culminated in the Canada Act of 1982, which severed the vestiges of legal dependence on the British parliament.
8004:123145656586240::Thread-82 2020-08-09 18:59:42.084 - at Boscoreale, Stabiae), was buried under 4 to 6 m (13 to 20 ft) of volcanic ash and pumice in the eruption of Mount Vesuvius in AD 79.
8002:123145656586240::Thread-82 2020-08-09 18:59:42.248 - The Triple Alliance was only defensive in nature, allowing Italy to stay out of the war until April 1915, when it joined the Allied Powers after its relations with Austria-Hungary deteriorated.
8004:123145656586240::Thread-82 2020-08-09 18:59:42.362 - Largely preserved under the ash, the excavated city offered a unique snapshot of Roman life, frozen at the moment it was buried, and an extraordinarily detailed insight into the everyday life of its inhabitants, although much of the evidence was lost in the early excavations.
8005:123145656586240::Thread-82 2020-08-09 18:59:42.423 - By 1996, she had won the "top newcomer" award from each of the three major adult movie organizations.
8005:123145656586240::Thread-82 2020-08-09 18:59:42.654 - She has since won more than 35 adult-video awards, and has been inducted into the X-Rated Critics Organization (XRCO) and Adult Video News (AVN) Halls of Fame.Jameson founded the adult-entertainment company ClubJenna in 2000 with Jay Grdina, whom she later married and divorced.
8004:123145656586240::Thread-82 2020-08-09 18:59:42.667 - It was a wealthy town, enjoying many fine public buildings and luxurious private houses with lavish decorations, furnishings and works of art which were the main attractions for the early excavators.
8004:123145656586240::Thread-82 2020-08-09 18:59:42.914 - Organic remains, including wooden objects and human bodies, were entombed in the ash and decayed leaving
voids which archaeologists found could be used as moulds to make plaster casts of unique and often gruesome figures in their final moments of life.
8005:123145656586240::Thread-82 2020-08-09 18:59:43.584 - Initially, a single website, this business expanded into managing similar websites of other stars and began producing sexually explicit videos in 2001.
8004:123145656586240::Thread-82 2020-08-09 18:59:43.809 - The numerous graffiti carved on the walls and inside rooms provide a wealth of examples of the largely lost Vulgar Latin spoken colloquially at the time, contrasting with the formal language of the classical writers.
8005:123145656586240::Thread-82 2020-08-09 18:59:44.306 - The first such movie, Briana Loves Jenna (with Briana Banks), was named at the 2003 AVN Awards as the best-selling and best-renting pornographic title for 2002.
8004:123145656586240::Thread-82 2020-08-09 18:59:44.634 - Pompeii is a UNESCO World Heritage Site and is one of the most popular tourist attractions in Italy, with approximately 2.5 million visitors annually.After many excavations prior to 1960 that had uncovered most of the city but left it in decay, further major excavations were banned and instead they were limited to targeted, prioritised areas.
8002:123145656586240::Thread-82 2020-08-09 18:59:44.711 - Russia felt it necessary to back Serbia, and approved partial mobilisation after Austria-Hungary shelled the Serbian capital of Belgrade on 28 July.
8006:123145656586240::Thread-82 2020-08-09 18:59:44.786 - **END**
8005:123145656586240::Thread-82 2020-08-09 18:59:45.188 - By 2005, ClubJenna had revenues of US$30 million with profits estimated at half that.
8004:123145656586240::Thread-82 2020-08-09 18:59:45.532 - In 2018, these led to new discoveries in some previously unexplored areas of the city.
8003:123145656586240::Thread-82 2020-08-09 18:59:45.609 - **END**
8004:123145656586240::Thread-82 2020-08-09 18:59:45.783 - Name
Pompeii (pronounced [pɔmˈpɛjjiː]) in Latin is a second declension plural noun (Pompeiī, -ōrum).
8004:123145656586240::Thread-82 2020-08-09 18:59:45.784 - **END**
8005:123145656586240::Thread-82 2020-08-09 18:59:45.871 - Advertisements for her site and films, often bearing her picture, have towered on a 48-foot-tall billboard in New York City's Times Square.Jameson has also crossed over into mainstream pop culture, starting with a minor role in Howard Stern's 1997 film Private Parts.
8005:123145656586240::Thread-82 2020-08-09 18:59:46.143 - Her mainstream appearances continued with several guest-hosting and guest-starring on various television programs.
8005:123145656586240::Thread-82 2020-08-09 18:59:46.714 - Playboy TV hosted her Jenna's American Sex Star reality show, in which aspiring porn stars competed for a ClubJenna contract.
8002:123145656586240::Thread-82 2020-08-09 18:59:47.569 - Full Russian mobilisation was announced on the evening of 30 July; the following day, Austria-Hungary and Germany did the same, while Germany demanded Russia demobilise within twelve hours.
8002:123145656586240::Thread-82 2020-08-09 18:59:47.57 - **END**
8002:123145656586240::Thread-82 2020-08-09 18:59:47.57 - **START**
8002:123145656586240::Thread-82 2020-08-09 18:59:47.574 - Starting new HTTPS connection (1): en.wikipedia.org
8002:123145656586240::Thread-82 2020-08-09 18:59:49.448 - The Colosseum or Coliseum ( KOL-ə-SEE-əm), also known as the Flavian Amphitheatre (Latin: Amphitheatrum Flavium; Italian: Anfiteatro Flavio [aɱfiteˈaːtro ˈflaːvjo] or Colosseo [kolosˈsɛːo]), is an oval amphitheatre in the centre of the city of Rome, Italy.
8005:123145656586240::Thread-82 2020-08-09 18:59:50.721 - **END**
8003:123145656586240::Thread-82 2020-08-09 18:59:51.612 - **START**
8002:123145656586240::Thread-82 2020-08-09 18:59:51.614 - Built of travertine limestone, tuff (volcanic rock), and brick-faced concrete, it was the largest amphitheatre ever built at the time and held 50,000 to 80,000 spectators.
8003:123145656586240::Thread-82 2020-08-09 18:59:51.616 - Starting new HTTPS connection (1): en.wikipedia.org
8002:123145656586240::Thread-82 2020-08-09 18:59:53.125 - The Colosseum is situated just east of the Roman Forum.
8002:123145656586240::Thread-82 2020-08-09 18:59:53.209 - Construction began under the emperor Vespasian in AD 72 and was completed in AD 80 under his successor and heir, Titus.
8003:123145656586240::Thread-82 2020-08-09 18:59:53.785 - Emmanuel "Manny" Dapidran Pacquiao, CLH ( PAK-ee-ow; born December 17, 1978) is a Filipino professional boxer and Senator of the Phillippines.
8004:123145656586240::Thread-82 2020-08-09 18:59:53.794 - **START**
8004:123145656586240::Thread-82 2020-08-09 18:59:53.802 - Starting new HTTPS connection (1): en.wikipedia.org
8003:123145656586240::Thread-82 2020-08-09 18:59:54.483 - Nicknamed "PacMan", he is regarded as one of the greatest professional boxers of all time.
8004:123145656586240::Thread-82 2020-08-09 18:59:54.749 - The Germany national football team (German: Deutsche Fußballnationalmannschaft or Die Mannschaft) represents Germany in men's international football and played its first match in 1908.
8004:123145656586240::Thread-82 2020-08-09 18:59:55.342 - The team is governed by the German Football Association (Deutscher Fußball-Bund), founded in 1900.
8003:123145656586240::Thread-82 2020-08-09 18:59:55.376 - He was elected as Senator of the Phillippines in 2016 and is serving a 6 year term.
8002:123145656586240::Thread-82 2020-08-09 18:59:55.4 - Further modifications were made during the reign of Domitian (81–96).
8004:123145656586240::Thread-82 2020-08-09 18:59:55.488 - Between 1949 and 1990, separate German national teams were recognised by FIFA due to Allied occupation and division: the DFB's team representing the Federal Republic of Germany (named West Germany from 1949–1990), the Saarland team representing the Saar Protectorate (1950–1956) and the East German team representing the German Democratic Republic (1952–1990).
8004:123145656586240::Thread-82 2020-08-09 18:59:56.258 - The latter two were absorbed along with their records; the present team represents the reunified Federal Republic.
8004:123145656586240::Thread-82 2020-08-09 18:59:56.483 - The official name and code "Germany FR (FRG)" was shortened to "Germany (GER)" following reunification in 1990.
8003:123145656586240::Thread-82 2020-08-09 18:59:56.74 - Manny Pacquiao is the only eight-division world champion in the history of boxing, and has won twelve major world titles.
8004:123145656586240::Thread-82 2020-08-09 18:59:57.483 - Germany is one of the most successful national teams in international competitions, having won four World Cups (1954, 1974, 1990, 2014), three European Championships (1972, 1980, 1996), and one Confederations Cup (2017).
8002:123145656586240::Thread-82 2020-08-09 18:59:58.007 - These three emperors are known as the Flavian dynasty, and the amphitheatre was named in Latin for its association with their family name (Flavius).
8004:123145656586240::Thread-82 2020-08-09 18:59:58.241 - They have also been runners-up three times in the European Championships, four times in the World Cup, and a further four third-place finishes at World Cups.
8003:123145656586240::Thread-82 2020-08-09 18:59:58.673 - He was the first boxer to win the lineal championship in five different weight classes, the first boxer to win major world titles in four of the eight "glamour divisions": flyweight, featherweight, lightweight, and welterweight, and is the only boxer to hold world championships across four decades (1990s, 2000s, 2010s, and 2020s).As of 2015, Pacquiao's fights had generated $1.2 billion in revenue from his 25 pay-per-view bouts.
8004:123145656586240::Thread-82 2020-08-09 18:59:58.77 - East Germany won Olympic Gold in 1976.Germany is the only nation to have won both the FIFA World Cup and the FIFA Women's World Cup.At the end of the 2014 World Cup, Germany earned the highest Elo rating of any national football team in history, with a record 2,205 points.
8003:123145656586240::Thread-82 2020-08-09 18:59:59.113 - According to Forbes, he was the second highest paid athlete in the world in 2015.In July 2019, Pacquiao became the oldest welterweight world champion in history at the age of 40, and the first boxer in history to become a recognized four-time welterweight champion after defeating Keith Thurman to win the WBA (Super) welterweight title.
8004:123145656586240::Thread-82 2020-08-09 18:59:59.285 - Germany is also the only European nation that has won a FIFA World Cup in the Americas.
8006:123145656586240::Thread-82 2020-08-09 18:59:59.789 - **START**
8006:123145656586240::Thread-82 2020-08-09 18:59:59.864 - Starting new HTTPS connection (1): en.wikipedia.org
8004:123145656586240::Thread-82 2020-08-09 18:59:59.926 - The manager of the national team is Joachim Löw.
8002:123145656586240::Thread-82 2020-08-09 19:00:00.282 - The Colosseum could hold an estimated 50,000 to 80,000 spectators at various points of its history over the centuries, having an average audience of some 65,000; it was used for gladiatorial contests and public spectacles such as mock sea battles (for only a short time as the hypogeum was soon filled in with mechanisms to support the other activities), animal hunts, executions, re-enactments of famous battles, and dramas based on Roman mythology.
8003:123145656586240::Thread-82 2020-08-09 19:00:00.632 - Early life and amateur career
Pacquiao was born and raised in Kibawe, Bukidnon, Philippines.
8005:123145656586240::Thread-82 2020-08-09 19:00:00.726 - **START**
8005:123145656586240::Thread-82 2020-08-09 19:00:00.736 - Starting new HTTPS connection (1): en.wikipedia.org
8002:123145656586240::Thread-82 2020-08-09 19:00:01.902 - The building ceased to be used for entertainment in the early medieval era.
8005:123145656586240::Thread-82 2020-08-09 19:00:02.49 - Mercedes-Benz Stadium is a multi-purpose stadium located in Atlanta, Georgia, United States.
8003:123145656586240::Thread-82 2020-08-09 19:00:02.551 - He is the son of Rosalio Pacquiao and Dionisia Dapidran-Pacquiao.
8006:123145656586240::Thread-82 2020-08-09 19:00:02.832 - The Bee Gees
were a music group formed in 1958.
8006:123145656586240::Thread-82 2020-08-09 19:00:03.154 - Their lineup consisted of brothers Barry, Robin, and Maurice Gibb.
8003:123145656586240::Thread-82 2020-08-09 19:00:03.406 - His parents separated when he was in sixth grade, after his father had an affair.
8006:123145656586240::Thread-82 2020-08-09 19:00:03.422 - The trio were especially successful as a popular music act in the late 1960s and early 1970s, and later as prominent performers of the disco music era in the mid-to-late 1970s.
8002:123145656586240::Thread-82 2020-08-09 19:00:03.683 - It was later reused for such purposes as housing, workshops, quarters for a religious order, a fortress, a quarry, and a Christian shrine.Although substantially ruined because of earthquakes and stone-robbers, the Colosseum is still an iconic symbol of Imperial Rome and is listed as one of the New7Wonders of the World.
8006:123145656586240::Thread-82 2020-08-09 19:00:03.724 - The group sang recognisable three-part tight harmonies; Robin's clear vibrato lead vocals were a hallmark of their earlier hits, while Barry's R&B falsetto became their signature sound during the mid-to-late 1970s and 1980s.
8002:123145656586240::Thread-82 2020-08-09 19:00:04.248 - It is one of Rome's most popular tourist attractions and also has links to the Roman Catholic Church, as each Good Friday the Pope leads a torchlit "Way of the Cross" procession that starts in the area around the Colosseum.The Colosseum is also depicted on the Italian version of the five-cent euro coin.
8006:123145656586240::Thread-82 2020-08-09 19:00:04.482 - The Bee Gees wrote all of their own hits, as well as writing and producing several major hits for other artists.
8006:123145656586240::Thread-82 2020-08-09 19:00:04.539 - The Bee Gees are widely referred to by many critics, media outlets and fellow artists as the "Kings of Disco".Born on the Isle of Man to English parents, the Gibb brothers lived in Chorlton, Manchester, England until the late 1950s.
8003:123145656586240::Thread-82 2020-08-09 19:00:05.039 - He is the fourth of six siblings, one of whom, Alberto "Bobby" Pacquiao, is also a politician and former professional boxer.
8005:123145656586240::Thread-82 2020-08-09 19:00:05.048 - Opened in August 2017 as a replacement for the Georgia Dome, it serves as the home stadium of the Atlanta Falcons of the National Football League (NFL) and Atlanta United FC of Major League Soccer (MLS).
8006:123145656586240::Thread-82 2020-08-09 19:00:05.144 - There, in 1955, they formed the skiffle/rock and roll group the Rattlesnakes.
8006:123145656586240::Thread-82 2020-08-09 19:00:05.771 - The family then moved to Redcliffe, in the Moreton Bay Region, Queensland, Australia, and then to Cribb Island.
8004:123145656586240::Thread-82 2020-08-09 19:00:06.93 - **END**
8005:123145656586240::Thread-82 2020-08-09 19:00:07.218 - The stadium is owned by the state government of Georgia through the Georgia World Congress Center Authority, and operated by AMB Group, the parent organization of the Falcons and Atlanta United.
8002:123145656586240::Thread-82 2020-08-09 19:00:07.25 - **END**
8006:123145656586240::Thread-82 2020-08-09 19:00:07.534 - After achieving their first chart success in Australia as the Bee Gees with "Spicks and Specks" (their 12th single), they returned to the UK in January 1967, when producer Robert Stigwood began promoting them to a worldwide audience.
8006:123145656586240::Thread-82 2020-08-09 19:00:07.882 - The Bee Gees' Saturday Night Fever soundtrack (1978) would be the turning point of their career, with both the film and soundtrack having a cultural impact throughout the world, enhancing the disco scene's mainstream appeal.
8005:123145656586240::Thread-82 2020-08-09 19:00:08.903 - In June 2016, the total cost of its construction was estimated at US$1.6 billion.The stadium officially opened on August 26, 2017 with a Falcons preseason game against the Arizona Cardinals, despite the retractable roof system being incomplete at the time.
8003:123145656586240::Thread-82 2020-08-09 19:00:10.043 - **END**
8005:123145656586240::Thread-82 2020-08-09 19:00:11.782 - Several events formerly held at the Georgia Dome moved to Mercedes-Benz Stadium following its completion, including the SEC football championship game and the Peach Bowl.
8005:123145656586240::Thread-82 2020-08-09 19:00:12.493 - In 2018, it hosted the College Football Playoff National Championship and the MLS Cup (as Atlanta United held home field advantage), and it hosted Super Bowl LIII in 2019.
8005:123145656586240::Thread-82 2020-08-09 19:00:13.039 - Design


Roof
The stadium's signature feature is its retractable roof, which features a "pinwheel" consisting of eight translucent, triangular panels.
8005:123145656586240::Thread-82 2020-08-09 19:00:15.288 - Each of the eight panels operates on two straight, parallel rails; one rail is responsible for moving the panel while the other rail stabilizes the panel.
8005:123145656586240::Thread-82 2020-08-09 19:00:16.701 - Closing the roof takes slightly less time than opening the roof, since the roof has to disengage the seals at the start of the opening procedure and slow down towards the end to prevent the panels from getting derailed.
8006:123145656586240::Thread-82 2020-08-09 19:00:16.885 - **END**
8005:123145656586240::Thread-82 2020-08-09 19:00:18.327 - When opened, the panels are designed to create the illusion of a bird's wings extended.Architect Bill Johnson explained that the circular opening in the roof was inspired by the Roman Pantheon ("Pantheon" was also the working name for the building design).
8005:123145656586240::Thread-82 2020-08-09 19:00:21.332 - **END**