8004:123145631346688::Thread-76 2020-08-09 18:59:26.299 - **START**
8004:123145631346688::Thread-76 2020-08-09 18:59:26.427 - Starting new HTTPS connection (1): en.wikipedia.org
8004:123145631346688::Thread-76 2020-08-09 18:59:27.592 - The Forbidden City (Chinese: 故宫; pinyin: Gùgōng) is a palace complex in central Beijing, China.
8003:123145631346688::Thread-76 2020-08-09 18:59:28.25 - **START**
8003:123145631346688::Thread-76 2020-08-09 18:59:28.457 - Starting new HTTPS connection (1): en.wikipedia.org
8004:123145631346688::Thread-76 2020-08-09 18:59:29.214 - It houses the Palace Museum, and was the former Chinese imperial palace and state residence of the Emperor of China from the Ming dynasty (since the Yongle Emperor) to the end of the Qing dynasty, between 1420 and 1924.
8004:123145631346688::Thread-76 2020-08-09 18:59:29.687 - The Forbidden City served as the home of Chinese emperors and their households and was the ceremonial and political center of the Chinese government for almost 500 years.
8003:123145631346688::Thread-76 2020-08-09 18:59:30.873 - Zlatan Ibrahimović (Swedish pronunciation: [ˈslǎːtan ɪbraˈhǐːmʊvɪtɕ]; Bosnian pronunciation: [zlǎtan ibraxǐːmoʋitɕ]; born 3 October 1981) is a Swedish professional footballer who plays as a striker for Serie A club A.C. Milan.
8004:123145631346688::Thread-76 2020-08-09 18:59:31.116 - Constructed from 1406 to 1420, the complex consists of 980 buildings and covers 72 hectares (over 180 acres).
8003:123145631346688::Thread-76 2020-08-09 18:59:31.687 - Ibrahimović is widely regarded as one of the best strikers of his generation.
8003:123145631346688::Thread-76 2020-08-09 18:59:32.064 - He is one of the most decorated active footballers in the world, having won 31 trophies in his career.
8003:123145631346688::Thread-76 2020-08-09 18:59:32.109 - He has scored over 550 career goals, and has scored in each of the last four decades.Ibrahimović began his career at Malmö FF in 1999, and signed for Ajax two years later.
8004:123145631346688::Thread-76 2020-08-09 18:59:32.769 - The palace exemplifies traditional Chinese palatial architecture, and has influenced cultural and architectural developments in East Asia and elsewhere.
8003:123145631346688::Thread-76 2020-08-09 18:59:33.715 - At Ajax, Ibrahimović gained a reputation as one of the most promising forwards in Europe, and departed two years later to sign for Juventus.
8003:123145631346688::Thread-76 2020-08-09 18:59:33.892 - He excelled in Serie A in a strike partnership with David Trezeguet, before joining domestic rivals Inter Milan in 2006, where he won the Capocannoniere (Serie A top scorer) in 2008–09 and won three consecutive Serie A titles.
8003:123145631346688::Thread-76 2020-08-09 18:59:34.398 - In the summer of 2009, he moved to Barcelona in one of the world's most expensive transfers, before returning to Italy the following season, joining Milan.
8004:123145631346688::Thread-76 2020-08-09 18:59:34.636 - The Forbidden City was declared a World Heritage Site in 1987, and is listed by UNESCO as the largest collection of preserved ancient wooden structures in the world.
8003:123145631346688::Thread-76 2020-08-09 18:59:35.217 - With them, he won another Serie A title in the 2010–11 season, before joining Paris Saint-Germain in July 2012.
8005:123145631346688::Thread-76 2020-08-09 18:59:35.238 - **START**
8004:123145631346688::Thread-76 2020-08-09 18:59:35.772 - Since 1925, the Forbidden City has been under the charge of the Palace Museum, whose extensive collection of artwork and artifacts were built upon the imperial collections of the Ming and Qing dynasties.
8002:123145631346688::Thread-76 2020-08-09 18:59:36.311 - **START**
8003:123145631346688::Thread-76 2020-08-09 18:59:36.915 - During his four-season stay in with them, Ibrahimović won a number of trophies including four consecutive Ligue 1 titles, and was the top scorer in Ligue 1 for three seasons.
8002:123145631346688::Thread-76 2020-08-09 18:59:36.989 - Starting new HTTPS connection (1): en.wikipedia.org
8006:123145631346688::Thread-76 2020-08-09 18:59:37.248 - **START**
8004:123145631346688::Thread-76 2020-08-09 18:59:37.352 - Part of the museum's former collection is now in the National Palace Museum in Taipei.
8006:123145631346688::Thread-76 2020-08-09 18:59:37.503 - Starting new HTTPS connection (1): en.wikipedia.org
8005:123145631346688::Thread-76 2020-08-09 18:59:38.07 - Starting new HTTPS connection (1): en.wikipedia.org
8004:123145631346688::Thread-76 2020-08-09 18:59:38.253 - Both museums descend from the same institution, but were split after the Chinese Civil War.
8004:123145631346688::Thread-76 2020-08-09 18:59:38.766 - Since 2012, the Forbidden City has seen an average of 14 million visitors annually, and received more than 19 million visitors in 2019.
8004:123145631346688::Thread-76 2020-08-09 18:59:38.772 - **END**
8003:123145631346688::Thread-76 2020-08-09 18:59:38.792 - In October 2015, he became PSG's all time leading goalscorer at the time.
8002:123145631346688::Thread-76 2020-08-09 18:59:40.656 - Britney Jean Spears (born December 2, 1981) is an American singer, songwriter, dancer, and actress.
8006:123145631346688::Thread-76 2020-08-09 18:59:41.816 - England is a country that is part of the United Kingdom.
8005:123145631346688::Thread-76 2020-08-09 18:59:42.094 - Rowan Blanchard (born October 14, 2001) is an American actress.
8005:123145631346688::Thread-76 2020-08-09 18:59:42.994 - She is known for her role as Riley Matthews on the Disney Channel series Girl Meets World that aired from 2014 until 2017.
8002:123145631346688::Thread-76 2020-08-09 18:59:43.084 - She is credited with influencing the revival of teen pop during the late 1990s and early 2000s, for which she is referred to as the "Princess of Pop".
8003:123145631346688::Thread-76 2020-08-09 18:59:43.803 - **END**
8006:123145631346688::Thread-76 2020-08-09 18:59:44.086 - It shares land borders with Wales to its west and Scotland to its north.
8005:123145631346688::Thread-76 2020-08-09 18:59:44.132 - From 2017 until 2018, she made recurred on The Goldbergs as Jackie Geary.
8002:123145631346688::Thread-76 2020-08-09 18:59:44.382 - After appearing in stage productions and television series, Spears signed with Jive Records in 1997 at age 15.
8005:123145631346688::Thread-76 2020-08-09 18:59:45.424 - Life and career


Early life
Blanchard was born in Los Angeles, California, to Elizabeth and Mark Blanchard-Boulbol, who are yoga instructors.
8002:123145631346688::Thread-76 2020-08-09 18:59:46.888 - Her first two studio albums, certified diamond in the US, ...Baby One More Time (1999) and Oops!...
8006:123145631346688::Thread-76 2020-08-09 18:59:47.0 - The Irish Sea lies northwest of England and the Celtic Sea to the southwest.
8005:123145631346688::Thread-76 2020-08-09 18:59:47.2 - Her paternal grandfather was an immigrant from the Middle East, who had paternal Syrian ancestry and maternal Armenian ancestry, and her paternal grandmother's ancestors are from England, Denmark, and Sweden.
8005:123145631346688::Thread-76 2020-08-09 18:59:47.487 - Her paternal great grandparents had met in Aleppo, present-day Syria.
8002:123145631346688::Thread-76 2020-08-09 18:59:48.398 - I Did It Again (2000), were global successes and became two of the best-selling albums of all-time, along with making her the best-selling teenage artist of all time.
8006:123145631346688::Thread-76 2020-08-09 18:59:48.601 - England is separated from continental Europe by the North Sea to the east and the English Channel to the south.
8005:123145631346688::Thread-76 2020-08-09 18:59:49.483 - She was named after a character in Anne Rice's The Witching Hour.
8002:123145631346688::Thread-76 2020-08-09 18:59:50.282 - The former's title track was ranked at number one by Rolling Stone in 2020 as the greatest debut single of all time and the latter held a 15-year record for fastest-selling album by a female artist with over 1.3 million copies sold in its first week.
8004:123145631346688::Thread-76 2020-08-09 18:59:50.781 - **START**
8004:123145631346688::Thread-76 2020-08-09 18:59:50.786 - Starting new HTTPS connection (1): en.wikipedia.org
8006:123145631346688::Thread-76 2020-08-09 18:59:51.185 - The country covers five-eighths of the island of Great Britain, which lies in the North Atlantic, and includes over 100 smaller islands, such as the Isles of Scilly and the Isle of Wight.
8005:123145631346688::Thread-76 2020-08-09 18:59:51.236 - Rowan has two younger siblings, Carmen and Shane.
8004:123145631346688::Thread-76 2020-08-09 18:59:52.214 - Muhammad Ali (; born Cassius Marcellus Clay Jr.; January 17, 1942 – June 3, 2016) was an American professional boxer, activist, and philanthropist.
8005:123145631346688::Thread-76 2020-08-09 18:59:52.486 - Career

Blanchard began acting in 2010 at the age of five, first being cast as Mona's daughter in The Back-up Plan and was in the main cast of the Disney Junior Original Series Dance-a-Lot Robot as Caitlin.
8002:123145631346688::Thread-76 2020-08-09 18:59:53.117 - Spears adopted more mature and provocative themes and aesthetics for her next two studio albums, Britney (2001) and In the Zone (2003), and made her feature film debut in a starring role in Crossroads (2002).
8004:123145631346688::Thread-76 2020-08-09 18:59:53.283 - Nicknamed "The Greatest", he is widely regarded as one of the most significant and celebrated sports figures of the 20th century and as one of the greatest boxers of all time.
8006:123145631346688::Thread-76 2020-08-09 18:59:53.833 - It is the largest country of the British Isles.
8002:123145631346688::Thread-76 2020-08-09 18:59:53.837 - She became the executive producer of her fifth studio album Blackout (2007), which is often critically referred to as her best work.
8005:123145631346688::Thread-76 2020-08-09 18:59:53.943 - In 2011, she was cast as Rebecca Wilson in Spy Kids: All the Time in the World, and as Raquel Pacheco in Little in Common.
8006:123145631346688::Thread-76 2020-08-09 18:59:54.457 - The area now called England was first inhabited by modern humans during the Upper Palaeolithic period, but takes its name from the Angles, a Germanic tribe deriving its name from the Anglia peninsula, who settled during the 5th and 6th centuries.
8006:123145631346688::Thread-76 2020-08-09 18:59:54.899 - England became a unified state in the 10th century, and since the Age of Discovery, which began during the 15th century, has had a significant cultural and legal impact on the wider world.
8006:123145631346688::Thread-76 2020-08-09 18:59:55.145 - The English language, the Anglican Church, and English law – the basis for the common law legal systems of many other countries around the world – developed in England, and the country's parliamentary system of government has been widely adopted by other nations.
8004:123145631346688::Thread-76 2020-08-09 18:59:55.704 - Ali was born and raised in Louisville, Kentucky, and began training as an amateur boxer at age 12.
8006:123145631346688::Thread-76 2020-08-09 18:59:56.218 - The Industrial Revolution began in 18th-century England, transforming its society into the world's first industrialised nation.England's terrain is chiefly low hills and plains, especially in central and southern England.
8004:123145631346688::Thread-76 2020-08-09 18:59:56.563 - At 18, he won a gold medal in the light heavyweight division at the 1960 Summer Olympics, and turned professional later that year.
8002:123145631346688::Thread-76 2020-08-09 18:59:56.74 - Due to a series of heavily publicized personal struggles in the public eye, promotion for the album was limited and she was later involuntarily placed in a still ongoing conservatorship.
8005:123145631346688::Thread-76 2020-08-09 18:59:56.948 - **END**
8003:123145631346688::Thread-76 2020-08-09 18:59:57.847 - **START**
8004:123145631346688::Thread-76 2020-08-09 18:59:57.87 - He converted to Islam and became a Muslim after 1961, and eventually took the name Muhammad Ali.
8003:123145631346688::Thread-76 2020-08-09 18:59:57.955 - Starting new HTTPS connection (1): en.wikipedia.org
8004:123145631346688::Thread-76 2020-08-09 18:59:58.361 - He won the world heavyweight championship from Sonny Liston in a major upset at age 22 in 1964.
8002:123145631346688::Thread-76 2020-08-09 18:59:58.562 - Since then, she released the chart topping albums, Circus (2008) and Femme Fatale (2011), the latter of which became her most successful era of singles in the US charts.
8003:123145631346688::Thread-76 2020-08-09 18:59:59.271 - The England national football team represents England in  men's international football and is governed by The Football Association, the governing body for football in England.
8003:123145631346688::Thread-76 2020-08-09 19:00:00.056 - It competes in the three major international tournaments; the FIFA World Cup, the UEFA European Championship and the UEFA Nations League.
8004:123145631346688::Thread-76 2020-08-09 19:00:00.783 - In 1966, Ali refused to be drafted into the military, citing his religious beliefs and opposition to the Vietnam War.
8003:123145631346688::Thread-76 2020-08-09 19:00:00.889 - England, as a country of the United Kingdom, is not a member of the International Olympic Committee and therefore the national team does not compete at the Olympic Games.
8004:123145631346688::Thread-76 2020-08-09 19:00:00.982 - He was arrested, found guilty of draft evasion, and stripped of his boxing titles.
8003:123145631346688::Thread-76 2020-08-09 19:00:01.228 - England is the oldest national team in football.
8003:123145631346688::Thread-76 2020-08-09 19:00:01.658 - They played in the world's first international football match in 1872, against Scotland.
8004:123145631346688::Thread-76 2020-08-09 19:00:01.853 - He appealed the decision to the Supreme Court, which overturned his conviction in 1971, but he had not fought for nearly four years and lost a period of peak performance as an athlete.
8003:123145631346688::Thread-76 2020-08-09 19:00:02.575 - England's home ground is Wembley Stadium, London, and their headquarters is at St George's Park, Burton upon Trent.
8004:123145631346688::Thread-76 2020-08-09 19:00:02.628 - His actions as a conscientious objector to the war made him an icon for the larger counterculture generation, and he was a high-profile figure of racial pride for African Americans during the civil rights movement.
8003:123145631346688::Thread-76 2020-08-09 19:00:02.981 - The team's manager is Gareth Southgate.
8002:123145631346688::Thread-76 2020-08-09 19:00:03.573 - **END**
8004:123145631346688::Thread-76 2020-08-09 19:00:03.655 - **END**
8003:123145631346688::Thread-76 2020-08-09 19:00:03.898 - Since first entering the tournament in 1950, England has qualified for the FIFA World Cup 15 times.
8006:123145631346688::Thread-76 2020-08-09 19:00:04.22 - **END**
8003:123145631346688::Thread-76 2020-08-09 19:00:04.394 - They won the 1966 World Cup, when they hosted the finals, and finished fourth in 1990 and 2018.
8003:123145631346688::Thread-76 2020-08-09 19:00:05.098 - Since first entering in 1964, England have never won the UEFA European Championship, with their best performances being third-place finishes in 1968 and 1996, the latter as hosts.
8005:123145631346688::Thread-76 2020-08-09 19:00:05.958 - **START**
8005:123145631346688::Thread-76 2020-08-09 19:00:05.968 - Starting new HTTPS connection (1): en.wikipedia.org
8005:123145631346688::Thread-76 2020-08-09 19:00:06.55 - AMGTV is an American family-oriented television network featuring television programming consisting of drama, sports, movies, entertainment, how-to, hunting and fishing, children's shows, and other features, much of it repackaged from off-network and first-run syndication.
8005:123145631346688::Thread-76 2020-08-09 19:00:07.532 - The network is owned by the American company Access Media Group.
8005:123145631346688::Thread-76 2020-08-09 19:00:08.413 - AMGTV provides programming to television stations in the United States.
8005:123145631346688::Thread-76 2020-08-09 19:00:10.315 - AMGTV also syndicates several movie packages and music specials to stations outside their affiliate base.
8005:123145631346688::Thread-76 2020-08-09 19:00:10.888 - The president of AMGTV is Terry Elaqua.
8005:123145631346688::Thread-76 2020-08-09 19:00:11.257 - Programming


Scripted programming
Leverage
Sanctuary


Entertainment
Animal Rescue
Celebrity Page
Forensic Files
Judge Faith
The Balancing Act
The Hollywood News Report
Pawn Stars
Impractical Jokers
Cheaters
TAKE A LOOK


Former


Sports
On October 10, 2010 the American Indoor Football Association (AIFA) announced that AMGTV has agreed to air games from the upcoming 2011 AIFA West season.
8005:123145631346688::Thread-76 2020-08-09 19:00:11.82 - They had previously carried the 2010 season, prior to when the league split.
8003:123145631346688::Thread-76 2020-08-09 19:00:12.102 - **END**
8005:123145631346688::Thread-76 2020-08-09 19:00:13.702 - The AIFA West ceased operations January 2011; neither the league nor the network have indicated whether the deal is valid for the 2012 revival of the league.
8005:123145631346688::Thread-76 2020-08-09 19:00:14.12 - AIFA's successor, American Indoor Football, folded in 2017.
8005:123145631346688::Thread-76 2020-08-09 19:00:17.124 - **END**