8006:123145454669824::Thread-34 2020-08-09 18:59:29.245 - **START**
8006:123145454669824::Thread-34 2020-08-09 18:59:29.538 - Starting new HTTPS connection (1): en.wikipedia.org
8005:123145454669824::Thread-34 2020-08-09 18:59:30.202 - **START**
8005:123145454669824::Thread-34 2020-08-09 18:59:30.96 - Starting new HTTPS connection (1): en.wikipedia.org
8006:123145454669824::Thread-34 2020-08-09 18:59:31.339 - Princess Charlotte of Cambridge (Charlotte Elizabeth Diana; born 2 May 2015) is a member of the British royal family.
8006:123145454669824::Thread-34 2020-08-09 18:59:31.469 - She is the second child and only daughter of Prince William, Duke of Cambridge, and Catherine, Duchess of Cambridge.
8006:123145454669824::Thread-34 2020-08-09 18:59:31.834 - She is fourth in the line of succession to the British throne.
8006:123145454669824::Thread-34 2020-08-09 18:59:32.101 - Birth and baptism
Charlotte, the second child of the Duke and Duchess of Cambridge, was born at 08:34 BST on 2 May 2015 in Lindo Wing of St Mary's Hospital, London.
8006:123145454669824::Thread-34 2020-08-09 18:59:32.77 - Several landmarks were illuminated pink to mark her birth, including Tower Bridge, the London Eye, and the Trafalgar Square fountains; there were also gun salutes at Hyde Park and the Tower of London.
8005:123145454669824::Thread-34 2020-08-09 18:59:33.158 - Hannibal (; Punic: 𐤇𐤍𐤁𐤏𐤋𐤟𐤁𐤓𐤒, BRQ ḤNBʿL; 247 – between 183 and 181 BC) was a Carthaginian general and statesman who commanded Carthage's main forces against the Roman Republic during the Second Punic War.
8006:123145454669824::Thread-34 2020-08-09 18:59:33.735 - On 4 May, her name was announced as Charlotte Elizabeth Diana, honouring her great-grandmother Queen Elizabeth II and grandmother Diana, Princess of Wales.On 5 July 2015, Princess Charlotte was baptised by the Archbishop of Canterbury at St Mary Magdalene Church, Sandringham, the same church where her paternal grandmother was christened in 1961.
8006:123145454669824::Thread-34 2020-08-09 18:59:34.21 - Her godparents are her parents' cousins Laura Fellowes and Adam Middleton, and family friends Thomas van Straubenzee, James Meade, and Sophie Carter.
8003:123145454669824::Thread-34 2020-08-09 18:59:34.284 - **START**
8005:123145454669824::Thread-34 2020-08-09 18:59:34.284 - He is widely considered one of the greatest military commanders in world history.
8003:123145454669824::Thread-34 2020-08-09 18:59:35.022 - Starting new HTTPS connection (1): en.wikipedia.org
8006:123145454669824::Thread-34 2020-08-09 18:59:35.192 - Princess Charlotte wore the royal christening gown, and the ceremony used the Lily Font, which was made for Princess Victoria.
8004:123145454669824::Thread-34 2020-08-09 18:59:35.22 - **START**
8002:123145454669824::Thread-34 2020-08-09 18:59:35.306 - **START**
8005:123145454669824::Thread-34 2020-08-09 18:59:35.89 - His father, Hamilcar Barca, was a leading Carthaginian commander during the First Punic War.
8006:123145454669824::Thread-34 2020-08-09 18:59:36.072 - Education
Charlotte started her education at the Willcocks Nursery School, near her family's home in Kensington Palace, in January 2018.
8006:123145454669824::Thread-34 2020-08-09 18:59:36.111 - She joined her brother Prince George at Thomas's School in Battersea in September 2019, where she is known as Charlotte Cambridge.
8006:123145454669824::Thread-34 2020-08-09 18:59:36.112 - **END**
8002:123145454669824::Thread-34 2020-08-09 18:59:36.983 - Starting new HTTPS connection (1): en.wikipedia.org
8006:123145454669824::Thread-34 2020-08-09 18:59:38.292 - **START**
8003:123145454669824::Thread-34 2020-08-09 18:59:38.306 - Caligula (; Gaius Caesar Augustus Germanicus; 31 August 12 – 24 January 41) was the third Roman emperor, ruling from AD 37 to 41.
8005:123145454669824::Thread-34 2020-08-09 18:59:38.621 - His younger brothers were Mago and Hasdrubal, and he was brother-in-law to Hasdrubal the Fair; who also commanded Carthaginian armies.
8006:123145454669824::Thread-34 2020-08-09 18:59:38.691 - Starting new HTTPS connection (1): en.wikipedia.org
8003:123145454669824::Thread-34 2020-08-09 18:59:39.051 - The son of the popular Roman general Germanicus and Augustus's granddaughter Agrippina the Elder, Caligula was born into the first ruling family of the Roman Empire, conventionally known as the Julio-Claudian dynasty.
8005:123145454669824::Thread-34 2020-08-09 18:59:39.078 - Hannibal lived during a period of great tension in the western Mediterranean Basin, triggered by the emergence of the Roman Republic as a great power after it had established its supremacy over Italy.
8003:123145454669824::Thread-34 2020-08-09 18:59:39.222 - Caligula's uncle and adoptive father, Tiberius, succeeded Augustus as emperor of Rome in AD14.
8004:123145454669824::Thread-34 2020-08-09 18:59:39.421 - Starting new HTTPS connection (1): en.wikipedia.org
8003:123145454669824::Thread-34 2020-08-09 18:59:39.575 - Although he was named Gaius Julius Caesar, after Julius Caesar, he acquired the nickname "Caligula" (meaning "little [soldier's] boot") from his father's soldiers during their campaign in Germania.
8003:123145454669824::Thread-34 2020-08-09 18:59:40.081 - When Germanicus died at Antioch in 19, Agrippina returned with her six children to Rome, where she became entangled in a bitter feud with Tiberius.
8003:123145454669824::Thread-34 2020-08-09 18:59:40.947 - The conflict eventually led to the destruction of her family, with Caligula as the sole male survivor.
8002:123145454669824::Thread-34 2020-08-09 18:59:41.217 - Angelina Jolie (; née Voight, formerly Jolie Pitt, born June 4, 1975) is an American actress, filmmaker, and humanitarian.
8003:123145454669824::Thread-34 2020-08-09 18:59:41.53 - Untouched by the deadly intrigues, Caligula accepted an invitation in 31 to join the emperor on the island of Capri, where Tiberius had withdrawn five years earlier.
8005:123145454669824::Thread-34 2020-08-09 18:59:41.695 - Although Rome had won the First Punic War, revanchism prevailed in Carthage, symbolised by the alleged pledge that Hannibal made to his father never to be a friend of Rome.
8006:123145454669824::Thread-34 2020-08-09 18:59:42.081 - Richard Milhous Nixon (January 9, 1913 – April 22, 1994) was the 37th president of the United States, serving from 1969 until 1974.
8003:123145454669824::Thread-34 2020-08-09 18:59:42.316 - Following the death of Tiberius, Caligula succeeded his adoptive grandfather as emperor in 37.
8002:123145454669824::Thread-34 2020-08-09 18:59:42.357 - The recipient of numerous accolades, including an Academy Award and three Golden Globe Awards, she has been named Hollywood's highest-paid actress multiple times.
8005:123145454669824::Thread-34 2020-08-09 18:59:42.422 - The Second Punic War broke out in 218 after Hannibal's attack on Saguntum, an ally of Rome in Hispania.
8006:123145454669824::Thread-34 2020-08-09 18:59:42.5 - A member of the Republican Party, Nixon previously served as the 36th vice president from 1953 to 1961, having risen to national prominence as a representative and senator from California.
8006:123145454669824::Thread-34 2020-08-09 18:59:42.781 - After five years in the White House that saw the conclusion to the U.S. involvement in the Vietnam War, détente with the Soviet Union and China, and the establishment of the Environmental Protection Agency, he became the only president to resign from the office.
8003:123145454669824::Thread-34 2020-08-09 18:59:42.843 - There are few surviving sources about the reign of Caligula, although he is described as a noble and moderate emperor during the first six months of his rule.
8002:123145454669824::Thread-34 2020-08-09 18:59:42.882 - Jolie made her screen debut as a child alongside her father, Jon Voight, in Lookin' to Get Out (1982), and her film career began in earnest a decade later with the low-budget production Cyborg 2 (1993), followed by her first leading role in a major film, Hackers (1995).
8006:123145454669824::Thread-34 2020-08-09 18:59:42.994 - Nixon was born into a poor family in a small town in Southern California.
8006:123145454669824::Thread-34 2020-08-09 18:59:43.01 - He graduated from Duke University School of Law in 1937 and returned to California to practice law.
8003:123145454669824::Thread-34 2020-08-09 18:59:43.026 - After this, the sources focus upon his cruelty, sadism, extravagance, and sexual perversion, presenting him as an insane tyrant.
8005:123145454669824::Thread-34 2020-08-09 18:59:43.583 - He then made his famous military exploit of carrying war to Italy by crossing the Alps with his African elephants.
8004:123145454669824::Thread-34 2020-08-09 18:59:43.774 - Aston Villa Football Club is an English professional football club based in Aston, Birmingham.
8006:123145454669824::Thread-34 2020-08-09 18:59:43.972 - He and his wife Pat moved to Washington in 1942 to work for the federal government.
8006:123145454669824::Thread-34 2020-08-09 18:59:44.16 - He served on active duty in the Navy Reserve during World War II.
8004:123145454669824::Thread-34 2020-08-09 18:59:44.612 - The club competes in the Premier League, the top tier of the English football league system.
8006:123145454669824::Thread-34 2020-08-09 18:59:44.676 - He was elected to the House of Representatives in 1946.
8002:123145454669824::Thread-34 2020-08-09 18:59:44.755 - She starred in the critically acclaimed biographical cable films George Wallace (1997) and Gia (1998), and won an Academy Award for Best Supporting Actress for her performance in the drama Girl, Interrupted (1999).
8006:123145454669824::Thread-34 2020-08-09 18:59:44.847 - His pursuit of the Hiss Case established his reputation as a leading anti-Communist which elevated him to national prominence.
8003:123145454669824::Thread-34 2020-08-09 18:59:45.031 - **END**
8006:123145454669824::Thread-34 2020-08-09 18:59:45.272 - In 1950, he was elected to the Senate.
8002:123145454669824::Thread-34 2020-08-09 18:59:45.313 - Her starring role as the video game heroine Lara Croft in Lara Croft: Tomb Raider (2001) established her as a leading Hollywood actress.
8004:123145454669824::Thread-34 2020-08-09 18:59:45.431 - Founded in 1874, they have played at their home ground, Villa Park, since 1897.
8006:123145454669824::Thread-34 2020-08-09 18:59:45.441 - He was the running mate of Dwight D. Eisenhower, the Republican Party's presidential nominee in the 1952 election, subsequently serving for eight years in as the vice president.
8006:123145454669824::Thread-34 2020-08-09 18:59:45.442 - **END**
8004:123145454669824::Thread-34 2020-08-09 18:59:46.137 - Aston Villa were one of the founder members of the Football League in 1888 and of the Premier League in 1992.
8005:123145454669824::Thread-34 2020-08-09 18:59:46.322 - In his first few years in Italy, he won a succession of dramatic victories at the Trebia, Lake Trasimene, and Cannae.
8002:123145454669824::Thread-34 2020-08-09 18:59:46.392 - She continued her action-star career with Mr. & Mrs. Smith (2005), Wanted (2008), and Salt (2010), and received critical acclaim for her performances in the dramas A Mighty Heart (2007) and Changeling (2008), which earned her a nomination for an Academy Award for Best Actress.
8004:123145454669824::Thread-34 2020-08-09 18:59:46.818 - Villa are one of only five English clubs to have won the European Cup, in 1981–82.
8004:123145454669824::Thread-34 2020-08-09 18:59:47.367 - They have also won the Football League First Division seven times, the FA Cup seven times, the League Cup five times, and the European (UEFA) Super Cup once.
8005:123145454669824::Thread-34 2020-08-09 18:59:47.615 - He distinguished himself for his ability to determine his and his opponent's respective strengths and weaknesses, and to plan battles accordingly.
8004:123145454669824::Thread-34 2020-08-09 18:59:47.793 - Villa have a fierce local rivalry with Birmingham City and the Second City derby between the teams has been played since 1879.
8002:123145454669824::Thread-34 2020-08-09 18:59:48.009 - Her biggest commercial success came with the fantasy picture Maleficent (2014).
8004:123145454669824::Thread-34 2020-08-09 18:59:48.704 - The club's traditional kit colours are claret shirts with sky blue sleeves, white shorts and sky blue socks.
8004:123145454669824::Thread-34 2020-08-09 18:59:49.553 - Their traditional club badge is of a rampant lion.
8002:123145454669824::Thread-34 2020-08-09 18:59:49.741 - In the 2010s, Jolie expanded her career into directing, screenwriting, and producing, with the war dramas In the Land of Blood and Honey (2011), Unbroken (2014), and First They Killed My Father (2017).
8002:123145454669824::Thread-34 2020-08-09 18:59:49.742 - **END**
8004:123145454669824::Thread-34 2020-08-09 18:59:50.103 - The club is currently owned by the NSWE group, a company owned by the Egyptian billionaire Nassef Sawiris and the American billionaire Wes Edens.
8005:123145454669824::Thread-34 2020-08-09 18:59:52.616 - **END**
8003:123145454669824::Thread-34 2020-08-09 18:59:55.034 - **START**
8003:123145454669824::Thread-34 2020-08-09 18:59:55.038 - Starting new HTTPS connection (1): en.wikipedia.org
8003:123145454669824::Thread-34 2020-08-09 18:59:56.436 - Tokyo (; Japanese: 東京, Tōkyō [toːkʲoː] (listen)), officially Tokyo Metropolis (東京都, Tōkyō-to), is the capital and most populous prefecture of Japan.
8003:123145454669824::Thread-34 2020-08-09 18:59:57.224 - Located at the head of Tokyo Bay, the prefecture forms part of the Kantō region on the central Pacific coast of Japan's main island, Honshu.
8006:123145454669824::Thread-34 2020-08-09 18:59:57.448 - **START**
8006:123145454669824::Thread-34 2020-08-09 18:59:57.455 - Starting new HTTPS connection (1): en.wikipedia.org
8003:123145454669824::Thread-34 2020-08-09 18:59:58.253 - Tokyo is the political and economic center of the country, as well as the seat of the Emperor of Japan and the national government.
8006:123145454669824::Thread-34 2020-08-09 18:59:58.327 - Red Hot Chili Peppers (commonly abbreviated as RHCP) are an American rock band formed in Los Angeles in 1983.
8003:123145454669824::Thread-34 2020-08-09 18:59:58.52 - In 2019, the prefecture had an estimated population of 	13,929,280.
8006:123145454669824::Thread-34 2020-08-09 18:59:58.742 - Their music incorporates elements of alternative rock, funk, punk rock and psychedelic rock.
8004:123145454669824::Thread-34 2020-08-09 18:59:59.107 - **END**
8003:123145454669824::Thread-34 2020-08-09 18:59:59.215 - The Greater Tokyo Area is the most populous metropolitan area in the world, with more than 37.393 million residents as of 2020.Originally a fishing village named Edo, the city became a prominent political center in 1603, when it became the seat of the Tokugawa shogunate.
8006:123145454669824::Thread-34 2020-08-09 18:59:59.368 - The band consists of vocalist Anthony Kiedis, guitarist John Frusciante, bassist Flea, and drummer Chad Smith.
8003:123145454669824::Thread-34 2020-08-09 18:59:59.542 - By the mid-18th century, Edo was one of the most populous cities in the world, with a population numbering more than one million.
8002:123145454669824::Thread-34 2020-08-09 18:59:59.75 - **START**
8002:123145454669824::Thread-34 2020-08-09 18:59:59.793 - Starting new HTTPS connection (1): en.wikipedia.org
8003:123145454669824::Thread-34 2020-08-09 18:59:59.843 - Following the end of the shogunate in 1868, the imperial capital in Kyoto was moved to the city, which was renamed Tokyo (literally "eastern capital").
8006:123145454669824::Thread-34 2020-08-09 18:59:59.916 - With over 80 million records sold worldwide, Red Hot Chili Peppers are one of the best-selling bands of all time.
8006:123145454669824::Thread-34 2020-08-09 19:00:00.125 - They are the most successful band in the history of alternative rock, with the records for most number-one singles (13), most cumulative weeks at number one (85) and most top-ten songs (25) on the Billboard Alternative Songs chart.
8003:123145454669824::Thread-34 2020-08-09 19:00:00.562 - Tokyo was devastated by the 1923 Great Kantō earthquake, and again by Allied bombing raids during World War II.
8005:123145454669824::Thread-34 2020-08-09 19:00:00.659 - **START**
8005:123145454669824::Thread-34 2020-08-09 19:00:00.734 - Starting new HTTPS connection (1): en.wikipedia.org
8006:123145454669824::Thread-34 2020-08-09 19:00:00.906 - They have won six Grammy Awards, and in 2012 were inducted into the Rock and Roll Hall of Fame.
8003:123145454669824::Thread-34 2020-08-09 19:00:01.074 - Beginning in the 1950s, the city underwent rapid reconstruction and expansion, going on to lead Japan's post-war economic recovery.
8002:123145454669824::Thread-34 2020-08-09 19:00:01.151 - NCIS is an American action police procedural television series, revolving around a fictional team of special agents from the Naval Criminal Investigative Service.
8006:123145454669824::Thread-34 2020-08-09 19:00:01.395 - Red Hot Chili Peppers were formed in Los Angeles by Kiedis, Flea, guitarist Hillel Slovak, and drummer Jack Irons.
8002:123145454669824::Thread-34 2020-08-09 19:00:01.697 - The concept and characters were initially introduced in two episodes of the CBS series JAG (season eight episodes 20 and 21: "Ice Queen" and "Meltdown").
8003:123145454669824::Thread-34 2020-08-09 19:00:02.026 - Since 1943, the Tokyo Metropolitan Government has administered the prefecture's 23 special wards (formerly Tokyo City), various bed towns in the western area, and two outlying island chains.
8003:123145454669824::Thread-34 2020-08-09 19:00:02.064 - Tokyo is the largest urban economy in the world by gross domestic product, and is categorized as an Alpha+ city by the Globalization and World Cities Research Network.
8006:123145454669824::Thread-34 2020-08-09 19:00:02.301 - Because of commitments to other bands, Slovak and Irons did not play on the band's 1984 self-titled debut album; instead, the album featured Jack Sherman on guitar and Cliff Martinez on drums.
8002:123145454669824::Thread-34 2020-08-09 19:00:03.121 - The show, a spin-off from JAG, premiered on September 23, 2003, on CBS.
8006:123145454669824::Thread-34 2020-08-09 19:00:03.219 - However, Slovak rejoined shortly after its release and performed on the albums Freaky Styley (1985) and The Uplift Mofo Party Plan (1987), the latter of which saw a reunion of the original lineup.
8005:123145454669824::Thread-34 2020-08-09 19:00:03.244 - Ireland ( (listen); Irish: Éire [ˈeːɾʲə] (listen); Ulster-Scots: Airlann [ˈɑːrlən]) is an island in the North Atlantic.
8006:123145454669824::Thread-34 2020-08-09 19:00:03.357 - Slovak died of a drug overdose on June 25, 1988; Irons, devastated, left the band.
8002:123145454669824::Thread-34 2020-08-09 19:00:03.772 - To date it has entered into the seventeenth full season and has gone into broadcast syndication on the USA Network.
8005:123145454669824::Thread-34 2020-08-09 19:00:03.97 - It is separated from Great Britain to its east by the North Channel, the Irish Sea, and St George's Channel.
8005:123145454669824::Thread-34 2020-08-09 19:00:04.647 - Ireland is the second-largest island of the British Isles, the third-largest in Europe, and the twentieth-largest on Earth.Geopolitically, Ireland is divided between the Republic of Ireland (officially named Ireland), which covers five-sixths of the island, and Northern Ireland, which is part of the United Kingdom.
8005:123145454669824::Thread-34 2020-08-09 19:00:04.824 - In 2011, the population of Ireland was about 6.6 million, ranking it the second-most populous island in Europe after Great Britain.
8005:123145454669824::Thread-34 2020-08-09 19:00:04.84 - As of 2016, 4.8 million live in the Republic of Ireland, and 1.8 million live in Northern Ireland.The geography of Ireland comprises relatively low-lying mountains surrounding a central plain, with several navigable rivers extending inland.
8002:123145454669824::Thread-34 2020-08-09 19:00:05.253 - Donald P. Bellisario and Don McGill are co-creators and executive producers of the premiere member of the NCIS franchise.
8005:123145454669824::Thread-34 2020-08-09 19:00:05.719 - Its lush vegetation is a product of its mild but changeable climate which is free of extremes in temperature.
8005:123145454669824::Thread-34 2020-08-09 19:00:05.926 - Much of Ireland was woodland until the end of the Middle Ages.
8003:123145454669824::Thread-34 2020-08-09 19:00:06.065 - **END**
8004:123145454669824::Thread-34 2020-08-09 19:00:06.11 - **START**
8004:123145454669824::Thread-34 2020-08-09 19:00:06.129 - Starting new HTTPS connection (1): en.wikipedia.org
8005:123145454669824::Thread-34 2020-08-09 19:00:06.424 - Today, woodland makes up about 10% of the island, compared with a European average of over 33%, and most of it is non-native conifer plantations.
8002:123145454669824::Thread-34 2020-08-09 19:00:06.74 - As of 2020, it is the second-longest-running scripted, non-animated U.S. primetime TV series currently airing, surpassed only by Law & Order: Special Victims Unit (1999–present), and is the 7th-longest-running scripted U.S. primetime TV series overall.
8002:123145454669824::Thread-34 2020-08-09 19:00:06.955 - The series originally had the redundant title Navy NCIS: Naval Criminal Investigative Service; this was later shortened to NCIS: Naval Criminal Investigative Service and then to NCIS.
8005:123145454669824::Thread-34 2020-08-09 19:00:07.0 - There are twenty-six extant land mammal species native to Ireland.
8006:123145454669824::Thread-34 2020-08-09 19:00:07.363 - **END**
8005:123145454669824::Thread-34 2020-08-09 19:00:07.498 - The Irish climate is influenced by the Atlantic Ocean and thus very moderate, and winters are milder than expected for such a northerly area, although summers are cooler than those in continental Europe.
8005:123145454669824::Thread-34 2020-08-09 19:00:07.499 - **END**
8004:123145454669824::Thread-34 2020-08-09 19:00:07.72 - Israel (; Hebrew: יִשְׂרָאֵל‎; Arabic: إِسْرَائِيل‎), formally known as the State of Israel (Hebrew: מְדִינַת יִשְׂרָאֵל‎, Medinat Yisra'el), is a country in Western Asia, located on the southeastern shore of the Mediterranean Sea and the northern shore of the Red Sea.
8004:123145454669824::Thread-34 2020-08-09 19:00:07.932 - It has land borders with Lebanon to the north, Syria to the northeast, Jordan on the east, the Palestinian territories of the West Bank and Gaza Strip to the east and west, respectively, and Egypt to the southwest.
8002:123145454669824::Thread-34 2020-08-09 19:00:08.842 - In season six, a two-part episode led to a spin-off series, NCIS: Los Angeles.
8004:123145454669824::Thread-34 2020-08-09 19:00:09.157 - The country contains geographically diverse features within its relatively small area.
8002:123145454669824::Thread-34 2020-08-09 19:00:09.327 - A two-part episode during the eleventh season led to a second spin-off series, NCIS: New Orleans.
8004:123145454669824::Thread-34 2020-08-09 19:00:10.684 - Israel's economic and technological center is Tel Aviv, while its seat of government and proclaimed capital is Jerusalem, although the state's sovereignty over Jerusalem has only partial recognition.Israel has evidence of the earliest migration of hominids out of Africa.
8002:123145454669824::Thread-34 2020-08-09 19:00:10.861 - While initially slow in the ratings, barely cracking the Top 30 in the first two seasons, the third season showed progress, consistently ranking in the top 20, and by its sixth season, it became a top five hit, having remained there since.
8002:123145454669824::Thread-34 2020-08-09 19:00:11.024 - In 2011, NCIS was voted America's favorite television show in an online Harris Poll.
8002:123145454669824::Thread-34 2020-08-09 19:00:11.572 - The series finished its tenth season as the most-watched television series in the U.S. during the 2012–13 network television season.
8004:123145454669824::Thread-34 2020-08-09 19:00:12.355 - Canaanite tribes are archaeologically attested since the Middle Bronze Age, while the Kingdoms of Israel and Judah emerged during the Iron Age.
8004:123145454669824::Thread-34 2020-08-09 19:00:12.782 - The Neo-Assyrian Empire destroyed Israel around 720 BCE.
8004:123145454669824::Thread-34 2020-08-09 19:00:14.701 - Judah was later conquered by the Babylonian, Persian and Hellenistic empires and had existed as Jewish autonomous provinces.
8004:123145454669824::Thread-34 2020-08-09 19:00:16.229 - The successful Maccabean Revolt led to an independent Hasmonean kingdom by 110 BCE, which in 63 BCE however became a client state of the Roman Republic that subsequently installed the Herodian dynasty in 37 BCE, and in 6 CE created the Roman province of Judea.
8004:123145454669824::Thread-34 2020-08-09 19:00:16.933 - Judea lasted as a Roman province until the failed Jewish revolts resulted in widespread destruction, the expulsion of the Jewish population and the renaming of the region from Iudaea to Syria Palaestina.
8002:123145454669824::Thread-34 2020-08-09 19:00:17.574 - **END**
8004:123145454669824::Thread-34 2020-08-09 19:00:18.575 - Jewish presence in the region has persisted to a certain extent over the centuries.
8004:123145454669824::Thread-34 2020-08-09 19:00:20.091 - In the 7th century CE, the Levant was taken from the Byzantine Empire by the Arabs and remained in Muslim control until the First Crusade of 1099, followed by the Ayyubid conquest of 1187.
8004:123145454669824::Thread-34 2020-08-09 19:00:21.094 - **END**