8005:123146169790464::Thread-204 2020-08-09 18:59:30.249 - **START**
8005:123146169790464::Thread-204 2020-08-09 18:59:30.961 - Starting new HTTPS connection (1): en.wikipedia.org
8006:123146169790464::Thread-204 2020-08-09 18:59:31.276 - **START**
8006:123146169790464::Thread-204 2020-08-09 18:59:31.517 - Starting new HTTPS connection (1): en.wikipedia.org
8005:123146169790464::Thread-204 2020-08-09 18:59:32.869 - Princess Margaret, Countess of Snowdon,  (Margaret Rose; 21 August 1930 – 9 February 2002) was the younger daughter of King George VI and Queen Elizabeth, and the only sibling of Queen Elizabeth II.
8005:123146169790464::Thread-204 2020-08-09 18:59:33.15 - Margaret spent much of her childhood with her parents and sister.
8005:123146169790464::Thread-204 2020-08-09 18:59:33.852 - Her life changed dramatically at the age of six, when her paternal uncle, King Edward VIII, abdicated to marry divorcée Wallis Simpson.
8003:123146169790464::Thread-204 2020-08-09 18:59:34.318 - **START**
8002:123146169790464::Thread-204 2020-08-09 18:59:34.393 - **START**
8005:123146169790464::Thread-204 2020-08-09 18:59:34.624 - Margaret's father became king, and her sister became heir presumptive, with Margaret second in line to the throne.
8005:123146169790464::Thread-204 2020-08-09 18:59:34.674 - During the Second World War, the two sisters stayed at Windsor Castle despite suggestions to evacuate them to Canada.
8006:123146169790464::Thread-204 2020-08-09 18:59:34.791 - Finn Wolfhard (born December 23, 2002) is a Canadian actor, musician, screenwriter and director.
8005:123146169790464::Thread-204 2020-08-09 18:59:34.951 - During the war years, Margaret was considered too young to perform any official duties and instead continued her education.
8005:123146169790464::Thread-204 2020-08-09 18:59:34.969 - After the war, Margaret fell in love with Group Captain Peter Townsend.
8003:123146169790464::Thread-204 2020-08-09 18:59:35.231 - Starting new HTTPS connection (1): en.wikipedia.org
8004:123146169790464::Thread-204 2020-08-09 18:59:35.264 - **START**
8005:123146169790464::Thread-204 2020-08-09 18:59:35.286 - In 1952, her father died, her sister became queen, and Townsend divorced his wife, Rosemary.
8005:123146169790464::Thread-204 2020-08-09 18:59:35.57 - He proposed to Margaret early the following year.
8005:123146169790464::Thread-204 2020-08-09 18:59:36.082 - Many in the government believed that he would be an unsuitable husband for the Queen's 22-year-old sister, and the Church of England refused to countenance marriage to a divorced man.
8002:123146169790464::Thread-204 2020-08-09 18:59:36.359 - Starting new HTTPS connection (1): en.wikipedia.org
8005:123146169790464::Thread-204 2020-08-09 18:59:36.673 - Margaret eventually abandoned her plans with Townsend and married photographer Antony Armstrong-Jones in 1960; the Queen made him Earl of Snowdon.
8006:123146169790464::Thread-204 2020-08-09 18:59:37.217 - His acting roles include Mike Wheeler in the Netflix series Stranger Things (2016–present), for which he has won Screen Actors Guild Award for Outstanding Performance by an Ensemble in a Drama Series out of three nominations.
8003:123146169790464::Thread-204 2020-08-09 18:59:38.31 - The Suez Canal (Arabic: قناة السويس‎ qanāt as-suwēs) is an artificial sea-level waterway in Egypt, connecting the Mediterranean Sea to the Red Sea through the Isthmus of Suez.
8003:123146169790464::Thread-204 2020-08-09 18:59:38.576 - It is often considered to define the border between Africa and Asia.
8004:123146169790464::Thread-204 2020-08-09 18:59:39.601 - Starting new HTTPS connection (1): en.wikipedia.org
8006:123146169790464::Thread-204 2020-08-09 18:59:39.749 - His film roles include Richie Tozier in the film adaptation of Stephen King's horror novel It (2017) and its sequel It: Chapter Two (2019), Boris Pavlivosky in the drama film The Goldfinch (2019), the voice of Pugsley Addams in The Addams Family (2019), and Trevor in the upcoming supernatural film Ghostbusters: Afterlife (2021).
8003:123146169790464::Thread-204 2020-08-09 18:59:40.05 - Constructed by the Suez Canal Company between 1859 and 1869, it officially opened on 17 November 1869.
8003:123146169790464::Thread-204 2020-08-09 18:59:40.831 - The canal offers watercraft a more direct route between the North Atlantic and northern Indian oceans via the Mediterranean and Red seas, thus avoiding the South Atlantic and southern Indian oceans and reducing the journey distance from the Arabian Sea to London, for example, by approximately 8,900 kilometres (5,500 mi).
8006:123146169790464::Thread-204 2020-08-09 18:59:41.643 - Wolfhard will make his directorial debut with the comedy short film  Night Shifts (2020).
8005:123146169790464::Thread-204 2020-08-09 18:59:41.674 - **END**
8003:123146169790464::Thread-204 2020-08-09 18:59:42.451 - It extends from the northern terminus of Port Said to the southern terminus of Port Tewfik at the city of Suez.
8003:123146169790464::Thread-204 2020-08-09 18:59:42.51 - Its length is 193.30 km (120.11 mi) including its northern and southern access-channels.
8003:123146169790464::Thread-204 2020-08-09 18:59:42.806 - In 2012, 17,225 vessels traversed the canal (an average of 47 per day).The original canal featured a single-lane waterway with passing locations in the Ballah Bypass and the Great Bitter Lake.
8006:123146169790464::Thread-204 2020-08-09 18:59:43.417 - As a musician, he was the lead vocalist and guitarist for the rock band Calpurnia, and is currently a member of The Aubreys.
8006:123146169790464::Thread-204 2020-08-09 18:59:43.914 - Early life
Wolfhard was born in Vancouver, British Columbia, Canada, to a family of French, German, and Jewish descent.
8003:123146169790464::Thread-204 2020-08-09 18:59:44.049 - It contains no lock system, with seawater flowing freely through it.
8003:123146169790464::Thread-204 2020-08-09 18:59:44.076 - In general, the canal north of the Bitter Lakes flows north in winter and south in summer.
8003:123146169790464::Thread-204 2020-08-09 18:59:44.133 - South of the lakes, the current changes with the tide at Suez.The United Kingdom and France owned the canal until July 1956, when the President of Egypt, Gamal Abdel Nasser, nationalized it—an event which led to the Suez Crisis of October–November 1956.
8004:123146169790464::Thread-204 2020-08-09 18:59:44.991 - Finn Wolfhard (born December 23, 2002) is a Canadian actor, musician, screenwriter and director.
8006:123146169790464::Thread-204 2020-08-09 18:59:45.107 - He attends Catholic school.
8006:123146169790464::Thread-204 2020-08-09 18:59:45.486 - His father, Eric Wolfhard, is a researcher on aboriginal land claims.
8002:123146169790464::Thread-204 2020-08-09 18:59:46.257 - **END**
8006:123146169790464::Thread-204 2020-08-09 18:59:46.283 - He has an older brother, actor Nick Wolfhard.
8005:123146169790464::Thread-204 2020-08-09 18:59:46.679 - **START**
8005:123146169790464::Thread-204 2020-08-09 18:59:46.684 - Starting new HTTPS connection (1): en.wikipedia.org
8004:123146169790464::Thread-204 2020-08-09 18:59:47.858 - His acting roles include Mike Wheeler in the Netflix series Stranger Things (2016–present), for which he has won Screen Actors Guild Award for Outstanding Performance by an Ensemble in a Drama Series out of three nominations.
8005:123146169790464::Thread-204 2020-08-09 18:59:48.191 - Orenthal James Simpson (born July 9, 1947), nicknamed "The Juice", is an American former football running back, broadcaster, actor, advertising spokesman, and convicted felon.
8006:123146169790464::Thread-204 2020-08-09 18:59:48.704 - Career


Acting
Wolfhard got his first acting job from Craigslist.
8005:123146169790464::Thread-204 2020-08-09 18:59:49.028 - Once a popular figure with the U.S. public, he is best known for being tried for the murders of his former wife, Nicole Brown Simpson, and her friend, Ron Goldman.
8005:123146169790464::Thread-204 2020-08-09 18:59:49.54 - Simpson was acquitted of the murders in criminal court, but was later found responsible for both deaths in a civil trial.
8005:123146169790464::Thread-204 2020-08-09 18:59:49.976 - Simpson attended the University of Southern California (USC), where he played football for the USC Trojans and won the Heisman Trophy in 1968.
8004:123146169790464::Thread-204 2020-08-09 18:59:50.112 - His film roles include Richie Tozier in the film adaptation of Stephen King's horror novel It (2017) and its sequel It: Chapter Two (2019), Boris Pavlivosky in the drama film The Goldfinch (2019), the voice of Pugsley Addams in The Addams Family (2019), and Trevor in the upcoming supernatural film Ghostbusters: Afterlife (2021).
8005:123146169790464::Thread-204 2020-08-09 18:59:50.643 - He played professionally as a running back in the National Football League (NFL) for 11 seasons, primarily with the Buffalo Bills from 1969 to 1977.
8006:123146169790464::Thread-204 2020-08-09 18:59:50.705 - **END**
8003:123146169790464::Thread-204 2020-08-09 18:59:51.134 - **END**
8005:123146169790464::Thread-204 2020-08-09 18:59:51.316 - He also played for the San Francisco 49ers from 1978 to 1979.
8005:123146169790464::Thread-204 2020-08-09 18:59:51.727 - In 1973, he became the first NFL player to rush for more than 2,000 yards in a season.
8005:123146169790464::Thread-204 2020-08-09 18:59:52.149 - He holds the record for the single season yards-per-game average, which stands at 143.1.
8005:123146169790464::Thread-204 2020-08-09 18:59:52.494 - He was the only player to ever rush for over 2,000 yards in the 14-game regular season NFL format.
8005:123146169790464::Thread-204 2020-08-09 18:59:52.549 - Simpson was inducted into the College Football Hall of Fame in 1983 and the Pro Football Hall of Fame in 1985.
8004:123146169790464::Thread-204 2020-08-09 18:59:52.667 - Wolfhard will make his directorial debut with the comedy short film  Night Shifts (2020).
8004:123146169790464::Thread-204 2020-08-09 18:59:53.097 - As a musician, he was the lead vocalist and guitarist for the rock band Calpurnia, and is currently a member of The Aubreys.
8004:123146169790464::Thread-204 2020-08-09 18:59:53.806 - Early life
Wolfhard was born in Vancouver, British Columbia, Canada, to a family of French, German, and Jewish descent.
8004:123146169790464::Thread-204 2020-08-09 18:59:54.098 - He attends Catholic school.
8004:123146169790464::Thread-204 2020-08-09 18:59:55.964 - His father, Eric Wolfhard, is a researcher on aboriginal land claims.
8005:123146169790464::Thread-204 2020-08-09 18:59:57.549 - **END**
8004:123146169790464::Thread-204 2020-08-09 18:59:57.859 - He has an older brother, actor Nick Wolfhard.
8006:123146169790464::Thread-204 2020-08-09 18:59:58.709 - **START**
8006:123146169790464::Thread-204 2020-08-09 18:59:58.789 - Starting new HTTPS connection (1): en.wikipedia.org
8004:123146169790464::Thread-204 2020-08-09 18:59:59.173 - Career


Acting
Wolfhard got his first acting job from Craigslist.
8004:123146169790464::Thread-204 2020-08-09 19:00:01.178 - **END**
8006:123146169790464::Thread-204 2020-08-09 19:00:01.259 - Dubai ( doo-BY; Arabic: دبي‎, romanized: Dubayy [dʊˈbajj], Gulf Arabic pronunciation: [dəˈbaj]) is the most populous city in the United Arab Emirates (UAE) and the capital of the Emirate of Dubai.Located in the eastern part of the Arabian Peninsula on the coast of the Persian Gulf, Dubai aims to be the business hub of Western Asia.
8006:123146169790464::Thread-204 2020-08-09 19:00:01.476 - It is also a major global transport hub for passengers and cargo.
8006:123146169790464::Thread-204 2020-08-09 19:00:01.904 - Oil revenue helped accelerate the development of the city, which was already a major mercantile hub.
8002:123146169790464::Thread-204 2020-08-09 19:00:02.26 - **START**
8002:123146169790464::Thread-204 2020-08-09 19:00:02.648 - Starting new HTTPS connection (1): en.wikipedia.org
8002:123146169790464::Thread-204 2020-08-09 19:00:03.529 - The Brazil national football team (Portuguese: Seleção Brasileira de Futebol) represents Brazil in men's international football and is administered by the Brazilian Football Confederation (CBF), the governing body for football in Brazil.
8006:123146169790464::Thread-204 2020-08-09 19:00:03.789 - Dubai's oil output made up 2.1 percent of the Persian Gulf emirate's economy in 2008.
8002:123146169790464::Thread-204 2020-08-09 19:00:04.1 - They have been a member of FIFA since 1923 and a member of CONMEBOL since 1916.
8002:123146169790464::Thread-204 2020-08-09 19:00:04.572 - Brazil is the most successful national team in the FIFA World Cup, being crowned winner five times: 1958, 1962, 1970, 1994 and 2002.
8006:123146169790464::Thread-204 2020-08-09 19:00:05.184 - A centre for regional and international trade since the early 20th century, Dubai's economy relies on revenues from trade, tourism, aviation, real estate, and financial services.
8002:123146169790464::Thread-204 2020-08-09 19:00:06.17 - Brazil also has the best overall performance in the World Cup, both in proportional and absolute terms, with a record of 73 victories in 109 matches played, 124 goal difference, 237 points, and 18 losses.
8006:123146169790464::Thread-204 2020-08-09 19:00:06.35 - According to government data, the population of Dubai is estimated at around 3.39 million as of January 2020.
8003:123146169790464::Thread-204 2020-08-09 19:00:07.138 - **START**
8003:123146169790464::Thread-204 2020-08-09 19:00:07.142 - Starting new HTTPS connection (1): en.wikipedia.org
8002:123146169790464::Thread-204 2020-08-09 19:00:07.389 - Brazil is the only national team to have played in all World Cup editions without any absence nor need for playoffs.In relation to ranking standings Brazil fare well, having the all-time highest average football Elo rating system since 1970, and the fourth all-time peak football Elo Rating established in 1962.
8006:123146169790464::Thread-204 2020-08-09 19:00:07.528 - Etymology
Many theories have been proposed as to origin of the word "Dubai".
8003:123146169790464::Thread-204 2020-08-09 19:00:08.618 - Joan of Arc (French: Jeanne d'Arc pronounced [ʒan daʁk]; c. 1412 – 30 May 1431), nicknamed "The Maid of Orléans" (French: La Pucelle d'Orléans), is considered a heroine of France for her role during the Lancastrian phase of the Hundred Years' War, and was canonized as a Roman Catholic saint.
8002:123146169790464::Thread-204 2020-08-09 19:00:08.741 - In FIFA's own ranking, Brazil holds the record for most Team of the Year wins with 12.
8003:123146169790464::Thread-204 2020-08-09 19:00:09.533 - She was born to Jacques d'Arc and Isabelle Romée, a peasant family, at Domrémy in northeast France.
8002:123146169790464::Thread-204 2020-08-09 19:00:10.051 - Many commentators, experts and former players have considered the Brazil team of 1970 to be the greatest football team ever.
8006:123146169790464::Thread-204 2020-08-09 19:00:10.174 - One theory suggests the word used to be the souqin Ba.
8002:123146169790464::Thread-204 2020-08-09 19:00:10.187 - Other Brazilian teams are also highly estimated and regularly appear listed among the best teams of all time, such as the Brazil teams of 1958–62, with honorary mentions for the gifted 1982 side.Brazil is the only national team to have won the World Cup on four different continents: once in Europe (1958 Sweden), once in South America (1962 Chile), twice in North America (1970 Mexico and 1994 United States) and once in Asia (2002 Korea/Japan).
8002:123146169790464::Thread-204 2020-08-09 19:00:10.237 - They share with France and Argentina the feat to have won the three most important men's football titles recognized by FIFA: the World Cup, the Confederations Cup, and the Olympic tournament.
8003:123146169790464::Thread-204 2020-08-09 19:00:10.533 - Joan claimed to have received visions of the archangel Michael, Saint Margaret, and Saint Catherine of Alexandria instructing her to support Charles VII and recover France from English domination late in the Hundred Years' War.
8002:123146169790464::Thread-204 2020-08-09 19:00:11.088 - They also share with Spain a record of 35 consecutive matches undefeated.Brazil has many rivals due to its successes, with notable rivalries with Argentina—known as the Superclássico das Américas in Portuguese, Italy—known as the Clásico Mundial in Spanish or the World Derby in English, Uruguay due to the traumatic Maracanazo, France (due to the fact that they usually have difficulties against France in World Cups), and Netherlands, due to the several important meetings between the two teams at World Cups, and the style of play of the two teams being considered similar.
8003:123146169790464::Thread-204 2020-08-09 19:00:11.555 - The unanointed King Charles VII sent Joan to the Siege of Orléans as part of a relief army.
8006:123146169790464::Thread-204 2020-08-09 19:00:11.8 - An Arabic proverb says "Daba Dubai" (Arabic: دبا دبي‎), meaning "They came with a lot of money."
8006:123146169790464::Thread-204 2020-08-09 19:00:11.882 - According to Fedel Handhal, a scholar on the UAE's history and culture, the word Dubai may have come from the word daba (Arabic: دبا‎) (a past tense derivative of yadub (Arabic: يدب‎), which means "to creep"), referring to the slow flow of Dubai Creek inland.
8003:123146169790464::Thread-204 2020-08-09 19:00:11.988 - She gained prominence after the siege was lifted only nine days later.
8005:123146169790464::Thread-204 2020-08-09 19:00:12.552 - **START**
8005:123146169790464::Thread-204 2020-08-09 19:00:12.556 - Starting new HTTPS connection (1): en.wikipedia.org
8003:123146169790464::Thread-204 2020-08-09 19:00:13.883 - Several additional swift victories led to Charles VII's consecration at Reims.
8002:123146169790464::Thread-204 2020-08-09 19:00:14.092 - **END**
8006:123146169790464::Thread-204 2020-08-09 19:00:14.363 - The poet and scholar Ahmad Mohammad Obaid traces it to the same word, but to its alternative meaning of "baby locust" (Arabic: جراد‎) due to the abundance of locusts in the area before settlement.
8005:123146169790464::Thread-204 2020-08-09 19:00:14.761 - The Alhambra ( (listen), Spanish: [aˈlambɾa]; Arabic: الْحَمْرَاء‎, romanized: Al-Ḥamrāʾ, pronounced [alħamˈraːʔ], lit.
8004:123146169790464::Thread-204 2020-08-09 19:00:15.182 - **START**
8004:123146169790464::Thread-204 2020-08-09 19:00:15.186 - Starting new HTTPS connection (1): en.wikipedia.org
8005:123146169790464::Thread-204 2020-08-09 19:00:15.367 - '"The Red One"') is a palace and fortress complex located in Granada, Andalusia, Spain.
8003:123146169790464::Thread-204 2020-08-09 19:00:15.538 - This long-awaited event boosted French morale and paved the way for the final French victory.
8004:123146169790464::Thread-204 2020-08-09 19:00:16.192 - The White House is the official residence and workplace of the president of the United States.
8004:123146169790464::Thread-204 2020-08-09 19:00:16.577 - It is located at 1600 Pennsylvania Avenue NW in Washington, D.C., and has been the residence of every U.S. president since John Adams in 1800.
8003:123146169790464::Thread-204 2020-08-09 19:00:17.008 - On 23 May 1430, she was captured at Compiègne by the Burgundian faction, a group of French nobles allied with the English.
8005:123146169790464::Thread-204 2020-08-09 19:00:17.079 - It was originally constructed as a small fortress in AD 889 on the remains of Roman fortifications, and then largely ignored until its ruins were renovated and rebuilt in the mid-13th century by the Nasrid emir Mohammed ben Al-Ahmar of the Emirate of Granada, who built its current palace and walls with many beautiful, intricate details.
8004:123146169790464::Thread-204 2020-08-09 19:00:17.086 - The term "White House" is often used as a metonym for the president and his advisers.
8003:123146169790464::Thread-204 2020-08-09 19:00:17.161 - She was later handed over to the English and put on trial by the pro-English bishop Pierre Cauchon on a variety of charges.
8004:123146169790464::Thread-204 2020-08-09 19:00:17.325 - The residence was designed by Irish-born architect James Hoban in the neoclassical style.
8004:123146169790464::Thread-204 2020-08-09 19:00:17.485 - Hoban modelled the building on Leinster House in Dublin, a building which today houses the Oireachtas, the Irish legislature.
8005:123146169790464::Thread-204 2020-08-09 19:00:17.928 - It was converted into a royal palace in 1333 by Yusuf I, Sultan of Granada.
8004:123146169790464::Thread-204 2020-08-09 19:00:18.375 - Construction took place between 1792 and 1800 using Aquia Creek sandstone painted white.
8004:123146169790464::Thread-204 2020-08-09 19:00:18.392 - When Thomas Jefferson moved into the house in 1801, he (with architect Benjamin Henry Latrobe) added low colonnades on each wing that concealed stables and storage.
8005:123146169790464::Thread-204 2020-08-09 19:00:18.908 - After the conclusion of the Christian Reconquista in 1492, the site became the Royal Court of Ferdinand and Isabella (where Christopher Columbus received royal endorsement for his expedition), and the palaces were partially altered in the Renaissance style.
8004:123146169790464::Thread-204 2020-08-09 19:00:19.068 - In 1814, during the War of 1812, the mansion was set ablaze by the British Army in the Burning of Washington, destroying the interior and charring much of the exterior.
8004:123146169790464::Thread-204 2020-08-09 19:00:19.186 - Reconstruction began almost immediately, and President James Monroe moved into the partially reconstructed Executive Residence in October 1817.
8004:123146169790464::Thread-204 2020-08-09 19:00:19.736 - Exterior construction continued with the addition of the semi-circular South portico in 1824 and the North portico in 1829.
8005:123146169790464::Thread-204 2020-08-09 19:00:20.687 - In 1526 Charles I & V commissioned a new Renaissance palace better befitting the Holy Roman Emperor in the revolutionary Mannerist style influenced by humanist philosophy in direct juxtaposition with the Nasrid Andalusian architecture, but it was ultimately never completed due to Morisco rebellions in Granada.
8003:123146169790464::Thread-204 2020-08-09 19:00:21.163 - **END**
8005:123146169790464::Thread-204 2020-08-09 19:00:21.244 - Alhambra's last flowering of Islamic palaces was built for the final Muslim emirs in Spain during the decline of the Nasrid dynasty, who were increasingly subject to the Christian Kings of Castile.
8004:123146169790464::Thread-204 2020-08-09 19:00:21.738 - **END**
8005:123146169790464::Thread-204 2020-08-09 19:00:22.313 - After being allowed to fall into disrepair for centuries, the buildings occupied by squatters, Alhambra was rediscovered following the defeat of Napoleon, who had conducted retaliatory destruction of the site.
8006:123146169790464::Thread-204 2020-08-09 19:00:22.368 - **END**
8005:123146169790464::Thread-204 2020-08-09 19:00:24.224 - The rediscoverers were first British intellectuals and then other north European Romantic travelers.
8005:123146169790464::Thread-204 2020-08-09 19:00:24.943 - It is now one of Spain's major tourist attractions, exhibiting the country's most significant and well-known Islamic architecture, together with 16th-century and later Christian building and garden interventions.
8005:123146169790464::Thread-204 2020-08-09 19:00:25.699 - The Alhambra is a UNESCO World Heritage Site.Moorish poets described it as "a pearl set in emeralds", an allusion to the colour of its buildings and the woods around them.
8005:123146169790464::Thread-204 2020-08-09 19:00:29.705 - **END**