8005:123145370537984::Thread-14 2020-08-09 18:59:28.197 - **START**
8005:123145370537984::Thread-14 2020-08-09 18:59:28.35 - Starting new HTTPS connection (1): en.wikipedia.org
8006:123145370537984::Thread-14 2020-08-09 18:59:29.217 - **START**
8002:123145370537984::Thread-14 2020-08-09 18:59:29.342 - **START**
8006:123145370537984::Thread-14 2020-08-09 18:59:29.399 - Starting new HTTPS connection (1): en.wikipedia.org
8002:123145370537984::Thread-14 2020-08-09 18:59:29.868 - Starting new HTTPS connection (1): en.wikipedia.org
8004:123145370537984::Thread-14 2020-08-09 18:59:30.198 - **START**
8004:123145370537984::Thread-14 2020-08-09 18:59:30.827 - Starting new HTTPS connection (1): en.wikipedia.org
8005:123145370537984::Thread-14 2020-08-09 18:59:31.797 - Lost is an American drama television series that originally aired on ABC from September 22, 2004, to May 23, 2010, over six seasons, comprising a total of 121 episodes.
8003:123145370537984::Thread-14 2020-08-09 18:59:32.232 - **START**
8002:123145370537984::Thread-14 2020-08-09 18:59:32.847 - Guinea-Bissau ( (listen); Portuguese: Guiné-Bissau), officially the Republic of Guinea-Bissau (Portuguese: República da Guiné-Bissau [ʁɛˈpuβlikɐ ðɐ ɣiˈnɛ βiˈsaw]), is a country in West Africa that covers 36,125 square kilometres (13,948 sq mi) with an estimated population of 1,874,303.
8002:123145370537984::Thread-14 2020-08-09 18:59:33.296 - It borders Senegal to the north and Guinea to the south-east.
8002:123145370537984::Thread-14 2020-08-09 18:59:33.349 - Guinea-Bissau was once part of the kingdom of Kaabu, as well as part of the Mali Empire.
8006:123145370537984::Thread-14 2020-08-09 18:59:33.484 - Robert "Bob" Nesta Marley,  (6 February 1945 – 11 May 1981) was a Jamaican singer, songwriter and musician.
8002:123145370537984::Thread-14 2020-08-09 18:59:33.489 - Parts of this kingdom persisted until the 18th century, while a few others were under some rule by the Portuguese Empire since the 16th century.
8003:123145370537984::Thread-14 2020-08-09 18:59:33.57 - Starting new HTTPS connection (1): en.wikipedia.org
8006:123145370537984::Thread-14 2020-08-09 18:59:34.039 - Considered one of the pioneers of reggae, his musical career was marked by fusing elements of reggae, ska, and rocksteady, as well as his distinctive vocal and songwriting style.
8005:123145370537984::Thread-14 2020-08-09 18:59:34.37 - The show contains elements of supernatural and science fiction, and follows the survivors of a commercial jet airliner flying between Sydney and Los Angeles, after the plane crashes on a mysterious island somewhere in the South Pacific Ocean.
8002:123145370537984::Thread-14 2020-08-09 18:59:34.927 - In the 19th century, it was colonised as Portuguese Guinea.
8002:123145370537984::Thread-14 2020-08-09 18:59:35.068 - Upon independence, declared in 1973 and recognised in 1974, the name of its capital, Bissau, was added to the country's name to prevent confusion with Guinea (formerly French Guinea).
8004:123145370537984::Thread-14 2020-08-09 18:59:35.265 - Robyn Rihanna Fenty ( ree-AN-ə; born February 20, 1988) is a Barbadian singer, songwriter, actress, businesswoman, and philanthropist.
8006:123145370537984::Thread-14 2020-08-09 18:59:35.45 - Marley's contributions to music increased the visibility of Jamaican music worldwide, and made him a global figure in popular culture for over a decade.
8006:123145370537984::Thread-14 2020-08-09 18:59:35.52 - Over the course of his career Marley became known as a Rastafari icon, and he infused his music with a sense of spirituality.
8004:123145370537984::Thread-14 2020-08-09 18:59:35.541 - Born in Saint Michael and raised in Bridgetown, Barbados, Rihanna moved to the United States in 2005 when she signed with Def Jam.
8003:123145370537984::Thread-14 2020-08-09 18:59:36.489 - Michael Jeffrey Jordan (born February 17, 1963), also known by his initials MJ, is an American former professional basketball player and the principal owner of the Charlotte Hornets of the National Basketball Association (NBA).
8006:123145370537984::Thread-14 2020-08-09 18:59:36.553 - He is also considered a global symbol of Jamaican music and culture and identity, and was controversial in his outspoken support for the legalization of marijuana, while he also advocated for Pan-Africanism.Born in Nine Mile, British Jamaica, Marley began his professional musical career in 1963, after forming Bob Marley and the Wailers.
8005:123145370537984::Thread-14 2020-08-09 18:59:36.587 - The story is told in a heavily serialized manner.
8003:123145370537984::Thread-14 2020-08-09 18:59:36.876 - He played 15 seasons in the NBA, winning six championships with the Chicago Bulls.
8002:123145370537984::Thread-14 2020-08-09 18:59:37.081 - Guinea-Bissau has a history of political instability since independence, and only one elected president (José Mário Vaz) has successfully served a full five-year term.Only about 2% of the population speaks Portuguese, the official language, as a first language, and 33% speak it as a second language.
8003:123145370537984::Thread-14 2020-08-09 18:59:38.153 - His biography on the official NBA website states: "By acclamation, Michael Jordan is the greatest basketball player of all time."
8004:123145370537984::Thread-14 2020-08-09 18:59:38.382 - She gained recognition following the release of her first two studio albums, Music of the Sun (2005) and A Girl like Me (2006), both of which were influenced by Caribbean music and peaked within the top ten of the US Billboard 200 chart.
8003:123145370537984::Thread-14 2020-08-09 18:59:38.911 - He was integral in helping to popularize the NBA around the world in the 1980s and 1990s.Jordan played three seasons for coach Dean Smith with the North Carolina Tar Heels.
8003:123145370537984::Thread-14 2020-08-09 18:59:39.097 - As a freshman, he was a member of the Tar Heels' national championship team in 1982.
8005:123145370537984::Thread-14 2020-08-09 18:59:39.232 - Episodes typically feature a primary storyline set on the island, augmented by flashback or flashforward sequences which provide additional insight into the involved characters.
8002:123145370537984::Thread-14 2020-08-09 18:59:39.55 - However, Creole is the national language and also considered the language of unity.
8006:123145370537984::Thread-14 2020-08-09 18:59:39.581 - The group released its debut studio album The Wailing Wailers in 1965, which contained the single "One Love/People Get Ready"; the song was popular worldwide, and established the group as a rising figure in reggae.
8004:123145370537984::Thread-14 2020-08-09 18:59:39.596 - Rihanna's third album, Good Girl Gone Bad (2007), incorporated elements of dance-pop, catapulted her to stardom, and established her status as a sex symbol in the music industry.
8005:123145370537984::Thread-14 2020-08-09 18:59:39.85 - Lost was created by Jeffrey Lieber, J. J. Abrams and Damon Lindelof, who share story writing credits for the pilot episode, which Abrams directed.
8003:123145370537984::Thread-14 2020-08-09 18:59:39.926 - Jordan joined the Bulls in 1984 as the third overall draft pick, and quickly emerged as a league star, entertaining crowds with his prolific scoring while gaining a reputation as one of the game's best defensive players.
8006:123145370537984::Thread-14 2020-08-09 18:59:40.212 - The Wailers subsequently released eleven further studio albums; while initially employing louder instrumentation and singing, the group began engaging in rhythmic-based song construction in the late 1960s and early 1970s, which coincided with the singer's conversion to Rastafarianism.
8005:123145370537984::Thread-14 2020-08-09 18:59:40.459 - Throughout the show's run, Lindelof and Carlton Cuse served as showrunners and head writers, working together with many other executive producers and writers.
8005:123145370537984::Thread-14 2020-08-09 18:59:40.588 - Due to its large ensemble cast and the cost of filming primarily on location in Oahu, Hawaii, the series was one of the most expensive on television, with the pilot alone costing over $14 million.
8006:123145370537984::Thread-14 2020-08-09 18:59:40.592 - During this period Marley relocated to London, and the group typified their musical shift with the release of the album The Best of The Wailers (1971).The group attained international success after the release of the albums Catch a Fire and Burnin' (both 1973), and forged a reputation as touring artists.
8004:123145370537984::Thread-14 2020-08-09 18:59:40.874 - Its international chart-topping single "Umbrella" earned Rihanna her first Grammy Award for Best Rap/Sung Collaboration.
8006:123145370537984::Thread-14 2020-08-09 18:59:40.89 - Following the disbandment of the Wailers a year later, Marley went on to release his solo material under the band's name.
8003:123145370537984::Thread-14 2020-08-09 18:59:41.262 - His leaping ability, demonstrated by slam dunks from the free throw line in Slam Dunk Contests, earned him the nicknames "Air Jordan" and "His Airness".
8002:123145370537984::Thread-14 2020-08-09 18:59:41.496 - According to a 2012 study, 54% of the population speak Creole as a first language and about 52% speak it as a second language.
8003:123145370537984::Thread-14 2020-08-09 18:59:42.087 - Jordan won his first NBA championship with the Bulls in 1991, and followed that achievement with titles in 1992 and 1993, securing a "three-peat".
8004:123145370537984::Thread-14 2020-08-09 18:59:42.226 - Rihanna continued to mix pop, dance, and R&B genres on her next four albums, Rated R (2009), Loud (2010), Talk That Talk (2011), and the Grammy Award-winning Unapologetic (2012).
8004:123145370537984::Thread-14 2020-08-09 18:59:42.668 - All four releases combined various other musical styles and consolidated Rihanna's commercial success, with Unapologetic being her first number-one album in the US.
8006:123145370537984::Thread-14 2020-08-09 18:59:42.966 - His debut studio album Natty Dread (1974) received positive reception, as did its follow-up Rastaman Vibration (1976).
8006:123145370537984::Thread-14 2020-08-09 18:59:42.967 - **END**
8004:123145370537984::Thread-14 2020-08-09 18:59:43.05 - The records spawned a string of chart-topping singles, including "Rude Boy", "Only Girl (In the World)", "What's My Name?
8005:123145370537984::Thread-14 2020-08-09 18:59:43.107 - The fictional universe and mythology of Lost are expanded upon by a number of related media, most importantly, a series of short mini-episodes called Missing Pieces, and a 12-minute epilogue titled "The New Man in Charge".
8002:123145370537984::Thread-14 2020-08-09 18:59:43.325 - The remainder speak a variety of native African languages.
8003:123145370537984::Thread-14 2020-08-09 18:59:43.759 - Jordan abruptly retired from basketball before the 1993–94 NBA season to play Minor League Baseball, but returned to the Bulls in March 1995 and led them to three more championships in 1996, 1997, and 1998, as well as a then-record 72 regular-season wins in the 1995–96 NBA season.
8003:123145370537984::Thread-14 2020-08-09 18:59:43.801 - He retired for a second time in January 1999 but returned for two more NBA seasons from 2001 to 2003 as a member of the Washington Wizards.
8003:123145370537984::Thread-14 2020-08-09 18:59:43.986 - Jordan's individual accolades and accomplishments include six NBA Finals Most Valuable Player (MVP) Awards, ten scoring titles (both all-time records), five MVP Awards, ten All-NBA First Team designations, nine All-Defensive First Team honors, fourteen NBA All-Star Game selections, three All-Star Game MVP Awards, three steals titles, and the 1988 NBA Defensive Player of the Year Award.
8004:123145370537984::Thread-14 2020-08-09 18:59:44.362 - ", "S&M", "We Found Love", "Diamonds", and "Stay".
8004:123145370537984::Thread-14 2020-08-09 18:59:44.543 - Her eighth album, Anti (2016), showcased a new creative control following her departure from Def Jam.
8005:123145370537984::Thread-14 2020-08-09 18:59:44.739 - Lost has regularly been ranked by critics as one of the greatest television series of all time.
8005:123145370537984::Thread-14 2020-08-09 18:59:44.766 - The first season had an estimated average of 16 million viewers per episode on ABC.
8004:123145370537984::Thread-14 2020-08-09 18:59:44.949 - It became her second US number-one album and featured the chart-topping single "Work".
8004:123145370537984::Thread-14 2020-08-09 18:59:45.539 - Rihanna has released collaborative hit singles with artists such as Drake, Eminem, and Calvin Harris.
8003:123145370537984::Thread-14 2020-08-09 18:59:45.989 - **END**
8005:123145370537984::Thread-14 2020-08-09 18:59:46.703 - During its sixth and final season, the show averaged over 11 million U.S. viewers per episode.
8002:123145370537984::Thread-14 2020-08-09 18:59:51.331 - **END**
8006:123145370537984::Thread-14 2020-08-09 18:59:53.969 - **START**
8006:123145370537984::Thread-14 2020-08-09 18:59:53.987 - Starting new HTTPS connection (1): en.wikipedia.org
8003:123145370537984::Thread-14 2020-08-09 18:59:53.991 - **START**
8003:123145370537984::Thread-14 2020-08-09 18:59:54.002 - Starting new HTTPS connection (1): en.wikipedia.org
8004:123145370537984::Thread-14 2020-08-09 18:59:54.544 - **END**
8006:123145370537984::Thread-14 2020-08-09 18:59:54.657 - Chichen Itza was a large pre-Columbian city built by the Maya people of the Terminal Classic period.
8005:123145370537984::Thread-14 2020-08-09 18:59:54.705 - **END**
8003:123145370537984::Thread-14 2020-08-09 18:59:54.855 - Skai Jackson (born April 8, 2002) is an American actress, YouTuber, and author, who was included in Time’s list of Most Influential Teens in 2016.
8006:123145370537984::Thread-14 2020-08-09 18:59:54.863 - The archaeological site is located in Tinúm Municipality, Yucatán State, Mexico.Chichen Itza was a major focal point in the Northern Maya Lowlands from the Late Classic (c. AD 600–900) through the Terminal Classic (c. AD 800–900) and into the early portion of the Postclassic period (c. AD 900–1200).
8003:123145370537984::Thread-14 2020-08-09 18:59:55.804 - Jackson first began acting at the age of 5, making her debut in the film Liberty Kid (2007).
8003:123145370537984::Thread-14 2020-08-09 18:59:56.421 - She later came to international prominence for her portrayal of Zuri Ross in the Disney Channel series Jessie (2011–2015), and in the sequel, Bunk'd (2015–2018).
8003:123145370537984::Thread-14 2020-08-09 18:59:56.899 - She has also voiced Glory Grant across the Marvel Rising series, and voiced Summer in the animated series DreamWorks Dragons: Rescue Riders (2019–2020).
8003:123145370537984::Thread-14 2020-08-09 18:59:56.929 - In 2019, Jackson released her debut novel, Reach for the Skai: How to Inspire, Empower, and Clapback.
8006:123145370537984::Thread-14 2020-08-09 18:59:56.968 - The site exhibits a multitude of architectural styles, reminiscent of styles seen in central Mexico and of the Puuc and Chenes styles of the Northern Maya lowlands.
8003:123145370537984::Thread-14 2020-08-09 18:59:57.203 - Life and career


Early life and career
Jackson was born on April 8, 2002 in New York City.
8003:123145370537984::Thread-14 2020-08-09 18:59:57.598 - She began her career as a child model appearing in numerous national commercials, including for Band-Aid bandages, Coca-Cola, Pepsi, and Old Navy.Jackson’s first major acting role was in the independent film Liberty Kid (2007), which was followed by a guest appearance in an episode of Rescue Me (2008).
8003:123145370537984::Thread-14 2020-08-09 18:59:58.564 - In 2009, Jackson made a cameo in the film The Rebound, and in the same year was cast as a member of the Nickelodeon pre-school animated series Bubble Guppies, playing the role of Little Fish.
8003:123145370537984::Thread-14 2020-08-09 18:59:59.194 - She continued to make cameo and guest appearances in the television series Team Umizoomi, Royal Pains, and Boardwalk Empire, and in the 2011 films Arthur and The Smurfs.
8003:123145370537984::Thread-14 2020-08-09 18:59:59.555 - In 2011, she was cast as Zuri Ross in the Disney Channel sitcom Jessie, which aired from September 30, 2011 to October 16, 2015.
8006:123145370537984::Thread-14 2020-08-09 18:59:59.93 - The presence of central Mexican styles was once thought to have been representative of direct migration or even conquest from central Mexico, but most contemporary interpretations view the presence of these non-Maya styles more as the result of cultural diffusion.
8006:123145370537984::Thread-14 2020-08-09 19:00:00.676 - Chichen Itza was one of the largest Maya cities and it was likely to have been one of the mythical great cities, or Tollans, referred to in later Mesoamerican literature.
8006:123145370537984::Thread-14 2020-08-09 19:00:01.51 - The city may have had the most diverse population in the Maya world, a factor that could have contributed to the variety of architectural styles at the site.The ruins of Chichen Itza are federal property, and the site's stewardship is maintained by Mexico's Instituto Nacional de Antropología e Historia (National Institute of Anthropology and History).
8006:123145370537984::Thread-14 2020-08-09 19:00:01.711 - The land under the monuments had been privately owned until 29 March 2010, when it was purchased by the state of Yucatán.Chichen Itza is one of the most visited archaeological sites in Mexico with over 2.6 million tourists in 2017.
8006:123145370537984::Thread-14 2020-08-09 19:00:01.712 - **END**
8003:123145370537984::Thread-14 2020-08-09 19:00:03.557 - **END**
8002:123145370537984::Thread-14 2020-08-09 19:00:05.336 - **START**
8002:123145370537984::Thread-14 2020-08-09 19:00:05.392 - Starting new HTTPS connection (1): en.wikipedia.org
8005:123145370537984::Thread-14 2020-08-09 19:00:05.706 - **START**
8005:123145370537984::Thread-14 2020-08-09 19:00:05.711 - Starting new HTTPS connection (1): en.wikipedia.org
8005:123145370537984::Thread-14 2020-08-09 19:00:06.334 - William I (c. 1028 – 9 September 1087), usually known as William the Conqueror and sometimes William the Bastard, was the first Norman King of England, reigning from 1066 until his death in 1087.
8005:123145370537984::Thread-14 2020-08-09 19:00:06.649 - He was a descendant of Rollo and was Duke of Normandy from 1035 onward.
8005:123145370537984::Thread-14 2020-08-09 19:00:07.638 - His hold was secure on Normandy by 1060, following a long struggle to establish his throne, and he launched the Norman conquest of England six years later.
8002:123145370537984::Thread-14 2020-08-09 19:00:07.677 - The Los Angeles Lakers are an American professional basketball team based in Los Angeles.
8005:123145370537984::Thread-14 2020-08-09 19:00:08.062 - The rest of his life was marked by struggles to consolidate his hold over England and his continental lands and by difficulties with his eldest son, Robert Curthose.
8005:123145370537984::Thread-14 2020-08-09 19:00:08.882 - William was the son of the unmarried Robert I, Duke of Normandy, by his mistress Herleva.
8005:123145370537984::Thread-14 2020-08-09 19:00:09.075 - His illegitimate status and his youth caused some difficulties for him after he succeeded his father, as did the anarchy which plagued the first years of his rule.
8002:123145370537984::Thread-14 2020-08-09 19:00:09.316 - The Lakers compete in the National Basketball Association (NBA) as a member of the league's Western Conference Pacific Division.
8004:123145370537984::Thread-14 2020-08-09 19:00:09.549 - **START**
8004:123145370537984::Thread-14 2020-08-09 19:00:09.558 - Starting new HTTPS connection (1): en.wikipedia.org
8005:123145370537984::Thread-14 2020-08-09 19:00:09.687 - During his childhood and adolescence, members of the Norman aristocracy battled each other, both for control of the child duke and for their own ends.
8005:123145370537984::Thread-14 2020-08-09 19:00:10.036 - In 1047, William was able to quash a rebellion and begin to establish his authority over the duchy, a process that was not complete until about 1060.
8002:123145370537984::Thread-14 2020-08-09 19:00:10.326 - The Lakers play their home games at Staples Center, an arena shared with the NBA's Los Angeles Clippers, the Los Angeles Sparks of the Women's National Basketball Association, and the Los Angeles Kings of the National Hockey League.
8005:123145370537984::Thread-14 2020-08-09 19:00:10.529 - His marriage in the 1050s to Matilda of Flanders provided him with a powerful ally in the neighbouring county of Flanders.
8002:123145370537984::Thread-14 2020-08-09 19:00:11.746 - The Lakers are one of the most successful teams in the history of the NBA, and have won 16 NBA championships, the second-most behind the Boston Celtics.
8004:123145370537984::Thread-14 2020-08-09 19:00:12.44 - Amsterdam (, UK also ; Dutch: [ɑmstərˈdɑm] (listen)) is the capital and most populous city of the Netherlands with a population of 872,680 within the city proper, 1,380,872 in the urban area and 2,410,960 in the metropolitan area.
8002:123145370537984::Thread-14 2020-08-09 19:00:12.778 - The franchise began with the 1947 purchase of a disbanded team, the Detroit Gems of the National Basketball League (NBL).
8002:123145370537984::Thread-14 2020-08-09 19:00:13.699 - The new team began playing in Minneapolis, calling themselves the Minneapolis Lakers.
8004:123145370537984::Thread-14 2020-08-09 19:00:13.782 - Found within the province of North Holland, Amsterdam is colloquially referred to as the "Venice of the North", attributed by the large number of canals which form a UNESCO World Heritage Site.
8002:123145370537984::Thread-14 2020-08-09 19:00:13.908 - Initially a member of the NBL, the Lakers won the 1948 NBL championship before joining the rival Basketball Association of America, where they would win five of the next six championships, led by star George Mikan.
8002:123145370537984::Thread-14 2020-08-09 19:00:14.665 - After struggling financially in the late 1950s following Mikan's retirement, they relocated to Los Angeles before the 1960–61 season.
8002:123145370537984::Thread-14 2020-08-09 19:00:15.224 - Led by Hall of Famers Elgin Baylor and Jerry West, Los Angeles made the NBA Finals six times in the 1960s, but lost each series to the Celtics, beginning their long and storied rivalry.
8002:123145370537984::Thread-14 2020-08-09 19:00:15.445 - In 1968, the Lakers acquired four-time NBA Most Valuable Player (MVP) Wilt Chamberlain, and won their sixth NBA title—and first in Los Angeles—in 1972, led by new head coach Bill Sharman.
8004:123145370537984::Thread-14 2020-08-09 19:00:15.449 - Amsterdam's name derives from Amstelredamme, indicative of the city's origin around a dam in the river Amstel.
8005:123145370537984::Thread-14 2020-08-09 19:00:16.535 - **END**
8004:123145370537984::Thread-14 2020-08-09 19:00:17.078 - Originating as a small fishing village in the late 12th century, Amsterdam became one of the most important ports in the world during the Dutch Golden Age of the 17th century, and became the leading centre for finance and trade.
8004:123145370537984::Thread-14 2020-08-09 19:00:17.824 - In the 19th and 20th centuries, the city expanded, and many new neighbourhoods and suburbs were planned and built.
8002:123145370537984::Thread-14 2020-08-09 19:00:18.449 - **END**
8004:123145370537984::Thread-14 2020-08-09 19:00:20.612 - The 17th-century canals of Amsterdam and the 19–20th century Defence Line of Amsterdam are on the UNESCO World Heritage List.
8004:123145370537984::Thread-14 2020-08-09 19:00:23.149 - Sloten, annexed in 1921 by the municipality of Amsterdam; is the oldest part of the city, dating to the 9th century.
8004:123145370537984::Thread-14 2020-08-09 19:00:24.173 - Amsterdam's main attractions include its historic canals, the Rijksmuseum, the Van Gogh Museum, the Stedelijk Museum, Hermitage Amsterdam, the Concertgebouw, the Anne Frank House, the Scheepvaartmuseum, the Amsterdam Museum, the Heineken Experience, the Royal Palace of Amsterdam, Natura Artis Magistra, Hortus Botanicus Amsterdam, NEMO, the red-light district and many cannabis coffee shops.
8004:123145370537984::Thread-14 2020-08-09 19:00:24.373 - It drew more than 5 million international visitors in 2014.
8004:123145370537984::Thread-14 2020-08-09 19:00:27.047 - The city is also well known for its nightlife and festival activity; with several of its nightclubs (Melkweg, Paradiso) among the world's most famous.
8004:123145370537984::Thread-14 2020-08-09 19:00:27.048 - **END**