8005:123146312814592::Thread-238 2020-08-09 18:59:31.254 - **START**
8005:123146312814592::Thread-238 2020-08-09 18:59:31.478 - Starting new HTTPS connection (1): en.wikipedia.org
8006:123146312814592::Thread-238 2020-08-09 18:59:32.427 - **START**
8006:123146312814592::Thread-238 2020-08-09 18:59:33.072 - Starting new HTTPS connection (1): en.wikipedia.org
8003:123146312814592::Thread-238 2020-08-09 18:59:33.351 - **START**
8002:123146312814592::Thread-238 2020-08-09 18:59:33.368 - **START**
8003:123146312814592::Thread-238 2020-08-09 18:59:34.089 - Starting new HTTPS connection (1): en.wikipedia.org
8004:123146312814592::Thread-238 2020-08-09 18:59:34.322 - **START**
8002:123146312814592::Thread-238 2020-08-09 18:59:34.755 - Starting new HTTPS connection (1): en.wikipedia.org
8005:123146312814592::Thread-238 2020-08-09 18:59:34.899 - Alfred the Great (848/849 – 26 October 899) was King of Wessex from 871 to c.  886 and King of the Anglo-Saxons from c.  886 to 899.
8004:123146312814592::Thread-238 2020-08-09 18:59:35.623 - Starting new HTTPS connection (1): en.wikipedia.org
8006:123146312814592::Thread-238 2020-08-09 18:59:36.078 - Ballspielverein Borussia 09 e.V.
8003:123146312814592::Thread-238 2020-08-09 18:59:36.119 - George Walker Bush (born July 6, 1946) is an American politician and businessman who served as the 43rd president of the United States from 2001 to 2009.
8006:123146312814592::Thread-238 2020-08-09 18:59:36.205 - Dortmund, commonly known as Borussia Dortmund [boˈʁʊsi̯aː ˈdɔɐ̯tmʊnt], BVB, or simply Dortmund, is a German professional sports club based in Dortmund, North Rhine-Westphalia.
8003:123146312814592::Thread-238 2020-08-09 18:59:36.325 - A member of the Republican Party, he had previously served as the 46th governor of Texas from 1995 to 2000.
8006:123146312814592::Thread-238 2020-08-09 18:59:36.509 - It is best known for its men's professional football team, which plays in the Bundesliga, the top tier of the German football league system.
8003:123146312814592::Thread-238 2020-08-09 18:59:36.852 - Born into the Bush family, his father, George H. W. Bush, served as the 41st president of the United States from 1989 to 1993.
8003:123146312814592::Thread-238 2020-08-09 18:59:36.928 - Bush is the eldest son of Barbara and George H. W. Bush, and the second son to become the American president after his father, the first being John Quincy Adams.
8003:123146312814592::Thread-238 2020-08-09 18:59:36.956 - After graduating from Yale University in 1968 and Harvard Business School in 1975, he worked in the oil industry.
8003:123146312814592::Thread-238 2020-08-09 18:59:36.96 - Bush married Laura Welch in 1977 and unsuccessfully ran for the U.S. House of Representatives shortly thereafter.
8006:123146312814592::Thread-238 2020-08-09 18:59:37.074 - The club have won eight league championships, four DFB-Pokals, one UEFA Champions League, one Intercontinental Cup, and one UEFA Cup Winners' Cup.
8005:123146312814592::Thread-238 2020-08-09 18:59:37.272 - He was the youngest son of King Æthelwulf of Wessex.
8003:123146312814592::Thread-238 2020-08-09 18:59:37.373 - He later co-owned the Texas Rangers baseball team before defeating Ann Richards in the 1994 Texas gubernatorial election.
8006:123146312814592::Thread-238 2020-08-09 18:59:37.646 - Founded in 1909 by eighteen football players from Dortmund, the football team is part of a large membership-based sports club with more than 145,000 members, making Borussia Dortmund the second largest sports club by membership in Germany.
8002:123146312814592::Thread-238 2020-08-09 18:59:38.093 - Karenjit Kaur Vohra (born May 13, 1981), known by her stage name Sunny Leone (), is a model and an actress in the Indian film industry and a former pornographic actress.
8005:123146312814592::Thread-238 2020-08-09 18:59:38.312 - His father died when he was young, and three of Alfred's brothers, Æthelbald, Æthelberht and Æthelred, reigned in turn before him.
8003:123146312814592::Thread-238 2020-08-09 18:59:38.321 - Bush was elected president of the United States in 2000 when he defeated Democratic incumbent Vice President Al Gore after a narrow and contested win that involved a Supreme Court decision to stop a recount in Florida.
8003:123146312814592::Thread-238 2020-08-09 18:59:38.341 - He became the fourth person to be elected president without a popular vote victory.
8006:123146312814592::Thread-238 2020-08-09 18:59:38.372 - The club has active departments in other sports, namely in women's handball.
8003:123146312814592::Thread-238 2020-08-09 18:59:38.772 - In response to the September 11 terrorist attacks, Bush created the United States Department of Homeland Security and launched a "War on Terror" that began with the war in Afghanistan in 2001.
8003:123146312814592::Thread-238 2020-08-09 18:59:38.773 - **END**
8002:123146312814592::Thread-238 2020-08-09 18:59:39.52 - She has Canadian and American citizenship.
8006:123146312814592::Thread-238 2020-08-09 18:59:39.593 - Since 1974, Dortmund have played their home games at Westfalenstadion; the stadium is the largest in Germany, and Dortmund has the highest average attendance of any association football club in the world.Borussia Dortmund's colours are black and yellow, giving the club its nickname die Schwarzgelben.
8002:123146312814592::Thread-238 2020-08-09 18:59:40.384 - She has also used the stage name Karen Malhotra.
8006:123146312814592::Thread-238 2020-08-09 18:59:40.392 - They hold a long-standing rivalry with Ruhr neighbours Schalke 04, with whom they contest the Revierderby.
8005:123146312814592::Thread-238 2020-08-09 18:59:41.019 - After ascending the throne, Alfred spent several years fighting Viking invasions.
8006:123146312814592::Thread-238 2020-08-09 18:59:41.22 - They also contest Der Klassiker with Bayern Munich.
8006:123146312814592::Thread-238 2020-08-09 18:59:41.847 - In terms of Deloitte's annual Football Money League, Dortmund was ranked as the second richest sports club in Germany, and the 12th richest football team in the world.
8006:123146312814592::Thread-238 2020-08-09 18:59:42.674 - Moreover, under the directorship of Michael Zorc in the 2010s, Dortmund have cultivated a reputation for spotting and developing young talent, and have remained focused on developing a youth system.
8002:123146312814592::Thread-238 2020-08-09 18:59:42.882 - She was named Penthouse Pet of the Year in 2003, was a contract performer for Vivid Entertainment, and was named by Maxim as one of the 12 top porn stars in 2010.
8005:123146312814592::Thread-238 2020-08-09 18:59:43.173 - He won a decisive victory in the Battle of Edington in 878 and made an agreement with the Vikings, creating what was known as the Danelaw in the North of England.
8004:123146312814592::Thread-238 2020-08-09 18:59:43.586 - **END**
8002:123146312814592::Thread-238 2020-08-09 18:59:44.625 - She has played roles in independent mainstream events, films, and television series.
8005:123146312814592::Thread-238 2020-08-09 18:59:44.982 - Alfred also oversaw the conversion of Viking leader Guthrum to Christianity.
8005:123146312814592::Thread-238 2020-08-09 18:59:46.591 - He defended his kingdom against the Viking attempt at conquest, becoming the dominant ruler in England.
8002:123146312814592::Thread-238 2020-08-09 18:59:47.332 - Her first mainstream appearance was in 2005, when she worked as a red carpet reporter for the MTV Video Music Awards on MTV India.
8005:123146312814592::Thread-238 2020-08-09 18:59:47.969 - Details of his life are described in a work by 9th-century Welsh scholar and bishop Asser.
8006:123146312814592::Thread-238 2020-08-09 18:59:48.679 - **END**
8003:123146312814592::Thread-238 2020-08-09 18:59:48.775 - **START**
8003:123146312814592::Thread-238 2020-08-09 18:59:48.814 - Starting new HTTPS connection (1): en.wikipedia.org
8002:123146312814592::Thread-238 2020-08-09 18:59:49.973 - In 2011, she participated in the Indian reality television series Bigg Boss.
8003:123146312814592::Thread-238 2020-08-09 18:59:50.103 - Italy (Italian: Italia [iˈtaːlja] (listen)), officially the Italian Republic (Italian: Repubblica Italiana [reˈpubblika itaˈljaːna]),  is a sovereign country consisting of a peninsula delimited by the Alps and surrounded by several islands.
8005:123146312814592::Thread-238 2020-08-09 18:59:50.431 - Alfred had a reputation as a learned and merciful man of a gracious and level-headed nature who encouraged education, proposing that primary education be conducted in Anglo-Saxon rather than Latin and improving the legal system and military structure and his people's quality of life.
8005:123146312814592::Thread-238 2020-08-09 18:59:50.817 - He was given the epithet "the Great" during and after the Reformation in the sixteenth century, and together with Danish Cnut the Great, is the only king of England to be given such a name.
8003:123146312814592::Thread-238 2020-08-09 18:59:50.97 - Italy is located in south-central Europe, and is considered part of western Europe.
8002:123146312814592::Thread-238 2020-08-09 18:59:51.114 - She also has hosted the Indian reality show Splitsvilla.
8004:123146312814592::Thread-238 2020-08-09 18:59:51.588 - **START**
8004:123146312814592::Thread-238 2020-08-09 18:59:51.592 - Starting new HTTPS connection (1): en.wikipedia.org
8003:123146312814592::Thread-238 2020-08-09 18:59:51.845 - A unitary parliamentary republic with Rome as its capital, the country covers a total area of 301,340 km2 (116,350 sq mi) and shares land borders with France, Switzerland, Austria, Slovenia, and the enclaved microstates of Vatican City and San Marino.
8004:123146312814592::Thread-238 2020-08-09 18:59:52.581 - Asia Carrera Lemmon (born Jessica Steinhauser, August 6, 1973) is an American former pornographic actress.
8003:123146312814592::Thread-238 2020-08-09 18:59:52.587 - Italy has a territorial exclave in Switzerland (Campione) and a maritime exclave in Tunisian waters (Lampedusa).
8004:123146312814592::Thread-238 2020-08-09 18:59:52.931 - Early life
Asia Carrera was born Jessica Steinhauser in New York City to a German mother and Japanese father, the oldest of four siblings.
8002:123146312814592::Thread-238 2020-08-09 18:59:52.98 - In 2012, she made her Bollywood debut in Pooja Bhatt's erotic thriller Jism 2 (2012) and shifted her focus to mainstream acting which was followed up with Jackpot (2013), Ragini MMS 2 (2014), Ek Paheli Leela (2015), Tera Intezaar (2017), and the Malayalam film Madhura Raja in 2019.
8003:123146312814592::Thread-238 2020-08-09 18:59:53.573 - With around 60 million inhabitants, Italy is the third-most populous member state of the European Union.
8004:123146312814592::Thread-238 2020-08-09 18:59:53.61 - She was raised on Lippincott Road in Little Silver, New Jersey, attending Red Bank Regional High School.
8004:123146312814592::Thread-238 2020-08-09 18:59:54.046 - At the age of 16, she taught English at Tsuruga College in Tsuruga, Fukui, Japan.Carrera won a National Merit Scholarship and scored over 1440 on the SAT, as well as a Garden State Scholarship for her grades.
8003:123146312814592::Thread-238 2020-08-09 18:59:54.291 - Due to its central geographic location in Southern Europe and the Mediterranean, Italy has historically been home to myriad peoples and cultures.
8003:123146312814592::Thread-238 2020-08-09 18:59:54.77 - In addition to the various ancient peoples dispersed throughout what is now modern-day Italy, the most predominant being the Indo-European Italic peoples who gave the peninsula its name, beginning from the classical era, Phoenicians and Carthaginians founded colonies mostly in insular Italy, Greeks established settlements in the so-called Magna Graecia of Southern Italy, while Etruscans and Celts inhabited central and northern Italy respectively.
8004:123146312814592::Thread-238 2020-08-09 18:59:54.978 - She attended Rutgers University on full academic scholarship, where she majored in Japanese and business, but did not graduate.
8004:123146312814592::Thread-238 2020-08-09 18:59:55.238 - Carrera is a member of Mensa, with an IQ of 156.
8003:123146312814592::Thread-238 2020-08-09 18:59:55.54 - An Italic tribe known as the Latins formed the Roman Kingdom in the 8th century BC, which eventually became a republic with a government of the Senate and the People.
8002:123146312814592::Thread-238 2020-08-09 18:59:55.813 - Apart from her acting career she has been part of activism campaigns including the Rock 'n' Roll Los Angeles Half-Marathon to raise money for the American Cancer Society and has also posed for a People for the Ethical Treatment of Animals (PETA) ad campaign with a rescued dog, encouraging pet owners to have their cats and dogs spayed and neutered.
8004:123146312814592::Thread-238 2020-08-09 18:59:55.848 - Career


Adult film career
Carrera's adult film career started in 1993.
8004:123146312814592::Thread-238 2020-08-09 18:59:55.994 - In 1995 she became the first Asian performer ever to win the AVN Female Performer of the Year Award.
8003:123146312814592::Thread-238 2020-08-09 18:59:56.098 - The Roman Republic initially conquered and assimilated its neighbours on the Italian peninsula, eventually expanding and conquering parts of Europe, North Africa and  Asia.
8003:123146312814592::Thread-238 2020-08-09 18:59:56.599 - By the first century BC, the Roman Empire emerged as the dominant power in the Mediterranean Basin and became a leading cultural, political and religious centre, inaugurating the Pax Romana, a period of more than 200 years during which Italy's law, technology, economy, art, and literature developed.
8004:123146312814592::Thread-238 2020-08-09 18:59:56.632 - Carrera retired from the film industry in 2003, following her marriage to Don Lemmon.Carrera lent her voice to several erotic hentai OVAs for publisher Pink Pineapple, such as Inmu (2001) and Shusaku (1999).
8004:123146312814592::Thread-238 2020-08-09 18:59:57.041 - In October 2001, Carrera attended the Big Apple Anime Fest in New York City for her voice roles and along with Kobe Tai was an Opening Night Guest of Honor at the fest's Midnight Anime Concourse.Carrera was also in the 2012 documentary After Porn Ends, which is about life after being a porn actor.
8004:123146312814592::Thread-238 2020-08-09 18:59:57.042 - **END**
8006:123146312814592::Thread-238 2020-08-09 18:59:57.686 - **START**
8006:123146312814592::Thread-238 2020-08-09 18:59:57.752 - Starting new HTTPS connection (1): en.wikipedia.org
8002:123146312814592::Thread-238 2020-08-09 18:59:59.815 - **END**
8005:123146312814592::Thread-238 2020-08-09 18:59:59.818 - **END**
8006:123146312814592::Thread-238 2020-08-09 19:00:00.409 - Jerusalem (; Hebrew: יְרוּשָׁלַיִם Yerushaláyim; Arabic: القُدس‎ al-Quds or Bayt al-Maqdis, also spelled Baitul Muqaddas) is a city in the Middle East, located on a plateau in the Judaean Mountains between the Mediterranean and the Dead Sea.
8003:123146312814592::Thread-238 2020-08-09 19:00:00.621 - **END**
8006:123146312814592::Thread-238 2020-08-09 19:00:00.726 - It is one of the oldest cities in the world, and is considered holy to the three major Abrahamic religions—Judaism, Christianity, and Islam.
8006:123146312814592::Thread-238 2020-08-09 19:00:01.104 - Both Israel and the Palestinian Authority claim Jerusalem as their capital, as Israel maintains its primary governmental institutions there and the State of Palestine ultimately foresees it as its seat of power; however, neither claim is widely recognized internationally.During its long history, Jerusalem has been destroyed at least twice, besieged 23 times, captured and recaptured 44 times, and attacked 52 times.
8006:123146312814592::Thread-238 2020-08-09 19:00:01.869 - The part of Jerusalem called the City of David shows first signs of settlement in the 4th millennium BCE, in the shape of encampments of nomadic shepherds.
8006:123146312814592::Thread-238 2020-08-09 19:00:03.485 - Jerusalem was named as Urusalim on ancient Egyptian tablets, probably meaning "City of Shalem" after a Canaanite deity, during the Canaanite period (14th century BCE).
8006:123146312814592::Thread-238 2020-08-09 19:00:03.757 - During the Israelite period, significant construction activity in Jerusalem began in the 9th century BCE (Iron Age II), and in the 8th century the city developed into the religious and administrative center of the Kingdom of Judah.
8006:123146312814592::Thread-238 2020-08-09 19:00:03.919 - In 1538, the city walls were rebuilt for a last time around Jerusalem under Suleiman the Magnificent.
8005:123146312814592::Thread-238 2020-08-09 19:00:04.823 - **START**
8005:123146312814592::Thread-238 2020-08-09 19:00:04.829 - Starting new HTTPS connection (1): en.wikipedia.org
8006:123146312814592::Thread-238 2020-08-09 19:00:05.109 - Today those walls define the Old City, which has been traditionally divided into four quarters—known since the early 19th century as the Armenian, Christian, Jewish, and Muslim Quarters.
8006:123146312814592::Thread-238 2020-08-09 19:00:06.923 - The Old City became a World Heritage Site in 1981, and is on the List of World Heritage in Danger.
8006:123146312814592::Thread-238 2020-08-09 19:00:07.617 - Since 1860 Jerusalem has grown far beyond the Old City's boundaries.
8005:123146312814592::Thread-238 2020-08-09 19:00:08.039 - Julia Ann Tavella (born October 8, 1969) is an American pornographic actress and feature dancer.
8004:123146312814592::Thread-238 2020-08-09 19:00:08.047 - **START**
8004:123146312814592::Thread-238 2020-08-09 19:00:08.053 - Starting new HTTPS connection (1): en.wikipedia.org
8005:123146312814592::Thread-238 2020-08-09 19:00:08.201 - She is a member of the AVN Hall of Fame and the XRCO Hall of Fame.
8005:123146312814592::Thread-238 2020-08-09 19:00:09.245 - Career
By age 18 Julia Ann started modeling, then became a professional mud wrestler in Hollywood before becoming one half of the popular touring strip club feature act Blondage, with Janine Lindemulder, in the early 1990s.
8004:123146312814592::Thread-238 2020-08-09 19:00:09.496 - Alfred the Great (848/849 – 26 October 899) was King of Wessex from 871 to c.  886 and King of the Anglo-Saxons from c.  886 to 899.
8004:123146312814592::Thread-238 2020-08-09 19:00:10.968 - He was the youngest son of King Æthelwulf of Wessex.
8005:123146312814592::Thread-238 2020-08-09 19:00:11.458 - Their success led to offers to join the adult film industry.Julia Ann debuted in adult films in 1993 in Andrew Blake's Hidden Obsessions, in a lesbian sex scene with Lindemulder.
8005:123146312814592::Thread-238 2020-08-09 19:00:12.135 - She was under contract to Wicked Pictures in 2006, but in May 2007 she posted on the members section of her website that she had not renewed her contract with Wicked.She has worked as a make-up artist.She has referred to fellow pornographic actress Christy Canyon as one of her "idols" in the business.
8004:123146312814592::Thread-238 2020-08-09 19:00:12.829 - His father died when he was young, and three of Alfred's brothers, Æthelbald, Æthelberht and Æthelred, reigned in turn before him.
8005:123146312814592::Thread-238 2020-08-09 19:00:13.249 - Appearances
Julia Ann has also made appearances as herself on television shows, series, and documentaries such as Rated A for Adult, Night Calls, Give Me Your Soul..., Dreamwagon: Inside the Adult Industry, VS., The Man Show, and How They Make Adult Movies.In 1989, Julia Ann appeared in the film American Angels: Baptism of Blood.
8004:123146312814592::Thread-238 2020-08-09 19:00:14.149 - After ascending the throne, Alfred spent several years fighting Viking invasions.
8004:123146312814592::Thread-238 2020-08-09 19:00:14.169 - He won a decisive victory in the Battle of Edington in 878 and made an agreement with the Vikings, creating what was known as the Danelaw in the North of England.
8005:123146312814592::Thread-238 2020-08-09 19:00:14.561 - Awards


AVN awards
1994 Best All-Girl Sex Scene – Film for Hidden Obsessions
2000 Best All-Girl Sex Scene – Film for Seven Deadly Sins
2004 Best Actress – Video for Beautiful
2004 Hall of Fame
2010 Best Makeup for The 8th Day
2010 MILF/Cougar Performer of the Year
2011 MILF/Cougar Performer of the Year
2013 MILF/Cougar Performer of the Year
2015 Hottest MILF (Fan Award)


XRCO awards
1994 Best Girl-Girl Scene for Hidden Obsessions
2009 MILF of the Year
2011 MILF of the Year
2012 Hall of Fame
2017 Mainstream Adult Media Favorite


XBIZ awards
2014 MILF Performer of the Year


NightMoves awards
2013 Best MILF Performer (Fan's Choice)
2015 Hall of Fame


Personal life
Ann grew up around animals and developed a love for horses; she also took piano lessons and learned to swim "like a fish."
8006:123146312814592::Thread-238 2020-08-09 19:00:15.619 - **END**
8004:123146312814592::Thread-238 2020-08-09 19:00:16.027 - Alfred also oversaw the conversion of Viking leader Guthrum to Christianity.
8005:123146312814592::Thread-238 2020-08-09 19:00:16.507 - At age 12 she moved to Idyllwild, California, where she attended a college-prep school before moving back to Los Angeles to live with her grandmother at age 17.Ann married adult film director Michael Raven on June 21, 2003, divorcing in 2007.
8004:123146312814592::Thread-238 2020-08-09 19:00:16.94 - He defended his kingdom against the Viking attempt at conquest, becoming the dominant ruler in England.
8004:123146312814592::Thread-238 2020-08-09 19:00:17.768 - Details of his life are described in a work by 9th-century Welsh scholar and bishop Asser.
8002:123146312814592::Thread-238 2020-08-09 19:00:17.82 - **START**
8002:123146312814592::Thread-238 2020-08-09 19:00:17.823 - Starting new HTTPS connection (1): en.wikipedia.org
8005:123146312814592::Thread-238 2020-08-09 19:00:18.203 - Besides breast enlargement, Julia Ann also had labiaplasty and a nose job to remove the after-effects of a broken nose suffered when a horse kicked her in the face.
8002:123146312814592::Thread-238 2020-08-09 19:00:19.324 - Mohandas Karamchand Gandhi (; 2 October 1869 – 30 January 1948) was an Indian lawyer, anti-colonial nationalist, and political ethicist, who employed nonviolent resistance to lead the successful campaign for India's independence from British Rule, and in turn inspired movements for civil rights and freedom across the world.
8004:123146312814592::Thread-238 2020-08-09 19:00:19.365 - Alfred had a reputation as a learned and merciful man of a gracious and level-headed nature who encouraged education, proposing that primary education be conducted in Anglo-Saxon rather than Latin and improving the legal system and military structure and his people's quality of life.
8004:123146312814592::Thread-238 2020-08-09 19:00:19.369 - He was given the epithet "the Great" during and after the Reformation in the sixteenth century, and together with Danish Cnut the Great, is the only king of England to be given such a name.
8002:123146312814592::Thread-238 2020-08-09 19:00:20.111 - The honorific Mahātmā (Sanskrit: "great-souled", "venerable"), first applied to him in 1914 in South Africa, is now used throughout the world.Born and raised in a Hindu family in coastal Gujarat, western India, Gandhi was trained in law at the Inner Temple, London, and called to the bar at age 22 in June 1891.
8002:123146312814592::Thread-238 2020-08-09 19:00:20.512 - After two uncertain years in India, where he was unable to start a successful law practice, he moved to South Africa in 1893 to represent an Indian merchant in a lawsuit.
8002:123146312814592::Thread-238 2020-08-09 19:00:20.832 - He went on to stay for 21 years.
8002:123146312814592::Thread-238 2020-08-09 19:00:20.853 - It was in South Africa that Gandhi raised a family, and first employed nonviolent resistance in a campaign for civil rights.
8002:123146312814592::Thread-238 2020-08-09 19:00:21.753 - In 1915, aged 45, he returned to India.
8002:123146312814592::Thread-238 2020-08-09 19:00:22.084 - He set about organising peasants, farmers, and urban labourers to protest against excessive land-tax and discrimination.
8002:123146312814592::Thread-238 2020-08-09 19:00:22.155 - Assuming leadership of the Indian National Congress in 1921, Gandhi led nationwide campaigns for easing poverty, expanding women's rights, building religious and ethnic amity, ending untouchability, and above all for achieving Swaraj or self-rule.The same year Gandhi adopted the Indian loincloth, or short dhoti and, in the winter, a shawl, both woven with yarn hand-spun on a traditional Indian spinning wheel, or charkha, as a mark of identification with India's rural poor.
8002:123146312814592::Thread-238 2020-08-09 19:00:22.302 - Thereafter, he lived modestly in a self-sufficient residential community, ate simple vegetarian food, and undertook long fasts as a means of self-purification and political protest.
8002:123146312814592::Thread-238 2020-08-09 19:00:22.791 - Bringing anti-colonial nationalism to the common Indians, Gandhi led them in challenging the British-imposed salt tax with the 400 km (250 mi) Dandi Salt March in 1930, and later in calling for the British to Quit India in 1942.
8002:123146312814592::Thread-238 2020-08-09 19:00:25.796 - **END**
8005:123146312814592::Thread-238 2020-08-09 19:00:27.208 - **END**
8004:123146312814592::Thread-238 2020-08-09 19:00:28.374 - **END**