8002:123145761751040::Thread-107 2020-08-09 18:59:27.34 - **START**
8002:123145761751040::Thread-107 2020-08-09 18:59:27.936 - Starting new HTTPS connection (1): en.wikipedia.org
8005:123145761751040::Thread-107 2020-08-09 18:59:29.216 - **START**
8006:123145761751040::Thread-107 2020-08-09 18:59:29.264 - **START**
8006:123145761751040::Thread-107 2020-08-09 18:59:29.44 - Starting new HTTPS connection (1): en.wikipedia.org
8005:123145761751040::Thread-107 2020-08-09 18:59:29.539 - Starting new HTTPS connection (1): en.wikipedia.org
8002:123145761751040::Thread-107 2020-08-09 18:59:30.136 - The Rigveda (Sanskrit: ऋग्वेदः ṛgvedaḥ, from ṛc "praise" and veda "knowledge") is an ancient Indian collection of Vedic Sanskrit hymns.
8002:123145761751040::Thread-107 2020-08-09 18:59:31.153 - It is one of the four sacred canonical texts (śruti) of Hinduism known as the Vedas.The Rigveda is the oldest known Vedic Sanskrit text.
8006:123145761751040::Thread-107 2020-08-09 18:59:31.512 - The Quran (, kor-AHN; Arabic: القرآن‎, romanized: al-Qurʼān, lit.
8005:123145761751040::Thread-107 2020-08-09 18:59:31.815 - The Erie Canal is a canal in New York, United States that is part of the east–west, cross-state route of the New York State Canal System (formerly known as the New York State Barge Canal).
8002:123145761751040::Thread-107 2020-08-09 18:59:32.188 - Its early layers are one of the oldest extant texts in any Indo-European language.
8002:123145761751040::Thread-107 2020-08-09 18:59:32.507 - The sounds and texts of Rigveda have been orally transmitted since the 2nd millennium BCE.
8006:123145761751040::Thread-107 2020-08-09 18:59:32.521 - 'the recitation', Arabic pronunciation: [alqur'ʔaːn]), also romanized Qur'an or Koran, is the central religious text of Islam, believed by Muslims to be a revelation from God (Allah).
8002:123145761751040::Thread-107 2020-08-09 18:59:32.672 - The Philological and linguistic evidence indicates that the bulk of the Rigveda Samhita was composed in the northwestern region (Punjab) of the Indian subcontinent, most likely between c. 1500 and 1200 BC, although a wider approximation of c. 1700–1100 BC has also been given.The text is layered consisting of the Samhita, Brahmanas, Aranyakas and Upanishads.
8006:123145761751040::Thread-107 2020-08-09 18:59:32.995 - It is widely regarded as the finest work in classical Arabic literature.
8002:123145761751040::Thread-107 2020-08-09 18:59:33.064 - The Rigveda Samhita is the core text, and is a collection of 10 books (maṇḍalas) with 1,028 hymns (sūktas) in about 10,600 verses (called ṛc, eponymous of the name Rigveda).
8002:123145761751040::Thread-107 2020-08-09 18:59:33.474 - In the eight books – Books 2 through 9 – that were composed the earliest, the hymns predominantly discuss cosmology and praise deities.
8005:123145761751040::Thread-107 2020-08-09 18:59:33.55 - Originally, it ran 363 miles (584 km) from the Hudson River in Albany to Lake Erie in Buffalo.
8006:123145761751040::Thread-107 2020-08-09 18:59:33.635 - Slightly shorter than the New Testament, it is organized in 114 chapters, or sur  (سور‎; singular: سورة‎, sūrah)—not according to chronology or subject matter, but according to length of surahs (with some exceptions).
8005:123145761751040::Thread-107 2020-08-09 18:59:34.123 - It was built to create a navigable water route from New York City and the Atlantic Ocean to the Great Lakes.
8006:123145761751040::Thread-107 2020-08-09 18:59:34.183 - Surah are subdivided into verses, or āyāt (آيات‎; singular: آية‎, āyah).
8005:123145761751040::Thread-107 2020-08-09 18:59:34.338 - When completed in 1825, it was the second longest canal in the world (after the Grand Canal in China) and greatly enhanced the development and economy of New York, New York City, and the United States.The canal was first proposed in the 1780s, then re-proposed in 1807.
8006:123145761751040::Thread-107 2020-08-09 18:59:34.375 - Muslims believe that the Quran was orally revealed by God to the final prophet, Muhammad, through the archangel Gabriel (Jibril), incrementally over a period of some 23 years, beginning on 22 December 609 CE, when Muhammad was 40; and concluding in 632, the year of his death.
8002:123145761751040::Thread-107 2020-08-09 18:59:34.57 - The younger books (Books 1 and 10) in part also deal with philosophical or speculative questions, virtues such as dāna (charity) in society, questions about the origin of the universe and the nature of god, and other metaphysical issues in their hymns.Some of its verses continue to be recited during Hindu rites of passage celebrations (such as weddings) and prayers, making it probably the world's oldest religious text in continued use.
8002:123145761751040::Thread-107 2020-08-09 18:59:34.578 - Dating & Timeline

According to Jamison and Brereton, in their 2014 translation of the Rigveda, the dating of this text "has been and is likely to remain a matter of contention and reconsideration".
8006:123145761751040::Thread-107 2020-08-09 18:59:34.947 - Muslims regard the Quran as Muhammad's most important miracle; a proof of his prophethood; and the culmination of a series of divine messages starting with those revealed to Adam, including the Tawrah (Torah), the Zabur ("Psalms") and the Injil ("Gospel").
8006:123145761751040::Thread-107 2020-08-09 18:59:35.6 - The word Quran occurs some 70 times in the text itself, and other names and words are also said to refer to the Quran.The Quran is thought by Muslims to be not simply divinely inspired, but the literal word of God.
8006:123145761751040::Thread-107 2020-08-09 18:59:36.082 - Muhammad did not write it as he didn't know how to write.
8006:123145761751040::Thread-107 2020-08-09 18:59:36.148 - According to tradition, several of Muhammad's companions served as scribes, recording the revelations.
8005:123145761751040::Thread-107 2020-08-09 18:59:37.091 - A survey was authorized, funded, and executed in 1808.
8006:123145761751040::Thread-107 2020-08-09 18:59:37.15 - **END**
8005:123145761751040::Thread-107 2020-08-09 18:59:38.521 - Proponents of the project gradually wore down opponents; its construction began in 1817.
8004:123145761751040::Thread-107 2020-08-09 18:59:40.212 - **START**
8003:123145761751040::Thread-107 2020-08-09 18:59:40.262 - **START**
8003:123145761751040::Thread-107 2020-08-09 18:59:40.885 - Starting new HTTPS connection (1): en.wikipedia.org
8005:123145761751040::Thread-107 2020-08-09 18:59:41.018 - The canal has 34 numbered locks starting with Black Rock Lock and ending downstream with the Troy Federal Lock.
8004:123145761751040::Thread-107 2020-08-09 18:59:41.037 - Starting new HTTPS connection (1): en.wikipedia.org
8005:123145761751040::Thread-107 2020-08-09 18:59:42.166 - Both are owned by the federal government.
8002:123145761751040::Thread-107 2020-08-09 18:59:42.586 - **END**
8003:123145761751040::Thread-107 2020-08-09 18:59:42.883 - Windsor Castle is a royal residence at Windsor in the English county of Berkshire.
8005:123145761751040::Thread-107 2020-08-09 18:59:43.748 - It has an elevation difference of about 565 feet (172 m).
8003:123145761751040::Thread-107 2020-08-09 18:59:43.796 - It is strongly associated with the English and succeeding British royal family, and embodies almost 1000 years of architectural history.
8003:123145761751040::Thread-107 2020-08-09 18:59:44.864 - The original castle was built in the 11th century after the Norman invasion of England by William the Conqueror.
8005:123145761751040::Thread-107 2020-08-09 18:59:46.432 - It opened on October 26, 1825.In a time when bulk goods were limited to pack animals (a 250-pound (113 kg) maximum), and there were no railways, water was the most cost-effective way to ship bulk goods.
8003:123145761751040::Thread-107 2020-08-09 18:59:46.736 - Since the time of Henry I, it has been used by the reigning monarch and is the longest-occupied palace in Europe.
8004:123145761751040::Thread-107 2020-08-09 18:59:46.917 - The Mausoleum at Halicarnassus or Tomb of Mausolus (Ancient Greek: Μαυσωλεῖον τῆς Ἁλικαρνασσοῦ; Turkish: Halikarnas Mozolesi) was a tomb built between 353 and 350 BC in Halicarnassus (present Bodrum, Turkey) for Mausolus, a native Anatolian from Caria and a satrap in the Achaemenid Empire, and his sister-wife Artemisia II of Caria.
8006:123145761751040::Thread-107 2020-08-09 18:59:47.155 - **START**
8006:123145761751040::Thread-107 2020-08-09 18:59:47.161 - Starting new HTTPS connection (1): en.wikipedia.org
8004:123145761751040::Thread-107 2020-08-09 18:59:47.434 - The structure was designed by the Greek architects Satyros and Pythius of Priene.
8006:123145761751040::Thread-107 2020-08-09 18:59:48.001 - Cindy Taylor (born July 16, 1980) is an American retired pornographic actress and model best known by her stage name Jesse Jane.
8003:123145761751040::Thread-107 2020-08-09 18:59:48.832 - The castle's lavish early 19th-century State Apartments were described by early 20th century art historian Hugh Roberts as "a superb and unrivalled sequence of rooms widely regarded as the finest and most complete expression of later Georgian taste".
8006:123145761751040::Thread-107 2020-08-09 18:59:49.906 - She is the recipient of numerous awards and nominations over her career in the adult industry including induction into the AVN and XRCO Hall of Fame.
8004:123145761751040::Thread-107 2020-08-09 18:59:50.099 - Its elevated tomb structure is derived from the tombs of neighbouring Lycia, a territory Mausolus had invaded and annexed circa 360 BC, such as the Nereid Monument.The Mausoleum was approximately 45 m (148 ft) in height, and the four sides were adorned with sculptural reliefs, each created by one of four Greek sculptors: Leochares, Bryaxis, Scopas of Paros, and Timotheus.
8004:123145761751040::Thread-107 2020-08-09 18:59:50.238 - The finished structure of the mausoleum was considered to be such an aesthetic triumph that Antipater of Sidon identified it as one of his Seven Wonders of the Ancient World.
8003:123145761751040::Thread-107 2020-08-09 18:59:50.391 - Inside the castle walls is the 15th-century St George's Chapel, considered by the historian John Martin Robinson to be "one of the supreme achievements of English Perpendicular Gothic" design.Originally designed to protect Norman dominance around the outskirts of London and oversee a strategically important part of the River Thames, Windsor Castle was built as a motte-and-bailey, with three wards surrounding a central mound.
8003:123145761751040::Thread-107 2020-08-09 18:59:51.332 - Gradually replaced with stone fortifications, the castle withstood a prolonged siege during the First Barons' War at the start of the 13th century.
8004:123145761751040::Thread-107 2020-08-09 18:59:51.341 - It was destroyed by successive earthquakes from the 12th to the 15th century, the last surviving of the six destroyed wonders.
8004:123145761751040::Thread-107 2020-08-09 18:59:51.915 - The word mausoleum has now come to be used generically for an above-ground tomb.
8006:123145761751040::Thread-107 2020-08-09 18:59:52.359 - Jane is also the Australian Penthouse magazine Pet of the Month for November 2010.
8003:123145761751040::Thread-107 2020-08-09 18:59:52.525 - Henry III built a luxurious royal palace within the castle during the middle of the century, and Edward III went further, rebuilding the palace to make an even grander set of buildings in what would become "the most expensive secular building project of the entire Middle Ages in England".
8002:123145761751040::Thread-107 2020-08-09 18:59:52.588 - **START**
8002:123145761751040::Thread-107 2020-08-09 18:59:52.591 - Starting new HTTPS connection (1): en.wikipedia.org
8006:123145761751040::Thread-107 2020-08-09 18:59:53.37 - She was an exclusive contract performer for Digital Playground between 2002 and 2014.
8002:123145761751040::Thread-107 2020-08-09 18:59:53.395 - David Robert Jones (8 January 1947 – 10 January 2016), better known by his stage name David Bowie ( BOH-ee), was an English singer-songwriter and actor.
8005:123145761751040::Thread-107 2020-08-09 18:59:53.435 - **END**
8003:123145761751040::Thread-107 2020-08-09 18:59:54.251 - Edward's core design lasted through the Tudor period, during which Henry VIII and Elizabeth I made increasing use of the castle as a royal court and centre for diplomatic entertainment.
8004:123145761751040::Thread-107 2020-08-09 18:59:54.403 - Conquest

In the 4th century BC, Halicarnassus was the capital of a small regional kingdom of Caria within the Achaemenid Empire on the western coast of Asia Minor.
8004:123145761751040::Thread-107 2020-08-09 18:59:54.687 - In 377 BC, the nominal ruler of the region, Hecatomnus of Milas, died and left the control of the kingdom to his son, Mausolus.
8006:123145761751040::Thread-107 2020-08-09 18:59:54.884 - In January 2015, she signed an exclusive, two-year performing contract with Jules Jordan Video.
8004:123145761751040::Thread-107 2020-08-09 18:59:55.867 - Hecatomnus, a local dynast under the Persians, took control of several of the neighboring cities and districts.
8006:123145761751040::Thread-107 2020-08-09 18:59:56.356 - Early life
Jane was a military brat who grew up on various military bases in the Midwestern United States.
8002:123145761751040::Thread-107 2020-08-09 18:59:56.382 - He was a leading figure in the music industry and is regarded as one of the most influential musicians of the 20th century.
8003:123145761751040::Thread-107 2020-08-09 18:59:56.748 - Windsor Castle survived the tumultuous period of the English Civil War, when it was used as a military headquarters by Parliamentary forces and a prison for Charles I.
8006:123145761751040::Thread-107 2020-08-09 18:59:56.859 - She did extensive dance training and was a varsity cheerleader at her high school in Rose Hill, Kansas.
8004:123145761751040::Thread-107 2020-08-09 18:59:57.635 - After Artemisia and Mausolus, he had several other daughters and sons: Ada (adoptive mother of Alexander the Great), Idrieus and Pixodarus.
8003:123145761751040::Thread-107 2020-08-09 18:59:57.782 - At the Restoration of the monarchy in 1660, Charles II rebuilt much of Windsor Castle with the help of the architect Hugh May, creating a set of extravagant Baroque interiors that are still admired.
8003:123145761751040::Thread-107 2020-08-09 18:59:57.783 - **END**
8006:123145761751040::Thread-107 2020-08-09 18:59:58.162 - She graduated from Moore High School in Moore, Oklahoma in 1998.
8004:123145761751040::Thread-107 2020-08-09 18:59:58.637 - **END**
8006:123145761751040::Thread-107 2020-08-09 18:59:58.738 - Career

Jane read an article on Tera Patrick that said that Patrick worked for adult-film production company Digital Playground.
8002:123145761751040::Thread-107 2020-08-09 18:59:59.1 - He was acclaimed by critics and musicians, particularly for his innovative work during the 1970s.
8002:123145761751040::Thread-107 2020-08-09 18:59:59.359 - His career was marked by reinvention and visual presentation, with his music and stagecraft having a significant impact on popular music.
8002:123145761751040::Thread-107 2020-08-09 18:59:59.416 - During his lifetime, his record sales, estimated at over 100 million records worldwide, made him one of the best-selling music artists of all time.
8005:123145761751040::Thread-107 2020-08-09 18:59:59.438 - **START**
8005:123145761751040::Thread-107 2020-08-09 18:59:59.527 - Starting new HTTPS connection (1): en.wikipedia.org
8003:123145761751040::Thread-107 2020-08-09 19:00:00.785 - **START**
8006:123145761751040::Thread-107 2020-08-09 19:00:00.829 - She contacted them and was quickly signed to a contract.
8002:123145761751040::Thread-107 2020-08-09 19:00:00.873 - In the UK, he was awarded ten platinum album certifications, eleven gold and eight silver, and released eleven number-one albums.
8003:123145761751040::Thread-107 2020-08-09 19:00:00.894 - Starting new HTTPS connection (1): en.wikipedia.org
8005:123145761751040::Thread-107 2020-08-09 19:00:01.171 - Joelle Joanie "JoJo" Siwa (born May 19, 2003) is an American dancer, singer, actress, and YouTube personality.
8003:123145761751040::Thread-107 2020-08-09 19:00:02.461 - Guinea-Bissau ( (listen); Portuguese: Guiné-Bissau), officially the Republic of Guinea-Bissau (Portuguese: República da Guiné-Bissau [ʁɛˈpuβlikɐ ðɐ ɣiˈnɛ βiˈsaw]), is a country in West Africa that covers 36,125 square kilometres (13,948 sq mi) with an estimated population of 1,874,303.
8005:123145761751040::Thread-107 2020-08-09 19:00:03.078 - She is known for appearing for two seasons on Dance Moms along with her mother, Jessalynn Siwa, and for her singles "Boomerang" and "Kid in a Candy Store".
8002:123145761751040::Thread-107 2020-08-09 19:00:03.805 - In the US, he received five platinum and nine gold certifications.
8006:123145761751040::Thread-107 2020-08-09 19:00:03.834 - **END**
8003:123145761751040::Thread-107 2020-08-09 19:00:04.95 - It borders Senegal to the north and Guinea to the south-east.
8005:123145761751040::Thread-107 2020-08-09 19:00:05.632 - Siwa posts daily videos of her day-to-day life on her YouTube channels, "JoJo Siwa TV" and "It's JoJo Siwa".
8005:123145761751040::Thread-107 2020-08-09 19:00:06.112 - Her fans are called Siwanatorz.
8002:123145761751040::Thread-107 2020-08-09 19:00:06.237 - He was inducted into the Rock and Roll Hall of Fame in 1996.
8002:123145761751040::Thread-107 2020-08-09 19:00:06.275 - Rolling Stone placed him among its list of the 100 Greatest Artists of All Time and following his death in 2016, Bowie was dubbed "The Greatest Rock Star Ever" by the magazine.Born in Brixton, South London, Bowie developed an interest in music as a child, eventually studying art, music and design before embarking on a professional career as a musician in 1963.
8002:123145761751040::Thread-107 2020-08-09 19:00:06.872 - "Space Oddity" became his first top-five entry on the UK Singles Chart after its release in July 1969.
8003:123145761751040::Thread-107 2020-08-09 19:00:06.889 - Guinea-Bissau was once part of the kingdom of Kaabu, as well as part of the Mali Empire.
8003:123145761751040::Thread-107 2020-08-09 19:00:07.71 - Parts of this kingdom persisted until the 18th century, while a few others were under some rule by the Portuguese Empire since the 16th century.
8003:123145761751040::Thread-107 2020-08-09 19:00:07.877 - In the 19th century, it was colonised as Portuguese Guinea.
8003:123145761751040::Thread-107 2020-08-09 19:00:08.653 - Upon independence, declared in 1973 and recognised in 1974, the name of its capital, Bissau, was added to the country's name to prevent confusion with Guinea (formerly French Guinea).
8005:123145761751040::Thread-107 2020-08-09 19:00:08.708 - Early life and career

Joelle Joanie Siwa was born in Omaha, Nebraska on May 19, 2003 to Jessalynn Siwa (née Lombardi), a professional dance instructor from Iowa, and Dr. Tom Siwa, a chiropractor from Nebraska.
8002:123145761751040::Thread-107 2020-08-09 19:00:09.874 - **END**
8003:123145761751040::Thread-107 2020-08-09 19:00:11.17 - Guinea-Bissau has a history of political instability since independence, and only one elected president (José Mário Vaz) has successfully served a full five-year term.Only about 2% of the population speaks Portuguese, the official language, as a first language, and 33% speak it as a second language.
8005:123145761751040::Thread-107 2020-08-09 19:00:11.56 - She has one sibling, an older brother named Jayden Siwa who is also a vlogger.Siwa started her career as a top-5 finalist and the youngest contestant on the second season of Abby's Ultimate Dance Competition, produced by Abby Lee Miller of Dance Moms fame.
8005:123145761751040::Thread-107 2020-08-09 19:00:13.16 - She appeared on the show with her mother and was eliminated in week 9.
8005:123145761751040::Thread-107 2020-08-09 19:00:13.232 - Siwa soon began to began appear on Dance Moms, beginning with auditioning for Miller's "ALDC" dance competition team in 2014 and being selected for the team in early 2015.In May 2016, Siwa released "Boomerang" for digital download and a previous single, "I Can Make U Dance".
8004:123145761751040::Thread-107 2020-08-09 19:00:13.642 - **START**
8004:123145761751040::Thread-107 2020-08-09 19:00:13.646 - Starting new HTTPS connection (1): en.wikipedia.org
8003:123145761751040::Thread-107 2020-08-09 19:00:13.765 - However, Creole is the national language and also considered the language of unity.
8004:123145761751040::Thread-107 2020-08-09 19:00:14.493 - Newcastle United Football Club is an English professional football club based in Newcastle upon Tyne, Tyne and Wear, that plays in the Premier League, the top flight of English football.
8005:123145761751040::Thread-107 2020-08-09 19:00:15.203 - "Boomerang" addresses the subject of online bullying.
8004:123145761751040::Thread-107 2020-08-09 19:00:15.425 - Founded in 1892 by the merger of Newcastle East End and Newcastle West End.
8004:123145761751040::Thread-107 2020-08-09 19:00:15.97 - The team plays its home matches at St. James' Park.
8004:123145761751040::Thread-107 2020-08-09 19:00:16.327 - Per the  Taylor Report's requirement that all Premier League clubs have an all-seater stadium, the ground was adjusted in the mid-1990s and now has a capacity of 52,305.
8003:123145761751040::Thread-107 2020-08-09 19:00:16.353 - According to a 2012 study, 54% of the population speak Creole as a first language and about 52% speak it as a second language.
8003:123145761751040::Thread-107 2020-08-09 19:00:17.214 - The remainder speak a variety of native African languages.
8004:123145761751040::Thread-107 2020-08-09 19:00:17.219 - The club has been a member of the Premier League for all but three years of the competition's history, spending 88 seasons in the top flight as of July 2020, and have never dropped below English football's second tier since joining the Football League in 1893.
8004:123145761751040::Thread-107 2020-08-09 19:00:17.381 - Newcastle have won 4 League titles, 6 FA Cups and a Charity Shield, as well as the 1969 Inter-Cities Fairs Cup and the 2006 UEFA Intertoto Cup, the ninth highest total of trophies won by an English club.
8004:123145761751040::Thread-107 2020-08-09 19:00:17.468 - The club's most successful period was between 1904 and 1910, when they won an FA Cup and three of their League titles.
8004:123145761751040::Thread-107 2020-08-09 19:00:18.093 - Newcastle were relegated in 2009, and again in 2016.
8004:123145761751040::Thread-107 2020-08-09 19:00:18.78 - The club won promotion at the first time of asking each time, returning to the Premier League, as Championship winners, in 2010 and 2017.
8005:123145761751040::Thread-107 2020-08-09 19:00:19.204 - **END**
8003:123145761751040::Thread-107 2020-08-09 19:00:19.215 - **END**
8004:123145761751040::Thread-107 2020-08-09 19:00:26.783 - **END**