8002:123145988907008::Thread-161 2020-08-09 18:59:31.354 - **START**
8002:123145988907008::Thread-161 2020-08-09 18:59:32.002 - Starting new HTTPS connection (1): en.wikipedia.org
8005:123145988907008::Thread-161 2020-08-09 18:59:32.221 - **START**
8005:123145988907008::Thread-161 2020-08-09 18:59:33.536 - Starting new HTTPS connection (1): en.wikipedia.org
8002:123145988907008::Thread-161 2020-08-09 18:59:34.715 - Jacob Tremblay (; French: [tʁɑ̃blɛ]; born October 5, 2006) is a Canadian actor.
8002:123145988907008::Thread-161 2020-08-09 18:59:35.214 - His breakout performance was his starring role as Jack Newsome in Room (2015), for which he won the Critics' Choice Movie Award for Best Young Performer and the Canadian Screen Award for Best Actor, and was nominated for the Screen Actors Guild Award for Outstanding Performance by a Male Actor in a Supporting Role.
8006:123145988907008::Thread-161 2020-08-09 18:59:35.273 - **START**
8002:123145988907008::Thread-161 2020-08-09 18:59:36.132 - In 2017, he starred as August Pullman, a child with Treacher Collins syndrome, in the drama Wonder, and in 2019 he headlined the R-rated comedy film Good Boys.
8002:123145988907008::Thread-161 2020-08-09 18:59:36.555 - Early life
Tremblay was born in Vancouver, British Columbia, Canada on October 5, 2006.
8006:123145988907008::Thread-161 2020-08-09 18:59:36.711 - Starting new HTTPS connection (1): en.wikipedia.org
8002:123145988907008::Thread-161 2020-08-09 18:59:36.898 - He was raised in the nearby city of Langley, British Columbia.
8002:123145988907008::Thread-161 2020-08-09 18:59:37.067 - His father, Jason Tremblay, is a police detective, and his mother, Christina Candia Tremblay, is a homemaker.
8005:123145988907008::Thread-161 2020-08-09 18:59:37.095 - Prince Rogers Nelson (June 7, 1958 – April 21, 2016) was an American singer-songwriter, musician, record producer, dancer, actor, and filmmaker.
8005:123145988907008::Thread-161 2020-08-09 18:59:37.221 - He is widely regarded as one of the greatest musicians of his generation.
8003:123145988907008::Thread-161 2020-08-09 18:59:37.296 - **START**
8002:123145988907008::Thread-161 2020-08-09 18:59:37.322 - Tremblay's older sister Emma and younger sister Erica are also actors.
8003:123145988907008::Thread-161 2020-08-09 18:59:37.503 - Starting new HTTPS connection (1): en.wikipedia.org
8005:123145988907008::Thread-161 2020-08-09 18:59:38.201 - A multi-instrumentalist who was considered a guitar virtuoso, he was well known for his eclectic work across multiple genres, flamboyant and androgynous persona, and wide vocal range which included a far-reaching falsetto and high-pitched screams.
8002:123145988907008::Thread-161 2020-08-09 18:59:38.27 - Career
Tremblay began acting in television roles.
8005:123145988907008::Thread-161 2020-08-09 18:59:38.472 - Prince's innovative music integrated a wide variety of styles, including funk, R&B, rock, new wave, soul, synth-pop, psychedelia, pop, industrial, and hip hop.
8002:123145988907008::Thread-161 2020-08-09 18:59:38.642 - He made his film debut in the live-action/animated feature The Smurfs 2, released in 2013.Tremblay portrayed Jack Newsome in the critically acclaimed drama film Room, co-starring with Brie Larson.
8005:123145988907008::Thread-161 2020-08-09 18:59:38.829 - He pioneered the Minneapolis sound, a funk rock subgenre that emerged in the late 1970s.
8005:123145988907008::Thread-161 2020-08-09 18:59:39.137 - He was also known for his prolific output, releasing 39 albums during his life, with a vast array of unreleased projects left in a vault at his home after his death; it is believed that the vault contains dozens of fully produced albums and over 50 music videos that have never been released, along with various other media.
8004:123145988907008::Thread-161 2020-08-09 18:59:39.248 - **START**
8002:123145988907008::Thread-161 2020-08-09 18:59:39.356 - The film, directed by Lenny Abrahamson, premiered on September 4, 2015, at the Telluride Film Festival, and was released in cinemas on October 16, 2015.
8005:123145988907008::Thread-161 2020-08-09 18:59:39.761 - He released hundreds of songs both under his own name and multiple pseudonyms during his life, as well as writing songs that were made famous by other musicians, such as "Nothing Compares 2 U" and "Manic Monday".
8005:123145988907008::Thread-161 2020-08-09 18:59:40.704 - Estimates of the complete number of songs written by Prince range anywhere from 500 to well over 1,000.Born and raised in Minneapolis, Minnesota, Prince signed a recording contract with Warner Bros. Records at the age of 19.
8004:123145988907008::Thread-161 2020-08-09 18:59:41.023 - Starting new HTTPS connection (1): en.wikipedia.org
8006:123145988907008::Thread-161 2020-08-09 18:59:41.228 - Wayne Mark Rooney (born 24 October 1985) is an English professional footballer and captain for Championship club Derby County.
8005:123145988907008::Thread-161 2020-08-09 18:59:41.292 - Prince went on to achieve critical success with the musically complex albums Dirty Mind (1980), Controversy (1981), and 1999 (1982).
8003:123145988907008::Thread-161 2020-08-09 18:59:41.523 - Once Upon a Time is  an American fantasy adventure drama television series that aired on ABC from October 23, 2011 to May 18, 2018.
8006:123145988907008::Thread-161 2020-08-09 18:59:41.97 - He has played much of his career as a forward, and he has also been used in various midfield roles.
8003:123145988907008::Thread-161 2020-08-09 18:59:42.853 - The first six seasons are largely set in the fictitious seaside town of Storybrooke, Maine, with the characters of Emma Swan and her 10-year-old son, Henry Mills, as the leads — whilst the seventh and final season takes place in Seattle, Washington, in the fictitious neighborhood of Hyperion Heights, with a new main narrative led by adult Henry Mills, his wife Ella (Jacinda), and their daughter Lucy.
8003:123145988907008::Thread-161 2020-08-09 18:59:43.272 - The show's more notable characters are based on original Disney characters from The Walt Disney Company and popular Western literature, folklore, Greek mythology, and fairy tales.
8003:123145988907008::Thread-161 2020-08-09 18:59:43.37 - The family of Snow White and Prince Charming from Disney's Snow White and the Seven Dwarfs are the main family featured in the series.
8006:123145988907008::Thread-161 2020-08-09 18:59:43.605 - Widely considered to be one of the best players of his generation, Rooney is the record goalscorer for both the England national team and Manchester United.Rooney joined the Everton youth team at the age of 9 and made his professional debut for the club in 2002 at the age of 16.
8006:123145988907008::Thread-161 2020-08-09 18:59:45.306 - He spent two seasons at the Merseyside club, before moving to Manchester United for £25.6 million in the 2004 summer transfer window where he won 16 trophies and became the only English player, alongside teammate Michael Carrick, to win the Premier League, FA Cup, UEFA Champions League, League Cup, UEFA Europa League, and FIFA Club World Cup.
8003:123145988907008::Thread-161 2020-08-09 18:59:45.362 - Once Upon a Time was created by Lost & Tron: Legacy writers Edward Kitsis and Adam Horowitz.
8006:123145988907008::Thread-161 2020-08-09 18:59:45.566 - He scored 253 goals for United in all competitions to make him their top goalscorer of all time, with 183 Premier League goals being the most scored by a player for any single club.
8003:123145988907008::Thread-161 2020-08-09 18:59:45.707 - A spin-off series, Once Upon a Time in Wonderland, consisting of 13 episodes which followed the peculiar character from the 1865 novel Alice's Adventures in Wonderland by Lewis Carroll, premiered on October 10, 2013 and concluded on April 3, 2014.
8004:123145988907008::Thread-161 2020-08-09 18:59:45.874 - The Red Fort is a historic fort in the city of Delhi (in Old Delhi) in India that served as the main residence of the Mughal Emperors.
8003:123145988907008::Thread-161 2020-08-09 18:59:46.366 - Series overview
For the first six seasons, the series is set in the fictional seaside town of Storybrooke, Maine, in which the residents are actually fairy tale characters that were transported to the real world town and robbed of their memories by Regina, the Evil Queen (Lana Parrilla) who used a powerful dark curse obtained from Rumplestiltskin (Robert Carlyle).
8006:123145988907008::Thread-161 2020-08-09 18:59:46.812 - Rooney's 208 Premier League goals make him the Premier League's second-top scorer of all time.
8006:123145988907008::Thread-161 2020-08-09 18:59:46.939 - He also has the third-highest number of assists in the Premier League, with 103.Rooney made his senior international debut for England in February 2003 aged 17 and is England's youngest ever goalscorer.
8004:123145988907008::Thread-161 2020-08-09 18:59:47.062 - Emperor Shah Jahan commissioned reconstruction of the Red Fort on 12 May 1638, when he decided to shift his capital from Agra to Delhi.
8003:123145988907008::Thread-161 2020-08-09 18:59:47.668 - The residents of Storybrooke, where Regina is mayor, have lived an unchanging existence for 28 years, unaware of their own agelessness.
8004:123145988907008::Thread-161 2020-08-09 18:59:48.158 - Originally red and white, its design is credited to architect Ustad Ahmad Lahori, who also constructed the Taj Mahal.
8006:123145988907008::Thread-161 2020-08-09 18:59:48.216 - He played at UEFA Euro 2004 and scored four goals, briefly becoming the youngest goalscorer in the history of the European Championship.
8002:123145988907008::Thread-161 2020-08-09 18:59:48.36 - **END**
8006:123145988907008::Thread-161 2020-08-09 18:59:48.37 - Rooney has since featured at the 2006, 2010, and 2014 World Cups and was widely regarded as his country's best player.
8003:123145988907008::Thread-161 2020-08-09 18:59:48.792 - The town's only hope lies with a bail-bonds person from the Land Without Magic, named Emma Swan (Jennifer Morrison), only daughter of Snow White (Ginnifer Goodwin) and Prince Charming (Josh Dallas).
8004:123145988907008::Thread-161 2020-08-09 18:59:49.159 - It was reconstructed between May 1639 and April 1648.
8005:123145988907008::Thread-161 2020-08-09 18:59:49.3 - **END**
8003:123145988907008::Thread-161 2020-08-09 18:59:50.013 - Emma was transported from the Enchanted Forest to the real world via a magic wardrobe as an infant before the curse was cast.
8006:123145988907008::Thread-161 2020-08-09 18:59:50.134 - He has won the England Player of the Year award four times, in 2008, 2009, 2014, and 2015.
8004:123145988907008::Thread-161 2020-08-09 18:59:51.327 - On 15 August 1947, the first prime minister of India, Jawaharlal Nehru, raised the Indian national flag above the Lahori Gate.
8004:123145988907008::Thread-161 2020-08-09 18:59:53.638 - Every year on India's Independence Day (15 August), the prime minister hoists the Indian "tricolour flag" at the fort's main gate and delivers a nationally broadcast speech from its ramparts.
8004:123145988907008::Thread-161 2020-08-09 18:59:54.046 - Etymology
Its English name red fort is a translation of the Hindustani Lāl Qila (Hindi: लाल क़िला, Urdu: لال قلعہ‎) , deriving from its red-sandstone walls.
8004:123145988907008::Thread-161 2020-08-09 18:59:57.011 - , Lal was derived from Hindustani language meaning "Red" and Qalàh derived from Persian word meaning "Fortress".
8003:123145988907008::Thread-161 2020-08-09 18:59:57.015 - **END**
8006:123145988907008::Thread-161 2020-08-09 18:59:57.139 - **END**
8005:123145988907008::Thread-161 2020-08-09 18:59:57.302 - **START**
8005:123145988907008::Thread-161 2020-08-09 18:59:57.319 - Starting new HTTPS connection (1): en.wikipedia.org
8002:123145988907008::Thread-161 2020-08-09 18:59:57.362 - **START**
8002:123145988907008::Thread-161 2020-08-09 18:59:57.369 - Starting new HTTPS connection (1): en.wikipedia.org
8004:123145988907008::Thread-161 2020-08-09 18:59:58.203 - As the residence of the imperial family, the fort was originally known as the "Blessed Fort" (Qila-i-Mubārak).
8002:123145988907008::Thread-161 2020-08-09 18:59:58.398 - The Great Library of Alexandria in Alexandria, Egypt, was one of the largest and most significant libraries of the ancient world.
8005:123145988907008::Thread-161 2020-08-09 18:59:58.524 - The Suez Canal (Arabic: قناة السويس‎ qanāt as-suwēs) is an artificial sea-level waterway in Egypt, connecting the Mediterranean Sea to the Red Sea through the Isthmus of Suez.
8005:123145988907008::Thread-161 2020-08-09 18:59:58.65 - It is often considered to define the border between Africa and Asia.
8002:123145988907008::Thread-161 2020-08-09 18:59:58.75 - The Library was part of a larger research institution called the Mouseion, which was dedicated to the Muses, the nine goddesses of the arts.
8005:123145988907008::Thread-161 2020-08-09 18:59:58.968 - Constructed by the Suez Canal Company between 1859 and 1869, it officially opened on 17 November 1869.
8005:123145988907008::Thread-161 2020-08-09 18:59:59.026 - The canal offers watercraft a more direct route between the North Atlantic and northern Indian oceans via the Mediterranean and Red seas, thus avoiding the South Atlantic and southern Indian oceans and reducing the journey distance from the Arabian Sea to London, for example, by approximately 8,900 kilometres (5,500 mi).
8005:123145988907008::Thread-161 2020-08-09 18:59:59.063 - It extends from the northern terminus of Port Said to the southern terminus of Port Tewfik at the city of Suez.
8002:123145988907008::Thread-161 2020-08-09 18:59:59.228 - The idea of a universal library in Alexandria may have been proposed by Demetrius of Phalerum, an exiled Athenian statesman living in Alexandria, to Ptolemy I Soter, who may have established plans for the Library, but the Library itself was probably not built until the reign of his son Ptolemy II Philadelphus.
8004:123145988907008::Thread-161 2020-08-09 18:59:59.336 - Agra Fort is also known as Lāl Qila.
8002:123145988907008::Thread-161 2020-08-09 18:59:59.44 - The Library quickly acquired many papyrus scrolls, due largely to the Ptolemaic kings' aggressive and well-funded policies for procuring texts.
8005:123145988907008::Thread-161 2020-08-09 18:59:59.615 - Its length is 193.30 km (120.11 mi) including its northern and southern access-channels.
8005:123145988907008::Thread-161 2020-08-09 19:00:00.234 - In 2012, 17,225 vessels traversed the canal (an average of 47 per day).The original canal featured a single-lane waterway with passing locations in the Ballah Bypass and the Great Bitter Lake.
8005:123145988907008::Thread-161 2020-08-09 19:00:00.256 - It contains no lock system, with seawater flowing freely through it.
8002:123145988907008::Thread-161 2020-08-09 19:00:00.403 - It is unknown precisely how many such scrolls were housed at any given time, but estimates range from 40,000 to 400,000 at its height.
8005:123145988907008::Thread-161 2020-08-09 19:00:00.566 - In general, the canal north of the Bitter Lakes flows north in winter and south in summer.
8005:123145988907008::Thread-161 2020-08-09 19:00:00.815 - South of the lakes, the current changes with the tide at Suez.The United Kingdom and France owned the canal until July 1956, when the President of Egypt, Gamal Abdel Nasser, nationalized it—an event which led to the Suez Crisis of October–November 1956.
8006:123145988907008::Thread-161 2020-08-09 19:00:01.141 - **START**
8006:123145988907008::Thread-161 2020-08-09 19:00:01.147 - Starting new HTTPS connection (1): en.wikipedia.org
8002:123145988907008::Thread-161 2020-08-09 19:00:01.276 - Alexandria came to be regarded as the capital of knowledge and learning, in part because of the Great Library.
8002:123145988907008::Thread-161 2020-08-09 19:00:01.565 - Many important and influential scholars worked at the Library during the third and second centuries BC, including, among many others: Zenodotus of Ephesus, who worked towards standardizing the texts of the Homeric poems; Callimachus, who wrote the Pinakes, sometimes considered to be the world's first library catalogue; Apollonius of Rhodes, who composed the epic poem the Argonautica; Eratosthenes of Cyrene, who calculated the circumference of the earth within a few hundred kilometers of accuracy; Aristophanes of Byzantium, who invented the system of Greek diacritics and was the first to divide poetic texts into lines; and Aristarchus of Samothrace, who produced the definitive texts of the Homeric poems as well as extensive commentaries on them.
8005:123145988907008::Thread-161 2020-08-09 19:00:01.819 - **END**
8002:123145988907008::Thread-161 2020-08-09 19:00:01.97 - During the reign of Ptolemy III Euergetes, a daughter library was established in the Serapeum, a temple to the Greco-Egyptian god Serapis.
8002:123145988907008::Thread-161 2020-08-09 19:00:02.756 - Despite the widespread modern belief that the Library of Alexandria was burned once and cataclysmically destroyed, the Library actually declined gradually over the course of several centuries.
8003:123145988907008::Thread-161 2020-08-09 19:00:03.017 - **START**
8003:123145988907008::Thread-161 2020-08-09 19:00:03.059 - Starting new HTTPS connection (1): en.wikipedia.org
8002:123145988907008::Thread-161 2020-08-09 19:00:03.695 - This decline began with the purging of intellectuals from Alexandria in 145 BC during the reign of Ptolemy VIII Physcon, which resulted in Aristarchus of Samothrace, the head librarian, resigning from his position and exiling himself to Cyprus.
8006:123145988907008::Thread-161 2020-08-09 19:00:03.76 - South Africa, officially the Republic of South Africa (RSA), is the southernmost country in Africa.
8003:123145988907008::Thread-161 2020-08-09 19:00:03.976 - Shawn Corey Carter (born December 4, 1969), better known by his stage name Jay-Z (stylized as JAY-Z), is an American rapper, songwriter, record executive, entrepreneur, businessman, and record producer.
8004:123145988907008::Thread-161 2020-08-09 19:00:04.338 - **END**
8003:123145988907008::Thread-161 2020-08-09 19:00:04.493 - Born and raised in New York City, Jay-Z first began his musical career after founding the record label Roc-A-Fella Records in 1995, and subsequently released his debut studio album Reasonable Doubt in 1996.
8003:123145988907008::Thread-161 2020-08-09 19:00:04.969 - The album was released to widespread critical success, and solidified his standing in the music industry.
8003:123145988907008::Thread-161 2020-08-09 19:00:05.418 - He has gone on to release twelve additional albums, including the acclaimed albums, The Blueprint (2001), The Black Album (2003), American Gangster (2007), and 4:44 (2017).
8006:123145988907008::Thread-161 2020-08-09 19:00:05.817 - With over 59 million people, it is the world's 24th-most populous nation and covers an area of 1,221,037 square kilometres (471,445 sq mi).
8003:123145988907008::Thread-161 2020-08-09 19:00:06.236 - Jay-Z has also released the full-length collaborative albums Watch the Throne (2011) with Kanye West and Everything Is Love (2018) with his wife Beyoncé, respectively.Outside of his musical career, Jay-Z has also attained significant success and media attention for his career as a businessman.
8003:123145988907008::Thread-161 2020-08-09 19:00:06.94 - In 1999, he founded the clothing retailer Rocawear, and in 2003, he founded the luxury sports bar chain 40/40 Club.
8003:123145988907008::Thread-161 2020-08-09 19:00:07.032 - Both businesses have grown to become multi-million-dollar corporations, and allowed Jay-Z to fund the start-up for the entertainment company Roc Nation, which was founded in 2008.
8003:123145988907008::Thread-161 2020-08-09 19:00:07.456 - In 2015, he acquired the tech company Aspiro and took charge of their media streaming service Tidal.Jay-Z is one of the world's best-selling music artists, with over 50 million albums and 75 million singles sold worldwide.
8003:123145988907008::Thread-161 2020-08-09 19:00:07.584 - He has won a total of 22 Grammy Awards, the most by a rapper, and holds the record for the most number-one albums by a solo artist on the Billboard 200, with 14.
8002:123145988907008::Thread-161 2020-08-09 19:00:07.7 - **END**
8003:123145988907008::Thread-161 2020-08-09 19:00:07.944 - He has been ranked by Billboard and fellow music publication Rolling Stone as one of the 100 Greatest Artists of All Time.
8006:123145988907008::Thread-161 2020-08-09 19:00:08.517 - South Africa has three capital cities: executive Pretoria, judicial Bloemfontein and legislative Cape Town.
8006:123145988907008::Thread-161 2020-08-09 19:00:09.688 - The largest city is Johannesburg.
8006:123145988907008::Thread-161 2020-08-09 19:00:10.799 - About 80% of South Africans are of Black African ancestry, divided among a variety of ethnic groups speaking different African languages.
8006:123145988907008::Thread-161 2020-08-09 19:00:12.283 - The remaining population consists of Africa's largest communities of European, Asian, and multiracial ancestry.
8006:123145988907008::Thread-161 2020-08-09 19:00:13.37 - It is bounded to the south by 2,798 kilometres (1,739 mi) of coastline of Southern Africa stretching along the South Atlantic and Indian Oceans; to the north by the neighbouring countries of Namibia, Botswana, and Zimbabwe; and to the east and northeast by Mozambique and Eswatini (former Swaziland); and it surrounds the enclaved country of Lesotho.
8006:123145988907008::Thread-161 2020-08-09 19:00:13.373 - It is the southernmost country on the mainland of the Old World or the Eastern Hemisphere, and the most populous country located entirely south of the equator.
8003:123145988907008::Thread-161 2020-08-09 19:00:14.949 - **END**
8006:123145988907008::Thread-161 2020-08-09 19:00:15.884 - South Africa is a multiethnic society encompassing a wide variety of cultures, languages, and religions.
8006:123145988907008::Thread-161 2020-08-09 19:00:17.903 - Its pluralistic makeup is reflected in the constitution's recognition of 11 official languages, the fourth-highest number in the world.
8006:123145988907008::Thread-161 2020-08-09 19:00:19.903 - **END**