8002:123145829056512::Thread-123 2020-08-09 18:59:26.364 - **START**
8002:123145829056512::Thread-123 2020-08-09 18:59:26.432 - Starting new HTTPS connection (1): en.wikipedia.org
8002:123145829056512::Thread-123 2020-08-09 18:59:29.37 - Germany (German: Deutschland, German pronunciation: [ˈdɔʏtʃlant]), officially the Federal Republic of Germany (German: Bundesrepublik Deutschland, listen), is a country in Central and Western Europe.
8003:123145829056512::Thread-123 2020-08-09 18:59:30.267 - **START**
8003:123145829056512::Thread-123 2020-08-09 18:59:31.163 - Starting new HTTPS connection (1): en.wikipedia.org
8006:123145829056512::Thread-123 2020-08-09 18:59:31.264 - **START**
8006:123145829056512::Thread-123 2020-08-09 18:59:31.519 - Starting new HTTPS connection (1): en.wikipedia.org
8002:123145829056512::Thread-123 2020-08-09 18:59:32.609 - Covering an area of 357,022 square kilometres (137,847 sq mi), it lies between the Baltic and North seas to the north, and the Alps to the south.
8003:123145829056512::Thread-123 2020-08-09 18:59:33.195 - Mary, Queen of Scots (8 December 1542 – 8 February 1587), also known as Mary Stuart or Mary I of Scotland, reigned over Scotland from 14 December 1542 to 24 July 1567.
8004:123145829056512::Thread-123 2020-08-09 18:59:33.213 - **START**
8003:123145829056512::Thread-123 2020-08-09 18:59:34.063 - Mary, the only surviving legitimate child of King James V of Scotland, was six days old when her father died and she acceded to the throne.
8004:123145829056512::Thread-123 2020-08-09 18:59:34.132 - Starting new HTTPS connection (1): en.wikipedia.org
8003:123145829056512::Thread-123 2020-08-09 18:59:34.414 - She spent most of her childhood in France while Scotland was ruled by regents, and in 1558, she married the Dauphin of France, Francis.
8002:123145829056512::Thread-123 2020-08-09 18:59:35.117 - It borders Denmark to the north, Poland and the Czech Republic to the east, Austria and Switzerland to the south, and France, Luxembourg, Belgium, and the Netherlands to the west.
8006:123145829056512::Thread-123 2020-08-09 18:59:35.179 - The Great Sphinx of Giza, commonly referred to as the Sphinx of Giza or just the Sphinx, is a limestone statue of a reclining sphinx, a mythical creature with the body of a lion and the head of a human.
8003:123145829056512::Thread-123 2020-08-09 18:59:35.249 - Mary was queen consort of France from his accession in 1559 until his death in December 1560.
8005:123145829056512::Thread-123 2020-08-09 18:59:35.23 - **START**
8002:123145829056512::Thread-123 2020-08-09 18:59:35.319 - Various Germanic tribes have inhabited the northern parts of modern Germany since classical antiquity.
8003:123145829056512::Thread-123 2020-08-09 18:59:35.561 - Widowed, Mary returned to Scotland, arriving in Leith on 19 August 1561.
8003:123145829056512::Thread-123 2020-08-09 18:59:35.805 - Four years later, she married her half-cousin, Henry Stuart, Lord Darnley, and in June 1566 they had a son, James.
8002:123145829056512::Thread-123 2020-08-09 18:59:36.416 - A region named Germania was documented before AD 100.
8003:123145829056512::Thread-123 2020-08-09 18:59:36.852 - In February 1567, Darnley's residence was destroyed by an explosion, and he was found murdered in the garden.
8003:123145829056512::Thread-123 2020-08-09 18:59:36.919 - James Hepburn, 4th Earl of Bothwell, was generally believed to have orchestrated Darnley's death, but he was acquitted of the charge in April 1567, and the following month he married Mary.
8006:123145829056512::Thread-123 2020-08-09 18:59:37.441 - Facing directly from West to East, it stands on the Giza Plateau on the west bank of the Nile in Giza, Egypt.
8003:123145829056512::Thread-123 2020-08-09 18:59:37.683 - Following an uprising against the couple, Mary was imprisoned in Loch Leven Castle.
8005:123145829056512::Thread-123 2020-08-09 18:59:38.059 - Starting new HTTPS connection (1): en.wikipedia.org
8003:123145829056512::Thread-123 2020-08-09 18:59:38.243 - On 24 July 1567, she was forced to abdicate in favour of her one-year-old son.
8002:123145829056512::Thread-123 2020-08-09 18:59:38.832 - Beginning in the 10th century, German territories formed a central part of the Holy Roman Empire.
8004:123145829056512::Thread-123 2020-08-09 18:59:39.098 - Katheryn Elizabeth Hudson (born October 25, 1984), known professionally as Katy Perry, is an American singer, songwriter, and television judge.
8006:123145829056512::Thread-123 2020-08-09 18:59:39.593 - The face of the Sphinx is generally believed to represent the pharaoh Khafre.Cut from the bedrock, the original shape of the Sphinx has been restored with layers of blocks.
8006:123145829056512::Thread-123 2020-08-09 18:59:40.665 - It measures 73 m (240 ft) long from paw to tail, 20 m (66 ft) high from the base to the top of the head and 19 m (62 ft) wide at its rear haunches.
8004:123145829056512::Thread-123 2020-08-09 18:59:41.305 - After singing in church during her childhood, she pursued a career in gospel music as a teenager.
8005:123145829056512::Thread-123 2020-08-09 18:59:41.329 - The Bee Gees
were a music group formed in 1958.
8002:123145829056512::Thread-123 2020-08-09 18:59:41.89 - During the 16th century, northern German regions became the centre of the Protestant Reformation.
8005:123145829056512::Thread-123 2020-08-09 18:59:43.128 - Their lineup consisted of brothers Barry, Robin, and Maurice Gibb.
8004:123145829056512::Thread-123 2020-08-09 18:59:43.13 - Perry signed with Red Hill Records and released her debut studio album Katy Hudson under her birth name in 2001, which was commercially unsuccessful.
8006:123145829056512::Thread-123 2020-08-09 18:59:43.574 - It is the oldest known monumental sculpture in Egypt and is commonly believed to have been designed, sculpted, and constructed by ancient Egyptians of the Old Kingdom during the reign of the pharaoh Khafre (c. 2558–2532 BC).
8006:123145829056512::Thread-123 2020-08-09 18:59:43.91 - Construction
The Sphinx is a monolith carved into the bedrock of the plateau, which also served as the quarry for the pyramids and other monuments in the area.
8006:123145829056512::Thread-123 2020-08-09 18:59:44.78 - The nummulitic limestone of the area consists of layers which offer differing resistance to erosion (mostly caused by wind and windblown sand), leading to the uneven degradation apparent in the Sphinx's body.
8005:123145829056512::Thread-123 2020-08-09 18:59:44.801 - The trio were especially successful as a popular music act in the late 1960s and early 1970s, and later as prominent performers of the disco music era in the mid-to-late 1970s.
8002:123145829056512::Thread-123 2020-08-09 18:59:44.843 - Following the Napoleonic Wars and the dissolution of the Holy Roman Empire in 1806, the German Confederation was formed in 1815.
8003:123145829056512::Thread-123 2020-08-09 18:59:45.248 - **END**
8002:123145829056512::Thread-123 2020-08-09 18:59:45.621 - In 1871, Germany became a nation state when most of the German states unified into the Prussian-dominated German Empire.
8004:123145829056512::Thread-123 2020-08-09 18:59:45.714 - She moved to Los Angeles the following year to venture into secular music after Red Hill ceased operations and she subsequently began working with producers Glen Ballard, Dr. Luke, and Max Martin.
8005:123145829056512::Thread-123 2020-08-09 18:59:45.738 - The group sang recognisable three-part tight harmonies; Robin's clear vibrato lead vocals were a hallmark of their earlier hits, while Barry's R&B falsetto became their signature sound during the mid-to-late 1970s and 1980s.
8002:123145829056512::Thread-123 2020-08-09 18:59:45.851 - After World War I and the German Revolution of 1918–1919, the Empire was replaced by the semi-presidential Weimar Republic.
8004:123145829056512::Thread-123 2020-08-09 18:59:47.076 - After adopting the stage name Katy Perry and being dropped by The Island Def Jam Music Group and Columbia Records, she signed a recording contract with Capitol Records in April 2007.
8006:123145829056512::Thread-123 2020-08-09 18:59:47.559 - The lowest part of the body, including the legs, is solid rock.
8005:123145829056512::Thread-123 2020-08-09 18:59:47.739 - The Bee Gees wrote all of their own hits, as well as writing and producing several major hits for other artists.
8004:123145829056512::Thread-123 2020-08-09 18:59:47.74 - Perry rose to fame in 2008 with her second album, One of the Boys, a pop rock record containing the controversial U.S number one song "I Kissed a Girl" and "Hot n Cold".
8006:123145829056512::Thread-123 2020-08-09 18:59:49.325 - The body of the lion up to its neck is fashioned from softer layers that have suffered considerable disintegration.
8005:123145829056512::Thread-123 2020-08-09 18:59:49.399 - The Bee Gees are widely referred to by many critics, media outlets and fellow artists as the "Kings of Disco".Born on the Isle of Man to English parents, the Gibb brothers lived in Chorlton, Manchester, England until the late 1950s.
8006:123145829056512::Thread-123 2020-08-09 18:59:49.676 - The layer in which the head was sculpted is much harder.
8006:123145829056512::Thread-123 2020-08-09 18:59:49.677 - **END**
8002:123145829056512::Thread-123 2020-08-09 18:59:49.857 - **END**
8004:123145829056512::Thread-123 2020-08-09 18:59:50.542 - All subsequent albums have topped the U.S.
8005:123145829056512::Thread-123 2020-08-09 18:59:51.031 - There, in 1955, they formed the skiffle/rock and roll group the Rattlesnakes.
8005:123145829056512::Thread-123 2020-08-09 18:59:52.261 - The family then moved to Redcliffe, in the Moreton Bay Region, Queensland, Australia, and then to Cribb Island.
8004:123145829056512::Thread-123 2020-08-09 18:59:52.941 - Billboard 200.
8005:123145829056512::Thread-123 2020-08-09 18:59:53.465 - After achieving their first chart success in Australia as the Bee Gees with "Spicks and Specks" (their 12th single), they returned to the UK in January 1967, when producer Robert Stigwood began promoting them to a worldwide audience.
8005:123145829056512::Thread-123 2020-08-09 18:59:54.434 - The Bee Gees' Saturday Night Fever soundtrack (1978) would be the turning point of their career, with both the film and soundtrack having a cultural impact throughout the world, enhancing the disco scene's mainstream appeal.
8004:123145829056512::Thread-123 2020-08-09 18:59:55.178 - The disco-influenced Teenage Dream (2010) spawned five chart topping  U.S.
8003:123145829056512::Thread-123 2020-08-09 18:59:55.261 - **START**
8003:123145829056512::Thread-123 2020-08-09 18:59:55.274 - Starting new HTTPS connection (1): en.wikipedia.org
8004:123145829056512::Thread-123 2020-08-09 18:59:56.389 - Billboard Hot 100 singles–"California Gurls", "Teenage Dream", "Firework", "E.T.
8006:123145829056512::Thread-123 2020-08-09 18:59:56.683 - **START**
8006:123145829056512::Thread-123 2020-08-09 18:59:56.687 - Starting new HTTPS connection (1): en.wikipedia.org
8003:123145829056512::Thread-123 2020-08-09 18:59:56.827 - Theodore Robert Bundy (né Cowell; November 24, 1946 – January 24, 1989) was an American serial killer who kidnapped, raped, and murdered numerous young women and girls during the 1970s and possibly earlier.
8005:123145829056512::Thread-123 2020-08-09 18:59:57.435 - **END**
8004:123145829056512::Thread-123 2020-08-09 18:59:58.35 - ", and "Last Friday Night (T.G.I.F.)"
8006:123145829056512::Thread-123 2020-08-09 18:59:58.443 - France (French: [fʁɑ̃s] (listen)), officially the French Republic (French: République française, pronounced [ʁepyblik fʁɑ̃sɛːz] (listen)), is a country consisting of metropolitan France in Western Europe and several overseas regions and territories.
8003:123145829056512::Thread-123 2020-08-09 18:59:58.499 - After more than a decade of denials, before his execution in 1989 he confessed to 30 homicides that he committed in seven states between 1974 and 1978.
8006:123145829056512::Thread-123 2020-08-09 18:59:59.472 - The metropolitan area of France extends from the Mediterranean Sea to the English Channel and the North Sea, and from the Rhine to the Atlantic Ocean.
8003:123145829056512::Thread-123 2020-08-09 18:59:59.676 - The true number of victims is unknown and possibly higher.
8006:123145829056512::Thread-123 2020-08-09 19:00:01.05 - It borders Belgium, Luxembourg and Germany to the northeast, Switzerland, Monaco, and Italy to the east, and Andorra and Spain to the south.
8004:123145829056512::Thread-123 2020-08-09 19:00:01.054 - — a record tying her with Michael Jackson's Bad.
8004:123145829056512::Thread-123 2020-08-09 19:00:01.083 - Its follow-up record Prism (2013) was inspired by her divorce and incorporates pop and dance along with themes of self-reflection, everyday life, and relationships.
8003:123145829056512::Thread-123 2020-08-09 19:00:01.619 - Bundy was regarded as handsome and charismatic, traits that he exploited to win the trust of victims and society.
8004:123145829056512::Thread-123 2020-08-09 19:00:02.086 - **END**
8006:123145829056512::Thread-123 2020-08-09 19:00:02.832 - The overseas territories include French Guiana in South America and several islands in the Atlantic, Pacific and Indian oceans.
8002:123145829056512::Thread-123 2020-08-09 19:00:02.858 - **START**
8002:123145829056512::Thread-123 2020-08-09 19:00:02.995 - Starting new HTTPS connection (1): en.wikipedia.org
8006:123145829056512::Thread-123 2020-08-09 19:00:03.269 - The country's 18 integral regions (five of which are situated overseas) span a combined area of 643,801 square kilometres (248,573 sq mi) and a total population of 67.07 million (as of May 2020).
8003:123145829056512::Thread-123 2020-08-09 19:00:03.432 - He would typically approach his victims in public places, feigning injury or disability, or impersonating an authority figure, before knocking them unconscious and taking them to secluded locations to rape and strangle them.
8005:123145829056512::Thread-123 2020-08-09 19:00:03.436 - **START**
8005:123145829056512::Thread-123 2020-08-09 19:00:03.498 - Starting new HTTPS connection (1): en.wikipedia.org
8006:123145829056512::Thread-123 2020-08-09 19:00:04.025 - France is a unitary semi-presidential republic with its capital in Paris, the country's largest city and main cultural and commercial centre.
8002:123145829056512::Thread-123 2020-08-09 19:00:04.611 - The Academy Awards, popularly known as the Oscars, are awards for artistic and technical merit in the film industry.
8003:123145829056512::Thread-123 2020-08-09 19:00:04.667 - He sometimes revisited his secondary crime scenes, grooming and performing sexual acts with the decomposing corpses until putrefaction and destruction by wild animals made any further interactions impossible.
8002:123145829056512::Thread-123 2020-08-09 19:00:05.072 - Given annually by the Academy of Motion Picture Arts and Sciences (AMPAS), the awards are an international recognition of excellence in cinematic achievements, as assessed by the Academy's voting membership.
8006:123145829056512::Thread-123 2020-08-09 19:00:05.563 - Other major urban areas include Lyon, Marseille, Toulouse, Bordeaux, Lille and Nice.
8003:123145829056512::Thread-123 2020-08-09 19:00:05.883 - He decapitated at least 12 victims and kept some of the severed heads as mementos in his apartment.
8006:123145829056512::Thread-123 2020-08-09 19:00:06.145 - France, including its overseas territories, has the most time zones of any country, with a total of 12.
8006:123145829056512::Thread-123 2020-08-09 19:00:06.522 - During the Iron Age, what is now metropolitan France was inhabited by the Gauls, a collection of Celtic tribes.
8005:123145829056512::Thread-123 2020-08-09 19:00:06.69 - São Tomé and Príncipe (; Portuguese: [sɐ̃w̃ tuˈmɛ i ˈpɾĩsɨpɨ]), (English: Saint Thomas and Prince) officially the Democratic Republic of São Tomé and Príncipe (Portuguese: República Democrática de São Tomé e Príncipe), is an island country in the Gulf of Guinea, off the western equatorial coast of Central Africa.
8002:123145829056512::Thread-123 2020-08-09 19:00:06.785 - The various category winners are awarded a copy of a golden statuette, officially called the "Academy Award of Merit", although more commonly referred to by its nickname, the "Oscar".
8006:123145829056512::Thread-123 2020-08-09 19:00:07.388 - The area was annexed by Rome in 51 BC, developing a distinct Gallo-Roman culture that laid the foundation of the French language.
8003:123145829056512::Thread-123 2020-08-09 19:00:07.845 - On a few occasions, he broke into dwellings at night and bludgeoned his victims as they slept.
8002:123145829056512::Thread-123 2020-08-09 19:00:08.114 - The statuette depicts a knight rendered in the Art Deco style.
8003:123145829056512::Thread-123 2020-08-09 19:00:08.43 - In 1975, Bundy was jailed for the first time when he was incarcerated in Utah for aggravated kidnapping and attempted criminal assault.
8003:123145829056512::Thread-123 2020-08-09 19:00:09.06 - He then became a suspect in a progressively longer list of unsolved homicides in several states.
8005:123145829056512::Thread-123 2020-08-09 19:00:09.236 - It consists of two archipelagos around the two main islands of São Tomé and Príncipe, about 140 km (87 mi) apart and about 250 and 225 km (155 and 140 mi) off the northwestern coast of Gabon.
8002:123145829056512::Thread-123 2020-08-09 19:00:10.07 - The award was originally sculpted by George Stanley from a design sketch by Cedric Gibbons.
8002:123145829056512::Thread-123 2020-08-09 19:00:10.146 - AMPAS first presented it in 1929 at a private dinner hosted by Douglas Fairbanks in the Hollywood Roosevelt Hotel in what would become known as the 1st Academy Awards.
8002:123145829056512::Thread-123 2020-08-09 19:00:10.355 - The Academy Awards ceremony was first broadcast by radio in 1930 and was televised for the first time in 1953.
8005:123145829056512::Thread-123 2020-08-09 19:00:11.112 - The islands were uninhabited until their discovery by Portuguese explorers in the 15th century.
8002:123145829056512::Thread-123 2020-08-09 19:00:11.366 - It is the oldest worldwide entertainment awards ceremony and is now televised live worldwide.
8006:123145829056512::Thread-123 2020-08-09 19:00:11.389 - **END**
8002:123145829056512::Thread-123 2020-08-09 19:00:12.091 - It is also the oldest of the four major annual American entertainment awards; its equivalents – the Emmy Awards for television, the Tony Awards for theater, and the Grammy Awards for music – are modeled after the Academy Awards.
8005:123145829056512::Thread-123 2020-08-09 19:00:12.345 - Gradually colonized and settled by the Portuguese throughout the 16th century, they collectively served as a vital commercial and trade center for the Atlantic slave trade.
8005:123145829056512::Thread-123 2020-08-09 19:00:12.364 - The rich volcanic soil and proximity to the Equator made São Tomé and Príncipe ideal for sugar cultivation, followed later by cash crops such as coffee and cocoa; the lucrative plantation economy was heavily dependent upon imported African slaves.
8005:123145829056512::Thread-123 2020-08-09 19:00:12.461 - Cycles of social unrest and economic instability throughout the 19th and 20th centuries culminated in peaceful independence in 1975.
8005:123145829056512::Thread-123 2020-08-09 19:00:13.64 - São Tomé and Príncipe has since remained one of Africa's most stable and democratic countries.
8002:123145829056512::Thread-123 2020-08-09 19:00:13.87 - They are widely cited as the most famous and prestigious competitive awards in the field of entertainment.
8002:123145829056512::Thread-123 2020-08-09 19:00:13.871 - **END**
8005:123145829056512::Thread-123 2020-08-09 19:00:15.782 - With a population of 201,800 (2018 official estimate), São Tomé and Príncipe is the second-smallest African sovereign state after Seychelles, as well as the smallest Portuguese-speaking country.
8003:123145829056512::Thread-123 2020-08-09 19:00:16.062 - **END**
8005:123145829056512::Thread-123 2020-08-09 19:00:16.934 - Its people are predominantly of African and mestiço descent, with most practicing Catholic Christianity.
8005:123145829056512::Thread-123 2020-08-09 19:00:18.677 - The legacy of Portuguese rule is also visible in the country's culture, customs, and music, which fuse European and African influences.
8005:123145829056512::Thread-123 2020-08-09 19:00:20.681 - **END**