8003:123146295988224::Thread-234 2020-08-09 18:59:30.491 - **START**
8002:123146295988224::Thread-234 2020-08-09 18:59:30.495 - **START**
8003:123146295988224::Thread-234 2020-08-09 18:59:31.141 - Starting new HTTPS connection (1): en.wikipedia.org
8002:123146295988224::Thread-234 2020-08-09 18:59:31.774 - Starting new HTTPS connection (1): en.wikipedia.org
8003:123146295988224::Thread-234 2020-08-09 18:59:33.78 - Jacqueline Marie Evancho ( ee-VANG-koh; born April 9, 2000) is an American classical crossover singer who gained wide recognition at an early age.
8003:123146295988224::Thread-234 2020-08-09 18:59:33.821 - Since 2009, she has issued a platinum-selling EP and eight albums, including three Billboard 200 top 10 debuts.
8003:123146295988224::Thread-234 2020-08-09 18:59:34.493 - She has also been the subject of three solo PBS concert specials.
8003:123146295988224::Thread-234 2020-08-09 18:59:34.647 - Between 2008 and 2010, Evancho entered talent competitions, sang the US national anthem at a Pittsburgh Pirates baseball game, issued her first album, Prelude to a Dream, and attracted interest on YouTube.
8003:123146295988224::Thread-234 2020-08-09 18:59:35.237 - In 2010, at the age of ten, she gained wide notice with her 2nd-place finish in the fifth season of America's Got Talent.
8005:123146295988224::Thread-234 2020-08-09 18:59:35.253 - **START**
8002:123146295988224::Thread-234 2020-08-09 18:59:35.513 - The Palace of Westminster serves as the meeting place for both the House of Commons and the House of Lords, the two houses of the Parliament of the United Kingdom.
8002:123146295988224::Thread-234 2020-08-09 18:59:35.549 - Informally known as the Houses of Parliament after its occupants, the Palace lies on the north bank of the River Thames in the City of Westminster, in central London, England.
8003:123146295988224::Thread-234 2020-08-09 18:59:35.749 - With the 2010 holiday release of her O Holy Night EP, Evancho became the best-selling debut artist of 2010, the youngest top-10 debut artist in US history and the youngest solo artist ever to go platinum in the US.
8002:123146295988224::Thread-234 2020-08-09 18:59:35.82 - Its name, which derives from the neighbouring Westminster Abbey, may refer to several historic structures but most often: the Old Palace, a medieval building-complex destroyed by fire in 1834, or its replacement, the New Palace that stands today.
8002:123146295988224::Thread-234 2020-08-09 18:59:36.132 - The palace is owned by the monarch in right of the Crown and, for ceremonial purposes, retains its original status as a royal residence.
8002:123146295988224::Thread-234 2020-08-09 18:59:36.473 - Committees appointed by both houses manage the building and report to the Speaker of the House of Commons and to the Lord Speaker.
8003:123146295988224::Thread-234 2020-08-09 18:59:36.723 - In 2011, her first full-length album, Dream with Me debuted at No.
8003:123146295988224::Thread-234 2020-08-09 18:59:37.114 - 2 on the Billboard 200 chart, and she became the youngest top-5 debut artist in UK history.
8002:123146295988224::Thread-234 2020-08-09 18:59:37.462 - The first royal palace constructed on the site dated from the 11th century, and Westminster became the primary residence of the Kings of England until fire destroyed the royal apartments in 1512 (after which, the nearby Palace of Whitehall was established).
8002:123146295988224::Thread-234 2020-08-09 18:59:37.959 - The remainder of Westminster continued to serve as the home of the Parliament of England, which had met there since the 13th century, and also as the seat of the Royal Courts of Justice, based in and around Westminster Hall.
8003:123146295988224::Thread-234 2020-08-09 18:59:38.102 - Billboard ranked Evancho the top Classical Albums Artist for 2011.
8003:123146295988224::Thread-234 2020-08-09 18:59:38.204 - Later that year, Evancho released a full-length holiday album, Heavenly Christmas, and became the youngest person ever to give a solo concert at Lincoln Center in New York City as part of her first concert tour.
8005:123146295988224::Thread-234 2020-08-09 18:59:38.086 - Starting new HTTPS connection (1): en.wikipedia.org
8003:123146295988224::Thread-234 2020-08-09 18:59:38.83 - In 2012, Evancho released Songs from the Silver Screen, her third top-10 album debut.
8002:123146295988224::Thread-234 2020-08-09 18:59:38.832 - In 1834 an even greater fire ravaged the heavily rebuilt Houses of Parliament, and the only significant medieval structures to survive were Westminster Hall, the Cloisters of St Stephen's, the Chapel of St Mary Undercroft, and the Jewel Tower.
8004:123146295988224::Thread-234 2020-08-09 18:59:39.262 - **START**
8002:123146295988224::Thread-234 2020-08-09 18:59:39.419 - In the subsequent competition for the reconstruction of the Palace, the architect Charles Barry won with a design for new buildings in the Gothic Revival style, specifically inspired by the English Perpendicular Gothic style of the 14th–16th centuries.
8006:123146295988224::Thread-234 2020-08-09 18:59:40.303 - **START**
8002:123146295988224::Thread-234 2020-08-09 18:59:40.369 - The remains of the Old Palace (except the detached Jewel Tower) were incorporated into its much larger replacement, which contains over 1,100 rooms organised symmetrically around two series of courtyards and which has a floor area of 112,476 m2 (1,210,680 sq ft).
8006:123146295988224::Thread-234 2020-08-09 18:59:40.795 - Starting new HTTPS connection (1): en.wikipedia.org
8004:123146295988224::Thread-234 2020-08-09 18:59:41.022 - Starting new HTTPS connection (1): en.wikipedia.org
8005:123146295988224::Thread-234 2020-08-09 18:59:43.691 - George VI (Albert Frederick Arthur George; 14 December 1895 – 6 February 1952) was King of the United Kingdom and the Dominions of the British Commonwealth from 11 December 1936 until his death in 1952.
8005:123146295988224::Thread-234 2020-08-09 18:59:44.144 - Known as "Bertie" among his family and close friends, George VI was born in the reign of his great-grandmother Queen Victoria and was named after his great-grandfather Albert, Prince Consort.
8004:123146295988224::Thread-234 2020-08-09 18:59:44.887 - Lisa Ann (born Lisa Ann Corpora; May 9, 1972) is an American pornographic actress and radio personality.
8005:123146295988224::Thread-234 2020-08-09 18:59:45.015 - As the second son of King George V, he was not expected to inherit the throne and spent his early life in the shadow of his elder brother, Edward.
8006:123146295988224::Thread-234 2020-08-09 18:59:45.054 - Mercedes-Benz Stadium is a multi-purpose stadium located in Atlanta, Georgia, United States.
8005:123146295988224::Thread-234 2020-08-09 18:59:45.231 - He attended naval college as a teenager and served in the Royal Navy and Royal Air Force during the First World War.
8004:123146295988224::Thread-234 2020-08-09 18:59:45.669 - She has also worked as a director and talent agent.
8005:123146295988224::Thread-234 2020-08-09 18:59:46.016 - In 1920, he was made Duke of York.
8004:123146295988224::Thread-234 2020-08-09 18:59:46.07 - She is considered to be the most popular pornographic actress in the world, and has received mainstream notice for parodying former Governor of Alaska Sarah Palin in six adult films and a music video.
8004:123146295988224::Thread-234 2020-08-09 18:59:46.402 - She is a member of the AVN, XRCO, and Urban X Halls of Fame.
8005:123146295988224::Thread-234 2020-08-09 18:59:46.836 - He married Lady Elizabeth Bowes-Lyon in 1923, and they had two daughters, Elizabeth and Margaret.
8004:123146295988224::Thread-234 2020-08-09 18:59:47.073 - Ann entered the adult film industry in 1994.
8006:123146295988224::Thread-234 2020-08-09 18:59:47.157 - Opened in August 2017 as a replacement for the Georgia Dome, it serves as the home stadium of the Atlanta Falcons of the National Football League (NFL) and Atlanta United FC of Major League Soccer (MLS).
8005:123146295988224::Thread-234 2020-08-09 18:59:47.163 - In the mid-1920s, he had speech therapy for a stammer, which he learned to manage to some degree.
8002:123146295988224::Thread-234 2020-08-09 18:59:47.377 - **END**
8005:123146295988224::Thread-234 2020-08-09 18:59:47.696 - George's elder brother ascended the throne as Edward VIII after their father died in 1936.
8004:123146295988224::Thread-234 2020-08-09 18:59:47.713 - She quit porn in 1997 due to an AIDS scare in the industry, however, she resumed performing in February 2006.
8003:123146295988224::Thread-234 2020-08-09 18:59:47.835 - **END**
8004:123146295988224::Thread-234 2020-08-09 18:59:47.907 - In 2008, Ann starred as "Serra Paylin," a parody of Republican vice presidential nominee Sarah Palin, in Hustler Video's Who's Nailin' Paylin?, which was released on Election Day.
8004:123146295988224::Thread-234 2020-08-09 18:59:47.933 - Her directorial film, MILF Revolution (2013), won the 2014 AVN Award for "Best MILF Release".
8005:123146295988224::Thread-234 2020-08-09 18:59:48.311 - Later that year, Edward abdicated to marry the American socialite Wallis Simpson, and George became the third monarch of the House of Windsor.
8004:123146295988224::Thread-234 2020-08-09 18:59:48.538 - In December 2014, she launched Porn Stars Boot Camp, a consulting firm, and also announced her retirement from performing in adult films; she had a breast reduction surgery shortly after retiring as part of her return to a normal life.
8004:123146295988224::Thread-234 2020-08-09 18:59:48.89 - Ann announced her comeback to the adult industry in 2018 and signed with Evil Angel.
8006:123146295988224::Thread-234 2020-08-09 18:59:48.899 - The stadium is owned by the state government of Georgia through the Georgia World Congress Center Authority, and operated by AMB Group, the parent organization of the Falcons and Atlanta United.
8005:123146295988224::Thread-234 2020-08-09 18:59:49.222 - In September 1939, the British Empire and Commonwealth—except Ireland—declared war on Nazi Germany.
8006:123146295988224::Thread-234 2020-08-09 18:59:49.917 - In June 2016, the total cost of its construction was estimated at US$1.6 billion.The stadium officially opened on August 26, 2017 with a Falcons preseason game against the Arizona Cardinals, despite the retractable roof system being incomplete at the time.
8006:123146295988224::Thread-234 2020-08-09 18:59:50.172 - Several events formerly held at the Georgia Dome moved to Mercedes-Benz Stadium following its completion, including the SEC football championship game and the Peach Bowl.
8004:123146295988224::Thread-234 2020-08-09 18:59:50.894 - **END**
8003:123146295988224::Thread-234 2020-08-09 18:59:51.844 - **START**
8003:123146295988224::Thread-234 2020-08-09 18:59:51.864 - Starting new HTTPS connection (1): en.wikipedia.org
8006:123146295988224::Thread-234 2020-08-09 18:59:52.338 - In 2018, it hosted the College Football Playoff National Championship and the MLS Cup (as Atlanta United held home field advantage), and it hosted Super Bowl LIII in 2019.
8004:123146295988224::Thread-234 2020-08-09 18:59:52.898 - **START**
8004:123146295988224::Thread-234 2020-08-09 18:59:52.906 - Starting new HTTPS connection (1): en.wikipedia.org
8003:123146295988224::Thread-234 2020-08-09 18:59:53.417 - The Temple of Artemis or Artemision (Greek: Ἀρτεμίσιον; Turkish: Artemis Tapınağı), also known less precisely as the Temple of Diana, was a Greek temple dedicated to an ancient, local form of the goddess Artemis (associated with Diana, a Roman goddess).
8004:123146295988224::Thread-234 2020-08-09 18:59:54.457 - Avatar (marketed as James Cameron's Avatar) is a 2009 American epic science fiction film directed, written, produced, and co-edited by James Cameron and stars Sam Worthington, Zoe Saldana, Stephen Lang, Michelle Rodriguez, and Sigourney Weaver.
8006:123146295988224::Thread-234 2020-08-09 18:59:54.532 - Design


Roof
The stadium's signature feature is its retractable roof, which features a "pinwheel" consisting of eight translucent, triangular panels.
8006:123146295988224::Thread-234 2020-08-09 18:59:55.304 - Each of the eight panels operates on two straight, parallel rails; one rail is responsible for moving the panel while the other rail stabilizes the panel.
8006:123146295988224::Thread-234 2020-08-09 18:59:55.332 - Closing the roof takes slightly less time than opening the roof, since the roof has to disengage the seals at the start of the opening procedure and slow down towards the end to prevent the panels from getting derailed.
8003:123146295988224::Thread-234 2020-08-09 18:59:55.37 - It was located in Ephesus (near the modern town of Selçuk in present-day Turkey).
8003:123146295988224::Thread-234 2020-08-09 18:59:56.098 - It was completely rebuilt twice, once after a devastating flood and three hundred years later after an act of arson, and in its final form was one of the Seven Wonders of the Ancient World.
8004:123146295988224::Thread-234 2020-08-09 18:59:56.176 - The film is set in the mid-22nd century when humans are colonizing Pandora, a lush habitable moon of a gas giant in the Alpha Centauri star system, in order to mine the mineral unobtanium, a room-temperature superconductor.
8005:123146295988224::Thread-234 2020-08-09 18:59:56.223 - **END**
8004:123146295988224::Thread-234 2020-08-09 18:59:56.783 - The expansion of the mining colony threatens the continued existence of a local tribe of Na'vi – a humanoid species indigenous to Pandora.
8006:123146295988224::Thread-234 2020-08-09 18:59:57.007 - When opened, the panels are designed to create the illusion of a bird's wings extended.Architect Bill Johnson explained that the circular opening in the roof was inspired by the Roman Pantheon ("Pantheon" was also the working name for the building design).
8006:123146295988224::Thread-234 2020-08-09 18:59:57.008 - **END**
8004:123146295988224::Thread-234 2020-08-09 18:59:57.738 - The film's title refers to a genetically engineered Na'vi body operated from the brain of a remotely located human that is used to interact with the natives of Pandora.Development of Avatar began in 1994, when Cameron wrote an 80-page treatment for the film.
8003:123146295988224::Thread-234 2020-08-09 18:59:58.96 - By 401 AD it had been ruined or destroyed.
8004:123146295988224::Thread-234 2020-08-09 18:59:59.156 - Filming was supposed to take place after the completion of Cameron's 1997 film Titanic, for a planned release in 1999, but, according to Cameron, the necessary technology was not yet available to achieve his vision of the film.
8003:123146295988224::Thread-234 2020-08-09 18:59:59.724 - Only foundations and fragments of the last temple remain at the site.
8004:123146295988224::Thread-234 2020-08-09 18:59:59.927 - Work on the language of the film's extraterrestrial beings began in 2005, and Cameron began developing the screenplay and fictional universe in early 2006.
8006:123146295988224::Thread-234 2020-08-09 19:00:00.012 - **START**
8006:123146295988224::Thread-234 2020-08-09 19:00:00.101 - Starting new HTTPS connection (1): en.wikipedia.org
8004:123146295988224::Thread-234 2020-08-09 19:00:00.303 - Avatar was officially budgeted at $237 million.
8003:123146295988224::Thread-234 2020-08-09 19:00:00.674 - The earliest version of the temple (a temenos) antedated the Ionic immigration by many years, and dates to the Bronze Age.
8003:123146295988224::Thread-234 2020-08-09 19:00:01.813 - Callimachus, in his Hymn to Artemis, attributed it to the Amazons.
8006:123146295988224::Thread-234 2020-08-09 19:00:01.895 - The White House is the official residence and workplace of the president of the United States.
8006:123146295988224::Thread-234 2020-08-09 19:00:02.033 - It is located at 1600 Pennsylvania Avenue NW in Washington, D.C., and has been the residence of every U.S. president since John Adams in 1800.
8004:123146295988224::Thread-234 2020-08-09 19:00:02.09 - Other estimates put the cost between $280 million and $310 million for production and at $150 million for promotion.
8006:123146295988224::Thread-234 2020-08-09 19:00:02.365 - The term "White House" is often used as a metonym for the president and his advisers.
8006:123146295988224::Thread-234 2020-08-09 19:00:02.483 - The residence was designed by Irish-born architect James Hoban in the neoclassical style.
8004:123146295988224::Thread-234 2020-08-09 19:00:02.663 - The film made extensive use of new motion capture filming techniques, and was released for traditional viewing, 3D viewing (using the RealD 3D, Dolby 3D, XpanD 3D, and IMAX 3D formats), and for "4D" experiences in select South Korean theaters.
8006:123146295988224::Thread-234 2020-08-09 19:00:02.831 - Hoban modelled the building on Leinster House in Dublin, a building which today houses the Oireachtas, the Irish legislature.
8004:123146295988224::Thread-234 2020-08-09 19:00:03.179 - The stereoscopic filmmaking was touted as a breakthrough in cinematic technology.Avatar premiered in London on December 10, 2009, and was released in the United States on December 18 to positive reviews, with critics highly praising its groundbreaking visual effects.
8004:123146295988224::Thread-234 2020-08-09 19:00:03.179 - **END**
8006:123146295988224::Thread-234 2020-08-09 19:00:03.721 - Construction took place between 1792 and 1800 using Aquia Creek sandstone painted white.
8006:123146295988224::Thread-234 2020-08-09 19:00:04.022 - When Thomas Jefferson moved into the house in 1801, he (with architect Benjamin Henry Latrobe) added low colonnades on each wing that concealed stables and storage.
8003:123146295988224::Thread-234 2020-08-09 19:00:04.756 - In the 7th century BC, it was destroyed by a flood.
8006:123146295988224::Thread-234 2020-08-09 19:00:04.858 - In 1814, during the War of 1812, the mansion was set ablaze by the British Army in the Burning of Washington, destroying the interior and charring much of the exterior.
8006:123146295988224::Thread-234 2020-08-09 19:00:05.382 - Reconstruction began almost immediately, and President James Monroe moved into the partially reconstructed Executive Residence in October 1817.
8002:123146295988224::Thread-234 2020-08-09 19:00:05.382 - **START**
8002:123146295988224::Thread-234 2020-08-09 19:00:05.393 - Starting new HTTPS connection (1): en.wikipedia.org
8006:123146295988224::Thread-234 2020-08-09 19:00:05.972 - Exterior construction continued with the addition of the semi-circular South portico in 1824 and the North portico in 1829.
8002:123146295988224::Thread-234 2020-08-09 19:00:06.55 - The Green Bay Packers are a professional American football team based in Green Bay, Wisconsin.
8002:123146295988224::Thread-234 2020-08-09 19:00:06.905 - The Packers compete in the National Football League (NFL) as a member club of the National Football Conference (NFC) North division.
8003:123146295988224::Thread-234 2020-08-09 19:00:07.393 - Its reconstruction, in more grandiose form, began around 550 BC, under Chersiphron, the Cretan architect, and his son Metagenes.
8003:123146295988224::Thread-234 2020-08-09 19:00:07.695 - The project was funded by Croesus of Lydia, and took 10 years to complete.
8002:123146295988224::Thread-234 2020-08-09 19:00:08.49 - It is the third-oldest franchise in the NFL, dating back to 1919, and is the only non-profit, community-owned major league professional sports team based in the United States.
8003:123146295988224::Thread-234 2020-08-09 19:00:08.698 - **END**
8002:123146295988224::Thread-234 2020-08-09 19:00:10.182 - Home games have been played at Lambeau Field since 1957.
8005:123146295988224::Thread-234 2020-08-09 19:00:12.226 - **START**
8005:123146295988224::Thread-234 2020-08-09 19:00:12.237 - Starting new HTTPS connection (1): en.wikipedia.org
8002:123146295988224::Thread-234 2020-08-09 19:00:12.388 - The Packers are the last of the "small town teams" which were common in the NFL during the league's early days of the 1920s and 1930s.
8006:123146295988224::Thread-234 2020-08-09 19:00:12.974 - **END**
8005:123146295988224::Thread-234 2020-08-09 19:00:13.315 - Mary Magdalene, sometimes called Mary of Magdala, or simply the Magdalene or the Madeleine, was a Jewish woman who, according to the four canonical gospels, traveled with Jesus as one of his followers and was a witness to his crucifixion and its aftermath.
8002:123146295988224::Thread-234 2020-08-09 19:00:13.535 - Founded in 1919 by Earl "Curly" Lambeau and George Whitney Calhoun, the franchise traces its lineage to other semi-professional teams in Green Bay dating back to 1896.
8005:123146295988224::Thread-234 2020-08-09 19:00:14.169 - She is mentioned by name twelve times in the canonical gospels, more than most of the apostles and more than any other non-family woman in the Gospels.
8005:123146295988224::Thread-234 2020-08-09 19:00:14.369 - Mary's epithet Magdalene may mean that she came from the town of Magdala, a fishing town on the western shore of the Sea of Galilee.
8002:123146295988224::Thread-234 2020-08-09 19:00:15.285 - Between 1919 and 1920, the Packers competed against other semi-pro clubs from around Wisconsin and the Midwest, before joining the American Professional Football Association (APFA), the forerunner of today's NFL, in 1921.
8005:123146295988224::Thread-234 2020-08-09 19:00:15.316 - The Gospel of Luke 8:2–3 lists Mary Magdalene as one of the women who traveled with Jesus and helped support his ministry "out of their resources", indicating that she was probably relatively wealthy.
8005:123146295988224::Thread-234 2020-08-09 19:00:15.689 - The same passage also states that seven demons had been driven out of her, a statement which is repeated in the longer ending of Mark.
8002:123146295988224::Thread-234 2020-08-09 19:00:16.192 - Although Green Bay is by far the smallest major league professional sports market in North America, Forbes ranked the Packers as the world's 27th most valuable sports franchise in 2019, with a value of $2.63 billion.The Packers have won 13 league championships, the most in NFL history, with nine pre-Super Bowl NFL titles and four Super Bowl victories.
8005:123146295988224::Thread-234 2020-08-09 19:00:16.304 - In all four canonical gospels, Mary Magdalene is a witness to the crucifixion of Jesus and, in the Synoptic Gospels, she is also present at his burial.
8005:123146295988224::Thread-234 2020-08-09 19:00:17.15 - All four gospels identify her, either alone or as a member of a larger group of women which includes Jesus's mother, as the first to witness the empty tomb, and the first to witness Jesus's resurrection.For these reasons, Mary Magdalene is known in some Christian traditions as the "apostle to the apostles".
8005:123146295988224::Thread-234 2020-08-09 19:00:17.556 - Mary Magdalene is a central figure in later Gnostic Christian writings, including the Dialogue of the Savior, the Pistis Sophia, the Gospel of Thomas, the Gospel of Philip, and the Gospel of Mary which many scholars attribute to Mary Magdalene.
8005:123146295988224::Thread-234 2020-08-09 19:00:17.934 - These texts portray Mary Magdalene as an apostle, as Jesus's closest and most beloved disciple and the only one who truly understood his teachings.
8002:123146295988224::Thread-234 2020-08-09 19:00:17.96 - The Packers won the first two Super Bowls in 1967 and 1968 and were the only NFL team to defeat the American Football League (AFL) prior to the AFL–NFL merger.
8005:123146295988224::Thread-234 2020-08-09 19:00:18.449 - In the Gnostic texts, or Gnostic gospels, Mary Magdalene's closeness to Jesus results in tension with another disciple, particularly Peter due to her gender and Peter's jealousy of special teachings given to her.
8002:123146295988224::Thread-234 2020-08-09 19:00:19.833 - The Vince Lombardi Trophy is named after the Packers' coach Vince Lombardi, who guided them to their first two Super Bowls.
8005:123146295988224::Thread-234 2020-08-09 19:00:24.451 - **END**
8002:123146295988224::Thread-234 2020-08-09 19:00:26.837 - **END**