8005:123146178203648::Thread-206 2020-08-09 18:59:29.232 - **START**
8006:123146178203648::Thread-206 2020-08-09 18:59:29.273 - **START**
8005:123146178203648::Thread-206 2020-08-09 18:59:29.536 - Starting new HTTPS connection (1): en.wikipedia.org
8006:123146178203648::Thread-206 2020-08-09 18:59:29.543 - Starting new HTTPS connection (1): en.wikipedia.org
8002:123146178203648::Thread-206 2020-08-09 18:59:30.493 - **START**
8005:123146178203648::Thread-206 2020-08-09 18:59:31.146 - Brazil (Portuguese: Brasil; Brazilian Portuguese: [bɾaˈziw]), officially the Federative Republic of Brazil (Portuguese: República Federativa do Brasil), is the largest country in both South America and Latin America.
8002:123146178203648::Thread-206 2020-08-09 18:59:31.77 - Starting new HTTPS connection (1): en.wikipedia.org
8006:123146178203648::Thread-206 2020-08-09 18:59:32.11 - The Buddha (also known as Siddhattha Gotama or Siddhārtha Gautama) was a philosopher, mendicant, meditator, spiritual teacher, and religious leader who lived in Ancient India (c. 5th to 4th century BCE).
8004:123146178203648::Thread-206 2020-08-09 18:59:32.27 - **START**
8005:123146178203648::Thread-206 2020-08-09 18:59:32.521 - At 8.5 million square kilometers (3.2 million square miles) and with over 211 million people, Brazil is the world's fifth-largest country by area and the sixth most populous.
8006:123146178203648::Thread-206 2020-08-09 18:59:32.695 - He is revered as the founder of the world religion of Buddhism.
8004:123146178203648::Thread-206 2020-08-09 18:59:33.107 - Starting new HTTPS connection (1): en.wikipedia.org
8005:123146178203648::Thread-206 2020-08-09 18:59:33.4 - Its capital is Brasília, and its most populous city is São Paulo.
8006:123146178203648::Thread-206 2020-08-09 18:59:33.421 - He taught for around 45 years and built a large following, both monastic and lay.
8006:123146178203648::Thread-206 2020-08-09 18:59:34.31 - His teaching is based on his insight into duḥkha (typically translated as "suffering") and the end of dukkha – the state called Nibbāna or Nirvana.
8006:123146178203648::Thread-206 2020-08-09 18:59:35.071 - The Buddha was born into an aristocratic family, in the Shakya clan but eventually renounced lay life.
8005:123146178203648::Thread-206 2020-08-09 18:59:35.124 - The federation is composed of the union of the 26 states and the Federal District.
8006:123146178203648::Thread-206 2020-08-09 18:59:35.288 - According to Buddhist tradition, after several years of mendicancy, meditation, and asceticism, he awakened to understand the mechanism which keeps people trapped in the cycle of rebirth.
8002:123146178203648::Thread-206 2020-08-09 18:59:35.31 - Alexis Texas is an American pornographic actress, director, and featured dancer.
8004:123146178203648::Thread-206 2020-08-09 18:59:35.463 - Lionel Andrés Messi Cuccittini (Spanish pronunciation: [ljoˈnel anˈdɾez ˈmesi] (listen); born 24 June 1987) is an Argentine professional footballer who plays as a forward and captains both Spanish club Barcelona and the Argentina national team.
8002:123146178203648::Thread-206 2020-08-09 18:59:35.708 - Early life
Prior to entering the adult film industry, Texas attended Texas State University studying respiratory care therapy.
8006:123146178203648::Thread-206 2020-08-09 18:59:36.385 - The Buddha then traveled throughout the Ganges plain teaching and building a religious community.
8004:123146178203648::Thread-206 2020-08-09 18:59:36.539 - Often considered the best player in the world and widely regarded as one of the greatest players of all time, Messi has won a record six Ballon d'Or awards, and a record six European Golden Shoes.
8006:123146178203648::Thread-206 2020-08-09 18:59:36.703 - The Buddha taught a middle way between sensual indulgence and the severe asceticism found in the Indian śramaṇa movement.
8005:123146178203648::Thread-206 2020-08-09 18:59:36.885 - It is the largest country to have Portuguese as an official language and the only one in the Americas; it is also one of the most multicultural and ethnically diverse nations, due to over a century of mass immigration from around the world; as well as the most populous Roman Catholic-majority country.
8004:123146178203648::Thread-206 2020-08-09 18:59:37.217 - He has spent his entire professional career with Barcelona, where he has won a club-record 33 trophies, including ten La Liga titles, four UEFA Champions League titles and six Copas del Rey.
8003:123146178203648::Thread-206 2020-08-09 18:59:37.308 - **START**
8003:123146178203648::Thread-206 2020-08-09 18:59:37.503 - Starting new HTTPS connection (1): en.wikipedia.org
8006:123146178203648::Thread-206 2020-08-09 18:59:37.748 - He taught a spiritual path that included ethical training and meditative practices such as jhana and mindfulness.
8005:123146178203648::Thread-206 2020-08-09 18:59:37.891 - Bounded by the Atlantic Ocean on the east, Brazil has a coastline of 7,491 kilometers (4,655 mi).
8002:123146178203648::Thread-206 2020-08-09 18:59:38.671 - Career

Texas' first scene was with Jack Venice in Shane's World's College Amateur Tour In Texas, filmed in October 2006, followed by several scenes for Bang Bros in Florida.
8002:123146178203648::Thread-206 2020-08-09 18:59:39.097 - She then moved to Los Angeles and began shooting scenes for the LA Direct modeling agency in March 2007.
8005:123146178203648::Thread-206 2020-08-09 18:59:39.349 - It borders all other countries in South America except Ecuador and Chile and covers 47.3% of the continent's land area.
8005:123146178203648::Thread-206 2020-08-09 18:59:39.502 - Its Amazon River basin includes a vast tropical forest, home to diverse wildlife, a variety of ecological systems, and extensive natural resources spanning numerous protected habitats.
8002:123146178203648::Thread-206 2020-08-09 18:59:39.517 - Released in February 2008, Discovering Alexis Texas was directed by the adult performer Belladonna.In 2012, Texas signed an exclusive, one-year contract with the company Adam & Eve.
8004:123146178203648::Thread-206 2020-08-09 18:59:39.792 - A prolific goalscorer and creative playmaker, Messi holds the records for most goals in La Liga (444), a La Liga and European league season (50), most hat-tricks in La Liga (36) and the UEFA Champions League (8), and most assists in La Liga (183), a La Liga and European league season (21) and the Copa América (12).
8005:123146178203648::Thread-206 2020-08-09 18:59:40.604 - This unique environmental heritage makes Brazil one of 17 megadiverse countries, and is the subject of significant global interest and debate regarding deforestation and environmental protection.
8003:123146178203648::Thread-206 2020-08-09 18:59:40.995 - Inferno (Italian: [iɱˈfɛrno]; Italian for "Hell") is the first part of Italian writer Dante Alighieri's 14th-century epic poem Divine Comedy.
8003:123146178203648::Thread-206 2020-08-09 18:59:41.027 - It is followed by Purgatorio and Paradiso.
8003:123146178203648::Thread-206 2020-08-09 18:59:41.061 - The Inferno tells the journey of Dante through Hell, guided by the ancient Roman poet Virgil.
8005:123146178203648::Thread-206 2020-08-09 18:59:41.272 - Brazil was inhabited by numerous tribal nations prior to the landing in 1500 of explorer Pedro Álvares Cabral, who claimed the area for the Portuguese Empire.
8003:123146178203648::Thread-206 2020-08-09 18:59:41.778 - In the poem, Hell is depicted as nine concentric circles of torment located within the Earth; it is the "realm ... of those who have rejected spiritual values by yielding to bestial appetites or violence, or by perverting their human intellect to fraud or malice against their fellowmen".
8004:123146178203648::Thread-206 2020-08-09 18:59:41.939 - He has scored over 700 senior career goals for club and country.
8002:123146178203648::Thread-206 2020-08-09 18:59:42.309 - In February 2014, it was announced that she had amicably separated from Adam & Eve.Texas currently has a show on Vivid Radio entitled Alexis Texas: Sex ED.
8003:123146178203648::Thread-206 2020-08-09 18:59:42.806 - As an allegory, the Divine Comedy represents the journey of the soul toward God, with the Inferno describing the recognition and rejection of sin.
8004:123146178203648::Thread-206 2020-08-09 18:59:43.658 - Born and raised in central Argentina, Messi relocated to Spain to join Barcelona at age 13, for whom he made his competitive debut aged 17 in October 2004.
8003:123146178203648::Thread-206 2020-08-09 18:59:43.76 - Introduction


Cantos I–II

Canto I

The poem begins on the night of Maundy Thursday on March 24 (or April 7), AD 1300, shortly before dawn of Good Friday.
8002:123146178203648::Thread-206 2020-08-09 18:59:44.109 - In June 2015, Elegant Angel signed her to an exclusive directing contract.
8003:123146178203648::Thread-206 2020-08-09 18:59:44.238 - The narrator, Dante himself, is thirty-five years old, and thus "midway in the journey of our life" (Nel mezzo del cammin di nostra vita) – half of the Biblical lifespan of seventy (Psalm 89:10, Vulgate; Psalm 90:10, KJV).
8003:123146178203648::Thread-206 2020-08-09 18:59:44.701 - The poet finds himself lost in a dark wood (selva oscura), astray from the "straight way" (diritta via, also translatable as "right way") of salvation.
8004:123146178203648::Thread-206 2020-08-09 18:59:44.805 - He established himself as an integral player for the club within the next three years, and in his first uninterrupted season in 2008–09 he helped Barcelona achieve the first treble in Spanish football; that year, aged 22, Messi won his first Ballon d'Or.
8003:123146178203648::Thread-206 2020-08-09 18:59:45.678 - He sets out to climb directly up a small mountain, but his way is blocked by three beasts he cannot evade: a lonza (usually rendered as "leopard" or "leopon"), a leone (lion), and a lupa (she-wolf).
8002:123146178203648::Thread-206 2020-08-09 18:59:46.186 - Her directorial debut, Big Booty Tryouts, was released the following month.
8005:123146178203648::Thread-206 2020-08-09 18:59:46.356 - **END**
8004:123146178203648::Thread-206 2020-08-09 18:59:46.512 - Three successful seasons followed, with Messi winning four consecutive Ballons d'Or, making him the first player to win the award four times and in a row.
8006:123146178203648::Thread-206 2020-08-09 18:59:46.75 - **END**
8004:123146178203648::Thread-206 2020-08-09 18:59:47.486 - During the 2011–12 season, he set the La Liga and European records for most goals scored in a single season, while establishing himself as Barcelona's all-time top scorer.
8002:123146178203648::Thread-206 2020-08-09 18:59:48.738 - She appeared in all of the film's scenes, which were the first ones she shot after a nearly two-year hiatus from performing.
8002:123146178203648::Thread-206 2020-08-09 18:59:48.752 - She also directed The Real Buttwoman Returns, which featured her first gangbang scene.Texas was featured on the cover of Genesis magazine in April 2009, and Hustler magazine's 35th anniversary edition in June 2009.
8004:123146178203648::Thread-206 2020-08-09 18:59:48.795 - The following two seasons, Messi finished second for the Ballon d'Or behind Cristiano Ronaldo (his perceived career rival), before regaining his best form during the 2014–15 campaign, becoming the all-time top scorer in La Liga and leading Barcelona to a historic second treble, after which he was awarded a fifth Ballon d'Or in 2015.
8002:123146178203648::Thread-206 2020-08-09 18:59:49.928 - In 2010, she was named by Maxim as one of the 12 top female stars in porn.
8003:123146178203648::Thread-206 2020-08-09 18:59:51.843 - **END**
8004:123146178203648::Thread-206 2020-08-09 18:59:54.799 - **END**
8004:123146178203648::Thread-206 2020-08-09 18:59:56.8 - **START**
8004:123146178203648::Thread-206 2020-08-09 18:59:56.806 - Starting new HTTPS connection (1): en.wikipedia.org
8002:123146178203648::Thread-206 2020-08-09 18:59:56.932 - **END**
8004:123146178203648::Thread-206 2020-08-09 18:59:58.147 - George Herbert Walker Bush (June 12, 1924 – November 30, 2018) was an American politician, diplomat, and businessman who served as the 41st president of the United States from 1989 to 1993.
8005:123146178203648::Thread-206 2020-08-09 18:59:58.358 - **START**
8005:123146178203648::Thread-206 2020-08-09 18:59:58.366 - Starting new HTTPS connection (1): en.wikipedia.org
8004:123146178203648::Thread-206 2020-08-09 18:59:59.362 - A member of the Republican Party, Bush also served in the U.S. House of Representatives, as U.S.
8004:123146178203648::Thread-206 2020-08-09 19:00:00.21 - Ambassador to the United Nations, as Director of Central Intelligence, and as the 43rd vice president.
8004:123146178203648::Thread-206 2020-08-09 19:00:00.283 - Bush was raised in Greenwich, Connecticut and attended Phillips Academy before serving in the United States Navy during World War II.
8005:123146178203648::Thread-206 2020-08-09 19:00:00.83 - The United States Penitentiary, Administrative Maximum Facility (USP Florence ADMAX) is an American federal prison in unincorporated Fremont County near Florence, Colorado.
8005:123146178203648::Thread-206 2020-08-09 19:00:00.982 - It is operated by the Federal Bureau of Prisons, a division of the United States Department of Justice.
8004:123146178203648::Thread-206 2020-08-09 19:00:01.422 - After the war, he graduated from Yale University and moved to West Texas, where he established a successful oil company.
8006:123146178203648::Thread-206 2020-08-09 19:00:01.752 - **START**
8006:123146178203648::Thread-206 2020-08-09 19:00:02.206 - Starting new HTTPS connection (1): en.wikipedia.org
8004:123146178203648::Thread-206 2020-08-09 19:00:02.241 - After an unsuccessful run for the United States Senate, he won election to the 7th congressional district of Texas in 1966.
8005:123146178203648::Thread-206 2020-08-09 19:00:02.298 - ADX Florence, which opened in 1994, is classed as a supermax or "control unit" prison, thus providing a higher level of custody than a maximum security prison.
8004:123146178203648::Thread-206 2020-08-09 19:00:02.637 - President Richard Nixon appointed Bush to the position of Ambassador to the United Nations in 1971 and to the position of chairman of the Republican National Committee in 1973.
8006:123146178203648::Thread-206 2020-08-09 19:00:03.325 - London is the capital and largest city of England and the United Kingdom.
8004:123146178203648::Thread-206 2020-08-09 19:00:03.409 - In 1974, President Gerald Ford appointed him as the Chief of the Liaison Office to the People's Republic of China, and in 1976 Bush became the Director of Central Intelligence.
8004:123146178203648::Thread-206 2020-08-09 19:00:03.84 - Bush ran for president in 1980, but was defeated in the Republican presidential primaries by Ronald Reagan.
8005:123146178203648::Thread-206 2020-08-09 19:00:03.93 - ADX Florence forms part of the Florence Federal Correctional Complex (FCC Florence), which is situated on 49 acres (20 ha) of land and houses different facilities with varying degrees of security, including the United States Penitentiary, Florence High.
8006:123146178203648::Thread-206 2020-08-09 19:00:04.112 - The city stands on the River Thames in the south-east of England, at the head of its 50-mile (80 km) estuary leading to the North Sea, London has been a major settlement for two millennia.
8006:123146178203648::Thread-206 2020-08-09 19:00:04.641 - Londinium was founded by the Romans.
8005:123146178203648::Thread-206 2020-08-09 19:00:04.804 - ADX Florence was commissioned as the Federal Bureau of Prisons needed a unit designed specifically for the secure housing of those prisoners most capable of violence toward staff or other inmates.
8003:123146178203648::Thread-206 2020-08-09 19:00:04.85 - **START**
8003:123146178203648::Thread-206 2020-08-09 19:00:04.856 - Starting new HTTPS connection (1): en.wikipedia.org
8006:123146178203648::Thread-206 2020-08-09 19:00:04.885 - The City of London, London's ancient core − an area of just 1.12 square miles (2.9 km2) and colloquially known as the Square Mile − retains boundaries that closely follow its medieval limits.
8004:123146178203648::Thread-206 2020-08-09 19:00:05.11 - He was then elected vice president in 1980 and 1984 as Reagan's running mate.
8006:123146178203648::Thread-206 2020-08-09 19:00:05.446 - The City of Westminster is also an Inner London borough holding city status.
8006:123146178203648::Thread-206 2020-08-09 19:00:06.257 - London is governed by the mayor of London and the London Assembly.London is considered to be one of the world's most important global cities and has been called the world's most powerful, most desirable, most influential, most visited, most expensive, sustainable, most investment-friendly, and most-popular-for-work city.
8006:123146178203648::Thread-206 2020-08-09 19:00:06.509 - It exerts a considerable impact upon the arts, commerce, education, entertainment, fashion, finance, healthcare, media, professional services, research and development, tourism and transportation.
8004:123146178203648::Thread-206 2020-08-09 19:00:06.567 - In the 1988 presidential election, Bush defeated Democrat Michael Dukakis, becoming the first incumbent vice president to be elected president since Martin Van Buren in 1836.
8004:123146178203648::Thread-206 2020-08-09 19:00:06.973 - Foreign policy drove the Bush presidency, as he navigated the final years of the Cold War and played a key role in the reunification of Germany.
8006:123146178203648::Thread-206 2020-08-09 19:00:07.132 - London ranks 26th out of 300 major cities for economic performance.
8006:123146178203648::Thread-206 2020-08-09 19:00:07.467 - It is one of the largest financial centres and has either the fifth or the sixth-largest metropolitan area GDP.
8005:123146178203648::Thread-206 2020-08-09 19:00:07.574 - As of July 2020, there are 365 prisoners who spend 23 hours per day in single cells with facilities made of poured concrete to deter self-harm, and 24-hour supervision, carried out intensively with high staff-inmate ratios.
8002:123146178203648::Thread-206 2020-08-09 19:00:07.933 - **START**
8002:123146178203648::Thread-206 2020-08-09 19:00:07.952 - Starting new HTTPS connection (1): en.wikipedia.org
8003:123146178203648::Thread-206 2020-08-09 19:00:08.218 - Marilyn Monroe (; born Norma Jeane Mortenson; June 1, 1926 – August 4, 1962) was an American actress, model, and singer.
8006:123146178203648::Thread-206 2020-08-09 19:00:08.22 - It is the most-visited city as measured by international arrivals and has the busiest city airport system as measured by passenger traffic.
8005:123146178203648::Thread-206 2020-08-09 19:00:08.341 - Phones are generally banned and only limited broadcast entertainment is permitted.
8006:123146178203648::Thread-206 2020-08-09 19:00:08.655 - It is the leading investment destination,  hosting more international retailers than any other city.
8002:123146178203648::Thread-206 2020-08-09 19:00:08.768 - Louis William Tomlinson (; né Austin; 24 December 1991) is an English singer, songwriter and television personality.
8005:123146178203648::Thread-206 2020-08-09 19:00:08.897 - After three years in maximum confinement, some prisoners may be transferred to a less restrictive prison.
8003:123146178203648::Thread-206 2020-08-09 19:00:10.263 - Famous for playing comedic "blonde bombshell" characters, she became one of the most popular sex symbols of the 1950s and early 1960s and was emblematic of the era's changing attitudes towards sexuality.
8002:123146178203648::Thread-206 2020-08-09 19:00:10.441 - He rose to fame as a member of the boy band One Direction after beginning his career as an actor, appearing as an extra in ITV drama film If I Had You and the BBC drama Waterloo Road.
8006:123146178203648::Thread-206 2020-08-09 19:00:10.658 - **END**
8004:123146178203648::Thread-206 2020-08-09 19:00:10.975 - **END**
8005:123146178203648::Thread-206 2020-08-09 19:00:11.863 - The aim is to encourage "reasonably peaceful behavior" from the most violent "career" prisoners.
8002:123146178203648::Thread-206 2020-08-09 19:00:12.106 - In 2010, he auditioned as a solo contestant on the British music competition series The X Factor.
8005:123146178203648::Thread-206 2020-08-09 19:00:12.166 - Function
The institution is unofficially known as ADX Florence, or the "Alcatraz of the Rockies".
8002:123146178203648::Thread-206 2020-08-09 19:00:12.351 - He was eliminated as a solo performer before he was put into a group with four other contestants, forming One Direction.
8002:123146178203648::Thread-206 2020-08-09 19:00:12.568 - The band has released five albums, embarked on four world tours, and won nearly 200 awards.
8003:123146178203648::Thread-206 2020-08-09 19:00:12.949 - She was a top-billed actress for only a decade, but her films grossed $200 million (equivalent to $2 billion in 2019) by the time of her death in 1962.
8003:123146178203648::Thread-206 2020-08-09 19:00:13.849 - Long after her death, she has continued to be a major icon of pop culture.Born and raised in Los Angeles, Monroe spent most of her childhood in foster homes and an orphanage and married at age 16.
8002:123146178203648::Thread-206 2020-08-09 19:00:14.349 - Following the group's hiatus in 2016, "Just Hold On" was released as Tomlinson's debut single as a solo artist in December 2016, it peaked at number two on the UK Singles Chart and was certified platinum in the UK.
8002:123146178203648::Thread-206 2020-08-09 19:00:14.53 - In 2017, Tomlinson released "Back to You" with American singer Bebe Rexha and "Miss You".In 2018 Tomlinson appeared on the fifteenth series of The X Factor as a judge and a mentor of the "Boys" category.
8002:123146178203648::Thread-206 2020-08-09 19:00:16.393 - He became the first former contestant of the show to become the winning mentor due to his mentee Dalton Harris winning the show.
8003:123146178203648::Thread-206 2020-08-09 19:00:16.642 - She was working in a factory as part of the war effort during World War II when she met a photographer from the First Motion Picture Unit and began a successful pin-up modeling career, which led to short-lived film contracts with 20th Century Fox and Columbia Pictures.
8002:123146178203648::Thread-206 2020-08-09 19:00:16.799 - In 2019 Tomlinson released "Two of Us", "Kill My Mind", "We Made It" and "Don't Let It Break Your Heart".
8003:123146178203648::Thread-206 2020-08-09 19:00:16.923 - After a series of minor film roles, she signed a new contract with Fox in late 1950.
8002:123146178203648::Thread-206 2020-08-09 19:00:17.299 - In 2020 Tomlinson released "Walls", the title track of his debut solo album.
8003:123146178203648::Thread-206 2020-08-09 19:00:17.459 - Over the next two years, she became a popular actress with roles in several comedies, including As Young as You Feel and Monkey Business, and in the dramas Clash by Night and Don't Bother to Knock.
8003:123146178203648::Thread-206 2020-08-09 19:00:17.676 - She faced a scandal when it was revealed that she had posed for nude photos before she became a star, but the story did not damage her career and instead resulted in increased interest in her films.
8003:123146178203648::Thread-206 2020-08-09 19:00:17.715 - By 1953, Monroe was one of the most marketable Hollywood stars; she had leading roles in the film noir Niagara, which focused on her sex appeal, and the comedies Gentlemen Prefer Blondes and How to Marry a Millionaire, which established her star image as a "dumb blonde".
8002:123146178203648::Thread-206 2020-08-09 19:00:18.759 - The album Walls was released on 31 January 2020.
8003:123146178203648::Thread-206 2020-08-09 19:00:18.867 - The same year, her nude images were used as the centerfold and on the cover of the first issue of Playboy.
8005:123146178203648::Thread-206 2020-08-09 19:00:21.168 - **END**
8003:123146178203648::Thread-206 2020-08-09 19:00:21.873 - **END**
8002:123146178203648::Thread-206 2020-08-09 19:00:26.763 - **END**