8003:123146228682752::Thread-218 2020-08-09 18:59:26.313 - **START**
8003:123146228682752::Thread-218 2020-08-09 18:59:26.418 - Starting new HTTPS connection (1): en.wikipedia.org
8006:123146228682752::Thread-218 2020-08-09 18:59:28.276 - **START**
8006:123146228682752::Thread-218 2020-08-09 18:59:28.384 - Starting new HTTPS connection (1): en.wikipedia.org
8006:123146228682752::Thread-218 2020-08-09 18:59:29.618 - Stoya is an American pornographic actress, actress, model and writer.
8006:123146228682752::Thread-218 2020-08-09 18:59:30.41 - Early life
Stoya was born to a Scottish father and a Serbian mother.
8006:123146228682752::Thread-218 2020-08-09 18:59:30.747 - As a child, she wanted to become a dancer, starting dance lessons at the age of three.
8003:123146228682752::Thread-218 2020-08-09 18:59:30.968 - Tera Patrick (born Linda Ann Hopkins July 25, 1976) is an American former pornographic actress and model who is the Penthouse Pet of the Month for February 2000 and is an inductee for the NightMoves, AVN and XRCO Halls of Fame.
8006:123146228682752::Thread-218 2020-08-09 18:59:31.259 - She was home-schooled and received her high-school diploma before the age of sixteen.
8006:123146228682752::Thread-218 2020-08-09 18:59:31.775 - Because her father worked in IT, Stoya had access to a lot of electronics and gaming equipment, which she says developed her love for technology.
8003:123146228682752::Thread-218 2020-08-09 18:59:32.063 - Early life
Tera Patrick was born Linda Ann Hopkins and was raised near San Francisco.
8006:123146228682752::Thread-218 2020-08-09 18:59:32.422 - "I was three when I was using DOS.
8003:123146228682752::Thread-218 2020-08-09 18:59:32.697 - Her mother is Thai and her father is of English, Irish and Dutch descent.
8006:123146228682752::Thread-218 2020-08-09 18:59:33.115 - My mom taught me how to read, and my dad taught me how to navigate DOS", she has said.After relocating to Philadelphia, she attended a summer program at UArts.
8003:123146228682752::Thread-218 2020-08-09 18:59:33.226 - When she was just ten, her mother left her and she grew up with her father David Hopkins, a carefree hippie.
8003:123146228682752::Thread-218 2020-08-09 18:59:33.917 - After taking weekend classes at the Barbizon School of Modeling for two years, she was hired by a Japanese modeling agency and moved to Tokyo at the age of fourteen.
8006:123146228682752::Thread-218 2020-08-09 18:59:34.054 - Some of her jobs in Philadelphia included being a secretary, flier distributor, and a go-go dancer.
8003:123146228682752::Thread-218 2020-08-09 18:59:34.129 - At one of her first photo shoots, she was sexually assaulted by the photographer, who "was feeding [her] champagne and Valium" until she "was getting wasted".
8004:123146228682752::Thread-218 2020-08-09 18:59:34.292 - **START**
8002:123146228682752::Thread-218 2020-08-09 18:59:34.396 - **START**
8006:123146228682752::Thread-218 2020-08-09 18:59:34.974 - Stoya appeared in several music videos for bands that, according to her, "no one will ever hear of."
8005:123146228682752::Thread-218 2020-08-09 18:59:35.253 - **START**
8003:123146228682752::Thread-218 2020-08-09 18:59:35.44 - She spent two years in Tokyo, where "she became addicted to Valium and alcohol and spent her paychecks on shopping sprees".
8004:123146228682752::Thread-218 2020-08-09 18:59:35.62 - Starting new HTTPS connection (1): en.wikipedia.org
8003:123146228682752::Thread-218 2020-08-09 18:59:35.814 - When her father learned she had become sexually active, he complained to her agency, pointing out she was underage.
8002:123146228682752::Thread-218 2020-08-09 18:59:35.818 - Starting new HTTPS connection (1): en.wikipedia.org
8006:123146228682752::Thread-218 2020-08-09 18:59:35.925 - In May 2009, Stoya said that she would be moving from Philadelphia and relocating to Los Angeles in the fall of that year.
8006:123146228682752::Thread-218 2020-08-09 18:59:36.072 - Career
Stoya began posing for adult pictures for a friend, which eventually led her to modelling and working for alt-erotic websites.
8006:123146228682752::Thread-218 2020-08-09 18:59:36.733 - She chose her stage name based on a shortened version of her grandmother's Serbian maiden name and trademarked the name in 2009.Stoya was featured in two DVD productions for Razordolls, and she made a non-sex, cameo appearance in two Vivid Alt titles before being contacted by Digital Playground with a proposition to perform in a hardcore lesbian scene with Sophia Santi.
8003:123146228682752::Thread-218 2020-08-09 18:59:37.436 - It sent her back to the United States, "sixteen years old and already a washed-up model".
8003:123146228682752::Thread-218 2020-08-09 18:59:37.499 - At eighteen, she obtained a GED, briefly studied nursing at Boise State University, then received EMT certification from a local vocational school.
8005:123146228682752::Thread-218 2020-08-09 18:59:38.081 - Starting new HTTPS connection (1): en.wikipedia.org
8002:123146228682752::Thread-218 2020-08-09 18:59:39.621 - Marvel's The Avengers (classified under the name Marvel Avengers Assemble in the United Kingdom and Ireland), or simply The Avengers, is a 2012 American superhero film based on the Marvel Comics superhero team of the same name.
8002:123146228682752::Thread-218 2020-08-09 18:59:40.969 - Produced by Marvel Studios and distributed by Walt Disney Studios Motion Pictures, it is the sixth film in the Marvel Cinematic Universe (MCU).
8002:123146228682752::Thread-218 2020-08-09 18:59:41.547 - The film was written and directed by Joss Whedon and features an ensemble cast that includes Robert Downey Jr., Chris Evans, Mark Ruffalo, Chris Hemsworth, Scarlett Johansson, and Jeremy Renner as the Avengers, alongside Tom Hiddleston, Clark Gregg, Cobie Smulders, Stellan Skarsgård, and Samuel L. Jackson.
8004:123146228682752::Thread-218 2020-08-09 18:59:42.398 - Queen are a British rock band formed in London in 1970.
8002:123146228682752::Thread-218 2020-08-09 18:59:42.496 - In the film, Nick Fury and the spy agency S.H.I.E.L.D.
8003:123146228682752::Thread-218 2020-08-09 18:59:42.513 - **END**
8006:123146228682752::Thread-218 2020-08-09 18:59:42.786 - **END**
8002:123146228682752::Thread-218 2020-08-09 18:59:42.919 - recruit Tony Stark, Steve Rogers, Bruce Banner, and Thor to form a team capable of stopping Thor's brother Loki from subjugating Earth.
8004:123146228682752::Thread-218 2020-08-09 18:59:43.351 - Their classic line-up was Freddie Mercury (lead vocals, piano), Brian May (guitar, vocals), Roger Taylor (drums, vocals) and John Deacon (bass).
8004:123146228682752::Thread-218 2020-08-09 18:59:43.583 - Their earliest works were influenced by progressive rock, hard rock and heavy metal, but the band gradually ventured into more conventional and radio-friendly works by incorporating further styles, such as arena rock and pop rock.
8004:123146228682752::Thread-218 2020-08-09 18:59:44.117 - Before forming Queen, May and Taylor had played together in the band Smile.
8002:123146228682752::Thread-218 2020-08-09 18:59:44.137 - The film's development began when Marvel Studios received a loan from Merrill Lynch in April 2005.
8002:123146228682752::Thread-218 2020-08-09 18:59:44.306 - After the success of the film Iron Man in May 2008, Marvel announced that The Avengers would be released in July 2011 and would bring together Tony Stark (Downey), Steve Rogers (Evans), Bruce Banner (Ruffalo), and Thor (Hemsworth) from Marvel's previous films.
8002:123146228682752::Thread-218 2020-08-09 18:59:44.573 - With the signing of Johansson as Natasha Romanoff in March 2009, the film was pushed back for a 2012 release.
8005:123146228682752::Thread-218 2020-08-09 18:59:45.167 - The Rigveda (Sanskrit: ऋग्वेदः ṛgvedaḥ, from ṛc "praise" and veda "knowledge") is an ancient Indian collection of Vedic Sanskrit hymns.
8004:123146228682752::Thread-218 2020-08-09 18:59:45.372 - Mercury was a fan of Smile and encouraged them to experiment with more elaborate stage and recording techniques.
8004:123146228682752::Thread-218 2020-08-09 18:59:45.65 - He joined in 1970 and suggested the name "Queen".
8005:123146228682752::Thread-218 2020-08-09 18:59:45.983 - It is one of the four sacred canonical texts (śruti) of Hinduism known as the Vedas.The Rigveda is the oldest known Vedic Sanskrit text.
8004:123146228682752::Thread-218 2020-08-09 18:59:46.014 - Deacon was recruited in March 1971, before the band released their eponymous debut album in 1973.
8002:123146228682752::Thread-218 2020-08-09 18:59:46.402 - Whedon was brought on board in April 2010 and rewrote the original screenplay by Zak Penn.
8003:123146228682752::Thread-218 2020-08-09 18:59:46.514 - **START**
8003:123146228682752::Thread-218 2020-08-09 18:59:46.52 - Starting new HTTPS connection (1): en.wikipedia.org
8002:123146228682752::Thread-218 2020-08-09 18:59:47.319 - Production began in April 2011 in Albuquerque, New Mexico, before moving to Cleveland, Ohio, in August and New York City in September.
8004:123146228682752::Thread-218 2020-08-09 18:59:47.407 - Queen first charted in the UK with their second album, Queen II, in 1974.
8004:123146228682752::Thread-218 2020-08-09 18:59:48.242 - Sheer Heart Attack later that year and A Night at the Opera in 1975 brought them international success.
8003:123146228682752::Thread-218 2020-08-09 18:59:48.281 - Titanic is a 1997 American epic romance and disaster film directed, written, co-produced, and co-edited by James Cameron.
8004:123146228682752::Thread-218 2020-08-09 18:59:48.407 - The latter featured "Bohemian Rhapsody", which stayed at number one in the UK for nine weeks and helped popularise the music video format.
8005:123146228682752::Thread-218 2020-08-09 18:59:48.899 - Its early layers are one of the oldest extant texts in any Indo-European language.
8002:123146228682752::Thread-218 2020-08-09 18:59:49.292 - The film features more than 2,200 visual effects shots.
8003:123146228682752::Thread-218 2020-08-09 18:59:50.092 - Incorporating both historical and fictionalized aspects, it is based on accounts of the sinking of the RMS Titanic, and stars Leonardo DiCaprio and Kate Winslet as members of different social classes who fall in love aboard the ship during its ill-fated maiden voyage.
8003:123146228682752::Thread-218 2020-08-09 18:59:50.749 - Cameron's inspiration for the film came from his fascination with shipwrecks; he felt a love story interspersed with the human loss would be essential to convey the emotional impact of the disaster.
8005:123146228682752::Thread-218 2020-08-09 18:59:51.024 - The sounds and texts of Rigveda have been orally transmitted since the 2nd millennium BCE.
8003:123146228682752::Thread-218 2020-08-09 18:59:51.313 - Production began in 1995, when Cameron shot footage of the actual Titanic wreck.
8005:123146228682752::Thread-218 2020-08-09 18:59:52.387 - The Philological and linguistic evidence indicates that the bulk of the Rigveda Samhita was composed in the northwestern region (Punjab) of the Indian subcontinent, most likely between c. 1500 and 1200 BC, although a wider approximation of c. 1700–1100 BC has also been given.The text is layered consisting of the Samhita, Brahmanas, Aranyakas and Upanishads.
8003:123146228682752::Thread-218 2020-08-09 18:59:52.896 - The modern scenes on the research vessel were shot on board the Akademik Mstislav Keldysh, which Cameron had used as a base when filming the wreck.
8003:123146228682752::Thread-218 2020-08-09 18:59:54.152 - Scale models, computer-generated imagery, and a reconstruction of the Titanic built at Baja Studios were used to re-create the sinking.
8003:123146228682752::Thread-218 2020-08-09 18:59:54.482 - The film was co-financed by Paramount Pictures and 20th Century Fox; the former handled distribution in North America while the latter released the film internationally.
8003:123146228682752::Thread-218 2020-08-09 18:59:54.808 - It was the most expensive film ever made at the time, with a production budget of $200 million.
8006:123146228682752::Thread-218 2020-08-09 18:59:54.86 - **START**
8006:123146228682752::Thread-218 2020-08-09 18:59:54.899 - Starting new HTTPS connection (1): en.wikipedia.org
8005:123146228682752::Thread-218 2020-08-09 18:59:54.955 - The Rigveda Samhita is the core text, and is a collection of 10 books (maṇḍalas) with 1,028 hymns (sūktas) in about 10,600 verses (called ṛc, eponymous of the name Rigveda).
8002:123146228682752::Thread-218 2020-08-09 18:59:56.293 - **END**
8003:123146228682752::Thread-218 2020-08-09 18:59:56.301 - Upon its release on December 19, 1997, Titanic achieved significant critical and commercial success.
8004:123146228682752::Thread-218 2020-08-09 18:59:56.411 - **END**
8006:123146228682752::Thread-218 2020-08-09 18:59:56.722 - Novak Djokovic (Serbian: Новак Ђоковић, romanized: Novak Đoković, pronounced [nôʋaːk dʑôːkoʋitɕ] (listen); born 22 May 1987) is a Serbian professional tennis player who is currently ranked world No.
8005:123146228682752::Thread-218 2020-08-09 18:59:56.859 - In the eight books – Books 2 through 9 – that were composed the earliest, the hymns predominantly discuss cosmology and praise deities.
8003:123146228682752::Thread-218 2020-08-09 18:59:57.734 - Nominated for 14 Academy Awards, it tied All About Eve (1950) for the most Oscar nominations, and won 11, including the awards for Best Picture and Best Director, tying Ben-Hur (1959) for the most Oscars won by a single film.
8005:123146228682752::Thread-218 2020-08-09 18:59:58.549 - The younger books (Books 1 and 10) in part also deal with philosophical or speculative questions, virtues such as dāna (charity) in society, questions about the origin of the universe and the nature of god, and other metaphysical issues in their hymns.Some of its verses continue to be recited during Hindu rites of passage celebrations (such as weddings) and prayers, making it probably the world's oldest religious text in continued use.
8005:123146228682752::Thread-218 2020-08-09 18:59:59.223 - Dating & Timeline

According to Jamison and Brereton, in their 2014 translation of the Rigveda, the dating of this text "has been and is likely to remain a matter of contention and reconsideration".
8006:123146228682752::Thread-218 2020-08-09 18:59:59.305 - 1 in men's singles tennis by the Association of Tennis Professionals (ATP).Djokovic has won 17 Grand Slam singles titles, the third-most in history for a male player, five ATP Finals titles, 34 ATP Tour Masters 1000 titles, 14 ATP Tour 500 titles, and has held the No.
8006:123146228682752::Thread-218 2020-08-09 19:00:00.257 - 1 spot in the ATP rankings for over 280 weeks.
8004:123146228682752::Thread-218 2020-08-09 19:00:00.416 - **START**
8004:123146228682752::Thread-218 2020-08-09 19:00:00.444 - Starting new HTTPS connection (1): en.wikipedia.org
8004:123146228682752::Thread-218 2020-08-09 19:00:02.637 - Glee (stylized in all lowercase) is  an American musical comedy-drama television series that aired on the Fox network in the United States from May 19, 2009, to March 20, 2015.
8004:123146228682752::Thread-218 2020-08-09 19:00:03.013 - It centers on the fictional William McKinley High School glee club, the New Directions, which competes on the show choir competition circuit while its disparate members deal with social issues, especially regarding sexuality, race, relationships, and teamwork.
8006:123146228682752::Thread-218 2020-08-09 19:00:03.192 - In majors, he has won a record eight Australian Open titles, five Wimbledon titles, three US Open titles, and one French Open title.
8004:123146228682752::Thread-218 2020-08-09 19:00:03.973 - The initial twelve-member cast included Matthew Morrison as club director and Spanish teacher Will Schuester, Jane Lynch as cheerleading coach Sue Sylvester, Jayma Mays as guidance counselor Emma Pillsbury, Jessalyn Gilsig as Will's wife Terri, and Dianna Agron, Chris Colfer, Kevin McHale, Lea Michele, Cory Monteith, Amber Riley, Mark Salling, and Jenna Ushkowitz as eight club members.
8003:123146228682752::Thread-218 2020-08-09 19:00:04.736 - **END**
8006:123146228682752::Thread-218 2020-08-09 19:00:05.038 - By winning the 2016 French Open, he became the eighth player in history to achieve the Career Grand Slam and the third man to hold all four major titles at once, the first since Rod Laver in 1969 and the first ever to do so on three different surfaces.
8004:123146228682752::Thread-218 2020-08-09 19:00:05.456 - The main cast was altered throughout the series.
8006:123146228682752::Thread-218 2020-08-09 19:00:06.272 - He is the only male player to have won all nine of the Masters 1000 tournaments.
8004:123146228682752::Thread-218 2020-08-09 19:00:06.68 - The series was created by Ryan Murphy, Brad Falchuk, and Ian Brennan, the latter of whom first conceived of Glee as a film.
8004:123146228682752::Thread-218 2020-08-09 19:00:08.155 - The three wrote all of the show's episodes for the first two seasons, and Murphy and Falchuk initially served as the show's main directors.
8005:123146228682752::Thread-218 2020-08-09 19:00:08.224 - **END**
8006:123146228682752::Thread-218 2020-08-09 19:00:08.578 - Djokovic was also a member of Serbia's winning Davis Cup team in 2010 and in the 2020 ATP Cup.
8004:123146228682752::Thread-218 2020-08-09 19:00:09.394 - The pilot episode was broadcast on May 19, 2009, and the first season aired from September 9, 2009, to June 8, 2010.
8004:123146228682752::Thread-218 2020-08-09 19:00:09.554 - Subsequent seasons aired in September through May.
8006:123146228682752::Thread-218 2020-08-09 19:00:09.816 - Djokovic is the first Serbian player to be ranked No.
8004:123146228682752::Thread-218 2020-08-09 19:00:10.099 - The sixth and final season aired from January to March 2015.
8006:123146228682752::Thread-218 2020-08-09 19:00:10.838 - 1 by the ATP and the first male player representing Serbia to win a Grand Slam singles title.
8006:123146228682752::Thread-218 2020-08-09 19:00:10.877 - He is a six-time ITF World Champion and a five-time ATP year-end No.
8004:123146228682752::Thread-218 2020-08-09 19:00:11.82 - Glee features on-screen performance-based musical numbers that were selected by Murphy, who aimed to maintain a balance between show tunes and chart hits, and produced by Adam Anders and Peer Åström.
8004:123146228682752::Thread-218 2020-08-09 19:00:12.821 - **END**
8002:123146228682752::Thread-218 2020-08-09 19:00:14.299 - **START**
8002:123146228682752::Thread-218 2020-08-09 19:00:14.303 - Starting new HTTPS connection (1): en.wikipedia.org
8002:123146228682752::Thread-218 2020-08-09 19:00:15.523 - Alfred the Great (848/849 – 26 October 899) was King of Wessex from 871 to c.  886 and King of the Anglo-Saxons from c.  886 to 899.
8002:123146228682752::Thread-218 2020-08-09 19:00:16.059 - He was the youngest son of King Æthelwulf of Wessex.
8002:123146228682752::Thread-218 2020-08-09 19:00:17.056 - His father died when he was young, and three of Alfred's brothers, Æthelbald, Æthelberht and Æthelred, reigned in turn before him.
8002:123146228682752::Thread-218 2020-08-09 19:00:17.086 - After ascending the throne, Alfred spent several years fighting Viking invasions.
8002:123146228682752::Thread-218 2020-08-09 19:00:17.794 - He won a decisive victory in the Battle of Edington in 878 and made an agreement with the Vikings, creating what was known as the Danelaw in the North of England.
8002:123146228682752::Thread-218 2020-08-09 19:00:18.324 - Alfred also oversaw the conversion of Viking leader Guthrum to Christianity.
8002:123146228682752::Thread-218 2020-08-09 19:00:18.738 - He defended his kingdom against the Viking attempt at conquest, becoming the dominant ruler in England.
8002:123146228682752::Thread-218 2020-08-09 19:00:18.857 - Details of his life are described in a work by 9th-century Welsh scholar and bishop Asser.
8006:123146228682752::Thread-218 2020-08-09 19:00:18.878 - **END**
8002:123146228682752::Thread-218 2020-08-09 19:00:19.813 - Alfred had a reputation as a learned and merciful man of a gracious and level-headed nature who encouraged education, proposing that primary education be conducted in Anglo-Saxon rather than Latin and improving the legal system and military structure and his people's quality of life.
8002:123146228682752::Thread-218 2020-08-09 19:00:20.374 - He was given the epithet "the Great" during and after the Reformation in the sixteenth century, and together with Danish Cnut the Great, is the only king of England to be given such a name.
8002:123146228682752::Thread-218 2020-08-09 19:00:20.375 - **END**