8004:123145387364352::Thread-18 2020-08-09 18:59:28.199 - **START**
8004:123145387364352::Thread-18 2020-08-09 18:59:28.403 - Starting new HTTPS connection (1): en.wikipedia.org
8002:123145387364352::Thread-18 2020-08-09 18:59:29.339 - **START**
8002:123145387364352::Thread-18 2020-08-09 18:59:29.41 - Starting new HTTPS connection (1): en.wikipedia.org
8005:123145387364352::Thread-18 2020-08-09 18:59:30.199 - **START**
8004:123145387364352::Thread-18 2020-08-09 18:59:30.209 - Guns N' Roses, often abbreviated as GNR, is an American hard rock band from Los Angeles, California, formed in 1985.
8004:123145387364352::Thread-18 2020-08-09 18:59:30.35 - When they signed to Geffen Records in 1986, the band comprised vocalist Axl Rose, lead guitarist Slash, rhythm guitarist Izzy Stradlin, bassist Duff McKagan, and drummer Steven Adler.
8004:123145387364352::Thread-18 2020-08-09 18:59:30.442 - The current lineup consists of Rose, Slash, McKagan, keyboardist Dizzy Reed, guitarist Richard Fortus, drummer Frank Ferrer and keyboardist Melissa Reese.
8005:123145387364352::Thread-18 2020-08-09 18:59:30.959 - Starting new HTTPS connection (1): en.wikipedia.org
8006:123145387364352::Thread-18 2020-08-09 18:59:31.225 - **START**
8003:123145387364352::Thread-18 2020-08-09 18:59:31.225 - **START**
8004:123145387364352::Thread-18 2020-08-09 18:59:31.416 - Guns N' Roses' debut album, Appetite for Destruction (1987), reached number one on the Billboard 200 a year after its release, on the strength of the top 10 singles "Welcome to the Jungle", "Paradise City", and "Sweet Child o' Mine", the band's only single to reach number one on the Billboard Hot 100.
8004:123145387364352::Thread-18 2020-08-09 18:59:31.435 - The album has sold approximately 30 million copies worldwide, including 18 million units in the United States, making it the country's bestselling debut album and eleventh-bestselling album.
8006:123145387364352::Thread-18 2020-08-09 18:59:31.504 - Starting new HTTPS connection (1): en.wikipedia.org
8004:123145387364352::Thread-18 2020-08-09 18:59:31.814 - Their next studio album, G N' R Lies (1988), reached number two on the Billboard 200, sold ten million copies worldwide (including five million in the U.S.), and included the top 5 hit "Patience".
8002:123145387364352::Thread-18 2020-08-09 18:59:32.034 - Taylor Alison Swift (born December 13, 1989) is an American singer-songwriter.
8005:123145387364352::Thread-18 2020-08-09 18:59:32.57 - Genghis Khan (born Temüjin Borjigin, c. 1155 – c. 1162 –  August 18, 1227), also officially Genghis Emperor, was the founder and first Great Khan and Emperor of the Mongol Empire, which became the largest contiguous empire in history after his death.
8004:123145387364352::Thread-18 2020-08-09 18:59:32.733 - Use Your Illusion I and Use Your Illusion II, recorded simultaneously and released in 1991, debuted at number two and number one on the Billboard 200 respectively and have sold a combined 35 million copies worldwide, including 14 million units in the United States.
8003:123145387364352::Thread-18 2020-08-09 18:59:32.77 - Starting new HTTPS connection (1): en.wikipedia.org
8002:123145387364352::Thread-18 2020-08-09 18:59:32.809 - Her narrative songwriting, which often centers around her personal life, has received widespread media coverage.
8005:123145387364352::Thread-18 2020-08-09 18:59:32.828 - He came to power by uniting many of the nomadic tribes of Northeast Asia.
8004:123145387364352::Thread-18 2020-08-09 18:59:32.865 - The Illusion albums included the lead single "You Could Be Mine" (also featured in the film soundtrack for Terminator 2), covers of "Live and Let Die" and "Knockin' on Heaven's Door", and a trilogy of ballads ("Don't Cry", "November Rain", and "Estranged"), which featured notably high-budget music videos.
8004:123145387364352::Thread-18 2020-08-09 18:59:32.965 - The Illusion records were also supported by the extensive Use Your Illusion Tour, a world tour that lasted from 1991–1993.
8005:123145387364352::Thread-18 2020-08-09 18:59:33.259 - After founding the Empire and being proclaimed Genghis Khan, meaning Universal ruler, he launched the Mongol invasions that conquered most of Eurasia.
8002:123145387364352::Thread-18 2020-08-09 18:59:33.347 - Born in West Reading, Pennsylvania, Swift relocated to Nashville, Tennessee in 2004 to pursue a career in country music.
8005:123145387364352::Thread-18 2020-08-09 18:59:33.514 - Reaching as far west as Poland, and the Levant in the Middle East.
8004:123145387364352::Thread-18 2020-08-09 18:59:33.726 - "The Spaghetti Incident?"
8006:123145387364352::Thread-18 2020-08-09 18:59:34.052 - Queen are a British rock band formed in London in 1970.
8002:123145387364352::Thread-18 2020-08-09 18:59:34.256 - At age 14, she became the youngest artist signed by the Sony/ATV Music publishing house, and at age 15, she signed her first record deal.
8005:123145387364352::Thread-18 2020-08-09 18:59:34.283 - Campaigns initiated in his lifetime include those against the Qara Khitai, Khwarezmia, and the Western Xia and Jin dynasties, and raids into Medieval Georgia, the Kievan Rus', and Volga Bulgaria.
8004:123145387364352::Thread-18 2020-08-09 18:59:34.292 - (1993), an album of covers, was the band's last studio album to feature Slash and McKagan before their initial departure.
8005:123145387364352::Thread-18 2020-08-09 18:59:35.139 - These campaigns were often accompanied by large-scale massacres of the civilian populations, especially in the Khwarazmian- and Western Xia–controlled lands.
8002:123145387364352::Thread-18 2020-08-09 18:59:35.256 - Her 2006 eponymous debut studio album was the longest-charting album of the 2000s on the Billboard 200.
8005:123145387364352::Thread-18 2020-08-09 18:59:35.475 - Because of this brutality, which left millions dead, he is considered by many to have been a brutal ruler.
8004:123145387364352::Thread-18 2020-08-09 18:59:35.48 - **END**
8006:123145387364352::Thread-18 2020-08-09 18:59:35.535 - Their classic line-up was Freddie Mercury (lead vocals, piano), Brian May (guitar, vocals), Roger Taylor (drums, vocals) and John Deacon (bass).
8005:123145387364352::Thread-18 2020-08-09 18:59:35.559 - By the end of his life, the Mongol Empire occupied a substantial portion of Central Asia and China.
8002:123145387364352::Thread-18 2020-08-09 18:59:35.973 - Its third single, "Our Song", made her the youngest person to single-handedly write and perform a number-one song on the Billboard Country Airplay chart.
8002:123145387364352::Thread-18 2020-08-09 18:59:36.124 - Swift's breakthrough second studio album, Fearless (2008), won four Grammy Awards, including Album of the Year, and was certified Diamond by the Recording Industry Association of America.
8003:123145387364352::Thread-18 2020-08-09 18:59:36.259 - Asia Carrera Lemmon (born Jessica Steinhauser, August 6, 1973) is an American former pornographic actress.
8005:123145387364352::Thread-18 2020-08-09 18:59:36.293 - Due to his exceptional military successes, Genghis Khan is often considered to be the greatest conqueror of all time.Before Genghis Khan died he assigned Ögedei Khan as his successor.
8002:123145387364352::Thread-18 2020-08-09 18:59:36.298 - It yielded the Billboard Hot 100 top-five singles "Love Story" and "You Belong with Me".
8002:123145387364352::Thread-18 2020-08-09 18:59:36.416 - Swift's third studio album, Speak Now (2010), spawned the two-time Grammy Award-winning single "Mean".
8006:123145387364352::Thread-18 2020-08-09 18:59:36.705 - Their earliest works were influenced by progressive rock, hard rock and heavy metal, but the band gradually ventured into more conventional and radio-friendly works by incorporating further styles, such as arena rock and pop rock.
8002:123145387364352::Thread-18 2020-08-09 18:59:36.807 - Her cross-genre fourth studio album, Red (2012), earned Swift her first Billboard Hot 100 number-one single, "We Are Never Ever Getting Back Together".
8003:123145387364352::Thread-18 2020-08-09 18:59:36.881 - Early life
Asia Carrera was born Jessica Steinhauser in New York City to a German mother and Japanese father, the oldest of four siblings.
8005:123145387364352::Thread-18 2020-08-09 18:59:37.093 - Later his grandsons split his empire into khanates.
8005:123145387364352::Thread-18 2020-08-09 18:59:37.102 - **END**
8006:123145387364352::Thread-18 2020-08-09 18:59:37.199 - Before forming Queen, May and Taylor had played together in the band Smile.
8006:123145387364352::Thread-18 2020-08-09 18:59:37.646 - Mercury was a fan of Smile and encouraged them to experiment with more elaborate stage and recording techniques.
8006:123145387364352::Thread-18 2020-08-09 18:59:37.959 - He joined in 1970 and suggested the name "Queen".
8006:123145387364352::Thread-18 2020-08-09 18:59:39.062 - Deacon was recruited in March 1971, before the band released their eponymous debut album in 1973.
8003:123145387364352::Thread-18 2020-08-09 18:59:39.435 - She was raised on Lippincott Road in Little Silver, New Jersey, attending Red Bank Regional High School.
8006:123145387364352::Thread-18 2020-08-09 18:59:39.619 - Queen first charted in the UK with their second album, Queen II, in 1974.
8006:123145387364352::Thread-18 2020-08-09 18:59:39.842 - Sheer Heart Attack later that year and A Night at the Opera in 1975 brought them international success.
8004:123145387364352::Thread-18 2020-08-09 18:59:40.49 - **START**
8006:123145387364352::Thread-18 2020-08-09 18:59:40.948 - The latter featured "Bohemian Rhapsody", which stayed at number one in the UK for nine weeks and helped popularise the music video format.
8004:123145387364352::Thread-18 2020-08-09 18:59:41.024 - Starting new HTTPS connection (1): en.wikipedia.org
8003:123145387364352::Thread-18 2020-08-09 18:59:41.919 - At the age of 16, she taught English at Tsuruga College in Tsuruga, Fukui, Japan.Carrera won a National Merit Scholarship and scored over 1440 on the SAT, as well as a Garden State Scholarship for her grades.
8003:123145387364352::Thread-18 2020-08-09 18:59:42.807 - She attended Rutgers University on full academic scholarship, where she majored in Japanese and business, but did not graduate.
8002:123145387364352::Thread-18 2020-08-09 18:59:43.836 - **END**
8005:123145387364352::Thread-18 2020-08-09 18:59:44.107 - **START**
8003:123145387364352::Thread-18 2020-08-09 18:59:44.131 - Carrera is a member of Mensa, with an IQ of 156.
8005:123145387364352::Thread-18 2020-08-09 18:59:44.253 - Starting new HTTPS connection (1): en.wikipedia.org
8004:123145387364352::Thread-18 2020-08-09 18:59:45.401 - Richard Milhous Nixon (January 9, 1913 – April 22, 1994) was the 37th president of the United States, serving from 1969 until 1974.
8005:123145387364352::Thread-18 2020-08-09 18:59:45.598 - Hadrian's Wall (Latin: Vallum Aelium), also known as the Roman Wall, Picts' Wall, or Vallum Hadriani in Latin, is a former defensive fortification of the Roman province of Britannia, begun in AD 122 in the reign of the emperor Hadrian.
8004:123145387364352::Thread-18 2020-08-09 18:59:45.685 - A member of the Republican Party, Nixon previously served as the 36th vice president from 1953 to 1961, having risen to national prominence as a representative and senator from California.
8003:123145387364352::Thread-18 2020-08-09 18:59:45.698 - Career


Adult film career
Carrera's adult film career started in 1993.
8004:123145387364352::Thread-18 2020-08-09 18:59:45.699 - After five years in the White House that saw the conclusion to the U.S. involvement in the Vietnam War, détente with the Soviet Union and China, and the establishment of the Environmental Protection Agency, he became the only president to resign from the office.
8005:123145387364352::Thread-18 2020-08-09 18:59:45.939 - It ran from the banks of the River Tyne near the North Sea to the Solway Firth on the Irish Sea, and was the northern limit of the Roman Empire, immediately north of which were the lands of the northern Ancient Britons, including the Picts.
8004:123145387364352::Thread-18 2020-08-09 18:59:46.599 - Nixon was born into a poor family in a small town in Southern California.
8005:123145387364352::Thread-18 2020-08-09 18:59:46.605 - It had a stone base and a stone wall.
8006:123145387364352::Thread-18 2020-08-09 18:59:46.949 - **END**
8005:123145387364352::Thread-18 2020-08-09 18:59:47.105 - There were milecastles with two turrets in between.
8003:123145387364352::Thread-18 2020-08-09 18:59:47.335 - In 1995 she became the first Asian performer ever to win the AVN Female Performer of the Year Award.
8002:123145387364352::Thread-18 2020-08-09 18:59:47.882 - **START**
8002:123145387364352::Thread-18 2020-08-09 18:59:47.889 - Starting new HTTPS connection (1): en.wikipedia.org
8004:123145387364352::Thread-18 2020-08-09 18:59:47.938 - He graduated from Duke University School of Law in 1937 and returned to California to practice law.
8005:123145387364352::Thread-18 2020-08-09 18:59:48.017 - There was a fort about every five Roman miles.
8005:123145387364352::Thread-18 2020-08-09 18:59:48.456 - From north to south, the wall comprised a ditch, wall, military way and vallum, another ditch with adjoining mounds.
8005:123145387364352::Thread-18 2020-08-09 18:59:48.598 - It is thought the milecastles were staffed with static garrisons, whereas the forts had fighting garrisons of infantry and cavalry.
8005:123145387364352::Thread-18 2020-08-09 18:59:48.849 - In addition to the wall's defensive military role, its gates may have been customs posts.A significant portion of the wall still stands and can be followed on foot along the adjoining Hadrian's Wall Path.
8005:123145387364352::Thread-18 2020-08-09 18:59:48.885 - The largest Roman archaeological feature in Britain, it runs a total of 73 miles (117.5 kilometres)  in northern England.
8004:123145387364352::Thread-18 2020-08-09 18:59:49.226 - He and his wife Pat moved to Washington in 1942 to work for the federal government.
8005:123145387364352::Thread-18 2020-08-09 18:59:49.633 - Regarded as a British cultural icon, Hadrian's Wall is one of Britain's major ancient tourist attractions.
8003:123145387364352::Thread-18 2020-08-09 18:59:49.87 - Carrera retired from the film industry in 2003, following her marriage to Don Lemmon.Carrera lent her voice to several erotic hentai OVAs for publisher Pink Pineapple, such as Inmu (2001) and Shusaku (1999).
8004:123145387364352::Thread-18 2020-08-09 18:59:50.259 - He served on active duty in the Navy Reserve during World War II.
8004:123145387364352::Thread-18 2020-08-09 18:59:50.354 - He was elected to the House of Representatives in 1946.
8003:123145387364352::Thread-18 2020-08-09 18:59:50.76 - In October 2001, Carrera attended the Big Apple Anime Fest in New York City for her voice roles and along with Kobe Tai was an Opening Night Guest of Honor at the fest's Midnight Anime Concourse.Carrera was also in the 2012 documentary After Porn Ends, which is about life after being a porn actor.
8004:123145387364352::Thread-18 2020-08-09 18:59:51.326 - His pursuit of the Hiss Case established his reputation as a leading anti-Communist which elevated him to national prominence.
8002:123145387364352::Thread-18 2020-08-09 18:59:51.414 - Once Upon a Time is  an American fantasy adventure drama television series that aired on ABC from October 23, 2011 to May 18, 2018.
8002:123145387364352::Thread-18 2020-08-09 18:59:52.002 - The first six seasons are largely set in the fictitious seaside town of Storybrooke, Maine, with the characters of Emma Swan and her 10-year-old son, Henry Mills, as the leads — whilst the seventh and final season takes place in Seattle, Washington, in the fictitious neighborhood of Hyperion Heights, with a new main narrative led by adult Henry Mills, his wife Ella (Jacinda), and their daughter Lucy.
8004:123145387364352::Thread-18 2020-08-09 18:59:52.088 - In 1950, he was elected to the Senate.
8002:123145387364352::Thread-18 2020-08-09 18:59:52.465 - The show's more notable characters are based on original Disney characters from The Walt Disney Company and popular Western literature, folklore, Greek mythology, and fairy tales.
8002:123145387364352::Thread-18 2020-08-09 18:59:53.083 - The family of Snow White and Prince Charming from Disney's Snow White and the Seven Dwarfs are the main family featured in the series.
8002:123145387364352::Thread-18 2020-08-09 18:59:53.498 - Once Upon a Time was created by Lost & Tron: Legacy writers Edward Kitsis and Adam Horowitz.
8004:123145387364352::Thread-18 2020-08-09 18:59:54.075 - He was the running mate of Dwight D. Eisenhower, the Republican Party's presidential nominee in the 1952 election, subsequently serving for eight years in as the vice president.
8002:123145387364352::Thread-18 2020-08-09 18:59:55.993 - A spin-off series, Once Upon a Time in Wonderland, consisting of 13 episodes which followed the peculiar character from the 1865 novel Alice's Adventures in Wonderland by Lewis Carroll, premiered on October 10, 2013 and concluded on April 3, 2014.
8005:123145387364352::Thread-18 2020-08-09 18:59:58.636 - **END**
8002:123145387364352::Thread-18 2020-08-09 18:59:58.749 - Series overview
For the first six seasons, the series is set in the fictional seaside town of Storybrooke, Maine, in which the residents are actually fairy tale characters that were transported to the real world town and robbed of their memories by Regina, the Evil Queen (Lana Parrilla) who used a powerful dark curse obtained from Rumplestiltskin (Robert Carlyle).
8002:123145387364352::Thread-18 2020-08-09 18:59:59.568 - The residents of Storybrooke, where Regina is mayor, have lived an unchanging existence for 28 years, unaware of their own agelessness.
8003:123145387364352::Thread-18 2020-08-09 18:59:59.761 - **END**
8006:123145387364352::Thread-18 2020-08-09 18:59:59.951 - **START**
8006:123145387364352::Thread-18 2020-08-09 19:00:00.101 - Starting new HTTPS connection (1): en.wikipedia.org
8002:123145387364352::Thread-18 2020-08-09 19:00:01.566 - The town's only hope lies with a bail-bonds person from the Land Without Magic, named Emma Swan (Jennifer Morrison), only daughter of Snow White (Ginnifer Goodwin) and Prince Charming (Josh Dallas).
8004:123145387364352::Thread-18 2020-08-09 19:00:03.079 - **END**
8002:123145387364352::Thread-18 2020-08-09 19:00:03.166 - Emma was transported from the Enchanted Forest to the real world via a magic wardrobe as an infant before the curse was cast.
8006:123145387364352::Thread-18 2020-08-09 19:00:03.633 - Nelson Rolihlahla Mandela (; Xhosa: [xolíɬaɬa mandɛ̂ːla]; 18 July 1918 – 5 December 2013) was a South African anti-apartheid revolutionary, political leader and philanthropist who served as President of South Africa from 1994 to 1999.
8006:123145387364352::Thread-18 2020-08-09 19:00:05.487 - He was the country's first black head of state and the first elected in a fully representative democratic election.
8006:123145387364352::Thread-18 2020-08-09 19:00:07.062 - His government focused on dismantling the legacy of apartheid by tackling institutionalised racism and fostering racial reconciliation.
8002:123145387364352::Thread-18 2020-08-09 19:00:09.172 - **END**
8006:123145387364352::Thread-18 2020-08-09 19:00:09.626 - Ideologically an African nationalist and socialist, he served as the president of the African National Congress (ANC) party from 1991 to 1997.
8005:123145387364352::Thread-18 2020-08-09 19:00:10.638 - **START**
8005:123145387364352::Thread-18 2020-08-09 19:00:10.642 - Starting new HTTPS connection (1): en.wikipedia.org
8006:123145387364352::Thread-18 2020-08-09 19:00:10.708 - A Xhosa speaker, Mandela was born to the Thembu royal family in Mvezo, Union of South Africa.
8005:123145387364352::Thread-18 2020-08-09 19:00:11.316 - Donald John Trump (born June 14, 1946) is the 45th and current president of the United States.
8005:123145387364352::Thread-18 2020-08-09 19:00:12.416 - Before entering politics, he was a businessman and television personality.
8006:123145387364352::Thread-18 2020-08-09 19:00:12.82 - He studied law at the University of Fort Hare and the University of Witwatersrand before working as a lawyer in Johannesburg.
8006:123145387364352::Thread-18 2020-08-09 19:00:14.47 - There he became involved in anti-colonial and African nationalist politics, joining the ANC in 1943 and co-founding its Youth League in 1944.
8005:123145387364352::Thread-18 2020-08-09 19:00:14.714 - Trump was born and raised in Queens, a borough of New York City, and received a bachelor's degree in economics from the Wharton School.
8005:123145387364352::Thread-18 2020-08-09 19:00:15.178 - He took charge of his family's real-estate business in 1971, renamed it The Trump Organization, and expanded its operations from Queens and Brooklyn into Manhattan.
8006:123145387364352::Thread-18 2020-08-09 19:00:15.927 - After the National Party's white-only government established apartheid, a system of racial segregation that privileged whites, he and the ANC committed themselves to its overthrow.
8005:123145387364352::Thread-18 2020-08-09 19:00:16.306 - The company built or renovated skyscrapers, hotels, casinos, and golf courses.
8006:123145387364352::Thread-18 2020-08-09 19:00:16.842 - Mandela was appointed president of the ANC's Transvaal branch, rising to prominence for his involvement in the 1952 Defiance Campaign and the 1955 Congress of the People.
8005:123145387364352::Thread-18 2020-08-09 19:00:17.256 - Trump later started various side ventures, mostly by licensing his name.
8005:123145387364352::Thread-18 2020-08-09 19:00:17.661 - He bought the Miss Universe brand of beauty pageants in 1996, and sold it in 2015.
8006:123145387364352::Thread-18 2020-08-09 19:00:17.924 - He was repeatedly arrested for seditious activities and was unsuccessfully prosecuted in the 1956 Treason Trial.
8005:123145387364352::Thread-18 2020-08-09 19:00:19.099 - Trump and his businesses have been involved in more than 4,000 state and federal legal actions, including six bankruptcies.
8005:123145387364352::Thread-18 2020-08-09 19:00:21.685 - He produced and hosted The Apprentice, a reality television series, from 2003 to 2015.
8005:123145387364352::Thread-18 2020-08-09 19:00:23.21 - As of 2020, Forbes estimated his net worth to be $2.1 billion.Trump's political positions have been described as populist, protectionist, and nationalist.
8006:123145387364352::Thread-18 2020-08-09 19:00:23.928 - **END**
8005:123145387364352::Thread-18 2020-08-09 19:00:27.211 - **END**