8004:123145980493824::Thread-159 2020-08-09 18:59:28.217 - **START**
8004:123145980493824::Thread-159 2020-08-09 18:59:28.357 - Starting new HTTPS connection (1): en.wikipedia.org
8005:123145980493824::Thread-159 2020-08-09 18:59:29.226 - **START**
8005:123145980493824::Thread-159 2020-08-09 18:59:29.386 - Starting new HTTPS connection (1): en.wikipedia.org
8004:123145980493824::Thread-159 2020-08-09 18:59:30.523 - The September 11 attacks (often referred to as 9/11) were a series of four coordinated terrorist attacks by the Islamic terrorist group al-Qaeda against the United States on the morning of Tuesday, September 11, 2001.
8004:123145980493824::Thread-159 2020-08-09 18:59:30.689 - The attacks resulted in 2,977 fatalities, over 25,000 injuries, and substantial long-term health consequences, in addition to at least $10 billion in infrastructure and property damage.
8005:123145980493824::Thread-159 2020-08-09 18:59:31.7 - Nelson Rolihlahla Mandela (; Xhosa: [xolíɬaɬa mandɛ̂ːla]; 18 July 1918 – 5 December 2013) was a South African anti-apartheid revolutionary, political leader and philanthropist who served as President of South Africa from 1994 to 1999.
8005:123145980493824::Thread-159 2020-08-09 18:59:32.311 - He was the country's first black head of state and the first elected in a fully representative democratic election.
8004:123145980493824::Thread-159 2020-08-09 18:59:33.248 - 9/11 is the single deadliest terrorist attack in human history and the single deadliest incident for firefighters and law enforcement officers in the history of the United States, with 343 and 72 killed, respectively.Four passenger airliners which had departed from airports in the northeastern United States bound for California were hijacked by 19 al-Qaeda terrorists.
8006:123145980493824::Thread-159 2020-08-09 18:59:33.273 - **START**
8005:123145980493824::Thread-159 2020-08-09 18:59:33.521 - His government focused on dismantling the legacy of apartheid by tackling institutionalised racism and fostering racial reconciliation.
8006:123145980493824::Thread-159 2020-08-09 18:59:34.126 - Starting new HTTPS connection (1): en.wikipedia.org
8005:123145980493824::Thread-159 2020-08-09 18:59:34.509 - Ideologically an African nationalist and socialist, he served as the president of the African National Congress (ANC) party from 1991 to 1997.
8004:123145980493824::Thread-159 2020-08-09 18:59:34.649 - Two of the planes, American Airlines Flight 11 and United Airlines Flight 175, crashed into the North and South towers, respectively, of the World Trade Center complex in Lower Manhattan.
8005:123145980493824::Thread-159 2020-08-09 18:59:34.747 - A Xhosa speaker, Mandela was born to the Thembu royal family in Mvezo, Union of South Africa.
8003:123145980493824::Thread-159 2020-08-09 18:59:35.272 - **START**
8004:123145980493824::Thread-159 2020-08-09 18:59:36.548 - Within an hour and 42 minutes, both 110-story towers collapsed.
8003:123145980493824::Thread-159 2020-08-09 18:59:36.58 - Starting new HTTPS connection (1): en.wikipedia.org
8005:123145980493824::Thread-159 2020-08-09 18:59:37.248 - He studied law at the University of Fort Hare and the University of Witwatersrand before working as a lawyer in Johannesburg.
8006:123145980493824::Thread-159 2020-08-09 18:59:37.488 - Spartacus (Greek: Σπάρτακος Spártakos; Latin: Spartacus; c. 111–71 BC) was a Thracian gladiator who, along with Crixus, Gannicus, Castus, and Oenomaus, was one of the escaped slave leaders in the Third Servile War, a major slave uprising against the Roman Republic.
8004:123145980493824::Thread-159 2020-08-09 18:59:38.34 - Debris and the resulting fires caused a partial or complete collapse of all other buildings in the World Trade Center complex, including the 47-story 7 World Trade Center tower, as well as significant damage to ten other large surrounding structures.
8004:123145980493824::Thread-159 2020-08-09 18:59:39.032 - A third plane, American Airlines Flight 77, was crashed into the Pentagon (the headquarters of the U.S. Department of Defense) in Arlington County, Virginia, which led to a partial collapse of the building's west side.
8002:123145980493824::Thread-159 2020-08-09 18:59:39.356 - **START**
8003:123145980493824::Thread-159 2020-08-09 18:59:39.51 - Chyna (born Joan Marie Laurer; December 27, 1969 – April 17, 2016) was an American professional wrestler, glamour model, actress, author, bodybuilder and adult film actress.
8006:123145980493824::Thread-159 2020-08-09 18:59:39.585 - Little is known about him beyond the events of the war, and surviving historical accounts are sometimes contradictory.
8005:123145980493824::Thread-159 2020-08-09 18:59:40.081 - There he became involved in anti-colonial and African nationalist politics, joining the ANC in 1943 and co-founding its Youth League in 1944.
8004:123145980493824::Thread-159 2020-08-09 18:59:40.498 - The fourth plane, United Airlines Flight 93, was initially flown toward Washington, D.C., but crashed into a field in Stonycreek Township, Pennsylvania, after passengers thwarted the hijackers.
8006:123145980493824::Thread-159 2020-08-09 18:59:41.019 - However, all sources agree that he was a former gladiator and an accomplished military leader.
8003:123145980493824::Thread-159 2020-08-09 18:59:41.209 - She first rose to prominence in the World Wrestling Federation (WWF, now WWE) in 1997, where she was billed as the "Ninth Wonder of the World" (André the Giant was already billed as the eighth).
8006:123145980493824::Thread-159 2020-08-09 18:59:41.457 - This rebellion, interpreted by some as an example of oppressed people fighting for their freedom against a slave-owning oligarchy, has provided inspiration for many political thinkers, and has been featured in literature, television, and film.
8002:123145980493824::Thread-159 2020-08-09 18:59:42.103 - Starting new HTTPS connection (1): en.wikipedia.org
8006:123145980493824::Thread-159 2020-08-09 18:59:42.583 - Although this interpretation is not specifically contradicted by classical historians, no historical account mentions that the goal was to end slavery in the Republic.
8006:123145980493824::Thread-159 2020-08-09 18:59:42.856 - Early life

The Greek essayist Plutarch describes Spartacus as "a Thracian of Nomadic stock", in a possible reference to the Maedi tribe.
8005:123145980493824::Thread-159 2020-08-09 18:59:42.926 - After the National Party's white-only government established apartheid, a system of racial segregation that privileged whites, he and the ANC committed themselves to its overthrow.
8004:123145980493824::Thread-159 2020-08-09 18:59:42.941 - Suspicion quickly fell onto al-Qaeda.
8006:123145980493824::Thread-159 2020-08-09 18:59:43.6 - Appian says he was "a Thracian by birth, who had once served as a soldier with the Romans, but had since been a prisoner and sold for a gladiator".Florus described him as one "who, from a Thracian mercenary, had become a Roman soldier, that had deserted and became enslaved, and afterward, from consideration of his strength, a gladiator".
8005:123145980493824::Thread-159 2020-08-09 18:59:43.817 - Mandela was appointed president of the ANC's Transvaal branch, rising to prominence for his involvement in the 1952 Defiance Campaign and the 1955 Congress of the People.
8003:123145980493824::Thread-159 2020-08-09 18:59:43.941 - A founding member of the stable D-Generation X as the promotion's first female enforcer, she held the WWF Intercontinental Championship (the only female performer to do so) twice and the WWF Women's Championship once.
8006:123145980493824::Thread-159 2020-08-09 18:59:45.502 - The authors refer to the Thracian tribe of the Maedi, which occupied the area on the southwestern fringes of Thrace, along its border with the Roman province of Macedonia – present day south-western Bulgaria.
8005:123145980493824::Thread-159 2020-08-09 18:59:45.788 - He was repeatedly arrested for seditious activities and was unsuccessfully prosecuted in the 1956 Treason Trial.
8005:123145980493824::Thread-159 2020-08-09 18:59:45.79 - **END**
8004:123145980493824::Thread-159 2020-08-09 18:59:45.795 - The United States responded by launching the War on Terror and invading Afghanistan to depose the Taliban, which had failed to comply with U.S. demands to expel al-Qaeda from Afghanistan and extradite their leader Osama bin Laden.
8003:123145980493824::Thread-159 2020-08-09 18:59:46.576 - She was also the first woman to participate in the Royal Rumble match and King of the Ring tournament, as well as to become number one contender to the WWF Championship.
8002:123145980493824::Thread-159 2020-08-09 18:59:46.698 - The British Museum, in the Bloomsbury area of London, United Kingdom, is a public institution dedicated to human history, art and culture.
8006:123145980493824::Thread-159 2020-08-09 18:59:47.324 - Plutarch also writes that Spartacus' wife, a prophetess of the Maedi tribe, was enslaved with him.
8006:123145980493824::Thread-159 2020-08-09 18:59:47.325 - **END**
8005:123145980493824::Thread-159 2020-08-09 18:59:47.791 - **START**
8005:123145980493824::Thread-159 2020-08-09 18:59:47.795 - Starting new HTTPS connection (1): en.wikipedia.org
8003:123145980493824::Thread-159 2020-08-09 18:59:47.962 - With singles victories over several prominent male wrestlers – including multiple-time world champions Triple H, Kurt Angle, Chris Jericho, and Jeff Jarrett – Chyna left what WWE called "a lasting legacy as the most dominant female competitor of all time".
8002:123145980493824::Thread-159 2020-08-09 18:59:48.431 - Its permanent collection of some eight million works is among the largest and most comprehensive in existence, having been widely sourced during the era of the British Empire.
8002:123145980493824::Thread-159 2020-08-09 18:59:49.579 - It documents the story of human culture from its beginnings to the present.
8003:123145980493824::Thread-159 2020-08-09 18:59:50.082 - After leaving the WWF in 2001, Chyna wrestled sporadically, with New Japan Pro Wrestling (NJPW) in 2002 and Total Nonstop Action Wrestling (TNA) in 2011.
8005:123145980493824::Thread-159 2020-08-09 18:59:50.422 - Victoria (Alexandrina Victoria; 24 May 1819 – 22 January 1901) was Queen of the United Kingdom of Great Britain and Ireland from 20 June 1837 until her death.
8004:123145980493824::Thread-159 2020-08-09 18:59:50.798 - **END**
8002:123145980493824::Thread-159 2020-08-09 18:59:50.811 - It was the first public national museum in the world.The British Museum was established in 1753, largely based on the collections of the Irish physician and scientist Sir Hans Sloane.
8002:123145980493824::Thread-159 2020-08-09 18:59:52.405 - It first opened to the public in 1759, in Montagu House, on the site of the current building.
8003:123145980493824::Thread-159 2020-08-09 18:59:52.548 - The latter was her final appearance in a wrestling ring.
8005:123145980493824::Thread-159 2020-08-09 18:59:52.672 - She adopted the additional title of Empress of India on 1 May 1876.
8005:123145980493824::Thread-159 2020-08-09 18:59:53.674 - Known as the Victorian era, her reign of 63 years and seven months was longer than that of any of her predecessors.
8005:123145980493824::Thread-159 2020-08-09 18:59:54.067 - It was a period of industrial, cultural, political, scientific, and military change within the United Kingdom, and was marked by a great expansion of the British Empire.
8002:123145980493824::Thread-159 2020-08-09 18:59:54.275 - Its expansion over the following 250 years was largely a result of expanding British colonisation and has resulted in the creation of several branch institutions, the first being the Natural History Museum in 1881.
8005:123145980493824::Thread-159 2020-08-09 18:59:54.384 - Victoria was the daughter of Prince Edward, Duke of Kent and Strathearn (the fourth son of King George III), and Princess Victoria of Saxe-Coburg-Saalfeld.
8003:123145980493824::Thread-159 2020-08-09 18:59:55.279 - Outside of wrestling, Chyna appeared in Playboy magazine twice, as well as numerous television shows and films.
8002:123145980493824::Thread-159 2020-08-09 18:59:55.698 - In 1973, the British Library Act 1972 detached the library department from the British Museum, but it continued to host the now separated British Library in the same Reading Room and building as the museum until 1997.
8002:123145980493824::Thread-159 2020-08-09 18:59:56.323 - The museum is a non-departmental public body sponsored by the Department for Digital, Culture, Media and Sport, and as with all national museums in the UK it charges no admission fee, except for loan exhibitions.Its ownership of some of its most famous objects originating in other countries is disputed and remains the subject of international controversy, most notably in the case of the Elgin Marbles of Greece and the Rosetta Stone of Egypt.
8005:123145980493824::Thread-159 2020-08-09 18:59:56.451 - After both the Duke and his father died in 1820, she was raised under close supervision by her mother and her comptroller, John Conroy.
8002:123145980493824::Thread-159 2020-08-09 18:59:57.555 - History


Sir Hans Sloane

Although today principally a museum of cultural art objects and antiquities, the British Museum was founded as a "universal museum".
8002:123145980493824::Thread-159 2020-08-09 18:59:57.616 - Its foundations lie in the will of the Irish physician and naturalist Sir Hans Sloane (1660–1753), a London-based doctor and scientist from Ulster.
8002:123145980493824::Thread-159 2020-08-09 18:59:57.617 - **END**
8003:123145980493824::Thread-159 2020-08-09 18:59:58.127 - She was considered to be a sex symbol.
8005:123145980493824::Thread-159 2020-08-09 18:59:58.632 - She inherited the throne aged 18 after her father's three elder brothers died without surviving legitimate issue.
8005:123145980493824::Thread-159 2020-08-09 18:59:58.702 - Though a constitutional monarch, privately, Victoria attempted to influence government policy and ministerial appointments; publicly, she became a national icon who was identified with strict standards of personal morality.
8005:123145980493824::Thread-159 2020-08-09 18:59:58.966 - Victoria married her cousin Prince Albert of Saxe-Coburg and Gotha in 1840.
8003:123145980493824::Thread-159 2020-08-09 18:59:58.99 - In 2005, she was a cast member on VH1's The Surreal Life, which led to several other celebrity reality appearances on the network, including The Surreal Life: Fame Games in 2007 and Celebrity Rehab with Dr.
8002:123145980493824::Thread-159 2020-08-09 18:59:59.62 - **START**
8005:123145980493824::Thread-159 2020-08-09 18:59:59.715 - Their children married into royal and noble families across the continent, earning Victoria the sobriquet "the grandmother of Europe" and spreading haemophilia in European royalty.
8002:123145980493824::Thread-159 2020-08-09 18:59:59.748 - Starting new HTTPS connection (1): en.wikipedia.org
8003:123145980493824::Thread-159 2020-08-09 18:59:59.993 - **END**
8006:123145980493824::Thread-159 2020-08-09 19:00:00.33 - **START**
8006:123145980493824::Thread-159 2020-08-09 19:00:00.408 - Starting new HTTPS connection (1): en.wikipedia.org
8002:123145980493824::Thread-159 2020-08-09 19:00:01.409 - The Panama Canal (Spanish: Canal de Panamá) is an artificial 82 km (51 mi) waterway in Panama that connects the Atlantic Ocean with the Pacific Ocean.
8002:123145980493824::Thread-159 2020-08-09 19:00:02.265 - The canal cuts across the Isthmus of Panama and is a conduit for maritime trade.
8006:123145980493824::Thread-159 2020-08-09 19:00:02.627 - Notre-Dame de Paris (French: [nɔtʁə dam də paʁi] (listen); meaning "Our Lady of Paris"), referred to simply as Notre-Dame, is a medieval Catholic cathedral on the Île de la Cité in the 4th arrondissement of Paris.
8006:123145980493824::Thread-159 2020-08-09 19:00:03.103 - The cathedral was consecrated to the Virgin Mary and considered to be one of the finest examples of French Gothic architecture.
8006:123145980493824::Thread-159 2020-08-09 19:00:03.473 - Its pioneering use of the rib vault and flying buttress, its enormous and colourful rose windows, as well as the naturalism and abundance of its sculptural decoration set it apart from the earlier Romanesque style.
8002:123145980493824::Thread-159 2020-08-09 19:00:03.474 - Canal locks are at each end to lift ships up to Gatun Lake, an artificial lake created to reduce the amount of excavation work required for the canal, 26 m (85 ft) above sea level, and then lower the ships at the other end.
8005:123145980493824::Thread-159 2020-08-09 19:00:03.717 - **END**
8004:123145980493824::Thread-159 2020-08-09 19:00:03.801 - **START**
8004:123145980493824::Thread-159 2020-08-09 19:00:03.91 - Starting new HTTPS connection (1): en.wikipedia.org
8006:123145980493824::Thread-159 2020-08-09 19:00:04.076 - Major components that make Notre Dame stand out include its large historic organ and its immense church bells.The cathedral's construction began in 1160 under Bishop Maurice de Sully and was largely complete by 1260, though it was modified frequently in the following centuries.
8002:123145980493824::Thread-159 2020-08-09 19:00:04.418 - The original locks are 32.5 m (110 ft) wide.
8006:123145980493824::Thread-159 2020-08-09 19:00:04.644 - In the 1790s, Notre-Dame suffered desecration during the French Revolution; much of its religious imagery was damaged or destroyed.
8006:123145980493824::Thread-159 2020-08-09 19:00:04.732 - In the 19th century, the cathedral was the site of the coronation of Napoleon I and the funerals of many Presidents of the French Republic.
8002:123145980493824::Thread-159 2020-08-09 19:00:04.814 - A third, wider lane of locks was constructed between September 2007 and May 2016.
8004:123145980493824::Thread-159 2020-08-09 19:00:05.188 - Freddie Mercury (born Farrokh Bulsara; 5 September 1946 – 24 November 1991) was a British singer, songwriter, record producer, and lead vocalist of the rock band Queen.
8006:123145980493824::Thread-159 2020-08-09 19:00:05.607 - Popular interest in the cathedral blossomed soon after the publication, in 1831, of Victor Hugo's novel Notre-Dame de Paris (better known in English as The Hunchback of Notre-Dame).
8002:123145980493824::Thread-159 2020-08-09 19:00:05.79 - The expanded canal began commercial operation on June 26, 2016.
8004:123145980493824::Thread-159 2020-08-09 19:00:06.072 - Regarded as one of the greatest lead singers in the history of rock music, he was known for his flamboyant stage persona and four-octave vocal range.
8006:123145980493824::Thread-159 2020-08-09 19:00:06.551 - This led to a major restoration project between 1844 and 1864, supervised by Eugène Viollet-le-Duc.
8002:123145980493824::Thread-159 2020-08-09 19:00:06.606 - The new locks allow transit of larger, neo-Panamax ships, capable of handling more cargo.France began work on the canal in 1881, but stopped because of engineering problems and a high worker mortality rate.
8004:123145980493824::Thread-159 2020-08-09 19:00:06.744 - Mercury defied the conventions of a rock frontman, with his highly theatrical style influencing the artistic direction of Queen.
8004:123145980493824::Thread-159 2020-08-09 19:00:07.262 - Born in 1946 in Zanzibar to Parsi-Indian parents, he attended English-style boarding schools in India from the age of eight and returned to Zanzibar after secondary school.
8004:123145980493824::Thread-159 2020-08-09 19:00:07.342 - In 1964, his family fled the Zanzibar Revolution, moving to Middlesex, England.
8006:123145980493824::Thread-159 2020-08-09 19:00:07.435 - The Allied liberation of Paris in 1944 was celebrated within Notre-Dame with the singing of the Magnificat.
8002:123145980493824::Thread-159 2020-08-09 19:00:08.032 - The United States took over the project in 1904 and opened the canal on August 15, 1914.
8004:123145980493824::Thread-159 2020-08-09 19:00:08.154 - Having studied and written music for years, he formed Queen in 1970 with guitarist Brian May and drummer Roger Taylor.
8006:123145980493824::Thread-159 2020-08-09 19:00:08.198 - Beginning in 1963, the cathedral's façade was cleaned of centuries of soot and grime.
8004:123145980493824::Thread-159 2020-08-09 19:00:08.536 - Mercury wrote numerous hits for Queen, including "Killer Queen", "Bohemian Rhapsody", "Somebody to Love", "We Are the Champions", "Don't Stop Me Now", and "Crazy Little Thing Called Love".
8004:123145980493824::Thread-159 2020-08-09 19:00:09.139 - His charismatic stage performances often saw him interact with the audience, as displayed at the 1985 Live Aid concert.
8004:123145980493824::Thread-159 2020-08-09 19:00:09.507 - He also led a solo career and served as a producer and guest musician for other artists.
8002:123145980493824::Thread-159 2020-08-09 19:00:09.729 - One of the largest and most difficult engineering projects ever undertaken, the Panama Canal shortcut greatly reduced the time for ships to travel between the Atlantic and Pacific oceans, enabling them to avoid the lengthy, hazardous Cape Horn route around the southernmost tip of South America via the Drake Passage or Strait of Magellan and the even less popular route through the Arctic Archipelago and the Bering Strait.
8004:123145980493824::Thread-159 2020-08-09 19:00:09.966 - Mercury died in 1991 at age 45 due to complications from AIDS.
8002:123145980493824::Thread-159 2020-08-09 19:00:10.409 - Colombia, France, and later the United States controlled the territory surrounding the canal during construction.
8004:123145980493824::Thread-159 2020-08-09 19:00:10.692 - He confirmed the day before his death that he had contracted the disease, having been diagnosed in 1987.
8002:123145980493824::Thread-159 2020-08-09 19:00:15.411 - **END**
8006:123145980493824::Thread-159 2020-08-09 19:00:16.2 - **END**
8004:123145980493824::Thread-159 2020-08-09 19:00:17.697 - **END**