8003:123146203443200::Thread-212 2020-08-09 18:59:27.308 - **START**
8003:123146203443200::Thread-212 2020-08-09 18:59:27.627 - Starting new HTTPS connection (1): en.wikipedia.org
8003:123146203443200::Thread-212 2020-08-09 18:59:32.182 - **END**
8004:123146203443200::Thread-212 2020-08-09 18:59:33.256 - **START**
8004:123146203443200::Thread-212 2020-08-09 18:59:34.123 - Starting new HTTPS connection (1): en.wikipedia.org
8003:123146203443200::Thread-212 2020-08-09 18:59:34.223 - **START**
8003:123146203443200::Thread-212 2020-08-09 18:59:35.014 - Starting new HTTPS connection (1): en.wikipedia.org
8004:123146203443200::Thread-212 2020-08-09 18:59:37.078 - Rowan Blanchard (born October 14, 2001) is an American actress.
8004:123146203443200::Thread-212 2020-08-09 18:59:37.782 - She is known for her role as Riley Matthews on the Disney Channel series Girl Meets World that aired from 2014 until 2017.
8004:123146203443200::Thread-212 2020-08-09 18:59:38.319 - From 2017 until 2018, she made recurred on The Goldbergs as Jackie Geary.
8004:123146203443200::Thread-212 2020-08-09 18:59:38.842 - Life and career


Early life
Blanchard was born in Los Angeles, California, to Elizabeth and Mark Blanchard-Boulbol, who are yoga instructors.
8005:123146203443200::Thread-212 2020-08-09 18:59:39.248 - **START**
8003:123146203443200::Thread-212 2020-08-09 18:59:39.268 - Epcot (stylized as EPCOT) is a theme park at the Walt Disney World Resort in Bay Lake, Florida.
8002:123146203443200::Thread-212 2020-08-09 18:59:39.366 - **START**
8004:123146203443200::Thread-212 2020-08-09 18:59:39.726 - Her paternal grandfather was an immigrant from the Middle East, who had paternal Syrian ancestry and maternal Armenian ancestry, and her paternal grandmother's ancestors are from England, Denmark, and Sweden.
8003:123146203443200::Thread-212 2020-08-09 18:59:40.353 - It is owned and operated by The Walt Disney Company through its Parks, Experiences and Products division.
8004:123146203443200::Thread-212 2020-08-09 18:59:40.803 - Her paternal great grandparents had met in Aleppo, present-day Syria.
8003:123146203443200::Thread-212 2020-08-09 18:59:40.909 - Inspired by an unrealized concept developed by Walt Disney, the park opened on October 1, 1982, as EPCOT Center, and was the second of four theme parks built at Walt Disney World, after the Magic Kingdom.
8005:123146203443200::Thread-212 2020-08-09 18:59:41.036 - Starting new HTTPS connection (1): en.wikipedia.org
8006:123146203443200::Thread-212 2020-08-09 18:59:41.274 - **START**
8003:123146203443200::Thread-212 2020-08-09 18:59:41.664 - Spanning 305 acres (1.23 km2), more than twice the size of the Magic Kingdom park, Epcot is dedicated to the celebration of human achievement, namely technological innovation and international culture, and is often referred to as a "permanent world's fair".Epcot was originally conceived by Walt Disney during the early development of Walt Disney World, as an experimental planned community that would serve as a center for American enterprise and urban living.
8004:123146203443200::Thread-212 2020-08-09 18:59:41.73 - She was named after a character in Anne Rice's The Witching Hour.
8004:123146203443200::Thread-212 2020-08-09 18:59:42.407 - Rowan has two younger siblings, Carmen and Shane.
8004:123146203443200::Thread-212 2020-08-09 18:59:42.635 - Career

Blanchard began acting in 2010 at the age of five, first being cast as Mona's daughter in The Back-up Plan and was in the main cast of the Disney Junior Original Series Dance-a-Lot Robot as Caitlin.
8006:123146203443200::Thread-212 2020-08-09 18:59:42.643 - Starting new HTTPS connection (1): en.wikipedia.org
8004:123146203443200::Thread-212 2020-08-09 18:59:43.194 - In 2011, she was cast as Rebecca Wilson in Spy Kids: All the Time in the World, and as Raquel Pacheco in Little in Common.
8004:123146203443200::Thread-212 2020-08-09 18:59:43.195 - **END**
8002:123146203443200::Thread-212 2020-08-09 18:59:43.281 - Starting new HTTPS connection (1): en.wikipedia.org
8003:123146203443200::Thread-212 2020-08-09 18:59:43.281 - Known as "EPCOT", the idea included an urban city center, residential areas, industrial areas, schools, and a series of mass transportation systems that would connect the community.
8003:123146203443200::Thread-212 2020-08-09 18:59:43.395 - After Disney's death in 1966, the "EPCOT" concept was abandoned as the company had uncertainty about the feasibility of maintaining an operating city.
8006:123146203443200::Thread-212 2020-08-09 18:59:44.815 - David (Hebrew: דָּוִד) is described in the Hebrew Bible as the third king of the United Monarchy of Israel and Judah, becoming king after Ish-bosheth.
8003:123146203443200::Thread-212 2020-08-09 18:59:44.923 - In the 1970s, WED Enterprises began developing a second theme park for the resort to supplement Magic Kingdom, as that park's popularity grew.
8002:123146203443200::Thread-212 2020-08-09 18:59:44.996 - The Papal Basilica of Saint Peter in the Vatican (Italian: Basilica Papale di San Pietro in Vaticano), or simply Saint Peter's Basilica (Latin: Basilica Sancti Petri), is a church built in the Renaissance style located in Vatican City, the papal enclave which is within the city of Rome.
8005:123146203443200::Thread-212 2020-08-09 18:59:45.448 - Grace Avery VanderWaal (born January 15, 2004) is an American singer-songwriter.
8002:123146203443200::Thread-212 2020-08-09 18:59:45.658 - Designed principally by Donato Bramante, Michelangelo, Carlo Maderno and Gian Lorenzo Bernini, St. Peter's is the most renowned work of Renaissance architecture and the largest church in the world.
8002:123146203443200::Thread-212 2020-08-09 18:59:46.048 - While it is neither the mother church of the Catholic Church nor the cathedral of the Diocese of Rome (these equivalent titles being held by the Archbasilica of Saint John Lateran in Rome), St. Peter's is regarded as one of the holiest Catholic shrines.
8006:123146203443200::Thread-212 2020-08-09 18:59:46.148 - In the Books of Samuel, David is a young shepherd who gains fame first as a musician and later by killing the enemy champion Goliath.
8003:123146203443200::Thread-212 2020-08-09 18:59:46.313 - The new park maintained the idea of showcasing modern innovation through avant-garde edutainment attractions, as well as the addition of a world nations exposition.
8002:123146203443200::Thread-212 2020-08-09 18:59:46.949 - It has been described as "holding a unique position in the Christian world" and as "the greatest of all churches of Christendom".Catholic tradition holds that the basilica is the burial site of Saint Peter, chief among Jesus's apostles and also the first Bishop of Rome (Pope).
8002:123146203443200::Thread-212 2020-08-09 18:59:47.434 - Saint Peter's tomb is supposedly directly below the high altar of the basilica.
8002:123146203443200::Thread-212 2020-08-09 18:59:47.486 - For this reason, many popes have been interred at St. Peter's since the Early Christian period.
8006:123146203443200::Thread-212 2020-08-09 18:59:47.6 - He becomes a favorite of King Saul and a close friend of Saul's son Jonathan.
8003:123146203443200::Thread-212 2020-08-09 18:59:47.739 - The newly-designed park, featuring two sections—Future World and World Showcase—opened as EPCOT Center in 1982.
8002:123146203443200::Thread-212 2020-08-09 18:59:47.884 - A church has stood on this site since the time of the Roman emperor Constantine the Great.
8004:123146203443200::Thread-212 2020-08-09 18:59:48.2 - **START**
8004:123146203443200::Thread-212 2020-08-09 18:59:48.207 - Starting new HTTPS connection (1): en.wikipedia.org
8006:123146203443200::Thread-212 2020-08-09 18:59:48.226 - Worried that David is trying to take his throne, Saul turns on David.
8006:123146203443200::Thread-212 2020-08-09 18:59:48.306 - After Saul and Jonathan are killed in battle, David is anointed as King.
8005:123146203443200::Thread-212 2020-08-09 18:59:48.336 - She earned wide notice at an early age and is known for her distinctive vocals, often accompanying herself on the ukulele.
8003:123146203443200::Thread-212 2020-08-09 18:59:48.532 - In 1994, the park was renamed to "Epcot", dropping the acronym and "Center" from the name.
8006:123146203443200::Thread-212 2020-08-09 18:59:50.193 - David conquers Jerusalem, taking the Ark of the Covenant into the city, and establishing the kingdom founded by Saul.
8006:123146203443200::Thread-212 2020-08-09 18:59:50.24 - As king, David commits adultery with Bathsheba, leading him to arrange the death of her husband Uriah the Hittite.
8005:123146203443200::Thread-212 2020-08-09 18:59:50.399 - VanderWaal began her musical career by posting videos of her original songs and covers on YouTube and performing at open mic nights near her hometown of Suffern, New York.
8006:123146203443200::Thread-212 2020-08-09 18:59:50.487 - David's son Absalom schemes to overthrow David.
8004:123146203443200::Thread-212 2020-08-09 18:59:50.648 - Ronald Jeremy Hyatt (born March 12, 1953) is an American pornographic actor, filmmaker, actor, and stand-up comedian.Nicknamed "The Hedgehog", Jeremy was ranked by AVN at No.
8006:123146203443200::Thread-212 2020-08-09 18:59:50.682 - David flees Jerusalem during Absalom's rebellion, but after Absalom's death he returns to the city to rule Israel.
8005:123146203443200::Thread-212 2020-08-09 18:59:51.848 - In September 2016, at age 12, she won the eleventh season of the NBC TV competition show America's Got Talent (AGT), singing her original songs.
8006:123146203443200::Thread-212 2020-08-09 18:59:52.349 - Because David shed much blood, God denies David the opportunity to build the temple.
8004:123146203443200::Thread-212 2020-08-09 18:59:53.348 - 1 in their "50 Top Porn Stars of All Time" list.
8004:123146203443200::Thread-212 2020-08-09 18:59:54.046 - Jeremy has also made a number of non-pornographic media appearances, and director Scott J. Gill filmed a documentary about him and his legacy, Porn Star: The Legend of Ron Jeremy, which was released in 2001.
8005:123146203443200::Thread-212 2020-08-09 18:59:54.563 - In December 2016, she released her first EP, Perfectly Imperfect, on the Columbia Records label.
8003:123146203443200::Thread-212 2020-08-09 18:59:55.533 - **END**
8002:123146203443200::Thread-212 2020-08-09 18:59:55.891 - **END**
8005:123146203443200::Thread-212 2020-08-09 18:59:56.123 - In November 2017, she released a full-length album, Just the Beginning.
8004:123146203443200::Thread-212 2020-08-09 18:59:56.42 - More than a dozen women have publicly accused Jeremy of sexual assault.
8004:123146203443200::Thread-212 2020-08-09 18:59:56.764 - Several of the allegations relate to his appearances at fan conventions, alleging that he would grope and insert his fingers into attendees without their consent.
8004:123146203443200::Thread-212 2020-08-09 18:59:56.795 - In June 2020, Jeremy was charged with sexual assault.
8006:123146203443200::Thread-212 2020-08-09 18:59:57.351 - **END**
8005:123146203443200::Thread-212 2020-08-09 18:59:58.243 - She released a second EP, Letters Vol 1, in November 2019.
8005:123146203443200::Thread-212 2020-08-09 18:59:59.068 - She has performed at the Planet Hollywood Resort & Casino in Las Vegas, Madison Square Garden, the opening and closing of the 2017 Special Olympics World Winter Games in Austria, various benefit concerts, the Austin City Limits Music Festival and on various television talk shows.
8004:123146203443200::Thread-212 2020-08-09 18:59:59.603 - Early life
Ronald Jeremy Hyatt was born in Queens, New York, to a middle-class Jewish family from Russia and Poland.
8004:123146203443200::Thread-212 2020-08-09 18:59:59.905 - His father, Arnold (born 1918) was a physicist, and his mother a book editor who served in the O.S.S.
8003:123146203443200::Thread-212 2020-08-09 19:00:00.535 - **START**
8003:123146203443200::Thread-212 2020-08-09 19:00:00.541 - Starting new HTTPS connection (1): en.wikipedia.org
8005:123146203443200::Thread-212 2020-08-09 19:00:00.827 - VanderWaal conducted her first concert tour in 2017 in support of Just the Beginning.
8004:123146203443200::Thread-212 2020-08-09 19:00:01.397 - during World War II, as she spoke fluent German and French.He graduated from Benjamin N. Cardozo High School.
8003:123146203443200::Thread-212 2020-08-09 19:00:02.146 - The Petronas Towers, also known as the Petronas Twin Towers (Malay: Menara Petronas, or Menara Berkembar Petronas), are twin skyscrapers in Kuala Lumpur, Malaysia.
8003:123146203443200::Thread-212 2020-08-09 19:00:02.262 - According to the Council on Tall Buildings and Urban Habitat (CTBUH)'s official definition and ranking, they were the tallest buildings in the world from 1998 to 2004, until they were surpassed by Taipei 101.
8003:123146203443200::Thread-212 2020-08-09 19:00:02.802 - The Petronas Towers remain the tallest twin towers in the world.
8004:123146203443200::Thread-212 2020-08-09 19:00:03.272 - Pornographic film career

Jeremy left the teaching profession (he called it his "ace in the hole") to pursue a legitimate acting career on Broadway.
8005:123146203443200::Thread-212 2020-08-09 19:00:03.395 - She next toured in mid-2018 with Imagine Dragons in their Evolve World Tour, and in 2019, after opening in a tour for Florence and the Machine, she headlined her own "Ur So Beautiful" tour.
8004:123146203443200::Thread-212 2020-08-09 19:00:03.637 - He has said that he learned then what it was like to be broke, making no money as an actor who "starved Off-Broadway" Jeremy soon found work posing for Playgirl after his then-girlfriend submitted his photo to the magazine.
8003:123146203443200::Thread-212 2020-08-09 19:00:03.722 - The buildings are a landmark of Kuala Lumpur, along with nearby Kuala Lumpur Tower; they remain the tallest buildings in Kuala Lumpur.
8003:123146203443200::Thread-212 2020-08-09 19:00:04.123 - History and architecture
The Petronas Towers' structural system is a tube in tube design, invented by Fazlur Rahman Khan.
8003:123146203443200::Thread-212 2020-08-09 19:00:04.712 - Applying a tube-structure for extreme tall buildings is a common phenomenon.The 88-floor towers are constructed largely of reinforced concrete, with a steel and glass facade designed to resemble motifs found in Islamic art, a reflection of Malaysia's Muslim religion.
8003:123146203443200::Thread-212 2020-08-09 19:00:05.533 - Another Islamic influence on the design is that the cross section of the towers is based on a Rub el Hizb, albeit with circular sectors added to meet office space requirements.
8003:123146203443200::Thread-212 2020-08-09 19:00:05.836 - The circular sectors is similar to the bottom part of the Qutub Minar.
8002:123146203443200::Thread-212 2020-08-09 19:00:05.897 - **START**
8002:123146203443200::Thread-212 2020-08-09 19:00:05.901 - Starting new HTTPS connection (1): en.wikipedia.org
8003:123146203443200::Thread-212 2020-08-09 19:00:06.392 - The towers were designed by Argentine architect César Pelli.
8002:123146203443200::Thread-212 2020-08-09 19:00:06.706 - Titanic is a 1997 American epic romance and disaster film directed, written, co-produced, and co-edited by James Cameron.
8003:123146203443200::Thread-212 2020-08-09 19:00:06.977 - A distinctive postmodern style was chosen to create a 21st-century icon for Kuala Lumpur, Malaysia.
8002:123146203443200::Thread-212 2020-08-09 19:00:07.589 - Incorporating both historical and fictionalized aspects, it is based on accounts of the sinking of the RMS Titanic, and stars Leonardo DiCaprio and Kate Winslet as members of different social classes who fall in love aboard the ship during its ill-fated maiden voyage.
8006:123146203443200::Thread-212 2020-08-09 19:00:08.354 - **START**
8006:123146203443200::Thread-212 2020-08-09 19:00:08.366 - Starting new HTTPS connection (1): en.wikipedia.org
8005:123146203443200::Thread-212 2020-08-09 19:00:09.399 - **END**
8006:123146203443200::Thread-212 2020-08-09 19:00:09.79 - LaGuardia Airport (IATA: LGA, ICAO: KLGA, FAA LID: LGA)  is an airport in Queens, New York.
8002:123146203443200::Thread-212 2020-08-09 19:00:09.905 - Cameron's inspiration for the film came from his fascination with shipwrecks; he felt a love story interspersed with the human loss would be essential to convey the emotional impact of the disaster.
8006:123146203443200::Thread-212 2020-08-09 19:00:10.249 - The airport is the third busiest airport serving New York City, and the twentieth busiest in the United States.
8002:123146203443200::Thread-212 2020-08-09 19:00:10.635 - Production began in 1995, when Cameron shot footage of the actual Titanic wreck.
8006:123146203443200::Thread-212 2020-08-09 19:00:10.903 - LaGuardia Airport covers 680 acres (280 ha).In 2016, LaGuardia Airport had a strong growth in passenger traffic; about 29.8 million passengers used the airport, a 14.2 percent increase from the previous year.
8004:123146203443200::Thread-212 2020-08-09 19:00:11.641 - **END**
8006:123146203443200::Thread-212 2020-08-09 19:00:11.768 - LGA is a hub for American Airlines and Delta Air Lines.
8006:123146203443200::Thread-212 2020-08-09 19:00:12.264 - A perimeter rule prohibits nonstop flights to or from points beyond 1,500 miles (2,400 km), but exceptions to the perimeter rule are flights on Saturdays and flights to Denver.
8002:123146203443200::Thread-212 2020-08-09 19:00:12.451 - The modern scenes on the research vessel were shot on board the Akademik Mstislav Keldysh, which Cameron had used as a base when filming the wreck.
8002:123146203443200::Thread-212 2020-08-09 19:00:12.583 - Scale models, computer-generated imagery, and a reconstruction of the Titanic built at Baja Studios were used to re-create the sinking.
8006:123146203443200::Thread-212 2020-08-09 19:00:13.16 - International flights without border preclearance must use the nearby JFK or Newark airports, as there is no border control facility at the airport.Glenn H. Curtiss Airport (named after aviation pioneer Glenn Hammond Curtiss), later renamed North Beach Airport, was the earlier airport at this location.
8002:123146203443200::Thread-212 2020-08-09 19:00:13.405 - The film was co-financed by Paramount Pictures and 20th Century Fox; the former handled distribution in North America while the latter released the film internationally.
8006:123146203443200::Thread-212 2020-08-09 19:00:13.528 - The name was changed after New York City's takeover and reconstruction to New York Municipal Airport–LaGuardia Field, and in 1953 became "LaGuardia Airport", named for Fiorello La Guardia, the mayor of New York City when the airport was built.
8006:123146203443200::Thread-212 2020-08-09 19:00:14.321 - LaGuardia has been extensively criticized for its outdated facilities, lack of cleanliness, cramped building design, and poor customer service, among other problems.
8006:123146203443200::Thread-212 2020-08-09 19:00:14.56 - The airport has been ranked in numerous customer surveys as the worst in the United States.
8003:123146203443200::Thread-212 2020-08-09 19:00:14.982 - **END**
8006:123146203443200::Thread-212 2020-08-09 19:00:15.434 - Among pilots, it is referred to as "USS LaGuardia", because the runways are short and surrounded by water, thus giving the feel of landing on an aircraft carrier.
8002:123146203443200::Thread-212 2020-08-09 19:00:15.573 - It was the most expensive film ever made at the time, with a production budget of $200 million.
8002:123146203443200::Thread-212 2020-08-09 19:00:18.384 - Upon its release on December 19, 1997, Titanic achieved significant critical and commercial success.
8002:123146203443200::Thread-212 2020-08-09 19:00:20.565 - Nominated for 14 Academy Awards, it tied All About Eve (1950) for the most Oscar nominations, and won 11, including the awards for Best Picture and Best Director, tying Ben-Hur (1959) for the most Oscars won by a single film.
8006:123146203443200::Thread-212 2020-08-09 19:00:21.44 - **END**
8002:123146203443200::Thread-212 2020-08-09 19:00:27.57 - **END**