8005:123145580867584::Thread-64 2020-08-09 18:59:29.207 - **START**
8002:123145580867584::Thread-64 2020-08-09 18:59:29.341 - **START**
8002:123145580867584::Thread-64 2020-08-09 18:59:29.443 - Starting new HTTPS connection (1): en.wikipedia.org
8005:123145580867584::Thread-64 2020-08-09 18:59:29.441 - Starting new HTTPS connection (1): en.wikipedia.org
8005:123145580867584::Thread-64 2020-08-09 18:59:31.293 - Yara Sayeh Shahidi (born February 10, 2000) is an American actress, model, and activist.
8005:123145580867584::Thread-64 2020-08-09 18:59:31.528 - She gained recognition for her starring role as the oldest daughter Zoey Johnson on the sitcom Black-ish (2014–present) and its spin-off series Grown-ish (2018–present).
8005:123145580867584::Thread-64 2020-08-09 18:59:31.754 - Her film credits include Imagine That (2009), Smallfoot (2018), and the lead role in The Sun Is Also a Star (2019).
8002:123145580867584::Thread-64 2020-08-09 18:59:32.084 - Nero ( NEER-oh; Nero Claudius Caesar Augustus Germanicus; 15 December 37 – 9 June 68 AD) was Roman emperor from 54 to 68, the last ruler of the Julio-Claudian dynasty.
8002:123145580867584::Thread-64 2020-08-09 18:59:32.501 - Born Lucius Domitius Ahenobarbus, he was the son of Gnaeus Domitius Ahenobarbus and Agrippina the Younger, the sister of Emperor Caligula.
8002:123145580867584::Thread-64 2020-08-09 18:59:33.429 - Nero's father died in 40, and his uncle was murdered in 41.
8005:123145580867584::Thread-64 2020-08-09 18:59:33.514 - Time included her on "The 30 Most Influential Teens of 2016" list.
8005:123145580867584::Thread-64 2020-08-09 18:59:33.965 - Early life
Yara Sayeh Shahidi was born in Minneapolis, Minnesota, the daughter of Keri Salter Shahidi and Afshin Shahidi, a photographer.
8002:123145580867584::Thread-64 2020-08-09 18:59:34.089 - Nero's great-uncle Claudius then ascended the throne.
8002:123145580867584::Thread-64 2020-08-09 18:59:34.569 - Agrippina married Claudius, who adopted Nero as his heir.
8002:123145580867584::Thread-64 2020-08-09 18:59:34.713 - Nero succeeded Claudius upon the latter's death in 54.
8005:123145580867584::Thread-64 2020-08-09 18:59:35.071 - Her father is Iranian, and her mother is African-American.
8004:123145580867584::Thread-64 2020-08-09 18:59:35.22 - **START**
8002:123145580867584::Thread-64 2020-08-09 18:59:35.426 - During the early years of his reign, Nero was content to be guided by his mother Agrippina, his tutor Seneca, and his Praetorian prefect Sextus Afranius Burrus.
8005:123145580867584::Thread-64 2020-08-09 18:59:35.698 - The family moved to California for Afshin's work when Yara was 4 years old.
8006:123145580867584::Thread-64 2020-08-09 18:59:36.241 - **START**
8003:123145580867584::Thread-64 2020-08-09 18:59:36.248 - **START**
8002:123145580867584::Thread-64 2020-08-09 18:59:36.433 - Agrippina dominated Nero's early life and decisions until he cast her off and had her killed five years into his reign.
8002:123145580867584::Thread-64 2020-08-09 18:59:36.475 - As time passed, he began to play a more active and independent role in government and foreign policy.
8006:123145580867584::Thread-64 2020-08-09 18:59:36.551 - Starting new HTTPS connection (1): en.wikipedia.org
8003:123145580867584::Thread-64 2020-08-09 18:59:36.618 - Starting new HTTPS connection (1): en.wikipedia.org
8002:123145580867584::Thread-64 2020-08-09 18:59:36.802 - During his reign, the redoubtable general Corbulo conducted a successful war and negotiated peace with the Parthian Empire.
8005:123145580867584::Thread-64 2020-08-09 18:59:37.413 - She is the older sister of child actor and model Sayeed Shahidi and they have a younger brother, Ehsan.
8005:123145580867584::Thread-64 2020-08-09 18:59:37.831 - Keri Shahidi states the name Yara means in Persian "Someone who is close to your heart", the name Sayeed means "Blessing", and Ehsan means "To act as though God is watching".
8005:123145580867584::Thread-64 2020-08-09 18:59:38.83 - The rapper Nas is their once-removed cousin.
8004:123145580867584::Thread-64 2020-08-09 18:59:39.737 - Starting new HTTPS connection (1): en.wikipedia.org
8003:123145580867584::Thread-64 2020-08-09 18:59:40.189 - Finn Wolfhard (born December 23, 2002) is a Canadian actor, musician, screenwriter and director.
8006:123145580867584::Thread-64 2020-08-09 18:59:40.558 - Mumbai (English: , Marathi: [ˈmumbəi]; colloquially known as Bombay , the official name until 1995) is the capital city of the Indian state of Maharashtra.
8002:123145580867584::Thread-64 2020-08-09 18:59:40.803 - **END**
8006:123145580867584::Thread-64 2020-08-09 18:59:40.981 - According to United Nations, as of 2018, Mumbai is the most populous city in the country and the seventh-most populous city in the world with a population of roughly 20 million.
8006:123145580867584::Thread-64 2020-08-09 18:59:42.007 - As per Indian government population census of 2011, Mumbai is the most populous city in India with an estimated city proper population of 12.5 million living under Municipal Corporation of Greater Mumbai.
8003:123145580867584::Thread-64 2020-08-09 18:59:42.086 - His acting roles include Mike Wheeler in the Netflix series Stranger Things (2016–present), for which he has won Screen Actors Guild Award for Outstanding Performance by an Ensemble in a Drama Series out of three nominations.
8006:123145580867584::Thread-64 2020-08-09 18:59:42.626 - Mumbai is the centre of the Mumbai Metropolitan Region, the sixth most populous metropolitan area in the world with a population of over 23 million.
8003:123145580867584::Thread-64 2020-08-09 18:59:43.804 - His film roles include Richie Tozier in the film adaptation of Stephen King's horror novel It (2017) and its sequel It: Chapter Two (2019), Boris Pavlivosky in the drama film The Goldfinch (2019), the voice of Pugsley Addams in The Addams Family (2019), and Trevor in the upcoming supernatural film Ghostbusters: Afterlife (2021).
8006:123145580867584::Thread-64 2020-08-09 18:59:43.849 - Mumbai lies on the Konkan coast on the west coast of India and has a deep natural harbour.
8004:123145580867584::Thread-64 2020-08-09 18:59:44.874 - George Bush Intercontinental Airport (IATA: IAH, ICAO: KIAH, FAA LID: IAH) is an international airport in Houston, Texas, United States, under class B airspace, serving the Greater Houston metropolitan area.
8005:123145580867584::Thread-64 2020-08-09 18:59:45.838 - **END**
8003:123145580867584::Thread-64 2020-08-09 18:59:46.261 - Wolfhard will make his directorial debut with the comedy short film  Night Shifts (2020).
8006:123145580867584::Thread-64 2020-08-09 18:59:46.398 - In 2008, Mumbai was named an alpha world city.
8004:123145580867584::Thread-64 2020-08-09 18:59:46.56 - Located about 23 miles (37 km) north of Downtown Houston, between Interstate 45 and Interstate 69/U.S.
8003:123145580867584::Thread-64 2020-08-09 18:59:48.022 - As a musician, he was the lead vocalist and guitarist for the rock band Calpurnia, and is currently a member of The Aubreys.
8006:123145580867584::Thread-64 2020-08-09 18:59:48.356 - It has the highest number of millionaires and billionaires among all cities in India.
8004:123145580867584::Thread-64 2020-08-09 18:59:48.738 - Highway 59 with direct access to the Hardy Toll Road expressway, George Bush Intercontinental Airport has scheduled flights to a large number of domestic destinations, and is the second busiest airport in Texas.
8006:123145580867584::Thread-64 2020-08-09 18:59:48.786 - Mumbai is home to three UNESCO World Heritage Sites: the Elephanta Caves, Chhatrapati Shivaji Maharaj Terminus, and the city's distinctive ensemble of Victorian and Art Deco buildings.The seven islands that constitute Mumbai were originally home to communities of Marathi language speaking Koli people,  For centuries, the islands were under the control of successive indigenous empires before being ceded to the Portuguese Empire and subsequently to the East India Company when in 1661 Charles II of England married Catherine of Braganza and as part of her dowry Charles received the ports of Tangier and Seven Islands of Bombay.
8006:123145580867584::Thread-64 2020-08-09 18:59:49.498 - During the mid-18th century, Bombay was reshaped by the Hornby Vellard project, which undertook reclamation of the area between the seven islands from the sea.
8005:123145580867584::Thread-64 2020-08-09 18:59:49.84 - **START**
8005:123145580867584::Thread-64 2020-08-09 18:59:49.844 - Starting new HTTPS connection (1): en.wikipedia.org
8004:123145580867584::Thread-64 2020-08-09 18:59:50.082 - The airport, originally named "Houston Intercontinental Airport", was later renamed after George H. W. Bush, the 41st President of the United States.In 2019, the airport served 45,264,059 passengers, making it the 47th busiest airport in the world, and the 14th busiest airport in the United States.
8003:123145580867584::Thread-64 2020-08-09 18:59:50.42 - Early life
Wolfhard was born in Vancouver, British Columbia, Canada, to a family of French, German, and Jewish descent.
8005:123145580867584::Thread-64 2020-08-09 18:59:50.55 - Seattle ( (listen) see-AT-əl) is a seaport city on the West Coast of the United States.
8006:123145580867584::Thread-64 2020-08-09 18:59:50.699 - Along with construction of major roads and railways, the reclamation project, completed in 1845, transformed Bombay into a major seaport on the Arabian Sea.
8003:123145580867584::Thread-64 2020-08-09 18:59:50.873 - He attends Catholic school.
8004:123145580867584::Thread-64 2020-08-09 18:59:52.059 - IAH covers 10,000 acres (40.5 km2.)
8005:123145580867584::Thread-64 2020-08-09 18:59:52.153 - It is the seat of King County, Washington.
8003:123145580867584::Thread-64 2020-08-09 18:59:52.965 - His father, Eric Wolfhard, is a researcher on aboriginal land claims.
8005:123145580867584::Thread-64 2020-08-09 18:59:53.155 - Seattle is the largest city in both the state of Washington and the Pacific Northwest region of North America.
8005:123145580867584::Thread-64 2020-08-09 18:59:53.258 - According to U.S. Census data released in 2019, the Seattle metropolitan area's population stands at 3.98 million, and ranks as the 15th-largest in the United States.
8005:123145580867584::Thread-64 2020-08-09 18:59:53.503 - In July 2013, it was the fastest-growing major city in the United States and remained in the top 5 in May 2015 with an annual growth rate of 2.1%.
8005:123145580867584::Thread-64 2020-08-09 18:59:54.848 - In July 2016, Seattle was again the fastest-growing major U.S. city, with a 3.1% annual growth rate.Seattle is situated on an isthmus between Puget Sound (an inlet of the Pacific Ocean) and Lake Washington.
8004:123145580867584::Thread-64 2020-08-09 18:59:55.009 - of land and has five runways.Houston Intercontinental is the second largest passenger hub for United Airlines behind Chicago–O'Hare.
8003:123145580867584::Thread-64 2020-08-09 18:59:55.453 - He has an older brother, actor Nick Wolfhard.
8006:123145580867584::Thread-64 2020-08-09 18:59:55.7 - **END**
8002:123145580867584::Thread-64 2020-08-09 18:59:55.805 - **START**
8002:123145580867584::Thread-64 2020-08-09 18:59:55.809 - Starting new HTTPS connection (1): en.wikipedia.org
8005:123145580867584::Thread-64 2020-08-09 18:59:56.4 - It is the northernmost large city in the United States, located about 100 miles (160 km) south of the Canadian border.
8002:123145580867584::Thread-64 2020-08-09 18:59:56.526 - Clinton Eastwood Jr. (born May 31, 1930) is an American actor, film director, producer, and composer.
8003:123145580867584::Thread-64 2020-08-09 18:59:56.948 - Career


Acting
Wolfhard got his first acting job from Craigslist.
8002:123145580867584::Thread-64 2020-08-09 18:59:56.959 - After achieving success in the Western TV series Rawhide, he rose to international fame with his role as the "Man with No Name" in Sergio Leone's Dollars Trilogy of Spaghetti Westerns during the 1960s, and as antihero cop Harry Callahan in the five Dirty Harry films throughout the 1970s and 1980s.
8002:123145580867584::Thread-64 2020-08-09 18:59:57.674 - These roles, among others, have made Eastwood an enduring cultural icon of masculinity.An Academy Award nominee for Best Actor, Eastwood won Best Director and Best Picture for his Western film Unforgiven (1992) and his sports drama Million Dollar Baby (2004).
8005:123145580867584::Thread-64 2020-08-09 18:59:57.774 - A major gateway for trade with Asia, Seattle is the fourth-largest port in North America in terms of container handling as of 2015.The Seattle area was inhabited by Native Americans for at least 4,000 years before the first permanent European settlers.
8004:123145580867584::Thread-64 2020-08-09 18:59:57.842 - Under operations as United Express, ExpressJet, Mesa Airlines, Republic Airways, and SkyWest Airlines operate hub operations from IAH.
8002:123145580867584::Thread-64 2020-08-09 18:59:58.414 - His greatest commercial successes are the adventure comedy Every Which Way but Loose (1978) and its action comedy sequel, Any Which Way You Can (1980).
8005:123145580867584::Thread-64 2020-08-09 18:59:58.465 - Arthur A. Denny and his group of travelers, subsequently known as the Denny Party, arrived from Illinois via Portland, Oregon, on the schooner Exact at Alki Point on November 13, 1851.
8002:123145580867584::Thread-64 2020-08-09 18:59:59.364 - Other popular Eastwood films include the Westerns Hang 'Em High (1968) and Pale Rider (1985), the prison film Escape from Alcatraz (1979), the war film Heartbreak Ridge (1986), the action film In the Line of Fire (1993), and the romantic drama The Bridges of Madison County (1995).
8002:123145580867584::Thread-64 2020-08-09 18:59:59.522 - More recent works are Gran Torino (2008) and The Mule (2018).
8002:123145580867584::Thread-64 2020-08-09 18:59:59.889 - From 1967 to 2020, Eastwood's company Malpaso Productions has produced all but four of his American films.
8004:123145580867584::Thread-64 2020-08-09 19:00:00.061 - It served as a hub for Houston-based Texas International Airlines and commuter air carrier Metro Airlines, which was also based in the Houston area and started its first flights when Intercontinental opened in 1969.
8005:123145580867584::Thread-64 2020-08-09 19:00:00.154 - The settlement was moved to the eastern shore of Elliott Bay and named "Seattle" in 1852, in honor of Chief Si'ahl of the local Duwamish and Suquamish tribes.
8002:123145580867584::Thread-64 2020-08-09 19:00:00.399 - In addition to directing many of his own star vehicles, Eastwood has also directed films in which he did not appear, such as the mystery drama Mystic River (2003) and the war film Letters from Iwo Jima (2006), for which he received Academy Award nominations, the drama Changeling (2008), and the biographical sports drama Invictus (2009).
8004:123145580867584::Thread-64 2020-08-09 19:00:00.489 - The airport also serves as a hub for Atlas Air, which hosts a crew base, maintenance, and cargo logistics.
8002:123145580867584::Thread-64 2020-08-09 19:00:00.71 - The war drama biopic American Sniper (2014) set box-office records for the largest January release ever and was also the largest opening ever for an Eastwood film.
8005:123145580867584::Thread-64 2020-08-09 19:00:01.156 - **END**
8004:123145580867584::Thread-64 2020-08-09 19:00:02.769 - IAH became the first airport in North America to have nonstop flights to every inhabited continent in 2017, with the addition of Air New Zealand, but lost this claim when Atlas Air ended their nonstop flight to Luanda.
8004:123145580867584::Thread-64 2020-08-09 19:00:05.265 - The airport regained this title in December 2019 when Ethiopian Airlines launched service to Lomé in Togo and Addis Ababa in Ethiopia Africa.
8002:123145580867584::Thread-64 2020-08-09 19:00:05.711 - **END**
8004:123145580867584::Thread-64 2020-08-09 19:00:05.899 - History

A group of Houston businessmen purchased the site for Bush Intercontinental Airport in 1957 to preserve it until the city of Houston could formulate a plan for a new airport as a replacement for William P. Hobby Airport (at the time known as Houston International Airport).
8003:123145580867584::Thread-64 2020-08-09 19:00:05.954 - **END**
8006:123145580867584::Thread-64 2020-08-09 19:00:06.706 - **START**
8006:123145580867584::Thread-64 2020-08-09 19:00:06.711 - Starting new HTTPS connection (1): en.wikipedia.org
8004:123145580867584::Thread-64 2020-08-09 19:00:07.148 - The holding company for the land was named the Jet Era Ranch Corporation, but a typographical error transformed the words "Jet Era" into "Jetero" and the airport site subsequently became known as the Jetero airport site.
8006:123145580867584::Thread-64 2020-08-09 19:00:08.082 - Ireland ( (listen); Irish: Éire [ˈeːɾʲə] (listen); Ulster-Scots: Airlann [ˈɑːrlən]) is an island in the North Atlantic.
8006:123145580867584::Thread-64 2020-08-09 19:00:08.324 - It is separated from Great Britain to its east by the North Channel, the Irish Sea, and St George's Channel.
8006:123145580867584::Thread-64 2020-08-09 19:00:08.916 - Ireland is the second-largest island of the British Isles, the third-largest in Europe, and the twentieth-largest on Earth.Geopolitically, Ireland is divided between the Republic of Ireland (officially named Ireland), which covers five-sixths of the island, and Northern Ireland, which is part of the United Kingdom.
8006:123145580867584::Thread-64 2020-08-09 19:00:09.022 - In 2011, the population of Ireland was about 6.6 million, ranking it the second-most populous island in Europe after Great Britain.
8006:123145580867584::Thread-64 2020-08-09 19:00:10.018 - As of 2016, 4.8 million live in the Republic of Ireland, and 1.8 million live in Northern Ireland.The geography of Ireland comprises relatively low-lying mountains surrounding a central plain, with several navigable rivers extending inland.
8004:123145580867584::Thread-64 2020-08-09 19:00:10.15 - **END**
8006:123145580867584::Thread-64 2020-08-09 19:00:10.588 - Its lush vegetation is a product of its mild but changeable climate which is free of extremes in temperature.
8006:123145580867584::Thread-64 2020-08-09 19:00:10.905 - Much of Ireland was woodland until the end of the Middle Ages.
8006:123145580867584::Thread-64 2020-08-09 19:00:11.683 - Today, woodland makes up about 10% of the island, compared with a European average of over 33%, and most of it is non-native conifer plantations.
8005:123145580867584::Thread-64 2020-08-09 19:00:12.161 - **START**
8005:123145580867584::Thread-64 2020-08-09 19:00:12.167 - Starting new HTTPS connection (1): en.wikipedia.org
8006:123145580867584::Thread-64 2020-08-09 19:00:12.521 - There are twenty-six extant land mammal species native to Ireland.
8006:123145580867584::Thread-64 2020-08-09 19:00:12.722 - The Irish climate is influenced by the Atlantic Ocean and thus very moderate, and winters are milder than expected for such a northerly area, although summers are cooler than those in continental Europe.
8005:123145580867584::Thread-64 2020-08-09 19:00:13.544 - Noah Schnapp (born October 3, 2004) is a Canadian-American actor.
8005:123145580867584::Thread-64 2020-08-09 19:00:15.114 - He played Will Byers in the Netflix science fiction horror web television series Stranger Things, for which he won a Screen Actors Guild Award for Outstanding Performance by an Ensemble in a Drama Series.
8005:123145580867584::Thread-64 2020-08-09 19:00:16.931 - His film roles include Roger Donovan in Steven Spielberg's historical drama Bridge of Spies (2015) and the voice of Charlie Brown in the animated The Peanuts Movie (2015).
8005:123145580867584::Thread-64 2020-08-09 19:00:17.878 - Early life
Schnapp was born in Scarsdale, New York to Mitchell and Karine Schnapp (née Peretz).
8005:123145580867584::Thread-64 2020-08-09 19:00:18.203 - He has a twin sister named Chloe.
8005:123145580867584::Thread-64 2020-08-09 19:00:19.86 - Schnapp is Jewish, and had his Bar Mitzvah in Israel.
8005:123145580867584::Thread-64 2020-08-09 19:00:20.117 - His family is from Montreal, Quebec, Canada, and he visits the city often.
8005:123145580867584::Thread-64 2020-08-09 19:00:20.429 - His mother is of Moroccan Jewish descent.
8006:123145580867584::Thread-64 2020-08-09 19:00:20.725 - **END**
8005:123145580867584::Thread-64 2020-08-09 19:00:21.425 - He has Canadian citizenship.
8005:123145580867584::Thread-64 2020-08-09 19:00:22.109 - Schnapp's desire for acting started when he was about 5 years old after watching the Broadway production of Annie.
8005:123145580867584::Thread-64 2020-08-09 19:00:23.111 - **END**