8003:123146329640960::Thread-242 2020-08-09 18:59:30.492 - **START**
8002:123146329640960::Thread-242 2020-08-09 18:59:31.369 - **START**
8003:123146329640960::Thread-242 2020-08-09 18:59:31.91 - Starting new HTTPS connection (1): en.wikipedia.org
8002:123146329640960::Thread-242 2020-08-09 18:59:31.969 - Starting new HTTPS connection (1): en.wikipedia.org
8003:123146329640960::Thread-242 2020-08-09 18:59:33.507 - Kobe Bean Bryant ( KOH-bee; August 23, 1978 – January 26, 2020) was an American professional basketball player for the Los Angeles Lakers in the National Basketball Association (NBA).
8003:123146329640960::Thread-242 2020-08-09 18:59:33.78 - As a shooting guard, he entered the league directly from high school, and played his entire 20-season professional career with the Lakers.
8002:123146329640960::Thread-242 2020-08-09 18:59:34.894 - Heath Andrew Ledger (4 April 1979 – 22 January 2008) was an Australian actor, photographer and music video director.
8002:123146329640960::Thread-242 2020-08-09 18:59:34.97 - After performing roles in several Australian television and film productions during the 1990s, Ledger left for the United States in 1998 to further develop his film career.
8005:123146329640960::Thread-242 2020-08-09 18:59:35.256 - **START**
8002:123146329640960::Thread-242 2020-08-09 18:59:35.926 - His work consisted of nineteen films, including 10 Things I Hate About You (1999), The Patriot (2000), A Knight's Tale (2001), Monster's Ball (2001), Lords of Dogtown (2005), Brokeback Mountain (2005), Candy (2006), The Dark Knight (2008), and The Imaginarium of Doctor Parnassus (2009), the latter two being posthumous releases.
8003:123146329640960::Thread-242 2020-08-09 18:59:36.115 - Bryant won many accolades: five NBA championships, 18-time All-Star, 15-time member of the All-NBA Team, 12-time member of the All-Defensive Team, 2008 NBA Most Valuable Player (MVP), two-time NBA Finals MVP winner.
8003:123146329640960::Thread-242 2020-08-09 18:59:36.189 - Widely regarded as one of the greatest players of all time, he led the NBA in scoring during two seasons, ranks fourth on the league's all-time regular season scoring and all-time postseason scoring lists.
8004:123146329640960::Thread-242 2020-08-09 18:59:36.262 - **START**
8002:123146329640960::Thread-242 2020-08-09 18:59:36.513 - He also produced and directed music videos and aspired to be a film director.For his portrayal of Ennis Del Mar in Brokeback Mountain, Ledger won the New York Film Critics Circle Award for Best Actor and the Best International Actor Award from the Australian Film Institute; he was the first actor to win the latter award posthumously.
8002:123146329640960::Thread-242 2020-08-09 18:59:36.916 - He was nominated for the BAFTA Award for Best Actor in a Leading Role and the Academy Award for Best Actor.
8006:123146329640960::Thread-242 2020-08-09 18:59:37.292 - **START**
8006:123146329640960::Thread-242 2020-08-09 18:59:37.507 - Starting new HTTPS connection (1): en.wikipedia.org
8003:123146329640960::Thread-242 2020-08-09 18:59:37.517 - Bryant first played basketball seriously in Italy, where he spent more than seven years as a child after his father, former NBA player Joe Bryant, moved to the country to continue playing professionally.
8002:123146329640960::Thread-242 2020-08-09 18:59:37.809 - Posthumously, he shared the 2007 Independent Spirit Robert Altman Award with the rest of the ensemble cast, the director, and the casting director for the film I'm Not There, which was inspired by the life and songs of American singer-songwriter Bob Dylan.
8002:123146329640960::Thread-242 2020-08-09 18:59:37.876 - In the film, Ledger portrayed a fictional actor named Robbie Clark, one of six characters embodying aspects of Dylan's life and persona.Ledger died on 22 January 2008 due to an accidental overdose of prescription medications.
8002:123146329640960::Thread-242 2020-08-09 18:59:38.15 - A few months before his death, Ledger had finished filming his performance as the Joker in The Dark Knight.
8005:123146329640960::Thread-242 2020-08-09 18:59:38.081 - Starting new HTTPS connection (1): en.wikipedia.org
8002:123146329640960::Thread-242 2020-08-09 18:59:38.851 - At the time of his death, The Dark Knight was in its editing phase, and The Imaginarium of Doctor Parnassus was in the midst of filming, in which he was playing his last role as Tony.
8002:123146329640960::Thread-242 2020-08-09 18:59:39.223 - His untimely death also affected the subsequent promotion of The Dark Knight.
8002:123146329640960::Thread-242 2020-08-09 18:59:39.224 - **END**
8004:123146329640960::Thread-242 2020-08-09 18:59:39.674 - Starting new HTTPS connection (1): en.wikipedia.org
8003:123146329640960::Thread-242 2020-08-09 18:59:39.717 - Bryant later attended Lower Merion High School in Pennsylvania, where he was recognized as the top high-school basketball player in the country.
8006:123146329640960::Thread-242 2020-08-09 18:59:40.487 - Emmanuel "Manny" Dapidran Pacquiao, CLH ( PAK-ee-ow; born December 17, 1978) is a Filipino professional boxer and Senator of the Phillippines.
8006:123146329640960::Thread-242 2020-08-09 18:59:41.021 - Nicknamed "PacMan", he is regarded as one of the greatest professional boxers of all time.
8003:123146329640960::Thread-242 2020-08-09 18:59:41.209 - Upon graduation, he declared for the 1996 NBA draft and was selected by the Charlotte Hornets with the 13th overall pick; the Hornets then traded him to the Lakers.
8006:123146329640960::Thread-242 2020-08-09 18:59:41.74 - He was elected as Senator of the Phillippines in 2016 and is serving a 6 year term.
8006:123146329640960::Thread-242 2020-08-09 18:59:42.473 - Manny Pacquiao is the only eight-division world champion in the history of boxing, and has won twelve major world titles.
8006:123146329640960::Thread-242 2020-08-09 18:59:43.313 - He was the first boxer to win the lineal championship in five different weight classes, the first boxer to win major world titles in four of the eight "glamour divisions": flyweight, featherweight, lightweight, and welterweight, and is the only boxer to hold world championships across four decades (1990s, 2000s, 2010s, and 2020s).As of 2015, Pacquiao's fights had generated $1.2 billion in revenue from his 25 pay-per-view bouts.
8006:123146329640960::Thread-242 2020-08-09 18:59:43.732 - According to Forbes, he was the second highest paid athlete in the world in 2015.In July 2019, Pacquiao became the oldest welterweight world champion in history at the age of 40, and the first boxer in history to become a recognized four-time welterweight champion after defeating Keith Thurman to win the WBA (Super) welterweight title.
8003:123146329640960::Thread-242 2020-08-09 18:59:43.791 - As a rookie, Bryant earned himself a reputation as a high-flyer and a fan favorite by winning the 1997 Slam Dunk Contest, and he was named an All-Star by his second season.
8003:123146329640960::Thread-242 2020-08-09 18:59:43.917 - Despite a feud with teammate Shaquille O'Neal, the pair led the Lakers to three consecutive NBA championships from 2000 to 2002.
8004:123146329640960::Thread-242 2020-08-09 18:59:44.178 - The Walking Dead is an American post-apocalyptic horror television series for AMC based on the comic book series by Robert Kirkman, Tony Moore, and Charlie Adlard.
8006:123146329640960::Thread-242 2020-08-09 18:59:44.247 - Early life and amateur career
Pacquiao was born and raised in Kibawe, Bukidnon, Philippines.
8005:123146329640960::Thread-242 2020-08-09 18:59:44.816 - The Louvre (English:  LOOV(-rə)), or the Louvre Museum (French: Musée du Louvre [myze dy luvʁ] (listen)), is the world's  largest art museum and a historic monument in Paris, France.
8006:123146329640960::Thread-242 2020-08-09 18:59:44.99 - He is the son of Rosalio Pacquiao and Dionisia Dapidran-Pacquiao.
8004:123146329640960::Thread-242 2020-08-09 18:59:45.054 - The series features a large ensemble cast as survivors of a zombie apocalypse, trying to stay alive under near-constant threat of attacks from zombies, colloquially known as "walkers".
8003:123146329640960::Thread-242 2020-08-09 18:59:45.338 - In 2003, Bryant was accused of sexual assault by a 19-year-old hotel clerk.
8006:123146329640960::Thread-242 2020-08-09 18:59:45.765 - His parents separated when he was in sixth grade, after his father had an affair.
8005:123146329640960::Thread-242 2020-08-09 18:59:46.159 - A central landmark of the city, it is located on the Right Bank of the Seine in the city's 1st arrondissement (district or ward).
8006:123146329640960::Thread-242 2020-08-09 18:59:46.331 - He is the fourth of six siblings, one of whom, Alberto "Bobby" Pacquiao, is also a politician and former professional boxer.
8004:123146329640960::Thread-242 2020-08-09 18:59:46.949 - However, with the fall of humanity, these survivors also face conflict from other living survivors who have formed groups and communities with their own sets of laws and morals, often leading to hostile conflict between the human communities.
8005:123146329640960::Thread-242 2020-08-09 18:59:48.811 - Approximately 38,000 objects from prehistory to the 21st century are exhibited over an area of 72,735 square meters (782,910 square feet).
8004:123146329640960::Thread-242 2020-08-09 18:59:49.547 - Andrew Lincoln played the series's lead character, Rick Grimes, until his departure during the ninth season.
8002:123146329640960::Thread-242 2020-08-09 18:59:50.227 - **START**
8002:123146329640960::Thread-242 2020-08-09 18:59:50.231 - Starting new HTTPS connection (1): en.wikipedia.org
8003:123146329640960::Thread-242 2020-08-09 18:59:50.341 - **END**
8004:123146329640960::Thread-242 2020-08-09 18:59:50.613 - Other long-standing cast members have included Norman Reedus, Steven Yeun, Chandler Riggs, Melissa McBride, Lauren Cohan, Danai Gurira, Josh McDermitt and Christian Serratos.
8002:123146329640960::Thread-242 2020-08-09 18:59:51.168 - Guns N' Roses, often abbreviated as GNR, is an American hard rock band from Los Angeles, California, formed in 1985.
8005:123146329640960::Thread-242 2020-08-09 18:59:51.168 - In 2019, the Louvre received 9.6 million visitors, making it the most visited museum in the world.The museum is housed in the Louvre Palace, originally built as the Louvre castle in the late 12th to 13th century under Philip II.
8006:123146329640960::Thread-242 2020-08-09 18:59:51.333 - **END**
8004:123146329640960::Thread-242 2020-08-09 18:59:51.562 - The series is exclusively broadcast on AMC in the United States and internationally through the Fox Networks Group.
8002:123146329640960::Thread-242 2020-08-09 18:59:51.589 - When they signed to Geffen Records in 1986, the band comprised vocalist Axl Rose, lead guitarist Slash, rhythm guitarist Izzy Stradlin, bassist Duff McKagan, and drummer Steven Adler.
8002:123146329640960::Thread-242 2020-08-09 18:59:51.73 - The current lineup consists of Rose, Slash, McKagan, keyboardist Dizzy Reed, guitarist Richard Fortus, drummer Frank Ferrer and keyboardist Melissa Reese.
8002:123146329640960::Thread-242 2020-08-09 18:59:51.925 - Guns N' Roses' debut album, Appetite for Destruction (1987), reached number one on the Billboard 200 a year after its release, on the strength of the top 10 singles "Welcome to the Jungle", "Paradise City", and "Sweet Child o' Mine", the band's only single to reach number one on the Billboard Hot 100.
8003:123146329640960::Thread-242 2020-08-09 18:59:52.345 - **START**
8003:123146329640960::Thread-242 2020-08-09 18:59:52.353 - Starting new HTTPS connection (1): en.wikipedia.org
8005:123146329640960::Thread-242 2020-08-09 18:59:52.392 - Remnants of the fortress are visible in the basement of the museum.
8005:123146329640960::Thread-242 2020-08-09 18:59:52.501 - Due to urban expansion, the fortress eventually lost its defensive function, and in 1546 Francis I converted it into the primary residence of the French Kings.
8002:123146329640960::Thread-242 2020-08-09 18:59:52.914 - The album has sold approximately 30 million copies worldwide, including 18 million units in the United States, making it the country's bestselling debut album and eleventh-bestselling album.
8005:123146329640960::Thread-242 2020-08-09 18:59:53.488 - The building was extended many times to form the present Louvre Palace.
8002:123146329640960::Thread-242 2020-08-09 18:59:53.608 - Their next studio album, G N' R Lies (1988), reached number two on the Billboard 200, sold ten million copies worldwide (including five million in the U.S.), and included the top 5 hit "Patience".
8004:123146329640960::Thread-242 2020-08-09 18:59:53.783 - The series premiered on October 31, 2010.
8003:123146329640960::Thread-242 2020-08-09 18:59:53.96 - Muhammad Ali (; born Cassius Marcellus Clay Jr.; January 17, 1942 – June 3, 2016) was an American professional boxer, activist, and philanthropist.
8005:123146329640960::Thread-242 2020-08-09 18:59:54.013 - In 1682, Louis XIV chose the Palace of Versailles for his household, leaving the Louvre primarily as a place to display the royal collection, including, from 1692, a collection of ancient Greek and Roman sculpture.
8002:123146329640960::Thread-242 2020-08-09 18:59:54.241 - Use Your Illusion I and Use Your Illusion II, recorded simultaneously and released in 1991, debuted at number two and number one on the Billboard 200 respectively and have sold a combined 35 million copies worldwide, including 14 million units in the United States.
8002:123146329640960::Thread-242 2020-08-09 18:59:54.508 - The Illusion albums included the lead single "You Could Be Mine" (also featured in the film soundtrack for Terminator 2), covers of "Live and Let Die" and "Knockin' on Heaven's Door", and a trilogy of ballads ("Don't Cry", "November Rain", and "Estranged"), which featured notably high-budget music videos.
8005:123146329640960::Thread-242 2020-08-09 18:59:54.599 - In 1692, the building was occupied by the Académie des Inscriptions et Belles-Lettres and the Académie Royale de Peinture et de Sculpture, which in 1699 held the first of a series of salons.
8002:123146329640960::Thread-242 2020-08-09 18:59:54.639 - The Illusion records were also supported by the extensive Use Your Illusion Tour, a world tour that lasted from 1991–1993.
8002:123146329640960::Thread-242 2020-08-09 18:59:54.822 - "The Spaghetti Incident?"
8003:123146329640960::Thread-242 2020-08-09 18:59:55.332 - Nicknamed "The Greatest", he is widely regarded as one of the most significant and celebrated sports figures of the 20th century and as one of the greatest boxers of all time.
8002:123146329640960::Thread-242 2020-08-09 18:59:55.554 - (1993), an album of covers, was the band's last studio album to feature Slash and McKagan before their initial departure.
8004:123146329640960::Thread-242 2020-08-09 18:59:56.618 - The tenth season premiered on October 6, 2019, and has been renewed for an eleventh season.
8003:123146329640960::Thread-242 2020-08-09 18:59:56.848 - Ali was born and raised in Louisville, Kentucky, and began training as an amateur boxer at age 12.
8005:123146329640960::Thread-242 2020-08-09 18:59:57.545 - The Académie remained at the Louvre for 100 years.
8002:123146329640960::Thread-242 2020-08-09 18:59:57.555 - **END**
8004:123146329640960::Thread-242 2020-08-09 18:59:57.663 - AMC stated their intent to continue further development of the series and related media.
8003:123146329640960::Thread-242 2020-08-09 18:59:57.719 - At 18, he won a gold medal in the light heavyweight division at the 1960 Summer Olympics, and turned professional later that year.
8003:123146329640960::Thread-242 2020-08-09 18:59:59.258 - He converted to Islam and became a Muslim after 1961, and eventually took the name Muhammad Ali.
8003:123146329640960::Thread-242 2020-08-09 18:59:59.507 - He won the world heavyweight championship from Sonny Liston in a major upset at age 22 in 1964.
8004:123146329640960::Thread-242 2020-08-09 18:59:59.676 - A spinoff series Fear the Walking Dead premiered on August 23, 2015, and is renewed for a sixth season.
8003:123146329640960::Thread-242 2020-08-09 19:00:00.46 - In 1966, Ali refused to be drafted into the military, citing his religious beliefs and opposition to the Vietnam War.
8005:123146329640960::Thread-242 2020-08-09 19:00:00.483 - During the French Revolution, the National Assembly decreed that the Louvre should be used as a museum to display the nation's masterpieces.
8002:123146329640960::Thread-242 2020-08-09 19:00:00.56 - **START**
8002:123146329640960::Thread-242 2020-08-09 19:00:00.572 - Starting new HTTPS connection (1): en.wikipedia.org
8006:123146329640960::Thread-242 2020-08-09 19:00:01.335 - **START**
8006:123146329640960::Thread-242 2020-08-09 19:00:01.34 - Starting new HTTPS connection (1): en.wikipedia.org
8003:123146329640960::Thread-242 2020-08-09 19:00:01.598 - He was arrested, found guilty of draft evasion, and stripped of his boxing titles.
8003:123146329640960::Thread-242 2020-08-09 19:00:01.987 - He appealed the decision to the Supreme Court, which overturned his conviction in 1971, but he had not fought for nearly four years and lost a period of peak performance as an athlete.
8006:123146329640960::Thread-242 2020-08-09 19:00:03.172 - John Christopher Depp II (born June 9, 1963) is an American actor, producer, and musician.
8006:123146329640960::Thread-242 2020-08-09 19:00:03.239 - He has been nominated for ten Golden Globe Awards, winning one for Best Actor for his performance of the title role in Sweeney Todd: The Demon Barber of Fleet Street (2007), and has been nominated for three Academy Awards for Best Actor, among other accolades.
8002:123146329640960::Thread-242 2020-08-09 19:00:03.248 - Kanye Omari West (; born June 8, 1977) is an American rapper, producer, and fashion designer.Born in Atlanta and raised in Chicago, West was first known as a producer for Roc-A-Fella Records in the early 2000s, producing singles for several mainstream artists.
8002:123146329640960::Thread-242 2020-08-09 19:00:03.355 - Intent on pursuing a solo career as a rapper, West released his debut album The College Dropout in 2004 to critical and commercial success, and founded the record label GOOD Music.
8006:123146329640960::Thread-242 2020-08-09 19:00:03.924 - He is regarded as one of the world's biggest film stars.
8002:123146329640960::Thread-242 2020-08-09 19:00:04.035 - He experimented with a variety of musical genres on subsequent acclaimed studio albums, including Late Registration (2005), Graduation (2007), and 808s & Heartbreak (2008).
8003:123146329640960::Thread-242 2020-08-09 19:00:04.268 - His actions as a conscientious objector to the war made him an icon for the larger counterculture generation, and he was a high-profile figure of racial pride for African Americans during the civil rights movement.
8002:123146329640960::Thread-242 2020-08-09 19:00:04.358 - Drawing inspiration from maximalism and minimalism, respectively, West's fifth album My Beautiful Dark Twisted Fantasy (2010) and sixth album Yeezus (2013) were also critical successes.
8005:123146329640960::Thread-242 2020-08-09 19:00:04.484 - **END**
8004:123146329640960::Thread-242 2020-08-09 19:00:04.677 - **END**
8002:123146329640960::Thread-242 2020-08-09 19:00:05.234 - He went on to release The Life of Pablo (2016), Ye (2018), and Jesus Is King (2019).
8006:123146329640960::Thread-242 2020-08-09 19:00:05.432 - Depp made his film debut in the 1984 film A Nightmare on Elm Street, before rising to prominence as a teen idol on the television series 21 Jump Street (1987–1990).
8002:123146329640960::Thread-242 2020-08-09 19:00:05.559 - West's discography also includes the full-length collaborations Watch the Throne (2011) and Kids See Ghosts (2018) with Jay-Z and Kid Cudi, respectively.
8006:123146329640960::Thread-242 2020-08-09 19:00:05.822 - He had a supporting role in Oliver Stone's 1986 war film Platoon and played the title character in the 1990 romantic fantasy Edward Scissorhands.
8002:123146329640960::Thread-242 2020-08-09 19:00:06.239 - West's outspoken views and life outside of music have received significant media attention.
8002:123146329640960::Thread-242 2020-08-09 19:00:06.934 - He has been a frequent source of controversy for his conduct at award shows, on social media, and in other public settings, as well as for his comments on the music and fashion industries, U.S. politics, and race.
8006:123146329640960::Thread-242 2020-08-09 19:00:07.07 - Depp has gained critical praise for his portrayals of inept screenwriter-director Ed Wood in the film of the same name (1994), undercover FBI agent Joseph D. Pistone in Donnie Brasco (1997), author J. M. Barrie in Finding Neverland (2004) and Boston gangster Whitey Bulger in Black Mass (2015).
8002:123146329640960::Thread-242 2020-08-09 19:00:07.1 - His Christian faith, as well as his marriage to television personality Kim Kardashian, have also been a source of media attention.
8006:123146329640960::Thread-242 2020-08-09 19:00:07.789 - He has starred in a number of successful films, including Cry-Baby (1990), Dead Man (1995), Sleepy Hollow (1999), Charlie and the Chocolate Factory (2005), Corpse Bride (2005), Public Enemies (2009), Alice in Wonderland (2010) and its 2016 sequel, The Tourist (2010), Rango (2011), Dark Shadows (2012), Into the Woods (2014), and Fantastic Beasts: The Crimes of Grindelwald (2018).
8002:123146329640960::Thread-242 2020-08-09 19:00:08.053 - As a fashion designer, he has collaborated with Nike, Louis Vuitton, and A.P.C.
8002:123146329640960::Thread-242 2020-08-09 19:00:08.087 - on both clothing and footwear, and have most prominently resulted in the Yeezy collaboration with Adidas beginning in 2013.
8003:123146329640960::Thread-242 2020-08-09 19:00:09.273 - **END**
8006:123146329640960::Thread-242 2020-08-09 19:00:10.476 - Depp also plays Jack Sparrow in the swashbuckler film series Pirates of the Caribbean (2003–present).
8002:123146329640960::Thread-242 2020-08-09 19:00:11.089 - **END**
8006:123146329640960::Thread-242 2020-08-09 19:00:11.727 - Depp is the tenth highest-grossing actor worldwide, as films featuring Depp have grossed over US$3.7 billion at the United States box office and over US$10 billion worldwide.
8006:123146329640960::Thread-242 2020-08-09 19:00:14.609 - He has been listed in the 2012 Guinness World Records as the world's highest-paid actor, with earnings of US$75 million.
8006:123146329640960::Thread-242 2020-08-09 19:00:21.616 - **END**