8005:123146266542080::Thread-227 2020-08-09 18:59:29.252 - **START**
8005:123146266542080::Thread-227 2020-08-09 18:59:29.441 - Starting new HTTPS connection (1): en.wikipedia.org
8006:123146266542080::Thread-227 2020-08-09 18:59:30.28 - **START**
8006:123146266542080::Thread-227 2020-08-09 18:59:30.829 - Starting new HTTPS connection (1): en.wikipedia.org
8005:123146266542080::Thread-227 2020-08-09 18:59:31.151 - Wall Street is an eight-block-long street in the Financial District of New York City.
8005:123146266542080::Thread-227 2020-08-09 18:59:31.922 - It runs crosstown between Broadway on the west to South Street, at the East River, on the east.
8002:123146266542080::Thread-227 2020-08-09 18:59:32.379 - **START**
8005:123146266542080::Thread-227 2020-08-09 18:59:32.628 - The term has become a metonym for the financial markets of the United States as a whole, the American financial services industry, or New York–based financial interests.New York City has been called both the most economically powerful city and the leading financial center of the world.
8006:123146266542080::Thread-227 2020-08-09 18:59:33.006 - Inferno (Italian: [iɱˈfɛrno]; Italian for "Hell") is the first part of Italian writer Dante Alighieri's 14th-century epic poem Divine Comedy.
8005:123146266542080::Thread-227 2020-08-09 18:59:33.303 - It is home to the world's two largest stock exchanges by total market capitalization, the New York Stock Exchange, located on Wall Street, and NASDAQ.
8005:123146266542080::Thread-227 2020-08-09 18:59:33.66 - Several other major exchanges have or had headquarters in the Wall Street area, including the New York Mercantile Exchange, the New York Board of Trade, and the former American Stock Exchange.
8006:123146266542080::Thread-227 2020-08-09 18:59:33.84 - It is followed by Purgatorio and Paradiso.
8004:123146266542080::Thread-227 2020-08-09 18:59:34.288 - **START**
8005:123146266542080::Thread-227 2020-08-09 18:59:34.44 - History


Early years

There are varying accounts about how the Dutch-named "de Waalstraat"(literally: Walloon Street) got its name.
8006:123146266542080::Thread-227 2020-08-09 18:59:34.475 - The Inferno tells the journey of Dante through Hell, guided by the ancient Roman poet Virgil.
8002:123146266542080::Thread-227 2020-08-09 18:59:34.782 - Starting new HTTPS connection (1): en.wikipedia.org
8005:123146266542080::Thread-227 2020-08-09 18:59:34.834 - Two conflicting explanations can be considered.
8006:123146266542080::Thread-227 2020-08-09 18:59:35.382 - In the poem, Hell is depicted as nine concentric circles of torment located within the Earth; it is the "realm ... of those who have rejected spiritual values by yielding to bestial appetites or violence, or by perverting their human intellect to fraud or malice against their fellowmen".
8005:123146266542080::Thread-227 2020-08-09 18:59:35.402 - The first being that Wall Street was named after Walloons—the Dutch name for a Walloon is Waal.
8004:123146266542080::Thread-227 2020-08-09 18:59:35.606 - Starting new HTTPS connection (1): en.wikipedia.org
8006:123146266542080::Thread-227 2020-08-09 18:59:36.366 - As an allegory, the Divine Comedy represents the journey of the soul toward God, with the Inferno describing the recognition and rejection of sin.
8005:123146266542080::Thread-227 2020-08-09 18:59:36.386 - Among the first settlers that embarked on the ship "Nieu Nederlandt" in 1624 were 30 Walloon families.
8006:123146266542080::Thread-227 2020-08-09 18:59:36.709 - Introduction


Cantos I–II

Canto I

The poem begins on the night of Maundy Thursday on March 24 (or April 7), AD 1300, shortly before dawn of Good Friday.
8006:123146266542080::Thread-227 2020-08-09 18:59:37.155 - The narrator, Dante himself, is thirty-five years old, and thus "midway in the journey of our life" (Nel mezzo del cammin di nostra vita) – half of the Biblical lifespan of seventy (Psalm 89:10, Vulgate; Psalm 90:10, KJV).
8005:123146266542080::Thread-227 2020-08-09 18:59:37.308 - Peter Minuit, the person who bought Manhattan for the Dutch, was a Walloon.
8006:123146266542080::Thread-227 2020-08-09 18:59:37.32 - The poet finds himself lost in a dark wood (selva oscura), astray from the "straight way" (diritta via, also translatable as "right way") of salvation.
8003:123146266542080::Thread-227 2020-08-09 18:59:37.351 - **START**
8003:123146266542080::Thread-227 2020-08-09 18:59:37.513 - Starting new HTTPS connection (1): en.wikipedia.org
8005:123146266542080::Thread-227 2020-08-09 18:59:37.607 - The other  is that the name of the street was derived from a wall (actually a wooden palisade) on the northern boundary of the New Amsterdam settlement, built to protect against Native Americans, pirates, and the British.
8006:123146266542080::Thread-227 2020-08-09 18:59:38.066 - He sets out to climb directly up a small mountain, but his way is blocked by three beasts he cannot evade: a lonza (usually rendered as "leopard" or "leopon"), a leone (lion), and a lupa (she-wolf).
8002:123146266542080::Thread-227 2020-08-09 18:59:39.518 - **END**
8003:123146266542080::Thread-227 2020-08-09 18:59:40.685 - Guns N' Roses, often abbreviated as GNR, is an American hard rock band from Los Angeles, California, formed in 1985.
8003:123146266542080::Thread-227 2020-08-09 18:59:41.785 - When they signed to Geffen Records in 1986, the band comprised vocalist Axl Rose, lead guitarist Slash, rhythm guitarist Izzy Stradlin, bassist Duff McKagan, and drummer Steven Adler.
8004:123146266542080::Thread-227 2020-08-09 18:59:42.222 - The United States of America (USA), commonly known as the United States (U.S. or US) or America, is a country mostly located in central North America, between Canada and Mexico.
8003:123146266542080::Thread-227 2020-08-09 18:59:43.759 - The current lineup consists of Rose, Slash, McKagan, keyboardist Dizzy Reed, guitarist Richard Fortus, drummer Frank Ferrer and keyboardist Melissa Reese.
8003:123146266542080::Thread-227 2020-08-09 18:59:43.915 - Guns N' Roses' debut album, Appetite for Destruction (1987), reached number one on the Billboard 200 a year after its release, on the strength of the top 10 singles "Welcome to the Jungle", "Paradise City", and "Sweet Child o' Mine", the band's only single to reach number one on the Billboard Hot 100.
8006:123146266542080::Thread-227 2020-08-09 18:59:45.067 - **END**
8004:123146266542080::Thread-227 2020-08-09 18:59:45.135 - It consists of 50 states, a federal district, five major self-governing territories, and various possessions.
8005:123146266542080::Thread-227 2020-08-09 18:59:45.609 - **END**
8004:123146266542080::Thread-227 2020-08-09 18:59:45.686 - At 3.8 million square miles (9.8 million km2), it is the world's third- or fourth-largest country by total area.
8003:123146266542080::Thread-227 2020-08-09 18:59:45.767 - The album has sold approximately 30 million copies worldwide, including 18 million units in the United States, making it the country's bestselling debut album and eleventh-bestselling album.
8004:123146266542080::Thread-227 2020-08-09 18:59:46.333 - With a 2019 estimated population of over 328 million, the U.S. is the third most populous country in the world.
8004:123146266542080::Thread-227 2020-08-09 18:59:46.339 - Americans are a racially and ethnically diverse population that has been shaped through centuries of immigration.
8003:123146266542080::Thread-227 2020-08-09 18:59:47.335 - Their next studio album, G N' R Lies (1988), reached number two on the Billboard 200, sold ten million copies worldwide (including five million in the U.S.), and included the top 5 hit "Patience".
8004:123146266542080::Thread-227 2020-08-09 18:59:47.416 - The capital is Washington, D.C., and the most populous city is New York City.
8004:123146266542080::Thread-227 2020-08-09 18:59:48.134 - Paleo-Indians migrated from Siberia to the North American mainland at least 12,000 years ago, and European colonization began in the 16th century.
8004:123146266542080::Thread-227 2020-08-09 18:59:48.939 - The United States emerged from the thirteen British colonies established along the East Coast.
8003:123146266542080::Thread-227 2020-08-09 18:59:49.192 - Use Your Illusion I and Use Your Illusion II, recorded simultaneously and released in 1991, debuted at number two and number one on the Billboard 200 respectively and have sold a combined 35 million copies worldwide, including 14 million units in the United States.
8003:123146266542080::Thread-227 2020-08-09 18:59:49.593 - The Illusion albums included the lead single "You Could Be Mine" (also featured in the film soundtrack for Terminator 2), covers of "Live and Let Die" and "Knockin' on Heaven's Door", and a trilogy of ballads ("Don't Cry", "November Rain", and "Estranged"), which featured notably high-budget music videos.
8004:123146266542080::Thread-227 2020-08-09 18:59:49.988 - Numerous disputes between Great Britain and the colonies led to the American Revolutionary War lasting between 1775 and 1783, leading to independence.
8003:123146266542080::Thread-227 2020-08-09 18:59:51.299 - The Illusion records were also supported by the extensive Use Your Illusion Tour, a world tour that lasted from 1991–1993.
8003:123146266542080::Thread-227 2020-08-09 18:59:51.519 - "The Spaghetti Incident?"
8003:123146266542080::Thread-227 2020-08-09 18:59:52.261 - (1993), an album of covers, was the band's last studio album to feature Slash and McKagan before their initial departure.
8002:123146266542080::Thread-227 2020-08-09 18:59:52.536 - **START**
8002:123146266542080::Thread-227 2020-08-09 18:59:52.541 - Starting new HTTPS connection (1): en.wikipedia.org
8005:123146266542080::Thread-227 2020-08-09 18:59:52.612 - **START**
8005:123146266542080::Thread-227 2020-08-09 18:59:52.62 - Starting new HTTPS connection (1): en.wikipedia.org
8004:123146266542080::Thread-227 2020-08-09 18:59:52.85 - Beginning in the late 18th century, the United States vigorously expanded across North America, gradually acquiring new territories, killing and displacing Native Americans, and admitting new states.
8006:123146266542080::Thread-227 2020-08-09 18:59:53.073 - **START**
8006:123146266542080::Thread-227 2020-08-09 18:59:53.086 - Starting new HTTPS connection (1): en.wikipedia.org
8005:123146266542080::Thread-227 2020-08-09 18:59:53.315 - The September 11 attacks (often referred to as 9/11) were a series of four coordinated terrorist attacks by the Islamic terrorist group al-Qaeda against the United States on the morning of Tuesday, September 11, 2001.
8005:123146266542080::Thread-227 2020-08-09 18:59:53.349 - The attacks resulted in 2,977 fatalities, over 25,000 injuries, and substantial long-term health consequences, in addition to at least $10 billion in infrastructure and property damage.
8005:123146266542080::Thread-227 2020-08-09 18:59:53.464 - 9/11 is the single deadliest terrorist attack in human history and the single deadliest incident for firefighters and law enforcement officers in the history of the United States, with 343 and 72 killed, respectively.Four passenger airliners which had departed from airports in the northeastern United States bound for California were hijacked by 19 al-Qaeda terrorists.
8005:123146266542080::Thread-227 2020-08-09 18:59:53.652 - Two of the planes, American Airlines Flight 11 and United Airlines Flight 175, crashed into the North and South towers, respectively, of the World Trade Center complex in Lower Manhattan.
8002:123146266542080::Thread-227 2020-08-09 18:59:53.969 - Exo (Korean: 엑소; stylized in all caps) is a South Korean–Chinese boy band based in Seoul, with nine members: Xiumin, Suho, Lay, Baekhyun, Chen, Chanyeol, D.O., Kai and Sehun.
8005:123146266542080::Thread-227 2020-08-09 18:59:54.268 - Within an hour and 42 minutes, both 110-story towers collapsed.
8006:123146266542080::Thread-227 2020-08-09 18:59:54.506 - Jerusalem (; Hebrew: יְרוּשָׁלַיִם Yerushaláyim; Arabic: القُدس‎ al-Quds or Bayt al-Maqdis, also spelled Baitul Muqaddas) is a city in the Middle East, located on a plateau in the Judaean Mountains between the Mediterranean and the Dead Sea.
8002:123146266542080::Thread-227 2020-08-09 18:59:54.544 - The band was formed by SM Entertainment in 2011 and debuted in 2012.
8005:123146266542080::Thread-227 2020-08-09 18:59:54.833 - Debris and the resulting fires caused a partial or complete collapse of all other buildings in the World Trade Center complex, including the 47-story 7 World Trade Center tower, as well as significant damage to ten other large surrounding structures.
8005:123146266542080::Thread-227 2020-08-09 18:59:55.288 - A third plane, American Airlines Flight 77, was crashed into the Pentagon (the headquarters of the U.S. Department of Defense) in Arlington County, Virginia, which led to a partial collapse of the building's west side.
8005:123146266542080::Thread-227 2020-08-09 18:59:55.785 - The fourth plane, United Airlines Flight 93, was initially flown toward Washington, D.C., but crashed into a field in Stonycreek Township, Pennsylvania, after passengers thwarted the hijackers.
8004:123146266542080::Thread-227 2020-08-09 18:59:55.853 - **END**
8002:123146266542080::Thread-227 2020-08-09 18:59:55.911 - Their music incorporates genres like pop, hip-hop, and R&B, alongside electronic dance music genres like house, trap, and synth-pop.
8005:123146266542080::Thread-227 2020-08-09 18:59:56.569 - Suspicion quickly fell onto al-Qaeda.
8005:123146266542080::Thread-227 2020-08-09 18:59:56.741 - The United States responded by launching the War on Terror and invading Afghanistan to depose the Taliban, which had failed to comply with U.S. demands to expel al-Qaeda from Afghanistan and extradite their leader Osama bin Laden.
8002:123146266542080::Thread-227 2020-08-09 18:59:56.77 - Exo releases and performs music in Korean, Mandarin, and Japanese.
8002:123146266542080::Thread-227 2020-08-09 18:59:56.783 - The band ranked as one of the top five most influential celebrities on the Forbes Korea Power Celebrity list each year from 2014 to 2018, and have been named "the biggest boy band in the world" and the "kings of K-pop" by media outlets.
8006:123146266542080::Thread-227 2020-08-09 18:59:56.859 - It is one of the oldest cities in the world, and is considered holy to the three major Abrahamic religions—Judaism, Christianity, and Islam.
8002:123146266542080::Thread-227 2020-08-09 18:59:57.518 - Since 2014, Exo has exclusively performed as one group, while continuing to release and perform music in multiple languages.
8003:123146266542080::Thread-227 2020-08-09 18:59:58.267 - **END**
8002:123146266542080::Thread-227 2020-08-09 18:59:58.343 - Previously, the band debuted with twelve members separated into two sub-groups: Exo-K (Suho, Baekhyun, Chanyeol, D.O., Kai, and Sehun) and Exo-M (Xiumin, Lay, Chen, and former members Kris, Luhan, and Tao).
8005:123146266542080::Thread-227 2020-08-09 18:59:58.746 - **END**
8006:123146266542080::Thread-227 2020-08-09 18:59:59.096 - Both Israel and the Palestinian Authority claim Jerusalem as their capital, as Israel maintains its primary governmental institutions there and the State of Palestine ultimately foresees it as its seat of power; however, neither claim is widely recognized internationally.During its long history, Jerusalem has been destroyed at least twice, besieged 23 times, captured and recaptured 44 times, and attacked 52 times.
8002:123146266542080::Thread-227 2020-08-09 18:59:59.732 - Exo-K and Exo-M performed music in Korean and Mandarin, respectively, until the release of their third EP Overdose in 2014.
8006:123146266542080::Thread-227 2020-08-09 19:00:00.288 - The part of Jerusalem called the City of David shows first signs of settlement in the 4th millennium BCE, in the shape of encampments of nomadic shepherds.
8002:123146266542080::Thread-227 2020-08-09 19:00:00.713 - After the departures of Kris, Luhan, and Tao amid legal battles in 2014 and 2015, the band continued with the remaining nine members.
8002:123146266542080::Thread-227 2020-08-09 19:00:01.201 - Since 2016, Chen, Baekhyun, and Xiumin have also released music and performed as a sub-unit named Exo-CBX, and members Sehun and Chanyeol have promoted as a sub-unit named Exo-SC since 2019.
8006:123146266542080::Thread-227 2020-08-09 19:00:01.892 - Jerusalem was named as Urusalim on ancient Egyptian tablets, probably meaning "City of Shalem" after a Canaanite deity, during the Canaanite period (14th century BCE).
8002:123146266542080::Thread-227 2020-08-09 19:00:02.202 - **END**
8006:123146266542080::Thread-227 2020-08-09 19:00:02.253 - During the Israelite period, significant construction activity in Jerusalem began in the 9th century BCE (Iron Age II), and in the 8th century the city developed into the religious and administrative center of the Kingdom of Judah.
8006:123146266542080::Thread-227 2020-08-09 19:00:03.964 - In 1538, the city walls were rebuilt for a last time around Jerusalem under Suleiman the Magnificent.
8006:123146266542080::Thread-227 2020-08-09 19:00:04.361 - Today those walls define the Old City, which has been traditionally divided into four quarters—known since the early 19th century as the Armenian, Christian, Jewish, and Muslim Quarters.
8006:123146266542080::Thread-227 2020-08-09 19:00:04.406 - The Old City became a World Heritage Site in 1981, and is on the List of World Heritage in Danger.
8003:123146266542080::Thread-227 2020-08-09 19:00:05.273 - **START**
8003:123146266542080::Thread-227 2020-08-09 19:00:05.285 - Starting new HTTPS connection (1): en.wikipedia.org
8003:123146266542080::Thread-227 2020-08-09 19:00:06.61 - The Alcatraz Federal Penitentiary or United States Penitentiary, Alcatraz Island (often referred to as Alcatraz [, Spanish pronunciation: [al-ka-tɾas] (Latin America)/Spanish pronunciation: [al-ka-tɾaθ] (Spain) from Arabic: غطاس‎, romanized: al-ġaţţās, lit.
8003:123146266542080::Thread-227 2020-08-09 19:00:06.682 - 'gannet ("the diver")'] or The Rock) was a maximum security federal prison on Alcatraz Island, 1.25 miles (2.01 km) off the coast of San Francisco, California, United States, the site of a fort since the 1850s; the main prison building was built in 1910–1912 as a United States Army military prison.
8003:123146266542080::Thread-227 2020-08-09 19:00:06.758 - The United States Department of Justice acquired the United States Disciplinary Barracks, Pacific Branch, on Alcatraz on 12 October 1933, and the island became a prison of the Federal Bureau of Prisons in August 1934 after the buildings were modernized and security increased.
8003:123146266542080::Thread-227 2020-08-09 19:00:07.072 - Given this high security and the island's location in the cold waters and strong currents of San Francisco Bay, prison operators believed Alcatraz to be escape-proof and America's strongest prison.
8006:123146266542080::Thread-227 2020-08-09 19:00:07.093 - Since 1860 Jerusalem has grown far beyond the Old City's boundaries.
8003:123146266542080::Thread-227 2020-08-09 19:00:07.705 - The three-story cellhouse included the four main cell blocks, A-block through D-block, the warden's office, visitation room, the library, and the barber shop.
8003:123146266542080::Thread-227 2020-08-09 19:00:07.951 - The prison cells typically measured 9 feet (2.7 m) by 5 feet (1.5 m) and 7 feet (2.1 m) high.
8006:123146266542080::Thread-227 2020-08-09 19:00:08.098 - **END**
8003:123146266542080::Thread-227 2020-08-09 19:00:08.254 - The cells were primitive and lacked privacy, with a bed, desk, and washbasin, and a toilet on the back wall, and with few furnishings except a blanket.
8004:123146266542080::Thread-227 2020-08-09 19:00:08.855 - **START**
8004:123146266542080::Thread-227 2020-08-09 19:00:08.862 - Starting new HTTPS connection (1): en.wikipedia.org
8003:123146266542080::Thread-227 2020-08-09 19:00:08.972 - African-Americans were segregated from other inmates in cell designation due to racial abuse.
8005:123146266542080::Thread-227 2020-08-09 19:00:09.749 - **START**
8005:123146266542080::Thread-227 2020-08-09 19:00:09.751 - Starting new HTTPS connection (1): en.wikipedia.org
8003:123146266542080::Thread-227 2020-08-09 19:00:09.939 - D-Block housed the worst inmates, and six cells at its end were designated "The Hole," where badly behaving prisoners would be sent for periods of often brutal punishment.
8004:123146266542080::Thread-227 2020-08-09 19:00:10.643 - Augustus (Imperator Caesar divi filius Augustus; 23 September 63 BC – 19 August AD 14) was a Roman statesman and military leader who became the first emperor of the Roman Empire, reigning from 27 BC until his death in AD 14.
8003:123146266542080::Thread-227 2020-08-09 19:00:10.649 - The dining hall and kitchen extended from the main building.
8005:123146266542080::Thread-227 2020-08-09 19:00:11.12 - George Walker Bush (born July 6, 1946) is an American politician and businessman who served as the 43rd president of the United States from 2001 to 2009.
8005:123146266542080::Thread-227 2020-08-09 19:00:11.271 - A member of the Republican Party, he had previously served as the 46th governor of Texas from 1995 to 2000.
8004:123146266542080::Thread-227 2020-08-09 19:00:11.745 - He was the first ruler of the Julio-Claudian dynasty.
8005:123146266542080::Thread-227 2020-08-09 19:00:12.234 - Born into the Bush family, his father, George H. W. Bush, served as the 41st president of the United States from 1989 to 1993.
8004:123146266542080::Thread-227 2020-08-09 19:00:12.712 - His status as the founder of the Roman Principate has consolidated an enduring legacy as one of the most effective and controversial leaders in human history.
8005:123146266542080::Thread-227 2020-08-09 19:00:13.026 - Bush is the eldest son of Barbara and George H. W. Bush, and the second son to become the American president after his father, the first being John Quincy Adams.
8004:123146266542080::Thread-227 2020-08-09 19:00:13.599 - The reign of Augustus initiated an era of relative peace known as the Pax Romana.
8005:123146266542080::Thread-227 2020-08-09 19:00:13.768 - After graduating from Yale University in 1968 and Harvard Business School in 1975, he worked in the oil industry.
8005:123146266542080::Thread-227 2020-08-09 19:00:13.899 - Bush married Laura Welch in 1977 and unsuccessfully ran for the U.S. House of Representatives shortly thereafter.
8005:123146266542080::Thread-227 2020-08-09 19:00:13.949 - He later co-owned the Texas Rangers baseball team before defeating Ann Richards in the 1994 Texas gubernatorial election.
8005:123146266542080::Thread-227 2020-08-09 19:00:14.251 - Bush was elected president of the United States in 2000 when he defeated Democratic incumbent Vice President Al Gore after a narrow and contested win that involved a Supreme Court decision to stop a recount in Florida.
8005:123146266542080::Thread-227 2020-08-09 19:00:14.442 - He became the fourth person to be elected president without a popular vote victory.
8004:123146266542080::Thread-227 2020-08-09 19:00:14.508 - The Roman world was largely free from large-scale conflict for more than two centuries, despite continuous wars of imperial expansion on the Empire's frontiers and the year-long civil war known as the "Year of the Four Emperors" over the imperial succession.
8005:123146266542080::Thread-227 2020-08-09 19:00:15.372 - In response to the September 11 terrorist attacks, Bush created the United States Department of Homeland Security and launched a "War on Terror" that began with the war in Afghanistan in 2001.
8004:123146266542080::Thread-227 2020-08-09 19:00:16.127 - Augustus was born Gaius Octavius into an old and wealthy equestrian branch of the plebeian gens Octavia.
8004:123146266542080::Thread-227 2020-08-09 19:00:17.293 - His maternal great-uncle Julius Caesar was assassinated in 44 BC, and Octavius was named in Caesar's will as his adopted son and heir, taking the name Octavian (Latin: Gaius Julius Caesar Octavianus).
8004:123146266542080::Thread-227 2020-08-09 19:00:19.084 - Along with Mark Antony and Marcus Lepidus, he formed the Second Triumvirate to defeat the assassins of Caesar.
8003:123146266542080::Thread-227 2020-08-09 19:00:19.653 - **END**
8004:123146266542080::Thread-227 2020-08-09 19:00:20.02 - Following their victory at the Battle of Philippi, the Triumvirate divided the Roman Republic among themselves and ruled as de facto dictators.
8005:123146266542080::Thread-227 2020-08-09 19:00:21.375 - **END**
8004:123146266542080::Thread-227 2020-08-09 19:00:21.605 - The Triumvirate was eventually torn apart by the competing ambitions of its members.
8004:123146266542080::Thread-227 2020-08-09 19:00:23.607 - **END**