8005:123145564041216::Thread-60 2020-08-09 18:59:32.208 - **START**
8003:123145564041216::Thread-60 2020-08-09 18:59:33.244 - **START**
8005:123145564041216::Thread-60 2020-08-09 18:59:33.538 - Starting new HTTPS connection (1): en.wikipedia.org
8003:123145564041216::Thread-60 2020-08-09 18:59:34.115 - Starting new HTTPS connection (1): en.wikipedia.org
8002:123145564041216::Thread-60 2020-08-09 18:59:34.397 - **START**
8006:123145564041216::Thread-60 2020-08-09 18:59:35.247 - **START**
8002:123145564041216::Thread-60 2020-08-09 18:59:35.642 - Starting new HTTPS connection (1): en.wikipedia.org
8004:123145564041216::Thread-60 2020-08-09 18:59:36.225 - **START**
8006:123145564041216::Thread-60 2020-08-09 18:59:36.749 - Starting new HTTPS connection (1): en.wikipedia.org
8003:123145564041216::Thread-60 2020-08-09 18:59:37.212 - The Alhambra ( (listen), Spanish: [aˈlambɾa]; Arabic: الْحَمْرَاء‎, romanized: Al-Ḥamrāʾ, pronounced [alħamˈraːʔ], lit.
8003:123145564041216::Thread-60 2020-08-09 18:59:38.731 - '"The Red One"') is a palace and fortress complex located in Granada, Andalusia, Spain.
8003:123145564041216::Thread-60 2020-08-09 18:59:39.052 - It was originally constructed as a small fortress in AD 889 on the remains of Roman fortifications, and then largely ignored until its ruins were renovated and rebuilt in the mid-13th century by the Nasrid emir Mohammed ben Al-Ahmar of the Emirate of Granada, who built its current palace and walls with many beautiful, intricate details.
8002:123145564041216::Thread-60 2020-08-09 18:59:38.999 - Abraham (originally Abram) is the common patriarch of the Abrahamic religions, including Judaism, Christianity and Islam.
8002:123145564041216::Thread-60 2020-08-09 18:59:39.262 - In Judaism, he is the founding father of the covenant of the pieces, the special relationship between the Hebrews and God; in Christianity, he is the prototype of all believers, Jewish or Gentile; and in Islam he is seen as a link in the chain of prophets that begins with Adam and culminates in Muhammad.The narrative in the Book of Genesis revolves around the themes of posterity and land.
8004:123145564041216::Thread-60 2020-08-09 18:59:39.416 - Starting new HTTPS connection (1): en.wikipedia.org
8002:123145564041216::Thread-60 2020-08-09 18:59:39.782 - Abraham is called by God to leave the house of his father Terah and settle in the land originally given to Canaan but which God now promises to Abraham and his progeny.
8005:123145564041216::Thread-60 2020-08-09 18:59:39.793 - The Italy national football team (Italian: Nazionale di calcio dell'Italia) has officially represented Italy in international football since their first match in 1910.
8006:123145564041216::Thread-60 2020-08-09 18:59:39.858 - The Great Library of Alexandria in Alexandria, Egypt, was one of the largest and most significant libraries of the ancient world.
8003:123145564041216::Thread-60 2020-08-09 18:59:40.33 - It was converted into a royal palace in 1333 by Yusuf I, Sultan of Granada.
8006:123145564041216::Thread-60 2020-08-09 18:59:40.642 - The Library was part of a larger research institution called the Mouseion, which was dedicated to the Muses, the nine goddesses of the arts.
8002:123145564041216::Thread-60 2020-08-09 18:59:40.7 - Various candidates are put forward who might inherit the land after Abraham; and, while promises are made to Ishmael about founding a great nation, Isaac, Abraham's son by his half-sister Sarah, inherits God's promises to Abraham.
8003:123145564041216::Thread-60 2020-08-09 18:59:41.46 - After the conclusion of the Christian Reconquista in 1492, the site became the Royal Court of Ferdinand and Isabella (where Christopher Columbus received royal endorsement for his expedition), and the palaces were partially altered in the Renaissance style.
8006:123145564041216::Thread-60 2020-08-09 18:59:41.484 - The idea of a universal library in Alexandria may have been proposed by Demetrius of Phalerum, an exiled Athenian statesman living in Alexandria, to Ptolemy I Soter, who may have established plans for the Library, but the Library itself was probably not built until the reign of his son Ptolemy II Philadelphus.
8003:123145564041216::Thread-60 2020-08-09 18:59:41.935 - In 1526 Charles I & V commissioned a new Renaissance palace better befitting the Holy Roman Emperor in the revolutionary Mannerist style influenced by humanist philosophy in direct juxtaposition with the Nasrid Andalusian architecture, but it was ultimately never completed due to Morisco rebellions in Granada.
8003:123145564041216::Thread-60 2020-08-09 18:59:42.072 - Alhambra's last flowering of Islamic palaces was built for the final Muslim emirs in Spain during the decline of the Nasrid dynasty, who were increasingly subject to the Christian Kings of Castile.
8006:123145564041216::Thread-60 2020-08-09 18:59:42.206 - The Library quickly acquired many papyrus scrolls, due largely to the Ptolemaic kings' aggressive and well-funded policies for procuring texts.
8005:123145564041216::Thread-60 2020-08-09 18:59:42.423 - The squad is under the global jurisdiction of FIFA and is governed in Europe by UEFA—the latter of which was co-founded by the Italian team's supervising body, the Italian Football Federation (FIGC).
8003:123145564041216::Thread-60 2020-08-09 18:59:42.452 - After being allowed to fall into disrepair for centuries, the buildings occupied by squatters, Alhambra was rediscovered following the defeat of Napoleon, who had conducted retaliatory destruction of the site.
8006:123145564041216::Thread-60 2020-08-09 18:59:42.623 - It is unknown precisely how many such scrolls were housed at any given time, but estimates range from 40,000 to 400,000 at its height.
8005:123145564041216::Thread-60 2020-08-09 18:59:43.041 - Italy's home matches are played at various stadiums throughout Italy, and their primary training ground, Centro Tecnico Federale di Coverciano, is located at the FIGC technical headquarters in Coverciano, Florence.
8006:123145564041216::Thread-60 2020-08-09 18:59:43.227 - Alexandria came to be regarded as the capital of knowledge and learning, in part because of the Great Library.
8002:123145564041216::Thread-60 2020-08-09 18:59:43.388 - Abraham purchases a tomb (the Cave of the Patriarchs) at Hebron to be Sarah's grave, thus establishing his right to the land; and, in the second generation, his heir Isaac is married to a woman from his own kin, thus ruling the Canaanites out of any inheritance.
8006:123145564041216::Thread-60 2020-08-09 18:59:43.686 - Many important and influential scholars worked at the Library during the third and second centuries BC, including, among many others: Zenodotus of Ephesus, who worked towards standardizing the texts of the Homeric poems; Callimachus, who wrote the Pinakes, sometimes considered to be the world's first library catalogue; Apollonius of Rhodes, who composed the epic poem the Argonautica; Eratosthenes of Cyrene, who calculated the circumference of the earth within a few hundred kilometers of accuracy; Aristophanes of Byzantium, who invented the system of Greek diacritics and was the first to divide poetic texts into lines; and Aristarchus of Samothrace, who produced the definitive texts of the Homeric poems as well as extensive commentaries on them.
8005:123145564041216::Thread-60 2020-08-09 18:59:44.037 - Italy is one of the most successful national teams in the history of the World Cup, having won four titles (1934, 1938, 1982, 2006) and appearing in two other finals (1970, 1994), reaching a third place (1990) and a fourth place (1978).
8003:123145564041216::Thread-60 2020-08-09 18:59:44.331 - The rediscoverers were first British intellectuals and then other north European Romantic travelers.
8006:123145564041216::Thread-60 2020-08-09 18:59:44.63 - During the reign of Ptolemy III Euergetes, a daughter library was established in the Serapeum, a temple to the Greco-Egyptian god Serapis.
8004:123145564041216::Thread-60 2020-08-09 18:59:44.681 - Guns N' Roses, often abbreviated as GNR, is an American hard rock band from Los Angeles, California, formed in 1985.
8002:123145564041216::Thread-60 2020-08-09 18:59:44.765 - Abraham later marries Keturah and has six more sons; but, on his death, when he is buried beside Sarah, it is Isaac who receives "all Abraham's goods", while the other sons receive only "gifts" (Genesis 25:5–8).The Abraham story cannot be definitively related to any specific time, and it is widely agreed that the patriarchal age, along with the exodus and the period of the judges, is a late literary construct that does not relate to any period in actual history.
8002:123145564041216::Thread-60 2020-08-09 18:59:45.181 - A common hypothesis among scholars is that it was composed in the early Persian period (late 6th century BCE) as a result of tensions between Jewish landowners who had stayed in Judah during the Babylonian captivity and traced their right to the land through their "father Abraham", and the returning exiles who based their counter-claim on Moses and the Exodus tradition.
8004:123145564041216::Thread-60 2020-08-09 18:59:45.548 - When they signed to Geffen Records in 1986, the band comprised vocalist Axl Rose, lead guitarist Slash, rhythm guitarist Izzy Stradlin, bassist Duff McKagan, and drummer Steven Adler.
8006:123145564041216::Thread-60 2020-08-09 18:59:45.577 - Despite the widespread modern belief that the Library of Alexandria was burned once and cataclysmically destroyed, the Library actually declined gradually over the course of several centuries.
8006:123145564041216::Thread-60 2020-08-09 18:59:45.609 - This decline began with the purging of intellectuals from Alexandria in 145 BC during the reign of Ptolemy VIII Physcon, which resulted in Aristarchus of Samothrace, the head librarian, resigning from his position and exiling himself to Cyprus.
8005:123145564041216::Thread-60 2020-08-09 18:59:45.702 - In 1938, they became the first team to defend their World Cup title, and due to the outbreak of World War II, retained the title for a further 12 years.
8003:123145564041216::Thread-60 2020-08-09 18:59:45.769 - It is now one of Spain's major tourist attractions, exhibiting the country's most significant and well-known Islamic architecture, together with 16th-century and later Christian building and garden interventions.
8002:123145564041216::Thread-60 2020-08-09 18:59:45.95 - Biblical account


Origins and calling
Terah, the ninth in descent from Noah, was the father of three sons: Abram, Nahor, and Haran.
8005:123145564041216::Thread-60 2020-08-09 18:59:46.274 - Italy had also previously won two Central European International Cups (1927–30, 1933–35).
8005:123145564041216::Thread-60 2020-08-09 18:59:46.868 - Between its first two World Cup victories, Italy won the Olympic football tournament (1936).
8002:123145564041216::Thread-60 2020-08-09 18:59:47.332 - The entire family, including grandchildren, lived in Ur of the Chaldees.
8004:123145564041216::Thread-60 2020-08-09 18:59:47.532 - The current lineup consists of Rose, Slash, McKagan, keyboardist Dizzy Reed, guitarist Richard Fortus, drummer Frank Ferrer and keyboardist Melissa Reese.
8005:123145564041216::Thread-60 2020-08-09 18:59:47.538 - After the majority of the team was killed in a plane crash in 1949, the team did not advance past the group stage of the following two World Cup tournaments, and also failed to qualify for the 1958 edition—failure to qualify for the World Cup would not happen again until the 2018 edition.
8003:123145564041216::Thread-60 2020-08-09 18:59:47.653 - The Alhambra is a UNESCO World Heritage Site.Moorish poets described it as "a pearl set in emeralds", an allusion to the colour of its buildings and the woods around them.
8003:123145564041216::Thread-60 2020-08-09 18:59:47.653 - **END**
8002:123145564041216::Thread-60 2020-08-09 18:59:49.431 - According to a midrash, Abram worked in Terah's idol shop in his youth.
8004:123145564041216::Thread-60 2020-08-09 18:59:49.472 - Guns N' Roses' debut album, Appetite for Destruction (1987), reached number one on the Billboard 200 a year after its release, on the strength of the top 10 singles "Welcome to the Jungle", "Paradise City", and "Sweet Child o' Mine", the band's only single to reach number one on the Billboard Hot 100.
8003:123145564041216::Thread-60 2020-08-09 18:59:49.655 - **START**
8003:123145564041216::Thread-60 2020-08-09 18:59:49.659 - Starting new HTTPS connection (1): en.wikipedia.org
8005:123145564041216::Thread-60 2020-08-09 18:59:50.178 - Italy returned to form by 1968, winning a European Championship (1968), and after a period of alternating unsuccessful qualification rounds in Europe, later appeared in two other finals (2000, 2012).
8004:123145564041216::Thread-60 2020-08-09 18:59:50.981 - The album has sold approximately 30 million copies worldwide, including 18 million units in the United States, making it the country's bestselling debut album and eleventh-bestselling album.
8003:123145564041216::Thread-60 2020-08-09 18:59:51.412 - Mumbai (English: , Marathi: [ˈmumbəi]; colloquially known as Bombay , the official name until 1995) is the capital city of the Indian state of Maharashtra.
8004:123145564041216::Thread-60 2020-08-09 18:59:51.884 - Their next studio album, G N' R Lies (1988), reached number two on the Billboard 200, sold ten million copies worldwide (including five million in the U.S.), and included the top 5 hit "Patience".
8005:123145564041216::Thread-60 2020-08-09 18:59:51.908 - Italy's highest finish at the FIFA Confederations Cup was in 2013, where the squad achieved a third-place finish.
8006:123145564041216::Thread-60 2020-08-09 18:59:53.611 - **END**
8004:123145564041216::Thread-60 2020-08-09 18:59:53.832 - Use Your Illusion I and Use Your Illusion II, recorded simultaneously and released in 1991, debuted at number two and number one on the Billboard 200 respectively and have sold a combined 35 million copies worldwide, including 14 million units in the United States.
8004:123145564041216::Thread-60 2020-08-09 18:59:54.096 - The Illusion albums included the lead single "You Could Be Mine" (also featured in the film soundtrack for Terminator 2), covers of "Live and Let Die" and "Knockin' on Heaven's Door", and a trilogy of ballads ("Don't Cry", "November Rain", and "Estranged"), which featured notably high-budget music videos.
8003:123145564041216::Thread-60 2020-08-09 18:59:54.314 - According to United Nations, as of 2018, Mumbai is the most populous city in the country and the seventh-most populous city in the world with a population of roughly 20 million.
8002:123145564041216::Thread-60 2020-08-09 18:59:54.433 - **END**
8003:123145564041216::Thread-60 2020-08-09 18:59:55.583 - As per Indian government population census of 2011, Mumbai is the most populous city in India with an estimated city proper population of 12.5 million living under Municipal Corporation of Greater Mumbai.
8004:123145564041216::Thread-60 2020-08-09 18:59:56.032 - The Illusion records were also supported by the extensive Use Your Illusion Tour, a world tour that lasted from 1991–1993.
8004:123145564041216::Thread-60 2020-08-09 18:59:56.432 - "The Spaghetti Incident?"
8004:123145564041216::Thread-60 2020-08-09 18:59:56.447 - (1993), an album of covers, was the band's last studio album to feature Slash and McKagan before their initial departure.
8003:123145564041216::Thread-60 2020-08-09 18:59:56.64 - Mumbai is the centre of the Mumbai Metropolitan Region, the sixth most populous metropolitan area in the world with a population of over 23 million.
8003:123145564041216::Thread-60 2020-08-09 18:59:57.063 - Mumbai lies on the Konkan coast on the west coast of India and has a deep natural harbour.
8003:123145564041216::Thread-60 2020-08-09 18:59:57.355 - In 2008, Mumbai was named an alpha world city.
8003:123145564041216::Thread-60 2020-08-09 18:59:58.989 - It has the highest number of millionaires and billionaires among all cities in India.
8005:123145564041216::Thread-60 2020-08-09 18:59:59.911 - **END**
8003:123145564041216::Thread-60 2020-08-09 19:00:00.529 - Mumbai is home to three UNESCO World Heritage Sites: the Elephanta Caves, Chhatrapati Shivaji Maharaj Terminus, and the city's distinctive ensemble of Victorian and Art Deco buildings.The seven islands that constitute Mumbai were originally home to communities of Marathi language speaking Koli people,  For centuries, the islands were under the control of successive indigenous empires before being ceded to the Portuguese Empire and subsequently to the East India Company when in 1661 Charles II of England married Catherine of Braganza and as part of her dowry Charles received the ports of Tangier and Seven Islands of Bombay.
8006:123145564041216::Thread-60 2020-08-09 19:00:00.624 - **START**
8006:123145564041216::Thread-60 2020-08-09 19:00:00.732 - Starting new HTTPS connection (1): en.wikipedia.org
8003:123145564041216::Thread-60 2020-08-09 19:00:01.402 - During the mid-18th century, Bombay was reshaped by the Hornby Vellard project, which undertook reclamation of the area between the seven islands from the sea.
8004:123145564041216::Thread-60 2020-08-09 19:00:01.45 - **END**
8002:123145564041216::Thread-60 2020-08-09 19:00:03.435 - **START**
8002:123145564041216::Thread-60 2020-08-09 19:00:03.498 - Starting new HTTPS connection (1): en.wikipedia.org
8003:123145564041216::Thread-60 2020-08-09 19:00:03.871 - Along with construction of major roads and railways, the reclamation project, completed in 1845, transformed Bombay into a major seaport on the Arabian Sea.
8006:123145564041216::Thread-60 2020-08-09 19:00:04.593 - The New York Yankees are an American professional baseball team based in the New York City borough of the Bronx.
8003:123145564041216::Thread-60 2020-08-09 19:00:04.882 - **END**
8002:123145564041216::Thread-60 2020-08-09 19:00:05.416 - Muhammad Ali (; born Cassius Marcellus Clay Jr.; January 17, 1942 – June 3, 2016) was an American professional boxer, activist, and philanthropist.
8006:123145564041216::Thread-60 2020-08-09 19:00:07.374 - They compete in Major League Baseball (MLB) as a member club of the American League (AL) East division.
8002:123145564041216::Thread-60 2020-08-09 19:00:08.114 - Nicknamed "The Greatest", he is widely regarded as one of the most significant and celebrated sports figures of the 20th century and as one of the greatest boxers of all time.
8006:123145564041216::Thread-60 2020-08-09 19:00:09.242 - They are one of two major league clubs based in New York City, the other being the National League's (NL) New York Mets.
8002:123145564041216::Thread-60 2020-08-09 19:00:09.378 - Ali was born and raised in Louisville, Kentucky, and began training as an amateur boxer at age 12.
8002:123145564041216::Thread-60 2020-08-09 19:00:10.529 - At 18, he won a gold medal in the light heavyweight division at the 1960 Summer Olympics, and turned professional later that year.
8002:123145564041216::Thread-60 2020-08-09 19:00:10.588 - He converted to Islam and became a Muslim after 1961, and eventually took the name Muhammad Ali.
8002:123145564041216::Thread-60 2020-08-09 19:00:10.916 - He won the world heavyweight championship from Sonny Liston in a major upset at age 22 in 1964.
8006:123145564041216::Thread-60 2020-08-09 19:00:11.127 - The Yankees began play in the 1901 season as the Baltimore Orioles (no relation to the modern Baltimore Orioles).
8006:123145564041216::Thread-60 2020-08-09 19:00:13.05 - In 1903, Frank Farrell and Bill Devery purchased the franchise after it ceased operations and moved it to New York City, renaming the club the New York Highlanders.
8006:123145564041216::Thread-60 2020-08-09 19:00:13.708 - The Highlanders were officially renamed the New York Yankees in 1913.The team is owned by Yankee Global Enterprises, an LLC that is controlled by the family of the late George Steinbrenner, who purchased the team in 1973.
8006:123145564041216::Thread-60 2020-08-09 19:00:13.735 - Brian Cashman is the team's general manager, and Aaron Boone is the team's field manager.
8002:123145564041216::Thread-60 2020-08-09 19:00:13.89 - In 1966, Ali refused to be drafted into the military, citing his religious beliefs and opposition to the Vietnam War.
8002:123145564041216::Thread-60 2020-08-09 19:00:13.992 - He was arrested, found guilty of draft evasion, and stripped of his boxing titles.
8002:123145564041216::Thread-60 2020-08-09 19:00:14.538 - He appealed the decision to the Supreme Court, which overturned his conviction in 1971, but he had not fought for nearly four years and lost a period of peak performance as an athlete.
8006:123145564041216::Thread-60 2020-08-09 19:00:14.823 - The team's home games were played at the original Yankee Stadium from 1923 to 1973 and from 1976 to 2008.
8006:123145564041216::Thread-60 2020-08-09 19:00:15.413 - In 1974 and 1975, the Yankees shared Shea Stadium with the Mets, in addition to the New York Jets and the New York Giants.
8002:123145564041216::Thread-60 2020-08-09 19:00:15.896 - His actions as a conscientious objector to the war made him an icon for the larger counterculture generation, and he was a high-profile figure of racial pride for African Americans during the civil rights movement.
8005:123145564041216::Thread-60 2020-08-09 19:00:15.915 - **START**
8005:123145564041216::Thread-60 2020-08-09 19:00:15.921 - Starting new HTTPS connection (1): en.wikipedia.org
8006:123145564041216::Thread-60 2020-08-09 19:00:16.069 - In 2009, they moved into a new ballpark of the same name that was constructed adjacent to the previous facility, which was closed and demolished.
8006:123145564041216::Thread-60 2020-08-09 19:00:16.071 - **END**
8002:123145564041216::Thread-60 2020-08-09 19:00:16.9 - **END**
8005:123145564041216::Thread-60 2020-08-09 19:00:17.374 - The Delhi Metro is a rapid transit system serving Delhi and its satellite cities of Ghaziabad, Faridabad, Gurgaon, Noida, Bahadurgarh and Ballabhgarh, in the National Capital Region of India.
8005:123145564041216::Thread-60 2020-08-09 19:00:17.451 - It is by far the largest and busiest metro in India, and second oldest after the Kolkata Metro.
8005:123145564041216::Thread-60 2020-08-09 19:00:17.915 - The network consists of Eleven colour-coded regular lines serving 285 stations with a total length of 389 kilometres (242 mi).
8005:123145564041216::Thread-60 2020-08-09 19:00:18.08 - The system has a mix of underground, at-grade, and elevated stations using both broad-gauge and standard-gauge.
8005:123145564041216::Thread-60 2020-08-09 19:00:18.712 - Delhi Metro operates over 2,700 trips daily, starting at around 05:00 and ending at 23:30.Construction started in 1998, and the first elevated section (Shahdara to Tis Hazari) on the Red Line opened in 2002.
8005:123145564041216::Thread-60 2020-08-09 19:00:19.053 - The first underground section (Vishwa Vidyalaya – Kashmere Gate) on the Yellow Line opened in 2004.
8005:123145564041216::Thread-60 2020-08-09 19:00:19.939 - The development of the network was divided into phases.
8005:123145564041216::Thread-60 2020-08-09 19:00:20.623 - Phase I with 3 lines was completed by 2006, and Phase II in 2011.
8005:123145564041216::Thread-60 2020-08-09 19:00:21.474 - As of March 2020, Phase III is in the finishing stage and scheduled to be mostly complete by the end of the year.
8005:123145564041216::Thread-60 2020-08-09 19:00:21.864 - Construction on Phase IV was formally started on 30 December 2019.
8005:123145564041216::Thread-60 2020-08-09 19:00:28.87 - **END**