8003:123146089865216::Thread-185 2020-08-09 18:59:25.274 - **START**
8003:123146089865216::Thread-185 2020-08-09 18:59:25.305 - Starting new HTTPS connection (1): en.wikipedia.org
8005:123146089865216::Thread-185 2020-08-09 18:59:29.251 - **START**
8005:123146089865216::Thread-185 2020-08-09 18:59:29.392 - Starting new HTTPS connection (1): en.wikipedia.org
8003:123146089865216::Thread-185 2020-08-09 18:59:31.499 - Robyn Rihanna Fenty ( ree-AN-ə; born February 20, 1988) is a Barbadian singer, songwriter, actress, businesswoman, and philanthropist.
8003:123146089865216::Thread-185 2020-08-09 18:59:32.764 - Born in Saint Michael and raised in Bridgetown, Barbados, Rihanna moved to the United States in 2005 when she signed with Def Jam.
8004:123146089865216::Thread-185 2020-08-09 18:59:33.251 - **START**
8006:123146089865216::Thread-185 2020-08-09 18:59:33.272 - **START**
8005:123146089865216::Thread-185 2020-08-09 18:59:33.787 - Prince Rogers Nelson (June 7, 1958 – April 21, 2016) was an American singer-songwriter, musician, record producer, dancer, actor, and filmmaker.
8004:123146089865216::Thread-185 2020-08-09 18:59:34.113 - Starting new HTTPS connection (1): en.wikipedia.org
8006:123146089865216::Thread-185 2020-08-09 18:59:34.113 - Starting new HTTPS connection (1): en.wikipedia.org
8003:123146089865216::Thread-185 2020-08-09 18:59:35.468 - She gained recognition following the release of her first two studio albums, Music of the Sun (2005) and A Girl like Me (2006), both of which were influenced by Caribbean music and peaked within the top ten of the US Billboard 200 chart.
8005:123146089865216::Thread-185 2020-08-09 18:59:35.492 - He is widely regarded as one of the greatest musicians of his generation.
8005:123146089865216::Thread-185 2020-08-09 18:59:35.697 - A multi-instrumentalist who was considered a guitar virtuoso, he was well known for his eclectic work across multiple genres, flamboyant and androgynous persona, and wide vocal range which included a far-reaching falsetto and high-pitched screams.
8002:123146089865216::Thread-185 2020-08-09 18:59:36.366 - **START**
8003:123146089865216::Thread-185 2020-08-09 18:59:36.412 - Rihanna's third album, Good Girl Gone Bad (2007), incorporated elements of dance-pop, catapulted her to stardom, and established her status as a sex symbol in the music industry.
8003:123146089865216::Thread-185 2020-08-09 18:59:36.561 - Its international chart-topping single "Umbrella" earned Rihanna her first Grammy Award for Best Rap/Sung Collaboration.
8005:123146089865216::Thread-185 2020-08-09 18:59:36.965 - Prince's innovative music integrated a wide variety of styles, including funk, R&B, rock, new wave, soul, synth-pop, psychedelia, pop, industrial, and hip hop.
8002:123146089865216::Thread-185 2020-08-09 18:59:37.002 - Starting new HTTPS connection (1): en.wikipedia.org
8003:123146089865216::Thread-185 2020-08-09 18:59:38.348 - Rihanna continued to mix pop, dance, and R&B genres on her next four albums, Rated R (2009), Loud (2010), Talk That Talk (2011), and the Grammy Award-winning Unapologetic (2012).
8004:123146089865216::Thread-185 2020-08-09 18:59:38.531 - Guns N' Roses, often abbreviated as GNR, is an American hard rock band from Los Angeles, California, formed in 1985.
8006:123146089865216::Thread-185 2020-08-09 18:59:38.918 - Guns N' Roses, often abbreviated as GNR, is an American hard rock band from Los Angeles, California, formed in 1985.
8005:123146089865216::Thread-185 2020-08-09 18:59:39.813 - He pioneered the Minneapolis sound, a funk rock subgenre that emerged in the late 1970s.
8003:123146089865216::Thread-185 2020-08-09 18:59:40.154 - All four releases combined various other musical styles and consolidated Rihanna's commercial success, with Unapologetic being her first number-one album in the US.
8004:123146089865216::Thread-185 2020-08-09 18:59:40.33 - When they signed to Geffen Records in 1986, the band comprised vocalist Axl Rose, lead guitarist Slash, rhythm guitarist Izzy Stradlin, bassist Duff McKagan, and drummer Steven Adler.
8003:123146089865216::Thread-185 2020-08-09 18:59:40.389 - The records spawned a string of chart-topping singles, including "Rude Boy", "Only Girl (In the World)", "What's My Name?
8006:123146089865216::Thread-185 2020-08-09 18:59:40.855 - When they signed to Geffen Records in 1986, the band comprised vocalist Axl Rose, lead guitarist Slash, rhythm guitarist Izzy Stradlin, bassist Duff McKagan, and drummer Steven Adler.
8003:123146089865216::Thread-185 2020-08-09 18:59:41.554 - ", "S&M", "We Found Love", "Diamonds", and "Stay".
8005:123146089865216::Thread-185 2020-08-09 18:59:41.654 - He was also known for his prolific output, releasing 39 albums during his life, with a vast array of unreleased projects left in a vault at his home after his death; it is believed that the vault contains dozens of fully produced albums and over 50 music videos that have never been released, along with various other media.
8004:123146089865216::Thread-185 2020-08-09 18:59:42.056 - The current lineup consists of Rose, Slash, McKagan, keyboardist Dizzy Reed, guitarist Richard Fortus, drummer Frank Ferrer and keyboardist Melissa Reese.
8002:123146089865216::Thread-185 2020-08-09 18:59:43.083 - Kimberly Noel Kardashian West (née Kardashian; born October 21, 1980) is an American media personality, socialite, model, businesswoman, and activist.
8006:123146089865216::Thread-185 2020-08-09 18:59:43.249 - The current lineup consists of Rose, Slash, McKagan, keyboardist Dizzy Reed, guitarist Richard Fortus, drummer Frank Ferrer and keyboardist Melissa Reese.
8005:123146089865216::Thread-185 2020-08-09 18:59:43.38 - He released hundreds of songs both under his own name and multiple pseudonyms during his life, as well as writing songs that were made famous by other musicians, such as "Nothing Compares 2 U" and "Manic Monday".
8005:123146089865216::Thread-185 2020-08-09 18:59:43.498 - Estimates of the complete number of songs written by Prince range anywhere from 500 to well over 1,000.Born and raised in Minneapolis, Minnesota, Prince signed a recording contract with Warner Bros. Records at the age of 19.
8002:123146089865216::Thread-185 2020-08-09 18:59:43.574 - Kardashian first gained media attention as a friend and stylist of Paris Hilton but received wider notice after a 2002 sex tape, Kim Kardashian, Superstar, with her then-boyfriend Ray J was released in 2007.
8004:123146089865216::Thread-185 2020-08-09 18:59:43.774 - Guns N' Roses' debut album, Appetite for Destruction (1987), reached number one on the Billboard 200 a year after its release, on the strength of the top 10 singles "Welcome to the Jungle", "Paradise City", and "Sweet Child o' Mine", the band's only single to reach number one on the Billboard Hot 100.
8002:123146089865216::Thread-185 2020-08-09 18:59:43.836 - Later that year, she and her family began to appear in the E!
8002:123146089865216::Thread-185 2020-08-09 18:59:43.88 - reality television series Keeping Up with the Kardashians (2007–present).
8002:123146089865216::Thread-185 2020-08-09 18:59:44.086 - Its success soon led to the creation of spin-offs including Kourtney and Kim Take New York (2011–2012) and Kourtney and Kim Take Miami (2009–2013).
8004:123146089865216::Thread-185 2020-08-09 18:59:44.367 - The album has sold approximately 30 million copies worldwide, including 18 million units in the United States, making it the country's bestselling debut album and eleventh-bestselling album.
8003:123146089865216::Thread-185 2020-08-09 18:59:44.406 - Her eighth album, Anti (2016), showcased a new creative control following her departure from Def Jam.
8004:123146089865216::Thread-185 2020-08-09 18:59:44.508 - Their next studio album, G N' R Lies (1988), reached number two on the Billboard 200, sold ten million copies worldwide (including five million in the U.S.), and included the top 5 hit "Patience".
8004:123146089865216::Thread-185 2020-08-09 18:59:44.666 - Use Your Illusion I and Use Your Illusion II, recorded simultaneously and released in 1991, debuted at number two and number one on the Billboard 200 respectively and have sold a combined 35 million copies worldwide, including 14 million units in the United States.
8006:123146089865216::Thread-185 2020-08-09 18:59:45.033 - Guns N' Roses' debut album, Appetite for Destruction (1987), reached number one on the Billboard 200 a year after its release, on the strength of the top 10 singles "Welcome to the Jungle", "Paradise City", and "Sweet Child o' Mine", the band's only single to reach number one on the Billboard Hot 100.
8003:123146089865216::Thread-185 2020-08-09 18:59:45.167 - It became her second US number-one album and featured the chart-topping single "Work".
8005:123146089865216::Thread-185 2020-08-09 18:59:45.257 - Prince went on to achieve critical success with the musically complex albums Dirty Mind (1980), Controversy (1981), and 1999 (1982).
8004:123146089865216::Thread-185 2020-08-09 18:59:45.967 - The Illusion albums included the lead single "You Could Be Mine" (also featured in the film soundtrack for Terminator 2), covers of "Live and Let Die" and "Knockin' on Heaven's Door", and a trilogy of ballads ("Don't Cry", "November Rain", and "Estranged"), which featured notably high-budget music videos.
8006:123146089865216::Thread-185 2020-08-09 18:59:46.605 - The album has sold approximately 30 million copies worldwide, including 18 million units in the United States, making it the country's bestselling debut album and eleventh-bestselling album.
8002:123146089865216::Thread-185 2020-08-09 18:59:46.708 - Kardashian has developed an online and social media presence, including hundreds of millions of followers on Twitter and Instagram.
8003:123146089865216::Thread-185 2020-08-09 18:59:46.869 - Rihanna has released collaborative hit singles with artists such as Drake, Eminem, and Calvin Harris.
8004:123146089865216::Thread-185 2020-08-09 18:59:47.422 - The Illusion records were also supported by the extensive Use Your Illusion Tour, a world tour that lasted from 1991–1993.
8003:123146089865216::Thread-185 2020-08-09 18:59:47.872 - **END**
8006:123146089865216::Thread-185 2020-08-09 18:59:48.368 - Their next studio album, G N' R Lies (1988), reached number two on the Billboard 200, sold ten million copies worldwide (including five million in the U.S.), and included the top 5 hit "Patience".
8002:123146089865216::Thread-185 2020-08-09 18:59:48.533 - She has released a variety of products tied to her name, including the 2014 mobile game Kim Kardashian: Hollywood, a variety of clothing and products, the 2015 photo book Selfish and her eponymous personal app.
8002:123146089865216::Thread-185 2020-08-09 18:59:48.644 - Her relationship with rapper Kanye West has also received significant media coverage; the couple married in 2014 and have four children together.
8002:123146089865216::Thread-185 2020-08-09 18:59:48.956 - As an actress, Kardashian has appeared in films, such as Disaster Movie (2008), Deep in the Valley (2009), and Temptation: Confessions of a Marriage Counselor (2013).
8004:123146089865216::Thread-185 2020-08-09 18:59:49.398 - "The Spaghetti Incident?"
8004:123146089865216::Thread-185 2020-08-09 18:59:49.917 - (1993), an album of covers, was the band's last studio album to feature Slash and McKagan before their initial departure.
8004:123146089865216::Thread-185 2020-08-09 18:59:49.918 - **END**
8006:123146089865216::Thread-185 2020-08-09 18:59:51.025 - Use Your Illusion I and Use Your Illusion II, recorded simultaneously and released in 1991, debuted at number two and number one on the Billboard 200 respectively and have sold a combined 35 million copies worldwide, including 14 million units in the United States.
8002:123146089865216::Thread-185 2020-08-09 18:59:51.765 - In recent years, Kardashian has focused on her own businesses by founding KKW Beauty and KKW fragrance in 2017.
8002:123146089865216::Thread-185 2020-08-09 18:59:52.768 - **END**
8005:123146089865216::Thread-185 2020-08-09 18:59:53.259 - **END**
8006:123146089865216::Thread-185 2020-08-09 18:59:53.591 - The Illusion albums included the lead single "You Could Be Mine" (also featured in the film soundtrack for Terminator 2), covers of "Live and Let Die" and "Knockin' on Heaven's Door", and a trilogy of ballads ("Don't Cry", "November Rain", and "Estranged"), which featured notably high-budget music videos.
8006:123146089865216::Thread-185 2020-08-09 18:59:56.206 - The Illusion records were also supported by the extensive Use Your Illusion Tour, a world tour that lasted from 1991–1993.
8006:123146089865216::Thread-185 2020-08-09 18:59:58.251 - "The Spaghetti Incident?"
8006:123146089865216::Thread-185 2020-08-09 18:59:58.771 - (1993), an album of covers, was the band's last studio album to feature Slash and McKagan before their initial departure.
8003:123146089865216::Thread-185 2020-08-09 18:59:58.877 - **START**
8003:123146089865216::Thread-185 2020-08-09 18:59:58.993 - Starting new HTTPS connection (1): en.wikipedia.org
8003:123146089865216::Thread-185 2020-08-09 19:00:00.085 - Rome (Italian and Latin: Roma [ˈroːma] (listen)) is the capital city and a special comune of Italy (named Comune di Roma Capitale) as well as the capital of the Lazio region.
8003:123146089865216::Thread-185 2020-08-09 19:00:02.438 - The city has been a major human settlement for over two millennia.
8004:123146089865216::Thread-185 2020-08-09 19:00:02.92 - **START**
8004:123146089865216::Thread-185 2020-08-09 19:00:02.991 - Starting new HTTPS connection (1): en.wikipedia.org
8003:123146089865216::Thread-185 2020-08-09 19:00:03.304 - With 2,860,009 residents in 1,285 km2 (496.1 sq mi), it is also the country's most populated comune.
8003:123146089865216::Thread-185 2020-08-09 19:00:03.921 - It is the third most populous city in the European Union by population within city limits.
8004:123146089865216::Thread-185 2020-08-09 19:00:04.329 - Loud is the fifth studio album by the Barbadian singer Rihanna.
8004:123146089865216::Thread-185 2020-08-09 19:00:04.483 - It was released on November 12, 2010, by Def Jam Recordings and SRP Records.
8002:123146089865216::Thread-185 2020-08-09 19:00:04.775 - **START**
8002:123146089865216::Thread-185 2020-08-09 19:00:04.78 - Starting new HTTPS connection (1): en.wikipedia.org
8004:123146089865216::Thread-185 2020-08-09 19:00:04.91 - The album was recorded between February and August 2010, during the singer's Last Girl on Earth tour and the filming of her first feature film Battleship (2012).
8003:123146089865216::Thread-185 2020-08-09 19:00:05.127 - It is the centre of the Metropolitan City of Rome, which has a population of 4,355,725 residents, thus making it the most populous metropolitan city in Italy.
8004:123146089865216::Thread-185 2020-08-09 19:00:05.604 - Rihanna and L.A. Reid were the executive producers of Loud and worked with various record producers, including Stargate, Sandy Vee, The Runners, Tricky Stewart and Alex da Kid.
8006:123146089865216::Thread-185 2020-08-09 19:00:05.773 - **END**
8004:123146089865216::Thread-185 2020-08-09 19:00:06.048 - The album features several guest vocalists, including rappers Drake, Nicki Minaj and Eminem, who is featured on the sequel to "Love the Way You Lie", titled "Love the Way You Lie (Part II)".
8004:123146089865216::Thread-185 2020-08-09 19:00:06.878 - The album differs from Rihanna's 2009 record, Rated R, which incorporates a prominently foreboding and angry tone and dark themes.
8002:123146089865216::Thread-185 2020-08-09 19:00:06.882 - Manchester United Football Club is a professional football club based in Old Trafford, Greater Manchester, England, that competes in the Premier League, the top flight of English football.
8003:123146089865216::Thread-185 2020-08-09 19:00:07.25 - Its metropolitan area is the third-most populous within Italy.
8004:123146089865216::Thread-185 2020-08-09 19:00:07.363 - Loud features up-tempo and pop genres, ranging from R&B and dance-pop to electro music, and marks the return to dancehall; a genre prominent on her first two albums Music of the Sun (2005) and A Girl like Me (2006).
8004:123146089865216::Thread-185 2020-08-09 19:00:07.849 - It also uses rock in "California King Bed" and reggae in the Caribbean-inspired "Man Down".
8004:123146089865216::Thread-185 2020-08-09 19:00:08.391 - Loud received generally positive reviews from music critics, who complimented its upbeat material and Rihanna's vocal performances, while others stated that although the songs were solid, they were unfocused to each other.
8002:123146089865216::Thread-185 2020-08-09 19:00:08.637 - Nicknamed "the Red Devils", the club was founded as Newton Heath LYR Football Club in 1878, changed its name to Manchester United in 1902 and moved to its current stadium, Old Trafford, in 1910.
8004:123146089865216::Thread-185 2020-08-09 19:00:09.171 - The album was a commercial success; it debuted at number three on the US Billboard 200 chart, with sales of 207,000 copies, the highest first-week sales of her career at the time.
8005:123146089865216::Thread-185 2020-08-09 19:00:09.261 - **START**
8005:123146089865216::Thread-185 2020-08-09 19:00:09.264 - Starting new HTTPS connection (1): en.wikipedia.org
8003:123146089865216::Thread-185 2020-08-09 19:00:09.896 - Rome is located in the central-western portion of the Italian Peninsula, within Lazio (Latium), along the shores of the Tiber.
8002:123146089865216::Thread-185 2020-08-09 19:00:09.958 - Manchester United have won more trophies than any other club in English football, with a record 20 League titles, 12 FA Cups, five League Cups and a record 21 FA Community Shields.
8003:123146089865216::Thread-185 2020-08-09 19:00:10.347 - Vatican City (the smallest country in the world) is an independent country inside the city boundaries of Rome, the only existing example of a country within a city; for this reason Rome has sometimes been defined as the capital of two states.Rome's history spans 28 centuries.
8002:123146089865216::Thread-185 2020-08-09 19:00:10.745 - United have also won three UEFA Champions Leagues, one UEFA Europa League, one UEFA Cup Winners' Cup, one UEFA Super Cup, one Intercontinental Cup and one FIFA Club World Cup.
8002:123146089865216::Thread-185 2020-08-09 19:00:11.745 - In 1998–99, the club became the first in the history of English football to achieve the continental European treble.
8002:123146089865216::Thread-185 2020-08-09 19:00:11.992 - By winning the UEFA Europa League in 2016–17, they became one of five clubs to have won all three main UEFA club competitions.
8005:123146089865216::Thread-185 2020-08-09 19:00:12.392 - Abraham (originally Abram) is the common patriarch of the Abrahamic religions, including Judaism, Christianity and Islam.
8002:123146089865216::Thread-185 2020-08-09 19:00:12.667 - The 1958 Munich air disaster claimed the lives of eight players.
8005:123146089865216::Thread-185 2020-08-09 19:00:12.74 - In Judaism, he is the founding father of the covenant of the pieces, the special relationship between the Hebrews and God; in Christianity, he is the prototype of all believers, Jewish or Gentile; and in Islam he is seen as a link in the chain of prophets that begins with Adam and culminates in Muhammad.The narrative in the Book of Genesis revolves around the themes of posterity and land.
8003:123146089865216::Thread-185 2020-08-09 19:00:13.311 - While Roman mythology dates the founding of Rome at around 753 BC, the site has been inhabited for much longer, making it one of the oldest continuously occupied cities in Europe.
8002:123146089865216::Thread-185 2020-08-09 19:00:14.232 - In 1968, under the management of Matt Busby, Manchester United became the first English football club to win the European Cup.
8005:123146089865216::Thread-185 2020-08-09 19:00:14.509 - Abraham is called by God to leave the house of his father Terah and settle in the land originally given to Canaan but which God now promises to Abraham and his progeny.
8003:123146089865216::Thread-185 2020-08-09 19:00:14.771 - The city's early population originated from a mix of Latins, Etruscans, and Sabines.
8002:123146089865216::Thread-185 2020-08-09 19:00:15.572 - Alex Ferguson won 38 trophies as manager, including 13 Premier League titles, 5 FA Cups and 2 UEFA Champions Leagues, between 1986 and 2013, when he announced his retirement.
8002:123146089865216::Thread-185 2020-08-09 19:00:15.599 - Manchester United was the highest-earning football club in the world for 2016–17, with an annual revenue of €676.3 million, and the world's third most valuable football club in 2019, valued at £3.15 billion ($3.81 billion).
8005:123146089865216::Thread-185 2020-08-09 19:00:15.72 - Various candidates are put forward who might inherit the land after Abraham; and, while promises are made to Ishmael about founding a great nation, Isaac, Abraham's son by his half-sister Sarah, inherits God's promises to Abraham.
8005:123146089865216::Thread-185 2020-08-09 19:00:15.991 - Abraham purchases a tomb (the Cave of the Patriarchs) at Hebron to be Sarah's grave, thus establishing his right to the land; and, in the second generation, his heir Isaac is married to a woman from his own kin, thus ruling the Canaanites out of any inheritance.
8004:123146089865216::Thread-185 2020-08-09 19:00:16.173 - **END**
8005:123146089865216::Thread-185 2020-08-09 19:00:17.794 - Abraham later marries Keturah and has six more sons; but, on his death, when he is buried beside Sarah, it is Isaac who receives "all Abraham's goods", while the other sons receive only "gifts" (Genesis 25:5–8).The Abraham story cannot be definitively related to any specific time, and it is widely agreed that the patriarchal age, along with the exodus and the period of the judges, is a late literary construct that does not relate to any period in actual history.
8005:123146089865216::Thread-185 2020-08-09 19:00:19.499 - A common hypothesis among scholars is that it was composed in the early Persian period (late 6th century BCE) as a result of tensions between Jewish landowners who had stayed in Judah during the Babylonian captivity and traced their right to the land through their "father Abraham", and the returning exiles who based their counter-claim on Moses and the Exodus tradition.
8005:123146089865216::Thread-185 2020-08-09 19:00:20.136 - Biblical account


Origins and calling
Terah, the ninth in descent from Noah, was the father of three sons: Abram, Nahor, and Haran.
8005:123146089865216::Thread-185 2020-08-09 19:00:22.639 - The entire family, including grandchildren, lived in Ur of the Chaldees.
8003:123146089865216::Thread-185 2020-08-09 19:00:22.774 - **END**
8005:123146089865216::Thread-185 2020-08-09 19:00:24.549 - According to a midrash, Abram worked in Terah's idol shop in his youth.
8002:123146089865216::Thread-185 2020-08-09 19:00:24.6 - **END**
8005:123146089865216::Thread-185 2020-08-09 19:00:27.551 - **END**