8004:123146279161856::Thread-230 2020-08-09 18:59:28.265 - **START**
8004:123146279161856::Thread-230 2020-08-09 18:59:28.427 - Starting new HTTPS connection (1): en.wikipedia.org
8005:123146279161856::Thread-230 2020-08-09 18:59:31.255 - **START**
8005:123146279161856::Thread-230 2020-08-09 18:59:31.833 - Starting new HTTPS connection (1): en.wikipedia.org
8004:123146279161856::Thread-230 2020-08-09 18:59:31.913 - Shawn Corey Carter (born December 4, 1969), better known by his stage name Jay-Z (stylized as JAY-Z), is an American rapper, songwriter, record executive, entrepreneur, businessman, and record producer.
8004:123146279161856::Thread-230 2020-08-09 18:59:32.36 - Born and raised in New York City, Jay-Z first began his musical career after founding the record label Roc-A-Fella Records in 1995, and subsequently released his debut studio album Reasonable Doubt in 1996.
8004:123146279161856::Thread-230 2020-08-09 18:59:32.53 - The album was released to widespread critical success, and solidified his standing in the music industry.
8004:123146279161856::Thread-230 2020-08-09 18:59:32.926 - He has gone on to release twelve additional albums, including the acclaimed albums, The Blueprint (2001), The Black Album (2003), American Gangster (2007), and 4:44 (2017).
8006:123146279161856::Thread-230 2020-08-09 18:59:33.278 - **START**
8002:123146279161856::Thread-230 2020-08-09 18:59:33.374 - **START**
8006:123146279161856::Thread-230 2020-08-09 18:59:34.087 - Starting new HTTPS connection (1): en.wikipedia.org
8004:123146279161856::Thread-230 2020-08-09 18:59:34.371 - Jay-Z has also released the full-length collaborative albums Watch the Throne (2011) with Kanye West and Everything Is Love (2018) with his wife Beyoncé, respectively.Outside of his musical career, Jay-Z has also attained significant success and media attention for his career as a businessman.
8002:123146279161856::Thread-230 2020-08-09 18:59:34.87 - Starting new HTTPS connection (1): en.wikipedia.org
8005:123146279161856::Thread-230 2020-08-09 18:59:34.941 - Edward Thomas Hardy  (born 15 September 1977) is an English actor and producer.
8004:123146279161856::Thread-230 2020-08-09 18:59:36.062 - In 1999, he founded the clothing retailer Rocawear, and in 2003, he founded the luxury sports bar chain 40/40 Club.
8006:123146279161856::Thread-230 2020-08-09 18:59:36.361 - Glee (stylized in all lowercase) is  an American musical comedy-drama television series that aired on the Fox network in the United States from May 19, 2009, to March 20, 2015.
8005:123146279161856::Thread-230 2020-08-09 18:59:36.523 - After studying acting at the Drama Centre London, he made his film debut in Ridley Scott's Black Hawk Down (2001) and has since appeared in such films as Star Trek: Nemesis (2002), RocknRolla (2008), Bronson (2008), Warrior (2011), Tinker Tailor Soldier Spy (2011), Lawless (2012), Locke (2013), The Drop (2014), and The Revenant (2015), for which he received a nomination for the Academy Award for Best Supporting Actor.
8005:123146279161856::Thread-230 2020-08-09 18:59:37.264 - In 2015, Hardy portrayed "Mad" Max Rockatansky in Mad Max: Fury Road and both Kray twins in Legend.
8006:123146279161856::Thread-230 2020-08-09 18:59:37.341 - It centers on the fictional William McKinley High School glee club, the New Directions, which competes on the show choir competition circuit while its disparate members deal with social issues, especially regarding sexuality, race, relationships, and teamwork.
8006:123146279161856::Thread-230 2020-08-09 18:59:37.679 - The initial twelve-member cast included Matthew Morrison as club director and Spanish teacher Will Schuester, Jane Lynch as cheerleading coach Sue Sylvester, Jayma Mays as guidance counselor Emma Pillsbury, Jessalyn Gilsig as Will's wife Terri, and Dianna Agron, Chris Colfer, Kevin McHale, Lea Michele, Cory Monteith, Amber Riley, Mark Salling, and Jenna Ushkowitz as eight club members.
8002:123146279161856::Thread-230 2020-08-09 18:59:38.101 - Katheryn Elizabeth Hudson (born October 25, 1984), known professionally as Katy Perry, is an American singer, songwriter, and television judge.
8005:123146279161856::Thread-230 2020-08-09 18:59:38.348 - He has appeared in three Christopher Nolan films: Inception (2010), The Dark Knight Rises (2012) as Bane, and Dunkirk (2017) as an RAF fighter-pilot.
8006:123146279161856::Thread-230 2020-08-09 18:59:38.364 - The main cast was altered throughout the series.
8005:123146279161856::Thread-230 2020-08-09 18:59:38.636 - He starred as Eddie Brock / Venom in the 2018 anti-hero film Venom.
8004:123146279161856::Thread-230 2020-08-09 18:59:38.791 - Both businesses have grown to become multi-million-dollar corporations, and allowed Jay-Z to fund the start-up for the entertainment company Roc Nation, which was founded in 2008.
8004:123146279161856::Thread-230 2020-08-09 18:59:38.916 - In 2015, he acquired the tech company Aspiro and took charge of their media streaming service Tidal.Jay-Z is one of the world's best-selling music artists, with over 50 million albums and 75 million singles sold worldwide.
8006:123146279161856::Thread-230 2020-08-09 18:59:38.984 - The series was created by Ryan Murphy, Brad Falchuk, and Ian Brennan, the latter of whom first conceived of Glee as a film.
8006:123146279161856::Thread-230 2020-08-09 18:59:39.055 - The three wrote all of the show's episodes for the first two seasons, and Murphy and Falchuk initially served as the show's main directors.
8002:123146279161856::Thread-230 2020-08-09 18:59:39.014 - After singing in church during her childhood, she pursued a career in gospel music as a teenager.
8002:123146279161856::Thread-230 2020-08-09 18:59:39.138 - Perry signed with Red Hill Records and released her debut studio album Katy Hudson under her birth name in 2001, which was commercially unsuccessful.
8002:123146279161856::Thread-230 2020-08-09 18:59:39.518 - She moved to Los Angeles the following year to venture into secular music after Red Hill ceased operations and she subsequently began working with producers Glen Ballard, Dr. Luke, and Max Martin.
8002:123146279161856::Thread-230 2020-08-09 18:59:39.985 - After adopting the stage name Katy Perry and being dropped by The Island Def Jam Music Group and Columbia Records, she signed a recording contract with Capitol Records in April 2007.
8003:123146279161856::Thread-230 2020-08-09 18:59:40.351 - **START**
8006:123146279161856::Thread-230 2020-08-09 18:59:40.408 - The pilot episode was broadcast on May 19, 2009, and the first season aired from September 9, 2009, to June 8, 2010.
8002:123146279161856::Thread-230 2020-08-09 18:59:40.431 - Perry rose to fame in 2008 with her second album, One of the Boys, a pop rock record containing the controversial U.S number one song "I Kissed a Girl" and "Hot n Cold".
8005:123146279161856::Thread-230 2020-08-09 18:59:40.458 - Hardy's television roles include the HBO war drama mini-series Band of Brothers (2001), the BBC historical drama mini-series The Virgin Queen (2005), Bill Sikes in the BBC's mini-series Oliver Twist (2007), ITV's Wuthering Heights (2009), the Sky 1 drama series The Take (2009), and his highly praised role as Alfie Solomons in the BBC historical crime drama series Peaky Blinders (2013–Present).
8004:123146279161856::Thread-230 2020-08-09 18:59:40.709 - He has won a total of 22 Grammy Awards, the most by a rapper, and holds the record for the most number-one albums by a solo artist on the Billboard 200, with 14.
8003:123146279161856::Thread-230 2020-08-09 18:59:40.892 - Starting new HTTPS connection (1): en.wikipedia.org
8004:123146279161856::Thread-230 2020-08-09 18:59:40.946 - He has been ranked by Billboard and fellow music publication Rolling Stone as one of the 100 Greatest Artists of All Time.
8002:123146279161856::Thread-230 2020-08-09 18:59:41.322 - All subsequent albums have topped the U.S.
8006:123146279161856::Thread-230 2020-08-09 18:59:41.724 - Subsequent seasons aired in September through May.
8002:123146279161856::Thread-230 2020-08-09 18:59:42.059 - Billboard 200.
8006:123146279161856::Thread-230 2020-08-09 18:59:42.113 - The sixth and final season aired from January to March 2015.
8005:123146279161856::Thread-230 2020-08-09 18:59:42.423 - He created, co-produced, and took the lead in the eight-part historical fiction series Taboo (2017) on BBC One and FX.Hardy has performed on both British and American stages.
8003:123146279161856::Thread-230 2020-08-09 18:59:42.851 - The Colossus of Rhodes (Ancient Greek: ὁ Κολοσσὸς Ῥόδιος, romanized: ho Kolossòs Rhódios Greek: Κολοσσός της Ρόδου, romanized: Kolossós tes Rhódou) was a statue of the Greek sun-god Helios, erected in the city of Rhodes, on the Greek island of the same name, by Chares of Lindos in 280 BC.
8005:123146279161856::Thread-230 2020-08-09 18:59:42.889 - He was nominated for the Laurence Olivier Award for Most Promising Newcomer for his role as Skank in the production of In Arabia We'd All Be Kings (2003), and was awarded the 2003 Evening Standard Theatre Award for Outstanding Newcomer for his performances in both In Arabia We'd All Be Kings and for his role as Luca in Blood.
8002:123146279161856::Thread-230 2020-08-09 18:59:42.92 - The disco-influenced Teenage Dream (2010) spawned five chart topping  U.S.
8002:123146279161856::Thread-230 2020-08-09 18:59:43.085 - Billboard Hot 100 singles–"California Gurls", "Teenage Dream", "Firework", "E.T.
8002:123146279161856::Thread-230 2020-08-09 18:59:43.387 - ", and "Last Friday Night (T.G.I.F.)"
8006:123146279161856::Thread-230 2020-08-09 18:59:43.453 - Glee features on-screen performance-based musical numbers that were selected by Murphy, who aimed to maintain a balance between show tunes and chart hits, and produced by Adam Anders and Peer Åström.
8005:123146279161856::Thread-230 2020-08-09 18:59:44.008 - He starred in the production of The Man of Mode (2007) and received positive reviews for his role in the play The Long Red Road (2010).
8003:123146279161856::Thread-230 2020-08-09 18:59:44.075 - One of the Seven Wonders of the Ancient World, it was constructed to celebrate its successful defense against Demetrius Poliorcetes, who had besieged it for a year with a large army and navy.
8002:123146279161856::Thread-230 2020-08-09 18:59:44.116 - — a record tying her with Michael Jackson's Bad.
8003:123146279161856::Thread-230 2020-08-09 18:59:44.382 - According to most contemporary descriptions, the Colossus stood approximately 70 cubits, or 33 metres (108 feet) high—the approximate height of the modern Statue of Liberty from feet to crown—making it the tallest statue in the ancient world.
8002:123146279161856::Thread-230 2020-08-09 18:59:44.664 - Its follow-up record Prism (2013) was inspired by her divorce and incorporates pop and dance along with themes of self-reflection, everyday life, and relationships.
8003:123146279161856::Thread-230 2020-08-09 18:59:45.276 - It collapsed during the earthquake of 226 BC, although parts of it were preserved.
8003:123146279161856::Thread-230 2020-08-09 18:59:45.331 - In accordance with a certain oracle, the Rhodians did not build it again.
8005:123146279161856::Thread-230 2020-08-09 18:59:45.403 - Hardy is active in charity work and is an ambassador for the Prince's Trust.
8006:123146279161856::Thread-230 2020-08-09 18:59:46.455 - **END**
8003:123146279161856::Thread-230 2020-08-09 18:59:46.812 - John Malalas wrote that Hadrian in his reign reerected the Colossus, but he was wrong.
8003:123146279161856::Thread-230 2020-08-09 18:59:48.761 - According to Suda, the Rhodians were called Colossaeans (Κολοσσαεῖς), because they erected the statue on the island.Since 2008, a series of as-yet-unrealized proposals to build a new Colossus at Rhodes Harbour have been announced, although the actual location of the original monument remains in dispute.
8005:123146279161856::Thread-230 2020-08-09 18:59:49.406 - **END**
8004:123146279161856::Thread-230 2020-08-09 18:59:49.956 - **END**
8003:123146279161856::Thread-230 2020-08-09 18:59:50.5 - Siege of Rhodes

In the late 4th century BC, Rhodes, allied with Ptolemy I of Egypt, prevented a mass invasion staged by their common enemy, Antigonus I Monophthalmus.
8003:123146279161856::Thread-230 2020-08-09 18:59:50.649 - In 304 BC a relief force of ships sent by Ptolemy arrived, and Demetrius (son of Antigonus) and his army abandoned the siege, leaving behind most of their siege equipment.
8002:123146279161856::Thread-230 2020-08-09 18:59:50.666 - **END**
8003:123146279161856::Thread-230 2020-08-09 18:59:51.331 - To celebrate their victory, the Rhodians sold the equipment left behind for 300 talents and decided to use the money to build a colossal statue of their patron god, Helios.
8003:123146279161856::Thread-230 2020-08-09 18:59:52.873 - Construction was left to the direction of Chares, a native of Lindos in Rhodes, who had been involved with large-scale statues before.
8004:123146279161856::Thread-230 2020-08-09 18:59:54.97 - **START**
8004:123146279161856::Thread-230 2020-08-09 18:59:54.99 - Starting new HTTPS connection (1): en.wikipedia.org
8005:123146279161856::Thread-230 2020-08-09 18:59:57.407 - **START**
8005:123146279161856::Thread-230 2020-08-09 18:59:57.412 - Starting new HTTPS connection (1): en.wikipedia.org
8004:123146279161856::Thread-230 2020-08-09 18:59:57.514 - Gaetano John "Gaten" Matarazzo III (; Italian: [ɡaeˈtaːno mataˈrattso]; born September 8, 2002) is an American actor.
8004:123146279161856::Thread-230 2020-08-09 18:59:59.205 - He began his career on the Broadway stage as Benjamin in Priscilla, Queen of the Desert and as Gavroche in Les Misérables.
8004:123146279161856::Thread-230 2020-08-09 18:59:59.501 - He stars as Dustin Henderson in the Netflix science-fiction-horror drama series Stranger Things, and hosts the short lived Netflix show Prank Encounters.
8005:123146279161856::Thread-230 2020-08-09 18:59:59.758 - The Palace of Versailles ( vair-SY, vur-SY; French: Château de Versailles [ʃɑto d(ə) vɛʁsɑj] (listen)) was the principal royal residence of France from 1682, under Louis XIV, until the start of the French Revolution in 1789, under Louis XVI.
8004:123146279161856::Thread-230 2020-08-09 19:00:00.375 - Early life
Matarazzo was born in Connecticut, to Gaetano and Heather Matarazzo, but raised in Little Egg Harbor Township, New Jersey, and he attended Pinelands Regional High School in Tuckerton, New Jersey.
8005:123146279161856::Thread-230 2020-08-09 19:00:00.835 - It is located in the department of Yvelines, in the region of Île-de-France, about 20 kilometres (12 miles) southwest of the centre of Paris.A simple hunting lodging and later a small château with a moat occupied the site until 1661, when the first work expanding the château into a palace was carried out for Louis XIV.
8005:123146279161856::Thread-230 2020-08-09 19:00:01.316 - In 1682, when the palace had become large enough, the king moved the entire royal court and the French government to Versailles.
8003:123146279161856::Thread-230 2020-08-09 19:00:01.876 - **END**
8004:123146279161856::Thread-230 2020-08-09 19:00:02.082 - He has two siblings, an older sister Sabrina and a younger brother Carmen.
8004:123146279161856::Thread-230 2020-08-09 19:00:02.166 - As a child, Gaten was heavily involved in performing arts, specifically singing.
8006:123146279161856::Thread-230 2020-08-09 19:00:02.457 - **START**
8006:123146279161856::Thread-230 2020-08-09 19:00:02.636 - Starting new HTTPS connection (1): en.wikipedia.org
8005:123146279161856::Thread-230 2020-08-09 19:00:03.38 - Some of the palace furniture at this time was constructed of solid silver, but in 1689 much of it was melted down to pay for the cost of war.
8004:123146279161856::Thread-230 2020-08-09 19:00:03.554 - He pursued vocal training at Starlight Performing Arts Center in New Jersey.
8004:123146279161856::Thread-230 2020-08-09 19:00:04.2 - In 2011, he competed and won third place with his vocal solo entitled “Ben” at Starpower Talent Competition Nationals in Uncasville, Connecticut.
8005:123146279161856::Thread-230 2020-08-09 19:00:04.354 - Subsequent rulers mostly carried out interior remodeling, to meet the demands of changing taste, although Louis XV did install an opera house at the north end of the north wing for the wedding of the Dauphin and Marie Antoinette in 1770.
8006:123146279161856::Thread-230 2020-08-09 19:00:04.44 - Joseph Vissarionovich Stalin (born Ioseb Besarionis dzе Jugashvili; 18 December [O.S.
8002:123146279161856::Thread-230 2020-08-09 19:00:04.671 - **START**
8002:123146279161856::Thread-230 2020-08-09 19:00:04.681 - Starting new HTTPS connection (1): en.wikipedia.org
8006:123146279161856::Thread-230 2020-08-09 19:00:04.784 - 6 December] 1878 – 5 March 1953) was a Georgian revolutionary and Soviet politician who ruled the Soviet Union from the mid-1920s until his death in 1953.
8006:123146279161856::Thread-230 2020-08-09 19:00:05.057 - He served as the general secretary of the Communist Party of the Soviet Union (1922–1952) and premier of the Soviet Union (1941–1953).
8004:123146279161856::Thread-230 2020-08-09 19:00:05.484 - Personal life
Matarazzo is of Italian descent.Matarazzo was born with cleidocranial dysostosis (CCD), which he has spoken openly about, even documenting one of his surgeries, during which 14 supernumary teeth were removed, on Instagram.
8005:123146279161856::Thread-230 2020-08-09 19:00:06.192 - The palace has also been a site of historical importance.
8005:123146279161856::Thread-230 2020-08-09 19:00:06.289 - The Peace of Paris (1783) was signed at Versailles, the Proclamation of the German Empire occurred in the vaunted Hall of Mirrors, and World War I was ended in the palace with the Treaty of Versailles, among many other events.
8005:123146279161856::Thread-230 2020-08-09 19:00:06.294 - The palace is now a historical monument and UNESCO World Heritage site, notable especially for the ceremonial Hall of Mirrors, the jewel-like Royal Opera, and the royal apartments; for the more intimate royal residences, the Grand Trianon and Petit Trianon located within the park; the small rustic Hameau (Hamlet) created for Marie Antoinette; and the vast Gardens of Versailles with fountains, canals, and geometric flower beds and groves, laid out by André le Nôtre.
8004:123146279161856::Thread-230 2020-08-09 19:00:06.535 - After he was cast in Stranger Things as Dustin Henderson, the character's background was modified to have the condition as well.
8005:123146279161856::Thread-230 2020-08-09 19:00:06.806 - The Palace was stripped of all its furnishings after the French Revolution, but many pieces have been returned and many of the palace rooms have been restored.
8006:123146279161856::Thread-230 2020-08-09 19:00:07.024 - Despite initially governing the Soviet Union as part of a collective leadership, he eventually consolidated power to become the country's de facto dictator by the 1930s.
8005:123146279161856::Thread-230 2020-08-09 19:00:07.104 - In 2017 the Palace of Versailles received 7,700,000 visitors, making it the second-most visited monument in the Île-de-France region, just behind the Louvre and ahead of the Eiffel Tower.
8006:123146279161856::Thread-230 2020-08-09 19:00:07.164 - A communist ideologically committed to the Leninist interpretation of Marxism, Stalin formalised these ideas as Marxism–Leninism, while his own policies are known as Stalinism.
8002:123146279161856::Thread-230 2020-08-09 19:00:07.498 - Moʻai  (listen), or moai (Spanish: moái, Rapa Nui: moʻai, meaning "statue" in Rapa Nui), are monolithic human figures carved by the Rapa Nui people on Easter Island in eastern Polynesia between the years 1250 and 1500.
8004:123146279161856::Thread-230 2020-08-09 19:00:07.537 - **END**
8005:123146279161856::Thread-230 2020-08-09 19:00:07.688 - History


The hunting lodge and château of Louis XIII
 
The site of the Palace was first occupied by a small village and church, surrounded by forests filled with abundant game.
8002:123146279161856::Thread-230 2020-08-09 19:00:07.844 - Nearly half are still at Rano Raraku, the main moʻai quarry, but hundreds were transported from there and set on stone platforms called ahu around the island's perimeter.
8002:123146279161856::Thread-230 2020-08-09 19:00:08.314 - Almost all moʻai have overly large heads three-eighths the size of the whole statue.
8005:123146279161856::Thread-230 2020-08-09 19:00:08.709 - It was owned by the Gondi family and the priory of Saint Julian.
8006:123146279161856::Thread-230 2020-08-09 19:00:09.049 - Born to a poor family in Gori in the Russian Empire (now Georgia), Stalin joined the Marxist Russian Social Democratic Labour Party as a youth.
8005:123146279161856::Thread-230 2020-08-09 19:00:10.715 - **END**
8002:123146279161856::Thread-230 2020-08-09 19:00:10.857 - The moʻai are chiefly the living faces (aringa ora) of deified ancestors (aringa ora ata tepuna).
8006:123146279161856::Thread-230 2020-08-09 19:00:10.968 - He edited the party's newspaper, Pravda, and raised funds for Vladimir Lenin's Bolshevik faction via robberies, kidnappings, and protection rackets.
8006:123146279161856::Thread-230 2020-08-09 19:00:11.043 - Repeatedly arrested, he underwent several internal exiles.
8006:123146279161856::Thread-230 2020-08-09 19:00:12.582 - After the Bolsheviks seized power during the 1917 October Revolution and created a one-party state under Lenin's newly renamed Communist Party, Stalin joined its governing Politburo.
8002:123146279161856::Thread-230 2020-08-09 19:00:13.165 - The statues still gazed inland across their clan lands when Europeans first visited the island in 1722, but all of them had fallen by the latter part of the 19th century.The production and transportation of the more than 900 statues is considered a remarkable creative and physical feat.
8006:123146279161856::Thread-230 2020-08-09 19:00:14.361 - Serving in the Russian Civil War before overseeing the Soviet Union's establishment in 1922, Stalin assumed leadership over the country following Lenin's 1924 death.
8002:123146279161856::Thread-230 2020-08-09 19:00:14.575 - The tallest moʻai erected, called Paro, was almost 10 metres (33 ft) high and weighed 82 tonnes (90.4 short tons).
8006:123146279161856::Thread-230 2020-08-09 19:00:15.939 - Under Stalin, "socialism in one country" became a central tenet of the party's dogma.
8002:123146279161856::Thread-230 2020-08-09 19:00:16.457 - The heaviest moʻai erected was a shorter but squatter moʻai at Ahu Tongariki, weighing 86 tonnes.
8002:123146279161856::Thread-230 2020-08-09 19:00:17.224 - One unfinished sculpture, if completed, would have been approximately 21 m (69 ft) tall, with a weight of about 145–165 tons (160–182 metric tons).
8002:123146279161856::Thread-230 2020-08-09 19:00:18.232 - The moʻai were toppled in the late 18th and early 19th centuries, possibly as a result of European contact or internecine tribal wars.
8002:123146279161856::Thread-230 2020-08-09 19:00:18.378 - Description

The moʻai are monolithic statues, their minimalist style related to forms found throughout Polynesia.
8002:123146279161856::Thread-230 2020-08-09 19:00:22.379 - **END**
8006:123146279161856::Thread-230 2020-08-09 19:00:22.945 - **END**