8005:123146195030016::Thread-210 2020-08-09 18:59:25.226 - **START**
8005:123146195030016::Thread-210 2020-08-09 18:59:25.244 - Starting new HTTPS connection (1): en.wikipedia.org
8005:123146195030016::Thread-210 2020-08-09 18:59:26.842 - Charles Milles Manson (né Maddox, November 12, 1934 – November 19, 2017) was an American criminal and cult leader.
8003:123146195030016::Thread-210 2020-08-09 18:59:27.308 - **START**
8003:123146195030016::Thread-210 2020-08-09 18:59:27.518 - Starting new HTTPS connection (1): en.wikipedia.org
8005:123146195030016::Thread-210 2020-08-09 18:59:28.289 - In mid-1967, he formed what became known as the "Manson Family", a quasi-commune based in California.
8003:123146195030016::Thread-210 2020-08-09 18:59:28.593 - Moses (), also known as Moshe Rabbenu (Hebrew: מֹשֶׁה רַבֵּנוּ‎, lit.
8005:123146195030016::Thread-210 2020-08-09 18:59:28.816 - His followers committed a series of nine murders at four locations in July and August 1969.
8003:123146195030016::Thread-210 2020-08-09 18:59:29.481 - 'Moses our Teacher'), is the most important prophet in Judaism, and an important prophet in Christianity, Islam, the Bahá'í Faith, and a number of other Abrahamic religions.
8005:123146195030016::Thread-210 2020-08-09 18:59:30.08 - Although the motive for the murders was disputed by Manson, the Los Angeles County district attorney believed that Manson intended to start a race war.
8003:123146195030016::Thread-210 2020-08-09 18:59:30.201 - In the biblical narrative he was the leader of the Israelites and lawgiver, to whom the authorship of the first five books of the bible, the Torah, or "acquisition of the Torah from heaven," is attributed.
8003:123146195030016::Thread-210 2020-08-09 18:59:30.747 - Rabbinical Judaism calculated a lifespan of Moses corresponding to 1391–1271 BCE; Jerome suggested 1592 BCE, and James Ussher suggested 1571 BCE as his birth year.
8004:123146195030016::Thread-210 2020-08-09 18:59:31.257 - **START**
8004:123146195030016::Thread-210 2020-08-09 18:59:31.5 - Starting new HTTPS connection (1): en.wikipedia.org
8003:123146195030016::Thread-210 2020-08-09 18:59:31.543 - Scholarly consensus sees Moses as a legendary figure, while retaining the possibility that a Moses-like figure existed.According to the Book of Exodus, Moses was born in a time when his people, the Israelites, an enslaved minority, were increasing in population and, as a result, the Egyptian Pharaoh worried that they might ally themselves with Egypt's enemies.
8005:123146195030016::Thread-210 2020-08-09 18:59:31.992 - In 1971, he was convicted of first-degree murder and conspiracy to commit murder for the deaths of seven people, including the film actress Sharon Tate.
8003:123146195030016::Thread-210 2020-08-09 18:59:32.513 - Moses' Hebrew mother, Jochebed, secretly hid him when the Pharaoh ordered all newborn Hebrew boys to be killed in order to reduce the population of the Israelites.
8003:123146195030016::Thread-210 2020-08-09 18:59:32.91 - Through the Pharaoh's daughter (identified as Queen Bithia in the Midrash), the child was adopted as a foundling from the Nile river and grew up with the Egyptian royal family.
8005:123146195030016::Thread-210 2020-08-09 18:59:33.315 - The prosecution conceded that Manson never literally ordered the murders, but they contended that his ideology constituted an overt act of conspiracy.
8003:123146195030016::Thread-210 2020-08-09 18:59:33.831 - After killing an Egyptian slave-master who was beating a Hebrew, Moses fled across the Red Sea to Midian, where he encountered the Angel of the Lord, speaking to him from within a burning bush on Mount Horeb, which he regarded as the Mountain of God.
8003:123146195030016::Thread-210 2020-08-09 18:59:34.6 - God sent Moses back to Egypt to demand the release of the Israelites from slavery.
8003:123146195030016::Thread-210 2020-08-09 18:59:34.755 - Moses said that he could not speak eloquently, so God allowed Aaron, his elder brother, to become his spokesperson.
8003:123146195030016::Thread-210 2020-08-09 18:59:34.756 - **END**
8005:123146195030016::Thread-210 2020-08-09 18:59:34.961 - Manson was also convicted of first-degree murder for the deaths of Gary Hinman and Donald Shea.
8005:123146195030016::Thread-210 2020-08-09 18:59:35.543 - Before the murders, Manson had spent more than half of his life in correctional institutions.
8004:123146195030016::Thread-210 2020-08-09 18:59:35.931 - Washington, D.C., formally the District of Columbia and also known as D.C. or Washington, is the capital city of the United States of America.
8006:123146195030016::Thread-210 2020-08-09 18:59:36.271 - **START**
8005:123146195030016::Thread-210 2020-08-09 18:59:36.675 - When he began gathering his cult following, he was a singer-songwriter on the fringe of the Los Angeles music industry, chiefly through a chance association with Dennis Wilson of the Beach Boys, who introduced Manson to record producer Terry Melcher.
8006:123146195030016::Thread-210 2020-08-09 18:59:36.587 - Starting new HTTPS connection (1): en.wikipedia.org
8004:123146195030016::Thread-210 2020-08-09 18:59:37.037 - Founded after the American Revolution as the seat of government of the newly independent country, Washington was named after George Washington, the first president of the United States and a Founding Father.
8002:123146195030016::Thread-210 2020-08-09 18:59:37.37 - **START**
8005:123146195030016::Thread-210 2020-08-09 18:59:38.369 - In 1968, the Beach Boys recorded Manson's song "Cease to Exist", re-titled "Never Learn Not to Love" as the B-side on one of their singles, but without a credit to Manson.
8004:123146195030016::Thread-210 2020-08-09 18:59:38.896 - As the seat of the United States federal government and several international organizations, Washington is an important world political capital.
8002:123146195030016::Thread-210 2020-08-09 18:59:39.074 - Starting new HTTPS connection (1): en.wikipedia.org
8003:123146195030016::Thread-210 2020-08-09 18:59:39.757 - **START**
8006:123146195030016::Thread-210 2020-08-09 18:59:39.819 - Inferno (Italian: [iɱˈfɛrno]; Italian for "Hell") is the first part of Italian writer Dante Alighieri's 14th-century epic poem Divine Comedy.
8004:123146195030016::Thread-210 2020-08-09 18:59:40.236 - Located on the Potomac River bordering Maryland and Virginia, the city is one of the most visited cities in the United States, with more than 20 million visitors annually.The signing of the Residence Act on July 16, 1790, approved the creation of a capital district located along the Potomac River near the country's East Coast.
8006:123146195030016::Thread-210 2020-08-09 18:59:40.677 - It is followed by Purgatorio and Paradiso.
8003:123146195030016::Thread-210 2020-08-09 18:59:40.882 - Starting new HTTPS connection (1): en.wikipedia.org
8006:123146195030016::Thread-210 2020-08-09 18:59:41.682 - The Inferno tells the journey of Dante through Hell, guided by the ancient Roman poet Virgil.
8005:123146195030016::Thread-210 2020-08-09 18:59:42.423 - **END**
8006:123146195030016::Thread-210 2020-08-09 18:59:42.471 - In the poem, Hell is depicted as nine concentric circles of torment located within the Earth; it is the "realm ... of those who have rejected spiritual values by yielding to bestial appetites or violence, or by perverting their human intellect to fraud or malice against their fellowmen".
8004:123146195030016::Thread-210 2020-08-09 18:59:42.868 - The U.S. Constitution provided for a federal district under the exclusive jurisdiction of the U.S. Congress, and the District is therefore not a part of any U.S. state.
8006:123146195030016::Thread-210 2020-08-09 18:59:43.131 - As an allegory, the Divine Comedy represents the journey of the soul toward God, with the Inferno describing the recognition and rejection of sin.
8006:123146195030016::Thread-210 2020-08-09 18:59:43.898 - Introduction


Cantos I–II

Canto I

The poem begins on the night of Maundy Thursday on March 24 (or April 7), AD 1300, shortly before dawn of Good Friday.
8006:123146195030016::Thread-210 2020-08-09 18:59:44.295 - The narrator, Dante himself, is thirty-five years old, and thus "midway in the journey of our life" (Nel mezzo del cammin di nostra vita) – half of the Biblical lifespan of seventy (Psalm 89:10, Vulgate; Psalm 90:10, KJV).
8004:123146195030016::Thread-210 2020-08-09 18:59:44.798 - The states of Maryland and Virginia each donated land to form the federal district, which included the pre-existing settlements of Georgetown and Alexandria.
8002:123146195030016::Thread-210 2020-08-09 18:59:44.848 - Aristotle (; Greek: Ἀριστοτέλης Aristotélēs, pronounced [aristotélɛːs]; 384–322 BC) was a Greek philosopher and polymath during the Classical period in Ancient Greece.
8003:123146195030016::Thread-210 2020-08-09 18:59:44.99 - Kanye Omari West (; born June 8, 1977) is an American rapper, producer, and fashion designer.Born in Atlanta and raised in Chicago, West was first known as a producer for Roc-A-Fella Records in the early 2000s, producing singles for several mainstream artists.
8003:123146195030016::Thread-210 2020-08-09 18:59:45.155 - Intent on pursuing a solo career as a rapper, West released his debut album The College Dropout in 2004 to critical and commercial success, and founded the record label GOOD Music.
8003:123146195030016::Thread-210 2020-08-09 18:59:45.462 - He experimented with a variety of musical genres on subsequent acclaimed studio albums, including Late Registration (2005), Graduation (2007), and 808s & Heartbreak (2008).
8006:123146195030016::Thread-210 2020-08-09 18:59:45.932 - The poet finds himself lost in a dark wood (selva oscura), astray from the "straight way" (diritta via, also translatable as "right way") of salvation.
8002:123146195030016::Thread-210 2020-08-09 18:59:46.214 - Taught by Plato, he was the founder of the Lyceum, the Peripatetic school of philosophy, and the Aristotelian tradition.
8003:123146195030016::Thread-210 2020-08-09 18:59:46.622 - Drawing inspiration from maximalism and minimalism, respectively, West's fifth album My Beautiful Dark Twisted Fantasy (2010) and sixth album Yeezus (2013) were also critical successes.
8004:123146195030016::Thread-210 2020-08-09 18:59:46.848 - The City of Washington was founded in 1791 to serve as the new national capital.
8002:123146195030016::Thread-210 2020-08-09 18:59:46.904 - His writings cover many subjects including physics, biology, zoology, metaphysics, logic, ethics, aesthetics, poetry, theatre, music, rhetoric, psychology, linguistics, economics, politics, and government.
8002:123146195030016::Thread-210 2020-08-09 18:59:46.939 - Aristotle provided a complex synthesis of the various philosophies existing prior to him.
8002:123146195030016::Thread-210 2020-08-09 18:59:47.193 - It was above all from his teachings that the West inherited its intellectual lexicon, as well as problems and methods of inquiry.
8006:123146195030016::Thread-210 2020-08-09 18:59:47.602 - He sets out to climb directly up a small mountain, but his way is blocked by three beasts he cannot evade: a lonza (usually rendered as "leopard" or "leopon"), a leone (lion), and a lupa (she-wolf).
8004:123146195030016::Thread-210 2020-08-09 18:59:48.249 - In 1846, Congress returned the land originally ceded by Virginia, including the city of Alexandria; in 1871, it created a single municipal government for the remaining portion of the District.
8003:123146195030016::Thread-210 2020-08-09 18:59:48.455 - He went on to release The Life of Pablo (2016), Ye (2018), and Jesus Is King (2019).
8004:123146195030016::Thread-210 2020-08-09 18:59:48.791 - Washington had an estimated population of 705,749 as of July 2019, making it the 20th most populous city in the United States.
8002:123146195030016::Thread-210 2020-08-09 18:59:48.992 - As a result, his philosophy has exerted a unique influence on almost every form of knowledge in the West and it continues to be a subject of contemporary philosophical discussion.
8004:123146195030016::Thread-210 2020-08-09 18:59:49.198 - Commuters from the surrounding Maryland and Virginia suburbs raise the city's daytime population to more than one million during the workweek.
8003:123146195030016::Thread-210 2020-08-09 18:59:49.485 - West's discography also includes the full-length collaborations Watch the Throne (2011) and Kids See Ghosts (2018) with Jay-Z and Kid Cudi, respectively.
8005:123146195030016::Thread-210 2020-08-09 18:59:49.499 - **START**
8005:123146195030016::Thread-210 2020-08-09 18:59:49.512 - Starting new HTTPS connection (1): en.wikipedia.org
8002:123146195030016::Thread-210 2020-08-09 18:59:50.285 - Little is known about his life.
8006:123146195030016::Thread-210 2020-08-09 18:59:50.609 - **END**
8005:123146195030016::Thread-210 2020-08-09 18:59:50.616 - The Alcatraz Federal Penitentiary or United States Penitentiary, Alcatraz Island (often referred to as Alcatraz [, Spanish pronunciation: [al-ka-tɾas] (Latin America)/Spanish pronunciation: [al-ka-tɾaθ] (Spain) from Arabic: غطاس‎, romanized: al-ġaţţās, lit.
8005:123146195030016::Thread-210 2020-08-09 18:59:50.692 - 'gannet ("the diver")'] or The Rock) was a maximum security federal prison on Alcatraz Island, 1.25 miles (2.01 km) off the coast of San Francisco, California, United States, the site of a fort since the 1850s; the main prison building was built in 1910–1912 as a United States Army military prison.
8003:123146195030016::Thread-210 2020-08-09 18:59:50.732 - West's outspoken views and life outside of music have received significant media attention.
8005:123146195030016::Thread-210 2020-08-09 18:59:50.998 - The United States Department of Justice acquired the United States Disciplinary Barracks, Pacific Branch, on Alcatraz on 12 October 1933, and the island became a prison of the Federal Bureau of Prisons in August 1934 after the buildings were modernized and security increased.
8006:123146195030016::Thread-210 2020-08-09 18:59:51.614 - **START**
8006:123146195030016::Thread-210 2020-08-09 18:59:51.619 - Starting new HTTPS connection (1): en.wikipedia.org
8005:123146195030016::Thread-210 2020-08-09 18:59:51.741 - Given this high security and the island's location in the cold waters and strong currents of San Francisco Bay, prison operators believed Alcatraz to be escape-proof and America's strongest prison.
8002:123146195030016::Thread-210 2020-08-09 18:59:51.753 - Aristotle was born in the city of Stagira in Northern Greece.
8002:123146195030016::Thread-210 2020-08-09 18:59:51.792 - His father, Nicomachus, died when Aristotle was a child, and he was brought up by a guardian.
8005:123146195030016::Thread-210 2020-08-09 18:59:51.925 - The three-story cellhouse included the four main cell blocks, A-block through D-block, the warden's office, visitation room, the library, and the barber shop.
8002:123146195030016::Thread-210 2020-08-09 18:59:52.04 - At seventeen or eighteen years of age he joined Plato's Academy in Athens and remained there until the age of thirty-seven (c.
8004:123146195030016::Thread-210 2020-08-09 18:59:52.199 - **END**
8003:123146195030016::Thread-210 2020-08-09 18:59:52.324 - He has been a frequent source of controversy for his conduct at award shows, on social media, and in other public settings, as well as for his comments on the music and fashion industries, U.S. politics, and race.
8006:123146195030016::Thread-210 2020-08-09 18:59:52.421 - Kayden Kross is an American pornographic actress, writer, and director.
8005:123146195030016::Thread-210 2020-08-09 18:59:52.457 - The prison cells typically measured 9 feet (2.7 m) by 5 feet (1.5 m) and 7 feet (2.1 m) high.
8003:123146195030016::Thread-210 2020-08-09 18:59:52.549 - His Christian faith, as well as his marriage to television personality Kim Kardashian, have also been a source of media attention.
8006:123146195030016::Thread-210 2020-08-09 18:59:52.665 - Early life
Kross was born and raised in Sacramento, California.
8005:123146195030016::Thread-210 2020-08-09 18:59:52.674 - The cells were primitive and lacked privacy, with a bed, desk, and washbasin, and a toilet on the back wall, and with few furnishings except a blanket.
8005:123146195030016::Thread-210 2020-08-09 18:59:53.1 - African-Americans were segregated from other inmates in cell designation due to racial abuse.
8005:123146195030016::Thread-210 2020-08-09 18:59:53.109 - D-Block housed the worst inmates, and six cells at its end were designated "The Hole," where badly behaving prisoners would be sent for periods of often brutal punishment.
8005:123146195030016::Thread-210 2020-08-09 18:59:53.339 - The dining hall and kitchen extended from the main building.
8006:123146195030016::Thread-210 2020-08-09 18:59:53.406 - She grew up in the foothills between Sacramento and Placerville.
8006:123146195030016::Thread-210 2020-08-09 18:59:54.282 - She is of mostly Swedish ancestry.
8003:123146195030016::Thread-210 2020-08-09 18:59:54.356 - As a fashion designer, he has collaborated with Nike, Louis Vuitton, and A.P.C.
8003:123146195030016::Thread-210 2020-08-09 18:59:54.578 - on both clothing and footwear, and have most prominently resulted in the Yeezy collaboration with Adidas beginning in 2013.
8003:123146195030016::Thread-210 2020-08-09 18:59:54.58 - **END**
8006:123146195030016::Thread-210 2020-08-09 18:59:54.983 - She has described herself as "the book nerd" during her time as a high school student.
8006:123146195030016::Thread-210 2020-08-09 18:59:55.476 - Kross began stripping at Rick's Showgirls in Rancho Cordova, California when she was eighteen years old to earn extra money to rescue a pony from a slaughter house, which she kept for eight months.
8002:123146195030016::Thread-210 2020-08-09 18:59:56.043 - **END**
8006:123146195030016::Thread-210 2020-08-09 18:59:56.099 - She was later contacted by an agent, whose business relationship provided Kross with the opportunity of modeling in adult magazines.
8003:123146195030016::Thread-210 2020-08-09 18:59:56.582 - **START**
8003:123146195030016::Thread-210 2020-08-09 18:59:56.588 - Starting new HTTPS connection (1): en.wikipedia.org
8006:123146195030016::Thread-210 2020-08-09 18:59:56.868 - Career
Her movies with Vivid included Kayden's First Time, Hard Time, and Be Here Now.
8006:123146195030016::Thread-210 2020-08-09 18:59:57.259 - Unhappy with the company, she became a free agent one year later when she did not renew her contract.
8006:123146195030016::Thread-210 2020-08-09 18:59:58.17 - She signed an exclusive contract with Adam & Eve after one month of being a free agent.
8004:123146195030016::Thread-210 2020-08-09 18:59:59.202 - **START**
8004:123146195030016::Thread-210 2020-08-09 18:59:59.258 - Starting new HTTPS connection (1): en.wikipedia.org
8003:123146195030016::Thread-210 2020-08-09 18:59:59.407 - Keanu Charles Reeves ( kee-AH-noo; born September 2, 1964) is a Canadian actor, author, director and musician.
8004:123146195030016::Thread-210 2020-08-09 19:00:00.477 - The Alcatraz Federal Penitentiary or United States Penitentiary, Alcatraz Island (often referred to as Alcatraz [, Spanish pronunciation: [al-ka-tɾas] (Latin America)/Spanish pronunciation: [al-ka-tɾaθ] (Spain) from Arabic: غطاس‎, romanized: al-ġaţţās, lit.
8004:123146195030016::Thread-210 2020-08-09 19:00:00.913 - 'gannet ("the diver")'] or The Rock) was a maximum security federal prison on Alcatraz Island, 1.25 miles (2.01 km) off the coast of San Francisco, California, United States, the site of a fort since the 1850s; the main prison building was built in 1910–1912 as a United States Army military prison.
8005:123146195030016::Thread-210 2020-08-09 19:00:01.344 - **END**
8003:123146195030016::Thread-210 2020-08-09 19:00:01.357 - Born in Beirut, Lebanon, Reeves grew up in Toronto.
8004:123146195030016::Thread-210 2020-08-09 19:00:01.617 - The United States Department of Justice acquired the United States Disciplinary Barracks, Pacific Branch, on Alcatraz on 12 October 1933, and the island became a prison of the Federal Bureau of Prisons in August 1934 after the buildings were modernized and security increased.
8004:123146195030016::Thread-210 2020-08-09 19:00:01.772 - Given this high security and the island's location in the cold waters and strong currents of San Francisco Bay, prison operators believed Alcatraz to be escape-proof and America's strongest prison.
8002:123146195030016::Thread-210 2020-08-09 19:00:02.048 - **START**
8002:123146195030016::Thread-210 2020-08-09 19:00:02.169 - Starting new HTTPS connection (1): en.wikipedia.org
8003:123146195030016::Thread-210 2020-08-09 19:00:02.795 - He began acting in theatre productions, and in television films before making his mainstream film debut in Youngblood (1986).
8003:123146195030016::Thread-210 2020-08-09 19:00:03.056 - Reeves gained recognition in his breakthrough role as Ted "Theodore" Logan in the science fiction comedy Bill & Ted's Excellent Adventure (1989).
8004:123146195030016::Thread-210 2020-08-09 19:00:03.632 - The three-story cellhouse included the four main cell blocks, A-block through D-block, the warden's office, visitation room, the library, and the barber shop.
8004:123146195030016::Thread-210 2020-08-09 19:00:04.008 - The prison cells typically measured 9 feet (2.7 m) by 5 feet (1.5 m) and 7 feet (2.1 m) high.
8002:123146195030016::Thread-210 2020-08-09 19:00:04.358 - Notre-Dame de Paris (French: [nɔtʁə dam də paʁi] (listen); meaning "Our Lady of Paris"), referred to simply as Notre-Dame, is a medieval Catholic cathedral on the Île de la Cité in the 4th arrondissement of Paris.
8003:123146195030016::Thread-210 2020-08-09 19:00:04.504 - This was followed by a supporting role in Ron Howard's comedy Parenthood, 1991's Point Break, a sequel, Bill & Ted's Bogus Journey, and the independent drama My Own Private Idaho where playing a street hustler received critical praise for his performance.
8002:123146195030016::Thread-210 2020-08-09 19:00:04.575 - The cathedral was consecrated to the Virgin Mary and considered to be one of the finest examples of French Gothic architecture.
8004:123146195030016::Thread-210 2020-08-09 19:00:05.385 - The cells were primitive and lacked privacy, with a bed, desk, and washbasin, and a toilet on the back wall, and with few furnishings except a blanket.
8006:123146195030016::Thread-210 2020-08-09 19:00:06.171 - **END**
8002:123146195030016::Thread-210 2020-08-09 19:00:06.241 - Its pioneering use of the rib vault and flying buttress, its enormous and colourful rose windows, as well as the naturalism and abundance of its sculptural decoration set it apart from the earlier Romanesque style.
8004:123146195030016::Thread-210 2020-08-09 19:00:06.822 - African-Americans were segregated from other inmates in cell designation due to racial abuse.
8004:123146195030016::Thread-210 2020-08-09 19:00:06.925 - D-Block housed the worst inmates, and six cells at its end were designated "The Hole," where badly behaving prisoners would be sent for periods of often brutal punishment.
8003:123146195030016::Thread-210 2020-08-09 19:00:07.349 - He had a supporting role in Bram Stoker's Dracula (1992), which was nominated for four Academy Awards.
8003:123146195030016::Thread-210 2020-08-09 19:00:07.514 - The action thriller Speed (1994), in which Reeves was cast as a police officer, garnered critical and commercial success, and helped Reeves gain further recognition.
8002:123146195030016::Thread-210 2020-08-09 19:00:08.162 - Major components that make Notre Dame stand out include its large historic organ and its immense church bells.The cathedral's construction began in 1160 under Bishop Maurice de Sully and was largely complete by 1260, though it was modified frequently in the following centuries.
8004:123146195030016::Thread-210 2020-08-09 19:00:08.732 - The dining hall and kitchen extended from the main building.
8003:123146195030016::Thread-210 2020-08-09 19:00:08.963 - He followed this with a series of films box office failures, including: Johnny Mnemonic (1995), Chain Reaction (1996), and The Last Time I Committed Suicide (1997).
8002:123146195030016::Thread-210 2020-08-09 19:00:09.833 - In the 1790s, Notre-Dame suffered desecration during the French Revolution; much of its religious imagery was damaged or destroyed.
8002:123146195030016::Thread-210 2020-08-09 19:00:10.049 - In the 19th century, the cathedral was the site of the coronation of Napoleon I and the funerals of many Presidents of the French Republic.
8003:123146195030016::Thread-210 2020-08-09 19:00:10.85 - However, his performance in the supernatural horror The Devil's Advocate (1997) was well received.
8003:123146195030016::Thread-210 2020-08-09 19:00:10.982 - Global stardom followed soon after with his lead role as computer hacker Neo in the science fiction thriller The Matrix (1999).
8002:123146195030016::Thread-210 2020-08-09 19:00:11.144 - Popular interest in the cathedral blossomed soon after the publication, in 1831, of Victor Hugo's novel Notre-Dame de Paris (better known in English as The Hunchback of Notre-Dame).
8004:123146195030016::Thread-210 2020-08-09 19:00:12.738 - **END**
8002:123146195030016::Thread-210 2020-08-09 19:00:12.857 - This led to a major restoration project between 1844 and 1864, supervised by Eugène Viollet-le-Duc.
8003:123146195030016::Thread-210 2020-08-09 19:00:13.985 - **END**
8002:123146195030016::Thread-210 2020-08-09 19:00:14.143 - The Allied liberation of Paris in 1944 was celebrated within Notre-Dame with the singing of the Magnificat.
8002:123146195030016::Thread-210 2020-08-09 19:00:15.414 - Beginning in 1963, the cathedral's façade was cleaned of centuries of soot and grime.
8005:123146195030016::Thread-210 2020-08-09 19:00:16.35 - **START**
8005:123146195030016::Thread-210 2020-08-09 19:00:16.354 - Starting new HTTPS connection (1): en.wikipedia.org
8005:123146195030016::Thread-210 2020-08-09 19:00:16.88 - West Ham United Football Club is an English professional football club based in Stratford, East London.
8005:123146195030016::Thread-210 2020-08-09 19:00:17.275 - They compete in the Premier League, the top tier of English football.
8005:123146195030016::Thread-210 2020-08-09 19:00:17.409 - The club play at the London Stadium, having moved from their former home the Boleyn Ground in 2016.
8005:123146195030016::Thread-210 2020-08-09 19:00:17.584 - The club was founded in 1895 as Thames Ironworks and reformed in 1900 as West Ham United.
8005:123146195030016::Thread-210 2020-08-09 19:00:18.136 - They moved to the Boleyn Ground in 1904, which remained their home ground for more than a century.
8005:123146195030016::Thread-210 2020-08-09 19:00:18.944 - The team initially competed in the Southern League and Western League before joining the Football League in 1919.
8005:123146195030016::Thread-210 2020-08-09 19:00:19.13 - They were promoted to the top flight in 1923, when they were also losing finalists in the first FA Cup Final held at Wembley.
8005:123146195030016::Thread-210 2020-08-09 19:00:20.019 - In 1940, the club won the inaugural Football League War Cup.
8005:123146195030016::Thread-210 2020-08-09 19:00:20.512 - West Ham have been winners of the FA Cup three times; in 1964, 1975 and 1980, and have also been runners-up twice; in 1923 and 2006.
8005:123146195030016::Thread-210 2020-08-09 19:00:21.074 - The club have reached two major European finals, winning the European Cup Winners' Cup in 1965 and finishing runners-up in the same competition in 1976.
8005:123146195030016::Thread-210 2020-08-09 19:00:21.075 - **END**
8002:123146195030016::Thread-210 2020-08-09 19:00:22.419 - **END**