8006:123145433636864::Thread-29 2020-08-09 18:59:29.237 - **START**
8006:123145433636864::Thread-29 2020-08-09 18:59:29.538 - Starting new HTTPS connection (1): en.wikipedia.org
8004:123145433636864::Thread-29 2020-08-09 18:59:30.202 - **START**
8002:123145433636864::Thread-29 2020-08-09 18:59:30.305 - **START**
8004:123145433636864::Thread-29 2020-08-09 18:59:30.826 - Starting new HTTPS connection (1): en.wikipedia.org
8002:123145433636864::Thread-29 2020-08-09 18:59:31.521 - Starting new HTTPS connection (1): en.wikipedia.org
8006:123145433636864::Thread-29 2020-08-09 18:59:32.481 - Juventus Football Club (from Latin: iuventūs, "youth"; Italian pronunciation: [juˈvɛntus]), colloquially known as Juventus and Juve (pronounced [ˈjuːve]), is a professional football club based in Turin, Piedmont, Italy, that competes in the Serie A, the top flight of Italian football.
8005:123145433636864::Thread-29 2020-08-09 18:59:35.203 - **START**
8003:123145433636864::Thread-29 2020-08-09 18:59:35.24 - **START**
8004:123145433636864::Thread-29 2020-08-09 18:59:35.374 - **END**
8006:123145433636864::Thread-29 2020-08-09 18:59:35.551 - Nicknamed I Bianconeri (The Black and Whites) or La Vecchia Signora (The Old Lady), the club was founded in 1897 by a group of students from Turin.
8003:123145433636864::Thread-29 2020-08-09 18:59:36.594 - Starting new HTTPS connection (1): en.wikipedia.org
8002:123145433636864::Thread-29 2020-08-09 18:59:37.067 - The Philippines ( (listen); Filipino: Pilipinas [ˌpɪlɪˈpinɐs] or Filipinas [fɪlɪˈpinɐs]), officially the Republic of the Philippines (Filipino: Republika ng Pilipinas), is an archipelagic country in Southeast Asia.
8005:123145433636864::Thread-29 2020-08-09 18:59:38.067 - Starting new HTTPS connection (1): en.wikipedia.org
8006:123145433636864::Thread-29 2020-08-09 18:59:38.294 - They have played home matches in grounds around its city, the latest being the 41,507-capacity Juventus Stadium since 2011.
8002:123145433636864::Thread-29 2020-08-09 18:59:39.143 - Situated in the western Pacific Ocean, it consists of about 7,641 islands that are broadly categorized under three main geographical divisions from north to south: Luzon, Visayas, Mindanao.
8006:123145433636864::Thread-29 2020-08-09 18:59:39.584 - Juventus has won 36 official league titles, 13 Coppa Italia titles, and eight Supercoppa Italiana titles, being the record holder for all these competitions; two Intercontinental Cups, two European Cups / UEFA Champions Leagues, one European Cup Winners' Cup, a joint national record of three UEFA Cups, two UEFA Super Cups and a joint national record of one UEFA Intertoto Cup.
8003:123145433636864::Thread-29 2020-08-09 18:59:39.72 - The Green Bay Packers are a professional American football team based in Green Bay, Wisconsin.
8003:123145433636864::Thread-29 2020-08-09 18:59:39.728 - The Packers compete in the National Football League (NFL) as a member club of the National Football Conference (NFC) North division.
8003:123145433636864::Thread-29 2020-08-09 18:59:40.245 - It is the third-oldest franchise in the NFL, dating back to 1919, and is the only non-profit, community-owned major league professional sports team based in the United States.
8002:123145433636864::Thread-29 2020-08-09 18:59:40.798 - The capital city of the Philippines is Manila and the most populous city is Quezon City, both within the single urban area of Metro Manila.
8003:123145433636864::Thread-29 2020-08-09 18:59:41.207 - Home games have been played at Lambeau Field since 1957.
8006:123145433636864::Thread-29 2020-08-09 18:59:41.231 - Consequently, the side leads the historical Federazione Italiana Giuoco Calcio (FIGC) ranking, whilst on the international stage occupies the 5th position in Europe and the eleventh in the world for most confederation titles won with eleven trophies, having led the UEFA ranking during seven seasons since its inception in 1979, the most for an Italian team and joint second overall.
8006:123145433636864::Thread-29 2020-08-09 18:59:41.234 - Founded with the name of Sport-Club Juventus, initially as an athletics club, it is the second oldest of its kind still active in the country after Genoa's football section (1893) and has competed uninterruptedly in the top flight league (reformulated as Serie A from 1929) since its debut in 1900 after changing its name to Foot-Ball Club Juventus, with the exception of the 2006–07 season, being managed by the industrial Agnelli family almost continuously since 1923.
8004:123145433636864::Thread-29 2020-08-09 18:59:41.376 - **START**
8002:123145433636864::Thread-29 2020-08-09 18:59:41.831 - Bounded by the South China Sea on the west, the Philippine Sea on the east and the Celebes Sea on the southwest, the Philippines shares maritime borders with Taiwan to the north, Japan to the northeast, Palau to the east, Indonesia to the south, Malaysia and Brunei to the southwest, Vietnam to the west, and China to the northwest.
8004:123145433636864::Thread-29 2020-08-09 18:59:42.083 - Starting new HTTPS connection (1): en.wikipedia.org
8003:123145433636864::Thread-29 2020-08-09 18:59:42.114 - The Packers are the last of the "small town teams" which were common in the NFL during the league's early days of the 1920s and 1930s.
8003:123145433636864::Thread-29 2020-08-09 18:59:42.141 - Founded in 1919 by Earl "Curly" Lambeau and George Whitney Calhoun, the franchise traces its lineage to other semi-professional teams in Green Bay dating back to 1896.
8002:123145433636864::Thread-29 2020-08-09 18:59:42.745 - The Philippines' position as an island country on the Pacific Ring of Fire and close to the equator makes the country prone to earthquakes and typhoons.
8003:123145433636864::Thread-29 2020-08-09 18:59:42.897 - Between 1919 and 1920, the Packers competed against other semi-pro clubs from around Wisconsin and the Midwest, before joining the American Professional Football Association (APFA), the forerunner of today's NFL, in 1921.
8005:123145433636864::Thread-29 2020-08-09 18:59:42.948 - Amsterdam (, UK also ; Dutch: [ɑmstərˈdɑm] (listen)) is the capital and most populous city of the Netherlands with a population of 872,680 within the city proper, 1,380,872 in the urban area and 2,410,960 in the metropolitan area.
8003:123145433636864::Thread-29 2020-08-09 18:59:43.32 - Although Green Bay is by far the smallest major league professional sports market in North America, Forbes ranked the Packers as the world's 27th most valuable sports franchise in 2019, with a value of $2.63 billion.The Packers have won 13 league championships, the most in NFL history, with nine pre-Super Bowl NFL titles and four Super Bowl victories.
8006:123145433636864::Thread-29 2020-08-09 18:59:43.509 - The relationship between the club and that dynasty is the oldest and longest in national sports, making Juventus one of the first professional sporting clubs ante litteram in the country, having established itself as a major force in the national stage since the 1930s and at confederation level since the mid-1970s and becoming one of the first ten wealthiest in world football in terms of value, revenue and profit since the mid-1990s, being listed on the Borsa italiana since 2001.Under the management of Giovanni Trapattoni, the club won 13 trophies in the ten years before 1986, including six league titles and five international titles, and became the first to win all three seasonal competitions organised by the Union of European Football Associations: the 1976–77 UEFA Cup (first Southern European side to do so), the 1983–84 Cup Winners' Cup and the 1984–85 European Cup.
8003:123145433636864::Thread-29 2020-08-09 18:59:43.76 - The Packers won the first two Super Bowls in 1967 and 1968 and were the only NFL team to defeat the American Football League (AFL) prior to the AFL–NFL merger.
8005:123145433636864::Thread-29 2020-08-09 18:59:43.914 - Found within the province of North Holland, Amsterdam is colloquially referred to as the "Venice of the North", attributed by the large number of canals which form a UNESCO World Heritage Site.
8005:123145433636864::Thread-29 2020-08-09 18:59:44.124 - Amsterdam's name derives from Amstelredamme, indicative of the city's origin around a dam in the river Amstel.
8006:123145433636864::Thread-29 2020-08-09 18:59:44.349 - With successive triumphs in the 1984 European Super Cup and 1985 Intercontinental Cup, it became the first and thus far only in the world to complete a clean sweep of all confederation trophies; an achievement that they revalidated with the title won in the 1999 UEFA Intertoto Cup after another successful era led by Marcello Lippi, becoming in addition the only professional Italian club to have won every ongoing honour available to the first team and organised by a national or international football association.
8003:123145433636864::Thread-29 2020-08-09 18:59:44.746 - The Vince Lombardi Trophy is named after the Packers' coach Vince Lombardi, who guided them to their first two Super Bowls.
8005:123145433636864::Thread-29 2020-08-09 18:59:44.972 - Originating as a small fishing village in the late 12th century, Amsterdam became one of the most important ports in the world during the Dutch Golden Age of the 17th century, and became the leading centre for finance and trade.
8005:123145433636864::Thread-29 2020-08-09 18:59:45.423 - In the 19th and 20th centuries, the city expanded, and many new neighbourhoods and suburbs were planned and built.
8002:123145433636864::Thread-29 2020-08-09 18:59:45.533 - The country has a variety of natural resources and a globally significant level of biodiversity.
8002:123145433636864::Thread-29 2020-08-09 18:59:46.033 - The Philippines has an area of around 300,000 km2 (120,000 sq mi), which supports a population of at least 100 million.
8004:123145433636864::Thread-29 2020-08-09 18:59:46.164 - The United States Military Academy (USMA), also known as West Point, Army, Army West Point, The Academy, or simply The Point, is a four-year federal service academy in West Point, New York.
8005:123145433636864::Thread-29 2020-08-09 18:59:46.461 - The 17th-century canals of Amsterdam and the 19–20th century Defence Line of Amsterdam are on the UNESCO World Heritage List.
8006:123145433636864::Thread-29 2020-08-09 18:59:47.121 - In December 2000, Juventus was ranked seventh in the FIFA's historic ranking of the best clubs in the world and nine years later was ranked second best club in Europe during the 20th Century based on a statistical study series by the International Federation of Football History & Statistics (IFFHS), the highest for an Italian club in both.The club's fan base is the largest at national level and one of the largest worldwide.
8004:123145433636864::Thread-29 2020-08-09 18:59:47.306 - It was originally established as a fort that sits on strategic high ground overlooking the Hudson River with a scenic view, 50 miles (80 km) north of New York City.
8006:123145433636864::Thread-29 2020-08-09 18:59:47.444 - Unlike most European sporting supporters' groups, which are often concentrated around their own club's city of origin, it is widespread throughout the whole country and the Italian diaspora, making Juventus a symbol of anticampanilismo ("anti-parochialism") and italianità ("Italianness").
8005:123145433636864::Thread-29 2020-08-09 18:59:47.855 - Sloten, annexed in 1921 by the municipality of Amsterdam; is the oldest part of the city, dating to the 9th century.
8002:123145433636864::Thread-29 2020-08-09 18:59:48.057 - As of January 2018, it is the eighth-most populated country in Asia and the 13th-most populated country in the world.
8005:123145433636864::Thread-29 2020-08-09 18:59:48.32 - Amsterdam's main attractions include its historic canals, the Rijksmuseum, the Van Gogh Museum, the Stedelijk Museum, Hermitage Amsterdam, the Concertgebouw, the Anne Frank House, the Scheepvaartmuseum, the Amsterdam Museum, the Heineken Experience, the Royal Palace of Amsterdam, Natura Artis Magistra, Hortus Botanicus Amsterdam, NEMO, the red-light district and many cannabis coffee shops.
8004:123145433636864::Thread-29 2020-08-09 18:59:49.186 - It is the oldest of the five American service academies.
8004:123145433636864::Thread-29 2020-08-09 18:59:49.416 - The academy traces its roots to 1801, when President Thomas Jefferson directed that plans be set in motion to establish the United States Military Academy at West Point.
8006:123145433636864::Thread-29 2020-08-09 18:59:49.448 - **END**
8005:123145433636864::Thread-29 2020-08-09 18:59:50.072 - It drew more than 5 million international visitors in 2014.
8002:123145433636864::Thread-29 2020-08-09 18:59:50.942 - Multiple ethnicities and cultures are found throughout the islands.
8002:123145433636864::Thread-29 2020-08-09 18:59:50.969 - Negritos, some of the archipelago's earliest inhabitants, were followed by successive waves of Austronesian peoples.
8005:123145433636864::Thread-29 2020-08-09 18:59:51.227 - The city is also well known for its nightlife and festival activity; with several of its nightclubs (Melkweg, Paradiso) among the world's most famous.
8004:123145433636864::Thread-29 2020-08-09 18:59:51.413 - The entire central campus is a national landmark and home to scores of historic sites, buildings, and monuments.
8003:123145433636864::Thread-29 2020-08-09 18:59:51.844 - **END**
8004:123145433636864::Thread-29 2020-08-09 18:59:53.0 - The majority of the campus's Norman-style buildings are constructed from gray and black granite.
8004:123145433636864::Thread-29 2020-08-09 18:59:54.348 - The campus is a popular tourist destination, with a visitor center and the oldest museum in the United States Army.
8004:123145433636864::Thread-29 2020-08-09 18:59:54.784 - Candidates for admission must apply directly to the academy and receive a nomination, usually from a member of Congress.
8004:123145433636864::Thread-29 2020-08-09 18:59:56.128 - Other nomination sources include the President and Vice President.
8004:123145433636864::Thread-29 2020-08-09 18:59:57.75 - Students are officers-in-training and are referred to as "cadets" or collectively as the "United States Corps of Cadets" (USCC).
8003:123145433636864::Thread-29 2020-08-09 18:59:57.869 - **START**
8003:123145433636864::Thread-29 2020-08-09 18:59:57.951 - Starting new HTTPS connection (1): en.wikipedia.org
8002:123145433636864::Thread-29 2020-08-09 18:59:57.97 - **END**
8005:123145433636864::Thread-29 2020-08-09 18:59:58.237 - **END**
8005:123145433636864::Thread-29 2020-08-09 18:59:59.24 - **START**
8005:123145433636864::Thread-29 2020-08-09 18:59:59.26 - Starting new HTTPS connection (1): en.wikipedia.org
8003:123145433636864::Thread-29 2020-08-09 18:59:59.702 - 7 World Trade Center (7 WTC) refers to two buildings that have existed at the same location within the World Trade Center site in Lower Manhattan, New York City.
8005:123145433636864::Thread-29 2020-08-09 19:00:00.507 - Liverpool Football Club is a professional football club in Liverpool, England, that competes in the Premier League, the top tier of English football.
8005:123145433636864::Thread-29 2020-08-09 19:00:01.002 - Domestically, the club has won nineteen League titles, seven FA Cups, a record eight League Cups and fifteen FA Community Shields.
8005:123145433636864::Thread-29 2020-08-09 19:00:01.431 - In international competitions, the club has won six European Cups, more than any other English club, three UEFA Cups, four UEFA Super Cups (also English records) and one FIFA Club World Cup.
8006:123145433636864::Thread-29 2020-08-09 19:00:01.452 - **START**
8006:123145433636864::Thread-29 2020-08-09 19:00:01.517 - Starting new HTTPS connection (1): en.wikipedia.org
8005:123145433636864::Thread-29 2020-08-09 19:00:01.845 - Founded in 1892, the club joined the Football League the following year and has played at Anfield since its formation.
8003:123145433636864::Thread-29 2020-08-09 19:00:02.301 - The original structure, part of the original World Trade Center, was completed in 1987 and was destroyed in the September 11 attacks in 2001.
8005:123145433636864::Thread-29 2020-08-09 19:00:02.309 - Liverpool established itself as a major force in English and European football in the 1970s and 1980s, when Bill Shankly, Bob Paisley, Joe Fagan and Kenny Dalglish led the club to a combined eleven League titles and four European Cups.
8005:123145433636864::Thread-29 2020-08-09 19:00:02.35 - Liverpool won two further European Cups in 2005 and 2019 under the management of Rafael Benítez and Jürgen Klopp, respectively, the latter of whom led Liverpool to a nineteenth League title in 2020, the club's first during the Premier League era.
8005:123145433636864::Thread-29 2020-08-09 19:00:02.358 - One of the most widely supported teams in the world, in 2019, Liverpool was the world's seventh highest-earning football club, with an annual revenue of €604 million, and the world's eighth most valuable football club, valued at $2.183 billion.
8002:123145433636864::Thread-29 2020-08-09 19:00:02.972 - **START**
8002:123145433636864::Thread-29 2020-08-09 19:00:02.994 - Starting new HTTPS connection (1): en.wikipedia.org
8005:123145433636864::Thread-29 2020-08-09 19:00:03.082 - Liverpool has long-standing rivalries with Manchester United and Everton.
8003:123145433636864::Thread-29 2020-08-09 19:00:03.298 - The current structure opened in May 2006.
8005:123145433636864::Thread-29 2020-08-09 19:00:03.768 - The team changed from red shirts and white shorts to an all-red home strip in 1964 which has been used ever since.
8006:123145433636864::Thread-29 2020-08-09 19:00:03.991 - Elizabeth I (7 September 1533 – 24 March 1603) was Queen of England and Ireland from 17 November 1558 until her death on 24 March 1603.
8005:123145433636864::Thread-29 2020-08-09 19:00:04.224 - The club's anthem is "You'll Never Walk Alone".
8002:123145433636864::Thread-29 2020-08-09 19:00:04.905 - The Colosseum or Coliseum ( KOL-ə-SEE-əm), also known as the Flavian Amphitheatre (Latin: Amphitheatrum Flavium; Italian: Anfiteatro Flavio [aɱfiteˈaːtro ˈflaːvjo] or Colosseo [kolosˈsɛːo]), is an oval amphitheatre in the centre of the city of Rome, Italy.
8006:123145433636864::Thread-29 2020-08-09 19:00:04.968 - Sometimes called the Virgin Queen, Gloriana or Good Queen Bess, Elizabeth was the last of the five monarchs of the House of Tudor.
8003:123145433636864::Thread-29 2020-08-09 19:00:05.738 - Both buildings were developed by Larry Silverstein, who holds a ground lease for the site from the Port Authority of New York and New Jersey.
8004:123145433636864::Thread-29 2020-08-09 19:00:05.755 - **END**
8006:123145433636864::Thread-29 2020-08-09 19:00:05.775 - Elizabeth was the daughter of Henry VIII and Anne Boleyn, his second wife, who was executed two-and-a-half years after Elizabeth's birth.
8003:123145433636864::Thread-29 2020-08-09 19:00:06.541 - The original 7 World Trade Center was 47 stories tall, clad in red granite masonry, and occupied a trapezoidal footprint.
8002:123145433636864::Thread-29 2020-08-09 19:00:06.756 - Built of travertine limestone, tuff (volcanic rock), and brick-faced concrete, it was the largest amphitheatre ever built at the time and held 50,000 to 80,000 spectators.
8006:123145433636864::Thread-29 2020-08-09 19:00:07.646 - Anne's marriage to Henry VIII was annulled, and Elizabeth was declared illegitimate.
8003:123145433636864::Thread-29 2020-08-09 19:00:08.287 - An elevated walkway spanning Vesey Street connected the building to the World Trade Center plaza.
8006:123145433636864::Thread-29 2020-08-09 19:00:08.431 - Her half-brother, Edward VI, ruled until his death in 1553, bequeathing the crown to Lady Jane Grey and ignoring the claims of his two half-sisters, the Roman Catholic Mary and the younger Elizabeth, in spite of statute law to the contrary.
8002:123145433636864::Thread-29 2020-08-09 19:00:08.683 - The Colosseum is situated just east of the Roman Forum.
8003:123145433636864::Thread-29 2020-08-09 19:00:08.714 - The building was situated above a Consolidated Edison power substation, which imposed unique structural design constraints.
8005:123145433636864::Thread-29 2020-08-09 19:00:09.228 - **END**
8002:123145433636864::Thread-29 2020-08-09 19:00:09.326 - Construction began under the emperor Vespasian in AD 72 and was completed in AD 80 under his successor and heir, Titus.
8006:123145433636864::Thread-29 2020-08-09 19:00:09.435 - Edward's will was set aside and Mary became queen, deposing Lady Jane Grey.
8002:123145433636864::Thread-29 2020-08-09 19:00:10.69 - Further modifications were made during the reign of Domitian (81–96).
8006:123145433636864::Thread-29 2020-08-09 19:00:10.769 - During Mary's reign, Elizabeth was imprisoned for nearly a year on suspicion of supporting Protestant rebels.
8002:123145433636864::Thread-29 2020-08-09 19:00:11.371 - These three emperors are known as the Flavian dynasty, and the amphitheatre was named in Latin for its association with their family name (Flavius).
8003:123145433636864::Thread-29 2020-08-09 19:00:11.634 - When the building opened in 1987, Silverstein had difficulties attracting tenants.
8006:123145433636864::Thread-29 2020-08-09 19:00:11.913 - In 1558 upon Mary's death, Elizabeth succeeded her half-sister to the throne and set out to rule by good counsel.
8006:123145433636864::Thread-29 2020-08-09 19:00:12.07 - She depended heavily on a group of trusted advisers, led by William Cecil, 1st Baron Burghley.
8006:123145433636864::Thread-29 2020-08-09 19:00:12.549 - One of her first actions as queen was the establishment of an English Protestant church, of which she became the supreme governor.
8002:123145433636864::Thread-29 2020-08-09 19:00:13.363 - The Colosseum could hold an estimated 50,000 to 80,000 spectators at various points of its history over the centuries, having an average audience of some 65,000; it was used for gladiatorial contests and public spectacles such as mock sea battles (for only a short time as the hypogeum was soon filled in with mechanisms to support the other activities), animal hunts, executions, re-enactments of famous battles, and dramas based on Roman mythology.
8006:123145433636864::Thread-29 2020-08-09 19:00:13.554 - **END**
8003:123145433636864::Thread-29 2020-08-09 19:00:13.632 - Salomon Brothers signed a long-term lease in 1988 and became the main tenant of 7 WTC.
8002:123145433636864::Thread-29 2020-08-09 19:00:13.759 - The building ceased to be used for entertainment in the early medieval era.
8002:123145433636864::Thread-29 2020-08-09 19:00:13.805 - It was later reused for such purposes as housing, workshops, quarters for a religious order, a fortress, a quarry, and a Christian shrine.Although substantially ruined because of earthquakes and stone-robbers, the Colosseum is still an iconic symbol of Imperial Rome and is listed as one of the New7Wonders of the World.
8002:123145433636864::Thread-29 2020-08-09 19:00:15.725 - It is one of Rome's most popular tourist attractions and also has links to the Roman Catholic Church, as each Good Friday the Pope leads a torchlit "Way of the Cross" procession that starts in the area around the Colosseum.The Colosseum is also depicted on the Italian version of the five-cent euro coin.
8003:123145433636864::Thread-29 2020-08-09 19:00:16.169 - On September 11, 2001, the structure was substantially damaged by debris when the nearby North Tower of the World Trade Center collapsed.
8003:123145433636864::Thread-29 2020-08-09 19:00:17.75 - The debris ignited fires on multiple lower floors of the building, which continued to burn uncontrolled throughout the afternoon.
8003:123145433636864::Thread-29 2020-08-09 19:00:19.751 - **END**
8002:123145433636864::Thread-29 2020-08-09 19:00:20.731 - **END**