8002:123145934221312::Thread-148 2020-08-09 18:59:27.353 - **START**
8002:123145934221312::Thread-148 2020-08-09 18:59:27.57 - Starting new HTTPS connection (1): en.wikipedia.org
8006:123145934221312::Thread-148 2020-08-09 18:59:29.271 - **START**
8002:123145934221312::Thread-148 2020-08-09 18:59:29.343 - Heath Andrew Ledger (4 April 1979 – 22 January 2008) was an Australian actor, photographer and music video director.
8006:123145934221312::Thread-148 2020-08-09 18:59:29.446 - Starting new HTTPS connection (1): en.wikipedia.org
8002:123145934221312::Thread-148 2020-08-09 18:59:30.179 - After performing roles in several Australian television and film productions during the 1990s, Ledger left for the United States in 1998 to further develop his film career.
8005:123145934221312::Thread-148 2020-08-09 18:59:30.228 - **START**
8003:123145934221312::Thread-148 2020-08-09 18:59:30.273 - **START**
8005:123145934221312::Thread-148 2020-08-09 18:59:30.962 - Starting new HTTPS connection (1): en.wikipedia.org
8002:123145934221312::Thread-148 2020-08-09 18:59:31.063 - His work consisted of nineteen films, including 10 Things I Hate About You (1999), The Patriot (2000), A Knight's Tale (2001), Monster's Ball (2001), Lords of Dogtown (2005), Brokeback Mountain (2005), Candy (2006), The Dark Knight (2008), and The Imaginarium of Doctor Parnassus (2009), the latter two being posthumous releases.
8003:123145934221312::Thread-148 2020-08-09 18:59:31.154 - Starting new HTTPS connection (1): en.wikipedia.org
8006:123145934221312::Thread-148 2020-08-09 18:59:31.656 - Guinea-Bissau ( (listen); Portuguese: Guiné-Bissau), officially the Republic of Guinea-Bissau (Portuguese: República da Guiné-Bissau [ʁɛˈpuβlikɐ ðɐ ɣiˈnɛ βiˈsaw]), is a country in West Africa that covers 36,125 square kilometres (13,948 sq mi) with an estimated population of 1,874,303.
8002:123145934221312::Thread-148 2020-08-09 18:59:31.731 - He also produced and directed music videos and aspired to be a film director.For his portrayal of Ennis Del Mar in Brokeback Mountain, Ledger won the New York Film Critics Circle Award for Best Actor and the Best International Actor Award from the Australian Film Institute; he was the first actor to win the latter award posthumously.
8006:123145934221312::Thread-148 2020-08-09 18:59:31.764 - It borders Senegal to the north and Guinea to the south-east.
8002:123145934221312::Thread-148 2020-08-09 18:59:31.787 - He was nominated for the BAFTA Award for Best Actor in a Leading Role and the Academy Award for Best Actor.
8002:123145934221312::Thread-148 2020-08-09 18:59:32.099 - Posthumously, he shared the 2007 Independent Spirit Robert Altman Award with the rest of the ensemble cast, the director, and the casting director for the film I'm Not There, which was inspired by the life and songs of American singer-songwriter Bob Dylan.
8006:123145934221312::Thread-148 2020-08-09 18:59:32.113 - Guinea-Bissau was once part of the kingdom of Kaabu, as well as part of the Mali Empire.
8005:123145934221312::Thread-148 2020-08-09 18:59:32.427 - The New England Patriots are a professional American football team based in the Greater Boston area.
8002:123145934221312::Thread-148 2020-08-09 18:59:32.615 - In the film, Ledger portrayed a fictional actor named Robbie Clark, one of six characters embodying aspects of Dylan's life and persona.Ledger died on 22 January 2008 due to an accidental overdose of prescription medications.
8006:123145934221312::Thread-148 2020-08-09 18:59:32.989 - Parts of this kingdom persisted until the 18th century, while a few others were under some rule by the Portuguese Empire since the 16th century.
8005:123145934221312::Thread-148 2020-08-09 18:59:33.211 - The Patriots compete in the National Football League (NFL) as a member club of the league's American Football Conference (AFC) East division.
8003:123145934221312::Thread-148 2020-08-09 18:59:33.27 - John Fitzgerald Kennedy (May 29, 1917 – November 22, 1963), often referred to by his initials JFK and Jack, was an American politician who served as the 35th President of the United States from January 1961 until his assassination in November 1963.
8006:123145934221312::Thread-148 2020-08-09 18:59:33.497 - In the 19th century, it was colonised as Portuguese Guinea.
8002:123145934221312::Thread-148 2020-08-09 18:59:33.569 - A few months before his death, Ledger had finished filming his performance as the Joker in The Dark Knight.
8003:123145934221312::Thread-148 2020-08-09 18:59:33.807 - Kennedy served at the height of the Cold War, and the majority of his work as president concerned relations with the Soviet Union and Cuba.
8006:123145934221312::Thread-148 2020-08-09 18:59:34.003 - Upon independence, declared in 1973 and recognised in 1974, the name of its capital, Bissau, was added to the country's name to prevent confusion with Guinea (formerly French Guinea).
8002:123145934221312::Thread-148 2020-08-09 18:59:34.056 - At the time of his death, The Dark Knight was in its editing phase, and The Imaginarium of Doctor Parnassus was in the midst of filming, in which he was playing his last role as Tony.
8005:123145934221312::Thread-148 2020-08-09 18:59:34.101 - The team plays its home games at Gillette Stadium in the town of Foxborough, Massachusetts, which is located 28 miles (45 km) southwest of downtown Boston.
8002:123145934221312::Thread-148 2020-08-09 18:59:34.393 - His untimely death also affected the subsequent promotion of The Dark Knight.
8003:123145934221312::Thread-148 2020-08-09 18:59:34.6 - A Democrat, Kennedy represented Massachusetts in the U.S. House of Representatives and Senate prior to becoming president.
8005:123145934221312::Thread-148 2020-08-09 18:59:34.736 - The Patriots are also headquartered at Gillette Stadium.
8006:123145934221312::Thread-148 2020-08-09 18:59:34.988 - Guinea-Bissau has a history of political instability since independence, and only one elected president (José Mário Vaz) has successfully served a full five-year term.Only about 2% of the population speaks Portuguese, the official language, as a first language, and 33% speak it as a second language.
8003:123145934221312::Thread-148 2020-08-09 18:59:35.195 - Kennedy was born into a wealthy, political family in Brookline, Massachusetts.
8003:123145934221312::Thread-148 2020-08-09 18:59:35.294 - He graduated from Harvard University in 1940, before joining the U.S.
8005:123145934221312::Thread-148 2020-08-09 18:59:35.707 - Founded in 1959 as the Boston Patriots, an original member of the American Football League (AFL), the team joined the NFL in the leagues' 1970 merger, then changed its name when it moved to Foxborough in 1971.
8003:123145934221312::Thread-148 2020-08-09 18:59:35.858 - Naval Reserve the following year.
8004:123145934221312::Thread-148 2020-08-09 18:59:36.226 - **START**
8006:123145934221312::Thread-148 2020-08-09 18:59:36.289 - However, Creole is the national language and also considered the language of unity.
8003:123145934221312::Thread-148 2020-08-09 18:59:36.427 - During World War II, he commanded a series of PT boats in the Pacific theater and earned the Navy and Marine Corps Medal for his service.
8003:123145934221312::Thread-148 2020-08-09 18:59:36.449 - After a brief stint in journalism, Kennedy represented a working-class Boston district in the U.S. House of Representatives from 1947 to 1953.
8005:123145934221312::Thread-148 2020-08-09 18:59:36.586 - The New England Patriots played their home games at Foxboro Stadium through 2001, then moved to Gillette Stadium at the start of the 2002 season.
8003:123145934221312::Thread-148 2020-08-09 18:59:36.698 - He was subsequently elected to the U.S. Senate and served as the junior Senator from Massachusetts from 1953 to 1960.
8003:123145934221312::Thread-148 2020-08-09 18:59:36.852 - While in the Senate, Kennedy published his book, Profiles in Courage, which won a Pulitzer Prize.
8003:123145934221312::Thread-148 2020-08-09 18:59:37.119 - In the 1960 presidential election, he narrowly defeated Republican opponent Richard Nixon, who was the incumbent vice president.
8005:123145934221312::Thread-148 2020-08-09 18:59:37.153 - The Patriots' rivalry with the New York Jets is considered one of the most bitter rivalries in the NFL.
8005:123145934221312::Thread-148 2020-08-09 18:59:37.462 - Since the arrival of head coach Bill Belichick and quarterback Tom Brady in 2000, the Patriots have become one of the most successful teams in NFL history, claiming 16 AFC East titles as part of 18 consecutive winning seasons since 2001.
8005:123145934221312::Thread-148 2020-08-09 18:59:37.81 - The franchise has since set numerous notable records, including most wins in a ten-year period (126, in 2003–2012), an undefeated 16-game regular season in 2007, the longest winning streak consisting of regular season and playoff games in NFL history (a 21-game streak from October 2003 to October 2004), and the most consecutive division titles won by a team in NFL history (11 straight division titles from 2009 to 2019).
8006:123145934221312::Thread-148 2020-08-09 18:59:37.887 - According to a 2012 study, 54% of the population speak Creole as a first language and about 52% speak it as a second language.
8006:123145934221312::Thread-148 2020-08-09 18:59:37.989 - The remainder speak a variety of native African languages.
8005:123145934221312::Thread-148 2020-08-09 18:59:38.507 - The team owns the record for most Super Bowl appearances (nine) and wins (six) by a head coach–quarterback tandem, most conference championships overall (11), most Super Bowl appearances overall (11).
8005:123145934221312::Thread-148 2020-08-09 18:59:39.504 - The Patriots are tied with the Pittsburgh Steelers for the most Super Bowl wins (six), and with the Denver Broncos for the most Super Bowl losses (five).
8004:123145934221312::Thread-148 2020-08-09 18:59:39.607 - Starting new HTTPS connection (1): en.wikipedia.org
8006:123145934221312::Thread-148 2020-08-09 18:59:42.991 - **END**
8004:123145934221312::Thread-148 2020-08-09 18:59:43.103 - Once Upon a Time is  an American fantasy adventure drama television series that aired on ABC from October 23, 2011 to May 18, 2018.
8003:123145934221312::Thread-148 2020-08-09 18:59:43.134 - **END**
8002:123145934221312::Thread-148 2020-08-09 18:59:43.437 - **END**
8004:123145934221312::Thread-148 2020-08-09 18:59:44.77 - The first six seasons are largely set in the fictitious seaside town of Storybrooke, Maine, with the characters of Emma Swan and her 10-year-old son, Henry Mills, as the leads — whilst the seventh and final season takes place in Seattle, Washington, in the fictitious neighborhood of Hyperion Heights, with a new main narrative led by adult Henry Mills, his wife Ella (Jacinda), and their daughter Lucy.
8005:123145934221312::Thread-148 2020-08-09 18:59:45.506 - **END**
8004:123145934221312::Thread-148 2020-08-09 18:59:45.721 - The show's more notable characters are based on original Disney characters from The Walt Disney Company and popular Western literature, folklore, Greek mythology, and fairy tales.
8004:123145934221312::Thread-148 2020-08-09 18:59:47.472 - The family of Snow White and Prince Charming from Disney's Snow White and the Seven Dwarfs are the main family featured in the series.
8004:123145934221312::Thread-148 2020-08-09 18:59:47.484 - Once Upon a Time was created by Lost & Tron: Legacy writers Edward Kitsis and Adam Horowitz.
8004:123145934221312::Thread-148 2020-08-09 18:59:48.379 - A spin-off series, Once Upon a Time in Wonderland, consisting of 13 episodes which followed the peculiar character from the 1865 novel Alice's Adventures in Wonderland by Lewis Carroll, premiered on October 10, 2013 and concluded on April 3, 2014.
8004:123145934221312::Thread-148 2020-08-09 18:59:48.618 - Series overview
For the first six seasons, the series is set in the fictional seaside town of Storybrooke, Maine, in which the residents are actually fairy tale characters that were transported to the real world town and robbed of their memories by Regina, the Evil Queen (Lana Parrilla) who used a powerful dark curse obtained from Rumplestiltskin (Robert Carlyle).
8004:123145934221312::Thread-148 2020-08-09 18:59:50.098 - The residents of Storybrooke, where Regina is mayor, have lived an unchanging existence for 28 years, unaware of their own agelessness.
8004:123145934221312::Thread-148 2020-08-09 18:59:50.399 - The town's only hope lies with a bail-bonds person from the Land Without Magic, named Emma Swan (Jennifer Morrison), only daughter of Snow White (Ginnifer Goodwin) and Prince Charming (Josh Dallas).
8006:123145934221312::Thread-148 2020-08-09 18:59:50.994 - **START**
8006:123145934221312::Thread-148 2020-08-09 18:59:51.005 - Starting new HTTPS connection (1): en.wikipedia.org
8004:123145934221312::Thread-148 2020-08-09 18:59:52.043 - Emma was transported from the Enchanted Forest to the real world via a magic wardrobe as an infant before the curse was cast.
8006:123145934221312::Thread-148 2020-08-09 18:59:52.077 - Göbekli Tepe (Turkish: [ɟœbecˈli teˈpe], "Potbelly Hill") is an archaeological site in the Southeastern Anatolia Region of Turkey approximately 12 km (7 mi) northeast of the city of Şanlıurfa.
8006:123145934221312::Thread-148 2020-08-09 18:59:52.391 - The tell (artificial mound) has a height of 15 m (50 ft) and is about 300 m (1,000 ft) in diameter.
8002:123145934221312::Thread-148 2020-08-09 18:59:52.439 - **START**
8002:123145934221312::Thread-148 2020-08-09 18:59:52.446 - Starting new HTTPS connection (1): en.wikipedia.org
8004:123145934221312::Thread-148 2020-08-09 18:59:53.048 - **END**
8006:123145934221312::Thread-148 2020-08-09 18:59:53.048 - It is approximately 760 m (2,500 ft) above sea level.
8006:123145934221312::Thread-148 2020-08-09 18:59:53.124 - The tell includes two phases of use, believed to be of a social or ritual nature by site discoverer and excavator Klaus Schmidt, dating back to the 10th–8th millennium BCE.
8005:123145934221312::Thread-148 2020-08-09 18:59:53.512 - **START**
8005:123145934221312::Thread-148 2020-08-09 18:59:53.523 - Starting new HTTPS connection (1): en.wikipedia.org
8006:123145934221312::Thread-148 2020-08-09 18:59:53.8 - During the first phase, belonging to the Pre-Pottery Neolithic A (PPNA), circles of massive 'T'-shaped stone pillars were erected – the world's oldest known megaliths.More than 200 pillars in about 20 circles are known (as of May 2020) through geophysical surveys.
8006:123145934221312::Thread-148 2020-08-09 18:59:54.041 - Each pillar has a height of up to 6 m (20 ft) and weighs up to 10 tons.
8006:123145934221312::Thread-148 2020-08-09 18:59:54.115 - They are fitted into sockets that were hewn out of the local bedrock.
8006:123145934221312::Thread-148 2020-08-09 18:59:54.432 - In the second phase, belonging to the Pre-Pottery Neolithic B (PPNB), the erected pillars are smaller and stood in rectangular rooms with floors of polished lime.
8006:123145934221312::Thread-148 2020-08-09 18:59:54.6 - The site was abandoned after the Pre-Pottery Neolithic B (PPNB).
8006:123145934221312::Thread-148 2020-08-09 18:59:54.648 - Younger structures date to classical times.
8006:123145934221312::Thread-148 2020-08-09 18:59:54.951 - The details of the structure's function remain a mystery.
8003:123145934221312::Thread-148 2020-08-09 18:59:55.141 - **START**
8003:123145934221312::Thread-148 2020-08-09 18:59:55.145 - Starting new HTTPS connection (1): en.wikipedia.org
8002:123145934221312::Thread-148 2020-08-09 18:59:55.305 - Mercedes-Benz Stadium is a multi-purpose stadium located in Atlanta, Georgia, United States.
8005:123145934221312::Thread-148 2020-08-09 18:59:55.652 - Tori Black (born August 26, 1988) is an American pornographic actress.
8002:123145934221312::Thread-148 2020-08-09 18:59:55.708 - Opened in August 2017 as a replacement for the Georgia Dome, it serves as the home stadium of the Atlanta Falcons of the National Football League (NFL) and Atlanta United FC of Major League Soccer (MLS).
8003:123145934221312::Thread-148 2020-08-09 18:59:56.371 - Katheryn Elizabeth Hudson (born October 25, 1984), known professionally as Katy Perry, is an American singer, songwriter, and television judge.
8003:123145934221312::Thread-148 2020-08-09 18:59:56.558 - After singing in church during her childhood, she pursued a career in gospel music as a teenager.
8003:123145934221312::Thread-148 2020-08-09 18:59:56.699 - Perry signed with Red Hill Records and released her debut studio album Katy Hudson under her birth name in 2001, which was commercially unsuccessful.
8005:123145934221312::Thread-148 2020-08-09 18:59:56.795 - In 2011, she became the first person to win the Female Performer of the Year at the Adult Video News Awards two years in a row.
8002:123145934221312::Thread-148 2020-08-09 18:59:56.834 - The stadium is owned by the state government of Georgia through the Georgia World Congress Center Authority, and operated by AMB Group, the parent organization of the Falcons and Atlanta United.
8003:123145934221312::Thread-148 2020-08-09 18:59:56.919 - She moved to Los Angeles the following year to venture into secular music after Red Hill ceased operations and she subsequently began working with producers Glen Ballard, Dr. Luke, and Max Martin.
8003:123145934221312::Thread-148 2020-08-09 18:59:57.775 - After adopting the stage name Katy Perry and being dropped by The Island Def Jam Music Group and Columbia Records, she signed a recording contract with Capitol Records in April 2007.
8003:123145934221312::Thread-148 2020-08-09 18:59:58.039 - Perry rose to fame in 2008 with her second album, One of the Boys, a pop rock record containing the controversial U.S number one song "I Kissed a Girl" and "Hot n Cold".
8003:123145934221312::Thread-148 2020-08-09 18:59:58.311 - All subsequent albums have topped the U.S.
8003:123145934221312::Thread-148 2020-08-09 18:59:59.149 - Billboard 200.
8002:123145934221312::Thread-148 2020-08-09 18:59:59.182 - In June 2016, the total cost of its construction was estimated at US$1.6 billion.The stadium officially opened on August 26, 2017 with a Falcons preseason game against the Arizona Cardinals, despite the retractable roof system being incomplete at the time.
8003:123145934221312::Thread-148 2020-08-09 18:59:59.186 - The disco-influenced Teenage Dream (2010) spawned five chart topping  U.S.
8003:123145934221312::Thread-148 2020-08-09 18:59:59.232 - Billboard Hot 100 singles–"California Gurls", "Teenage Dream", "Firework", "E.T.
8003:123145934221312::Thread-148 2020-08-09 18:59:59.359 - ", and "Last Friday Night (T.G.I.F.)"
8005:123145934221312::Thread-148 2020-08-09 18:59:59.664 - Early life
Black did an undergraduate course in journalism at Western Washington University.
8003:123145934221312::Thread-148 2020-08-09 18:59:59.837 - — a record tying her with Michael Jackson's Bad.
8003:123145934221312::Thread-148 2020-08-09 19:00:00.244 - Its follow-up record Prism (2013) was inspired by her divorce and incorporates pop and dance along with themes of self-reflection, everyday life, and relationships.
8002:123145934221312::Thread-148 2020-08-09 19:00:00.489 - Several events formerly held at the Georgia Dome moved to Mercedes-Benz Stadium following its completion, including the SEC football championship game and the Peach Bowl.
8005:123145934221312::Thread-148 2020-08-09 19:00:00.855 - Career
Black started her career at age 18 in Fort Lauderdale, Florida, where she was on a summer vacation while attending college.
8005:123145934221312::Thread-148 2020-08-09 19:00:01.652 - At her parents' insistence on getting a job, Black saw an advertisement for an adult talent agency and sent in her pictures.
8005:123145934221312::Thread-148 2020-08-09 19:00:01.656 - The agency accepted and, after considering their offer, Black accepted and returned to the agency a week later.
8006:123145934221312::Thread-148 2020-08-09 19:00:01.953 - **END**
8002:123145934221312::Thread-148 2020-08-09 19:00:02.833 - In 2018, it hosted the College Football Playoff National Championship and the MLS Cup (as Atlanta United held home field advantage), and it hosted Super Bowl LIII in 2019.
8005:123145934221312::Thread-148 2020-08-09 19:00:03.834 - Black's first scene was a solo shaving video for The Score Group, which was filmed in 2007.
8004:123145934221312::Thread-148 2020-08-09 19:00:04.05 - **START**
8002:123145934221312::Thread-148 2020-08-09 19:00:04.077 - Design


Roof
The stadium's signature feature is its retractable roof, which features a "pinwheel" consisting of eight translucent, triangular panels.
8004:123145934221312::Thread-148 2020-08-09 19:00:04.085 - Starting new HTTPS connection (1): en.wikipedia.org
8005:123145934221312::Thread-148 2020-08-09 19:00:04.484 - She was the Penthouse Pet of the Month for December 2008.Black is the first person in history to win two AVN Female Performer of the Year Awards, winning back-to-back years in 2010 and 2011.
8005:123145934221312::Thread-148 2020-08-09 19:00:04.669 - She also won the 2010 and 2011 XRCO Awards for Female Performer of the Year.
8002:123145934221312::Thread-148 2020-08-09 19:00:05.092 - Each of the eight panels operates on two straight, parallel rails; one rail is responsible for moving the panel while the other rail stabilizes the panel.
8004:123145934221312::Thread-148 2020-08-09 19:00:05.148 - Wayne Mark Rooney (born 24 October 1985) is an English professional footballer and captain for Championship club Derby County.
8005:123145934221312::Thread-148 2020-08-09 19:00:06.398 - In 2010, she was named by Maxim as one of the 12 top female stars in porn.
8004:123145934221312::Thread-148 2020-08-09 19:00:06.589 - He has played much of his career as a forward, and he has also been used in various midfield roles.
8003:123145934221312::Thread-148 2020-08-09 19:00:07.248 - **END**
8004:123145934221312::Thread-148 2020-08-09 19:00:07.266 - Widely considered to be one of the best players of his generation, Rooney is the record goalscorer for both the England national team and Manchester United.Rooney joined the Everton youth team at the age of 9 and made his professional debut for the club in 2002 at the age of 16.
8002:123145934221312::Thread-148 2020-08-09 19:00:07.726 - Closing the roof takes slightly less time than opening the roof, since the roof has to disengage the seals at the start of the opening procedure and slow down towards the end to prevent the panels from getting derailed.
8002:123145934221312::Thread-148 2020-08-09 19:00:08.183 - When opened, the panels are designed to create the illusion of a bird's wings extended.Architect Bill Johnson explained that the circular opening in the roof was inspired by the Roman Pantheon ("Pantheon" was also the working name for the building design).
8002:123145934221312::Thread-148 2020-08-09 19:00:08.184 - **END**
8004:123145934221312::Thread-148 2020-08-09 19:00:08.976 - He spent two seasons at the Merseyside club, before moving to Manchester United for £25.6 million in the 2004 summer transfer window where he won 16 trophies and became the only English player, alongside teammate Michael Carrick, to win the Premier League, FA Cup, UEFA Champions League, League Cup, UEFA Europa League, and FIFA Club World Cup.
8004:123145934221312::Thread-148 2020-08-09 19:00:10.519 - He scored 253 goals for United in all competitions to make him their top goalscorer of all time, with 183 Premier League goals being the most scored by a player for any single club.
8004:123145934221312::Thread-148 2020-08-09 19:00:11.747 - Rooney's 208 Premier League goals make him the Premier League's second-top scorer of all time.
8004:123145934221312::Thread-148 2020-08-09 19:00:13.65 - He also has the third-highest number of assists in the Premier League, with 103.Rooney made his senior international debut for England in February 2003 aged 17 and is England's youngest ever goalscorer.
8005:123145934221312::Thread-148 2020-08-09 19:00:14.4 - **END**
8004:123145934221312::Thread-148 2020-08-09 19:00:14.941 - He played at UEFA Euro 2004 and scored four goals, briefly becoming the youngest goalscorer in the history of the European Championship.
8004:123145934221312::Thread-148 2020-08-09 19:00:15.795 - Rooney has since featured at the 2006, 2010, and 2014 World Cups and was widely regarded as his country's best player.
8004:123145934221312::Thread-148 2020-08-09 19:00:17.35 - He has won the England Player of the Year award four times, in 2008, 2009, 2014, and 2015.
8004:123145934221312::Thread-148 2020-08-09 19:00:24.355 - **END**