8006:123146274955264::Thread-229 2020-08-09 18:59:31.285 - **START**
8006:123146274955264::Thread-229 2020-08-09 18:59:31.489 - Starting new HTTPS connection (1): en.wikipedia.org
8004:123146274955264::Thread-229 2020-08-09 18:59:32.268 - **START**
8004:123146274955264::Thread-229 2020-08-09 18:59:33.095 - Starting new HTTPS connection (1): en.wikipedia.org
8006:123146274955264::Thread-229 2020-08-09 18:59:33.8 - Switzerland, officially the Swiss Confederation, is a country situated in the confluence of Western, Central, and Southern Europe.
8006:123146274955264::Thread-229 2020-08-09 18:59:34.413 - It is a federal republic composed of 26 cantons, with federal authorities based in Bern.
8006:123146274955264::Thread-229 2020-08-09 18:59:35.387 - Switzerland is a landlocked country bordered by Italy to the south, France to the west, Germany to the north, and Austria and Liechtenstein to the east.
8004:123146274955264::Thread-229 2020-08-09 18:59:35.459 - Tupac Amaru Shakur ( TOO-pahk shə-KOOR; born Lesane Parish Crooks, June 16, 1971 – September 13, 1996), better known by his stage name 2Pac, was an American rapper and actor.
8006:123146274955264::Thread-229 2020-08-09 18:59:35.752 - It is geographically divided among the Swiss Plateau, the Alps, and the Jura, spanning a total area of 41,285 km2 (15,940 sq mi), and land area of 39,997 km2 (15,443 sq mi).
8006:123146274955264::Thread-229 2020-08-09 18:59:36.461 - While the Alps occupy the greater part of the territory, the Swiss population of approximately 8.5 million is concentrated mostly on the plateau, where the largest cities and economic centres are located, among them Zürich, Geneva and Basel, where multiple international organisations are domiciled (such as FIFA, the UN's second-largest Office, and the Bank for International Settlements) and where the main international airports of Switzerland are.
8006:123146274955264::Thread-229 2020-08-09 18:59:36.874 - The establishment of the Old Swiss Confederacy dates to the late medieval period, resulting from a series of military successes against Austria and Burgundy.
8006:123146274955264::Thread-229 2020-08-09 18:59:36.882 - Swiss independence from the Holy Roman Empire was formally recognized in the Peace of Westphalia in 1648.
8004:123146274955264::Thread-229 2020-08-09 18:59:36.948 - Considered by many to be one of the most influential rappers of all time, much of Shakur's work has been noted for addressing contemporary social issues that plagued inner cities, and he is considered a symbol of resistance and activism against inequality.
8006:123146274955264::Thread-229 2020-08-09 18:59:37.13 - The Federal Charter of 1291 is considered the founding document of Switzerland which is celebrated on Swiss National Day.
8003:123146274955264::Thread-229 2020-08-09 18:59:37.352 - **START**
8003:123146274955264::Thread-229 2020-08-09 18:59:37.51 - Starting new HTTPS connection (1): en.wikipedia.org
8006:123146274955264::Thread-229 2020-08-09 18:59:37.638 - Since the Reformation of the 16th century, Switzerland has maintained a strong policy of armed neutrality; it has not fought an international war since 1815 and did not join the United Nations until 2002.
8006:123146274955264::Thread-229 2020-08-09 18:59:38.291 - Nevertheless, it pursues an active foreign policy and is frequently involved in peace-building processes around the world.
8004:123146274955264::Thread-229 2020-08-09 18:59:38.684 - Shakur was born in the Manhattan borough of New York City but relocated to the San Francisco Bay Area in 1988.
8004:123146274955264::Thread-229 2020-08-09 18:59:40.192 - He later moved to Los Angeles in 1993 to further pursue his music career.
8005:123146274955264::Thread-229 2020-08-09 18:59:40.252 - **START**
8002:123146274955264::Thread-229 2020-08-09 18:59:40.368 - **START**
8003:123146274955264::Thread-229 2020-08-09 18:59:40.93 - The Temple of Artemis or Artemision (Greek: Ἀρτεμίσιον; Turkish: Artemis Tapınağı), also known less precisely as the Temple of Diana, was a Greek temple dedicated to an ancient, local form of the goddess Artemis (associated with Diana, a Roman goddess).
8002:123146274955264::Thread-229 2020-08-09 18:59:41.006 - Starting new HTTPS connection (1): en.wikipedia.org
8005:123146274955264::Thread-229 2020-08-09 18:59:41.04 - Starting new HTTPS connection (1): en.wikipedia.org
8004:123146274955264::Thread-229 2020-08-09 18:59:41.293 - By the time he released his debut album 2Pacalypse Now in 1991, he had become a central figure in West Coast hip hop, introducing social issues in the genre at a time when gangsta rap was dominant in the mainstream.
8003:123146274955264::Thread-229 2020-08-09 18:59:41.321 - It was located in Ephesus (near the modern town of Selçuk in present-day Turkey).
8003:123146274955264::Thread-229 2020-08-09 18:59:42.017 - It was completely rebuilt twice, once after a devastating flood and three hundred years later after an act of arson, and in its final form was one of the Seven Wonders of the Ancient World.
8004:123146274955264::Thread-229 2020-08-09 18:59:42.595 - Shakur achieved further critical and commercial success with his follow-up albums Strictly 4 My N.I.G.G.A.Z... (1993) and Me Against the World (1995).Shakur became heavily involved in the growing East Coast–West Coast hip hop rivalry between 1995 and 1996.
8003:123146274955264::Thread-229 2020-08-09 18:59:42.843 - By 401 AD it had been ruined or destroyed.
8003:123146274955264::Thread-229 2020-08-09 18:59:43.277 - Only foundations and fragments of the last temple remain at the site.
8006:123146274955264::Thread-229 2020-08-09 18:59:43.299 - **END**
8003:123146274955264::Thread-229 2020-08-09 18:59:43.441 - The earliest version of the temple (a temenos) antedated the Ionic immigration by many years, and dates to the Bronze Age.
8003:123146274955264::Thread-229 2020-08-09 18:59:43.759 - Callimachus, in his Hymn to Artemis, attributed it to the Amazons.
8004:123146274955264::Thread-229 2020-08-09 18:59:44.09 - His double-disc album All Eyez on Me (1996) became certified Diamond by the RIAA.
8003:123146274955264::Thread-229 2020-08-09 18:59:44.119 - In the 7th century BC, it was destroyed by a flood.
8004:123146274955264::Thread-229 2020-08-09 18:59:44.152 - On September 7, 1996, Shakur was shot four times by an unknown assailant in a drive-by shooting in Las Vegas; he died six days later and the gunman was never captured.
8003:123146274955264::Thread-229 2020-08-09 18:59:44.341 - Its reconstruction, in more grandiose form, began around 550 BC, under Chersiphron, the Cretan architect, and his son Metagenes.
8003:123146274955264::Thread-229 2020-08-09 18:59:45.105 - The project was funded by Croesus of Lydia, and took 10 years to complete.
8004:123146274955264::Thread-229 2020-08-09 18:59:45.174 - The Notorious B.I.G., Shakur's friend turned rival, was at first considered a suspect, but was also murdered in another drive-by shooting six months later.
8005:123146274955264::Thread-229 2020-08-09 18:59:45.348 - France (French: [fʁɑ̃s] (listen)), officially the French Republic (French: République française, pronounced [ʁepyblik fʁɑ̃sɛːz] (listen)), is a country consisting of metropolitan France in Western Europe and several overseas regions and territories.
8005:123146274955264::Thread-229 2020-08-09 18:59:45.79 - The metropolitan area of France extends from the Mediterranean Sea to the English Channel and the North Sea, and from the Rhine to the Atlantic Ocean.
8004:123146274955264::Thread-229 2020-08-09 18:59:46.262 - Five more albums have been released since his death, all of which have been certified platinum in the United States.
8004:123146274955264::Thread-229 2020-08-09 18:59:46.263 - **END**
8002:123146274955264::Thread-229 2020-08-09 18:59:47.135 - **END**
8005:123146274955264::Thread-229 2020-08-09 18:59:47.149 - It borders Belgium, Luxembourg and Germany to the northeast, Switzerland, Monaco, and Italy to the east, and Andorra and Spain to the south.
8005:123146274955264::Thread-229 2020-08-09 18:59:47.348 - The overseas territories include French Guiana in South America and several islands in the Atlantic, Pacific and Indian oceans.
8003:123146274955264::Thread-229 2020-08-09 18:59:48.11 - **END**
8006:123146274955264::Thread-229 2020-08-09 18:59:48.303 - **START**
8006:123146274955264::Thread-229 2020-08-09 18:59:48.312 - Starting new HTTPS connection (1): en.wikipedia.org
8005:123146274955264::Thread-229 2020-08-09 18:59:48.584 - The country's 18 integral regions (five of which are situated overseas) span a combined area of 643,801 square kilometres (248,573 sq mi) and a total population of 67.07 million (as of May 2020).
8005:123146274955264::Thread-229 2020-08-09 18:59:49.439 - France is a unitary semi-presidential republic with its capital in Paris, the country's largest city and main cultural and commercial centre.
8005:123146274955264::Thread-229 2020-08-09 18:59:49.445 - Other major urban areas include Lyon, Marseille, Toulouse, Bordeaux, Lille and Nice.
8005:123146274955264::Thread-229 2020-08-09 18:59:49.623 - France, including its overseas territories, has the most time zones of any country, with a total of 12.
8005:123146274955264::Thread-229 2020-08-09 18:59:50.66 - During the Iron Age, what is now metropolitan France was inhabited by the Gauls, a collection of Celtic tribes.
8005:123146274955264::Thread-229 2020-08-09 18:59:50.776 - The area was annexed by Rome in 51 BC, developing a distinct Gallo-Roman culture that laid the foundation of the French language.
8005:123146274955264::Thread-229 2020-08-09 18:59:50.777 - **END**
8006:123146274955264::Thread-229 2020-08-09 18:59:51.469 - Kobe Bean Bryant ( KOH-bee; August 23, 1978 – January 26, 2020) was an American professional basketball player for the Los Angeles Lakers in the National Basketball Association (NBA).
8002:123146274955264::Thread-229 2020-08-09 18:59:52.14 - **START**
8002:123146274955264::Thread-229 2020-08-09 18:59:52.144 - Starting new HTTPS connection (1): en.wikipedia.org
8006:123146274955264::Thread-229 2020-08-09 18:59:53.502 - As a shooting guard, he entered the league directly from high school, and played his entire 20-season professional career with the Lakers.
8002:123146274955264::Thread-229 2020-08-09 18:59:55.113 - The Walt Disney World Resort, also called Walt Disney World and Disney World, is an entertainment complex in Bay Lake and Lake Buena Vista, Florida, in the United States, near the cities of Orlando and Kissimmee.
8006:123146274955264::Thread-229 2020-08-09 18:59:56.041 - Bryant won many accolades: five NBA championships, 18-time All-Star, 15-time member of the All-NBA Team, 12-time member of the All-Defensive Team, 2008 NBA Most Valuable Player (MVP), two-time NBA Finals MVP winner.
8002:123146274955264::Thread-229 2020-08-09 18:59:56.448 - Opened on October 1, 1971, the resort is owned and operated by Disney Parks, Experiences and Products, a division of The Walt Disney Company.
8005:123146274955264::Thread-229 2020-08-09 18:59:57.783 - **START**
8005:123146274955264::Thread-229 2020-08-09 18:59:57.789 - Starting new HTTPS connection (1): en.wikipedia.org
8002:123146274955264::Thread-229 2020-08-09 18:59:58.286 - It was first operated by Walt Disney World Company.
8006:123146274955264::Thread-229 2020-08-09 18:59:58.929 - Widely regarded as one of the greatest players of all time, he led the NBA in scoring during two seasons, ranks fourth on the league's all-time regular season scoring and all-time postseason scoring lists.
8005:123146274955264::Thread-229 2020-08-09 18:59:59.098 - The Spice Girls are an English pop girl group formed in 1994.
8002:123146274955264::Thread-229 2020-08-09 18:59:59.816 - The property covers nearly 25,000 acres (39 sq mi; 101 km2), of which only half has been used.
8005:123146274955264::Thread-229 2020-08-09 18:59:59.837 - The group comprises Melanie Brown, also known as Mel B ("Scary Spice"), Melanie Chisholm, also known as Mel C ("Sporty Spice"), Emma Bunton ("Baby Spice"), Geri Halliwell ("Ginger Spice") and Victoria Beckham ("Posh Spice").
8005:123146274955264::Thread-229 2020-08-09 19:00:00.178 - They were signed to Virgin Records and released their debut single "Wannabe" in 1996; it hit number one in 37 countries and commenced their global success.
8006:123146274955264::Thread-229 2020-08-09 19:00:00.235 - Bryant first played basketball seriously in Italy, where he spent more than seven years as a child after his father, former NBA player Joe Bryant, moved to the country to continue playing professionally.
8002:123146274955264::Thread-229 2020-08-09 19:00:00.342 - The resort comprises four theme parks (consisting of Magic Kingdom, Epcot, Disney's Hollywood Studios, and Disney's Animal Kingdom), two water parks, 27 themed resort hotels, nine non-Disney hotels, several golf courses, a camping resort, and other entertainment venues, including the outdoor shopping center Disney Springs.
8005:123146274955264::Thread-229 2020-08-09 19:00:00.363 - Their debut album Spice sold more than 23 million copies worldwide, becoming the best-selling album by a female group in history.
8002:123146274955264::Thread-229 2020-08-09 19:00:00.637 - Designed to supplement Disneyland in Anaheim, California, which had opened in 1955, the complex was developed by Walt Disney in the 1960s.
8005:123146274955264::Thread-229 2020-08-09 19:00:01.007 - Their follow-up album, Spiceworld sold over 13 million copies worldwide.
8004:123146274955264::Thread-229 2020-08-09 19:00:01.265 - **START**
8004:123146274955264::Thread-229 2020-08-09 19:00:01.273 - Starting new HTTPS connection (1): en.wikipedia.org
8002:123146274955264::Thread-229 2020-08-09 19:00:01.288 - "The Florida Project", as it was known, was intended to present a distinct vision with its own diverse set of attractions.
8005:123146274955264::Thread-229 2020-08-09 19:00:01.835 - The Spice Girls have sold 85 million records worldwide, making them the best-selling girl group of all time, one of the best-selling pop groups of all time, and the biggest British pop success since the Beatles.
8002:123146274955264::Thread-229 2020-08-09 19:00:02.49 - Walt Disney's original plans also called for the inclusion of an "Experimental Prototype Community of Tomorrow" (EPCOT), a planned community intended to serve as a test bed for new city-living innovations.
8005:123146274955264::Thread-229 2020-08-09 19:00:02.656 - Among the highest-profile acts in 1990s popular culture, Time called them "arguably the most recognizable face" of Cool Britannia, the mid-1990s celebration of youth culture in the UK.Measures of their success include international record sales, a 2007–2008 reunion tour, a 2019 reunion tour, vast merchandising enterprises, iconic symbolism such as Halliwell's Union Jack dress representing "girl power", and a film, Spice World.
8004:123146274955264::Thread-229 2020-08-09 19:00:02.714 - Spain (Spanish: España, [esˈpaɲa] (listen)), officially the Kingdom of Spain (Spanish: Reino de España), is a country in Southwestern Europe with some pockets of territory across the Strait of Gibraltar and the Atlantic Ocean.
8006:123146274955264::Thread-229 2020-08-09 19:00:02.831 - Bryant later attended Lower Merion High School in Pennsylvania, where he was recognized as the top high-school basketball player in the country.
8003:123146274955264::Thread-229 2020-08-09 19:00:03.112 - **START**
8003:123146274955264::Thread-229 2020-08-09 19:00:03.195 - Starting new HTTPS connection (1): en.wikipedia.org
8005:123146274955264::Thread-229 2020-08-09 19:00:03.227 - The group became one of the most successful marketing engines ever, earning up to $75 million per year, with their global gross income estimated at $500–800 million by May 1998.
8004:123146274955264::Thread-229 2020-08-09 19:00:03.425 - Its continental European territory is situated on the Iberian Peninsula.
8005:123146274955264::Thread-229 2020-08-09 19:00:03.448 - Under the guidance of their mentor and manager Simon Fuller, the Spice Girls embraced merchandising and became a regular feature of the British and global press.
8005:123146274955264::Thread-229 2020-08-09 19:00:03.54 - In 1996, Top of the Pops magazine gave each member of the group aliases, which were adopted by the group and media.
8002:123146274955264::Thread-229 2020-08-09 19:00:03.682 - Walt Disney died on December 15, 1966, during the initial planning of the complex.
8004:123146274955264::Thread-229 2020-08-09 19:00:04.504 - Its territory also includes two archipelagos: the Canary Islands off the coast of North Africa, and the Balearic Islands in the Mediterranean Sea.
8006:123146274955264::Thread-229 2020-08-09 19:00:04.957 - Upon graduation, he declared for the 1996 NBA draft and was selected by the Charlotte Hornets with the 13th overall pick; the Hornets then traded him to the Lakers.
8002:123146274955264::Thread-229 2020-08-09 19:00:05.182 - After his death, the company wrestled with the idea of whether to bring the Disneyworld project to fruition.
8004:123146274955264::Thread-229 2020-08-09 19:00:06.294 - The African enclaves of Ceuta, Melilla, and Peñón de Vélez de la Gomera, makes Spain the only European country to have a physical border with an African country (Morocco).
8006:123146274955264::Thread-229 2020-08-09 19:00:07.554 - As a rookie, Bryant earned himself a reputation as a high-flyer and a fan favorite by winning the 1997 Slam Dunk Contest, and he was named an All-Star by his second season.
8004:123146274955264::Thread-229 2020-08-09 19:00:07.9 - Several small islands in the Alboran Sea are also part of Spanish territory.
8004:123146274955264::Thread-229 2020-08-09 19:00:08.099 - The country's mainland is bordered to the south and east by the Mediterranean Sea except for a small land boundary with Gibraltar; to the north and northeast by France, Andorra, and the Bay of Biscay; and to the west and northwest by Portugal and the Atlantic Ocean respectively.
8002:123146274955264::Thread-229 2020-08-09 19:00:08.183 - **END**
8006:123146274955264::Thread-229 2020-08-09 19:00:08.462 - Despite a feud with teammate Shaquille O'Neal, the pair led the Lakers to three consecutive NBA championships from 2000 to 2002.
8005:123146274955264::Thread-229 2020-08-09 19:00:08.544 - **END**
8003:123146274955264::Thread-229 2020-08-09 19:00:08.956 - **END**
8004:123146274955264::Thread-229 2020-08-09 19:00:09.091 - With an area of 505,990 km2 (195,360 sq mi), Spain is the largest country in Southern Europe, the second-largest country in Western Europe and the European Union, and the fourth-largest country by area on the European continent.
8004:123146274955264::Thread-229 2020-08-09 19:00:09.352 - With a population exceeding 47.3 million, Spain is the sixth-most populous country in Europe, and the fourth-most populous country in the European Union.
8006:123146274955264::Thread-229 2020-08-09 19:00:10.231 - In 2003, Bryant was accused of sexual assault by a 19-year-old hotel clerk.
8004:123146274955264::Thread-229 2020-08-09 19:00:10.448 - Spain's capital and largest city is Madrid; other major urban areas include Barcelona, Valencia, Seville, Zaragoza, Málaga, and Bilbao.
8004:123146274955264::Thread-229 2020-08-09 19:00:10.512 - Modern humans first arrived in the Iberian Peninsula around 35,000 years ago.
8006:123146274955264::Thread-229 2020-08-09 19:00:11.238 - **END**
8004:123146274955264::Thread-229 2020-08-09 19:00:12.513 - **END**