8003:123146211856384::Thread-214 2020-08-09 18:59:26.313 - **START**
8003:123146211856384::Thread-214 2020-08-09 18:59:26.424 - Starting new HTTPS connection (1): en.wikipedia.org
8006:123146211856384::Thread-214 2020-08-09 18:59:30.271 - **START**
8006:123146211856384::Thread-214 2020-08-09 18:59:30.834 - Starting new HTTPS connection (1): en.wikipedia.org
8005:123146211856384::Thread-214 2020-08-09 18:59:31.253 - **START**
8003:123146211856384::Thread-214 2020-08-09 18:59:31.265 - Inferno (Italian: [iɱˈfɛrno]; Italian for "Hell") is the first part of Italian writer Dante Alighieri's 14th-century epic poem Divine Comedy.
8002:123146211856384::Thread-214 2020-08-09 18:59:31.367 - **START**
8005:123146211856384::Thread-214 2020-08-09 18:59:31.939 - Starting new HTTPS connection (1): en.wikipedia.org
8003:123146211856384::Thread-214 2020-08-09 18:59:32.051 - It is followed by Purgatorio and Paradiso.
8002:123146211856384::Thread-214 2020-08-09 18:59:32.084 - Starting new HTTPS connection (1): en.wikipedia.org
8003:123146211856384::Thread-214 2020-08-09 18:59:32.296 - The Inferno tells the journey of Dante through Hell, guided by the ancient Roman poet Virgil.
8003:123146211856384::Thread-214 2020-08-09 18:59:33.514 - In the poem, Hell is depicted as nine concentric circles of torment located within the Earth; it is the "realm ... of those who have rejected spiritual values by yielding to bestial appetites or violence, or by perverting their human intellect to fraud or malice against their fellowmen".
8006:123146211856384::Thread-214 2020-08-09 18:59:33.781 - The British Museum, in the Bloomsbury area of London, United Kingdom, is a public institution dedicated to human history, art and culture.
8005:123146211856384::Thread-214 2020-08-09 18:59:34.134 - The Taipei 101 (Chinese: 台北101; pinyin: Táiběi yī líng yī; stylized as TAIPEI 101), formerly known as the Taipei World Financial Center (臺北國際金融中心), is a supertall skyscraper designed by C.Y.
8006:123146211856384::Thread-214 2020-08-09 18:59:34.196 - Its permanent collection of some eight million works is among the largest and most comprehensive in existence, having been widely sourced during the era of the British Empire.
8006:123146211856384::Thread-214 2020-08-09 18:59:34.782 - It documents the story of human culture from its beginnings to the present.
8004:123146211856384::Thread-214 2020-08-09 18:59:35.263 - **START**
8003:123146211856384::Thread-214 2020-08-09 18:59:35.389 - As an allegory, the Divine Comedy represents the journey of the soul toward God, with the Inferno describing the recognition and rejection of sin.
8002:123146211856384::Thread-214 2020-08-09 18:59:35.528 - Marshall Bruce Mathers III (born October 17, 1972), known professionally as Eminem (; often stylized as EMINƎM), is an American rapper, songwriter, and record producer.
8005:123146211856384::Thread-214 2020-08-09 18:59:35.749 - Lee and C.P.
8002:123146211856384::Thread-214 2020-08-09 18:59:35.862 - Credited with popularizing hip hop in Middle America, Eminem's global success and acclaimed works are widely regarded as having broken racial barriers for the acceptance of white rappers in popular music.
8005:123146211856384::Thread-214 2020-08-09 18:59:35.936 - Wang in Xinyi, Taipei, Taiwan.
8005:123146211856384::Thread-214 2020-08-09 18:59:36.348 - This building was officially classified as the world's tallest from its opening in 2004 until the 2010 completion of the Burj Khalifa in Dubai, UAE.
8003:123146211856384::Thread-214 2020-08-09 18:59:36.359 - Introduction


Cantos I–II

Canto I

The poem begins on the night of Maundy Thursday on March 24 (or April 7), AD 1300, shortly before dawn of Good Friday.
8002:123146211856384::Thread-214 2020-08-09 18:59:36.481 - While much of his transgressive work during the early 2000s made him hugely controversial, he came to be a representation of popular angst and the American underclass.
8006:123146211856384::Thread-214 2020-08-09 18:59:36.482 - It was the first public national museum in the world.The British Museum was established in 1753, largely based on the collections of the Irish physician and scientist Sir Hans Sloane.
8003:123146211856384::Thread-214 2020-08-09 18:59:36.594 - The narrator, Dante himself, is thirty-five years old, and thus "midway in the journey of our life" (Nel mezzo del cammin di nostra vita) – half of the Biblical lifespan of seventy (Psalm 89:10, Vulgate; Psalm 90:10, KJV).
8002:123146211856384::Thread-214 2020-08-09 18:59:37.202 - He has been influential for many artists of various genres and is often cited as one of the greatest rappers of all time.After his debut album Infinite (1996) and the extended play Slim Shady EP (1997), Eminem signed with Dr. Dre's Aftermath Entertainment and subsequently achieved mainstream popularity in 1999 with The Slim Shady LP.
8005:123146211856384::Thread-214 2020-08-09 18:59:37.353 - Its elevators, capable of traveling 60.6 km/h (37.7 mph) and used to transport passengers from the 5th to 89th floor in 37 seconds, set new records upon completion.
8002:123146211856384::Thread-214 2020-08-09 18:59:37.459 - His next two releases The Marshall Mathers LP (2000) and The Eminem Show (2002) were worldwide successes and were both nominated for the Grammy Award for Album of the Year.
8005:123146211856384::Thread-214 2020-08-09 18:59:37.639 - In 2011 Taipei 101 received a Platinum rating under the LEED certification system to become the tallest and largest green building in the world.
8003:123146211856384::Thread-214 2020-08-09 18:59:38.071 - The poet finds himself lost in a dark wood (selva oscura), astray from the "straight way" (diritta via, also translatable as "right way") of salvation.
8002:123146211856384::Thread-214 2020-08-09 18:59:38.453 - After the release of what was considered to be his final album, Encore (2004), Eminem went on hiatus in 2005 partly due to a prescription drug addiction.
8002:123146211856384::Thread-214 2020-08-09 18:59:38.639 - He returned to the music industry four years later with the release of Relapse (2009), and Recovery was released the following year.
8005:123146211856384::Thread-214 2020-08-09 18:59:38.85 - The structure regularly appears as an icon of Taipei in international media, and the Taipei 101 fireworks displays are a regular feature of New Year's Eve broadcasts.
8003:123146211856384::Thread-214 2020-08-09 18:59:39.183 - He sets out to climb directly up a small mountain, but his way is blocked by three beasts he cannot evade: a lonza (usually rendered as "leopard" or "leopon"), a leone (lion), and a lupa (she-wolf).
8005:123146211856384::Thread-214 2020-08-09 18:59:39.574 - Taipei 101's postmodernist architectural style evokes traditional Asian aesthetics in a modern structure employing industrial materials.
8004:123146211856384::Thread-214 2020-08-09 18:59:39.598 - Starting new HTTPS connection (1): en.wikipedia.org
8002:123146211856384::Thread-214 2020-08-09 18:59:39.619 - Recovery was the best-selling album worldwide of 2010, making it Eminem's second album, after The Eminem Show in 2002, to be the best-selling album of the year worldwide.
8006:123146211856384::Thread-214 2020-08-09 18:59:39.588 - It first opened to the public in 1759, in Montagu House, on the site of the current building.
8002:123146211856384::Thread-214 2020-08-09 18:59:39.834 - In the following years, he released the US number one albums The Marshall Mathers LP 2, Revival, Kamikaze and Music to Be Murdered By.
8005:123146211856384::Thread-214 2020-08-09 18:59:39.918 - Its design incorporates a number of features that enable the structure to withstand the Pacific Ring of Fire's earthquakes and the region's tropical storms.
8005:123146211856384::Thread-214 2020-08-09 18:59:40.459 - The tower houses offices and restaurants as well as both indoor and outdoor observatories.
8002:123146211856384::Thread-214 2020-08-09 18:59:40.527 - Eminem made his debut in the motion picture industry with the musical drama film 8 Mile (2002), playing a fictionalized version of himself, which won the Academy Award for Best Original Song for "Lose Yourself", making him the first hip hop artist to ever win the award.
8006:123146211856384::Thread-214 2020-08-09 18:59:41.065 - Its expansion over the following 250 years was largely a result of expanding British colonisation and has resulted in the creation of several branch institutions, the first being the Natural History Museum in 1881.
8005:123146211856384::Thread-214 2020-08-09 18:59:41.28 - The tower is adjoined by a multilevel shopping mall that has the world's largest ruyi symbol as an exterior feature.
8005:123146211856384::Thread-214 2020-08-09 18:59:42.416 - Taipei 101 is owned by Taipei Financial Center Corporation.
8005:123146211856384::Thread-214 2020-08-09 18:59:43.143 - The skyscraper opened on 31 December 2004 to celebrate New Year's Eve.
8006:123146211856384::Thread-214 2020-08-09 18:59:43.924 - In 1973, the British Library Act 1972 detached the library department from the British Museum, but it continued to host the now separated British Library in the same Reading Room and building as the museum until 1997.
8002:123146211856384::Thread-214 2020-08-09 18:59:44.553 - **END**
8005:123146211856384::Thread-214 2020-08-09 18:59:46.149 - **END**
8006:123146211856384::Thread-214 2020-08-09 18:59:46.424 - The museum is a non-departmental public body sponsored by the Department for Digital, Culture, Media and Sport, and as with all national museums in the UK it charges no admission fee, except for loan exhibitions.Its ownership of some of its most famous objects originating in other countries is disputed and remains the subject of international controversy, most notably in the case of the Elgin Marbles of Greece and the Rosetta Stone of Egypt.
8004:123146211856384::Thread-214 2020-08-09 18:59:46.59 - Charles, Prince of Wales (Charles Philip Arthur George; born 14 November 1948) is the heir apparent to the British throne as the eldest child of Queen Elizabeth II.
8003:123146211856384::Thread-214 2020-08-09 18:59:47.185 - **END**
8006:123146211856384::Thread-214 2020-08-09 18:59:48.198 - History


Sir Hans Sloane

Although today principally a museum of cultural art objects and antiquities, the British Museum was founded as a "universal museum".
8006:123146211856384::Thread-214 2020-08-09 18:59:48.38 - Its foundations lie in the will of the Irish physician and naturalist Sir Hans Sloane (1660–1753), a London-based doctor and scientist from Ulster.
8004:123146211856384::Thread-214 2020-08-09 18:59:49.406 - He has been Duke of Cornwall and Duke of Rothesay since 1952, and he is the oldest and longest-serving heir apparent in British history.
8002:123146211856384::Thread-214 2020-08-09 18:59:50.559 - **START**
8002:123146211856384::Thread-214 2020-08-09 18:59:50.562 - Starting new HTTPS connection (1): en.wikipedia.org
8004:123146211856384::Thread-214 2020-08-09 18:59:52.192 - He is also the longest-serving Prince of Wales, having held that title since 1958.Charles was born at Buckingham Palace as the first grandchild of King George VI and Queen Elizabeth.
8006:123146211856384::Thread-214 2020-08-09 18:59:52.387 - **END**
8002:123146211856384::Thread-214 2020-08-09 18:59:52.392 - Stoya is an American pornographic actress, actress, model and writer.
8004:123146211856384::Thread-214 2020-08-09 18:59:53.055 - He was educated at Cheam and Gordonstoun schools, which his father, Prince Philip, Duke of Edinburgh, had attended as a child.
8002:123146211856384::Thread-214 2020-08-09 18:59:54.737 - Early life
Stoya was born to a Scottish father and a Serbian mother.
8004:123146211856384::Thread-214 2020-08-09 18:59:55.443 - Charles also spent a year at the Timbertop campus of Geelong Grammar School in Victoria, Australia.
8004:123146211856384::Thread-214 2020-08-09 18:59:56.438 - After earning a Bachelor of Arts degree from the University of Cambridge, Charles served in the Royal Air Force and Royal Navy from 1971 to 1976.
8002:123146211856384::Thread-214 2020-08-09 18:59:56.734 - As a child, she wanted to become a dancer, starting dance lessons at the age of three.
8002:123146211856384::Thread-214 2020-08-09 18:59:56.767 - She was home-schooled and received her high-school diploma before the age of sixteen.
8003:123146211856384::Thread-214 2020-08-09 18:59:57.191 - **START**
8003:123146211856384::Thread-214 2020-08-09 18:59:57.216 - Starting new HTTPS connection (1): en.wikipedia.org
8002:123146211856384::Thread-214 2020-08-09 18:59:58.089 - Because her father worked in IT, Stoya had access to a lot of electronics and gaming equipment, which she says developed her love for technology.
8004:123146211856384::Thread-214 2020-08-09 18:59:58.167 - In 1981, he married Lady Diana Spencer, and they had two sons: Prince William (b.
8002:123146211856384::Thread-214 2020-08-09 18:59:58.638 - "I was three when I was using DOS.
8003:123146211856384::Thread-214 2020-08-09 18:59:59.302 - Linda Lovelace (born Linda Susan Boreman; January 10, 1949 – April 22, 2002) was an American pornographic actress known for her performance in the 1972 hardcore film Deep Throat.
8004:123146211856384::Thread-214 2020-08-09 18:59:59.332 - 1982) and Prince Harry (b.
8003:123146211856384::Thread-214 2020-08-09 18:59:59.823 - Although the film was an enormous success at the time, Boreman later said that her abusive husband, Chuck Traynor, had threatened and coerced her into the performance.
8005:123146211856384::Thread-214 2020-08-09 19:00:00.15 - **START**
8005:123146211856384::Thread-214 2020-08-09 19:00:00.269 - Starting new HTTPS connection (1): en.wikipedia.org
8003:123146211856384::Thread-214 2020-08-09 19:00:00.549 - In her autobiography Ordeal, she described what went on behind the scenes.
8002:123146211856384::Thread-214 2020-08-09 19:00:00.612 - My mom taught me how to read, and my dad taught me how to navigate DOS", she has said.After relocating to Philadelphia, she attended a summer program at UArts.
8004:123146211856384::Thread-214 2020-08-09 19:00:01.516 - 1984).
8005:123146211856384::Thread-214 2020-08-09 19:00:02.274 - AMGTV is an American family-oriented television network featuring television programming consisting of drama, sports, movies, entertainment, how-to, hunting and fishing, children's shows, and other features, much of it repackaged from off-network and first-run syndication.
8002:123146211856384::Thread-214 2020-08-09 19:00:02.41 - Some of her jobs in Philadelphia included being a secretary, flier distributor, and a go-go dancer.
8003:123146211856384::Thread-214 2020-08-09 19:00:02.542 - She later became a born again Christian and a spokeswoman for the anti-pornography movement.
8002:123146211856384::Thread-214 2020-08-09 19:00:02.724 - Stoya appeared in several music videos for bands that, according to her, "no one will ever hear of."
8004:123146211856384::Thread-214 2020-08-09 19:00:02.755 - In 1996, the couple divorced following well-publicised extramarital affairs by both parties.
8002:123146211856384::Thread-214 2020-08-09 19:00:02.798 - In May 2009, Stoya said that she would be moving from Philadelphia and relocating to Los Angeles in the fall of that year.
8004:123146211856384::Thread-214 2020-08-09 19:00:03.233 - Diana died as the result of a car crash in Paris the following year.
8006:123146211856384::Thread-214 2020-08-09 19:00:03.389 - **START**
8006:123146211856384::Thread-214 2020-08-09 19:00:03.419 - Starting new HTTPS connection (1): en.wikipedia.org
8003:123146211856384::Thread-214 2020-08-09 19:00:04.308 - Early life
Boreman was born January 10, 1949, in The Bronx, New York City, New York, into a working-class family.
8002:123146211856384::Thread-214 2020-08-09 19:00:04.713 - Career
Stoya began posing for adult pictures for a friend, which eventually led her to modelling and working for alt-erotic websites.
8005:123146211856384::Thread-214 2020-08-09 19:00:04.732 - The network is owned by the American company Access Media Group.
8003:123146211856384::Thread-214 2020-08-09 19:00:04.853 - She described her upbringing in an unhappy family, as the daughter of John Boreman, a police officer who was seldom home, and Dorothy Boreman (née Tragney), a waitress who was harsh, unloving, and domineering.
8005:123146211856384::Thread-214 2020-08-09 19:00:05.251 - AMGTV provides programming to television stations in the United States.
8003:123146211856384::Thread-214 2020-08-09 19:00:06.062 - She attended private Catholic schools, including Saint John the Baptist (Yonkers, New York) and Maria Regina High School.
8006:123146211856384::Thread-214 2020-08-09 19:00:06.209 - Conor Anthony McGregor (Irish: Conchúr Antóin Mac Gréagóir; born 14 July 1988) is an Irish retired professional mixed martial artist and boxer.
8003:123146211856384::Thread-214 2020-08-09 19:00:06.522 - Linda was nicknamed "Miss Holy Holy" in high school because she kept her dates at a safe distance to avoid sexual activity.
8006:123146211856384::Thread-214 2020-08-09 19:00:06.569 - He is a former Ultimate Fighting Championship (UFC) featherweight and lightweight champion.
8006:123146211856384::Thread-214 2020-08-09 19:00:06.574 - As of July 14, 2020, he is #10 in the UFC men's pound-for-pound rankings and #4 in the UFC lightweight rankings.McGregor is a former Cage Warriors featherweight and lightweight champion.
8002:123146211856384::Thread-214 2020-08-09 19:00:06.715 - She chose her stage name based on a shortened version of her grandmother's Serbian maiden name and trademarked the name in 2009.Stoya was featured in two DVD productions for Razordolls, and she made a non-sex, cameo appearance in two Vivid Alt titles before being contacted by Digital Playground with a proposition to perform in a hardcore lesbian scene with Sophia Santi.
8005:123146211856384::Thread-214 2020-08-09 19:00:06.891 - AMGTV also syndicates several movie packages and music specials to stations outside their affiliate base.
8005:123146211856384::Thread-214 2020-08-09 19:00:06.996 - The president of AMGTV is Terry Elaqua.
8003:123146211856384::Thread-214 2020-08-09 19:00:07.188 - When Boreman was 16, her family moved to Davie, Florida, after her father retired from the New York City Police Department.At the age of 19 she gave birth to her first child, whom she gave up for adoption.
8005:123146211856384::Thread-214 2020-08-09 19:00:07.666 - Programming


Scripted programming
Leverage
Sanctuary


Entertainment
Animal Rescue
Celebrity Page
Forensic Files
Judge Faith
The Balancing Act
The Hollywood News Report
Pawn Stars
Impractical Jokers
Cheaters
TAKE A LOOK


Former


Sports
On October 10, 2010 the American Indoor Football Association (AIFA) announced that AMGTV has agreed to air games from the upcoming 2011 AIFA West season.
8005:123146211856384::Thread-214 2020-08-09 19:00:07.887 - They had previously carried the 2010 season, prior to when the league split.
8003:123146211856384::Thread-214 2020-08-09 19:00:07.987 - Shortly afterwards, she returned to New York City to live and go to computer school.
8004:123146211856384::Thread-214 2020-08-09 19:00:08.237 - **END**
8006:123146211856384::Thread-214 2020-08-09 19:00:08.518 - In 2015, at UFC 194, he defeated José Aldo for the UFC Featherweight Championship via knockout 13 seconds into the first round, which is the fastest victory in UFC title fight history.
8002:123146211856384::Thread-214 2020-08-09 19:00:08.719 - **END**
8005:123146211856384::Thread-214 2020-08-09 19:00:09.149 - The AIFA West ceased operations January 2011; neither the league nor the network have indicated whether the deal is valid for the 2012 revival of the league.
8005:123146211856384::Thread-214 2020-08-09 19:00:09.262 - AIFA's successor, American Indoor Football, folded in 2017.
8006:123146211856384::Thread-214 2020-08-09 19:00:09.365 - Upon defeating Eddie Alvarez for the UFC Lightweight Championship at UFC 205, McGregor became the first fighter in UFC history to hold titles in two weight divisions simultaneously.In his debut boxing match, he was defeated by Floyd Mayweather Jr.
8006:123146211856384::Thread-214 2020-08-09 19:00:10.129 - He is the biggest pay-per-view (PPV) draw in MMA history, having headlined five out of the six highest-selling UFC pay-per-view events.
8006:123146211856384::Thread-214 2020-08-09 19:00:11.484 - His headline bout with Khabib Nurmagomedov at UFC 229 drew 2.4 million PPV buys, the most ever for an MMA event.
8006:123146211856384::Thread-214 2020-08-09 19:00:14.22 - His boxing match with Mayweather drew 4.3 million PPV buys in North America, the second most in history.
8003:123146211856384::Thread-214 2020-08-09 19:00:15.991 - **END**
8006:123146211856384::Thread-214 2020-08-09 19:00:17.144 - Early life
Conor Anthony McGregor was born in Crumlin, Dublin on 14 July 1988, the son of Tony and Margaret McGregor.
8005:123146211856384::Thread-214 2020-08-09 19:00:17.264 - **END**
8006:123146211856384::Thread-214 2020-08-09 19:00:17.52 - He was raised in Crumlin and attended a Gaelscoil and Gaelcholáiste at both primary and at secondary level in Coláiste de hÍde in Tallaght, where he also developed his passion for sport, playing football.
8006:123146211856384::Thread-214 2020-08-09 19:00:25.526 - **END**