8004:123145421017088::Thread-26 2020-08-09 18:59:26.297 - **START**
8004:123145421017088::Thread-26 2020-08-09 18:59:26.322 - Starting new HTTPS connection (1): en.wikipedia.org
8006:123145421017088::Thread-26 2020-08-09 18:59:28.241 - **START**
8006:123145421017088::Thread-26 2020-08-09 18:59:28.367 - Starting new HTTPS connection (1): en.wikipedia.org
8004:123145421017088::Thread-26 2020-08-09 18:59:28.428 - Mariah Carey (born March 27, 1969 or 1970) is an American singer-songwriter, record producer, actress, entrepreneur, and philanthropist.
8004:123145421017088::Thread-26 2020-08-09 18:59:28.636 - She was signed to Columbia Records in 1988 and rose to fame after releasing her eponymous debut album two years later.
8006:123145421017088::Thread-26 2020-08-09 18:59:29.97 - Sherlock is a British crime television series based on Sir Arthur Conan Doyle's Sherlock Holmes detective stories.
8004:123145421017088::Thread-26 2020-08-09 18:59:30.154 - Carey is the first artist in history to have their first five singles become consecutive number one songs on the Billboard Hot 100 (from "Vision of Love" to "Emotions").
8006:123145421017088::Thread-26 2020-08-09 18:59:30.181 - Created by Steven Moffat and Mark Gatiss, it stars Benedict Cumberbatch as Sherlock Holmes and Martin Freeman as Doctor John Watson.
8003:123145421017088::Thread-26 2020-08-09 18:59:30.223 - **START**
8006:123145421017088::Thread-26 2020-08-09 18:59:30.9 - 13 episodes have been produced, with four three-part series airing from 2010 to 2017, and a special episode that aired on 1 January 2016.
8003:123145421017088::Thread-26 2020-08-09 18:59:31.156 - Starting new HTTPS connection (1): en.wikipedia.org
8006:123145421017088::Thread-26 2020-08-09 18:59:31.757 - The series is set in the present day, while the one-off special features a Victorian period fantasy resembling the original Holmes stories.
8004:123145421017088::Thread-26 2020-08-09 18:59:32.038 - Renowned for her five-octave vocal range, melismatic singing style, and signature use of the whistle register, Carey is referred to as the "Songbird Supreme" by Guinness World Records.
8006:123145421017088::Thread-26 2020-08-09 18:59:32.1 - Sherlock is produced by the British network BBC, along with Hartswood Films, with Moffat, Gatiss, Sue Vertue and Rebecca Eaton serving as executive producers.
8005:123145421017088::Thread-26 2020-08-09 18:59:32.204 - **START**
8004:123145421017088::Thread-26 2020-08-09 18:59:32.458 - In 1993, Carey married Sony Music head Tommy Mottola.
8004:123145421017088::Thread-26 2020-08-09 18:59:32.602 - She achieved worldwide success with follow-up albums Music Box (1993), Merry Christmas (1994), and Daydream (1995).
8006:123145421017088::Thread-26 2020-08-09 18:59:32.927 - The series is supported by the American station WGBH-TV Boston for its Masterpiece anthology series on PBS, where it also airs in the United States.
8004:123145421017088::Thread-26 2020-08-09 18:59:33.03 - These albums spawned some of Carey's most successful singles, including "Hero", "Without You", "All I Want for Christmas Is You", "Fantasy", "Always Be My Baby", as well as "One Sweet Day", which topped the US Billboard Hot 100 for 16 weeks and became Billboard's Song of the Decade (1990s Decade).
8002:123145421017088::Thread-26 2020-08-09 18:59:33.284 - **START**
8006:123145421017088::Thread-26 2020-08-09 18:59:33.514 - The series is primarily filmed in Cardiff, Wales, with North Gower Street in London used for exterior shots of Holmes and Watson's 221B Baker Street residence.
8005:123145421017088::Thread-26 2020-08-09 18:59:33.545 - Starting new HTTPS connection (1): en.wikipedia.org
8006:123145421017088::Thread-26 2020-08-09 18:59:34.008 - Sherlock has been praised for the quality of its writing, acting, and direction.
8006:123145421017088::Thread-26 2020-08-09 18:59:34.121 - It has been nominated for numerous awards including Emmys, BAFTAs and a Golden Globe, winning several awards across a variety of categories.
8003:123145421017088::Thread-26 2020-08-09 18:59:34.55 - Moʻai  (listen), or moai (Spanish: moái, Rapa Nui: moʻai, meaning "statue" in Rapa Nui), are monolithic human figures carved by the Rapa Nui people on Easter Island in eastern Polynesia between the years 1250 and 1500.
8004:123145421017088::Thread-26 2020-08-09 18:59:34.736 - After separating from Mottola, Carey adopted a new image and incorporated more elements of hip hop into her music with the release of Butterfly (1997) and Rainbow (1999).
8002:123145421017088::Thread-26 2020-08-09 18:59:34.752 - Starting new HTTPS connection (1): en.wikipedia.org
8006:123145421017088::Thread-26 2020-08-09 18:59:34.756 - The show won in three categories at the 66th Primetime Emmy Awards including Outstanding Lead Actor in a Miniseries or a Movie for Cumberbatch, Outstanding Supporting Actor in a Miniseries or a Movie for Freeman and Outstanding Writing for a Miniseries, Movie or a Dramatic Special for Moffat.
8004:123145421017088::Thread-26 2020-08-09 18:59:35.348 - Billboard named her the country's most successful artist of the 1990s, while the World Music Awards honored her as the world's best-selling music artist of the 1990s, and the best-selling female artist of the millennium.
8004:123145421017088::Thread-26 2020-08-09 18:59:36.523 - After eleven consecutive years charting a US number-one single, Carey parted ways with Columbia in 2000 and signed a $100 million recording contract with Virgin Records.
8002:123145421017088::Thread-26 2020-08-09 18:59:37.093 - Cleopatra VII Philopator (Koinē Greek: Κλεοπάτρα Φιλοπάτωρ, Kleopátra Philopátōr; 69 – 10 or 12 August 30 BC) was the last active ruler of the Ptolemaic Kingdom of Egypt.
8003:123145421017088::Thread-26 2020-08-09 18:59:37.335 - Nearly half are still at Rano Raraku, the main moʻai quarry, but hundreds were transported from there and set on stone platforms called ahu around the island's perimeter.
8005:123145421017088::Thread-26 2020-08-09 18:59:38.158 - North Macedonia (Macedonia until February 2019), officially the Republic of North Macedonia, is a country in the Balkan Peninsula in Southeast Europe.
8006:123145421017088::Thread-26 2020-08-09 18:59:38.761 - **END**
8002:123145421017088::Thread-26 2020-08-09 18:59:38.878 - As a member of the Ptolemaic dynasty, she was a descendant of its founder Ptolemy I Soter, a Macedonian Greek general and companion of Alexander the Great.
8003:123145421017088::Thread-26 2020-08-09 18:59:39.848 - Almost all moʻai have overly large heads three-eighths the size of the whole statue.
8006:123145421017088::Thread-26 2020-08-09 18:59:40.806 - **START**
8005:123145421017088::Thread-26 2020-08-09 18:59:40.862 - It gained its independence in 1991 as one of the successor states of Yugoslavia.
8006:123145421017088::Thread-26 2020-08-09 18:59:40.978 - Starting new HTTPS connection (1): en.wikipedia.org
8002:123145421017088::Thread-26 2020-08-09 18:59:41.02 - After the death of Cleopatra, Egypt became a province of the Roman Empire, marking the end of the second to last Hellenistic state and the age that had lasted since the reign of Alexander (336–323 BC).
8003:123145421017088::Thread-26 2020-08-09 18:59:41.32 - The moʻai are chiefly the living faces (aringa ora) of deified ancestors (aringa ora ata tepuna).
8005:123145421017088::Thread-26 2020-08-09 18:59:42.743 - A landlocked country, North Macedonia has borders with Kosovo to the northwest, Serbia to the northeast, Bulgaria to the east, Greece to the south, and Albania to the west.
8003:123145421017088::Thread-26 2020-08-09 18:59:43.157 - The statues still gazed inland across their clan lands when Europeans first visited the island in 1722, but all of them had fallen by the latter part of the 19th century.The production and transportation of the more than 900 statues is considered a remarkable creative and physical feat.
8002:123145421017088::Thread-26 2020-08-09 18:59:43.339 - Her native language was Koine Greek, and she was the only Ptolemaic ruler to learn the Egyptian language.In 58 BC, Cleopatra presumably accompanied her father, Ptolemy XII, during his exile to Rome after a revolt in Egypt (a Roman client state) allowing his daughter Berenice IV to claim the throne.
8005:123145421017088::Thread-26 2020-08-09 18:59:43.513 - It constitutes approximately the northern third of the larger geographical region of Macedonia.
8004:123145421017088::Thread-26 2020-08-09 18:59:43.6 - **END**
8003:123145421017088::Thread-26 2020-08-09 18:59:44.082 - The tallest moʻai erected, called Paro, was almost 10 metres (33 ft) high and weighed 82 tonnes (90.4 short tons).
8003:123145421017088::Thread-26 2020-08-09 18:59:45.372 - The heaviest moʻai erected was a shorter but squatter moʻai at Ahu Tongariki, weighing 86 tonnes.
8002:123145421017088::Thread-26 2020-08-09 18:59:45.8 - Berenice was killed in 55 BC when Ptolemy returned to Egypt with Roman military assistance.
8005:123145421017088::Thread-26 2020-08-09 18:59:46.064 - The capital and largest city, Skopje, is home to roughly a quarter of the country's 2.06 million inhabitants.
8006:123145421017088::Thread-26 2020-08-09 18:59:46.433 - Once Upon a Time is  an American fantasy adventure drama television series that aired on ABC from October 23, 2011 to May 18, 2018.
8005:123145421017088::Thread-26 2020-08-09 18:59:46.437 - The majority of the residents are ethnic Macedonians, a South Slavic people.
8004:123145421017088::Thread-26 2020-08-09 18:59:46.604 - **START**
8004:123145421017088::Thread-26 2020-08-09 18:59:46.607 - Starting new HTTPS connection (1): en.wikipedia.org
8002:123145421017088::Thread-26 2020-08-09 18:59:47.11 - When he died in 51 BC, the joint reign of Cleopatra and her brother Ptolemy XIII began, but a falling-out between them led to open civil war.
8004:123145421017088::Thread-26 2020-08-09 18:59:47.191 - Emmanuel "Manny" Dapidran Pacquiao, CLH ( PAK-ee-ow; born December 17, 1978) is a Filipino professional boxer and Senator of the Phillippines.
8005:123145421017088::Thread-26 2020-08-09 18:59:47.562 - Albanians form a significant minority at around 25%, followed by Turks, Romani, Serbs, Bosniaks, and Aromanians.
8004:123145421017088::Thread-26 2020-08-09 18:59:47.891 - Nicknamed "PacMan", he is regarded as one of the greatest professional boxers of all time.
8003:123145421017088::Thread-26 2020-08-09 18:59:48.009 - One unfinished sculpture, if completed, would have been approximately 21 m (69 ft) tall, with a weight of about 145–165 tons (160–182 metric tons).
8004:123145421017088::Thread-26 2020-08-09 18:59:48.2 - He was elected as Senator of the Phillippines in 2016 and is serving a 6 year term.
8004:123145421017088::Thread-26 2020-08-09 18:59:48.82 - Manny Pacquiao is the only eight-division world champion in the history of boxing, and has won twelve major world titles.
8006:123145421017088::Thread-26 2020-08-09 18:59:48.939 - The first six seasons are largely set in the fictitious seaside town of Storybrooke, Maine, with the characters of Emma Swan and her 10-year-old son, Henry Mills, as the leads — whilst the seventh and final season takes place in Seattle, Washington, in the fictitious neighborhood of Hyperion Heights, with a new main narrative led by adult Henry Mills, his wife Ella (Jacinda), and their daughter Lucy.
8002:123145421017088::Thread-26 2020-08-09 18:59:49.09 - After losing the 48 BC Battle of Pharsalus in Greece against his rival Julius Caesar (a Roman dictator and consul) in Caesar's Civil War, the Roman statesman Pompey fled to Egypt.
8004:123145421017088::Thread-26 2020-08-09 18:59:49.137 - He was the first boxer to win the lineal championship in five different weight classes, the first boxer to win major world titles in four of the eight "glamour divisions": flyweight, featherweight, lightweight, and welterweight, and is the only boxer to hold world championships across four decades (1990s, 2000s, 2010s, and 2020s).As of 2015, Pacquiao's fights had generated $1.2 billion in revenue from his 25 pay-per-view bouts.
8004:123145421017088::Thread-26 2020-08-09 18:59:49.23 - According to Forbes, he was the second highest paid athlete in the world in 2015.In July 2019, Pacquiao became the oldest welterweight world champion in history at the age of 40, and the first boxer in history to become a recognized four-time welterweight champion after defeating Keith Thurman to win the WBA (Super) welterweight title.
8004:123145421017088::Thread-26 2020-08-09 18:59:49.896 - Early life and amateur career
Pacquiao was born and raised in Kibawe, Bukidnon, Philippines.
8004:123145421017088::Thread-26 2020-08-09 18:59:49.931 - He is the son of Rosalio Pacquiao and Dionisia Dapidran-Pacquiao.
8004:123145421017088::Thread-26 2020-08-09 18:59:50.158 - His parents separated when he was in sixth grade, after his father had an affair.
8006:123145421017088::Thread-26 2020-08-09 18:59:50.412 - The show's more notable characters are based on original Disney characters from The Walt Disney Company and popular Western literature, folklore, Greek mythology, and fairy tales.
8005:123145421017088::Thread-26 2020-08-09 18:59:50.499 - The history of the region dates back to antiquity, beginning with the kingdom of Paeonia, presumably a mixed Thraco-Illyrian polity.
8004:123145421017088::Thread-26 2020-08-09 18:59:50.886 - He is the fourth of six siblings, one of whom, Alberto "Bobby" Pacquiao, is also a politician and former professional boxer.
8005:123145421017088::Thread-26 2020-08-09 18:59:50.903 - In the late sixth century BC, the area was subjugated by the Persian Achaemenid Empire, then incorporated into the kingdom of Macedonia in the fourth century BC.
8003:123145421017088::Thread-26 2020-08-09 18:59:51.0 - The moʻai were toppled in the late 18th and early 19th centuries, possibly as a result of European contact or internecine tribal wars.
8002:123145421017088::Thread-26 2020-08-09 18:59:51.267 - Pompey had been a political ally of Ptolemy XII, but Ptolemy XIII, at the urging of his court eunuchs, had Pompey ambushed and killed before Caesar arrived and occupied Alexandria.
8005:123145421017088::Thread-26 2020-08-09 18:59:51.883 - The Romans conquered the region in the second century BC and made it part of the larger province of Macedonia.
8004:123145421017088::Thread-26 2020-08-09 18:59:51.888 - **END**
8002:123145421017088::Thread-26 2020-08-09 18:59:52.671 - Caesar then attempted to reconcile the rival Ptolemaic siblings, but Ptolemy's chief adviser Potheinos viewed Caesar's terms as favoring Cleopatra, so his forces besieged her and Caesar at the palace.
8005:123145421017088::Thread-26 2020-08-09 18:59:53.21 - The area remained part of the Byzantine Empire, but was often raided and settled by Slavic tribes beginning in the sixth century of the Christian era.
8006:123145421017088::Thread-26 2020-08-09 18:59:53.223 - The family of Snow White and Prince Charming from Disney's Snow White and the Seven Dwarfs are the main family featured in the series.
8002:123145421017088::Thread-26 2020-08-09 18:59:53.341 - Shortly after the siege was lifted by reinforcements, Ptolemy XIII died in the 47 BC Battle of the Nile; Cleopatra's half-sister Arsinoe IV was eventually exiled to Ephesus for her role in carrying out the siege.
8003:123145421017088::Thread-26 2020-08-09 18:59:53.537 - Description

The moʻai are monolithic statues, their minimalist style related to forms found throughout Polynesia.
8006:123145421017088::Thread-26 2020-08-09 18:59:54.083 - Once Upon a Time was created by Lost & Tron: Legacy writers Edward Kitsis and Adam Horowitz.
8006:123145421017088::Thread-26 2020-08-09 18:59:55.967 - A spin-off series, Once Upon a Time in Wonderland, consisting of 13 episodes which followed the peculiar character from the 1865 novel Alice's Adventures in Wonderland by Lewis Carroll, premiered on October 10, 2013 and concluded on April 3, 2014.
8006:123145421017088::Thread-26 2020-08-09 18:59:56.972 - Series overview
For the first six seasons, the series is set in the fictional seaside town of Storybrooke, Maine, in which the residents are actually fairy tale characters that were transported to the real world town and robbed of their memories by Regina, the Evil Queen (Lana Parrilla) who used a powerful dark curse obtained from Rumplestiltskin (Robert Carlyle).
8006:123145421017088::Thread-26 2020-08-09 18:59:58.243 - The residents of Storybrooke, where Regina is mayor, have lived an unchanging existence for 28 years, unaware of their own agelessness.
8006:123145421017088::Thread-26 2020-08-09 18:59:58.934 - The town's only hope lies with a bail-bonds person from the Land Without Magic, named Emma Swan (Jennifer Morrison), only daughter of Snow White (Ginnifer Goodwin) and Prince Charming (Josh Dallas).
8006:123145421017088::Thread-26 2020-08-09 18:59:59.889 - Emma was transported from the Enchanted Forest to the real world via a magic wardrobe as an infant before the curse was cast.
8002:123145421017088::Thread-26 2020-08-09 19:00:00.344 - **END**
8003:123145421017088::Thread-26 2020-08-09 19:00:00.538 - **END**
8005:123145421017088::Thread-26 2020-08-09 19:00:01.212 - **END**
8004:123145421017088::Thread-26 2020-08-09 19:00:01.892 - **START**
8004:123145421017088::Thread-26 2020-08-09 19:00:02.165 - Starting new HTTPS connection (1): en.wikipedia.org
8004:123145421017088::Thread-26 2020-08-09 19:00:04.004 - The Georgia Guidestones are a granite monument erected in 1980 in Elbert County, Georgia, in the United States.
8004:123145421017088::Thread-26 2020-08-09 19:00:04.035 - A set of 10 guidelines is inscribed on the structure in eight modern languages and a shorter message is inscribed at the top of the structure in four ancient language scripts.
8004:123145421017088::Thread-26 2020-08-09 19:00:04.406 - The monument stands at an approximate elevation of 750 feet (230 m) above sea level, about 90 miles (140 km) east of Atlanta, 45 miles (72 km) from Athens, Georgia and 9 miles (14 km) north of the center of the city of Elberton.
8004:123145421017088::Thread-26 2020-08-09 19:00:04.782 - One slab stands in the center, with four arranged around it.
8004:123145421017088::Thread-26 2020-08-09 19:00:05.659 - A capstone lies on top of the five slabs, which are astronomically aligned.
8006:123145421017088::Thread-26 2020-08-09 19:00:05.891 - **END**
8004:123145421017088::Thread-26 2020-08-09 19:00:05.91 - An additional stone tablet, which is set in the ground a short distance to the west of the structure, provides some notes on the history and purpose of the guidestones.
8004:123145421017088::Thread-26 2020-08-09 19:00:06.262 - The structure is sometimes referred to as an "American Stonehenge".
8004:123145421017088::Thread-26 2020-08-09 19:00:06.823 - The monument is 19 feet 3 inches (5.87 m) tall, made from six granite slabs weighing 237,746 pounds (107,840 kg) in all.
8004:123145421017088::Thread-26 2020-08-09 19:00:07.11 - The anonymity of the guidestones' authors and their apparent advocacy of population control, eugenics, and internationalism have made them a target for controversy and conspiracy theory.
8004:123145421017088::Thread-26 2020-08-09 19:00:07.129 - History
In June 1979, a man using the pseudonym Robert C. Christian approached the Elberton Granite Finishing Company on behalf of "a small group of loyal Americans", and commissioned the structure.
8005:123145421017088::Thread-26 2020-08-09 19:00:08.214 - **START**
8005:123145421017088::Thread-26 2020-08-09 19:00:08.221 - Starting new HTTPS connection (1): en.wikipedia.org
8005:123145421017088::Thread-26 2020-08-09 19:00:09.432 - Leonardo Wilhelm DiCaprio (, Italian: [diˈkaːprjo]; born November 11, 1974) is an American actor, producer, philanthropist, and environmentalist.
8005:123145421017088::Thread-26 2020-08-09 19:00:09.498 - He has often played unconventional parts, particularly in biopics, drama, crime, romance, and period films.
8005:123145421017088::Thread-26 2020-08-09 19:00:09.537 - As of 2019, his films have grossed US$7.2 billion worldwide, and he has placed eight times in annual rankings of the highest-paid actors in the world.
8005:123145421017088::Thread-26 2020-08-09 19:00:09.737 - Born in Los Angeles, DiCaprio began his career by appearing in television commercials in the late 1980s.
8005:123145421017088::Thread-26 2020-08-09 19:00:10.483 - In the early 1990s, he played recurring roles in various television series, such as the sitcom Parenthood.
8005:123145421017088::Thread-26 2020-08-09 19:00:11.368 - He had his first major film role in This Boy's Life (1993), and received acclaim for his supporting role as a developmentally disabled boy in What's Eating Gilbert Grape (1993).
8005:123145421017088::Thread-26 2020-08-09 19:00:11.408 - He achieved international stardom in the epic romance Titanic (1997), which became the highest-grossing film to that point.
8005:123145421017088::Thread-26 2020-08-09 19:00:11.742 - After a few commercially unsuccessful films, DiCaprio starred in two successful features in 2002: the biographical crime drama Catch Me If You Can and the historical drama Gangs of New York, which marked his first of many collaborations with director Martin Scorsese.
8005:123145421017088::Thread-26 2020-08-09 19:00:12.092 - DiCaprio later portrayed Howard Hughes in The Aviator (2004) and a mercenary in the political thriller Blood Diamond (2006), and he also received acclaim for his performances in the crime drama The Departed (2006) and the romantic drama Revolutionary Road (2008).
8004:123145421017088::Thread-26 2020-08-09 19:00:12.132 - **END**
8005:123145421017088::Thread-26 2020-08-09 19:00:12.857 - In the 2010s, he starred in the science fiction thriller Inception (2010), the western Django Unchained (2012), the biopic The Wolf of Wall Street (2013), the survival drama The Revenant (2015), and the comedy-drama Once Upon a Time in Hollywood (2019), all of which were critical and commercial successes.
8005:123145421017088::Thread-26 2020-08-09 19:00:19.859 - **END**