8002:123145458876416::Thread-35 2020-08-09 18:59:29.339 - **START**
8002:123145458876416::Thread-35 2020-08-09 18:59:29.412 - Starting new HTTPS connection (1): en.wikipedia.org
8005:123145458876416::Thread-35 2020-08-09 18:59:30.2 - **START**
8005:123145458876416::Thread-35 2020-08-09 18:59:30.956 - Starting new HTTPS connection (1): en.wikipedia.org
8004:123145458876416::Thread-35 2020-08-09 18:59:31.202 - **START**
8004:123145458876416::Thread-35 2020-08-09 18:59:31.498 - Starting new HTTPS connection (1): en.wikipedia.org
8002:123145458876416::Thread-35 2020-08-09 18:59:32.812 - William Henry Gates III  (born October 28, 1955) is an American business magnate, software developer, investor, and philanthropist.
8002:123145458876416::Thread-35 2020-08-09 18:59:33.7 - He is best known as the co-founder of Microsoft Corporation.
8002:123145458876416::Thread-35 2020-08-09 18:59:34.207 - During his career at Microsoft, Gates held the positions of chairman, chief executive officer (CEO), president and chief software architect, while also being the largest individual shareholder until May 2014.
8006:123145458876416::Thread-35 2020-08-09 18:59:35.239 - **START**
8005:123145458876416::Thread-35 2020-08-09 18:59:35.511 - Zaira Wasim (born 23 October 2000) is a former Indian actress who worked in Hindi films.
8002:123145458876416::Thread-35 2020-08-09 18:59:35.891 - He is one of the best-known entrepreneurs and pioneers of the microcomputer revolution of the 1970s and 1980s.
8004:123145458876416::Thread-35 2020-08-09 18:59:36.011 - Diana, Princess of Wales (born Diana Frances Spencer; 1 July 1961 – 31 August 1997) was a member of the British royal family.
8003:123145458876416::Thread-35 2020-08-09 18:59:36.243 - **START**
8003:123145458876416::Thread-35 2020-08-09 18:59:36.594 - Starting new HTTPS connection (1): en.wikipedia.org
8006:123145458876416::Thread-35 2020-08-09 18:59:36.735 - Starting new HTTPS connection (1): en.wikipedia.org
8002:123145458876416::Thread-35 2020-08-09 18:59:37.007 - Born and raised in Seattle, Washington, Gates co-founded Microsoft with childhood friend Paul Allen in 1975, in Albuquerque, New Mexico; it went on to become the world's largest personal computer software company.
8005:123145458876416::Thread-35 2020-08-09 18:59:37.636 - The recipient of numerous accolades, including a Filmfare Award and a National Film Award, Wasim was honoured with the National Child Award for Exceptional Achievement by Ram Nath Kovind, the President of India, at a ceremony in New Delhi in 2017.Wasim made her film debut with the role of wrestler Geeta Phogat in the biographical sports film Dangal (2016), which emerged as the highest-grossing Indian film, grossing more than ₹2,000 crore ($300 million) worldwide.
8004:123145458876416::Thread-35 2020-08-09 18:59:39.006 - She was the first wife of Charles, Prince of Wales, the heir apparent to the British throne, and the mother of Prince William and Prince Harry.
8002:123145458876416::Thread-35 2020-08-09 18:59:38.893 - Gates led the company as chairman and CEO until stepping down as CEO in January 2000, but he remained chairman and became chief software architect.
8003:123145458876416::Thread-35 2020-08-09 18:59:39.641 - Gazzy Garcia (born August 17, 2000), known professionally as Lil Pump, is an American rapper and songwriter.
8006:123145458876416::Thread-35 2020-08-09 18:59:39.584 - The Large Hadron Collider (LHC)  is the world's largest and highest-energy particle collider and the largest machine in the world.
8003:123145458876416::Thread-35 2020-08-09 18:59:39.963 - He is known for his hyperactive public persona, where he is often portrayed taking drugs, particularly marijuana, lean, Xanax and MDMA; he is often criticized for his behavior seen on social media.
8005:123145458876416::Thread-35 2020-08-09 18:59:39.964 - She then starred as an aspiring singer in the musical drama Secret Superstar (2017), which became the highest-grossing Indian film with a female protagonist.
8005:123145458876416::Thread-35 2020-08-09 18:59:39.99 - Both were backed by Aamir Khan Productions and earned her numerous accolades including the National Film Award for Best Supporting Actress for the former and the Filmfare Critics Award for Best Actress for the latter.
8004:123145458876416::Thread-35 2020-08-09 18:59:40.113 - Diana's activism and glamour made her an international icon and earned her an enduring popularity as well as an unprecedented public scrutiny, exacerbated by her tumultuous private life.
8006:123145458876416::Thread-35 2020-08-09 18:59:40.477 - It was built by the European Organization for Nuclear Research (CERN) between 1998 and 2008 in collaboration with over 10,000 scientists and hundreds of universities and laboratories, as well as more than 100 countries.
8006:123145458876416::Thread-35 2020-08-09 18:59:40.857 - It lies in a tunnel 27 kilometres (17 mi) in circumference and as deep as 175 metres (574 ft) beneath the France–Switzerland border near Geneva.
8002:123145458876416::Thread-35 2020-08-09 18:59:40.909 - During the late 1990s, Gates had been criticized for his business tactics, which have been considered anti-competitive.
8006:123145458876416::Thread-35 2020-08-09 18:59:41.035 - First collisions were achieved in 2010 at an energy of 3.5 teraelectronvolts (TeV) per beam, about four times the previous world record.
8004:123145458876416::Thread-35 2020-08-09 18:59:41.557 - Diana was born into the British nobility and grew up close to the royal family on their Sandringham estate.
8002:123145458876416::Thread-35 2020-08-09 18:59:41.934 - This opinion has been upheld by numerous court rulings.
8003:123145458876416::Thread-35 2020-08-09 18:59:42.032 - He is also known for shouting his catchphrase "Esskeetit" (a truncated version of "Let's get it").
8003:123145458876416::Thread-35 2020-08-09 18:59:42.332 - Garcia was named as one of the 30 Under 30 by Forbes in 2019.Lil Pump rose to popularity in 2017, after he released his single "Gucci Gang" from his debut album Lil Pump, which peaked at number three on the U.S.
8005:123145458876416::Thread-35 2020-08-09 18:59:42.434 - Her last film appearance was in The Sky Is Pink (2019), which garnered her a Filmfare Award for Best Supporting Actress nomination despite underperforming commercially.
8005:123145458876416::Thread-35 2020-08-09 18:59:42.544 - Personal life
Zaira Wasim was born to a Muslim family in downtown Srinagar to Zahid and Zarqa Wasim.
8006:123145458876416::Thread-35 2020-08-09 18:59:42.909 - After upgrades it reached 6.5 TeV per beam (13 TeV total collision energy, the present world record).
8003:123145458876416::Thread-35 2020-08-09 18:59:43.048 - Billboard Hot 100, and is certified triple platinum by the Recording Industry Association of America.
8004:123145458876416::Thread-35 2020-08-09 18:59:43.133 - The youngest daughter of John Spencer, 8th Earl Spencer, and Frances Shand Kydd, she was strongly affected by their divorce in 1967.
8006:123145458876416::Thread-35 2020-08-09 18:59:43.423 - At the end of 2018, it entered a two-year shutdown period for further upgrades.
8002:123145458876416::Thread-35 2020-08-09 18:59:43.585 - In June 2006, Gates announced that he would be transitioning to a part-time role at Microsoft and full-time work at the Bill & Melinda Gates Foundation, the private charitable foundation that he and his wife, Melinda Gates, established in 2000.
8003:123145458876416::Thread-35 2020-08-09 18:59:43.759 - He has since released other songs, including "I Love It" (with Kanye West), "Esskeetit", "Drug Addicts", "Butterfly Doors", "Racks on Racks", and "Be Like Me" (featuring Lil Wayne).
8002:123145458876416::Thread-35 2020-08-09 18:59:43.838 - He gradually transferred his duties to Ray Ozzie and Craig Mundie.
8006:123145458876416::Thread-35 2020-08-09 18:59:43.875 - The collider has four crossing points, around which are positioned seven detectors, each designed for certain kinds of research.
8006:123145458876416::Thread-35 2020-08-09 18:59:43.981 - The LHC primarily collides proton beams, but it can also use beams of heavy ions: lead–lead collisions and proton–lead collisions are typically done for one month per year.
8006:123145458876416::Thread-35 2020-08-09 18:59:44.203 - The aim of the LHC's detectors is to allow physicists to test the predictions of different theories of particle physics, including measuring the properties of the Higgs boson and searching for the large family of new particles predicted by supersymmetric theories, as well as other unsolved questions of physics.
8004:123145458876416::Thread-35 2020-08-09 18:59:44.448 - She did not distinguish herself academically, but was talented in music, dance, and sports.
8003:123145458876416::Thread-35 2020-08-09 18:59:44.817 - He released his debut studio album, Lil Pump, in October 2017.
8002:123145458876416::Thread-35 2020-08-09 18:59:44.877 - **END**
8004:123145458876416::Thread-35 2020-08-09 18:59:45.031 - In 1978, she moved to London, where she lived with flatmates and took on various low-paying jobs.
8003:123145458876416::Thread-35 2020-08-09 18:59:45.18 - His song "Welcome to the Party" was featured in the soundtrack for Deadpool 2.
8005:123145458876416::Thread-35 2020-08-09 18:59:45.371 - Her father works as an Executive Manager at J&K Bank, Srinagar and her mother is a teacher.
8006:123145458876416::Thread-35 2020-08-09 18:59:45.503 - Background
The term hadron refers to subatomic composite particles composed of quarks held together by the strong force (as atoms and molecules are held together by the electromagnetic force).
8004:123145458876416::Thread-35 2020-08-09 18:59:46.293 - Diana came to prominence in 1981 upon her engagement to Prince Charles, the eldest son of Queen Elizabeth II, after a brief courtship.
8005:123145458876416::Thread-35 2020-08-09 18:59:46.787 - Zaira completed tenth grade from St. Paul's International Academy in Sonwar, Srinagar.
8004:123145458876416::Thread-35 2020-08-09 18:59:47.135 - Their wedding took place at St Paul's Cathedral in 1981 and made her Princess of Wales, a role in which she was enthusiastically received by the public.
8003:123145458876416::Thread-35 2020-08-09 18:59:48.012 - He released his second studio album Harverd Dropout on February 22, 2019.
8003:123145458876416::Thread-35 2020-08-09 18:59:48.159 - Early life
Garcia was born August 17, 2000, in Miami, Florida.
8005:123145458876416::Thread-35 2020-08-09 18:59:48.413 - Career
In June 2015, Wasim was signed by director Nitesh Tiwari to make her film debut with the biographical sports film Dangal (2016).
8004:123145458876416::Thread-35 2020-08-09 18:59:49.131 - The couple had two sons, the princes William and Harry, who were then second and third in the line of succession to the British throne.
8003:123145458876416::Thread-35 2020-08-09 18:59:49.412 - In a 2018 interview with J. Cole, Garcia stated that his parents are from Colombia and they divorced when he was six years old.
8004:123145458876416::Thread-35 2020-08-09 18:59:50.133 - **END**
8006:123145458876416::Thread-35 2020-08-09 18:59:51.505 - **END**
8005:123145458876416::Thread-35 2020-08-09 18:59:52.416 - **END**
8003:123145458876416::Thread-35 2020-08-09 18:59:54.415 - **END**
8004:123145458876416::Thread-35 2020-08-09 18:59:55.134 - **START**
8004:123145458876416::Thread-35 2020-08-09 18:59:55.138 - Starting new HTTPS connection (1): en.wikipedia.org
8004:123145458876416::Thread-35 2020-08-09 18:59:57.91 - Sachin Ramesh Tendulkar ( (listen); born 24 April 1973) is a former international cricketer from India and a former captain of the Indian national team.
8005:123145458876416::Thread-35 2020-08-09 18:59:58.453 - **START**
8005:123145458876416::Thread-35 2020-08-09 18:59:58.613 - Starting new HTTPS connection (1): en.wikipedia.org
8006:123145458876416::Thread-35 2020-08-09 18:59:59.507 - **START**
8006:123145458876416::Thread-35 2020-08-09 18:59:59.522 - Starting new HTTPS connection (1): en.wikipedia.org
8005:123145458876416::Thread-35 2020-08-09 18:59:59.72 - Eldrick Tont "Tiger" Woods (born December 30, 1975) is an American professional golfer.
8005:123145458876416::Thread-35 2020-08-09 19:00:00.283 - He is tied for first in PGA Tour wins and ranks second in men's major championships and also holds numerous golf records.
8005:123145458876416::Thread-35 2020-08-09 19:00:00.354 - Woods is widely regarded as one of the greatest golfers, and one of the most famous athletes of all time.
8004:123145458876416::Thread-35 2020-08-09 19:00:00.384 - He is widely regarded as one of the greatest batsmen in the history of cricket.
8006:123145458876416::Thread-35 2020-08-09 19:00:00.782 - Chyna (born Joan Marie Laurer; December 27, 1969 – April 17, 2016) was an American professional wrestler, glamour model, actress, author, bodybuilder and adult film actress.
8004:123145458876416::Thread-35 2020-08-09 19:00:00.842 - He is the highest run scorer of all time in International cricket.
8005:123145458876416::Thread-35 2020-08-09 19:00:01.262 - He will be inducted into the World Golf Hall of Fame in 2021.Following an outstanding junior, college, and amateur golf career, Woods turned professional in 1996 at the age of 20.
8005:123145458876416::Thread-35 2020-08-09 19:00:01.355 - By the end of April 1997, he had won three PGA Tour events in addition to his first major, the 1997 Masters, which he won by 12 strokes in a record-breaking performance.
8006:123145458876416::Thread-35 2020-08-09 19:00:01.428 - She first rose to prominence in the World Wrestling Federation (WWF, now WWE) in 1997, where she was billed as the "Ninth Wonder of the World" (André the Giant was already billed as the eighth).
8005:123145458876416::Thread-35 2020-08-09 19:00:01.671 - He reached number one in the world rankings for the first time in June 1997, less than a year after turning pro.
8002:123145458876416::Thread-35 2020-08-09 19:00:01.882 - **START**
8005:123145458876416::Thread-35 2020-08-09 19:00:01.953 - Throughout the first decade of the 21st century, Woods was the dominant force in golf.
8002:123145458876416::Thread-35 2020-08-09 19:00:02.249 - Starting new HTTPS connection (1): en.wikipedia.org
8005:123145458876416::Thread-35 2020-08-09 19:00:02.466 - He was the top-ranked golfer in the world from August 1999 to September 2004 (264 weeks) and again from June 2005 to October 2010 (281 weeks).
8005:123145458876416::Thread-35 2020-08-09 19:00:03.339 - During this time, he won 13 of golf's major championships.
8002:123145458876416::Thread-35 2020-08-09 19:00:03.55 - Inferno (Italian: [iɱˈfɛrno]; Italian for "Hell") is the first part of Italian writer Dante Alighieri's 14th-century epic poem Divine Comedy.
8004:123145458876416::Thread-35 2020-08-09 19:00:03.635 - Considered as the world's most prolific batsman of all time, he is the only player to have scored one hundred international centuries, the first batsman to score a double century in a One Day International (ODI), the holder of the record for the most runs in both Test and ODI cricket, and the only player to complete more than 30,000 runs in international cricket.Tendulkar took up cricket at the age of eleven, made his Test debut on 15 November 1989 against Pakistan in Karachi at the age of sixteen, and went on to represent Mumbai domestically and India internationally for close to twenty-four years.
8006:123145458876416::Thread-35 2020-08-09 19:00:03.917 - A founding member of the stable D-Generation X as the promotion's first female enforcer, she held the WWF Intercontinental Championship (the only female performer to do so) twice and the WWF Women's Championship once.
8002:123145458876416::Thread-35 2020-08-09 19:00:03.978 - It is followed by Purgatorio and Paradiso.
8005:123145458876416::Thread-35 2020-08-09 19:00:04.163 - The next decade of Woods's career was marked by comebacks from personal problems and injuries.
8002:123145458876416::Thread-35 2020-08-09 19:00:04.505 - The Inferno tells the journey of Dante through Hell, guided by the ancient Roman poet Virgil.
8004:123145458876416::Thread-35 2020-08-09 19:00:05.032 - In 2002, halfway through his career, Wisden Cricketers' Almanack ranked him the second greatest Test batsman of all time, behind Don Bradman, and the second greatest ODI batsman of all time, behind Viv Richards.
8002:123145458876416::Thread-35 2020-08-09 19:00:05.052 - In the poem, Hell is depicted as nine concentric circles of torment located within the Earth; it is the "realm ... of those who have rejected spiritual values by yielding to bestial appetites or violence, or by perverting their human intellect to fraud or malice against their fellowmen".
8002:123145458876416::Thread-35 2020-08-09 19:00:05.144 - As an allegory, the Divine Comedy represents the journey of the soul toward God, with the Inferno describing the recognition and rejection of sin.
8002:123145458876416::Thread-35 2020-08-09 19:00:05.63 - Introduction


Cantos I–II

Canto I

The poem begins on the night of Maundy Thursday on March 24 (or April 7), AD 1300, shortly before dawn of Good Friday.
8002:123145458876416::Thread-35 2020-08-09 19:00:06.099 - The narrator, Dante himself, is thirty-five years old, and thus "midway in the journey of our life" (Nel mezzo del cammin di nostra vita) – half of the Biblical lifespan of seventy (Psalm 89:10, Vulgate; Psalm 90:10, KJV).
8006:123145458876416::Thread-35 2020-08-09 19:00:06.172 - She was also the first woman to participate in the Royal Rumble match and King of the Ring tournament, as well as to become number one contender to the WWF Championship.
8006:123145458876416::Thread-35 2020-08-09 19:00:06.255 - With singles victories over several prominent male wrestlers – including multiple-time world champions Triple H, Kurt Angle, Chris Jericho, and Jeff Jarrett – Chyna left what WWE called "a lasting legacy as the most dominant female competitor of all time".
8002:123145458876416::Thread-35 2020-08-09 19:00:06.628 - The poet finds himself lost in a dark wood (selva oscura), astray from the "straight way" (diritta via, also translatable as "right way") of salvation.
8002:123145458876416::Thread-35 2020-08-09 19:00:06.642 - He sets out to climb directly up a small mountain, but his way is blocked by three beasts he cannot evade: a lonza (usually rendered as "leopard" or "leopon"), a leone (lion), and a lupa (she-wolf).
8006:123145458876416::Thread-35 2020-08-09 19:00:06.979 - After leaving the WWF in 2001, Chyna wrestled sporadically, with New Japan Pro Wrestling (NJPW) in 2002 and Total Nonstop Action Wrestling (TNA) in 2011.
8004:123145458876416::Thread-35 2020-08-09 19:00:07.55 - Later in his career, Tendulkar was a part of the Indian team that won the 2011 World Cup, his first win in six World Cup appearances for India.
8002:123145458876416::Thread-35 2020-08-09 19:00:07.646 - **END**
8003:123145458876416::Thread-35 2020-08-09 19:00:08.416 - **START**
8003:123145458876416::Thread-35 2020-08-09 19:00:08.457 - Starting new HTTPS connection (1): en.wikipedia.org
8006:123145458876416::Thread-35 2020-08-09 19:00:08.544 - The latter was her final appearance in a wrestling ring.
8005:123145458876416::Thread-35 2020-08-09 19:00:09.169 - **END**
8004:123145458876416::Thread-35 2020-08-09 19:00:09.341 - He had previously been named "Player of the Tournament" at the 2003 edition of the tournament, held in South Africa.
8006:123145458876416::Thread-35 2020-08-09 19:00:11.433 - Outside of wrestling, Chyna appeared in Playboy magazine twice, as well as numerous television shows and films.
8004:123145458876416::Thread-35 2020-08-09 19:00:11.473 - In 2013, he was the only Indian cricketer included in an all-time Test World XI named to mark the 150th anniversary of Wisden Cricketers' Almanack.
8004:123145458876416::Thread-35 2020-08-09 19:00:13.083 - He is affectionately known as Little Master or Master Blaster.Tendulkar received the Arjuna Award in 1994 for his outstanding sporting achievement, the Rajiv Gandhi Khel Ratna award in 1997, India's highest sporting honour, and the Padma Shri and Padma Vibhushan awards in 1999 and 2008, respectively, India's fourth and second highest civilian awards.
8006:123145458876416::Thread-35 2020-08-09 19:00:13.147 - She was considered to be a sex symbol.
8004:123145458876416::Thread-35 2020-08-09 19:00:14.182 - After a few hours of his final match on 16 November 2013, the Prime Minister's Office announced the decision to award him the Bharat Ratna, India's highest civilian award.
8006:123145458876416::Thread-35 2020-08-09 19:00:15.883 - In 2005, she was a cast member on VH1's The Surreal Life, which led to several other celebrity reality appearances on the network, including The Surreal Life: Fame Games in 2007 and Celebrity Rehab with Dr.
8003:123145458876416::Thread-35 2020-08-09 19:00:17.009 - **END**
8004:123145458876416::Thread-35 2020-08-09 19:00:18.187 - **END**
8006:123145458876416::Thread-35 2020-08-09 19:00:20.885 - **END**