8005:123145349505024::Thread-9 2020-08-09 18:59:26.197 - **START**
8005:123145349505024::Thread-9 2020-08-09 18:59:26.201 - Starting new HTTPS connection (1): en.wikipedia.org
8006:123145349505024::Thread-9 2020-08-09 18:59:27.215 - **START**
8003:123145349505024::Thread-9 2020-08-09 18:59:27.217 - **START**
8003:123145349505024::Thread-9 2020-08-09 18:59:27.221 - Starting new HTTPS connection (1): en.wikipedia.org
8006:123145349505024::Thread-9 2020-08-09 18:59:27.222 - Starting new HTTPS connection (1): en.wikipedia.org
8005:123145349505024::Thread-9 2020-08-09 18:59:27.309 - The Channel Tunnel (French: Le tunnel sous la Manche), also referred to as the Chunnel, is a 50.45-kilometre (31.35 mi) railway tunnel that connects Folkestone (Kent, England, UK) with Coquelles (Hauts-de-France, France) beneath the English Channel at the Strait of Dover.
8006:123145349505024::Thread-9 2020-08-09 18:59:28.138 - Mumbai (English: , Marathi: [ˈmumbəi]; colloquially known as Bombay , the official name until 1995) is the capital city of the Indian state of Maharashtra.
8003:123145349505024::Thread-9 2020-08-09 18:59:28.142 - The Gateway of India is an arch-monument built in the early twentieth century in the city of Mumbai, in the Indian state of Maharashtra.
8004:123145349505024::Thread-9 2020-08-09 18:59:28.198 - **START**
8004:123145349505024::Thread-9 2020-08-09 18:59:28.372 - Starting new HTTPS connection (1): en.wikipedia.org
8006:123145349505024::Thread-9 2020-08-09 18:59:28.554 - According to United Nations, as of 2018, Mumbai is the most populous city in the country and the seventh-most populous city in the world with a population of roughly 20 million.
8006:123145349505024::Thread-9 2020-08-09 18:59:29.035 - As per Indian government population census of 2011, Mumbai is the most populous city in India with an estimated city proper population of 12.5 million living under Municipal Corporation of Greater Mumbai.
8006:123145349505024::Thread-9 2020-08-09 18:59:29.208 - Mumbai is the centre of the Mumbai Metropolitan Region, the sixth most populous metropolitan area in the world with a population of over 23 million.
8006:123145349505024::Thread-9 2020-08-09 18:59:29.233 - Mumbai lies on the Konkan coast on the west coast of India and has a deep natural harbour.
8005:123145349505024::Thread-9 2020-08-09 18:59:29.303 - It is the only fixed link between the island of Great Britain and the European mainland.
8003:123145349505024::Thread-9 2020-08-09 18:59:29.442 - It was erected to commemorate the landing in December 1911 at Apollo Bunder, Mumbai (then Bombay) of King-Emperor George V and Queen-Empress Mary, the first British monarch to visit India.
8002:123145349505024::Thread-9 2020-08-09 18:59:29.343 - **START**
8006:123145349505024::Thread-9 2020-08-09 18:59:29.736 - In 2008, Mumbai was named an alpha world city.
8002:123145349505024::Thread-9 2020-08-09 18:59:29.857 - Starting new HTTPS connection (1): en.wikipedia.org
8006:123145349505024::Thread-9 2020-08-09 18:59:30.364 - It has the highest number of millionaires and billionaires among all cities in India.
8005:123145349505024::Thread-9 2020-08-09 18:59:30.435 - At its lowest point, it is 75 m (250 ft) deep below the sea bed and 115 m (380 ft) below sea level.
8003:123145349505024::Thread-9 2020-08-09 18:59:30.534 - At the time of the royal visit, the gateway was not yet built, and a cardboard structure greeted the monarch.
8006:123145349505024::Thread-9 2020-08-09 18:59:30.699 - Mumbai is home to three UNESCO World Heritage Sites: the Elephanta Caves, Chhatrapati Shivaji Maharaj Terminus, and the city's distinctive ensemble of Victorian and Art Deco buildings.The seven islands that constitute Mumbai were originally home to communities of Marathi language speaking Koli people,  For centuries, the islands were under the control of successive indigenous empires before being ceded to the Portuguese Empire and subsequently to the East India Company when in 1661 Charles II of England married Catherine of Braganza and as part of her dowry Charles received the ports of Tangier and Seven Islands of Bombay.
8006:123145349505024::Thread-9 2020-08-09 18:59:30.963 - During the mid-18th century, Bombay was reshaped by the Hornby Vellard project, which undertook reclamation of the area between the seven islands from the sea.
8002:123145349505024::Thread-9 2020-08-09 18:59:31.255 - MetLife Stadium is an American sports stadium located at the Meadowlands Sports Complex in East Rutherford, New Jersey, 5 mi (8 km) west of New York City.
8005:123145349505024::Thread-9 2020-08-09 18:59:31.601 - At 37.9 kilometres (23.5 mi), the tunnel has the longest underwater section of any tunnel in the world.
8003:123145349505024::Thread-9 2020-08-09 18:59:31.637 - The foundation stone was laid in March 1913 for a monument built in the Indo-Saracenic style, incorporating elements of 16th-century Marathi architecture.
8006:123145349505024::Thread-9 2020-08-09 18:59:31.805 - Along with construction of major roads and railways, the reclamation project, completed in 1845, transformed Bombay into a major seaport on the Arabian Sea.
8002:123145349505024::Thread-9 2020-08-09 18:59:31.816 - It is the home stadium of two National Football League (NFL) franchises, the New York Giants and the New York Jets.
8005:123145349505024::Thread-9 2020-08-09 18:59:32.866 - The speed limit for trains through the tunnel is 160 km/h (100 mph).The tunnel carries high-speed Eurostar passenger trains, the Eurotunnel Shuttle for road vehicles—the largest such transport in the world—and international freight trains.
8003:123145349505024::Thread-9 2020-08-09 18:59:33.214 - The final design of the monument by architect George Wittet was sanctioned only in 1914, and construction was completed in 1924.
8002:123145349505024::Thread-9 2020-08-09 18:59:33.596 - Originally known as New Meadowlands Stadium upon opening in 2010, its naming rights were acquired in 2011 by New York City-based insurance company MetLife.
8005:123145349505024::Thread-9 2020-08-09 18:59:34.001 - The tunnel connects end-to-end with the high-speed railway lines of the LGV Nord in France and High Speed 1 in England.
8005:123145349505024::Thread-9 2020-08-09 18:59:34.53 - In 2017, through rail services carried 10.3 million passengers and 1.22 million tonnes of freight, and the Shuttle carried 10.4 million passengers, 2.6 million cars, 51,000 coaches, and 1.6 million lorries (equivalent to 21.3 million tonnes of freight).
8004:123145349505024::Thread-9 2020-08-09 18:59:35.48 - **END**
8003:123145349505024::Thread-9 2020-08-09 18:59:35.834 - The structure is a triumphal arch made of basalt, which is 26 metres (85 feet) high.
8002:123145349505024::Thread-9 2020-08-09 18:59:35.993 - The stadium is owned by the MetLife Stadium Company, a joint venture of the Giants and Jets, which privately financed the construction of the venue on land belonging to the New Jersey Sports and Exposition Authority.
8005:123145349505024::Thread-9 2020-08-09 18:59:36.07 - This compares with 11.7 million passengers, 2.6 million lorries and 2.2 million cars by sea through the Port of Dover.Plans to build a cross-Channel fixed link appeared as early as 1802, but British political and media pressure over the compromising of national security had disrupted attempts to build a tunnel.
8005:123145349505024::Thread-9 2020-08-09 18:59:36.298 - An early unsuccessful attempt at building a tunnel was made in the late 19th century, on the English side, "in the hope of forcing the hand of the English Government".
8004:123145349505024::Thread-9 2020-08-09 18:59:36.482 - **START**
8006:123145349505024::Thread-9 2020-08-09 18:59:36.807 - **END**
8005:123145349505024::Thread-9 2020-08-09 18:59:37.102 - The eventual successful project, organised by Eurotunnel, began construction in 1988 and opened in 1994.
8006:123145349505024::Thread-9 2020-08-09 18:59:37.808 - **START**
8005:123145349505024::Thread-9 2020-08-09 18:59:38.167 - **END**
8003:123145349505024::Thread-9 2020-08-09 18:59:38.648 - After its construction the gateway was used as a symbolic ceremonial entrance to British India for important colonial personnel.
8006:123145349505024::Thread-9 2020-08-09 18:59:38.683 - Starting new HTTPS connection (1): en.wikipedia.org
8002:123145349505024::Thread-9 2020-08-09 18:59:38.957 - At an approximate cost of $1.6 billion, it was the most expensive stadium ever built at the time.
8003:123145349505024::Thread-9 2020-08-09 18:59:39.193 - It has been called a symbol of "conquest and colonisation" commemorating British colonial legacy.
8004:123145349505024::Thread-9 2020-08-09 18:59:39.597 - Starting new HTTPS connection (1): en.wikipedia.org
8003:123145349505024::Thread-9 2020-08-09 18:59:39.637 - The gateway is also the monument from where the last British troops left India in 1948, following Indian independence.
8002:123145349505024::Thread-9 2020-08-09 18:59:40.649 - History
As Giants Stadium approached 30 years of age, it was becoming one of the older stadiums in the NFL.
8003:123145349505024::Thread-9 2020-08-09 18:59:42.805 - It is located on the waterfront at an angle, opposite the Taj Mahal Palace and Tower Hotel and overlooks the Arabian Sea.
8006:123145349505024::Thread-9 2020-08-09 18:59:42.816 - Prince Rogers Nelson (June 7, 1958 – April 21, 2016) was an American singer-songwriter, musician, record producer, dancer, actor, and filmmaker.
8005:123145349505024::Thread-9 2020-08-09 18:59:43.287 - **START**
8005:123145349505024::Thread-9 2020-08-09 18:59:43.326 - Starting new HTTPS connection (1): en.wikipedia.org
8002:123145349505024::Thread-9 2020-08-09 18:59:43.592 - The Jets, who had been the tenants at the stadium, sought to have their own stadium built in Manhattan proper, the proposed West Side Stadium.
8004:123145349505024::Thread-9 2020-08-09 18:59:43.65 - Brazil (Portuguese: Brasil; Brazilian Portuguese: [bɾaˈziw]), officially the Federative Republic of Brazil (Portuguese: República Federativa do Brasil), is the largest country in both South America and Latin America.
8002:123145349505024::Thread-9 2020-08-09 18:59:43.918 - Originally intended to be the 85,000-seat main stadium for New York's bid for the 2012 Summer Olympics, it was designed to be downsized to 75,000 seats for the Jets.
8004:123145349505024::Thread-9 2020-08-09 18:59:44.043 - At 8.5 million square kilometers (3.2 million square miles) and with over 211 million people, Brazil is the world's fifth-largest country by area and the sixth most populous.
8006:123145349505024::Thread-9 2020-08-09 18:59:44.098 - He is widely regarded as one of the greatest musicians of his generation.
8002:123145349505024::Thread-9 2020-08-09 18:59:44.381 - However, the West Side Stadium would have required significant public funding; progress halted in 2005 due to opposition from a number of sources, including Cablevision.
8004:123145349505024::Thread-9 2020-08-09 18:59:44.869 - Its capital is Brasília, and its most populous city is São Paulo.
8004:123145349505024::Thread-9 2020-08-09 18:59:44.948 - The federation is composed of the union of the 26 states and the Federal District.
8002:123145349505024::Thread-9 2020-08-09 18:59:44.985 - The Jets then entered into a joint venture with the Giants to build a new stadium in which the two teams would be equal partners.
8006:123145349505024::Thread-9 2020-08-09 18:59:45.094 - A multi-instrumentalist who was considered a guitar virtuoso, he was well known for his eclectic work across multiple genres, flamboyant and androgynous persona, and wide vocal range which included a far-reaching falsetto and high-pitched screams.
8005:123145349505024::Thread-9 2020-08-09 18:59:45.613 - Dwayne Michael Carter Jr. (born September 27, 1982), better known by his stage name Lil Wayne, is an American rapper, singer, songwriter, record executive, entrepreneur, and actor.
8004:123145349505024::Thread-9 2020-08-09 18:59:45.662 - It is the largest country to have Portuguese as an official language and the only one in the Americas; it is also one of the most multicultural and ethnically diverse nations, due to over a century of mass immigration from around the world; as well as the most populous Roman Catholic-majority country.
8004:123145349505024::Thread-9 2020-08-09 18:59:46.157 - Bounded by the Atlantic Ocean on the east, Brazil has a coastline of 7,491 kilometers (4,655 mi).
8006:123145349505024::Thread-9 2020-08-09 18:59:46.682 - Prince's innovative music integrated a wide variety of styles, including funk, R&B, rock, new wave, soul, synth-pop, psychedelia, pop, industrial, and hip hop.
8004:123145349505024::Thread-9 2020-08-09 18:59:46.849 - It borders all other countries in South America except Ecuador and Chile and covers 47.3% of the continent's land area.
8004:123145349505024::Thread-9 2020-08-09 18:59:46.982 - Its Amazon River basin includes a vast tropical forest, home to diverse wildlife, a variety of ecological systems, and extensive natural resources spanning numerous protected habitats.
8002:123145349505024::Thread-9 2020-08-09 18:59:47.018 - MetLife Stadium is one of only two NFL stadiums shared by two clubs.
8004:123145349505024::Thread-9 2020-08-09 18:59:47.114 - This unique environmental heritage makes Brazil one of 17 megadiverse countries, and is the subject of significant global interest and debate regarding deforestation and environmental protection.
8005:123145349505024::Thread-9 2020-08-09 18:59:47.15 - He is regarded by many contemporaries as one of the most influential hip hop artists of his generation, and often cited as one of the greatest rappers of all time.
8006:123145349505024::Thread-9 2020-08-09 18:59:47.407 - He pioneered the Minneapolis sound, a funk rock subgenre that emerged in the late 1970s.
8004:123145349505024::Thread-9 2020-08-09 18:59:47.731 - Brazil was inhabited by numerous tribal nations prior to the landing in 1500 of explorer Pedro Álvares Cabral, who claimed the area for the Portuguese Empire.
8005:123145349505024::Thread-9 2020-08-09 18:59:47.835 - His career began in 1995, at the age of 12, when he was signed by rapper Birdman, joining Cash Money Records as the youngest member of the label.
8002:123145349505024::Thread-9 2020-08-09 18:59:48.022 - **END**
8006:123145349505024::Thread-9 2020-08-09 18:59:48.066 - He was also known for his prolific output, releasing 39 albums during his life, with a vast array of unreleased projects left in a vault at his home after his death; it is believed that the vault contains dozens of fully produced albums and over 50 music videos that have never been released, along with various other media.
8005:123145349505024::Thread-9 2020-08-09 18:59:48.374 - He was put in a duo with label-mate B.G., at  that time known as Lil Doogie, and they recorded an album, True Story, released that year, although Wayne (who was at that time known as Baby D) only appeared on three tracks.
8006:123145349505024::Thread-9 2020-08-09 18:59:48.576 - He released hundreds of songs both under his own name and multiple pseudonyms during his life, as well as writing songs that were made famous by other musicians, such as "Nothing Compares 2 U" and "Manic Monday".
8004:123145349505024::Thread-9 2020-08-09 18:59:48.733 - **END**
8003:123145349505024::Thread-9 2020-08-09 18:59:48.866 - **END**
8006:123145349505024::Thread-9 2020-08-09 18:59:49.961 - Estimates of the complete number of songs written by Prince range anywhere from 500 to well over 1,000.Born and raised in Minneapolis, Minnesota, Prince signed a recording contract with Warner Bros. Records at the age of 19.
8006:123145349505024::Thread-9 2020-08-09 18:59:50.486 - Prince went on to achieve critical success with the musically complex albums Dirty Mind (1980), Controversy (1981), and 1999 (1982).
8005:123145349505024::Thread-9 2020-08-09 18:59:50.937 - His mother and stepfather later disallowed him from continuing to record with Cash Money as his grades in school were falling and they worried that Birdman and his associates were bad influences, but he eventually persuaded them to let him return and he was again doing so by 1997; by this time he was recording as Lil Wayne.
8005:123145349505024::Thread-9 2020-08-09 18:59:52.432 - He joined the southern hip hop group Hot Boys, with Cash Money label-mates Juvenile and Turk,  as well as Lil Doogie, who had also by this time changed his stage name, to B.G., in 1997; they released their debut album Get It How U Live!
8004:123145349505024::Thread-9 2020-08-09 18:59:54.734 - **START**
8004:123145349505024::Thread-9 2020-08-09 18:59:54.738 - Starting new HTTPS connection (1): en.wikipedia.org
8005:123145349505024::Thread-9 2020-08-09 18:59:55.264 - in October that year.
8004:123145349505024::Thread-9 2020-08-09 18:59:55.865 - Sir William Wallace (Scottish Gaelic: Uilleam Uallas, pronounced [ˈɯʎam ˈuəl̪ˠəs̪]; Norman French: William le Waleys; born c. 1270, died 23 August 1305) was a Scottish knight who became one of the main leaders during the First War of Scottish Independence.Along with Andrew Moray, Wallace defeated an English army at the Battle of Stirling Bridge in September 1297.
8003:123145349505024::Thread-9 2020-08-09 18:59:55.869 - **START**
8003:123145349505024::Thread-9 2020-08-09 18:59:55.887 - Starting new HTTPS connection (1): en.wikipedia.org
8003:123145349505024::Thread-9 2020-08-09 18:59:56.98 - Disneyland Park, originally Disneyland, is the first of two theme parks built at the Disneyland Resort in Anaheim, California, opened on July 17, 1955.
8004:123145349505024::Thread-9 2020-08-09 18:59:57.14 - He was appointed Guardian of Scotland and served until his defeat at the Battle of Falkirk in July 1298.
8005:123145349505024::Thread-9 2020-08-09 18:59:57.51 - Wayne first gained wide attention for appearing with Juvenile on the latter's 1998 song "Back That Azz Up", also known by the censored version title "Back That Thang Up", where he appeared on the song's outro.
8003:123145349505024::Thread-9 2020-08-09 18:59:57.593 - It is the only theme park designed and built to completion under the direct supervision of Walt Disney.
8003:123145349505024::Thread-9 2020-08-09 18:59:58.066 - It was originally the only attraction on the property; its official name was changed to Disneyland Park to distinguish it from the expanding complex in the 1990s.
8004:123145349505024::Thread-9 2020-08-09 18:59:58.578 - In August 1305, Wallace was captured in Robroyston, near Glasgow, and handed over to King Edward I of England, who had him hanged, drawn and quartered for high treason and crimes against English civilians.
8003:123145349505024::Thread-9 2020-08-09 18:59:58.982 - It was the first Disney theme park.
8006:123145349505024::Thread-9 2020-08-09 18:59:59.487 - **END**
8003:123145349505024::Thread-9 2020-08-09 18:59:59.663 - Walt Disney came up with the concept of Disneyland after visiting various amusement parks with his daughters in the 1930s and 1940s.
8005:123145349505024::Thread-9 2020-08-09 19:00:00.012 - The Hot Boys became popular following the release of the album Guerrilla Warfare (1999) and the song "Bling Bling".
8005:123145349505024::Thread-9 2020-08-09 19:00:00.012 - **END**
8004:123145349505024::Thread-9 2020-08-09 19:00:00.619 - Since his death, Wallace has obtained an iconic status far beyond his homeland.
8003:123145349505024::Thread-9 2020-08-09 19:00:00.638 - He initially envisioned building a tourist attraction adjacent to his studios in Burbank to entertain fans who wished to visit; however, he soon realized that the proposed site was too small.
8003:123145349505024::Thread-9 2020-08-09 19:00:00.968 - After hiring a consultant to help him determine an appropriate site for his project, Disney bought a 160-acre (65 ha) site near Anaheim in 1953.
8003:123145349505024::Thread-9 2020-08-09 19:00:01.871 - Construction began in 1954 and the park was unveiled during a special televised press event on the ABC Television Network on July 17, 1955.
8003:123145349505024::Thread-9 2020-08-09 19:00:02.619 - Since its opening, Disneyland has undergone expansions and major renovations, including the addition of New Orleans Square in 1966, Bear Country (now Critter Country) in 1972,  Mickey's Toontown in 1993, and Star Wars: Galaxy's Edge in 2019.
8004:123145349505024::Thread-9 2020-08-09 19:00:02.628 - He is the protagonist of Blind Harry's 15th-century epic poem The Wallace and the subject of literary works by Sir Walter Scott and Jane Porter, and of the Academy Award-winning film Braveheart.
8003:123145349505024::Thread-9 2020-08-09 19:00:03.25 - Opened in 2001, Disney California Adventure Park was built on the site of Disneyland's original parking lot.
8002:123145349505024::Thread-9 2020-08-09 19:00:04.023 - **START**
8002:123145349505024::Thread-9 2020-08-09 19:00:04.085 - Starting new HTTPS connection (1): en.wikipedia.org
8004:123145349505024::Thread-9 2020-08-09 19:00:05.419 - He was first cousin to Roger de Kirkpatrick.
8002:123145349505024::Thread-9 2020-08-09 19:00:05.582 - Stephen William Hawking  (8 January 1942 – 14 March 2018) was an English theoretical physicist, cosmologist, and author who was director of research at the Centre for Theoretical Cosmology at the University of Cambridge at the time of his death.
8002:123145349505024::Thread-9 2020-08-09 19:00:05.933 - He was the Lucasian Professor of Mathematics at the University of Cambridge between 1979 and 2009.
8002:123145349505024::Thread-9 2020-08-09 19:00:06.824 - Hawking was born in Oxford into a family of doctors.
8004:123145349505024::Thread-9 2020-08-09 19:00:07.565 - Roger himself was a third cousin to Robert the Bruce.
8002:123145349505024::Thread-9 2020-08-09 19:00:07.739 - Hawking began his university education at University College, Oxford in October 1959 at the age of 17, where he received a first-class BA (Hons.)
8004:123145349505024::Thread-9 2020-08-09 19:00:08.257 - Background

William Wallace was a member of the lesser nobility, but little is definitely known of his family history or even his parentage.
8002:123145349505024::Thread-9 2020-08-09 19:00:08.738 - degree in physics.
8004:123145349505024::Thread-9 2020-08-09 19:00:09.396 - Blind Harry's late-15th-century poem gives his father as Sir Malcolm of Elderslie; however, William's own seal, found on a letter sent to the Hanse city of Lübeck in 1297, gives his father's name as Alan Wallace.
8002:123145349505024::Thread-9 2020-08-09 19:00:09.502 - He began his graduate work at Trinity Hall, Cambridge in October 1962, where he obtained his PhD degree in applied mathematics and theoretical physics, specialising in general relativity and cosmology in March 1966.
8002:123145349505024::Thread-9 2020-08-09 19:00:10.025 - In 1963, Hawking was diagnosed with an early-onset slow-progressing form of motor neurone disease (also known as amyotrophic lateral sclerosis (ALS) or Lou Gehrig's disease) that gradually paralysed him over the decades.
8003:123145349505024::Thread-9 2020-08-09 19:00:10.251 - **END**
8002:123145349505024::Thread-9 2020-08-09 19:00:10.684 - After the loss of his speech, he was able to communicate through a speech-generating device—initially through use of a handheld switch, and eventually by using a single cheek muscle.
8002:123145349505024::Thread-9 2020-08-09 19:00:11.043 - Hawking's scientific works included a collaboration with Roger Penrose on gravitational singularity theorems in the framework of general relativity and the theoretical prediction that black holes emit radiation, often called Hawking radiation.
8002:123145349505024::Thread-9 2020-08-09 19:00:11.532 - Hawking was the first to set out a theory of cosmology explained by a union of the general theory of relativity and quantum mechanics.
8002:123145349505024::Thread-9 2020-08-09 19:00:11.761 - He was a vigorous supporter of the many-worlds interpretation of quantum mechanics.Hawking achieved commercial success with several works of popular science in which he discussed his theories and cosmology in general.
8004:123145349505024::Thread-9 2020-08-09 19:00:12.332 - This Alan Wallace may be the same as the one listed in the 1296 Ragman Rolls as a crown tenant in Ayrshire, but there is no additional confirmation.
8004:123145349505024::Thread-9 2020-08-09 19:00:12.333 - **END**
8005:123145349505024::Thread-9 2020-08-09 19:00:14.016 - **START**
8005:123145349505024::Thread-9 2020-08-09 19:00:14.02 - Starting new HTTPS connection (1): en.wikipedia.org
8005:123145349505024::Thread-9 2020-08-09 19:00:14.819 - Sachin Ramesh Tendulkar ( (listen); born 24 April 1973) is a former international cricketer from India and a former captain of the Indian national team.
8005:123145349505024::Thread-9 2020-08-09 19:00:15.679 - He is widely regarded as one of the greatest batsmen in the history of cricket.
8002:123145349505024::Thread-9 2020-08-09 19:00:15.762 - **END**
8005:123145349505024::Thread-9 2020-08-09 19:00:16.208 - He is the highest run scorer of all time in International cricket.
8005:123145349505024::Thread-9 2020-08-09 19:00:16.495 - Considered as the world's most prolific batsman of all time, he is the only player to have scored one hundred international centuries, the first batsman to score a double century in a One Day International (ODI), the holder of the record for the most runs in both Test and ODI cricket, and the only player to complete more than 30,000 runs in international cricket.Tendulkar took up cricket at the age of eleven, made his Test debut on 15 November 1989 against Pakistan in Karachi at the age of sixteen, and went on to represent Mumbai domestically and India internationally for close to twenty-four years.
8005:123145349505024::Thread-9 2020-08-09 19:00:17.188 - In 2002, halfway through his career, Wisden Cricketers' Almanack ranked him the second greatest Test batsman of all time, behind Don Bradman, and the second greatest ODI batsman of all time, behind Viv Richards.
8005:123145349505024::Thread-9 2020-08-09 19:00:17.19 - Later in his career, Tendulkar was a part of the Indian team that won the 2011 World Cup, his first win in six World Cup appearances for India.
8005:123145349505024::Thread-9 2020-08-09 19:00:18.116 - He had previously been named "Player of the Tournament" at the 2003 edition of the tournament, held in South Africa.
8005:123145349505024::Thread-9 2020-08-09 19:00:18.514 - In 2013, he was the only Indian cricketer included in an all-time Test World XI named to mark the 150th anniversary of Wisden Cricketers' Almanack.
8005:123145349505024::Thread-9 2020-08-09 19:00:19.388 - He is affectionately known as Little Master or Master Blaster.Tendulkar received the Arjuna Award in 1994 for his outstanding sporting achievement, the Rajiv Gandhi Khel Ratna award in 1997, India's highest sporting honour, and the Padma Shri and Padma Vibhushan awards in 1999 and 2008, respectively, India's fourth and second highest civilian awards.
8005:123145349505024::Thread-9 2020-08-09 19:00:20.08 - After a few hours of his final match on 16 November 2013, the Prime Minister's Office announced the decision to award him the Bharat Ratna, India's highest civilian award.
8005:123145349505024::Thread-9 2020-08-09 19:00:27.086 - **END**