8004:123145357918208::Thread-11 2020-08-09 18:59:29.197 - **START**
8005:123145357918208::Thread-11 2020-08-09 18:59:29.199 - **START**
8004:123145357918208::Thread-11 2020-08-09 18:59:29.335 - Starting new HTTPS connection (1): en.wikipedia.org
8005:123145357918208::Thread-11 2020-08-09 18:59:29.374 - Starting new HTTPS connection (1): en.wikipedia.org
8005:123145357918208::Thread-11 2020-08-09 18:59:31.189 - Keanu Charles Reeves ( kee-AH-noo; born September 2, 1964) is a Canadian actor, author, director and musician.
8005:123145357918208::Thread-11 2020-08-09 18:59:31.313 - Born in Beirut, Lebanon, Reeves grew up in Toronto.
8004:123145357918208::Thread-11 2020-08-09 18:59:31.48 - Joseph Vissarionovich Stalin (born Ioseb Besarionis dzе Jugashvili; 18 December [O.S.
8005:123145357918208::Thread-11 2020-08-09 18:59:31.498 - He began acting in theatre productions, and in television films before making his mainstream film debut in Youngblood (1986).
8005:123145357918208::Thread-11 2020-08-09 18:59:32.413 - Reeves gained recognition in his breakthrough role as Ted "Theodore" Logan in the science fiction comedy Bill & Ted's Excellent Adventure (1989).
8004:123145357918208::Thread-11 2020-08-09 18:59:32.813 - 6 December] 1878 – 5 March 1953) was a Georgian revolutionary and Soviet politician who ruled the Soviet Union from the mid-1920s until his death in 1953.
8005:123145357918208::Thread-11 2020-08-09 18:59:32.895 - This was followed by a supporting role in Ron Howard's comedy Parenthood, 1991's Point Break, a sequel, Bill & Ted's Bogus Journey, and the independent drama My Own Private Idaho where playing a street hustler received critical praise for his performance.
8006:123145357918208::Thread-11 2020-08-09 18:59:33.243 - **START**
8002:123145357918208::Thread-11 2020-08-09 18:59:33.271 - **START**
8005:123145357918208::Thread-11 2020-08-09 18:59:33.38 - He had a supporting role in Bram Stoker's Dracula (1992), which was nominated for four Academy Awards.
8005:123145357918208::Thread-11 2020-08-09 18:59:33.88 - The action thriller Speed (1994), in which Reeves was cast as a police officer, garnered critical and commercial success, and helped Reeves gain further recognition.
8006:123145357918208::Thread-11 2020-08-09 18:59:34.117 - Starting new HTTPS connection (1): en.wikipedia.org
8003:123145357918208::Thread-11 2020-08-09 18:59:34.225 - **START**
8005:123145357918208::Thread-11 2020-08-09 18:59:34.574 - He followed this with a series of films box office failures, including: Johnny Mnemonic (1995), Chain Reaction (1996), and The Last Time I Committed Suicide (1997).
8002:123145357918208::Thread-11 2020-08-09 18:59:34.754 - Starting new HTTPS connection (1): en.wikipedia.org
8005:123145357918208::Thread-11 2020-08-09 18:59:35.014 - However, his performance in the supernatural horror The Devil's Advocate (1997) was well received.
8003:123145357918208::Thread-11 2020-08-09 18:59:35.026 - Starting new HTTPS connection (1): en.wikipedia.org
8004:123145357918208::Thread-11 2020-08-09 18:59:35.072 - He served as the general secretary of the Communist Party of the Soviet Union (1922–1952) and premier of the Soviet Union (1941–1953).
8005:123145357918208::Thread-11 2020-08-09 18:59:35.307 - Global stardom followed soon after with his lead role as computer hacker Neo in the science fiction thriller The Matrix (1999).
8004:123145357918208::Thread-11 2020-08-09 18:59:35.943 - Despite initially governing the Soviet Union as part of a collective leadership, he eventually consolidated power to become the country's de facto dictator by the 1930s.
8004:123145357918208::Thread-11 2020-08-09 18:59:36.628 - A communist ideologically committed to the Leninist interpretation of Marxism, Stalin formalised these ideas as Marxism–Leninism, while his own policies are known as Stalinism.
8006:123145357918208::Thread-11 2020-08-09 18:59:36.722 - Fleetwood Mac are a British-American rock band, formed in London in 1967.
8006:123145357918208::Thread-11 2020-08-09 18:59:37.043 - They have sold more than 120 million records worldwide, making them one of the world's best-selling bands.
8006:123145357918208::Thread-11 2020-08-09 18:59:37.996 - In 1979, Fleetwood Mac were honoured with a star on the Hollywood Walk of Fame.
8002:123145357918208::Thread-11 2020-08-09 18:59:38.017 - The Great Library of Alexandria in Alexandria, Egypt, was one of the largest and most significant libraries of the ancient world.
8002:123145357918208::Thread-11 2020-08-09 18:59:38.106 - The Library was part of a larger research institution called the Mouseion, which was dedicated to the Muses, the nine goddesses of the arts.
8003:123145357918208::Thread-11 2020-08-09 18:59:38.296 - Led Zeppelin were  an English rock band formed in London in 1968.
8003:123145357918208::Thread-11 2020-08-09 18:59:38.403 - The group consisted of vocalist Robert Plant, guitarist Jimmy Page, bassist/keyboardist John Paul Jones, and drummer John Bonham.
8006:123145357918208::Thread-11 2020-08-09 18:59:38.538 - In 1998 the band was inducted into the Rock and Roll Hall of Fame and received the Brit Award for Outstanding Contribution to Music.Fleetwood Mac was founded by guitarist Peter Green, drummer Mick Fleetwood, guitarist Jeremy Spencer and bassist John McVie completed the lineup for their self-titled debut album.
8002:123145357918208::Thread-11 2020-08-09 18:59:38.602 - The idea of a universal library in Alexandria may have been proposed by Demetrius of Phalerum, an exiled Athenian statesman living in Alexandria, to Ptolemy I Soter, who may have established plans for the Library, but the Library itself was probably not built until the reign of his son Ptolemy II Philadelphus.
8003:123145357918208::Thread-11 2020-08-09 18:59:38.914 - With their heavy, guitar-driven sound, they are regularly cited as one of the progenitors of heavy metal, although their style drew from a variety of influences, including blues and folk music.
8002:123145357918208::Thread-11 2020-08-09 18:59:38.953 - The Library quickly acquired many papyrus scrolls, due largely to the Ptolemaic kings' aggressive and well-funded policies for procuring texts.
8006:123145357918208::Thread-11 2020-08-09 18:59:39.099 - Danny Kirwan joined as a third guitarist in 1968.
8002:123145357918208::Thread-11 2020-08-09 18:59:39.321 - It is unknown precisely how many such scrolls were housed at any given time, but estimates range from 40,000 to 400,000 at its height.
8004:123145357918208::Thread-11 2020-08-09 18:59:39.584 - Born to a poor family in Gori in the Russian Empire (now Georgia), Stalin joined the Marxist Russian Social Democratic Labour Party as a youth.
8003:123145357918208::Thread-11 2020-08-09 18:59:39.746 - After changing their name from the New Yardbirds, Led Zeppelin signed a deal with Atlantic Records that afforded them considerable artistic freedom.
8003:123145357918208::Thread-11 2020-08-09 18:59:39.755 - Although the group were initially unpopular with critics, they achieved significant commercial success with eight studio albums released over ten years, from Led Zeppelin (1969) to In Through the Out Door (1979).
8006:123145357918208::Thread-11 2020-08-09 18:59:39.811 - Keyboardist Christine Perfect, who contributed as a session musician from the second album, married McVie and joined in 1970.
8006:123145357918208::Thread-11 2020-08-09 18:59:40.476 - Primarily a British blues band, Fleetwood Mac scored a UK number one with "Albatross", and had other hits such as the singles "Oh Well" and "Man of the World".
8003:123145357918208::Thread-11 2020-08-09 18:59:40.594 - Their untitled fourth studio album, commonly known as Led Zeppelin IV (1971), and featuring the song "Stairway to Heaven", is among the most popular and influential works in rock music, and helped to secure the group's popularity.
8002:123145357918208::Thread-11 2020-08-09 18:59:41.208 - Alexandria came to be regarded as the capital of knowledge and learning, in part because of the Great Library.
8003:123145357918208::Thread-11 2020-08-09 18:59:41.267 - Page wrote most of Led Zeppelin's music, particularly early in their career, while Plant generally supplied the lyrics.
8003:123145357918208::Thread-11 2020-08-09 18:59:41.369 - Jones's keyboard-based compositions later became central to the group's catalogue, which featured increasing experimentation.
8006:123145357918208::Thread-11 2020-08-09 18:59:41.386 - All three guitarists left in succession during the early 1970s, to be replaced by guitarists Bob Welch and Bob Weston and vocalist Dave Walker.
8003:123145357918208::Thread-11 2020-08-09 18:59:41.567 - The latter half of their career saw a series of record-breaking tours that earned the group a reputation for excess and debauchery.
8006:123145357918208::Thread-11 2020-08-09 18:59:41.986 - By 1974, all three had either departed or been dismissed, leaving the band without a male lead vocalist or guitarist.
8003:123145357918208::Thread-11 2020-08-09 18:59:42.32 - Although they remained commercially and critically successful, their output and touring schedule were limited during the late 1970s, and the group disbanded following Bonham's death from alcohol-related asphyxia in 1980.
8004:123145357918208::Thread-11 2020-08-09 18:59:42.321 - He edited the party's newspaper, Pravda, and raised funds for Vladimir Lenin's Bolshevik faction via robberies, kidnappings, and protection rackets.
8004:123145357918208::Thread-11 2020-08-09 18:59:42.551 - Repeatedly arrested, he underwent several internal exiles.
8006:123145357918208::Thread-11 2020-08-09 18:59:42.959 - In late 1974, while Fleetwood was scouting studios in Los Angeles, he was introduced to folk-rock duo Lindsey Buckingham and Stevie Nicks.
8002:123145357918208::Thread-11 2020-08-09 18:59:43.194 - Many important and influential scholars worked at the Library during the third and second centuries BC, including, among many others: Zenodotus of Ephesus, who worked towards standardizing the texts of the Homeric poems; Callimachus, who wrote the Pinakes, sometimes considered to be the world's first library catalogue; Apollonius of Rhodes, who composed the epic poem the Argonautica; Eratosthenes of Cyrene, who calculated the circumference of the earth within a few hundred kilometers of accuracy; Aristophanes of Byzantium, who invented the system of Greek diacritics and was the first to divide poetic texts into lines; and Aristarchus of Samothrace, who produced the definitive texts of the Homeric poems as well as extensive commentaries on them.
8004:123145357918208::Thread-11 2020-08-09 18:59:43.611 - After the Bolsheviks seized power during the 1917 October Revolution and created a one-party state under Lenin's newly renamed Communist Party, Stalin joined its governing Politburo.
8002:123145357918208::Thread-11 2020-08-09 18:59:43.852 - During the reign of Ptolemy III Euergetes, a daughter library was established in the Serapeum, a temple to the Greco-Egyptian god Serapis.
8005:123145357918208::Thread-11 2020-08-09 18:59:44.389 - **END**
8002:123145357918208::Thread-11 2020-08-09 18:59:44.522 - Despite the widespread modern belief that the Library of Alexandria was burned once and cataclysmically destroyed, the Library actually declined gradually over the course of several centuries.
8002:123145357918208::Thread-11 2020-08-09 18:59:44.902 - This decline began with the purging of intellectuals from Alexandria in 145 BC during the reign of Ptolemy VIII Physcon, which resulted in Aristarchus of Samothrace, the head librarian, resigning from his position and exiling himself to Cyprus.
8004:123145357918208::Thread-11 2020-08-09 18:59:46.225 - Serving in the Russian Civil War before overseeing the Soviet Union's establishment in 1922, Stalin assumed leadership over the country following Lenin's 1924 death.
8006:123145357918208::Thread-11 2020-08-09 18:59:46.959 - **END**
8004:123145357918208::Thread-11 2020-08-09 18:59:48.631 - Under Stalin, "socialism in one country" became a central tenet of the party's dogma.
8002:123145357918208::Thread-11 2020-08-09 18:59:49.924 - **END**
8003:123145357918208::Thread-11 2020-08-09 18:59:51.322 - **END**
8004:123145357918208::Thread-11 2020-08-09 18:59:52.633 - **END**
8003:123145357918208::Thread-11 2020-08-09 18:59:53.328 - **START**
8003:123145357918208::Thread-11 2020-08-09 18:59:53.331 - Starting new HTTPS connection (1): en.wikipedia.org
8002:123145357918208::Thread-11 2020-08-09 18:59:53.926 - **START**
8002:123145357918208::Thread-11 2020-08-09 18:59:53.93 - Starting new HTTPS connection (1): en.wikipedia.org
8003:123145357918208::Thread-11 2020-08-09 18:59:54.143 - Hadrian's Wall (Latin: Vallum Aelium), also known as the Roman Wall, Picts' Wall, or Vallum Hadriani in Latin, is a former defensive fortification of the Roman province of Britannia, begun in AD 122 in the reign of the emperor Hadrian.
8004:123145357918208::Thread-11 2020-08-09 18:59:54.639 - **START**
8004:123145357918208::Thread-11 2020-08-09 18:59:54.655 - Starting new HTTPS connection (1): en.wikipedia.org
8003:123145357918208::Thread-11 2020-08-09 18:59:55.083 - It ran from the banks of the River Tyne near the North Sea to the Solway Firth on the Irish Sea, and was the northern limit of the Roman Empire, immediately north of which were the lands of the northern Ancient Britons, including the Picts.
8002:123145357918208::Thread-11 2020-08-09 18:59:55.216 - The British Museum, in the Bloomsbury area of London, United Kingdom, is a public institution dedicated to human history, art and culture.
8002:123145357918208::Thread-11 2020-08-09 18:59:55.356 - Its permanent collection of some eight million works is among the largest and most comprehensive in existence, having been widely sourced during the era of the British Empire.
8003:123145357918208::Thread-11 2020-08-09 18:59:55.879 - It had a stone base and a stone wall.
8004:123145357918208::Thread-11 2020-08-09 18:59:55.932 - AMGTV is an American family-oriented television network featuring television programming consisting of drama, sports, movies, entertainment, how-to, hunting and fishing, children's shows, and other features, much of it repackaged from off-network and first-run syndication.
8002:123145357918208::Thread-11 2020-08-09 18:59:56.332 - It documents the story of human culture from its beginnings to the present.
8003:123145357918208::Thread-11 2020-08-09 18:59:56.529 - There were milecastles with two turrets in between.
8004:123145357918208::Thread-11 2020-08-09 18:59:56.576 - The network is owned by the American company Access Media Group.
8004:123145357918208::Thread-11 2020-08-09 18:59:56.618 - AMGTV provides programming to television stations in the United States.
8003:123145357918208::Thread-11 2020-08-09 18:59:56.69 - There was a fort about every five Roman miles.
8004:123145357918208::Thread-11 2020-08-09 18:59:57.02 - AMGTV also syndicates several movie packages and music specials to stations outside their affiliate base.
8003:123145357918208::Thread-11 2020-08-09 18:59:57.024 - From north to south, the wall comprised a ditch, wall, military way and vallum, another ditch with adjoining mounds.
8004:123145357918208::Thread-11 2020-08-09 18:59:57.51 - The president of AMGTV is Terry Elaqua.
8004:123145357918208::Thread-11 2020-08-09 18:59:57.591 - Programming


Scripted programming
Leverage
Sanctuary


Entertainment
Animal Rescue
Celebrity Page
Forensic Files
Judge Faith
The Balancing Act
The Hollywood News Report
Pawn Stars
Impractical Jokers
Cheaters
TAKE A LOOK


Former


Sports
On October 10, 2010 the American Indoor Football Association (AIFA) announced that AMGTV has agreed to air games from the upcoming 2011 AIFA West season.
8003:123145357918208::Thread-11 2020-08-09 18:59:57.701 - It is thought the milecastles were staffed with static garrisons, whereas the forts had fighting garrisons of infantry and cavalry.
8002:123145357918208::Thread-11 2020-08-09 18:59:57.732 - It was the first public national museum in the world.The British Museum was established in 1753, largely based on the collections of the Irish physician and scientist Sir Hans Sloane.
8003:123145357918208::Thread-11 2020-08-09 18:59:57.976 - In addition to the wall's defensive military role, its gates may have been customs posts.A significant portion of the wall still stands and can be followed on foot along the adjoining Hadrian's Wall Path.
8004:123145357918208::Thread-11 2020-08-09 18:59:58.262 - They had previously carried the 2010 season, prior to when the league split.
8003:123145357918208::Thread-11 2020-08-09 18:59:58.666 - The largest Roman archaeological feature in Britain, it runs a total of 73 miles (117.5 kilometres)  in northern England.
8004:123145357918208::Thread-11 2020-08-09 18:59:58.854 - The AIFA West ceased operations January 2011; neither the league nor the network have indicated whether the deal is valid for the 2012 revival of the league.
8003:123145357918208::Thread-11 2020-08-09 18:59:59.501 - Regarded as a British cultural icon, Hadrian's Wall is one of Britain's major ancient tourist attractions.
8004:123145357918208::Thread-11 2020-08-09 18:59:59.711 - AIFA's successor, American Indoor Football, folded in 2017.
8002:123145357918208::Thread-11 2020-08-09 19:00:00.111 - It first opened to the public in 1759, in Montagu House, on the site of the current building.
8005:123145357918208::Thread-11 2020-08-09 19:00:00.391 - **START**
8005:123145357918208::Thread-11 2020-08-09 19:00:00.411 - Starting new HTTPS connection (1): en.wikipedia.org
8006:123145357918208::Thread-11 2020-08-09 19:00:00.962 - **START**
8006:123145357918208::Thread-11 2020-08-09 19:00:00.974 - Starting new HTTPS connection (1): en.wikipedia.org
8003:123145357918208::Thread-11 2020-08-09 19:00:01.503 - **END**
8002:123145357918208::Thread-11 2020-08-09 19:00:02.948 - Its expansion over the following 250 years was largely a result of expanding British colonisation and has resulted in the creation of several branch institutions, the first being the Natural History Museum in 1881.
8005:123145357918208::Thread-11 2020-08-09 19:00:03.284 - Ronald Jeremy Hyatt (born March 12, 1953) is an American pornographic actor, filmmaker, actor, and stand-up comedian.Nicknamed "The Hedgehog", Jeremy was ranked by AVN at No.
8002:123145357918208::Thread-11 2020-08-09 19:00:03.543 - In 1973, the British Library Act 1972 detached the library department from the British Museum, but it continued to host the now separated British Library in the same Reading Room and building as the museum until 1997.
8005:123145357918208::Thread-11 2020-08-09 19:00:05.057 - 1 in their "50 Top Porn Stars of All Time" list.
8006:123145357918208::Thread-11 2020-08-09 19:00:05.183 - Foo Fighters is an American rock band, formed in Seattle, Washington, in 1994.
8006:123145357918208::Thread-11 2020-08-09 19:00:05.446 - It was founded by Nirvana drummer Dave Grohl as a one-man project following the dissolution of Nirvana after the suicide of Kurt Cobain.
8005:123145357918208::Thread-11 2020-08-09 19:00:05.574 - Jeremy has also made a number of non-pornographic media appearances, and director Scott J. Gill filmed a documentary about him and his legacy, Porn Star: The Legend of Ron Jeremy, which was released in 2001.
8002:123145357918208::Thread-11 2020-08-09 19:00:05.722 - The museum is a non-departmental public body sponsored by the Department for Digital, Culture, Media and Sport, and as with all national museums in the UK it charges no admission fee, except for loan exhibitions.Its ownership of some of its most famous objects originating in other countries is disputed and remains the subject of international controversy, most notably in the case of the Elgin Marbles of Greece and the Rosetta Stone of Egypt.
8005:123145357918208::Thread-11 2020-08-09 19:00:06.606 - More than a dozen women have publicly accused Jeremy of sexual assault.
8002:123145357918208::Thread-11 2020-08-09 19:00:06.898 - History


Sir Hans Sloane

Although today principally a museum of cultural art objects and antiquities, the British Museum was founded as a "universal museum".
8005:123145357918208::Thread-11 2020-08-09 19:00:08.191 - Several of the allegations relate to his appearances at fan conventions, alleging that he would grope and insert his fingers into attendees without their consent.
8006:123145357918208::Thread-11 2020-08-09 19:00:08.216 - The group got its name from "Foo fighter", a nickname coined by Allied aircraft pilots for UFOs and other aerial phenomena they reported seeing.
8005:123145357918208::Thread-11 2020-08-09 19:00:08.219 - In June 2020, Jeremy was charged with sexual assault.
8002:123145357918208::Thread-11 2020-08-09 19:00:08.264 - Its foundations lie in the will of the Irish physician and naturalist Sir Hans Sloane (1660–1753), a London-based doctor and scientist from Ulster.
8004:123145357918208::Thread-11 2020-08-09 19:00:08.713 - **END**
8005:123145357918208::Thread-11 2020-08-09 19:00:09.05 - Early life
Ronald Jeremy Hyatt was born in Queens, New York, to a middle-class Jewish family from Russia and Poland.
8005:123145357918208::Thread-11 2020-08-09 19:00:09.273 - His father, Arnold (born 1918) was a physicist, and his mother a book editor who served in the O.S.S.
8006:123145357918208::Thread-11 2020-08-09 19:00:10.732 - Over the course of their career, Foo Fighters have won 12 Grammy Awards, including Best Rock Album four times.
8005:123145357918208::Thread-11 2020-08-09 19:00:11.999 - during World War II, as she spoke fluent German and French.He graduated from Benjamin N. Cardozo High School.
8005:123145357918208::Thread-11 2020-08-09 19:00:12.833 - Pornographic film career

Jeremy left the teaching profession (he called it his "ace in the hole") to pursue a legitimate acting career on Broadway.
8006:123145357918208::Thread-11 2020-08-09 19:00:13.666 - The band have also won an American Music Award, four Brit Awards, and two MTV Video Music Awards.
8006:123145357918208::Thread-11 2020-08-09 19:00:14.288 - Prior to the release of Foo Fighters' 1995 debut album Foo Fighters, which featured Grohl as the only official member, Grohl recruited bassist Nate Mendel and drummer William Goldsmith, both formerly of Sunny Day Real Estate, as well as Nirvana touring guitarist Pat Smear to complete the lineup.
8006:123145357918208::Thread-11 2020-08-09 19:00:14.463 - The band began with performances in Portland, Oregon.
8005:123145357918208::Thread-11 2020-08-09 19:00:15.59 - He has said that he learned then what it was like to be broke, making no money as an actor who "starved Off-Broadway" Jeremy soon found work posing for Playgirl after his then-girlfriend submitted his photo to the magazine.
8002:123145357918208::Thread-11 2020-08-09 19:00:16.27 - **END**
8006:123145357918208::Thread-11 2020-08-09 19:00:16.479 - Goldsmith quit during the recording of the group's second album, The Colour and the Shape (1997), when most of the drum parts were re-recorded by Grohl himself.
8006:123145357918208::Thread-11 2020-08-09 19:00:19.405 - Smear's departure followed soon afterward, though he would appear as a guest with the band frequently starting in 2006, and would rejoin as an official full-time member in 2011.
8005:123145357918208::Thread-11 2020-08-09 19:00:19.593 - **END**
8006:123145357918208::Thread-11 2020-08-09 19:00:22.291 - They were replaced by Taylor Hawkins and Franz Stahl, respectively, although Stahl was fired before the recording of the group's third album, There Is Nothing Left to Lose (1999).
8006:123145357918208::Thread-11 2020-08-09 19:00:29.297 - **END**