8004:123146152964096::Thread-200 2020-08-09 18:59:32.265 - **START**
8004:123146152964096::Thread-200 2020-08-09 18:59:33.108 - Starting new HTTPS connection (1): en.wikipedia.org
8006:123146152964096::Thread-200 2020-08-09 18:59:36.271 - **START**
8006:123146152964096::Thread-200 2020-08-09 18:59:36.587 - Starting new HTTPS connection (1): en.wikipedia.org
8002:123146152964096::Thread-200 2020-08-09 18:59:37.37 - **START**
8003:123146152964096::Thread-200 2020-08-09 18:59:38.31 - **START**
8004:123146152964096::Thread-200 2020-08-09 18:59:38.358 - **END**
8002:123146152964096::Thread-200 2020-08-09 18:59:38.929 - Starting new HTTPS connection (1): en.wikipedia.org
8005:123146152964096::Thread-200 2020-08-09 18:59:39.246 - **START**
8003:123146152964096::Thread-200 2020-08-09 18:59:40.894 - Starting new HTTPS connection (1): en.wikipedia.org
8006:123146152964096::Thread-200 2020-08-09 18:59:41.016 - Saint Peter (r. AD 30; died between AD 64 and 68) also known as Simon Peter, Simeon, Simon ( (listen)), Cephas, or Peter the Apostle, was one of the Twelve Apostles of Jesus Christ, and one of the first leaders of the early Church.
8005:123146152964096::Thread-200 2020-08-09 18:59:41.057 - Starting new HTTPS connection (1): en.wikipedia.org
8006:123146152964096::Thread-200 2020-08-09 18:59:42.471 - According to Christian tradition, Peter was crucified in Rome under Emperor Nero.
8006:123146152964096::Thread-200 2020-08-09 18:59:43.59 - He is traditionally counted as the first bishop of Rome‍—‌or pope‍—‌and also by Eastern Christian tradition as the first patriarch of Antioch.
8005:123146152964096::Thread-200 2020-08-09 18:59:44.188 - England is a country that is part of the United Kingdom.
8002:123146152964096::Thread-200 2020-08-09 18:59:44.303 - The Netherlands (Dutch: Nederland [ˈneːdərlɑnt] (listen)), informally Holland, is a country primarily located in Western Europe and partly in the Caribbean, forming the largest constituent country of the Kingdom of the Netherlands.
8004:123146152964096::Thread-200 2020-08-09 18:59:44.359 - **START**
8004:123146152964096::Thread-200 2020-08-09 18:59:44.364 - Starting new HTTPS connection (1): en.wikipedia.org
8005:123146152964096::Thread-200 2020-08-09 18:59:44.559 - It shares land borders with Wales to its west and Scotland to its north.
8002:123146152964096::Thread-200 2020-08-09 18:59:44.694 - In Europe, it consists of 12 provinces that border Germany to the east, Belgium to the south, and the North Sea to the northwest, with maritime borders in the North Sea with those countries and the United Kingdom.
8003:123146152964096::Thread-200 2020-08-09 18:59:44.707 - The Argentina national football team (Spanish: Selección de fútbol de Argentina) represents Argentina in men's international football and is administered by the Argentine Football Association, the governing body for football in Argentina.
8006:123146152964096::Thread-200 2020-08-09 18:59:44.978 - The ancient Christian churches all venerate Peter as a major saint and as the founder of the Church of Antioch and the Diocese of Rome, but differ in their attitudes regarding the authority of his successors.
8002:123146152964096::Thread-200 2020-08-09 18:59:44.984 - In the Caribbean, it consists of three special municipalities: the islands of Bonaire, Sint Eustatius and Saba.
8005:123146152964096::Thread-200 2020-08-09 18:59:45.41 - The Irish Sea lies northwest of England and the Celtic Sea to the southwest.
8005:123146152964096::Thread-200 2020-08-09 18:59:45.609 - England is separated from continental Europe by the North Sea to the east and the English Channel to the south.
8002:123146152964096::Thread-200 2020-08-09 18:59:45.862 - The country's official language is Dutch, with West Frisian as a secondary official language in the province of Friesland, and English and Papiamentu as secondary official languages in the Caribbean Netherlands.
8005:123146152964096::Thread-200 2020-08-09 18:59:45.982 - The country covers five-eighths of the island of Great Britain, which lies in the North Atlantic, and includes over 100 smaller islands, such as the Isles of Scilly and the Isle of Wight.
8002:123146152964096::Thread-200 2020-08-09 18:59:46.01 - Dutch Low Saxon and Limburgish are recognised regional languages (spoken in the east and southeast respectively), while Sinte Romani and Yiddish are recognised non-territorial languages.The four largest cities in the Netherlands are Amsterdam, Rotterdam, The Hague and Utrecht.
8004:123146152964096::Thread-200 2020-08-09 18:59:46.038 - Shaquille Rashaun "Shaq" O'Neal ( shə-KEEL;  SHAK; born March 6, 1972) is an American former professional basketball player who is a sports analyst on the television program Inside the NBA on TNT.
8002:123146152964096::Thread-200 2020-08-09 18:59:46.143 - Amsterdam is the country's most populous city and nominal capital, while The Hague holds the seat of the States General, Cabinet and Supreme Court.
8005:123146152964096::Thread-200 2020-08-09 18:59:46.226 - It is the largest country of the British Isles.
8005:123146152964096::Thread-200 2020-08-09 18:59:46.282 - The area now called England was first inhabited by modern humans during the Upper Palaeolithic period, but takes its name from the Angles, a Germanic tribe deriving its name from the Anglia peninsula, who settled during the 5th and 6th centuries.
8005:123146152964096::Thread-200 2020-08-09 18:59:46.448 - England became a unified state in the 10th century, and since the Age of Discovery, which began during the 15th century, has had a significant cultural and legal impact on the wider world.
8002:123146152964096::Thread-200 2020-08-09 18:59:46.611 - The Port of Rotterdam is the busiest seaport in Europe, and the busiest in any country outside East Asia and Southeast Asia, behind only China and Singapore.
8006:123146152964096::Thread-200 2020-08-09 18:59:46.701 - According to Catholic teaching, in Matthew 16 (Matthew 16:18) Jesus promised Peter a special position in the Church.
8003:123146152964096::Thread-200 2020-08-09 18:59:46.883 - Argentina's home stadium is Estadio Monumental Antonio Vespucio Liberti in Buenos Aires.
8003:123146152964096::Thread-200 2020-08-09 18:59:47.024 - La Selección (national team), also known as the La Albiceleste, has appeared in five World Cup finals, including the first final in 1930, which they lost 4–2 to Uruguay.
8004:123146152964096::Thread-200 2020-08-09 18:59:47.209 - He is widely considered one of the greatest players in National Basketball Association (NBA) history.
8006:123146152964096::Thread-200 2020-08-09 18:59:47.217 - Two general epistles in the New Testament are ascribed to Peter, but modern scholars generally reject the Petrine authorship of both.
8002:123146152964096::Thread-200 2020-08-09 18:59:47.313 - Amsterdam Airport Schiphol is the busiest airport in the Netherlands, and the third busiest in Europe.
8004:123146152964096::Thread-200 2020-08-09 18:59:47.57 - At 7 ft 1 in (2.16 m) tall and 325 pounds (147 kg), he was one of the tallest and heaviest players ever.
8005:123146152964096::Thread-200 2020-08-09 18:59:47.659 - The English language, the Anglican Church, and English law – the basis for the common law legal systems of many other countries around the world – developed in England, and the country's parliamentary system of government has been widely adopted by other nations.
8005:123146152964096::Thread-200 2020-08-09 18:59:48.249 - The Industrial Revolution began in 18th-century England, transforming its society into the world's first industrialised nation.England's terrain is chiefly low hills and plains, especially in central and southern England.
8002:123146152964096::Thread-200 2020-08-09 18:59:48.263 - The country is a founding member of the EU, Eurozone, G10, NATO, OECD and WTO, as well as a part of the Schengen Area and the trilateral Benelux Union.
8002:123146152964096::Thread-200 2020-08-09 18:59:48.499 - It hosts several intergovernmental organisations and international courts, many of which are centered in The Hague, which is consequently dubbed 'the world's legal capital'.Netherlands literally means "lower countries" in reference to its low elevation and flat topography, with only about 50% of its land exceeding 1 metre (3 ft 3 in) above sea level, and nearly 17% falling below sea level.
8004:123146152964096::Thread-200 2020-08-09 18:59:48.547 - O'Neal played for six teams over his 19-year career.
8003:123146152964096::Thread-200 2020-08-09 18:59:48.549 - Argentina won in their next final appearance in 1978, beating the Netherlands at extra time, 3–1.
8004:123146152964096::Thread-200 2020-08-09 18:59:48.558 - Following his time at Louisiana State University, O'Neal was drafted by the Orlando Magic with the first overall pick in the 1992 NBA draft.
8003:123146152964096::Thread-200 2020-08-09 18:59:48.572 - Argentina won again in 1986, through a 3–2 victory over West Germany, and a tournament campaign led by Diego Maradona.
8006:123146152964096::Thread-200 2020-08-09 18:59:49.1 - The Gospel of Mark was traditionally thought to show the influence of Peter's preaching and eyewitness memories.
8003:123146152964096::Thread-200 2020-08-09 18:59:49.293 - They made the World Cup finals once more in 1990, and lost 1–0 to West Germany following a controversial penalty call in the 87th minute.
8004:123146152964096::Thread-200 2020-08-09 18:59:50.039 - He quickly became one of the best centers in the league, winning Rookie of the Year in 1992–93 and leading his team to the 1995 NBA Finals.
8005:123146152964096::Thread-200 2020-08-09 18:59:50.25 - **END**
8003:123146152964096::Thread-200 2020-08-09 18:59:50.47 - Argentina, led by Lionel Messi, made their fifth appearance in a World Cup final in 2014, again losing to Germany, 1–0 during extra-time.
8006:123146152964096::Thread-200 2020-08-09 18:59:50.799 - Several other books bearing his name‍—‌the Acts of Peter, Gospel of Peter, Preaching of Peter, Apocalypse of Peter, and Judgment of Peter‍—‌are considered by Christian denominations as apocryphal, and are thus not included in their Bible canons.
8003:123146152964096::Thread-200 2020-08-09 18:59:50.848 - Argentina's World Cup winning managers are César Luis Menotti in 1978 and Carlos Bilardo in 1986.
8004:123146152964096::Thread-200 2020-08-09 18:59:51.183 - After four years with the Magic, O'Neal signed as a free agent with the Los Angeles Lakers.
8006:123146152964096::Thread-200 2020-08-09 18:59:51.239 - Names and etymologies

Peter's original name, as indicated in the New Testament, was "Simon" (Σίμων Simōn in Greek) or (only in Acts 15:14 and 2 Peter 1:1) "Simeon" (Συμεών in Greek).
8004:123146152964096::Thread-200 2020-08-09 18:59:51.562 - They won three consecutive championships in 2000, 2001, and 2002.
8003:123146152964096::Thread-200 2020-08-09 18:59:52.525 - Argentina has also been very successful in the Copa América, winning it 14 times, second only to Uruguay.
8004:123146152964096::Thread-200 2020-08-09 18:59:53.256 - Amid tension between O'Neal and Kobe Bryant, O'Neal was traded to the Miami Heat in 2004, and his fourth NBA championship followed in 2006.
8004:123146152964096::Thread-200 2020-08-09 18:59:53.274 - Midway through the 2007–2008 season he was traded to the Phoenix Suns.
8002:123146152964096::Thread-200 2020-08-09 18:59:53.502 - **END**
8003:123146152964096::Thread-200 2020-08-09 18:59:53.798 - The team also won the 1992 FIFA Confederations Cup and the 1993 Artemio Franchi Trophy.
8004:123146152964096::Thread-200 2020-08-09 18:59:54.314 - After a season-and-a-half with the Suns, O'Neal was traded to the Cleveland Cavaliers in the 2009–10 season.
8006:123146152964096::Thread-200 2020-08-09 18:59:55.26 - **END**
8004:123146152964096::Thread-200 2020-08-09 18:59:56.316 - **END**
8003:123146152964096::Thread-200 2020-08-09 18:59:58.8 - **END**
8006:123146152964096::Thread-200 2020-08-09 18:59:59.261 - **START**
8006:123146152964096::Thread-200 2020-08-09 18:59:59.287 - Starting new HTTPS connection (1): en.wikipedia.org
8006:123146152964096::Thread-200 2020-08-09 19:00:02.729 - Tori Black (born August 26, 1988) is an American pornographic actress.
8006:123146152964096::Thread-200 2020-08-09 19:00:04.021 - In 2011, she became the first person to win the Female Performer of the Year at the Adult Video News Awards two years in a row.
8005:123146152964096::Thread-200 2020-08-09 19:00:04.251 - **START**
8005:123146152964096::Thread-200 2020-08-09 19:00:04.263 - Starting new HTTPS connection (1): en.wikipedia.org
8003:123146152964096::Thread-200 2020-08-09 19:00:04.803 - **START**
8003:123146152964096::Thread-200 2020-08-09 19:00:04.807 - Starting new HTTPS connection (1): en.wikipedia.org
8002:123146152964096::Thread-200 2020-08-09 19:00:05.504 - **START**
8002:123146152964096::Thread-200 2020-08-09 19:00:05.514 - Starting new HTTPS connection (1): en.wikipedia.org
8005:123146152964096::Thread-200 2020-08-09 19:00:05.954 - Sasha Grey (born Marina Ann Hantzis, March 14, 1988) is an American actress, musician, model, and writer.
8002:123146152964096::Thread-200 2020-08-09 19:00:06.11 - Dexter is an American crime drama mystery television series that aired on Showtime from October 1, 2006, to September 22, 2013.
8002:123146152964096::Thread-200 2020-08-09 19:00:06.777 - Set in Miami, the series centers on Dexter Morgan (Michael C. Hall), a forensic technician specializing in bloodstain pattern analysis for the fictional Miami Metro Police Department, who leads a secret parallel life as a vigilante serial killer, hunting down murderers who have slipped through the cracks of the justice system.
8003:123146152964096::Thread-200 2020-08-09 19:00:06.795 - The Brazil national football team (Portuguese: Seleção Brasileira de Futebol) represents Brazil in men's international football and is administered by the Brazilian Football Confederation (CBF), the governing body for football in Brazil.
8006:123146152964096::Thread-200 2020-08-09 19:00:06.917 - Early life
Black did an undergraduate course in journalism at Western Washington University.
8002:123146152964096::Thread-200 2020-08-09 19:00:07.164 - The show's first season was derived from the novel Darkly Dreaming Dexter (2004), the first in a series of novels by Jeff Lindsay.
8005:123146152964096::Thread-200 2020-08-09 19:00:07.35 - Grey began her acting career in the pornographic film industry, winning 15 awards for her work between 2007 and 2010, including the AVN Award for Female Performer of the Year in 2008.Grey has been featured in music videos, documentaries, advertising campaigns, artworks, and magazines.
8002:123146152964096::Thread-200 2020-08-09 19:00:07.515 - It was adapted for television by screenwriter James Manos Jr., who wrote the first episode.
8002:123146152964096::Thread-200 2020-08-09 19:00:08.474 - Subsequent seasons evolved independently of Lindsay's works.
8006:123146152964096::Thread-200 2020-08-09 19:00:08.501 - Career
Black started her career at age 18 in Fort Lauderdale, Florida, where she was on a summer vacation while attending college.
8002:123146152964096::Thread-200 2020-08-09 19:00:08.666 - In February 2008, reruns (edited down to a TV-14 rating) began to air on CBS in the wake of the shortage of original programming ensuing from the 2007–08 Writers Guild of America strike, thus the reruns on CBS ended after one run of the first season.
8005:123146152964096::Thread-200 2020-08-09 19:00:08.765 - After her 2009 feature film debut as the lead in Steven Soderbergh's The Girlfriend Experience, she starred in independent films including Open Windows, the Canadian black comedy horror film Smash Cut and the horror film Would You Rather.
8003:123146152964096::Thread-200 2020-08-09 19:00:09.369 - They have been a member of FIFA since 1923 and a member of CONMEBOL since 1916.
8002:123146152964096::Thread-200 2020-08-09 19:00:09.416 - The series enjoyed mostly positive reviews throughout its run and popularity.
8002:123146152964096::Thread-200 2020-08-09 19:00:10.259 - The first four seasons have received universal acclaim, although reception dropped drastically as the series progressed.
8005:123146152964096::Thread-200 2020-08-09 19:00:10.441 - In 2011, she played a fictionalized version of herself in the HBO comedy-drama series Entourage.
8002:123146152964096::Thread-200 2020-08-09 19:00:10.93 - The show has also won many awards, including two Golden Globe awards won by Hall and John Lithgow for their roles as Dexter Morgan and Arthur Mitchell, respectively.
8002:123146152964096::Thread-200 2020-08-09 19:00:10.949 - Season four aired its season finale on December 13, 2009, to a record-breaking audience of 2.6 million viewers, making it the most-watched original series episode ever on Showtime at that time.In April 2013, Showtime announced that season eight would be the final season of Dexter.
8003:123146152964096::Thread-200 2020-08-09 19:00:11.271 - Brazil is the most successful national team in the FIFA World Cup, being crowned winner five times: 1958, 1962, 1970, 1994 and 2002.
8006:123146152964096::Thread-200 2020-08-09 19:00:11.466 - At her parents' insistence on getting a job, Black saw an advertisement for an adult talent agency and sent in her pictures.
8006:123146152964096::Thread-200 2020-08-09 19:00:11.493 - The agency accepted and, after considering their offer, Black accepted and returned to the agency a week later.
8006:123146152964096::Thread-200 2020-08-09 19:00:12.164 - Black's first scene was a solo shaving video for The Score Group, which was filmed in 2007.
8005:123146152964096::Thread-200 2020-08-09 19:00:12.291 - Grey was a co-founder, singer, and writer of aTelecine, an industrial music band.
8004:123146152964096::Thread-200 2020-08-09 19:00:12.32 - **START**
8004:123146152964096::Thread-200 2020-08-09 19:00:12.325 - Starting new HTTPS connection (1): en.wikipedia.org
8003:123146152964096::Thread-200 2020-08-09 19:00:12.956 - Brazil also has the best overall performance in the World Cup, both in proportional and absolute terms, with a record of 73 victories in 109 matches played, 124 goal difference, 237 points, and 18 losses.
8004:123146152964096::Thread-200 2020-08-09 19:00:12.999 - Virat Kohli (pronunciation ; born 5 November 1988) is an Indian cricketer and the current captain of the India national team.
8005:123146152964096::Thread-200 2020-08-09 19:00:13.356 - She is the author of The Juliette Society trilogy of novels and also writes, directs, and co-produces films and music videos.
8004:123146152964096::Thread-200 2020-08-09 19:00:13.785 - A right-handed top-order batsman, Kohli is regarded as one of the best batsmen in the world.
8004:123146152964096::Thread-200 2020-08-09 19:00:13.849 - He plays for Royal Challengers Bangalore in the Indian Premier League (IPL), and has been the team's captain since 2013.
8004:123146152964096::Thread-200 2020-08-09 19:00:13.877 - Since October 2017, he has been the top-ranked ODI batsman in the world and is currently 2nd in Test rankings with 886 points.
8002:123146152964096::Thread-200 2020-08-09 19:00:13.951 - **END**
8004:123146152964096::Thread-200 2020-08-09 19:00:14.073 - Among Indian batsmen, Kohli has the best ever Test rating (937 points), ODI rating (911 points) and T20I rating (897 points).
8003:123146152964096::Thread-200 2020-08-09 19:00:14.364 - Brazil is the only national team to have played in all World Cup editions without any absence nor need for playoffs.In relation to ranking standings Brazil fare well, having the all-time highest average football Elo rating system since 1970, and the fourth all-time peak football Elo Rating established in 1962.
8006:123146152964096::Thread-200 2020-08-09 19:00:14.959 - She was the Penthouse Pet of the Month for December 2008.Black is the first person in history to win two AVN Female Performer of the Year Awards, winning back-to-back years in 2010 and 2011.
8005:123146152964096::Thread-200 2020-08-09 19:00:14.971 - Early life
Grey, whose original name is Marina Ann Hantzis, was born in North Highlands, California into a working-class family.
8004:123146152964096::Thread-200 2020-08-09 19:00:15.038 - Kohli captained India Under-19s to victory at the 2008 Under-19 World Cup in Malaysia.
8006:123146152964096::Thread-200 2020-08-09 19:00:15.326 - She also won the 2010 and 2011 XRCO Awards for Female Performer of the Year.
8003:123146152964096::Thread-200 2020-08-09 19:00:15.72 - In FIFA's own ranking, Brazil holds the record for most Team of the Year wins with 12.
8004:123146152964096::Thread-200 2020-08-09 19:00:15.959 - After a few months later, he made his ODI debut for India against Sri Lanka at the age of 19.
8005:123146152964096::Thread-200 2020-08-09 19:00:16.449 - Her father was a Greek-American who worked as a mechanic and died in June 2015.
8005:123146152964096::Thread-200 2020-08-09 19:00:16.457 - Her mother is of English, Irish, and Polish descent.
8004:123146152964096::Thread-200 2020-08-09 19:00:16.923 - Initially having played as a reserve batsman in the Indian team, he soon established himself as a regular in the ODI middle-order and was part of the squad that won the 2011 World Cup.
8004:123146152964096::Thread-200 2020-08-09 19:00:17.324 - He made his Test debut in 2011 and shrugged off the tag of "ODI specialist" by 2013 with Test hundreds in Australia and South Africa.
8004:123146152964096::Thread-200 2020-08-09 19:00:17.574 - Having reached the number one spot in the ICC rankings for ODI batsmen for the first time in 2013, Kohli also found success in the Twenty20 format, winning the Man of the Tournament twice at the ICC World Twenty20 (in 2014 and 2016).
8005:123146152964096::Thread-200 2020-08-09 19:00:17.94 - Grey's parents divorced before she started middle school and she was subsequently raised by her mother, who remarried in 2000.
8006:123146152964096::Thread-200 2020-08-09 19:00:17.999 - In 2010, she was named by Maxim as one of the 12 top female stars in porn.
8003:123146152964096::Thread-200 2020-08-09 19:00:18.476 - Many commentators, experts and former players have considered the Brazil team of 1970 to be the greatest football team ever.
8003:123146152964096::Thread-200 2020-08-09 19:00:19.174 - Other Brazilian teams are also highly estimated and regularly appear listed among the best teams of all time, such as the Brazil teams of 1958–62, with honorary mentions for the gifted 1982 side.Brazil is the only national team to have won the World Cup on four different continents: once in Europe (1958 Sweden), once in South America (1962 Chile), twice in North America (1970 Mexico and 1994 United States) and once in Asia (2002 Korea/Japan).
8003:123146152964096::Thread-200 2020-08-09 19:00:19.679 - They share with France and Argentina the feat to have won the three most important men's football titles recognized by FIFA: the World Cup, the Confederations Cup, and the Olympic tournament.
8003:123146152964096::Thread-200 2020-08-09 19:00:20.005 - They also share with Spain a record of 35 consecutive matches undefeated.Brazil has many rivals due to its successes, with notable rivalries with Argentina—known as the Superclássico das Américas in Portuguese, Italy—known as the Clásico Mundial in Spanish or the World Derby in English, Uruguay due to the traumatic Maracanazo, France (due to the fact that they usually have difficulties against France in World Cups), and Netherlands, due to the several important meetings between the two teams at World Cups, and the style of play of the two teams being considered similar.
8004:123146152964096::Thread-200 2020-08-09 19:00:20.577 - **END**
8005:123146152964096::Thread-200 2020-08-09 19:00:20.941 - **END**
8003:123146152964096::Thread-200 2020-08-09 19:00:24.007 - **END**
8006:123146152964096::Thread-200 2020-08-09 19:00:25.004 - **END**