8006:123146237095936::Thread-220 2020-08-09 18:59:26.292 - **START**
8003:123146237095936::Thread-220 2020-08-09 18:59:26.313 - **START**
8006:123146237095936::Thread-220 2020-08-09 18:59:26.419 - Starting new HTTPS connection (1): en.wikipedia.org
8003:123146237095936::Thread-220 2020-08-09 18:59:26.425 - Starting new HTTPS connection (1): en.wikipedia.org
8006:123146237095936::Thread-220 2020-08-09 18:59:27.762 - Liverpool Football Club is a professional football club in Liverpool, England, that competes in the Premier League, the top tier of English football.
8004:123146237095936::Thread-220 2020-08-09 18:59:28.266 - **START**
8004:123146237095936::Thread-220 2020-08-09 18:59:28.423 - Starting new HTTPS connection (1): en.wikipedia.org
8006:123146237095936::Thread-220 2020-08-09 18:59:28.595 - Domestically, the club has won nineteen League titles, seven FA Cups, a record eight League Cups and fifteen FA Community Shields.
8002:123146237095936::Thread-220 2020-08-09 18:59:29.366 - **START**
8002:123146237095936::Thread-220 2020-08-09 18:59:29.862 - Starting new HTTPS connection (1): en.wikipedia.org
8006:123146237095936::Thread-220 2020-08-09 18:59:30.038 - In international competitions, the club has won six European Cups, more than any other English club, three UEFA Cups, four UEFA Super Cups (also English records) and one FIFA Club World Cup.
8005:123146237095936::Thread-220 2020-08-09 18:59:30.25 - **START**
8004:123146237095936::Thread-220 2020-08-09 18:59:30.306 - Osama bin Mohammed bin Awad bin Laden  (Arabic: أسامة بن محمد بن عوض بن لادن‎, Usāmah bin Muḥammad bin ʿAwaḍ bin Lādin; March 10, 1957 – May 2, 2011), also rendered Usama bin Ladin, was a founder of the pan-Islamic militant organization al-Qaeda, designated as a terrorist group by the United Nations Security Council, the North Atlantic Treaty Organization (NATO), the European Union, and various countries.
8004:123146237095936::Thread-220 2020-08-09 18:59:30.551 - He was a Saudi Arabian citizen until 1994 (stateless thereafter) and a member of the wealthy bin Laden family.
8005:123146237095936::Thread-220 2020-08-09 18:59:30.961 - Starting new HTTPS connection (1): en.wikipedia.org
8003:123146237095936::Thread-220 2020-08-09 18:59:31.391 - Jennifer Lynn Lopez (born July 24, 1969), also known by her nickname J.Lo, is an American actress, singer, dancer, fashion designer, producer, and businesswoman.
8003:123146237095936::Thread-220 2020-08-09 18:59:31.52 - In 1991, Lopez began appearing as a Fly Girl dancer on In Living Color, where she remained a regular until she decided to pursue an acting career in 1993.
8004:123146237095936::Thread-220 2020-08-09 18:59:31.643 - Bin Laden's father was Mohammed bin Awad bin Laden, a Saudi millionaire from Hadhramaut, Yemen, and the founder of the construction company, Saudi Binladin Group.
8002:123146237095936::Thread-220 2020-08-09 18:59:31.731 - The Rigveda (Sanskrit: ऋग्वेदः ṛgvedaḥ, from ṛc "praise" and veda "knowledge") is an ancient Indian collection of Vedic Sanskrit hymns.
8004:123146237095936::Thread-220 2020-08-09 18:59:32.193 - His mother, Alia Ghanem, was from a secular middle-class family in Latakia, Syria.
8003:123146237095936::Thread-220 2020-08-09 18:59:32.463 - For her first leading role in the 1997 Selena biopic of the same name, Lopez became the first Latin actress to earn over US$1 million for a film.
8002:123146237095936::Thread-220 2020-08-09 18:59:32.641 - It is one of the four sacred canonical texts (śruti) of Hinduism known as the Vedas.The Rigveda is the oldest known Vedic Sanskrit text.
8003:123146237095936::Thread-220 2020-08-09 18:59:32.775 - She went on to star in Anaconda (1997) and Out of Sight (1998), later establishing herself as the highest-paid Latin actress in Hollywood.Lopez ventured into the music industry with her debut studio album On the 6 (1999), which helped propel the Latin pop movement in American music.
8006:123146237095936::Thread-220 2020-08-09 18:59:32.927 - Founded in 1892, the club joined the Football League the following year and has played at Anfield since its formation.
8005:123146237095936::Thread-220 2020-08-09 18:59:33.271 - Stoya is an American pornographic actress, actress, model and writer.
8003:123146237095936::Thread-220 2020-08-09 18:59:33.329 - With the simultaneous release of her second studio album J.Lo and her romantic comedy The Wedding Planner in 2001, Lopez became the first woman to have a number-one album and film in the same week.
8003:123146237095936::Thread-220 2020-08-09 18:59:33.798 - Her 2002 remix album, J to tha L–O!
8004:123146237095936::Thread-220 2020-08-09 18:59:33.873 - He was born in Saudi Arabia and studied at university in the country until 1979, when he joined Mujahideen forces in Pakistan fighting against the Soviet Union in Afghanistan.
8005:123146237095936::Thread-220 2020-08-09 18:59:34.028 - Early life
Stoya was born to a Scottish father and a Serbian mother.
8003:123146237095936::Thread-220 2020-08-09 18:59:34.587 - The Remixes, became the first in history to debut atop the US Billboard 200.
8003:123146237095936::Thread-220 2020-08-09 18:59:34.762 - Later that year, she released her third studio album This Is Me... Then, and starred in the US box office number-one Maid in Manhattan.
8002:123146237095936::Thread-220 2020-08-09 18:59:34.839 - Its early layers are one of the oldest extant texts in any Indo-European language.
8004:123146237095936::Thread-220 2020-08-09 18:59:34.998 - He helped to fund the Mujahideen by funneling arms, money and fighters from the Arab world into Afghanistan, and gained popularity among many Arabs.
8002:123146237095936::Thread-220 2020-08-09 18:59:35.14 - The sounds and texts of Rigveda have been orally transmitted since the 2nd millennium BCE.
8002:123146237095936::Thread-220 2020-08-09 18:59:35.409 - The Philological and linguistic evidence indicates that the bulk of the Rigveda Samhita was composed in the northwestern region (Punjab) of the Indian subcontinent, most likely between c. 1500 and 1200 BC, although a wider approximation of c. 1700–1100 BC has also been given.The text is layered consisting of the Samhita, Brahmanas, Aranyakas and Upanishads.
8006:123146237095936::Thread-220 2020-08-09 18:59:35.46 - Liverpool established itself as a major force in English and European football in the 1970s and 1980s, when Bill Shankly, Bob Paisley, Joe Fagan and Kenny Dalglish led the club to a combined eleven League titles and four European Cups.
8003:123146237095936::Thread-220 2020-08-09 18:59:35.56 - After starring in Gigli (2003), a critical and commercial failure, Lopez subsequently starred in the successful romantic comedies Shall We Dance?
8006:123146237095936::Thread-220 2020-08-09 18:59:35.84 - Liverpool won two further European Cups in 2005 and 2019 under the management of Rafael Benítez and Jürgen Klopp, respectively, the latter of whom led Liverpool to a nineteenth League title in 2020, the club's first during the Premier League era.
8005:123146237095936::Thread-220 2020-08-09 18:59:36.499 - As a child, she wanted to become a dancer, starting dance lessons at the age of three.
8004:123146237095936::Thread-220 2020-08-09 18:59:36.898 - In 1988, he formed al-Qaeda.
8005:123146237095936::Thread-220 2020-08-09 18:59:37.092 - She was home-schooled and received her high-school diploma before the age of sixteen.
8004:123146237095936::Thread-220 2020-08-09 18:59:37.448 - He was banished from Saudi Arabia in 1992, and shifted his base to Sudan, until U.S. pressure forced him to leave Sudan in 1996.
8003:123146237095936::Thread-220 2020-08-09 18:59:37.633 - **END**
8006:123146237095936::Thread-220 2020-08-09 18:59:37.646 - One of the most widely supported teams in the world, in 2019, Liverpool was the world's seventh highest-earning football club, with an annual revenue of €604 million, and the world's eighth most valuable football club, valued at $2.183 billion.
8006:123146237095936::Thread-220 2020-08-09 18:59:37.717 - Liverpool has long-standing rivalries with Manchester United and Everton.
8002:123146237095936::Thread-220 2020-08-09 18:59:38.1 - The Rigveda Samhita is the core text, and is a collection of 10 books (maṇḍalas) with 1,028 hymns (sūktas) in about 10,600 verses (called ṛc, eponymous of the name Rigveda).
8004:123146237095936::Thread-220 2020-08-09 18:59:38.369 - After establishing a new base in Afghanistan, he declared a war against the United States, initiating a series of bombings and related attacks.
8002:123146237095936::Thread-220 2020-08-09 18:59:39.518 - In the eight books – Books 2 through 9 – that were composed the earliest, the hymns predominantly discuss cosmology and praise deities.
8004:123146237095936::Thread-220 2020-08-09 18:59:39.728 - Bin Laden was on the American Federal Bureau of Investigation's (FBI) lists of Ten Most Wanted Fugitives and Most Wanted Terrorists for his involvement in the 1998 U.S. embassy bombings.Bin Laden is most well known for his role in masterminding the September 11 attacks, which resulted in the deaths of nearly 3,000 and prompted the United States to initiate the War on Terror.
8005:123146237095936::Thread-220 2020-08-09 18:59:40.06 - Because her father worked in IT, Stoya had access to a lot of electronics and gaming equipment, which she says developed her love for technology.
8005:123146237095936::Thread-220 2020-08-09 18:59:40.302 - "I was three when I was using DOS.
8006:123146237095936::Thread-220 2020-08-09 18:59:40.404 - The team changed from red shirts and white shorts to an all-red home strip in 1964 which has been used ever since.
8002:123146237095936::Thread-220 2020-08-09 18:59:41.82 - The younger books (Books 1 and 10) in part also deal with philosophical or speculative questions, virtues such as dāna (charity) in society, questions about the origin of the universe and the nature of god, and other metaphysical issues in their hymns.Some of its verses continue to be recited during Hindu rites of passage celebrations (such as weddings) and prayers, making it probably the world's oldest religious text in continued use.
8006:123146237095936::Thread-220 2020-08-09 18:59:42.475 - The club's anthem is "You'll Never Walk Alone".
8005:123146237095936::Thread-220 2020-08-09 18:59:42.798 - My mom taught me how to read, and my dad taught me how to navigate DOS", she has said.After relocating to Philadelphia, she attended a summer program at UArts.
8003:123146237095936::Thread-220 2020-08-09 18:59:42.807 - **START**
8003:123146237095936::Thread-220 2020-08-09 18:59:43.274 - Starting new HTTPS connection (1): en.wikipedia.org
8005:123146237095936::Thread-220 2020-08-09 18:59:43.749 - Some of her jobs in Philadelphia included being a secretary, flier distributor, and a go-go dancer.
8002:123146237095936::Thread-220 2020-08-09 18:59:44.334 - Dating & Timeline

According to Jamison and Brereton, in their 2014 translation of the Rigveda, the dating of this text "has been and is likely to remain a matter of contention and reconsideration".
8005:123146237095936::Thread-220 2020-08-09 18:59:44.472 - Stoya appeared in several music videos for bands that, according to her, "no one will ever hear of."
8003:123146237095936::Thread-220 2020-08-09 18:59:44.759 - Billie Eilish Pirate Baird O'Connell ( EYE-lish; born December 18, 2001) is an American singer and songwriter.
8003:123146237095936::Thread-220 2020-08-09 18:59:45.213 - She first gained attention in 2015 when she uploaded the song "Ocean Eyes" to SoundCloud, which was subsequently released by the Interscope Records subsidiary Darkroom.
8003:123146237095936::Thread-220 2020-08-09 18:59:45.239 - The song was written and produced by her brother Finneas, with whom she collaborates on music and live shows.
8003:123146237095936::Thread-220 2020-08-09 18:59:46.026 - Her debut EP, Don't Smile at Me (2017), became a sleeper hit, reaching the top 15 in the US, UK, Canada, and Australia.
8005:123146237095936::Thread-220 2020-08-09 18:59:47.281 - In May 2009, Stoya said that she would be moving from Philadelphia and relocating to Los Angeles in the fall of that year.
8003:123146237095936::Thread-220 2020-08-09 18:59:47.69 - Eilish's debut studio album, When We All Fall Asleep, Where Do We Go?
8003:123146237095936::Thread-220 2020-08-09 18:59:47.741 - (2019), debuted atop the Billboard 200 and became the best-performing album of 2019 in the US.
8004:123146237095936::Thread-220 2020-08-09 18:59:47.807 - **END**
8003:123146237095936::Thread-220 2020-08-09 18:59:48.775 - It also reached number one in the UK.
8005:123146237095936::Thread-220 2020-08-09 18:59:49.287 - Career
Stoya began posing for adult pictures for a friend, which eventually led her to modelling and working for alt-erotic websites.
8002:123146237095936::Thread-220 2020-08-09 18:59:49.342 - **END**
8006:123146237095936::Thread-220 2020-08-09 18:59:49.5 - **END**
8003:123146237095936::Thread-220 2020-08-09 18:59:49.896 - The album contains six Billboard Hot 100 top 40 singles: "When the Party's Over", "Bury a Friend", "Wish You Were Gay", "Xanny", "Everything I Wanted", and "Bad Guy", the last of which became her first number one single in the US.
8003:123146237095936::Thread-220 2020-08-09 18:59:51.144 - In 2020, she performed the theme song "No Time to Die" for the James Bond film of the same name, which became her first to peak at number one in the UK.
8005:123146237095936::Thread-220 2020-08-09 18:59:51.798 - She chose her stage name based on a shortened version of her grandmother's Serbian maiden name and trademarked the name in 2009.Stoya was featured in two DVD productions for Razordolls, and she made a non-sex, cameo appearance in two Vivid Alt titles before being contacted by Digital Playground with a proposition to perform in a hardcore lesbian scene with Sophia Santi.
8003:123146237095936::Thread-220 2020-08-09 18:59:52.139 - Her accolades include five Grammy Awards, two American Music Awards, two Guinness World Records, three MTV Video Music Awards, and one Brit Award.
8003:123146237095936::Thread-220 2020-08-09 18:59:53.125 - She is the youngest person and second person ever to win the four main Grammy categories – Best New Artist, Record of the Year, Song of the Year and Album of the Year – in the same year.
8003:123146237095936::Thread-220 2020-08-09 18:59:53.837 - In 2019, Time magazine placed her on their inaugural "Time 100 Next" list.
8006:123146237095936::Thread-220 2020-08-09 18:59:54.504 - **START**
8006:123146237095936::Thread-220 2020-08-09 18:59:54.515 - Starting new HTTPS connection (1): en.wikipedia.org
8006:123146237095936::Thread-220 2020-08-09 18:59:55.338 - The Celtic Football Club ( SEL-tik) is a Scottish professional football club based in Glasgow, which plays in the Scottish Premiership.
8003:123146237095936::Thread-220 2020-08-09 18:59:55.706 - Additionally, Eilish is the 23rd biggest artist of the digital singles era, according to the Recording Industry Association of America, selling 37.5 million singles in the US alone.
8006:123146237095936::Thread-220 2020-08-09 18:59:56.021 - The club was founded in 1887 with the purpose of alleviating poverty in the immigrant Irish population in the East End of Glasgow.
8006:123146237095936::Thread-220 2020-08-09 18:59:56.374 - They played their first match in May 1888, a friendly match against Rangers which Celtic won 5–2.
8003:123146237095936::Thread-220 2020-08-09 18:59:56.548 - Early life

O'Connell was born in Los Angeles, California, on December 18, 2001.
8005:123146237095936::Thread-220 2020-08-09 18:59:56.801 - **END**
8004:123146237095936::Thread-220 2020-08-09 18:59:56.808 - **START**
8004:123146237095936::Thread-220 2020-08-09 18:59:56.818 - Starting new HTTPS connection (1): en.wikipedia.org
8006:123146237095936::Thread-220 2020-08-09 18:59:56.951 - Celtic established themselves within Scottish football, winning six successive league titles during the first decade of the 20th century.
8003:123146237095936::Thread-220 2020-08-09 18:59:57.549 - **END**
8006:123146237095936::Thread-220 2020-08-09 18:59:57.72 - The club enjoyed their greatest successes during the 1960s and 70s under Jock Stein when they won nine consecutive league titles and the 1967 European Cup.
8004:123146237095936::Thread-220 2020-08-09 18:59:57.737 - Jacqueline Marie Evancho ( ee-VANG-koh; born April 9, 2000) is an American classical crossover singer who gained wide recognition at an early age.
8003:123146237095936::Thread-220 2020-08-09 18:59:58.552 - **START**
8004:123146237095936::Thread-220 2020-08-09 18:59:58.583 - Since 2009, she has issued a platinum-selling EP and eight albums, including three Billboard 200 top 10 debuts.
8003:123146237095936::Thread-220 2020-08-09 18:59:58.584 - Starting new HTTPS connection (1): en.wikipedia.org
8006:123146237095936::Thread-220 2020-08-09 18:59:58.618 - Celtic have played in green and white for the entirety of its history, adopting hoops in 1903, those being used ever since.
8006:123146237095936::Thread-220 2020-08-09 18:59:59.269 - Celtic are one of only five clubs in the world (which also includes their rivals Rangers) to have won over 100 trophies in their history.
8006:123146237095936::Thread-220 2020-08-09 18:59:59.478 - The club has won the Scottish league championship 51 times, most recently in 2019–20, the Scottish Cup 39 times and the Scottish League Cup 19 times.
8006:123146237095936::Thread-220 2020-08-09 18:59:59.759 - The club's greatest season was 1966–67, when Celtic became the first British team to win the European Cup, also winning the Scottish league championship, the Scottish Cup, the League Cup and the Glasgow Cup.
8004:123146237095936::Thread-220 2020-08-09 19:00:00.126 - She has also been the subject of three solo PBS concert specials.
8006:123146237095936::Thread-220 2020-08-09 19:00:00.677 - Celtic also reached the 1970 European Cup Final and the 2003 UEFA Cup Final, losing in both.
8003:123146237095936::Thread-220 2020-08-09 19:00:00.898 - Orenthal James Simpson (born July 9, 1947), nicknamed "The Juice", is an American former football running back, broadcaster, actor, advertising spokesman, and convicted felon.
8004:123146237095936::Thread-220 2020-08-09 19:00:01.982 - Between 2008 and 2010, Evancho entered talent competitions, sang the US national anthem at a Pittsburgh Pirates baseball game, issued her first album, Prelude to a Dream, and attracted interest on YouTube.
8003:123146237095936::Thread-220 2020-08-09 19:00:02.012 - Once a popular figure with the U.S. public, he is best known for being tried for the murders of his former wife, Nicole Brown Simpson, and her friend, Ron Goldman.
8003:123146237095936::Thread-220 2020-08-09 19:00:02.455 - Simpson was acquitted of the murders in criminal court, but was later found responsible for both deaths in a civil trial.
8006:123146237095936::Thread-220 2020-08-09 19:00:02.685 - **END**
8004:123146237095936::Thread-220 2020-08-09 19:00:03.362 - In 2010, at the age of ten, she gained wide notice with her 2nd-place finish in the fifth season of America's Got Talent.
8003:123146237095936::Thread-220 2020-08-09 19:00:03.371 - Simpson attended the University of Southern California (USC), where he played football for the USC Trojans and won the Heisman Trophy in 1968.
8002:123146237095936::Thread-220 2020-08-09 19:00:04.348 - **START**
8003:123146237095936::Thread-220 2020-08-09 19:00:04.354 - He played professionally as a running back in the National Football League (NFL) for 11 seasons, primarily with the Buffalo Bills from 1969 to 1977.
8002:123146237095936::Thread-220 2020-08-09 19:00:04.355 - Starting new HTTPS connection (1): en.wikipedia.org
8004:123146237095936::Thread-220 2020-08-09 19:00:05.342 - With the 2010 holiday release of her O Holy Night EP, Evancho became the best-selling debut artist of 2010, the youngest top-10 debut artist in US history and the youngest solo artist ever to go platinum in the US.
8002:123146237095936::Thread-220 2020-08-09 19:00:05.923 - Augustus (Imperator Caesar divi filius Augustus; 23 September 63 BC – 19 August AD 14) was a Roman statesman and military leader who became the first emperor of the Roman Empire, reigning from 27 BC until his death in AD 14.
8003:123146237095936::Thread-220 2020-08-09 19:00:06.225 - He also played for the San Francisco 49ers from 1978 to 1979.
8004:123146237095936::Thread-220 2020-08-09 19:00:06.574 - In 2011, her first full-length album, Dream with Me debuted at No.
8004:123146237095936::Thread-220 2020-08-09 19:00:06.864 - 2 on the Billboard 200 chart, and she became the youngest top-5 debut artist in UK history.
8003:123146237095936::Thread-220 2020-08-09 19:00:07.489 - In 1973, he became the first NFL player to rush for more than 2,000 yards in a season.
8002:123146237095936::Thread-220 2020-08-09 19:00:07.62 - He was the first ruler of the Julio-Claudian dynasty.
8003:123146237095936::Thread-220 2020-08-09 19:00:08.268 - He holds the record for the single season yards-per-game average, which stands at 143.1.
8004:123146237095936::Thread-220 2020-08-09 19:00:08.616 - Billboard ranked Evancho the top Classical Albums Artist for 2011.
8002:123146237095936::Thread-220 2020-08-09 19:00:09.298 - His status as the founder of the Roman Principate has consolidated an enduring legacy as one of the most effective and controversial leaders in human history.
8002:123146237095936::Thread-220 2020-08-09 19:00:09.368 - The reign of Augustus initiated an era of relative peace known as the Pax Romana.
8003:123146237095936::Thread-220 2020-08-09 19:00:09.448 - He was the only player to ever rush for over 2,000 yards in the 14-game regular season NFL format.
8003:123146237095936::Thread-220 2020-08-09 19:00:10.341 - Simpson was inducted into the College Football Hall of Fame in 1983 and the Pro Football Hall of Fame in 1985.
8004:123146237095936::Thread-220 2020-08-09 19:00:10.561 - Later that year, Evancho released a full-length holiday album, Heavenly Christmas, and became the youngest person ever to give a solo concert at Lincoln Center in New York City as part of her first concert tour.
8004:123146237095936::Thread-220 2020-08-09 19:00:10.755 - In 2012, Evancho released Songs from the Silver Screen, her third top-10 album debut.
8002:123146237095936::Thread-220 2020-08-09 19:00:11.279 - The Roman world was largely free from large-scale conflict for more than two centuries, despite continuous wars of imperial expansion on the Empire's frontiers and the year-long civil war known as the "Year of the Four Emperors" over the imperial succession.
8005:123146237095936::Thread-220 2020-08-09 19:00:11.804 - **START**
8005:123146237095936::Thread-220 2020-08-09 19:00:11.807 - Starting new HTTPS connection (1): en.wikipedia.org
8002:123146237095936::Thread-220 2020-08-09 19:00:13.019 - Augustus was born Gaius Octavius into an old and wealthy equestrian branch of the plebeian gens Octavia.
8005:123146237095936::Thread-220 2020-08-09 19:00:13.883 - William Jefferson Clinton (né Blythe III; born August 19, 1946) is an American lawyer and politician who served as the 42nd president of the United States from 1993 to 2001.
8002:123146237095936::Thread-220 2020-08-09 19:00:14.049 - His maternal great-uncle Julius Caesar was assassinated in 44 BC, and Octavius was named in Caesar's will as his adopted son and heir, taking the name Octavian (Latin: Gaius Julius Caesar Octavianus).
8002:123146237095936::Thread-220 2020-08-09 19:00:14.953 - Along with Mark Antony and Marcus Lepidus, he formed the Second Triumvirate to defeat the assassins of Caesar.
8002:123146237095936::Thread-220 2020-08-09 19:00:15.795 - Following their victory at the Battle of Philippi, the Triumvirate divided the Roman Republic among themselves and ruled as de facto dictators.
8005:123146237095936::Thread-220 2020-08-09 19:00:16.528 - Prior to his presidency, he served as governor of Arkansas (1979–1981 and 1983–1992) and as attorney general of Arkansas (1977–1979).
8005:123146237095936::Thread-220 2020-08-09 19:00:16.615 - A member of the Democratic Party, Clinton was known as a New Democrat, and many of his policies reflected a centrist "Third Way" political philosophy.
8004:123146237095936::Thread-220 2020-08-09 19:00:16.757 - **END**
8002:123146237095936::Thread-220 2020-08-09 19:00:17.595 - The Triumvirate was eventually torn apart by the competing ambitions of its members.
8003:123146237095936::Thread-220 2020-08-09 19:00:18.342 - **END**
8005:123146237095936::Thread-220 2020-08-09 19:00:18.604 - He is the husband of former secretary of state, former U.S. senator, and two-time candidate for president Hillary Clinton.
8005:123146237095936::Thread-220 2020-08-09 19:00:19.237 - Clinton was born and raised in Arkansas and attended Georgetown University, University College, Oxford, and Yale Law School.
8002:123146237095936::Thread-220 2020-08-09 19:00:21.6 - **END**
8005:123146237095936::Thread-220 2020-08-09 19:00:21.604 - He met Hillary Rodham at Yale and married her in 1975.
8005:123146237095936::Thread-220 2020-08-09 19:00:23.215 - After graduating from law school, Clinton returned to Arkansas and won election as the attorney general of Arkansas, serving from 1977 to 1979.
8005:123146237095936::Thread-220 2020-08-09 19:00:25.509 - He later served as governor of Arkansas.
8005:123146237095936::Thread-220 2020-08-09 19:00:28.487 - As governor, he overhauled the state's education system and served as chairman of the National Governors Association.
8005:123146237095936::Thread-220 2020-08-09 19:00:30.155 - Clinton was elected president in 1992, defeating incumbent Republican opponent George H. W. Bush.
8005:123146237095936::Thread-220 2020-08-09 19:00:38.16 - **END**