8006:123145534595072::Thread-53 2020-08-09 18:59:27.242 - **START**
8006:123145534595072::Thread-53 2020-08-09 18:59:27.527 - Starting new HTTPS connection (1): en.wikipedia.org
8006:123145534595072::Thread-53 2020-08-09 18:59:28.885 - Marvel's The Avengers (classified under the name Marvel Avengers Assemble in the United Kingdom and Ireland), or simply The Avengers, is a 2012 American superhero film based on the Marvel Comics superhero team of the same name.
8006:123145534595072::Thread-53 2020-08-09 18:59:29.448 - Produced by Marvel Studios and distributed by Walt Disney Studios Motion Pictures, it is the sixth film in the Marvel Cinematic Universe (MCU).
8006:123145534595072::Thread-53 2020-08-09 18:59:30.254 - The film was written and directed by Joss Whedon and features an ensemble cast that includes Robert Downey Jr., Chris Evans, Mark Ruffalo, Chris Hemsworth, Scarlett Johansson, and Jeremy Renner as the Avengers, alongside Tom Hiddleston, Clark Gregg, Cobie Smulders, Stellan Skarsgård, and Samuel L. Jackson.
8006:123145534595072::Thread-53 2020-08-09 18:59:30.542 - In the film, Nick Fury and the spy agency S.H.I.E.L.D.
8006:123145534595072::Thread-53 2020-08-09 18:59:31.07 - recruit Tony Stark, Steve Rogers, Bruce Banner, and Thor to form a team capable of stopping Thor's brother Loki from subjugating Earth.
8005:123145534595072::Thread-53 2020-08-09 18:59:31.207 - **START**
8006:123145534595072::Thread-53 2020-08-09 18:59:31.654 - The film's development began when Marvel Studios received a loan from Merrill Lynch in April 2005.
8006:123145534595072::Thread-53 2020-08-09 18:59:32.469 - After the success of the film Iron Man in May 2008, Marvel announced that The Avengers would be released in July 2011 and would bring together Tony Stark (Downey), Steve Rogers (Evans), Bruce Banner (Ruffalo), and Thor (Hemsworth) from Marvel's previous films.
8003:123145534595072::Thread-53 2020-08-09 18:59:33.241 - **START**
8006:123145534595072::Thread-53 2020-08-09 18:59:33.251 - With the signing of Johansson as Natasha Romanoff in March 2009, the film was pushed back for a 2012 release.
8005:123145534595072::Thread-53 2020-08-09 18:59:33.863 - Starting new HTTPS connection (1): en.wikipedia.org
8003:123145534595072::Thread-53 2020-08-09 18:59:34.097 - Starting new HTTPS connection (1): en.wikipedia.org
8006:123145534595072::Thread-53 2020-08-09 18:59:34.129 - Whedon was brought on board in April 2010 and rewrote the original screenplay by Zak Penn.
8004:123145534595072::Thread-53 2020-08-09 18:59:34.287 - **START**
8006:123145534595072::Thread-53 2020-08-09 18:59:34.761 - Production began in April 2011 in Albuquerque, New Mexico, before moving to Cleveland, Ohio, in August and New York City in September.
8006:123145534595072::Thread-53 2020-08-09 18:59:35.381 - The film features more than 2,200 visual effects shots.
8004:123145534595072::Thread-53 2020-08-09 18:59:35.614 - Starting new HTTPS connection (1): en.wikipedia.org
8003:123145534595072::Thread-53 2020-08-09 18:59:36.853 - Demetria Devonne  Lovato ( lə-VAH-toh; born August 20, 1992) is an American singer, songwriter, actress, and television personality.
8005:123145534595072::Thread-53 2020-08-09 18:59:37.149 - Fleetwood Mac are a British-American rock band, formed in London in 1967.
8003:123145534595072::Thread-53 2020-08-09 18:59:37.448 - After appearing on the children's television series Barney & Friends (2002–2004), she rose to prominence for her role as Mitchie Torres in the Disney Channel musical television film Camp Rock (2008) and its sequel Camp Rock 2: The Final Jam (2010).
8005:123145534595072::Thread-53 2020-08-09 18:59:37.718 - They have sold more than 120 million records worldwide, making them one of the world's best-selling bands.
8003:123145534595072::Thread-53 2020-08-09 18:59:38.149 - The former film's soundtrack included "This Is Me", Lovato's duet with Joe Jonas, which peaked in the top ten of the Billboard Hot 100.
8002:123145534595072::Thread-53 2020-08-09 18:59:38.308 - **START**
8005:123145534595072::Thread-53 2020-08-09 18:59:38.533 - In 1979, Fleetwood Mac were honoured with a star on the Hollywood Walk of Fame.
8005:123145534595072::Thread-53 2020-08-09 18:59:38.674 - In 1998 the band was inducted into the Rock and Roll Hall of Fame and received the Brit Award for Outstanding Contribution to Music.Fleetwood Mac was founded by guitarist Peter Green, drummer Mick Fleetwood, guitarist Jeremy Spencer and bassist John McVie completed the lineup for their self-titled debut album.
8005:123145534595072::Thread-53 2020-08-09 18:59:38.915 - Danny Kirwan joined as a third guitarist in 1968.
8002:123145534595072::Thread-53 2020-08-09 18:59:38.92 - Starting new HTTPS connection (1): en.wikipedia.org
8003:123145534595072::Thread-53 2020-08-09 18:59:39.133 - After signing with Hollywood Records, Lovato released her pop rock debut album, Don't Forget (2008), which debuted at number two on the Billboard 200.
8003:123145534595072::Thread-53 2020-08-09 18:59:39.318 - Its follow up, Here We Go Again (2009), debuted at number one in the US, while its title track peaked in the top 15 of the country.
8005:123145534595072::Thread-53 2020-08-09 18:59:39.505 - Keyboardist Christine Perfect, who contributed as a session musician from the second album, married McVie and joined in 1970.
8003:123145534595072::Thread-53 2020-08-09 18:59:39.825 - Lovato's third studio album, Unbroken (2011), experimented with pop and R&B.
8003:123145534595072::Thread-53 2020-08-09 18:59:39.888 - It spawned two singles: "Skyscraper", which peaked in the top ten of the US, and "Give Your Heart a Break".
8003:123145534595072::Thread-53 2020-08-09 18:59:40.413 - Lovato's fourth studio album, Demi (2013), debuted with US sales of 110,000 copies, her highest first-week sales in the country.
8005:123145534595072::Thread-53 2020-08-09 18:59:40.459 - Primarily a British blues band, Fleetwood Mac scored a UK number one with "Albatross", and had other hits such as the singles "Oh Well" and "Man of the World".
8003:123145534595072::Thread-53 2020-08-09 18:59:40.843 - Its lead single, "Heart Attack", peaked in the top ten of the US while also becoming her first top-three single on the UK Singles Chart.
8005:123145534595072::Thread-53 2020-08-09 18:59:40.982 - All three guitarists left in succession during the early 1970s, to be replaced by guitarists Bob Welch and Bob Weston and vocalist Dave Walker.
8003:123145534595072::Thread-53 2020-08-09 18:59:41.141 - For her fifth and sixth studio albums, Confident (2015) and Tell Me You Love Me (2017), Lovato infused soul and focused on more mature content as opposed to her previous work.
8005:123145534595072::Thread-53 2020-08-09 18:59:41.279 - By 1974, all three had either departed or been dismissed, leaving the band without a male lead vocalist or guitarist.
8004:123145534595072::Thread-53 2020-08-09 18:59:41.562 - The Mausoleum at Halicarnassus or Tomb of Mausolus (Ancient Greek: Μαυσωλεῖον τῆς Ἁλικαρνασσοῦ; Turkish: Halikarnas Mozolesi) was a tomb built between 353 and 350 BC in Halicarnassus (present Bodrum, Turkey) for Mausolus, a native Anatolian from Caria and a satrap in the Achaemenid Empire, and his sister-wife Artemisia II of Caria.
8005:123145534595072::Thread-53 2020-08-09 18:59:41.972 - In late 1974, while Fleetwood was scouting studios in Los Angeles, he was introduced to folk-rock duo Lindsey Buckingham and Stevie Nicks.
8003:123145534595072::Thread-53 2020-08-09 18:59:42.065 - The latter became her first album to be certified Platinum by the RIAA, and its lead single, "Sorry Not Sorry", became her highest peaking single in the US, reaching number six, and her first single to be certified 5x Platinum in the US.
8006:123145534595072::Thread-53 2020-08-09 18:59:42.473 - **END**
8003:123145534595072::Thread-53 2020-08-09 18:59:42.843 - In 2020, Lovato released the singles "Anyone", "I Love Me", and "I'm Ready" with Sam Smith, which reached the top 40 in twenty-two countries, and the first two became Lovato's first number-one singles on Billboard's Digital Songs chart.
8004:123145534595072::Thread-53 2020-08-09 18:59:44.154 - The structure was designed by the Greek architects Satyros and Pythius of Priene.
8004:123145534595072::Thread-53 2020-08-09 18:59:44.243 - Its elevated tomb structure is derived from the tombs of neighbouring Lycia, a territory Mausolus had invaded and annexed circa 360 BC, such as the Nereid Monument.The Mausoleum was approximately 45 m (148 ft) in height, and the four sides were adorned with sculptural reliefs, each created by one of four Greek sculptors: Leochares, Bryaxis, Scopas of Paros, and Timotheus.
8002:123145534595072::Thread-53 2020-08-09 18:59:45.283 - Archimedes of Syracuse (; Ancient Greek: Ἀρχιμήδης, Arkhimḗdēs; Doric Greek: [ar.kʰi.mɛː.dɛ̂ːs]; c. 287 – c. 212 BC) was a Greek mathematician, physicist, engineer, inventor, and astronomer.
8003:123145534595072::Thread-53 2020-08-09 18:59:45.906 - **END**
8004:123145534595072::Thread-53 2020-08-09 18:59:46.661 - The finished structure of the mausoleum was considered to be such an aesthetic triumph that Antipater of Sidon identified it as one of his Seven Wonders of the Ancient World.
8002:123145534595072::Thread-53 2020-08-09 18:59:47.0 - Although few details of his life are known, he is regarded as one of the leading scientists in classical antiquity.
8002:123145534595072::Thread-53 2020-08-09 18:59:47.393 - Considered to be the greatest mathematician of ancient history, and one of the greatest of all time, Archimedes anticipated modern calculus and analysis by applying concepts of infinitesimals and the method of exhaustion to derive and rigorously prove a range of geometrical theorems, including: the area of a circle; the surface area and volume of a sphere; area of an ellipse; the area under a parabola; the volume of a segment of a paraboloid of revolution; the volume of a segment of a hyperboloid of revolution; and the area of a spiral.Other mathematical achievements include deriving an accurate approximation of pi; defining and investigating the spiral that now bears his name; and creating a system using exponentiation for expressing very large numbers.
8002:123145534595072::Thread-53 2020-08-09 18:59:47.703 - He was also one of the first to apply mathematics to physical phenomena, founding hydrostatics and statics, including an explanation of the principle of the lever.
8002:123145534595072::Thread-53 2020-08-09 18:59:48.302 - He is credited with designing innovative machines, such as his screw pump, compound pulleys, and defensive war machines to protect his native Syracuse from invasion.
8002:123145534595072::Thread-53 2020-08-09 18:59:48.389 - Archimedes died during the Siege of Syracuse, where he was killed by a Roman soldier despite orders that he should not be harmed.
8005:123145534595072::Thread-53 2020-08-09 18:59:48.974 - **END**
8004:123145534595072::Thread-53 2020-08-09 18:59:49.221 - It was destroyed by successive earthquakes from the 12th to the 15th century, the last surviving of the six destroyed wonders.
8002:123145534595072::Thread-53 2020-08-09 18:59:49.548 - Cicero describes visiting the tomb of Archimedes, which was surmounted by a sphere and a cylinder, which Archimedes had requested be placed on his tomb to represent his mathematical discoveries.
8004:123145534595072::Thread-53 2020-08-09 18:59:49.623 - The word mausoleum has now come to be used generically for an above-ground tomb.
8002:123145534595072::Thread-53 2020-08-09 18:59:51.469 - Unlike his inventions, the mathematical writings of Archimedes were little known in antiquity.
8004:123145534595072::Thread-53 2020-08-09 18:59:51.624 - Conquest

In the 4th century BC, Halicarnassus was the capital of a small regional kingdom of Caria within the Achaemenid Empire on the western coast of Asia Minor.
8002:123145534595072::Thread-53 2020-08-09 18:59:52.872 - Mathematicians from Alexandria read and quoted him, but the first comprehensive compilation was not made until c. 530 AD by Isidore of Miletus in Byzantine Constantinople, while commentaries on the works of Archimedes written by Eutocius in the 6th century AD opened them to wider readership for the first time.
8004:123145534595072::Thread-53 2020-08-09 18:59:53.095 - In 377 BC, the nominal ruler of the region, Hecatomnus of Milas, died and left the control of the kingdom to his son, Mausolus.
8002:123145534595072::Thread-53 2020-08-09 18:59:53.168 - The relatively few copies of Archimedes' written work that survived through the Middle Ages were an influential source of ideas for scientists during the Renaissance, while the discovery in 1906 of previously unknown works by Archimedes in the Archimedes Palimpsest has provided new insights into how he obtained mathematical results.
8004:123145534595072::Thread-53 2020-08-09 18:59:54.05 - Hecatomnus, a local dynast under the Persians, took control of several of the neighboring cities and districts.
8004:123145534595072::Thread-53 2020-08-09 18:59:54.772 - After Artemisia and Mausolus, he had several other daughters and sons: Ada (adoptive mother of Alexander the Great), Idrieus and Pixodarus.
8002:123145534595072::Thread-53 2020-08-09 18:59:55.177 - **END**
8006:123145534595072::Thread-53 2020-08-09 18:59:55.496 - **START**
8006:123145534595072::Thread-53 2020-08-09 18:59:55.522 - Starting new HTTPS connection (1): en.wikipedia.org
8006:123145534595072::Thread-53 2020-08-09 18:59:56.932 - The Alcatraz Federal Penitentiary or United States Penitentiary, Alcatraz Island (often referred to as Alcatraz [, Spanish pronunciation: [al-ka-tɾas] (Latin America)/Spanish pronunciation: [al-ka-tɾaθ] (Spain) from Arabic: غطاس‎, romanized: al-ġaţţās, lit.
8006:123145534595072::Thread-53 2020-08-09 18:59:57.443 - 'gannet ("the diver")'] or The Rock) was a maximum security federal prison on Alcatraz Island, 1.25 miles (2.01 km) off the coast of San Francisco, California, United States, the site of a fort since the 1850s; the main prison building was built in 1910–1912 as a United States Army military prison.
8006:123145534595072::Thread-53 2020-08-09 18:59:57.61 - The United States Department of Justice acquired the United States Disciplinary Barracks, Pacific Branch, on Alcatraz on 12 October 1933, and the island became a prison of the Federal Bureau of Prisons in August 1934 after the buildings were modernized and security increased.
8003:123145534595072::Thread-53 2020-08-09 18:59:57.909 - **START**
8003:123145534595072::Thread-53 2020-08-09 18:59:57.947 - Starting new HTTPS connection (1): en.wikipedia.org
8006:123145534595072::Thread-53 2020-08-09 18:59:58.342 - Given this high security and the island's location in the cold waters and strong currents of San Francisco Bay, prison operators believed Alcatraz to be escape-proof and America's strongest prison.
8006:123145534595072::Thread-53 2020-08-09 18:59:58.812 - The three-story cellhouse included the four main cell blocks, A-block through D-block, the warden's office, visitation room, the library, and the barber shop.
8006:123145534595072::Thread-53 2020-08-09 18:59:58.917 - The prison cells typically measured 9 feet (2.7 m) by 5 feet (1.5 m) and 7 feet (2.1 m) high.
8006:123145534595072::Thread-53 2020-08-09 18:59:59.009 - The cells were primitive and lacked privacy, with a bed, desk, and washbasin, and a toilet on the back wall, and with few furnishings except a blanket.
8003:123145534595072::Thread-53 2020-08-09 18:59:59.272 - The Academy Awards, popularly known as the Oscars, are awards for artistic and technical merit in the film industry.
8003:123145534595072::Thread-53 2020-08-09 18:59:59.482 - Given annually by the Academy of Motion Picture Arts and Sciences (AMPAS), the awards are an international recognition of excellence in cinematic achievements, as assessed by the Academy's voting membership.
8004:123145534595072::Thread-53 2020-08-09 18:59:59.774 - **END**
8006:123145534595072::Thread-53 2020-08-09 18:59:59.889 - African-Americans were segregated from other inmates in cell designation due to racial abuse.
8003:123145534595072::Thread-53 2020-08-09 18:59:59.957 - The various category winners are awarded a copy of a golden statuette, officially called the "Academy Award of Merit", although more commonly referred to by its nickname, the "Oscar".
8006:123145534595072::Thread-53 2020-08-09 19:00:00.676 - D-Block housed the worst inmates, and six cells at its end were designated "The Hole," where badly behaving prisoners would be sent for periods of often brutal punishment.
8003:123145534595072::Thread-53 2020-08-09 19:00:00.686 - The statuette depicts a knight rendered in the Art Deco style.
8006:123145534595072::Thread-53 2020-08-09 19:00:01.316 - The dining hall and kitchen extended from the main building.
8003:123145534595072::Thread-53 2020-08-09 19:00:01.604 - The award was originally sculpted by George Stanley from a design sketch by Cedric Gibbons.
8003:123145534595072::Thread-53 2020-08-09 19:00:02.121 - AMPAS first presented it in 1929 at a private dinner hosted by Douglas Fairbanks in the Hollywood Roosevelt Hotel in what would become known as the 1st Academy Awards.
8003:123145534595072::Thread-53 2020-08-09 19:00:02.878 - The Academy Awards ceremony was first broadcast by radio in 1930 and was televised for the first time in 1953.
8005:123145534595072::Thread-53 2020-08-09 19:00:02.977 - **START**
8005:123145534595072::Thread-53 2020-08-09 19:00:02.995 - Starting new HTTPS connection (1): en.wikipedia.org
8003:123145534595072::Thread-53 2020-08-09 19:00:03.688 - It is the oldest worldwide entertainment awards ceremony and is now televised live worldwide.
8003:123145534595072::Thread-53 2020-08-09 19:00:04.132 - It is also the oldest of the four major annual American entertainment awards; its equivalents – the Emmy Awards for television, the Tony Awards for theater, and the Grammy Awards for music – are modeled after the Academy Awards.
8005:123145534595072::Thread-53 2020-08-09 19:00:04.193 - Ronald Jeremy Hyatt (born March 12, 1953) is an American pornographic actor, filmmaker, actor, and stand-up comedian.Nicknamed "The Hedgehog", Jeremy was ranked by AVN at No.
8005:123145534595072::Thread-53 2020-08-09 19:00:04.424 - 1 in their "50 Top Porn Stars of All Time" list.
8003:123145534595072::Thread-53 2020-08-09 19:00:04.849 - They are widely cited as the most famous and prestigious competitive awards in the field of entertainment.
8004:123145534595072::Thread-53 2020-08-09 19:00:06.78 - **START**
8004:123145534595072::Thread-53 2020-08-09 19:00:06.824 - Starting new HTTPS connection (1): en.wikipedia.org
8005:123145534595072::Thread-53 2020-08-09 19:00:06.852 - Jeremy has also made a number of non-pornographic media appearances, and director Scott J. Gill filmed a documentary about him and his legacy, Porn Star: The Legend of Ron Jeremy, which was released in 2001.
8004:123145534595072::Thread-53 2020-08-09 19:00:07.503 - Titanic is a 1997 American epic romance and disaster film directed, written, co-produced, and co-edited by James Cameron.
8006:123145534595072::Thread-53 2020-08-09 19:00:08.319 - **END**
8005:123145534595072::Thread-53 2020-08-09 19:00:09.003 - More than a dozen women have publicly accused Jeremy of sexual assault.
8004:123145534595072::Thread-53 2020-08-09 19:00:09.126 - Incorporating both historical and fictionalized aspects, it is based on accounts of the sinking of the RMS Titanic, and stars Leonardo DiCaprio and Kate Winslet as members of different social classes who fall in love aboard the ship during its ill-fated maiden voyage.
8005:123145534595072::Thread-53 2020-08-09 19:00:09.365 - Several of the allegations relate to his appearances at fan conventions, alleging that he would grope and insert his fingers into attendees without their consent.
8005:123145534595072::Thread-53 2020-08-09 19:00:09.434 - In June 2020, Jeremy was charged with sexual assault.
8004:123145534595072::Thread-53 2020-08-09 19:00:10.051 - Cameron's inspiration for the film came from his fascination with shipwrecks; he felt a love story interspersed with the human loss would be essential to convey the emotional impact of the disaster.
8002:123145534595072::Thread-53 2020-08-09 19:00:11.182 - **START**
8002:123145534595072::Thread-53 2020-08-09 19:00:11.186 - Starting new HTTPS connection (1): en.wikipedia.org
8005:123145534595072::Thread-53 2020-08-09 19:00:11.187 - Early life
Ronald Jeremy Hyatt was born in Queens, New York, to a middle-class Jewish family from Russia and Poland.
8004:123145534595072::Thread-53 2020-08-09 19:00:12.043 - Production began in 1995, when Cameron shot footage of the actual Titanic wreck.
8002:123145534595072::Thread-53 2020-08-09 19:00:12.532 - Vancouver ( (listen)) is a major city in western Canada, located in the Lower Mainland region of British Columbia.
8002:123145534595072::Thread-53 2020-08-09 19:00:12.582 - As the most populous city in the province, the 2016 census recorded 631,486 people in the city, up from 603,502 in 2011.
8003:123145534595072::Thread-53 2020-08-09 19:00:12.851 - **END**
8002:123145534595072::Thread-53 2020-08-09 19:00:13.099 - The Greater Vancouver area had a population of 2,463,431 in 2016, making it the third-largest metropolitan area in Canada.
8005:123145534595072::Thread-53 2020-08-09 19:00:13.29 - His father, Arnold (born 1918) was a physicist, and his mother a book editor who served in the O.S.S.
8002:123145534595072::Thread-53 2020-08-09 19:00:13.494 - Vancouver has the highest population density in Canada, with over 5,400 people per square kilometre, which makes it the fifth-most densely populated city with over 250,000 residents in North America, behind New York City, Guadalajara, San Francisco, and Mexico City.
8004:123145534595072::Thread-53 2020-08-09 19:00:13.768 - The modern scenes on the research vessel were shot on board the Akademik Mstislav Keldysh, which Cameron had used as a base when filming the wreck.
8002:123145534595072::Thread-53 2020-08-09 19:00:14.208 - Vancouver is one of the most ethnically and linguistically diverse cities in Canada: 52% of its residents are not native English speakers, 48.9% are native speakers of neither English nor French, and 50.6% of residents belong to visible minority groups.Vancouver is consistently named as one of the top five worldwide cities for livability and quality of life, and the Economist Intelligence Unit acknowledged it as the first city ranked among the top ten of the world's most well-living cities for ten consecutive years.
8005:123145534595072::Thread-53 2020-08-09 19:00:14.532 - during World War II, as she spoke fluent German and French.He graduated from Benjamin N. Cardozo High School.
8004:123145534595072::Thread-53 2020-08-09 19:00:15.027 - Scale models, computer-generated imagery, and a reconstruction of the Titanic built at Baja Studios were used to re-create the sinking.
8002:123145534595072::Thread-53 2020-08-09 19:00:15.133 - In 2011, the city planned to become the greenest city in the world by 2020.
8005:123145534595072::Thread-53 2020-08-09 19:00:15.456 - Pornographic film career

Jeremy left the teaching profession (he called it his "ace in the hole") to pursue a legitimate acting career on Broadway.
8002:123145534595072::Thread-53 2020-08-09 19:00:15.575 - Vancouverism is the city's urban planning design philosophy.
8004:123145534595072::Thread-53 2020-08-09 19:00:15.799 - The film was co-financed by Paramount Pictures and 20th Century Fox; the former handled distribution in North America while the latter released the film internationally.
8002:123145534595072::Thread-53 2020-08-09 19:00:16.427 - Vancouver was originally named Gastown and began as a settlement which grew around the site of a makeshift tavern on the western edges of Hastings Mill built on July 1, 1867, and owned by proprietor Gassy Jack.
8002:123145534595072::Thread-53 2020-08-09 19:00:17.009 - The original site is marked by the Gastown steam clock.
8004:123145534595072::Thread-53 2020-08-09 19:00:17.116 - It was the most expensive film ever made at the time, with a production budget of $200 million.
8004:123145534595072::Thread-53 2020-08-09 19:00:17.274 - Upon its release on December 19, 1997, Titanic achieved significant critical and commercial success.
8002:123145534595072::Thread-53 2020-08-09 19:00:17.486 - Gastown then formally registered as a townsite dubbed Granville, Burrard Inlet.
8004:123145534595072::Thread-53 2020-08-09 19:00:17.828 - Nominated for 14 Academy Awards, it tied All About Eve (1950) for the most Oscar nominations, and won 11, including the awards for Best Picture and Best Director, tying Ben-Hur (1959) for the most Oscars won by a single film.
8005:123145534595072::Thread-53 2020-08-09 19:00:18.333 - He has said that he learned then what it was like to be broke, making no money as an actor who "starved Off-Broadway" Jeremy soon found work posing for Playgirl after his then-girlfriend submitted his photo to the magazine.
8002:123145534595072::Thread-53 2020-08-09 19:00:18.487 - **END**
8005:123145534595072::Thread-53 2020-08-09 19:00:20.335 - **END**
8004:123145534595072::Thread-53 2020-08-09 19:00:22.834 - **END**