8006:123146005733376::Thread-165 2020-08-09 18:59:30.267 - **START**
8006:123146005733376::Thread-165 2020-08-09 18:59:30.835 - Starting new HTTPS connection (1): en.wikipedia.org
8005:123146005733376::Thread-165 2020-08-09 18:59:32.221 - **START**
8005:123146005733376::Thread-165 2020-08-09 18:59:33.545 - Starting new HTTPS connection (1): en.wikipedia.org
8006:123146005733376::Thread-165 2020-08-09 18:59:33.564 - Kayden Kross is an American pornographic actress, writer, and director.
8006:123146005733376::Thread-165 2020-08-09 18:59:33.748 - Early life
Kross was born and raised in Sacramento, California.
8003:123146005733376::Thread-165 2020-08-09 18:59:34.284 - **START**
8003:123146005733376::Thread-165 2020-08-09 18:59:35.028 - Starting new HTTPS connection (1): en.wikipedia.org
8006:123146005733376::Thread-165 2020-08-09 18:59:35.382 - She grew up in the foothills between Sacramento and Placerville.
8006:123146005733376::Thread-165 2020-08-09 18:59:35.534 - She is of mostly Swedish ancestry.
8006:123146005733376::Thread-165 2020-08-09 18:59:35.783 - She has described herself as "the book nerd" during her time as a high school student.
8002:123146005733376::Thread-165 2020-08-09 18:59:36.354 - **START**
8002:123146005733376::Thread-165 2020-08-09 18:59:36.992 - Starting new HTTPS connection (1): en.wikipedia.org
8006:123146005733376::Thread-165 2020-08-09 18:59:37.06 - Kross began stripping at Rick's Showgirls in Rancho Cordova, California when she was eighteen years old to earn extra money to rescue a pony from a slaughter house, which she kept for eight months.
8006:123146005733376::Thread-165 2020-08-09 18:59:37.169 - She was later contacted by an agent, whose business relationship provided Kross with the opportunity of modeling in adult magazines.
8004:123146005733376::Thread-165 2020-08-09 18:59:37.249 - **START**
8005:123146005733376::Thread-165 2020-08-09 18:59:37.732 - Dwayne Douglas Johnson (born May 2, 1972), also known by his ring name The Rock, is an American-Canadian actor, producer, businessman, retired professional wrestler, and former American football player.
8004:123146005733376::Thread-165 2020-08-09 18:59:37.826 - Starting new HTTPS connection (1): en.wikipedia.org
8003:123146005733376::Thread-165 2020-08-09 18:59:38.002 - Films generate income from several revenue streams, including theatrical exhibition, home video, television broadcast rights, and merchandising.
8005:123146005733376::Thread-165 2020-08-09 18:59:38.039 - He wrestled for the World Wrestling Federation (WWF, now WWE) for eight years prior to pursuing an acting career.
8005:123146005733376::Thread-165 2020-08-09 18:59:38.254 - His films have grossed over $3.5 billion in North America and over $10.5 billion worldwide, making him one of the highest-grossing actors of all time.Johnson was a college football player for the University of Miami, with whom he won a national championship in 1991.
8005:123146005733376::Thread-165 2020-08-09 18:59:38.381 - He initially aspired for a professional career in football and entered the 1995 NFL Draft, but went undrafted.
8005:123146005733376::Thread-165 2020-08-09 18:59:38.683 - As a result, he signed with the Calgary Stampeders of the Canadian Football League (CFL), but was cut from the team in the middle of his first season.
8006:123146005733376::Thread-165 2020-08-09 18:59:39.092 - Career
Her movies with Vivid included Kayden's First Time, Hard Time, and Be Here Now.
8005:123146005733376::Thread-165 2020-08-09 18:59:39.129 - Shortly after, he began training as a professional wrestler.In 1996, Johnson secured a contract with the WWF and was promoted as the first third-generation wrestler in the company's history, as he is the son of Rocky Johnson and grandson of Peter Maivia.
8003:123146005733376::Thread-165 2020-08-09 18:59:39.867 - However, theatrical box office earnings are the primary metric for trade publications in assessing the success of a film, mostly because of the availability of the data compared to sales figures for home video and broadcast rights, but also because of historical practice.
8006:123146005733376::Thread-165 2020-08-09 18:59:39.887 - Unhappy with the company, she became a free agent one year later when she did not renew her contract.
8005:123146005733376::Thread-165 2020-08-09 18:59:40.031 - He rose to prominence after developing a charismatic persona of a boastful, trash-talking wrestler named The Rock.
8005:123146005733376::Thread-165 2020-08-09 18:59:40.069 - He subsequently won his first WWF Championship in 1998 and helped usher the WWF into the "Attitude Era", a boom period in the company's business in the late 1990s and early 2000s which still holds professional wrestling records for television ratings.
8003:123146005733376::Thread-165 2020-08-09 18:59:40.59 - Included on the list are charts of the top box office earners (ranked by both the nominal and real value of their revenue), a chart of high-grossing films by calendar year, a timeline showing the transition of the highest-grossing film record, and a chart of the highest-grossing film franchises and series.
8005:123146005733376::Thread-165 2020-08-09 18:59:40.742 - In 2004, he left the WWE to pursue an acting career.
8006:123146005733376::Thread-165 2020-08-09 18:59:41.208 - She signed an exclusive contract with Adam & Eve after one month of being a free agent.
8005:123146005733376::Thread-165 2020-08-09 18:59:41.271 - He returned in 2011 as a part-time performer until 2013, and made sporadic appearances from then until fully retiring in 2019.Considered one of the greatest professional wrestlers and biggest wrestling draws of all time, Johnson headlined the most-bought professional wrestling pay-per-view event ever (WrestleMania XXVIII) and was featured among the most watched episodes of WWE's two flagship television shows (Raw and SmackDown).
8004:123146005733376::Thread-165 2020-08-09 18:59:41.725 - Tupac Amaru Shakur ( TOO-pahk shə-KOOR; born Lesane Parish Crooks, June 16, 1971 – September 13, 1996), better known by his stage name 2Pac, was an American rapper and actor.
8002:123146005733376::Thread-165 2020-08-09 18:59:41.843 - Robin Hood is a legendary heroic outlaw originally depicted in English folklore and subsequently featured in literature and film.
8002:123146005733376::Thread-165 2020-08-09 18:59:42.099 - According to legend, he was a highly skilled archer and swordsman.
8002:123146005733376::Thread-165 2020-08-09 18:59:42.334 - In some versions of the legend, he is depicted as being of noble birth, and in modern retellings he is sometimes depicted as having fought in the Crusades before returning to England to find his lands taken by the Sheriff.
8004:123146005733376::Thread-165 2020-08-09 18:59:42.572 - Considered by many to be one of the most influential rappers of all time, much of Shakur's work has been noted for addressing contemporary social issues that plagued inner cities, and he is considered a symbol of resistance and activism against inequality.
8003:123146005733376::Thread-165 2020-08-09 18:59:42.853 - All charts are ranked by international theatrical box office performance where possible, excluding income derived from home video, broadcasting rights, and merchandise.
8002:123146005733376::Thread-165 2020-08-09 18:59:43.59 - In the oldest known versions he is instead a member of the yeoman class.
8003:123146005733376::Thread-165 2020-08-09 18:59:44.036 - Traditionally, war films, musicals, and historical dramas have been the most popular genres, but franchise films have been among the best performers in the 21st century.
8004:123146005733376::Thread-165 2020-08-09 18:59:44.275 - Shakur was born in the Manhattan borough of New York City but relocated to the San Francisco Bay Area in 1988.
8004:123146005733376::Thread-165 2020-08-09 18:59:44.409 - He later moved to Los Angeles in 1993 to further pursue his music career.
8004:123146005733376::Thread-165 2020-08-09 18:59:44.425 - By the time he released his debut album 2Pacalypse Now in 1991, he had become a central figure in West Coast hip hop, introducing social issues in the genre at a time when gangsta rap was dominant in the mainstream.
8002:123146005733376::Thread-165 2020-08-09 18:59:44.427 - Traditionally depicted dressed in Lincoln green, he is said to have robbed from the rich and given to the poor.
8002:123146005733376::Thread-165 2020-08-09 18:59:44.777 - Through retellings, additions, and variations, a body of familiar characters associated with Robin Hood has been created.
8002:123146005733376::Thread-165 2020-08-09 18:59:44.968 - These include his lover, Maid Marian, his band of outlaws, the Merry Men, and his chief opponent, the Sheriff of Nottingham.
8003:123146005733376::Thread-165 2020-08-09 18:59:45.209 - There is strong interest in the superhero genre, with nine films in the Marvel Cinematic Universe featuring among the nominal top-earners.
8003:123146005733376::Thread-165 2020-08-09 18:59:45.348 - The most successful superhero film, Avengers: Endgame, is also the highest-grossing film overall on the nominal earnings chart, and there are four films in total based on the Avengers comic books charting in the top twenty.
8004:123146005733376::Thread-165 2020-08-09 18:59:46.025 - Shakur achieved further critical and commercial success with his follow-up albums Strictly 4 My N.I.G.G.A.Z... (1993) and Me Against the World (1995).Shakur became heavily involved in the growing East Coast–West Coast hip hop rivalry between 1995 and 1996.
8002:123146005733376::Thread-165 2020-08-09 18:59:46.283 - The Sheriff is often depicted as assisting Prince John in usurping the rightful but absent King Richard, to whom Robin Hood remains loyal.
8002:123146005733376::Thread-165 2020-08-09 18:59:46.5 - His partisanship of the common people and his hostility to the Sheriff of Nottingham are early recorded features of the legend, but his interest in the rightfulness of the king is not, and neither is his setting in the reign of Richard I.
8003:123146005733376::Thread-165 2020-08-09 18:59:47.122 - Other Marvel Comics adaptations have also had success with the Spider-Man and X-Men properties, while films based on Batman and Superman from DC Comics have generally performed well.
8004:123146005733376::Thread-165 2020-08-09 18:59:47.264 - His double-disc album All Eyez on Me (1996) became certified Diamond by the RIAA.
8005:123146005733376::Thread-165 2020-08-09 18:59:47.349 - **END**
8002:123146005733376::Thread-165 2020-08-09 18:59:47.528 - He became a popular folk figure in the Late Middle Ages, and the earliest known ballads featuring him are from the 15th century (1400s).
8003:123146005733376::Thread-165 2020-08-09 18:59:48.012 - Star Wars is also represented in the nominal earnings chart with five films, while the Harry Potter, Jurassic Park and Pirates of the Caribbean franchises feature prominently.
8006:123146005733376::Thread-165 2020-08-09 18:59:48.209 - **END**
8002:123146005733376::Thread-165 2020-08-09 18:59:48.227 - There have been numerous variations and adaptations of the story over the subsequent years, and the story continues to be widely represented in literature, film, and television.
8004:123146005733376::Thread-165 2020-08-09 18:59:48.263 - On September 7, 1996, Shakur was shot four times by an unknown assailant in a drive-by shooting in Las Vegas; he died six days later and the gunman was never captured.
8003:123146005733376::Thread-165 2020-08-09 18:59:49.02 - Avatar, in second place on the nominal chart, is the highest-grossing film that is not a sequel or an adaptation of a pre-existing property.
8004:123146005733376::Thread-165 2020-08-09 18:59:50.251 - The Notorious B.I.G., Shakur's friend turned rival, was at first considered a suspect, but was also murdered in another drive-by shooting six months later.
8004:123146005733376::Thread-165 2020-08-09 18:59:52.048 - Five more albums have been released since his death, all of which have been certified platinum in the United States.
8005:123146005733376::Thread-165 2020-08-09 18:59:52.354 - **START**
8005:123146005733376::Thread-165 2020-08-09 18:59:52.362 - Starting new HTTPS connection (1): en.wikipedia.org
8005:123146005733376::Thread-165 2020-08-09 18:59:53.871 - The Louvre (English:  LOOV(-rə)), or the Louvre Museum (French: Musée du Louvre [myze dy luvʁ] (listen)), is the world's  largest art museum and a historic monument in Paris, France.
8004:123146005733376::Thread-165 2020-08-09 18:59:54.056 - **END**
8006:123146005733376::Thread-165 2020-08-09 18:59:54.21 - **START**
8006:123146005733376::Thread-165 2020-08-09 18:59:54.216 - Starting new HTTPS connection (1): en.wikipedia.org
8006:123146005733376::Thread-165 2020-08-09 18:59:55.082 - The Code of Hammurabi is a well-preserved Babylonian code of law of ancient Mesopotamia, dated to about 1754 BC (Middle Chronology).
8006:123146005733376::Thread-165 2020-08-09 18:59:55.9 - It is one of the oldest deciphered writings of significant length in the world.
8005:123146005733376::Thread-165 2020-08-09 18:59:55.908 - A central landmark of the city, it is located on the Right Bank of the Seine in the city's 1st arrondissement (district or ward).
8002:123146005733376::Thread-165 2020-08-09 18:59:56.232 - **END**
8006:123146005733376::Thread-165 2020-08-09 18:59:56.332 - The sixth Babylonian king, Hammurabi, enacted the code.
8005:123146005733376::Thread-165 2020-08-09 18:59:56.439 - Approximately 38,000 objects from prehistory to the 21st century are exhibited over an area of 72,735 square meters (782,910 square feet).
8006:123146005733376::Thread-165 2020-08-09 18:59:56.907 - A partial copy exists on a 2.25-metre-tall (7.5 ft) stone stele.
8006:123146005733376::Thread-165 2020-08-09 18:59:57.501 - It consists of 282 laws, with scaled punishments, adjusting "an eye for an eye, a tooth for a tooth" (lex talionis) as graded based on social stratification depending on social status and gender, of slave versus free, man versus woman.Nearly half of the code deals with matters of contract, establishing the wages to be paid to an ox driver or a surgeon for example.
8003:123146005733376::Thread-165 2020-08-09 18:59:58.023 - **END**
8006:123146005733376::Thread-165 2020-08-09 18:59:58.107 - Other provisions set the terms of a transaction, the liability of a builder for a house that collapses, or property that is damaged while left in the care of another.
8005:123146005733376::Thread-165 2020-08-09 18:59:58.305 - In 2019, the Louvre received 9.6 million visitors, making it the most visited museum in the world.The museum is housed in the Louvre Palace, originally built as the Louvre castle in the late 12th to 13th century under Philip II.
8005:123146005733376::Thread-165 2020-08-09 18:59:58.482 - Remnants of the fortress are visible in the basement of the museum.
8005:123146005733376::Thread-165 2020-08-09 18:59:58.6 - Due to urban expansion, the fortress eventually lost its defensive function, and in 1546 Francis I converted it into the primary residence of the French Kings.
8006:123146005733376::Thread-165 2020-08-09 18:59:58.732 - A third of the code addresses issues concerning household and family relationships such as inheritance, divorce, paternity, and reproductive behavior.
8006:123146005733376::Thread-165 2020-08-09 18:59:58.736 - Only one provision appears to impose obligations on a government official; this provision establishes that a judge who alters his decision after it is written down is to be fined and removed from the bench permanently.
8006:123146005733376::Thread-165 2020-08-09 18:59:59.554 - A few provisions address issues related to military service.
8005:123146005733376::Thread-165 2020-08-09 18:59:59.757 - The building was extended many times to form the present Louvre Palace.
8005:123146005733376::Thread-165 2020-08-09 19:00:00.032 - In 1682, Louis XIV chose the Palace of Versailles for his household, leaving the Louvre primarily as a place to display the royal collection, including, from 1692, a collection of ancient Greek and Roman sculpture.
8006:123146005733376::Thread-165 2020-08-09 19:00:00.398 - The code was discovered by modern archaeologists in 1901, and its editio princeps translation published in 1902 by Jean-Vincent Scheil.
8005:123146005733376::Thread-165 2020-08-09 19:00:01.469 - In 1692, the building was occupied by the Académie des Inscriptions et Belles-Lettres and the Académie Royale de Peinture et de Sculpture, which in 1699 held the first of a series of salons.
8005:123146005733376::Thread-165 2020-08-09 19:00:02.147 - The Académie remained at the Louvre for 100 years.
8005:123146005733376::Thread-165 2020-08-09 19:00:03.183 - During the French Revolution, the National Assembly decreed that the Louvre should be used as a museum to display the nation's masterpieces.
8004:123146005733376::Thread-165 2020-08-09 19:00:08.07 - **START**
8004:123146005733376::Thread-165 2020-08-09 19:00:08.077 - Starting new HTTPS connection (1): en.wikipedia.org
8005:123146005733376::Thread-165 2020-08-09 19:00:08.184 - **END**
8006:123146005733376::Thread-165 2020-08-09 19:00:09.403 - **END**
8004:123146005733376::Thread-165 2020-08-09 19:00:10.355 - Stephanie Clifford (born March 17, 1979), known as Stormy Daniels, is an American pornographic actress, stripper, writer and director.
8004:123146005733376::Thread-165 2020-08-09 19:00:12.682 - She has won numerous industry awards, and is a member of the NightMoves, AVN and XRCO Halls of Fame.
8004:123146005733376::Thread-165 2020-08-09 19:00:13.652 - In 2009, a recruitment effort led her to consider challenging incumbent David Vitter for the 2010 Senate election in her native Louisiana.In 2018, Daniels became involved in a legal dispute with U.S. president Donald Trump and his attorney Michael Cohen.
8002:123146005733376::Thread-165 2020-08-09 19:00:14.236 - **START**
8002:123146005733376::Thread-165 2020-08-09 19:00:14.24 - Starting new HTTPS connection (1): en.wikipedia.org
8004:123146005733376::Thread-165 2020-08-09 19:00:15.05 - Trump and his surrogates paid $130,000 hush money to silence Daniels about an affair she says she had with Trump in 2006.
8003:123146005733376::Thread-165 2020-08-09 19:00:16.027 - **START**
8003:123146005733376::Thread-165 2020-08-09 19:00:16.031 - Starting new HTTPS connection (1): en.wikipedia.org
8002:123146005733376::Thread-165 2020-08-09 19:00:17.329 - The Italy national football team (Italian: Nazionale di calcio dell'Italia) has officially represented Italy in international football since their first match in 1910.
8002:123146005733376::Thread-165 2020-08-09 19:00:17.51 - The squad is under the global jurisdiction of FIFA and is governed in Europe by UEFA—the latter of which was co-founded by the Italian team's supervising body, the Italian Football Federation (FIGC).
8002:123146005733376::Thread-165 2020-08-09 19:00:17.617 - Italy's home matches are played at various stadiums throughout Italy, and their primary training ground, Centro Tecnico Federale di Coverciano, is located at the FIGC technical headquarters in Coverciano, Florence.
8004:123146005733376::Thread-165 2020-08-09 19:00:17.676 - Trump's spokespeople have denied the affair and accused Daniels of lying.
8002:123146005733376::Thread-165 2020-08-09 19:00:17.785 - Italy is one of the most successful national teams in the history of the World Cup, having won four titles (1934, 1938, 1982, 2006) and appearing in two other finals (1970, 1994), reaching a third place (1990) and a fourth place (1978).
8003:123146005733376::Thread-165 2020-08-09 19:00:17.824 - Caligula (; Gaius Caesar Augustus Germanicus; 31 August 12 – 24 January 41) was the third Roman emperor, ruling from AD 37 to 41.
8003:123146005733376::Thread-165 2020-08-09 19:00:18.059 - The son of the popular Roman general Germanicus and Augustus's granddaughter Agrippina the Elder, Caligula was born into the first ruling family of the Roman Empire, conventionally known as the Julio-Claudian dynasty.
8004:123146005733376::Thread-165 2020-08-09 19:00:19.049 - Early life
Stephanie Gregory was born on March 17, 1979, to Sheila and Bill Gregory, who divorced about three or four years later.
8003:123146005733376::Thread-165 2020-08-09 19:00:19.787 - Caligula's uncle and adoptive father, Tiberius, succeeded Augustus as emperor of Rome in AD14.
8002:123146005733376::Thread-165 2020-08-09 19:00:19.814 - In 1938, they became the first team to defend their World Cup title, and due to the outbreak of World War II, retained the title for a further 12 years.
8003:123146005733376::Thread-165 2020-08-09 19:00:19.939 - Although he was named Gaius Julius Caesar, after Julius Caesar, he acquired the nickname "Caligula" (meaning "little [soldier's] boot") from his father's soldiers during their campaign in Germania.
8003:123146005733376::Thread-165 2020-08-09 19:00:21.284 - When Germanicus died at Antioch in 19, Agrippina returned with her six children to Rome, where she became entangled in a bitter feud with Tiberius.
8002:123146005733376::Thread-165 2020-08-09 19:00:21.322 - Italy had also previously won two Central European International Cups (1927–30, 1933–35).
8003:123146005733376::Thread-165 2020-08-09 19:00:21.574 - The conflict eventually led to the destruction of her family, with Caligula as the sole male survivor.
8003:123146005733376::Thread-165 2020-08-09 19:00:21.584 - Untouched by the deadly intrigues, Caligula accepted an invitation in 31 to join the emperor on the island of Capri, where Tiberius had withdrawn five years earlier.
8003:123146005733376::Thread-165 2020-08-09 19:00:21.95 - Following the death of Tiberius, Caligula succeeded his adoptive grandfather as emperor in 37.
8004:123146005733376::Thread-165 2020-08-09 19:00:21.988 - She was subsequently raised by her mother.She graduated from Scotlandville Magnet High School in Baton Rouge in 1997 and considered becoming a journalist.Daniels said she "came from an average, lower-income household… there [were] days without electricity", and she has described herself as coming from a "really bad neighborhood."
8002:123146005733376::Thread-165 2020-08-09 19:00:22.111 - Between its first two World Cup victories, Italy won the Olympic football tournament (1936).
8002:123146005733376::Thread-165 2020-08-09 19:00:23.291 - After the majority of the team was killed in a plane crash in 1949, the team did not advance past the group stage of the following two World Cup tournaments, and also failed to qualify for the 1958 edition—failure to qualify for the World Cup would not happen again until the 2018 edition.
8003:123146005733376::Thread-165 2020-08-09 19:00:23.899 - There are few surviving sources about the reign of Caligula, although he is described as a noble and moderate emperor during the first six months of his rule.
8003:123146005733376::Thread-165 2020-08-09 19:00:24.331 - After this, the sources focus upon his cruelty, sadism, extravagance, and sexual perversion, presenting him as an insane tyrant.
8004:123146005733376::Thread-165 2020-08-09 19:00:24.718 - During high school, Daniels had a job answering phones at a riding stable.
8002:123146005733376::Thread-165 2020-08-09 19:00:25.262 - Italy returned to form by 1968, winning a European Championship (1968), and after a period of alternating unsuccessful qualification rounds in Europe, later appeared in two other finals (2000, 2012).
8003:123146005733376::Thread-165 2020-08-09 19:00:26.338 - **END**
8002:123146005733376::Thread-165 2020-08-09 19:00:27.038 - Italy's highest finish at the FIFA Confederations Cup was in 2013, where the squad achieved a third-place finish.
8004:123146005733376::Thread-165 2020-08-09 19:00:27.249 - Career
 
Daniels's first experience as a stripper occurred when she was 17 and visiting a friend at a strip club; she was convinced to perform a "guest set".
8002:123146005733376::Thread-165 2020-08-09 19:00:28.043 - **END**
8004:123146005733376::Thread-165 2020-08-09 19:00:30.174 - She began stripping for money at the Gold Club in Baton Rouge and became a featured entertainer with Continental Theatrical Agency in September 2000.
8004:123146005733376::Thread-165 2020-08-09 19:00:30.681 - She chose her stage name Stormy Daniels to reflect her love of American rock band Mötley Crüe, whose bassist, Nikki Sixx, named his daughter Storm.
8004:123146005733376::Thread-165 2020-08-09 19:00:32.683 - **END**