8004:123146022559744::Thread-169 2020-08-09 18:59:26.298 - **START**
8004:123146022559744::Thread-169 2020-08-09 18:59:26.432 - Starting new HTTPS connection (1): en.wikipedia.org
8004:123146022559744::Thread-169 2020-08-09 18:59:27.737 - Led Zeppelin were  an English rock band formed in London in 1968.
8004:123146022559744::Thread-169 2020-08-09 18:59:27.82 - The group consisted of vocalist Robert Plant, guitarist Jimmy Page, bassist/keyboardist John Paul Jones, and drummer John Bonham.
8004:123146022559744::Thread-169 2020-08-09 18:59:28.602 - With their heavy, guitar-driven sound, they are regularly cited as one of the progenitors of heavy metal, although their style drew from a variety of influences, including blues and folk music.
8004:123146022559744::Thread-169 2020-08-09 18:59:29.202 - After changing their name from the New Yardbirds, Led Zeppelin signed a deal with Atlantic Records that afforded them considerable artistic freedom.
8005:123146022559744::Thread-169 2020-08-09 18:59:29.227 - **START**
8005:123146022559744::Thread-169 2020-08-09 18:59:29.38 - Starting new HTTPS connection (1): en.wikipedia.org
8002:123146022559744::Thread-169 2020-08-09 18:59:29.356 - **START**
8004:123146022559744::Thread-169 2020-08-09 18:59:29.468 - Although the group were initially unpopular with critics, they achieved significant commercial success with eight studio albums released over ten years, from Led Zeppelin (1969) to In Through the Out Door (1979).
8002:123146022559744::Thread-169 2020-08-09 18:59:29.862 - Starting new HTTPS connection (1): en.wikipedia.org
8004:123146022559744::Thread-169 2020-08-09 18:59:30.047 - Their untitled fourth studio album, commonly known as Led Zeppelin IV (1971), and featuring the song "Stairway to Heaven", is among the most popular and influential works in rock music, and helped to secure the group's popularity.
8004:123146022559744::Thread-169 2020-08-09 18:59:30.691 - Page wrote most of Led Zeppelin's music, particularly early in their career, while Plant generally supplied the lyrics.
8004:123146022559744::Thread-169 2020-08-09 18:59:31.543 - Jones's keyboard-based compositions later became central to the group's catalogue, which featured increasing experimentation.
8002:123146022559744::Thread-169 2020-08-09 18:59:31.881 - Ashley Mathews, better known as Riley Reid, is an American pornographic actress.
8004:123146022559744::Thread-169 2020-08-09 18:59:32.097 - The latter half of their career saw a series of record-breaking tours that earned the group a reputation for excess and debauchery.
8002:123146022559744::Thread-169 2020-08-09 18:59:32.704 - She briefly worked as a stripper before entering the adult film industry in 2010, at the age of 19.
8005:123146022559744::Thread-169 2020-08-09 18:59:32.854 - Antilia is a private home in the Mumbai City district (South Mumbai) of Mumbai, India.
8004:123146022559744::Thread-169 2020-08-09 18:59:32.949 - Although they remained commercially and critically successful, their output and touring schedule were limited during the late 1970s, and the group disbanded following Bonham's death from alcohol-related asphyxia in 1980.
8005:123146022559744::Thread-169 2020-08-09 18:59:33.147 - It is the residence of Indian billionaire Mukesh Ambani and his family, who moved into it in 2012; at 27-storeys, 173 metres (567.585 feet) tall, over 400,000 square feet (37,161 square meters), and with amenities such as three helipads, a 168-car garage, a ballroom, 80-seat theater, terrace gardens, spa, and a temple, the skyscraper-mansion is one of world's largest and most elaborate private homes.As of May 2020, it is valued at $2.2 billion, deemed to be the world's second most valuable residential property, after British crown property Buckingham Palace, and the world's most valuable private residence.
8002:123146022559744::Thread-169 2020-08-09 18:59:33.434 - She has since won numerous awards, including the 2016 AVN Award for Female Performer of the Year.
8005:123146022559744::Thread-169 2020-08-09 18:59:33.716 - Its controversial design and ostentatious use by a single family has made it infamous in India and beyond, including severe criticism in the architectural press and mockery in popular media.It is located on Altamount Road, Cumballa Hill in Mumbai.
8002:123146022559744::Thread-169 2020-08-09 18:59:34.208 - Career
Reid began her adult film career in 2011 at the age of 19 and initially used the stage name Paige Riley.
8002:123146022559744::Thread-169 2020-08-09 18:59:34.35 - In 2013, LA Weekly ranked her eighth on their list of "10 Porn Stars Who Could Be the Next Jenna Jameson".
8005:123146022559744::Thread-169 2020-08-09 18:59:34.856 - Naming
The building is named after the mythical island Antillia.
8004:123146022559744::Thread-169 2020-08-09 18:59:34.951 - **END**
8002:123146022559744::Thread-169 2020-08-09 18:59:35.116 - She was also placed on CNBC's list of "The Dirty Dozen: Porn's Most Popular Stars" in 2014, 2015, and 2016.
8006:123146022559744::Thread-169 2020-08-09 18:59:35.278 - **START**
8002:123146022559744::Thread-169 2020-08-09 18:59:35.522 - Reid won the XBIZ Awards for Best New Starlet in 2013 and Female Performer of the Year in 2014, making her the first performer to ever win both awards in consecutive years.
8002:123146022559744::Thread-169 2020-08-09 18:59:35.697 - She also won every single XBIZ Award she was nominated for in 2014.
8005:123146022559744::Thread-169 2020-08-09 18:59:35.966 - Construction

Antilia started building in 2006 and was built in consultation with US architecture firms Perkins and Will & Hirsch Bedner Associates, with the Australian-based construction company Leighton Contractors initially taking charge of its construction.
8002:123146022559744::Thread-169 2020-08-09 18:59:36.398 - In 2014, Reid did her first interracial sex scene in Mandingo Massacre 6, for which she won an AVN Award.Reid is a Fleshlight Girl and has her own line of product with the company.
8002:123146022559744::Thread-169 2020-08-09 18:59:36.734 - Personal life
Reid was born Ashley Mathews in Florida.
8006:123146022559744::Thread-169 2020-08-09 18:59:36.827 - Starting new HTTPS connection (1): en.wikipedia.org
8003:123146022559744::Thread-169 2020-08-09 18:59:37.294 - **START**
8003:123146022559744::Thread-169 2020-08-09 18:59:37.509 - Starting new HTTPS connection (1): en.wikipedia.org
8005:123146022559744::Thread-169 2020-08-09 18:59:37.903 - The construction was completed by B.E.Billimoria & Company Ltd.
8002:123146022559744::Thread-169 2020-08-09 18:59:39.0 - **END**
8005:123146022559744::Thread-169 2020-08-09 18:59:39.096 - The home has 27 floors with extra-high ceilings.
8005:123146022559744::Thread-169 2020-08-09 18:59:40.458 - (Other buildings of equivalent height may have as many as 60 floors.)
8006:123146022559744::Thread-169 2020-08-09 18:59:41.028 - Charles, Prince of Wales (Charles Philip Arthur George; born 14 November 1948) is the heir apparent to the British throne as the eldest child of Queen Elizabeth II.
8003:123146022559744::Thread-169 2020-08-09 18:59:41.103 - DC, D.C., Dc, or dc may refer to:


Arts and entertainment


Music
Da capo, a musical term
DC Recordings, owned by Jonathan Saul Kane
Destiny's Child, an American R&B group
Drum Connection, a German pop group
DC Talk, a Christian rap and rock trio.
8006:123146022559744::Thread-169 2020-08-09 18:59:41.674 - He has been Duke of Cornwall and Duke of Rothesay since 1952, and he is the oldest and longest-serving heir apparent in British history.
8005:123146022559744::Thread-169 2020-08-09 18:59:41.84 - The home was also designed to survive an earthquake rated 8 on the Richter scale.
8005:123146022559744::Thread-169 2020-08-09 18:59:42.256 - It is considered by some to be the tallest single-family house in the world, but others disqualify the Antilia because it includes space for a staff of 600.
8005:123146022559744::Thread-169 2020-08-09 18:59:43.166 - Controversies
The 4,532-square-metre (1.120-acre) land on which Antilla was built housed an orphanage called Currimbhoy Ebrahim Khoja Yateemkhana with 60 orphans, and belonged to a charity run by the Wakf board.
8003:123146022559744::Thread-169 2020-08-09 18:59:43.507 - Video games
Da Capo (visual novel)
Desert Combat, a Battlefield 1942 mod
Digital Chaos, a professional Dota 2 eSports team
Dino Crisis, a survival horror game series
Dreamcast, a video game console


Other media
D.C. (TV series)
DC (Detective Comics)  Comics, an American comic book publisher
DC Inside, a South Korean internet forum


Businesses and products
DC Recordings
DC Shoes, an American sports footwear company
Deloitte Consulting, a US management consulting firm
Dick Clark Productions
Diet Coke, a soft drink
Disney Channel
Doritos chips
Douglas Commercial, a series of aircraft by the Douglas Aircraft Company (and later McDonnell Douglas)
Delta Clipper, a proposed rocketship series by McDonnell Douglas
Dyson vacuum cleaners, which use product code prefix DC
Golden Air, an airline (IATA code DC)
Drawception, an online game where a person comes up with something to draw, someone else draws it, someone else interprets that drawing, then someone tries to draw that interpretation, and so on


Government, law, and military
Christian Democracy (Italy), a political party
Christian Democracy (Brazil), a political party
Detective constable, a rank in the British and several other police forces
Development control in the United Kingdom, a land regulation process
District collector, an Indian Administrative Service officer in charge of revenue collection and administration of a district
District Commissioner, a rank in the British former Colonial Service
District Court
The District of Columbia, federal capital of the United States
Dossier criminal, in Indian policing


People
DC author abbreviation of Swiss botanist Augustin Pyramus de Candolle (1778–1841)
Dalton Castle (wrestler) (born 1986)
Daniel Cormier (born 1979) Olympic wrestler and heavyweight mixed martial artist
David Coulthard (born 1971) British racing driver, known as DC
DC Drake (born 1957), American addictions counselor, and retired professional wrestler
D. C. Fontana (Dorothy Catherine Fontana) (1939–2019), American screenwriter known primarily for work on Star Trek
Donald L. Cox (1936–2011), American leader of the Black Panther Party, known as Field Marshal DC


Places
Washington, D.C., the capital, and the federal territory of the United States of America
Bogotá, Distrito Capital, the capital city of Colombia.
8006:123146022559744::Thread-169 2020-08-09 18:59:43.589 - He is also the longest-serving Prince of Wales, having held that title since 1958.Charles was born at Buckingham Palace as the first grandchild of King George VI and Queen Elizabeth.
8006:123146022559744::Thread-169 2020-08-09 18:59:44.422 - He was educated at Cheam and Gordonstoun schools, which his father, Prince Philip, Duke of Edinburgh, had attended as a child.
8006:123146022559744::Thread-169 2020-08-09 18:59:45.996 - Charles also spent a year at the Timbertop campus of Geelong Grammar School in Victoria, Australia.
8002:123146022559744::Thread-169 2020-08-09 18:59:46.07 - **START**
8002:123146022559744::Thread-169 2020-08-09 18:59:46.075 - Starting new HTTPS connection (1): en.wikipedia.org
8002:123146022559744::Thread-169 2020-08-09 18:59:46.849 - Stefani Joanne Angelina Germanotta ( STEF-ən-ee JUR-mə-NOT-ə) (born March 28, 1986), known professionally as Lady Gaga, is an American singer, songwriter, record producer, actress, and businesswoman.
8006:123146022559744::Thread-169 2020-08-09 18:59:46.899 - After earning a Bachelor of Arts degree from the University of Cambridge, Charles served in the Royal Air Force and Royal Navy from 1971 to 1976.
8005:123146022559744::Thread-169 2020-08-09 18:59:47.168 - **END**
8006:123146022559744::Thread-169 2020-08-09 18:59:47.856 - In 1981, he married Lady Diana Spencer, and they had two sons: Prince William (b.
8002:123146022559744::Thread-169 2020-08-09 18:59:48.253 - She is known for reinventing herself throughout her career and for her versatility in numerous areas of the entertainment industry.
8004:123146022559744::Thread-169 2020-08-09 18:59:48.955 - **START**
8004:123146022559744::Thread-169 2020-08-09 18:59:48.961 - Starting new HTTPS connection (1): en.wikipedia.org
8004:123146022559744::Thread-169 2020-08-09 18:59:49.599 - Ireland ( (listen); Irish: Éire [ˈeːɾʲə] (listen); Ulster-Scots: Airlann [ˈɑːrlən]) is an island in the North Atlantic.
8006:123146022559744::Thread-169 2020-08-09 18:59:49.634 - 1982) and Prince Harry (b.
8002:123146022559744::Thread-169 2020-08-09 18:59:50.103 - Gaga began performing as a teenager, singing at open mic nights and acting in school plays.
8004:123146022559744::Thread-169 2020-08-09 18:59:50.118 - It is separated from Great Britain to its east by the North Channel, the Irish Sea, and St George's Channel.
8004:123146022559744::Thread-169 2020-08-09 18:59:50.32 - Ireland is the second-largest island of the British Isles, the third-largest in Europe, and the twentieth-largest on Earth.Geopolitically, Ireland is divided between the Republic of Ireland (officially named Ireland), which covers five-sixths of the island, and Northern Ireland, which is part of the United Kingdom.
8004:123146022559744::Thread-169 2020-08-09 18:59:50.389 - In 2011, the population of Ireland was about 6.6 million, ranking it the second-most populous island in Europe after Great Britain.
8006:123146022559744::Thread-169 2020-08-09 18:59:50.681 - 1984).
8002:123146022559744::Thread-169 2020-08-09 18:59:50.854 - She studied at Collaborative Arts Project 21, through New York University's Tisch School of the Arts, before dropping out to pursue a music career.
8004:123146022559744::Thread-169 2020-08-09 18:59:51.042 - As of 2016, 4.8 million live in the Republic of Ireland, and 1.8 million live in Northern Ireland.The geography of Ireland comprises relatively low-lying mountains surrounding a central plain, with several navigable rivers extending inland.
8006:123146022559744::Thread-169 2020-08-09 18:59:51.153 - In 1996, the couple divorced following well-publicised extramarital affairs by both parties.
8002:123146022559744::Thread-169 2020-08-09 18:59:51.41 - When Def Jam Recordings canceled her contract, she worked as a songwriter for Sony/ATV Music Publishing, where Akon helped her sign a joint deal with Interscope Records and his own label KonLive Distribution in 2007.
8004:123146022559744::Thread-169 2020-08-09 18:59:51.97 - Its lush vegetation is a product of its mild but changeable climate which is free of extremes in temperature.
8004:123146022559744::Thread-169 2020-08-09 18:59:52.074 - Much of Ireland was woodland until the end of the Middle Ages.
8002:123146022559744::Thread-169 2020-08-09 18:59:52.159 - She rose to prominence the following year with her debut album The Fame and its chart-topping singles "Just Dance" and "Poker Face".
8005:123146022559744::Thread-169 2020-08-09 18:59:52.171 - **START**
8005:123146022559744::Thread-169 2020-08-09 18:59:52.174 - Starting new HTTPS connection (1): en.wikipedia.org
8003:123146022559744::Thread-169 2020-08-09 18:59:52.51 - **END**
8002:123146022559744::Thread-169 2020-08-09 18:59:52.539 - The album was later reissued to include the EP The Fame Monster (2009), which yielded the singles "Bad Romance", "Telephone", and "Alejandro".
8002:123146022559744::Thread-169 2020-08-09 18:59:52.56 - Gaga's five succeeding studio albums have all debuted atop the US Billboard 200.
8004:123146022559744::Thread-169 2020-08-09 18:59:52.765 - Today, woodland makes up about 10% of the island, compared with a European average of over 33%, and most of it is non-native conifer plantations.
8005:123146022559744::Thread-169 2020-08-09 18:59:52.873 - Ronald Jeremy Hyatt (born March 12, 1953) is an American pornographic actor, filmmaker, actor, and stand-up comedian.Nicknamed "The Hedgehog", Jeremy was ranked by AVN at No.
8005:123146022559744::Thread-169 2020-08-09 18:59:52.918 - 1 in their "50 Top Porn Stars of All Time" list.
8006:123146022559744::Thread-169 2020-08-09 18:59:53.037 - Diana died as the result of a car crash in Paris the following year.
8005:123146022559744::Thread-169 2020-08-09 18:59:53.195 - Jeremy has also made a number of non-pornographic media appearances, and director Scott J. Gill filmed a documentary about him and his legacy, Porn Star: The Legend of Ron Jeremy, which was released in 2001.
8005:123146022559744::Thread-169 2020-08-09 18:59:53.306 - More than a dozen women have publicly accused Jeremy of sexual assault.
8004:123146022559744::Thread-169 2020-08-09 18:59:53.448 - There are twenty-six extant land mammal species native to Ireland.
8002:123146022559744::Thread-169 2020-08-09 18:59:53.932 - Her second full-length album, Born This Way (2011), explored electronic rock and techno-pop and sold more than one million copies in its first week.
8006:123146022559744::Thread-169 2020-08-09 18:59:54.04 - **END**
8004:123146022559744::Thread-169 2020-08-09 18:59:54.046 - The Irish climate is influenced by the Atlantic Ocean and thus very moderate, and winters are milder than expected for such a northerly area, although summers are cooler than those in continental Europe.
8005:123146022559744::Thread-169 2020-08-09 18:59:54.241 - Several of the allegations relate to his appearances at fan conventions, alleging that he would grope and insert his fingers into attendees without their consent.
8005:123146022559744::Thread-169 2020-08-09 18:59:54.863 - In June 2020, Jeremy was charged with sexual assault.
8002:123146022559744::Thread-169 2020-08-09 18:59:55.076 - Its title track became the fastest-selling song on the iTunes Store with over a million downloads in less than a week.
8005:123146022559744::Thread-169 2020-08-09 18:59:55.823 - Early life
Ronald Jeremy Hyatt was born in Queens, New York, to a middle-class Jewish family from Russia and Poland.
8005:123146022559744::Thread-169 2020-08-09 18:59:56.232 - His father, Arnold (born 1918) was a physicist, and his mother a book editor who served in the O.S.S.
8005:123146022559744::Thread-169 2020-08-09 18:59:56.863 - during World War II, as she spoke fluent German and French.He graduated from Benjamin N. Cardozo High School.
8004:123146022559744::Thread-169 2020-08-09 18:59:57.063 - **END**
8005:123146022559744::Thread-169 2020-08-09 18:59:57.41 - Pornographic film career

Jeremy left the teaching profession (he called it his "ace in the hole") to pursue a legitimate acting career on Broadway.
8005:123146022559744::Thread-169 2020-08-09 18:59:58.299 - He has said that he learned then what it was like to be broke, making no money as an actor who "starved Off-Broadway" Jeremy soon found work posing for Playgirl after his then-girlfriend submitted his photo to the magazine.
8002:123146022559744::Thread-169 2020-08-09 19:00:00.082 - **END**
8003:123146022559744::Thread-169 2020-08-09 19:00:00.512 - **START**
8003:123146022559744::Thread-169 2020-08-09 19:00:00.534 - Starting new HTTPS connection (1): en.wikipedia.org
8005:123146022559744::Thread-169 2020-08-09 19:00:01.303 - **END**
8003:123146022559744::Thread-169 2020-08-09 19:00:02.262 - Isabela Moner (born July 10, 2001), also known as Isabela Merced, is an American actress and singer.
8003:123146022559744::Thread-169 2020-08-09 19:00:02.7 - She played the lead role of CJ Martin on the Nickelodeon television series 100 Things to Do Before High School.
8003:123146022559744::Thread-169 2020-08-09 19:00:02.755 - In film, she played Izabella in Transformers: The Last Knight (2017), Lizzy in Instant Family (2018), and Isabel in Sicario: Day of the Soldado (2018).
8003:123146022559744::Thread-169 2020-08-09 19:00:02.942 - In 2019, Moner starred as the titular character of Dora in the film Dora and the Lost City of Gold.
8006:123146022559744::Thread-169 2020-08-09 19:00:03.041 - **START**
8006:123146022559744::Thread-169 2020-08-09 19:00:03.057 - Starting new HTTPS connection (1): en.wikipedia.org
8003:123146022559744::Thread-169 2020-08-09 19:00:03.874 - From 2014 to 2017, she provided the voice of Kate in Nickelodeon's animated television spinoff series Dora and Friends: Into the City!.
8006:123146022559744::Thread-169 2020-08-09 19:00:04.226 - The Great Library of Alexandria in Alexandria, Egypt, was one of the largest and most significant libraries of the ancient world.
8003:123146022559744::Thread-169 2020-08-09 19:00:04.621 - Early life and education
Isabela Moner was born in Cleveland, Ohio.
8002:123146022559744::Thread-169 2020-08-09 19:00:05.087 - **START**
8006:123146022559744::Thread-169 2020-08-09 19:00:05.091 - The Library was part of a larger research institution called the Mouseion, which was dedicated to the Muses, the nine goddesses of the arts.
8002:123146022559744::Thread-169 2020-08-09 19:00:05.098 - Starting new HTTPS connection (1): en.wikipedia.org
8003:123146022559744::Thread-169 2020-08-09 19:00:05.282 - She is the daughter of Katherine, who was born in Lima, Peru, and Patrick Moner, who was born in Louisiana.
8003:123146022559744::Thread-169 2020-08-09 19:00:05.351 - Moner has stated that Spanish was her first language, and she struggled with English when she first started grade school, adding that she considers herself more Peruvian than American.
8006:123146022559744::Thread-169 2020-08-09 19:00:05.699 - The idea of a universal library in Alexandria may have been proposed by Demetrius of Phalerum, an exiled Athenian statesman living in Alexandria, to Ptolemy I Soter, who may have established plans for the Library, but the Library itself was probably not built until the reign of his son Ptolemy II Philadelphus.
8002:123146022559744::Thread-169 2020-08-09 19:00:06.072 - Shanghai (Chinese: 上海, Shanghainese pronunciation: [zɑ̃.hɛ] (listen), Standard Mandarin pronunciation: [ʂâŋ.xài] (listen)) is one of the four direct-administered municipalities of the People's Republic of China.
8003:123146022559744::Thread-169 2020-08-09 19:00:06.182 - At age 15, Moner was accepted into college.
8003:123146022559744::Thread-169 2020-08-09 19:00:06.55 - Career
Moner has said that she wanted to be an actress from a very young age, inspired by movies featuring Shirley Temple and Judy Garland and starting in local community theatre at age 6.
8006:123146022559744::Thread-169 2020-08-09 19:00:06.698 - The Library quickly acquired many papyrus scrolls, due largely to the Ptolemaic kings' aggressive and well-funded policies for procuring texts.
8006:123146022559744::Thread-169 2020-08-09 19:00:07.247 - It is unknown precisely how many such scrolls were housed at any given time, but estimates range from 40,000 to 400,000 at its height.
8006:123146022559744::Thread-169 2020-08-09 19:00:07.367 - Alexandria came to be regarded as the capital of knowledge and learning, in part because of the Great Library.
8006:123146022559744::Thread-169 2020-08-09 19:00:07.564 - Many important and influential scholars worked at the Library during the third and second centuries BC, including, among many others: Zenodotus of Ephesus, who worked towards standardizing the texts of the Homeric poems; Callimachus, who wrote the Pinakes, sometimes considered to be the world's first library catalogue; Apollonius of Rhodes, who composed the epic poem the Argonautica; Eratosthenes of Cyrene, who calculated the circumference of the earth within a few hundred kilometers of accuracy; Aristophanes of Byzantium, who invented the system of Greek diacritics and was the first to divide poetic texts into lines; and Aristarchus of Samothrace, who produced the definitive texts of the Homeric poems as well as extensive commentaries on them.
8002:123146022559744::Thread-169 2020-08-09 19:00:07.684 - It is under the direct administration of the State Council of China.
8006:123146022559744::Thread-169 2020-08-09 19:00:08.44 - During the reign of Ptolemy III Euergetes, a daughter library was established in the Serapeum, a temple to the Greco-Egyptian god Serapis.
8006:123146022559744::Thread-169 2020-08-09 19:00:08.522 - Despite the widespread modern belief that the Library of Alexandria was burned once and cataclysmically destroyed, the Library actually declined gradually over the course of several centuries.
8002:123146022559744::Thread-169 2020-08-09 19:00:08.971 - The city is located on the southern estuary of the Yangtze, with the Huangpu River flowing through it.
8006:123146022559744::Thread-169 2020-08-09 19:00:09.513 - This decline began with the purging of intellectuals from Alexandria in 145 BC during the reign of Ptolemy VIII Physcon, which resulted in Aristarchus of Samothrace, the head librarian, resigning from his position and exiling himself to Cyprus.
8005:123146022559744::Thread-169 2020-08-09 19:00:10.305 - **START**
8005:123146022559744::Thread-169 2020-08-09 19:00:10.309 - Starting new HTTPS connection (1): en.wikipedia.org
8002:123146022559744::Thread-169 2020-08-09 19:00:10.382 - With a population of 24.28 million as of 2019, it is the most populous urban area in China and the second most populous city proper in the world.
8002:123146022559744::Thread-169 2020-08-09 19:00:11.569 - Shanghai is a global center for finance, technology, innovation, and transportation, and the Port of Shanghai is the world's busiest container port.
8002:123146022559744::Thread-169 2020-08-09 19:00:12.032 - Originally a fishing village and market town, Shanghai grew in importance in the 19th century due to trade and its favorable port location.
8002:123146022559744::Thread-169 2020-08-09 19:00:12.391 - The city was one of five treaty ports forced open to foreign trade after the First Opium War.
8003:123146022559744::Thread-169 2020-08-09 19:00:13.553 - **END**
8002:123146022559744::Thread-169 2020-08-09 19:00:13.582 - The Shanghai International Settlement and the French Concession were subsequently established.
8002:123146022559744::Thread-169 2020-08-09 19:00:13.782 - The city then flourished, becoming a primary commercial and financial hub of the Asia-Pacific region in the 1930s.
8005:123146022559744::Thread-169 2020-08-09 19:00:13.832 - Edward Thomas Hardy  (born 15 September 1977) is an English actor and producer.
8004:123146022559744::Thread-169 2020-08-09 19:00:14.066 - **START**
8004:123146022559744::Thread-169 2020-08-09 19:00:14.07 - Starting new HTTPS connection (1): en.wikipedia.org
8002:123146022559744::Thread-169 2020-08-09 19:00:14.166 - During the Second Sino-Japanese War, the city was the site of the major Battle of Shanghai.
8006:123146022559744::Thread-169 2020-08-09 19:00:14.518 - **END**
8005:123146022559744::Thread-169 2020-08-09 19:00:15.382 - After studying acting at the Drama Centre London, he made his film debut in Ridley Scott's Black Hawk Down (2001) and has since appeared in such films as Star Trek: Nemesis (2002), RocknRolla (2008), Bronson (2008), Warrior (2011), Tinker Tailor Soldier Spy (2011), Lawless (2012), Locke (2013), The Drop (2014), and The Revenant (2015), for which he received a nomination for the Academy Award for Best Supporting Actor.
8005:123146022559744::Thread-169 2020-08-09 19:00:16.614 - In 2015, Hardy portrayed "Mad" Max Rockatansky in Mad Max: Fury Road and both Kray twins in Legend.
8004:123146022559744::Thread-169 2020-08-09 19:00:17.51 - Slipknot is an American heavy metal band from Des Moines, Iowa.
8004:123146022559744::Thread-169 2020-08-09 19:00:17.949 - The band was founded in 1995 by percussionist Shawn Crahan, drummer Joey Jordison and bassist Paul Gray.
8005:123146022559744::Thread-169 2020-08-09 19:00:18.867 - He has appeared in three Christopher Nolan films: Inception (2010), The Dark Knight Rises (2012) as Bane, and Dunkirk (2017) as an RAF fighter-pilot.
8004:123146022559744::Thread-169 2020-08-09 19:00:18.91 - After several lineup changes in its early years, the band settled on nine members for more than a decade: Crahan, Jordison, Gray, Craig Jones, Mick Thomson, Corey Taylor, Sid Wilson, Chris Fehn, and Jim Root.
8004:123146022559744::Thread-169 2020-08-09 19:00:19.061 - Gray died on May 24, 2010, and was replaced during 2011–2014 by guitarist Donnie Steele.
8005:123146022559744::Thread-169 2020-08-09 19:00:19.354 - He starred as Eddie Brock / Venom in the 2018 anti-hero film Venom.
8005:123146022559744::Thread-169 2020-08-09 19:00:19.543 - Hardy's television roles include the HBO war drama mini-series Band of Brothers (2001), the BBC historical drama mini-series The Virgin Queen (2005), Bill Sikes in the BBC's mini-series Oliver Twist (2007), ITV's Wuthering Heights (2009), the Sky 1 drama series The Take (2009), and his highly praised role as Alfie Solomons in the BBC historical crime drama series Peaky Blinders (2013–Present).
8002:123146022559744::Thread-169 2020-08-09 19:00:20.167 - **END**
8005:123146022559744::Thread-169 2020-08-09 19:00:21.46 - He created, co-produced, and took the lead in the eight-part historical fiction series Taboo (2017) on BBC One and FX.Hardy has performed on both British and American stages.
8004:123146022559744::Thread-169 2020-08-09 19:00:21.949 - Jordison was dismissed from the band on December 12, 2013.
8004:123146022559744::Thread-169 2020-08-09 19:00:23.536 - Steele left during the recording sessions for .5: The Gray Chapter.
8005:123146022559744::Thread-169 2020-08-09 19:00:24.094 - He was nominated for the Laurence Olivier Award for Most Promising Newcomer for his role as Skank in the production of In Arabia We'd All Be Kings (2003), and was awarded the 2003 Evening Standard Theatre Award for Outstanding Newcomer for his performances in both In Arabia We'd All Be Kings and for his role as Luca in Blood.
8005:123146022559744::Thread-169 2020-08-09 19:00:25.449 - He starred in the production of The Man of Mode (2007) and received positive reviews for his role in the play The Long Red Road (2010).
8004:123146022559744::Thread-169 2020-08-09 19:00:25.812 - The band found replacements in Alessandro Venturella on bass and Jay Weinberg on drums.
8005:123146022559744::Thread-169 2020-08-09 19:00:26.488 - Hardy is active in charity work and is an ambassador for the Prince's Trust.
8004:123146022559744::Thread-169 2020-08-09 19:00:28.57 - After the departure of Jordison, as of December 2013 the only founding member in the current lineup is percussionist Crahan.
8004:123146022559744::Thread-169 2020-08-09 19:00:30.659 - Fehn was also dismissed from the band in March 2019 prior to the writing of We Are Not Your Kind.
8004:123146022559744::Thread-169 2020-08-09 19:00:31.875 - Slipknot is well known for its attention-grabbing image, aggressive style of music, and energetic and chaotic live shows.
8004:123146022559744::Thread-169 2020-08-09 19:00:33.878 - **END**
8005:123146022559744::Thread-169 2020-08-09 19:00:35.49 - **END**