8006:123145315852288::Thread-1 2020-08-09 18:59:25.202 - **START**
8006:123145315852288::Thread-1 2020-08-09 18:59:25.218 - Starting new HTTPS connection (1): en.wikipedia.org
8002:123145315852288::Thread-1 2020-08-09 18:59:26.263 - **START**
8002:123145315852288::Thread-1 2020-08-09 18:59:26.269 - Starting new HTTPS connection (1): en.wikipedia.org
8003:123145315852288::Thread-1 2020-08-09 18:59:27.204 - **START**
8003:123145315852288::Thread-1 2020-08-09 18:59:27.208 - Starting new HTTPS connection (1): en.wikipedia.org
8006:123145315852288::Thread-1 2020-08-09 18:59:27.575 - The Colossus of Rhodes (Ancient Greek: ὁ Κολοσσὸς Ῥόδιος, romanized: ho Kolossòs Rhódios Greek: Κολοσσός της Ρόδου, romanized: Kolossós tes Rhódou) was a statue of the Greek sun-god Helios, erected in the city of Rhodes, on the Greek island of the same name, by Chares of Lindos in 280 BC.
8006:123145315852288::Thread-1 2020-08-09 18:59:27.913 - One of the Seven Wonders of the Ancient World, it was constructed to celebrate its successful defense against Demetrius Poliorcetes, who had besieged it for a year with a large army and navy.
8006:123145315852288::Thread-1 2020-08-09 18:59:28.191 - According to most contemporary descriptions, the Colossus stood approximately 70 cubits, or 33 metres (108 feet) high—the approximate height of the modern Statue of Liberty from feet to crown—making it the tallest statue in the ancient world.
8003:123145315852288::Thread-1 2020-08-09 18:59:28.433 - George Washington (February 22, 1732 (N.S.)
8003:123145315852288::Thread-1 2020-08-09 18:59:28.934 - – December 14, 1799) was an American political leader, military general, statesman, and founding father who served as the first president of the United States from 1789 to 1797.
8006:123145315852288::Thread-1 2020-08-09 18:59:29.007 - It collapsed during the earthquake of 226 BC, although parts of it were preserved.
8004:123145315852288::Thread-1 2020-08-09 18:59:29.198 - **START**
8005:123145315852288::Thread-1 2020-08-09 18:59:29.2 - **START**
8004:123145315852288::Thread-1 2020-08-09 18:59:29.34 - Starting new HTTPS connection (1): en.wikipedia.org
8005:123145315852288::Thread-1 2020-08-09 18:59:29.372 - Starting new HTTPS connection (1): en.wikipedia.org
8003:123145315852288::Thread-1 2020-08-09 18:59:29.383 - Previously, he led Patriot forces to victory in the nation's War for Independence.
8006:123145315852288::Thread-1 2020-08-09 18:59:29.738 - In accordance with a certain oracle, the Rhodians did not build it again.
8003:123145315852288::Thread-1 2020-08-09 18:59:30.054 - He presided at the Constitutional Convention of 1787, which established the U.S. Constitution and a federal government.
8002:123145315852288::Thread-1 2020-08-09 18:59:30.162 - Alfred the Great (848/849 – 26 October 899) was King of Wessex from 871 to c.  886 and King of the Anglo-Saxons from c.  886 to 899.
8006:123145315852288::Thread-1 2020-08-09 18:59:30.299 - John Malalas wrote that Hadrian in his reign reerected the Colossus, but he was wrong.
8002:123145315852288::Thread-1 2020-08-09 18:59:30.492 - He was the youngest son of King Æthelwulf of Wessex.
8003:123145315852288::Thread-1 2020-08-09 18:59:30.537 - Washington has been called the "Father of His Country" for his manifold leadership in the formative days of the new nation.
8006:123145315852288::Thread-1 2020-08-09 18:59:30.751 - According to Suda, the Rhodians were called Colossaeans (Κολοσσαεῖς), because they erected the statue on the island.Since 2008, a series of as-yet-unrealized proposals to build a new Colossus at Rhodes Harbour have been announced, although the actual location of the original monument remains in dispute.
8006:123145315852288::Thread-1 2020-08-09 18:59:31.018 - Siege of Rhodes

In the late 4th century BC, Rhodes, allied with Ptolemy I of Egypt, prevented a mass invasion staged by their common enemy, Antigonus I Monophthalmus.
8004:123145315852288::Thread-1 2020-08-09 18:59:31.053 - Iceland (Icelandic: Ísland; [ˈistlant] (listen)) is a Nordic island country in the North Atlantic, with a population of 364,134 and an area of 103,000 km2 (40,000 sq mi), making it the most sparsely populated country in Europe.
8002:123145315852288::Thread-1 2020-08-09 18:59:31.146 - His father died when he was young, and three of Alfred's brothers, Æthelbald, Æthelberht and Æthelred, reigned in turn before him.
8005:123145315852288::Thread-1 2020-08-09 18:59:31.225 - Carlos Irwin Estévez (born September 3, 1965), known professionally as Charlie Sheen, is an American actor.
8006:123145315852288::Thread-1 2020-08-09 18:59:31.275 - In 304 BC a relief force of ships sent by Ptolemy arrived, and Demetrius (son of Antigonus) and his army abandoned the siege, leaving behind most of their siege equipment.
8006:123145315852288::Thread-1 2020-08-09 18:59:31.484 - To celebrate their victory, the Rhodians sold the equipment left behind for 300 talents and decided to use the money to build a colossal statue of their patron god, Helios.
8004:123145315852288::Thread-1 2020-08-09 18:59:31.593 - The capital and largest city is Reykjavík.
8005:123145315852288::Thread-1 2020-08-09 18:59:31.718 - He has appeared in films such as Platoon (1986), Wall Street (1987), Young Guns (1988), Eight Men Out (1988), Major League (1989), Hot Shots!
8005:123145315852288::Thread-1 2020-08-09 18:59:31.766 - (1991), and The Three Musketeers (1993).
8006:123145315852288::Thread-1 2020-08-09 18:59:31.893 - Construction was left to the direction of Chares, a native of Lindos in Rhodes, who had been involved with large-scale statues before.
8002:123145315852288::Thread-1 2020-08-09 18:59:32.066 - After ascending the throne, Alfred spent several years fighting Viking invasions.
8005:123145315852288::Thread-1 2020-08-09 18:59:32.109 - In the 2000s, when Sheen replaced Michael J.
8003:123145315852288::Thread-1 2020-08-09 18:59:32.143 - Washington received his initial military training and command with the Virginia Regiment during the French and Indian War.
8004:123145315852288::Thread-1 2020-08-09 18:59:32.252 - Reykjavík and the surrounding areas in the southwest of the country are home to over two-thirds of the population.
8004:123145315852288::Thread-1 2020-08-09 18:59:32.746 - Iceland is volcanically and geologically active.
8002:123145315852288::Thread-1 2020-08-09 18:59:32.801 - He won a decisive victory in the Battle of Edington in 878 and made an agreement with the Vikings, creating what was known as the Danelaw in the North of England.
8005:123145315852288::Thread-1 2020-08-09 18:59:32.91 - Fox in Spin City, his performance earned him a Golden Globe Award for Best Actor – Television Series Musical or Comedy.
8005:123145315852288::Thread-1 2020-08-09 18:59:32.96 - He then starred in Two and a Half Men, which earned him several Golden Globe and Emmy Award nominations.
8005:123145315852288::Thread-1 2020-08-09 18:59:32.988 - He most recently starred in the FX comedy series Anger Management, which concluded its 100-episode run in 2014.
8002:123145315852288::Thread-1 2020-08-09 18:59:33.468 - Alfred also oversaw the conversion of Viking leader Guthrum to Christianity.
8002:123145315852288::Thread-1 2020-08-09 18:59:33.509 - He defended his kingdom against the Viking attempt at conquest, becoming the dominant ruler in England.
8004:123145315852288::Thread-1 2020-08-09 18:59:33.536 - The interior consists of a plateau characterised by sand and lava fields, mountains, and glaciers, and many glacial rivers flow to the sea through the lowlands.
8004:123145315852288::Thread-1 2020-08-09 18:59:33.632 - Iceland is warmed by the Gulf Stream and has a temperate climate, despite a high latitude just outside the Arctic Circle.
8003:123145315852288::Thread-1 2020-08-09 18:59:33.699 - He was later elected to the Virginia House of Burgesses and was named a delegate to the Continental Congress, where he was appointed Commanding General of the Continental Army.
8005:123145315852288::Thread-1 2020-08-09 18:59:33.971 - In 2010, Sheen was the highest-paid actor on television and earned US$1.8 million per episode of Two and a Half Men.Sheen's personal life has made headlines, including reports of alcohol and drug abuse and marital problems, as well as allegations of domestic violence.
8004:123145315852288::Thread-1 2020-08-09 18:59:34.291 - Its high latitude and marine influence keep summers chilly, with most of the archipelago having a polar climate.
8005:123145315852288::Thread-1 2020-08-09 18:59:34.391 - In March 2011, his contract for Two and a Half Men was terminated by CBS and Warner Bros. following his derogatory comments about the series' creator, Chuck Lorre.
8002:123145315852288::Thread-1 2020-08-09 18:59:34.408 - Details of his life are described in a work by 9th-century Welsh scholar and bishop Asser.
8005:123145315852288::Thread-1 2020-08-09 18:59:35.114 - On November 17, 2015, Sheen publicly revealed that he is HIV positive, having been diagnosed about four years earlier.
8005:123145315852288::Thread-1 2020-08-09 18:59:35.115 - **END**
8003:123145315852288::Thread-1 2020-08-09 18:59:35.146 - He commanded American forces, allied with France, in the defeat and surrender of the British during the Siege of Yorktown.
8004:123145315852288::Thread-1 2020-08-09 18:59:35.221 - According to the ancient manuscript Landnámabók, the settlement of Iceland began in 874 AD when the Norwegian chieftain Ingólfr Arnarson became the first permanent settler on the island.
8002:123145315852288::Thread-1 2020-08-09 18:59:35.501 - Alfred had a reputation as a learned and merciful man of a gracious and level-headed nature who encouraged education, proposing that primary education be conducted in Anglo-Saxon rather than Latin and improving the legal system and military structure and his people's quality of life.
8006:123145315852288::Thread-1 2020-08-09 18:59:35.897 - **END**
8002:123145315852288::Thread-1 2020-08-09 18:59:35.976 - He was given the epithet "the Great" during and after the Reformation in the sixteenth century, and together with Danish Cnut the Great, is the only king of England to be given such a name.
8002:123145315852288::Thread-1 2020-08-09 18:59:35.977 - **END**
8004:123145315852288::Thread-1 2020-08-09 18:59:36.225 - In the following centuries, Norwegians, and to a lesser extent other Scandinavians, emigrated to Iceland, bringing with them thralls (i.e., slaves or serfs) of Gaelic origin.
8004:123145315852288::Thread-1 2020-08-09 18:59:37.011 - The island was governed as an independent commonwealth under the Althing, one of the world's oldest functioning legislative assemblies.
8003:123145315852288::Thread-1 2020-08-09 18:59:37.111 - He resigned his commission after the Treaty of Paris in 1783.
8003:123145315852288::Thread-1 2020-08-09 18:59:38.789 - Washington played a key role in adopting and ratifying the Constitution and was then elected president (twice) by the Electoral College.
8003:123145315852288::Thread-1 2020-08-09 18:59:40.592 - He implemented a strong, well-financed national government while remaining impartial in a fierce rivalry between cabinet members Thomas Jefferson and Alexander Hamilton.
8002:123145315852288::Thread-1 2020-08-09 18:59:41.981 - **START**
8004:123145315852288::Thread-1 2020-08-09 18:59:43.014 - **END**
8002:123145315852288::Thread-1 2020-08-09 18:59:43.272 - Starting new HTTPS connection (1): en.wikipedia.org
8005:123145315852288::Thread-1 2020-08-09 18:59:46.121 - **START**
8005:123145315852288::Thread-1 2020-08-09 18:59:46.125 - Starting new HTTPS connection (1): en.wikipedia.org
8003:123145315852288::Thread-1 2020-08-09 18:59:46.598 - **END**
8005:123145315852288::Thread-1 2020-08-09 18:59:47.148 - Guns N' Roses, often abbreviated as GNR, is an American hard rock band from Los Angeles, California, formed in 1985.
8002:123145315852288::Thread-1 2020-08-09 18:59:47.486 - The Bee Gees
were a music group formed in 1958.
8005:123145315852288::Thread-1 2020-08-09 18:59:47.853 - When they signed to Geffen Records in 1986, the band comprised vocalist Axl Rose, lead guitarist Slash, rhythm guitarist Izzy Stradlin, bassist Duff McKagan, and drummer Steven Adler.
8005:123145315852288::Thread-1 2020-08-09 18:59:48.01 - The current lineup consists of Rose, Slash, McKagan, keyboardist Dizzy Reed, guitarist Richard Fortus, drummer Frank Ferrer and keyboardist Melissa Reese.
8005:123145315852288::Thread-1 2020-08-09 18:59:48.601 - Guns N' Roses' debut album, Appetite for Destruction (1987), reached number one on the Billboard 200 a year after its release, on the strength of the top 10 singles "Welcome to the Jungle", "Paradise City", and "Sweet Child o' Mine", the band's only single to reach number one on the Billboard Hot 100.
8005:123145315852288::Thread-1 2020-08-09 18:59:48.648 - The album has sold approximately 30 million copies worldwide, including 18 million units in the United States, making it the country's bestselling debut album and eleventh-bestselling album.
8002:123145315852288::Thread-1 2020-08-09 18:59:48.82 - Their lineup consisted of brothers Barry, Robin, and Maurice Gibb.
8006:123145315852288::Thread-1 2020-08-09 18:59:48.9 - **START**
8006:123145315852288::Thread-1 2020-08-09 18:59:48.903 - Starting new HTTPS connection (1): en.wikipedia.org
8005:123145315852288::Thread-1 2020-08-09 18:59:49.37 - Their next studio album, G N' R Lies (1988), reached number two on the Billboard 200, sold ten million copies worldwide (including five million in the U.S.), and included the top 5 hit "Patience".
8005:123145315852288::Thread-1 2020-08-09 18:59:50.131 - Use Your Illusion I and Use Your Illusion II, recorded simultaneously and released in 1991, debuted at number two and number one on the Billboard 200 respectively and have sold a combined 35 million copies worldwide, including 14 million units in the United States.
8006:123145315852288::Thread-1 2020-08-09 18:59:50.198 - Heath Andrew Ledger (4 April 1979 – 22 January 2008) was an Australian actor, photographer and music video director.
8005:123145315852288::Thread-1 2020-08-09 18:59:50.488 - The Illusion albums included the lead single "You Could Be Mine" (also featured in the film soundtrack for Terminator 2), covers of "Live and Let Die" and "Knockin' on Heaven's Door", and a trilogy of ballads ("Don't Cry", "November Rain", and "Estranged"), which featured notably high-budget music videos.
8005:123145315852288::Thread-1 2020-08-09 18:59:50.611 - The Illusion records were also supported by the extensive Use Your Illusion Tour, a world tour that lasted from 1991–1993.
8006:123145315852288::Thread-1 2020-08-09 18:59:50.766 - After performing roles in several Australian television and film productions during the 1990s, Ledger left for the United States in 1998 to further develop his film career.
8002:123145315852288::Thread-1 2020-08-09 18:59:51.334 - The trio were especially successful as a popular music act in the late 1960s and early 1970s, and later as prominent performers of the disco music era in the mid-to-late 1970s.
8005:123145315852288::Thread-1 2020-08-09 18:59:51.613 - "The Spaghetti Incident?"
8006:123145315852288::Thread-1 2020-08-09 18:59:51.779 - His work consisted of nineteen films, including 10 Things I Hate About You (1999), The Patriot (2000), A Knight's Tale (2001), Monster's Ball (2001), Lords of Dogtown (2005), Brokeback Mountain (2005), Candy (2006), The Dark Knight (2008), and The Imaginarium of Doctor Parnassus (2009), the latter two being posthumous releases.
8006:123145315852288::Thread-1 2020-08-09 18:59:52.383 - He also produced and directed music videos and aspired to be a film director.For his portrayal of Ennis Del Mar in Brokeback Mountain, Ledger won the New York Film Critics Circle Award for Best Actor and the Best International Actor Award from the Australian Film Institute; he was the first actor to win the latter award posthumously.
8005:123145315852288::Thread-1 2020-08-09 18:59:52.54 - (1993), an album of covers, was the band's last studio album to feature Slash and McKagan before their initial departure.
8003:123145315852288::Thread-1 2020-08-09 18:59:52.601 - **START**
8003:123145315852288::Thread-1 2020-08-09 18:59:52.605 - Starting new HTTPS connection (1): en.wikipedia.org
8003:123145315852288::Thread-1 2020-08-09 18:59:53.466 - Prince Rogers Nelson (June 7, 1958 – April 21, 2016) was an American singer-songwriter, musician, record producer, dancer, actor, and filmmaker.
8005:123145315852288::Thread-1 2020-08-09 18:59:53.541 - **END**
8006:123145315852288::Thread-1 2020-08-09 18:59:53.798 - He was nominated for the BAFTA Award for Best Actor in a Leading Role and the Academy Award for Best Actor.
8002:123145315852288::Thread-1 2020-08-09 18:59:54.199 - The group sang recognisable three-part tight harmonies; Robin's clear vibrato lead vocals were a hallmark of their earlier hits, while Barry's R&B falsetto became their signature sound during the mid-to-late 1970s and 1980s.
8006:123145315852288::Thread-1 2020-08-09 18:59:55.258 - Posthumously, he shared the 2007 Independent Spirit Robert Altman Award with the rest of the ensemble cast, the director, and the casting director for the film I'm Not There, which was inspired by the life and songs of American singer-songwriter Bob Dylan.
8002:123145315852288::Thread-1 2020-08-09 18:59:56.032 - The Bee Gees wrote all of their own hits, as well as writing and producing several major hits for other artists.
8003:123145315852288::Thread-1 2020-08-09 18:59:56.287 - He is widely regarded as one of the greatest musicians of his generation.
8002:123145315852288::Thread-1 2020-08-09 18:59:56.324 - The Bee Gees are widely referred to by many critics, media outlets and fellow artists as the "Kings of Disco".Born on the Isle of Man to English parents, the Gibb brothers lived in Chorlton, Manchester, England until the late 1950s.
8003:123145315852288::Thread-1 2020-08-09 18:59:56.725 - A multi-instrumentalist who was considered a guitar virtuoso, he was well known for his eclectic work across multiple genres, flamboyant and androgynous persona, and wide vocal range which included a far-reaching falsetto and high-pitched screams.
8003:123145315852288::Thread-1 2020-08-09 18:59:56.764 - Prince's innovative music integrated a wide variety of styles, including funk, R&B, rock, new wave, soul, synth-pop, psychedelia, pop, industrial, and hip hop.
8006:123145315852288::Thread-1 2020-08-09 18:59:56.986 - In the film, Ledger portrayed a fictional actor named Robbie Clark, one of six characters embodying aspects of Dylan's life and persona.Ledger died on 22 January 2008 due to an accidental overdose of prescription medications.
8003:123145315852288::Thread-1 2020-08-09 18:59:57.62 - He pioneered the Minneapolis sound, a funk rock subgenre that emerged in the late 1970s.
8002:123145315852288::Thread-1 2020-08-09 18:59:58.127 - There, in 1955, they formed the skiffle/rock and roll group the Rattlesnakes.
8006:123145315852288::Thread-1 2020-08-09 18:59:58.136 - A few months before his death, Ledger had finished filming his performance as the Joker in The Dark Knight.
8004:123145315852288::Thread-1 2020-08-09 18:59:59.016 - **START**
8006:123145315852288::Thread-1 2020-08-09 18:59:59.024 - At the time of his death, The Dark Knight was in its editing phase, and The Imaginarium of Doctor Parnassus was in the midst of filming, in which he was playing his last role as Tony.
8004:123145315852288::Thread-1 2020-08-09 18:59:59.024 - Starting new HTTPS connection (1): en.wikipedia.org
8006:123145315852288::Thread-1 2020-08-09 18:59:59.143 - His untimely death also affected the subsequent promotion of The Dark Knight.
8003:123145315852288::Thread-1 2020-08-09 18:59:59.969 - He was also known for his prolific output, releasing 39 albums during his life, with a vast array of unreleased projects left in a vault at his home after his death; it is believed that the vault contains dozens of fully produced albums and over 50 music videos that have never been released, along with various other media.
8004:123145315852288::Thread-1 2020-08-09 19:00:00.022 - Konark Sun Temple (Konark Surya Mandir) is a 13th-century CE  Sun  temple at Konark about 35 kilometres (22 mi) northeast from Puri on the coastline of Odisha, India.
8006:123145315852288::Thread-1 2020-08-09 19:00:00.148 - **END**
8002:123145315852288::Thread-1 2020-08-09 19:00:00.522 - The family then moved to Redcliffe, in the Moreton Bay Region, Queensland, Australia, and then to Cribb Island.
8003:123145315852288::Thread-1 2020-08-09 19:00:00.862 - He released hundreds of songs both under his own name and multiple pseudonyms during his life, as well as writing songs that were made famous by other musicians, such as "Nothing Compares 2 U" and "Manic Monday".
8004:123145315852288::Thread-1 2020-08-09 19:00:00.938 - The temple is attributed to king Narasimhadeva I of the Eastern Ganga Dynasty about 1250 CE.Dedicated to the Hindu Sun God Surya, what remains of the temple complex has the appearance of a 100-foot (30 m) high chariot with immense wheels and horses, all carved from stone.
8003:123145315852288::Thread-1 2020-08-09 19:00:01.057 - Estimates of the complete number of songs written by Prince range anywhere from 500 to well over 1,000.Born and raised in Minneapolis, Minnesota, Prince signed a recording contract with Warner Bros. Records at the age of 19.
8002:123145315852288::Thread-1 2020-08-09 19:00:01.539 - After achieving their first chart success in Australia as the Bee Gees with "Spicks and Specks" (their 12th single), they returned to the UK in January 1967, when producer Robert Stigwood began promoting them to a worldwide audience.
8005:123145315852288::Thread-1 2020-08-09 19:00:01.555 - **START**
8005:123145315852288::Thread-1 2020-08-09 19:00:01.655 - Starting new HTTPS connection (1): en.wikipedia.org
8004:123145315852288::Thread-1 2020-08-09 19:00:01.797 - Once over 200 feet (61 m) high, much of the temple is now in ruins, in particular the large shikara tower over the sanctuary; at one time this rose much higher than the mandapa that remains.
8003:123145315852288::Thread-1 2020-08-09 19:00:02.151 - Prince went on to achieve critical success with the musically complex albums Dirty Mind (1980), Controversy (1981), and 1999 (1982).
8004:123145315852288::Thread-1 2020-08-09 19:00:02.758 - The structures and elements that have survived are famed for their intricate artwork, iconography, and themes, including erotic kama and mithuna scenes.
8005:123145315852288::Thread-1 2020-08-09 19:00:02.816 - Israel (; Hebrew: יִשְׂרָאֵל‎; Arabic: إِسْرَائِيل‎), formally known as the State of Israel (Hebrew: מְדִינַת יִשְׂרָאֵל‎, Medinat Yisra'el), is a country in Western Asia, located on the southeastern shore of the Mediterranean Sea and the northern shore of the Red Sea.
8004:123145315852288::Thread-1 2020-08-09 19:00:03.082 - Also called the Surya Devalaya, it is a classic illustration of the Odisha style of Architecture or Kalinga Architecture .The cause of the destruction of the Konark temple is unclear and remains a source of controversy.
8005:123145315852288::Thread-1 2020-08-09 19:00:03.849 - It has land borders with Lebanon to the north, Syria to the northeast, Jordan on the east, the Palestinian territories of the West Bank and Gaza Strip to the east and west, respectively, and Egypt to the southwest.
8002:123145315852288::Thread-1 2020-08-09 19:00:03.905 - The Bee Gees' Saturday Night Fever soundtrack (1978) would be the turning point of their career, with both the film and soundtrack having a cultural impact throughout the world, enhancing the disco scene's mainstream appeal.
8004:123145315852288::Thread-1 2020-08-09 19:00:04.007 - Theories range from natural damage to deliberate destruction of the temple in the course of being sacked several times by Muslim armies between the 15th and 17th centuries.
8004:123145315852288::Thread-1 2020-08-09 19:00:04.048 - This temple was called the "Black Pagoda" in European sailor accounts as early as 1676 because its great tower appeared black.
8003:123145315852288::Thread-1 2020-08-09 19:00:04.158 - **END**
8004:123145315852288::Thread-1 2020-08-09 19:00:04.894 - Similarly, the Jagannath Temple in Puri was called the "White Pagoda".
8005:123145315852288::Thread-1 2020-08-09 19:00:05.069 - The country contains geographically diverse features within its relatively small area.
8004:123145315852288::Thread-1 2020-08-09 19:00:05.553 - Both temples served as important landmarks for sailors in the Bay of Bengal.
8005:123145315852288::Thread-1 2020-08-09 19:00:05.606 - Israel's economic and technological center is Tel Aviv, while its seat of government and proclaimed capital is Jerusalem, although the state's sovereignty over Jerusalem has only partial recognition.Israel has evidence of the earliest migration of hominids out of Africa.
8004:123145315852288::Thread-1 2020-08-09 19:00:06.208 - The temple that exists today was partially restored by the conservation efforts of British India-era archaeological teams.
8005:123145315852288::Thread-1 2020-08-09 19:00:06.564 - Canaanite tribes are archaeologically attested since the Middle Bronze Age, while the Kingdoms of Israel and Judah emerged during the Iron Age.
8005:123145315852288::Thread-1 2020-08-09 19:00:08.182 - The Neo-Assyrian Empire destroyed Israel around 720 BCE.
8004:123145315852288::Thread-1 2020-08-09 19:00:08.211 - **END**
8005:123145315852288::Thread-1 2020-08-09 19:00:09.399 - Judah was later conquered by the Babylonian, Persian and Hellenistic empires and had existed as Jewish autonomous provinces.
8005:123145315852288::Thread-1 2020-08-09 19:00:11.273 - The successful Maccabean Revolt led to an independent Hasmonean kingdom by 110 BCE, which in 63 BCE however became a client state of the Roman Republic that subsequently installed the Herodian dynasty in 37 BCE, and in 6 CE created the Roman province of Judea.
8005:123145315852288::Thread-1 2020-08-09 19:00:12.165 - Judea lasted as a Roman province until the failed Jewish revolts resulted in widespread destruction, the expulsion of the Jewish population and the renaming of the region from Iudaea to Syria Palaestina.
8002:123145315852288::Thread-1 2020-08-09 19:00:12.906 - **END**
8005:123145315852288::Thread-1 2020-08-09 19:00:13.144 - Jewish presence in the region has persisted to a certain extent over the centuries.
8005:123145315852288::Thread-1 2020-08-09 19:00:15.099 - In the 7th century CE, the Levant was taken from the Byzantine Empire by the Arabs and remained in Muslim control until the First Crusade of 1099, followed by the Ayyubid conquest of 1187.
8005:123145315852288::Thread-1 2020-08-09 19:00:24.106 - **END**