8003:123145429430272::Thread-28 2020-08-09 18:59:30.223 - **START**
8003:123145429430272::Thread-28 2020-08-09 18:59:31.163 - Starting new HTTPS connection (1): en.wikipedia.org
8004:123145429430272::Thread-28 2020-08-09 18:59:31.199 - **START**
8002:123145429430272::Thread-28 2020-08-09 18:59:31.313 - **START**
8004:123145429430272::Thread-28 2020-08-09 18:59:31.508 - Starting new HTTPS connection (1): en.wikipedia.org
8002:123145429430272::Thread-28 2020-08-09 18:59:32.086 - Starting new HTTPS connection (1): en.wikipedia.org
8005:123145429430272::Thread-28 2020-08-09 18:59:32.202 - **START**
8005:123145429430272::Thread-28 2020-08-09 18:59:33.111 - Starting new HTTPS connection (1): en.wikipedia.org
8004:123145429430272::Thread-28 2020-08-09 18:59:34.115 - Titanic is a 1997 American epic romance and disaster film directed, written, co-produced, and co-edited by James Cameron.
8003:123145429430272::Thread-28 2020-08-09 18:59:34.397 - DC, D.C., Dc, or dc may refer to:


Arts and entertainment


Music
Da capo, a musical term
DC Recordings, owned by Jonathan Saul Kane
Destiny's Child, an American R&B group
Drum Connection, a German pop group
DC Talk, a Christian rap and rock trio.
8004:123145429430272::Thread-28 2020-08-09 18:59:34.478 - Incorporating both historical and fictionalized aspects, it is based on accounts of the sinking of the RMS Titanic, and stars Leonardo DiCaprio and Kate Winslet as members of different social classes who fall in love aboard the ship during its ill-fated maiden voyage.
8004:123145429430272::Thread-28 2020-08-09 18:59:35.07 - Cameron's inspiration for the film came from his fascination with shipwrecks; he felt a love story interspersed with the human loss would be essential to convey the emotional impact of the disaster.
8002:123145429430272::Thread-28 2020-08-09 18:59:35.197 - Robert "Bob" Nesta Marley,  (6 February 1945 – 11 May 1981) was a Jamaican singer, songwriter and musician.
8006:123145429430272::Thread-28 2020-08-09 18:59:35.238 - **START**
8003:123145429430272::Thread-28 2020-08-09 18:59:35.294 - Video games
Da Capo (visual novel)
Desert Combat, a Battlefield 1942 mod
Digital Chaos, a professional Dota 2 eSports team
Dino Crisis, a survival horror game series
Dreamcast, a video game console


Other media
D.C. (TV series)
DC (Detective Comics)  Comics, an American comic book publisher
DC Inside, a South Korean internet forum


Businesses and products
DC Recordings
DC Shoes, an American sports footwear company
Deloitte Consulting, a US management consulting firm
Dick Clark Productions
Diet Coke, a soft drink
Disney Channel
Doritos chips
Douglas Commercial, a series of aircraft by the Douglas Aircraft Company (and later McDonnell Douglas)
Delta Clipper, a proposed rocketship series by McDonnell Douglas
Dyson vacuum cleaners, which use product code prefix DC
Golden Air, an airline (IATA code DC)
Drawception, an online game where a person comes up with something to draw, someone else draws it, someone else interprets that drawing, then someone tries to draw that interpretation, and so on


Government, law, and military
Christian Democracy (Italy), a political party
Christian Democracy (Brazil), a political party
Detective constable, a rank in the British and several other police forces
Development control in the United Kingdom, a land regulation process
District collector, an Indian Administrative Service officer in charge of revenue collection and administration of a district
District Commissioner, a rank in the British former Colonial Service
District Court
The District of Columbia, federal capital of the United States
Dossier criminal, in Indian policing


People
DC author abbreviation of Swiss botanist Augustin Pyramus de Candolle (1778–1841)
Dalton Castle (wrestler) (born 1986)
Daniel Cormier (born 1979) Olympic wrestler and heavyweight mixed martial artist
David Coulthard (born 1971) British racing driver, known as DC
DC Drake (born 1957), American addictions counselor, and retired professional wrestler
D. C. Fontana (Dorothy Catherine Fontana) (1939–2019), American screenwriter known primarily for work on Star Trek
Donald L. Cox (1936–2011), American leader of the Black Panther Party, known as Field Marshal DC


Places
Washington, D.C., the capital, and the federal territory of the United States of America
Bogotá, Distrito Capital, the capital city of Colombia.
8003:123145429430272::Thread-28 2020-08-09 18:59:35.379 - **END**
8002:123145429430272::Thread-28 2020-08-09 18:59:35.975 - Considered one of the pioneers of reggae, his musical career was marked by fusing elements of reggae, ska, and rocksteady, as well as his distinctive vocal and songwriting style.
8004:123145429430272::Thread-28 2020-08-09 18:59:36.036 - Production began in 1995, when Cameron shot footage of the actual Titanic wreck.
8004:123145429430272::Thread-28 2020-08-09 18:59:36.502 - The modern scenes on the research vessel were shot on board the Akademik Mstislav Keldysh, which Cameron had used as a base when filming the wreck.
8006:123145429430272::Thread-28 2020-08-09 18:59:36.738 - Starting new HTTPS connection (1): en.wikipedia.org
8002:123145429430272::Thread-28 2020-08-09 18:59:36.849 - Marley's contributions to music increased the visibility of Jamaican music worldwide, and made him a global figure in popular culture for over a decade.
8002:123145429430272::Thread-28 2020-08-09 18:59:37.097 - Over the course of his career Marley became known as a Rastafari icon, and he infused his music with a sense of spirituality.
8004:123145429430272::Thread-28 2020-08-09 18:59:37.238 - Scale models, computer-generated imagery, and a reconstruction of the Titanic built at Baja Studios were used to re-create the sinking.
8005:123145429430272::Thread-28 2020-08-09 18:59:37.814 - Justin Drew Bieber (; born March 1, 1994) is a Canadian singer, songwriter, and actor.
8002:123145429430272::Thread-28 2020-08-09 18:59:37.943 - He is also considered a global symbol of Jamaican music and culture and identity, and was controversial in his outspoken support for the legalization of marijuana, while he also advocated for Pan-Africanism.Born in Nine Mile, British Jamaica, Marley began his professional musical career in 1963, after forming Bob Marley and the Wailers.
8004:123145429430272::Thread-28 2020-08-09 18:59:38.148 - The film was co-financed by Paramount Pictures and 20th Century Fox; the former handled distribution in North America while the latter released the film internationally.
8004:123145429430272::Thread-28 2020-08-09 18:59:38.671 - It was the most expensive film ever made at the time, with a production budget of $200 million.
8002:123145429430272::Thread-28 2020-08-09 18:59:38.891 - The group released its debut studio album The Wailing Wailers in 1965, which contained the single "One Love/People Get Ready"; the song was popular worldwide, and established the group as a rising figure in reggae.
8004:123145429430272::Thread-28 2020-08-09 18:59:39.168 - Upon its release on December 19, 1997, Titanic achieved significant critical and commercial success.
8002:123145429430272::Thread-28 2020-08-09 18:59:39.293 - The Wailers subsequently released eleven further studio albums; while initially employing louder instrumentation and singing, the group began engaging in rhythmic-based song construction in the late 1960s and early 1970s, which coincided with the singer's conversion to Rastafarianism.
8002:123145429430272::Thread-28 2020-08-09 18:59:39.517 - During this period Marley relocated to London, and the group typified their musical shift with the release of the album The Best of The Wailers (1971).The group attained international success after the release of the albums Catch a Fire and Burnin' (both 1973), and forged a reputation as touring artists.
8005:123145429430272::Thread-28 2020-08-09 18:59:39.532 - Discovered at the age of 13 by talent manager Scooter Braun after he had watched his YouTube cover song videos, Bieber was signed to RBMG Records in 2008.
8002:123145429430272::Thread-28 2020-08-09 18:59:39.636 - Following the disbandment of the Wailers a year later, Marley went on to release his solo material under the band's name.
8004:123145429430272::Thread-28 2020-08-09 18:59:39.846 - Nominated for 14 Academy Awards, it tied All About Eve (1950) for the most Oscar nominations, and won 11, including the awards for Best Picture and Best Director, tying Ben-Hur (1959) for the most Oscars won by a single film.
8005:123145429430272::Thread-28 2020-08-09 18:59:40.119 - With Bieber's debut EP My World, released in late 2009, Bieber became the first artist to have seven songs from a debut record chart on the Billboard Hot 100.Bieber released his debut studio album My World 2.0 in 2010.
8002:123145429430272::Thread-28 2020-08-09 18:59:40.331 - His debut studio album Natty Dread (1974) received positive reception, as did its follow-up Rastaman Vibration (1976).
8006:123145429430272::Thread-28 2020-08-09 18:59:40.562 - Novak Djokovic (Serbian: Новак Ђоковић, romanized: Novak Đoković, pronounced [nôʋaːk dʑôːkoʋitɕ] (listen); born 22 May 1987) is a Serbian professional tennis player who is currently ranked world No.
8005:123145429430272::Thread-28 2020-08-09 18:59:40.821 - Containing the hit single "Baby", the album debuted at number one on the US Billboard 200, making Bieber the youngest solo male act to top the chart in 47 years.
8006:123145429430272::Thread-28 2020-08-09 18:59:41.335 - 1 in men's singles tennis by the Association of Tennis Professionals (ATP).Djokovic has won 17 Grand Slam singles titles, the third-most in history for a male player, five ATP Finals titles, 34 ATP Tour Masters 1000 titles, 14 ATP Tour 500 titles, and has held the No.
8006:123145429430272::Thread-28 2020-08-09 18:59:42.476 - 1 spot in the ATP rankings for over 280 weeks.
8004:123145429430272::Thread-28 2020-08-09 18:59:42.849 - **END**
8005:123145429430272::Thread-28 2020-08-09 18:59:43.238 - Following his debut album and promotional tours, he released his 3D biopic-concert film Justin Bieber: Never Say Never, which was a box office success.
8005:123145429430272::Thread-28 2020-08-09 18:59:44.06 - In the years after the releases of the Under the Mistletoe (2011) and Believe (2012), Bieber had established himself as a teen idol, but faced several controversies, including run-ins with the law internationally before his first arrest in 2014.Following the controversies surrounding Bieber, his sound became more mature as he transitioned into EDM and moved away from teen pop.
8006:123145429430272::Thread-28 2020-08-09 18:59:44.206 - In majors, he has won a record eight Australian Open titles, five Wimbledon titles, three US Open titles, and one French Open title.
8002:123145429430272::Thread-28 2020-08-09 18:59:44.334 - **END**
8006:123145429430272::Thread-28 2020-08-09 18:59:44.679 - By winning the 2016 French Open, he became the eighth player in history to achieve the Career Grand Slam and the third man to hold all four major titles at once, the first since Rod Laver in 1969 and the first ever to do so on three different surfaces.
8006:123145429430272::Thread-28 2020-08-09 18:59:44.982 - He is the only male player to have won all nine of the Masters 1000 tournaments.
8006:123145429430272::Thread-28 2020-08-09 18:59:45.342 - Djokovic was also a member of Serbia's winning Davis Cup team in 2010 and in the 2020 ATP Cup.
8006:123145429430272::Thread-28 2020-08-09 18:59:45.521 - Djokovic is the first Serbian player to be ranked No.
8005:123145429430272::Thread-28 2020-08-09 18:59:46.062 - Released in 2015, his fourth studio album Purpose became his most commercially successful album, spawning three Billboard Hot 100 number-one singles: "What Do You Mean?
8006:123145429430272::Thread-28 2020-08-09 18:59:46.12 - 1 by the ATP and the first male player representing Serbia to win a Grand Slam singles title.
8006:123145429430272::Thread-28 2020-08-09 18:59:47.393 - He is a six-time ITF World Champion and a five-time ATP year-end No.
8005:123145429430272::Thread-28 2020-08-09 18:59:48.632 - ", "Sorry", and "Love Yourself".
8003:123145429430272::Thread-28 2020-08-09 18:59:50.383 - **START**
8003:123145429430272::Thread-28 2020-08-09 18:59:50.387 - Starting new HTTPS connection (1): en.wikipedia.org
8005:123145429430272::Thread-28 2020-08-09 18:59:51.315 - After the release of Purpose, Bieber had featured on several successful collaborations, including "Cold Water", "Let Me Love You", "Despacito (Remix)", "I'm the One", "I Don't Care" and "10,000 Hours".
8003:123145429430272::Thread-28 2020-08-09 18:59:51.846 - Red is the fourth studio album by American singer-songwriter Taylor Swift.
8003:123145429430272::Thread-28 2020-08-09 18:59:52.191 - It was released on October 22, 2012, by Big Machine Records.
8003:123145429430272::Thread-28 2020-08-09 18:59:52.728 - Inspired by past romantic relationships evoking intense, tumultuous "red" emotions that Swift was experiencing during the conception of the project, Red touches on the themes of romance and heartbreak, but represents a mature perspective, while exploring the pressure of being in the public eye.
8003:123145429430272::Thread-28 2020-08-09 18:59:53.103 - Red is a country, pop and rock record with influences from arena rock, alternative rock, dance, dubstep, electronic, folk and heartland rock; many commentators described it as a pop album, while others deemed it as a country album that sees Swift transitioning from her roots to mainstream pop, which they found to be subsequently complete with its follow-up 1989 (2014).
8006:123145429430272::Thread-28 2020-08-09 18:59:53.398 - **END**
8003:123145429430272::Thread-28 2020-08-09 18:59:53.78 - Red contains collaborations with Gary Lightbody and Ed Sheeran.
8005:123145429430272::Thread-28 2020-08-09 18:59:54.186 - After taking some time off to refocus on his marriage to American model Hailey Baldwin, Bieber released his fifth studio album, Changes, which became his seventh chart-topper in the US.
8005:123145429430272::Thread-28 2020-08-09 18:59:54.65 - Bieber has sold more than 150 million records, making him one of the world's best-selling music artists.
8003:123145429430272::Thread-28 2020-08-09 18:59:54.655 - Preceded by two singles, the album was supported by seven singles in total, four of which peaked in the top 10 of the Billboard Hot 100: the lead single "We Are Never Ever Getting Back Together" topped the chart for three weeks, "Begin Again" and "I Knew You Were Trouble" peaked at numbers seven and two respectively, and the title track at number six.
8004:123145429430272::Thread-28 2020-08-09 18:59:54.858 - **START**
8004:123145429430272::Thread-28 2020-08-09 18:59:54.861 - Starting new HTTPS connection (1): en.wikipedia.org
8003:123145429430272::Thread-28 2020-08-09 18:59:55.298 - Upon release, Red received generally positive reviews from music critics, who praised Swift's songwriting craftsmanship, but were divided on the incorporation of various genres—Swift's emerging versatility was praised but met criticism for being inconsistent.
8006:123145429430272::Thread-28 2020-08-09 18:59:55.401 - **START**
8006:123145429430272::Thread-28 2020-08-09 18:59:55.409 - Starting new HTTPS connection (1): en.wikipedia.org
8005:123145429430272::Thread-28 2020-08-09 18:59:55.889 - He has won numerous awards, including a Grammy Award, 15 American Music Awards, 20 Billboard Music Awards, two Brit Awards, a Latin Grammy Award, a record 21 MTV Europe Music Awards, and three MTV Video Music Awards.
8004:123145429430272::Thread-28 2020-08-09 18:59:55.922 - Abraham Lincoln (; February 12, 1809 – April 15, 1865) was an American statesman and lawyer who served as the 16th president of the United States from 1861 to 1865.
8003:123145429430272::Thread-28 2020-08-09 18:59:56.104 - Red was included on several year-end and decade-end lists by numerous publications, with Rolling Stone, Chorus.fm and Insider placing it at number one; Red is one of the fifteen most frequent albums on decade-end best-albums lists by publications, according to Metacritic.
8003:123145429430272::Thread-28 2020-08-09 18:59:56.449 - It received nominations for Album of the Year and Best Country Album at the 56th Annual Grammy Awards, and for Album of the Year at the 2013 Country Music Association Awards.
8004:123145429430272::Thread-28 2020-08-09 18:59:56.598 - Lincoln led the nation through its greatest moral, constitutional, and political crisis in the American Civil War.
8006:123145429430272::Thread-28 2020-08-09 18:59:56.642 - Muhammad Ali (; born Cassius Marcellus Clay Jr.; January 17, 1942 – June 3, 2016) was an American professional boxer, activist, and philanthropist.
8003:123145429430272::Thread-28 2020-08-09 18:59:56.972 - Red debuted at number-one on the Billboard 200 with first-week sales of 1.2 million copies, giving Swift her third consecutive chart-topper in the US, making her the first female artist to have two million-selling album openings; it went on to spend seven weeks atop the chart.
8004:123145429430272::Thread-28 2020-08-09 18:59:57.535 - He succeeded in preserving the Union, abolishing slavery, bolstering the federal government, and modernizing the U.S. economy.
8006:123145429430272::Thread-28 2020-08-09 18:59:57.55 - Nicknamed "The Greatest", he is widely regarded as one of the most significant and celebrated sports figures of the 20th century and as one of the greatest boxers of all time.
8006:123145429430272::Thread-28 2020-08-09 18:59:57.943 - Ali was born and raised in Louisville, Kentucky, and began training as an amateur boxer at age 12.
8004:123145429430272::Thread-28 2020-08-09 18:59:58.196 - Lincoln was born into poverty in a log cabin and was raised on the frontier primarily in Indiana.
8002:123145429430272::Thread-28 2020-08-09 18:59:58.349 - **START**
8002:123145429430272::Thread-28 2020-08-09 18:59:58.366 - Starting new HTTPS connection (1): en.wikipedia.org
8006:123145429430272::Thread-28 2020-08-09 18:59:58.422 - At 18, he won a gold medal in the light heavyweight division at the 1960 Summer Olympics, and turned professional later that year.
8004:123145429430272::Thread-28 2020-08-09 18:59:58.934 - He was self-educated and became a lawyer, Whig Party leader, Illinois state legislator, and U.S.
8006:123145429430272::Thread-28 2020-08-09 18:59:59.282 - He converted to Islam and became a Muslim after 1961, and eventually took the name Muhammad Ali.
8004:123145429430272::Thread-28 2020-08-09 18:59:59.432 - Congressman from Illinois.
8006:123145429430272::Thread-28 2020-08-09 18:59:59.804 - He won the world heavyweight championship from Sonny Liston in a major upset at age 22 in 1964.
8004:123145429430272::Thread-28 2020-08-09 19:00:00.267 - In 1849 he returned to his law practice but became vexed by the opening of additional lands to slavery as a result of the Kansas–Nebraska Act.
8004:123145429430272::Thread-28 2020-08-09 19:00:00.831 - He reentered politics in 1854, becoming a leader in the new Republican Party, and he reached a national audience in the 1858 debates against Stephen Douglas.
8004:123145429430272::Thread-28 2020-08-09 19:00:01.075 - Lincoln ran for President in 1860, sweeping the North in victory.
8002:123145429430272::Thread-28 2020-08-09 19:00:01.197 - The Red Fort is a historic fort in the city of Delhi (in Old Delhi) in India that served as the main residence of the Mughal Emperors.
8006:123145429430272::Thread-28 2020-08-09 19:00:01.25 - In 1966, Ali refused to be drafted into the military, citing his religious beliefs and opposition to the Vietnam War.
8004:123145429430272::Thread-28 2020-08-09 19:00:01.498 - Pro-slavery elements in the South equated his success with the North's rejection of their right to practice slavery, and southern states began seceding from the union.
8003:123145429430272::Thread-28 2020-08-09 19:00:01.975 - **END**
8006:123145429430272::Thread-28 2020-08-09 19:00:02.048 - He was arrested, found guilty of draft evasion, and stripped of his boxing titles.
8004:123145429430272::Thread-28 2020-08-09 19:00:02.636 - To secure its independence, the new Confederate States fired on Fort Sumter, a U.S. fort in the South, and Lincoln called up forces to suppress the rebellion and restore the Union.
8006:123145429430272::Thread-28 2020-08-09 19:00:03.265 - He appealed the decision to the Supreme Court, which overturned his conviction in 1971, but he had not fought for nearly four years and lost a period of peak performance as an athlete.
8002:123145429430272::Thread-28 2020-08-09 19:00:03.782 - Emperor Shah Jahan commissioned reconstruction of the Red Fort on 12 May 1638, when he decided to shift his capital from Agra to Delhi.
8005:123145429430272::Thread-28 2020-08-09 19:00:03.891 - **END**
8006:123145429430272::Thread-28 2020-08-09 19:00:04.154 - His actions as a conscientious objector to the war made him an icon for the larger counterculture generation, and he was a high-profile figure of racial pride for African Americans during the civil rights movement.
8006:123145429430272::Thread-28 2020-08-09 19:00:04.155 - **END**
8002:123145429430272::Thread-28 2020-08-09 19:00:05.081 - Originally red and white, its design is credited to architect Ustad Ahmad Lahori, who also constructed the Taj Mahal.
8002:123145429430272::Thread-28 2020-08-09 19:00:06.002 - It was reconstructed between May 1639 and April 1648.
8002:123145429430272::Thread-28 2020-08-09 19:00:06.579 - On 15 August 1947, the first prime minister of India, Jawaharlal Nehru, raised the Indian national flag above the Lahori Gate.
8002:123145429430272::Thread-28 2020-08-09 19:00:07.325 - Every year on India's Independence Day (15 August), the prime minister hoists the Indian "tricolour flag" at the fort's main gate and delivers a nationally broadcast speech from its ramparts.
8002:123145429430272::Thread-28 2020-08-09 19:00:10.3 - Etymology
Its English name red fort is a translation of the Hindustani Lāl Qila (Hindi: लाल क़िला, Urdu: لال قلعہ‎) , deriving from its red-sandstone walls.
8004:123145429430272::Thread-28 2020-08-09 19:00:11.692 - **END**
8002:123145429430272::Thread-28 2020-08-09 19:00:12.22 - , Lal was derived from Hindustani language meaning "Red" and Qalàh derived from Persian word meaning "Fortress".
8002:123145429430272::Thread-28 2020-08-09 19:00:13.146 - As the residence of the imperial family, the fort was originally known as the "Blessed Fort" (Qila-i-Mubārak).
8002:123145429430272::Thread-28 2020-08-09 19:00:14.523 - Agra Fort is also known as Lāl Qila.
8002:123145429430272::Thread-28 2020-08-09 19:00:15.527 - **END**