8006:123146245509120::Thread-222 2020-08-09 18:59:25.271 - **START**
8006:123146245509120::Thread-222 2020-08-09 18:59:25.276 - Starting new HTTPS connection (1): en.wikipedia.org
8006:123146245509120::Thread-222 2020-08-09 18:59:27.163 - Glee (stylized in all lowercase) is  an American musical comedy-drama television series that aired on the Fox network in the United States from May 19, 2009, to March 20, 2015.
8006:123146245509120::Thread-222 2020-08-09 18:59:27.309 - It centers on the fictional William McKinley High School glee club, the New Directions, which competes on the show choir competition circuit while its disparate members deal with social issues, especially regarding sexuality, race, relationships, and teamwork.
8006:123146245509120::Thread-222 2020-08-09 18:59:28.515 - The initial twelve-member cast included Matthew Morrison as club director and Spanish teacher Will Schuester, Jane Lynch as cheerleading coach Sue Sylvester, Jayma Mays as guidance counselor Emma Pillsbury, Jessalyn Gilsig as Will's wife Terri, and Dianna Agron, Chris Colfer, Kevin McHale, Lea Michele, Cory Monteith, Amber Riley, Mark Salling, and Jenna Ushkowitz as eight club members.
8006:123146245509120::Thread-222 2020-08-09 18:59:28.547 - The main cast was altered throughout the series.
8005:123146245509120::Thread-222 2020-08-09 18:59:29.253 - **START**
8005:123146245509120::Thread-222 2020-08-09 18:59:29.441 - Starting new HTTPS connection (1): en.wikipedia.org
8006:123146245509120::Thread-222 2020-08-09 18:59:29.697 - The series was created by Ryan Murphy, Brad Falchuk, and Ian Brennan, the latter of whom first conceived of Glee as a film.
8006:123146245509120::Thread-222 2020-08-09 18:59:30.937 - The three wrote all of the show's episodes for the first two seasons, and Murphy and Falchuk initially served as the show's main directors.
8004:123146245509120::Thread-222 2020-08-09 18:59:31.266 - **START**
8005:123146245509120::Thread-222 2020-08-09 18:59:31.362 - Janine Marie Lindemulder (born November 14, 1968), also known as Janine Marie James, is an American exotic dancer and adult film actress, best known for her work in American pornographic films (typically credited as just Janine) during the mid-1990s and since a 2004 comeback.
8005:123146245509120::Thread-222 2020-08-09 18:59:31.488 - Lindemulder has appeared in several music videos for bands including Blink-182 as well as appearing on the cover of their 1999 album Enema of the State.
8004:123146245509120::Thread-222 2020-08-09 18:59:31.503 - Starting new HTTPS connection (1): en.wikipedia.org
8005:123146245509120::Thread-222 2020-08-09 18:59:31.901 - Early career
Janine Lindemulder modeled for Penthouse magazine, making her first appearance in the December 1987 issue, as the Pet of the Month.
8005:123146245509120::Thread-222 2020-08-09 18:59:31.908 - She appeared several more times in Penthouse over the next ten years, and was chosen as Pet of the Year Runner-Up for 1990.Lindemulder's first cinematic role came in the 1988 Italian film Bersaglio sull'autostrada, known as Moving Target in English-speaking countries.
8005:123146245509120::Thread-222 2020-08-09 18:59:32.031 - She was credited as Janine Linde.
8006:123146245509120::Thread-222 2020-08-09 18:59:32.11 - The pilot episode was broadcast on May 19, 2009, and the first season aired from September 9, 2009, to June 8, 2010.
8005:123146245509120::Thread-222 2020-08-09 18:59:32.586 - She went on to act in other lower-tier mainstream films, including Spring Break USA and Caged Fury.
8005:123146245509120::Thread-222 2020-08-09 18:59:33.516 - Adult film career
Lindemulder made her adult film debut in the 1992 feature Andrew Blake's Hidden Obsessions.
8005:123146245509120::Thread-222 2020-08-09 18:59:33.718 - She was featured in two more adult movies before joining Vivid Video as an exclusive "contract girl" (who are collectively referred to as the Vivid Girls).
8005:123146245509120::Thread-222 2020-08-09 18:59:33.913 - Her first Vivid release was titled Parlor Games.
8006:123146245509120::Thread-222 2020-08-09 18:59:34.121 - Subsequent seasons aired in September through May.
8004:123146245509120::Thread-222 2020-08-09 18:59:34.4 - Sachin Ramesh Tendulkar ( (listen); born 24 April 1973) is a former international cricketer from India and a former captain of the Indian national team.
8006:123146245509120::Thread-222 2020-08-09 18:59:34.409 - The sixth and final season aired from January to March 2015.
8005:123146245509120::Thread-222 2020-08-09 18:59:34.702 - Lindemulder subsequently appeared featured in over fifty other Vivid titles.
8006:123146245509120::Thread-222 2020-08-09 18:59:34.918 - Glee features on-screen performance-based musical numbers that were selected by Murphy, who aimed to maintain a balance between show tunes and chart hits, and produced by Adam Anders and Peer Åström.
8004:123146245509120::Thread-222 2020-08-09 18:59:35.455 - He is widely regarded as one of the greatest batsmen in the history of cricket.
8004:123146245509120::Thread-222 2020-08-09 18:59:35.716 - He is the highest run scorer of all time in International cricket.
8004:123146245509120::Thread-222 2020-08-09 18:59:35.935 - Considered as the world's most prolific batsman of all time, he is the only player to have scored one hundred international centuries, the first batsman to score a double century in a One Day International (ODI), the holder of the record for the most runs in both Test and ODI cricket, and the only player to complete more than 30,000 runs in international cricket.Tendulkar took up cricket at the age of eleven, made his Test debut on 15 November 1989 against Pakistan in Karachi at the age of sixteen, and went on to represent Mumbai domestically and India internationally for close to twenty-four years.
8003:123146245509120::Thread-222 2020-08-09 18:59:36.313 - **START**
8004:123146245509120::Thread-222 2020-08-09 18:59:36.644 - In 2002, halfway through his career, Wisden Cricketers' Almanack ranked him the second greatest Test batsman of all time, behind Don Bradman, and the second greatest ODI batsman of all time, behind Viv Richards.
8003:123146245509120::Thread-222 2020-08-09 18:59:36.639 - Starting new HTTPS connection (1): en.wikipedia.org
8002:123146245509120::Thread-222 2020-08-09 18:59:37.372 - **START**
8004:123146245509120::Thread-222 2020-08-09 18:59:37.422 - Later in his career, Tendulkar was a part of the Indian team that won the 2011 World Cup, his first win in six World Cup appearances for India.
8006:123146245509120::Thread-222 2020-08-09 18:59:37.92 - **END**
8004:123146245509120::Thread-222 2020-08-09 18:59:38.066 - He had previously been named "Player of the Tournament" at the 2003 edition of the tournament, held in South Africa.
8004:123146245509120::Thread-222 2020-08-09 18:59:38.99 - In 2013, he was the only Indian cricketer included in an all-time Test World XI named to mark the 150th anniversary of Wisden Cricketers' Almanack.
8002:123146245509120::Thread-222 2020-08-09 18:59:39.059 - Starting new HTTPS connection (1): en.wikipedia.org
8004:123146245509120::Thread-222 2020-08-09 18:59:39.59 - He is affectionately known as Little Master or Master Blaster.Tendulkar received the Arjuna Award in 1994 for his outstanding sporting achievement, the Rajiv Gandhi Khel Ratna award in 1997, India's highest sporting honour, and the Padma Shri and Padma Vibhushan awards in 1999 and 2008, respectively, India's fourth and second highest civilian awards.
8005:123146245509120::Thread-222 2020-08-09 18:59:39.762 - **END**
8004:123146245509120::Thread-222 2020-08-09 18:59:40.329 - After a few hours of his final match on 16 November 2013, the Prime Minister's Office announced the decision to award him the Bharat Ratna, India's highest civilian award.
8003:123146245509120::Thread-222 2020-08-09 18:59:41.115 - Jerusalem (; Hebrew: יְרוּשָׁלַיִם Yerushaláyim; Arabic: القُدس‎ al-Quds or Bayt al-Maqdis, also spelled Baitul Muqaddas) is a city in the Middle East, located on a plateau in the Judaean Mountains between the Mediterranean and the Dead Sea.
8003:123146245509120::Thread-222 2020-08-09 18:59:41.457 - It is one of the oldest cities in the world, and is considered holy to the three major Abrahamic religions—Judaism, Christianity, and Islam.
8003:123146245509120::Thread-222 2020-08-09 18:59:41.811 - Both Israel and the Palestinian Authority claim Jerusalem as their capital, as Israel maintains its primary governmental institutions there and the State of Palestine ultimately foresees it as its seat of power; however, neither claim is widely recognized internationally.During its long history, Jerusalem has been destroyed at least twice, besieged 23 times, captured and recaptured 44 times, and attacked 52 times.
8005:123146245509120::Thread-222 2020-08-09 18:59:42.786 - **START**
8003:123146245509120::Thread-222 2020-08-09 18:59:42.809 - The part of Jerusalem called the City of David shows first signs of settlement in the 4th millennium BCE, in the shape of encampments of nomadic shepherds.
8005:123146245509120::Thread-222 2020-08-09 18:59:43.282 - Starting new HTTPS connection (1): en.wikipedia.org
8004:123146245509120::Thread-222 2020-08-09 18:59:43.332 - **END**
8003:123146245509120::Thread-222 2020-08-09 18:59:44.858 - Jerusalem was named as Urusalim on ancient Egyptian tablets, probably meaning "City of Shalem" after a Canaanite deity, during the Canaanite period (14th century BCE).
8003:123146245509120::Thread-222 2020-08-09 18:59:44.959 - During the Israelite period, significant construction activity in Jerusalem began in the 9th century BCE (Iron Age II), and in the 8th century the city developed into the religious and administrative center of the Kingdom of Judah.
8002:123146245509120::Thread-222 2020-08-09 18:59:45.272 - Juventus Football Club (from Latin: iuventūs, "youth"; Italian pronunciation: [juˈvɛntus]), colloquially known as Juventus and Juve (pronounced [ˈjuːve]), is a professional football club based in Turin, Piedmont, Italy, that competes in the Serie A, the top flight of Italian football.
8005:123146245509120::Thread-222 2020-08-09 18:59:45.426 - Greta Tintin Eleonora Ernman Thunberg (Swedish: [ˈɡrêːta ˈtʉ̂ːnbærj] (listen); born 3 January 2003) is a Swedish environmental activist who has gained international recognition for promoting the view that humanity is facing an existential crisis arising from climate change.
8005:123146245509120::Thread-222 2020-08-09 18:59:45.653 - Thunberg is known for her youth and her straightforward speaking manner, both in public and to political leaders and assemblies, in which she criticises world leaders for their failure to take sufficient action to address the climate crisis.Thunberg's activism started after convincing her parents to adopt several lifestyle choices to reduce their own carbon footprint.
8005:123146245509120::Thread-222 2020-08-09 18:59:45.829 - In August 2018, at age 15, she started spending her school days outside the Swedish parliament to call for stronger action on climate change by holding up a sign reading Skolstrejk för klimatet (School strike for climate).
8003:123146245509120::Thread-222 2020-08-09 18:59:45.888 - In 1538, the city walls were rebuilt for a last time around Jerusalem under Suleiman the Magnificent.
8006:123146245509120::Thread-222 2020-08-09 18:59:45.921 - **START**
8006:123146245509120::Thread-222 2020-08-09 18:59:45.925 - Starting new HTTPS connection (1): en.wikipedia.org
8005:123146245509120::Thread-222 2020-08-09 18:59:45.998 - Soon, other students engaged in similar protests in their own communities.
8003:123146245509120::Thread-222 2020-08-09 18:59:46.132 - Today those walls define the Old City, which has been traditionally divided into four quarters—known since the early 19th century as the Armenian, Christian, Jewish, and Muslim Quarters.
8003:123146245509120::Thread-222 2020-08-09 18:59:46.143 - The Old City became a World Heritage Site in 1981, and is on the List of World Heritage in Danger.
8004:123146245509120::Thread-222 2020-08-09 18:59:46.337 - **START**
8004:123146245509120::Thread-222 2020-08-09 18:59:46.347 - Starting new HTTPS connection (1): en.wikipedia.org
8002:123146245509120::Thread-222 2020-08-09 18:59:46.703 - Nicknamed I Bianconeri (The Black and Whites) or La Vecchia Signora (The Old Lady), the club was founded in 1897 by a group of students from Turin.
8005:123146245509120::Thread-222 2020-08-09 18:59:46.931 - Together, they organised a school climate strike movement under the name Fridays for Future.
8006:123146245509120::Thread-222 2020-08-09 18:59:46.993 - The Forbidden City (Chinese: 故宫; pinyin: Gùgōng) is a palace complex in central Beijing, China.
8005:123146245509120::Thread-222 2020-08-09 18:59:47.121 - After Thunberg addressed the 2018 United Nations Climate Change Conference, student strikes took place every week somewhere in the world.
8006:123146245509120::Thread-222 2020-08-09 18:59:47.181 - It houses the Palace Museum, and was the former Chinese imperial palace and state residence of the Emperor of China from the Ming dynasty (since the Yongle Emperor) to the end of the Qing dynasty, between 1420 and 1924.
8003:123146245509120::Thread-222 2020-08-09 18:59:47.323 - Since 1860 Jerusalem has grown far beyond the Old City's boundaries.
8004:123146245509120::Thread-222 2020-08-09 18:59:47.487 - The Leaning Tower of Pisa (Italian: Torre pendente di Pisa) or simply the Tower of Pisa (Torre di Pisa [ˈtorre di ˈpiːza, - ˈpiːsa]) is the campanile, or freestanding bell tower, of the cathedral of the Italian city of Pisa, known worldwide for its nearly four-degree lean, the result of an unstable foundation.
8005:123146245509120::Thread-222 2020-08-09 18:59:47.5 - In 2019, there were multiple coordinated multi-city protests involving over a million students each.
8006:123146245509120::Thread-222 2020-08-09 18:59:47.621 - The Forbidden City served as the home of Chinese emperors and their households and was the ceremonial and political center of the Chinese government for almost 500 years.
8004:123146245509120::Thread-222 2020-08-09 18:59:47.726 - The tower is situated behind the Pisa Cathedral and is the third-oldest structure in the city's Cathedral Square (Piazza del Duomo), after the cathedral and the Pisa Baptistry.
8006:123146245509120::Thread-222 2020-08-09 18:59:47.969 - Constructed from 1406 to 1420, the complex consists of 980 buildings and covers 72 hectares (over 180 acres).
8005:123146245509120::Thread-222 2020-08-09 18:59:48.019 - To avoid flying, Thunberg sailed to North America where she attended the 2019 UN Climate Action Summit.
8005:123146245509120::Thread-222 2020-08-09 18:59:48.338 - Her speech there, in which she exclaimed "how dare you", was widely taken up by the press and incorporated into music.
8002:123146245509120::Thread-222 2020-08-09 18:59:48.451 - They have played home matches in grounds around its city, the latest being the 41,507-capacity Juventus Stadium since 2011.
8004:123146245509120::Thread-222 2020-08-09 18:59:48.687 - The height of the tower is 55.86 metres (183.27 feet) from the ground on the low side and 56.67 metres (185.93 feet) on the high side.
8005:123146245509120::Thread-222 2020-08-09 18:59:48.756 - Her sudden rise to world fame has made her both a leader and a target for critics.
8004:123146245509120::Thread-222 2020-08-09 18:59:49.298 - The width of the walls at the base is 2.44 m (8 ft 0.06 in).
8004:123146245509120::Thread-222 2020-08-09 18:59:49.391 - Its weight is estimated at 14,500 metric tons (16,000 short tons).
8006:123146245509120::Thread-222 2020-08-09 18:59:49.704 - The palace exemplifies traditional Chinese palatial architecture, and has influenced cultural and architectural developments in East Asia and elsewhere.
8002:123146245509120::Thread-222 2020-08-09 18:59:49.974 - Juventus has won 36 official league titles, 13 Coppa Italia titles, and eight Supercoppa Italiana titles, being the record holder for all these competitions; two Intercontinental Cups, two European Cups / UEFA Champions Leagues, one European Cup Winners' Cup, a joint national record of three UEFA Cups, two UEFA Super Cups and a joint national record of one UEFA Intertoto Cup.
8004:123146245509120::Thread-222 2020-08-09 18:59:49.983 - The tower has 296 or 294 steps; the seventh floor has two fewer steps on the north-facing staircase.
8002:123146245509120::Thread-222 2020-08-09 18:59:50.299 - Consequently, the side leads the historical Federazione Italiana Giuoco Calcio (FIGC) ranking, whilst on the international stage occupies the 5th position in Europe and the eleventh in the world for most confederation titles won with eleven trophies, having led the UEFA ranking during seven seasons since its inception in 1979, the most for an Italian team and joint second overall.
8003:123146245509120::Thread-222 2020-08-09 18:59:50.327 - **END**
8004:123146245509120::Thread-222 2020-08-09 18:59:50.379 - The tower began to lean during construction in the 12th century, due to soft ground which could not properly support the structure's weight, and it worsened through the completion of construction in the 14th century.
8004:123146245509120::Thread-222 2020-08-09 18:59:50.565 - By 1990, the tilt had reached 5.5 degrees.
8006:123146245509120::Thread-222 2020-08-09 18:59:50.599 - The Forbidden City was declared a World Heritage Site in 1987, and is listed by UNESCO as the largest collection of preserved ancient wooden structures in the world.
8004:123146245509120::Thread-222 2020-08-09 18:59:51.12 - The structure was stabilized by remedial work between 1993 and 2001, which reduced the tilt to 3.97 degrees.
8004:123146245509120::Thread-222 2020-08-09 18:59:51.656 - Architect
There has been controversy about the real identity of the architect of the Leaning Tower of Pisa.
8002:123146245509120::Thread-222 2020-08-09 18:59:51.659 - Founded with the name of Sport-Club Juventus, initially as an athletics club, it is the second oldest of its kind still active in the country after Genoa's football section (1893) and has competed uninterruptedly in the top flight league (reformulated as Serie A from 1929) since its debut in 1900 after changing its name to Foot-Ball Club Juventus, with the exception of the 2006–07 season, being managed by the industrial Agnelli family almost continuously since 1923.
8002:123146245509120::Thread-222 2020-08-09 18:59:51.934 - The relationship between the club and that dynasty is the oldest and longest in national sports, making Juventus one of the first professional sporting clubs ante litteram in the country, having established itself as a major force in the national stage since the 1930s and at confederation level since the mid-1970s and becoming one of the first ten wealthiest in world football in terms of value, revenue and profit since the mid-1990s, being listed on the Borsa italiana since 2001.Under the management of Giovanni Trapattoni, the club won 13 trophies in the ten years before 1986, including six league titles and five international titles, and became the first to win all three seasonal competitions organised by the Union of European Football Associations: the 1976–77 UEFA Cup (first Southern European side to do so), the 1983–84 Cup Winners' Cup and the 1984–85 European Cup.
8002:123146245509120::Thread-222 2020-08-09 18:59:52.563 - With successive triumphs in the 1984 European Super Cup and 1985 Intercontinental Cup, it became the first and thus far only in the world to complete a clean sweep of all confederation trophies; an achievement that they revalidated with the title won in the 1999 UEFA Intertoto Cup after another successful era led by Marcello Lippi, becoming in addition the only professional Italian club to have won every ongoing honour available to the first team and organised by a national or international football association.
8006:123146245509120::Thread-222 2020-08-09 18:59:52.577 - Since 1925, the Forbidden City has been under the charge of the Palace Museum, whose extensive collection of artwork and artifacts were built upon the imperial collections of the Ming and Qing dynasties.
8003:123146245509120::Thread-222 2020-08-09 18:59:53.333 - **START**
8003:123146245509120::Thread-222 2020-08-09 18:59:53.341 - Starting new HTTPS connection (1): en.wikipedia.org
8006:123146245509120::Thread-222 2020-08-09 18:59:53.606 - Part of the museum's former collection is now in the National Palace Museum in Taipei.
8005:123146245509120::Thread-222 2020-08-09 18:59:53.871 - **END**
8002:123146245509120::Thread-222 2020-08-09 18:59:53.983 - In December 2000, Juventus was ranked seventh in the FIFA's historic ranking of the best clubs in the world and nine years later was ranked second best club in Europe during the 20th Century based on a statistical study series by the International Federation of Football History & Statistics (IFFHS), the highest for an Italian club in both.The club's fan base is the largest at national level and one of the largest worldwide.
8006:123146245509120::Thread-222 2020-08-09 18:59:54.215 - Both museums descend from the same institution, but were split after the Chinese Civil War.
8002:123146245509120::Thread-222 2020-08-09 18:59:54.654 - Unlike most European sporting supporters' groups, which are often concentrated around their own club's city of origin, it is widespread throughout the whole country and the Italian diaspora, making Juventus a symbol of anticampanilismo ("anti-parochialism") and italianità ("Italianness").
8006:123146245509120::Thread-222 2020-08-09 18:59:54.858 - Since 2012, the Forbidden City has seen an average of 14 million visitors annually, and received more than 19 million visitors in 2019.
8006:123146245509120::Thread-222 2020-08-09 18:59:54.858 - **END**
8003:123146245509120::Thread-222 2020-08-09 18:59:55.313 - The Vedas (; Sanskrit: वेदः vedaḥ, "knowledge") are a large body of religious texts originating in ancient India.
8004:123146245509120::Thread-222 2020-08-09 18:59:56.661 - **END**
8003:123146245509120::Thread-222 2020-08-09 18:59:56.718 - Composed in Vedic Sanskrit, the texts constitute the oldest layer of Sanskrit literature and the oldest scriptures of Hinduism.There are four Vedas: the Rigveda, the Yajurveda, the Samaveda and the Atharvaveda.
8005:123146245509120::Thread-222 2020-08-09 18:59:56.902 - **START**
8005:123146245509120::Thread-222 2020-08-09 18:59:56.908 - Starting new HTTPS connection (1): en.wikipedia.org
8005:123146245509120::Thread-222 2020-08-09 18:59:57.946 - Queen are a British rock band formed in London in 1970.
8003:123146245509120::Thread-222 2020-08-09 18:59:57.968 - Each Veda has four subdivisions – the Samhitas (mantras and benedictions), the Aranyakas (text on rituals, ceremonies, sacrifices and symbolic-sacrifices), the Brahmanas (commentaries on rituals, ceremonies and sacrifices), and the Upanishads (texts discussing meditation, philosophy and spiritual knowledge).
8005:123146245509120::Thread-222 2020-08-09 18:59:58.649 - Their classic line-up was Freddie Mercury (lead vocals, piano), Brian May (guitar, vocals), Roger Taylor (drums, vocals) and John Deacon (bass).
8003:123146245509120::Thread-222 2020-08-09 18:59:58.672 - Some scholars add a fifth category – the Upasanas (worship).
8005:123146245509120::Thread-222 2020-08-09 18:59:58.793 - Their earliest works were influenced by progressive rock, hard rock and heavy metal, but the band gradually ventured into more conventional and radio-friendly works by incorporating further styles, such as arena rock and pop rock.
8005:123146245509120::Thread-222 2020-08-09 18:59:58.917 - Before forming Queen, May and Taylor had played together in the band Smile.
8005:123146245509120::Thread-222 2020-08-09 18:59:59.845 - Mercury was a fan of Smile and encouraged them to experiment with more elaborate stage and recording techniques.
8003:123146245509120::Thread-222 2020-08-09 19:00:00.022 - The texts of the Upanishads discuss ideas akin to the heterodox sramana-traditions.Vedas are śruti ("what is heard"), distinguishing them from other religious texts, which are called smṛti ("what is remembered").
8005:123146245509120::Thread-222 2020-08-09 19:00:00.276 - He joined in 1970 and suggested the name "Queen".
8005:123146245509120::Thread-222 2020-08-09 19:00:00.52 - Deacon was recruited in March 1971, before the band released their eponymous debut album in 1973.
8005:123146245509120::Thread-222 2020-08-09 19:00:00.621 - Queen first charted in the UK with their second album, Queen II, in 1974.
8005:123146245509120::Thread-222 2020-08-09 19:00:00.677 - Sheer Heart Attack later that year and A Night at the Opera in 1975 brought them international success.
8003:123146245509120::Thread-222 2020-08-09 19:00:00.759 - Hindus consider the Vedas to be apauruṣeya, which means "not of a man, superhuman" and "impersonal, authorless," revelations of sacred sounds and texts heard by ancient sages after intense meditation.The Vedas have been orally transmitted since the 2nd millennium BCE with the help of elaborate mnemonic techniques.
8005:123146245509120::Thread-222 2020-08-09 19:00:00.89 - The latter featured "Bohemian Rhapsody", which stayed at number one in the UK for nine weeks and helped popularise the music video format.
8003:123146245509120::Thread-222 2020-08-09 19:00:00.94 - The mantras, the oldest part of the Vedas, are recited in the modern age for their phonology rather than the semantics, and are considered to be "primordial rhythms of creation", preceding the forms to which they refer.
8005:123146245509120::Thread-222 2020-08-09 19:00:01.902 - **END**
8002:123146245509120::Thread-222 2020-08-09 19:00:02.656 - **END**
8003:123146245509120::Thread-222 2020-08-09 19:00:02.715 - By reciting them the cosmos is regenerated, "by enlivening and nourishing the forms of creation at their base.
8003:123146245509120::Thread-222 2020-08-09 19:00:04.332 - "The various Indian philosophies and Hindu denominations have taken differing positions on the Vedas; schools of Indian philosophy which acknowledge the primal  authority of the Vedas are classified as "orthodox" (āstika).
8003:123146245509120::Thread-222 2020-08-09 19:00:05.491 - Other śramaṇa traditions, such as Lokayata, Carvaka, Ajivika, Buddhism and Jainism, which did not regard the Vedas as authorities, are referred to as "heterodox" or "non-orthodox" (nāstika) schools.
8003:123146245509120::Thread-222 2020-08-09 19:00:05.857 - Etymology and usage
The Sanskrit word véda "knowledge, wisdom"  is derived from the root vid- "to know".
8004:123146245509120::Thread-222 2020-08-09 19:00:07.665 - **START**
8004:123146245509120::Thread-222 2020-08-09 19:00:07.67 - Starting new HTTPS connection (1): en.wikipedia.org
8006:123146245509120::Thread-222 2020-08-09 19:00:07.862 - **START**
8006:123146245509120::Thread-222 2020-08-09 19:00:07.867 - Starting new HTTPS connection (1): en.wikipedia.org
8006:123146245509120::Thread-222 2020-08-09 19:00:08.534 - Paris (French pronunciation: ​[paʁi] (listen)) is the capital and most populous city of France, with an estimated population of 2,150,271 residents as of 2020, in an area of 105 square kilometres (41 square miles).
8004:123146245509120::Thread-222 2020-08-09 19:00:08.983 - Los Angeles International Airport (IATA: LAX, ICAO: KLAX, FAA LID: LAX), commonly referred to as LAX (with each of its letters pronounced individually), is the primary international airport serving Los Angeles and its surrounding metropolitan area.
8004:123146245509120::Thread-222 2020-08-09 19:00:09.526 - LAX is located in the Westchester neighborhood of Los Angeles, 18 miles (30 km) southwest of Downtown Los Angeles, with the commercial and residential areas of Westchester to the north, the city of El Segundo to the south and the city of Inglewood to the east.
8003:123146245509120::Thread-222 2020-08-09 19:00:09.861 - **END**
8006:123146245509120::Thread-222 2020-08-09 19:00:11.161 - Since the 17th century, Paris has been one of Europe's major centres of finance, diplomacy, commerce, fashion, science and arts.
8004:123146245509120::Thread-222 2020-08-09 19:00:11.249 - LAX is the closest airport to the Westside and the South Bay.
8004:123146245509120::Thread-222 2020-08-09 19:00:12.108 - Owned and operated by Los Angeles World Airports (LAWA), an agency of the government of Los Angeles, formerly known as the Department of Airports, the airport covers 3,500 acres (1,400 ha)  of land.
8004:123146245509120::Thread-222 2020-08-09 19:00:13.295 - LAX has four parallel runways.In 2019, LAX handled 88,068,013 passengers, making it the world's third busiest and the United States' second busiest airport following Hartsfield–Jackson Atlanta International Airport.
8006:123146245509120::Thread-222 2020-08-09 19:00:13.339 - The City of Paris is the centre and seat of government of the Île-de-France, or Paris Region, which has an estimated official 2020 population of 12,278,210, or about 18 percent of the population of France.
8006:123146245509120::Thread-222 2020-08-09 19:00:14.014 - The Paris Region had a GDP of €709 billion ($808 billion) in 2017.
8004:123146245509120::Thread-222 2020-08-09 19:00:14.804 - As the largest and busiest international airport on the U.S. West Coast, LAX is a major international gateway to the United States, and also serves a connection point for passengers traveling internationally.
8004:123146245509120::Thread-222 2020-08-09 19:00:15.468 - The airport holds the record for the world's busiest origin and destination airport, since relative to other airports, many more travelers begin or end their trips in Los Angeles than use it as a connection.
8006:123146245509120::Thread-222 2020-08-09 19:00:15.643 - According to the Economist Intelligence Unit Worldwide Cost of Living Survey in 2018, Paris was the second most expensive city in the world, after Singapore, and ahead of Zürich, Hong Kong, Oslo and Geneva.
8004:123146245509120::Thread-222 2020-08-09 19:00:15.874 - It is also the only airport to rank among the top five U.S. airports for both passenger and cargo traffic.LAX serves as a major hub or focus city for more passenger airlines than any other airport in the United States.
8006:123146245509120::Thread-222 2020-08-09 19:00:16.571 - Another source ranked Paris as most expensive, on a par with Singapore and Hong Kong, in 2018.The city is a major railway, highway and air-transport hub served by two international airports: Paris–Charles de Gaulle (the second busiest airport in Europe) and Paris–Orly.
8006:123146245509120::Thread-222 2020-08-09 19:00:16.606 - Opened in 1900, the city's subway system, the Paris Métro, serves 5.23 million passengers daily; it is the second busiest metro system in Europe after the Moscow Metro.
8004:123146245509120::Thread-222 2020-08-09 19:00:16.941 - While LAX is the busiest airport in the Greater Los Angeles Area, several other airports, including Hollywood Burbank Airport, John Wayne Airport, Long Beach Airport, as well as Ontario International Airport, also serve the area.
8004:123146245509120::Thread-222 2020-08-09 19:00:18.204 - History

In 1928, the Los Angeles City Council selected 640 acres (1.00 sq mi; 260 ha) in the southern part of Westchester for a new airport.
8004:123146245509120::Thread-222 2020-08-09 19:00:18.205 - **END**
8006:123146245509120::Thread-222 2020-08-09 19:00:19.507 - Gare du Nord is the 24th busiest railway station in the world, but the first located outside Japan, with 262 million passengers in 2015.
8006:123146245509120::Thread-222 2020-08-09 19:00:22.132 - Paris is especially known for its museums and architectural landmarks: the Louvre was the most visited art museum in the world in 2019, with 9.6 million visitors.
8006:123146245509120::Thread-222 2020-08-09 19:00:24.818 - The Musée d'Orsay, Musée Marmottan Monet, and Musée de l'Orangerie are noted for their collections of French Impressionist art, the Pompidou Centre Musée National d'Art Moderne has the largest collection of modern and contemporary art in Europe, and the Musée Rodin and Musée Picasso exhibit the works of two noted Parisians.
8006:123146245509120::Thread-222 2020-08-09 19:00:31.825 - **END**