8003:123146325434368::Thread-241 2020-08-09 18:59:26.352 - **START**
8003:123146325434368::Thread-241 2020-08-09 18:59:26.421 - Starting new HTTPS connection (1): en.wikipedia.org
8004:123146325434368::Thread-241 2020-08-09 18:59:29.264 - **START**
8004:123146325434368::Thread-241 2020-08-09 18:59:29.417 - Starting new HTTPS connection (1): en.wikipedia.org
8004:123146325434368::Thread-241 2020-08-09 18:59:32.127 - The Delhi Metro is a rapid transit system serving Delhi and its satellite cities of Ghaziabad, Faridabad, Gurgaon, Noida, Bahadurgarh and Ballabhgarh, in the National Capital Region of India.
8004:123146325434368::Thread-241 2020-08-09 18:59:33.726 - It is by far the largest and busiest metro in India, and second oldest after the Kolkata Metro.
8003:123146325434368::Thread-241 2020-08-09 18:59:34.712 - **START**
8003:123146325434368::Thread-241 2020-08-09 18:59:35.016 - Starting new HTTPS connection (1): en.wikipedia.org
8004:123146325434368::Thread-241 2020-08-09 18:59:35.117 - The network consists of Eleven colour-coded regular lines serving 285 stations with a total length of 389 kilometres (242 mi).
8004:123146325434368::Thread-241 2020-08-09 18:59:35.753 - The system has a mix of underground, at-grade, and elevated stations using both broad-gauge and standard-gauge.
8004:123146325434368::Thread-241 2020-08-09 18:59:36.226 - Delhi Metro operates over 2,700 trips daily, starting at around 05:00 and ending at 23:30.Construction started in 1998, and the first elevated section (Shahdara to Tis Hazari) on the Red Line opened in 2002.
8004:123146325434368::Thread-241 2020-08-09 18:59:37.898 - The first underground section (Vishwa Vidyalaya – Kashmere Gate) on the Yellow Line opened in 2004.
8006:123146325434368::Thread-241 2020-08-09 18:59:38.292 - **START**
8002:123146325434368::Thread-241 2020-08-09 18:59:38.369 - **START**
8006:123146325434368::Thread-241 2020-08-09 18:59:38.724 - Starting new HTTPS connection (1): en.wikipedia.org
8004:123146325434368::Thread-241 2020-08-09 18:59:39.042 - The development of the network was divided into phases.
8002:123146325434368::Thread-241 2020-08-09 18:59:39.079 - Starting new HTTPS connection (1): en.wikipedia.org
8003:123146325434368::Thread-241 2020-08-09 18:59:39.746 - Tupac Amaru Shakur ( TOO-pahk shə-KOOR; born Lesane Parish Crooks, June 16, 1971 – September 13, 1996), better known by his stage name 2Pac, was an American rapper and actor.
8004:123146325434368::Thread-241 2020-08-09 18:59:39.825 - Phase I with 3 lines was completed by 2006, and Phase II in 2011.
8004:123146325434368::Thread-241 2020-08-09 18:59:40.283 - As of March 2020, Phase III is in the finishing stage and scheduled to be mostly complete by the end of the year.
8003:123146325434368::Thread-241 2020-08-09 18:59:41.102 - Considered by many to be one of the most influential rappers of all time, much of Shakur's work has been noted for addressing contemporary social issues that plagued inner cities, and he is considered a symbol of resistance and activism against inequality.
8004:123146325434368::Thread-241 2020-08-09 18:59:41.298 - Construction on Phase IV was formally started on 30 December 2019.
8006:123146325434368::Thread-241 2020-08-09 18:59:41.865 - Victoria (Alexandrina Victoria; 24 May 1819 – 22 January 1901) was Queen of the United Kingdom of Great Britain and Ireland from 20 June 1837 until her death.
8003:123146325434368::Thread-241 2020-08-09 18:59:41.913 - Shakur was born in the Manhattan borough of New York City but relocated to the San Francisco Bay Area in 1988.
8006:123146325434368::Thread-241 2020-08-09 18:59:41.983 - She adopted the additional title of Empress of India on 1 May 1876.
8005:123146325434368::Thread-241 2020-08-09 18:59:42.254 - **START**
8006:123146325434368::Thread-241 2020-08-09 18:59:42.473 - Known as the Victorian era, her reign of 63 years and seven months was longer than that of any of her predecessors.
8003:123146325434368::Thread-241 2020-08-09 18:59:42.521 - He later moved to Los Angeles in 1993 to further pursue his music career.
8005:123146325434368::Thread-241 2020-08-09 18:59:43.287 - Starting new HTTPS connection (1): en.wikipedia.org
8006:123146325434368::Thread-241 2020-08-09 18:59:43.33 - It was a period of industrial, cultural, political, scientific, and military change within the United Kingdom, and was marked by a great expansion of the British Empire.
8006:123146325434368::Thread-241 2020-08-09 18:59:43.681 - Victoria was the daughter of Prince Edward, Duke of Kent and Strathearn (the fourth son of King George III), and Princess Victoria of Saxe-Coburg-Saalfeld.
8006:123146325434368::Thread-241 2020-08-09 18:59:43.722 - After both the Duke and his father died in 1820, she was raised under close supervision by her mother and her comptroller, John Conroy.
8006:123146325434368::Thread-241 2020-08-09 18:59:43.834 - She inherited the throne aged 18 after her father's three elder brothers died without surviving legitimate issue.
8004:123146325434368::Thread-241 2020-08-09 18:59:44.3 - **END**
8006:123146325434368::Thread-241 2020-08-09 18:59:44.497 - Though a constitutional monarch, privately, Victoria attempted to influence government policy and ministerial appointments; publicly, she became a national icon who was identified with strict standards of personal morality.
8003:123146325434368::Thread-241 2020-08-09 18:59:45.387 - By the time he released his debut album 2Pacalypse Now in 1991, he had become a central figure in West Coast hip hop, introducing social issues in the genre at a time when gangsta rap was dominant in the mainstream.
8006:123146325434368::Thread-241 2020-08-09 18:59:45.392 - Victoria married her cousin Prince Albert of Saxe-Coburg and Gotha in 1840.
8006:123146325434368::Thread-241 2020-08-09 18:59:45.91 - Their children married into royal and noble families across the continent, earning Victoria the sobriquet "the grandmother of Europe" and spreading haemophilia in European royalty.
8002:123146325434368::Thread-241 2020-08-09 18:59:45.993 - Jacqueline Marie Evancho ( ee-VANG-koh; born April 9, 2000) is an American classical crossover singer who gained wide recognition at an early age.
8005:123146325434368::Thread-241 2020-08-09 18:59:46.005 - The New York Yankees are an American professional baseball team based in the New York City borough of the Bronx.
8003:123146325434368::Thread-241 2020-08-09 18:59:46.25 - Shakur achieved further critical and commercial success with his follow-up albums Strictly 4 My N.I.G.G.A.Z... (1993) and Me Against the World (1995).Shakur became heavily involved in the growing East Coast–West Coast hip hop rivalry between 1995 and 1996.
8002:123146325434368::Thread-241 2020-08-09 18:59:46.348 - Since 2009, she has issued a platinum-selling EP and eight albums, including three Billboard 200 top 10 debuts.
8002:123146325434368::Thread-241 2020-08-09 18:59:46.564 - She has also been the subject of three solo PBS concert specials.
8005:123146325434368::Thread-241 2020-08-09 18:59:46.631 - They compete in Major League Baseball (MLB) as a member club of the American League (AL) East division.
8006:123146325434368::Thread-241 2020-08-09 18:59:46.912 - **END**
8005:123146325434368::Thread-241 2020-08-09 18:59:47.599 - They are one of two major league clubs based in New York City, the other being the National League's (NL) New York Mets.
8003:123146325434368::Thread-241 2020-08-09 18:59:47.819 - His double-disc album All Eyez on Me (1996) became certified Diamond by the RIAA.
8002:123146325434368::Thread-241 2020-08-09 18:59:48.362 - Between 2008 and 2010, Evancho entered talent competitions, sang the US national anthem at a Pittsburgh Pirates baseball game, issued her first album, Prelude to a Dream, and attracted interest on YouTube.
8005:123146325434368::Thread-241 2020-08-09 18:59:48.834 - The Yankees began play in the 1901 season as the Baltimore Orioles (no relation to the modern Baltimore Orioles).
8003:123146325434368::Thread-241 2020-08-09 18:59:48.898 - On September 7, 1996, Shakur was shot four times by an unknown assailant in a drive-by shooting in Las Vegas; he died six days later and the gunman was never captured.
8002:123146325434368::Thread-241 2020-08-09 18:59:49.771 - In 2010, at the age of ten, she gained wide notice with her 2nd-place finish in the fifth season of America's Got Talent.
8006:123146325434368::Thread-241 2020-08-09 18:59:49.918 - **START**
8005:123146325434368::Thread-241 2020-08-09 18:59:49.925 - In 1903, Frank Farrell and Bill Devery purchased the franchise after it ceased operations and moved it to New York City, renaming the club the New York Highlanders.
8006:123146325434368::Thread-241 2020-08-09 18:59:49.948 - Starting new HTTPS connection (1): en.wikipedia.org
8005:123146325434368::Thread-241 2020-08-09 18:59:50.537 - The Highlanders were officially renamed the New York Yankees in 1913.The team is owned by Yankee Global Enterprises, an LLC that is controlled by the family of the late George Steinbrenner, who purchased the team in 1973.
8006:123146325434368::Thread-241 2020-08-09 18:59:51.175 - Freddie Mercury (born Farrokh Bulsara; 5 September 1946 – 24 November 1991) was a British singer, songwriter, record producer, and lead vocalist of the rock band Queen.
8004:123146325434368::Thread-241 2020-08-09 18:59:51.301 - **START**
8004:123146325434368::Thread-241 2020-08-09 18:59:51.306 - Starting new HTTPS connection (1): en.wikipedia.org
8005:123146325434368::Thread-241 2020-08-09 18:59:51.584 - Brian Cashman is the team's general manager, and Aaron Boone is the team's field manager.
8003:123146325434368::Thread-241 2020-08-09 18:59:51.844 - The Notorious B.I.G., Shakur's friend turned rival, was at first considered a suspect, but was also murdered in another drive-by shooting six months later.
8006:123146325434368::Thread-241 2020-08-09 18:59:51.882 - Regarded as one of the greatest lead singers in the history of rock music, he was known for his flamboyant stage persona and four-octave vocal range.
8002:123146325434368::Thread-241 2020-08-09 18:59:52.442 - With the 2010 holiday release of her O Holy Night EP, Evancho became the best-selling debut artist of 2010, the youngest top-10 debut artist in US history and the youngest solo artist ever to go platinum in the US.
8003:123146325434368::Thread-241 2020-08-09 18:59:52.462 - Five more albums have been released since his death, all of which have been certified platinum in the United States.
8005:123146325434368::Thread-241 2020-08-09 18:59:53.102 - The team's home games were played at the original Yankee Stadium from 1923 to 1973 and from 1976 to 2008.
8004:123146325434368::Thread-241 2020-08-09 18:59:53.209 - Chichen Itza was a large pre-Columbian city built by the Maya people of the Terminal Classic period.
8003:123146325434368::Thread-241 2020-08-09 18:59:53.464 - **END**
8006:123146325434368::Thread-241 2020-08-09 18:59:53.498 - Mercury defied the conventions of a rock frontman, with his highly theatrical style influencing the artistic direction of Queen.
8006:123146325434368::Thread-241 2020-08-09 18:59:54.232 - Born in 1946 in Zanzibar to Parsi-Indian parents, he attended English-style boarding schools in India from the age of eight and returned to Zanzibar after secondary school.
8005:123146325434368::Thread-241 2020-08-09 18:59:54.332 - In 1974 and 1975, the Yankees shared Shea Stadium with the Mets, in addition to the New York Jets and the New York Giants.
8002:123146325434368::Thread-241 2020-08-09 18:59:54.41 - In 2011, her first full-length album, Dream with Me debuted at No.
8004:123146325434368::Thread-241 2020-08-09 18:59:54.491 - The archaeological site is located in Tinúm Municipality, Yucatán State, Mexico.Chichen Itza was a major focal point in the Northern Maya Lowlands from the Late Classic (c. AD 600–900) through the Terminal Classic (c. AD 800–900) and into the early portion of the Postclassic period (c. AD 900–1200).
8006:123146325434368::Thread-241 2020-08-09 18:59:54.571 - In 1964, his family fled the Zanzibar Revolution, moving to Middlesex, England.
8005:123146325434368::Thread-241 2020-08-09 18:59:54.882 - In 2009, they moved into a new ballpark of the same name that was constructed adjacent to the previous facility, which was closed and demolished.
8004:123146325434368::Thread-241 2020-08-09 18:59:55.035 - The site exhibits a multitude of architectural styles, reminiscent of styles seen in central Mexico and of the Puuc and Chenes styles of the Northern Maya lowlands.
8006:123146325434368::Thread-241 2020-08-09 18:59:55.452 - Having studied and written music for years, he formed Queen in 1970 with guitarist Brian May and drummer Roger Taylor.
8006:123146325434368::Thread-241 2020-08-09 18:59:56.139 - Mercury wrote numerous hits for Queen, including "Killer Queen", "Bohemian Rhapsody", "Somebody to Love", "We Are the Champions", "Don't Stop Me Now", and "Crazy Little Thing Called Love".
8004:123146325434368::Thread-241 2020-08-09 18:59:56.385 - The presence of central Mexican styles was once thought to have been representative of direct migration or even conquest from central Mexico, but most contemporary interpretations view the presence of these non-Maya styles more as the result of cultural diffusion.
8002:123146325434368::Thread-241 2020-08-09 18:59:57.335 - 2 on the Billboard 200 chart, and she became the youngest top-5 debut artist in UK history.
8002:123146325434368::Thread-241 2020-08-09 18:59:57.847 - Billboard ranked Evancho the top Classical Albums Artist for 2011.
8006:123146325434368::Thread-241 2020-08-09 18:59:57.909 - His charismatic stage performances often saw him interact with the audience, as displayed at the 1985 Live Aid concert.
8004:123146325434368::Thread-241 2020-08-09 18:59:58.032 - Chichen Itza was one of the largest Maya cities and it was likely to have been one of the mythical great cities, or Tollans, referred to in later Mesoamerican literature.
8006:123146325434368::Thread-241 2020-08-09 18:59:58.155 - He also led a solo career and served as a producer and guest musician for other artists.
8002:123146325434368::Thread-241 2020-08-09 18:59:58.382 - Later that year, Evancho released a full-length holiday album, Heavenly Christmas, and became the youngest person ever to give a solo concert at Lincoln Center in New York City as part of her first concert tour.
8006:123146325434368::Thread-241 2020-08-09 18:59:59.102 - Mercury died in 1991 at age 45 due to complications from AIDS.
8004:123146325434368::Thread-241 2020-08-09 18:59:59.132 - The city may have had the most diverse population in the Maya world, a factor that could have contributed to the variety of architectural styles at the site.The ruins of Chichen Itza are federal property, and the site's stewardship is maintained by Mexico's Instituto Nacional de Antropología e Historia (National Institute of Anthropology and History).
8006:123146325434368::Thread-241 2020-08-09 18:59:59.792 - He confirmed the day before his death that he had contracted the disease, having been diagnosed in 1987.
8005:123146325434368::Thread-241 2020-08-09 18:59:59.884 - **END**
8002:123146325434368::Thread-241 2020-08-09 19:00:00.493 - In 2012, Evancho released Songs from the Silver Screen, her third top-10 album debut.
8004:123146325434368::Thread-241 2020-08-09 19:00:00.753 - The land under the monuments had been privately owned until 29 March 2010, when it was purchased by the state of Yucatán.Chichen Itza is one of the most visited archaeological sites in Mexico with over 2.6 million tourists in 2017.
8003:123146325434368::Thread-241 2020-08-09 19:00:03.465 - **START**
8003:123146325434368::Thread-241 2020-08-09 19:00:03.505 - Starting new HTTPS connection (1): en.wikipedia.org
8002:123146325434368::Thread-241 2020-08-09 19:00:04.498 - **END**
8003:123146325434368::Thread-241 2020-08-09 19:00:05.27 - Manchester United Football Club is a professional football club based in Old Trafford, Greater Manchester, England, that competes in the Premier League, the top flight of English football.
8003:123146325434368::Thread-241 2020-08-09 19:00:06.741 - Nicknamed "the Red Devils", the club was founded as Newton Heath LYR Football Club in 1878, changed its name to Manchester United in 1902 and moved to its current stadium, Old Trafford, in 1910.
8006:123146325434368::Thread-241 2020-08-09 19:00:06.797 - **END**
8003:123146325434368::Thread-241 2020-08-09 19:00:07.213 - Manchester United have won more trophies than any other club in English football, with a record 20 League titles, 12 FA Cups, five League Cups and a record 21 FA Community Shields.
8003:123146325434368::Thread-241 2020-08-09 19:00:07.944 - United have also won three UEFA Champions Leagues, one UEFA Europa League, one UEFA Cup Winners' Cup, one UEFA Super Cup, one Intercontinental Cup and one FIFA Club World Cup.
8004:123146325434368::Thread-241 2020-08-09 19:00:09.758 - **END**
8003:123146325434368::Thread-241 2020-08-09 19:00:09.833 - In 1998–99, the club became the first in the history of English football to achieve the continental European treble.
8005:123146325434368::Thread-241 2020-08-09 19:00:09.886 - **START**
8005:123146325434368::Thread-241 2020-08-09 19:00:09.89 - Starting new HTTPS connection (1): en.wikipedia.org
8003:123146325434368::Thread-241 2020-08-09 19:00:10.204 - By winning the UEFA Europa League in 2016–17, they became one of five clubs to have won all three main UEFA club competitions.
8003:123146325434368::Thread-241 2020-08-09 19:00:11.013 - The 1958 Munich air disaster claimed the lives of eight players.
8005:123146325434368::Thread-241 2020-08-09 19:00:11.032 - Vatican may refer to:


The Holy See
The Holy See, the governing body of the Catholic Church and sovereign entity recognized by international law, consisting of the pope and the Roman Curia
A metonym for the governance of the Catholic Church, particularly when attributing doctrine
Roman Curia, the administrative apparatus of the Holy See
Vatican Library, of the Roman Curia.
8003:123146325434368::Thread-241 2020-08-09 19:00:11.282 - In 1968, under the management of Matt Busby, Manchester United became the first English football club to win the European Cup.
8005:123146325434368::Thread-241 2020-08-09 19:00:11.853 - Vatican Apostolic Archive, which were separated from the Vatican Library in the 17th century
Vatican Publishing House, the publisher of official documents of the Holy See, separated from the Vatican Library in 1926


Vatican City
Vatican City, the city-state ruled by the pope in Rome, including St. Peter's Basilica, Sistine Chapel, Vatican Museums
Apostolic Palace, the official residence of the pope on the Vatican Hill, sometimes called the Vatican Palace
St.
8003:123146325434368::Thread-241 2020-08-09 19:00:13.051 - Alex Ferguson won 38 trophies as manager, including 13 Premier League titles, 5 FA Cups and 2 UEFA Champions Leagues, between 1986 and 2013, when he announced his retirement.
8003:123146325434368::Thread-241 2020-08-09 19:00:14.258 - Manchester United was the highest-earning football club in the world for 2016–17, with an annual revenue of €676.3 million, and the world's third most valuable football club in 2019, valued at £3.15 billion ($3.81 billion).
8003:123146325434368::Thread-241 2020-08-09 19:00:18.259 - **END**
8005:123146325434368::Thread-241 2020-08-09 19:00:19.856 - **END**