8002:123145728098304::Thread-99 2020-08-09 18:59:29.341 - **START**
8002:123145728098304::Thread-99 2020-08-09 18:59:29.53 - Starting new HTTPS connection (1): en.wikipedia.org
8005:123145728098304::Thread-99 2020-08-09 18:59:30.216 - **START**
8005:123145728098304::Thread-99 2020-08-09 18:59:30.966 - Starting new HTTPS connection (1): en.wikipedia.org
8006:123145728098304::Thread-99 2020-08-09 18:59:31.264 - **START**
8006:123145728098304::Thread-99 2020-08-09 18:59:31.49 - Starting new HTTPS connection (1): en.wikipedia.org
8003:123145728098304::Thread-99 2020-08-09 18:59:32.264 - **START**
8002:123145728098304::Thread-99 2020-08-09 18:59:32.457 - Tera Patrick (born Linda Ann Hopkins July 25, 1976) is an American former pornographic actress and model who is the Penthouse Pet of the Month for February 2000 and is an inductee for the NightMoves, AVN and XRCO Halls of Fame.
8005:123145728098304::Thread-99 2020-08-09 18:59:32.935 - Pompeii (, Latin: [pɔmˈpeːjjiː]) was an ancient city located in what is now the comune of Pompei near Naples in the Campania region of Italy.
8005:123145728098304::Thread-99 2020-08-09 18:59:32.987 - Pompeii, along with Herculaneum and many villas in the surrounding area (e.g.
8002:123145728098304::Thread-99 2020-08-09 18:59:33.19 - Early life
Tera Patrick was born Linda Ann Hopkins and was raised near San Francisco.
8003:123145728098304::Thread-99 2020-08-09 18:59:33.347 - Starting new HTTPS connection (1): en.wikipedia.org
8005:123145728098304::Thread-99 2020-08-09 18:59:33.975 - at Boscoreale, Stabiae), was buried under 4 to 6 m (13 to 20 ft) of volcanic ash and pumice in the eruption of Mount Vesuvius in AD 79.
8006:123145728098304::Thread-99 2020-08-09 18:59:34.04 - Bryan Matthew Sevilla (born February 7, 1986), known professionally by the stage name James Deen, is an American pornographic actor and director.He entered the porn industry in 2004 at the age of 18.
8005:123145728098304::Thread-99 2020-08-09 18:59:34.396 - Largely preserved under the ash, the excavated city offered a unique snapshot of Roman life, frozen at the moment it was buried, and an extraordinarily detailed insight into the everyday life of its inhabitants, although much of the evidence was lost in the early excavations.
8002:123145728098304::Thread-99 2020-08-09 18:59:34.985 - Her mother is Thai and her father is of English, Irish and Dutch descent.
8005:123145728098304::Thread-99 2020-08-09 18:59:35.379 - It was a wealthy town, enjoying many fine public buildings and luxurious private houses with lavish decorations, furnishings and works of art which were the main attractions for the early excavators.
8006:123145728098304::Thread-99 2020-08-09 18:59:35.915 - He gained attention due to his relatively slender build, lack of tattoos, and everyman appeal, bucking the stereotypical image of hypermasculine male actors in the pornography industry.
8005:123145728098304::Thread-99 2020-08-09 18:59:35.949 - Organic remains, including wooden objects and human bodies, were entombed in the ash and decayed leaving
voids which archaeologists found could be used as moulds to make plaster casts of unique and often gruesome figures in their final moments of life.
8006:123145728098304::Thread-99 2020-08-09 18:59:36.284 - In late 2015, multiple women came forward with allegations of sexual misconduct including rape against Deen, with the most notable being his former girlfriend Joanna Angel.
8005:123145728098304::Thread-99 2020-08-09 18:59:36.773 - The numerous graffiti carved on the walls and inside rooms provide a wealth of examples of the largely lost Vulgar Latin spoken colloquially at the time, contrasting with the formal language of the classical writers.
8006:123145728098304::Thread-99 2020-08-09 18:59:37.085 - Early life
Deen was born in to a Jewish family in Los Angeles County, California and raised in Pasadena.
8004:123145728098304::Thread-99 2020-08-09 18:59:37.213 - **START**
8005:123145728098304::Thread-99 2020-08-09 18:59:37.634 - Pompeii is a UNESCO World Heritage Site and is one of the most popular tourist attractions in Italy, with approximately 2.5 million visitors annually.After many excavations prior to 1960 that had uncovered most of the city but left it in decay, further major excavations were banned and instead they were limited to targeted, prioritised areas.
8002:123145728098304::Thread-99 2020-08-09 18:59:37.773 - When she was just ten, her mother left her and she grew up with her father David Hopkins, a carefree hippie.
8005:123145728098304::Thread-99 2020-08-09 18:59:37.816 - In 2018, these led to new discoveries in some previously unexplored areas of the city.
8004:123145728098304::Thread-99 2020-08-09 18:59:37.828 - Starting new HTTPS connection (1): en.wikipedia.org
8002:123145728098304::Thread-99 2020-08-09 18:59:38.095 - After taking weekend classes at the Barbizon School of Modeling for two years, she was hired by a Japanese modeling agency and moved to Tokyo at the age of fourteen.
8005:123145728098304::Thread-99 2020-08-09 18:59:38.068 - Name
Pompeii (pronounced [pɔmˈpɛjjiː]) in Latin is a second declension plural noun (Pompeiī, -ōrum).
8003:123145728098304::Thread-99 2020-08-09 18:59:38.458 - The Illuminati (plural of Latin illuminatus, 'enlightened') is a name given to several groups, both real and fictitious.
8002:123145728098304::Thread-99 2020-08-09 18:59:38.561 - At one of her first photo shoots, she was sexually assaulted by the photographer, who "was feeding [her] champagne and Valium" until she "was getting wasted".
8006:123145728098304::Thread-99 2020-08-09 18:59:38.753 - His father is a mechanical engineer and his mother is a computer electronic engineer, and one of them worked at the Jet Propulsion Laboratory.
8002:123145728098304::Thread-99 2020-08-09 18:59:39.875 - She spent two years in Tokyo, where "she became addicted to Valium and alcohol and spent her paychecks on shopping sprees".
8006:123145728098304::Thread-99 2020-08-09 18:59:40.537 - Sevilla graduated from La Cañada High School in 2004.
8002:123145728098304::Thread-99 2020-08-09 18:59:40.908 - When her father learned she had become sexually active, he complained to her agency, pointing out she was underage.
8006:123145728098304::Thread-99 2020-08-09 18:59:41.151 - At 17, Deen moved in with his father.
8003:123145728098304::Thread-99 2020-08-09 18:59:41.342 - Historically, the name usually refers to the Bavarian Illuminati, an Enlightenment-era secret society founded on 1 May 1776 in Bavaria, today part of Germany.
8004:123145728098304::Thread-99 2020-08-09 18:59:42.831 - The Spain national football team (Spanish: Selección Española de Fútbol) has represented Spain in international men's football competition since 1920.
8006:123145728098304::Thread-99 2020-08-09 18:59:42.838 - He worked at a Starbucks for two years and took classes at Pasadena City College.
8003:123145728098304::Thread-99 2020-08-09 18:59:43.009 - The society's goals were to oppose superstition, obscurantism, religious influence over public life, and abuses of state power.
8002:123145728098304::Thread-99 2020-08-09 18:59:43.298 - It sent her back to the United States, "sixteen years old and already a washed-up model".
8004:123145728098304::Thread-99 2020-08-09 18:59:44.048 - It is governed by the Royal Spanish Football Federation, the governing body for football in Spain.
8005:123145728098304::Thread-99 2020-08-09 18:59:44.256 - **END**
8006:123145728098304::Thread-99 2020-08-09 18:59:44.291 - Career

According to Deen, performing in pornographic films was his ambition since he was in kindergarten.
8004:123145728098304::Thread-99 2020-08-09 18:59:44.387 - Spain are one of the eight national teams to have been crowned worldwide champions, having participated in a total of 15 of 21 FIFA World Cups and qualifying consistently since 1978.
8004:123145728098304::Thread-99 2020-08-09 18:59:44.389 - Spain has also won three continental titles, having appeared at 10 of 15 UEFA European Championships.
8004:123145728098304::Thread-99 2020-08-09 18:59:45.062 - Spain became the first European team to win a FIFA World Cup outside of Europe, having won the 2010 tournament in South Africa, as well as having won back-to-back European titles in Euro 2008 and Euro 2012, defeating Germany and Italy in the respective finals, making them the only national team with three consecutive major titles.
8006:123145728098304::Thread-99 2020-08-09 18:59:45.359 - After entering the pornography industry in 2004, he initially worked with older female performers.
8003:123145728098304::Thread-99 2020-08-09 18:59:45.883 - "The order of the day," they wrote in their general statutes, "is to put an end to the machinations of the purveyors of injustice, to control them without dominating them."
8002:123145728098304::Thread-99 2020-08-09 18:59:46.134 - At eighteen, she obtained a GED, briefly studied nursing at Boise State University, then received EMT certification from a local vocational school.
8004:123145728098304::Thread-99 2020-08-09 18:59:46.283 - Because of this, from 2008 to 2013, the national team won the FIFA Team of the Year, the second-most of any nation, behind only Brazil.
8004:123145728098304::Thread-99 2020-08-09 18:59:48.025 - Also between February 2007 and June 2009, Spain went undefeated for a record-equalling 35 consecutive matches, a record shared with Brazil.
8003:123145728098304::Thread-99 2020-08-09 18:59:48.086 - The Illuminati—along with Freemasonry and other secret societies—were outlawed through edict by Charles Theodore, Elector of Bavaria with the encouragement of the Catholic Church, in 1784, 1785, 1787, and 1790.
8004:123145728098304::Thread-99 2020-08-09 18:59:48.343 - Their achievements have led many experts and commentators to consider the 2008–2012 Spanish squads, among the best ever international sides in world football.
8006:123145728098304::Thread-99 2020-08-09 18:59:49.36 - **END**
8004:123145728098304::Thread-99 2020-08-09 18:59:49.748 - History

Spain has been a member of FIFA since FIFA's foundation in 1904, even though the Spanish Football Federation was first established in 1909.
8003:123145728098304::Thread-99 2020-08-09 18:59:49.82 - In the following several years, the group was vilified by conservative and religious critics who claimed that they continued underground and were responsible for the French Revolution.
8003:123145728098304::Thread-99 2020-08-09 18:59:50.618 - Many influential intellectuals and progressive politicians counted themselves as members, including Ferdinand of Brunswick and the diplomat Franz Xaver von Zwackh, who was the Order's second-in-command.
8002:123145728098304::Thread-99 2020-08-09 18:59:51.136 - **END**
8004:123145728098304::Thread-99 2020-08-09 18:59:51.566 - The first Spain national football team was constituted in 1920, with the main objective of finding a team that would represent Spain at the Summer Olympics held in Belgium in that same year.
8003:123145728098304::Thread-99 2020-08-09 18:59:52.316 - It attracted literary men such as Johann Wolfgang von Goethe and Johann Gottfried Herder and the reigning Duke of Gotha and of Weimar.In subsequent use, "Illuminati" has referred to various organisations which have claimed or have been claimed to be connected to the original Bavarian Illuminati or similar secret societies, though these links have been unsubstantiated.
8003:123145728098304::Thread-99 2020-08-09 18:59:53.136 - These organisations have often been alleged to conspire to control world affairs, by masterminding events and planting agents in government and corporations, in order to gain political power and influence and to establish a New World Order.
8003:123145728098304::Thread-99 2020-08-09 18:59:53.584 - Central to some of the more widely known and elaborate conspiracy theories, the Illuminati have been depicted as lurking in the shadows and pulling the strings and levers of power in dozens of novels, films, television shows, comics, video games, and music videos.
8006:123145728098304::Thread-99 2020-08-09 18:59:54.362 - **START**
8006:123145728098304::Thread-99 2020-08-09 18:59:54.365 - Starting new HTTPS connection (1): en.wikipedia.org
8006:123145728098304::Thread-99 2020-08-09 18:59:55.178 - Jesus (c. 4 BC – c. AD 30 / 33), also referred to as Jesus of Nazareth or Jesus Christ, was a first-century Jewish preacher and religious leader.
8004:123145728098304::Thread-99 2020-08-09 18:59:55.567 - **END**
8006:123145728098304::Thread-99 2020-08-09 18:59:56.273 - He is the central figure of Christianity, the world's largest religion.
8006:123145728098304::Thread-99 2020-08-09 18:59:56.465 - Most Christians believe he is the incarnation of God the Son and the awaited Messiah (the Christ) prophesied in the Old Testament.Virtually all modern scholars of antiquity agree that Jesus existed historically, although the quest for the historical Jesus has yielded major uncertainty on the historical reliability of the Gospels and on how closely the Jesus portrayed in the Bible reflects the historical Jesus, as the only records of Jesus' life are contained in the four Gospels.
8003:123145728098304::Thread-99 2020-08-09 18:59:56.568 - History


Origins

Adam Weishaupt (1748–1830) became professor of Canon Law and practical philosophy at the University of Ingolstadt in 1773.
8006:123145728098304::Thread-99 2020-08-09 18:59:57.566 - Jesus was a Galilean Jew, who was baptized by John the Baptist and began his own ministry.
8006:123145728098304::Thread-99 2020-08-09 18:59:57.72 - He preached orally and was often referred to as "rabbi".
8006:123145728098304::Thread-99 2020-08-09 18:59:59.114 - Jesus debated with fellow Jews on how to best follow God, engaged in healings, taught in parables and gathered followers.
8006:123145728098304::Thread-99 2020-08-09 18:59:59.42 - He was arrested and tried by the Jewish authorities, turned over to the Roman government, and crucified on the order of Pontius Pilate, the Roman prefect.
8005:123145728098304::Thread-99 2020-08-09 19:00:00.258 - **START**
8005:123145728098304::Thread-99 2020-08-09 19:00:00.311 - Starting new HTTPS connection (1): en.wikipedia.org
8006:123145728098304::Thread-99 2020-08-09 19:00:00.622 - After his death, his followers believed he rose from the dead, and the community they formed eventually became the early Church.Christian doctrines include the beliefs that Jesus was conceived by the Holy Spirit, was born of a virgin named Mary, performed miracles, founded the Christian Church, died by crucifixion as a sacrifice to achieve atonement for sin, rose from the dead, and ascended into Heaven, from where he will return.
8006:123145728098304::Thread-99 2020-08-09 19:00:00.842 - Most Christians believe Jesus enables people to be reconciled to God.
8006:123145728098304::Thread-99 2020-08-09 19:00:00.972 - The Nicene Creed asserts that Jesus will judge the living and the dead either before or after their bodily resurrection, an event tied to the Second Coming of Jesus in Christian eschatology.
8004:123145728098304::Thread-99 2020-08-09 19:00:02.636 - **START**
8004:123145728098304::Thread-99 2020-08-09 19:00:02.692 - Starting new HTTPS connection (1): en.wikipedia.org
8005:123145728098304::Thread-99 2020-08-09 19:00:02.887 - Norway (Bokmål: Norge; Nynorsk: Noreg; Northern Sami: Norga; Lule Sami: Vuodna; Southern Sami: Nöörje), officially the Kingdom of Norway, is a Nordic country in Northern Europe whose mainland territory comprises the western and northernmost portion of the Scandinavian Peninsula; Mainland Norway and the remote island of Jan Mayen as well as the archipelago of Svalbard form Metropolitan Norway.
8002:123145728098304::Thread-99 2020-08-09 19:00:03.143 - **START**
8005:123145728098304::Thread-99 2020-08-09 19:00:03.182 - The subantarctic Bouvet Island is a dependent territory of the Kingdom of Norway.
8002:123145728098304::Thread-99 2020-08-09 19:00:03.205 - Starting new HTTPS connection (1): en.wikipedia.org
8003:123145728098304::Thread-99 2020-08-09 19:00:03.607 - **END**
8005:123145728098304::Thread-99 2020-08-09 19:00:04.046 - Norway also lays claim to the Antarctic territories of Queen Maud Land and Peter I Island.
8005:123145728098304::Thread-99 2020-08-09 19:00:04.209 - Norway has a total area of 385,207 square kilometres (148,729 sq mi) and a population of 5,312,300 (as of August 2018).
8004:123145728098304::Thread-99 2020-08-09 19:00:04.664 - Sherlock is a British crime television series based on Sir Arthur Conan Doyle's Sherlock Holmes detective stories.
8004:123145728098304::Thread-99 2020-08-09 19:00:04.802 - Created by Steven Moffat and Mark Gatiss, it stars Benedict Cumberbatch as Sherlock Holmes and Martin Freeman as Doctor John Watson.
8002:123145728098304::Thread-99 2020-08-09 19:00:04.945 - Chyna (born Joan Marie Laurer; December 27, 1969 – April 17, 2016) was an American professional wrestler, glamour model, actress, author, bodybuilder and adult film actress.
8002:123145728098304::Thread-99 2020-08-09 19:00:05.39 - She first rose to prominence in the World Wrestling Federation (WWF, now WWE) in 1997, where she was billed as the "Ninth Wonder of the World" (André the Giant was already billed as the eighth).
8002:123145728098304::Thread-99 2020-08-09 19:00:05.525 - A founding member of the stable D-Generation X as the promotion's first female enforcer, she held the WWF Intercontinental Championship (the only female performer to do so) twice and the WWF Women's Championship once.
8004:123145728098304::Thread-99 2020-08-09 19:00:05.534 - 13 episodes have been produced, with four three-part series airing from 2010 to 2017, and a special episode that aired on 1 January 2016.
8005:123145728098304::Thread-99 2020-08-09 19:00:05.749 - The country shares a long eastern border with Sweden (1,619 km or 1,006 mi long).
8004:123145728098304::Thread-99 2020-08-09 19:00:06.1 - The series is set in the present day, while the one-off special features a Victorian period fantasy resembling the original Holmes stories.
8002:123145728098304::Thread-99 2020-08-09 19:00:06.483 - She was also the first woman to participate in the Royal Rumble match and King of the Ring tournament, as well as to become number one contender to the WWF Championship.
8004:123145728098304::Thread-99 2020-08-09 19:00:06.999 - Sherlock is produced by the British network BBC, along with Hartswood Films, with Moffat, Gatiss, Sue Vertue and Rebecca Eaton serving as executive producers.
8002:123145728098304::Thread-99 2020-08-09 19:00:07.038 - With singles victories over several prominent male wrestlers – including multiple-time world champions Triple H, Kurt Angle, Chris Jericho, and Jeff Jarrett – Chyna left what WWE called "a lasting legacy as the most dominant female competitor of all time".
8005:123145728098304::Thread-99 2020-08-09 19:00:07.143 - Norway is bordered by Finland and Russia to the north-east, and the Skagerrak strait to the south, with Denmark on the other side.
8004:123145728098304::Thread-99 2020-08-09 19:00:08.112 - The series is supported by the American station WGBH-TV Boston for its Masterpiece anthology series on PBS, where it also airs in the United States.
8002:123145728098304::Thread-99 2020-08-09 19:00:08.725 - After leaving the WWF in 2001, Chyna wrestled sporadically, with New Japan Pro Wrestling (NJPW) in 2002 and Total Nonstop Action Wrestling (TNA) in 2011.
8006:123145728098304::Thread-99 2020-08-09 19:00:08.975 - **END**
8005:123145728098304::Thread-99 2020-08-09 19:00:09.092 - Norway has an extensive coastline, facing the North Atlantic Ocean and the Barents Sea.
8002:123145728098304::Thread-99 2020-08-09 19:00:09.382 - The latter was her final appearance in a wrestling ring.
8005:123145728098304::Thread-99 2020-08-09 19:00:09.524 - The maritime influence also dominates Norway's climate with mild lowland temperatures on the sea coasts, whereas the interior, while colder, is also a lot milder than areas elsewhere in the world on such northerly latitudes.
8004:123145728098304::Thread-99 2020-08-09 19:00:09.757 - The series is primarily filmed in Cardiff, Wales, with North Gower Street in London used for exterior shots of Holmes and Watson's 221B Baker Street residence.
8004:123145728098304::Thread-99 2020-08-09 19:00:10.233 - Sherlock has been praised for the quality of its writing, acting, and direction.
8005:123145728098304::Thread-99 2020-08-09 19:00:11.323 - Even during polar night in the north, temperatures above freezing are commonplace on the coastline.
8004:123145728098304::Thread-99 2020-08-09 19:00:11.417 - It has been nominated for numerous awards including Emmys, BAFTAs and a Golden Globe, winning several awards across a variety of categories.
8005:123145728098304::Thread-99 2020-08-09 19:00:11.582 - The maritime influence brings high rainfall and snowfall to some areas of the country.
8002:123145728098304::Thread-99 2020-08-09 19:00:11.855 - Outside of wrestling, Chyna appeared in Playboy magazine twice, as well as numerous television shows and films.
8002:123145728098304::Thread-99 2020-08-09 19:00:12.682 - She was considered to be a sex symbol.
8004:123145728098304::Thread-99 2020-08-09 19:00:13.017 - The show won in three categories at the 66th Primetime Emmy Awards including Outstanding Lead Actor in a Miniseries or a Movie for Cumberbatch, Outstanding Supporting Actor in a Miniseries or a Movie for Freeman and Outstanding Writing for a Miniseries, Movie or a Dramatic Special for Moffat.
8004:123145728098304::Thread-99 2020-08-09 19:00:13.018 - **END**
8002:123145728098304::Thread-99 2020-08-09 19:00:15.333 - In 2005, she was a cast member on VH1's The Surreal Life, which led to several other celebrity reality appearances on the network, including The Surreal Life: Fame Games in 2007 and Celebrity Rehab with Dr.
8002:123145728098304::Thread-99 2020-08-09 19:00:16.338 - **END**
8005:123145728098304::Thread-99 2020-08-09 19:00:20.588 - **END**