8002:123146304401408::Thread-236 2020-08-09 18:59:30.47 - **START**
8002:123146304401408::Thread-236 2020-08-09 18:59:31.773 - Starting new HTTPS connection (1): en.wikipedia.org
8005:123146304401408::Thread-236 2020-08-09 18:59:32.267 - **START**
8002:123146304401408::Thread-236 2020-08-09 18:59:35.144 - Osama bin Mohammed bin Awad bin Laden  (Arabic: أسامة بن محمد بن عوض بن لادن‎, Usāmah bin Muḥammad bin ʿAwaḍ bin Lādin; March 10, 1957 – May 2, 2011), also rendered Usama bin Ladin, was a founder of the pan-Islamic militant organization al-Qaeda, designated as a terrorist group by the United Nations Security Council, the North Atlantic Treaty Organization (NATO), the European Union, and various countries.
8005:123146304401408::Thread-236 2020-08-09 18:59:35.949 - Starting new HTTPS connection (1): en.wikipedia.org
8002:123146304401408::Thread-236 2020-08-09 18:59:36.132 - He was a Saudi Arabian citizen until 1994 (stateless thereafter) and a member of the wealthy bin Laden family.
8006:123146304401408::Thread-236 2020-08-09 18:59:36.283 - **START**
8006:123146304401408::Thread-236 2020-08-09 18:59:36.757 - Starting new HTTPS connection (1): en.wikipedia.org
8002:123146304401408::Thread-236 2020-08-09 18:59:36.863 - Bin Laden's father was Mohammed bin Awad bin Laden, a Saudi millionaire from Hadhramaut, Yemen, and the founder of the construction company, Saudi Binladin Group.
8002:123146304401408::Thread-236 2020-08-09 18:59:37.276 - His mother, Alia Ghanem, was from a secular middle-class family in Latakia, Syria.
8004:123146304401408::Thread-236 2020-08-09 18:59:37.293 - **START**
8002:123146304401408::Thread-236 2020-08-09 18:59:38.135 - He was born in Saudi Arabia and studied at university in the country until 1979, when he joined Mujahideen forces in Pakistan fighting against the Soviet Union in Afghanistan.
8002:123146304401408::Thread-236 2020-08-09 18:59:38.856 - He helped to fund the Mujahideen by funneling arms, money and fighters from the Arab world into Afghanistan, and gained popularity among many Arabs.
8002:123146304401408::Thread-236 2020-08-09 18:59:39.291 - In 1988, he formed al-Qaeda.
8002:123146304401408::Thread-236 2020-08-09 18:59:39.518 - He was banished from Saudi Arabia in 1992, and shifted his base to Sudan, until U.S. pressure forced him to leave Sudan in 1996.
8002:123146304401408::Thread-236 2020-08-09 18:59:39.638 - After establishing a new base in Afghanistan, he declared a war against the United States, initiating a series of bombings and related attacks.
8004:123146304401408::Thread-236 2020-08-09 18:59:39.732 - Starting new HTTPS connection (1): en.wikipedia.org
8002:123146304401408::Thread-236 2020-08-09 18:59:39.89 - Bin Laden was on the American Federal Bureau of Investigation's (FBI) lists of Ten Most Wanted Fugitives and Most Wanted Terrorists for his involvement in the 1998 U.S. embassy bombings.Bin Laden is most well known for his role in masterminding the September 11 attacks, which resulted in the deaths of nearly 3,000 and prompted the United States to initiate the War on Terror.
8005:123146304401408::Thread-236 2020-08-09 18:59:40.642 - The Forbidden City (Chinese: 故宫; pinyin: Gùgōng) is a palace complex in central Beijing, China.
8006:123146304401408::Thread-236 2020-08-09 18:59:40.943 - Switzerland, officially the Swiss Confederation, is a country situated in the confluence of Western, Central, and Southern Europe.
8003:123146304401408::Thread-236 2020-08-09 18:59:41.353 - **START**
8006:123146304401408::Thread-236 2020-08-09 18:59:41.698 - It is a federal republic composed of 26 cantons, with federal authorities based in Bern.
8003:123146304401408::Thread-236 2020-08-09 18:59:42.064 - Starting new HTTPS connection (1): en.wikipedia.org
8005:123146304401408::Thread-236 2020-08-09 18:59:42.441 - It houses the Palace Museum, and was the former Chinese imperial palace and state residence of the Emperor of China from the Ming dynasty (since the Yongle Emperor) to the end of the Qing dynasty, between 1420 and 1924.
8005:123146304401408::Thread-236 2020-08-09 18:59:42.804 - The Forbidden City served as the home of Chinese emperors and their households and was the ceremonial and political center of the Chinese government for almost 500 years.
8005:123146304401408::Thread-236 2020-08-09 18:59:43.228 - Constructed from 1406 to 1420, the complex consists of 980 buildings and covers 72 hectares (over 180 acres).
8006:123146304401408::Thread-236 2020-08-09 18:59:43.891 - Switzerland is a landlocked country bordered by Italy to the south, France to the west, Germany to the north, and Austria and Liechtenstein to the east.
8006:123146304401408::Thread-236 2020-08-09 18:59:44.053 - It is geographically divided among the Swiss Plateau, the Alps, and the Jura, spanning a total area of 41,285 km2 (15,940 sq mi), and land area of 39,997 km2 (15,443 sq mi).
8003:123146304401408::Thread-236 2020-08-09 18:59:44.338 - The Temple of Artemis or Artemision (Greek: Ἀρτεμίσιον; Turkish: Artemis Tapınağı), also known less precisely as the Temple of Diana, was a Greek temple dedicated to an ancient, local form of the goddess Artemis (associated with Diana, a Roman goddess).
8004:123146304401408::Thread-236 2020-08-09 18:59:44.735 - **END**
8005:123146304401408::Thread-236 2020-08-09 18:59:44.853 - The palace exemplifies traditional Chinese palatial architecture, and has influenced cultural and architectural developments in East Asia and elsewhere.
8002:123146304401408::Thread-236 2020-08-09 18:59:44.895 - **END**
8003:123146304401408::Thread-236 2020-08-09 18:59:45.234 - It was located in Ephesus (near the modern town of Selçuk in present-day Turkey).
8005:123146304401408::Thread-236 2020-08-09 18:59:45.278 - The Forbidden City was declared a World Heritage Site in 1987, and is listed by UNESCO as the largest collection of preserved ancient wooden structures in the world.
8003:123146304401408::Thread-236 2020-08-09 18:59:45.898 - It was completely rebuilt twice, once after a devastating flood and three hundred years later after an act of arson, and in its final form was one of the Seven Wonders of the Ancient World.
8005:123146304401408::Thread-236 2020-08-09 18:59:46.12 - Since 1925, the Forbidden City has been under the charge of the Palace Museum, whose extensive collection of artwork and artifacts were built upon the imperial collections of the Ming and Qing dynasties.
8006:123146304401408::Thread-236 2020-08-09 18:59:46.506 - While the Alps occupy the greater part of the territory, the Swiss population of approximately 8.5 million is concentrated mostly on the plateau, where the largest cities and economic centres are located, among them Zürich, Geneva and Basel, where multiple international organisations are domiciled (such as FIFA, the UN's second-largest Office, and the Bank for International Settlements) and where the main international airports of Switzerland are.
8003:123146304401408::Thread-236 2020-08-09 18:59:46.743 - By 401 AD it had been ruined or destroyed.
8003:123146304401408::Thread-236 2020-08-09 18:59:46.766 - Only foundations and fragments of the last temple remain at the site.
8006:123146304401408::Thread-236 2020-08-09 18:59:47.018 - The establishment of the Old Swiss Confederacy dates to the late medieval period, resulting from a series of military successes against Austria and Burgundy.
8003:123146304401408::Thread-236 2020-08-09 18:59:47.306 - The earliest version of the temple (a temenos) antedated the Ionic immigration by many years, and dates to the Bronze Age.
8005:123146304401408::Thread-236 2020-08-09 18:59:47.737 - Part of the museum's former collection is now in the National Palace Museum in Taipei.
8003:123146304401408::Thread-236 2020-08-09 18:59:47.985 - Callimachus, in his Hymn to Artemis, attributed it to the Amazons.
8006:123146304401408::Thread-236 2020-08-09 18:59:48.746 - Swiss independence from the Holy Roman Empire was formally recognized in the Peace of Westphalia in 1648.
8003:123146304401408::Thread-236 2020-08-09 18:59:48.944 - In the 7th century BC, it was destroyed by a flood.
8003:123146304401408::Thread-236 2020-08-09 18:59:49.483 - Its reconstruction, in more grandiose form, began around 550 BC, under Chersiphron, the Cretan architect, and his son Metagenes.
8005:123146304401408::Thread-236 2020-08-09 18:59:49.648 - Both museums descend from the same institution, but were split after the Chinese Civil War.
8005:123146304401408::Thread-236 2020-08-09 18:59:49.67 - Since 2012, the Forbidden City has seen an average of 14 million visitors annually, and received more than 19 million visitors in 2019.
8003:123146304401408::Thread-236 2020-08-09 18:59:50.24 - The project was funded by Croesus of Lydia, and took 10 years to complete.
8006:123146304401408::Thread-236 2020-08-09 18:59:50.8 - The Federal Charter of 1291 is considered the founding document of Switzerland which is celebrated on Swiss National Day.
8006:123146304401408::Thread-236 2020-08-09 18:59:52.332 - Since the Reformation of the 16th century, Switzerland has maintained a strong policy of armed neutrality; it has not fought an international war since 1815 and did not join the United Nations until 2002.
8006:123146304401408::Thread-236 2020-08-09 18:59:54.516 - Nevertheless, it pursues an active foreign policy and is frequently involved in peace-building processes around the world.
8004:123146304401408::Thread-236 2020-08-09 18:59:55.74 - **START**
8004:123146304401408::Thread-236 2020-08-09 18:59:55.748 - Starting new HTTPS connection (1): en.wikipedia.org
8002:123146304401408::Thread-236 2020-08-09 18:59:55.898 - **START**
8002:123146304401408::Thread-236 2020-08-09 18:59:55.909 - Starting new HTTPS connection (1): en.wikipedia.org
8003:123146304401408::Thread-236 2020-08-09 18:59:57.241 - **END**
8002:123146304401408::Thread-236 2020-08-09 18:59:57.914 - Mark William Calaway (born March 24, 1965), better known by the ring name The Undertaker, is an American professional wrestler.
8002:123146304401408::Thread-236 2020-08-09 18:59:58.035 - He is currently signed to WWE.
8004:123146304401408::Thread-236 2020-08-09 18:59:58.51 - Elvis Aaron Presley (January 8, 1935 – August 16, 1977), also known simply as Elvis, was an American singer and actor.
8005:123146304401408::Thread-236 2020-08-09 18:59:58.672 - **END**
8002:123146304401408::Thread-236 2020-08-09 18:59:59.118 - Widely regarded as one of the greatest professional wrestlers of all time, The Undertaker is a seven-time world heavyweight champion in WWF/E, having held the WWF/E Championship four times and World Heavyweight Championship three times.
8004:123146304401408::Thread-236 2020-08-09 19:00:00.026 - He is regarded as one of the most significant cultural icons of the 20th century and is often referred to as the "King of Rock and Roll" or simply "the King".
8006:123146304401408::Thread-236 2020-08-09 19:00:00.518 - **END**
8004:123146304401408::Thread-236 2020-08-09 19:00:01.748 - His energized interpretations of songs and sexually provocative performance style, combined with a singularly potent mix of influences across color lines during a transformative era in race relations, led him to great success—and initial controversy.
8004:123146304401408::Thread-236 2020-08-09 19:00:01.772 - Presley was born in Tupelo, Mississippi, and relocated to Memphis, Tennessee, with his family when he was 13 years old.
8002:123146304401408::Thread-236 2020-08-09 19:00:01.948 - Calaway began his career in 1987, working as various gimmicks for World Class Championship Wrestling (WCCW) and other affiliate promotions, and he became USWA Unified World Heavyweight Champion and WCWA Texas Heavyweight Champion during this time.
8004:123146304401408::Thread-236 2020-08-09 19:00:02.226 - His music career began there in 1954, recording at Sun Records with producer Sam Phillips, who wanted to bring the sound of African-American music to a wider audience.
8004:123146304401408::Thread-236 2020-08-09 19:00:02.634 - Presley, on rhythm acoustic guitar, and accompanied by lead guitarist Scotty Moore and bassist Bill Black, was a pioneer of rockabilly, an uptempo, backbeat-driven fusion of country music and rhythm and blues.
8004:123146304401408::Thread-236 2020-08-09 19:00:02.9 - In 1955, drummer D. J. Fontana joined to complete the lineup of Presley's classic quartet and RCA Victor acquired his contract in a deal arranged by Colonel Tom Parker, who would manage him for more than two decades.
8002:123146304401408::Thread-236 2020-08-09 19:00:04.382 - After signing with World Championship Wrestling (WCW) in 1989, he had a brief stint in the mid-card as "Mean Mark" Callous, before joining the World Wrestling Federation (WWF, now WWE) in 1990.
8004:123146304401408::Thread-236 2020-08-09 19:00:04.484 - Presley's first RCA single, "Heartbreak Hotel", was released in January 1956 and became a number-one hit in the United States.
8004:123146304401408::Thread-236 2020-08-09 19:00:05.961 - With a series of successful network television appearances and chart-topping records, he became the leading figure of the newly popular sound of rock and roll.
8002:123146304401408::Thread-236 2020-08-09 19:00:06.601 - Calaway was rebranded as "The Undertaker" in the WWF, and gained significant mainstream popularity as a horror-themed, macabre entity who employed scare tactics and held links to the supernatural.
8002:123146304401408::Thread-236 2020-08-09 19:00:07.072 - The longest-tenured wrestler in company history at 30 years, The Undertaker was one of the most prominent figures of the Attitude Era, a boom period in the company's business in the latter 1990s.
8002:123146304401408::Thread-236 2020-08-09 19:00:07.115 - His character transitioned into a biker in the early 2000s, before returning to a refined version of his previous gimmick in 2004.
8004:123146304401408::Thread-236 2020-08-09 19:00:08.021 - In November 1956, Presley made his film debut in Love Me Tender.
8004:123146304401408::Thread-236 2020-08-09 19:00:08.023 - **END**
8002:123146304401408::Thread-236 2020-08-09 19:00:09.56 - The Undertaker is heavily associated with WWE's flagship annual event, WrestleMania, where he became known for The Streak, a series of 21 straight victories, and he headlined the event on five occasions.
8002:123146304401408::Thread-236 2020-08-09 19:00:10.97 - He is also known for his pairing with his in-storyline half-brother Kane, with whom he has alternatively feuded or teamed as The Brothers of Destruction since 1997.
8002:123146304401408::Thread-236 2020-08-09 19:00:11.54 - With Kane, he held the WWF and WCW World Tag Team Championships during The Invasion storyline.
8003:123146304401408::Thread-236 2020-08-09 19:00:15.244 - **START**
8003:123146304401408::Thread-236 2020-08-09 19:00:15.248 - Starting new HTTPS connection (1): en.wikipedia.org
8003:123146304401408::Thread-236 2020-08-09 19:00:16.453 - Ryan Rodney Reynolds (born October 23, 1976) is a Canadian-American actor, film producer and entrepreneur.
8002:123146304401408::Thread-236 2020-08-09 19:00:16.541 - **END**
8005:123146304401408::Thread-236 2020-08-09 19:00:16.678 - **START**
8005:123146304401408::Thread-236 2020-08-09 19:00:16.683 - Starting new HTTPS connection (1): en.wikipedia.org
8003:123146304401408::Thread-236 2020-08-09 19:00:17.299 - He began his career starring in the Canadian teen soap opera Hillside (1991–1993) and had minor roles before landing the lead role on the sitcom Two Guys and a Girl between 1998 and 2001.
8005:123146304401408::Thread-236 2020-08-09 19:00:17.802 - Wardell Stephen "Steph" Curry II ( STEF-ən; born March 14, 1988) is an American professional basketball player for the Golden State Warriors of the National Basketball Association (NBA).
8003:123146304401408::Thread-236 2020-08-09 19:00:18.181 - Reynolds then starred in a range of films, including comedies such as National Lampoon's Van Wilder (2002), Waiting... (2005), and The Proposal (2009).
8003:123146304401408::Thread-236 2020-08-09 19:00:19.021 - He also performed in dramatic roles in Buried (2010), Woman in Gold (2015), and Life (2017), starred in action films such as Blade: Trinity (2004), Deadpool (2016), and 6 Underground  (2019) and provided voice acting in the animated features The Croods and Turbo (2013) and Pokemon: Detective Pikachu (2019).
8003:123146304401408::Thread-236 2020-08-09 19:00:19.756 - Reynolds' biggest commercial success came with the superhero films Deadpool (2016) and Deadpool 2 (2018), in which he played the title character.
8005:123146304401408::Thread-236 2020-08-09 19:00:20.0 - A six-time NBA All-Star, Curry has been named the NBA Most Valuable Player (MVP) twice and won three NBA championships with the Warriors.
8003:123146304401408::Thread-236 2020-08-09 19:00:20.759 - The former set numerous records at the time of its release for an R-rated comedy and his performance earned him nominations at the Critics' Choice Movie Awards and the Golden Globe Awards.
8003:123146304401408::Thread-236 2020-08-09 19:00:21.763 - Reynolds was awarded a star on the Hollywood Walk of Fame in 2017.
8005:123146304401408::Thread-236 2020-08-09 19:00:22.65 - Many players and analysts have called him the greatest shooter in NBA history.
8003:123146304401408::Thread-236 2020-08-09 19:00:22.949 - He was married to actress Scarlett Johansson from 2008 to 2011 and since 2012, has been married to actress Blake Lively, with whom he has three daughters.
8003:123146304401408::Thread-236 2020-08-09 19:00:24.599 - Early life
Ryan Rodney Reynolds was born on October 23, 1976, in Vancouver, British Columbia, the youngest of four sons of food wholesaler James Chester Reynolds and retail saleswoman Tamara Lee (née Stewart).
8005:123146304401408::Thread-236 2020-08-09 19:00:25.424 - He is credited with revolutionizing the game of basketball by inspiring teams to regularly utilize the three-point shot.The son of former NBA player Dell Curry and older brother of current NBA player Seth, Curry played college basketball for the Davidson Wildcats.
8005:123146304401408::Thread-236 2020-08-09 19:00:27.442 - There, he was twice named Southern Conference Player of the Year and set the all-time scoring record for both Davidson and the Southern Conference.
8005:123146304401408::Thread-236 2020-08-09 19:00:28.007 - During his sophomore year, Curry also set the single-season NCAA record for three-pointers made, and was then selected by the Warriors with the seventh overall pick in the 2009 NBA Draft.
8005:123146304401408::Thread-236 2020-08-09 19:00:29.549 - In 2014–15, Curry won his first MVP award and led the Warriors to their first championship since 1975.
8003:123146304401408::Thread-236 2020-08-09 19:00:30.602 - **END**
8005:123146304401408::Thread-236 2020-08-09 19:00:30.734 - The following season, he became the first player in NBA history to be elected MVP by a unanimous vote and to lead the league in scoring while shooting above 50–40–90.
8005:123146304401408::Thread-236 2020-08-09 19:00:33.09 - That same year, the Warriors broke the record for the most wins in an NBA season en route to reaching the 2016 NBA Finals, which they lost to the Cleveland Cavaliers.
8005:123146304401408::Thread-236 2020-08-09 19:00:35.579 - Curry helped the Warriors return to the NBA Finals in 2017, 2018 and 2019, winning back-to-back titles in 2017 and 2018, before being defeated by the Toronto Raptors in 2019.
8005:123146304401408::Thread-236 2020-08-09 19:00:38.583 - **END**