8004:123145395777536::Thread-20 2020-08-09 18:59:27.238 - **START**
8004:123145395777536::Thread-20 2020-08-09 18:59:27.276 - Starting new HTTPS connection (1): en.wikipedia.org
8004:123145395777536::Thread-20 2020-08-09 18:59:28.876 - Noah Schnapp (born October 3, 2004) is a Canadian-American actor.
8006:123145395777536::Thread-20 2020-08-09 18:59:29.236 - **START**
8006:123145395777536::Thread-20 2020-08-09 18:59:29.372 - Starting new HTTPS connection (1): en.wikipedia.org
8004:123145395777536::Thread-20 2020-08-09 18:59:29.915 - He played Will Byers in the Netflix science fiction horror web television series Stranger Things, for which he won a Screen Actors Guild Award for Outstanding Performance by an Ensemble in a Drama Series.
8003:123145395777536::Thread-20 2020-08-09 18:59:30.247 - **START**
8003:123145395777536::Thread-20 2020-08-09 18:59:31.147 - Starting new HTTPS connection (1): en.wikipedia.org
8006:123145395777536::Thread-20 2020-08-09 18:59:31.48 - England is a country that is part of the United Kingdom.
8004:123145395777536::Thread-20 2020-08-09 18:59:31.638 - His film roles include Roger Donovan in Steven Spielberg's historical drama Bridge of Spies (2015) and the voice of Charlie Brown in the animated The Peanuts Movie (2015).
8005:123145395777536::Thread-20 2020-08-09 18:59:32.206 - **START**
8006:123145395777536::Thread-20 2020-08-09 18:59:33.357 - It shares land borders with Wales to its west and Scotland to its north.
8004:123145395777536::Thread-20 2020-08-09 18:59:33.631 - Early life
Schnapp was born in Scarsdale, New York to Mitchell and Karine Schnapp (née Peretz).
8006:123145395777536::Thread-20 2020-08-09 18:59:33.636 - The Irish Sea lies northwest of England and the Celtic Sea to the southwest.
8003:123145395777536::Thread-20 2020-08-09 18:59:33.821 - The Statue of Liberty (Liberty Enlightening the World; French: La Liberté éclairant le monde) is a colossal neoclassical sculpture on Liberty Island in New York Harbor within New York City, in the United States.
8005:123145395777536::Thread-20 2020-08-09 18:59:33.862 - Starting new HTTPS connection (1): en.wikipedia.org
8004:123145395777536::Thread-20 2020-08-09 18:59:34.369 - He has a twin sister named Chloe.
8003:123145395777536::Thread-20 2020-08-09 18:59:34.371 - The copper statue, a gift from the people of France to the people of the United States, was designed by French sculptor Frédéric Auguste Bartholdi and its metal framework was built by Gustave Eiffel.
8003:123145395777536::Thread-20 2020-08-09 18:59:34.648 - The statue was dedicated on October 28, 1886.
8002:123145395777536::Thread-20 2020-08-09 18:59:35.287 - **START**
8003:123145395777536::Thread-20 2020-08-09 18:59:35.38 - The statue is a figure of Libertas, a robed Roman liberty goddess.
8006:123145395777536::Thread-20 2020-08-09 18:59:35.52 - England is separated from continental Europe by the North Sea to the east and the English Channel to the south.
8003:123145395777536::Thread-20 2020-08-09 18:59:35.763 - She holds a torch above her head with her right hand, and in her left hand carries a tabula ansata inscribed JULY IV MDCCLXXVI (July 4, 1776 in Roman numerals), the date of the U.S.
8003:123145395777536::Thread-20 2020-08-09 18:59:36.21 - Declaration of Independence.
8004:123145395777536::Thread-20 2020-08-09 18:59:36.352 - Schnapp is Jewish, and had his Bar Mitzvah in Israel.
8006:123145395777536::Thread-20 2020-08-09 18:59:36.824 - The country covers five-eighths of the island of Great Britain, which lies in the North Atlantic, and includes over 100 smaller islands, such as the Isles of Scilly and the Isle of Wight.
8002:123145395777536::Thread-20 2020-08-09 18:59:36.989 - Starting new HTTPS connection (1): en.wikipedia.org
8003:123145395777536::Thread-20 2020-08-09 18:59:37.169 - A broken shackle and chain lie at her feet as she walks forward, commemorating the recent national abolition of slavery.
8003:123145395777536::Thread-20 2020-08-09 18:59:37.666 - After its dedication, the statue became an icon of freedom and of the United States, seen as a symbol of welcome to immigrants arriving by sea.
8005:123145395777536::Thread-20 2020-08-09 18:59:37.848 - William Shakespeare (bapt.
8003:123145395777536::Thread-20 2020-08-09 18:59:38.121 - Bartholdi was inspired by a French law professor and politician, Édouard René de Laboulaye, who is said to have commented in 1865 that any monument raised to U.S. independence would properly be a joint project of the French and U.S. peoples.
8004:123145395777536::Thread-20 2020-08-09 18:59:38.308 - His family is from Montreal, Quebec, Canada, and he visits the city often.
8003:123145395777536::Thread-20 2020-08-09 18:59:38.54 - The Franco-Prussian War delayed progress until 1875, when Laboulaye proposed that the French finance the statue and the U.S. provide the site and build the pedestal.
8006:123145395777536::Thread-20 2020-08-09 18:59:38.766 - It is the largest country of the British Isles.
8003:123145395777536::Thread-20 2020-08-09 18:59:39.154 - Bartholdi completed the head and the torch-bearing arm before the statue was fully designed, and these pieces were exhibited for publicity at international expositions.
8003:123145395777536::Thread-20 2020-08-09 18:59:39.155 - **END**
8005:123145395777536::Thread-20 2020-08-09 18:59:39.567 - 26 April 1564 – 23 April 1616) was an English playwright, poet, and actor, widely regarded as the greatest writer in the English language and the world's greatest dramatist.
8004:123145395777536::Thread-20 2020-08-09 18:59:39.678 - His mother is of Moroccan Jewish descent.
8005:123145395777536::Thread-20 2020-08-09 18:59:39.762 - He is often called England's national poet and the "Bard of Avon" (or simply "the Bard").
8006:123145395777536::Thread-20 2020-08-09 18:59:39.84 - The area now called England was first inhabited by modern humans during the Upper Palaeolithic period, but takes its name from the Angles, a Germanic tribe deriving its name from the Anglia peninsula, who settled during the 5th and 6th centuries.
8004:123145395777536::Thread-20 2020-08-09 18:59:39.909 - He has Canadian citizenship.
8006:123145395777536::Thread-20 2020-08-09 18:59:40.08 - England became a unified state in the 10th century, and since the Age of Discovery, which began during the 15th century, has had a significant cultural and legal impact on the wider world.
8004:123145395777536::Thread-20 2020-08-09 18:59:40.187 - Schnapp's desire for acting started when he was about 5 years old after watching the Broadway production of Annie.
8004:123145395777536::Thread-20 2020-08-09 18:59:40.188 - **END**
8005:123145395777536::Thread-20 2020-08-09 18:59:41.041 - His extant works, including collaborations, consist of some 39 plays, 154 sonnets, two long narrative poems, and a few other verses, some of uncertain authorship.
8002:123145395777536::Thread-20 2020-08-09 18:59:41.562 - Taylor Alison Swift (born December 13, 1989) is an American singer-songwriter.
8006:123145395777536::Thread-20 2020-08-09 18:59:42.07 - The English language, the Anglican Church, and English law – the basis for the common law legal systems of many other countries around the world – developed in England, and the country's parliamentary system of government has been widely adopted by other nations.
8002:123145395777536::Thread-20 2020-08-09 18:59:42.246 - Her narrative songwriting, which often centers around her personal life, has received widespread media coverage.
8002:123145395777536::Thread-20 2020-08-09 18:59:42.457 - Born in West Reading, Pennsylvania, Swift relocated to Nashville, Tennessee in 2004 to pursue a career in country music.
8002:123145395777536::Thread-20 2020-08-09 18:59:43.112 - At age 14, she became the youngest artist signed by the Sony/ATV Music publishing house, and at age 15, she signed her first record deal.
8005:123145395777536::Thread-20 2020-08-09 18:59:43.351 - His plays have been translated into every major living language and are performed more often than those of any other playwright.
8006:123145395777536::Thread-20 2020-08-09 18:59:43.498 - The Industrial Revolution began in 18th-century England, transforming its society into the world's first industrialised nation.England's terrain is chiefly low hills and plains, especially in central and southern England.
8005:123145395777536::Thread-20 2020-08-09 18:59:43.659 - They also continue to be studied and reinterpreted.
8002:123145395777536::Thread-20 2020-08-09 18:59:44.09 - Her 2006 eponymous debut studio album was the longest-charting album of the 2000s on the Billboard 200.
8002:123145395777536::Thread-20 2020-08-09 18:59:44.339 - Its third single, "Our Song", made her the youngest person to single-handedly write and perform a number-one song on the Billboard Country Airplay chart.
8002:123145395777536::Thread-20 2020-08-09 18:59:44.906 - Swift's breakthrough second studio album, Fearless (2008), won four Grammy Awards, including Album of the Year, and was certified Diamond by the Recording Industry Association of America.
8005:123145395777536::Thread-20 2020-08-09 18:59:45.341 - Shakespeare was born and raised in Stratford-upon-Avon, Warwickshire.
8002:123145395777536::Thread-20 2020-08-09 18:59:45.382 - It yielded the Billboard Hot 100 top-five singles "Love Story" and "You Belong with Me".
8002:123145395777536::Thread-20 2020-08-09 18:59:46.153 - Swift's third studio album, Speak Now (2010), spawned the two-time Grammy Award-winning single "Mean".
8004:123145395777536::Thread-20 2020-08-09 18:59:46.2 - **START**
8004:123145395777536::Thread-20 2020-08-09 18:59:46.205 - Starting new HTTPS connection (1): en.wikipedia.org
8002:123145395777536::Thread-20 2020-08-09 18:59:46.225 - Her cross-genre fourth studio album, Red (2012), earned Swift her first Billboard Hot 100 number-one single, "We Are Never Ever Getting Back Together".
8002:123145395777536::Thread-20 2020-08-09 18:59:47.228 - **END**
8004:123145395777536::Thread-20 2020-08-09 18:59:47.248 - The Great Library of Alexandria in Alexandria, Egypt, was one of the largest and most significant libraries of the ancient world.
8005:123145395777536::Thread-20 2020-08-09 18:59:47.717 - At the age of 18, he married Anne Hathaway, with whom he had three children: Susanna and twins Hamnet and Judith.
8004:123145395777536::Thread-20 2020-08-09 18:59:48.09 - The Library was part of a larger research institution called the Mouseion, which was dedicated to the Muses, the nine goddesses of the arts.
8006:123145395777536::Thread-20 2020-08-09 18:59:48.499 - **END**
8004:123145395777536::Thread-20 2020-08-09 18:59:48.828 - The idea of a universal library in Alexandria may have been proposed by Demetrius of Phalerum, an exiled Athenian statesman living in Alexandria, to Ptolemy I Soter, who may have established plans for the Library, but the Library itself was probably not built until the reign of his son Ptolemy II Philadelphus.
8004:123145395777536::Thread-20 2020-08-09 18:59:48.987 - The Library quickly acquired many papyrus scrolls, due largely to the Ptolemaic kings' aggressive and well-funded policies for procuring texts.
8005:123145395777536::Thread-20 2020-08-09 18:59:49.005 - Sometime between 1585 and 1592, he began a successful career in London as an actor, writer, and part-owner of a playing company called the Lord Chamberlain's Men, later known as the King's Men.
8005:123145395777536::Thread-20 2020-08-09 18:59:49.774 - At age 49 (around 1613), he appears to have retired to Stratford, where he died three years later.
8004:123145395777536::Thread-20 2020-08-09 18:59:50.553 - It is unknown precisely how many such scrolls were housed at any given time, but estimates range from 40,000 to 400,000 at its height.
8003:123145395777536::Thread-20 2020-08-09 18:59:51.16 - **START**
8003:123145395777536::Thread-20 2020-08-09 18:59:51.166 - Starting new HTTPS connection (1): en.wikipedia.org
8004:123145395777536::Thread-20 2020-08-09 18:59:52.198 - Alexandria came to be regarded as the capital of knowledge and learning, in part because of the Great Library.
8004:123145395777536::Thread-20 2020-08-09 18:59:52.868 - Many important and influential scholars worked at the Library during the third and second centuries BC, including, among many others: Zenodotus of Ephesus, who worked towards standardizing the texts of the Homeric poems; Callimachus, who wrote the Pinakes, sometimes considered to be the world's first library catalogue; Apollonius of Rhodes, who composed the epic poem the Argonautica; Eratosthenes of Cyrene, who calculated the circumference of the earth within a few hundred kilometers of accuracy; Aristophanes of Byzantium, who invented the system of Greek diacritics and was the first to divide poetic texts into lines; and Aristarchus of Samothrace, who produced the definitive texts of the Homeric poems as well as extensive commentaries on them.
8004:123145395777536::Thread-20 2020-08-09 18:59:53.145 - During the reign of Ptolemy III Euergetes, a daughter library was established in the Serapeum, a temple to the Greco-Egyptian god Serapis.
8003:123145395777536::Thread-20 2020-08-09 18:59:53.556 - The Great Wall of China (Chinese: 萬里長城; pinyin: Wànlǐ Chángchéng) is the collective name of a series of fortification systems generally built across the historical northern borders of China to protect and consolidate territories of Chinese states and empires against various nomadic groups of the steppe and their polities.
8004:123145395777536::Thread-20 2020-08-09 18:59:53.605 - Despite the widespread modern belief that the Library of Alexandria was burned once and cataclysmically destroyed, the Library actually declined gradually over the course of several centuries.
8004:123145395777536::Thread-20 2020-08-09 18:59:54.126 - This decline began with the purging of intellectuals from Alexandria in 145 BC during the reign of Ptolemy VIII Physcon, which resulted in Aristarchus of Samothrace, the head librarian, resigning from his position and exiling himself to Cyprus.
8003:123145395777536::Thread-20 2020-08-09 18:59:54.65 - Several walls were being built from as early as the 7th century BC by ancient Chinese states; selective stretches were later joined together by Qin Shi Huang (220–206 BC), the first emperor of China.
8006:123145395777536::Thread-20 2020-08-09 18:59:56.504 - **START**
8006:123145395777536::Thread-20 2020-08-09 18:59:56.507 - Starting new HTTPS connection (1): en.wikipedia.org
8003:123145395777536::Thread-20 2020-08-09 18:59:57.091 - Little of the Qin wall remains.
8004:123145395777536::Thread-20 2020-08-09 18:59:57.132 - **END**
8003:123145395777536::Thread-20 2020-08-09 18:59:57.523 - Later on, many successive dynasties have built and maintained multiple stretches of border walls.
8005:123145395777536::Thread-20 2020-08-09 18:59:57.78 - **END**
8006:123145395777536::Thread-20 2020-08-09 18:59:59.965 - Monaco ( (listen); French pronunciation: ​[mɔnako]), officially the Principality of Monaco (French: Principauté de Monaco), is a sovereign city-state, country, and microstate on the French Riviera in Western Europe.
8003:123145395777536::Thread-20 2020-08-09 19:00:00.18 - The most well-known sections of the wall were built by the Ming dynasty (1368–1644).
8006:123145395777536::Thread-20 2020-08-09 19:00:00.675 - It is bordered by France to the north, east and west, and by the Mediterranean Sea to the south.
8002:123145395777536::Thread-20 2020-08-09 19:00:02.233 - **START**
8002:123145395777536::Thread-20 2020-08-09 19:00:02.247 - Starting new HTTPS connection (1): en.wikipedia.org
8006:123145395777536::Thread-20 2020-08-09 19:00:02.375 - The principality is home to 38,682 residents and is widely recognised for being one of the most expensive and wealthiest places in the world.
8003:123145395777536::Thread-20 2020-08-09 19:00:02.663 - Apart from defense, other purposes of the Great Wall have included border controls, allowing the imposition of duties on goods transported along the Silk Road, regulation or encouragement of trade and the control of immigration and emigration.
8006:123145395777536::Thread-20 2020-08-09 19:00:04.183 - The official language is French, although Monégasque, English and Italian are spoken and understood by a sizeable group.With an area of 2.1 km2 (0.81 sq mi), it is one of the smallest sovereign states in Europe and the second-smallest in the world, after the Vatican City.
8003:123145395777536::Thread-20 2020-08-09 19:00:05.43 - Furthermore, the defensive characteristics of the Great Wall were enhanced by the construction of watch towers, troop barracks, garrison stations, signaling capabilities through the means of smoke or fire, and the fact that the path of the Great Wall also served as a transportation corridor.
8006:123145395777536::Thread-20 2020-08-09 19:00:05.618 - Its 19,009 inhabitants per square kilometre (49,230/sq mi), make it the most densely-populated sovereign state in the world.
8002:123145395777536::Thread-20 2020-08-09 19:00:05.833 - Germany (German: Deutschland, German pronunciation: [ˈdɔʏtʃlant]), officially the Federal Republic of Germany (German: Bundesrepublik Deutschland, listen), is a country in Central and Western Europe.
8006:123145395777536::Thread-20 2020-08-09 19:00:06.818 - Monaco has a land border of 5.47 km (3.40 mi), the world's shortest coastline of approximately 3.83 km (2.38 mi), and a width that varies between 1,700 and 349 m (5,577 and 1,145 ft).
8003:123145395777536::Thread-20 2020-08-09 19:00:07.002 - The frontier walls built by different dynasties have multiple courses.
8006:123145395777536::Thread-20 2020-08-09 19:00:07.633 - The highest point in the country is a narrow pathway named Chemin des Révoires on the slopes of Mont Agel, in the Les Révoires Ward, which is 161 metres (528 feet) above sea level.
8006:123145395777536::Thread-20 2020-08-09 19:00:07.705 - The principality is about 15 km (9.3 mi) from the state border with Italy.
8006:123145395777536::Thread-20 2020-08-09 19:00:08.192 - Its most populous Quartier is Monte Carlo and the most populous Ward is Larvotto/Bas Moulins.
8002:123145395777536::Thread-20 2020-08-09 19:00:08.436 - Covering an area of 357,022 square kilometres (137,847 sq mi), it lies between the Baltic and North seas to the north, and the Alps to the south.
8004:123145395777536::Thread-20 2020-08-09 19:00:09.136 - **START**
8004:123145395777536::Thread-20 2020-08-09 19:00:09.142 - Starting new HTTPS connection (1): en.wikipedia.org
8003:123145395777536::Thread-20 2020-08-09 19:00:09.242 - Collectively, they stretch from Liaodong in the east to Lop Lake in the west, from the present-day Sino–Russian border in the north to Taohe River in the south; along an arc that roughly delineates the edge of Mongolian steppe.
8006:123145395777536::Thread-20 2020-08-09 19:00:09.465 - Through land reclamation, Monaco's land mass has expanded by 20 percent.
8003:123145395777536::Thread-20 2020-08-09 19:00:10.755 - A comprehensive archaeological survey, using advanced technologies, has concluded that the walls built by the Ming dynasty measure 8,850 km (5,500 mi).
8002:123145395777536::Thread-20 2020-08-09 19:00:11.238 - It borders Denmark to the north, Poland and the Czech Republic to the east, Austria and Switzerland to the south, and France, Luxembourg, Belgium, and the Netherlands to the west.
8004:123145395777536::Thread-20 2020-08-09 19:00:11.821 - Led Zeppelin were  an English rock band formed in London in 1968.
8002:123145395777536::Thread-20 2020-08-09 19:00:12.04 - Various Germanic tribes have inhabited the northern parts of modern Germany since classical antiquity.
8002:123145395777536::Thread-20 2020-08-09 19:00:12.542 - A region named Germania was documented before AD 100.
8003:123145395777536::Thread-20 2020-08-09 19:00:12.761 - **END**
8002:123145395777536::Thread-20 2020-08-09 19:00:13.07 - Beginning in the 10th century, German territories formed a central part of the Holy Roman Empire.
8005:123145395777536::Thread-20 2020-08-09 19:00:13.782 - **START**
8005:123145395777536::Thread-20 2020-08-09 19:00:13.785 - Starting new HTTPS connection (1): en.wikipedia.org
8004:123145395777536::Thread-20 2020-08-09 19:00:13.832 - The group consisted of vocalist Robert Plant, guitarist Jimmy Page, bassist/keyboardist John Paul Jones, and drummer John Bonham.
8002:123145395777536::Thread-20 2020-08-09 19:00:14.234 - During the 16th century, northern German regions became the centre of the Protestant Reformation.
8005:123145395777536::Thread-20 2020-08-09 19:00:14.659 - Prince Philip, Duke of Edinburgh (born Prince Philip of Greece and Denmark, 10 June 1921), is the husband of Queen Elizabeth II of the United Kingdom and other Commonwealth realms.
8005:123145395777536::Thread-20 2020-08-09 19:00:15.535 - Philip was born into the Greek and Danish royal families.
8004:123145395777536::Thread-20 2020-08-09 19:00:15.58 - With their heavy, guitar-driven sound, they are regularly cited as one of the progenitors of heavy metal, although their style drew from a variety of influences, including blues and folk music.
8005:123145395777536::Thread-20 2020-08-09 19:00:16.141 - He was born in Greece, but his family was exiled from the country when he was an infant.
8005:123145395777536::Thread-20 2020-08-09 19:00:16.228 - After being educated in France, Germany, and the United Kingdom, he joined the British Royal Navy in 1939, aged 18.
8005:123145395777536::Thread-20 2020-08-09 19:00:16.352 - From July 1939, he began corresponding with the 13-year-old Princess Elizabeth, whom he had first met in 1934.
8005:123145395777536::Thread-20 2020-08-09 19:00:16.749 - During the Second World War he served with distinction in the Mediterranean and Pacific Fleets.
8002:123145395777536::Thread-20 2020-08-09 19:00:16.949 - Following the Napoleonic Wars and the dissolution of the Holy Roman Empire in 1806, the German Confederation was formed in 1815.
8006:123145395777536::Thread-20 2020-08-09 19:00:17.47 - **END**
8005:123145395777536::Thread-20 2020-08-09 19:00:17.751 - After the war, Philip was granted permission by George VI to marry Elizabeth.
8005:123145395777536::Thread-20 2020-08-09 19:00:18.032 - Before the official announcement of their engagement in July 1947, he abandoned his Greek and Danish royal titles, became a naturalised British subject, and adopted his maternal grandparents' surname Mountbatten.
8004:123145395777536::Thread-20 2020-08-09 19:00:18.249 - After changing their name from the New Yardbirds, Led Zeppelin signed a deal with Atlantic Records that afforded them considerable artistic freedom.
8005:123145395777536::Thread-20 2020-08-09 19:00:18.365 - He married Elizabeth on 20 November 1947.
8005:123145395777536::Thread-20 2020-08-09 19:00:18.679 - Just before the wedding, he was created Duke of Edinburgh, Earl of Merioneth and Baron Greenwich.
8002:123145395777536::Thread-20 2020-08-09 19:00:19.178 - In 1871, Germany became a nation state when most of the German states unified into the Prussian-dominated German Empire.
8004:123145395777536::Thread-20 2020-08-09 19:00:20.624 - Although the group were initially unpopular with critics, they achieved significant commercial success with eight studio albums released over ten years, from Led Zeppelin (1969) to In Through the Out Door (1979).
8004:123145395777536::Thread-20 2020-08-09 19:00:20.78 - Their untitled fourth studio album, commonly known as Led Zeppelin IV (1971), and featuring the song "Stairway to Heaven", is among the most popular and influential works in rock music, and helped to secure the group's popularity.
8002:123145395777536::Thread-20 2020-08-09 19:00:21.877 - After World War I and the German Revolution of 1918–1919, the Empire was replaced by the semi-presidential Weimar Republic.
8002:123145395777536::Thread-20 2020-08-09 19:00:21.878 - **END**
8004:123145395777536::Thread-20 2020-08-09 19:00:22.041 - Page wrote most of Led Zeppelin's music, particularly early in their career, while Plant generally supplied the lyrics.
8004:123145395777536::Thread-20 2020-08-09 19:00:23.609 - Jones's keyboard-based compositions later became central to the group's catalogue, which featured increasing experimentation.
8005:123145395777536::Thread-20 2020-08-09 19:00:23.682 - **END**
8004:123145395777536::Thread-20 2020-08-09 19:00:26.259 - The latter half of their career saw a series of record-breaking tours that earned the group a reputation for excess and debauchery.
8004:123145395777536::Thread-20 2020-08-09 19:00:28.174 - Although they remained commercially and critically successful, their output and touring schedule were limited during the late 1970s, and the group disbanded following Bonham's death from alcohol-related asphyxia in 1980.
8004:123145395777536::Thread-20 2020-08-09 19:00:35.177 - **END**