8006:123146064625664::Thread-179 2020-08-09 18:59:27.274 - **START**
8006:123146064625664::Thread-179 2020-08-09 18:59:27.526 - Starting new HTTPS connection (1): en.wikipedia.org
8002:123146064625664::Thread-179 2020-08-09 18:59:28.366 - **START**
8002:123146064625664::Thread-179 2020-08-09 18:59:28.43 - Starting new HTTPS connection (1): en.wikipedia.org
8006:123146064625664::Thread-179 2020-08-09 18:59:29.025 - The British Museum, in the Bloomsbury area of London, United Kingdom, is a public institution dedicated to human history, art and culture.
8004:123146064625664::Thread-179 2020-08-09 18:59:29.248 - **START**
8004:123146064625664::Thread-179 2020-08-09 18:59:29.38 - Starting new HTTPS connection (1): en.wikipedia.org
8006:123146064625664::Thread-179 2020-08-09 18:59:29.954 - Its permanent collection of some eight million works is among the largest and most comprehensive in existence, having been widely sourced during the era of the British Empire.
8006:123146064625664::Thread-179 2020-08-09 18:59:30.163 - It documents the story of human culture from its beginnings to the present.
8006:123146064625664::Thread-179 2020-08-09 18:59:30.922 - It was the first public national museum in the world.The British Museum was established in 1753, largely based on the collections of the Irish physician and scientist Sir Hans Sloane.
8004:123146064625664::Thread-179 2020-08-09 18:59:31.288 - Al-Aqsa Mosque (Arabic: ٱلْمَسْجِد ٱلْأَقْصَىٰ‎, romanized: al-Masjid al-ʾAqṣā, IPA: [ʔælˈmæsdʒɪd ælˈʔɑqsˤɑ] (listen), "the Farthest Mosque"), located in the Old City of Jerusalem, is the third holiest site in Islam.
8006:123146064625664::Thread-179 2020-08-09 18:59:31.721 - It first opened to the public in 1759, in Montagu House, on the site of the current building.
8002:123146064625664::Thread-179 2020-08-09 18:59:31.929 - Marilyn Monroe (; born Norma Jeane Mortenson; June 1, 1926 – August 4, 1962) was an American actress, model, and singer.
8002:123146064625664::Thread-179 2020-08-09 18:59:31.955 - Famous for playing comedic "blonde bombshell" characters, she became one of the most popular sex symbols of the 1950s and early 1960s and was emblematic of the era's changing attitudes towards sexuality.
8005:123146064625664::Thread-179 2020-08-09 18:59:32.23 - **START**
8006:123146064625664::Thread-179 2020-08-09 18:59:32.427 - Its expansion over the following 250 years was largely a result of expanding British colonisation and has resulted in the creation of several branch institutions, the first being the Natural History Museum in 1881.
8005:123146064625664::Thread-179 2020-08-09 18:59:33.107 - Starting new HTTPS connection (1): en.wikipedia.org
8006:123146064625664::Thread-179 2020-08-09 18:59:33.241 - In 1973, the British Library Act 1972 detached the library department from the British Museum, but it continued to host the now separated British Library in the same Reading Room and building as the museum until 1997.
8006:123146064625664::Thread-179 2020-08-09 18:59:33.301 - The museum is a non-departmental public body sponsored by the Department for Digital, Culture, Media and Sport, and as with all national museums in the UK it charges no admission fee, except for loan exhibitions.Its ownership of some of its most famous objects originating in other countries is disputed and remains the subject of international controversy, most notably in the case of the Elgin Marbles of Greece and the Rosetta Stone of Egypt.
8004:123146064625664::Thread-179 2020-08-09 18:59:33.333 - The mosque was built on top of the Temple Mount, known as the Al Aqsa Compound or Haram esh-Sharif in Islam.
8002:123146064625664::Thread-179 2020-08-09 18:59:33.562 - She was a top-billed actress for only a decade, but her films grossed $200 million (equivalent to $2 billion in 2019) by the time of her death in 1962.
8006:123146064625664::Thread-179 2020-08-09 18:59:34.118 - History


Sir Hans Sloane

Although today principally a museum of cultural art objects and antiquities, the British Museum was founded as a "universal museum".
8004:123146064625664::Thread-179 2020-08-09 18:59:34.369 - Muslims believe that Muhammad was transported from the Great Mosque of Mecca to al-Aqsa during the Night Journey.
8006:123146064625664::Thread-179 2020-08-09 18:59:34.777 - Its foundations lie in the will of the Irish physician and naturalist Sir Hans Sloane (1660–1753), a London-based doctor and scientist from Ulster.
8002:123146064625664::Thread-179 2020-08-09 18:59:35.898 - Long after her death, she has continued to be a major icon of pop culture.Born and raised in Los Angeles, Monroe spent most of her childhood in foster homes and an orphanage and married at age 16.
8004:123146064625664::Thread-179 2020-08-09 18:59:36.447 - Islamic tradition holds that Muhammad led prayers towards this site until the 17th month after his migration from Mecca to Medina, when Allah directed him to turn towards the Kaaba in Mecca.
8003:123146064625664::Thread-179 2020-08-09 18:59:37.296 - **START**
8003:123146064625664::Thread-179 2020-08-09 18:59:37.496 - Starting new HTTPS connection (1): en.wikipedia.org
8004:123146064625664::Thread-179 2020-08-09 18:59:38.068 - The covered mosque building was originally a small prayer house erected by Umar, the second caliph of the Rashidun Caliphate, but was rebuilt and expanded by the Umayyad caliph Abd al-Malik and finished by his son al-Walid in 705 CE.
8005:123146064625664::Thread-179 2020-08-09 18:59:38.634 - Tokyo (; Japanese: 東京, Tōkyō [toːkʲoː] (listen)), officially Tokyo Metropolis (東京都, Tōkyō-to), is the capital and most populous prefecture of Japan.
8002:123146064625664::Thread-179 2020-08-09 18:59:38.671 - She was working in a factory as part of the war effort during World War II when she met a photographer from the First Motion Picture Unit and began a successful pin-up modeling career, which led to short-lived film contracts with 20th Century Fox and Columbia Pictures.
8005:123146064625664::Thread-179 2020-08-09 18:59:39.416 - Located at the head of Tokyo Bay, the prefecture forms part of the Kantō region on the central Pacific coast of Japan's main island, Honshu.
8002:123146064625664::Thread-179 2020-08-09 18:59:39.645 - After a series of minor film roles, she signed a new contract with Fox in late 1950.
8004:123146064625664::Thread-179 2020-08-09 18:59:40.959 - The mosque was completely destroyed by an earthquake in 746 and rebuilt by the Abbasid caliph al-Mansur in 754.
8005:123146064625664::Thread-179 2020-08-09 18:59:41.278 - Tokyo is the political and economic center of the country, as well as the seat of the Emperor of Japan and the national government.
8005:123146064625664::Thread-179 2020-08-09 18:59:41.875 - In 2019, the prefecture had an estimated population of 	13,929,280.
8002:123146064625664::Thread-179 2020-08-09 18:59:42.048 - Over the next two years, she became a popular actress with roles in several comedies, including As Young as You Feel and Monkey Business, and in the dramas Clash by Night and Don't Bother to Knock.
8005:123146064625664::Thread-179 2020-08-09 18:59:42.427 - The Greater Tokyo Area is the most populous metropolitan area in the world, with more than 37.393 million residents as of 2020.Originally a fishing village named Edo, the city became a prominent political center in 1603, when it became the seat of the Tokugawa shogunate.
8005:123146064625664::Thread-179 2020-08-09 18:59:42.574 - By the mid-18th century, Edo was one of the most populous cities in the world, with a population numbering more than one million.
8006:123146064625664::Thread-179 2020-08-09 18:59:42.782 - **END**
8003:123146064625664::Thread-179 2020-08-09 18:59:43.105 - The Führerbunker (German pronunciation: [ˈfyːʁɐˌbʊŋkɐ]) was an air raid shelter located near the Reich Chancellery in Berlin, Germany.
8003:123146064625664::Thread-179 2020-08-09 18:59:43.251 - It was part of a subterranean bunker complex constructed in two phases in 1936 and 1944.
8005:123146064625664::Thread-179 2020-08-09 18:59:43.46 - Following the end of the shogunate in 1868, the imperial capital in Kyoto was moved to the city, which was renamed Tokyo (literally "eastern capital").
8003:123146064625664::Thread-179 2020-08-09 18:59:43.794 - It was the last of the Führer Headquarters (Führerhauptquartiere) used by Adolf Hitler during World War II.
8004:123146064625664::Thread-179 2020-08-09 18:59:43.805 - It was rebuilt again in 780.
8003:123146064625664::Thread-179 2020-08-09 18:59:43.866 - Hitler took up residence in the Führerbunker on 16 January 1945, and it became the centre of the Nazi regime until the last week of World War II in Europe.
8002:123146064625664::Thread-179 2020-08-09 18:59:44.181 - She faced a scandal when it was revealed that she had posed for nude photos before she became a star, but the story did not damage her career and instead resulted in increased interest in her films.
8003:123146064625664::Thread-179 2020-08-09 18:59:44.283 - Hitler married Eva Braun there on 29 April 1945, less than 40 hours before they committed suicide.
8003:123146064625664::Thread-179 2020-08-09 18:59:44.469 - After the war, both the old and new Chancellery buildings were levelled by the Soviets.
8004:123146064625664::Thread-179 2020-08-09 18:59:44.553 - Another earthquake destroyed most of al-Aqsa in 1033, but two years later the Fatimid caliph Ali az-Zahir built another mosque whose outline is preserved in the current structure.
8005:123146064625664::Thread-179 2020-08-09 18:59:44.968 - Tokyo was devastated by the 1923 Great Kantō earthquake, and again by Allied bombing raids during World War II.
8005:123146064625664::Thread-179 2020-08-09 18:59:45.791 - Beginning in the 1950s, the city underwent rapid reconstruction and expansion, going on to lead Japan's post-war economic recovery.
8002:123146064625664::Thread-179 2020-08-09 18:59:45.937 - By 1953, Monroe was one of the most marketable Hollywood stars; she had leading roles in the film noir Niagara, which focused on her sex appeal, and the comedies Gentlemen Prefer Blondes and How to Marry a Millionaire, which established her star image as a "dumb blonde".
8004:123146064625664::Thread-179 2020-08-09 18:59:46.277 - The mosaics on the arch at the qibla end of the nave also go back to his time.
8003:123146064625664::Thread-179 2020-08-09 18:59:46.59 - The underground complex remained largely undisturbed until 1988–89, despite some attempts at demolition.
8005:123146064625664::Thread-179 2020-08-09 18:59:47.486 - Since 1943, the Tokyo Metropolitan Government has administered the prefecture's 23 special wards (formerly Tokyo City), various bed towns in the western area, and two outlying island chains.
8004:123146064625664::Thread-179 2020-08-09 18:59:47.684 - During the periodic renovations undertaken, the various ruling dynasties of the Islamic Caliphate constructed additions to the mosque and its precincts, such as its dome, facade, its minbar, minarets and the interior structure.
8006:123146064625664::Thread-179 2020-08-09 18:59:47.785 - **START**
8006:123146064625664::Thread-179 2020-08-09 18:59:47.792 - Starting new HTTPS connection (1): en.wikipedia.org
8003:123146064625664::Thread-179 2020-08-09 18:59:48.041 - The excavated sections of the old bunker complex were mostly destroyed during reconstruction of that area of Berlin.
8005:123146064625664::Thread-179 2020-08-09 18:59:48.487 - Tokyo is the largest urban economy in the world by gross domestic product, and is categorized as an Alpha+ city by the Globalization and World Cities Research Network.
8005:123146064625664::Thread-179 2020-08-09 18:59:48.488 - **END**
8002:123146064625664::Thread-179 2020-08-09 18:59:48.626 - The same year, her nude images were used as the centerfold and on the cover of the first issue of Playboy.
8006:123146064625664::Thread-179 2020-08-09 18:59:48.755 - Ronaldo de Assis Moreira (born 21 March 1980), commonly known as Ronaldinho Gaúcho (Brazilian Portuguese: [ʁonawˈdʒĩɲu gaˈuʃu]) or simply Ronaldinho, is a Brazilian former professional footballer and ambassador for Barcelona.
8004:123146064625664::Thread-179 2020-08-09 18:59:49.588 - When the Crusaders captured Jerusalem in 1099, they used the mosque as a palace and the Dome of the Rock as a church, but its function as a mosque was restored after its recapture by Saladin in 1187.
8006:123146064625664::Thread-179 2020-08-09 18:59:49.649 - He played mostly as an attacking midfielder, but was also deployed as a forward or a winger.
8006:123146064625664::Thread-179 2020-08-09 18:59:50.099 - Often considered one of the best players of his generation and regarded by many as one of the greatest of all time, Ronaldinho won two FIFA World Player of the Year awards and a Ballon d'Or.
8006:123146064625664::Thread-179 2020-08-09 18:59:50.536 - He was renowned for his technical skills and creativity; due to his agility, pace and
dribbling ability, as well as his use of tricks, feints, overhead kicks, no-look passes and accuracy from free-kicks.
8006:123146064625664::Thread-179 2020-08-09 18:59:50.744 - Ronaldinho made his career debut for Grêmio, in 1998.
8003:123146064625664::Thread-179 2020-08-09 18:59:50.941 - The site remained unmarked until 2006, when a small plaque was installed with a schematic diagram.
8006:123146064625664::Thread-179 2020-08-09 18:59:51.265 - At age 20, he moved to Paris Saint-Germain in France before signing for Barcelona in 2003.
8006:123146064625664::Thread-179 2020-08-09 18:59:51.954 - In his second season with Barcelona, he won his first FIFA World Player of the Year award, as Barcelona won the 2004–05 La Liga title.
8003:123146064625664::Thread-179 2020-08-09 18:59:52.048 - Some corridors of the bunker still exist but are sealed off from the public.
8003:123146064625664::Thread-179 2020-08-09 18:59:52.262 - Construction
The Reich Chancellery bunker was initially constructed as a temporary air-raid shelter for Hitler, who actually spent very little time in the capital during most of the war.
8004:123146064625664::Thread-179 2020-08-09 18:59:52.589 - **END**
8006:123146064625664::Thread-179 2020-08-09 18:59:52.731 - The season that followed is considered one of the best in his career as he was integral in Barcelona winning the UEFA Champions League, their first in fourteen years, as well as another La Liga title, giving Ronaldinho his first career double.
8006:123146064625664::Thread-179 2020-08-09 18:59:53.593 - After scoring two spectacular solo goals in the first 2005-06 El Clásico, Ronaldinho became the second Barcelona player, after Diego Maradona in 1983, to receive a standing ovation from Real Madrid fans at the Santiago Bernabéu.
8006:123146064625664::Thread-179 2020-08-09 18:59:53.734 - Ronaldinho also received his second FIFA World Player of the Year award, as well as the Ballon d'Or.
8002:123146064625664::Thread-179 2020-08-09 18:59:54.632 - **END**
8006:123146064625664::Thread-179 2020-08-09 18:59:54.863 - **END**
8005:123146064625664::Thread-179 2020-08-09 18:59:55.498 - **START**
8005:123146064625664::Thread-179 2020-08-09 18:59:55.522 - Starting new HTTPS connection (1): en.wikipedia.org
8005:123146064625664::Thread-179 2020-08-09 18:59:56.233 - Keanu Charles Reeves ( kee-AH-noo; born September 2, 1964) is a Canadian actor, author, director and musician.
8003:123146064625664::Thread-179 2020-08-09 18:59:56.263 - **END**
8005:123146064625664::Thread-179 2020-08-09 18:59:57.327 - Born in Beirut, Lebanon, Reeves grew up in Toronto.
8005:123146064625664::Thread-179 2020-08-09 18:59:57.964 - He began acting in theatre productions, and in television films before making his mainstream film debut in Youngblood (1986).
8005:123146064625664::Thread-179 2020-08-09 18:59:58.022 - Reeves gained recognition in his breakthrough role as Ted "Theodore" Logan in the science fiction comedy Bill & Ted's Excellent Adventure (1989).
8005:123146064625664::Thread-179 2020-08-09 18:59:59.258 - This was followed by a supporting role in Ron Howard's comedy Parenthood, 1991's Point Break, a sequel, Bill & Ted's Bogus Journey, and the independent drama My Own Private Idaho where playing a street hustler received critical praise for his performance.
8005:123146064625664::Thread-179 2020-08-09 19:00:01.153 - He had a supporting role in Bram Stoker's Dracula (1992), which was nominated for four Academy Awards.
8005:123146064625664::Thread-179 2020-08-09 19:00:01.848 - The action thriller Speed (1994), in which Reeves was cast as a police officer, garnered critical and commercial success, and helped Reeves gain further recognition.
8003:123146064625664::Thread-179 2020-08-09 19:00:02.265 - **START**
8003:123146064625664::Thread-179 2020-08-09 19:00:02.643 - Starting new HTTPS connection (1): en.wikipedia.org
8005:123146064625664::Thread-179 2020-08-09 19:00:03.285 - He followed this with a series of films box office failures, including: Johnny Mnemonic (1995), Chain Reaction (1996), and The Last Time I Committed Suicide (1997).
8004:123146064625664::Thread-179 2020-08-09 19:00:03.592 - **START**
8004:123146064625664::Thread-179 2020-08-09 19:00:03.66 - Starting new HTTPS connection (1): en.wikipedia.org
8003:123146064625664::Thread-179 2020-08-09 19:00:04.236 - Marco Polo ( (listen), Venetian: [ˈmaɾko ˈpolo], Italian: [ˈmarko ˈpɔːlo]; 1254 – January 8–9, 1324) was  a Venetian merchant, explorer, and writer who travelled through Asia along the Silk Road between 1271 and 1295.
8003:123146064625664::Thread-179 2020-08-09 19:00:04.406 - His travels are recorded in The Travels of Marco Polo (also known as Book of the Marvels of the World  and Il Milione, c. 1300), a book that described to Europeans the then mysterious culture and inner workings of the Eastern world, including the wealth and great size of the Mongol Empire and China in the Yuan Dynasty, giving their first comprehensive look into China, Persia, India, Japan and other Asian cities and countries.Born in Venice, Marco learned the mercantile trade from his father and his uncle, Niccolò and Maffeo, who travelled through Asia and met Kublai Khan.
8005:123146064625664::Thread-179 2020-08-09 19:00:04.708 - However, his performance in the supernatural horror The Devil's Advocate (1997) was well received.
8003:123146064625664::Thread-179 2020-08-09 19:00:05.001 - In 1269, they returned to Venice to meet Marco for the first time.
8004:123146064625664::Thread-179 2020-08-09 19:00:05.6 - Kanye Omari West (; born June 8, 1977) is an American rapper, producer, and fashion designer.Born in Atlanta and raised in Chicago, West was first known as a producer for Roc-A-Fella Records in the early 2000s, producing singles for several mainstream artists.
8003:123146064625664::Thread-179 2020-08-09 19:00:05.641 - The three of them embarked on an epic journey to Asia, exploring many places along the Silk Road until they reached Cathay (China).
8003:123146064625664::Thread-179 2020-08-09 19:00:06.308 - They were received by the royal court of Kublai Khan, who was impressed by Marco's intelligence and humility.
8004:123146064625664::Thread-179 2020-08-09 19:00:06.398 - Intent on pursuing a solo career as a rapper, West released his debut album The College Dropout in 2004 to critical and commercial success, and founded the record label GOOD Music.
8005:123146064625664::Thread-179 2020-08-09 19:00:06.682 - Global stardom followed soon after with his lead role as computer hacker Neo in the science fiction thriller The Matrix (1999).
8003:123146064625664::Thread-179 2020-08-09 19:00:07.111 - Marco was appointed to serve as Khan's foreign emissary, and he was sent on many diplomatic missions throughout the empire and Southeast Asia, such as in present-day Burma, India, Indonesia, Sri Lanka and Vietnam.
8004:123146064625664::Thread-179 2020-08-09 19:00:07.78 - He experimented with a variety of musical genres on subsequent acclaimed studio albums, including Late Registration (2005), Graduation (2007), and 808s & Heartbreak (2008).
8003:123146064625664::Thread-179 2020-08-09 19:00:08.075 - As part of this appointment, Marco also traveled extensively inside China, living in the emperor's lands for 17 years and seeing many things that had previously been unknown to Europeans.
8003:123146064625664::Thread-179 2020-08-09 19:00:08.232 - Around 1291, the Polos also offered to accompany the Mongol princess Kököchin to Persia; they arrived around 1293.
8002:123146064625664::Thread-179 2020-08-09 19:00:08.635 - **START**
8003:123146064625664::Thread-179 2020-08-09 19:00:08.636 - After leaving the princess, they travelled overland to Constantinople and then to Venice, returning home after 24 years.
8002:123146064625664::Thread-179 2020-08-09 19:00:08.641 - Starting new HTTPS connection (1): en.wikipedia.org
8006:123146064625664::Thread-179 2020-08-09 19:00:08.908 - **START**
8006:123146064625664::Thread-179 2020-08-09 19:00:08.913 - Starting new HTTPS connection (1): en.wikipedia.org
8004:123146064625664::Thread-179 2020-08-09 19:00:09.051 - Drawing inspiration from maximalism and minimalism, respectively, West's fifth album My Beautiful Dark Twisted Fantasy (2010) and sixth album Yeezus (2013) were also critical successes.
8005:123146064625664::Thread-179 2020-08-09 19:00:09.688 - **END**
8002:123146064625664::Thread-179 2020-08-09 19:00:09.732 - Vatican may refer to:


The Holy See
The Holy See, the governing body of the Catholic Church and sovereign entity recognized by international law, consisting of the pope and the Roman Curia
A metonym for the governance of the Catholic Church, particularly when attributing doctrine
Roman Curia, the administrative apparatus of the Holy See
Vatican Library, of the Roman Curia.
8002:123146064625664::Thread-179 2020-08-09 19:00:09.767 - Vatican Apostolic Archive, which were separated from the Vatican Library in the 17th century
Vatican Publishing House, the publisher of official documents of the Holy See, separated from the Vatican Library in 1926


Vatican City
Vatican City, the city-state ruled by the pope in Rome, including St. Peter's Basilica, Sistine Chapel, Vatican Museums
Apostolic Palace, the official residence of the pope on the Vatican Hill, sometimes called the Vatican Palace
St.
8004:123146064625664::Thread-179 2020-08-09 19:00:09.958 - He went on to release The Life of Pablo (2016), Ye (2018), and Jesus Is King (2019).
8006:123146064625664::Thread-179 2020-08-09 19:00:11.032 - Iron Maiden are an English heavy metal band formed in Leyton, East London, in 1975 by bassist and primary songwriter Steve Harris.
8004:123146064625664::Thread-179 2020-08-09 19:00:11.032 - West's discography also includes the full-length collaborations Watch the Throne (2011) and Kids See Ghosts (2018) with Jay-Z and Kid Cudi, respectively.
8004:123146064625664::Thread-179 2020-08-09 19:00:11.336 - West's outspoken views and life outside of music have received significant media attention.
8004:123146064625664::Thread-179 2020-08-09 19:00:11.485 - He has been a frequent source of controversy for his conduct at award shows, on social media, and in other public settings, as well as for his comments on the music and fashion industries, U.S. politics, and race.
8006:123146064625664::Thread-179 2020-08-09 19:00:11.66 - The band's discography has grown to 39 albums, including 16 studio albums, 12 live albums, four EPs, and seven compilations.
8006:123146064625664::Thread-179 2020-08-09 19:00:12.387 - Pioneers of the new wave of British heavy metal, Iron Maiden achieved initial success during the early 1980s.
8004:123146064625664::Thread-179 2020-08-09 19:00:13.108 - His Christian faith, as well as his marriage to television personality Kim Kardashian, have also been a source of media attention.
8002:123146064625664::Thread-179 2020-08-09 19:00:13.769 - **END**
8006:123146064625664::Thread-179 2020-08-09 19:00:13.89 - After several line-up changes, the band went on to release a series of UK and US platinum and gold albums, including 1982's The Number of the Beast, 1983's Piece of Mind, 1984's Powerslave, 1985's live release Live After Death, 1986's Somewhere in Time, and 1988's Seventh Son of a Seventh Son.
8006:123146064625664::Thread-179 2020-08-09 19:00:14.211 - Since the return of lead vocalist Bruce Dickinson and guitarist Adrian Smith in 1999, the band has undergone a resurgence in popularity, with a series of new albums and tours.
8004:123146064625664::Thread-179 2020-08-09 19:00:14.29 - As a fashion designer, he has collaborated with Nike, Louis Vuitton, and A.P.C.
8003:123146064625664::Thread-179 2020-08-09 19:00:15.643 - **END**
8004:123146064625664::Thread-179 2020-08-09 19:00:15.949 - on both clothing and footwear, and have most prominently resulted in the Yeezy collaboration with Adidas beginning in 2013.
8006:123146064625664::Thread-179 2020-08-09 19:00:16.01 - Their 2010 studio offering, The Final Frontier, peaked at No.
8006:123146064625664::Thread-179 2020-08-09 19:00:17.205 - 1 in 28 countries and received widespread critical acclaim.
8004:123146064625664::Thread-179 2020-08-09 19:00:17.95 - **END**
8006:123146064625664::Thread-179 2020-08-09 19:00:18.367 - The sixteenth studio album, The Book of Souls, was released on 4 September 2015 and debuted at number one in the album charts of 43 countries.Iron Maiden are considered one of the most influential and successful heavy metal bands in history, with The Sunday Times reporting in 2017 that the band have sold over 100 million copies of their albums worldwide, despite little radio or television support.
8006:123146064625664::Thread-179 2020-08-09 19:00:20.593 - The band won the Ivor Novello Award for international achievement in 2002.
8006:123146064625664::Thread-179 2020-08-09 19:00:22.724 - As of October 2013, the band have played over 2000 live shows throughout their career.
8006:123146064625664::Thread-179 2020-08-09 19:00:29.726 - **END**