8004:123145837469696::Thread-125 2020-08-09 18:59:27.239 - **START**
8004:123145837469696::Thread-125 2020-08-09 18:59:27.628 - Starting new HTTPS connection (1): en.wikipedia.org
8004:123145837469696::Thread-125 2020-08-09 18:59:29.231 - Fearless is the second studio album by American singer-songwriter Taylor Swift.
8002:123145837469696::Thread-125 2020-08-09 18:59:29.348 - **START**
8002:123145837469696::Thread-125 2020-08-09 18:59:29.865 - Starting new HTTPS connection (1): en.wikipedia.org
8004:123145837469696::Thread-125 2020-08-09 18:59:31.868 - The album was released on November 11, 2008, by Big Machine Records.
8003:123145837469696::Thread-125 2020-08-09 18:59:32.273 - **START**
8006:123145837469696::Thread-125 2020-08-09 18:59:33.27 - **START**
8002:123145837469696::Thread-125 2020-08-09 18:59:33.287 - Tori Black (born August 26, 1988) is an American pornographic actress.
8003:123145837469696::Thread-125 2020-08-09 18:59:33.842 - Starting new HTTPS connection (1): en.wikipedia.org
8004:123145837469696::Thread-125 2020-08-09 18:59:34.051 - Swift wrote most of the songs during the time when she was promoting her self-titled debut studio album performing as an opening act for other country artists.
8006:123145837469696::Thread-125 2020-08-09 18:59:34.119 - Starting new HTTPS connection (1): en.wikipedia.org
8005:123145837469696::Thread-125 2020-08-09 18:59:34.284 - **START**
8002:123145837469696::Thread-125 2020-08-09 18:59:35.264 - In 2011, she became the first person to win the Female Performer of the Year at the Adult Video News Awards two years in a row.
8004:123145837469696::Thread-125 2020-08-09 18:59:35.264 - Of the 13 tracks on the standard edition, eight were solely written by Swift, and the other were co-written by Swift with Liz Rose, Hillary Lindsey, Colbie Caillat, and John Rich.
8003:123145837469696::Thread-125 2020-08-09 18:59:35.76 - MetLife Stadium is an American sports stadium located at the Meadowlands Sports Complex in East Rutherford, New Jersey, 5 mi (8 km) west of New York City.
8005:123145837469696::Thread-125 2020-08-09 18:59:36.043 - Starting new HTTPS connection (1): en.wikipedia.org
8002:123145837469696::Thread-125 2020-08-09 18:59:36.341 - Early life
Black did an undergraduate course in journalism at Western Washington University.
8003:123145837469696::Thread-125 2020-08-09 18:59:36.37 - It is the home stadium of two National Football League (NFL) franchises, the New York Giants and the New York Jets.
8003:123145837469696::Thread-125 2020-08-09 18:59:36.435 - Originally known as New Meadowlands Stadium upon opening in 2010, its naming rights were acquired in 2011 by New York City-based insurance company MetLife.
8006:123145837469696::Thread-125 2020-08-09 18:59:37.029 - The Eiffel Tower ( EYE-fəl; French: tour Eiffel [tuʁ‿ɛfɛl] (listen)) is a wrought-iron lattice tower on the Champ de Mars in Paris, France.
8003:123145837469696::Thread-125 2020-08-09 18:59:37.114 - The stadium is owned by the MetLife Stadium Company, a joint venture of the Giants and Jets, which privately financed the construction of the venue on land belonging to the New Jersey Sports and Exposition Authority.
8006:123145837469696::Thread-125 2020-08-09 18:59:37.142 - It is named after the engineer Gustave Eiffel, whose company designed and built the tower.
8006:123145837469696::Thread-125 2020-08-09 18:59:37.151 - Constructed from 1887 to 1889 as the entrance to the 1889 World's Fair, it was initially criticised by some of France's leading artists and intellectuals for its design, but it has become a global cultural icon of France and one of the most recognisable structures in the world.
8003:123145837469696::Thread-125 2020-08-09 18:59:37.422 - At an approximate cost of $1.6 billion, it was the most expensive stadium ever built at the time.
8006:123145837469696::Thread-125 2020-08-09 18:59:37.645 - The Eiffel Tower is the most-visited paid monument in the world; 6.91 million people ascended it in 2015.
8002:123145837469696::Thread-125 2020-08-09 18:59:37.81 - Career
Black started her career at age 18 in Fort Lauderdale, Florida, where she was on a summer vacation while attending college.
8003:123145837469696::Thread-125 2020-08-09 18:59:37.857 - History
As Giants Stadium approached 30 years of age, it was becoming one of the older stadiums in the NFL.
8004:123145837469696::Thread-125 2020-08-09 18:59:38.104 - Swift also made her debut as a record producer, co-producing all songs with Nathan Chapman.
8003:123145837469696::Thread-125 2020-08-09 18:59:38.353 - The Jets, who had been the tenants at the stadium, sought to have their own stadium built in Manhattan proper, the proposed West Side Stadium.
8006:123145837469696::Thread-125 2020-08-09 18:59:38.452 - The tower is 324 metres (1,063 ft) tall, about the same height as an 81-storey building, and the tallest structure in Paris.
8003:123145837469696::Thread-125 2020-08-09 18:59:38.911 - Originally intended to be the 85,000-seat main stadium for New York's bid for the 2012 Summer Olympics, it was designed to be downsized to 75,000 seats for the Jets.
8006:123145837469696::Thread-125 2020-08-09 18:59:38.931 - Its base is square, measuring 125 metres (410 ft) on each side.
8006:123145837469696::Thread-125 2020-08-09 18:59:39.29 - During its construction, the Eiffel Tower surpassed the Washington Monument to become the tallest man-made structure in the world, a title it held for 41 years until the Chrysler Building in New York City was finished in 1930.
8002:123145837469696::Thread-125 2020-08-09 18:59:39.392 - At her parents' insistence on getting a job, Black saw an advertisement for an adult talent agency and sent in her pictures.
8006:123145837469696::Thread-125 2020-08-09 18:59:39.678 - It was the first structure to reach a height of 300 metres.
8003:123145837469696::Thread-125 2020-08-09 18:59:39.745 - However, the West Side Stadium would have required significant public funding; progress halted in 2005 due to opposition from a number of sources, including Cablevision.
8003:123145837469696::Thread-125 2020-08-09 18:59:39.796 - The Jets then entered into a joint venture with the Giants to build a new stadium in which the two teams would be equal partners.
8006:123145837469696::Thread-125 2020-08-09 18:59:39.885 - Due to the addition of a broadcasting aerial at the top of the tower in 1957, it is now taller than the Chrysler Building by 5.2 metres (17 ft).
8005:123145837469696::Thread-125 2020-08-09 18:59:39.96 - Antilia is a private home in the Mumbai City district (South Mumbai) of Mumbai, India.
8004:123145837469696::Thread-125 2020-08-09 18:59:40.213 - Fearless is a country pop album that incorporates elements of crossover pop that commentators found appealing to a broader, mainstream audience.
8003:123145837469696::Thread-125 2020-08-09 18:59:40.465 - MetLife Stadium is one of only two NFL stadiums shared by two clubs.
8006:123145837469696::Thread-125 2020-08-09 18:59:40.857 - Excluding transmitters, the Eiffel Tower is the second tallest free-standing structure in France after the Millau Viaduct.
8002:123145837469696::Thread-125 2020-08-09 18:59:40.956 - The agency accepted and, after considering their offer, Black accepted and returned to the agency a week later.
8002:123145837469696::Thread-125 2020-08-09 18:59:41.553 - Black's first scene was a solo shaving video for The Score Group, which was filmed in 2007.
8004:123145837469696::Thread-125 2020-08-09 18:59:42.321 - It incorporates acoustic instruments such as banjo, fiddle, and guitar in its production, and lyrically depicts Swift's perceptions of her romantic relationships.
8002:123145837469696::Thread-125 2020-08-09 18:59:42.405 - She was the Penthouse Pet of the Month for December 2008.Black is the first person in history to win two AVN Female Performer of the Year Awards, winning back-to-back years in 2010 and 2011.
8005:123145837469696::Thread-125 2020-08-09 18:59:42.256 - It is the residence of Indian billionaire Mukesh Ambani and his family, who moved into it in 2012; at 27-storeys, 173 metres (567.585 feet) tall, over 400,000 square feet (37,161 square meters), and with amenities such as three helipads, a 168-car garage, a ballroom, 80-seat theater, terrace gardens, spa, and a temple, the skyscraper-mansion is one of world's largest and most elaborate private homes.As of May 2020, it is valued at $2.2 billion, deemed to be the world's second most valuable residential property, after British crown property Buckingham Palace, and the world's most valuable private residence.
8003:123145837469696::Thread-125 2020-08-09 18:59:42.466 - **END**
8005:123145837469696::Thread-125 2020-08-09 18:59:43.614 - Its controversial design and ostentatious use by a single family has made it infamous in India and beyond, including severe criticism in the architectural press and mockery in popular media.It is located on Altamount Road, Cumballa Hill in Mumbai.
8002:123145837469696::Thread-125 2020-08-09 18:59:43.65 - She also won the 2010 and 2011 XRCO Awards for Female Performer of the Year.
8005:123145837469696::Thread-125 2020-08-09 18:59:44.019 - Naming
The building is named after the mythical island Antillia.
8002:123145837469696::Thread-125 2020-08-09 18:59:44.538 - In 2010, she was named by Maxim as one of the 12 top female stars in porn.
8004:123145837469696::Thread-125 2020-08-09 18:59:44.886 - The album received generally positive reviews from critics, who commended Swift's songwriting ability resulting in radio-friendly songs.
8005:123145837469696::Thread-125 2020-08-09 18:59:45.077 - Construction

Antilia started building in 2006 and was built in consultation with US architecture firms Perkins and Will & Hirsch Bedner Associates, with the Australian-based construction company Leighton Contractors initially taking charge of its construction.
8003:123145837469696::Thread-125 2020-08-09 18:59:45.467 - **START**
8003:123145837469696::Thread-125 2020-08-09 18:59:45.471 - Starting new HTTPS connection (1): en.wikipedia.org
8004:123145837469696::Thread-125 2020-08-09 18:59:45.757 - The most awarded album in the history of country music, Fearless won Album of the Year at the Grammys, the Country Music Association Awards, and the Academy of Country Music Awards.
8004:123145837469696::Thread-125 2020-08-09 18:59:45.851 - The Grammy for Album of the Year made Swift, then 20 years old, the youngest artist to win the award at the time.
8003:123145837469696::Thread-125 2020-08-09 18:59:46.532 - Jenna Haze (born February 22, 1982) is an American director, model, and former pornographic actress.Haze has won numerous pornographic industry awards, including the 2003 AVN Award for Best New Starlet and the 2009 AVN Award for Female Performer of the Year, making her the second performer in history to ever win both awards in the course of her career, after Missy.
8005:123145837469696::Thread-125 2020-08-09 18:59:47.201 - The construction was completed by B.E.Billimoria & Company Ltd.
8003:123145837469696::Thread-125 2020-08-09 18:59:47.202 - In 2012, she was inducted into both the AVN and XRCO Halls of Fame.
8003:123145837469696::Thread-125 2020-08-09 18:59:47.322 - Career
Haze entered the adult film industry on July 18, 2001.
8005:123145837469696::Thread-125 2020-08-09 18:59:47.518 - The home has 27 floors with extra-high ceilings.
8003:123145837469696::Thread-125 2020-08-09 18:59:48.125 - Between 2002 and 2005, she was a contract girl for the film company Jill Kelly Productions.
8003:123145837469696::Thread-125 2020-08-09 18:59:48.232 - During most of her time at the company, she performed exclusively with women, out of loyalty to her then boyfriend, an industry cameraman.
8004:123145837469696::Thread-125 2020-08-09 18:59:48.855 - **END**
8006:123145837469696::Thread-125 2020-08-09 18:59:48.858 - **END**
8003:123145837469696::Thread-125 2020-08-09 18:59:48.888 - She returned to working with men in the 2006 multi-award-winning release Jenna Haze Darkside, produced by Jules Jordan.Her first scene was for The Oral Adventures of Craven Moorehead 8 with her agent Slim Shady (Dez) and his best friend, Moorehead.
8003:123145837469696::Thread-125 2020-08-09 18:59:49.191 - It was intended to only be an oral scene, but in the heat of the moment she had intercourse with both.
8005:123145837469696::Thread-125 2020-08-09 18:59:49.221 - (Other buildings of equivalent height may have as many as 60 floors.)
8003:123145837469696::Thread-125 2020-08-09 18:59:49.336 - The next day she shot a scene with Miles Long in Joey Silvera's Service Animals 4.
8003:123145837469696::Thread-125 2020-08-09 18:59:49.357 - A few months later, she realized that she did not need an agent and started to represent herself.In February 2002, Haze appeared in a scene for Jill Kelly Productions (JKP), directed by Jill Kelly herself.
8005:123145837469696::Thread-125 2020-08-09 18:59:49.811 - The home was also designed to survive an earthquake rated 8 on the Richter scale.
8003:123145837469696::Thread-125 2020-08-09 18:59:50.053 - Kelly was impressed by her performance and JKP offered Haze an exclusive performing contract.
8005:123145837469696::Thread-125 2020-08-09 18:59:50.807 - It is considered by some to be the tallest single-family house in the world, but others disqualify the Antilia because it includes space for a staff of 600.
8003:123145837469696::Thread-125 2020-08-09 18:59:53.054 - **END**
8005:123145837469696::Thread-125 2020-08-09 18:59:53.211 - Controversies
The 4,532-square-metre (1.120-acre) land on which Antilla was built housed an orphanage called Currimbhoy Ebrahim Khoja Yateemkhana with 60 orphans, and belonged to a charity run by the Wakf board.
8002:123145837469696::Thread-125 2020-08-09 18:59:53.541 - **END**
8004:123145837469696::Thread-125 2020-08-09 18:59:53.857 - **START**
8004:123145837469696::Thread-125 2020-08-09 18:59:53.861 - Starting new HTTPS connection (1): en.wikipedia.org
8004:123145837469696::Thread-125 2020-08-09 18:59:54.979 - Mackenzie Christine Foy (born November 10, 2000) is an American actress and model.
8003:123145837469696::Thread-125 2020-08-09 18:59:56.055 - **START**
8003:123145837469696::Thread-125 2020-08-09 18:59:56.068 - Starting new HTTPS connection (1): en.wikipedia.org
8004:123145837469696::Thread-125 2020-08-09 18:59:57.514 - She is known for portraying Renesmee Cullen in the 2012 film The Twilight Saga: Breaking Dawn – Part 2, which earned her a Young Artist Award nomination as Best Supporting Young Actress in a Feature Film; as the young Murphy in the 2014 space epic Interstellar, for which she received a Saturn Award for Best Performance by a Younger Actor among other awards nominations; and as Clara in Disney's The Nutcracker and the Four Realms.
8004:123145837469696::Thread-125 2020-08-09 18:59:58.039 - Early life
Foy was born on November 10, 2000.
8003:123145837469696::Thread-125 2020-08-09 18:59:58.498 - Thomas Edward Patrick Brady Jr. (born August 3, 1977) is an American football quarterback for the Tampa Bay Buccaneers of the National Football League (NFL).
8004:123145837469696::Thread-125 2020-08-09 18:59:59.276 - She was born and raised in Los Angeles.
8004:123145837469696::Thread-125 2020-08-09 19:00:00.192 - Her father, a truck driver, and mother, a homemaker, had no connections to the film industry.
8003:123145837469696::Thread-125 2020-08-09 19:00:00.382 - He spent the first 20 seasons of his career with the New England Patriots, playing in nine Super Bowls and winning six of them (XXXVI, XXXVIII, XXXIX, XLIX, LI, and LIII), both of which are the most of any player in NFL history.
8005:123145837469696::Thread-125 2020-08-09 19:00:01.213 - **END**
8005:123145837469696::Thread-125 2020-08-09 19:00:01.214 - **START**
8005:123145837469696::Thread-125 2020-08-09 19:00:01.228 - Starting new HTTPS connection (1): en.wikipedia.org
8003:123145837469696::Thread-125 2020-08-09 19:00:01.411 - He has won a record four Super Bowl MVP awards (XXXVI, XXXVIII, XLIX, and LI) as well as three NFL MVP awards (2007, 2010, 2017).
8004:123145837469696::Thread-125 2020-08-09 19:00:01.624 - Foy began modeling at age 3, and started acting at age 9.
8004:123145837469696::Thread-125 2020-08-09 19:00:01.672 - Career
Foy began modeling in print ads in 2004, working for Garnet Hill, Polo Ralph Lauren and Guess.
8003:123145837469696::Thread-125 2020-08-09 19:00:01.723 - Because of his numerous records and accolades, many sports writers, commentators, and players consider Brady to be the greatest quarterback of all time.After playing college football for the University of Michigan, Brady was drafted 199th overall by the Patriots in the sixth round of the 2000 NFL Draft.
8006:123145837469696::Thread-125 2020-08-09 19:00:01.869 - **START**
8006:123145837469696::Thread-125 2020-08-09 19:00:02.177 - Starting new HTTPS connection (1): en.wikipedia.org
8005:123145837469696::Thread-125 2020-08-09 19:00:02.58 - Chichen Itza was a large pre-Columbian city built by the Maya people of the Terminal Classic period.
8003:123145837469696::Thread-125 2020-08-09 19:00:02.699 - Due to his late selection, Brady is considered the biggest "steal" in the history of the NFL Draft.
8003:123145837469696::Thread-125 2020-08-09 19:00:02.752 - He went on to become the team's starting quarterback in his second season after an injury to Drew Bledsoe and played for the Patriots for 20 seasons, the NFL record for seasons as quarterback for one team.
8003:123145837469696::Thread-125 2020-08-09 19:00:03.105 - Following the 2019 season, Brady left New England and signed a two-year deal with the Buccaneers.
8003:123145837469696::Thread-125 2020-08-09 19:00:03.314 - Brady is one of only two quarterbacks to win a Super Bowl in their first season as a starter.
8005:123145837469696::Thread-125 2020-08-09 19:00:03.395 - The archaeological site is located in Tinúm Municipality, Yucatán State, Mexico.Chichen Itza was a major focal point in the Northern Maya Lowlands from the Late Classic (c. AD 600–900) through the Terminal Classic (c. AD 800–900) and into the early portion of the Postclassic period (c. AD 900–1200).
8004:123145837469696::Thread-125 2020-08-09 19:00:03.52 - From there, she modeled for companies such as The Walt Disney Company, Mattel and Gap.Foy's acting career began when she was nine years old, when she guest-starred in television shows such as 'Til Death, FlashForward and Hawaii Five-0.
8005:123145837469696::Thread-125 2020-08-09 19:00:03.78 - The site exhibits a multitude of architectural styles, reminiscent of styles seen in central Mexico and of the Puuc and Chenes styles of the Northern Maya lowlands.
8006:123145837469696::Thread-125 2020-08-09 19:00:04.357 - Heath Andrew Ledger (4 April 1979 – 22 January 2008) was an Australian actor, photographer and music video director.
8005:123145837469696::Thread-125 2020-08-09 19:00:04.601 - The presence of central Mexican styles was once thought to have been representative of direct migration or even conquest from central Mexico, but most contemporary interpretations view the presence of these non-Maya styles more as the result of cultural diffusion.
8006:123145837469696::Thread-125 2020-08-09 19:00:04.632 - After performing roles in several Australian television and film productions during the 1990s, Ledger left for the United States in 1998 to further develop his film career.
8006:123145837469696::Thread-125 2020-08-09 19:00:04.772 - His work consisted of nineteen films, including 10 Things I Hate About You (1999), The Patriot (2000), A Knight's Tale (2001), Monster's Ball (2001), Lords of Dogtown (2005), Brokeback Mountain (2005), Candy (2006), The Dark Knight (2008), and The Imaginarium of Doctor Parnassus (2009), the latter two being posthumous releases.
8003:123145837469696::Thread-125 2020-08-09 19:00:04.945 - He is also the only quarterback to reach 200 regular-season wins, Brady has never had a losing season as a starting quarterback.
8005:123145837469696::Thread-125 2020-08-09 19:00:05.258 - Chichen Itza was one of the largest Maya cities and it was likely to have been one of the mythical great cities, or Tollans, referred to in later Mesoamerican literature.
8002:123145837469696::Thread-125 2020-08-09 19:00:05.543 - **START**
8002:123145837469696::Thread-125 2020-08-09 19:00:05.552 - Starting new HTTPS connection (1): en.wikipedia.org
8005:123145837469696::Thread-125 2020-08-09 19:00:06.013 - The city may have had the most diverse population in the Maya world, a factor that could have contributed to the variety of architectural styles at the site.The ruins of Chichen Itza are federal property, and the site's stewardship is maintained by Mexico's Instituto Nacional de Antropología e Historia (National Institute of Anthropology and History).
8005:123145837469696::Thread-125 2020-08-09 19:00:06.016 - The land under the monuments had been privately owned until 29 March 2010, when it was purchased by the state of Yucatán.Chichen Itza is one of the most visited archaeological sites in Mexico with over 2.6 million tourists in 2017.
8005:123145837469696::Thread-125 2020-08-09 19:00:06.017 - **END**
8004:123145837469696::Thread-125 2020-08-09 19:00:06.039 - In 2010, she was cast as Renesmee Cullen in the film adaptation of Stephenie Meyer's book Breaking Dawn, the fourth and final novel in the Twilight saga series.
8004:123145837469696::Thread-125 2020-08-09 19:00:06.088 - The first movie, The Twilight Saga: Breaking Dawn – Part 1, in which Renesmee is shown only in a flash forward, was released on November 18, 2011, while the second, The Twilight Saga: Breaking Dawn – Part 2, on November 16, 2012.
8002:123145837469696::Thread-125 2020-08-09 19:00:06.489 - The Walt Disney World Resort, also called Walt Disney World and Disney World, is an entertainment complex in Bay Lake and Lake Buena Vista, Florida, in the United States, near the cities of Orlando and Kissimmee.
8006:123145837469696::Thread-125 2020-08-09 19:00:06.769 - He also produced and directed music videos and aspired to be a film director.For his portrayal of Ennis Del Mar in Brokeback Mountain, Ledger won the New York Film Critics Circle Award for Best Actor and the Best International Actor Award from the Australian Film Institute; he was the first actor to win the latter award posthumously.
8003:123145837469696::Thread-125 2020-08-09 19:00:06.948 - **END**
8002:123145837469696::Thread-125 2020-08-09 19:00:07.066 - Opened on October 1, 1971, the resort is owned and operated by Disney Parks, Experiences and Products, a division of The Walt Disney Company.
8002:123145837469696::Thread-125 2020-08-09 19:00:07.099 - It was first operated by Walt Disney World Company.
8006:123145837469696::Thread-125 2020-08-09 19:00:07.877 - He was nominated for the BAFTA Award for Best Actor in a Leading Role and the Academy Award for Best Actor.
8002:123145837469696::Thread-125 2020-08-09 19:00:08.038 - The property covers nearly 25,000 acres (39 sq mi; 101 km2), of which only half has been used.
8006:123145837469696::Thread-125 2020-08-09 19:00:08.588 - Posthumously, he shared the 2007 Independent Spirit Robert Altman Award with the rest of the ensemble cast, the director, and the casting director for the film I'm Not There, which was inspired by the life and songs of American singer-songwriter Bob Dylan.
8006:123145837469696::Thread-125 2020-08-09 19:00:08.632 - In the film, Ledger portrayed a fictional actor named Robbie Clark, one of six characters embodying aspects of Dylan's life and persona.Ledger died on 22 January 2008 due to an accidental overdose of prescription medications.
8002:123145837469696::Thread-125 2020-08-09 19:00:08.949 - The resort comprises four theme parks (consisting of Magic Kingdom, Epcot, Disney's Hollywood Studios, and Disney's Animal Kingdom), two water parks, 27 themed resort hotels, nine non-Disney hotels, several golf courses, a camping resort, and other entertainment venues, including the outdoor shopping center Disney Springs.
8004:123145837469696::Thread-125 2020-08-09 19:00:09.089 - **END**
8006:123145837469696::Thread-125 2020-08-09 19:00:09.325 - A few months before his death, Ledger had finished filming his performance as the Joker in The Dark Knight.
8002:123145837469696::Thread-125 2020-08-09 19:00:09.912 - Designed to supplement Disneyland in Anaheim, California, which had opened in 1955, the complex was developed by Walt Disney in the 1960s.
8002:123145837469696::Thread-125 2020-08-09 19:00:10.202 - "The Florida Project", as it was known, was intended to present a distinct vision with its own diverse set of attractions.
8002:123145837469696::Thread-125 2020-08-09 19:00:10.483 - Walt Disney's original plans also called for the inclusion of an "Experimental Prototype Community of Tomorrow" (EPCOT), a planned community intended to serve as a test bed for new city-living innovations.
8006:123145837469696::Thread-125 2020-08-09 19:00:10.644 - At the time of his death, The Dark Knight was in its editing phase, and The Imaginarium of Doctor Parnassus was in the midst of filming, in which he was playing his last role as Tony.
8002:123145837469696::Thread-125 2020-08-09 19:00:11.099 - Walt Disney died on December 15, 1966, during the initial planning of the complex.
8002:123145837469696::Thread-125 2020-08-09 19:00:11.228 - After his death, the company wrestled with the idea of whether to bring the Disneyworld project to fruition.
8006:123145837469696::Thread-125 2020-08-09 19:00:11.432 - His untimely death also affected the subsequent promotion of The Dark Knight.
8002:123145837469696::Thread-125 2020-08-09 19:00:12.233 - **END**
8006:123145837469696::Thread-125 2020-08-09 19:00:18.435 - **END**