8006:123145824849920::Thread-122 2020-08-09 18:59:29.264 - **START**
8006:123145824849920::Thread-122 2020-08-09 18:59:29.542 - Starting new HTTPS connection (1): en.wikipedia.org
8003:123145824849920::Thread-122 2020-08-09 18:59:30.269 - **START**
8002:123145824849920::Thread-122 2020-08-09 18:59:30.505 - **START**
8003:123145824849920::Thread-122 2020-08-09 18:59:31.14 - Starting new HTTPS connection (1): en.wikipedia.org
8002:123145824849920::Thread-122 2020-08-09 18:59:31.775 - Starting new HTTPS connection (1): en.wikipedia.org
8006:123145824849920::Thread-122 2020-08-09 18:59:31.788 - Macau, also spelled Macao ( (listen); 澳門, Cantonese: [ōu.mǔːn]; official Portuguese: [mɐˈkaw] Macau), and officially the Macao Special Administrative Region of the People's Republic of China, is a city in the western Pearl River Delta by the South China Sea.
8006:123145824849920::Thread-122 2020-08-09 18:59:32.214 - It is a special administrative region of China and maintains separate governing and economic systems from those of mainland China.
8004:123145824849920::Thread-122 2020-08-09 18:59:32.223 - **START**
8006:123145824849920::Thread-122 2020-08-09 18:59:32.412 - With a population of 696,100 and an area of 32.9 km2 (12.7 sq mi), it is the most densely populated region in the world.
8004:123145824849920::Thread-122 2020-08-09 18:59:33.075 - Starting new HTTPS connection (1): en.wikipedia.org
8003:123145824849920::Thread-122 2020-08-09 18:59:33.412 - Antilia is a private home in the Mumbai City district (South Mumbai) of Mumbai, India.
8006:123145824849920::Thread-122 2020-08-09 18:59:33.415 - Macau was formerly a colony of the Portuguese Empire, after Ming China leased the territory as a trading post in 1557.
8005:123145824849920::Thread-122 2020-08-09 18:59:34.285 - **START**
8006:123145824849920::Thread-122 2020-08-09 18:59:34.404 - Portugal paid an annual rent and administered the territory under Chinese sovereignty until 1887 when it gained perpetual colonial rights in the Sino-Portuguese Treaty of Peking.
8006:123145824849920::Thread-122 2020-08-09 18:59:35.006 - The colony remained under Portuguese rule until 1999, when it was transferred to China.
8003:123145824849920::Thread-122 2020-08-09 18:59:35.138 - It is the residence of Indian billionaire Mukesh Ambani and his family, who moved into it in 2012; at 27-storeys, 173 metres (567.585 feet) tall, over 400,000 square feet (37,161 square meters), and with amenities such as three helipads, a 168-car garage, a ballroom, 80-seat theater, terrace gardens, spa, and a temple, the skyscraper-mansion is one of world's largest and most elaborate private homes.As of May 2020, it is valued at $2.2 billion, deemed to be the world's second most valuable residential property, after British crown property Buckingham Palace, and the world's most valuable private residence.
8004:123145824849920::Thread-122 2020-08-09 18:59:35.684 - Carlos Irwin Estévez (born September 3, 1965), known professionally as Charlie Sheen, is an American actor.
8006:123145824849920::Thread-122 2020-08-09 18:59:35.906 - Originally a sparsely populated collection of coastal islands, the territory has become a major resort city and the top destination for gambling tourism.
8003:123145824849920::Thread-122 2020-08-09 18:59:35.944 - Its controversial design and ostentatious use by a single family has made it infamous in India and beyond, including severe criticism in the architectural press and mockery in popular media.It is located on Altamount Road, Cumballa Hill in Mumbai.
8005:123145824849920::Thread-122 2020-08-09 18:59:35.999 - Starting new HTTPS connection (1): en.wikipedia.org
8004:123145824849920::Thread-122 2020-08-09 18:59:36.291 - He has appeared in films such as Platoon (1986), Wall Street (1987), Young Guns (1988), Eight Men Out (1988), Major League (1989), Hot Shots!
8006:123145824849920::Thread-122 2020-08-09 18:59:36.835 - Its gambling industry is seven times larger than that of Las Vegas.
8006:123145824849920::Thread-122 2020-08-09 18:59:36.881 - Although the city has one of the highest per capita incomes in the world, it has severe income inequality.
8006:123145824849920::Thread-122 2020-08-09 18:59:37.102 - Its GDP per capita by purchasing power parity is one of the highest in the world and higher than any country in the world in 2014 according to the World Bank.Macau has a very high Human Development Index, although it is only calculated by the Macau government instead of the United Nations.
8003:123145824849920::Thread-122 2020-08-09 18:59:37.374 - Naming
The building is named after the mythical island Antillia.
8002:123145824849920::Thread-122 2020-08-09 18:59:37.501 - Associazione Calcio Milan (Italian pronunciation: [assotʃatˈtsjoːne ˈkaltʃo ˈmiːlan]), commonly referred to as A.C. Milan or simply Milan, is a professional football club in Milan, Italy, founded in 1899.
8003:123145824849920::Thread-122 2020-08-09 18:59:38.2 - Construction

Antilia started building in 2006 and was built in consultation with US architecture firms Perkins and Will & Hirsch Bedner Associates, with the Australian-based construction company Leighton Contractors initially taking charge of its construction.
8003:123145824849920::Thread-122 2020-08-09 18:59:38.362 - The construction was completed by B.E.Billimoria & Company Ltd.
8002:123145824849920::Thread-122 2020-08-09 18:59:38.598 - The club has spent its entire history, with the exception of the 1980–81 and 1982–83 seasons, in the top flight of Italian football, known as Serie A since 1929–30.A.C.
8004:123145824849920::Thread-122 2020-08-09 18:59:39.27 - (1991), and The Three Musketeers (1993).
8003:123145824849920::Thread-122 2020-08-09 18:59:39.639 - The home has 27 floors with extra-high ceilings.
8004:123145824849920::Thread-122 2020-08-09 18:59:39.931 - In the 2000s, when Sheen replaced Michael J.
8004:123145824849920::Thread-122 2020-08-09 18:59:40.882 - Fox in Spin City, his performance earned him a Golden Globe Award for Best Actor – Television Series Musical or Comedy.
8003:123145824849920::Thread-122 2020-08-09 18:59:41.207 - (Other buildings of equivalent height may have as many as 60 floors.)
8004:123145824849920::Thread-122 2020-08-09 18:59:41.3 - He then starred in Two and a Half Men, which earned him several Golden Globe and Emmy Award nominations.
8002:123145824849920::Thread-122 2020-08-09 18:59:41.557 - Milan's 18 FIFA and UEFA trophies is the fourth highest out of any club (joint with Boca Juniors), and the most out of any Italian club.
8005:123145824849920::Thread-122 2020-08-09 18:59:41.655 - Stefani Joanne Angelina Germanotta ( STEF-ən-ee JUR-mə-NOT-ə) (born March 28, 1986), known professionally as Lady Gaga, is an American singer, songwriter, record producer, actress, and businesswoman.
8006:123145824849920::Thread-122 2020-08-09 18:59:42.103 - **END**
8002:123145824849920::Thread-122 2020-08-09 18:59:42.212 - Milan has won a joint record three Intercontinental Cups and one FIFA Club World Cup, seven European Cup/Champions League titles (Italian record), the UEFA Super Cup a joint record five times and the Cup Winners' Cup twice.
8003:123145824849920::Thread-122 2020-08-09 18:59:42.216 - The home was also designed to survive an earthquake rated 8 on the Richter scale.
8003:123145824849920::Thread-122 2020-08-09 18:59:42.49 - It is considered by some to be the tallest single-family house in the world, but others disqualify the Antilia because it includes space for a staff of 600.
8004:123145824849920::Thread-122 2020-08-09 18:59:42.727 - He most recently starred in the FX comedy series Anger Management, which concluded its 100-episode run in 2014.
8002:123145824849920::Thread-122 2020-08-09 18:59:43.084 - With 18 league titles, Milan is also the joint-second most successful club in Serie A, along with local rivals Internazionale and behind Juventus (36 league titles).
8003:123145824849920::Thread-122 2020-08-09 18:59:43.148 - Controversies
The 4,532-square-metre (1.120-acre) land on which Antilla was built housed an orphanage called Currimbhoy Ebrahim Khoja Yateemkhana with 60 orphans, and belonged to a charity run by the Wakf board.
8002:123145824849920::Thread-122 2020-08-09 18:59:43.317 - They have also won the Coppa Italia five times, and the Supercoppa Italiana seven.Milan's home games are played at San Siro, also known as the Stadio Giuseppe Meazza.
8004:123145824849920::Thread-122 2020-08-09 18:59:43.479 - In 2010, Sheen was the highest-paid actor on television and earned US$1.8 million per episode of Two and a Half Men.Sheen's personal life has made headlines, including reports of alcohol and drug abuse and marital problems, as well as allegations of domestic violence.
8005:123145824849920::Thread-122 2020-08-09 18:59:43.575 - She is known for reinventing herself throughout her career and for her versatility in numerous areas of the entertainment industry.
8005:123145824849920::Thread-122 2020-08-09 18:59:43.649 - Gaga began performing as a teenager, singing at open mic nights and acting in school plays.
8005:123145824849920::Thread-122 2020-08-09 18:59:44.319 - She studied at Collaborative Arts Project 21, through New York University's Tisch School of the Arts, before dropping out to pursue a music career.
8002:123145824849920::Thread-122 2020-08-09 18:59:46.121 - The stadium, which is shared with city rivals Internazionale, is the largest in Italian football, with a total capacity of 80,018.
8005:123145824849920::Thread-122 2020-08-09 18:59:46.321 - When Def Jam Recordings canceled her contract, she worked as a songwriter for Sony/ATV Music Publishing, where Akon helped her sign a joint deal with Interscope Records and his own label KonLive Distribution in 2007.
8004:123145824849920::Thread-122 2020-08-09 18:59:46.366 - In March 2011, his contract for Two and a Half Men was terminated by CBS and Warner Bros. following his derogatory comments about the series' creator, Chuck Lorre.
8004:123145824849920::Thread-122 2020-08-09 18:59:46.535 - On November 17, 2015, Sheen publicly revealed that he is HIV positive, having been diagnosed about four years earlier.
8005:123145824849920::Thread-122 2020-08-09 18:59:47.186 - She rose to prominence the following year with her debut album The Fame and its chart-topping singles "Just Dance" and "Poker Face".
8002:123145824849920::Thread-122 2020-08-09 18:59:47.192 - Inter are considered their biggest rivals, and matches between the two teams are called Derby della Madonnina, which is one of the most followed derbies in football.The club is one of the wealthiest in Italian and world football.
8005:123145824849920::Thread-122 2020-08-09 18:59:48.489 - The album was later reissued to include the EP The Fame Monster (2009), which yielded the singles "Bad Romance", "Telephone", and "Alejandro".
8004:123145824849920::Thread-122 2020-08-09 18:59:48.539 - **END**
8006:123145824849920::Thread-122 2020-08-09 18:59:49.106 - **START**
8006:123145824849920::Thread-122 2020-08-09 18:59:49.109 - Starting new HTTPS connection (1): en.wikipedia.org
8003:123145824849920::Thread-122 2020-08-09 18:59:49.15 - **END**
8002:123145824849920::Thread-122 2020-08-09 18:59:49.198 - It was a founding member of the now-defunct G-14 group of Europe's leading football clubs as well as its replacement, the European Club Association.
8005:123145824849920::Thread-122 2020-08-09 18:59:49.506 - Gaga's five succeeding studio albums have all debuted atop the US Billboard 200.
8006:123145824849920::Thread-122 2020-08-09 18:59:50.409 - Barcelona ( BAR-sə-LOH-nə, Catalan: [bəɾsəˈlonə], Spanish: [baɾθeˈlona]) is a city on the coast of northeastern Spain.
8002:123145824849920::Thread-122 2020-08-09 18:59:50.453 - History

A.C. Milan was founded as Milan Foot-Ball and Cricket Club in 1899 by English expatriates Alfred Edwards and Herbert Kilpin.
8006:123145824849920::Thread-122 2020-08-09 18:59:51.235 - It is the capital and largest city of the autonomous community of Catalonia, as well as the second most populous municipality of Spain.
8002:123145824849920::Thread-122 2020-08-09 18:59:51.762 - Although the club itself claims 16 December of that year as its foundation date, historical evidence show that the club was actually founded on 13 December.
8002:123145824849920::Thread-122 2020-08-09 18:59:51.763 - **END**
8006:123145824849920::Thread-122 2020-08-09 18:59:52.098 - With a population of 1.6 million within city limits, its urban area extends to numerous neighbouring municipalities within the Province of Barcelona and is home to around 4.8 million people, making it the fifth most populous urban area in the European Union after Paris, the Ruhr area, Madrid, and Milan.
8005:123145824849920::Thread-122 2020-08-09 18:59:52.107 - Her second full-length album, Born This Way (2011), explored electronic rock and techno-pop and sold more than one million copies in its first week.
8006:123145824849920::Thread-122 2020-08-09 18:59:52.728 - It is one of the largest metropolises on the Mediterranean Sea, located on the coast between the mouths of the rivers Llobregat and Besòs, and bounded to the west by the Serra de Collserola mountain range, the tallest peak of which is 512 metres (1,680 feet) high.
8005:123145824849920::Thread-122 2020-08-09 18:59:53.349 - Its title track became the fastest-selling song on the iTunes Store with over a million downloads in less than a week.
8006:123145824849920::Thread-122 2020-08-09 18:59:53.636 - Founded as a Roman city, in the Middle Ages Barcelona became the capital of the County of Barcelona.
8006:123145824849920::Thread-122 2020-08-09 18:59:53.729 - After merging with the Kingdom of Aragon, Barcelona continued to be an important city in the Crown of Aragon as an economic and administrative centre of this Crown and the capital of the Principality of Catalonia.
8006:123145824849920::Thread-122 2020-08-09 18:59:53.832 - Barcelona has a rich cultural heritage and is today an important cultural centre and a major tourist destination.
8006:123145824849920::Thread-122 2020-08-09 18:59:54.866 - Particularly renowned are the architectural works of Antoni Gaudí and Lluís Domènech i Montaner, which have been designated UNESCO World Heritage Sites.
8006:123145824849920::Thread-122 2020-08-09 18:59:55.832 - Since 1450, it is home to the University of Barcelona.
8006:123145824849920::Thread-122 2020-08-09 18:59:56.8 - The headquarters of the Union for the Mediterranean are located in Barcelona.
8004:123145824849920::Thread-122 2020-08-09 18:59:57.546 - **START**
8004:123145824849920::Thread-122 2020-08-09 18:59:57.557 - Starting new HTTPS connection (1): en.wikipedia.org
8004:123145824849920::Thread-122 2020-08-09 19:00:00.019 - Bryan Matthew Sevilla (born February 7, 1986), known professionally by the stage name James Deen, is an American pornographic actor and director.He entered the porn industry in 2004 at the age of 18.
8005:123145824849920::Thread-122 2020-08-09 19:00:00.355 - **END**
8004:123145824849920::Thread-122 2020-08-09 19:00:00.827 - He gained attention due to his relatively slender build, lack of tattoos, and everyman appeal, bucking the stereotypical image of hypermasculine male actors in the pornography industry.
8006:123145824849920::Thread-122 2020-08-09 19:00:00.831 - **END**
8004:123145824849920::Thread-122 2020-08-09 19:00:02.043 - In late 2015, multiple women came forward with allegations of sexual misconduct including rape against Deen, with the most notable being his former girlfriend Joanna Angel.
8004:123145824849920::Thread-122 2020-08-09 19:00:03.284 - Early life
Deen was born in to a Jewish family in Los Angeles County, California and raised in Pasadena.
8004:123145824849920::Thread-122 2020-08-09 19:00:04.437 - His father is a mechanical engineer and his mother is a computer electronic engineer, and one of them worked at the Jet Propulsion Laboratory.
8003:123145824849920::Thread-122 2020-08-09 19:00:05.152 - **START**
8003:123145824849920::Thread-122 2020-08-09 19:00:05.158 - Starting new HTTPS connection (1): en.wikipedia.org
8005:123145824849920::Thread-122 2020-08-09 19:00:05.36 - **START**
8005:123145824849920::Thread-122 2020-08-09 19:00:05.389 - Starting new HTTPS connection (1): en.wikipedia.org
8004:123145824849920::Thread-122 2020-08-09 19:00:05.454 - Sevilla graduated from La Cañada High School in 2004.
8002:123145824849920::Thread-122 2020-08-09 19:00:05.765 - **START**
8002:123145824849920::Thread-122 2020-08-09 19:00:05.776 - Starting new HTTPS connection (1): en.wikipedia.org
8003:123145824849920::Thread-122 2020-08-09 19:00:06.063 - Dwayne Michael Carter Jr. (born September 27, 1982), better known by his stage name Lil Wayne, is an American rapper, singer, songwriter, record executive, entrepreneur, and actor.
8003:123145824849920::Thread-122 2020-08-09 19:00:06.086 - He is regarded by many contemporaries as one of the most influential hip hop artists of his generation, and often cited as one of the greatest rappers of all time.
8004:123145824849920::Thread-122 2020-08-09 19:00:06.65 - At 17, Deen moved in with his father.
8005:123145824849920::Thread-122 2020-08-09 19:00:06.674 - David is a masterpiece of Renaissance sculpture created in marble between 1501 and 1504 by the Italian artist Michelangelo.
8003:123145824849920::Thread-122 2020-08-09 19:00:06.783 - His career began in 1995, at the age of 12, when he was signed by rapper Birdman, joining Cash Money Records as the youngest member of the label.
8005:123145824849920::Thread-122 2020-08-09 19:00:06.902 - David is a 5.17-metre (17.0 ft) marble statue of the Biblical figure David, a favoured subject in the art of Florence.David was originally commissioned as one of a series of statues of prophets to be positioned along the roofline of the east end of Florence Cathedral, but was instead placed in a public square, outside the Palazzo Vecchio, the seat of civic government in Florence, in the Piazza della Signoria, where it was unveiled on 8 September 1504.
8002:123145824849920::Thread-122 2020-08-09 19:00:07.262 - 21 is the second studio album by English singer-songwriter Adele.
8003:123145824849920::Thread-122 2020-08-09 19:00:07.412 - He was put in a duo with label-mate B.G., at  that time known as Lil Doogie, and they recorded an album, True Story, released that year, although Wayne (who was at that time known as Baby D) only appeared on three tracks.
8005:123145824849920::Thread-122 2020-08-09 19:00:07.419 - The statue was moved to the Galleria dell'Accademia, Florence, in 1873, and later replaced at the original location by a replica.
8004:123145824849920::Thread-122 2020-08-09 19:00:07.587 - He worked at a Starbucks for two years and took classes at Pasadena City College.
8003:123145824849920::Thread-122 2020-08-09 19:00:07.847 - His mother and stepfather later disallowed him from continuing to record with Cash Money as his grades in school were falling and they worried that Birdman and his associates were bad influences, but he eventually persuaded them to let him return and he was again doing so by 1997; by this time he was recording as Lil Wayne.
8002:123145824849920::Thread-122 2020-08-09 19:00:07.983 - It was released on 24 January 2011 in Europe and on 22 February 2011 in North America by XL Recordings and Columbia Records.
8005:123145824849920::Thread-122 2020-08-09 19:00:08.348 - Because of the nature of the figure it represented, the statue soon came to symbolize the defence of civil liberties embodied in the Republic of Florence, an independent city-state threatened on all sides by more powerful rival states and by the hegemony of the Medici family.
8003:123145824849920::Thread-122 2020-08-09 19:00:08.739 - He joined the southern hip hop group Hot Boys, with Cash Money label-mates Juvenile and Turk,  as well as Lil Doogie, who had also by this time changed his stage name, to B.G., in 1997; they released their debut album Get It How U Live!
8004:123145824849920::Thread-122 2020-08-09 19:00:08.766 - Career

According to Deen, performing in pornographic films was his ambition since he was in kindergarten.
8004:123145824849920::Thread-122 2020-08-09 19:00:08.825 - After entering the pornography industry in 2004, he initially worked with older female performers.
8003:123145824849920::Thread-122 2020-08-09 19:00:09.06 - in October that year.
8005:123145824849920::Thread-122 2020-08-09 19:00:09.217 - The eyes of David, with a warning glare, were fixated towards Rome.
8003:123145824849920::Thread-122 2020-08-09 19:00:09.419 - Wayne first gained wide attention for appearing with Juvenile on the latter's 1998 song "Back That Azz Up", also known by the censored version title "Back That Thang Up", where he appeared on the song's outro.
8002:123145824849920::Thread-122 2020-08-09 19:00:09.532 - The album was named after the age of the singer during its production.
8003:123145824849920::Thread-122 2020-08-09 19:00:09.816 - The Hot Boys became popular following the release of the album Guerrilla Warfare (1999) and the song "Bling Bling".
8005:123145824849920::Thread-122 2020-08-09 19:00:10.091 - History


Commission
The history of the statue begins before Michelangelo's work on it from 1501 to 1504.
8002:123145824849920::Thread-122 2020-08-09 19:00:10.688 - 21 shares the folk and Motown soul influences of her 2008 debut album 19, but was further inspired by the American country and Southern blues music to which she had been exposed during her 2008–09 North American tour An Evening with Adele.
8005:123145824849920::Thread-122 2020-08-09 19:00:10.787 - Prior to Michelangelo's involvement, the Overseers of the Office of Works of Florence Cathedral, consisting mostly of members of the influential woolen cloth guild, the Arte della Lana, had plans to commission a series of twelve large Old Testament sculptures for the buttresses of the cathedral.
8002:123145824849920::Thread-122 2020-08-09 19:00:11.085 - Composed in the aftermath of the singer's separation from her then partner, the album typifies the near dormant tradition of the confessional singer-songwriter in its exploration of heartbreak, introspection, and forgiveness.
8005:123145824849920::Thread-122 2020-08-09 19:00:11.344 - In 1410, Donatello made the first of the statues, a figure of Joshua in terracotta.
8005:123145824849920::Thread-122 2020-08-09 19:00:12.099 - A figure of Hercules, also in terracotta, was commissioned from the Florentine sculptor Agostino di Duccio in 1463 and was made perhaps under Donatello's direction.
8005:123145824849920::Thread-122 2020-08-09 19:00:12.194 - Eager to continue their project, in 1464, the Operai contracted Agostino to create a sculpture of David.
8002:123145824849920::Thread-122 2020-08-09 19:00:12.416 - Adele began writing 21 in April 2009, when still involved in the relationship that subsequently inspired the record.
8003:123145824849920::Thread-122 2020-08-09 19:00:12.818 - **END**
8004:123145824849920::Thread-122 2020-08-09 19:00:13.83 - **END**
8002:123145824849920::Thread-122 2020-08-09 19:00:14.267 - Dissatisfied with once again portraying herself as the musical tragedian of her debut, she had intended to compose a more upbeat and contemporary follow-up.
8002:123145824849920::Thread-122 2020-08-09 19:00:14.369 - However, studio sessions ended prematurely due to a lack of inspiration.
8002:123145824849920::Thread-122 2020-08-09 19:00:15.814 - She resumed production immediately after the breakdown of her relationship, channelling her heartbreak and depression into her songs.
8005:123145824849920::Thread-122 2020-08-09 19:00:16.199 - **END**
8002:123145824849920::Thread-122 2020-08-09 19:00:17.044 - Adele collaborated with various songwriters and producers, including Columbia Records co-president Rick Rubin, Paul Epworth, Ryan Tedder, Jim Abbiss, and Dan Wilson.
8002:123145824849920::Thread-122 2020-08-09 19:00:25.049 - **END**