8003:123145900568576::Thread-140 2020-08-09 18:59:28.274 - **START**
8003:123145900568576::Thread-140 2020-08-09 18:59:28.58 - Starting new HTTPS connection (1): en.wikipedia.org
8005:123145900568576::Thread-140 2020-08-09 18:59:29.214 - **START**
8005:123145900568576::Thread-140 2020-08-09 18:59:29.531 - Starting new HTTPS connection (1): en.wikipedia.org
8006:123145900568576::Thread-140 2020-08-09 18:59:31.281 - **START**
8006:123145900568576::Thread-140 2020-08-09 18:59:31.502 - Starting new HTTPS connection (1): en.wikipedia.org
8003:123145900568576::Thread-140 2020-08-09 18:59:31.699 - Adolf Hitler (German: [ˈadɔlf ˈhɪtlɐ] (listen); 20 April 1889 – 30 April 1945) was a German politician and leader of the Nazi Party (Nationalsozialistische Deutsche Arbeiterpartei; NSDAP).
8004:123145900568576::Thread-140 2020-08-09 18:59:32.221 - **START**
8004:123145900568576::Thread-140 2020-08-09 18:59:33.092 - Starting new HTTPS connection (1): en.wikipedia.org
8005:123145900568576::Thread-140 2020-08-09 18:59:33.516 - Millie Bobby Brown (born 19 February 2004) is a British actress.
8003:123145900568576::Thread-140 2020-08-09 18:59:33.722 - He rose to power as the chancellor of Germany in 1933 and then as Führer in 1934.
8003:123145900568576::Thread-140 2020-08-09 18:59:34.197 - During his dictatorship from 1933 to 1945, he initiated World War II in Europe by invading Poland on 1 September 1939.
8005:123145900568576::Thread-140 2020-08-09 18:59:34.914 - She rose to prominence for her role as Eleven in the Netflix science fiction horror series Stranger Things (2016–present), for which she received Primetime Emmy Award nominations for Outstanding Supporting Actress in a Drama Series.
8006:123145900568576::Thread-140 2020-08-09 18:59:35.382 - Nina Hartley (born Marie Louise Hartman; March 11, 1959) is an American pornographic actress, pornographic film director, sex educator, sex-positive feminist, and author.
8004:123145900568576::Thread-140 2020-08-09 18:59:35.63 - Aston Villa Football Club is an English professional football club based in Aston, Birmingham.
8003:123145900568576::Thread-140 2020-08-09 18:59:35.749 - He was closely involved in military operations throughout the war and was central to the perpetration of the Holocaust.
8003:123145900568576::Thread-140 2020-08-09 18:59:35.975 - Hitler was born in Austria—then part of Austria-Hungary—and was raised near Linz.
8005:123145900568576::Thread-140 2020-08-09 18:59:36.066 - At age 13, she became one of the youngest nominees in Emmy history.
8004:123145900568576::Thread-140 2020-08-09 18:59:36.103 - The club competes in the Premier League, the top tier of the English football league system.
8004:123145900568576::Thread-140 2020-08-09 18:59:36.225 - Founded in 1874, they have played at their home ground, Villa Park, since 1897.
8004:123145900568576::Thread-140 2020-08-09 18:59:36.349 - Aston Villa were one of the founder members of the Football League in 1888 and of the Premier League in 1992.
8006:123145900568576::Thread-140 2020-08-09 18:59:36.87 - Early life
Marie Louise Hartman was born in Berkeley, California, to a Lutheran father and a Jewish mother (both deceased) whose family was from Alabama.
8006:123145900568576::Thread-140 2020-08-09 18:59:36.873 - She grew up in the San Francisco Bay Area.
8006:123145900568576::Thread-140 2020-08-09 18:59:37.076 - She is the youngest of four children, with an older sister and two older brothers.
8005:123145900568576::Thread-140 2020-08-09 18:59:37.15 - Her film debut came in 2019 with the monster film Godzilla: King of the Monsters.
8004:123145900568576::Thread-140 2020-08-09 18:59:37.337 - Villa are one of only five English clubs to have won the European Cup, in 1981–82.
8003:123145900568576::Thread-140 2020-08-09 18:59:37.407 - He moved to Germany in 1913 and was decorated during his service in the German Army in World War I.
8005:123145900568576::Thread-140 2020-08-09 18:59:37.742 - Brown will also play the titular role in the upcoming mystery film Enola Holmes.
8004:123145900568576::Thread-140 2020-08-09 18:59:37.817 - They have also won the Football League First Division seven times, the FA Cup seven times, the League Cup five times, and the European (UEFA) Super Cup once.
8004:123145900568576::Thread-140 2020-08-09 18:59:38.05 - Villa have a fierce local rivalry with Birmingham City and the Second City derby between the teams has been played since 1879.
8004:123145900568576::Thread-140 2020-08-09 18:59:38.584 - The club's traditional kit colours are claret shirts with sky blue sleeves, white shorts and sky blue socks.
8004:123145900568576::Thread-140 2020-08-09 18:59:39.314 - Their traditional club badge is of a rampant lion.
8003:123145900568576::Thread-140 2020-08-09 18:59:39.4 - In 1919, he joined the German Workers' Party (DAP), the precursor of the NSDAP, and was appointed leader of the NSDAP in 1921.
8005:123145900568576::Thread-140 2020-08-09 18:59:39.437 - Brown is the youngest person to be featured on the Time 100 list of the world's most influential people and is the youngest person to be appointed a UNICEF Goodwill Ambassador.
8004:123145900568576::Thread-140 2020-08-09 18:59:39.704 - The club is currently owned by the NSWE group, a company owned by the Egyptian billionaire Nassef Sawiris and the American billionaire Wes Edens.
8006:123145900568576::Thread-140 2020-08-09 18:59:39.941 - Her parents were Communists who converted to Buddhism when she was young.
8002:123145900568576::Thread-140 2020-08-09 18:59:40.349 - **START**
8006:123145900568576::Thread-140 2020-08-09 18:59:41.207 - Her father was blacklisted in 1957.
8002:123145900568576::Thread-140 2020-08-09 18:59:42.088 - Starting new HTTPS connection (1): en.wikipedia.org
8003:123145900568576::Thread-140 2020-08-09 18:59:42.319 - In 1923, he attempted to seize power in a failed coup in Munich and was imprisoned.
8005:123145900568576::Thread-140 2020-08-09 18:59:42.423 - Early life
Brown was born in Marbella, Málaga, Andalusia, Spain, the third of four children of British parents, Kelly and Robert Brown.
8006:123145900568576::Thread-140 2020-08-09 18:59:42.473 - After graduating from Berkeley High School in 1977, she attended San Francisco State University's undergraduate nursing school and graduated magna cum laude in 1985.
8005:123145900568576::Thread-140 2020-08-09 18:59:44.426 - The family moved to Bournemouth, Dorset when she was around four years old, then to Windermere, Florida four years later.
8003:123145900568576::Thread-140 2020-08-09 18:59:44.877 - In jail, he dictated the first volume of his autobiography and political manifesto Mein Kampf ("My Struggle").
8002:123145900568576::Thread-140 2020-08-09 18:59:45.193 - Sparta (Doric Greek: Σπάρτα, Spártā; Attic Greek: Σπάρτη, Spártē) was a prominent city-state in ancient Greece.
8006:123145900568576::Thread-140 2020-08-09 18:59:45.332 - She was a registered nurse per the California Board of Registered Nursing until her license expired in 1986.
8006:123145900568576::Thread-140 2020-08-09 18:59:46.68 - Adult film career

Hartley saw The Autobiography of a Flea (the first adult film directed by a woman, Sharon McNight) alone, at a theater in San Francisco and chose her life work: making porn.In 1982, during her sophomore year of nursing school, she started working as a stripper at the Sutter Cinema and later the Mitchell Brothers O'Farrell Theatre.
8003:123145900568576::Thread-140 2020-08-09 18:59:47.05 - After his release in 1924, Hitler gained popular support by attacking the Treaty of Versailles and promoting Pan-Germanism, anti-semitism and anti-communism with charismatic oratory and Nazi propaganda.
8005:123145900568576::Thread-140 2020-08-09 18:59:47.378 - She was born with partial hearing in one ear, gradually losing all hearing in that ear over several years.Brown divides her time between London, United Kingdom and Atlanta, Georgia.
8002:123145900568576::Thread-140 2020-08-09 18:59:47.777 - In antiquity, the city-state was known as Lacedaemon (Λακεδαίμων, Lakedaímōn), while the name Sparta referred to its main settlement on the banks of the Eurotas River in Laconia, in south-eastern Peloponnese.
8005:123145900568576::Thread-140 2020-08-09 18:59:47.808 - Career
In 2013, Brown made her acting debut as a guest star in the ABC fantasy drama series Once Upon a Time in Wonderland, a spin-off of Once Upon a Time, portraying the role of Young Alice.
8006:123145900568576::Thread-140 2020-08-09 18:59:48.272 - She made her foray into the world of pornographic movies during her junior year in 1984.
8003:123145900568576::Thread-140 2020-08-09 18:59:48.694 - He frequently denounced international capitalism and communism as part of a Jewish conspiracy.
8004:123145900568576::Thread-140 2020-08-09 18:59:48.811 - **END**
8002:123145900568576::Thread-140 2020-08-09 18:59:50.354 - Around 650 BCE, it rose to become the dominant military land-power in ancient Greece.
8002:123145900568576::Thread-140 2020-08-09 18:59:52.158 - Given its military pre-eminence, Sparta was recognized as the leading force of the unified Greek military during the Greco-Persian Wars, in rivalry with the rising naval power of Athens.
8002:123145900568576::Thread-140 2020-08-09 18:59:53.154 - Sparta was the principal enemy of Athens during the Peloponnesian War (between 431 and 404 BCE), from which it emerged victorious.
8006:123145900568576::Thread-140 2020-08-09 18:59:53.274 - **END**
8002:123145900568576::Thread-140 2020-08-09 18:59:54.398 - The decisive Battle of Leuctra in 371 BCE ended the Spartan hegemony, although the city-state maintained its political independence until the Roman conquest of Greece in 146 BCE.
8002:123145900568576::Thread-140 2020-08-09 18:59:54.56 - After the division of the Roman Empire, Sparta underwent a long period of decline, especially in the Middle Ages, when many of its citizens moved to Mystras.
8002:123145900568576::Thread-140 2020-08-09 18:59:54.619 - Modern Sparta is the capital of the southern Greek region of Laconia and a center for processing citrus and olives.
8002:123145900568576::Thread-140 2020-08-09 18:59:55.36 - Sparta was unique in ancient Greece for its social system and constitution, which were supposedly introduced by the semi-mythical legislator Lycurgus.
8005:123145900568576::Thread-140 2020-08-09 18:59:55.814 - **END**
8003:123145900568576::Thread-140 2020-08-09 18:59:56.698 - **END**
8002:123145900568576::Thread-140 2020-08-09 18:59:58.159 - His laws configured the Spartan society to maximize military proficiency at all costs, focusing all social institutions on military training and physical development.
8006:123145900568576::Thread-140 2020-08-09 18:59:58.277 - **START**
8006:123145900568576::Thread-140 2020-08-09 18:59:58.297 - Starting new HTTPS connection (1): en.wikipedia.org
8005:123145900568576::Thread-140 2020-08-09 18:59:58.816 - **START**
8005:123145900568576::Thread-140 2020-08-09 18:59:58.839 - Starting new HTTPS connection (1): en.wikipedia.org
8002:123145900568576::Thread-140 2020-08-09 18:59:59.649 - The inhabitants of Sparta were stratified as Spartiates (Spartan citizens with full rights), mothakes (non-Spartan free men raised as Spartans), perioikoi (free residents engaged in commerce), and helots (state-owned serfs, enslaved non-Spartan locals).
8006:123145900568576::Thread-140 2020-08-09 18:59:59.751 - Miley Ray Cyrus (born Destiny Hope Cyrus; November 23, 1992) is an American singer-songwriter, actress, and record producer.
8006:123145900568576::Thread-140 2020-08-09 18:59:59.836 - Her music spans a range of styles, from pop and country pop to hip hop.
8006:123145900568576::Thread-140 2020-08-09 19:00:00.835 - Cyrus' personal life, public image, and performances have often sparked controversy and received widespread media coverage.
8006:123145900568576::Thread-140 2020-08-09 19:00:01.117 - Cyrus, the daughter of country music singer Billy Ray Cyrus, became a teen idol while portraying the title character of the Disney Channel television series Hannah Montana (2006–2011).
8006:123145900568576::Thread-140 2020-08-09 19:00:01.637 - As Hannah Montana, she attained two number-one and three top-ten soundtracks on the US Billboard 200, including the US Billboard Hot 100 top-ten single "He Could Be the One".
8005:123145900568576::Thread-140 2020-08-09 19:00:01.769 - Neuschwanstein Castle (German: Schloss Neuschwanstein, pronounced [ˈʃlɔs nɔʏˈʃvaːnʃtaɪn], Southern Bavarian: Schloss Neischwanstoa) is a 19th-century Romanesque Revival palace on a rugged hill above the village of Hohenschwangau near Füssen in southwest Bavaria, Germany.
8004:123145900568576::Thread-140 2020-08-09 19:00:01.817 - **START**
8004:123145900568576::Thread-140 2020-08-09 19:00:02.167 - Starting new HTTPS connection (1): en.wikipedia.org
8006:123145900568576::Thread-140 2020-08-09 19:00:02.487 - Cyrus' own discography includes the US number-one albums Meet Miley Cyrus (2007), Breakout (2008), and Bangerz (2013); the top-five releases Can't Be Tamed (2010), Younger Now (2017), and She Is Coming (2019); and the free SoundCloud streaming-exclusive album Miley Cyrus & Her Dead Petz (2015).
8005:123145900568576::Thread-140 2020-08-09 19:00:02.86 - The palace was commissioned by King Ludwig II of Bavaria as a retreat and in honour of Richard Wagner.
8006:123145900568576::Thread-140 2020-08-09 19:00:03.369 - Her singles include the US top ten-charting "See You Again", "7 Things", "The Climb", "Party in the U.S.A.", "Can't Be Tamed", "We Can't Stop", "Malibu"; and the chart-topping "Wrecking Ball".
8006:123145900568576::Thread-140 2020-08-09 19:00:03.568 - Cyrus' career accolades include entries on the Time 100 list in 2008 and 2014, MTV's Best Artist of 2013 Award, and placement on Billboard's Greatest of All Time Artists Chart in 2019.
8004:123145900568576::Thread-140 2020-08-09 19:00:03.605 - Angkor Wat (; Khmer: អង្គរវត្ត, "City/Capital of Temples") is a temple complex in Cambodia and the largest religious monument in the world, on a site measuring 162.6 hectares (1,626,000 m2; 402 acres).
8004:123145900568576::Thread-140 2020-08-09 19:00:03.841 - Originally constructed as a Hindu temple dedicated to the god Vishnu for the Khmer Empire, it was gradually transformed into a Buddhist temple towards the end of the 12th century as such it is also described as a "Hindu-Buddhist" temple.
8006:123145900568576::Thread-140 2020-08-09 19:00:03.849 - She is often cited as an example of a successful child actor-turned-singer.As an actress, Cyrus has made appearances in the animated film Bolt (2008) and the feature films Hannah Montana: The Movie (2009) and The Last Song (2010).
8004:123145900568576::Thread-140 2020-08-09 19:00:04.461 - It was built by the Khmer King Suryavarman II in the early 12th century in Yaśodharapura (Khmer: យសោធរបុរៈ, present-day Angkor), the capital of the Khmer Empire, as his state temple and eventual mausoleum.
8004:123145900568576::Thread-140 2020-08-09 19:00:04.475 - Breaking from the Shaiva tradition of previous kings, Angkor Wat was instead dedicated to Vishnu.
8004:123145900568576::Thread-140 2020-08-09 19:00:04.613 - As the best-preserved temple at the site, it is the only one to have remained a significant religious centre since its foundation.
8006:123145900568576::Thread-140 2020-08-09 19:00:04.617 - On television, Cyrus served as a coach on the singing competition series The Voice across two seasons and starred in an episode of the Netflix series Black Mirror (2019).
8004:123145900568576::Thread-140 2020-08-09 19:00:04.673 - The temple is at the top of the high classical style of Khmer architecture.
8004:123145900568576::Thread-140 2020-08-09 19:00:04.909 - It has become a symbol of Cambodia, appearing on its national flag, and it is the country's prime attraction for visitors.Angkor Wat combines two basic plans of Khmer temple architecture: the temple-mountain and the later galleried temple.
8005:123145900568576::Thread-140 2020-08-09 19:00:05.222 - Ludwig paid for the palace out of his personal fortune and by means of extensive borrowing, rather than Bavarian public funds.
8004:123145900568576::Thread-140 2020-08-09 19:00:05.493 - It is designed to represent Mount Meru, home of the devas in Hindu mythology: within a moat more than 5 kilometres (3 mi) long and an outer wall 3.6 kilometres (2.2 mi) long are three rectangular galleries, each raised above the next.
8004:123145900568576::Thread-140 2020-08-09 19:00:05.583 - At the centre of the temple stands a quincunx of towers.
8004:123145900568576::Thread-140 2020-08-09 19:00:05.972 - Unlike most Angkorian temples, Angkor Wat is oriented to the west; scholars are divided as to the significance of this.
8002:123145900568576::Thread-140 2020-08-09 19:00:06.651 - **END**
8005:123145900568576::Thread-140 2020-08-09 19:00:07.093 - The castle was intended as a home for the King, until he died in 1886.
8005:123145900568576::Thread-140 2020-08-09 19:00:08.235 - It was open to the public shortly after his death.
8005:123145900568576::Thread-140 2020-08-09 19:00:09.541 - Since then more than 61 million people have visited Neuschwanstein Castle.
8004:123145900568576::Thread-140 2020-08-09 19:00:09.977 - **END**
8005:123145900568576::Thread-140 2020-08-09 19:00:10.076 - More than 1.3 million people visit annually, with as many as 6,000 per day in the summer.
8003:123145900568576::Thread-140 2020-08-09 19:00:10.703 - **START**
8003:123145900568576::Thread-140 2020-08-09 19:00:10.706 - Starting new HTTPS connection (1): en.wikipedia.org
8005:123145900568576::Thread-140 2020-08-09 19:00:10.788 - Location

The municipality of Schwangau lies at an elevation of 800 m (2,620 ft) at the southwest border of the German state of Bavaria.
8006:123145900568576::Thread-140 2020-08-09 19:00:11.62 - **END**
8005:123145900568576::Thread-140 2020-08-09 19:00:12.006 - Its surroundings are characterised by the transition between the Alpine foothills in the south (toward the nearby Austrian border) and a hilly landscape in the north that appears flat by comparison.
8003:123145900568576::Thread-140 2020-08-09 19:00:13.442 - Madison Nicole Ziegler ( ZIG-lər; born September 30, 2002) is an American dancer, actress, author and model.
8005:123145900568576::Thread-140 2020-08-09 19:00:13.554 - In the Middle Ages, three castles overlooked the villages.
8003:123145900568576::Thread-140 2020-08-09 19:00:15.896 - She was initially known for appearing in Lifetime's reality show Dance Moms from 2011 (at age 8) until 2016.
8003:123145900568576::Thread-140 2020-08-09 19:00:15.963 - From 2014 to 2017, she gained wider recognition for starring in a series of music videos by Sia, including "Chandelier" and "Elastic Heart", which have in total attracted more than 5 billion views on YouTube.
8003:123145900568576::Thread-140 2020-08-09 19:00:16.52 - Ziegler has appeared in films, television and concerts, and has modeled on magazine covers and in advertisements for Capezio, Ralph Lauren, Fabletics and Target, among other brands.
8003:123145900568576::Thread-140 2020-08-09 19:00:18.224 - She was included by Time magazine on its list of the "30 most influential teens" in each of 2015, 2016 and 2017.
8003:123145900568576::Thread-140 2020-08-09 19:00:18.464 - Ziegler was a judge on the 2016 season of So You Think You Can Dance: The Next Generation, toured with Sia in North America and Australia in 2016 and 2017 and toured in Australia and New Zealand with her sister, Mackenzie, in 2017 and 2018.
8003:123145900568576::Thread-140 2020-08-09 19:00:18.683 - Her 2017 memoir, The Maddie Diaries, was a New York Times Best Seller.
8005:123145900568576::Thread-140 2020-08-09 19:00:19.557 - **END**
8003:123145900568576::Thread-140 2020-08-09 19:00:19.624 - She voiced the character Camille Le Haut in the animated film Ballerina (2016) and appeared as Christina Sickleman in the feature film The Book of Henry (2017).
8003:123145900568576::Thread-140 2020-08-09 19:00:21.287 - Her social media presence includes an Instagram account with more than 13.6 million followers.
8003:123145900568576::Thread-140 2020-08-09 19:00:22.243 - Early life and education
Ziegler was born in Pittsburgh, Pennsylvania, to Melissa Ziegler-Gisoni and Kurt Ziegler, who owned a mortgage company.
8003:123145900568576::Thread-140 2020-08-09 19:00:29.249 - **END**