8002:123145353711616::Thread-10 2020-08-09 18:59:25.264 - **START**
8002:123145353711616::Thread-10 2020-08-09 18:59:25.276 - Starting new HTTPS connection (1): en.wikipedia.org
8002:123145353711616::Thread-10 2020-08-09 18:59:29.05 - The September 11 attacks (often referred to as 9/11) were a series of four coordinated terrorist attacks by the Islamic terrorist group al-Qaeda against the United States on the morning of Tuesday, September 11, 2001.
8002:123145353711616::Thread-10 2020-08-09 18:59:30.587 - The attacks resulted in 2,977 fatalities, over 25,000 injuries, and substantial long-term health consequences, in addition to at least $10 billion in infrastructure and property damage.
8002:123145353711616::Thread-10 2020-08-09 18:59:31.194 - 9/11 is the single deadliest terrorist attack in human history and the single deadliest incident for firefighters and law enforcement officers in the history of the United States, with 343 and 72 killed, respectively.Four passenger airliners which had departed from airports in the northeastern United States bound for California were hijacked by 19 al-Qaeda terrorists.
8005:123145353711616::Thread-10 2020-08-09 18:59:32.201 - **START**
8004:123145353711616::Thread-10 2020-08-09 18:59:32.202 - **START**
8003:123145353711616::Thread-10 2020-08-09 18:59:32.227 - **START**
8002:123145353711616::Thread-10 2020-08-09 18:59:32.288 - Two of the planes, American Airlines Flight 11 and United Airlines Flight 175, crashed into the North and South towers, respectively, of the World Trade Center complex in Lower Manhattan.
8006:123145353711616::Thread-10 2020-08-09 18:59:32.418 - **START**
8006:123145353711616::Thread-10 2020-08-09 18:59:33.063 - Starting new HTTPS connection (1): en.wikipedia.org
8004:123145353711616::Thread-10 2020-08-09 18:59:33.084 - Starting new HTTPS connection (1): en.wikipedia.org
8003:123145353711616::Thread-10 2020-08-09 18:59:33.092 - Starting new HTTPS connection (1): en.wikipedia.org
8005:123145353711616::Thread-10 2020-08-09 18:59:33.11 - Starting new HTTPS connection (1): en.wikipedia.org
8002:123145353711616::Thread-10 2020-08-09 18:59:35.071 - Within an hour and 42 minutes, both 110-story towers collapsed.
8002:123145353711616::Thread-10 2020-08-09 18:59:35.107 - Debris and the resulting fires caused a partial or complete collapse of all other buildings in the World Trade Center complex, including the 47-story 7 World Trade Center tower, as well as significant damage to ten other large surrounding structures.
8002:123145353711616::Thread-10 2020-08-09 18:59:35.183 - A third plane, American Airlines Flight 77, was crashed into the Pentagon (the headquarters of the U.S. Department of Defense) in Arlington County, Virginia, which led to a partial collapse of the building's west side.
8004:123145353711616::Thread-10 2020-08-09 18:59:35.735 - Kobe Bean Bryant ( KOH-bee; August 23, 1978 – January 26, 2020) was an American professional basketball player for the Los Angeles Lakers in the National Basketball Association (NBA).
8003:123145353711616::Thread-10 2020-08-09 18:59:35.929 - Ronaldo de Assis Moreira (born 21 March 1980), commonly known as Ronaldinho Gaúcho (Brazilian Portuguese: [ʁonawˈdʒĩɲu gaˈuʃu]) or simply Ronaldinho, is a Brazilian former professional footballer and ambassador for Barcelona.
8002:123145353711616::Thread-10 2020-08-09 18:59:36.173 - The fourth plane, United Airlines Flight 93, was initially flown toward Washington, D.C., but crashed into a field in Stonycreek Township, Pennsylvania, after passengers thwarted the hijackers.
8002:123145353711616::Thread-10 2020-08-09 18:59:36.435 - Suspicion quickly fell onto al-Qaeda.
8004:123145353711616::Thread-10 2020-08-09 18:59:36.762 - As a shooting guard, he entered the league directly from high school, and played his entire 20-season professional career with the Lakers.
8004:123145353711616::Thread-10 2020-08-09 18:59:37.482 - Bryant won many accolades: five NBA championships, 18-time All-Star, 15-time member of the All-NBA Team, 12-time member of the All-Defensive Team, 2008 NBA Most Valuable Player (MVP), two-time NBA Finals MVP winner.
8005:123145353711616::Thread-10 2020-08-09 18:59:37.713 - Manchester City Football Club is an English football club based in Manchester that competes in the Premier League, the top flight of English football.
8005:123145353711616::Thread-10 2020-08-09 18:59:38.114 - Founded in 1880 as St. Mark's (West Gorton), it became Ardwick Association Football Club in 1887 and Manchester City in 1894.
8006:123145353711616::Thread-10 2020-08-09 18:59:38.399 - Traci Elizabeth Lords (born Nora Louise Kuzma, May 7, 1968) is an American actress, former pornographic actress, singer, model, and writer.
8004:123145353711616::Thread-10 2020-08-09 18:59:38.506 - Widely regarded as one of the greatest players of all time, he led the NBA in scoring during two seasons, ranks fourth on the league's all-time regular season scoring and all-time postseason scoring lists.
8002:123145353711616::Thread-10 2020-08-09 18:59:38.533 - The United States responded by launching the War on Terror and invading Afghanistan to depose the Taliban, which had failed to comply with U.S. demands to expel al-Qaeda from Afghanistan and extradite their leader Osama bin Laden.
8003:123145353711616::Thread-10 2020-08-09 18:59:38.776 - He played mostly as an attacking midfielder, but was also deployed as a forward or a winger.
8004:123145353711616::Thread-10 2020-08-09 18:59:39.189 - Bryant first played basketball seriously in Italy, where he spent more than seven years as a child after his father, former NBA player Joe Bryant, moved to the country to continue playing professionally.
8003:123145353711616::Thread-10 2020-08-09 18:59:39.375 - Often considered one of the best players of his generation and regarded by many as one of the greatest of all time, Ronaldinho won two FIFA World Player of the Year awards and a Ballon d'Or.
8005:123145353711616::Thread-10 2020-08-09 18:59:39.386 - The club's home ground is the Etihad Stadium in east Manchester, to which it moved in 2003, having played at Maine Road since 1923.
8005:123145353711616::Thread-10 2020-08-09 18:59:39.91 - The club adopted their sky blue home shirts in 1894 in the first season of the club's current iteration, that have been used ever since.Manchester City entered the Football League in 1899, and won their first major honour with the FA Cup in 1904.
8005:123145353711616::Thread-10 2020-08-09 18:59:40.317 - The club had its first major period of success in the late 1960s, winning the League, European Cup Winners Cup, FA Cup and League Cup under the management of Joe Mercer and Malcolm Allison.
8003:123145353711616::Thread-10 2020-08-09 18:59:40.607 - He was renowned for his technical skills and creativity; due to his agility, pace and
dribbling ability, as well as his use of tricks, feints, overhead kicks, no-look passes and accuracy from free-kicks.
8006:123145353711616::Thread-10 2020-08-09 18:59:40.622 - During the mid-1980s, she used a fake ID to conceal the fact that she was two years underage when she starred in X-rated films and was one of the most sought-after pornographic actresses in the adult entertainment industry.
8004:123145353711616::Thread-10 2020-08-09 18:59:40.707 - Bryant later attended Lower Merion High School in Pennsylvania, where he was recognized as the top high-school basketball player in the country.
8004:123145353711616::Thread-10 2020-08-09 18:59:40.828 - Upon graduation, he declared for the 1996 NBA draft and was selected by the Charlotte Hornets with the 13th overall pick; the Hornets then traded him to the Lakers.
8006:123145353711616::Thread-10 2020-08-09 18:59:41.009 - When the FBI acted on an anonymous tip that Lords was a minor during her time in the industry and pornographers were distributing and selling illegal images and videotapes, the resulting fallout led to prosecutions and court cases in addition to bans on all but the last of her adult films.
8005:123145353711616::Thread-10 2020-08-09 18:59:41.065 - After losing the 1981 FA Cup Final, the club went through a period of decline, culminating in relegation to the third tier of English football for the only time in its history in 1998.
8004:123145353711616::Thread-10 2020-08-09 18:59:41.483 - As a rookie, Bryant earned himself a reputation as a high-flyer and a fan favorite by winning the 1997 Slam Dunk Contest, and he was named an All-Star by his second season.
8004:123145353711616::Thread-10 2020-08-09 18:59:41.533 - Despite a feud with teammate Shaquille O'Neal, the pair led the Lakers to three consecutive NBA championships from 2000 to 2002.
8004:123145353711616::Thread-10 2020-08-09 18:59:42.073 - In 2003, Bryant was accused of sexual assault by a 19-year-old hotel clerk.
8004:123145353711616::Thread-10 2020-08-09 18:59:42.075 - **END**
8005:123145353711616::Thread-10 2020-08-09 18:59:42.507 - They since regained promotion to the top tier in 2001–02 and have remained a fixture in the Premier League since 2002–03.
8003:123145353711616::Thread-10 2020-08-09 18:59:42.518 - Ronaldinho made his career debut for Grêmio, in 1998.
8005:123145353711616::Thread-10 2020-08-09 18:59:43.369 - In 2008, Manchester City was purchased by Abu Dhabi United Group for £210 million and received considerable financial investment in both playing staff and club facilities, including the £150 million Etihad Campus in east Manchester.
8006:123145353711616::Thread-10 2020-08-09 18:59:43.369 - After her departure from pornography only two days after turning the legal age of 18, Lords enrolled at the Lee Strasberg Theater Institute, where she studied method acting with the intention of becoming a mainstream actress.
8006:123145353711616::Thread-10 2020-08-09 18:59:43.72 - She made her mainstream screen debut at age 19 in a leading role in the 1988 remake of the 1957 Roger Corman science fiction film Not of This Earth.
8003:123145353711616::Thread-10 2020-08-09 18:59:43.761 - At age 20, he moved to Paris Saint-Germain in France before signing for Barcelona in 2003.
8005:123145353711616::Thread-10 2020-08-09 18:59:44.886 - Under the management of Pep Guardiola they won the Premier League in 2018 becoming the only Premier League team to attain 100 points in a single season.
8006:123145353711616::Thread-10 2020-08-09 18:59:45.151 - Lords followed with the role of Wanda Woodward in John Waters' teen comedy, Cry-Baby (1990).
8003:123145353711616::Thread-10 2020-08-09 18:59:45.172 - In his second season with Barcelona, he won his first FIFA World Player of the Year award, as Barcelona won the 2004–05 La Liga title.
8003:123145353711616::Thread-10 2020-08-09 18:59:46.352 - The season that followed is considered one of the best in his career as he was integral in Barcelona winning the UEFA Champions League, their first in fourteen years, as well as another La Liga title, giving Ronaldinho his first career double.
8002:123145353711616::Thread-10 2020-08-09 18:59:46.535 - **END**
8006:123145353711616::Thread-10 2020-08-09 18:59:46.999 - Her other acting credits included the television series MacGyver, Married... with Children, Tales from the Crypt, Roseanne, Melrose Place, Profiler, First Wave, Gilmore Girls and Will & Grace.
8004:123145353711616::Thread-10 2020-08-09 18:59:47.085 - **START**
8004:123145353711616::Thread-10 2020-08-09 18:59:47.09 - Starting new HTTPS connection (1): en.wikipedia.org
8003:123145353711616::Thread-10 2020-08-09 18:59:47.365 - After scoring two spectacular solo goals in the first 2005-06 El Clásico, Ronaldinho became the second Barcelona player, after Diego Maradona in 1983, to receive a standing ovation from Real Madrid fans at the Santiago Bernabéu.
8005:123145353711616::Thread-10 2020-08-09 18:59:47.888 - **END**
8006:123145353711616::Thread-10 2020-08-09 18:59:49.11 - She also appeared in films such as Skinner (1993), Virtuosity (1995), Blade (1998), Zack and Miri Make a Porno (2008) and most recently Excision (2012), which earned her a Fangoria Chainsaw Award for Best Supporting Actress as well as a Fright Meter Award and a CinEuphoria Award.
8003:123145353711616::Thread-10 2020-08-09 18:59:49.16 - Ronaldinho also received his second FIFA World Player of the Year award, as well as the Ballon d'Or.
8004:123145353711616::Thread-10 2020-08-09 18:59:49.389 - Daft Punk are a French electronic music duo formed in Paris in 1993 by Guy-Manuel de Homem-Christo and Thomas Bangalter.
8004:123145353711616::Thread-10 2020-08-09 18:59:49.813 - They achieved popularity in the late 1990s as part of the French house movement; they also had success in the years following, combining elements of house music with funk, techno, disco, rock and synthpop.
8004:123145353711616::Thread-10 2020-08-09 18:59:49.958 - They have worn ornate helmets and gloves to assume robot personas in most public appearances since 1999 and rarely grant interviews or appear on television.
8006:123145353711616::Thread-10 2020-08-09 18:59:50.367 - Lords also pursued music in addition to her film career.
8004:123145353711616::Thread-10 2020-08-09 18:59:50.666 - The duo were managed from 1996 to 2008 by Pedro Winter (also known as Busy P), the head of Ed Banger Records.
8004:123145353711616::Thread-10 2020-08-09 18:59:52.615 - After Bangalter and Homem-Christo's indie rock band Darlin' disbanded, they began experimenting with drum machines and synthesisers.
8004:123145353711616::Thread-10 2020-08-09 18:59:54.046 - Their debut studio album Homework was released by Virgin Records in 1997 to positive reviews, backed by singles "Around the World" and "Da Funk".
8006:123145353711616::Thread-10 2020-08-09 18:59:55.37 - **END**
8004:123145353711616::Thread-10 2020-08-09 18:59:55.819 - Their second album, Discovery, had further success, supported by hit singles "One More Time", "Digital Love" and "Harder, Better, Faster, Stronger".
8004:123145353711616::Thread-10 2020-08-09 18:59:56.583 - In March 2005, Daft Punk released their third album, Human After All, to mixed reviews, though the singles "Robot Rock" and "Technologic" achieved success in the United Kingdom.
8003:123145353711616::Thread-10 2020-08-09 18:59:57.162 - **END**
8004:123145353711616::Thread-10 2020-08-09 18:59:58.169 - Daft Punk toured throughout 2006 and 2007 and released the live album Alive 2007, which won a Grammy Award for Best Electronic/Dance Album.
8002:123145353711616::Thread-10 2020-08-09 18:59:58.537 - **START**
8002:123145353711616::Thread-10 2020-08-09 18:59:58.6 - Starting new HTTPS connection (1): en.wikipedia.org
8004:123145353711616::Thread-10 2020-08-09 18:59:59.316 - They composed the score for the film Tron: Legacy, which was released in 2010 alongside its soundtrack album.
8005:123145353711616::Thread-10 2020-08-09 19:00:02.889 - **START**
8005:123145353711616::Thread-10 2020-08-09 19:00:02.992 - Starting new HTTPS connection (1): en.wikipedia.org
8006:123145353711616::Thread-10 2020-08-09 19:00:03.373 - **START**
8006:123145353711616::Thread-10 2020-08-09 19:00:03.425 - Starting new HTTPS connection (1): en.wikipedia.org
8005:123145353711616::Thread-10 2020-08-09 19:00:04.273 - Guinea-Bissau ( (listen); Portuguese: Guiné-Bissau), officially the Republic of Guinea-Bissau (Portuguese: República da Guiné-Bissau [ʁɛˈpuβlikɐ ðɐ ɣiˈnɛ βiˈsaw]), is a country in West Africa that covers 36,125 square kilometres (13,948 sq mi) with an estimated population of 1,874,303.
8004:123145353711616::Thread-10 2020-08-09 19:00:05.319 - **END**
8005:123145353711616::Thread-10 2020-08-09 19:00:05.809 - It borders Senegal to the north and Guinea to the south-east.
8006:123145353711616::Thread-10 2020-08-09 19:00:06.101 - The New York Yankees are an American professional baseball team based in the New York City borough of the Bronx.
8005:123145353711616::Thread-10 2020-08-09 19:00:06.627 - Guinea-Bissau was once part of the kingdom of Kaabu, as well as part of the Mali Empire.
8005:123145353711616::Thread-10 2020-08-09 19:00:07.298 - Parts of this kingdom persisted until the 18th century, while a few others were under some rule by the Portuguese Empire since the 16th century.
8006:123145353711616::Thread-10 2020-08-09 19:00:07.787 - They compete in Major League Baseball (MLB) as a member club of the American League (AL) East division.
8003:123145353711616::Thread-10 2020-08-09 19:00:08.17 - **START**
8003:123145353711616::Thread-10 2020-08-09 19:00:08.176 - Starting new HTTPS connection (1): en.wikipedia.org
8006:123145353711616::Thread-10 2020-08-09 19:00:08.237 - They are one of two major league clubs based in New York City, the other being the National League's (NL) New York Mets.
8006:123145353711616::Thread-10 2020-08-09 19:00:08.832 - The Yankees began play in the 1901 season as the Baltimore Orioles (no relation to the modern Baltimore Orioles).
8003:123145353711616::Thread-10 2020-08-09 19:00:09.048 - San Francisco, officially the City and County of San Francisco and colloquially known as The City, SF, or Frisco and San Fran is the cultural, commercial, and financial center of Northern California.
8005:123145353711616::Thread-10 2020-08-09 19:00:09.849 - In the 19th century, it was colonised as Portuguese Guinea.
8006:123145353711616::Thread-10 2020-08-09 19:00:10.009 - In 1903, Frank Farrell and Bill Devery purchased the franchise after it ceased operations and moved it to New York City, renaming the club the New York Highlanders.
8003:123145353711616::Thread-10 2020-08-09 19:00:10.113 - San Francisco is the 16th most populous city in the United States, and the fourth most populous in California, with 881,549 residents as of 2019.
8006:123145353711616::Thread-10 2020-08-09 19:00:10.532 - The Highlanders were officially renamed the New York Yankees in 1913.The team is owned by Yankee Global Enterprises, an LLC that is controlled by the family of the late George Steinbrenner, who purchased the team in 1973.
8006:123145353711616::Thread-10 2020-08-09 19:00:10.768 - Brian Cashman is the team's general manager, and Aaron Boone is the team's field manager.
8003:123145353711616::Thread-10 2020-08-09 19:00:10.901 - It covers an area of about 46.89 square miles (121.4 km2), mostly at the north end of the San Francisco Peninsula in the San Francisco Bay Area, making it the second most densely populated large U.S. city, and the fifth most densely populated U.S. county, behind only four of the five New York City boroughs.
8003:123145353711616::Thread-10 2020-08-09 19:00:11.332 - San Francisco is the 12th-largest metropolitan statistical area in the United States by population, with 4.7 million people, and the fourth-largest by economic output, with GDP of $549 billion in 2018.
8005:123145353711616::Thread-10 2020-08-09 19:00:11.822 - Upon independence, declared in 1973 and recognised in 1974, the name of its capital, Bissau, was added to the country's name to prevent confusion with Guinea (formerly French Guinea).
8006:123145353711616::Thread-10 2020-08-09 19:00:11.892 - The team's home games were played at the original Yankee Stadium from 1923 to 1973 and from 1976 to 2008.
8006:123145353711616::Thread-10 2020-08-09 19:00:12.513 - In 1974 and 1975, the Yankees shared Shea Stadium with the Mets, in addition to the New York Jets and the New York Giants.
8005:123145353711616::Thread-10 2020-08-09 19:00:13.04 - Guinea-Bissau has a history of political instability since independence, and only one elected president (José Mário Vaz) has successfully served a full five-year term.Only about 2% of the population speaks Portuguese, the official language, as a first language, and 33% speak it as a second language.
8003:123145353711616::Thread-10 2020-08-09 19:00:13.167 - With San Jose, it forms the fifth most populous combined statistical area in the United States, the San Jose–San Francisco–Oakland, CA Combined Statistical Area (9.67 million residents in 2018).
8002:123145353711616::Thread-10 2020-08-09 19:00:13.65 - **START**
8002:123145353711616::Thread-10 2020-08-09 19:00:13.654 - Starting new HTTPS connection (1): en.wikipedia.org
8006:123145353711616::Thread-10 2020-08-09 19:00:13.658 - In 2009, they moved into a new ballpark of the same name that was constructed adjacent to the previous facility, which was closed and demolished.
8006:123145353711616::Thread-10 2020-08-09 19:00:13.659 - **END**
8003:123145353711616::Thread-10 2020-08-09 19:00:13.923 - As of 2020, San Francisco has the highest salaries, disposable income, and median home prices in the world at $1.7 million, as well as the highest median rents.
8003:123145353711616::Thread-10 2020-08-09 19:00:14.083 - In 2018, San Francisco was the seventh-highest-income county in the United States, with a per capita personal income of $130,696.
8005:123145353711616::Thread-10 2020-08-09 19:00:14.274 - However, Creole is the national language and also considered the language of unity.
8002:123145353711616::Thread-10 2020-08-09 19:00:14.305 - Noah Lindsey Cyrus (born January 8, 2000) is an American singer, songwriter, and actress.
8003:123145353711616::Thread-10 2020-08-09 19:00:15.316 - In the same year, San Francisco proper had a GDP of $183.2 billion, and a GDP per capita of $207,371.
8002:123145353711616::Thread-10 2020-08-09 19:00:15.674 - In 2016, she released her debut single "Make Me (Cry)", featuring vocals from Labrinth.
8003:123145353711616::Thread-10 2020-08-09 19:00:15.762 - The CSA San Francisco shares with San Jose and Oakland was the country's third-largest urban economy as of 2018, with a GDP of $1.03 trillion.
8002:123145353711616::Thread-10 2020-08-09 19:00:16.078 - Cyrus is the fifth child of Billy Ray and Tish Cyrus, and she is the youngest sibling of Trace, Brandi, and Miley Cyrus.
8002:123145353711616::Thread-10 2020-08-09 19:00:16.251 - She was named one of Time's 30 Most Influential Teens in 2017.
8005:123145353711616::Thread-10 2020-08-09 19:00:16.309 - According to a 2012 study, 54% of the population speak Creole as a first language and about 52% speak it as a second language.
8003:123145353711616::Thread-10 2020-08-09 19:00:16.672 - Of the 500+ primary statistical areas in the U.S., this CSA had among the highest GDP per capita in 2018, at $106,757.
8003:123145353711616::Thread-10 2020-08-09 19:00:16.673 - **END**
8002:123145353711616::Thread-10 2020-08-09 19:00:16.939 - Early life
Cyrus was born January 8, 2000, in Nashville, Tennessee, to producer and director Tish Cyrus and country singer Billy Ray Cyrus.
8002:123145353711616::Thread-10 2020-08-09 19:00:18.774 - Her parents have had a volatile marriage, each filing for divorce on different occasions, but restoring their relationship.
8005:123145353711616::Thread-10 2020-08-09 19:00:18.809 - The remainder speak a variety of native African languages.
8002:123145353711616::Thread-10 2020-08-09 19:00:18.912 - Her siblings include Miley, Braison, Brandi, Trace, and Christopher Cyrus, who have also mostly become musicians and entertainers.
8002:123145353711616::Thread-10 2020-08-09 19:00:20.404 - Their paternal grandfather, Ron Cyrus, was a politician in Kentucky.
8002:123145353711616::Thread-10 2020-08-09 19:00:21.535 - Acting career
At the age of two, Cyrus began her acting career, playing Gracie Hebert on the sixth episode of the television show Doc.
8002:123145353711616::Thread-10 2020-08-09 19:00:21.624 - She was a background dancer in the 2009 film Hannah Montana: The Movie, and played small roles in six episodes of the Disney Channel Original Series Hannah Montana.
8002:123145353711616::Thread-10 2020-08-09 19:00:21.625 - **END**
8005:123145353711616::Thread-10 2020-08-09 19:00:26.811 - **END**