8002:123145879535616::Thread-135 2020-08-09 18:59:32.352 - **START**
8006:123145879535616::Thread-135 2020-08-09 18:59:32.413 - **START**
8006:123145879535616::Thread-135 2020-08-09 18:59:33.072 - Starting new HTTPS connection (1): en.wikipedia.org
8004:123145879535616::Thread-135 2020-08-09 18:59:33.213 - **START**
8002:123145879535616::Thread-135 2020-08-09 18:59:33.383 - Starting new HTTPS connection (1): en.wikipedia.org
8004:123145879535616::Thread-135 2020-08-09 18:59:34.111 - Starting new HTTPS connection (1): en.wikipedia.org
8002:123145879535616::Thread-135 2020-08-09 18:59:36.199 - Pink Floyd were an English rock band formed in London in 1965.
8005:123145879535616::Thread-135 2020-08-09 18:59:36.211 - **START**
8003:123145879535616::Thread-135 2020-08-09 18:59:36.268 - **START**
8003:123145879535616::Thread-135 2020-08-09 18:59:36.593 - Starting new HTTPS connection (1): en.wikipedia.org
8002:123145879535616::Thread-135 2020-08-09 18:59:37.142 - Gaining a following as a psychedelic pop group, they were distinguished for their extended compositions, sonic experimentation, philosophical lyrics and elaborate live shows, and became a leading band of the progressive rock genre.
8004:123145879535616::Thread-135 2020-08-09 18:59:37.221 - Big Ben is the nickname for the Great Bell of the striking clock at the north end of the Palace of Westminster in London and is usually extended to refer to both the clock and the clock tower.
8002:123145879535616::Thread-135 2020-08-09 18:59:37.231 - They are one of the most commercially successful and influential bands in popular music history.
8002:123145879535616::Thread-135 2020-08-09 18:59:37.773 - Pink Floyd were founded by students Syd Barrett (guitar, lead vocals), Nick Mason (drums), Roger Waters (bass guitar, vocals), and Richard Wright (keyboards, vocals).
8004:123145879535616::Thread-135 2020-08-09 18:59:38.203 - The official name of the tower in which Big Ben is located was originally the Clock Tower; it was renamed Elizabeth Tower in 2012 to mark the Diamond Jubilee of Elizabeth II, Queen of the United Kingdom.
8005:123145879535616::Thread-135 2020-08-09 18:59:38.07 - Starting new HTTPS connection (1): en.wikipedia.org
8006:123145879535616::Thread-135 2020-08-09 18:59:38.294 - Barcelona ( BAR-sə-LOH-nə, Catalan: [bəɾsəˈlonə], Spanish: [baɾθeˈlona]) is a city on the coast of northeastern Spain.
8002:123145879535616::Thread-135 2020-08-09 18:59:38.623 - Under Barrett's leadership, they released two charting singles and a successful debut album, The Piper at the Gates of Dawn (1967).
8004:123145879535616::Thread-135 2020-08-09 18:59:39.124 - The tower was designed by Augustus Pugin in a neo-Gothic style.
8002:123145879535616::Thread-135 2020-08-09 18:59:39.361 - Guitarist and vocalist David Gilmour joined in December 1967; Barrett left in April 1968 due to deteriorating mental health.
8006:123145879535616::Thread-135 2020-08-09 18:59:39.751 - It is the capital and largest city of the autonomous community of Catalonia, as well as the second most populous municipality of Spain.
8002:123145879535616::Thread-135 2020-08-09 18:59:40.049 - Waters became the primary lyricist and thematic leader, devising the concepts behind the albums The Dark Side of the Moon (1973), Wish You Were Here (1975), Animals (1977), The Wall (1979), and The Final Cut (1983).
8004:123145879535616::Thread-135 2020-08-09 18:59:40.066 - When completed in 1859, its clock was the largest and most accurate four-faced striking and chiming clock in the world.
8003:123145879535616::Thread-135 2020-08-09 18:59:40.51 - Human penises vary in size on a number of measures, including length and circumference when flaccid and erect.
8004:123145879535616::Thread-135 2020-08-09 18:59:40.763 - The tower stands 315 feet (96 m) tall, and the climb from ground level to the belfry is 334 steps.
8004:123145879535616::Thread-135 2020-08-09 18:59:40.812 - Its base is square, measuring 39 feet (12 m) on each side.
8002:123145879535616::Thread-135 2020-08-09 18:59:40.842 - The band also composed several film scores.
8002:123145879535616::Thread-135 2020-08-09 18:59:41.005 - Following personal tensions, Wright left Pink Floyd in 1979, followed by Waters in 1985.
8004:123145879535616::Thread-135 2020-08-09 18:59:41.204 - Dials of the clock are 23 feet (7.0 m) in diameter.
8002:123145879535616::Thread-135 2020-08-09 18:59:41.404 - Gilmour and Mason continued as Pink Floyd, rejoined later by Wright.
8004:123145879535616::Thread-135 2020-08-09 18:59:41.657 - On 31 May 2009, celebrations were held to mark the tower's 150th anniversary.Big Ben is the largest of the tower's five bells and weighs 13.5 long tons (13.7 tonnes; 15.1 short tons).
8005:123145879535616::Thread-135 2020-08-09 18:59:41.698 - The Palace of Versailles ( vair-SY, vur-SY; French: Château de Versailles [ʃɑto d(ə) vɛʁsɑj] (listen)) was the principal royal residence of France from 1682, under Louis XIV, until the start of the French Revolution in 1789, under Louis XVI.
8003:123145879535616::Thread-135 2020-08-09 18:59:42.088 - Besides the natural variability of human penises in general, there are factors that lead to minor variations in a particular male, such as the level of arousal, time of day, room temperature, and frequency of sexual activity.
8004:123145879535616::Thread-135 2020-08-09 18:59:42.32 - It was the largest bell in the United Kingdom for 23 years.
8004:123145879535616::Thread-135 2020-08-09 18:59:42.427 - The origin of the bell's nickname is open to question; it may be named after Sir Benjamin Hall, who oversaw its installation, or heavyweight boxing champion Benjamin Caunt.
8006:123145879535616::Thread-135 2020-08-09 18:59:42.47 - With a population of 1.6 million within city limits, its urban area extends to numerous neighbouring municipalities within the Province of Barcelona and is home to around 4.8 million people, making it the fifth most populous urban area in the European Union after Paris, the Ruhr area, Madrid, and Milan.
8006:123145879535616::Thread-135 2020-08-09 18:59:43.158 - It is one of the largest metropolises on the Mediterranean Sea, located on the coast between the mouths of the rivers Llobregat and Besòs, and bounded to the west by the Serra de Collserola mountain range, the tallest peak of which is 512 metres (1,680 feet) high.
8005:123145879535616::Thread-135 2020-08-09 18:59:43.599 - It is located in the department of Yvelines, in the region of Île-de-France, about 20 kilometres (12 miles) southwest of the centre of Paris.A simple hunting lodging and later a small château with a moat occupied the site until 1661, when the first work expanding the château into a palace was carried out for Louis XIV.
8003:123145879535616::Thread-135 2020-08-09 18:59:43.759 - Compared to other primates, including large examples such as the gorilla, the human penis is thickest, both in absolute terms and relative to the rest of the body.
8003:123145879535616::Thread-135 2020-08-09 18:59:44.808 - Measurements vary, with studies that rely on self-measurement reporting a significantly higher average than those with a health professional measuring.
8005:123145879535616::Thread-135 2020-08-09 18:59:44.996 - In 1682, when the palace had become large enough, the king moved the entire royal court and the French government to Versailles.
8003:123145879535616::Thread-135 2020-08-09 18:59:45.478 - As of 2015, a systematic review of 15,521 men, and the best research to date on the topic, as the subjects were measured by health professionals, rather than self-measured, has concluded that the average length of an erect human penis is 13.12 cm (5.17 inches) long, while the average circumference of an erect human penis is 11.66 cm (4.59 inches).
8005:123145879535616::Thread-135 2020-08-09 18:59:45.502 - Some of the palace furniture at this time was constructed of solid silver, but in 1689 much of it was melted down to pay for the cost of war.
8006:123145879535616::Thread-135 2020-08-09 18:59:46.014 - Founded as a Roman city, in the Middle Ages Barcelona became the capital of the County of Barcelona.
8005:123145879535616::Thread-135 2020-08-09 18:59:46.024 - Subsequent rulers mostly carried out interior remodeling, to meet the demands of changing taste, although Louis XV did install an opera house at the north end of the north wing for the wedding of the Dauphin and Marie Antoinette in 1770.
8003:123145879535616::Thread-135 2020-08-09 18:59:46.558 - Flaccid penis length can sometimes be a poor predictor of erect length.
8005:123145879535616::Thread-135 2020-08-09 18:59:46.698 - The palace has also been a site of historical importance.
8005:123145879535616::Thread-135 2020-08-09 18:59:46.731 - The Peace of Paris (1783) was signed at Versailles, the Proclamation of the German Empire occurred in the vaunted Hall of Mirrors, and World War I was ended in the palace with the Treaty of Versailles, among many other events.
8005:123145879535616::Thread-135 2020-08-09 18:59:46.867 - The palace is now a historical monument and UNESCO World Heritage site, notable especially for the ceremonial Hall of Mirrors, the jewel-like Royal Opera, and the royal apartments; for the more intimate royal residences, the Grand Trianon and Petit Trianon located within the park; the small rustic Hameau (Hamlet) created for Marie Antoinette; and the vast Gardens of Versailles with fountains, canals, and geometric flower beds and groves, laid out by André le Nôtre.
8003:123145879535616::Thread-135 2020-08-09 18:59:47.952 - Most human penis growth occurs between infancy and the age of five, and between about one year after the onset of puberty and, at latest, approximately 17 years of age.A statistically significant correlation between penis size and the size of other body parts has not been found in research.
8005:123145879535616::Thread-135 2020-08-09 18:59:48.163 - The Palace was stripped of all its furnishings after the French Revolution, but many pieces have been returned and many of the palace rooms have been restored.
8003:123145879535616::Thread-135 2020-08-09 18:59:48.206 - Some environmental factors in addition to genetics, such as the presence of endocrine disruptors, can affect penis growth.
8006:123145879535616::Thread-135 2020-08-09 18:59:48.361 - After merging with the Kingdom of Aragon, Barcelona continued to be an important city in the Crown of Aragon as an economic and administrative centre of this Crown and the capital of the Principality of Catalonia.
8002:123145879535616::Thread-135 2020-08-09 18:59:48.408 - **END**
8005:123145879535616::Thread-135 2020-08-09 18:59:49.237 - In 2017 the Palace of Versailles received 7,700,000 visitors, making it the second-most visited monument in the Île-de-France region, just behind the Louvre and ahead of the Eiffel Tower.
8003:123145879535616::Thread-135 2020-08-09 18:59:49.947 - An adult penis with an erect length of less than 7 cm (2.8 in), but otherwise formed normally, is referred to in medicine as a micropenis.
8003:123145879535616::Thread-135 2020-08-09 18:59:49.982 - Studies

While results vary slightly across reputable studies, the consensus is that the mean human penis, when erect, is in the range 12.9–15 cm (5.1–5.9 in) in length.A 2015 systematic review published by Veale et al.
8006:123145879535616::Thread-135 2020-08-09 18:59:50.32 - Barcelona has a rich cultural heritage and is today an important cultural centre and a major tourist destination.
8004:123145879535616::Thread-135 2020-08-09 18:59:50.431 - **END**
8005:123145879535616::Thread-135 2020-08-09 18:59:51.063 - History


The hunting lodge and château of Louis XIII
 
The site of the Palace was first occupied by a small village and church, surrounded by forests filled with abundant game.
8005:123145879535616::Thread-135 2020-08-09 18:59:51.606 - It was owned by the Gondi family and the priory of Saint Julian.
8004:123145879535616::Thread-135 2020-08-09 18:59:52.433 - **START**
8004:123145879535616::Thread-135 2020-08-09 18:59:52.44 - Starting new HTTPS connection (1): en.wikipedia.org
8006:123145879535616::Thread-135 2020-08-09 18:59:52.969 - Particularly renowned are the architectural works of Antoni Gaudí and Lluís Domènech i Montaner, which have been designated UNESCO World Heritage Sites.
8006:123145879535616::Thread-135 2020-08-09 18:59:53.622 - Since 1450, it is home to the University of Barcelona.
8004:123145879535616::Thread-135 2020-08-09 18:59:54.083 - Mackenzie Christine Foy (born November 10, 2000) is an American actress and model.
8005:123145879535616::Thread-135 2020-08-09 18:59:54.61 - **END**
8004:123145879535616::Thread-135 2020-08-09 18:59:54.782 - She is known for portraying Renesmee Cullen in the 2012 film The Twilight Saga: Breaking Dawn – Part 2, which earned her a Young Artist Award nomination as Best Supporting Young Actress in a Feature Film; as the young Murphy in the 2014 space epic Interstellar, for which she received a Saturn Award for Best Performance by a Younger Actor among other awards nominations; and as Clara in Disney's The Nutcracker and the Four Realms.
8003:123145879535616::Thread-135 2020-08-09 18:59:54.987 - **END**
8006:123145879535616::Thread-135 2020-08-09 18:59:55.131 - The headquarters of the Union for the Mediterranean are located in Barcelona.
8006:123145879535616::Thread-135 2020-08-09 18:59:55.132 - **END**
8004:123145879535616::Thread-135 2020-08-09 18:59:55.551 - Early life
Foy was born on November 10, 2000.
8004:123145879535616::Thread-135 2020-08-09 18:59:56.541 - She was born and raised in Los Angeles.
8004:123145879535616::Thread-135 2020-08-09 18:59:58.021 - Her father, a truck driver, and mother, a homemaker, had no connections to the film industry.
8004:123145879535616::Thread-135 2020-08-09 18:59:58.676 - Foy began modeling at age 3, and started acting at age 9.
8004:123145879535616::Thread-135 2020-08-09 18:59:58.914 - Career
Foy began modeling in print ads in 2004, working for Garnet Hill, Polo Ralph Lauren and Guess.
8004:123145879535616::Thread-135 2020-08-09 18:59:59.62 - From there, she modeled for companies such as The Walt Disney Company, Mattel and Gap.Foy's acting career began when she was nine years old, when she guest-starred in television shows such as 'Til Death, FlashForward and Hawaii Five-0.
8002:123145879535616::Thread-135 2020-08-09 19:00:00.412 - **START**
8002:123145879535616::Thread-135 2020-08-09 19:00:00.468 - Starting new HTTPS connection (1): en.wikipedia.org
8005:123145879535616::Thread-135 2020-08-09 19:00:00.622 - **START**
8005:123145879535616::Thread-135 2020-08-09 19:00:00.737 - Starting new HTTPS connection (1): en.wikipedia.org
8004:123145879535616::Thread-135 2020-08-09 19:00:00.782 - In 2010, she was cast as Renesmee Cullen in the film adaptation of Stephenie Meyer's book Breaking Dawn, the fourth and final novel in the Twilight saga series.
8003:123145879535616::Thread-135 2020-08-09 19:00:00.991 - **START**
8004:123145879535616::Thread-135 2020-08-09 19:00:01.007 - The first movie, The Twilight Saga: Breaking Dawn – Part 1, in which Renesmee is shown only in a flash forward, was released on November 18, 2011, while the second, The Twilight Saga: Breaking Dawn – Part 2, on November 16, 2012.
8003:123145879535616::Thread-135 2020-08-09 19:00:01.011 - Starting new HTTPS connection (1): en.wikipedia.org
8003:123145879535616::Thread-135 2020-08-09 19:00:02.459 - Germany (German: Deutschland, German pronunciation: [ˈdɔʏtʃlant]), officially the Federal Republic of Germany (German: Bundesrepublik Deutschland, listen), is a country in Central and Western Europe.
8005:123145879535616::Thread-135 2020-08-09 19:00:02.867 - The rising average temperature of Earth's climate system, called global warming, is driving changes in rainfall patterns, extreme weather, arrival of seasons, and more.
8003:123145879535616::Thread-135 2020-08-09 19:00:02.987 - Covering an area of 357,022 square kilometres (137,847 sq mi), it lies between the Baltic and North seas to the north, and the Alps to the south.
8005:123145879535616::Thread-135 2020-08-09 19:00:03.05 - Collectively, global warming and its effects are known as climate change.
8005:123145879535616::Thread-135 2020-08-09 19:00:03.352 - While there have been prehistoric periods of global warming, observed changes since the mid-20th century have been unprecedented in rate and scale.
8005:123145879535616::Thread-135 2020-08-09 19:00:04.216 - The Intergovernmental Panel on Climate Change (IPCC) concluded that "human influence on climate has been the dominant cause of observed warming since the mid-20th century".
8002:123145879535616::Thread-135 2020-08-09 19:00:04.218 - Heather Renée Sweet (born September 28, 1972), known professionally as Dita Von Teese, is an American vedette, burlesque dancer, model, businesswoman, fashion designer, singer, actress, and author.
8005:123145879535616::Thread-135 2020-08-09 19:00:04.353 - These findings have been recognized by the national science academies of major nations and are not disputed by any scientific body of national or international standing.
8005:123145879535616::Thread-135 2020-08-09 19:00:04.663 - The largest human influence has been the emission of greenhouse gases, with over 90% of the impact from carbon dioxide and methane.
8002:123145879535616::Thread-135 2020-08-09 19:00:04.663 - She is credited with re-popularizing burlesque performance, earning the moniker "Queen of Burlesque".
8003:123145879535616::Thread-135 2020-08-09 19:00:04.905 - It borders Denmark to the north, Poland and the Czech Republic to the east, Austria and Switzerland to the south, and France, Luxembourg, Belgium, and the Netherlands to the west.
8005:123145879535616::Thread-135 2020-08-09 19:00:05.314 - Fossil fuel burning is the principal source of these gases, with agricultural emissions and deforestation also playing significant roles.
8005:123145879535616::Thread-135 2020-08-09 19:00:05.671 - Temperature rise is enhanced by self-reinforcing climate feedbacks, such as loss of snow cover, increased water vapour, and melting permafrost.
8002:123145879535616::Thread-135 2020-08-09 19:00:06.128 - Early life
Von Teese was born in Rochester, Michigan, the second of three daughters.
8003:123145879535616::Thread-135 2020-08-09 19:00:06.138 - Various Germanic tribes have inhabited the northern parts of modern Germany since classical antiquity.
8005:123145879535616::Thread-135 2020-08-09 19:00:06.503 - Land surfaces are heating faster than the ocean surface, leading to heat waves, wildfires, and the expansion of deserts.
8005:123145879535616::Thread-135 2020-08-09 19:00:07.198 - Increasing atmospheric energy and rates of evaporation are causing more intense storms and weather extremes, damaging infrastructure and agriculture.
8002:123145879535616::Thread-135 2020-08-09 19:00:08.039 - When describing her hometown, Dita says, "It's a universe away from the colored klieg lights of Hollywood and Paris.
8003:123145879535616::Thread-135 2020-08-09 19:00:08.123 - A region named Germania was documented before AD 100.
8005:123145879535616::Thread-135 2020-08-09 19:00:08.2 - **END**
8002:123145879535616::Thread-135 2020-08-09 19:00:08.702 - But on weekend afternoons, my mom and I had a front seat on a rocket ship to those faraway worlds by way of the old movies starring the most glamorous creatures --Betty Grable, Mae West, Carmen Miranda, Marlene Dietrich...They were our muses."
8003:123145879535616::Thread-135 2020-08-09 19:00:08.992 - Beginning in the 10th century, German territories formed a central part of the Holy Roman Empire.
8003:123145879535616::Thread-135 2020-08-09 19:00:09.125 - During the 16th century, northern German regions became the centre of the Protestant Reformation.
8004:123145879535616::Thread-135 2020-08-09 19:00:10.011 - **END**
8006:123145879535616::Thread-135 2020-08-09 19:00:10.133 - **START**
8006:123145879535616::Thread-135 2020-08-09 19:00:10.137 - Starting new HTTPS connection (1): en.wikipedia.org
8002:123145879535616::Thread-135 2020-08-09 19:00:10.16 - Her father was a machinist and her mother a manicurist.
8003:123145879535616::Thread-135 2020-08-09 19:00:10.736 - Following the Napoleonic Wars and the dissolution of the Holy Roman Empire in 1806, the German Confederation was formed in 1815.
8003:123145879535616::Thread-135 2020-08-09 19:00:10.999 - In 1871, Germany became a nation state when most of the German states unified into the Prussian-dominated German Empire.
8006:123145879535616::Thread-135 2020-08-09 19:00:11.352 - Films generate income from several revenue streams, including theatrical exhibition, home video, television broadcast rights, and merchandising.
8006:123145879535616::Thread-135 2020-08-09 19:00:11.658 - However, theatrical box office earnings are the primary metric for trade publications in assessing the success of a film, mostly because of the availability of the data compared to sales figures for home video and broadcast rights, but also because of historical practice.
8002:123145879535616::Thread-135 2020-08-09 19:00:11.99 - She is of English, Scottish, Armenian, and German heritage.
8006:123145879535616::Thread-135 2020-08-09 19:00:12.011 - Included on the list are charts of the top box office earners (ranked by both the nominal and real value of their revenue), a chart of high-grossing films by calendar year, a timeline showing the transition of the highest-grossing film record, and a chart of the highest-grossing film franchises and series.
8006:123145879535616::Thread-135 2020-08-09 19:00:12.119 - All charts are ranked by international theatrical box office performance where possible, excluding income derived from home video, broadcasting rights, and merchandise.
8003:123145879535616::Thread-135 2020-08-09 19:00:12.191 - After World War I and the German Revolution of 1918–1919, the Empire was replaced by the semi-presidential Weimar Republic.
8006:123145879535616::Thread-135 2020-08-09 19:00:12.569 - Traditionally, war films, musicals, and historical dramas have been the most popular genres, but franchise films have been among the best performers in the 21st century.
8002:123145879535616::Thread-135 2020-08-09 19:00:12.673 - Dita has stated that one of her grandmothers was half-Armenian and adopted into an Anglo-Saxon American family.
8006:123145879535616::Thread-135 2020-08-09 19:00:12.862 - There is strong interest in the superhero genre, with nine films in the Marvel Cinematic Universe featuring among the nominal top-earners.
8006:123145879535616::Thread-135 2020-08-09 19:00:13.449 - The most successful superhero film, Avengers: Endgame, is also the highest-grossing film overall on the nominal earnings chart, and there are four films in total based on the Avengers comic books charting in the top twenty.
8006:123145879535616::Thread-135 2020-08-09 19:00:14.166 - Other Marvel Comics adaptations have also had success with the Spider-Man and X-Men properties, while films based on Batman and Superman from DC Comics have generally performed well.
8002:123145879535616::Thread-135 2020-08-09 19:00:14.424 - Von Teese is known for her fascination with 1940s cinema and classic vintage style.
8006:123145879535616::Thread-135 2020-08-09 19:00:15.058 - Star Wars is also represented in the nominal earnings chart with five films, while the Harry Potter, Jurassic Park and Pirates of the Caribbean franchises feature prominently.
8006:123145879535616::Thread-135 2020-08-09 19:00:15.61 - Avatar, in second place on the nominal chart, is the highest-grossing film that is not a sequel or an adaptation of a pre-existing property.
8002:123145879535616::Thread-135 2020-08-09 19:00:15.755 - This began at a young age and was fostered by her mother, who would buy clothes for her daughter to dress up.
8002:123145879535616::Thread-135 2020-08-09 19:00:17.199 - Her mother was a fan of old, Golden Age-era Hollywood films, and from her Von Teese developed a fascination with the actresses of that day, especially Betty Grable.
8006:123145879535616::Thread-135 2020-08-09 19:00:17.616 - **END**
8003:123145879535616::Thread-135 2020-08-09 19:00:19.194 - **END**
8002:123145879535616::Thread-135 2020-08-09 19:00:26.202 - **END**