8003:123146035179520::Thread-172 2020-08-09 18:59:30.273 - **START**
8002:123146035179520::Thread-172 2020-08-09 18:59:30.47 - **START**
8003:123146035179520::Thread-172 2020-08-09 18:59:31.135 - Starting new HTTPS connection (1): en.wikipedia.org
8002:123146035179520::Thread-172 2020-08-09 18:59:31.768 - Starting new HTTPS connection (1): en.wikipedia.org
8005:123146035179520::Thread-172 2020-08-09 18:59:32.226 - **START**
8006:123146035179520::Thread-172 2020-08-09 18:59:32.428 - **START**
8003:123146035179520::Thread-172 2020-08-09 18:59:32.756 - The Buddha (also known as Siddhattha Gotama or Siddhārtha Gautama) was a philosopher, mendicant, meditator, spiritual teacher, and religious leader who lived in Ancient India (c. 5th to 4th century BCE).
8003:123146035179520::Thread-172 2020-08-09 18:59:32.928 - He is revered as the founder of the world religion of Buddhism.
8003:123146035179520::Thread-172 2020-08-09 18:59:33.041 - He taught for around 45 years and built a large following, both monastic and lay.
8006:123146035179520::Thread-172 2020-08-09 18:59:33.072 - Starting new HTTPS connection (1): en.wikipedia.org
8005:123146035179520::Thread-172 2020-08-09 18:59:33.11 - Starting new HTTPS connection (1): en.wikipedia.org
8003:123146035179520::Thread-172 2020-08-09 18:59:33.995 - His teaching is based on his insight into duḥkha (typically translated as "suffering") and the end of dukkha – the state called Nibbāna or Nirvana.
8003:123146035179520::Thread-172 2020-08-09 18:59:34.317 - The Buddha was born into an aristocratic family, in the Shakya clan but eventually renounced lay life.
8003:123146035179520::Thread-172 2020-08-09 18:59:34.968 - According to Buddhist tradition, after several years of mendicancy, meditation, and asceticism, he awakened to understand the mechanism which keeps people trapped in the cycle of rebirth.
8006:123146035179520::Thread-172 2020-08-09 18:59:35.788 - Indonesia ( (listen) IN-də-NEE-zhə), officially the Republic of Indonesia (Indonesian: Republik Indonesia [reˈpublik ɪndoˈnesia] (listen)), is a country in Southeast Asia and Oceania, between the Indian and Pacific oceans.
8003:123146035179520::Thread-172 2020-08-09 18:59:35.863 - The Buddha then traveled throughout the Ganges plain teaching and building a religious community.
8003:123146035179520::Thread-172 2020-08-09 18:59:36.039 - The Buddha taught a middle way between sensual indulgence and the severe asceticism found in the Indian śramaṇa movement.
8006:123146035179520::Thread-172 2020-08-09 18:59:36.088 - It consists of more than seventeen thousand islands, including Sumatra, Java, Borneo (Kalimantan), Sulawesi, and New Guinea (Papua).
8002:123146035179520::Thread-172 2020-08-09 18:59:36.282 - Janine Marie Lindemulder (born November 14, 1968), also known as Janine Marie James, is an American exotic dancer and adult film actress, best known for her work in American pornographic films (typically credited as just Janine) during the mid-1990s and since a 2004 comeback.
8006:123146035179520::Thread-172 2020-08-09 18:59:36.476 - Indonesia is the world's largest island country and the 14th largest country by land area, at 1,904,569 square kilometres (735,358 square miles).
8003:123146035179520::Thread-172 2020-08-09 18:59:37.112 - He taught a spiritual path that included ethical training and meditative practices such as jhana and mindfulness.
8006:123146035179520::Thread-172 2020-08-09 18:59:37.266 - With over 267 million people, it is the world's 4th most populous country as well as the most populous Muslim-majority country.
8002:123146035179520::Thread-172 2020-08-09 18:59:37.77 - Lindemulder has appeared in several music videos for bands including Blink-182 as well as appearing on the cover of their 1999 album Enema of the State.
8002:123146035179520::Thread-172 2020-08-09 18:59:38.25 - Early career
Janine Lindemulder modeled for Penthouse magazine, making her first appearance in the December 1987 issue, as the Pet of the Month.
8006:123146035179520::Thread-172 2020-08-09 18:59:38.29 - Java, the world's most populous island, is home to more than half of the country's population.
8006:123146035179520::Thread-172 2020-08-09 18:59:38.936 - The sovereign state is a presidential, constitutional republic with an elected legislature.
8004:123146035179520::Thread-172 2020-08-09 18:59:39.248 - **START**
8006:123146035179520::Thread-172 2020-08-09 18:59:39.597 - It has 34 provinces, of which five have special status.
8002:123146035179520::Thread-172 2020-08-09 18:59:40.101 - She appeared several more times in Penthouse over the next ten years, and was chosen as Pet of the Year Runner-Up for 1990.Lindemulder's first cinematic role came in the 1988 Italian film Bersaglio sull'autostrada, known as Moving Target in English-speaking countries.
8002:123146035179520::Thread-172 2020-08-09 18:59:40.173 - She was credited as Janine Linde.
8005:123146035179520::Thread-172 2020-08-09 18:59:40.252 - The British Museum, in the Bloomsbury area of London, United Kingdom, is a public institution dedicated to human history, art and culture.
8006:123146035179520::Thread-172 2020-08-09 18:59:40.568 - The country's capital, Jakarta, is the second-most populous urban area in the world.
8006:123146035179520::Thread-172 2020-08-09 18:59:40.803 - The country shares land borders with Papua New Guinea, East Timor, and the eastern part of Malaysia.
8006:123146035179520::Thread-172 2020-08-09 18:59:40.816 - Other neighbouring countries include Singapore, Vietnam, the Philippines, Australia, Palau, and India's Andaman and Nicobar Islands.
8004:123146035179520::Thread-172 2020-08-09 18:59:41.026 - Starting new HTTPS connection (1): en.wikipedia.org
8002:123146035179520::Thread-172 2020-08-09 18:59:41.226 - She went on to act in other lower-tier mainstream films, including Spring Break USA and Caged Fury.
8005:123146035179520::Thread-172 2020-08-09 18:59:41.271 - Its permanent collection of some eight million works is among the largest and most comprehensive in existence, having been widely sourced during the era of the British Empire.
8002:123146035179520::Thread-172 2020-08-09 18:59:41.767 - Adult film career
Lindemulder made her adult film debut in the 1992 feature Andrew Blake's Hidden Obsessions.
8005:123146035179520::Thread-172 2020-08-09 18:59:42.256 - It documents the story of human culture from its beginnings to the present.
8002:123146035179520::Thread-172 2020-08-09 18:59:43.456 - She was featured in two more adult movies before joining Vivid Video as an exclusive "contract girl" (who are collectively referred to as the Vivid Girls).
8002:123146035179520::Thread-172 2020-08-09 18:59:43.597 - Her first Vivid release was titled Parlor Games.
8005:123146035179520::Thread-172 2020-08-09 18:59:43.659 - It was the first public national museum in the world.The British Museum was established in 1753, largely based on the collections of the Irish physician and scientist Sir Hans Sloane.
8002:123146035179520::Thread-172 2020-08-09 18:59:45.342 - Lindemulder subsequently appeared featured in over fifty other Vivid titles.
8006:123146035179520::Thread-172 2020-08-09 18:59:45.826 - **END**
8003:123146035179520::Thread-172 2020-08-09 18:59:46.124 - **END**
8004:123146035179520::Thread-172 2020-08-09 18:59:46.133 - Inferno (Italian: [iɱˈfɛrno]; Italian for "Hell") is the first part of Italian writer Dante Alighieri's 14th-century epic poem Divine Comedy.
8005:123146035179520::Thread-172 2020-08-09 18:59:46.161 - It first opened to the public in 1759, in Montagu House, on the site of the current building.
8004:123146035179520::Thread-172 2020-08-09 18:59:46.455 - It is followed by Purgatorio and Paradiso.
8005:123146035179520::Thread-172 2020-08-09 18:59:47.034 - Its expansion over the following 250 years was largely a result of expanding British colonisation and has resulted in the creation of several branch institutions, the first being the Natural History Museum in 1881.
8004:123146035179520::Thread-172 2020-08-09 18:59:47.365 - The Inferno tells the journey of Dante through Hell, guided by the ancient Roman poet Virgil.
8004:123146035179520::Thread-172 2020-08-09 18:59:47.634 - In the poem, Hell is depicted as nine concentric circles of torment located within the Earth; it is the "realm ... of those who have rejected spiritual values by yielding to bestial appetites or violence, or by perverting their human intellect to fraud or malice against their fellowmen".
8004:123146035179520::Thread-172 2020-08-09 18:59:47.652 - As an allegory, the Divine Comedy represents the journey of the soul toward God, with the Inferno describing the recognition and rejection of sin.
8004:123146035179520::Thread-172 2020-08-09 18:59:47.755 - Introduction


Cantos I–II

Canto I

The poem begins on the night of Maundy Thursday on March 24 (or April 7), AD 1300, shortly before dawn of Good Friday.
8004:123146035179520::Thread-172 2020-08-09 18:59:47.994 - The narrator, Dante himself, is thirty-five years old, and thus "midway in the journey of our life" (Nel mezzo del cammin di nostra vita) – half of the Biblical lifespan of seventy (Psalm 89:10, Vulgate; Psalm 90:10, KJV).
8004:123146035179520::Thread-172 2020-08-09 18:59:48.986 - The poet finds himself lost in a dark wood (selva oscura), astray from the "straight way" (diritta via, also translatable as "right way") of salvation.
8005:123146035179520::Thread-172 2020-08-09 18:59:49.286 - In 1973, the British Library Act 1972 detached the library department from the British Museum, but it continued to host the now separated British Library in the same Reading Room and building as the museum until 1997.
8002:123146035179520::Thread-172 2020-08-09 18:59:49.343 - **END**
8005:123146035179520::Thread-172 2020-08-09 18:59:49.7 - The museum is a non-departmental public body sponsored by the Department for Digital, Culture, Media and Sport, and as with all national museums in the UK it charges no admission fee, except for loan exhibitions.Its ownership of some of its most famous objects originating in other countries is disputed and remains the subject of international controversy, most notably in the case of the Elgin Marbles of Greece and the Rosetta Stone of Egypt.
8005:123146035179520::Thread-172 2020-08-09 18:59:49.992 - History


Sir Hans Sloane

Although today principally a museum of cultural art objects and antiquities, the British Museum was founded as a "universal museum".
8004:123146035179520::Thread-172 2020-08-09 18:59:50.287 - He sets out to climb directly up a small mountain, but his way is blocked by three beasts he cannot evade: a lonza (usually rendered as "leopard" or "leopon"), a leone (lion), and a lupa (she-wolf).
8006:123146035179520::Thread-172 2020-08-09 18:59:50.831 - **START**
8006:123146035179520::Thread-172 2020-08-09 18:59:50.835 - Starting new HTTPS connection (1): en.wikipedia.org
8005:123146035179520::Thread-172 2020-08-09 18:59:52.645 - Its foundations lie in the will of the Irish physician and naturalist Sir Hans Sloane (1660–1753), a London-based doctor and scientist from Ulster.
8006:123146035179520::Thread-172 2020-08-09 18:59:53.575 - Gillette Stadium is a stadium in the northeastern United States, located in Foxborough, Massachusetts, 28 miles (45 km) southwest of downtown Boston and 20 miles (32 km) northeast of downtown Providence, Rhode Island.
8004:123146035179520::Thread-172 2020-08-09 18:59:54.289 - **END**
8005:123146035179520::Thread-172 2020-08-09 18:59:55.65 - **END**
8006:123146035179520::Thread-172 2020-08-09 18:59:55.948 - It opened 18 years ago in 2002, replacing the adjacent Foxboro Stadium.
8003:123146035179520::Thread-172 2020-08-09 18:59:56.13 - **START**
8003:123146035179520::Thread-172 2020-08-09 18:59:56.139 - Starting new HTTPS connection (1): en.wikipedia.org
8006:123146035179520::Thread-172 2020-08-09 18:59:56.321 - The seating capacity is 65,878, including 5,876 club seats and 89 luxury suites.
8006:123146035179520::Thread-172 2020-08-09 18:59:57.808 - It serves as the home stadium and administrative offices for both the New England Patriots of the National Football League (NFL) and the New England Revolution of Major League Soccer (MLS).
8003:123146035179520::Thread-172 2020-08-09 18:59:58.782 - The Spice Girls are an English pop girl group formed in 1994.
8006:123146035179520::Thread-172 2020-08-09 18:59:59.271 - It was also the home stadium for University of Massachusetts (UMass) Minutemen football in 2012 and 2013, while on-campus Warren McGuirk Alumni Stadium underwent renovations.
8006:123146035179520::Thread-172 2020-08-09 18:59:59.543 - It continued to serve as a part-time home venue for higher attendance UMass games through 2018.
8006:123146035179520::Thread-172 2020-08-09 19:00:00.357 - The stadium was originally known as CMGI Field before the naming rights were bought by Gillette after the "dot-com" bust.
8003:123146035179520::Thread-172 2020-08-09 19:00:00.56 - The group comprises Melanie Brown, also known as Mel B ("Scary Spice"), Melanie Chisholm, also known as Mel C ("Sporty Spice"), Emma Bunton ("Baby Spice"), Geri Halliwell ("Ginger Spice") and Victoria Beckham ("Posh Spice").
8003:123146035179520::Thread-172 2020-08-09 19:00:00.665 - They were signed to Virgin Records and released their debut single "Wannabe" in 1996; it hit number one in 37 countries and commenced their global success.
8003:123146035179520::Thread-172 2020-08-09 19:00:01.51 - Their debut album Spice sold more than 23 million copies worldwide, becoming the best-selling album by a female group in history.
8006:123146035179520::Thread-172 2020-08-09 19:00:01.598 - Although Gillette was acquired by Procter & Gamble (P&G) in 2005, the stadium retains the Gillette name.
8006:123146035179520::Thread-172 2020-08-09 19:00:01.898 - Gillette and the Patriots jointly announced in September 2010 that their partnership, which includes naming rights to the stadium, will extend through the 2031 season.
8002:123146035179520::Thread-172 2020-08-09 19:00:02.355 - **START**
8002:123146035179520::Thread-172 2020-08-09 19:00:02.657 - Starting new HTTPS connection (1): en.wikipedia.org
8006:123146035179520::Thread-172 2020-08-09 19:00:02.831 - Additionally, uBid (until April 2003 a wholly owned subsidiary of CMGI) as of 2009 continues to sponsor one of the main entrance gates to the stadium.
8003:123146035179520::Thread-172 2020-08-09 19:00:03.558 - Their follow-up album, Spiceworld sold over 13 million copies worldwide.
8002:123146035179520::Thread-172 2020-08-09 19:00:05.798 - Tokyo (; Japanese: 東京, Tōkyō [toːkʲoː] (listen)), officially Tokyo Metropolis (東京都, Tōkyō-to), is the capital and most populous prefecture of Japan.
8003:123146035179520::Thread-172 2020-08-09 19:00:06.405 - The Spice Girls have sold 85 million records worldwide, making them the best-selling girl group of all time, one of the best-selling pop groups of all time, and the biggest British pop success since the Beatles.
8003:123146035179520::Thread-172 2020-08-09 19:00:07.245 - Among the highest-profile acts in 1990s popular culture, Time called them "arguably the most recognizable face" of Cool Britannia, the mid-1990s celebration of youth culture in the UK.Measures of their success include international record sales, a 2007–2008 reunion tour, a 2019 reunion tour, vast merchandising enterprises, iconic symbolism such as Halliwell's Union Jack dress representing "girl power", and a film, Spice World.
8004:123146035179520::Thread-172 2020-08-09 19:00:07.292 - **START**
8004:123146035179520::Thread-172 2020-08-09 19:00:07.299 - Starting new HTTPS connection (1): en.wikipedia.org
8004:123146035179520::Thread-172 2020-08-09 19:00:07.89 - Plato ( PLAY-toe; Greek: Πλάτων Plátōn, pronounced [plá.tɔːn] in Classical Attic; 428/427 or 424/423 – 348/347 BC) was an Athenian philosopher during the Classical period in Ancient Greece, founder of the Platonist school of thought, and the Academy, the first institution of higher learning in the Western world.
8003:123146035179520::Thread-172 2020-08-09 19:00:08.76 - The group became one of the most successful marketing engines ever, earning up to $75 million per year, with their global gross income estimated at $500–800 million by May 1998.
8002:123146035179520::Thread-172 2020-08-09 19:00:08.795 - Located at the head of Tokyo Bay, the prefecture forms part of the Kantō region on the central Pacific coast of Japan's main island, Honshu.
8004:123146035179520::Thread-172 2020-08-09 19:00:08.87 - He is widely considered the pivotal figure in the history of Ancient Greek and Western philosophy, along with his teacher, Socrates, and his most famous student, Aristotle.
8002:123146035179520::Thread-172 2020-08-09 19:00:09.454 - Tokyo is the political and economic center of the country, as well as the seat of the Emperor of Japan and the national government.
8002:123146035179520::Thread-172 2020-08-09 19:00:09.854 - In 2019, the prefecture had an estimated population of 	13,929,280.
8004:123146035179520::Thread-172 2020-08-09 19:00:09.854 - Plato has also often been cited as one of the founders of Western religion and spirituality.
8004:123146035179520::Thread-172 2020-08-09 19:00:10.484 - The so-called Neoplatonism of philosophers like Plotinus and Porphyry influenced Saint Augustine and thus Christianity.
8005:123146035179520::Thread-172 2020-08-09 19:00:10.657 - **START**
8005:123146035179520::Thread-172 2020-08-09 19:00:10.662 - Starting new HTTPS connection (1): en.wikipedia.org
8003:123146035179520::Thread-172 2020-08-09 19:00:10.755 - Under the guidance of their mentor and manager Simon Fuller, the Spice Girls embraced merchandising and became a regular feature of the British and global press.
8004:123146035179520::Thread-172 2020-08-09 19:00:11.426 - Alfred North Whitehead once noted: "the safest general characterization of the European philosophical tradition is that it consists of a series of footnotes to Plato.
8006:123146035179520::Thread-172 2020-08-09 19:00:11.839 - **END**
8002:123146035179520::Thread-172 2020-08-09 19:00:11.892 - The Greater Tokyo Area is the most populous metropolitan area in the world, with more than 37.393 million residents as of 2020.Originally a fishing village named Edo, the city became a prominent political center in 1603, when it became the seat of the Tokugawa shogunate.
8005:123146035179520::Thread-172 2020-08-09 19:00:12.091 - Mariah Carey (born March 27, 1969 or 1970) is an American singer-songwriter, record producer, actress, entrepreneur, and philanthropist.
8004:123146035179520::Thread-172 2020-08-09 19:00:12.239 - "Plato was the innovator of the written dialogue and dialectic forms in philosophy.
8004:123146035179520::Thread-172 2020-08-09 19:00:12.569 - Plato is also considered the founder of Western political philosophy.
8004:123146035179520::Thread-172 2020-08-09 19:00:13.135 - His most famous contribution is the theory of Forms known by pure reason, in which Plato presents a solution to the problem of universals known as Platonism (also ambiguously called either Platonic realism or Platonic idealism).
8003:123146035179520::Thread-172 2020-08-09 19:00:13.16 - In 1996, Top of the Pops magazine gave each member of the group aliases, which were adopted by the group and media.
8004:123146035179520::Thread-172 2020-08-09 19:00:14.092 - He is also the namesake of Platonic love and the Platonic solids.
8002:123146035179520::Thread-172 2020-08-09 19:00:14.256 - By the mid-18th century, Edo was one of the most populous cities in the world, with a population numbering more than one million.
8005:123146035179520::Thread-172 2020-08-09 19:00:14.376 - She was signed to Columbia Records in 1988 and rose to fame after releasing her eponymous debut album two years later.
8004:123146035179520::Thread-172 2020-08-09 19:00:14.545 - His own most decisive philosophical influences are usually thought to have been along with Socrates, the pre-Socratics Pythagoras, Heraclitus and Parmenides, although few of his predecessors' works remain extant and much of what we know about these figures today derives from Plato himself.
8004:123146035179520::Thread-172 2020-08-09 19:00:14.65 - Unlike the work of nearly all of his contemporaries, Plato's entire body of work is believed to have survived intact for over 2,400 years.
8005:123146035179520::Thread-172 2020-08-09 19:00:14.982 - Carey is the first artist in history to have their first five singles become consecutive number one songs on the Billboard Hot 100 (from "Vision of Love" to "Emotions").
8002:123146035179520::Thread-172 2020-08-09 19:00:15.589 - Following the end of the shogunate in 1868, the imperial capital in Kyoto was moved to the city, which was renamed Tokyo (literally "eastern capital").
8002:123146035179520::Thread-172 2020-08-09 19:00:16.131 - Tokyo was devastated by the 1923 Great Kantō earthquake, and again by Allied bombing raids during World War II.
8002:123146035179520::Thread-172 2020-08-09 19:00:16.412 - Beginning in the 1950s, the city underwent rapid reconstruction and expansion, going on to lead Japan's post-war economic recovery.
8005:123146035179520::Thread-172 2020-08-09 19:00:17.524 - Renowned for her five-octave vocal range, melismatic singing style, and signature use of the whistle register, Carey is referred to as the "Songbird Supreme" by Guinness World Records.
8005:123146035179520::Thread-172 2020-08-09 19:00:18.237 - In 1993, Carey married Sony Music head Tommy Mottola.
8002:123146035179520::Thread-172 2020-08-09 19:00:18.976 - Since 1943, the Tokyo Metropolitan Government has administered the prefecture's 23 special wards (formerly Tokyo City), various bed towns in the western area, and two outlying island chains.
8004:123146035179520::Thread-172 2020-08-09 19:00:20.655 - **END**
8005:123146035179520::Thread-172 2020-08-09 19:00:20.91 - She achieved worldwide success with follow-up albums Music Box (1993), Merry Christmas (1994), and Daydream (1995).
8002:123146035179520::Thread-172 2020-08-09 19:00:21.001 - Tokyo is the largest urban economy in the world by gross domestic product, and is categorized as an Alpha+ city by the Globalization and World Cities Research Network.
8003:123146035179520::Thread-172 2020-08-09 19:00:22.162 - **END**
8005:123146035179520::Thread-172 2020-08-09 19:00:22.807 - These albums spawned some of Carey's most successful singles, including "Hero", "Without You", "All I Want for Christmas Is You", "Fantasy", "Always Be My Baby", as well as "One Sweet Day", which topped the US Billboard Hot 100 for 16 weeks and became Billboard's Song of the Decade (1990s Decade).
8005:123146035179520::Thread-172 2020-08-09 19:00:24.599 - After separating from Mottola, Carey adopted a new image and incorporated more elements of hip hop into her music with the release of Butterfly (1997) and Rainbow (1999).
8005:123146035179520::Thread-172 2020-08-09 19:00:26.224 - Billboard named her the country's most successful artist of the 1990s, while the World Music Awards honored her as the world's best-selling music artist of the 1990s, and the best-selling female artist of the millennium.
8005:123146035179520::Thread-172 2020-08-09 19:00:27.291 - After eleven consecutive years charting a US number-one single, Carey parted ways with Columbia in 2000 and signed a $100 million recording contract with Virgin Records.
8002:123146035179520::Thread-172 2020-08-09 19:00:30.004 - **END**
8005:123146035179520::Thread-172 2020-08-09 19:00:32.298 - **END**