8005:123145698652160::Thread-92 2020-08-09 18:59:34.284 - **START**
8003:123145698652160::Thread-92 2020-08-09 18:59:35.26 - **START**
8005:123145698652160::Thread-92 2020-08-09 18:59:36.043 - Starting new HTTPS connection (1): en.wikipedia.org
8004:123145698652160::Thread-92 2020-08-09 18:59:36.228 - **START**
8002:123145698652160::Thread-92 2020-08-09 18:59:36.345 - **START**
8003:123145698652160::Thread-92 2020-08-09 18:59:36.581 - Starting new HTTPS connection (1): en.wikipedia.org
8002:123145698652160::Thread-92 2020-08-09 18:59:36.991 - Starting new HTTPS connection (1): en.wikipedia.org
8006:123145698652160::Thread-92 2020-08-09 18:59:39.249 - **START**
8004:123145698652160::Thread-92 2020-08-09 18:59:39.677 - Starting new HTTPS connection (1): en.wikipedia.org
8005:123145698652160::Thread-92 2020-08-09 18:59:40.459 - Dubai ( doo-BY; Arabic: دبي‎, romanized: Dubayy [dʊˈbajj], Gulf Arabic pronunciation: [dəˈbaj]) is the most populous city in the United Arab Emirates (UAE) and the capital of the Emirate of Dubai.Located in the eastern part of the Arabian Peninsula on the coast of the Persian Gulf, Dubai aims to be the business hub of Western Asia.
8006:123145698652160::Thread-92 2020-08-09 18:59:40.796 - Starting new HTTPS connection (1): en.wikipedia.org
8003:123145698652160::Thread-92 2020-08-09 18:59:40.841 - Selena Marie Gomez (born July 22, 1992) is an American singer, songwriter, actress, and television producer.
8002:123145698652160::Thread-92 2020-08-09 18:59:41.566 - David Robert Jones (8 January 1947 – 10 January 2016), better known by his stage name David Bowie ( BOH-ee), was an English singer-songwriter and actor.
8002:123145698652160::Thread-92 2020-08-09 18:59:42.311 - He was a leading figure in the music industry and is regarded as one of the most influential musicians of the 20th century.
8005:123145698652160::Thread-92 2020-08-09 18:59:42.417 - It is also a major global transport hub for passengers and cargo.
8002:123145698652160::Thread-92 2020-08-09 18:59:42.481 - He was acclaimed by critics and musicians, particularly for his innovative work during the 1970s.
8006:123145698652160::Thread-92 2020-08-09 18:59:42.528 - Jacob Tremblay (; French: [tʁɑ̃blɛ]; born October 5, 2006) is a Canadian actor.
8003:123145698652160::Thread-92 2020-08-09 18:59:42.806 - Born and raised in Texas, Gomez began her career by appearing on the children's television series Barney & Friends (2002–2004).
8002:123145698652160::Thread-92 2020-08-09 18:59:42.881 - His career was marked by reinvention and visual presentation, with his music and stagecraft having a significant impact on popular music.
8006:123145698652160::Thread-92 2020-08-09 18:59:43.156 - His breakout performance was his starring role as Jack Newsome in Room (2015), for which he won the Critics' Choice Movie Award for Best Young Performer and the Canadian Screen Award for Best Actor, and was nominated for the Screen Actors Guild Award for Outstanding Performance by a Male Actor in a Supporting Role.
8002:123145698652160::Thread-92 2020-08-09 18:59:43.264 - During his lifetime, his record sales, estimated at over 100 million records worldwide, made him one of the best-selling music artists of all time.
8006:123145698652160::Thread-92 2020-08-09 18:59:43.376 - In 2017, he starred as August Pullman, a child with Treacher Collins syndrome, in the drama Wonder, and in 2019 he headlined the R-rated comedy film Good Boys.
8002:123145698652160::Thread-92 2020-08-09 18:59:43.617 - In the UK, he was awarded ten platinum album certifications, eleven gold and eight silver, and released eleven number-one albums.
8003:123145698652160::Thread-92 2020-08-09 18:59:43.842 - In her teens, she gained wider recognition for her role as Alex Russo on the Emmy Award-winning Disney Channel television series Wizards of Waverly Place (2007–2012).
8002:123145698652160::Thread-92 2020-08-09 18:59:43.855 - In the US, he received five platinum and nine gold certifications.
8002:123145698652160::Thread-92 2020-08-09 18:59:43.967 - He was inducted into the Rock and Roll Hall of Fame in 1996.
8006:123145698652160::Thread-92 2020-08-09 18:59:44.157 - Early life
Tremblay was born in Vancouver, British Columbia, Canada on October 5, 2006.
8004:123145698652160::Thread-92 2020-08-09 18:59:44.257 - London is the capital and largest city of England and the United Kingdom.
8002:123145698652160::Thread-92 2020-08-09 18:59:44.341 - Rolling Stone placed him among its list of the 100 Greatest Artists of All Time and following his death in 2016, Bowie was dubbed "The Greatest Rock Star Ever" by the magazine.Born in Brixton, South London, Bowie developed an interest in music as a child, eventually studying art, music and design before embarking on a professional career as a musician in 1963.
8005:123145698652160::Thread-92 2020-08-09 18:59:44.349 - Oil revenue helped accelerate the development of the city, which was already a major mercantile hub.
8006:123145698652160::Thread-92 2020-08-09 18:59:44.843 - He was raised in the nearby city of Langley, British Columbia.
8002:123145698652160::Thread-92 2020-08-09 18:59:45.298 - "Space Oddity" became his first top-five entry on the UK Singles Chart after its release in July 1969.
8006:123145698652160::Thread-92 2020-08-09 18:59:45.388 - His father, Jason Tremblay, is a police detective, and his mother, Christina Candia Tremblay, is a homemaker.
8006:123145698652160::Thread-92 2020-08-09 18:59:45.448 - Tremblay's older sister Emma and younger sister Erica are also actors.
8004:123145698652160::Thread-92 2020-08-09 18:59:45.458 - The city stands on the River Thames in the south-east of England, at the head of its 50-mile (80 km) estuary leading to the North Sea, London has been a major settlement for two millennia.
8003:123145698652160::Thread-92 2020-08-09 18:59:45.502 - Alongside her television career, Gomez has starred in the films Another Cinderella Story (2008), Princess Protection Program (2009), Wizards of Waverly Place: The Movie (2009), Ramona and Beezus (2010), Monte Carlo (2011), Spring Breakers (2012), Getaway (2013), The Fundamentals of Caring (2016), The Dead Don't Die (2019), and A Rainy Day in New York (2019).
8005:123145698652160::Thread-92 2020-08-09 18:59:46.026 - Dubai's oil output made up 2.1 percent of the Persian Gulf emirate's economy in 2008.
8005:123145698652160::Thread-92 2020-08-09 18:59:46.233 - A centre for regional and international trade since the early 20th century, Dubai's economy relies on revenues from trade, tourism, aviation, real estate, and financial services.
8006:123145698652160::Thread-92 2020-08-09 18:59:46.337 - Career
Tremblay began acting in television roles.
8005:123145698652160::Thread-92 2020-08-09 18:59:46.553 - According to government data, the population of Dubai is estimated at around 3.39 million as of January 2020.
8006:123145698652160::Thread-92 2020-08-09 18:59:46.893 - He made his film debut in the live-action/animated feature The Smurfs 2, released in 2013.Tremblay portrayed Jack Newsome in the critically acclaimed drama film Room, co-starring with Brie Larson.
8003:123145698652160::Thread-92 2020-08-09 18:59:47.05 - She also voices the character of Mavis in the Hotel Transylvania film franchise (2012–present), and executive produced the Netflix television series 13 Reasons Why (2017–2020) and Living Undocumented (2019).
8004:123145698652160::Thread-92 2020-08-09 18:59:47.212 - Londinium was founded by the Romans.
8006:123145698652160::Thread-92 2020-08-09 18:59:47.307 - The film, directed by Lenny Abrahamson, premiered on September 4, 2015, at the Telluride Film Festival, and was released in cinemas on October 16, 2015.
8003:123145698652160::Thread-92 2020-08-09 18:59:47.631 - Gomez released three albums with her former band, Selena Gomez & the Scene: Kiss & Tell (2009), A Year Without Rain (2010), and When the Sun Goes Down (2011), all of which peaked within the top ten on the US Billboard 200 and attained gold certifications.
8003:123145698652160::Thread-92 2020-08-09 18:59:48.168 - Additionally, Gomez has released three albums as a solo artist: Stars Dance (2013), Revival (2015), and Rare (2020), all of which debuted atop the Billboard 200.
8005:123145698652160::Thread-92 2020-08-09 18:59:48.209 - Etymology
Many theories have been proposed as to origin of the word "Dubai".
8004:123145698652160::Thread-92 2020-08-09 18:59:48.4 - The City of London, London's ancient core − an area of just 1.12 square miles (2.9 km2) and colloquially known as the Square Mile − retains boundaries that closely follow its medieval limits.
8005:123145698652160::Thread-92 2020-08-09 18:59:48.498 - One theory suggests the word used to be the souqin Ba.
8003:123145698652160::Thread-92 2020-08-09 18:59:48.759 - She has earned eight top-ten singles on the Billboard Hot 100: "Come & Get It", "The Heart Wants What It Wants", "Good for You", "Same Old Love", "Hands to Myself", "We Don't Talk Anymore" with Charlie Puth, "It Ain't Me" with Kygo, and "Lose You to Love Me", the latter being her first number-one single on the chart.
8005:123145698652160::Thread-92 2020-08-09 18:59:49.304 - An Arabic proverb says "Daba Dubai" (Arabic: دبا دبي‎), meaning "They came with a lot of money."
8005:123145698652160::Thread-92 2020-08-09 18:59:49.517 - According to Fedel Handhal, a scholar on the UAE's history and culture, the word Dubai may have come from the word daba (Arabic: دبا‎) (a past tense derivative of yadub (Arabic: يدب‎), which means "to creep"), referring to the slow flow of Dubai Creek inland.
8003:123145698652160::Thread-92 2020-08-09 18:59:49.905 - In 2017, Billboard reported that Gomez has sold over 7 million albums and 22 million singles worldwide.
8004:123145698652160::Thread-92 2020-08-09 18:59:49.92 - The City of Westminster is also an Inner London borough holding city status.
8005:123145698652160::Thread-92 2020-08-09 18:59:49.977 - The poet and scholar Ahmad Mohammad Obaid traces it to the same word, but to its alternative meaning of "baby locust" (Arabic: جراد‎) due to the abundance of locusts in the area before settlement.
8003:123145698652160::Thread-92 2020-08-09 18:59:50.975 - Gomez has received various accolades and was honored as the Billboard Woman of the Year in 2017.
8004:123145698652160::Thread-92 2020-08-09 18:59:51.191 - London is governed by the mayor of London and the London Assembly.London is considered to be one of the world's most important global cities and has been called the world's most powerful, most desirable, most influential, most visited, most expensive, sustainable, most investment-friendly, and most-popular-for-work city.
8004:123145698652160::Thread-92 2020-08-09 18:59:51.484 - It exerts a considerable impact upon the arts, commerce, education, entertainment, fashion, finance, healthcare, media, professional services, research and development, tourism and transportation.
8003:123145698652160::Thread-92 2020-08-09 18:59:51.978 - **END**
8004:123145698652160::Thread-92 2020-08-09 18:59:53.2 - London ranks 26th out of 300 major cities for economic performance.
8006:123145698652160::Thread-92 2020-08-09 18:59:53.312 - **END**
8004:123145698652160::Thread-92 2020-08-09 18:59:54.165 - It is one of the largest financial centres and has either the fifth or the sixth-largest metropolitan area GDP.
8002:123145698652160::Thread-92 2020-08-09 18:59:54.299 - **END**
8004:123145698652160::Thread-92 2020-08-09 18:59:54.596 - It is the most-visited city as measured by international arrivals and has the busiest city airport system as measured by passenger traffic.
8004:123145698652160::Thread-92 2020-08-09 18:59:54.902 - It is the leading investment destination,  hosting more international retailers than any other city.
8005:123145698652160::Thread-92 2020-08-09 18:59:54.987 - **END**
8004:123145698652160::Thread-92 2020-08-09 18:59:59.904 - **END**
8003:123145698652160::Thread-92 2020-08-09 19:00:00.982 - **START**
8003:123145698652160::Thread-92 2020-08-09 19:00:00.99 - Starting new HTTPS connection (1): en.wikipedia.org
8006:123145698652160::Thread-92 2020-08-09 19:00:01.317 - **START**
8006:123145698652160::Thread-92 2020-08-09 19:00:01.322 - Starting new HTTPS connection (1): en.wikipedia.org
8005:123145698652160::Thread-92 2020-08-09 19:00:01.991 - **START**
8005:123145698652160::Thread-92 2020-08-09 19:00:02.162 - Starting new HTTPS connection (1): en.wikipedia.org
8006:123145698652160::Thread-92 2020-08-09 19:00:02.839 - Recovery is the seventh studio album by American rapper Eminem.
8002:123145698652160::Thread-92 2020-08-09 19:00:03.328 - **START**
8002:123145698652160::Thread-92 2020-08-09 19:00:03.434 - Starting new HTTPS connection (1): en.wikipedia.org
8006:123145698652160::Thread-92 2020-08-09 19:00:03.509 - It was released on June 18, 2010, by Aftermath Entertainment, Shady Records, and Interscope Records.
8006:123145698652160::Thread-92 2020-08-09 19:00:04.033 - It serves as the follow-up to Eminem's sixth studio album Relapse (2009).
8002:123145698652160::Thread-92 2020-08-09 19:00:04.573 - Jenna Jameson (born Jenna Marie Massoli; April 9, 1974) is an American model, former pornographic film actress, businesswoman, writer, and television personality.
8005:123145698652160::Thread-92 2020-08-09 19:00:04.848 - Liverpool Football Club is a professional football club in Liverpool, England, that competes in the Premier League, the top tier of English football.
8002:123145698652160::Thread-92 2020-08-09 19:00:04.976 - She has been named the world's most famous adult entertainment performer and "The Queen of Porn".She started acting in erotic videos in 1993 after having worked as a stripper and glamor model.
8003:123145698652160::Thread-92 2020-08-09 19:00:04.989 - Jenna Haze (born February 22, 1982) is an American director, model, and former pornographic actress.Haze has won numerous pornographic industry awards, including the 2003 AVN Award for Best New Starlet and the 2009 AVN Award for Female Performer of the Year, making her the second performer in history to ever win both awards in the course of her career, after Missy.
8006:123145698652160::Thread-92 2020-08-09 19:00:05.032 - Originally planned to be released as Relapse 2, the album was renamed to Recovery when Eminem found the album to be musically different from its predecessor.
8006:123145698652160::Thread-92 2020-08-09 19:00:05.52 - Production of the album took place during 2009 to 2010 at several recording studios and was handled by various record producers, including Alex da Kid, Just Blaze, Boi-1da, Jim Jonsin, DJ Khalil, Mr. Porter, and Dr. Dre.
8003:123145698652160::Thread-92 2020-08-09 19:00:05.552 - In 2012, she was inducted into both the AVN and XRCO Halls of Fame.
8006:123145698652160::Thread-92 2020-08-09 19:00:06.484 - Eminem also collaborated with artists such as Pink, Lil Wayne, Slaughterhouse and Rihanna for the album.
8002:123145698652160::Thread-92 2020-08-09 19:00:06.726 - By 1996, she had won the "top newcomer" award from each of the three major adult movie organizations.
8003:123145698652160::Thread-92 2020-08-09 19:00:07.004 - Career
Haze entered the adult film industry on July 18, 2001.
8003:123145698652160::Thread-92 2020-08-09 19:00:07.114 - Between 2002 and 2005, she was a contract girl for the film company Jill Kelly Productions.
8006:123145698652160::Thread-92 2020-08-09 19:00:07.449 - Recovery featured more introspective and emotional content than its predecessor and the theme of the album revolved around his positive changes, anxiety, and emotional drives.
8005:123145698652160::Thread-92 2020-08-09 19:00:07.572 - Domestically, the club has won nineteen League titles, seven FA Cups, a record eight League Cups and fifteen FA Community Shields.
8002:123145698652160::Thread-92 2020-08-09 19:00:07.762 - She has since won more than 35 adult-video awards, and has been inducted into the X-Rated Critics Organization (XRCO) and Adult Video News (AVN) Halls of Fame.Jameson founded the adult-entertainment company ClubJenna in 2000 with Jay Grdina, whom she later married and divorced.
8006:123145698652160::Thread-92 2020-08-09 19:00:07.763 - Recovery debuted at number one on the Billboard 200, with first week sales of 741,000 copies.
8005:123145698652160::Thread-92 2020-08-09 19:00:08.423 - In international competitions, the club has won six European Cups, more than any other English club, three UEFA Cups, four UEFA Super Cups (also English records) and one FIFA Club World Cup.
8002:123145698652160::Thread-92 2020-08-09 19:00:09.44 - Initially, a single website, this business expanded into managing similar websites of other stars and began producing sexually explicit videos in 2001.
8003:123145698652160::Thread-92 2020-08-09 19:00:09.563 - During most of her time at the company, she performed exclusively with women, out of loyalty to her then boyfriend, an industry cameraman.
8002:123145698652160::Thread-92 2020-08-09 19:00:09.682 - The first such movie, Briana Loves Jenna (with Briana Banks), was named at the 2003 AVN Awards as the best-selling and best-renting pornographic title for 2002.
8003:123145698652160::Thread-92 2020-08-09 19:00:09.999 - She returned to working with men in the 2006 multi-award-winning release Jenna Haze Darkside, produced by Jules Jordan.Her first scene was for The Oral Adventures of Craven Moorehead 8 with her agent Slim Shady (Dez) and his best friend, Moorehead.
8005:123145698652160::Thread-92 2020-08-09 19:00:10.842 - Founded in 1892, the club joined the Football League the following year and has played at Anfield since its formation.
8002:123145698652160::Thread-92 2020-08-09 19:00:11.632 - By 2005, ClubJenna had revenues of US$30 million with profits estimated at half that.
8006:123145698652160::Thread-92 2020-08-09 19:00:11.764 - **END**
8005:123145698652160::Thread-92 2020-08-09 19:00:11.877 - Liverpool established itself as a major force in English and European football in the 1970s and 1980s, when Bill Shankly, Bob Paisley, Joe Fagan and Kenny Dalglish led the club to a combined eleven League titles and four European Cups.
8003:123145698652160::Thread-92 2020-08-09 19:00:12.001 - It was intended to only be an oral scene, but in the heat of the moment she had intercourse with both.
8003:123145698652160::Thread-92 2020-08-09 19:00:12.752 - The next day she shot a scene with Miles Long in Joey Silvera's Service Animals 4.
8002:123145698652160::Thread-92 2020-08-09 19:00:12.901 - Advertisements for her site and films, often bearing her picture, have towered on a 48-foot-tall billboard in New York City's Times Square.Jameson has also crossed over into mainstream pop culture, starting with a minor role in Howard Stern's 1997 film Private Parts.
8004:123145698652160::Thread-92 2020-08-09 19:00:12.906 - **START**
8004:123145698652160::Thread-92 2020-08-09 19:00:12.911 - Starting new HTTPS connection (1): en.wikipedia.org
8002:123145698652160::Thread-92 2020-08-09 19:00:13.399 - Her mainstream appearances continued with several guest-hosting and guest-starring on various television programs.
8004:123145698652160::Thread-92 2020-08-09 19:00:13.445 - Vladimir Vladimirovich Putin (; Russian: Влади́мир Влади́мирович Пу́тин [vɫɐˈdʲimʲɪr vɫɐˈdʲimʲɪrəvʲɪtɕ ˈputʲɪn] (listen); born 7 October 1952) is a Russian politician and a former officer of the KGB who has served as President of Russia since 2012, previously holding the position from 1999 until 2008.
8005:123145698652160::Thread-92 2020-08-09 19:00:13.457 - Liverpool won two further European Cups in 2005 and 2019 under the management of Rafael Benítez and Jürgen Klopp, respectively, the latter of whom led Liverpool to a nineteenth League title in 2020, the club's first during the Premier League era.
8005:123145698652160::Thread-92 2020-08-09 19:00:13.632 - One of the most widely supported teams in the world, in 2019, Liverpool was the world's seventh highest-earning football club, with an annual revenue of €604 million, and the world's eighth most valuable football club, valued at $2.183 billion.
8004:123145698652160::Thread-92 2020-08-09 19:00:13.702 - He was also the Prime Minister of Russia from 1999 to 2000 and again from 2008 to 2012.
8004:123145698652160::Thread-92 2020-08-09 19:00:13.968 - Putin was born in Leningrad (now Saint Petersburg) and studied law at Leningrad State University, graduating in 1975.
8002:123145698652160::Thread-92 2020-08-09 19:00:14.05 - Playboy TV hosted her Jenna's American Sex Star reality show, in which aspiring porn stars competed for a ClubJenna contract.
8004:123145698652160::Thread-92 2020-08-09 19:00:14.464 - Putin worked as a KGB foreign intelligence officer for 16 years, rising to the rank of Lieutenant Colonel, before resigning in 1991 to begin a political career in Saint Petersburg.
8004:123145698652160::Thread-92 2020-08-09 19:00:14.842 - He later moved to Moscow in 1996 to join the administration of President Boris Yeltsin.
8004:123145698652160::Thread-92 2020-08-09 19:00:15.082 - He served as Director of the Federal Security Service (FSB) and Secretary of the Security Council, before being appointed as Prime Minister in August 1999.
8004:123145698652160::Thread-92 2020-08-09 19:00:15.386 - After the resignation of Yeltsin, Putin became Acting President, and less than four months later was elected outright to his first term as president and was reelected in 2004.
8003:123145698652160::Thread-92 2020-08-09 19:00:15.414 - A few months later, she realized that she did not need an agent and started to represent herself.In February 2002, Haze appeared in a scene for Jill Kelly Productions (JKP), directed by Jill Kelly herself.
8005:123145698652160::Thread-92 2020-08-09 19:00:15.474 - Liverpool has long-standing rivalries with Manchester United and Everton.
8004:123145698652160::Thread-92 2020-08-09 19:00:16.078 - During his first tenure as president, the Russian economy grew for eight straight years, with GDP measured by purchasing power increasing by 72%, real incomes increased by a factor of 2.5, real wages more than tripled; unemployment and poverty more than halved and the Russians' self-assessed life satisfaction rose significantly.
8003:123145698652160::Thread-92 2020-08-09 19:00:16.352 - Kelly was impressed by her performance and JKP offered Haze an exclusive performing contract.
8004:123145698652160::Thread-92 2020-08-09 19:00:16.405 - The growth was a result of a five-fold increase in the price of oil and gas which constitute the majority of Russian exports, recovery from the post-Communist depression and financial crises, a rise in foreign investment, and prudent economic and fiscal policies.
8005:123145698652160::Thread-92 2020-08-09 19:00:16.46 - The team changed from red shirts and white shorts to an all-red home strip in 1964 which has been used ever since.
8004:123145698652160::Thread-92 2020-08-09 19:00:16.957 - Putin served as Prime Minister under Dmitry Medvedev from 2008 to 2012, where he oversaw large scale military reform and police reform.
8002:123145698652160::Thread-92 2020-08-09 19:00:18.051 - **END**
8005:123145698652160::Thread-92 2020-08-09 19:00:19.161 - The club's anthem is "You'll Never Walk Alone".
8004:123145698652160::Thread-92 2020-08-09 19:00:19.96 - **END**
8003:123145698652160::Thread-92 2020-08-09 19:00:23.357 - **END**
8005:123145698652160::Thread-92 2020-08-09 19:00:28.164 - **END**