8004:123145559834624::Thread-59 2020-08-09 18:59:31.204 - **START**
8005:123145559834624::Thread-59 2020-08-09 18:59:31.206 - **START**
8006:123145559834624::Thread-59 2020-08-09 18:59:31.244 - **START**
8003:123145559834624::Thread-59 2020-08-09 18:59:31.247 - **START**
8004:123145559834624::Thread-59 2020-08-09 18:59:31.498 - Starting new HTTPS connection (1): en.wikipedia.org
8006:123145559834624::Thread-59 2020-08-09 18:59:31.5 - Starting new HTTPS connection (1): en.wikipedia.org
8003:123145559834624::Thread-59 2020-08-09 18:59:32.501 - Starting new HTTPS connection (1): en.wikipedia.org
8005:123145559834624::Thread-59 2020-08-09 18:59:33.109 - Starting new HTTPS connection (1): en.wikipedia.org
8006:123145559834624::Thread-59 2020-08-09 18:59:34.341 - London is the capital and largest city of England and the United Kingdom.
8004:123145559834624::Thread-59 2020-08-09 18:59:35.111 - Natalie Portman (born Neta-Lee Hershlag; June 9, 1981) is an actress and filmmaker with dual Israeli and American citizenship.
8003:123145559834624::Thread-59 2020-08-09 18:59:35.174 - The Illuminati (plural of Latin illuminatus, 'enlightened') is a name given to several groups, both real and fictitious.
8006:123145559834624::Thread-59 2020-08-09 18:59:35.82 - The city stands on the River Thames in the south-east of England, at the head of its 50-mile (80 km) estuary leading to the North Sea, London has been a major settlement for two millennia.
8003:123145559834624::Thread-59 2020-08-09 18:59:35.872 - Historically, the name usually refers to the Bavarian Illuminati, an Enlightenment-era secret society founded on 1 May 1776 in Bavaria, today part of Germany.
8004:123145559834624::Thread-59 2020-08-09 18:59:36.773 - Prolific in film since a teenager, she has starred in blockbusters and also played psychologically troubled women in independent films, for which she has received various accolades, including an Academy Award and two Golden Globe Awards.
8004:123145559834624::Thread-59 2020-08-09 18:59:37.207 - Portman began her acting career at age 12 by starring as the young protégée of a hitman in the action drama film Léon: The Professional (1994).
8002:123145559834624::Thread-59 2020-08-09 18:59:37.31 - **START**
8006:123145559834624::Thread-59 2020-08-09 18:59:37.517 - Londinium was founded by the Romans.
8003:123145559834624::Thread-59 2020-08-09 18:59:37.943 - The society's goals were to oppose superstition, obscurantism, religious influence over public life, and abuses of state power.
8004:123145559834624::Thread-59 2020-08-09 18:59:38.05 - While in high school, she made her Broadway theatre debut in a 1998 production of The Diary of a Young Girl and gained international recognition for starring as Padmé Amidala in Star Wars: Episode I – The Phantom Menace (1999).
8006:123145559834624::Thread-59 2020-08-09 18:59:38.981 - The City of London, London's ancient core − an area of just 1.12 square miles (2.9 km2) and colloquially known as the Square Mile − retains boundaries that closely follow its medieval limits.
8002:123145559834624::Thread-59 2020-08-09 18:59:38.929 - Starting new HTTPS connection (1): en.wikipedia.org
8005:123145559834624::Thread-59 2020-08-09 18:59:39.089 - Ragnar Lodbrok or Lothbrok (Old Norse: Ragnarr Loðbrók, "Ragnar shaggy breeches", Modern Icelandic: Ragnar Loðbrók) is a  legendary Viking hero, as well as, according to the Gesta Danorum, a legendary Danish and Swedish king.
8003:123145559834624::Thread-59 2020-08-09 18:59:39.372 - "The order of the day," they wrote in their general statutes, "is to put an end to the machinations of the purveyors of injustice, to control them without dominating them."
8003:123145559834624::Thread-59 2020-08-09 18:59:39.434 - The Illuminati—along with Freemasonry and other secret societies—were outlawed through edict by Charles Theodore, Elector of Bavaria with the encouragement of the Catholic Church, in 1784, 1785, 1787, and 1790.
8004:123145559834624::Thread-59 2020-08-09 18:59:39.816 - From 1999 to 2003, Portman attended Harvard University for a bachelor's degree in psychology, while continuing to act in the Star Wars prequel trilogy (2002, 2005) and in The Public Theater's 2001 revival of Anton Chekhov's play The Seagull.
8004:123145559834624::Thread-59 2020-08-09 18:59:40.108 - In 2004, Portman was nominated for an Academy Award for Best Supporting Actress and won a Golden Globe Award for playing a mysterious stripper in the romantic drama Closer.
8006:123145559834624::Thread-59 2020-08-09 18:59:40.297 - The City of Westminster is also an Inner London borough holding city status.
8004:123145559834624::Thread-59 2020-08-09 18:59:40.455 - Portman's career progressed with her starring roles as Evey Hammond in V for Vendetta (2006), Anne Boleyn in The Other Boleyn Girl (2008), and a troubled ballerina in the psychological horror film Black Swan (2010), for which she won the Academy Award for Best Actress.
8006:123145559834624::Thread-59 2020-08-09 18:59:40.506 - London is governed by the mayor of London and the London Assembly.London is considered to be one of the world's most important global cities and has been called the world's most powerful, most desirable, most influential, most visited, most expensive, sustainable, most investment-friendly, and most-popular-for-work city.
8005:123145559834624::Thread-59 2020-08-09 18:59:40.782 - He is known from Old Norse poetry of the Viking Age, Icelandic sagas, and near-contemporary chronicles.
8004:123145559834624::Thread-59 2020-08-09 18:59:40.877 - She went on to star in the romantic comedy No Strings Attached (2011) and featured as Jane Foster in the Marvel Cinematic Universe superhero films Thor (2011), and Thor: The Dark World (2013), which established her among the best-paid actresses in the world.
8006:123145559834624::Thread-59 2020-08-09 18:59:40.958 - It exerts a considerable impact upon the arts, commerce, education, entertainment, fashion, finance, healthcare, media, professional services, research and development, tourism and transportation.
8003:123145559834624::Thread-59 2020-08-09 18:59:41.062 - In the following several years, the group was vilified by conservative and religious critics who claimed that they continued underground and were responsible for the French Revolution.
8006:123145559834624::Thread-59 2020-08-09 18:59:41.925 - London ranks 26th out of 300 major cities for economic performance.
8003:123145559834624::Thread-59 2020-08-09 18:59:42.251 - Many influential intellectuals and progressive politicians counted themselves as members, including Ferdinand of Brunswick and the diplomat Franz Xaver von Zwackh, who was the Order's second-in-command.
8005:123145559834624::Thread-59 2020-08-09 18:59:42.255 - According to the traditional literature, Ragnar Lodbrok distinguished himself by many raids against the British Isles and the Holy Roman Empire during the 9th century.
8004:123145559834624::Thread-59 2020-08-09 18:59:42.855 - She has since portrayed Jacqueline Kennedy in the biopic Jackie (2016), gaining her third Academy Award nomination, and a biologist in the science fiction film Annihilation (2018).
8006:123145559834624::Thread-59 2020-08-09 18:59:43.422 - It is one of the largest financial centres and has either the fifth or the sixth-largest metropolitan area GDP.
8006:123145559834624::Thread-59 2020-08-09 18:59:43.474 - It is the most-visited city as measured by international arrivals and has the busiest city airport system as measured by passenger traffic.
8006:123145559834624::Thread-59 2020-08-09 18:59:43.649 - It is the leading investment destination,  hosting more international retailers than any other city.
8005:123145559834624::Thread-59 2020-08-09 18:59:43.808 - According to the sagas Ragnarssona þáttr and Sögubrot af nokkrum fornkonungum, Ragnar Lodbrok's father was the legendary king of the Swedes, Sigurd Ring.
8004:123145559834624::Thread-59 2020-08-09 18:59:44.148 - Portman's directorial ventures include the short film Eve (2008) and the biographical drama A Tale of Love and Darkness (2015).
8005:123145559834624::Thread-59 2020-08-09 18:59:44.757 - Accounts


The Icelandic Sagas
According to the Saga of Ragnar Lodbrok, Tale of Ragnar's sons, Heimskringla, Hervarar Saga, Sögubrot, and many other Icelandic sources, Ragnar was the son of the Swedish king Sigurd Ring.
8005:123145559834624::Thread-59 2020-08-09 18:59:44.805 - Nearly all of the sagas agree that the Danish king Randver was Sigurd's father, with the Hervarar saga citing his wife as Åsa, the daughter of King Harald of the Red Moustache from Norway.
8003:123145559834624::Thread-59 2020-08-09 18:59:44.844 - It attracted literary men such as Johann Wolfgang von Goethe and Johann Gottfried Herder and the reigning Duke of Gotha and of Weimar.In subsequent use, "Illuminati" has referred to various organisations which have claimed or have been claimed to be connected to the original Bavarian Illuminati or similar secret societies, though these links have been unsubstantiated.
8005:123145559834624::Thread-59 2020-08-09 18:59:44.912 - The accounts further tell that Randver was a grandson of the legendary Scandinavian king Ivar Vidfamne by his daughter Aud (whom the Hervarar saga calls Alfhild).
8002:123145559834624::Thread-59 2020-08-09 18:59:46.031 - Peter Gene Hernandez (born October 8, 1985), known professionally as Bruno Mars, is an American singer, songwriter, record producer, multi-instrumentalist, and dancer.
8005:123145559834624::Thread-59 2020-08-09 18:59:46.907 - After the death of king Ivar Vidfamne, Aud's eldest son by the Danish king Hrœrekr Ringslinger, Harald, conquered all of his grandfather's territory and became known as Harald Wartooth.
8003:123145559834624::Thread-59 2020-08-09 18:59:47.131 - These organisations have often been alleged to conspire to control world affairs, by masterminding events and planting agents in government and corporations, in order to gain political power and influence and to establish a New World Order.
8002:123145559834624::Thread-59 2020-08-09 18:59:47.24 - He is known for his stage performances, retro showmanship, and for performing in a wide range of musical styles, including pop, R&B, funk, soul, reggae, hip hop, and rock.
8005:123145559834624::Thread-59 2020-08-09 18:59:47.819 - Harald's nephew Sigurd Ring became the chief king of Sweden after Randver's death (Denmark according to Hervarar saga), presumably as the subking of Harald.
8005:123145559834624::Thread-59 2020-08-09 18:59:47.862 - Sigurd and Harald fought the Battle of the Brávellir (Bråvalla) on the plains of Östergötland, where Harald and many of his men died.
8002:123145559834624::Thread-59 2020-08-09 18:59:47.953 - Mars is accompanied by his band, the Hooligans, who play a variety of instruments, such as electric guitar, bass, piano, keyboards, drums, and horns, and also serve as backup singers and dancers.
8004:123145559834624::Thread-59 2020-08-09 18:59:48.154 - **END**
8003:123145559834624::Thread-59 2020-08-09 18:59:48.456 - Central to some of the more widely known and elaborate conspiracy theories, the Illuminati have been depicted as lurking in the shadows and pulling the strings and levers of power in dozens of novels, films, television shows, comics, video games, and music videos.
8003:123145559834624::Thread-59 2020-08-09 18:59:49.11 - History


Origins

Adam Weishaupt (1748–1830) became professor of Canon Law and practical philosophy at the University of Ingolstadt in 1773.
8002:123145559834624::Thread-59 2020-08-09 18:59:49.285 - Born and raised in Honolulu, Hawaii, Mars moved to Los Angeles in 2003 to pursue a musical career.
8003:123145559834624::Thread-59 2020-08-09 18:59:50.112 - **END**
8005:123145559834624::Thread-59 2020-08-09 18:59:50.865 - **END**
8002:123145559834624::Thread-59 2020-08-09 18:59:51.115 - After being dropped by Motown Records, Mars signed a recording contract with Atlantic Records in 2009.
8002:123145559834624::Thread-59 2020-08-09 18:59:51.971 - In the same year, he co-founded the production team The Smeezingtons, responsible for various successful singles for Mars himself and other artists.
8002:123145559834624::Thread-59 2020-08-09 18:59:52.402 - Mars rose to fame in 2010 with the release of the successful singles "Nothin' on You" by B.o.B and "Billionaire" by Travie McCoy, both of which featured his vocals on the hooks.
8006:123145559834624::Thread-59 2020-08-09 18:59:52.653 - **END**
8002:123145559834624::Thread-59 2020-08-09 18:59:54.185 - His debut studio album Doo-Wops & Hooligans (2010) spawned the international number-one singles "Just the Way You Are", "Grenade", and "The Lazy Song".
8002:123145559834624::Thread-59 2020-08-09 18:59:55.411 - The former won the Grammy Award for Best Male Pop Vocal Performance.
8002:123145559834624::Thread-59 2020-08-09 18:59:57.148 - Mars' second album, Unorthodox Jukebox (2012), became his first number one album on the US Billboard 200 and won the Grammy Award for Best Pop Vocal Album.
8002:123145559834624::Thread-59 2020-08-09 19:00:02.151 - **END**
8004:123145559834624::Thread-59 2020-08-09 19:00:04.159 - **START**
8004:123145559834624::Thread-59 2020-08-09 19:00:04.202 - Starting new HTTPS connection (1): en.wikipedia.org
8003:123145559834624::Thread-59 2020-08-09 19:00:05.113 - **START**
8003:123145559834624::Thread-59 2020-08-09 19:00:05.12 - Starting new HTTPS connection (1): en.wikipedia.org
8004:123145559834624::Thread-59 2020-08-09 19:00:05.469 - Onika Tanya Maraj-Petty (born December 8, 1982), known professionally as Nicki Minaj (), is a Trinidadian-American singer, songwriter, actress, and model.
8003:123145559834624::Thread-59 2020-08-09 19:00:06.508 - Dafne María Keen Fernández (born 4 January 2005) is a British-Spanish actress.
8006:123145559834624::Thread-59 2020-08-09 19:00:06.657 - **START**
8006:123145559834624::Thread-59 2020-08-09 19:00:06.667 - Starting new HTTPS connection (1): en.wikipedia.org
8003:123145559834624::Thread-59 2020-08-09 19:00:06.785 - She made her debut starring as Ana "Ani" Cruz Oliver on the television series The Refugees from 2014 to 2015.
8005:123145559834624::Thread-59 2020-08-09 19:00:06.866 - **START**
8005:123145559834624::Thread-59 2020-08-09 19:00:06.908 - Starting new HTTPS connection (1): en.wikipedia.org
8003:123145559834624::Thread-59 2020-08-09 19:00:07.087 - She received recognition for starring as Laura in the 2017 film Logan, for which she received several awards and nominations, including winning an Empire Award for Best Newcomer.
8003:123145559834624::Thread-59 2020-08-09 19:00:07.11 - In 2019, she began starring as Lyra Belacqua/Silvertongue in the television series His Dark Materials.
8006:123145559834624::Thread-59 2020-08-09 19:00:07.369 - Stephanie Clifford (born March 17, 1979), known as Stormy Daniels, is an American pornographic actress, stripper, writer and director.
8006:123145559834624::Thread-59 2020-08-09 19:00:07.452 - She has won numerous industry awards, and is a member of the NightMoves, AVN and XRCO Halls of Fame.
8004:123145559834624::Thread-59 2020-08-09 19:00:08.413 - Born in the Saint James district of Port of Spain and raised in the Queens borough of New York City, she gained public recognition after releasing the mixtapes Playtime Is Over (2007), Sucka Free (2008), and Beam Me Up Scotty (2009).
8006:123145559834624::Thread-59 2020-08-09 19:00:08.44 - In 2009, a recruitment effort led her to consider challenging incumbent David Vitter for the 2010 Senate election in her native Louisiana.In 2018, Daniels became involved in a legal dispute with U.S. president Donald Trump and his attorney Michael Cohen.
8006:123145559834624::Thread-59 2020-08-09 19:00:08.509 - Trump and his surrogates paid $130,000 hush money to silence Daniels about an affair she says she had with Trump in 2006.
8003:123145559834624::Thread-59 2020-08-09 19:00:09.092 - Life and career
Keen was born in Madrid.
8005:123145559834624::Thread-59 2020-08-09 19:00:09.096 - The Brandenburg Gate (German: Brandenburger Tor; [ˈbʁandn̩bʊɐ̯gɐ ˈtoːɐ̯]) is an 18th-century neoclassical monument in Berlin, built on the orders of Prussian king Frederick William II after the temporary restoration of order during the Batavian Revolution.
8004:123145559834624::Thread-59 2020-08-09 19:00:09.105 - Early in her career, Minaj was known for her colorful costumes and wigs.
8006:123145559834624::Thread-59 2020-08-09 19:00:09.489 - Trump's spokespeople have denied the affair and accused Daniels of lying.
8003:123145559834624::Thread-59 2020-08-09 19:00:09.854 - She is the daughter of British actor Will Keen, and Galician actress, theatre director and writer María Fernández Ache.
8006:123145559834624::Thread-59 2020-08-09 19:00:10.038 - Early life
Stephanie Gregory was born on March 17, 1979, to Sheila and Bill Gregory, who divorced about three or four years later.
8005:123145559834624::Thread-59 2020-08-09 19:00:10.158 - One of the best-known landmarks of Germany, it was built on the site of a former city gate that marked the start of the road from Berlin to the town of Brandenburg an der Havel, which used to be capital of the Margraviate of Brandenburg.
8006:123145559834624::Thread-59 2020-08-09 19:00:10.388 - She was subsequently raised by her mother.She graduated from Scotlandville Magnet High School in Baton Rouge in 1997 and considered becoming a journalist.Daniels said she "came from an average, lower-income household… there [were] days without electricity", and she has described herself as coming from a "really bad neighborhood."
8005:123145559834624::Thread-59 2020-08-09 19:00:10.424 - It is located in the western part of the city centre of Berlin within Mitte, at the junction of Unter den Linden and Ebertstraße, immediately west of the Pariser Platz.
8006:123145559834624::Thread-59 2020-08-09 19:00:10.975 - During high school, Daniels had a job answering phones at a riding stable.
8005:123145559834624::Thread-59 2020-08-09 19:00:11.059 - One block to the north stands the Reichstag building, which houses the German parliament (Bundestag).
8003:123145559834624::Thread-59 2020-08-09 19:00:11.283 - A paternal great-grandfather was Edward Curzon, 6th Earl Howe; her aunts are poet Alice Oswald and writer Laura Beatty.
8003:123145559834624::Thread-59 2020-08-09 19:00:11.39 - Keen began acting in 2014, starring alongside her father in the BBC television series The Refugees, where she played Ana "Ani" Cruz Oliver.
8006:123145559834624::Thread-59 2020-08-09 19:00:11.459 - Career
 
Daniels's first experience as a stripper occurred when she was 17 and visiting a friend at a strip club; she was convinced to perform a "guest set".
8004:123145559834624::Thread-59 2020-08-09 19:00:11.709 - Her rapping is distinctive for its fast flow and the use of alter egos and accents, primarily British cockney.
8006:123145559834624::Thread-59 2020-08-09 19:00:12.167 - She began stripping for money at the Gold Club in Baton Rouge and became a featured entertainer with Continental Theatrical Agency in September 2000.
8006:123145559834624::Thread-59 2020-08-09 19:00:12.187 - She chose her stage name Stormy Daniels to reflect her love of American rock band Mötley Crüe, whose bassist, Nikki Sixx, named his daughter Storm.
8003:123145559834624::Thread-59 2020-08-09 19:00:12.988 - The show ended in 2015 after one season.
8005:123145559834624::Thread-59 2020-08-09 19:00:13.057 - The gate is the monumental entry to Unter den Linden, a boulevard of linden trees which led directly to the royal City Palace of the Prussian monarchs.
8006:123145559834624::Thread-59 2020-08-09 19:00:13.192 - **END**
8003:123145559834624::Thread-59 2020-08-09 19:00:13.219 - Keen did not take on any new projects until 2 years later, when she co-starred with Hugh Jackman in the 2017 superhero film Logan as the mutant Laura, the child clone of Wolverine.
8005:123145559834624::Thread-59 2020-08-09 19:00:13.95 - Throughout its existence, the Brandenburg Gate was often a site for major historical events and is today considered not only as a symbol of the tumultuous history of Europe and Germany, but also of European unity and peace.
8004:123145559834624::Thread-59 2020-08-09 19:00:14.268 - After signing with Young Money Entertainment in 2009, Minaj released her first studio album, Pink Friday (2010), which peaked at number one on the US Billboard 200 chart and was certified triple platinum by the Recording Industry Association of America (RIAA).
8004:123145559834624::Thread-59 2020-08-09 19:00:15.572 - Her second album, Pink Friday: Roman Reloaded, was released in 2012 and debuted atop the charts in several countries.
8005:123145559834624::Thread-59 2020-08-09 19:00:15.655 - History


Design and construction

In the time of Frederick William (1688), shortly after the Thirty Years' War and a century before the gate was constructed, Berlin was a small walled city within a star fort with several named gates: Spandauer Tor, St. Georgen Tor, Stralower Tor, Cöpenicker Tor, Neues Tor, and Leipziger Tor (see map).
8004:123145559834624::Thread-59 2020-08-09 19:00:16.601 - Minaj made her film debut in the 2012 animated film Ice Age: Continental Drift.
8004:123145559834624::Thread-59 2020-08-09 19:00:16.642 - In 2013, she was a judge on the twelfth season of American Idol.
8005:123145559834624::Thread-59 2020-08-09 19:00:17.455 - Relative peace, a policy of religious tolerance, and status as capital of the Kingdom of Prussia facilitated the growth of the city.
8005:123145559834624::Thread-59 2020-08-09 19:00:18.187 - The Brandenburg Gate was not part of the old Berlin Fortress, but one of eighteen gates within the Berlin Customs Wall (German: Akzisemauer), erected in the 1730s, including the old fortified city and many of its then suburbs.
8004:123145559834624::Thread-59 2020-08-09 19:00:18.887 - Minaj's third studio album, The Pinkprint, was released in 2014.
8004:123145559834624::Thread-59 2020-08-09 19:00:19.07 - She subsequently played supporting roles in the films The Other Woman (2014) and Barbershop: The Next Cut (2016).
8004:123145559834624::Thread-59 2020-08-09 19:00:19.07 - **END**
8005:123145559834624::Thread-59 2020-08-09 19:00:21.192 - **END**
8003:123145559834624::Thread-59 2020-08-09 19:00:21.224 - **END**