8003:123145551421440::Thread-57 2020-08-09 18:59:29.225 - **START**
8005:123145551421440::Thread-57 2020-08-09 18:59:29.259 - **START**
8003:123145551421440::Thread-57 2020-08-09 18:59:29.351 - Starting new HTTPS connection (1): en.wikipedia.org
8005:123145551421440::Thread-57 2020-08-09 18:59:29.399 - Starting new HTTPS connection (1): en.wikipedia.org
8005:123145551421440::Thread-57 2020-08-09 18:59:31.163 - The Palace of Versailles ( vair-SY, vur-SY; French: Château de Versailles [ʃɑto d(ə) vɛʁsɑj] (listen)) was the principal royal residence of France from 1682, under Louis XIV, until the start of the French Revolution in 1789, under Louis XVI.
8003:123145551421440::Thread-57 2020-08-09 18:59:31.544 - Iceland (Icelandic: Ísland; [ˈistlant] (listen)) is a Nordic island country in the North Atlantic, with a population of 364,134 and an area of 103,000 km2 (40,000 sq mi), making it the most sparsely populated country in Europe.
8005:123145551421440::Thread-57 2020-08-09 18:59:31.705 - It is located in the department of Yvelines, in the region of Île-de-France, about 20 kilometres (12 miles) southwest of the centre of Paris.A simple hunting lodging and later a small château with a moat occupied the site until 1661, when the first work expanding the château into a palace was carried out for Louis XIV.
8003:123145551421440::Thread-57 2020-08-09 18:59:32.462 - The capital and largest city is Reykjavík.
8003:123145551421440::Thread-57 2020-08-09 18:59:32.573 - Reykjavík and the surrounding areas in the southwest of the country are home to over two-thirds of the population.
8003:123145551421440::Thread-57 2020-08-09 18:59:33.485 - Iceland is volcanically and geologically active.
8005:123145551421440::Thread-57 2020-08-09 18:59:33.64 - In 1682, when the palace had become large enough, the king moved the entire royal court and the French government to Versailles.
8006:123145551421440::Thread-57 2020-08-09 18:59:34.24 - **START**
8005:123145551421440::Thread-57 2020-08-09 18:59:34.339 - Some of the palace furniture at this time was constructed of solid silver, but in 1689 much of it was melted down to pay for the cost of war.
8003:123145551421440::Thread-57 2020-08-09 18:59:34.415 - The interior consists of a plateau characterised by sand and lava fields, mountains, and glaciers, and many glacial rivers flow to the sea through the lowlands.
8006:123145551421440::Thread-57 2020-08-09 18:59:34.991 - Starting new HTTPS connection (1): en.wikipedia.org
8003:123145551421440::Thread-57 2020-08-09 18:59:35.381 - Iceland is warmed by the Gulf Stream and has a temperate climate, despite a high latitude just outside the Arctic Circle.
8005:123145551421440::Thread-57 2020-08-09 18:59:35.971 - Subsequent rulers mostly carried out interior remodeling, to meet the demands of changing taste, although Louis XV did install an opera house at the north end of the north wing for the wedding of the Dauphin and Marie Antoinette in 1770.
8002:123145551421440::Thread-57 2020-08-09 18:59:36.31 - **START**
8003:123145551421440::Thread-57 2020-08-09 18:59:36.414 - Its high latitude and marine influence keep summers chilly, with most of the archipelago having a polar climate.
8003:123145551421440::Thread-57 2020-08-09 18:59:36.735 - According to the ancient manuscript Landnámabók, the settlement of Iceland began in 874 AD when the Norwegian chieftain Ingólfr Arnarson became the first permanent settler on the island.
8002:123145551421440::Thread-57 2020-08-09 18:59:36.981 - Starting new HTTPS connection (1): en.wikipedia.org
8005:123145551421440::Thread-57 2020-08-09 18:59:37.17 - The palace has also been a site of historical importance.
8004:123145551421440::Thread-57 2020-08-09 18:59:37.203 - **START**
8003:123145551421440::Thread-57 2020-08-09 18:59:37.314 - In the following centuries, Norwegians, and to a lesser extent other Scandinavians, emigrated to Iceland, bringing with them thralls (i.e., slaves or serfs) of Gaelic origin.
8003:123145551421440::Thread-57 2020-08-09 18:59:37.402 - The island was governed as an independent commonwealth under the Althing, one of the world's oldest functioning legislative assemblies.
8005:123145551421440::Thread-57 2020-08-09 18:59:38.829 - The Peace of Paris (1783) was signed at Versailles, the Proclamation of the German Empire occurred in the vaunted Hall of Mirrors, and World War I was ended in the palace with the Treaty of Versailles, among many other events.
8003:123145551421440::Thread-57 2020-08-09 18:59:39.403 - **END**
8005:123145551421440::Thread-57 2020-08-09 18:59:39.502 - The palace is now a historical monument and UNESCO World Heritage site, notable especially for the ceremonial Hall of Mirrors, the jewel-like Royal Opera, and the royal apartments; for the more intimate royal residences, the Grand Trianon and Petit Trianon located within the park; the small rustic Hameau (Hamlet) created for Marie Antoinette; and the vast Gardens of Versailles with fountains, canals, and geometric flower beds and groves, laid out by André le Nôtre.
8004:123145551421440::Thread-57 2020-08-09 18:59:39.601 - Starting new HTTPS connection (1): en.wikipedia.org
8005:123145551421440::Thread-57 2020-08-09 18:59:40.056 - The Palace was stripped of all its furnishings after the French Revolution, but many pieces have been returned and many of the palace rooms have been restored.
8005:123145551421440::Thread-57 2020-08-09 18:59:41.763 - In 2017 the Palace of Versailles received 7,700,000 visitors, making it the second-most visited monument in the Île-de-France region, just behind the Louvre and ahead of the Eiffel Tower.
8005:123145551421440::Thread-57 2020-08-09 18:59:41.973 - History


The hunting lodge and château of Louis XIII
 
The site of the Palace was first occupied by a small village and church, surrounded by forests filled with abundant game.
8005:123145551421440::Thread-57 2020-08-09 18:59:42.575 - It was owned by the Gondi family and the priory of Saint Julian.
8002:123145551421440::Thread-57 2020-08-09 18:59:42.61 - Egypt ( (listen) EE-jipt; Arabic: مِصر‎ Miṣr), officially the Arab Republic of Egypt, is a transcontinental country spanning the northeast corner of Africa and southwest corner of Asia by a land bridge formed by the Sinai Peninsula.
8004:123145551421440::Thread-57 2020-08-09 18:59:43.395 - 21 is the second studio album by English singer-songwriter Adele.
8004:123145551421440::Thread-57 2020-08-09 18:59:43.433 - It was released on 24 January 2011 in Europe and on 22 February 2011 in North America by XL Recordings and Columbia Records.
8004:123145551421440::Thread-57 2020-08-09 18:59:43.748 - The album was named after the age of the singer during its production.
8004:123145551421440::Thread-57 2020-08-09 18:59:44.046 - 21 shares the folk and Motown soul influences of her 2008 debut album 19, but was further inspired by the American country and Southern blues music to which she had been exposed during her 2008–09 North American tour An Evening with Adele.
8002:123145551421440::Thread-57 2020-08-09 18:59:44.451 - Egypt is a Mediterranean country bordered by the Gaza Strip (Palestine) and Israel to the northeast, the Gulf of Aqaba and the Red Sea to the east, Sudan to the south, and Libya to the west.
8004:123145551421440::Thread-57 2020-08-09 18:59:44.972 - Composed in the aftermath of the singer's separation from her then partner, the album typifies the near dormant tradition of the confessional singer-songwriter in its exploration of heartbreak, introspection, and forgiveness.
8004:123145551421440::Thread-57 2020-08-09 18:59:45.11 - Adele began writing 21 in April 2009, when still involved in the relationship that subsequently inspired the record.
8004:123145551421440::Thread-57 2020-08-09 18:59:45.181 - Dissatisfied with once again portraying herself as the musical tragedian of her debut, she had intended to compose a more upbeat and contemporary follow-up.
8004:123145551421440::Thread-57 2020-08-09 18:59:45.794 - However, studio sessions ended prematurely due to a lack of inspiration.
8006:123145551421440::Thread-57 2020-08-09 18:59:45.822 - **END**
8002:123145551421440::Thread-57 2020-08-09 18:59:46.391 - Across the Gulf of Aqaba lies Jordan, across the Red Sea lies Saudi Arabia, and across the Mediterranean lie Greece, Turkey and Cyprus, although none share a land border with Egypt.
8004:123145551421440::Thread-57 2020-08-09 18:59:46.476 - She resumed production immediately after the breakdown of her relationship, channelling her heartbreak and depression into her songs.
8004:123145551421440::Thread-57 2020-08-09 18:59:47.383 - Adele collaborated with various songwriters and producers, including Columbia Records co-president Rick Rubin, Paul Epworth, Ryan Tedder, Jim Abbiss, and Dan Wilson.
8002:123145551421440::Thread-57 2020-08-09 18:59:48.248 - Egypt has one of the longest histories of any country, tracing its heritage back to the 6th–4th millennia BCE.
8002:123145551421440::Thread-57 2020-08-09 18:59:49.226 - Considered a cradle of civilisation, Ancient Egypt saw some of the earliest developments of writing, agriculture, urbanisation, organised religion and central government.
8002:123145551421440::Thread-57 2020-08-09 18:59:50.298 - Iconic monuments such as the Giza Necropolis and its Great Sphinx, as well the ruins of Memphis, Thebes, Karnak, and the Valley of the Kings, reflect this legacy and remain a significant focus of scientific and popular interest.
8003:123145551421440::Thread-57 2020-08-09 18:59:50.407 - **START**
8003:123145551421440::Thread-57 2020-08-09 18:59:50.411 - Starting new HTTPS connection (1): en.wikipedia.org
8005:123145551421440::Thread-57 2020-08-09 18:59:50.577 - **END**
8002:123145551421440::Thread-57 2020-08-09 18:59:50.775 - Egypt's long and rich cultural heritage is an integral part of its national identity, which has endured, and often assimilated, various foreign influences, including Greek, Persian, Roman, Arab, Ottoman Turkish, and Nubian.
8004:123145551421440::Thread-57 2020-08-09 18:59:51.385 - **END**
8002:123145551421440::Thread-57 2020-08-09 18:59:51.659 - Egypt was an early and important centre of Christianity, but was largely Islamised in the seventh century and remains a predominantly Muslim country, albeit with a significant Christian minority.
8002:123145551421440::Thread-57 2020-08-09 18:59:51.885 - From the 16th to the beginning of the 20th century, Egypt was ruled by foreign imperial powers: the Ottoman Empire and the British Empire.
8002:123145551421440::Thread-57 2020-08-09 18:59:52.489 - Modern Egypt dates back to 1922, when it gained nominal independence from the British Empire as a monarchy.
8003:123145551421440::Thread-57 2020-08-09 18:59:53.035 - Mark Robert Michael Wahlberg (born June 5, 1971) is an American actor, producer, restaurateur and former rapper.
8006:123145551421440::Thread-57 2020-08-09 18:59:53.823 - **START**
8006:123145551421440::Thread-57 2020-08-09 18:59:53.828 - Starting new HTTPS connection (1): en.wikipedia.org
8006:123145551421440::Thread-57 2020-08-09 18:59:54.418 - David Robert Joseph Beckham  (UK: ; born 2 May 1975) is an English former professional footballer, the current president & co-owner of Inter Miami CF and co-owner of Salford City.
8002:123145551421440::Thread-57 2020-08-09 18:59:54.471 - However, British military occupation of Egypt continued, and many Egyptians believed that the monarchy was an instrument of British colonialism.
8005:123145551421440::Thread-57 2020-08-09 18:59:54.583 - **START**
8005:123145551421440::Thread-57 2020-08-09 18:59:54.588 - Starting new HTTPS connection (1): en.wikipedia.org
8006:123145551421440::Thread-57 2020-08-09 18:59:55.007 - He played for Manchester United, Preston North End, Real Madrid, Milan, LA Galaxy, Paris Saint-Germain and the England national team, for which he held the appearance record for an outfield player until 2016.
8006:123145551421440::Thread-57 2020-08-09 18:59:55.391 - He is the first English player to win league titles in four countries: England, Spain, the United States and France.
8003:123145551421440::Thread-57 2020-08-09 18:59:55.409 - He is also known by his former stage name Marky Mark from his career with the group Marky Mark and the Funky Bunch, with whom he released the albums Music for the People (1991) and You Gotta Believe (1992).
8005:123145551421440::Thread-57 2020-08-09 18:59:55.442 - Stephanie Clifford (born March 17, 1979), known as Stormy Daniels, is an American pornographic actress, stripper, writer and director.
8006:123145551421440::Thread-57 2020-08-09 18:59:55.703 - He retired in May 2013 after a 20-year career, during which he won 19 major trophies.Beckham's professional club career began with Manchester United, where he made his first-team debut in 1992 at age 17.
8004:123145551421440::Thread-57 2020-08-09 18:59:56.39 - **START**
8004:123145551421440::Thread-57 2020-08-09 18:59:56.396 - Starting new HTTPS connection (1): en.wikipedia.org
8006:123145551421440::Thread-57 2020-08-09 18:59:56.457 - With United, he won the Premier League title six times, the FA Cup twice, and the UEFA Champions League in 1999.
8005:123145551421440::Thread-57 2020-08-09 18:59:56.493 - She has won numerous industry awards, and is a member of the NightMoves, AVN and XRCO Halls of Fame.
8006:123145551421440::Thread-57 2020-08-09 18:59:56.764 - He then played four seasons with Real Madrid, winning the La Liga championship in his final season with the club.
8006:123145551421440::Thread-57 2020-08-09 18:59:56.783 - In July 2007, Beckham signed a five-year contract with Major League Soccer club LA Galaxy.
8006:123145551421440::Thread-57 2020-08-09 18:59:56.918 - While a Galaxy player, he spent two loan spells in Italy with Milan in 2009 and 2010.
8006:123145551421440::Thread-57 2020-08-09 18:59:57.223 - He was the first British footballer to play 100 UEFA Champions League games.
8005:123145551421440::Thread-57 2020-08-09 18:59:57.657 - In 2009, a recruitment effort led her to consider challenging incumbent David Vitter for the 2010 Senate election in her native Louisiana.In 2018, Daniels became involved in a legal dispute with U.S. president Donald Trump and his attorney Michael Cohen.
8006:123145551421440::Thread-57 2020-08-09 18:59:57.766 - In international football, Beckham made his England debut on 1 September 1996 at the age of 21.
8003:123145551421440::Thread-57 2020-08-09 18:59:58.016 - Wahlberg transitioned from music to acting, with his screen debut in Renaissance Man (1994) and his first starring role in Fear (1996).
8003:123145551421440::Thread-57 2020-08-09 18:59:59.44 - He received critical praise for his performance as porn actor Dirk Diggler in Boogie Nights.
8005:123145551421440::Thread-57 2020-08-09 18:59:59.469 - Trump and his surrogates paid $130,000 hush money to silence Daniels about an affair she says she had with Trump in 2006.
8002:123145551421440::Thread-57 2020-08-09 18:59:59.473 - **END**
8004:123145551421440::Thread-57 2020-08-09 18:59:59.474 - Abraham (originally Abram) is the common patriarch of the Abrahamic religions, including Judaism, Christianity and Islam.
8004:123145551421440::Thread-57 2020-08-09 19:00:00.742 - In Judaism, he is the founding father of the covenant of the pieces, the special relationship between the Hebrews and God; in Christianity, he is the prototype of all believers, Jewish or Gentile; and in Islam he is seen as a link in the chain of prophets that begins with Adam and culminates in Muhammad.The narrative in the Book of Genesis revolves around the themes of posterity and land.
8004:123145551421440::Thread-57 2020-08-09 19:00:00.757 - Abraham is called by God to leave the house of his father Terah and settle in the land originally given to Canaan but which God now promises to Abraham and his progeny.
8003:123145551421440::Thread-57 2020-08-09 19:00:00.863 - In the early 2000s, he ventured into big budget action-oriented movies, such as The Perfect Storm (2000), Planet of the Apes (2001), and The Italian Job (2003).
8004:123145551421440::Thread-57 2020-08-09 19:00:01.998 - Various candidates are put forward who might inherit the land after Abraham; and, while promises are made to Ishmael about founding a great nation, Isaac, Abraham's son by his half-sister Sarah, inherits God's promises to Abraham.
8005:123145551421440::Thread-57 2020-08-09 19:00:02.151 - Trump's spokespeople have denied the affair and accused Daniels of lying.
8003:123145551421440::Thread-57 2020-08-09 19:00:03.675 - He was nominated for the Academy Award for Best Supporting Actor for playing a police officer in the crime drama The Departed (2006).
8005:123145551421440::Thread-57 2020-08-09 19:00:04.183 - Early life
Stephanie Gregory was born on March 17, 1979, to Sheila and Bill Gregory, who divorced about three or four years later.
8004:123145551421440::Thread-57 2020-08-09 19:00:04.586 - Abraham purchases a tomb (the Cave of the Patriarchs) at Hebron to be Sarah's grave, thus establishing his right to the land; and, in the second generation, his heir Isaac is married to a woman from his own kin, thus ruling the Canaanites out of any inheritance.
8006:123145551421440::Thread-57 2020-08-09 19:00:04.771 - **END**
8003:123145551421440::Thread-57 2020-08-09 19:00:05.002 - He was nominated for the Golden Globe Award for Best Actor for the biographical sports drama The Fighter (2010), in which he starred as Micky Ward.
8004:123145551421440::Thread-57 2020-08-09 19:00:05.587 - Abraham later marries Keturah and has six more sons; but, on his death, when he is buried beside Sarah, it is Isaac who receives "all Abraham's goods", while the other sons receive only "gifts" (Genesis 25:5–8).The Abraham story cannot be definitively related to any specific time, and it is widely agreed that the patriarchal age, along with the exodus and the period of the judges, is a late literary construct that does not relate to any period in actual history.
8002:123145551421440::Thread-57 2020-08-09 19:00:06.476 - **START**
8002:123145551421440::Thread-57 2020-08-09 19:00:06.52 - Starting new HTTPS connection (1): en.wikipedia.org
8003:123145551421440::Thread-57 2020-08-09 19:00:06.795 - In the 2010s, he landed successful comedy roles with The Other Guys (2010), Ted (2012), its 2015 sequel, Daddy's Home (2015), and its 2017 sequel.
8005:123145551421440::Thread-57 2020-08-09 19:00:07.135 - She was subsequently raised by her mother.She graduated from Scotlandville Magnet High School in Baton Rouge in 1997 and considered becoming a journalist.Daniels said she "came from an average, lower-income household… there [were] days without electricity", and she has described herself as coming from a "really bad neighborhood."
8002:123145551421440::Thread-57 2020-08-09 19:00:07.383 - Jennifer Shrader Lawrence (born August 15, 1990) is an American actress.
8004:123145551421440::Thread-57 2020-08-09 19:00:07.576 - A common hypothesis among scholars is that it was composed in the early Persian period (late 6th century BCE) as a result of tensions between Jewish landowners who had stayed in Judah during the Babylonian captivity and traced their right to the land through their "father Abraham", and the returning exiles who based their counter-claim on Moses and the Exodus tradition.
8002:123145551421440::Thread-57 2020-08-09 19:00:07.705 - The films she has acted in have grossed over $6 billion worldwide, and she was the highest-paid actress in the world in 2015 and 2016.
8002:123145551421440::Thread-57 2020-08-09 19:00:08.509 - Lawrence appeared in Time's 100 most influential people in the world list in 2013 and in the Forbes Celebrity 100 list in 2014 and 2016.
8004:123145551421440::Thread-57 2020-08-09 19:00:08.684 - Biblical account


Origins and calling
Terah, the ninth in descent from Noah, was the father of three sons: Abram, Nahor, and Haran.
8005:123145551421440::Thread-57 2020-08-09 19:00:08.767 - During high school, Daniels had a job answering phones at a riding stable.
8005:123145551421440::Thread-57 2020-08-09 19:00:09.192 - Career
 
Daniels's first experience as a stripper occurred when she was 17 and visiting a friend at a strip club; she was convinced to perform a "guest set".
8002:123145551421440::Thread-57 2020-08-09 19:00:09.214 - During her childhood, Lawrence performed in church plays and school musicals.
8003:123145551421440::Thread-57 2020-08-09 19:00:09.256 - He also became the protagonist in the Transformers live-action film franchise (2014, 2017).
8002:123145551421440::Thread-57 2020-08-09 19:00:09.934 - At age 14, she was spotted by a talent scout while vacationing in New York City with her family.
8002:123145551421440::Thread-57 2020-08-09 19:00:10.49 - Lawrence then moved to Los Angeles and began her acting career by playing guest roles in television shows.
8004:123145551421440::Thread-57 2020-08-09 19:00:10.922 - The entire family, including grandchildren, lived in Ur of the Chaldees.
8003:123145551421440::Thread-57 2020-08-09 19:00:11.044 - He was the world's best-paid actor in 2017.
8002:123145551421440::Thread-57 2020-08-09 19:00:11.332 - Her first major role came as a main cast member on the sitcom The Bill Engvall Show (2007–2009).
8005:123145551421440::Thread-57 2020-08-09 19:00:11.821 - She began stripping for money at the Gold Club in Baton Rouge and became a featured entertainer with Continental Theatrical Agency in September 2000.
8002:123145551421440::Thread-57 2020-08-09 19:00:12.223 - Lawrence made her film debut in a supporting role in the drama Garden Party (2008), and had her breakthrough playing a poverty-stricken teenager in the independent drama Winter's Bone (2010).
8002:123145551421440::Thread-57 2020-08-09 19:00:12.305 - Her career progressed with her starring roles as the mutant Mystique in the X-Men film series (2011–2019) and Katniss Everdeen in the Hunger Games film series (2012–2015).
8005:123145551421440::Thread-57 2020-08-09 19:00:12.794 - She chose her stage name Stormy Daniels to reflect her love of American rock band Mötley Crüe, whose bassist, Nikki Sixx, named his daughter Storm.
8002:123145551421440::Thread-57 2020-08-09 19:00:12.882 - The latter established her as the highest-grossing action heroine of all time.
8004:123145551421440::Thread-57 2020-08-09 19:00:13.465 - According to a midrash, Abram worked in Terah's idol shop in his youth.
8003:123145551421440::Thread-57 2020-08-09 19:00:16.049 - **END**
8002:123145551421440::Thread-57 2020-08-09 19:00:16.885 - **END**
8005:123145551421440::Thread-57 2020-08-09 19:00:17.799 - **END**
8004:123145551421440::Thread-57 2020-08-09 19:00:22.469 - **END**