8005:123146262335488::Thread-226 2020-08-09 18:59:28.256 - **START**
8005:123146262335488::Thread-226 2020-08-09 18:59:28.366 - Starting new HTTPS connection (1): en.wikipedia.org
8006:123146262335488::Thread-226 2020-08-09 18:59:29.278 - **START**
8006:123146262335488::Thread-226 2020-08-09 18:59:29.449 - Starting new HTTPS connection (1): en.wikipedia.org
8005:123146262335488::Thread-226 2020-08-09 18:59:30.597 - Megan Denise Fox (born May 16, 1986) is an American actress and model.
8006:123146262335488::Thread-226 2020-08-09 18:59:31.698 - Lexi Belle is an American pornographic actress.
8005:123146262335488::Thread-226 2020-08-09 18:59:32.527 - She made her acting debut in the family film Holiday in the Sun (2001).
8006:123146262335488::Thread-226 2020-08-09 18:59:33.687 - Career
In 2011, Belle was named by CNBC as one of the 12 most popular stars in porn.
8005:123146262335488::Thread-226 2020-08-09 18:59:33.914 - This was followed by numerous supporting roles in film and television, as well as a starring role in the ABC sitcom Hope & Faith (2004–2006).
8005:123146262335488::Thread-226 2020-08-09 18:59:35.001 - Fox went on to make her feature film debut in the teen musical comedy Confessions of a Teenage Drama Queen (2004).
8002:123146262335488::Thread-226 2020-08-09 18:59:35.382 - **START**
8006:123146262335488::Thread-226 2020-08-09 18:59:35.537 - CNBC noted her multiple awards and nominations from AVN and XBIZ as well as the popularity of her website, one of the largest in the porn industry.
8004:123146262335488::Thread-226 2020-08-09 18:59:36.262 - **START**
8005:123146262335488::Thread-226 2020-08-09 18:59:36.543 - Fox received worldwide recognition for her breakout role as Mikaela Banes in the blockbuster action film Transformers (2007).
8005:123146262335488::Thread-226 2020-08-09 18:59:36.774 - She reprised her role in the sequel Transformers: Revenge of the Fallen (2009) and portrayed the titular character in the horror comedy Jennifer's Body (2009).
8002:123146262335488::Thread-226 2020-08-09 18:59:36.989 - Starting new HTTPS connection (1): en.wikipedia.org
8006:123146262335488::Thread-226 2020-08-09 18:59:37.101 - She was the Penthouse Pet of the Month for May 2013 and the Pet of the Year for 2014.In 2015, Belle made her mainstream acting debut as Hera in the action thriller Samurai Cop 2: Deadly Vengeance, along with fellow porn actress Kayden Kross and Tommy Wiseau.
8005:123146262335488::Thread-226 2020-08-09 18:59:37.252 - She starred as April O'Neil in the superhero action film Teenage Mutant Ninja Turtles (2014) and its sequel Teenage Mutant Ninja Turtles: Out of the Shadows (2016).
8006:123146262335488::Thread-226 2020-08-09 18:59:37.415 - Personal life
Belle is an animal welfare advocate.
8005:123146262335488::Thread-226 2020-08-09 18:59:37.465 - Fox also starred as Regan Lucas in the fifth and sixth seasons of the Fox sitcom New Girl (2016–2017).
8005:123146262335488::Thread-226 2020-08-09 18:59:39.183 - Fox is considered a sex symbol and has appeared in numerous magazines, such as Maxim, Rolling Stone, and FHM.
8003:123146262335488::Thread-226 2020-08-09 18:59:39.308 - **START**
8004:123146262335488::Thread-226 2020-08-09 18:59:39.397 - Starting new HTTPS connection (1): en.wikipedia.org
8002:123146262335488::Thread-226 2020-08-09 18:59:40.774 - LaMelo LaFrance Ball (born August 22, 2001) is an American professional basketball player who last played for the Illawarra Hawks of the National Basketball League (NBL).
8003:123146262335488::Thread-226 2020-08-09 18:59:40.892 - Starting new HTTPS connection (1): en.wikipedia.org
8002:123146262335488::Thread-226 2020-08-09 18:59:40.894 - Listed at 6 feet 7 inches (2.01 m) and 181 pounds (82 kg), he plays the point guard position.
8005:123146262335488::Thread-226 2020-08-09 18:59:41.271 - Early life
Megan Fox was born on May 16, 1986 in Oak Ridge, Tennessee, to parents Gloria Darlene (Cisson) and Franklin Thomas Fox.
8005:123146262335488::Thread-226 2020-08-09 18:59:41.731 - She spent her early childhood in nearby Rockwood.
8002:123146262335488::Thread-226 2020-08-09 18:59:41.842 - Ball began high school at Chino Hills High School in California, where he won a state championship and achieved national success as a freshman with his older brothers Lonzo, now an NBA guard, and LiAngelo.
8002:123146262335488::Thread-226 2020-08-09 18:59:42.036 - Before his junior season, a coaching dispute prompted him to leave Chino Hills and sign with Lithuanian professional team Prienai.
8006:123146262335488::Thread-226 2020-08-09 18:59:42.471 - **END**
8002:123146262335488::Thread-226 2020-08-09 18:59:42.602 - In 2018, he played in the Junior Basketball Association (JBA), a league created by his father, before returning to high school as a senior with SPIRE Institute in Ohio.
8003:123146262335488::Thread-226 2020-08-09 18:59:42.807 - The Spice Girls are an English pop girl group formed in 1994.
8003:123146262335488::Thread-226 2020-08-09 18:59:42.945 - The group comprises Melanie Brown, also known as Mel B ("Scary Spice"), Melanie Chisholm, also known as Mel C ("Sporty Spice"), Emma Bunton ("Baby Spice"), Geri Halliwell ("Ginger Spice") and Victoria Beckham ("Posh Spice").
8004:123146262335488::Thread-226 2020-08-09 18:59:43.188 - NCIS is an American action police procedural television series, revolving around a fictional team of special agents from the Naval Criminal Investigative Service.
8002:123146262335488::Thread-226 2020-08-09 18:59:43.418 - A former UCLA commit, he was a five-star recruit but chose to forgo college basketball amid eligibility concerns and play for the Illawarra Hawks in Australia in 2019, winning NBL Rookie of the Year.
8003:123146262335488::Thread-226 2020-08-09 18:59:43.916 - They were signed to Virgin Records and released their debut single "Wannabe" in 1996; it hit number one in 37 countries and commenced their global success.
8004:123146262335488::Thread-226 2020-08-09 18:59:44.046 - The concept and characters were initially introduced in two episodes of the CBS series JAG (season eight episodes 20 and 21: "Ice Queen" and "Meltdown").
8002:123146262335488::Thread-226 2020-08-09 18:59:44.199 - Ball and his brothers have attracted national attention since playing together in high school.
8003:123146262335488::Thread-226 2020-08-09 18:59:44.334 - Their debut album Spice sold more than 23 million copies worldwide, becoming the best-selling album by a female group in history.
8004:123146262335488::Thread-226 2020-08-09 18:59:44.341 - The show, a spin-off from JAG, premiered on September 23, 2003, on CBS.
8004:123146262335488::Thread-226 2020-08-09 18:59:44.353 - To date it has entered into the seventeenth full season and has gone into broadcast syndication on the USA Network.
8002:123146262335488::Thread-226 2020-08-09 18:59:44.868 - His father, LaVar, also grew into a media personality in 2017.
8002:123146262335488::Thread-226 2020-08-09 18:59:44.986 - Ball has a signature shoe by his father's company, Big Baller Brand, and a role on his family's Facebook Watch reality show Ball in the Family.
8004:123146262335488::Thread-226 2020-08-09 18:59:45.289 - Donald P. Bellisario and Don McGill are co-creators and executive producers of the premiere member of the NCIS franchise.
8003:123146262335488::Thread-226 2020-08-09 18:59:45.322 - Their follow-up album, Spiceworld sold over 13 million copies worldwide.
8005:123146262335488::Thread-226 2020-08-09 18:59:45.732 - **END**
8002:123146262335488::Thread-226 2020-08-09 18:59:45.873 - Early life
Ball was trained in basketball by his father, LaVar, as soon as he could walk.
8003:123146262335488::Thread-226 2020-08-09 18:59:45.957 - The Spice Girls have sold 85 million records worldwide, making them the best-selling girl group of all time, one of the best-selling pop groups of all time, and the biggest British pop success since the Beatles.
8004:123146262335488::Thread-226 2020-08-09 18:59:46.173 - As of 2020, it is the second-longest-running scripted, non-animated U.S. primetime TV series currently airing, surpassed only by Law & Order: Special Victims Unit (1999–present), and is the 7th-longest-running scripted U.S. primetime TV series overall.
8004:123146262335488::Thread-226 2020-08-09 18:59:46.207 - The series originally had the redundant title Navy NCIS: Naval Criminal Investigative Service; this was later shortened to NCIS: Naval Criminal Investigative Service and then to NCIS.
8003:123146262335488::Thread-226 2020-08-09 18:59:46.802 - Among the highest-profile acts in 1990s popular culture, Time called them "arguably the most recognizable face" of Cool Britannia, the mid-1990s celebration of youth culture in the UK.Measures of their success include international record sales, a 2007–2008 reunion tour, a 2019 reunion tour, vast merchandising enterprises, iconic symbolism such as Halliwell's Union Jack dress representing "girl power", and a film, Spice World.
8003:123146262335488::Thread-226 2020-08-09 18:59:46.953 - The group became one of the most successful marketing engines ever, earning up to $75 million per year, with their global gross income estimated at $500–800 million by May 1998.
8004:123146262335488::Thread-226 2020-08-09 18:59:47.167 - In season six, a two-part episode led to a spin-off series, NCIS: Los Angeles.
8004:123146262335488::Thread-226 2020-08-09 18:59:47.771 - A two-part episode during the eleventh season led to a second spin-off series, NCIS: New Orleans.
8003:123146262335488::Thread-226 2020-08-09 18:59:47.842 - Under the guidance of their mentor and manager Simon Fuller, the Spice Girls embraced merchandising and became a regular feature of the British and global press.
8004:123146262335488::Thread-226 2020-08-09 18:59:48.272 - While initially slow in the ratings, barely cracking the Top 30 in the first two seasons, the third season showed progress, consistently ranking in the top 20, and by its sixth season, it became a top five hit, having remained there since.
8003:123146262335488::Thread-226 2020-08-09 18:59:48.434 - In 1996, Top of the Pops magazine gave each member of the group aliases, which were adopted by the group and media.
8006:123146262335488::Thread-226 2020-08-09 18:59:48.481 - **START**
8006:123146262335488::Thread-226 2020-08-09 18:59:48.493 - Starting new HTTPS connection (1): en.wikipedia.org
8004:123146262335488::Thread-226 2020-08-09 18:59:48.663 - In 2011, NCIS was voted America's favorite television show in an online Harris Poll.
8004:123146262335488::Thread-226 2020-08-09 18:59:49.321 - The series finished its tenth season as the most-watched television series in the U.S. during the 2012–13 network television season.
8004:123146262335488::Thread-226 2020-08-09 18:59:50.326 - **END**
8006:123146262335488::Thread-226 2020-08-09 18:59:50.424 - The rising average temperature of Earth's climate system, called global warming, is driving changes in rainfall patterns, extreme weather, arrival of seasons, and more.
8006:123146262335488::Thread-226 2020-08-09 18:59:51.489 - Collectively, global warming and its effects are known as climate change.
8003:123146262335488::Thread-226 2020-08-09 18:59:52.436 - **END**
8006:123146262335488::Thread-226 2020-08-09 18:59:52.932 - While there have been prehistoric periods of global warming, observed changes since the mid-20th century have been unprecedented in rate and scale.
8002:123146262335488::Thread-226 2020-08-09 18:59:53.874 - **END**
8006:123146262335488::Thread-226 2020-08-09 18:59:54.639 - The Intergovernmental Panel on Climate Change (IPCC) concluded that "human influence on climate has been the dominant cause of observed warming since the mid-20th century".
8002:123146262335488::Thread-226 2020-08-09 18:59:54.877 - **START**
8002:123146262335488::Thread-226 2020-08-09 18:59:54.89 - Starting new HTTPS connection (1): en.wikipedia.org
8002:123146262335488::Thread-226 2020-08-09 18:59:55.536 - Sweden (; Swedish: Sverige [ˈsvæ̌rjɛ] (listen)), officially the Kingdom of Sweden (Swedish: Konungariket Sverige [ˈkôːnɵŋaˌriːkɛt ˈsvæ̌rjɛ] (listen)), is a Nordic country in Northern Europe.
8002:123146262335488::Thread-226 2020-08-09 18:59:55.917 - It borders Norway to the west and north, Finland to the east, and is connected to Denmark in the southwest by a bridge-tunnel across the Öresund Strait.
8002:123146262335488::Thread-226 2020-08-09 18:59:55.933 - At 450,295 square kilometres (173,860 sq mi), Sweden is the largest country in Northern Europe, the third-largest country in the European Union and the fifth largest country in Europe by area.
8006:123146262335488::Thread-226 2020-08-09 18:59:56.035 - These findings have been recognized by the national science academies of major nations and are not disputed by any scientific body of national or international standing.
8006:123146262335488::Thread-226 2020-08-09 18:59:56.64 - The largest human influence has been the emission of greenhouse gases, with over 90% of the impact from carbon dioxide and methane.
8002:123146262335488::Thread-226 2020-08-09 18:59:56.758 - The capital city is Stockholm.
8002:123146262335488::Thread-226 2020-08-09 18:59:56.784 - Sweden has a total population of 10.3 million of which 2.6 million have a foreign background.
8006:123146262335488::Thread-226 2020-08-09 18:59:56.802 - Fossil fuel burning is the principal source of these gases, with agricultural emissions and deforestation also playing significant roles.
8002:123146262335488::Thread-226 2020-08-09 18:59:57.294 - Persons with foreign backgrounds are defined as persons who are foreign born, or born in Sweden with foreign born parents.
8002:123146262335488::Thread-226 2020-08-09 18:59:57.634 - It has a low population density of 22 inhabitants per square kilometre (57/sq mi).
8006:123146262335488::Thread-226 2020-08-09 18:59:58.032 - Temperature rise is enhanced by self-reinforcing climate feedbacks, such as loss of snow cover, increased water vapour, and melting permafrost.
8002:123146262335488::Thread-226 2020-08-09 18:59:58.385 - About 85% of Swedes live in urban areas and the highest concentration is in the central and southern half of the country.
8002:123146262335488::Thread-226 2020-08-09 18:59:59.144 - Sweden is part of the geographical area of Fennoscandia.
8006:123146262335488::Thread-226 2020-08-09 18:59:59.588 - Land surfaces are heating faster than the ocean surface, leading to heat waves, wildfires, and the expansion of deserts.
8005:123146262335488::Thread-226 2020-08-09 18:59:59.735 - **START**
8005:123146262335488::Thread-226 2020-08-09 18:59:59.776 - Starting new HTTPS connection (1): en.wikipedia.org
8002:123146262335488::Thread-226 2020-08-09 18:59:59.782 - The climate is in general mild for its northerly latitude due to significant maritime influence.
8006:123146262335488::Thread-226 2020-08-09 19:00:00.703 - Increasing atmospheric energy and rates of evaporation are causing more intense storms and weather extremes, damaging infrastructure and agriculture.
8005:123146262335488::Thread-226 2020-08-09 19:00:01.439 - Pompeii (, Latin: [pɔmˈpeːjjiː]) was an ancient city located in what is now the comune of Pompei near Naples in the Campania region of Italy.
8005:123146262335488::Thread-226 2020-08-09 19:00:01.914 - Pompeii, along with Herculaneum and many villas in the surrounding area (e.g.
8005:123146262335488::Thread-226 2020-08-09 19:00:01.938 - at Boscoreale, Stabiae), was buried under 4 to 6 m (13 to 20 ft) of volcanic ash and pumice in the eruption of Mount Vesuvius in AD 79.
8004:123146262335488::Thread-226 2020-08-09 19:00:02.332 - **START**
8005:123146262335488::Thread-226 2020-08-09 19:00:02.548 - Largely preserved under the ash, the excavated city offered a unique snapshot of Roman life, frozen at the moment it was buried, and an extraordinarily detailed insight into the everyday life of its inhabitants, although much of the evidence was lost in the early excavations.
8004:123146262335488::Thread-226 2020-08-09 19:00:02.651 - Starting new HTTPS connection (1): en.wikipedia.org
8005:123146262335488::Thread-226 2020-08-09 19:00:03.237 - It was a wealthy town, enjoying many fine public buildings and luxurious private houses with lavish decorations, furnishings and works of art which were the main attractions for the early excavators.
8005:123146262335488::Thread-226 2020-08-09 19:00:03.541 - Organic remains, including wooden objects and human bodies, were entombed in the ash and decayed leaving
voids which archaeologists found could be used as moulds to make plaster casts of unique and often gruesome figures in their final moments of life.
8004:123146262335488::Thread-226 2020-08-09 19:00:03.832 - The New York Yankees are an American professional baseball team based in the New York City borough of the Bronx.
8005:123146262335488::Thread-226 2020-08-09 19:00:03.863 - The numerous graffiti carved on the walls and inside rooms provide a wealth of examples of the largely lost Vulgar Latin spoken colloquially at the time, contrasting with the formal language of the classical writers.
8004:123146262335488::Thread-226 2020-08-09 19:00:04.011 - They compete in Major League Baseball (MLB) as a member club of the American League (AL) East division.
8005:123146262335488::Thread-226 2020-08-09 19:00:04.301 - Pompeii is a UNESCO World Heritage Site and is one of the most popular tourist attractions in Italy, with approximately 2.5 million visitors annually.After many excavations prior to 1960 that had uncovered most of the city but left it in decay, further major excavations were banned and instead they were limited to targeted, prioritised areas.
8004:123146262335488::Thread-226 2020-08-09 19:00:04.418 - They are one of two major league clubs based in New York City, the other being the National League's (NL) New York Mets.
8002:123146262335488::Thread-226 2020-08-09 19:00:04.785 - **END**
8005:123146262335488::Thread-226 2020-08-09 19:00:04.933 - In 2018, these led to new discoveries in some previously unexplored areas of the city.
8005:123146262335488::Thread-226 2020-08-09 19:00:04.99 - Name
Pompeii (pronounced [pɔmˈpɛjjiː]) in Latin is a second declension plural noun (Pompeiī, -ōrum).
8004:123146262335488::Thread-226 2020-08-09 19:00:05.758 - The Yankees began play in the 1901 season as the Baltimore Orioles (no relation to the modern Baltimore Orioles).
8003:123146262335488::Thread-226 2020-08-09 19:00:06.437 - **START**
8003:123146262335488::Thread-226 2020-08-09 19:00:06.442 - Starting new HTTPS connection (1): en.wikipedia.org
8004:123146262335488::Thread-226 2020-08-09 19:00:06.66 - In 1903, Frank Farrell and Bill Devery purchased the franchise after it ceased operations and moved it to New York City, renaming the club the New York Highlanders.
8004:123146262335488::Thread-226 2020-08-09 19:00:07.43 - The Highlanders were officially renamed the New York Yankees in 1913.The team is owned by Yankee Global Enterprises, an LLC that is controlled by the family of the late George Steinbrenner, who purchased the team in 1973.
8006:123146262335488::Thread-226 2020-08-09 19:00:07.706 - **END**
8003:123146262335488::Thread-226 2020-08-09 19:00:08.139 - Chelsea Football Club are an English professional football club based in Fulham, London.
8004:123146262335488::Thread-226 2020-08-09 19:00:08.383 - Brian Cashman is the team's general manager, and Aaron Boone is the team's field manager.
8003:123146262335488::Thread-226 2020-08-09 19:00:08.617 - Founded in 1905, the club competes in the Premier League, the top division of English football.
8004:123146262335488::Thread-226 2020-08-09 19:00:09.12 - The team's home games were played at the original Yankee Stadium from 1923 to 1973 and from 1976 to 2008.
8003:123146262335488::Thread-226 2020-08-09 19:00:09.622 - Chelsea are among England's most successful clubs, having won over thirty competitive honours, including six league titles and six European trophies.
8004:123146262335488::Thread-226 2020-08-09 19:00:09.991 - In 1974 and 1975, the Yankees shared Shea Stadium with the Mets, in addition to the New York Jets and the New York Giants.
8003:123146262335488::Thread-226 2020-08-09 19:00:10.37 - Their home ground is Stamford Bridge.Chelsea won their first major honour, the League Championship, in 1955.
8004:123146262335488::Thread-226 2020-08-09 19:00:10.44 - In 2009, they moved into a new ballpark of the same name that was constructed adjacent to the previous facility, which was closed and demolished.
8003:123146262335488::Thread-226 2020-08-09 19:00:10.762 - The club won the FA Cup for the first time in 1970 and their first European honour, the UEFA Cup Winners' Cup, in 1971.
8003:123146262335488::Thread-226 2020-08-09 19:00:11.192 - After a period of decline in the late 1970s and 1980s, the club enjoyed a revival in the 1990s and had more success in cup competitions.
8004:123146262335488::Thread-226 2020-08-09 19:00:11.443 - **END**
8003:123146262335488::Thread-226 2020-08-09 19:00:11.627 - The past two decades have been the most successful in Chelsea's history: they won five of its six league titles and the UEFA Champions League during this period.
8005:123146262335488::Thread-226 2020-08-09 19:00:12.998 - **END**
8003:123146262335488::Thread-226 2020-08-09 19:00:13.478 - Chelsea are one of five clubs to have won all three of UEFA's main club competitions, and the only London club to have won the Champions League.
8003:123146262335488::Thread-226 2020-08-09 19:00:13.991 - Chelsea's home kit colours are royal blue shirts and shorts with white socks.
8003:123146262335488::Thread-226 2020-08-09 19:00:15.108 - The club's crest features a ceremonial lion rampant regardant holding a staff.
8003:123146262335488::Thread-226 2020-08-09 19:00:17.109 - **END**