8002:123146056212480::Thread-177 2020-08-09 18:59:28.367 - **START**
8002:123146056212480::Thread-177 2020-08-09 18:59:28.432 - Starting new HTTPS connection (1): en.wikipedia.org
8002:123146056212480::Thread-177 2020-08-09 18:59:30.87 - Lost is an American drama television series that originally aired on ABC from September 22, 2004, to May 23, 2010, over six seasons, comprising a total of 121 episodes.
8002:123146056212480::Thread-177 2020-08-09 18:59:31.083 - The show contains elements of supernatural and science fiction, and follows the survivors of a commercial jet airliner flying between Sydney and Los Angeles, after the plane crashes on a mysterious island somewhere in the South Pacific Ocean.
8002:123146056212480::Thread-177 2020-08-09 18:59:31.906 - The story is told in a heavily serialized manner.
8004:123146056212480::Thread-177 2020-08-09 18:59:32.251 - **START**
8004:123146056212480::Thread-177 2020-08-09 18:59:33.079 - Starting new HTTPS connection (1): en.wikipedia.org
8005:123146056212480::Thread-177 2020-08-09 18:59:33.242 - **START**
8002:123146056212480::Thread-177 2020-08-09 18:59:33.431 - Episodes typically feature a primary storyline set on the island, augmented by flashback or flashforward sequences which provide additional insight into the involved characters.
8002:123146056212480::Thread-177 2020-08-09 18:59:33.541 - Lost was created by Jeffrey Lieber, J. J. Abrams and Damon Lindelof, who share story writing credits for the pilot episode, which Abrams directed.
8002:123146056212480::Thread-177 2020-08-09 18:59:34.61 - Throughout the show's run, Lindelof and Carlton Cuse served as showrunners and head writers, working together with many other executive producers and writers.
8002:123146056212480::Thread-177 2020-08-09 18:59:35.193 - Due to its large ensemble cast and the cost of filming primarily on location in Oahu, Hawaii, the series was one of the most expensive on television, with the pilot alone costing over $14 million.
8006:123146056212480::Thread-177 2020-08-09 18:59:35.275 - **START**
8004:123146056212480::Thread-177 2020-08-09 18:59:35.62 - Sir William Wallace (Scottish Gaelic: Uilleam Uallas, pronounced [ˈɯʎam ˈuəl̪ˠəs̪]; Norman French: William le Waleys; born c. 1270, died 23 August 1305) was a Scottish knight who became one of the main leaders during the First War of Scottish Independence.Along with Andrew Moray, Wallace defeated an English army at the Battle of Stirling Bridge in September 1297.
8005:123146056212480::Thread-177 2020-08-09 18:59:35.999 - Starting new HTTPS connection (1): en.wikipedia.org
8004:123146056212480::Thread-177 2020-08-09 18:59:36.338 - He was appointed Guardian of Scotland and served until his defeat at the Battle of Falkirk in July 1298.
8002:123146056212480::Thread-177 2020-08-09 18:59:36.57 - The fictional universe and mythology of Lost are expanded upon by a number of related media, most importantly, a series of short mini-episodes called Missing Pieces, and a 12-minute epilogue titled "The New Man in Charge".
8006:123146056212480::Thread-177 2020-08-09 18:59:36.724 - Starting new HTTPS connection (1): en.wikipedia.org
8004:123146056212480::Thread-177 2020-08-09 18:59:37.333 - In August 1305, Wallace was captured in Robroyston, near Glasgow, and handed over to King Edward I of England, who had him hanged, drawn and quartered for high treason and crimes against English civilians.
8004:123146056212480::Thread-177 2020-08-09 18:59:37.786 - Since his death, Wallace has obtained an iconic status far beyond his homeland.
8002:123146056212480::Thread-177 2020-08-09 18:59:37.974 - Lost has regularly been ranked by critics as one of the greatest television series of all time.
8004:123146056212480::Thread-177 2020-08-09 18:59:38.242 - He is the protagonist of Blind Harry's 15th-century epic poem The Wallace and the subject of literary works by Sir Walter Scott and Jane Porter, and of the Academy Award-winning film Braveheart.
8004:123146056212480::Thread-177 2020-08-09 18:59:38.573 - He was first cousin to Roger de Kirkpatrick.
8003:123146056212480::Thread-177 2020-08-09 18:59:39.275 - **START**
8002:123146056212480::Thread-177 2020-08-09 18:59:39.298 - The first season had an estimated average of 16 million viewers per episode on ABC.
8004:123146056212480::Thread-177 2020-08-09 18:59:39.349 - Roger himself was a third cousin to Robert the Bruce.
8004:123146056212480::Thread-177 2020-08-09 18:59:39.89 - Background

William Wallace was a member of the lesser nobility, but little is definitely known of his family history or even his parentage.
8004:123146056212480::Thread-177 2020-08-09 18:59:40.048 - Blind Harry's late-15th-century poem gives his father as Sir Malcolm of Elderslie; however, William's own seal, found on a letter sent to the Hanse city of Lübeck in 1297, gives his father's name as Alan Wallace.
8004:123146056212480::Thread-177 2020-08-09 18:59:40.446 - This Alan Wallace may be the same as the one listed in the 1296 Ragman Rolls as a crown tenant in Ayrshire, but there is no additional confirmation.
8004:123146056212480::Thread-177 2020-08-09 18:59:40.447 - **END**
8002:123146056212480::Thread-177 2020-08-09 18:59:40.757 - During its sixth and final season, the show averaged over 11 million U.S. viewers per episode.
8006:123146056212480::Thread-177 2020-08-09 18:59:40.817 - Jennifer Shrader Lawrence (born August 15, 1990) is an American actress.
8003:123146056212480::Thread-177 2020-08-09 18:59:40.884 - Starting new HTTPS connection (1): en.wikipedia.org
8005:123146056212480::Thread-177 2020-08-09 18:59:41.301 - Zion Lateef Williamson (born July 6, 2000) is an American professional basketball player for the New Orleans Pelicans of the National Basketball Association (NBA).
8005:123146056212480::Thread-177 2020-08-09 18:59:42.277 - He plays the power forward position.
8004:123146056212480::Thread-177 2020-08-09 18:59:42.449 - **START**
8006:123146056212480::Thread-177 2020-08-09 18:59:42.886 - The films she has acted in have grossed over $6 billion worldwide, and she was the highest-paid actress in the world in 2015 and 2016.
8004:123146056212480::Thread-177 2020-08-09 18:59:43.275 - Starting new HTTPS connection (1): en.wikipedia.org
8003:123146056212480::Thread-177 2020-08-09 18:59:43.577 - Leicester City Football Club is an English professional football club based in Leicester in the East Midlands.
8003:123146056212480::Thread-177 2020-08-09 18:59:43.824 - The club competes in the Premier League, the top division of England's football league system, and plays its home matches at the King Power Stadium.The club was founded in 1884 as Leicester Fosse F.C., playing on a field near Fosse Road.
8003:123146056212480::Thread-177 2020-08-09 18:59:44.124 - They moved to Filbert Street in 1891, were elected to the Football League in 1894 and adopted the name Leicester City in 1919.
8005:123146056212480::Thread-177 2020-08-09 18:59:44.249 - Following a dominant freshman-year stint with the Duke Blue Devils, he was selected by the Pelicans first overall in the 2019 NBA draft.
8006:123146056212480::Thread-177 2020-08-09 18:59:44.677 - Lawrence appeared in Time's 100 most influential people in the world list in 2013 and in the Forbes Celebrity 100 list in 2014 and 2016.
8004:123146056212480::Thread-177 2020-08-09 18:59:44.689 - Vatican may refer to:


The Holy See
The Holy See, the governing body of the Catholic Church and sovereign entity recognized by international law, consisting of the pope and the Roman Curia
A metonym for the governance of the Catholic Church, particularly when attributing doctrine
Roman Curia, the administrative apparatus of the Holy See
Vatican Library, of the Roman Curia.
8004:123146056212480::Thread-177 2020-08-09 18:59:44.802 - Vatican Apostolic Archive, which were separated from the Vatican Library in the 17th century
Vatican Publishing House, the publisher of official documents of the Holy See, separated from the Vatican Library in 1926


Vatican City
Vatican City, the city-state ruled by the pope in Rome, including St. Peter's Basilica, Sistine Chapel, Vatican Museums
Apostolic Palace, the official residence of the pope on the Vatican Hill, sometimes called the Vatican Palace
St.
8003:123146056212480::Thread-177 2020-08-09 18:59:44.935 - They moved to the nearby Walkers Stadium in 2002, which was renamed the King Power Stadium in 2011.Leicester won the 2015–16 Premier League, their first top-level football championship.
8006:123146056212480::Thread-177 2020-08-09 18:59:44.941 - During her childhood, Lawrence performed in church plays and school musicals.
8003:123146056212480::Thread-177 2020-08-09 18:59:45.257 - They are one of only seven clubs to have won the Premier League since its inception in 1992.
8005:123146056212480::Thread-177 2020-08-09 18:59:45.3 - Born in Salisbury, North Carolina, Williamson attended Spartanburg Day School, where he was a consensus five-star recruit and was ranked among the top five players in the 2018 class.
8003:123146056212480::Thread-177 2020-08-09 18:59:45.492 - A number of newspapers described Leicester's title win as the greatest sporting shock ever; multiple bookmakers had never paid out at such long odds for any sport.
8003:123146056212480::Thread-177 2020-08-09 18:59:45.57 - As a result, the team was dubbed "The Unbelievables", a spin-off harking back to Arsenal's undefeated team "The Invincibles".
8003:123146056212480::Thread-177 2020-08-09 18:59:45.899 - The club's previous highest finish was second place in the top flight, in 1928–29, then known as the First Division.
8005:123146056212480::Thread-177 2020-08-09 18:59:46.084 - He led his team to three straight state championships and earned South Carolina Mr. Basketball recognition in his senior season.
8006:123146056212480::Thread-177 2020-08-09 18:59:46.351 - At age 14, she was spotted by a talent scout while vacationing in New York City with her family.
8006:123146056212480::Thread-177 2020-08-09 18:59:46.39 - Lawrence then moved to Los Angeles and began her acting career by playing guest roles in television shows.
8003:123146056212480::Thread-177 2020-08-09 18:59:46.633 - Throughout their history, Leicester have spent all but one season in the top two divisions of English football.
8003:123146056212480::Thread-177 2020-08-09 18:59:46.735 - They hold a joint-highest seven second-tier titles (six Second Division and one Championship).
8006:123146056212480::Thread-177 2020-08-09 18:59:47.002 - Her first major role came as a main cast member on the sitcom The Bill Engvall Show (2007–2009).
8005:123146056212480::Thread-177 2020-08-09 18:59:47.217 - Williamson also left high school as a McDonald's All-American, runner-up for Mr. Basketball USA, and USA Today All-USA first team honoree.
8006:123146056212480::Thread-177 2020-08-09 18:59:47.706 - Lawrence made her film debut in a supporting role in the drama Garden Party (2008), and had her breakthrough playing a poverty-stricken teenager in the independent drama Winter's Bone (2010).
8005:123146056212480::Thread-177 2020-08-09 18:59:48.909 - In high school, he drew national attention for his slam dunks.
8002:123146056212480::Thread-177 2020-08-09 18:59:49.761 - **END**
8005:123146056212480::Thread-177 2020-08-09 18:59:49.776 - In his freshman and only season with Duke, Williamson was named ACC Player of the Year, ACC Athlete of the Year and ACC Rookie of the Year.
8006:123146056212480::Thread-177 2020-08-09 18:59:50.455 - Her career progressed with her starring roles as the mutant Mystique in the X-Men film series (2011–2019) and Katniss Everdeen in the Hunger Games film series (2012–2015).
8006:123146056212480::Thread-177 2020-08-09 18:59:52.051 - The latter established her as the highest-grossing action heroine of all time.
8004:123146056212480::Thread-177 2020-08-09 18:59:52.804 - **END**
8003:123146056212480::Thread-177 2020-08-09 18:59:55.739 - **END**
8005:123146056212480::Thread-177 2020-08-09 18:59:57.782 - **END**
8006:123146056212480::Thread-177 2020-08-09 18:59:59.054 - **END**
8002:123146056212480::Thread-177 2020-08-09 19:00:02.767 - **START**
8002:123146056212480::Thread-177 2020-08-09 19:00:02.992 - Starting new HTTPS connection (1): en.wikipedia.org
8002:123146056212480::Thread-177 2020-08-09 19:00:04.443 - Shanghai Tower (Chinese: 上海中心大厦; pinyin: Shànghǎi Zhōngxīn Dàshà; Shanghainese: Zånhe Tsonshin Dasa; lit.
8005:123146056212480::Thread-177 2020-08-09 19:00:04.784 - **START**
8005:123146056212480::Thread-177 2020-08-09 19:00:04.789 - Starting new HTTPS connection (1): en.wikipedia.org
8004:123146056212480::Thread-177 2020-08-09 19:00:04.806 - **START**
8004:123146056212480::Thread-177 2020-08-09 19:00:04.811 - Starting new HTTPS connection (1): en.wikipedia.org
8006:123146056212480::Thread-177 2020-08-09 19:00:06.06 - **START**
8006:123146056212480::Thread-177 2020-08-09 19:00:06.086 - Starting new HTTPS connection (1): en.wikipedia.org
8005:123146056212480::Thread-177 2020-08-09 19:00:06.339 - The Mausoleum at Halicarnassus or Tomb of Mausolus (Ancient Greek: Μαυσωλεῖον τῆς Ἁλικαρνασσοῦ; Turkish: Halikarnas Mozolesi) was a tomb built between 353 and 350 BC in Halicarnassus (present Bodrum, Turkey) for Mausolus, a native Anatolian from Caria and a satrap in the Achaemenid Empire, and his sister-wife Artemisia II of Caria.
8004:123146056212480::Thread-177 2020-08-09 19:00:06.498 - Jacqueline Marie Evancho ( ee-VANG-koh; born April 9, 2000) is an American classical crossover singer who gained wide recognition at an early age.
8002:123146056212480::Thread-177 2020-08-09 19:00:06.999 - : 'Shanghai Center Building') is a 632-metre (2,073 ft), 128-story megatall skyscraper in Lujiazui, Pudong, Shanghai.
8005:123146056212480::Thread-177 2020-08-09 19:00:07.288 - The structure was designed by the Greek architects Satyros and Pythius of Priene.
8006:123146056212480::Thread-177 2020-08-09 19:00:07.565 - Mia Khalifa (; Arabic: ميا خليفة‎, Lebanese Arabic pronunciation: [ˈmiːa xaˈliːfe]; born February 10, 1993), also known as Mia Callista, is a Lebanese-American social media personality, sports commentator, webcam model, and former pornographic actress.
8004:123146056212480::Thread-177 2020-08-09 19:00:08.02 - Since 2009, she has issued a platinum-selling EP and eight albums, including three Billboard 200 top 10 debuts.
8005:123146056212480::Thread-177 2020-08-09 19:00:08.201 - Its elevated tomb structure is derived from the tombs of neighbouring Lycia, a territory Mausolus had invaded and annexed circa 360 BC, such as the Nereid Monument.The Mausoleum was approximately 45 m (148 ft) in height, and the four sides were adorned with sculptural reliefs, each created by one of four Greek sculptors: Leochares, Bryaxis, Scopas of Paros, and Timotheus.
8004:123146056212480::Thread-177 2020-08-09 19:00:08.291 - She has also been the subject of three solo PBS concert specials.
8006:123146056212480::Thread-177 2020-08-09 19:00:08.454 - Born in Beirut, Lebanon, Khalifa moved to the United States in 2001.
8006:123146056212480::Thread-177 2020-08-09 19:00:08.565 - She began acting in pornography in October 2014, and by December was ranked the most viewed performer on the website Pornhub.
8005:123146056212480::Thread-177 2020-08-09 19:00:08.613 - The finished structure of the mausoleum was considered to be such an aesthetic triumph that Antipater of Sidon identified it as one of his Seven Wonders of the Ancient World.
8003:123146056212480::Thread-177 2020-08-09 19:00:08.741 - **START**
8003:123146056212480::Thread-177 2020-08-09 19:00:08.746 - Starting new HTTPS connection (1): en.wikipedia.org
8005:123146056212480::Thread-177 2020-08-09 19:00:09.148 - It was destroyed by successive earthquakes from the 12th to the 15th century, the last surviving of the six destroyed wonders.
8002:123146056212480::Thread-177 2020-08-09 19:00:09.248 - It is the world's second-tallest building by height to architectural top and it shares the record (along with the Ping An Finance Center) of having the world's highest observation deck within a building or structure at 562 m. It had the world's second-fastest elevators at a top speed of 20.5 metres per second (74 km/h; 46 mph) until 2017,  when it was surpassed by the Guangzhou CTF Finance Centre, with a top speed of 21 metres per second (76 km/h; 47 mph).
8004:123146056212480::Thread-177 2020-08-09 19:00:09.337 - Between 2008 and 2010, Evancho entered talent competitions, sang the US national anthem at a Pittsburgh Pirates baseball game, issued her first album, Prelude to a Dream, and attracted interest on YouTube.
8006:123146056212480::Thread-177 2020-08-09 19:00:09.533 - Her career choice was met with controversy in the Middle East, especially for a video in which she performed sexual acts while wearing the Islamic hijab.
8005:123146056212480::Thread-177 2020-08-09 19:00:09.785 - The word mausoleum has now come to be used generically for an above-ground tomb.
8002:123146056212480::Thread-177 2020-08-09 19:00:10.129 - Designed by international design firm Gensler and owned by the Shanghai city government, it is the tallest of the world's first triple-adjacent supertall buildings in Pudong, the other two being the Jin Mao Tower and the Shanghai World Financial Center.
8003:123146056212480::Thread-177 2020-08-09 19:00:10.162 - Aston Villa Football Club is an English professional football club based in Aston, Birmingham.
8004:123146056212480::Thread-177 2020-08-09 19:00:10.213 - In 2010, at the age of ten, she gained wide notice with her 2nd-place finish in the fifth season of America's Got Talent.
8006:123146056212480::Thread-177 2020-08-09 19:00:10.25 - Khalifa left the pornographic industry to pursue other interests.
8003:123146056212480::Thread-177 2020-08-09 19:00:10.292 - The club competes in the Premier League, the top tier of the English football league system.
8005:123146056212480::Thread-177 2020-08-09 19:00:10.409 - Conquest

In the 4th century BC, Halicarnassus was the capital of a small regional kingdom of Caria within the Achaemenid Empire on the western coast of Asia Minor.
8006:123146056212480::Thread-177 2020-08-09 19:00:10.533 - Early life
Mia Khalifa was born on February 10, 1993, in Beirut, Lebanon, and moved with her family to the United States in January 2001, leaving their home in the wake of the South Lebanon conflict.
8005:123146056212480::Thread-177 2020-08-09 19:00:11.013 - In 377 BC, the nominal ruler of the region, Hecatomnus of Milas, died and left the control of the kingdom to his son, Mausolus.
8003:123146056212480::Thread-177 2020-08-09 19:00:11.036 - Founded in 1874, they have played at their home ground, Villa Park, since 1897.
8005:123146056212480::Thread-177 2020-08-09 19:00:11.127 - Hecatomnus, a local dynast under the Persians, took control of several of the neighboring cities and districts.
8004:123146056212480::Thread-177 2020-08-09 19:00:11.222 - With the 2010 holiday release of her O Holy Night EP, Evancho became the best-selling debut artist of 2010, the youngest top-10 debut artist in US history and the youngest solo artist ever to go platinum in the US.
8006:123146056212480::Thread-177 2020-08-09 19:00:11.344 - Her family is Catholic and she was raised in that religion, in what she describes as a "very conservative" home, although she is no longer practicing.
8005:123146056212480::Thread-177 2020-08-09 19:00:11.384 - After Artemisia and Mausolus, he had several other daughters and sons: Ada (adoptive mother of Alexander the Great), Idrieus and Pixodarus.
8004:123146056212480::Thread-177 2020-08-09 19:00:11.833 - In 2011, her first full-length album, Dream with Me debuted at No.
8006:123146056212480::Thread-177 2020-08-09 19:00:11.923 - Khalifa attended a French private school in Beirut, where she learned to speak English.
8006:123146056212480::Thread-177 2020-08-09 19:00:12.712 - After moving to the United States, she lived in Montgomery County, Maryland, and played lacrosse in high school.
8004:123146056212480::Thread-177 2020-08-09 19:00:12.75 - 2 on the Billboard 200 chart, and she became the youngest top-5 debut artist in UK history.
8006:123146056212480::Thread-177 2020-08-09 19:00:13.02 - Khalifa attended Northwest High School.
8002:123146056212480::Thread-177 2020-08-09 19:00:13.076 - Its tiered construction, designed for high energy efficiency, provides nine separate zones divided between office, retail and leisure use.Construction work on the tower began in November 2008 and topped out on 3 August 2013.
8002:123146056212480::Thread-177 2020-08-09 19:00:13.145 - The exterior was completed in summer 2015, and work was considered complete in September 2015.
8004:123146056212480::Thread-177 2020-08-09 19:00:13.405 - Billboard ranked Evancho the top Classical Albums Artist for 2011.
8003:123146056212480::Thread-177 2020-08-09 19:00:13.552 - Aston Villa were one of the founder members of the Football League in 1888 and of the Premier League in 1992.
8002:123146056212480::Thread-177 2020-08-09 19:00:13.682 - Although the building was originally scheduled to open to the public in November 2014, the actual public-use date slipped considerably.
8003:123146056212480::Thread-177 2020-08-09 19:00:14.155 - Villa are one of only five English clubs to have won the European Cup, in 1981–82.
8004:123146056212480::Thread-177 2020-08-09 19:00:14.424 - Later that year, Evancho released a full-length holiday album, Heavenly Christmas, and became the youngest person ever to give a solo concert at Lincoln Center in New York City as part of her first concert tour.
8002:123146056212480::Thread-177 2020-08-09 19:00:14.439 - The observation deck was opened to visitors in July 2016; the period from July through September 2016 was termed a "test run" or "commissioning" period.
8002:123146056212480::Thread-177 2020-08-09 19:00:15.412 - Since April 26, 2017, the sightseeing deck on the 118th floor has been open to the public.
8003:123146056212480::Thread-177 2020-08-09 19:00:15.472 - They have also won the Football League First Division seven times, the FA Cup seven times, the League Cup five times, and the European (UEFA) Super Cup once.
8002:123146056212480::Thread-177 2020-08-09 19:00:15.669 - Since opening the tower has had significant maintenance issues and remains largely unoccupied.
8004:123146056212480::Thread-177 2020-08-09 19:00:16.367 - In 2012, Evancho released Songs from the Silver Screen, her third top-10 album debut.
8003:123146056212480::Thread-177 2020-08-09 19:00:16.635 - Villa have a fierce local rivalry with Birmingham City and the Second City derby between the teams has been played since 1879.
8005:123146056212480::Thread-177 2020-08-09 19:00:18.386 - **END**
8003:123146056212480::Thread-177 2020-08-09 19:00:18.533 - The club's traditional kit colours are claret shirts with sky blue sleeves, white shorts and sky blue socks.
8002:123146056212480::Thread-177 2020-08-09 19:00:18.675 - **END**
8006:123146056212480::Thread-177 2020-08-09 19:00:20.024 - **END**
8004:123146056212480::Thread-177 2020-08-09 19:00:20.368 - **END**
8003:123146056212480::Thread-177 2020-08-09 19:00:21.183 - Their traditional club badge is of a rampant lion.
8003:123146056212480::Thread-177 2020-08-09 19:00:23.878 - The club is currently owned by the NSWE group, a company owned by the Egyptian billionaire Nassef Sawiris and the American billionaire Wes Edens.
8003:123146056212480::Thread-177 2020-08-09 19:00:28.883 - **END**