8002:123145740718080::Thread-102 2020-08-09 18:59:32.34 - **START**
8002:123145740718080::Thread-102 2020-08-09 18:59:33.388 - Starting new HTTPS connection (1): en.wikipedia.org
8005:123145740718080::Thread-102 2020-08-09 18:59:35.228 - **START**
8002:123145740718080::Thread-102 2020-08-09 18:59:35.759 - Italy (Italian: Italia [iˈtaːlja] (listen)), officially the Italian Republic (Italian: Repubblica Italiana [reˈpubblika itaˈljaːna]),  is a sovereign country consisting of a peninsula delimited by the Alps and surrounded by several islands.
8002:123145740718080::Thread-102 2020-08-09 18:59:36.083 - Italy is located in south-central Europe, and is considered part of western Europe.
8004:123145740718080::Thread-102 2020-08-09 18:59:36.227 - **START**
8003:123145740718080::Thread-102 2020-08-09 18:59:36.263 - **START**
8003:123145740718080::Thread-102 2020-08-09 18:59:36.545 - Starting new HTTPS connection (1): en.wikipedia.org
8002:123145740718080::Thread-102 2020-08-09 18:59:36.755 - A unitary parliamentary republic with Rome as its capital, the country covers a total area of 301,340 km2 (116,350 sq mi) and shares land borders with France, Switzerland, Austria, Slovenia, and the enclaved microstates of Vatican City and San Marino.
8002:123145740718080::Thread-102 2020-08-09 18:59:37.221 - Italy has a territorial exclave in Switzerland (Campione) and a maritime exclave in Tunisian waters (Lampedusa).
8006:123145740718080::Thread-102 2020-08-09 18:59:37.262 - **START**
8006:123145740718080::Thread-102 2020-08-09 18:59:37.508 - Starting new HTTPS connection (1): en.wikipedia.org
8002:123145740718080::Thread-102 2020-08-09 18:59:38.018 - With around 60 million inhabitants, Italy is the third-most populous member state of the European Union.
8005:123145740718080::Thread-102 2020-08-09 18:59:38.065 - Starting new HTTPS connection (1): en.wikipedia.org
8002:123145740718080::Thread-102 2020-08-09 18:59:38.09 - Due to its central geographic location in Southern Europe and the Mediterranean, Italy has historically been home to myriad peoples and cultures.
8002:123145740718080::Thread-102 2020-08-09 18:59:38.215 - In addition to the various ancient peoples dispersed throughout what is now modern-day Italy, the most predominant being the Indo-European Italic peoples who gave the peninsula its name, beginning from the classical era, Phoenicians and Carthaginians founded colonies mostly in insular Italy, Greeks established settlements in the so-called Magna Graecia of Southern Italy, while Etruscans and Celts inhabited central and northern Italy respectively.
8002:123145740718080::Thread-102 2020-08-09 18:59:38.391 - An Italic tribe known as the Latins formed the Roman Kingdom in the 8th century BC, which eventually became a republic with a government of the Senate and the People.
8002:123145740718080::Thread-102 2020-08-09 18:59:39.113 - The Roman Republic initially conquered and assimilated its neighbours on the Italian peninsula, eventually expanding and conquering parts of Europe, North Africa and  Asia.
8002:123145740718080::Thread-102 2020-08-09 18:59:39.181 - By the first century BC, the Roman Empire emerged as the dominant power in the Mediterranean Basin and became a leading cultural, political and religious centre, inaugurating the Pax Romana, a period of more than 200 years during which Italy's law, technology, economy, art, and literature developed.
8004:123145740718080::Thread-102 2020-08-09 18:59:39.601 - Starting new HTTPS connection (1): en.wikipedia.org
8003:123145740718080::Thread-102 2020-08-09 18:59:39.642 - Hadrian's Wall (Latin: Vallum Aelium), also known as the Roman Wall, Picts' Wall, or Vallum Hadriani in Latin, is a former defensive fortification of the Roman province of Britannia, begun in AD 122 in the reign of the emperor Hadrian.
8003:123145740718080::Thread-102 2020-08-09 18:59:39.855 - It ran from the banks of the River Tyne near the North Sea to the Solway Firth on the Irish Sea, and was the northern limit of the Roman Empire, immediately north of which were the lands of the northern Ancient Britons, including the Picts.
8003:123145740718080::Thread-102 2020-08-09 18:59:40.472 - It had a stone base and a stone wall.
8006:123145740718080::Thread-102 2020-08-09 18:59:40.672 - New York City, often called simply New York and abbreviated as NYC, is the most populous city in the United States.
8003:123145740718080::Thread-102 2020-08-09 18:59:41.389 - There were milecastles with two turrets in between.
8006:123145740718080::Thread-102 2020-08-09 18:59:41.482 - With an estimated 2019 population of 8,336,817 distributed over about 302.6 square miles (784 km2), New York City is also the most densely populated major city in the United States.
8003:123145740718080::Thread-102 2020-08-09 18:59:41.862 - There was a fort about every five Roman miles.
8003:123145740718080::Thread-102 2020-08-09 18:59:41.973 - From north to south, the wall comprised a ditch, wall, military way and vallum, another ditch with adjoining mounds.
8005:123145740718080::Thread-102 2020-08-09 18:59:42.447 - Red Hot Chili Peppers (commonly abbreviated as RHCP) are an American rock band formed in Los Angeles in 1983.
8003:123145740718080::Thread-102 2020-08-09 18:59:42.481 - It is thought the milecastles were staffed with static garrisons, whereas the forts had fighting garrisons of infantry and cavalry.
8003:123145740718080::Thread-102 2020-08-09 18:59:42.853 - In addition to the wall's defensive military role, its gates may have been customs posts.A significant portion of the wall still stands and can be followed on foot along the adjoining Hadrian's Wall Path.
8003:123145740718080::Thread-102 2020-08-09 18:59:42.927 - The largest Roman archaeological feature in Britain, it runs a total of 73 miles (117.5 kilometres)  in northern England.
8006:123145740718080::Thread-102 2020-08-09 18:59:43.228 - Located at the southern tip of the U.S. state of New York, the city is the center of the New York metropolitan area, the largest metropolitan area in the world by urban landmass.
8003:123145740718080::Thread-102 2020-08-09 18:59:43.249 - Regarded as a British cultural icon, Hadrian's Wall is one of Britain's major ancient tourist attractions.
8003:123145740718080::Thread-102 2020-08-09 18:59:43.249 - **END**
8005:123145740718080::Thread-102 2020-08-09 18:59:43.605 - Their music incorporates elements of alternative rock, funk, punk rock and psychedelic rock.
8004:123145740718080::Thread-102 2020-08-09 18:59:43.818 - Graduation is the third studio album by American rapper and producer Kanye West, released on September 11, 2007, through Def Jam Recordings and Roc-A-Fella Records.
8005:123145740718080::Thread-102 2020-08-09 18:59:44.665 - The band consists of vocalist Anthony Kiedis, guitarist John Frusciante, bassist Flea, and drummer Chad Smith.
8006:123145740718080::Thread-102 2020-08-09 18:59:44.711 - With almost 20 million people in its metropolitan statistical area and approximately 23 million in its combined statistical area, it is one of the world's most populous megacities.
8006:123145740718080::Thread-102 2020-08-09 18:59:44.874 - New York City has been described as the cultural, financial, and media capital of the world, significantly influencing commerce, entertainment, research, technology, education, politics, tourism, art, fashion, and sports.
8006:123145740718080::Thread-102 2020-08-09 18:59:45.203 - Home to the headquarters of the United Nations, New York is an important center for international diplomacy.Situated on one of the world's largest natural harbors, New York City is composed of five boroughs, each of which is a county of the State of New York.
8004:123145740718080::Thread-102 2020-08-09 18:59:45.381 - Recording sessions took place between 2005 and 2007 at several studios in New York and Los Angeles.
8005:123145740718080::Thread-102 2020-08-09 18:59:46.41 - With over 80 million records sold worldwide, Red Hot Chili Peppers are one of the best-selling bands of all time.
8005:123145740718080::Thread-102 2020-08-09 18:59:46.733 - They are the most successful band in the history of alternative rock, with the records for most number-one singles (13), most cumulative weeks at number one (85) and most top-ten songs (25) on the Billboard Alternative Songs chart.
8006:123145740718080::Thread-102 2020-08-09 18:59:47.205 - The five boroughs—Brooklyn, Queens, Manhattan, the Bronx, and Staten Island—were consolidated into a single city in 1898.
8004:123145740718080::Thread-102 2020-08-09 18:59:47.415 - It was primarily produced by West himself, with contributions from various other producers.
8005:123145740718080::Thread-102 2020-08-09 18:59:47.485 - They have won six Grammy Awards, and in 2012 were inducted into the Rock and Roll Hall of Fame.
8006:123145740718080::Thread-102 2020-08-09 18:59:47.731 - The city and its metropolitan area constitute the premier gateway for legal immigration to the United States.
8004:123145740718080::Thread-102 2020-08-09 18:59:47.813 - The album also features guest appearances from recording artists such as Dwele, T-Pain, Lil Wayne, DJ Premier, and Chris Martin of Coldplay.
8002:123145740718080::Thread-102 2020-08-09 18:59:48.183 - **END**
8005:123145740718080::Thread-102 2020-08-09 18:59:48.248 - Red Hot Chili Peppers were formed in Los Angeles by Kiedis, Flea, guitarist Hillel Slovak, and drummer Jack Irons.
8006:123145740718080::Thread-102 2020-08-09 18:59:48.986 - As many as 800 languages are spoken in New York, making it the most linguistically diverse city in the world.
8006:123145740718080::Thread-102 2020-08-09 18:59:49.99 - New York is home to more than 3.2 million residents born outside the United States, the largest foreign-born population of any city in the world as of 2016.
8005:123145740718080::Thread-102 2020-08-09 18:59:50.095 - Because of commitments to other bands, Slovak and Irons did not play on the band's 1984 self-titled debut album; instead, the album featured Jack Sherman on guitar and Cliff Martinez on drums.
8004:123145740718080::Thread-102 2020-08-09 18:59:50.245 - The cover art and its interior artwork were designed by Japanese contemporary artist Takashi Murakami, who would also design the cover art for West's collaborative album with Kid Cudi, eponymously titled Kids See Ghosts (2018).
8004:123145740718080::Thread-102 2020-08-09 18:59:51.766 - Inspired by stadium tours, house-music and indie rock, Graduation marked a departure from the ornate, soul-based sound of West's previous releases as he musically progressed to more anthemic compositions.
8005:123145740718080::Thread-102 2020-08-09 18:59:51.833 - However, Slovak rejoined shortly after its release and performed on the albums Freaky Styley (1985) and The Uplift Mofo Party Plan (1987), the latter of which saw a reunion of the original lineup.
8003:123145740718080::Thread-102 2020-08-09 18:59:52.263 - **START**
8003:123145740718080::Thread-102 2020-08-09 18:59:52.278 - Starting new HTTPS connection (1): en.wikipedia.org
8005:123145740718080::Thread-102 2020-08-09 18:59:52.319 - Slovak died of a drug overdose on June 25, 1988; Irons, devastated, left the band.
8003:123145740718080::Thread-102 2020-08-09 18:59:53.591 - The British Museum, in the Bloomsbury area of London, United Kingdom, is a public institution dedicated to human history, art and culture.
8004:123145740718080::Thread-102 2020-08-09 18:59:54.045 - West incorporated layered synthesizers and dabbled with electronics while sampling from various music genres and altering his approach to rapping.
8005:123145740718080::Thread-102 2020-08-09 18:59:55.322 - **END**
8003:123145740718080::Thread-102 2020-08-09 18:59:55.564 - Its permanent collection of some eight million works is among the largest and most comprehensive in existence, having been widely sourced during the era of the British Empire.
8004:123145740718080::Thread-102 2020-08-09 18:59:55.632 - He conveys an ambivalent outlook on his newfound fame and media scrutiny alongside providing inspirational messages of triumph directed at listeners.
8003:123145740718080::Thread-102 2020-08-09 18:59:55.699 - It documents the story of human culture from its beginnings to the present.
8004:123145740718080::Thread-102 2020-08-09 18:59:57.576 - Graduation concludes the education theme of West's first two albums The College Dropout (2004) and Late Registration (2005).
8003:123145740718080::Thread-102 2020-08-09 18:59:57.636 - It was the first public national museum in the world.The British Museum was established in 1753, largely based on the collections of the Irish physician and scientist Sir Hans Sloane.
8004:123145740718080::Thread-102 2020-08-09 18:59:57.717 - Graduation debuted at number one on the US Billboard 200, selling over 957,000 copies in the first week of sales.
8003:123145740718080::Thread-102 2020-08-09 18:59:58.06 - It first opened to the public in 1759, in Montagu House, on the site of the current building.
8002:123145740718080::Thread-102 2020-08-09 18:59:58.185 - **START**
8002:123145740718080::Thread-102 2020-08-09 18:59:58.19 - Starting new HTTPS connection (1): en.wikipedia.org
8006:123145740718080::Thread-102 2020-08-09 18:59:58.991 - **END**
8003:123145740718080::Thread-102 2020-08-09 18:59:59.111 - Its expansion over the following 250 years was largely a result of expanding British colonisation and has resulted in the creation of several branch institutions, the first being the Natural History Museum in 1881.
8003:123145740718080::Thread-102 2020-08-09 18:59:59.682 - In 1973, the British Library Act 1972 detached the library department from the British Museum, but it continued to host the now separated British Library in the same Reading Room and building as the museum until 1997.
8002:123145740718080::Thread-102 2020-08-09 18:59:59.711 - Heath Andrew Ledger (4 April 1979 – 22 January 2008) was an Australian actor, photographer and music video director.
8004:123145740718080::Thread-102 2020-08-09 18:59:59.718 - **END**
8002:123145740718080::Thread-102 2020-08-09 19:00:00.919 - After performing roles in several Australian television and film productions during the 1990s, Ledger left for the United States in 1998 to further develop his film career.
8003:123145740718080::Thread-102 2020-08-09 19:00:01.189 - The museum is a non-departmental public body sponsored by the Department for Digital, Culture, Media and Sport, and as with all national museums in the UK it charges no admission fee, except for loan exhibitions.Its ownership of some of its most famous objects originating in other countries is disputed and remains the subject of international controversy, most notably in the case of the Elgin Marbles of Greece and the Rosetta Stone of Egypt.
8006:123145740718080::Thread-102 2020-08-09 19:00:01.992 - **START**
8006:123145740718080::Thread-102 2020-08-09 19:00:02.232 - Starting new HTTPS connection (1): en.wikipedia.org
8002:123145740718080::Thread-102 2020-08-09 19:00:02.839 - His work consisted of nineteen films, including 10 Things I Hate About You (1999), The Patriot (2000), A Knight's Tale (2001), Monster's Ball (2001), Lords of Dogtown (2005), Brokeback Mountain (2005), Candy (2006), The Dark Knight (2008), and The Imaginarium of Doctor Parnassus (2009), the latter two being posthumous releases.
8002:123145740718080::Thread-102 2020-08-09 19:00:02.974 - He also produced and directed music videos and aspired to be a film director.For his portrayal of Ennis Del Mar in Brokeback Mountain, Ledger won the New York Film Critics Circle Award for Best Actor and the Best International Actor Award from the Australian Film Institute; he was the first actor to win the latter award posthumously.
8003:123145740718080::Thread-102 2020-08-09 19:00:03.152 - History


Sir Hans Sloane

Although today principally a museum of cultural art objects and antiquities, the British Museum was founded as a "universal museum".
8006:123145740718080::Thread-102 2020-08-09 19:00:04.377 - Singapore ( (listen)), officially the Republic of Singapore, is a sovereign island city-state in maritime Southeast Asia.
8003:123145740718080::Thread-102 2020-08-09 19:00:04.619 - Its foundations lie in the will of the Irish physician and naturalist Sir Hans Sloane (1660–1753), a London-based doctor and scientist from Ulster.
8002:123145740718080::Thread-102 2020-08-09 19:00:04.714 - He was nominated for the BAFTA Award for Best Actor in a Leading Role and the Academy Award for Best Actor.
8004:123145740718080::Thread-102 2020-08-09 19:00:05.72 - **START**
8004:123145740718080::Thread-102 2020-08-09 19:00:05.726 - Starting new HTTPS connection (1): en.wikipedia.org
8002:123145740718080::Thread-102 2020-08-09 19:00:05.754 - Posthumously, he shared the 2007 Independent Spirit Robert Altman Award with the rest of the ensemble cast, the director, and the casting director for the film I'm Not There, which was inspired by the life and songs of American singer-songwriter Bob Dylan.
8006:123145740718080::Thread-102 2020-08-09 19:00:06.372 - It lies about one degree of latitude (137 kilometres or 85 miles) north of the equator, off the southern tip of the Malay Peninsula, bordering the Straits of Malacca to the west, the Riau Islands to the south, and the South China Sea to the east.
8004:123145740718080::Thread-102 2020-08-09 19:00:06.405 - Singapore ( (listen)), officially the Republic of Singapore, is a sovereign island city-state in maritime Southeast Asia.
8004:123145740718080::Thread-102 2020-08-09 19:00:06.67 - It lies about one degree of latitude (137 kilometres or 85 miles) north of the equator, off the southern tip of the Malay Peninsula, bordering the Straits of Malacca to the west, the Riau Islands to the south, and the South China Sea to the east.
8002:123145740718080::Thread-102 2020-08-09 19:00:06.944 - In the film, Ledger portrayed a fictional actor named Robbie Clark, one of six characters embodying aspects of Dylan's life and persona.Ledger died on 22 January 2008 due to an accidental overdose of prescription medications.
8004:123145740718080::Thread-102 2020-08-09 19:00:07.137 - The country's territory is composed of one main island, 63 satellite islands and islets, and one outlying islet, the combined area of which has increased by 25% since the country's independence as a result of extensive land reclamation projects.
8002:123145740718080::Thread-102 2020-08-09 19:00:07.973 - A few months before his death, Ledger had finished filming his performance as the Joker in The Dark Knight.
8006:123145740718080::Thread-102 2020-08-09 19:00:07.998 - The country's territory is composed of one main island, 63 satellite islands and islets, and one outlying islet, the combined area of which has increased by 25% since the country's independence as a result of extensive land reclamation projects.
8004:123145740718080::Thread-102 2020-08-09 19:00:08.132 - The country is home to 5.7 million residents, 61% (3.4 million) of whom are Singaporean citizens.
8002:123145740718080::Thread-102 2020-08-09 19:00:08.649 - At the time of his death, The Dark Knight was in its editing phase, and The Imaginarium of Doctor Parnassus was in the midst of filming, in which he was playing his last role as Tony.
8004:123145740718080::Thread-102 2020-08-09 19:00:09.05 - There are four official languages of Singapore: English, Malay, Chinese, and Tamil; with English being the lingua franca.
8006:123145740718080::Thread-102 2020-08-09 19:00:09.225 - The country is home to 5.7 million residents, 61% (3.4 million) of whom are Singaporean citizens.
8004:123145740718080::Thread-102 2020-08-09 19:00:09.478 - This reflects in its rich cultural diversity and extensive ethnic cuisine and major festivals.
8002:123145740718080::Thread-102 2020-08-09 19:00:09.55 - His untimely death also affected the subsequent promotion of The Dark Knight.
8004:123145740718080::Thread-102 2020-08-09 19:00:09.564 - Multiracialism is enshrined in the constitution, and continues to shape national policies in education, housing, and politics.
8004:123145740718080::Thread-102 2020-08-09 19:00:10.306 - Although its history stretches back millennia, modern Singapore was founded in 1819 by Sir Stamford Raffles as a trading post of the British Empire.
8006:123145740718080::Thread-102 2020-08-09 19:00:10.501 - There are four official languages of Singapore: English, Malay, Chinese, and Tamil; with English being the lingua franca.
8004:123145740718080::Thread-102 2020-08-09 19:00:10.501 - In 1867, the colonies in East Asia were reorganised and Singapore came under the direct control of Britain as part of the Straits Settlements.
8006:123145740718080::Thread-102 2020-08-09 19:00:10.825 - This reflects in its rich cultural diversity and extensive ethnic cuisine and major festivals.
8004:123145740718080::Thread-102 2020-08-09 19:00:10.942 - During the Second World War, Singapore was occupied by Japan in 1942 but returned to British control as a separate crown colony following Japan's surrender in 1945.
8005:123145740718080::Thread-102 2020-08-09 19:00:11.323 - **START**
8005:123145740718080::Thread-102 2020-08-09 19:00:11.327 - Starting new HTTPS connection (1): en.wikipedia.org
8003:123145740718080::Thread-102 2020-08-09 19:00:11.625 - **END**
8006:123145740718080::Thread-102 2020-08-09 19:00:11.983 - Multiracialism is enshrined in the constitution, and continues to shape national policies in education, housing, and politics.
8005:123145740718080::Thread-102 2020-08-09 19:00:12.906 - Ronda Jean Rousey (; born February 1, 1987) is an American professional wrestler, actress, author, and former professional mixed martial artist and judoka who has been signed to WWE as a wrestler since 2018.
8006:123145740718080::Thread-102 2020-08-09 19:00:13.223 - Although its history stretches back millennia, modern Singapore was founded in 1819 by Sir Stamford Raffles as a trading post of the British Empire.
8005:123145740718080::Thread-102 2020-08-09 19:00:13.666 - Her longstanding nickname, "Rowdy", was inherited from late professional wrestler Roddy Piper.After becoming the first American woman to earn an Olympic medal in judo by winning bronze at the 2008 Summer Olympics, Rousey began pursuing a career in mixed martial arts (MMA).
8006:123145740718080::Thread-102 2020-08-09 19:00:13.719 - In 1867, the colonies in East Asia were reorganised and Singapore came under the direct control of Britain as part of the Straits Settlements.
8002:123145740718080::Thread-102 2020-08-09 19:00:14.556 - **END**
8005:123145740718080::Thread-102 2020-08-09 19:00:14.679 - She won her MMA debut for King of the Cage before going to Strikeforce, where she became the last-ever Strikeforce Women's Bantamweight Champion before the Ultimate Fighting Championship (UFC) bought Strikeforce in 2011.
8006:123145740718080::Thread-102 2020-08-09 19:00:15.0 - During the Second World War, Singapore was occupied by Japan in 1942 but returned to British control as a separate crown colony following Japan's surrender in 1945.
8004:123145740718080::Thread-102 2020-08-09 19:00:15.944 - **END**
8005:123145740718080::Thread-102 2020-08-09 19:00:16.641 - She was their inaugural female champion when she was named UFC Women's Bantamweight Champion.
8005:123145740718080::Thread-102 2020-08-09 19:00:17.658 - Rousey took part in the first women's fight in UFC history when she successfully defended her title against Liz Carmouche at UFC 157.
8005:123145740718080::Thread-102 2020-08-09 19:00:18.549 - After setting the record for most UFC title defenses by a woman (6), Rousey had her first professional loss in MMA when she lost her title to Holly Holm.
8005:123145740718080::Thread-102 2020-08-09 19:00:20.145 - In 2018, she became the first female fighter to be inducted into the UFC Hall of Fame.In 2018, Rousey began a career in professional wrestling, signing a contract with WWE.
8005:123145740718080::Thread-102 2020-08-09 19:00:21.0 - She debuted at WrestleMania 34, and later won the Raw Women's Championship, her first WWE and professional wrestling title, at SummerSlam.
8005:123145740718080::Thread-102 2020-08-09 19:00:22.084 - She then headlined the inaugural WWE all-women's pay-per-view event when she successfully defended her title against Nikki Bella at WWE Evolution.
8005:123145740718080::Thread-102 2020-08-09 19:00:23.108 - Rousey had her first WWE loss when she lost her title in the first-ever women's WrestleMania main-event to Becky Lynch in a triple threat match at WrestleMania 35; this left her reign as Raw Women's Champion as the second-longest in the title's history at 231 days.
8005:123145740718080::Thread-102 2020-08-09 19:00:23.992 - She has also enjoyed success as an actress and author, appearing in the films The Expendables 3 (2014), Furious 7 (2015), and Mile 22 (2018), and releasing her autobiography My Fight / Your Fight in 2015.Rousey is the only woman to win a championship in both the UFC and WWE, as well as the only woman to headline a pay-per-view event in both companies.
8006:123145740718080::Thread-102 2020-08-09 19:00:24.007 - **END**
8005:123145740718080::Thread-102 2020-08-09 19:00:30.998 - **END**