8004:123145850089472::Thread-128 2020-08-09 18:59:31.221 - **START**
8004:123145850089472::Thread-128 2020-08-09 18:59:31.501 - Starting new HTTPS connection (1): en.wikipedia.org
8006:123145850089472::Thread-128 2020-08-09 18:59:33.266 - **START**
8004:123145850089472::Thread-128 2020-08-09 18:59:33.907 - The Willis Tower (formerly and informally:  Sears Tower, its name for 36 years) is a 110-story, 1,450-foot (442.1 m) skyscraper in Chicago, Illinois.
8006:123145850089472::Thread-128 2020-08-09 18:59:34.092 - Starting new HTTPS connection (1): en.wikipedia.org
8005:123145850089472::Thread-128 2020-08-09 18:59:34.284 - **START**
8002:123145850089472::Thread-128 2020-08-09 18:59:34.393 - **START**
8004:123145850089472::Thread-128 2020-08-09 18:59:35.373 - At completion in 1973, it surpassed the World Trade Center in New York City to become the tallest building in the world, a title that it held for nearly 25 years; it was also the tallest building in the Western Hemisphere for 41 years, until the new One World Trade Center surpassed it in 2014.
8002:123145850089472::Thread-128 2020-08-09 18:59:35.643 - Starting new HTTPS connection (1): en.wikipedia.org
8005:123145850089472::Thread-128 2020-08-09 18:59:36.025 - Starting new HTTPS connection (1): en.wikipedia.org
8006:123145850089472::Thread-128 2020-08-09 18:59:36.336 - Noah Lindsey Cyrus (born January 8, 2000) is an American singer, songwriter, and actress.
8004:123145850089472::Thread-128 2020-08-09 18:59:36.66 - While it held the title of "Tallest Office Building" until 2014, it lost the title of "Tallest Man-Made Structure" after only 3 years.
8006:123145850089472::Thread-128 2020-08-09 18:59:36.93 - In 2016, she released her debut single "Make Me (Cry)", featuring vocals from Labrinth.
8004:123145850089472::Thread-128 2020-08-09 18:59:37.871 - The CN Tower in Toronto, which serves as a communications tower, took over the title in 1976.
8006:123145850089472::Thread-128 2020-08-09 18:59:38.942 - Cyrus is the fifth child of Billy Ray and Tish Cyrus, and she is the youngest sibling of Trace, Brandi, and Miley Cyrus.
8002:123145850089472::Thread-128 2020-08-09 18:59:39.769 - The Bee Gees
were a music group formed in 1958.
8003:123145850089472::Thread-128 2020-08-09 18:59:40.275 - **START**
8006:123145850089472::Thread-128 2020-08-09 18:59:40.709 - She was named one of Time's 30 Most Influential Teens in 2017.
8004:123145850089472::Thread-128 2020-08-09 18:59:40.872 - The Willis Tower is considered a seminal achievement for engineer Fazlur Rahman Khan.
8003:123145850089472::Thread-128 2020-08-09 18:59:40.883 - Starting new HTTPS connection (1): en.wikipedia.org
8002:123145850089472::Thread-128 2020-08-09 18:59:41.032 - Their lineup consisted of brothers Barry, Robin, and Maurice Gibb.
8005:123145850089472::Thread-128 2020-08-09 18:59:41.577 - The New England Patriots are a professional American football team based in the Greater Boston area.
8006:123145850089472::Thread-128 2020-08-09 18:59:41.8 - Early life
Cyrus was born January 8, 2000, in Nashville, Tennessee, to producer and director Tish Cyrus and country singer Billy Ray Cyrus.
8004:123145850089472::Thread-128 2020-08-09 18:59:42.031 - It is currently the third-tallest building in the United States and the Western hemisphere – and the 23rd-tallest in the world.
8002:123145850089472::Thread-128 2020-08-09 18:59:42.166 - The trio were especially successful as a popular music act in the late 1960s and early 1970s, and later as prominent performers of the disco music era in the mid-to-late 1970s.
8005:123145850089472::Thread-128 2020-08-09 18:59:42.262 - The Patriots compete in the National Football League (NFL) as a member club of the league's American Football Conference (AFC) East division.
8004:123145850089472::Thread-128 2020-08-09 18:59:43.264 - Each year, more than one million people visit its observation deck, the highest in the United States, making it one of Chicago's most popular tourist destinations.
8003:123145850089472::Thread-128 2020-08-09 18:59:43.457 - The rising average temperature of Earth's climate system, called global warming, is driving changes in rainfall patterns, extreme weather, arrival of seasons, and more.
8003:123145850089472::Thread-128 2020-08-09 18:59:43.76 - Collectively, global warming and its effects are known as climate change.
8002:123145850089472::Thread-128 2020-08-09 18:59:43.855 - The group sang recognisable three-part tight harmonies; Robin's clear vibrato lead vocals were a hallmark of their earlier hits, while Barry's R&B falsetto became their signature sound during the mid-to-late 1970s and 1980s.
8002:123145850089472::Thread-128 2020-08-09 18:59:44.223 - The Bee Gees wrote all of their own hits, as well as writing and producing several major hits for other artists.
8006:123145850089472::Thread-128 2020-08-09 18:59:44.492 - Her parents have had a volatile marriage, each filing for divorce on different occasions, but restoring their relationship.
8003:123145850089472::Thread-128 2020-08-09 18:59:44.798 - While there have been prehistoric periods of global warming, observed changes since the mid-20th century have been unprecedented in rate and scale.
8002:123145850089472::Thread-128 2020-08-09 18:59:44.972 - The Bee Gees are widely referred to by many critics, media outlets and fellow artists as the "Kings of Disco".Born on the Isle of Man to English parents, the Gibb brothers lived in Chorlton, Manchester, England until the late 1950s.
8003:123145850089472::Thread-128 2020-08-09 18:59:45.21 - The Intergovernmental Panel on Climate Change (IPCC) concluded that "human influence on climate has been the dominant cause of observed warming since the mid-20th century".
8005:123145850089472::Thread-128 2020-08-09 18:59:45.402 - The team plays its home games at Gillette Stadium in the town of Foxborough, Massachusetts, which is located 28 miles (45 km) southwest of downtown Boston.
8006:123145850089472::Thread-128 2020-08-09 18:59:46.032 - Her siblings include Miley, Braison, Brandi, Trace, and Christopher Cyrus, who have also mostly become musicians and entertainers.
8003:123145850089472::Thread-128 2020-08-09 18:59:46.075 - These findings have been recognized by the national science academies of major nations and are not disputed by any scientific body of national or international standing.
8004:123145850089472::Thread-128 2020-08-09 18:59:46.202 - The structure was renamed in 2009 by the Willis Group as a term of its lease.
8002:123145850089472::Thread-128 2020-08-09 18:59:46.857 - There, in 1955, they formed the skiffle/rock and roll group the Rattlesnakes.
8006:123145850089472::Thread-128 2020-08-09 18:59:46.889 - Their paternal grandfather, Ron Cyrus, was a politician in Kentucky.
8005:123145850089472::Thread-128 2020-08-09 18:59:46.94 - The Patriots are also headquartered at Gillette Stadium.
8003:123145850089472::Thread-128 2020-08-09 18:59:46.984 - The largest human influence has been the emission of greenhouse gases, with over 90% of the impact from carbon dioxide and methane.
8006:123145850089472::Thread-128 2020-08-09 18:59:47.409 - Acting career
At the age of two, Cyrus began her acting career, playing Gracie Hebert on the sixth episode of the television show Doc.
8002:123145850089472::Thread-128 2020-08-09 18:59:47.457 - The family then moved to Redcliffe, in the Moreton Bay Region, Queensland, Australia, and then to Cribb Island.
8002:123145850089472::Thread-128 2020-08-09 18:59:47.552 - After achieving their first chart success in Australia as the Bee Gees with "Spicks and Specks" (their 12th single), they returned to the UK in January 1967, when producer Robert Stigwood began promoting them to a worldwide audience.
8003:123145850089472::Thread-128 2020-08-09 18:59:47.82 - Fossil fuel burning is the principal source of these gases, with agricultural emissions and deforestation also playing significant roles.
8006:123145850089472::Thread-128 2020-08-09 18:59:47.835 - She was a background dancer in the 2009 film Hannah Montana: The Movie, and played small roles in six episodes of the Disney Channel Original Series Hannah Montana.
8006:123145850089472::Thread-128 2020-08-09 18:59:47.836 - **END**
8005:123145850089472::Thread-128 2020-08-09 18:59:48.052 - Founded in 1959 as the Boston Patriots, an original member of the American Football League (AFL), the team joined the NFL in the leagues' 1970 merger, then changed its name when it moved to Foxborough in 1971.
8004:123145850089472::Thread-128 2020-08-09 18:59:48.172 - As of April 2018, the building's largest tenant is United Airlines, which moved its corporate headquarters from 77 West Wacker Drive (then the United Building) in 2012, occupying around 20 floors.
8003:123145850089472::Thread-128 2020-08-09 18:59:48.548 - Temperature rise is enhanced by self-reinforcing climate feedbacks, such as loss of snow cover, increased water vapour, and melting permafrost.
8002:123145850089472::Thread-128 2020-08-09 18:59:49.014 - The Bee Gees' Saturday Night Fever soundtrack (1978) would be the turning point of their career, with both the film and soundtrack having a cultural impact throughout the world, enhancing the disco scene's mainstream appeal.
8003:123145850089472::Thread-128 2020-08-09 18:59:49.316 - Land surfaces are heating faster than the ocean surface, leading to heat waves, wildfires, and the expansion of deserts.
8003:123145850089472::Thread-128 2020-08-09 18:59:49.527 - Increasing atmospheric energy and rates of evaporation are causing more intense storms and weather extremes, damaging infrastructure and agriculture.
8005:123145850089472::Thread-128 2020-08-09 18:59:49.899 - The New England Patriots played their home games at Foxboro Stadium through 2001, then moved to Gillette Stadium at the start of the 2002 season.
8004:123145850089472::Thread-128 2020-08-09 18:59:50.29 - Other major tenants include the building's namesake Willis Towers Watson and law firms Schiff Hardin and Seyfarth Shaw.
8005:123145850089472::Thread-128 2020-08-09 18:59:50.432 - The Patriots' rivalry with the New York Jets is considered one of the most bitter rivalries in the NFL.
8002:123145850089472::Thread-128 2020-08-09 18:59:51.016 - **END**
8003:123145850089472::Thread-128 2020-08-09 18:59:51.532 - **END**
8005:123145850089472::Thread-128 2020-08-09 18:59:52.774 - Since the arrival of head coach Bill Belichick and quarterback Tom Brady in 2000, the Patriots have become one of the most successful teams in NFL history, claiming 16 AFC East titles as part of 18 consecutive winning seasons since 2001.
8004:123145850089472::Thread-128 2020-08-09 18:59:53.294 - **END**
8005:123145850089472::Thread-128 2020-08-09 18:59:54.761 - The franchise has since set numerous notable records, including most wins in a ten-year period (126, in 2003–2012), an undefeated 16-game regular season in 2007, the longest winning streak consisting of regular season and playoff games in NFL history (a 21-game streak from October 2003 to October 2004), and the most consecutive division titles won by a team in NFL history (11 straight division titles from 2009 to 2019).
8005:123145850089472::Thread-128 2020-08-09 18:59:55.475 - The team owns the record for most Super Bowl appearances (nine) and wins (six) by a head coach–quarterback tandem, most conference championships overall (11), most Super Bowl appearances overall (11).
8005:123145850089472::Thread-128 2020-08-09 18:59:56.519 - The Patriots are tied with the Pittsburgh Steelers for the most Super Bowl wins (six), and with the Denver Broncos for the most Super Bowl losses (five).
8006:123145850089472::Thread-128 2020-08-09 18:59:57.849 - **START**
8006:123145850089472::Thread-128 2020-08-09 18:59:57.948 - Starting new HTTPS connection (1): en.wikipedia.org
8006:123145850089472::Thread-128 2020-08-09 18:59:59.448 - LeBron Raymone James Sr. (; born December 30, 1984) is an American professional basketball player for the Los Angeles Lakers of the National Basketball Association (NBA).
8006:123145850089472::Thread-128 2020-08-09 19:00:00.082 - He is widely considered to be one of the greatest basketball players in NBA history.
8006:123145850089472::Thread-128 2020-08-09 19:00:00.609 - Discussions ranking him as the greatest basketball player of all time have often been subject to significant debate, with frequent comparisons to Michael Jordan.
8006:123145850089472::Thread-128 2020-08-09 19:00:01.131 - James's teams have played in eight consecutive NBA Finals (2011–2018 seasons) between the Miami Heat and Cleveland Cavaliers.
8006:123145850089472::Thread-128 2020-08-09 19:00:01.265 - His accomplishments include three NBA championships, four NBA Most Valuable Player (MVP) Awards, three Finals MVP Awards, and two Olympic gold medals.
8006:123145850089472::Thread-128 2020-08-09 19:00:01.281 - James holds the all-time record for playoffs points, is third in all-time points, and eighth in all-time assists.
8003:123145850089472::Thread-128 2020-08-09 19:00:01.541 - **START**
8003:123145850089472::Thread-128 2020-08-09 19:00:01.651 - Starting new HTTPS connection (1): en.wikipedia.org
8006:123145850089472::Thread-128 2020-08-09 19:00:01.732 - James was selected to the All-NBA First Team twelve times (all-time record), made the All-Defensive First Team five times, and has played in sixteen All-Star Games, in which he was selected All-Star MVP three times.
8006:123145850089472::Thread-128 2020-08-09 19:00:02.2 - James played basketball for St. Vincent–St.
8004:123145850089472::Thread-128 2020-08-09 19:00:03.301 - **START**
8004:123145850089472::Thread-128 2020-08-09 19:00:03.423 - Starting new HTTPS connection (1): en.wikipedia.org
8002:123145850089472::Thread-128 2020-08-09 19:00:04.024 - **START**
8003:123145850089472::Thread-128 2020-08-09 19:00:04.085 - William I (c. 1028 – 9 September 1087), usually known as William the Conqueror and sometimes William the Bastard, was the first Norman King of England, reigning from 1066 until his death in 1087.
8002:123145850089472::Thread-128 2020-08-09 19:00:04.086 - Starting new HTTPS connection (1): en.wikipedia.org
8005:123145850089472::Thread-128 2020-08-09 19:00:04.52 - **END**
8003:123145850089472::Thread-128 2020-08-09 19:00:04.599 - He was a descendant of Rollo and was Duke of Normandy from 1035 onward.
8004:123145850089472::Thread-128 2020-08-09 19:00:05.058 - Justin Drew Bieber (; born March 1, 1994) is a Canadian singer, songwriter, and actor.
8002:123145850089472::Thread-128 2020-08-09 19:00:06.184 - Joan of Arc (French: Jeanne d'Arc pronounced [ʒan daʁk]; c. 1412 – 30 May 1431), nicknamed "The Maid of Orléans" (French: La Pucelle d'Orléans), is considered a heroine of France for her role during the Lancastrian phase of the Hundred Years' War, and was canonized as a Roman Catholic saint.
8006:123145850089472::Thread-128 2020-08-09 19:00:06.205 - **END**
8003:123145850089472::Thread-128 2020-08-09 19:00:06.482 - His hold was secure on Normandy by 1060, following a long struggle to establish his throne, and he launched the Norman conquest of England six years later.
8004:123145850089472::Thread-128 2020-08-09 19:00:06.594 - Discovered at the age of 13 by talent manager Scooter Braun after he had watched his YouTube cover song videos, Bieber was signed to RBMG Records in 2008.
8002:123145850089472::Thread-128 2020-08-09 19:00:06.959 - She was born to Jacques d'Arc and Isabelle Romée, a peasant family, at Domrémy in northeast France.
8004:123145850089472::Thread-128 2020-08-09 19:00:07.638 - With Bieber's debut EP My World, released in late 2009, Bieber became the first artist to have seven songs from a debut record chart on the Billboard Hot 100.Bieber released his debut studio album My World 2.0 in 2010.
8002:123145850089472::Thread-128 2020-08-09 19:00:07.878 - Joan claimed to have received visions of the archangel Michael, Saint Margaret, and Saint Catherine of Alexandria instructing her to support Charles VII and recover France from English domination late in the Hundred Years' War.
8002:123145850089472::Thread-128 2020-08-09 19:00:08.509 - The unanointed King Charles VII sent Joan to the Siege of Orléans as part of a relief army.
8003:123145850089472::Thread-128 2020-08-09 19:00:08.535 - The rest of his life was marked by struggles to consolidate his hold over England and his continental lands and by difficulties with his eldest son, Robert Curthose.
8003:123145850089472::Thread-128 2020-08-09 19:00:08.823 - William was the son of the unmarried Robert I, Duke of Normandy, by his mistress Herleva.
8003:123145850089472::Thread-128 2020-08-09 19:00:09.386 - His illegitimate status and his youth caused some difficulties for him after he succeeded his father, as did the anarchy which plagued the first years of his rule.
8002:123145850089472::Thread-128 2020-08-09 19:00:10.052 - She gained prominence after the siege was lifted only nine days later.
8002:123145850089472::Thread-128 2020-08-09 19:00:10.097 - Several additional swift victories led to Charles VII's consecration at Reims.
8004:123145850089472::Thread-128 2020-08-09 19:00:10.259 - Containing the hit single "Baby", the album debuted at number one on the US Billboard 200, making Bieber the youngest solo male act to top the chart in 47 years.
8002:123145850089472::Thread-128 2020-08-09 19:00:11.336 - This long-awaited event boosted French morale and paved the way for the final French victory.
8002:123145850089472::Thread-128 2020-08-09 19:00:11.57 - On 23 May 1430, she was captured at Compiègne by the Burgundian faction, a group of French nobles allied with the English.
8003:123145850089472::Thread-128 2020-08-09 19:00:11.643 - During his childhood and adolescence, members of the Norman aristocracy battled each other, both for control of the child duke and for their own ends.
8004:123145850089472::Thread-128 2020-08-09 19:00:12.583 - Following his debut album and promotional tours, he released his 3D biopic-concert film Justin Bieber: Never Say Never, which was a box office success.
8002:123145850089472::Thread-128 2020-08-09 19:00:13.393 - She was later handed over to the English and put on trial by the pro-English bishop Pierre Cauchon on a variety of charges.
8003:123145850089472::Thread-128 2020-08-09 19:00:14.03 - In 1047, William was able to quash a rebellion and begin to establish his authority over the duchy, a process that was not complete until about 1060.
8004:123145850089472::Thread-128 2020-08-09 19:00:15.084 - In the years after the releases of the Under the Mistletoe (2011) and Believe (2012), Bieber had established himself as a teen idol, but faced several controversies, including run-ins with the law internationally before his first arrest in 2014.Following the controversies surrounding Bieber, his sound became more mature as he transitioned into EDM and moved away from teen pop.
8004:123145850089472::Thread-128 2020-08-09 19:00:15.635 - Released in 2015, his fourth studio album Purpose became his most commercially successful album, spawning three Billboard Hot 100 number-one singles: "What Do You Mean?
8003:123145850089472::Thread-128 2020-08-09 19:00:16.251 - His marriage in the 1050s to Matilda of Flanders provided him with a powerful ally in the neighbouring county of Flanders.
8003:123145850089472::Thread-128 2020-08-09 19:00:16.252 - **END**
8004:123145850089472::Thread-128 2020-08-09 19:00:16.682 - ", "Sorry", and "Love Yourself".
8002:123145850089472::Thread-128 2020-08-09 19:00:19.397 - **END**
8004:123145850089472::Thread-128 2020-08-09 19:00:19.426 - After the release of Purpose, Bieber had featured on several successful collaborations, including "Cold Water", "Let Me Love You", "Despacito (Remix)", "I'm the One", "I Don't Care" and "10,000 Hours".
8004:123145850089472::Thread-128 2020-08-09 19:00:20.167 - After taking some time off to refocus on his marriage to American model Hailey Baldwin, Bieber released his fifth studio album, Changes, which became his seventh chart-topper in the US.
8004:123145850089472::Thread-128 2020-08-09 19:00:20.731 - Bieber has sold more than 150 million records, making him one of the world's best-selling music artists.
8004:123145850089472::Thread-128 2020-08-09 19:00:22.558 - He has won numerous awards, including a Grammy Award, 15 American Music Awards, 20 Billboard Music Awards, two Brit Awards, a Latin Grammy Award, a record 21 MTV Europe Music Awards, and three MTV Video Music Awards.
8004:123145850089472::Thread-128 2020-08-09 19:00:22.56 - **END**