8005:123145938427904::Thread-149 2020-08-09 18:59:29.216 - **START**
8005:123145938427904::Thread-149 2020-08-09 18:59:29.447 - Starting new HTTPS connection (1): en.wikipedia.org
8003:123145938427904::Thread-149 2020-08-09 18:59:30.272 - **START**
8003:123145938427904::Thread-149 2020-08-09 18:59:31.138 - Starting new HTTPS connection (1): en.wikipedia.org
8005:123145938427904::Thread-149 2020-08-09 18:59:31.314 - Once Upon a Time is  an American fantasy adventure drama television series that aired on ABC from October 23, 2011 to May 18, 2018.
8005:123145938427904::Thread-149 2020-08-09 18:59:31.689 - The first six seasons are largely set in the fictitious seaside town of Storybrooke, Maine, with the characters of Emma Swan and her 10-year-old son, Henry Mills, as the leads — whilst the seventh and final season takes place in Seattle, Washington, in the fictitious neighborhood of Hyperion Heights, with a new main narrative led by adult Henry Mills, his wife Ella (Jacinda), and their daughter Lucy.
8005:123145938427904::Thread-149 2020-08-09 18:59:32.441 - The show's more notable characters are based on original Disney characters from The Walt Disney Company and popular Western literature, folklore, Greek mythology, and fairy tales.
8005:123145938427904::Thread-149 2020-08-09 18:59:33.177 - The family of Snow White and Prince Charming from Disney's Snow White and the Seven Dwarfs are the main family featured in the series.
8005:123145938427904::Thread-149 2020-08-09 18:59:33.926 - Once Upon a Time was created by Lost & Tron: Legacy writers Edward Kitsis and Adam Horowitz.
8006:123145938427904::Thread-149 2020-08-09 18:59:34.311 - **START**
8003:123145938427904::Thread-149 2020-08-09 18:59:34.414 - Janine Marie Lindemulder (born November 14, 1968), also known as Janine Marie James, is an American exotic dancer and adult film actress, best known for her work in American pornographic films (typically credited as just Janine) during the mid-1990s and since a 2004 comeback.
8005:123145938427904::Thread-149 2020-08-09 18:59:34.42 - A spin-off series, Once Upon a Time in Wonderland, consisting of 13 episodes which followed the peculiar character from the 1865 novel Alice's Adventures in Wonderland by Lewis Carroll, premiered on October 10, 2013 and concluded on April 3, 2014.
8005:123145938427904::Thread-149 2020-08-09 18:59:34.819 - Series overview
For the first six seasons, the series is set in the fictional seaside town of Storybrooke, Maine, in which the residents are actually fairy tale characters that were transported to the real world town and robbed of their memories by Regina, the Evil Queen (Lana Parrilla) who used a powerful dark curse obtained from Rumplestiltskin (Robert Carlyle).
8006:123145938427904::Thread-149 2020-08-09 18:59:34.991 - Starting new HTTPS connection (1): en.wikipedia.org
8005:123145938427904::Thread-149 2020-08-09 18:59:35.135 - The residents of Storybrooke, where Regina is mayor, have lived an unchanging existence for 28 years, unaware of their own agelessness.
8005:123145938427904::Thread-149 2020-08-09 18:59:35.953 - The town's only hope lies with a bail-bonds person from the Land Without Magic, named Emma Swan (Jennifer Morrison), only daughter of Snow White (Ginnifer Goodwin) and Prince Charming (Josh Dallas).
8003:123145938427904::Thread-149 2020-08-09 18:59:36.049 - Lindemulder has appeared in several music videos for bands including Blink-182 as well as appearing on the cover of their 1999 album Enema of the State.
8002:123145938427904::Thread-149 2020-08-09 18:59:36.354 - **START**
8005:123145938427904::Thread-149 2020-08-09 18:59:36.891 - Emma was transported from the Enchanted Forest to the real world via a magic wardrobe as an infant before the curse was cast.
8002:123145938427904::Thread-149 2020-08-09 18:59:36.997 - Starting new HTTPS connection (1): en.wikipedia.org
8004:123145938427904::Thread-149 2020-08-09 18:59:37.213 - **START**
8003:123145938427904::Thread-149 2020-08-09 18:59:37.293 - Early career
Janine Lindemulder modeled for Penthouse magazine, making her first appearance in the December 1987 issue, as the Pet of the Month.
8006:123145938427904::Thread-149 2020-08-09 18:59:37.411 - Zion Lateef Williamson (born July 6, 2000) is an American professional basketball player for the New Orleans Pelicans of the National Basketball Association (NBA).
8004:123145938427904::Thread-149 2020-08-09 18:59:37.827 - Starting new HTTPS connection (1): en.wikipedia.org
8003:123145938427904::Thread-149 2020-08-09 18:59:38.554 - She appeared several more times in Penthouse over the next ten years, and was chosen as Pet of the Year Runner-Up for 1990.Lindemulder's first cinematic role came in the 1988 Italian film Bersaglio sull'autostrada, known as Moving Target in English-speaking countries.
8006:123145938427904::Thread-149 2020-08-09 18:59:39.14 - He plays the power forward position.
8005:123145938427904::Thread-149 2020-08-09 18:59:39.898 - **END**
8003:123145938427904::Thread-149 2020-08-09 18:59:40.329 - She was credited as Janine Linde.
8006:123145938427904::Thread-149 2020-08-09 18:59:40.666 - Following a dominant freshman-year stint with the Duke Blue Devils, he was selected by the Pelicans first overall in the 2019 NBA draft.
8006:123145938427904::Thread-149 2020-08-09 18:59:40.831 - Born in Salisbury, North Carolina, Williamson attended Spartanburg Day School, where he was a consensus five-star recruit and was ranked among the top five players in the 2018 class.
8002:123145938427904::Thread-149 2020-08-09 18:59:41.457 - Indira Gandhi International Airport (IATA: DEL, ICAO: VIDP) serves as the major international aviation hub of the Indian capital city of New Delhi as well as India.
8003:123145938427904::Thread-149 2020-08-09 18:59:41.496 - She went on to act in other lower-tier mainstream films, including Spring Break USA and Caged Fury.
8002:123145938427904::Thread-149 2020-08-09 18:59:41.582 - The airport, spread over an area of 5,106 acres (2,066 ha), is situated in Palam, 15 km (9.3 mi) south-west of the New Delhi railway station and 16 km (9.9 mi) from New Delhi city centre.
8006:123145938427904::Thread-149 2020-08-09 18:59:41.761 - He led his team to three straight state championships and earned South Carolina Mr. Basketball recognition in his senior season.
8006:123145938427904::Thread-149 2020-08-09 18:59:41.812 - Williamson also left high school as a McDonald's All-American, runner-up for Mr. Basketball USA, and USA Today All-USA first team honoree.
8002:123145938427904::Thread-149 2020-08-09 18:59:41.862 - Named after former Prime Minister of India Indira Gandhi, it is the busiest airport in India in terms of passenger traffic since 2009.
8003:123145938427904::Thread-149 2020-08-09 18:59:42.933 - Adult film career
Lindemulder made her adult film debut in the 1992 feature Andrew Blake's Hidden Obsessions.
8002:123145938427904::Thread-149 2020-08-09 18:59:43.566 - It is also the busiest airport in the country in terms of cargo traffic, overtaking Mumbai during late 2015.
8004:123145938427904::Thread-149 2020-08-09 18:59:43.585 - Isabela Moner (born July 10, 2001), also known as Isabela Merced, is an American actress and singer.
8006:123145938427904::Thread-149 2020-08-09 18:59:43.615 - In high school, he drew national attention for his slam dunks.
8002:123145938427904::Thread-149 2020-08-09 18:59:44.653 - In the calendar year 2018, it was the 12th busiest airport in the world and 6th busiest airport in Asia by passenger traffic handling nearly 70 million passengers.
8003:123145938427904::Thread-149 2020-08-09 18:59:44.898 - She was featured in two more adult movies before joining Vivid Video as an exclusive "contract girl" (who are collectively referred to as the Vivid Girls).
8006:123145938427904::Thread-149 2020-08-09 18:59:45.074 - In his freshman and only season with Duke, Williamson was named ACC Player of the Year, ACC Athlete of the Year and ACC Rookie of the Year.
8006:123145938427904::Thread-149 2020-08-09 18:59:45.074 - **END**
8003:123145938427904::Thread-149 2020-08-09 18:59:45.139 - Her first Vivid release was titled Parlor Games.
8003:123145938427904::Thread-149 2020-08-09 18:59:45.392 - Lindemulder subsequently appeared featured in over fifty other Vivid titles.
8004:123145938427904::Thread-149 2020-08-09 18:59:45.867 - She played the lead role of CJ Martin on the Nickelodeon television series 100 Things to Do Before High School.
8002:123145938427904::Thread-149 2020-08-09 18:59:46.082 - It is the world's busiest airport for Airbus A320 aircraft.
8004:123145938427904::Thread-149 2020-08-09 18:59:46.435 - In film, she played Izabella in Transformers: The Last Knight (2017), Lizzy in Instant Family (2018), and Isabel in Sicario: Day of the Soldado (2018).
8004:123145938427904::Thread-149 2020-08-09 18:59:46.935 - In 2019, Moner starred as the titular character of Dora in the film Dora and the Lost City of Gold.
8002:123145938427904::Thread-149 2020-08-09 18:59:47.084 - The under construction expansion program will increase the airport's capacity to handle 100 million passengers by 2030.The airport was operated by the Indian Air Force before its management was transferred to the Airports Authority of India.
8003:123145938427904::Thread-149 2020-08-09 18:59:47.4 - **END**
8004:123145938427904::Thread-149 2020-08-09 18:59:48.582 - From 2014 to 2017, she provided the voice of Kate in Nickelodeon's animated television spinoff series Dora and Friends: Into the City!.
8002:123145938427904::Thread-149 2020-08-09 18:59:48.71 - In May 2006, the management of the airport was passed over to Delhi International Airport Limited (DIAL), a consortium led by the GMR Group.
8006:123145938427904::Thread-149 2020-08-09 18:59:49.079 - **START**
8006:123145938427904::Thread-149 2020-08-09 18:59:49.084 - Starting new HTTPS connection (1): en.wikipedia.org
8002:123145938427904::Thread-149 2020-08-09 18:59:49.122 - In September 2008, the airport inaugurated a 4,430 m (14,530 ft) runway.
8006:123145938427904::Thread-149 2020-08-09 18:59:50.262 - Franklin Nathaniel Jonas (born September 28, 2000) is an American actor who was a voice actor in the film Ponyo and was a recurring character in the television series Jonas.
8004:123145938427904::Thread-149 2020-08-09 18:59:50.364 - Early life and education
Isabela Moner was born in Cleveland, Ohio.
8006:123145938427904::Thread-149 2020-08-09 18:59:50.682 - Personal life
Frankie is the son of Denise (née Miller) and Paul Kevin Jonas Sr. and the younger brother of Kevin Jonas, Joe Jonas and Nick Jonas.
8004:123145938427904::Thread-149 2020-08-09 18:59:50.758 - She is the daughter of Katherine, who was born in Lima, Peru, and Patrick Moner, who was born in Louisiana.
8006:123145938427904::Thread-149 2020-08-09 18:59:50.85 - Jonas is sometimes referred to as the "Bonus Jonas" and "Biff".
8002:123145938427904::Thread-149 2020-08-09 18:59:51.031 - With the commencement of operations at Terminal 3 in 2010, it became India's and South Asia's largest aviation hub.
8002:123145938427904::Thread-149 2020-08-09 18:59:51.032 - **END**
8006:123145938427904::Thread-149 2020-08-09 18:59:51.135 - He is of Italian (from a maternal great-grandfather), German, Cherokee, English, Irish, Scottish, and French-Canadian descent.
8004:123145938427904::Thread-149 2020-08-09 18:59:51.2 - Moner has stated that Spanish was her first language, and she struggled with English when she first started grade school, adding that she considers herself more Peruvian than American.
8004:123145938427904::Thread-149 2020-08-09 18:59:51.755 - At age 15, Moner was accepted into college.
8006:123145938427904::Thread-149 2020-08-09 18:59:52.041 - Career
In 2009, Jonas voice acted in Hayao Miyazaki's animated film Ponyo, released in American theaters on August 14, 2009.
8004:123145938427904::Thread-149 2020-08-09 18:59:52.808 - Career
Moner has said that she wanted to be an actress from a very young age, inspired by movies featuring Shirley Temple and Judy Garland and starting in local community theatre at age 6.
8004:123145938427904::Thread-149 2020-08-09 18:59:52.809 - **END**
8005:123145938427904::Thread-149 2020-08-09 18:59:52.9 - **START**
8005:123145938427904::Thread-149 2020-08-09 18:59:52.91 - Starting new HTTPS connection (1): en.wikipedia.org
8006:123145938427904::Thread-149 2020-08-09 18:59:52.933 - He played Sōsuke, a character who is befriended by a juvenile fish named Ponyo (voiced by Noah Cyrus), who wants to become a human girl.
8006:123145938427904::Thread-149 2020-08-09 18:59:53.181 - They also both sing the theme song of the movie.
8006:123145938427904::Thread-149 2020-08-09 18:59:53.749 - He appeared as a recurring character in the Disney Channel Original Series, Jonas for which he won the award for "Choice Breakout TV Star Male" at the 2009 Teen Choice Awards.
8006:123145938427904::Thread-149 2020-08-09 18:59:54.192 - His first on-screen movie role was in Camp Rock 2: The Final Jam, alongside his older brothers the Jonas Brothers as Junior Rocker Trevor.
8005:123145938427904::Thread-149 2020-08-09 18:59:54.498 - Muhammad Ali (; born Cassius Marcellus Clay Jr.; January 17, 1942 – June 3, 2016) was an American professional boxer, activist, and philanthropist.
8003:123145938427904::Thread-149 2020-08-09 18:59:55.403 - **START**
8003:123145938427904::Thread-149 2020-08-09 18:59:55.412 - Starting new HTTPS connection (1): en.wikipedia.org
8003:123145938427904::Thread-149 2020-08-09 18:59:56.391 - World War I (often abbreviated as WWI or WW1), also known as the First World War or the Great War, was a global war that lasted from 28 July 1914 to 11 November 1918.
8005:123145938427904::Thread-149 2020-08-09 18:59:57.006 - Nicknamed "The Greatest", he is widely regarded as one of the most significant and celebrated sports figures of the 20th century and as one of the greatest boxers of all time.
8006:123145938427904::Thread-149 2020-08-09 18:59:57.198 - **END**
8003:123145938427904::Thread-149 2020-08-09 18:59:57.223 - Contemporaneously described as "the war to end all wars", it led to the mobilisation of more than 70 million military personnel, including 60 million Europeans, making it one of the largest wars in history.
8003:123145938427904::Thread-149 2020-08-09 18:59:57.827 - It is also one of the deadliest conflicts in history, with an estimated nine million combatant deaths and 13 million civilian deaths as a direct result of the war, while resulting genocides and the related 1918 influenza pandemic caused another 17–100 million deaths worldwide.On 28 June 1914, Gavrilo Princip, a Bosnian Serb Yugoslav nationalist, assassinated the Austro-Hungarian heir Archduke Franz Ferdinand in Sarajevo, leading to the July Crisis.
8003:123145938427904::Thread-149 2020-08-09 18:59:58.119 - In response, Austria-Hungary issued an ultimatum to Serbia on 23 July.
8003:123145938427904::Thread-149 2020-08-09 18:59:59.112 - Serbia's reply failed to satisfy the Austrians, and the two moved to a war footing.
8005:123145938427904::Thread-149 2020-08-09 18:59:59.258 - Ali was born and raised in Louisville, Kentucky, and began training as an amateur boxer at age 12.
8003:123145938427904::Thread-149 2020-08-09 18:59:59.394 - A network of interlocking alliances enlarged the crisis from a bilateral issue in the Balkans to one involving most of Europe.
8003:123145938427904::Thread-149 2020-08-09 19:00:00.389 - By July 1914, the great powers of Europe were divided into two coalitions: the Triple Entente, consisting of France, Russia, and Britain; and the Triple Alliance of Germany, Austria-Hungary, and Italy.
8003:123145938427904::Thread-149 2020-08-09 19:00:01.151 - The Triple Alliance was only defensive in nature, allowing Italy to stay out of the war until April 1915, when it joined the Allied Powers after its relations with Austria-Hungary deteriorated.
8003:123145938427904::Thread-149 2020-08-09 19:00:01.636 - Russia felt it necessary to back Serbia, and approved partial mobilisation after Austria-Hungary shelled the Serbian capital of Belgrade on 28 July.
8005:123145938427904::Thread-149 2020-08-09 19:00:01.663 - At 18, he won a gold medal in the light heavyweight division at the 1960 Summer Olympics, and turned professional later that year.
8003:123145938427904::Thread-149 2020-08-09 19:00:01.806 - Full Russian mobilisation was announced on the evening of 30 July; the following day, Austria-Hungary and Germany did the same, while Germany demanded Russia demobilise within twelve hours.
8005:123145938427904::Thread-149 2020-08-09 19:00:02.757 - He converted to Islam and became a Muslim after 1961, and eventually took the name Muhammad Ali.
8005:123145938427904::Thread-149 2020-08-09 19:00:03.827 - He won the world heavyweight championship from Sonny Liston in a major upset at age 22 in 1964.
8002:123145938427904::Thread-149 2020-08-09 19:00:05.038 - **START**
8002:123145938427904::Thread-149 2020-08-09 19:00:05.048 - Starting new HTTPS connection (1): en.wikipedia.org
8006:123145938427904::Thread-149 2020-08-09 19:00:05.2 - **START**
8006:123145938427904::Thread-149 2020-08-09 19:00:05.205 - Starting new HTTPS connection (1): en.wikipedia.org
8005:123145938427904::Thread-149 2020-08-09 19:00:06.639 - In 1966, Ali refused to be drafted into the military, citing his religious beliefs and opposition to the Vietnam War.
8003:123145938427904::Thread-149 2020-08-09 19:00:06.807 - **END**
8004:123145938427904::Thread-149 2020-08-09 19:00:06.811 - **START**
8004:123145938427904::Thread-149 2020-08-09 19:00:06.821 - Starting new HTTPS connection (1): en.wikipedia.org
8006:123145938427904::Thread-149 2020-08-09 19:00:06.953 - Hannibal (; Punic: 𐤇𐤍𐤁𐤏𐤋𐤟𐤁𐤓𐤒, BRQ ḤNBʿL; 247 – between 183 and 181 BC) was a Carthaginian general and statesman who commanded Carthage's main forces against the Roman Republic during the Second Punic War.
8002:123145938427904::Thread-149 2020-08-09 19:00:07.156 - The United States of America (USA), commonly known as the United States (U.S. or US) or America, is a country mostly located in central North America, between Canada and Mexico.
8004:123145938427904::Thread-149 2020-08-09 19:00:07.633 - Ireland ( (listen); Irish: Éire [ˈeːɾʲə] (listen); Ulster-Scots: Airlann [ˈɑːrlən]) is an island in the North Atlantic.
8004:123145938427904::Thread-149 2020-08-09 19:00:07.916 - It is separated from Great Britain to its east by the North Channel, the Irish Sea, and St George's Channel.
8004:123145938427904::Thread-149 2020-08-09 19:00:07.945 - Ireland is the second-largest island of the British Isles, the third-largest in Europe, and the twentieth-largest on Earth.Geopolitically, Ireland is divided between the Republic of Ireland (officially named Ireland), which covers five-sixths of the island, and Northern Ireland, which is part of the United Kingdom.
8006:123145938427904::Thread-149 2020-08-09 19:00:08.306 - He is widely considered one of the greatest military commanders in world history.
8006:123145938427904::Thread-149 2020-08-09 19:00:08.378 - His father, Hamilcar Barca, was a leading Carthaginian commander during the First Punic War.
8002:123145938427904::Thread-149 2020-08-09 19:00:08.59 - It consists of 50 states, a federal district, five major self-governing territories, and various possessions.
8004:123145938427904::Thread-149 2020-08-09 19:00:08.769 - In 2011, the population of Ireland was about 6.6 million, ranking it the second-most populous island in Europe after Great Britain.
8002:123145938427904::Thread-149 2020-08-09 19:00:08.882 - At 3.8 million square miles (9.8 million km2), it is the world's third- or fourth-largest country by total area.
8005:123145938427904::Thread-149 2020-08-09 19:00:09.229 - He was arrested, found guilty of draft evasion, and stripped of his boxing titles.
8002:123145938427904::Thread-149 2020-08-09 19:00:09.482 - With a 2019 estimated population of over 328 million, the U.S. is the third most populous country in the world.
8004:123145938427904::Thread-149 2020-08-09 19:00:09.632 - As of 2016, 4.8 million live in the Republic of Ireland, and 1.8 million live in Northern Ireland.The geography of Ireland comprises relatively low-lying mountains surrounding a central plain, with several navigable rivers extending inland.
8004:123145938427904::Thread-149 2020-08-09 19:00:09.664 - Its lush vegetation is a product of its mild but changeable climate which is free of extremes in temperature.
8004:123145938427904::Thread-149 2020-08-09 19:00:09.674 - Much of Ireland was woodland until the end of the Middle Ages.
8004:123145938427904::Thread-149 2020-08-09 19:00:09.849 - Today, woodland makes up about 10% of the island, compared with a European average of over 33%, and most of it is non-native conifer plantations.
8006:123145938427904::Thread-149 2020-08-09 19:00:09.882 - His younger brothers were Mago and Hasdrubal, and he was brother-in-law to Hasdrubal the Fair; who also commanded Carthaginian armies.
8004:123145938427904::Thread-149 2020-08-09 19:00:10.193 - There are twenty-six extant land mammal species native to Ireland.
8004:123145938427904::Thread-149 2020-08-09 19:00:10.603 - The Irish climate is influenced by the Atlantic Ocean and thus very moderate, and winters are milder than expected for such a northerly area, although summers are cooler than those in continental Europe.
8004:123145938427904::Thread-149 2020-08-09 19:00:10.603 - **END**
8005:123145938427904::Thread-149 2020-08-09 19:00:11.585 - He appealed the decision to the Supreme Court, which overturned his conviction in 1971, but he had not fought for nearly four years and lost a period of peak performance as an athlete.
8006:123145938427904::Thread-149 2020-08-09 19:00:11.84 - Hannibal lived during a period of great tension in the western Mediterranean Basin, triggered by the emergence of the Roman Republic as a great power after it had established its supremacy over Italy.
8002:123145938427904::Thread-149 2020-08-09 19:00:12.434 - Americans are a racially and ethnically diverse population that has been shaped through centuries of immigration.
8006:123145938427904::Thread-149 2020-08-09 19:00:12.592 - Although Rome had won the First Punic War, revanchism prevailed in Carthage, symbolised by the alleged pledge that Hannibal made to his father never to be a friend of Rome.
8002:123145938427904::Thread-149 2020-08-09 19:00:12.802 - The capital is Washington, D.C., and the most populous city is New York City.
8005:123145938427904::Thread-149 2020-08-09 19:00:13.623 - His actions as a conscientious objector to the war made him an icon for the larger counterculture generation, and he was a high-profile figure of racial pride for African Americans during the civil rights movement.
8002:123145938427904::Thread-149 2020-08-09 19:00:13.708 - Paleo-Indians migrated from Siberia to the North American mainland at least 12,000 years ago, and European colonization began in the 16th century.
8002:123145938427904::Thread-149 2020-08-09 19:00:13.892 - The United States emerged from the thirteen British colonies established along the East Coast.
8006:123145938427904::Thread-149 2020-08-09 19:00:14.206 - The Second Punic War broke out in 218 after Hannibal's attack on Saguntum, an ally of Rome in Hispania.
8002:123145938427904::Thread-149 2020-08-09 19:00:14.276 - Numerous disputes between Great Britain and the colonies led to the American Revolutionary War lasting between 1775 and 1783, leading to independence.
8006:123145938427904::Thread-149 2020-08-09 19:00:14.702 - He then made his famous military exploit of carrying war to Italy by crossing the Alps with his African elephants.
8002:123145938427904::Thread-149 2020-08-09 19:00:15.419 - Beginning in the late 18th century, the United States vigorously expanded across North America, gradually acquiring new territories, killing and displacing Native Americans, and admitting new states.
8006:123145938427904::Thread-149 2020-08-09 19:00:15.45 - In his first few years in Italy, he won a succession of dramatic victories at the Trebia, Lake Trasimene, and Cannae.
8005:123145938427904::Thread-149 2020-08-09 19:00:15.625 - **END**
8006:123145938427904::Thread-149 2020-08-09 19:00:16.078 - He distinguished himself for his ability to determine his and his opponent's respective strengths and weaknesses, and to plan battles accordingly.
8002:123145938427904::Thread-149 2020-08-09 19:00:17.425 - **END**
8006:123145938427904::Thread-149 2020-08-09 19:00:20.08 - **END**