8002:123145765957632::Thread-108 2020-08-09 18:59:27.339 - **START**
8002:123145765957632::Thread-108 2020-08-09 18:59:27.579 - Starting new HTTPS connection (1): en.wikipedia.org
8002:123145765957632::Thread-108 2020-08-09 18:59:29.168 - Sir William Wallace (Scottish Gaelic: Uilleam Uallas, pronounced [ˈɯʎam ˈuəl̪ˠəs̪]; Norman French: William le Waleys; born c. 1270, died 23 August 1305) was a Scottish knight who became one of the main leaders during the First War of Scottish Independence.Along with Andrew Moray, Wallace defeated an English army at the Battle of Stirling Bridge in September 1297.
8006:123145765957632::Thread-108 2020-08-09 18:59:29.261 - **START**
8002:123145765957632::Thread-108 2020-08-09 18:59:29.34 - He was appointed Guardian of Scotland and served until his defeat at the Battle of Falkirk in July 1298.
8006:123145765957632::Thread-108 2020-08-09 18:59:29.54 - Starting new HTTPS connection (1): en.wikipedia.org
8002:123145765957632::Thread-108 2020-08-09 18:59:30.045 - In August 1305, Wallace was captured in Robroyston, near Glasgow, and handed over to King Edward I of England, who had him hanged, drawn and quartered for high treason and crimes against English civilians.
8002:123145765957632::Thread-108 2020-08-09 18:59:30.594 - Since his death, Wallace has obtained an iconic status far beyond his homeland.
8002:123145765957632::Thread-108 2020-08-09 18:59:31.073 - He is the protagonist of Blind Harry's 15th-century epic poem The Wallace and the subject of literary works by Sir Walter Scott and Jane Porter, and of the Academy Award-winning film Braveheart.
8002:123145765957632::Thread-108 2020-08-09 18:59:31.76 - He was first cousin to Roger de Kirkpatrick.
8006:123145765957632::Thread-108 2020-08-09 18:59:32.101 - Alfred the Great (848/849 – 26 October 899) was King of Wessex from 871 to c.  886 and King of the Anglo-Saxons from c.  886 to 899.
8002:123145765957632::Thread-108 2020-08-09 18:59:32.485 - Roger himself was a third cousin to Robert the Bruce.
8006:123145765957632::Thread-108 2020-08-09 18:59:32.926 - He was the youngest son of King Æthelwulf of Wessex.
8006:123145765957632::Thread-108 2020-08-09 18:59:33.286 - His father died when he was young, and three of Alfred's brothers, Æthelbald, Æthelberht and Æthelred, reigned in turn before him.
8006:123145765957632::Thread-108 2020-08-09 18:59:33.376 - After ascending the throne, Alfred spent several years fighting Viking invasions.
8002:123145765957632::Thread-108 2020-08-09 18:59:33.43 - Background

William Wallace was a member of the lesser nobility, but little is definitely known of his family history or even his parentage.
8006:123145765957632::Thread-108 2020-08-09 18:59:33.554 - He won a decisive victory in the Battle of Edington in 878 and made an agreement with the Vikings, creating what was known as the Danelaw in the North of England.
8002:123145765957632::Thread-108 2020-08-09 18:59:33.634 - Blind Harry's late-15th-century poem gives his father as Sir Malcolm of Elderslie; however, William's own seal, found on a letter sent to the Hanse city of Lübeck in 1297, gives his father's name as Alan Wallace.
8006:123145765957632::Thread-108 2020-08-09 18:59:34.407 - Alfred also oversaw the conversion of Viking leader Guthrum to Christianity.
8002:123145765957632::Thread-108 2020-08-09 18:59:34.498 - This Alan Wallace may be the same as the one listed in the 1296 Ragman Rolls as a crown tenant in Ayrshire, but there is no additional confirmation.
8006:123145765957632::Thread-108 2020-08-09 18:59:35.261 - He defended his kingdom against the Viking attempt at conquest, becoming the dominant ruler in England.
8006:123145765957632::Thread-108 2020-08-09 18:59:35.381 - Details of his life are described in a work by 9th-century Welsh scholar and bishop Asser.
8006:123145765957632::Thread-108 2020-08-09 18:59:36.072 - Alfred had a reputation as a learned and merciful man of a gracious and level-headed nature who encouraged education, proposing that primary education be conducted in Anglo-Saxon rather than Latin and improving the legal system and military structure and his people's quality of life.
8004:123145765957632::Thread-108 2020-08-09 18:59:36.226 - **START**
8003:123145765957632::Thread-108 2020-08-09 18:59:36.262 - **START**
8003:123145765957632::Thread-108 2020-08-09 18:59:36.573 - Starting new HTTPS connection (1): en.wikipedia.org
8006:123145765957632::Thread-108 2020-08-09 18:59:36.706 - He was given the epithet "the Great" during and after the Reformation in the sixteenth century, and together with Danish Cnut the Great, is the only king of England to be given such a name.
8005:123145765957632::Thread-108 2020-08-09 18:59:37.219 - **START**
8005:123145765957632::Thread-108 2020-08-09 18:59:38.067 - Starting new HTTPS connection (1): en.wikipedia.org
8004:123145765957632::Thread-108 2020-08-09 18:59:39.76 - Starting new HTTPS connection (1): en.wikipedia.org
8002:123145765957632::Thread-108 2020-08-09 18:59:41.528 - **END**
8003:123145765957632::Thread-108 2020-08-09 18:59:41.803 - Pompeii (, Latin: [pɔmˈpeːjjiː]) was an ancient city located in what is now the comune of Pompei near Naples in the Campania region of Italy.
8003:123145765957632::Thread-108 2020-08-09 18:59:43.099 - Pompeii, along with Herculaneum and many villas in the surrounding area (e.g.
8005:123145765957632::Thread-108 2020-08-09 18:59:43.469 - Lionel Andrés Messi Cuccittini (Spanish pronunciation: [ljoˈnel anˈdɾez ˈmesi] (listen); born 24 June 1987) is an Argentine professional footballer who plays as a forward and captains both Spanish club Barcelona and the Argentina national team.
8005:123145765957632::Thread-108 2020-08-09 18:59:43.657 - Often considered the best player in the world and widely regarded as one of the greatest players of all time, Messi has won a record six Ballon d'Or awards, and a record six European Golden Shoes.
8005:123145765957632::Thread-108 2020-08-09 18:59:43.933 - He has spent his entire professional career with Barcelona, where he has won a club-record 33 trophies, including ten La Liga titles, four UEFA Champions League titles and six Copas del Rey.
8004:123145765957632::Thread-108 2020-08-09 18:59:44.653 - Canada is a country in the northern part of North America.
8004:123145765957632::Thread-108 2020-08-09 18:59:44.757 - Its ten provinces and three territories extend from the Atlantic to the Pacific and northward into the Arctic Ocean, covering 9.98 million square kilometres (3.85 million square miles), making it the world's second-largest country by total area.
8003:123145765957632::Thread-108 2020-08-09 18:59:45.014 - at Boscoreale, Stabiae), was buried under 4 to 6 m (13 to 20 ft) of volcanic ash and pumice in the eruption of Mount Vesuvius in AD 79.
8005:123145765957632::Thread-108 2020-08-09 18:59:45.313 - A prolific goalscorer and creative playmaker, Messi holds the records for most goals in La Liga (444), a La Liga and European league season (50), most hat-tricks in La Liga (36) and the UEFA Champions League (8), and most assists in La Liga (183), a La Liga and European league season (21) and the Copa América (12).
8004:123145765957632::Thread-108 2020-08-09 18:59:45.481 - Its southern and western border with the United States, stretching 8,891 kilometres (5,525 mi), is the world's longest bi-national land border.
8003:123145765957632::Thread-108 2020-08-09 18:59:45.668 - Largely preserved under the ash, the excavated city offered a unique snapshot of Roman life, frozen at the moment it was buried, and an extraordinarily detailed insight into the everyday life of its inhabitants, although much of the evidence was lost in the early excavations.
8006:123145765957632::Thread-108 2020-08-09 18:59:45.768 - **END**
8004:123145765957632::Thread-108 2020-08-09 18:59:46.012 - Canada's capital is Ottawa, and its three largest metropolitan areas are Toronto, Montreal, and Vancouver.
8003:123145765957632::Thread-108 2020-08-09 18:59:46.331 - It was a wealthy town, enjoying many fine public buildings and luxurious private houses with lavish decorations, furnishings and works of art which were the main attractions for the early excavators.
8005:123145765957632::Thread-108 2020-08-09 18:59:46.658 - He has scored over 700 senior career goals for club and country.
8004:123145765957632::Thread-108 2020-08-09 18:59:47.01 - Various indigenous peoples inhabited what is now Canada for thousands of years before European colonization.
8004:123145765957632::Thread-108 2020-08-09 18:59:47.744 - Beginning in the 16th century, British and French expeditions explored and later settled along the Atlantic coast.
8004:123145765957632::Thread-108 2020-08-09 18:59:47.835 - As a consequence of various armed conflicts, France ceded nearly all of its colonies in North America in 1763.
8004:123145765957632::Thread-108 2020-08-09 18:59:47.873 - In 1867, with the union of three British North American colonies through Confederation, Canada was formed as a federal dominion of four provinces.
8005:123145765957632::Thread-108 2020-08-09 18:59:47.878 - Born and raised in central Argentina, Messi relocated to Spain to join Barcelona at age 13, for whom he made his competitive debut aged 17 in October 2004.
8004:123145765957632::Thread-108 2020-08-09 18:59:48.499 - This began an accretion of provinces and territories and a process of increasing autonomy from the United Kingdom.
8004:123145765957632::Thread-108 2020-08-09 18:59:48.706 - This widening autonomy was highlighted by the Statute of Westminster of 1931 and culminated in the Canada Act of 1982, which severed the vestiges of legal dependence on the British parliament.
8003:123145765957632::Thread-108 2020-08-09 18:59:48.764 - Organic remains, including wooden objects and human bodies, were entombed in the ash and decayed leaving
voids which archaeologists found could be used as moulds to make plaster casts of unique and often gruesome figures in their final moments of life.
8005:123145765957632::Thread-108 2020-08-09 18:59:48.858 - He established himself as an integral player for the club within the next three years, and in his first uninterrupted season in 2008–09 he helped Barcelona achieve the first treble in Spanish football; that year, aged 22, Messi won his first Ballon d'Or.
8005:123145765957632::Thread-108 2020-08-09 18:59:49.304 - Three successful seasons followed, with Messi winning four consecutive Ballons d'Or, making him the first player to win the award four times and in a row.
8002:123145765957632::Thread-108 2020-08-09 18:59:49.533 - **START**
8002:123145765957632::Thread-108 2020-08-09 18:59:49.547 - Starting new HTTPS connection (1): en.wikipedia.org
8004:123145765957632::Thread-108 2020-08-09 18:59:49.707 - **END**
8005:123145765957632::Thread-108 2020-08-09 18:59:50.266 - During the 2011–12 season, he set the La Liga and European records for most goals scored in a single season, while establishing himself as Barcelona's all-time top scorer.
8003:123145765957632::Thread-108 2020-08-09 18:59:51.048 - The numerous graffiti carved on the walls and inside rooms provide a wealth of examples of the largely lost Vulgar Latin spoken colloquially at the time, contrasting with the formal language of the classical writers.
8005:123145765957632::Thread-108 2020-08-09 18:59:51.659 - The following two seasons, Messi finished second for the Ballon d'Or behind Cristiano Ronaldo (his perceived career rival), before regaining his best form during the 2014–15 campaign, becoming the all-time top scorer in La Liga and leading Barcelona to a historic second treble, after which he was awarded a fifth Ballon d'Or in 2015.
8003:123145765957632::Thread-108 2020-08-09 18:59:52.431 - Pompeii is a UNESCO World Heritage Site and is one of the most popular tourist attractions in Italy, with approximately 2.5 million visitors annually.After many excavations prior to 1960 that had uncovered most of the city but left it in decay, further major excavations were banned and instead they were limited to targeted, prioritised areas.
8003:123145765957632::Thread-108 2020-08-09 18:59:53.009 - In 2018, these led to new discoveries in some previously unexplored areas of the city.
8002:123145765957632::Thread-108 2020-08-09 18:59:53.018 - Tottenham Hotspur Football Club, commonly referred to as Tottenham () or Spurs, is an English professional football club in Tottenham, London, that competes in the Premier League.
8005:123145765957632::Thread-108 2020-08-09 18:59:53.664 - **END**
8002:123145765957632::Thread-108 2020-08-09 18:59:55.76 - Tottenham Hotspur Stadium has been the club's home ground since April 2019, replacing their former home of White Hart Lane, which had been demolished to make way for the new stadium on the same site.
8003:123145765957632::Thread-108 2020-08-09 18:59:55.99 - Name
Pompeii (pronounced [pɔmˈpɛjjiː]) in Latin is a second declension plural noun (Pompeiī, -ōrum).
8003:123145765957632::Thread-108 2020-08-09 18:59:55.991 - **END**
8002:123145765957632::Thread-108 2020-08-09 18:59:58.677 - Their training ground is on Hotspur Way in Bulls Cross in the London Borough of Enfield.
8006:123145765957632::Thread-108 2020-08-09 18:59:58.77 - **START**
8006:123145765957632::Thread-108 2020-08-09 18:59:58.788 - Starting new HTTPS connection (1): en.wikipedia.org
8006:123145765957632::Thread-108 2020-08-09 18:59:59.54 - Charles, Prince of Wales (Charles Philip Arthur George; born 14 November 1948) is the heir apparent to the British throne as the eldest child of Queen Elizabeth II.
8006:123145765957632::Thread-108 2020-08-09 19:00:00.079 - He has been Duke of Cornwall and Duke of Rothesay since 1952, and he is the oldest and longest-serving heir apparent in British history.
8006:123145765957632::Thread-108 2020-08-09 19:00:00.883 - He is also the longest-serving Prince of Wales, having held that title since 1958.Charles was born at Buckingham Palace as the first grandchild of King George VI and Queen Elizabeth.
8002:123145765957632::Thread-108 2020-08-09 19:00:01.055 - The club is owned by ENIC Group.
8006:123145765957632::Thread-108 2020-08-09 19:00:01.304 - He was educated at Cheam and Gordonstoun schools, which his father, Prince Philip, Duke of Edinburgh, had attended as a child.
8006:123145765957632::Thread-108 2020-08-09 19:00:02.112 - Charles also spent a year at the Timbertop campus of Geelong Grammar School in Victoria, Australia.
8006:123145765957632::Thread-108 2020-08-09 19:00:02.5 - After earning a Bachelor of Arts degree from the University of Cambridge, Charles served in the Royal Air Force and Royal Navy from 1971 to 1976.
8004:123145765957632::Thread-108 2020-08-09 19:00:02.711 - **START**
8004:123145765957632::Thread-108 2020-08-09 19:00:02.718 - Starting new HTTPS connection (1): en.wikipedia.org
8002:123145765957632::Thread-108 2020-08-09 19:00:03.061 - Tottenham have played in a first (home) strip of white shirts and navy blue shorts since the 1898–99 season.
8006:123145765957632::Thread-108 2020-08-09 19:00:03.274 - In 1981, he married Lady Diana Spencer, and they had two sons: Prince William (b.
8002:123145765957632::Thread-108 2020-08-09 19:00:03.328 - The club's emblem is a cockerel standing upon a football, with a Latin motto Audere est Facere ("To Dare Is to Do").
8004:123145765957632::Thread-108 2020-08-09 19:00:03.609 - Michael Jeffrey Jordan (born February 17, 1963), also known by his initials MJ, is an American former professional basketball player and the principal owner of the Charlotte Hornets of the National Basketball Association (NBA).
8002:123145765957632::Thread-108 2020-08-09 19:00:03.859 - Founded in 1882, Tottenham won the FA Cup for the first time in 1901, the only non-League club to do so since the formation of the Football League in 1888.
8004:123145765957632::Thread-108 2020-08-09 19:00:04.592 - He played 15 seasons in the NBA, winning six championships with the Chicago Bulls.
8006:123145765957632::Thread-108 2020-08-09 19:00:04.824 - 1982) and Prince Harry (b.
8004:123145765957632::Thread-108 2020-08-09 19:00:05.158 - His biography on the official NBA website states: "By acclamation, Michael Jordan is the greatest basketball player of all time."
8004:123145765957632::Thread-108 2020-08-09 19:00:05.322 - He was integral in helping to popularize the NBA around the world in the 1980s and 1990s.Jordan played three seasons for coach Dean Smith with the North Carolina Tar Heels.
8002:123145765957632::Thread-108 2020-08-09 19:00:05.408 - Tottenham were the first club in the 20th century to achieve the League and FA Cup Double, winning both competitions in the 1960–61 season.
8004:123145765957632::Thread-108 2020-08-09 19:00:05.417 - As a freshman, he was a member of the Tar Heels' national championship team in 1982.
8004:123145765957632::Thread-108 2020-08-09 19:00:05.582 - Jordan joined the Bulls in 1984 as the third overall draft pick, and quickly emerged as a league star, entertaining crowds with his prolific scoring while gaining a reputation as one of the game's best defensive players.
8006:123145765957632::Thread-108 2020-08-09 19:00:05.696 - 1984).
8003:123145765957632::Thread-108 2020-08-09 19:00:05.993 - **START**
8003:123145765957632::Thread-108 2020-08-09 19:00:06.004 - Starting new HTTPS connection (1): en.wikipedia.org
8004:123145765957632::Thread-108 2020-08-09 19:00:06.127 - His leaping ability, demonstrated by slam dunks from the free throw line in Slam Dunk Contests, earned him the nicknames "Air Jordan" and "His Airness".
8005:123145765957632::Thread-108 2020-08-09 19:00:06.668 - **START**
8005:123145765957632::Thread-108 2020-08-09 19:00:06.686 - Starting new HTTPS connection (1): en.wikipedia.org
8004:123145765957632::Thread-108 2020-08-09 19:00:06.726 - Jordan won his first NBA championship with the Bulls in 1991, and followed that achievement with titles in 1992 and 1993, securing a "three-peat".
8002:123145765957632::Thread-108 2020-08-09 19:00:06.979 - After successfully defending the FA Cup in 1962, in 1963 they became the first British club to win a UEFA club competition – the European Cup Winners' Cup.
8003:123145765957632::Thread-108 2020-08-09 19:00:07.065 - Stoya is an American pornographic actress, actress, model and writer.
8003:123145765957632::Thread-108 2020-08-09 19:00:07.171 - Early life
Stoya was born to a Scottish father and a Serbian mother.
8003:123145765957632::Thread-108 2020-08-09 19:00:07.204 - As a child, she wanted to become a dancer, starting dance lessons at the age of three.
8003:123145765957632::Thread-108 2020-08-09 19:00:07.291 - She was home-schooled and received her high-school diploma before the age of sixteen.
8006:123145765957632::Thread-108 2020-08-09 19:00:07.527 - In 1996, the couple divorced following well-publicised extramarital affairs by both parties.
8004:123145765957632::Thread-108 2020-08-09 19:00:07.724 - Jordan abruptly retired from basketball before the 1993–94 NBA season to play Minor League Baseball, but returned to the Bulls in March 1995 and led them to three more championships in 1996, 1997, and 1998, as well as a then-record 72 regular-season wins in the 1995–96 NBA season.
8006:123145765957632::Thread-108 2020-08-09 19:00:07.9 - Diana died as the result of a car crash in Paris the following year.
8005:123145765957632::Thread-108 2020-08-09 19:00:08.069 - Russia (Russian: Росси́я, tr.
8003:123145765957632::Thread-108 2020-08-09 19:00:08.111 - Because her father worked in IT, Stoya had access to a lot of electronics and gaming equipment, which she says developed her love for technology.
8004:123145765957632::Thread-108 2020-08-09 19:00:08.314 - He retired for a second time in January 1999 but returned for two more NBA seasons from 2001 to 2003 as a member of the Washington Wizards.
8005:123145765957632::Thread-108 2020-08-09 19:00:08.317 - Rossiya, IPA: [rɐˈsʲijə]), or the Russian Federation, is a transcontinental country located in Eastern Europe and Northern Asia.
8003:123145765957632::Thread-108 2020-08-09 19:00:08.467 - "I was three when I was using DOS.
8005:123145765957632::Thread-108 2020-08-09 19:00:08.632 - Covering an area of 17,125,200 square kilometres (6,612,100 sq mi), it is the largest country in the world by area, spanning more than one-eighth of the Earth's inhabited land area, stretching eleven time zones, and bordering 16 sovereign nations.
8003:123145765957632::Thread-108 2020-08-09 19:00:08.886 - My mom taught me how to read, and my dad taught me how to navigate DOS", she has said.After relocating to Philadelphia, she attended a summer program at UArts.
8003:123145765957632::Thread-108 2020-08-09 19:00:08.922 - Some of her jobs in Philadelphia included being a secretary, flier distributor, and a go-go dancer.
8004:123145765957632::Thread-108 2020-08-09 19:00:08.959 - Jordan's individual accolades and accomplishments include six NBA Finals Most Valuable Player (MVP) Awards, ten scoring titles (both all-time records), five MVP Awards, ten All-NBA First Team designations, nine All-Defensive First Team honors, fourteen NBA All-Star Game selections, three All-Star Game MVP Awards, three steals titles, and the 1988 NBA Defensive Player of the Year Award.
8003:123145765957632::Thread-108 2020-08-09 19:00:09.158 - Stoya appeared in several music videos for bands that, according to her, "no one will ever hear of."
8005:123145765957632::Thread-108 2020-08-09 19:00:09.49 - The territory of Russia extends from the Baltic Sea in the west to the Pacific Ocean in the east, and from the Arctic Ocean in the north to the Black Sea and the Caucasus in the south.
8002:123145765957632::Thread-108 2020-08-09 19:00:09.549 - They were also the inaugural winners of the UEFA Cup in 1972, becoming the first British club to win two different major European trophies.
8005:123145765957632::Thread-108 2020-08-09 19:00:09.599 - With 146.7 million inhabitants living in the country's 85 federal subjects, Russia is the most populous nation in Europe and the ninth-most populous nation in the world.
8005:123145765957632::Thread-108 2020-08-09 19:00:09.739 - Russia's capital and largest city is Moscow; other major urban areas include Saint Petersburg, Novosibirsk, Yekaterinburg, Nizhny Novgorod, Kazan, Chelyabinsk and Samara.
8006:123145765957632::Thread-108 2020-08-09 19:00:09.905 - **END**
8003:123145765957632::Thread-108 2020-08-09 19:00:10.114 - In May 2009, Stoya said that she would be moving from Philadelphia and relocating to Los Angeles in the fall of that year.
8005:123145765957632::Thread-108 2020-08-09 19:00:10.688 - The East Slavs emerged as a recognisable group in Europe between the 3rd and 8th centuries AD.
8003:123145765957632::Thread-108 2020-08-09 19:00:10.732 - Career
Stoya began posing for adult pictures for a friend, which eventually led her to modelling and working for alt-erotic websites.
8003:123145765957632::Thread-108 2020-08-09 19:00:11.336 - She chose her stage name based on a shortened version of her grandmother's Serbian maiden name and trademarked the name in 2009.Stoya was featured in two DVD productions for Razordolls, and she made a non-sex, cameo appearance in two Vivid Alt titles before being contacted by Digital Playground with a proposition to perform in a hardcore lesbian scene with Sophia Santi.
8003:123145765957632::Thread-108 2020-08-09 19:00:11.337 - **END**
8005:123145765957632::Thread-108 2020-08-09 19:00:11.583 - The medieval state of Rus' arose in the 9th century.
8005:123145765957632::Thread-108 2020-08-09 19:00:11.96 - In 988 it adopted Orthodox Christianity from the Byzantine Empire, beginning the synthesis of Byzantine and Slavic cultures that defined Russian culture for the next millennium.
8005:123145765957632::Thread-108 2020-08-09 19:00:12.331 - Rus' ultimately disintegrated into a number of smaller states, until it was finally reunified by the Grand Duchy of Moscow in the 15th century.
8002:123145765957632::Thread-108 2020-08-09 19:00:12.552 - **END**
8005:123145765957632::Thread-108 2020-08-09 19:00:12.579 - By the 18th century, the nation had greatly expanded through conquest, annexation, and exploration to become the Russian Empire, which became a major European power, and the third-largest empire in history, stretching from Norway on the west to Canada on the east.
8004:123145765957632::Thread-108 2020-08-09 19:00:12.963 - **END**
8005:123145765957632::Thread-108 2020-08-09 19:00:16.585 - **END**