8005:123146224476160::Thread-217 2020-08-09 18:59:27.252 - **START**
8005:123146224476160::Thread-217 2020-08-09 18:59:27.5 - Starting new HTTPS connection (1): en.wikipedia.org
8005:123146224476160::Thread-217 2020-08-09 18:59:28.908 - Elizabeth II (Elizabeth Alexandra Mary, born 21 April 1926) is Queen of the United Kingdom and 15 other Commonwealth realms.Elizabeth was born in Mayfair, London, as the first child of the Duke and Duchess of York (later King George VI and Queen Elizabeth).
8005:123146224476160::Thread-217 2020-08-09 18:59:29.525 - Her father ascended the throne on the abdication of his brother King Edward VIII in 1936, from which time she was the heir presumptive.
8005:123146224476160::Thread-217 2020-08-09 18:59:30.497 - She was educated privately at home and began to undertake public duties during the Second World War, serving in the Auxiliary Territorial Service.
8003:123146224476160::Thread-217 2020-08-09 18:59:31.314 - **START**
8005:123146224476160::Thread-217 2020-08-09 18:59:31.472 - In 1947, she married Philip, Duke of Edinburgh, a former prince of Greece and Denmark, with whom she has four children: Charles, Prince of Wales; Anne, Princess Royal; Prince Andrew, Duke of York; and Prince Edward, Earl of Wessex.
8005:123146224476160::Thread-217 2020-08-09 18:59:32.203 - When her father died in February 1952, Elizabeth became head of the Commonwealth and queen regnant of seven independent Commonwealth countries: the United Kingdom, Canada, Australia, New Zealand, South Africa, Pakistan, and Ceylon.
8003:123146224476160::Thread-217 2020-08-09 18:59:32.49 - Starting new HTTPS connection (1): en.wikipedia.org
8005:123146224476160::Thread-217 2020-08-09 18:59:33.824 - She has reigned as a constitutional monarch through major political changes, such as devolution in the United Kingdom, accession of the United Kingdom to the European Communities, Brexit, Canadian patriation, and the decolonisation of Africa.
8005:123146224476160::Thread-217 2020-08-09 18:59:34.106 - Between 1956 and 1992, the number of her realms varied as territories gained independence, and as realms, including South Africa, Pakistan, and Ceylon (renamed Sri Lanka), became republics.
8005:123146224476160::Thread-217 2020-08-09 18:59:34.339 - Her many historic visits and meetings include a state visit to the Republic of Ireland and visits to or from five popes.
8005:123146224476160::Thread-217 2020-08-09 18:59:35.082 - Significant events have included her coronation in 1953 and the celebrations of her Silver, Golden, and Diamond Jubilees in 1977, 2002, and 2012, respectively.
8003:123146224476160::Thread-217 2020-08-09 18:59:35.199 - Elvis Aaron Presley (January 8, 1935 – August 16, 1977), also known simply as Elvis, was an American singer and actor.
8006:123146224476160::Thread-217 2020-08-09 18:59:35.275 - **START**
8003:123146224476160::Thread-217 2020-08-09 18:59:36.123 - He is regarded as one of the most significant cultural icons of the 20th century and is often referred to as the "King of Rock and Roll" or simply "the King".
8004:123146224476160::Thread-217 2020-08-09 18:59:36.26 - **START**
8005:123146224476160::Thread-217 2020-08-09 18:59:36.334 - In 2017, she became the first British monarch to reach a Sapphire Jubilee.
8005:123146224476160::Thread-217 2020-08-09 18:59:36.335 - **END**
8003:123146224476160::Thread-217 2020-08-09 18:59:36.609 - His energized interpretations of songs and sexually provocative performance style, combined with a singularly potent mix of influences across color lines during a transformative era in race relations, led him to great success—and initial controversy.
8006:123146224476160::Thread-217 2020-08-09 18:59:36.726 - Starting new HTTPS connection (1): en.wikipedia.org
8002:123146224476160::Thread-217 2020-08-09 18:59:37.377 - **START**
8003:123146224476160::Thread-217 2020-08-09 18:59:37.68 - Presley was born in Tupelo, Mississippi, and relocated to Memphis, Tennessee, with his family when he was 13 years old.
8003:123146224476160::Thread-217 2020-08-09 18:59:38.555 - His music career began there in 1954, recording at Sun Records with producer Sam Phillips, who wanted to bring the sound of African-American music to a wider audience.
8002:123146224476160::Thread-217 2020-08-09 18:59:38.928 - Starting new HTTPS connection (1): en.wikipedia.org
8003:123146224476160::Thread-217 2020-08-09 18:59:39.357 - Presley, on rhythm acoustic guitar, and accompanied by lead guitarist Scotty Moore and bassist Bill Black, was a pioneer of rockabilly, an uptempo, backbeat-driven fusion of country music and rhythm and blues.
8004:123146224476160::Thread-217 2020-08-09 18:59:39.673 - Starting new HTTPS connection (1): en.wikipedia.org
8003:123146224476160::Thread-217 2020-08-09 18:59:40.047 - In 1955, drummer D. J. Fontana joined to complete the lineup of Presley's classic quartet and RCA Victor acquired his contract in a deal arranged by Colonel Tom Parker, who would manage him for more than two decades.
8006:123146224476160::Thread-217 2020-08-09 18:59:40.16 - Richard Milhous Nixon (January 9, 1913 – April 22, 1994) was the 37th president of the United States, serving from 1969 until 1974.
8006:123146224476160::Thread-217 2020-08-09 18:59:40.563 - A member of the Republican Party, Nixon previously served as the 36th vice president from 1953 to 1961, having risen to national prominence as a representative and senator from California.
8003:123146224476160::Thread-217 2020-08-09 18:59:40.777 - Presley's first RCA single, "Heartbreak Hotel", was released in January 1956 and became a number-one hit in the United States.
8006:123146224476160::Thread-217 2020-08-09 18:59:40.799 - After five years in the White House that saw the conclusion to the U.S. involvement in the Vietnam War, détente with the Soviet Union and China, and the establishment of the Environmental Protection Agency, he became the only president to resign from the office.
8003:123146224476160::Thread-217 2020-08-09 18:59:40.816 - With a series of successful network television appearances and chart-topping records, he became the leading figure of the newly popular sound of rock and roll.
8003:123146224476160::Thread-217 2020-08-09 18:59:40.977 - In November 1956, Presley made his film debut in Love Me Tender.
8006:123146224476160::Thread-217 2020-08-09 18:59:41.461 - Nixon was born into a poor family in a small town in Southern California.
8006:123146224476160::Thread-217 2020-08-09 18:59:42.479 - He graduated from Duke University School of Law in 1937 and returned to California to practice law.
8006:123146224476160::Thread-217 2020-08-09 18:59:42.829 - He and his wife Pat moved to Washington in 1942 to work for the federal government.
8006:123146224476160::Thread-217 2020-08-09 18:59:43.018 - He served on active duty in the Navy Reserve during World War II.
8005:123146224476160::Thread-217 2020-08-09 18:59:43.344 - **START**
8005:123146224476160::Thread-217 2020-08-09 18:59:43.368 - Starting new HTTPS connection (1): en.wikipedia.org
8006:123146224476160::Thread-217 2020-08-09 18:59:43.545 - He was elected to the House of Representatives in 1946.
8006:123146224476160::Thread-217 2020-08-09 18:59:43.632 - His pursuit of the Hiss Case established his reputation as a leading anti-Communist which elevated him to national prominence.
8006:123146224476160::Thread-217 2020-08-09 18:59:44.456 - In 1950, he was elected to the Senate.
8004:123146224476160::Thread-217 2020-08-09 18:59:44.625 - Amsterdam (, UK also ; Dutch: [ɑmstərˈdɑm] (listen)) is the capital and most populous city of the Netherlands with a population of 872,680 within the city proper, 1,380,872 in the urban area and 2,410,960 in the metropolitan area.
8006:123146224476160::Thread-217 2020-08-09 18:59:44.826 - He was the running mate of Dwight D. Eisenhower, the Republican Party's presidential nominee in the 1952 election, subsequently serving for eight years in as the vice president.
8006:123146224476160::Thread-217 2020-08-09 18:59:44.827 - **END**
8005:123146224476160::Thread-217 2020-08-09 18:59:45.144 - Lost is an American drama television series that originally aired on ABC from September 22, 2004, to May 23, 2010, over six seasons, comprising a total of 121 episodes.
8005:123146224476160::Thread-217 2020-08-09 18:59:45.848 - The show contains elements of supernatural and science fiction, and follows the survivors of a commercial jet airliner flying between Sydney and Los Angeles, after the plane crashes on a mysterious island somewhere in the South Pacific Ocean.
8004:123146224476160::Thread-217 2020-08-09 18:59:46.219 - Found within the province of North Holland, Amsterdam is colloquially referred to as the "Venice of the North", attributed by the large number of canals which form a UNESCO World Heritage Site.
8005:123146224476160::Thread-217 2020-08-09 18:59:46.236 - The story is told in a heavily serialized manner.
8002:123146224476160::Thread-217 2020-08-09 18:59:46.626 - The Channel Tunnel (French: Le tunnel sous la Manche), also referred to as the Chunnel, is a 50.45-kilometre (31.35 mi) railway tunnel that connects Folkestone (Kent, England, UK) with Coquelles (Hauts-de-France, France) beneath the English Channel at the Strait of Dover.
8005:123146224476160::Thread-217 2020-08-09 18:59:46.938 - Episodes typically feature a primary storyline set on the island, augmented by flashback or flashforward sequences which provide additional insight into the involved characters.
8003:123146224476160::Thread-217 2020-08-09 18:59:46.981 - **END**
8004:123146224476160::Thread-217 2020-08-09 18:59:47.185 - Amsterdam's name derives from Amstelredamme, indicative of the city's origin around a dam in the river Amstel.
8005:123146224476160::Thread-217 2020-08-09 18:59:47.256 - Lost was created by Jeffrey Lieber, J. J. Abrams and Damon Lindelof, who share story writing credits for the pilot episode, which Abrams directed.
8005:123146224476160::Thread-217 2020-08-09 18:59:47.873 - Throughout the show's run, Lindelof and Carlton Cuse served as showrunners and head writers, working together with many other executive producers and writers.
8004:123146224476160::Thread-217 2020-08-09 18:59:47.985 - Originating as a small fishing village in the late 12th century, Amsterdam became one of the most important ports in the world during the Dutch Golden Age of the 17th century, and became the leading centre for finance and trade.
8005:123146224476160::Thread-217 2020-08-09 18:59:48.019 - Due to its large ensemble cast and the cost of filming primarily on location in Oahu, Hawaii, the series was one of the most expensive on television, with the pilot alone costing over $14 million.
8005:123146224476160::Thread-217 2020-08-09 18:59:48.653 - The fictional universe and mythology of Lost are expanded upon by a number of related media, most importantly, a series of short mini-episodes called Missing Pieces, and a 12-minute epilogue titled "The New Man in Charge".
8002:123146224476160::Thread-217 2020-08-09 18:59:48.823 - It is the only fixed link between the island of Great Britain and the European mainland.
8004:123146224476160::Thread-217 2020-08-09 18:59:48.826 - In the 19th and 20th centuries, the city expanded, and many new neighbourhoods and suburbs were planned and built.
8003:123146224476160::Thread-217 2020-08-09 18:59:48.986 - **START**
8003:123146224476160::Thread-217 2020-08-09 18:59:48.991 - Starting new HTTPS connection (1): en.wikipedia.org
8005:123146224476160::Thread-217 2020-08-09 18:59:49.508 - Lost has regularly been ranked by critics as one of the greatest television series of all time.
8003:123146224476160::Thread-217 2020-08-09 18:59:49.509 - The Bible (from Koine Greek τὰ βιβλία, tà biblía, "the books") is a collection of religious texts or scriptures sacred to Christians, Jews, Samaritans, Rastafari and others.
8005:123146224476160::Thread-217 2020-08-09 18:59:49.695 - The first season had an estimated average of 16 million viewers per episode on ABC.
8005:123146224476160::Thread-217 2020-08-09 18:59:49.851 - During its sixth and final season, the show averaged over 11 million U.S. viewers per episode.
8003:123146224476160::Thread-217 2020-08-09 18:59:49.856 - They generally consider the Bible to be a product of divine inspiration and a record of the relationship between God and humans.
8003:123146224476160::Thread-217 2020-08-09 18:59:49.95 - The Bible appears in the form of an anthology, a compilation of texts of a variety of forms that are all linked by the belief that they collectively contain the word of God.
8004:123146224476160::Thread-217 2020-08-09 18:59:50.052 - The 17th-century canals of Amsterdam and the 19–20th century Defence Line of Amsterdam are on the UNESCO World Heritage List.
8003:123146224476160::Thread-217 2020-08-09 18:59:50.373 - These texts include theologically-focused historical accounts, hymns, parables, didactic letters, erotica, sermons, poetry, and prophecies.
8003:123146224476160::Thread-217 2020-08-09 18:59:51.073 - Those books included in the Bible by a tradition or group are called canonical, indicating that the tradition/group views the collection as the true representation of God's word and will.
8004:123146224476160::Thread-217 2020-08-09 18:59:51.127 - Sloten, annexed in 1921 by the municipality of Amsterdam; is the oldest part of the city, dating to the 9th century.
8002:123146224476160::Thread-217 2020-08-09 18:59:51.235 - At its lowest point, it is 75 m (250 ft) deep below the sea bed and 115 m (380 ft) below sea level.
8004:123146224476160::Thread-217 2020-08-09 18:59:51.6 - Amsterdam's main attractions include its historic canals, the Rijksmuseum, the Van Gogh Museum, the Stedelijk Museum, Hermitage Amsterdam, the Concertgebouw, the Anne Frank House, the Scheepvaartmuseum, the Amsterdam Museum, the Heineken Experience, the Royal Palace of Amsterdam, Natura Artis Magistra, Hortus Botanicus Amsterdam, NEMO, the red-light district and many cannabis coffee shops.
8003:123146224476160::Thread-217 2020-08-09 18:59:51.624 - A number of Biblical canons have evolved, with overlapping and diverging contents from denomination to denomination.
8002:123146224476160::Thread-217 2020-08-09 18:59:51.665 - At 37.9 kilometres (23.5 mi), the tunnel has the longest underwater section of any tunnel in the world.
8003:123146224476160::Thread-217 2020-08-09 18:59:52.279 - The Hebrew Bible overlaps with the Greek Septuagint and the Christian Old Testament.
8003:123146224476160::Thread-217 2020-08-09 18:59:52.735 - The Christian New Testament is a collection of writings by early Christians, believed to be mostly Jewish disciples of Christ, written in first-century Koine Greek.
8003:123146224476160::Thread-217 2020-08-09 18:59:52.835 - Among Christian denominations there is some disagreement about what should be included in the canon, primarily about the biblical apocrypha, a list of works that are regarded with varying levels of respect.
8002:123146224476160::Thread-217 2020-08-09 18:59:52.972 - The speed limit for trains through the tunnel is 160 km/h (100 mph).The tunnel carries high-speed Eurostar passenger trains, the Eurotunnel Shuttle for road vehicles—the largest such transport in the world—and international freight trains.
8004:123146224476160::Thread-217 2020-08-09 18:59:53.094 - It drew more than 5 million international visitors in 2014.
8003:123146224476160::Thread-217 2020-08-09 18:59:53.185 - Attitudes towards the Bible also differ among Christian groups.
8006:123146224476160::Thread-217 2020-08-09 18:59:53.833 - **START**
8006:123146224476160::Thread-217 2020-08-09 18:59:53.839 - Starting new HTTPS connection (1): en.wikipedia.org
8004:123146224476160::Thread-217 2020-08-09 18:59:54.404 - The city is also well known for its nightlife and festival activity; with several of its nightclubs (Melkweg, Paradiso) among the world's most famous.
8002:123146224476160::Thread-217 2020-08-09 18:59:54.698 - The tunnel connects end-to-end with the high-speed railway lines of the LGV Nord in France and High Speed 1 in England.
8006:123146224476160::Thread-217 2020-08-09 18:59:56.349 - **END**
8002:123146224476160::Thread-217 2020-08-09 18:59:57.163 - In 2017, through rail services carried 10.3 million passengers and 1.22 million tonnes of freight, and the Shuttle carried 10.4 million passengers, 2.6 million cars, 51,000 coaches, and 1.6 million lorries (equivalent to 21.3 million tonnes of freight).
8005:123146224476160::Thread-217 2020-08-09 18:59:57.867 - **END**
8002:123146224476160::Thread-217 2020-08-09 18:59:58.243 - This compares with 11.7 million passengers, 2.6 million lorries and 2.2 million cars by sea through the Port of Dover.Plans to build a cross-Channel fixed link appeared as early as 1802, but British political and media pressure over the compromising of national security had disrupted attempts to build a tunnel.
8006:123146224476160::Thread-217 2020-08-09 19:00:00.353 - **START**
8006:123146224476160::Thread-217 2020-08-09 19:00:00.406 - Starting new HTTPS connection (1): en.wikipedia.org
8005:123146224476160::Thread-217 2020-08-09 19:00:00.871 - **START**
8005:123146224476160::Thread-217 2020-08-09 19:00:00.896 - Starting new HTTPS connection (1): en.wikipedia.org
8002:123146224476160::Thread-217 2020-08-09 19:00:01.087 - An early unsuccessful attempt at building a tunnel was made in the late 19th century, on the English side, "in the hope of forcing the hand of the English Government".
8003:123146224476160::Thread-217 2020-08-09 19:00:01.196 - **END**
8004:123146224476160::Thread-217 2020-08-09 19:00:02.406 - **END**
8002:123146224476160::Thread-217 2020-08-09 19:00:02.857 - The eventual successful project, organised by Eurotunnel, began construction in 1988 and opened in 1994.
8006:123146224476160::Thread-217 2020-08-09 19:00:03.771 - Disneyland Park, originally Disneyland, is the first of two theme parks built at the Disneyland Resort in Anaheim, California, opened on July 17, 1955.
8005:123146224476160::Thread-217 2020-08-09 19:00:05.902 - **START**
8005:123146224476160::Thread-217 2020-08-09 19:00:05.909 - Starting new HTTPS connection (1): en.wikipedia.org
8006:123146224476160::Thread-217 2020-08-09 19:00:06.714 - It is the only theme park designed and built to completion under the direct supervision of Walt Disney.
8005:123146224476160::Thread-217 2020-08-09 19:00:07.667 - Loud is the fifth studio album by the Barbadian singer Rihanna.
8006:123146224476160::Thread-217 2020-08-09 19:00:08.248 - It was originally the only attraction on the property; its official name was changed to Disneyland Park to distinguish it from the expanding complex in the 1990s.
8005:123146224476160::Thread-217 2020-08-09 19:00:08.561 - It was released on November 12, 2010, by Def Jam Recordings and SRP Records.
8005:123146224476160::Thread-217 2020-08-09 19:00:08.807 - The album was recorded between February and August 2010, during the singer's Last Girl on Earth tour and the filming of her first feature film Battleship (2012).
8006:123146224476160::Thread-217 2020-08-09 19:00:09.699 - It was the first Disney theme park.
8005:123146224476160::Thread-217 2020-08-09 19:00:09.965 - Rihanna and L.A. Reid were the executive producers of Loud and worked with various record producers, including Stargate, Sandy Vee, The Runners, Tricky Stewart and Alex da Kid.
8005:123146224476160::Thread-217 2020-08-09 19:00:10.032 - The album features several guest vocalists, including rappers Drake, Nicki Minaj and Eminem, who is featured on the sequel to "Love the Way You Lie", titled "Love the Way You Lie (Part II)".
8006:123146224476160::Thread-217 2020-08-09 19:00:10.083 - Walt Disney came up with the concept of Disneyland after visiting various amusement parks with his daughters in the 1930s and 1940s.
8005:123146224476160::Thread-217 2020-08-09 19:00:10.704 - The album differs from Rihanna's 2009 record, Rated R, which incorporates a prominently foreboding and angry tone and dark themes.
8002:123146224476160::Thread-217 2020-08-09 19:00:10.858 - **END**
8005:123146224476160::Thread-217 2020-08-09 19:00:11.238 - Loud features up-tempo and pop genres, ranging from R&B and dance-pop to electro music, and marks the return to dancehall; a genre prominent on her first two albums Music of the Sun (2005) and A Girl like Me (2006).
8006:123146224476160::Thread-217 2020-08-09 19:00:13.01 - He initially envisioned building a tourist attraction adjacent to his studios in Burbank to entertain fans who wished to visit; however, he soon realized that the proposed site was too small.
8005:123146224476160::Thread-217 2020-08-09 19:00:13.027 - It also uses rock in "California King Bed" and reggae in the Caribbean-inspired "Man Down".
8006:123146224476160::Thread-217 2020-08-09 19:00:14.021 - After hiring a consultant to help him determine an appropriate site for his project, Disney bought a 160-acre (65 ha) site near Anaheim in 1953.
8006:123146224476160::Thread-217 2020-08-09 19:00:15.203 - Construction began in 1954 and the park was unveiled during a special televised press event on the ABC Television Network on July 17, 1955.
8006:123146224476160::Thread-217 2020-08-09 19:00:15.309 - Since its opening, Disneyland has undergone expansions and major renovations, including the addition of New Orleans Square in 1966, Bear Country (now Critter Country) in 1972,  Mickey's Toontown in 1993, and Star Wars: Galaxy's Edge in 2019.
8006:123146224476160::Thread-217 2020-08-09 19:00:15.599 - Opened in 2001, Disney California Adventure Park was built on the site of Disneyland's original parking lot.
8005:123146224476160::Thread-217 2020-08-09 19:00:15.939 - Loud received generally positive reviews from music critics, who complimented its upbeat material and Rihanna's vocal performances, while others stated that although the songs were solid, they were unfocused to each other.
8005:123146224476160::Thread-217 2020-08-09 19:00:18.518 - The album was a commercial success; it debuted at number three on the US Billboard 200 chart, with sales of 207,000 copies, the highest first-week sales of her career at the time.
8006:123146224476160::Thread-217 2020-08-09 19:00:19.604 - **END**
8005:123146224476160::Thread-217 2020-08-09 19:00:23.524 - **END**