8005:123146127724544::Thread-194 2020-08-09 18:59:32.232 - **START**
8005:123146127724544::Thread-194 2020-08-09 18:59:33.102 - Starting new HTTPS connection (1): en.wikipedia.org
8006:123146127724544::Thread-194 2020-08-09 18:59:33.273 - **START**
8006:123146127724544::Thread-194 2020-08-09 18:59:34.122 - Starting new HTTPS connection (1): en.wikipedia.org
8002:123146127724544::Thread-194 2020-08-09 18:59:34.393 - **START**
8002:123146127724544::Thread-194 2020-08-09 18:59:36.355 - Starting new HTTPS connection (1): en.wikipedia.org
8006:123146127724544::Thread-194 2020-08-09 18:59:36.782 - LaGuardia Airport (IATA: LGA, ICAO: KLGA, FAA LID: LGA)  is an airport in Queens, New York.
8004:123146127724544::Thread-194 2020-08-09 18:59:37.256 - **START**
8006:123146127724544::Thread-194 2020-08-09 18:59:37.349 - The airport is the third busiest airport serving New York City, and the twentieth busiest in the United States.
8004:123146127724544::Thread-194 2020-08-09 18:59:37.829 - Starting new HTTPS connection (1): en.wikipedia.org
8003:123146127724544::Thread-194 2020-08-09 18:59:38.31 - **START**
8005:123146127724544::Thread-194 2020-08-09 18:59:38.313 - William Henry Gates III  (born October 28, 1955) is an American business magnate, software developer, investor, and philanthropist.
8005:123146127724544::Thread-194 2020-08-09 18:59:39.075 - He is best known as the co-founder of Microsoft Corporation.
8006:123146127724544::Thread-194 2020-08-09 18:59:40.131 - LaGuardia Airport covers 680 acres (280 ha).In 2016, LaGuardia Airport had a strong growth in passenger traffic; about 29.8 million passengers used the airport, a 14.2 percent increase from the previous year.
8006:123146127724544::Thread-194 2020-08-09 18:59:40.253 - LGA is a hub for American Airlines and Delta Air Lines.
8003:123146127724544::Thread-194 2020-08-09 18:59:40.896 - Starting new HTTPS connection (1): en.wikipedia.org
8005:123146127724544::Thread-194 2020-08-09 18:59:40.983 - During his career at Microsoft, Gates held the positions of chairman, chief executive officer (CEO), president and chief software architect, while also being the largest individual shareholder until May 2014.
8004:123146127724544::Thread-194 2020-08-09 18:59:41.576 - Isabela Moner (born July 10, 2001), also known as Isabela Merced, is an American actress and singer.
8006:123146127724544::Thread-194 2020-08-09 18:59:41.586 - A perimeter rule prohibits nonstop flights to or from points beyond 1,500 miles (2,400 km), but exceptions to the perimeter rule are flights on Saturdays and flights to Denver.
8003:123146127724544::Thread-194 2020-08-09 18:59:42.806 - John Fitzgerald Kennedy (May 29, 1917 – November 22, 1963), often referred to by his initials JFK and Jack, was an American politician who served as the 35th President of the United States from January 1961 until his assassination in November 1963.
8005:123146127724544::Thread-194 2020-08-09 18:59:42.824 - He is one of the best-known entrepreneurs and pioneers of the microcomputer revolution of the 1970s and 1980s.
8006:123146127724544::Thread-194 2020-08-09 18:59:43.339 - International flights without border preclearance must use the nearby JFK or Newark airports, as there is no border control facility at the airport.Glenn H. Curtiss Airport (named after aviation pioneer Glenn Hammond Curtiss), later renamed North Beach Airport, was the earlier airport at this location.
8006:123146127724544::Thread-194 2020-08-09 18:59:43.348 - The name was changed after New York City's takeover and reconstruction to New York Municipal Airport–LaGuardia Field, and in 1953 became "LaGuardia Airport", named for Fiorello La Guardia, the mayor of New York City when the airport was built.
8005:123146127724544::Thread-194 2020-08-09 18:59:43.704 - Born and raised in Seattle, Washington, Gates co-founded Microsoft with childhood friend Paul Allen in 1975, in Albuquerque, New Mexico; it went on to become the world's largest personal computer software company.
8004:123146127724544::Thread-194 2020-08-09 18:59:44.126 - She played the lead role of CJ Martin on the Nickelodeon television series 100 Things to Do Before High School.
8003:123146127724544::Thread-194 2020-08-09 18:59:44.366 - Kennedy served at the height of the Cold War, and the majority of his work as president concerned relations with the Soviet Union and Cuba.
8005:123146127724544::Thread-194 2020-08-09 18:59:44.525 - Gates led the company as chairman and CEO until stepping down as CEO in January 2000, but he remained chairman and became chief software architect.
8005:123146127724544::Thread-194 2020-08-09 18:59:44.783 - During the late 1990s, Gates had been criticized for his business tactics, which have been considered anti-competitive.
8003:123146127724544::Thread-194 2020-08-09 18:59:44.802 - A Democrat, Kennedy represented Massachusetts in the U.S. House of Representatives and Senate prior to becoming president.
8005:123146127724544::Thread-194 2020-08-09 18:59:44.945 - This opinion has been upheld by numerous court rulings.
8006:123146127724544::Thread-194 2020-08-09 18:59:45.087 - LaGuardia has been extensively criticized for its outdated facilities, lack of cleanliness, cramped building design, and poor customer service, among other problems.
8005:123146127724544::Thread-194 2020-08-09 18:59:45.29 - In June 2006, Gates announced that he would be transitioning to a part-time role at Microsoft and full-time work at the Bill & Melinda Gates Foundation, the private charitable foundation that he and his wife, Melinda Gates, established in 2000.
8003:123146127724544::Thread-194 2020-08-09 18:59:46.092 - Kennedy was born into a wealthy, political family in Brookline, Massachusetts.
8006:123146127724544::Thread-194 2020-08-09 18:59:46.779 - The airport has been ranked in numerous customer surveys as the worst in the United States.
8005:123146127724544::Thread-194 2020-08-09 18:59:46.905 - He gradually transferred his duties to Ray Ozzie and Craig Mundie.
8004:123146127724544::Thread-194 2020-08-09 18:59:46.981 - In film, she played Izabella in Transformers: The Last Knight (2017), Lizzy in Instant Family (2018), and Isabel in Sicario: Day of the Soldado (2018).
8002:123146127724544::Thread-194 2020-08-09 18:59:47.253 - **END**
8003:123146127724544::Thread-194 2020-08-09 18:59:48.022 - He graduated from Harvard University in 1940, before joining the U.S.
8006:123146127724544::Thread-194 2020-08-09 18:59:48.837 - Among pilots, it is referred to as "USS LaGuardia", because the runways are short and surrounded by water, thus giving the feel of landing on an aircraft carrier.
8003:123146127724544::Thread-194 2020-08-09 18:59:48.985 - Naval Reserve the following year.
8004:123146127724544::Thread-194 2020-08-09 18:59:49.588 - In 2019, Moner starred as the titular character of Dora in the film Dora and the Lost City of Gold.
8004:123146127724544::Thread-194 2020-08-09 18:59:50.016 - From 2014 to 2017, she provided the voice of Kate in Nickelodeon's animated television spinoff series Dora and Friends: Into the City!.
8004:123146127724544::Thread-194 2020-08-09 18:59:50.198 - Early life and education
Isabela Moner was born in Cleveland, Ohio.
8003:123146127724544::Thread-194 2020-08-09 18:59:50.62 - During World War II, he commanded a series of PT boats in the Pacific theater and earned the Navy and Marine Corps Medal for his service.
8004:123146127724544::Thread-194 2020-08-09 18:59:50.771 - She is the daughter of Katherine, who was born in Lima, Peru, and Patrick Moner, who was born in Louisiana.
8003:123146127724544::Thread-194 2020-08-09 18:59:50.93 - After a brief stint in journalism, Kennedy represented a working-class Boston district in the U.S. House of Representatives from 1947 to 1953.
8003:123146127724544::Thread-194 2020-08-09 18:59:51.431 - He was subsequently elected to the U.S. Senate and served as the junior Senator from Massachusetts from 1953 to 1960.
8004:123146127724544::Thread-194 2020-08-09 18:59:53.071 - Moner has stated that Spanish was her first language, and she struggled with English when she first started grade school, adding that she considers herself more Peruvian than American.
8003:123146127724544::Thread-194 2020-08-09 18:59:53.266 - While in the Senate, Kennedy published his book, Profiles in Courage, which won a Pulitzer Prize.
8003:123146127724544::Thread-194 2020-08-09 18:59:53.871 - In the 1960 presidential election, he narrowly defeated Republican opponent Richard Nixon, who was the incumbent vice president.
8005:123146127724544::Thread-194 2020-08-09 18:59:54.911 - **END**
8002:123146127724544::Thread-194 2020-08-09 18:59:55.265 - **START**
8002:123146127724544::Thread-194 2020-08-09 18:59:55.288 - Starting new HTTPS connection (1): en.wikipedia.org
8004:123146127724544::Thread-194 2020-08-09 18:59:55.711 - At age 15, Moner was accepted into college.
8003:123146127724544::Thread-194 2020-08-09 18:59:55.874 - **END**
8002:123146127724544::Thread-194 2020-08-09 18:59:56.627 - The Gateway of India is an arch-monument built in the early twentieth century in the city of Mumbai, in the Indian state of Maharashtra.
8005:123146127724544::Thread-194 2020-08-09 18:59:56.911 - **START**
8005:123146127724544::Thread-194 2020-08-09 18:59:56.916 - Starting new HTTPS connection (1): en.wikipedia.org
8002:123146127724544::Thread-194 2020-08-09 18:59:56.99 - It was erected to commemorate the landing in December 1911 at Apollo Bunder, Mumbai (then Bombay) of King-Emperor George V and Queen-Empress Mary, the first British monarch to visit India.
8002:123146127724544::Thread-194 2020-08-09 18:59:57.348 - At the time of the royal visit, the gateway was not yet built, and a cardboard structure greeted the monarch.
8006:123146127724544::Thread-194 2020-08-09 18:59:57.865 - **END**
8002:123146127724544::Thread-194 2020-08-09 18:59:58.298 - The foundation stone was laid in March 1913 for a monument built in the Indo-Saracenic style, incorporating elements of 16th-century Marathi architecture.
8004:123146127724544::Thread-194 2020-08-09 18:59:58.55 - Career
Moner has said that she wanted to be an actress from a very young age, inspired by movies featuring Shirley Temple and Judy Garland and starting in local community theatre at age 6.
8005:123146127724544::Thread-194 2020-08-09 18:59:59.176 - John Winston Ono Lennon  (born John Winston Lennon, 9 October 1940 – 8 December 1980) was an English singer, songwriter and peace activist who gained worldwide fame as the founder, co-lead vocalist, and rhythm guitarist of the Beatles.
8002:123146127724544::Thread-194 2020-08-09 19:00:00.099 - The final design of the monument by architect George Wittet was sanctioned only in 1914, and construction was completed in 1924.
8005:123146127724544::Thread-194 2020-08-09 19:00:00.42 - His songwriting partnership with Paul McCartney remains the most successful in musical history.
8005:123146127724544::Thread-194 2020-08-09 19:00:01.169 - In 1969, he started the Plastic Ono Band with his second wife, Yoko Ono.
8005:123146127724544::Thread-194 2020-08-09 19:00:01.602 - After the Beatles disbanded in 1970, Lennon continued as a solo artist and as Ono's collaborator.
8002:123146127724544::Thread-194 2020-08-09 19:00:01.862 - The structure is a triumphal arch made of basalt, which is 26 metres (85 feet) high.
8004:123146127724544::Thread-194 2020-08-09 19:00:02.635 - **END**
8005:123146127724544::Thread-194 2020-08-09 19:00:02.822 - Born in Liverpool, Lennon became involved in the skiffle craze as a teenager.
8002:123146127724544::Thread-194 2020-08-09 19:00:03.202 - After its construction the gateway was used as a symbolic ceremonial entrance to British India for important colonial personnel.
8002:123146127724544::Thread-194 2020-08-09 19:00:03.727 - It has been called a symbol of "conquest and colonisation" commemorating British colonial legacy.
8005:123146127724544::Thread-194 2020-08-09 19:00:03.808 - In 1956, he formed his first band, the Quarrymen, which evolved into the Beatles in 1960.
8002:123146127724544::Thread-194 2020-08-09 19:00:04.125 - The gateway is also the monument from where the last British troops left India in 1948, following Indian independence.
8005:123146127724544::Thread-194 2020-08-09 19:00:04.434 - He was initially the group's de facto leader, a role gradually ceded to McCartney.
8002:123146127724544::Thread-194 2020-08-09 19:00:05.024 - It is located on the waterfront at an angle, opposite the Taj Mahal Palace and Tower Hotel and overlooks the Arabian Sea.
8005:123146127724544::Thread-194 2020-08-09 19:00:06.343 - Lennon was characterised for the rebellious nature and acerbic wit in his music, writing, drawings, on film and in interviews.
8005:123146127724544::Thread-194 2020-08-09 19:00:06.793 - In the mid-1960s, he had two books published: In His Own Write and A Spaniard in the Works, both collections of nonsensical writings and line drawings.
8002:123146127724544::Thread-194 2020-08-09 19:00:07.026 - **END**
8005:123146127724544::Thread-194 2020-08-09 19:00:07.151 - Starting with 1967's "All You Need Is Love", his songs were adopted as anthems by the anti-war movement and the larger counterculture.
8006:123146127724544::Thread-194 2020-08-09 19:00:10.878 - **START**
8006:123146127724544::Thread-194 2020-08-09 19:00:10.882 - Starting new HTTPS connection (1): en.wikipedia.org
8003:123146127724544::Thread-194 2020-08-09 19:00:11.878 - **START**
8003:123146127724544::Thread-194 2020-08-09 19:00:11.882 - Starting new HTTPS connection (1): en.wikipedia.org
8006:123146127724544::Thread-194 2020-08-09 19:00:13.222 - The Great Library of Alexandria in Alexandria, Egypt, was one of the largest and most significant libraries of the ancient world.
8005:123146127724544::Thread-194 2020-08-09 19:00:14.156 - **END**
8006:123146127724544::Thread-194 2020-08-09 19:00:14.55 - The Library was part of a larger research institution called the Mouseion, which was dedicated to the Muses, the nine goddesses of the arts.
8003:123146127724544::Thread-194 2020-08-09 19:00:15.356 - Greta Tintin Eleonora Ernman Thunberg (Swedish: [ˈɡrêːta ˈtʉ̂ːnbærj] (listen); born 3 January 2003) is a Swedish environmental activist who has gained international recognition for promoting the view that humanity is facing an existential crisis arising from climate change.
8006:123146127724544::Thread-194 2020-08-09 19:00:16.691 - The idea of a universal library in Alexandria may have been proposed by Demetrius of Phalerum, an exiled Athenian statesman living in Alexandria, to Ptolemy I Soter, who may have established plans for the Library, but the Library itself was probably not built until the reign of his son Ptolemy II Philadelphus.
8003:123146127724544::Thread-194 2020-08-09 19:00:17.768 - Thunberg is known for her youth and her straightforward speaking manner, both in public and to political leaders and assemblies, in which she criticises world leaders for their failure to take sufficient action to address the climate crisis.Thunberg's activism started after convincing her parents to adopt several lifestyle choices to reduce their own carbon footprint.
8006:123146127724544::Thread-194 2020-08-09 19:00:18.399 - The Library quickly acquired many papyrus scrolls, due largely to the Ptolemaic kings' aggressive and well-funded policies for procuring texts.
8003:123146127724544::Thread-194 2020-08-09 19:00:19.217 - In August 2018, at age 15, she started spending her school days outside the Swedish parliament to call for stronger action on climate change by holding up a sign reading Skolstrejk för klimatet (School strike for climate).
8006:123146127724544::Thread-194 2020-08-09 19:00:21.374 - It is unknown precisely how many such scrolls were housed at any given time, but estimates range from 40,000 to 400,000 at its height.
8003:123146127724544::Thread-194 2020-08-09 19:00:21.944 - Soon, other students engaged in similar protests in their own communities.
8003:123146127724544::Thread-194 2020-08-09 19:00:22.496 - Together, they organised a school climate strike movement under the name Fridays for Future.
8003:123146127724544::Thread-194 2020-08-09 19:00:23.724 - After Thunberg addressed the 2018 United Nations Climate Change Conference, student strikes took place every week somewhere in the world.
8006:123146127724544::Thread-194 2020-08-09 19:00:23.819 - Alexandria came to be regarded as the capital of knowledge and learning, in part because of the Great Library.
8006:123146127724544::Thread-194 2020-08-09 19:00:26.063 - Many important and influential scholars worked at the Library during the third and second centuries BC, including, among many others: Zenodotus of Ephesus, who worked towards standardizing the texts of the Homeric poems; Callimachus, who wrote the Pinakes, sometimes considered to be the world's first library catalogue; Apollonius of Rhodes, who composed the epic poem the Argonautica; Eratosthenes of Cyrene, who calculated the circumference of the earth within a few hundred kilometers of accuracy; Aristophanes of Byzantium, who invented the system of Greek diacritics and was the first to divide poetic texts into lines; and Aristarchus of Samothrace, who produced the definitive texts of the Homeric poems as well as extensive commentaries on them.
8003:123146127724544::Thread-194 2020-08-09 19:00:26.691 - In 2019, there were multiple coordinated multi-city protests involving over a million students each.
8003:123146127724544::Thread-194 2020-08-09 19:00:27.386 - To avoid flying, Thunberg sailed to North America where she attended the 2019 UN Climate Action Summit.
8006:123146127724544::Thread-194 2020-08-09 19:00:27.474 - During the reign of Ptolemy III Euergetes, a daughter library was established in the Serapeum, a temple to the Greco-Egyptian god Serapis.
8006:123146127724544::Thread-194 2020-08-09 19:00:29.187 - Despite the widespread modern belief that the Library of Alexandria was burned once and cataclysmically destroyed, the Library actually declined gradually over the course of several centuries.
8003:123146127724544::Thread-194 2020-08-09 19:00:29.219 - Her speech there, in which she exclaimed "how dare you", was widely taken up by the press and incorporated into music.
8003:123146127724544::Thread-194 2020-08-09 19:00:29.271 - Her sudden rise to world fame has made her both a leader and a target for critics.
8006:123146127724544::Thread-194 2020-08-09 19:00:30.842 - This decline began with the purging of intellectuals from Alexandria in 145 BC during the reign of Ptolemy VIII Physcon, which resulted in Aristarchus of Samothrace, the head librarian, resigning from his position and exiling himself to Cyprus.
8003:123146127724544::Thread-194 2020-08-09 19:00:35.279 - **END**
8006:123146127724544::Thread-194 2020-08-09 19:00:39.849 - **END**