8003:123146186616832::Thread-208 2020-08-09 18:59:30.313 - **START**
8003:123146186616832::Thread-208 2020-08-09 18:59:31.156 - Starting new HTTPS connection (1): en.wikipedia.org
8003:123146186616832::Thread-208 2020-08-09 18:59:33.245 - Norway (Bokmål: Norge; Nynorsk: Noreg; Northern Sami: Norga; Lule Sami: Vuodna; Southern Sami: Nöörje), officially the Kingdom of Norway, is a Nordic country in Northern Europe whose mainland territory comprises the western and northernmost portion of the Scandinavian Peninsula; Mainland Norway and the remote island of Jan Mayen as well as the archipelago of Svalbard form Metropolitan Norway.
8003:123146186616832::Thread-208 2020-08-09 18:59:33.501 - The subantarctic Bouvet Island is a dependent territory of the Kingdom of Norway.
8003:123146186616832::Thread-208 2020-08-09 18:59:33.648 - Norway also lays claim to the Antarctic territories of Queen Maud Land and Peter I Island.
8006:123146186616832::Thread-208 2020-08-09 18:59:34.309 - **START**
8003:123146186616832::Thread-208 2020-08-09 18:59:34.317 - Norway has a total area of 385,207 square kilometres (148,729 sq mi) and a population of 5,312,300 (as of August 2018).
8002:123146186616832::Thread-208 2020-08-09 18:59:34.393 - **START**
8006:123146186616832::Thread-208 2020-08-09 18:59:34.983 - Starting new HTTPS connection (1): en.wikipedia.org
8003:123146186616832::Thread-208 2020-08-09 18:59:35.188 - The country shares a long eastern border with Sweden (1,619 km or 1,006 mi long).
8002:123146186616832::Thread-208 2020-08-09 18:59:35.817 - Starting new HTTPS connection (1): en.wikipedia.org
8003:123146186616832::Thread-208 2020-08-09 18:59:35.904 - Norway is bordered by Finland and Russia to the north-east, and the Skagerrak strait to the south, with Denmark on the other side.
8004:123146186616832::Thread-208 2020-08-09 18:59:36.259 - **START**
8003:123146186616832::Thread-208 2020-08-09 18:59:36.852 - Norway has an extensive coastline, facing the North Atlantic Ocean and the Barents Sea.
8003:123146186616832::Thread-208 2020-08-09 18:59:37.418 - The maritime influence also dominates Norway's climate with mild lowland temperatures on the sea coasts, whereas the interior, while colder, is also a lot milder than areas elsewhere in the world on such northerly latitudes.
8003:123146186616832::Thread-208 2020-08-09 18:59:37.437 - Even during polar night in the north, temperatures above freezing are commonplace on the coastline.
8003:123146186616832::Thread-208 2020-08-09 18:59:37.861 - The maritime influence brings high rainfall and snowfall to some areas of the country.
8005:123146186616832::Thread-208 2020-08-09 18:59:38.244 - **START**
8002:123146186616832::Thread-208 2020-08-09 18:59:38.671 - Girls' Generation (Korean: 소녀시대; RR: Sonyeo Sidae), also known as SNSD, is a South Korean girl group formed by SM Entertainment.
8006:123146186616832::Thread-208 2020-08-09 18:59:38.759 - Vladimir Vladimirovich Putin (; Russian: Влади́мир Влади́мирович Пу́тин [vɫɐˈdʲimʲɪr vɫɐˈdʲimʲɪrəvʲɪtɕ ˈputʲɪn] (listen); born 7 October 1952) is a Russian politician and a former officer of the KGB who has served as President of Russia since 2012, previously holding the position from 1999 until 2008.
8004:123146186616832::Thread-208 2020-08-09 18:59:39.39 - Starting new HTTPS connection (1): en.wikipedia.org
8006:123146186616832::Thread-208 2020-08-09 18:59:40.132 - He was also the Prime Minister of Russia from 1999 to 2000 and again from 2008 to 2012.
8002:123146186616832::Thread-208 2020-08-09 18:59:40.237 - The group is composed of eight members: Taeyeon, Sunny, Tiffany, Hyoyeon, Yuri, Sooyoung, Yoona, and Seohyun.
8002:123146186616832::Thread-208 2020-08-09 18:59:41.183 - Originally a nine-piece group, Jessica departed from the group in September 2014.
8002:123146186616832::Thread-208 2020-08-09 18:59:41.266 - One of the prominent figures of the Korean Wave, the group has earned numerous accolades and the honorific nickname "The Nation's Girl Group" in their home country.
8005:123146186616832::Thread-208 2020-08-09 18:59:41.048 - Starting new HTTPS connection (1): en.wikipedia.org
8006:123146186616832::Thread-208 2020-08-09 18:59:42.482 - Putin was born in Leningrad (now Saint Petersburg) and studied law at Leningrad State University, graduating in 1975.
8006:123146186616832::Thread-208 2020-08-09 18:59:42.821 - Putin worked as a KGB foreign intelligence officer for 16 years, rising to the rank of Lieutenant Colonel, before resigning in 1991 to begin a political career in Saint Petersburg.
8002:123146186616832::Thread-208 2020-08-09 18:59:43.084 - Girls' Generation debuted in August 2007 with their eponymous Korean album and the single "Into the New World".
8003:123146186616832::Thread-208 2020-08-09 18:59:43.863 - **END**
8005:123146186616832::Thread-208 2020-08-09 18:59:44.211 - Tera Patrick (born Linda Ann Hopkins July 25, 1976) is an American former pornographic actress and model who is the Penthouse Pet of the Month for February 2000 and is an inductee for the NightMoves, AVN and XRCO Halls of Fame.
8002:123146186616832::Thread-208 2020-08-09 18:59:44.365 - The group rose to fame in 2009 with the single "Gee", which claimed the top spot on KBS's Music Bank for a record-breaking nine consecutive weeks and was Melon's most popular song of the 2000s decade.
8006:123146186616832::Thread-208 2020-08-09 18:59:44.366 - He later moved to Moscow in 1996 to join the administration of President Boris Yeltsin.
8004:123146186616832::Thread-208 2020-08-09 18:59:44.507 - Films generate income from several revenue streams, including theatrical exhibition, home video, television broadcast rights, and merchandising.
8004:123146186616832::Thread-208 2020-08-09 18:59:44.635 - However, theatrical box office earnings are the primary metric for trade publications in assessing the success of a film, mostly because of the availability of the data compared to sales figures for home video and broadcast rights, but also because of historical practice.
8002:123146186616832::Thread-208 2020-08-09 18:59:45.058 - Girls' Generation consolidated their popularity in South Korea with follow-up singles "Genie", "Oh!
8004:123146186616832::Thread-208 2020-08-09 18:59:45.423 - Included on the list are charts of the top box office earners (ranked by both the nominal and real value of their revenue), a chart of high-grossing films by calendar year, a timeline showing the transition of the highest-grossing film record, and a chart of the highest-grossing film franchises and series.
8006:123146186616832::Thread-208 2020-08-09 18:59:45.671 - He served as Director of the Federal Security Service (FSB) and Secretary of the Security Council, before being appointed as Prime Minister in August 1999.
8005:123146186616832::Thread-208 2020-08-09 18:59:46.049 - Early life
Tera Patrick was born Linda Ann Hopkins and was raised near San Francisco.
8006:123146186616832::Thread-208 2020-08-09 18:59:46.287 - After the resignation of Yeltsin, Putin became Acting President, and less than four months later was elected outright to his first term as president and was reelected in 2004.
8005:123146186616832::Thread-208 2020-08-09 18:59:46.366 - Her mother is Thai and her father is of English, Irish and Dutch descent.
8002:123146186616832::Thread-208 2020-08-09 18:59:46.642 - ", and "Run Devil Run", which were released between mid-2009 and early 2010.
8004:123146186616832::Thread-208 2020-08-09 18:59:47.059 - All charts are ranked by international theatrical box office performance where possible, excluding income derived from home video, broadcasting rights, and merchandise.
8002:123146186616832::Thread-208 2020-08-09 18:59:47.472 - Their second Korean studio album, Oh!
8005:123146186616832::Thread-208 2020-08-09 18:59:47.609 - When she was just ten, her mother left her and she grew up with her father David Hopkins, a carefree hippie.
8004:123146186616832::Thread-208 2020-08-09 18:59:47.669 - Traditionally, war films, musicals, and historical dramas have been the most popular genres, but franchise films have been among the best performers in the 21st century.
8006:123146186616832::Thread-208 2020-08-09 18:59:47.826 - During his first tenure as president, the Russian economy grew for eight straight years, with GDP measured by purchasing power increasing by 72%, real incomes increased by a factor of 2.5, real wages more than tripled; unemployment and poverty more than halved and the Russians' self-assessed life satisfaction rose significantly.
8006:123146186616832::Thread-208 2020-08-09 18:59:48.795 - The growth was a result of a five-fold increase in the price of oil and gas which constitute the majority of Russian exports, recovery from the post-Communist depression and financial crises, a rise in foreign investment, and prudent economic and fiscal policies.
8004:123146186616832::Thread-208 2020-08-09 18:59:48.849 - There is strong interest in the superhero genre, with nine films in the Marvel Cinematic Universe featuring among the nominal top-earners.
8002:123146186616832::Thread-208 2020-08-09 18:59:49.054 - (2010), won the Golden Disc award for Album of the Year, making the group the only female act to win the grand prize so far.
8004:123146186616832::Thread-208 2020-08-09 18:59:49.182 - The most successful superhero film, Avengers: Endgame, is also the highest-grossing film overall on the nominal earnings chart, and there are four films in total based on the Avengers comic books charting in the top twenty.
8005:123146186616832::Thread-208 2020-08-09 18:59:49.581 - After taking weekend classes at the Barbizon School of Modeling for two years, she was hired by a Japanese modeling agency and moved to Tokyo at the age of fourteen.
8002:123146186616832::Thread-208 2020-08-09 18:59:49.731 - The group ventured into the Japanese music scene in 2011 with their eponymous Japanese album, which became the first album by a non-Japanese girl group to be certified million by the RIAJ.
8002:123146186616832::Thread-208 2020-08-09 18:59:49.841 - The group's third Korean studio album, The Boys, was the best-selling album of 2011 in South Korea.
8004:123146186616832::Thread-208 2020-08-09 18:59:50.15 - Other Marvel Comics adaptations have also had success with the Spider-Man and X-Men properties, while films based on Batman and Superman from DC Comics have generally performed well.
8005:123146186616832::Thread-208 2020-08-09 18:59:50.538 - At one of her first photo shoots, she was sexually assaulted by the photographer, who "was feeding [her] champagne and Valium" until she "was getting wasted".
8006:123146186616832::Thread-208 2020-08-09 18:59:51.234 - Putin served as Prime Minister under Dmitry Medvedev from 2008 to 2012, where he oversaw large scale military reform and police reform.
8004:123146186616832::Thread-208 2020-08-09 18:59:51.768 - Star Wars is also represented in the nominal earnings chart with five films, while the Harry Potter, Jurassic Park and Pirates of the Caribbean franchises feature prominently.
8005:123146186616832::Thread-208 2020-08-09 18:59:52.448 - She spent two years in Tokyo, where "she became addicted to Valium and alcohol and spent her paychecks on shopping sprees".
8004:123146186616832::Thread-208 2020-08-09 18:59:52.489 - Avatar, in second place on the nominal chart, is the highest-grossing film that is not a sequel or an adaptation of a pre-existing property.
8006:123146186616832::Thread-208 2020-08-09 18:59:53.241 - **END**
8004:123146186616832::Thread-208 2020-08-09 18:59:53.49 - **END**
8005:123146186616832::Thread-208 2020-08-09 18:59:54.062 - When her father learned she had become sexually active, he complained to her agency, pointing out she was underage.
8005:123146186616832::Thread-208 2020-08-09 18:59:55.29 - It sent her back to the United States, "sixteen years old and already a washed-up model".
8005:123146186616832::Thread-208 2020-08-09 18:59:56.153 - At eighteen, she obtained a GED, briefly studied nursing at Boise State University, then received EMT certification from a local vocational school.
8003:123146186616832::Thread-208 2020-08-09 18:59:56.864 - **START**
8003:123146186616832::Thread-208 2020-08-09 18:59:56.868 - Starting new HTTPS connection (1): en.wikipedia.org
8005:123146186616832::Thread-208 2020-08-09 18:59:58.154 - **END**
8003:123146186616832::Thread-208 2020-08-09 18:59:58.255 - Newcastle United Football Club is an English professional football club based in Newcastle upon Tyne, Tyne and Wear, that plays in the Premier League, the top flight of English football.
8002:123146186616832::Thread-208 2020-08-09 18:59:58.842 - **END**
8003:123146186616832::Thread-208 2020-08-09 18:59:59.039 - Founded in 1892 by the merger of Newcastle East End and Newcastle West End.
8003:123146186616832::Thread-208 2020-08-09 19:00:00.839 - The team plays its home matches at St. James' Park.
8003:123146186616832::Thread-208 2020-08-09 19:00:01.062 - Per the  Taylor Report's requirement that all Premier League clubs have an all-seater stadium, the ground was adjusted in the mid-1990s and now has a capacity of 52,305.
8006:123146186616832::Thread-208 2020-08-09 19:00:01.243 - **START**
8006:123146186616832::Thread-208 2020-08-09 19:00:01.248 - Starting new HTTPS connection (1): en.wikipedia.org
8003:123146186616832::Thread-208 2020-08-09 19:00:02.548 - The club has been a member of the Premier League for all but three years of the competition's history, spending 88 seasons in the top flight as of July 2020, and have never dropped below English football's second tier since joining the Football League in 1893.
8006:123146186616832::Thread-208 2020-08-09 19:00:02.615 - The Lighthouse of Alexandria, sometimes called the Pharos of Alexandria (; Ancient Greek: ὁ Φάρος τῆς Ἀλεξανδρείας, contemporary Koine Greek pronunciation: [ho pʰá.ros teːs a.lek.sandréːaːs]), was a lighthouse built by the Ptolemaic Kingdom, during the reign of Ptolemy II Philadelphus (280–247 BC), which has been estimated to be at least 100 metres (330 ft) in overall height.
8003:123146186616832::Thread-208 2020-08-09 19:00:02.998 - Newcastle have won 4 League titles, 6 FA Cups and a Charity Shield, as well as the 1969 Inter-Cities Fairs Cup and the 2006 UEFA Intertoto Cup, the ninth highest total of trophies won by an English club.
8006:123146186616832::Thread-208 2020-08-09 19:00:03.342 - One of the Seven Wonders of the Ancient World, for many centuries it was one of the tallest man-made structures in the world.
8006:123146186616832::Thread-208 2020-08-09 19:00:03.757 - The lighthouse was severely damaged by three earthquakes between AD 956 and 1323 and became an abandoned ruin.
8002:123146186616832::Thread-208 2020-08-09 19:00:03.848 - **START**
8002:123146186616832::Thread-208 2020-08-09 19:00:03.901 - Starting new HTTPS connection (1): en.wikipedia.org
8003:123146186616832::Thread-208 2020-08-09 19:00:04.558 - The club's most successful period was between 1904 and 1910, when they won an FA Cup and three of their League titles.
8006:123146186616832::Thread-208 2020-08-09 19:00:04.602 - It was the third longest surviving ancient wonder (after the Mausoleum at Halicarnassus and the extant Great Pyramid of Giza), surviving in part until AD 1480, when the last of its remnant stones were used to build the Citadel of Qaitbay on the site.
8002:123146186616832::Thread-208 2020-08-09 19:00:04.771 - Chyna (born Joan Marie Laurer; December 27, 1969 – April 17, 2016) was an American professional wrestler, glamour model, actress, author, bodybuilder and adult film actress.
8002:123146186616832::Thread-208 2020-08-09 19:00:04.784 - She first rose to prominence in the World Wrestling Federation (WWF, now WWE) in 1997, where she was billed as the "Ninth Wonder of the World" (André the Giant was already billed as the eighth).
8006:123146186616832::Thread-208 2020-08-09 19:00:04.837 - In 1994, French archaeologists discovered some remains of the lighthouse on the floor of Alexandria's Eastern Harbour.
8002:123146186616832::Thread-208 2020-08-09 19:00:05.175 - A founding member of the stable D-Generation X as the promotion's first female enforcer, she held the WWF Intercontinental Championship (the only female performer to do so) twice and the WWF Women's Championship once.
8002:123146186616832::Thread-208 2020-08-09 19:00:05.557 - She was also the first woman to participate in the Royal Rumble match and King of the Ring tournament, as well as to become number one contender to the WWF Championship.
8006:123146186616832::Thread-208 2020-08-09 19:00:05.81 - In 2016 the Ministry of State of Antiquities in Egypt had plans to turn submerged ruins of ancient Alexandria, including those of the Pharos, into an underwater museum.
8002:123146186616832::Thread-208 2020-08-09 19:00:05.97 - With singles victories over several prominent male wrestlers – including multiple-time world champions Triple H, Kurt Angle, Chris Jericho, and Jeff Jarrett – Chyna left what WWE called "a lasting legacy as the most dominant female competitor of all time".
8006:123146186616832::Thread-208 2020-08-09 19:00:06.482 - Origin

Pharos was a small island located on the western edge of the Nile Delta.
8002:123146186616832::Thread-208 2020-08-09 19:00:06.513 - After leaving the WWF in 2001, Chyna wrestled sporadically, with New Japan Pro Wrestling (NJPW) in 2002 and Total Nonstop Action Wrestling (TNA) in 2011.
8003:123146186616832::Thread-208 2020-08-09 19:00:06.528 - Newcastle were relegated in 2009, and again in 2016.
8006:123146186616832::Thread-208 2020-08-09 19:00:07.075 - In 332 BC Alexander the Great founded the city of Alexandria on an isthmus opposite Pharos.
8003:123146186616832::Thread-208 2020-08-09 19:00:07.081 - The club won promotion at the first time of asking each time, returning to the Premier League, as Championship winners, in 2010 and 2017.
8002:123146186616832::Thread-208 2020-08-09 19:00:07.338 - The latter was her final appearance in a wrestling ring.
8004:123146186616832::Thread-208 2020-08-09 19:00:07.491 - **START**
8004:123146186616832::Thread-208 2020-08-09 19:00:07.497 - Starting new HTTPS connection (1): en.wikipedia.org
8006:123146186616832::Thread-208 2020-08-09 19:00:07.801 - Alexandria and Pharos were later connected by a mole spanning more than 1,200 metres (0.75 miles), which was called the Heptastadion ("seven stadia"—a stadium was a Greek unit of length measuring approximately 180 m).
8002:123146186616832::Thread-208 2020-08-09 19:00:07.953 - Outside of wrestling, Chyna appeared in Playboy magazine twice, as well as numerous television shows and films.
8004:123146186616832::Thread-208 2020-08-09 19:00:08.054 - Ronald Jeremy Hyatt (born March 12, 1953) is an American pornographic actor, filmmaker, actor, and stand-up comedian.Nicknamed "The Hedgehog", Jeremy was ranked by AVN at No.
8002:123146186616832::Thread-208 2020-08-09 19:00:08.076 - She was considered to be a sex symbol.
8005:123146186616832::Thread-208 2020-08-09 19:00:08.16 - **START**
8005:123146186616832::Thread-208 2020-08-09 19:00:08.166 - Starting new HTTPS connection (1): en.wikipedia.org
8006:123146186616832::Thread-208 2020-08-09 19:00:08.512 - The east side of the mole became the Great Harbour, now an open bay; on the west side lay the port of Eunostos, with its inner basin Kibotos now vastly enlarged to form the modern harbour.
8004:123146186616832::Thread-208 2020-08-09 19:00:08.673 - 1 in their "50 Top Porn Stars of All Time" list.
8002:123146186616832::Thread-208 2020-08-09 19:00:08.752 - In 2005, she was a cast member on VH1's The Surreal Life, which led to several other celebrity reality appearances on the network, including The Surreal Life: Fame Games in 2007 and Celebrity Rehab with Dr.
8002:123146186616832::Thread-208 2020-08-09 19:00:08.753 - **END**
8004:123146186616832::Thread-208 2020-08-09 19:00:08.992 - Jeremy has also made a number of non-pornographic media appearances, and director Scott J. Gill filmed a documentary about him and his legacy, Porn Star: The Legend of Ron Jeremy, which was released in 2001.
8004:123146186616832::Thread-208 2020-08-09 19:00:09.218 - More than a dozen women have publicly accused Jeremy of sexual assault.
8005:123146186616832::Thread-208 2020-08-09 19:00:09.274 - Philadelphia, colloquially Philly, is the largest city in the U.S. state  of Pennsylvania, and the sixth-most populous U.S. city with a 2019 estimated population of 1,584,064.
8005:123146186616832::Thread-208 2020-08-09 19:00:09.502 - Since 1854, the city has had the same geographic boundaries as Philadelphia County, the most populous county in Pennsylvania and the urban core of the eighth-largest U.S. metropolitan statistical area, with over 6 million residents as of 2017.
8004:123146186616832::Thread-208 2020-08-09 19:00:09.682 - Several of the allegations relate to his appearances at fan conventions, alleging that he would grope and insert his fingers into attendees without their consent.
8004:123146186616832::Thread-208 2020-08-09 19:00:09.949 - In June 2020, Jeremy was charged with sexual assault.
8004:123146186616832::Thread-208 2020-08-09 19:00:10.014 - Early life
Ronald Jeremy Hyatt was born in Queens, New York, to a middle-class Jewish family from Russia and Poland.
8003:123146186616832::Thread-208 2020-08-09 19:00:10.083 - **END**
8005:123146186616832::Thread-208 2020-08-09 19:00:10.433 - Philadelphia is also the economic and cultural anchor of the greater Delaware Valley, located along the lower Delaware and Schuylkill Rivers, within the Northeast megalopolis.
8004:123146186616832::Thread-208 2020-08-09 19:00:10.834 - His father, Arnold (born 1918) was a physicist, and his mother a book editor who served in the O.S.S.
8004:123146186616832::Thread-208 2020-08-09 19:00:10.982 - during World War II, as she spoke fluent German and French.He graduated from Benjamin N. Cardozo High School.
8004:123146186616832::Thread-208 2020-08-09 19:00:11.136 - Pornographic film career

Jeremy left the teaching profession (he called it his "ace in the hole") to pursue a legitimate acting career on Broadway.
8005:123146186616832::Thread-208 2020-08-09 19:00:11.357 - The Delaware Valley's population of 7.2 million ranks it as the eighth-largest combined statistical area in the United States.Philadelphia is one of the oldest municipalities in the United States.
8004:123146186616832::Thread-208 2020-08-09 19:00:11.399 - He has said that he learned then what it was like to be broke, making no money as an actor who "starved Off-Broadway" Jeremy soon found work posing for Playgirl after his then-girlfriend submitted his photo to the magazine.
8004:123146186616832::Thread-208 2020-08-09 19:00:11.399 - **END**
8005:123146186616832::Thread-208 2020-08-09 19:00:12.056 - William Penn, an English Quaker, founded the city in 1682 to serve as capital of the Pennsylvania Colony.
8005:123146186616832::Thread-208 2020-08-09 19:00:12.599 - Philadelphia played an instrumental role in the American Revolution as a meeting place for the Founding Fathers of the United States, who signed the Declaration of Independence in 1776 at the Second Continental Congress, and the Constitution at the Philadelphia Convention of 1787.
8005:123146186616832::Thread-208 2020-08-09 19:00:13.465 - Several other key events occurred in Philadelphia during the Revolutionary War including the First Continental Congress, the preservation of the Liberty Bell, the Battle of Germantown, and the Siege of Fort Mifflin.
8006:123146186616832::Thread-208 2020-08-09 19:00:13.514 - **END**
8005:123146186616832::Thread-208 2020-08-09 19:00:13.907 - Philadelphia remained the nation's largest city until being overtaken by New York City in 1790; the city was also one of the nation's capitals during the revolution, serving as temporary U.S. capital while Washington, D.C. was under construction.
8005:123146186616832::Thread-208 2020-08-09 19:00:14.192 - In the 19th century, Philadelphia became a major industrial center and a railroad hub.
8005:123146186616832::Thread-208 2020-08-09 19:00:14.926 - The city grew from an influx of European immigrants, most of whom came from Ireland, Italy and Germany—the three largest reported ancestry groups in the city as of 2015.
8005:123146186616832::Thread-208 2020-08-09 19:00:16.932 - **END**