8003:123145442050048::Thread-31 2020-08-09 18:59:27.246 - **START**
8003:123145442050048::Thread-31 2020-08-09 18:59:27.53 - Starting new HTTPS connection (1): en.wikipedia.org
8002:123145442050048::Thread-31 2020-08-09 18:59:31.315 - **START**
8003:123145442050048::Thread-31 2020-08-09 18:59:31.728 - China (Chinese: 中国; pinyin: Zhōngguó; lit.
8002:123145442050048::Thread-31 2020-08-09 18:59:32.004 - Starting new HTTPS connection (1): en.wikipedia.org
8003:123145442050048::Thread-31 2020-08-09 18:59:33.194 - : 'Central State; Middle Kingdom'), officially the People's Republic of China (PRC; Chinese: 中华人民共和国; pinyin: Zhōnghuá Rénmín Gònghéguó), is a country in East Asia.
8006:123145442050048::Thread-31 2020-08-09 18:59:33.244 - **START**
8006:123145442050048::Thread-31 2020-08-09 18:59:34.107 - Starting new HTTPS connection (1): en.wikipedia.org
8005:123145442050048::Thread-31 2020-08-09 18:59:35.201 - **START**
8004:123145442050048::Thread-31 2020-08-09 18:59:35.221 - **START**
8002:123145442050048::Thread-31 2020-08-09 18:59:35.733 - Once Upon a Time is  an American fantasy adventure drama television series that aired on ABC from October 23, 2011 to May 18, 2018.
8003:123145442050048::Thread-31 2020-08-09 18:59:35.764 - It is the world's most populous country, with a population of around 1.4 billion in 2019.
8003:123145442050048::Thread-31 2020-08-09 18:59:36.279 - Covering approximately 9.6 million square kilometres (3.7 million mi2), it is the world's third or fourth-largest country by area.
8006:123145442050048::Thread-31 2020-08-09 18:59:36.337 - Los Angeles International Airport (IATA: LAX, ICAO: KLAX, FAA LID: LAX), commonly referred to as LAX (with each of its letters pronounced individually), is the primary international airport serving Los Angeles and its surrounding metropolitan area.
8002:123145442050048::Thread-31 2020-08-09 18:59:36.486 - The first six seasons are largely set in the fictitious seaside town of Storybrooke, Maine, with the characters of Emma Swan and her 10-year-old son, Henry Mills, as the leads — whilst the seventh and final season takes place in Seattle, Washington, in the fictitious neighborhood of Hyperion Heights, with a new main narrative led by adult Henry Mills, his wife Ella (Jacinda), and their daughter Lucy.
8002:123145442050048::Thread-31 2020-08-09 18:59:36.51 - The show's more notable characters are based on original Disney characters from The Walt Disney Company and popular Western literature, folklore, Greek mythology, and fairy tales.
8006:123145442050048::Thread-31 2020-08-09 18:59:37.112 - LAX is located in the Westchester neighborhood of Los Angeles, 18 miles (30 km) southwest of Downtown Los Angeles, with the commercial and residential areas of Westchester to the north, the city of El Segundo to the south and the city of Inglewood to the east.
8003:123145442050048::Thread-31 2020-08-09 18:59:37.171 - Governed solely by the Chinese Communist Party (CCP), the state exercises jurisdiction over 22 provinces, five autonomous regions, four direct-controlled municipalities (Beijing, Tianjin, Shanghai, and Chongqing), and the special administrative regions of Hong Kong and Macau.
8002:123145442050048::Thread-31 2020-08-09 18:59:37.241 - The family of Snow White and Prince Charming from Disney's Snow White and the Seven Dwarfs are the main family featured in the series.
8006:123145442050048::Thread-31 2020-08-09 18:59:37.259 - LAX is the closest airport to the Westside and the South Bay.
8006:123145442050048::Thread-31 2020-08-09 18:59:37.898 - Owned and operated by Los Angeles World Airports (LAWA), an agency of the government of Los Angeles, formerly known as the Department of Airports, the airport covers 3,500 acres (1,400 ha)  of land.
8005:123145442050048::Thread-31 2020-08-09 18:59:38.082 - Starting new HTTPS connection (1): en.wikipedia.org
8002:123145442050048::Thread-31 2020-08-09 18:59:38.5 - Once Upon a Time was created by Lost & Tron: Legacy writers Edward Kitsis and Adam Horowitz.
8006:123145442050048::Thread-31 2020-08-09 18:59:38.648 - LAX has four parallel runways.In 2019, LAX handled 88,068,013 passengers, making it the world's third busiest and the United States' second busiest airport following Hartsfield–Jackson Atlanta International Airport.
8003:123145442050048::Thread-31 2020-08-09 18:59:39.296 - China emerged as one of the world's first civilizations, in the fertile basin of the Yellow River in the North China Plain.
8006:123145442050048::Thread-31 2020-08-09 18:59:39.582 - As the largest and busiest international airport on the U.S. West Coast, LAX is a major international gateway to the United States, and also serves a connection point for passengers traveling internationally.
8004:123145442050048::Thread-31 2020-08-09 18:59:39.703 - Starting new HTTPS connection (1): en.wikipedia.org
8003:123145442050048::Thread-31 2020-08-09 18:59:39.763 - For millennia, China's political system was based on absolute and hereditary monarchies, or dynasties, beginning with the semi-mythical Xia dynasty in 21st century BCE.
8002:123145442050048::Thread-31 2020-08-09 18:59:39.765 - A spin-off series, Once Upon a Time in Wonderland, consisting of 13 episodes which followed the peculiar character from the 1865 novel Alice's Adventures in Wonderland by Lewis Carroll, premiered on October 10, 2013 and concluded on April 3, 2014.
8006:123145442050048::Thread-31 2020-08-09 18:59:39.972 - The airport holds the record for the world's busiest origin and destination airport, since relative to other airports, many more travelers begin or end their trips in Los Angeles than use it as a connection.
8006:123145442050048::Thread-31 2020-08-09 18:59:40.688 - It is also the only airport to rank among the top five U.S. airports for both passenger and cargo traffic.LAX serves as a major hub or focus city for more passenger airlines than any other airport in the United States.
8002:123145442050048::Thread-31 2020-08-09 18:59:41.064 - Series overview
For the first six seasons, the series is set in the fictional seaside town of Storybrooke, Maine, in which the residents are actually fairy tale characters that were transported to the real world town and robbed of their memories by Regina, the Evil Queen (Lana Parrilla) who used a powerful dark curse obtained from Rumplestiltskin (Robert Carlyle).
8006:123145442050048::Thread-31 2020-08-09 18:59:41.393 - While LAX is the busiest airport in the Greater Los Angeles Area, several other airports, including Hollywood Burbank Airport, John Wayne Airport, Long Beach Airport, as well as Ontario International Airport, also serve the area.
8002:123145442050048::Thread-31 2020-08-09 18:59:41.572 - The residents of Storybrooke, where Regina is mayor, have lived an unchanging existence for 28 years, unaware of their own agelessness.
8006:123145442050048::Thread-31 2020-08-09 18:59:41.848 - History

In 1928, the Los Angeles City Council selected 640 acres (1.00 sq mi; 260 ha) in the southern part of Westchester for a new airport.
8003:123145442050048::Thread-31 2020-08-09 18:59:42.503 - Since then, China has expanded, fractured, and re-unified numerous times.
8005:123145442050048::Thread-31 2020-08-09 18:59:42.881 - Lionel Andrés Messi Cuccittini (Spanish pronunciation: [ljoˈnel anˈdɾez ˈmesi] (listen); born 24 June 1987) is an Argentine professional footballer who plays as a forward and captains both Spanish club Barcelona and the Argentina national team.
8002:123145442050048::Thread-31 2020-08-09 18:59:43.195 - The town's only hope lies with a bail-bonds person from the Land Without Magic, named Emma Swan (Jennifer Morrison), only daughter of Snow White (Ginnifer Goodwin) and Prince Charming (Josh Dallas).
8004:123145442050048::Thread-31 2020-08-09 18:59:43.202 - Lost is an American drama television series that originally aired on ABC from September 22, 2004, to May 23, 2010, over six seasons, comprising a total of 121 episodes.
8005:123145442050048::Thread-31 2020-08-09 18:59:43.613 - Often considered the best player in the world and widely regarded as one of the greatest players of all time, Messi has won a record six Ballon d'Or awards, and a record six European Golden Shoes.
8004:123145442050048::Thread-31 2020-08-09 18:59:43.621 - The show contains elements of supernatural and science fiction, and follows the survivors of a commercial jet airliner flying between Sydney and Los Angeles, after the plane crashes on a mysterious island somewhere in the South Pacific Ocean.
8005:123145442050048::Thread-31 2020-08-09 18:59:43.666 - He has spent his entire professional career with Barcelona, where he has won a club-record 33 trophies, including ten La Liga titles, four UEFA Champions League titles and six Copas del Rey.
8002:123145442050048::Thread-31 2020-08-09 18:59:43.732 - Emma was transported from the Enchanted Forest to the real world via a magic wardrobe as an infant before the curse was cast.
8003:123145442050048::Thread-31 2020-08-09 18:59:43.76 - In the 3rd century BCE, the Qin reunited core China and established the first Chinese empire.
8005:123145442050048::Thread-31 2020-08-09 18:59:43.954 - A prolific goalscorer and creative playmaker, Messi holds the records for most goals in La Liga (444), a La Liga and European league season (50), most hat-tricks in La Liga (36) and the UEFA Champions League (8), and most assists in La Liga (183), a La Liga and European league season (21) and the Copa América (12).
8005:123145442050048::Thread-31 2020-08-09 18:59:43.98 - He has scored over 700 senior career goals for club and country.
8004:123145442050048::Thread-31 2020-08-09 18:59:44.572 - The story is told in a heavily serialized manner.
8005:123145442050048::Thread-31 2020-08-09 18:59:44.675 - Born and raised in central Argentina, Messi relocated to Spain to join Barcelona at age 13, for whom he made his competitive debut aged 17 in October 2004.
8005:123145442050048::Thread-31 2020-08-09 18:59:44.89 - He established himself as an integral player for the club within the next three years, and in his first uninterrupted season in 2008–09 he helped Barcelona achieve the first treble in Spanish football; that year, aged 22, Messi won his first Ballon d'Or.
8003:123145442050048::Thread-31 2020-08-09 18:59:44.968 - The succeeding Han dynasty, which ruled from 206 BCE until 220 CE, saw some of the most advanced technology at that time, including papermaking and the compass, along with agricultural and medical improvements.
8004:123145442050048::Thread-31 2020-08-09 18:59:45.224 - Episodes typically feature a primary storyline set on the island, augmented by flashback or flashforward sequences which provide additional insight into the involved characters.
8005:123145442050048::Thread-31 2020-08-09 18:59:45.587 - Three successful seasons followed, with Messi winning four consecutive Ballons d'Or, making him the first player to win the award four times and in a row.
8005:123145442050048::Thread-31 2020-08-09 18:59:46.408 - During the 2011–12 season, he set the La Liga and European records for most goals scored in a single season, while establishing himself as Barcelona's all-time top scorer.
8003:123145442050048::Thread-31 2020-08-09 18:59:46.457 - The invention of gunpowder and movable type in the Tang dynasty (618–907) and Northern Song (960–1127) completed the Four Great Inventions.
8005:123145442050048::Thread-31 2020-08-09 18:59:46.619 - The following two seasons, Messi finished second for the Ballon d'Or behind Cristiano Ronaldo (his perceived career rival), before regaining his best form during the 2014–15 campaign, becoming the all-time top scorer in La Liga and leading Barcelona to a historic second treble, after which he was awarded a fifth Ballon d'Or in 2015.
8005:123145442050048::Thread-31 2020-08-09 18:59:46.623 - **END**
8004:123145442050048::Thread-31 2020-08-09 18:59:47.183 - Lost was created by Jeffrey Lieber, J. J. Abrams and Damon Lindelof, who share story writing credits for the pilot episode, which Abrams directed.
8004:123145442050048::Thread-31 2020-08-09 18:59:47.294 - Throughout the show's run, Lindelof and Carlton Cuse served as showrunners and head writers, working together with many other executive producers and writers.
8004:123145442050048::Thread-31 2020-08-09 18:59:49.148 - Due to its large ensemble cast and the cost of filming primarily on location in Oahu, Hawaii, the series was one of the most expensive on television, with the pilot alone costing over $14 million.
8003:123145442050048::Thread-31 2020-08-09 18:59:49.381 - Tang culture spread widely in Asia, as the new Silk Route brought traders to as far as Mesopotamia and the Horn of Africa.
8003:123145442050048::Thread-31 2020-08-09 18:59:50.383 - **END**
8004:123145442050048::Thread-31 2020-08-09 18:59:50.816 - The fictional universe and mythology of Lost are expanded upon by a number of related media, most importantly, a series of short mini-episodes called Missing Pieces, and a 12-minute epilogue titled "The New Man in Charge".
8006:123145442050048::Thread-31 2020-08-09 18:59:50.851 - **END**
8004:123145442050048::Thread-31 2020-08-09 18:59:51.504 - Lost has regularly been ranked by critics as one of the greatest television series of all time.
8004:123145442050048::Thread-31 2020-08-09 18:59:51.74 - The first season had an estimated average of 16 million viewers per episode on ABC.
8005:123145442050048::Thread-31 2020-08-09 18:59:52.623 - **START**
8005:123145442050048::Thread-31 2020-08-09 18:59:52.628 - Starting new HTTPS connection (1): en.wikipedia.org
8002:123145442050048::Thread-31 2020-08-09 18:59:52.736 - **END**
8004:123145442050048::Thread-31 2020-08-09 18:59:53.489 - During its sixth and final season, the show averaged over 11 million U.S. viewers per episode.
8005:123145442050048::Thread-31 2020-08-09 18:59:53.657 - Alfred the Great (848/849 – 26 October 899) was King of Wessex from 871 to c.  886 and King of the Anglo-Saxons from c.  886 to 899.
8004:123145442050048::Thread-31 2020-08-09 18:59:54.492 - **END**
8006:123145442050048::Thread-31 2020-08-09 18:59:54.863 - **START**
8006:123145442050048::Thread-31 2020-08-09 18:59:54.913 - Starting new HTTPS connection (1): en.wikipedia.org
8005:123145442050048::Thread-31 2020-08-09 18:59:55.489 - He was the youngest son of King Æthelwulf of Wessex.
8006:123145442050048::Thread-31 2020-08-09 18:59:56.211 - Rome (Italian and Latin: Roma [ˈroːma] (listen)) is the capital city and a special comune of Italy (named Comune di Roma Capitale) as well as the capital of the Lazio region.
8005:123145442050048::Thread-31 2020-08-09 18:59:56.693 - His father died when he was young, and three of Alfred's brothers, Æthelbald, Æthelberht and Æthelred, reigned in turn before him.
8006:123145442050048::Thread-31 2020-08-09 18:59:57.319 - The city has been a major human settlement for over two millennia.
8002:123145442050048::Thread-31 2020-08-09 18:59:57.738 - **START**
8002:123145442050048::Thread-31 2020-08-09 18:59:57.752 - Starting new HTTPS connection (1): en.wikipedia.org
8004:123145442050048::Thread-31 2020-08-09 18:59:58.493 - **START**
8004:123145442050048::Thread-31 2020-08-09 18:59:58.631 - Starting new HTTPS connection (1): en.wikipedia.org
8002:123145442050048::Thread-31 2020-08-09 18:59:59.165 - Fearless is the second studio album by American singer-songwriter Taylor Swift.
8005:123145442050048::Thread-31 2020-08-09 18:59:59.286 - After ascending the throne, Alfred spent several years fighting Viking invasions.
8006:123145442050048::Thread-31 2020-08-09 18:59:59.302 - With 2,860,009 residents in 1,285 km2 (496.1 sq mi), it is also the country's most populated comune.
8002:123145442050048::Thread-31 2020-08-09 19:00:00.019 - The album was released on November 11, 2008, by Big Machine Records.
8006:123145442050048::Thread-31 2020-08-09 19:00:00.135 - It is the third most populous city in the European Union by population within city limits.
8002:123145442050048::Thread-31 2020-08-09 19:00:00.251 - Swift wrote most of the songs during the time when she was promoting her self-titled debut studio album performing as an opening act for other country artists.
8002:123145442050048::Thread-31 2020-08-09 19:00:00.622 - Of the 13 tracks on the standard edition, eight were solely written by Swift, and the other were co-written by Swift with Liz Rose, Hillary Lindsey, Colbie Caillat, and John Rich.
8002:123145442050048::Thread-31 2020-08-09 19:00:00.642 - Swift also made her debut as a record producer, co-producing all songs with Nathan Chapman.
8004:123145442050048::Thread-31 2020-08-09 19:00:00.835 - Futbol Club Barcelona (Catalan pronunciation: [fubˈbɔl ˈklub bəɾsəˈlonə] (listen)), commonly referred to as Barcelona and colloquially known as Barça ([ˈbaɾsə]), is a Spanish professional football club based in Barcelona, Catalonia, Spain.
8002:123145442050048::Thread-31 2020-08-09 19:00:01.464 - Fearless is a country pop album that incorporates elements of crossover pop that commentators found appealing to a broader, mainstream audience.
8004:123145442050048::Thread-31 2020-08-09 19:00:01.752 - Founded in 1899 by a group of Swiss, Spanish, English, and Catalan footballers led by Joan Gamper, the club has become a symbol of Catalan culture and Catalanism, hence the motto "Més que un club" ("More than a club").
8006:123145442050048::Thread-31 2020-08-09 19:00:01.886 - It is the centre of the Metropolitan City of Rome, which has a population of 4,355,725 residents, thus making it the most populous metropolitan city in Italy.
8005:123145442050048::Thread-31 2020-08-09 19:00:01.994 - He won a decisive victory in the Battle of Edington in 878 and made an agreement with the Vikings, creating what was known as the Danelaw in the North of England.
8005:123145442050048::Thread-31 2020-08-09 19:00:02.322 - Alfred also oversaw the conversion of Viking leader Guthrum to Christianity.
8002:123145442050048::Thread-31 2020-08-09 19:00:02.439 - It incorporates acoustic instruments such as banjo, fiddle, and guitar in its production, and lyrically depicts Swift's perceptions of her romantic relationships.
8006:123145442050048::Thread-31 2020-08-09 19:00:02.514 - Its metropolitan area is the third-most populous within Italy.
8002:123145442050048::Thread-31 2020-08-09 19:00:03.084 - The album received generally positive reviews from critics, who commended Swift's songwriting ability resulting in radio-friendly songs.
8004:123145442050048::Thread-31 2020-08-09 19:00:03.208 - Unlike many other football clubs, the supporters own and operate Barcelona.
8002:123145442050048::Thread-31 2020-08-09 19:00:03.813 - The most awarded album in the history of country music, Fearless won Album of the Year at the Grammys, the Country Music Association Awards, and the Academy of Country Music Awards.
8006:123145442050048::Thread-31 2020-08-09 19:00:03.844 - Rome is located in the central-western portion of the Italian Peninsula, within Lazio (Latium), along the shores of the Tiber.
8006:123145442050048::Thread-31 2020-08-09 19:00:03.85 - Vatican City (the smallest country in the world) is an independent country inside the city boundaries of Rome, the only existing example of a country within a city; for this reason Rome has sometimes been defined as the capital of two states.Rome's history spans 28 centuries.
8004:123145442050048::Thread-31 2020-08-09 19:00:03.975 - It is the fourth-most valuable sports team in the world, worth $4.06 billion, and the world's richest football club in terms of revenue, with an annual turnover of €840,8 million.
8002:123145442050048::Thread-31 2020-08-09 19:00:04.132 - The Grammy for Album of the Year made Swift, then 20 years old, the youngest artist to win the award at the time.
8005:123145442050048::Thread-31 2020-08-09 19:00:04.504 - He defended his kingdom against the Viking attempt at conquest, becoming the dominant ruler in England.
8004:123145442050048::Thread-31 2020-08-09 19:00:05.152 - The official Barcelona anthem is the "Cant del Barça", written by Jaume Picas and Josep Maria Espinàs.Domestically, Barcelona has won a record 74 trophies: 26 La Liga, 30 Copa del Rey, 13 Supercopa de España, 3 Copa Eva Duarte, and 2 Copa de la Liga trophies, as well as being the record holder for the latter four competitions.
8004:123145442050048::Thread-31 2020-08-09 19:00:05.772 - In international club football, the club has won 20 European and worldwide titles: 5 UEFA Champions League titles, a record 4 UEFA Cup Winners' Cup, a joint record 5 UEFA Super Cup, a record 3 Inter-Cities Fairs Cup, and 3 FIFA Club World Cup.
8005:123145442050048::Thread-31 2020-08-09 19:00:06.356 - Details of his life are described in a work by 9th-century Welsh scholar and bishop Asser.
8003:123145442050048::Thread-31 2020-08-09 19:00:06.389 - **START**
8006:123145442050048::Thread-31 2020-08-09 19:00:06.399 - While Roman mythology dates the founding of Rome at around 753 BC, the site has been inhabited for much longer, making it one of the oldest continuously occupied cities in Europe.
8003:123145442050048::Thread-31 2020-08-09 19:00:06.399 - Starting new HTTPS connection (1): en.wikipedia.org
8004:123145442050048::Thread-31 2020-08-09 19:00:06.663 - Barcelona was ranked first in the International Federation of Football History & Statistics Club World Ranking for 1997, 2009, 2011, 2012, and 2015 and currently occupies the third position on the UEFA club rankings.
8003:123145442050048::Thread-31 2020-08-09 19:00:07.132 - Backstreet Boys  (often abbreviated as BSB) is an American vocal group, formed in Orlando, Florida in 1993.
8005:123145442050048::Thread-31 2020-08-09 19:00:07.367 - Alfred had a reputation as a learned and merciful man of a gracious and level-headed nature who encouraged education, proposing that primary education be conducted in Anglo-Saxon rather than Latin and improving the legal system and military structure and his people's quality of life.
8004:123145442050048::Thread-31 2020-08-09 19:00:07.87 - The club has a long-standing rivalry with Real Madrid, and matches between the two teams are referred to as El Clásico.
8004:123145442050048::Thread-31 2020-08-09 19:00:08.698 - Barcelona is one of the most widely supported teams in the world, and the club has one of the largest social media following in the world among sports teams.
8006:123145442050048::Thread-31 2020-08-09 19:00:08.775 - The city's early population originated from a mix of Latins, Etruscans, and Sabines.
8004:123145442050048::Thread-31 2020-08-09 19:00:08.786 - Barcelona players have won a record number of Ballon d'Or awards (12), with recipients including Johan Cruyff, as well as a record number of FIFA World Player of the Year awards (7), with winners including Ronaldo, Romário, Ronaldinho, and Rivaldo.
8003:123145442050048::Thread-31 2020-08-09 19:00:08.973 - The group consists of AJ McLean, Howie Dorough, Nick Carter, Kevin Richardson, and Brian Littrell.
8005:123145442050048::Thread-31 2020-08-09 19:00:09.915 - He was given the epithet "the Great" during and after the Reformation in the sixteenth century, and together with Danish Cnut the Great, is the only king of England to be given such a name.
8003:123145442050048::Thread-31 2020-08-09 19:00:10.184 - The group rose to fame with their debut international album, Backstreet Boys (1996).
8003:123145442050048::Thread-31 2020-08-09 19:00:10.532 - In the following year, they released their second international album Backstreet's Back (1997) along with their self-titled U.S. debut album, which continued the group's success worldwide.
8003:123145442050048::Thread-31 2020-08-09 19:00:11.09 - They rose to superstardom with their third studio album Millennium (1999) and its follow-up album, Black & Blue (2000).
8004:123145442050048::Thread-31 2020-08-09 19:00:11.788 - **END**
8003:123145442050048::Thread-31 2020-08-09 19:00:12.028 - After a two-year hiatus, they regrouped and released a comeback album Never Gone (2005).
8003:123145442050048::Thread-31 2020-08-09 19:00:12.92 - After the conclusion of the Never Gone Tour in 2006, Richardson left the group to pursue other interests.
8002:123145442050048::Thread-31 2020-08-09 19:00:13.133 - **END**
8003:123145442050048::Thread-31 2020-08-09 19:00:14.137 - The group then released two albums as a quartet: Unbreakable (2007) and This Is Us (2009).
8003:123145442050048::Thread-31 2020-08-09 19:00:14.926 - In 2012, the group announced that Richardson had rejoined them permanently.
8003:123145442050048::Thread-31 2020-08-09 19:00:15.245 - In the following year, they celebrated their 20th anniversary and released their first independent album, In a World Like This (2013).
8005:123145442050048::Thread-31 2020-08-09 19:00:15.919 - **END**
8006:123145442050048::Thread-31 2020-08-09 19:00:17.782 - **END**
8003:123145442050048::Thread-31 2020-08-09 19:00:22.249 - **END**