8002:123145374744576::Thread-15 2020-08-09 18:59:27.303 - **START**
8002:123145374744576::Thread-15 2020-08-09 18:59:27.576 - Starting new HTTPS connection (1): en.wikipedia.org
8005:123145374744576::Thread-15 2020-08-09 18:59:29.2 - **START**
8005:123145374744576::Thread-15 2020-08-09 18:59:29.539 - Starting new HTTPS connection (1): en.wikipedia.org
8002:123145374744576::Thread-15 2020-08-09 18:59:29.756 - Slipknot is an American heavy metal band from Des Moines, Iowa.
8006:123145374744576::Thread-15 2020-08-09 18:59:30.218 - **START**
8002:123145374744576::Thread-15 2020-08-09 18:59:30.29 - The band was founded in 1995 by percussionist Shawn Crahan, drummer Joey Jordison and bassist Paul Gray.
8006:123145374744576::Thread-15 2020-08-09 18:59:30.843 - Starting new HTTPS connection (1): en.wikipedia.org
8002:123145374744576::Thread-15 2020-08-09 18:59:30.944 - After several lineup changes in its early years, the band settled on nine members for more than a decade: Crahan, Jordison, Gray, Craig Jones, Mick Thomson, Corey Taylor, Sid Wilson, Chris Fehn, and Jim Root.
8003:123145374744576::Thread-15 2020-08-09 18:59:31.23 - **START**
8005:123145374744576::Thread-15 2020-08-09 18:59:31.314 - Charles Milles Manson (né Maddox, November 12, 1934 – November 19, 2017) was an American criminal and cult leader.
8002:123145374744576::Thread-15 2020-08-09 18:59:31.339 - Gray died on May 24, 2010, and was replaced during 2011–2014 by guitarist Donnie Steele.
8005:123145374744576::Thread-15 2020-08-09 18:59:31.759 - In mid-1967, he formed what became known as the "Manson Family", a quasi-commune based in California.
8005:123145374744576::Thread-15 2020-08-09 18:59:32.197 - His followers committed a series of nine murders at four locations in July and August 1969.
8004:123145374744576::Thread-15 2020-08-09 18:59:32.204 - **START**
8002:123145374744576::Thread-15 2020-08-09 18:59:32.223 - Jordison was dismissed from the band on December 12, 2013.
8002:123145374744576::Thread-15 2020-08-09 18:59:32.649 - Steele left during the recording sessions for .5: The Gray Chapter.
8003:123145374744576::Thread-15 2020-08-09 18:59:32.723 - Starting new HTTPS connection (1): en.wikipedia.org
8005:123145374744576::Thread-15 2020-08-09 18:59:32.736 - Although the motive for the murders was disputed by Manson, the Los Angeles County district attorney believed that Manson intended to start a race war.
8002:123145374744576::Thread-15 2020-08-09 18:59:33.022 - The band found replacements in Alessandro Venturella on bass and Jay Weinberg on drums.
8004:123145374744576::Thread-15 2020-08-09 18:59:33.1 - Starting new HTTPS connection (1): en.wikipedia.org
8005:123145374744576::Thread-15 2020-08-09 18:59:33.28 - In 1971, he was convicted of first-degree murder and conspiracy to commit murder for the deaths of seven people, including the film actress Sharon Tate.
8006:123145374744576::Thread-15 2020-08-09 18:59:33.455 - Tori Black (born August 26, 1988) is an American pornographic actress.
8005:123145374744576::Thread-15 2020-08-09 18:59:33.653 - The prosecution conceded that Manson never literally ordered the murders, but they contended that his ideology constituted an overt act of conspiracy.
8002:123145374744576::Thread-15 2020-08-09 18:59:33.786 - After the departure of Jordison, as of December 2013 the only founding member in the current lineup is percussionist Crahan.
8002:123145374744576::Thread-15 2020-08-09 18:59:34.235 - Fehn was also dismissed from the band in March 2019 prior to the writing of We Are Not Your Kind.
8005:123145374744576::Thread-15 2020-08-09 18:59:34.285 - Manson was also convicted of first-degree murder for the deaths of Gary Hinman and Donald Shea.
8002:123145374744576::Thread-15 2020-08-09 18:59:34.669 - Slipknot is well known for its attention-grabbing image, aggressive style of music, and energetic and chaotic live shows.
8005:123145374744576::Thread-15 2020-08-09 18:59:35.071 - Before the murders, Manson had spent more than half of his life in correctional institutions.
8005:123145374744576::Thread-15 2020-08-09 18:59:35.089 - When he began gathering his cult following, he was a singer-songwriter on the fringe of the Los Angeles music industry, chiefly through a chance association with Dennis Wilson of the Beach Boys, who introduced Manson to record producer Terry Melcher.
8006:123145374744576::Thread-15 2020-08-09 18:59:35.622 - In 2011, she became the first person to win the Female Performer of the Year at the Adult Video News Awards two years in a row.
8003:123145374744576::Thread-15 2020-08-09 18:59:35.753 - The Delhi Metro is a rapid transit system serving Delhi and its satellite cities of Ghaziabad, Faridabad, Gurgaon, Noida, Bahadurgarh and Ballabhgarh, in the National Capital Region of India.
8005:123145374744576::Thread-15 2020-08-09 18:59:36.002 - In 1968, the Beach Boys recorded Manson's song "Cease to Exist", re-titled "Never Learn Not to Love" as the B-side on one of their singles, but without a credit to Manson.
8006:123145374744576::Thread-15 2020-08-09 18:59:36.733 - Early life
Black did an undergraduate course in journalism at Western Washington University.
8004:123145374744576::Thread-15 2020-08-09 18:59:36.761 - The Parthenon (; Ancient Greek: Παρθενών; Greek: Παρθενώνας, Parthenónas, [parθeˈnonas]) is a former temple on the Athenian Acropolis, Greece, dedicated to the goddess Athena, whom the people of Athens considered their patron.
8004:123145374744576::Thread-15 2020-08-09 18:59:37.785 - Construction began in 447 BC when the Athenian Empire was at the peak of its power.
8003:123145374744576::Thread-15 2020-08-09 18:59:37.916 - It is by far the largest and busiest metro in India, and second oldest after the Kolkata Metro.
8006:123145374744576::Thread-15 2020-08-09 18:59:39.053 - Career
Black started her career at age 18 in Fort Lauderdale, Florida, where she was on a summer vacation while attending college.
8004:123145374744576::Thread-15 2020-08-09 18:59:39.782 - It was completed in 438 BC, although decoration of the building continued until 432 BC.
8004:123145374744576::Thread-15 2020-08-09 18:59:40.259 - It is the most important surviving building of Classical Greece, generally considered the zenith of the Doric order.
8003:123145374744576::Thread-15 2020-08-09 18:59:40.903 - The network consists of Eleven colour-coded regular lines serving 285 stations with a total length of 389 kilometres (242 mi).
8005:123145374744576::Thread-15 2020-08-09 18:59:41.274 - **END**
8002:123145374744576::Thread-15 2020-08-09 18:59:41.671 - **END**
8006:123145374744576::Thread-15 2020-08-09 18:59:42.035 - At her parents' insistence on getting a job, Black saw an advertisement for an adult talent agency and sent in her pictures.
8004:123145374744576::Thread-15 2020-08-09 18:59:42.209 - Its decorative sculptures are considered some of the high points of Greek art.
8003:123145374744576::Thread-15 2020-08-09 18:59:42.365 - The system has a mix of underground, at-grade, and elevated stations using both broad-gauge and standard-gauge.
8003:123145374744576::Thread-15 2020-08-09 18:59:42.807 - Delhi Metro operates over 2,700 trips daily, starting at around 05:00 and ending at 23:30.Construction started in 1998, and the first elevated section (Shahdara to Tis Hazari) on the Red Line opened in 2002.
8004:123145374744576::Thread-15 2020-08-09 18:59:43.083 - The Parthenon is regarded as an enduring symbol of Ancient Greece, Athenian democracy and Western civilization, and one of the world's greatest cultural monuments.
8006:123145374744576::Thread-15 2020-08-09 18:59:43.185 - The agency accepted and, after considering their offer, Black accepted and returned to the agency a week later.
8006:123145374744576::Thread-15 2020-08-09 18:59:44.514 - Black's first scene was a solo shaving video for The Score Group, which was filmed in 2007.
8004:123145374744576::Thread-15 2020-08-09 18:59:44.945 - To the Athenians who built it, the Parthenon and other Periclean monuments of the Acropolis were seen fundamentally as a celebration of Hellenic victory over the Persian invaders and as a thanksgiving to the gods for that victory.The Parthenon itself replaced an older temple of Athena, which historians call the Pre-Parthenon or Older Parthenon, that was destroyed in the Persian invasion of 480 BC.
8003:123145374744576::Thread-15 2020-08-09 18:59:44.949 - The first underground section (Vishwa Vidyalaya – Kashmere Gate) on the Yellow Line opened in 2004.
8006:123145374744576::Thread-15 2020-08-09 18:59:46.173 - She was the Penthouse Pet of the Month for December 2008.Black is the first person in history to win two AVN Female Performer of the Year Awards, winning back-to-back years in 2010 and 2011.
8005:123145374744576::Thread-15 2020-08-09 18:59:46.362 - **START**
8005:123145374744576::Thread-15 2020-08-09 18:59:46.365 - Starting new HTTPS connection (1): en.wikipedia.org
8003:123145374744576::Thread-15 2020-08-09 18:59:46.456 - The development of the network was divided into phases.
8004:123145374744576::Thread-15 2020-08-09 18:59:46.859 - Like most Greek temples, the Parthenon served a practical purpose as the city treasury.
8006:123145374744576::Thread-15 2020-08-09 18:59:46.934 - She also won the 2010 and 2011 XRCO Awards for Female Performer of the Year.
8004:123145374744576::Thread-15 2020-08-09 18:59:46.94 - For a time, it served as the treasury of the Delian League, which later became the Athenian Empire.
8005:123145374744576::Thread-15 2020-08-09 18:59:48.158 - Greta Tintin Eleonora Ernman Thunberg (Swedish: [ˈɡrêːta ˈtʉ̂ːnbærj] (listen); born 3 January 2003) is a Swedish environmental activist who has gained international recognition for promoting the view that humanity is facing an existential crisis arising from climate change.
8003:123145374744576::Thread-15 2020-08-09 18:59:48.431 - Phase I with 3 lines was completed by 2006, and Phase II in 2011.
8005:123145374744576::Thread-15 2020-08-09 18:59:48.616 - Thunberg is known for her youth and her straightforward speaking manner, both in public and to political leaders and assemblies, in which she criticises world leaders for their failure to take sufficient action to address the climate crisis.Thunberg's activism started after convincing her parents to adopt several lifestyle choices to reduce their own carbon footprint.
8004:123145374744576::Thread-15 2020-08-09 18:59:48.637 - In the final decade of the 6th century AD, the Parthenon was converted into a Christian church dedicated to the Virgin Mary.
8006:123145374744576::Thread-15 2020-08-09 18:59:49.285 - In 2010, she was named by Maxim as one of the 12 top female stars in porn.
8002:123145374744576::Thread-15 2020-08-09 18:59:49.675 - **START**
8002:123145374744576::Thread-15 2020-08-09 18:59:49.685 - Starting new HTTPS connection (1): en.wikipedia.org
8004:123145374744576::Thread-15 2020-08-09 18:59:50.108 - After the Ottoman conquest, it was turned into a mosque in the early 1460s.
8003:123145374744576::Thread-15 2020-08-09 18:59:50.65 - As of March 2020, Phase III is in the finishing stage and scheduled to be mostly complete by the end of the year.
8005:123145374744576::Thread-15 2020-08-09 18:59:51.384 - In August 2018, at age 15, she started spending her school days outside the Swedish parliament to call for stronger action on climate change by holding up a sign reading Skolstrejk för klimatet (School strike for climate).
8005:123145374744576::Thread-15 2020-08-09 18:59:51.53 - Soon, other students engaged in similar protests in their own communities.
8004:123145374744576::Thread-15 2020-08-09 18:59:52.008 - On 26 September 1687, an Ottoman ammunition dump inside the building was ignited by Venetian bombardment during a siege of the Acropolis.
8003:123145374744576::Thread-15 2020-08-09 18:59:52.148 - Construction on Phase IV was formally started on 30 December 2019.
8006:123145374744576::Thread-15 2020-08-09 18:59:52.289 - **END**
8005:123145374744576::Thread-15 2020-08-09 18:59:52.526 - Together, they organised a school climate strike movement under the name Fridays for Future.
8002:123145374744576::Thread-15 2020-08-09 18:59:52.728 - Tupac Amaru Shakur ( TOO-pahk shə-KOOR; born Lesane Parish Crooks, June 16, 1971 – September 13, 1996), better known by his stage name 2Pac, was an American rapper and actor.
8004:123145374744576::Thread-15 2020-08-09 18:59:53.02 - **END**
8005:123145374744576::Thread-15 2020-08-09 18:59:53.086 - After Thunberg addressed the 2018 United Nations Climate Change Conference, student strikes took place every week somewhere in the world.
8005:123145374744576::Thread-15 2020-08-09 18:59:54.04 - In 2019, there were multiple coordinated multi-city protests involving over a million students each.
8005:123145374744576::Thread-15 2020-08-09 18:59:54.992 - To avoid flying, Thunberg sailed to North America where she attended the 2019 UN Climate Action Summit.
8005:123145374744576::Thread-15 2020-08-09 18:59:55.086 - Her speech there, in which she exclaimed "how dare you", was widely taken up by the press and incorporated into music.
8002:123145374744576::Thread-15 2020-08-09 18:59:55.301 - Considered by many to be one of the most influential rappers of all time, much of Shakur's work has been noted for addressing contemporary social issues that plagued inner cities, and he is considered a symbol of resistance and activism against inequality.
8002:123145374744576::Thread-15 2020-08-09 18:59:56.457 - Shakur was born in the Manhattan borough of New York City but relocated to the San Francisco Bay Area in 1988.
8005:123145374744576::Thread-15 2020-08-09 18:59:56.494 - Her sudden rise to world fame has made her both a leader and a target for critics.
8005:123145374744576::Thread-15 2020-08-09 18:59:56.495 - **END**
8003:123145374744576::Thread-15 2020-08-09 18:59:57.154 - **END**
8005:123145374744576::Thread-15 2020-08-09 18:59:57.499 - **START**
8005:123145374744576::Thread-15 2020-08-09 18:59:57.511 - Starting new HTTPS connection (1): en.wikipedia.org
8002:123145374744576::Thread-15 2020-08-09 18:59:58.215 - He later moved to Los Angeles in 1993 to further pursue his music career.
8005:123145374744576::Thread-15 2020-08-09 18:59:59.191 - The Rosetta Stone is a granodiorite stele inscribed with three versions of a decree issued in Memphis, Egypt in 196 BC during the Ptolemaic dynasty on behalf of King Ptolemy V Epiphanes.
8005:123145374744576::Thread-15 2020-08-09 19:00:00.191 - The top and middle texts are in Ancient Egyptian using hieroglyphic and Demotic scripts respectively, while the bottom is in Ancient Greek.
8002:123145374744576::Thread-15 2020-08-09 19:00:00.361 - By the time he released his debut album 2Pacalypse Now in 1991, he had become a central figure in West Coast hip hop, introducing social issues in the genre at a time when gangsta rap was dominant in the mainstream.
8005:123145374744576::Thread-15 2020-08-09 19:00:02.188 - The decree has only minor differences between the three versions, making the Rosetta Stone key to deciphering Egyptian hieroglyphs.
8002:123145374744576::Thread-15 2020-08-09 19:00:02.817 - Shakur achieved further critical and commercial success with his follow-up albums Strictly 4 My N.I.G.G.A.Z... (1993) and Me Against the World (1995).Shakur became heavily involved in the growing East Coast–West Coast hip hop rivalry between 1995 and 1996.
8005:123145374744576::Thread-15 2020-08-09 19:00:03.542 - The stone was carved during the Hellenistic period and is believed to have originally been displayed within a temple, possibly at nearby Sais.
8005:123145374744576::Thread-15 2020-08-09 19:00:05.166 - It was probably moved in late antiquity or during the Mameluk period, and was eventually used as building material in the construction of Fort Julien near the town of Rashid (Rosetta) in the Nile Delta.
8005:123145374744576::Thread-15 2020-08-09 19:00:05.491 - It was discovered there in July 1799 by French officer Pierre-François Bouchard during the Napoleonic campaign in Egypt.
8002:123145374744576::Thread-15 2020-08-09 19:00:05.674 - His double-disc album All Eyez on Me (1996) became certified Diamond by the RIAA.
8005:123145374744576::Thread-15 2020-08-09 19:00:05.95 - It was the first Ancient Egyptian bilingual text recovered in modern times, and it aroused widespread public interest with its potential to decipher this previously untranslated hieroglyphic script.
8004:123145374744576::Thread-15 2020-08-09 19:00:06.022 - **START**
8004:123145374744576::Thread-15 2020-08-09 19:00:06.053 - Starting new HTTPS connection (1): en.wikipedia.org
8002:123145374744576::Thread-15 2020-08-09 19:00:07.173 - On September 7, 1996, Shakur was shot four times by an unknown assailant in a drive-by shooting in Las Vegas; he died six days later and the gunman was never captured.
8005:123145374744576::Thread-15 2020-08-09 19:00:07.468 - Lithographic copies and plaster casts soon began circulating among European museums and scholars.
8004:123145374744576::Thread-15 2020-08-09 19:00:07.95 - Angelina Jolie (; née Voight, formerly Jolie Pitt, born June 4, 1975) is an American actress, filmmaker, and humanitarian.
8005:123145374744576::Thread-15 2020-08-09 19:00:08.379 - When the British defeated the French they took the stone to London under the Capitulation of Alexandria in 1801.
8005:123145374744576::Thread-15 2020-08-09 19:00:09.049 - It has been on public display at the British Museum almost continuously since 1802 and is the most visited object there.
8005:123145374744576::Thread-15 2020-08-09 19:00:09.051 - **END**
8004:123145374744576::Thread-15 2020-08-09 19:00:09.935 - The recipient of numerous accolades, including an Academy Award and three Golden Globe Awards, she has been named Hollywood's highest-paid actress multiple times.
8002:123145374744576::Thread-15 2020-08-09 19:00:09.953 - The Notorious B.I.G., Shakur's friend turned rival, was at first considered a suspect, but was also murdered in another drive-by shooting six months later.
8004:123145374744576::Thread-15 2020-08-09 19:00:10.012 - Jolie made her screen debut as a child alongside her father, Jon Voight, in Lookin' to Get Out (1982), and her film career began in earnest a decade later with the low-budget production Cyborg 2 (1993), followed by her first leading role in a major film, Hackers (1995).
8006:123145374744576::Thread-15 2020-08-09 19:00:10.294 - **START**
8006:123145374744576::Thread-15 2020-08-09 19:00:10.297 - Starting new HTTPS connection (1): en.wikipedia.org
8004:123145374744576::Thread-15 2020-08-09 19:00:10.649 - She starred in the critically acclaimed biographical cable films George Wallace (1997) and Gia (1998), and won an Academy Award for Best Supporting Actress for her performance in the drama Girl, Interrupted (1999).
8004:123145374744576::Thread-15 2020-08-09 19:00:10.856 - Her starring role as the video game heroine Lara Croft in Lara Croft: Tomb Raider (2001) established her as a leading Hollywood actress.
8002:123145374744576::Thread-15 2020-08-09 19:00:12.193 - Five more albums have been released since his death, all of which have been certified platinum in the United States.
8006:123145374744576::Thread-15 2020-08-09 19:00:12.285 - Neuschwanstein Castle (German: Schloss Neuschwanstein, pronounced [ˈʃlɔs nɔʏˈʃvaːnʃtaɪn], Southern Bavarian: Schloss Neischwanstoa) is a 19th-century Romanesque Revival palace on a rugged hill above the village of Hohenschwangau near Füssen in southwest Bavaria, Germany.
8004:123145374744576::Thread-15 2020-08-09 19:00:12.899 - She continued her action-star career with Mr. & Mrs. Smith (2005), Wanted (2008), and Salt (2010), and received critical acclaim for her performances in the dramas A Mighty Heart (2007) and Changeling (2008), which earned her a nomination for an Academy Award for Best Actress.
8006:123145374744576::Thread-15 2020-08-09 19:00:14.111 - The palace was commissioned by King Ludwig II of Bavaria as a retreat and in honour of Richard Wagner.
8006:123145374744576::Thread-15 2020-08-09 19:00:14.137 - Ludwig paid for the palace out of his personal fortune and by means of extensive borrowing, rather than Bavarian public funds.
8003:123145374744576::Thread-15 2020-08-09 19:00:14.156 - **START**
8003:123145374744576::Thread-15 2020-08-09 19:00:14.161 - Starting new HTTPS connection (1): en.wikipedia.org
8003:123145374744576::Thread-15 2020-08-09 19:00:14.721 - Rio de Janeiro (; Portuguese: [ˈʁi.u d(ʒi) ʒɐˈne(j)ɾu] (listen);), or simply Rio, is anchor to the Rio de Janeiro metropolitan area and the second-most populous municipality in Brazil and the sixth-most populous in the Americas.
8003:123145374744576::Thread-15 2020-08-09 19:00:15.114 - Rio de Janeiro is the capital of the state of Rio de Janeiro, Brazil's third-most populous state, after São Paulo and Minas Gerais.
8002:123145374744576::Thread-15 2020-08-09 19:00:15.199 - **END**
8003:123145374744576::Thread-15 2020-08-09 19:00:15.61 - Part of the city has been designated as a World Heritage Site, named "Rio de Janeiro: Carioca Landscapes between the Mountain and the Sea", by UNESCO on 1 July 2012 as a Cultural Landscape.Founded in 1565 by the Portuguese, the city was initially the seat of the Captaincy of Rio de Janeiro, a domain of the Portuguese Empire.
8004:123145374744576::Thread-15 2020-08-09 19:00:15.663 - Her biggest commercial success came with the fantasy picture Maleficent (2014).
8003:123145374744576::Thread-15 2020-08-09 19:00:16.127 - Later, in 1763, it became the capital of the State of Brazil, a state of the Portuguese Empire.
8003:123145374744576::Thread-15 2020-08-09 19:00:16.48 - In 1808, when the Portuguese Royal Court transferred itself from Portugal to Brazil, Rio de Janeiro became the chosen seat of the court of Queen Maria I of Portugal, who subsequently, in 1815, under the leadership of her son, the Prince Regent, and future King João VI of Portugal, raised Brazil to the dignity of a kingdom, within the United Kingdom of Portugal, Brazil, and Algarves.
8004:123145374744576::Thread-15 2020-08-09 19:00:16.611 - In the 2010s, Jolie expanded her career into directing, screenwriting, and producing, with the war dramas In the Land of Blood and Honey (2011), Unbroken (2014), and First They Killed My Father (2017).
8003:123145374744576::Thread-15 2020-08-09 19:00:16.899 - Rio stayed the capital of the pluricontinental Lusitanian monarchy until 1822, when the War of Brazilian Independence began.
8003:123145374744576::Thread-15 2020-08-09 19:00:17.024 - This is one of the few instances in history that the capital of a colonising country officially shifted to a city in one of its colonies.
8006:123145374744576::Thread-15 2020-08-09 19:00:17.035 - The castle was intended as a home for the King, until he died in 1886.
8003:123145374744576::Thread-15 2020-08-09 19:00:17.549 - Rio de Janeiro subsequently served as the capital of the independent monarchy, the Empire of Brazil, until 1889, and then the capital of a republican Brazil until 1960 when the capital was transferred to Brasília.
8003:123145374744576::Thread-15 2020-08-09 19:00:18.286 - Rio de Janeiro has the second largest municipal GDP in the country, and 30th largest in the world in 2008, estimated at about R$343 billion (nearly US$201 billion).
8003:123145374744576::Thread-15 2020-08-09 19:00:18.503 - It is headquarters to Brazilian oil, mining, and telecommunications companies, including two of the country's major corporations – Petrobras and Vale – and Latin America's largest telemedia conglomerate, Grupo Globo.
8006:123145374744576::Thread-15 2020-08-09 19:00:19.574 - It was open to the public shortly after his death.
8006:123145374744576::Thread-15 2020-08-09 19:00:20.749 - Since then more than 61 million people have visited Neuschwanstein Castle.
8006:123145374744576::Thread-15 2020-08-09 19:00:21.274 - More than 1.3 million people visit annually, with as many as 6,000 per day in the summer.
8006:123145374744576::Thread-15 2020-08-09 19:00:21.494 - Location

The municipality of Schwangau lies at an elevation of 800 m (2,620 ft) at the southwest border of the German state of Bavaria.
8006:123145374744576::Thread-15 2020-08-09 19:00:22.085 - Its surroundings are characterised by the transition between the Alpine foothills in the south (toward the nearby Austrian border) and a hilly landscape in the north that appears flat by comparison.
8006:123145374744576::Thread-15 2020-08-09 19:00:23.659 - In the Middle Ages, three castles overlooked the villages.
8003:123145374744576::Thread-15 2020-08-09 19:00:24.504 - **END**
8006:123145374744576::Thread-15 2020-08-09 19:00:24.663 - **END**
8004:123145374744576::Thread-15 2020-08-09 19:00:25.616 - **END**