8005:123145492529152::Thread-43 2020-08-09 18:59:26.202 - **START**
8005:123145492529152::Thread-43 2020-08-09 18:59:26.208 - Starting new HTTPS connection (1): en.wikipedia.org
8006:123145492529152::Thread-43 2020-08-09 18:59:27.239 - **START**
8006:123145492529152::Thread-43 2020-08-09 18:59:27.549 - Starting new HTTPS connection (1): en.wikipedia.org
8005:123145492529152::Thread-43 2020-08-09 18:59:27.936 - The Great Pyramid of Giza (also known as the Pyramid of Khufu or the Pyramid of Cheops) is the oldest and largest of the three pyramids in the Giza pyramid complex bordering present-day Giza in Greater Cairo, Egypt.
8006:123145492529152::Thread-43 2020-08-09 18:59:29.779 - **END**
8006:123145492529152::Thread-43 2020-08-09 18:59:29.78 - **START**
8005:123145492529152::Thread-43 2020-08-09 18:59:29.805 - It is the oldest of the Seven Wonders of the Ancient World, and the only one to remain largely intact.
8006:123145492529152::Thread-43 2020-08-09 18:59:29.834 - Starting new HTTPS connection (1): en.wikipedia.org
8005:123145492529152::Thread-43 2020-08-09 18:59:30.183 - Based on a mark in an interior chamber naming the work gang and a reference to the Fourth Dynasty Egyptian pharaoh Khufu, Egyptologists believe that the pyramid was built as a tomb over a 10- to 20-year period concluding around 2560 BC.
8005:123145492529152::Thread-43 2020-08-09 18:59:30.797 - Initially standing at 146.5 metres (481 feet), the Great Pyramid was the tallest man-made structure in the world for more than 3,800 years until Lincoln Cathedral was finished in 1311 AD.
8005:123145492529152::Thread-43 2020-08-09 18:59:31.153 - It is estimated that the pyramid weighs approximately 6 million tonnes, and consists of 2.3 million blocks of limestone and granite, some weighing as much as 80 tonnes.
8005:123145492529152::Thread-43 2020-08-09 18:59:31.597 - Originally, the Great Pyramid was covered by limestone casing stones that formed a smooth outer surface; what is seen today is the underlying core structure.
8002:123145492529152::Thread-43 2020-08-09 18:59:32.307 - **START**
8006:123145492529152::Thread-43 2020-08-09 18:59:32.416 - The Marvel Cinematic Universe (MCU) films are a series of American superhero films produced by Marvel Studios based on characters that appear in publications by Marvel Comics.
8005:123145492529152::Thread-43 2020-08-09 18:59:32.671 - Some of the casing stones that once covered the structure can still be seen around the base.
8002:123145492529152::Thread-43 2020-08-09 18:59:33.448 - Starting new HTTPS connection (1): en.wikipedia.org
8005:123145492529152::Thread-43 2020-08-09 18:59:33.516 - There have been varying scientific and alternative theories about the Great Pyramid's construction techniques.
8005:123145492529152::Thread-43 2020-08-09 18:59:34.115 - Most accepted construction hypotheses are based on the idea that it was built by moving huge stones from a quarry and dragging and lifting them into place.
8006:123145492529152::Thread-43 2020-08-09 18:59:34.225 - The MCU is the shared universe in which all of the films are set.
8003:123145492529152::Thread-43 2020-08-09 18:59:34.286 - **START**
8006:123145492529152::Thread-43 2020-08-09 18:59:34.429 - The films have been in production since 2007, and in that time Marvel Studios has produced and released 23 films, with at least 14 more in various stages of development.
8003:123145492529152::Thread-43 2020-08-09 18:59:35.013 - Starting new HTTPS connection (1): en.wikipedia.org
8006:123145492529152::Thread-43 2020-08-09 18:59:35.27 - It is the highest-grossing film franchise of all time, having grossed over $22.5 billion at the global box office.
8005:123145492529152::Thread-43 2020-08-09 18:59:35.246 - There are three known chambers inside the Great Pyramid.
8006:123145492529152::Thread-43 2020-08-09 18:59:35.382 - This includes Avengers: Endgame, which is the highest-grossing film of all time.
8006:123145492529152::Thread-43 2020-08-09 18:59:36.426 - Kevin Feige has produced every film in the series, alongside Avi Arad for the first two releases, Gale Anne Hurd for The Incredible Hulk, Amy Pascal for the Spider-Man films, and Stephen Broussard for Ant-Man and the Wasp.
8002:123145492529152::Thread-43 2020-08-09 18:59:36.754 - The Palace of Westminster serves as the meeting place for both the House of Commons and the House of Lords, the two houses of the Parliament of the United Kingdom.
8005:123145492529152::Thread-43 2020-08-09 18:59:36.779 - The lowest chamber is cut into the bedrock upon which the pyramid was built and was unfinished.
8004:123145492529152::Thread-43 2020-08-09 18:59:37.202 - **START**
8006:123145492529152::Thread-43 2020-08-09 18:59:38.293 - The films are written and directed by a variety of individuals and feature large, often ensemble, casts.
8002:123145492529152::Thread-43 2020-08-09 18:59:38.389 - Informally known as the Houses of Parliament after its occupants, the Palace lies on the north bank of the River Thames in the City of Westminster, in central London, England.
8005:123145492529152::Thread-43 2020-08-09 18:59:38.502 - The so-called Queen's Chamber and King's Chamber are higher up within the pyramid structure.
8006:123145492529152::Thread-43 2020-08-09 18:59:38.83 - Many of the actors, including Robert Downey Jr., Chris Evans, Mark Ruffalo, Chris Hemsworth, Scarlett Johansson, and Jeremy Renner signed contracts to star in numerous films.
8002:123145492529152::Thread-43 2020-08-09 18:59:38.862 - Its name, which derives from the neighbouring Westminster Abbey, may refer to several historic structures but most often: the Old Palace, a medieval building-complex destroyed by fire in 1834, or its replacement, the New Palace that stands today.
8006:123145492529152::Thread-43 2020-08-09 18:59:39.285 - Marvel Studios releases its films in groups called "Phases".
8003:123145492529152::Thread-43 2020-08-09 18:59:39.295 - AMGTV is an American family-oriented television network featuring television programming consisting of drama, sports, movies, entertainment, how-to, hunting and fishing, children's shows, and other features, much of it repackaged from off-network and first-run syndication.
8004:123145492529152::Thread-43 2020-08-09 18:59:39.394 - Starting new HTTPS connection (1): en.wikipedia.org
8006:123145492529152::Thread-43 2020-08-09 18:59:39.677 - Their first film is Iron Man (2008), which was distributed by Paramount Pictures.
8002:123145492529152::Thread-43 2020-08-09 18:59:40.569 - The palace is owned by the monarch in right of the Crown and, for ceremonial purposes, retains its original status as a royal residence.
8003:123145492529152::Thread-43 2020-08-09 18:59:40.648 - The network is owned by the American company Access Media Group.
8003:123145492529152::Thread-43 2020-08-09 18:59:41.012 - AMGTV provides programming to television stations in the United States.
8002:123145492529152::Thread-43 2020-08-09 18:59:41.783 - Committees appointed by both houses manage the building and report to the Speaker of the House of Commons and to the Lord Speaker.
8003:123145492529152::Thread-43 2020-08-09 18:59:42.087 - AMGTV also syndicates several movie packages and music specials to stations outside their affiliate base.
8002:123145492529152::Thread-43 2020-08-09 18:59:42.34 - The first royal palace constructed on the site dated from the 11th century, and Westminster became the primary residence of the Kings of England until fire destroyed the royal apartments in 1512 (after which, the nearby Palace of Whitehall was established).
8003:123145492529152::Thread-43 2020-08-09 18:59:43.76 - The president of AMGTV is Terry Elaqua.
8002:123145492529152::Thread-43 2020-08-09 18:59:44.21 - The remainder of Westminster continued to serve as the home of the Parliament of England, which had met there since the 13th century, and also as the seat of the Royal Courts of Justice, based in and around Westminster Hall.
8003:123145492529152::Thread-43 2020-08-09 18:59:44.643 - Programming


Scripted programming
Leverage
Sanctuary


Entertainment
Animal Rescue
Celebrity Page
Forensic Files
Judge Faith
The Balancing Act
The Hollywood News Report
Pawn Stars
Impractical Jokers
Cheaters
TAKE A LOOK


Former


Sports
On October 10, 2010 the American Indoor Football Association (AIFA) announced that AMGTV has agreed to air games from the upcoming 2011 AIFA West season.
8004:123145492529152::Thread-43 2020-08-09 18:59:45.083 - The Vietnam War (Vietnamese: Chiến tranh Việt Nam), also known as the Second Indochina War, and in Vietnam as the Resistance War Against America (Vietnamese: Kháng chiến chống Mỹ) or simply the American War, was a conflict in Vietnam, Laos, and Cambodia from 1 November 1955 to the fall of Saigon on 30 April 1975.
8004:123145492529152::Thread-43 2020-08-09 18:59:45.094 - It was the second of the Indochina Wars and was officially fought between North Vietnam and South Vietnam.
8002:123145492529152::Thread-43 2020-08-09 18:59:45.36 - In 1834 an even greater fire ravaged the heavily rebuilt Houses of Parliament, and the only significant medieval structures to survive were Westminster Hall, the Cloisters of St Stephen's, the Chapel of St Mary Undercroft, and the Jewel Tower.
8003:123145492529152::Thread-43 2020-08-09 18:59:46.332 - They had previously carried the 2010 season, prior to when the league split.
8004:123145492529152::Thread-43 2020-08-09 18:59:46.353 - North Vietnam was supported by the Soviet Union, China, and other communist allies; South Vietnam was supported by the United States, South Korea, the Philippines, Australia, Thailand and other anti-communist allies.
8005:123145492529152::Thread-43 2020-08-09 18:59:46.503 - **END**
8006:123145492529152::Thread-43 2020-08-09 18:59:46.681 - **END**
8004:123145492529152::Thread-43 2020-08-09 18:59:47.831 - The war, considered a Cold War-era proxy war by some, lasted 19 years, with direct U.S. involvement ending in 1973, and included the Laotian Civil War and the Cambodian Civil War, which ended with all three countries becoming communist in 1975.
8003:123145492529152::Thread-43 2020-08-09 18:59:47.948 - The AIFA West ceased operations January 2011; neither the league nor the network have indicated whether the deal is valid for the 2012 revival of the league.
8003:123145492529152::Thread-43 2020-08-09 18:59:47.965 - AIFA's successor, American Indoor Football, folded in 2017.
8002:123145492529152::Thread-43 2020-08-09 18:59:48.298 - In the subsequent competition for the reconstruction of the Palace, the architect Charles Barry won with a design for new buildings in the Gothic Revival style, specifically inspired by the English Perpendicular Gothic style of the 14th–16th centuries.
8005:123145492529152::Thread-43 2020-08-09 18:59:48.504 - **START**
8005:123145492529152::Thread-43 2020-08-09 18:59:48.507 - Starting new HTTPS connection (1): en.wikipedia.org
8005:123145492529152::Thread-43 2020-08-09 18:59:49.543 - The Erie Canal is a canal in New York, United States that is part of the east–west, cross-state route of the New York State Canal System (formerly known as the New York State Barge Canal).
8005:123145492529152::Thread-43 2020-08-09 18:59:49.613 - Originally, it ran 363 miles (584 km) from the Hudson River in Albany to Lake Erie in Buffalo.
8002:123145492529152::Thread-43 2020-08-09 18:59:50.032 - The remains of the Old Palace (except the detached Jewel Tower) were incorporated into its much larger replacement, which contains over 1,100 rooms organised symmetrically around two series of courtyards and which has a floor area of 112,476 m2 (1,210,680 sq ft).
8005:123145492529152::Thread-43 2020-08-09 18:59:50.508 - It was built to create a navigable water route from New York City and the Atlantic Ocean to the Great Lakes.
8004:123145492529152::Thread-43 2020-08-09 18:59:50.649 - The conflict emerged from the First Indochina War against the communist-led Viet Minh.
8004:123145492529152::Thread-43 2020-08-09 18:59:51.57 - Most of the funding for the French war effort was provided by the U.S. After the French quit Indochina in 1954, the US assumed financial and military support for the South Vietnamese state.
8004:123145492529152::Thread-43 2020-08-09 18:59:52.077 - The Việt Cộng, also known as Front national de libération du Sud-Viêt Nam or NLF (the National Liberation Front), a South Vietnamese common front under the direction of North Vietnam, initiated a guerrilla war in the south.
8005:123145492529152::Thread-43 2020-08-09 18:59:52.8 - When completed in 1825, it was the second longest canal in the world (after the Grand Canal in China) and greatly enhanced the development and economy of New York, New York City, and the United States.The canal was first proposed in the 1780s, then re-proposed in 1807.
8004:123145492529152::Thread-43 2020-08-09 18:59:53.606 - North Vietnam had also invaded Laos in the mid-1950s in support of insurgents, establishing the Ho Chi Minh Trail to supply and reinforce the Việt Cộng.
8004:123145492529152::Thread-43 2020-08-09 18:59:53.632 - U.S. involvement escalated under President John F. Kennedy through the MAAG program from just under a thousand military advisors in 1959 to 16,000 in 1963.
8003:123145492529152::Thread-43 2020-08-09 18:59:53.966 - **END**
8005:123145492529152::Thread-43 2020-08-09 18:59:54.677 - A survey was authorized, funded, and executed in 1808.
8004:123145492529152::Thread-43 2020-08-09 18:59:54.917 - By 1963, the North Vietnamese had sent 40,000 soldiers to fight in South Vietnam.
8002:123145492529152::Thread-43 2020-08-09 18:59:55.034 - **END**
8005:123145492529152::Thread-43 2020-08-09 18:59:55.539 - Proponents of the project gradually wore down opponents; its construction began in 1817.
8005:123145492529152::Thread-43 2020-08-09 18:59:56.07 - The canal has 34 numbered locks starting with Black Rock Lock and ending downstream with the Troy Federal Lock.
8005:123145492529152::Thread-43 2020-08-09 18:59:58.793 - Both are owned by the federal government.
8004:123145492529152::Thread-43 2020-08-09 18:59:59.918 - **END**
8005:123145492529152::Thread-43 2020-08-09 19:00:01.357 - It has an elevation difference of about 565 feet (172 m).
8005:123145492529152::Thread-43 2020-08-09 19:00:01.748 - It opened on October 26, 1825.In a time when bulk goods were limited to pack animals (a 250-pound (113 kg) maximum), and there were no railways, water was the most cost-effective way to ship bulk goods.
8003:123145492529152::Thread-43 2020-08-09 19:00:01.969 - **START**
8003:123145492529152::Thread-43 2020-08-09 19:00:02.168 - Starting new HTTPS connection (1): en.wikipedia.org
8006:123145492529152::Thread-43 2020-08-09 19:00:03.684 - **START**
8006:123145492529152::Thread-43 2020-08-09 19:00:03.889 - Starting new HTTPS connection (1): en.wikipedia.org
8003:123145492529152::Thread-43 2020-08-09 19:00:03.977 - The Quran (, kor-AHN; Arabic: القرآن‎, romanized: al-Qurʼān, lit.
8003:123145492529152::Thread-43 2020-08-09 19:00:04.147 - 'the recitation', Arabic pronunciation: [alqur'ʔaːn]), also romanized Qur'an or Koran, is the central religious text of Islam, believed by Muslims to be a revelation from God (Allah).
8003:123145492529152::Thread-43 2020-08-09 19:00:04.395 - It is widely regarded as the finest work in classical Arabic literature.
8003:123145492529152::Thread-43 2020-08-09 19:00:04.53 - Slightly shorter than the New Testament, it is organized in 114 chapters, or sur  (سور‎; singular: سورة‎, sūrah)—not according to chronology or subject matter, but according to length of surahs (with some exceptions).
8003:123145492529152::Thread-43 2020-08-09 19:00:04.967 - Surah are subdivided into verses, or āyāt (آيات‎; singular: آية‎, āyah).
8003:123145492529152::Thread-43 2020-08-09 19:00:04.985 - Muslims believe that the Quran was orally revealed by God to the final prophet, Muhammad, through the archangel Gabriel (Jibril), incrementally over a period of some 23 years, beginning on 22 December 609 CE, when Muhammad was 40; and concluding in 632, the year of his death.
8006:123145492529152::Thread-43 2020-08-09 19:00:05.022 - The France national football team (French: Équipe de France de football) represents France in men's international football and is controlled by the French Football Federation, also known as FFF, or in French: Fédération française de football.
8003:123145492529152::Thread-43 2020-08-09 19:00:05.952 - Muslims regard the Quran as Muhammad's most important miracle; a proof of his prophethood; and the culmination of a series of divine messages starting with those revealed to Adam, including the Tawrah (Torah), the Zabur ("Psalms") and the Injil ("Gospel").
8006:123145492529152::Thread-43 2020-08-09 19:00:06.391 - The team's colours are blue, white and red, and the coq gaulois its symbol.
8003:123145492529152::Thread-43 2020-08-09 19:00:06.632 - The word Quran occurs some 70 times in the text itself, and other names and words are also said to refer to the Quran.The Quran is thought by Muslims to be not simply divinely inspired, but the literal word of God.
8004:123145492529152::Thread-43 2020-08-09 19:00:06.922 - **START**
8004:123145492529152::Thread-43 2020-08-09 19:00:06.931 - Starting new HTTPS connection (1): en.wikipedia.org
8003:123145492529152::Thread-43 2020-08-09 19:00:07.16 - Muhammad did not write it as he didn't know how to write.
8003:123145492529152::Thread-43 2020-08-09 19:00:07.659 - According to tradition, several of Muhammad's companions served as scribes, recording the revelations.
8002:123145492529152::Thread-43 2020-08-09 19:00:08.04 - **START**
8002:123145492529152::Thread-43 2020-08-09 19:00:08.045 - Starting new HTTPS connection (1): en.wikipedia.org
8003:123145492529152::Thread-43 2020-08-09 19:00:08.661 - **END**
8005:123145492529152::Thread-43 2020-08-09 19:00:08.75 - **END**
8004:123145492529152::Thread-43 2020-08-09 19:00:08.918 - Pompeii (, Latin: [pɔmˈpeːjjiː]) was an ancient city located in what is now the comune of Pompei near Naples in the Campania region of Italy.
8006:123145492529152::Thread-43 2020-08-09 19:00:09.017 - France are colloquially known as Les Bleus (The Blues).
8004:123145492529152::Thread-43 2020-08-09 19:00:09.141 - Pompeii, along with Herculaneum and many villas in the surrounding area (e.g.
8002:123145492529152::Thread-43 2020-08-09 19:00:09.455 - Hagia Sophia (; from Koinē Greek: Ἁγία Σοφία, romanized: Hagía Sophía; Latin: Sancta Sophia, lit.
8006:123145492529152::Thread-43 2020-08-09 19:00:09.649 - They are the reigning world champions, having won the most recent World Cup final in 2018.
8002:123145492529152::Thread-43 2020-08-09 19:00:09.749 - 'Holy Wisdom'), officially the Hagia Sophia Grand Mosque (Turkish: Ayasofya-i Kebir Cami-i Şerifi) and formerly the Church of Hagia Sophia, is a Late Antique place of worship in Istanbul.
8004:123145492529152::Thread-43 2020-08-09 19:00:09.896 - at Boscoreale, Stabiae), was buried under 4 to 6 m (13 to 20 ft) of volcanic ash and pumice in the eruption of Mount Vesuvius in AD 79.
8002:123145492529152::Thread-43 2020-08-09 19:00:11.232 - Built in 537 as the patriarchal cathedral of the imperial capital of Constantinople, it was the largest Christian church of the eastern Roman Empire (the Byzantine Empire) and the Eastern Orthodox Church, except during the Latin Empire from 1204 to 1261, when it became the city's Roman Catholic cathedral.
8004:123145492529152::Thread-43 2020-08-09 19:00:11.273 - Largely preserved under the ash, the excavated city offered a unique snapshot of Roman life, frozen at the moment it was buried, and an extraordinarily detailed insight into the everyday life of its inhabitants, although much of the evidence was lost in the early excavations.
8002:123145492529152::Thread-43 2020-08-09 19:00:11.399 - In 1453, after the Fall of Constantinople to the Ottoman Empire, it was  converted into a mosque.
8004:123145492529152::Thread-43 2020-08-09 19:00:12.303 - It was a wealthy town, enjoying many fine public buildings and luxurious private houses with lavish decorations, furnishings and works of art which were the main attractions for the early excavators.
8002:123145492529152::Thread-43 2020-08-09 19:00:12.392 - In 1935 the secular Turkish Republic established it as a museum.
8006:123145492529152::Thread-43 2020-08-09 19:00:12.432 - France plays their home matches at the Stade de France in Saint-Denis, Île-de-France, and their manager is Didier Deschamps.
8006:123145492529152::Thread-43 2020-08-09 19:00:13.765 - They have won two FIFA World Cups, two UEFA European Championships, two FIFA Confederations Cups and one Olympic tournament.
8004:123145492529152::Thread-43 2020-08-09 19:00:13.932 - Organic remains, including wooden objects and human bodies, were entombed in the ash and decayed leaving
voids which archaeologists found could be used as moulds to make plaster casts of unique and often gruesome figures in their final moments of life.
8002:123145492529152::Thread-43 2020-08-09 19:00:14.233 - In 2020, it re-opened as a mosque.
8002:123145492529152::Thread-43 2020-08-09 19:00:14.394 - Built by the eastern Roman emperor Justinian I as the Christian cathedral of Constantinople for the state church of the Roman Empire between 532 and 537, the church was then the world's largest interior space and among the first to employ a fully pendentive dome.
8004:123145492529152::Thread-43 2020-08-09 19:00:15.737 - The numerous graffiti carved on the walls and inside rooms provide a wealth of examples of the largely lost Vulgar Latin spoken colloquially at the time, contrasting with the formal language of the classical writers.
8004:123145492529152::Thread-43 2020-08-09 19:00:15.915 - Pompeii is a UNESCO World Heritage Site and is one of the most popular tourist attractions in Italy, with approximately 2.5 million visitors annually.After many excavations prior to 1960 that had uncovered most of the city but left it in decay, further major excavations were banned and instead they were limited to targeted, prioritised areas.
8002:123145492529152::Thread-43 2020-08-09 19:00:16.208 - It is considered the epitome of Byzantine architecture and is said to have "changed the history of architecture".
8004:123145492529152::Thread-43 2020-08-09 19:00:16.632 - In 2018, these led to new discoveries in some previously unexplored areas of the city.
8006:123145492529152::Thread-43 2020-08-09 19:00:16.633 - France experienced much of its success in four major eras: in the 1950s, 1980s, late 1990s/early 2000s, and mid/late 2010s, respectively, which resulted in numerous major honours.
8002:123145492529152::Thread-43 2020-08-09 19:00:17.214 - The building was designed by the Greek geometers Isidore of Miletus and Anthemius of Tralles.
8004:123145492529152::Thread-43 2020-08-09 19:00:17.394 - Name
Pompeii (pronounced [pɔmˈpɛjjiː]) in Latin is a second declension plural noun (Pompeiī, -ōrum).
8004:123145492529152::Thread-43 2020-08-09 19:00:17.395 - **END**
8002:123145492529152::Thread-43 2020-08-09 19:00:19.163 - The present Justinianic building was the third church of the same name to occupy the site, the prior one having been destroyed in the Nika riots.
8002:123145492529152::Thread-43 2020-08-09 19:00:19.164 - **END**
8006:123145492529152::Thread-43 2020-08-09 19:00:19.464 - France was one of the four European teams that participated in the inaugural World Cup in 1930 and, although having been eliminated in the qualification stage six times, is one of only three teams that have entered every World Cup qualifying cycle.In 1958, the team, led by Raymond Kopa and Just Fontaine, finished in third place at the FIFA World Cup.
8006:123145492529152::Thread-43 2020-08-09 19:00:19.658 - In 1984, France, led by Ballon d'Or winner Michel Platini, won UEFA Euro 1984 and Football at the 1984 Summer Olympics.
8006:123145492529152::Thread-43 2020-08-09 19:00:21.694 - However, France only began to reach its prime from the 1990s onward, with the establishment of INF Clairefontaine.
8006:123145492529152::Thread-43 2020-08-09 19:00:21.695 - **END**