8005:123146253922304::Thread-224 2020-08-09 18:59:27.256 - **START**
8005:123146253922304::Thread-224 2020-08-09 18:59:27.499 - Starting new HTTPS connection (1): en.wikipedia.org
8005:123146253922304::Thread-224 2020-08-09 18:59:28.559 - Epcot (stylized as EPCOT) is a theme park at the Walt Disney World Resort in Bay Lake, Florida.
8005:123146253922304::Thread-224 2020-08-09 18:59:28.947 - It is owned and operated by The Walt Disney Company through its Parks, Experiences and Products division.
8005:123146253922304::Thread-224 2020-08-09 18:59:29.087 - Inspired by an unrealized concept developed by Walt Disney, the park opened on October 1, 1982, as EPCOT Center, and was the second of four theme parks built at Walt Disney World, after the Magic Kingdom.
8005:123146253922304::Thread-224 2020-08-09 18:59:29.937 - Spanning 305 acres (1.23 km2), more than twice the size of the Magic Kingdom park, Epcot is dedicated to the celebration of human achievement, namely technological innovation and international culture, and is often referred to as a "permanent world's fair".Epcot was originally conceived by Walt Disney during the early development of Walt Disney World, as an experimental planned community that would serve as a center for American enterprise and urban living.
8005:123146253922304::Thread-224 2020-08-09 18:59:30.108 - Known as "EPCOT", the idea included an urban city center, residential areas, industrial areas, schools, and a series of mass transportation systems that would connect the community.
8004:123146253922304::Thread-224 2020-08-09 18:59:30.262 - **START**
8003:123146253922304::Thread-224 2020-08-09 18:59:30.468 - **START**
8004:123146253922304::Thread-224 2020-08-09 18:59:30.826 - Starting new HTTPS connection (1): en.wikipedia.org
8005:123146253922304::Thread-224 2020-08-09 18:59:30.988 - After Disney's death in 1966, the "EPCOT" concept was abandoned as the company had uncertainty about the feasibility of maintaining an operating city.
8003:123146253922304::Thread-224 2020-08-09 18:59:31.136 - Starting new HTTPS connection (1): en.wikipedia.org
8002:123146253922304::Thread-224 2020-08-09 18:59:31.366 - **START**
8005:123146253922304::Thread-224 2020-08-09 18:59:32.066 - In the 1970s, WED Enterprises began developing a second theme park for the resort to supplement Magic Kingdom, as that park's popularity grew.
8002:123146253922304::Thread-224 2020-08-09 18:59:32.08 - Starting new HTTPS connection (1): en.wikipedia.org
8005:123146253922304::Thread-224 2020-08-09 18:59:32.254 - The new park maintained the idea of showcasing modern innovation through avant-garde edutainment attractions, as well as the addition of a world nations exposition.
8004:123146253922304::Thread-224 2020-08-09 18:59:32.364 - The Guantanamo Bay detention camp is a United States military prison located within Guantanamo Bay Naval Base, also referred to as Guantánamo, GTMO, and Gitmo (), which is on the coast of Guantánamo Bay in Cuba.
8005:123146253922304::Thread-224 2020-08-09 18:59:33.228 - The newly-designed park, featuring two sections—Future World and World Showcase—opened as EPCOT Center in 1982.
8003:123146253922304::Thread-224 2020-08-09 18:59:33.228 - The France national football team (French: Équipe de France de football) represents France in men's international football and is controlled by the French Football Federation, also known as FFF, or in French: Fédération française de football.
8004:123146253922304::Thread-224 2020-08-09 18:59:33.522 - Indefinite detention without trial and torture have led the operations of this camp to be considered a major breach of human rights by Amnesty International and a violation of Due Process Clause of the Fifth and Fourteenth amendments of the United States Constitution.The camp was established by US President George W. Bush's administration in 2002 during the War on Terror.
8005:123146253922304::Thread-224 2020-08-09 18:59:33.886 - In 1994, the park was renamed to "Epcot", dropping the acronym and "Center" from the name.
8003:123146253922304::Thread-224 2020-08-09 18:59:34.185 - The team's colours are blue, white and red, and the coq gaulois its symbol.
8002:123146253922304::Thread-224 2020-08-09 18:59:34.829 - Al-Aqsa Mosque (Arabic: ٱلْمَسْجِد ٱلْأَقْصَىٰ‎, romanized: al-Masjid al-ʾAqṣā, IPA: [ʔælˈmæsdʒɪd ælˈʔɑqsˤɑ] (listen), "the Farthest Mosque"), located in the Old City of Jerusalem, is the third holiest site in Islam.
8004:123146253922304::Thread-224 2020-08-09 18:59:34.856 - His successor, President Barack Obama, promised that he would close it, but met strong bipartisan opposition from the US Congress, which passed laws to prohibit detainees from Guantanamo being imprisoned in the U.S. During Obama's administration, the number of inmates was reduced from about 245 to 41; most former detainees were freed and transferred to other countries.In January 2018, President Donald Trump signed an executive order to keep the detention camp open indefinitely.
8002:123146253922304::Thread-224 2020-08-09 18:59:35.035 - The mosque was built on top of the Temple Mount, known as the Al Aqsa Compound or Haram esh-Sharif in Islam.
8003:123146253922304::Thread-224 2020-08-09 18:59:35.138 - France are colloquially known as Les Bleus (The Blues).
8002:123146253922304::Thread-224 2020-08-09 18:59:35.238 - Muslims believe that Muhammad was transported from the Great Mosque of Mecca to al-Aqsa during the Night Journey.
8002:123146253922304::Thread-224 2020-08-09 18:59:35.241 - Islamic tradition holds that Muhammad led prayers towards this site until the 17th month after his migration from Mecca to Medina, when Allah directed him to turn towards the Kaaba in Mecca.
8004:123146253922304::Thread-224 2020-08-09 18:59:35.559 - In May 2018, the first prisoner was transferred during Trump's term; this reduced the number of inmates to 40.
8002:123146253922304::Thread-224 2020-08-09 18:59:35.75 - The covered mosque building was originally a small prayer house erected by Umar, the second caliph of the Rashidun Caliphate, but was rebuilt and expanded by the Umayyad caliph Abd al-Malik and finished by his son al-Walid in 705 CE.
8003:123146253922304::Thread-224 2020-08-09 18:59:35.963 - They are the reigning world champions, having won the most recent World Cup final in 2018.
8004:123146253922304::Thread-224 2020-08-09 18:59:36.075 - History

At the time of its establishment in January 2002, Secretary of Defense Donald Rumsfeld said the detention camp was established to detain extraordinarily dangerous people, to interrogate detainees in an optimal setting, and to prosecute detainees for war crimes.
8003:123146253922304::Thread-224 2020-08-09 18:59:36.679 - France plays their home matches at the Stade de France in Saint-Denis, Île-de-France, and their manager is Didier Deschamps.
8002:123146253922304::Thread-224 2020-08-09 18:59:36.737 - The mosque was completely destroyed by an earthquake in 746 and rebuilt by the Abbasid caliph al-Mansur in 754.
8002:123146253922304::Thread-224 2020-08-09 18:59:36.835 - It was rebuilt again in 780.
8005:123146253922304::Thread-224 2020-08-09 18:59:36.887 - **END**
8004:123146253922304::Thread-224 2020-08-09 18:59:36.974 - In practice, the site has long been used for enemy combatants.
8002:123146253922304::Thread-224 2020-08-09 18:59:37.074 - Another earthquake destroyed most of al-Aqsa in 1033, but two years later the Fatimid caliph Ali az-Zahir built another mosque whose outline is preserved in the current structure.
8003:123146253922304::Thread-224 2020-08-09 18:59:37.112 - They have won two FIFA World Cups, two UEFA European Championships, two FIFA Confederations Cups and one Olympic tournament.
8002:123146253922304::Thread-224 2020-08-09 18:59:37.321 - The mosaics on the arch at the qibla end of the nave also go back to his time.
8002:123146253922304::Thread-224 2020-08-09 18:59:37.508 - During the periodic renovations undertaken, the various ruling dynasties of the Islamic Caliphate constructed additions to the mosque and its precincts, such as its dome, facade, its minbar, minarets and the interior structure.
8003:123146253922304::Thread-224 2020-08-09 18:59:38.028 - France experienced much of its success in four major eras: in the 1950s, 1980s, late 1990s/early 2000s, and mid/late 2010s, respectively, which resulted in numerous major honours.
8002:123146253922304::Thread-224 2020-08-09 18:59:38.348 - When the Crusaders captured Jerusalem in 1099, they used the mosque as a palace and the Dome of the Rock as a church, but its function as a mosque was restored after its recapture by Saladin in 1187.
8003:123146253922304::Thread-224 2020-08-09 18:59:38.708 - France was one of the four European teams that participated in the inaugural World Cup in 1930 and, although having been eliminated in the qualification stage six times, is one of only three teams that have entered every World Cup qualifying cycle.In 1958, the team, led by Raymond Kopa and Just Fontaine, finished in third place at the FIFA World Cup.
8004:123146253922304::Thread-224 2020-08-09 18:59:38.878 - The Department of Defense at first kept secret the identity of the individuals held in Guantanamo but, after losing attempts to defy a Freedom of Information Act request from the Associated Press, the U.S. military officially acknowledged holding 779 prisoners in the camp.
8004:123146253922304::Thread-224 2020-08-09 18:59:39.053 - The facility is operated by the Joint Task Force Guantanamo (JTF-GTMO) of the United States government in Guantanamo Bay Naval Base.
8006:123146253922304::Thread-224 2020-08-09 18:59:39.275 - **START**
8004:123146253922304::Thread-224 2020-08-09 18:59:39.301 - Detention areas consisted of Camp Delta including Camp Echo, Camp Iguana, and Camp X-Ray, which is now closed.After Bush political appointees at the U.S. Office of Legal Counsel, Department of Justice advised the Bush administration that the Guantanamo Bay detention camp could be considered outside U.S. legal jurisdiction, military guards took the first twenty detainees to Camp X-Ray on 11 January 2002.
8003:123146253922304::Thread-224 2020-08-09 18:59:39.638 - In 1984, France, led by Ballon d'Or winner Michel Platini, won UEFA Euro 1984 and Football at the 1984 Summer Olympics.
8004:123146253922304::Thread-224 2020-08-09 18:59:39.701 - The Bush administration asserted that detainees were not entitled to any of the protections of the Geneva Conventions, while also claiming it was treating "all detainees consistently with the principles of the Geneva Convention."
8003:123146253922304::Thread-224 2020-08-09 18:59:40.386 - However, France only began to reach its prime from the 1990s onward, with the establishment of INF Clairefontaine.
8006:123146253922304::Thread-224 2020-08-09 18:59:40.796 - Starting new HTTPS connection (1): en.wikipedia.org
8004:123146253922304::Thread-224 2020-08-09 18:59:40.996 - Ensuing U.S. Supreme Court decisions since 2004 have determined otherwise and that U.S. courts do have jurisdiction: it ruled in Hamdan v.
8002:123146253922304::Thread-224 2020-08-09 18:59:41.349 - **END**
8004:123146253922304::Thread-224 2020-08-09 18:59:42.013 - **END**
8006:123146253922304::Thread-224 2020-08-09 18:59:43.273 - Boston (US: , UK: ) is the capital and most populous city of the Commonwealth of Massachusetts in the United States, and the 21st most populous city in the United States.
8002:123146253922304::Thread-224 2020-08-09 18:59:44.356 - **START**
8002:123146253922304::Thread-224 2020-08-09 18:59:44.363 - Starting new HTTPS connection (1): en.wikipedia.org
8006:123146253922304::Thread-224 2020-08-09 18:59:44.439 - The city proper covers 49 square miles (127 km2) with an estimated population of 692,600 in 2019, also making it the most populous city in New England, and is the seat of Suffolk County (although the county government was disbanded on July 1, 1999).
8006:123146253922304::Thread-224 2020-08-09 18:59:45.503 - The city is the economic and cultural anchor of a substantially larger metropolitan area known as Greater Boston, a metropolitan statistical area (MSA) home to a census-estimated 4.8 million people in 2016 and ranking as the tenth-largest such area in the country.
8002:123146253922304::Thread-224 2020-08-09 18:59:46.165 - Philadelphia, colloquially Philly, is the largest city in the U.S. state  of Pennsylvania, and the sixth-most populous U.S. city with a 2019 estimated population of 1,584,064.
8002:123146253922304::Thread-224 2020-08-09 18:59:47.083 - Since 1854, the city has had the same geographic boundaries as Philadelphia County, the most populous county in Pennsylvania and the urban core of the eighth-largest U.S. metropolitan statistical area, with over 6 million residents as of 2017.
8006:123146253922304::Thread-224 2020-08-09 18:59:47.207 - As a combined statistical area (CSA), this wider commuting region is home to some 8.2 million people, making it the sixth most populous in the United States.Boston is one of the oldest municipalities in the United States, founded on the Shawmut Peninsula in 1630 by Puritan settlers from the English town of the same name.
8006:123146253922304::Thread-224 2020-08-09 18:59:48.085 - It was the scene of several key events of the American Revolution, such as the Boston Massacre, the Boston Tea Party, the Battle of Bunker Hill, and the Siege of Boston.
8006:123146253922304::Thread-224 2020-08-09 18:59:48.123 - Upon gaining U.S. independence from Great Britain, it continued to be an important port and manufacturing hub as well as a center for education and culture.
8002:123146253922304::Thread-224 2020-08-09 18:59:48.267 - Philadelphia is also the economic and cultural anchor of the greater Delaware Valley, located along the lower Delaware and Schuylkill Rivers, within the Northeast megalopolis.
8003:123146253922304::Thread-224 2020-08-09 18:59:48.389 - **END**
8006:123146253922304::Thread-224 2020-08-09 18:59:48.693 - The city has expanded beyond the original peninsula through land reclamation and municipal annexation.
8006:123146253922304::Thread-224 2020-08-09 18:59:49.131 - Its rich history attracts many tourists, with Faneuil Hall alone drawing more than 20 million visitors per year.
8002:123146253922304::Thread-224 2020-08-09 18:59:49.458 - The Delaware Valley's population of 7.2 million ranks it as the eighth-largest combined statistical area in the United States.Philadelphia is one of the oldest municipalities in the United States.
8006:123146253922304::Thread-224 2020-08-09 18:59:49.584 - Boston's many firsts include the United States' first public park (Boston Common, 1634), first public or state school (Boston Latin School, 1635) and first subway system (Tremont Street subway, 1897).Today, Boston is a thriving center of scientific research.
8006:123146253922304::Thread-224 2020-08-09 18:59:50.368 - The Boston area's many colleges and universities make it a world leader in higher education, including law, medicine, engineering, and business, and the city is considered to be a global pioneer in innovation and entrepreneurship, with nearly 5,000 startups.
8002:123146253922304::Thread-224 2020-08-09 18:59:50.398 - William Penn, an English Quaker, founded the city in 1682 to serve as capital of the Pennsylvania Colony.
8002:123146253922304::Thread-224 2020-08-09 18:59:50.475 - Philadelphia played an instrumental role in the American Revolution as a meeting place for the Founding Fathers of the United States, who signed the Declaration of Independence in 1776 at the Second Continental Congress, and the Constitution at the Philadelphia Convention of 1787.
8002:123146253922304::Thread-224 2020-08-09 18:59:50.681 - Several other key events occurred in Philadelphia during the Revolutionary War including the First Continental Congress, the preservation of the Liberty Bell, the Battle of Germantown, and the Siege of Fort Mifflin.
8002:123146253922304::Thread-224 2020-08-09 18:59:52.198 - Philadelphia remained the nation's largest city until being overtaken by New York City in 1790; the city was also one of the nation's capitals during the revolution, serving as temporary U.S. capital while Washington, D.C. was under construction.
8003:123146253922304::Thread-224 2020-08-09 18:59:52.396 - **START**
8003:123146253922304::Thread-224 2020-08-09 18:59:52.423 - Starting new HTTPS connection (1): en.wikipedia.org
8002:123146253922304::Thread-224 2020-08-09 18:59:53.274 - In the 19th century, Philadelphia became a major industrial center and a railroad hub.
8003:123146253922304::Thread-224 2020-08-09 18:59:53.361 - Singapore ( (listen)), officially the Republic of Singapore, is a sovereign island city-state in maritime Southeast Asia.
8005:123146253922304::Thread-224 2020-08-09 18:59:53.894 - **START**
8005:123146253922304::Thread-224 2020-08-09 18:59:53.906 - Starting new HTTPS connection (1): en.wikipedia.org
8003:123146253922304::Thread-224 2020-08-09 18:59:54.165 - It lies about one degree of latitude (137 kilometres or 85 miles) north of the equator, off the southern tip of the Malay Peninsula, bordering the Straits of Malacca to the west, the Riau Islands to the south, and the South China Sea to the east.
8003:123146253922304::Thread-224 2020-08-09 18:59:54.925 - The country's territory is composed of one main island, 63 satellite islands and islets, and one outlying islet, the combined area of which has increased by 25% since the country's independence as a result of extensive land reclamation projects.
8003:123146253922304::Thread-224 2020-08-09 18:59:54.984 - The country is home to 5.7 million residents, 61% (3.4 million) of whom are Singaporean citizens.
8002:123146253922304::Thread-224 2020-08-09 18:59:55.263 - The city grew from an influx of European immigrants, most of whom came from Ireland, Italy and Germany—the three largest reported ancestry groups in the city as of 2015.
8003:123146253922304::Thread-224 2020-08-09 18:59:55.582 - There are four official languages of Singapore: English, Malay, Chinese, and Tamil; with English being the lingua franca.
8003:123146253922304::Thread-224 2020-08-09 18:59:55.681 - This reflects in its rich cultural diversity and extensive ethnic cuisine and major festivals.
8005:123146253922304::Thread-224 2020-08-09 18:59:55.851 - Queen are a British rock band formed in London in 1970.
8003:123146253922304::Thread-224 2020-08-09 18:59:56.668 - Multiracialism is enshrined in the constitution, and continues to shape national policies in education, housing, and politics.
8003:123146253922304::Thread-224 2020-08-09 18:59:56.674 - Although its history stretches back millennia, modern Singapore was founded in 1819 by Sir Stamford Raffles as a trading post of the British Empire.
8003:123146253922304::Thread-224 2020-08-09 18:59:57.606 - In 1867, the colonies in East Asia were reorganised and Singapore came under the direct control of Britain as part of the Straits Settlements.
8005:123146253922304::Thread-224 2020-08-09 18:59:57.673 - Their classic line-up was Freddie Mercury (lead vocals, piano), Brian May (guitar, vocals), Roger Taylor (drums, vocals) and John Deacon (bass).
8005:123146253922304::Thread-224 2020-08-09 18:59:57.68 - Their earliest works were influenced by progressive rock, hard rock and heavy metal, but the band gradually ventured into more conventional and radio-friendly works by incorporating further styles, such as arena rock and pop rock.
8004:123146253922304::Thread-224 2020-08-09 18:59:58.016 - **START**
8004:123146253922304::Thread-224 2020-08-09 18:59:58.157 - Starting new HTTPS connection (1): en.wikipedia.org
8003:123146253922304::Thread-224 2020-08-09 18:59:58.532 - During the Second World War, Singapore was occupied by Japan in 1942 but returned to British control as a separate crown colony following Japan's surrender in 1945.
8002:123146253922304::Thread-224 2020-08-09 18:59:59.264 - **END**
8006:123146253922304::Thread-224 2020-08-09 18:59:59.37 - **END**
8003:123146253922304::Thread-224 2020-08-09 18:59:59.535 - **END**
8005:123146253922304::Thread-224 2020-08-09 18:59:59.633 - Before forming Queen, May and Taylor had played together in the band Smile.
8004:123146253922304::Thread-224 2020-08-09 18:59:59.951 - Sir Winston Leonard Spencer Churchill  (30 November 1874 – 24 January 1965) was a British statesman, army officer, and writer.
8005:123146253922304::Thread-224 2020-08-09 19:00:00.215 - Mercury was a fan of Smile and encouraged them to experiment with more elaborate stage and recording techniques.
8002:123146253922304::Thread-224 2020-08-09 19:00:00.265 - **START**
8002:123146253922304::Thread-224 2020-08-09 19:00:00.407 - Starting new HTTPS connection (1): en.wikipedia.org
8004:123146253922304::Thread-224 2020-08-09 19:00:00.622 - He was Prime Minister of the United Kingdom from 1940 to 1945, when he led the country to victory in the Second World War, and again from 1951 to 1955.
8005:123146253922304::Thread-224 2020-08-09 19:00:00.885 - He joined in 1970 and suggested the name "Queen".
8004:123146253922304::Thread-224 2020-08-09 19:00:02.087 - Apart from two years between 1922 and 1924, Churchill was a Member of Parliament (MP) from 1900 to 1964 and represented a total of five constituencies.
8005:123146253922304::Thread-224 2020-08-09 19:00:02.574 - Deacon was recruited in March 1971, before the band released their eponymous debut album in 1973.
8005:123146253922304::Thread-224 2020-08-09 19:00:03.109 - Queen first charted in the UK with their second album, Queen II, in 1974.
8002:123146253922304::Thread-224 2020-08-09 19:00:03.603 - One World Trade Center (also known as One World Trade, One WTC, or Freedom Tower) is the main building of the rebuilt World Trade Center complex in Lower Manhattan, New York City.
8004:123146253922304::Thread-224 2020-08-09 19:00:04.005 - Ideologically an economic liberal and imperialist, he was for most of his career a member of the Conservative Party, as leader from 1940 to 1955.
8002:123146253922304::Thread-224 2020-08-09 19:00:04.377 - One WTC is the tallest building in the United States, the tallest building in the Western Hemisphere, and the seventh-tallest in the world.
8005:123146253922304::Thread-224 2020-08-09 19:00:04.901 - Sheer Heart Attack later that year and A Night at the Opera in 1975 brought them international success.
8002:123146253922304::Thread-224 2020-08-09 19:00:05.376 - The supertall structure has the same name as the North Tower of the original World Trade Center, which was destroyed in the terrorist attacks of September 11, 2001.
8004:123146253922304::Thread-224 2020-08-09 19:00:05.432 - He was a member of the Liberal Party from 1904 to 1924.
8002:123146253922304::Thread-224 2020-08-09 19:00:05.992 - The new skyscraper stands on the northwest corner of the 16-acre (6.5 ha) World Trade Center site, on the site of the original 6 World Trade Center.
8004:123146253922304::Thread-224 2020-08-09 19:00:06.514 - Of mixed English and American parentage, Churchill was born in Oxfordshire to a wealthy, aristocratic family.
8005:123146253922304::Thread-224 2020-08-09 19:00:06.64 - The latter featured "Bohemian Rhapsody", which stayed at number one in the UK for nine weeks and helped popularise the music video format.
8004:123146253922304::Thread-224 2020-08-09 19:00:06.724 - He joined the British Army in 1895 and saw action in British India, the Anglo-Sudan War, and the Second Boer War, gaining fame as a war correspondent and writing books about his campaigns.
8002:123146253922304::Thread-224 2020-08-09 19:00:06.936 - The building is bounded by West Street to the west, Vesey Street to the north, Fulton Street to the south, and Washington Street to the east.
8004:123146253922304::Thread-224 2020-08-09 19:00:07.598 - Elected a Conservative MP in 1900, he defected to the Liberals in 1904.
8005:123146253922304::Thread-224 2020-08-09 19:00:07.643 - **END**
8002:123146253922304::Thread-224 2020-08-09 19:00:07.887 - The building's architect is David Childs, whose firm Skidmore, Owings & Merrill (SOM) also designed the Burj Khalifa and the Willis Tower.
8002:123146253922304::Thread-224 2020-08-09 19:00:08.462 - The construction of below-ground utility relocations, footings, and foundations for the new building began on April 27, 2006.
8002:123146253922304::Thread-224 2020-08-09 19:00:08.647 - One World Trade Center became the tallest structure in New York City on April 30, 2012, when it surpassed the height of the Empire State Building.
8004:123146253922304::Thread-224 2020-08-09 19:00:09.485 - In H. H. Asquith's Liberal government, Churchill served as President of the Board of Trade and Home Secretary, championing prison reform and workers' social security.
8002:123146253922304::Thread-224 2020-08-09 19:00:09.632 - The tower's steel structure was topped out on August 30, 2012.
8004:123146253922304::Thread-224 2020-08-09 19:00:10.134 - As First Lord of the Admiralty during the First World War, he oversaw the Gallipoli Campaign but, after it proved a disaster, he was demoted to Chancellor of the Duchy of Lancaster.
8002:123146253922304::Thread-224 2020-08-09 19:00:10.6 - On May 10, 2013, the final component of the skyscraper's spire was installed, making the building, including its spire, reach a total height of 1,776 feet (541 m).
8004:123146253922304::Thread-224 2020-08-09 19:00:15.136 - **END**
8002:123146253922304::Thread-224 2020-08-09 19:00:18.604 - **END**