8003:123145635553280::Thread-77 2020-08-09 18:59:27.255 - **START**
8003:123145635553280::Thread-77 2020-08-09 18:59:27.522 - Starting new HTTPS connection (1): en.wikipedia.org
8003:123145635553280::Thread-77 2020-08-09 18:59:28.293 - The Statue of Unity is a colossal statue of Indian statesman and independence activist Sardar Vallabhbhai Patel (1875–1950), who was the first Deputy Prime Minister and Home minister of independent India and adherent of Mahatma Gandhi during the non-violent Indian Independence movement.
8003:123145635553280::Thread-77 2020-08-09 18:59:29.342 - Patel was highly respected for his leadership in uniting 562 princely states of India with a major part of the former British Raj to form the single Union of India.
8005:123145635553280::Thread-77 2020-08-09 18:59:31.208 - **START**
8003:123145635553280::Thread-77 2020-08-09 18:59:31.342 - The statue is located in the state of Gujarat, India.
8002:123145635553280::Thread-77 2020-08-09 18:59:32.317 - **START**
8003:123145635553280::Thread-77 2020-08-09 18:59:32.769 - It is the world's tallest statue with a height of 182 metres (597 ft).
8005:123145635553280::Thread-77 2020-08-09 18:59:33.076 - Starting new HTTPS connection (1): en.wikipedia.org
8002:123145635553280::Thread-77 2020-08-09 18:59:33.451 - Starting new HTTPS connection (1): en.wikipedia.org
8003:123145635553280::Thread-77 2020-08-09 18:59:33.875 - It is located on the Narmada River in the Kevadiya colony, facing the Sardar Sarovar Dam 100 kilometres (62 mi) southeast of the city of Vadodara and 150 kilometres (93 mi) from Surat.
8003:123145635553280::Thread-77 2020-08-09 18:59:34.285 - The project was first announced in 2010 and the construction of the statue started in October 2013 by Larsen & Toubro, with a total construction cost of ₹2,989 crore (₹29.89 billion; US$437 million).
8003:123145635553280::Thread-77 2020-08-09 18:59:35.748 - It was designed by Indian sculptor Ram V. Sutar, and was inaugurated by Indian Prime Minister Narendra Modi on 31 October 2018, the 143rd anniversary of Sardar Patel's birth.
8003:123145635553280::Thread-77 2020-08-09 18:59:36.012 - History
Narendra Modi first announced the project to commemorate Vallabhbhai Patel on 7 October 2013 at a press conference to mark the beginning of his 10th year as The Chief Minister of Gujarat.
8002:123145635553280::Thread-77 2020-08-09 18:59:36.198 - Tori Black (born August 26, 1988) is an American pornographic actress.
8006:123145635553280::Thread-77 2020-08-09 18:59:36.247 - **START**
8003:123145635553280::Thread-77 2020-08-09 18:59:36.561 - At the time, the project was dubbed, "Gujarat's tribute to the nation".A separate Society named Sardar Vallabhbhai Patel Rashtriya Ekta Trust (SVPRET) was formed under the chairmanship of the Chief minister, Government of Gujarat, to ensure seamless execution of the entire project.An outreach drive named the Statue of Unity Movement was started to support the construction of the statue.
8006:123145635553280::Thread-77 2020-08-09 18:59:36.733 - Starting new HTTPS connection (1): en.wikipedia.org
8003:123145635553280::Thread-77 2020-08-09 18:59:37.111 - It helped collect the iron needed for the statue by asking farmers to donate their used farming instruments.
8005:123145635553280::Thread-77 2020-08-09 18:59:37.32 - Lady Louise Alice Elizabeth Mary Mountbatten-Windsor (born 8 November 2003) is the elder child and only daughter of Prince Edward, Earl of Wessex, and Sophie, Countess of Wessex.
8005:123145635553280::Thread-77 2020-08-09 18:59:37.7 - She is the youngest granddaughter of Queen Elizabeth II and Prince Philip, Duke of Edinburgh.
8002:123145635553280::Thread-77 2020-08-09 18:59:37.773 - In 2011, she became the first person to win the Female Performer of the Year at the Adult Video News Awards two years in a row.
8003:123145635553280::Thread-77 2020-08-09 18:59:38.154 - **END**
8002:123145635553280::Thread-77 2020-08-09 18:59:38.982 - Early life
Black did an undergraduate course in journalism at Western Washington University.
8004:123145635553280::Thread-77 2020-08-09 18:59:39.206 - **START**
8005:123145635553280::Thread-77 2020-08-09 18:59:39.513 - She is 13th in the line of succession to the British throne.
8002:123145635553280::Thread-77 2020-08-09 18:59:39.768 - Career
Black started her career at age 18 in Fort Lauderdale, Florida, where she was on a summer vacation while attending college.
8005:123145635553280::Thread-77 2020-08-09 18:59:40.258 - Birth and baptism
Louise was born prematurely on 8 November 2003 at 23:32 GMT at Frimley Park Hospital in Frimley, Surrey, after her mother was rushed there by ambulance from the Wessex home at Bagshot Park, Surrey.
8006:123145635553280::Thread-77 2020-08-09 18:59:40.383 - Spartacus (Greek: Σπάρτακος Spártakos; Latin: Spartacus; c. 111–71 BC) was a Thracian gladiator who, along with Crixus, Gannicus, Castus, and Oenomaus, was one of the escaped slave leaders in the Third Servile War, a major slave uprising against the Roman Republic.
8005:123145635553280::Thread-77 2020-08-09 18:59:40.458 - Prince Edward was not present for the birth because he was in Mauritius and because it occurred so suddenly.
8002:123145635553280::Thread-77 2020-08-09 18:59:40.506 - At her parents' insistence on getting a job, Black saw an advertisement for an adult talent agency and sent in her pictures.
8006:123145635553280::Thread-77 2020-08-09 18:59:40.528 - Little is known about him beyond the events of the war, and surviving historical accounts are sometimes contradictory.
8002:123145635553280::Thread-77 2020-08-09 18:59:40.63 - The agency accepted and, after considering their offer, Black accepted and returned to the agency a week later.
8006:123145635553280::Thread-77 2020-08-09 18:59:40.879 - However, all sources agree that he was a former gladiator and an accomplished military leader.
8002:123145635553280::Thread-77 2020-08-09 18:59:40.916 - Black's first scene was a solo shaving video for The Score Group, which was filmed in 2007.
8004:123145635553280::Thread-77 2020-08-09 18:59:40.998 - Starting new HTTPS connection (1): en.wikipedia.org
8006:123145635553280::Thread-77 2020-08-09 18:59:41.207 - This rebellion, interpreted by some as an example of oppressed people fighting for their freedom against a slave-owning oligarchy, has provided inspiration for many political thinkers, and has been featured in literature, television, and film.
8006:123145635553280::Thread-77 2020-08-09 18:59:41.945 - Although this interpretation is not specifically contradicted by classical historians, no historical account mentions that the goal was to end slavery in the Republic.
8002:123145635553280::Thread-77 2020-08-09 18:59:42.049 - She was the Penthouse Pet of the Month for December 2008.Black is the first person in history to win two AVN Female Performer of the Year Awards, winning back-to-back years in 2010 and 2011.
8005:123145635553280::Thread-77 2020-08-09 18:59:42.282 - Louise was delivered by emergency Caesarean section due to placental abruption, which caused severe blood loss to both child and mother.
8006:123145635553280::Thread-77 2020-08-09 18:59:42.547 - Early life

The Greek essayist Plutarch describes Spartacus as "a Thracian of Nomadic stock", in a possible reference to the Maedi tribe.
8006:123145635553280::Thread-77 2020-08-09 18:59:42.679 - Appian says he was "a Thracian by birth, who had once served as a soldier with the Romans, but had since been a prisoner and sold for a gladiator".Florus described him as one "who, from a Thracian mercenary, had become a Roman soldier, that had deserted and became enslaved, and afterward, from consideration of his strength, a gladiator".
8002:123145635553280::Thread-77 2020-08-09 18:59:42.736 - She also won the 2010 and 2011 XRCO Awards for Female Performer of the Year.
8002:123145635553280::Thread-77 2020-08-09 18:59:43.084 - In 2010, she was named by Maxim as one of the 12 top female stars in porn.
8002:123145635553280::Thread-77 2020-08-09 18:59:43.096 - **END**
8006:123145635553280::Thread-77 2020-08-09 18:59:43.37 - The authors refer to the Thracian tribe of the Maedi, which occupied the area on the southwestern fringes of Thrace, along its border with the Roman province of Macedonia – present day south-western Bulgaria.
8006:123145635553280::Thread-77 2020-08-09 18:59:43.44 - Plutarch also writes that Spartacus' wife, a prophetess of the Maedi tribe, was enslaved with him.
8005:123145635553280::Thread-77 2020-08-09 18:59:43.905 - Louise was transferred to a neo-natal unit in St George's Hospital, Tooting, London, as a precaution.
8005:123145635553280::Thread-77 2020-08-09 18:59:44.288 - Meanwhile, her mother remained at Frimley Park until she was well enough to be discharged, on 23 November 2003.
8005:123145635553280::Thread-77 2020-08-09 18:59:44.765 - Louise's name was announced on 27 November.She was baptised in the Private Chapel of Windsor Castle on 24 April 2004 by David Conner, the Dean of Windsor; her godparents were Lady Sarah Chatto, Lord Ivar Mountbatten, Lady Alexandra Etherington, Francesca Schwarzenbach and Rupert Elliott.
8005:123145635553280::Thread-77 2020-08-09 18:59:44.854 - Louise was the last child to wear the original royal christening gown.Born with esotropia, Louise underwent an operation in an unsuccessful attempt to correct the problem in January 2006.
8003:123145635553280::Thread-77 2020-08-09 18:59:45.208 - **START**
8003:123145635553280::Thread-77 2020-08-09 18:59:45.219 - Starting new HTTPS connection (1): en.wikipedia.org
8004:123145635553280::Thread-77 2020-08-09 18:59:45.599 - Saint Vincent and the Grenadines ( (listen)), also frequently known simply as Saint Vincent, is an Anglo-Caribbean country of several islands in the Lesser Antilles island arc, in the southeast Windward Islands, which lies in the West Indies at the southern end of the eastern border of the Caribbean Sea where the latter meets the Atlantic Ocean.
8003:123145635553280::Thread-77 2020-08-09 18:59:46.787 - David Robert Joseph Beckham  (UK: ; born 2 May 1975) is an English former professional footballer, the current president & co-owner of Inter Miami CF and co-owner of Salford City.
8004:123145635553280::Thread-77 2020-08-09 18:59:48.022 - Its 369 km2 (142 sq mi) territory consists of the main island of Saint Vincent and the northern two-thirds of the Grenadines, a chain of 32 smaller islands.
8005:123145635553280::Thread-77 2020-08-09 18:59:48.855 - **END**
8003:123145635553280::Thread-77 2020-08-09 18:59:49.272 - He played for Manchester United, Preston North End, Real Madrid, Milan, LA Galaxy, Paris Saint-Germain and the England national team, for which he held the appearance record for an outfield player until 2016.
8004:123145635553280::Thread-77 2020-08-09 18:59:49.689 - Some of the Grenadines are inhabited — Bequia, Mustique, Union Island, Canouan, Palm Island, Mayreau, Young Island — while others are not: Tobago Cays, Petit Saint Vincent, Baliceaux, Bettowia, Quatre, Petite Mustique, Savan and Petit Nevis.
8004:123145635553280::Thread-77 2020-08-09 18:59:50.238 - Most of Saint Vincent and the Grenadines lies within the Hurricane Alley.
8004:123145635553280::Thread-77 2020-08-09 18:59:50.703 - To the north of Saint Vincent lies Saint Lucia, to the east is Barbados, and Grenada lies to the south.
8002:123145635553280::Thread-77 2020-08-09 18:59:51.114 - **START**
8002:123145635553280::Thread-77 2020-08-09 18:59:51.129 - Starting new HTTPS connection (1): en.wikipedia.org
8003:123145635553280::Thread-77 2020-08-09 18:59:51.326 - He is the first English player to win league titles in four countries: England, Spain, the United States and France.
8003:123145635553280::Thread-77 2020-08-09 18:59:51.351 - He retired in May 2013 after a 20-year career, during which he won 19 major trophies.Beckham's professional club career began with Manchester United, where he made his first-team debut in 1992 at age 17.
8004:123145635553280::Thread-77 2020-08-09 18:59:52.06 - Saint Vincent and the Grenadines is a densely populated country for its size (over 300 inhabitants/km2) with approximately 110,211 inhabitants.Kingstown is the capital and main port.
8004:123145635553280::Thread-77 2020-08-09 18:59:52.298 - Saint Vincent has a British colonial history, and is now part of the Organisation of Eastern Caribbean States, CARICOM, the Commonwealth of Nations, the Bolivarian Alliance for the Americas and the Community of Latin American and Caribbean States (CELAC).
8006:123145635553280::Thread-77 2020-08-09 18:59:52.441 - **END**
8002:123145635553280::Thread-77 2020-08-09 18:59:52.72 - The Suez Canal (Arabic: قناة السويس‎ qanāt as-suwēs) is an artificial sea-level waterway in Egypt, connecting the Mediterranean Sea to the Red Sea through the Isthmus of Suez.
8004:123145635553280::Thread-77 2020-08-09 18:59:53.0 - Etymology
Christopher Columbus, the first European to discover the island, named it after St. Vincent of Saragossa, whose feast day it was on the day Columbus first saw it (22 January 1498).
8003:123145635553280::Thread-77 2020-08-09 18:59:53.224 - With United, he won the Premier League title six times, the FA Cup twice, and the UEFA Champions League in 1999.
8006:123145635553280::Thread-77 2020-08-09 18:59:53.443 - **START**
8006:123145635553280::Thread-77 2020-08-09 18:59:53.446 - Starting new HTTPS connection (1): en.wikipedia.org
8002:123145635553280::Thread-77 2020-08-09 18:59:53.524 - It is often considered to define the border between Africa and Asia.
8002:123145635553280::Thread-77 2020-08-09 18:59:53.664 - Constructed by the Suez Canal Company between 1859 and 1869, it officially opened on 17 November 1869.
8002:123145635553280::Thread-77 2020-08-09 18:59:53.982 - The canal offers watercraft a more direct route between the North Atlantic and northern Indian oceans via the Mediterranean and Red seas, thus avoiding the South Atlantic and southern Indian oceans and reducing the journey distance from the Arabian Sea to London, for example, by approximately 8,900 kilometres (5,500 mi).
8002:123145635553280::Thread-77 2020-08-09 18:59:54.403 - It extends from the northern terminus of Port Said to the southern terminus of Port Tewfik at the city of Suez.
8003:123145635553280::Thread-77 2020-08-09 18:59:55.65 - He then played four seasons with Real Madrid, winning the La Liga championship in his final season with the club.
8002:123145635553280::Thread-77 2020-08-09 18:59:55.78 - Its length is 193.30 km (120.11 mi) including its northern and southern access-channels.
8004:123145635553280::Thread-77 2020-08-09 18:59:55.875 - The name of the Grenadines refers to the Spanish city of Granada, but to differentiate it from the island of the same name, the diminutive was used.
8002:123145635553280::Thread-77 2020-08-09 18:59:56.1 - In 2012, 17,225 vessels traversed the canal (an average of 47 per day).The original canal featured a single-lane waterway with passing locations in the Ballah Bypass and the Great Bitter Lake.
8006:123145635553280::Thread-77 2020-08-09 18:59:56.388 - John Christopher Depp II (born June 9, 1963) is an American actor, producer, and musician.
8003:123145635553280::Thread-77 2020-08-09 18:59:56.803 - In July 2007, Beckham signed a five-year contract with Major League Soccer club LA Galaxy.
8002:123145635553280::Thread-77 2020-08-09 18:59:57.006 - It contains no lock system, with seawater flowing freely through it.
8006:123145635553280::Thread-77 2020-08-09 18:59:57.444 - He has been nominated for ten Golden Globe Awards, winning one for Best Actor for his performance of the title role in Sweeney Todd: The Demon Barber of Fleet Street (2007), and has been nominated for three Academy Awards for Best Actor, among other accolades.
8003:123145635553280::Thread-77 2020-08-09 18:59:57.448 - While a Galaxy player, he spent two loan spells in Italy with Milan in 2009 and 2010.
8002:123145635553280::Thread-77 2020-08-09 18:59:57.733 - In general, the canal north of the Bitter Lakes flows north in winter and south in summer.
8006:123145635553280::Thread-77 2020-08-09 18:59:57.736 - He is regarded as one of the world's biggest film stars.
8002:123145635553280::Thread-77 2020-08-09 18:59:58.75 - South of the lakes, the current changes with the tide at Suez.The United Kingdom and France owned the canal until July 1956, when the President of Egypt, Gamal Abdel Nasser, nationalized it—an event which led to the Suez Crisis of October–November 1956.
8002:123145635553280::Thread-77 2020-08-09 18:59:58.763 - **END**
8004:123145635553280::Thread-77 2020-08-09 18:59:58.909 - **END**
8003:123145635553280::Thread-77 2020-08-09 18:59:59.005 - He was the first British footballer to play 100 UEFA Champions League games.
8003:123145635553280::Thread-77 2020-08-09 18:59:59.133 - In international football, Beckham made his England debut on 1 September 1996 at the age of 21.
8006:123145635553280::Thread-77 2020-08-09 18:59:59.976 - Depp made his film debut in the 1984 film A Nightmare on Elm Street, before rising to prominence as a teen idol on the television series 21 Jump Street (1987–1990).
8003:123145635553280::Thread-77 2020-08-09 19:00:00.133 - **END**
8005:123145635553280::Thread-77 2020-08-09 19:00:00.862 - **START**
8005:123145635553280::Thread-77 2020-08-09 19:00:00.897 - Starting new HTTPS connection (1): en.wikipedia.org
8006:123145635553280::Thread-77 2020-08-09 19:00:01.242 - He had a supporting role in Oliver Stone's 1986 war film Platoon and played the title character in the 1990 romantic fantasy Edward Scissorhands.
8006:123145635553280::Thread-77 2020-08-09 19:00:02.373 - Depp has gained critical praise for his portrayals of inept screenwriter-director Ed Wood in the film of the same name (1994), undercover FBI agent Joseph D. Pistone in Donnie Brasco (1997), author J. M. Barrie in Finding Neverland (2004) and Boston gangster Whitey Bulger in Black Mass (2015).
8006:123145635553280::Thread-77 2020-08-09 19:00:02.666 - He has starred in a number of successful films, including Cry-Baby (1990), Dead Man (1995), Sleepy Hollow (1999), Charlie and the Chocolate Factory (2005), Corpse Bride (2005), Public Enemies (2009), Alice in Wonderland (2010) and its 2016 sequel, The Tourist (2010), Rango (2011), Dark Shadows (2012), Into the Woods (2014), and Fantastic Beasts: The Crimes of Grindelwald (2018).
8005:123145635553280::Thread-77 2020-08-09 19:00:02.867 - Zion Lateef Williamson (born July 6, 2000) is an American professional basketball player for the New Orleans Pelicans of the National Basketball Association (NBA).
8006:123145635553280::Thread-77 2020-08-09 19:00:03.727 - Depp also plays Jack Sparrow in the swashbuckler film series Pirates of the Caribbean (2003–present).
8006:123145635553280::Thread-77 2020-08-09 19:00:04.352 - Depp is the tenth highest-grossing actor worldwide, as films featuring Depp have grossed over US$3.7 billion at the United States box office and over US$10 billion worldwide.
8006:123145635553280::Thread-77 2020-08-09 19:00:05.368 - He has been listed in the 2012 Guinness World Records as the world's highest-paid actor, with earnings of US$75 million.
8005:123145635553280::Thread-77 2020-08-09 19:00:05.51 - He plays the power forward position.
8005:123145635553280::Thread-77 2020-08-09 19:00:07.772 - Following a dominant freshman-year stint with the Duke Blue Devils, he was selected by the Pelicans first overall in the 2019 NBA draft.
8005:123145635553280::Thread-77 2020-08-09 19:00:08.298 - Born in Salisbury, North Carolina, Williamson attended Spartanburg Day School, where he was a consensus five-star recruit and was ranked among the top five players in the 2018 class.
8006:123145635553280::Thread-77 2020-08-09 19:00:08.37 - **END**
8004:123145635553280::Thread-77 2020-08-09 19:00:08.914 - **START**
8004:123145635553280::Thread-77 2020-08-09 19:00:08.92 - Starting new HTTPS connection (1): en.wikipedia.org
8005:123145635553280::Thread-77 2020-08-09 19:00:09.15 - He led his team to three straight state championships and earned South Carolina Mr. Basketball recognition in his senior season.
8004:123145635553280::Thread-77 2020-08-09 19:00:09.81 - The Bible (from Koine Greek τὰ βιβλία, tà biblía, "the books") is a collection of religious texts or scriptures sacred to Christians, Jews, Samaritans, Rastafari and others.
8005:123145635553280::Thread-77 2020-08-09 19:00:09.869 - Williamson also left high school as a McDonald's All-American, runner-up for Mr. Basketball USA, and USA Today All-USA first team honoree.
8004:123145635553280::Thread-77 2020-08-09 19:00:09.899 - They generally consider the Bible to be a product of divine inspiration and a record of the relationship between God and humans.
8005:123145635553280::Thread-77 2020-08-09 19:00:10.168 - In high school, he drew national attention for his slam dunks.
8004:123145635553280::Thread-77 2020-08-09 19:00:10.406 - The Bible appears in the form of an anthology, a compilation of texts of a variety of forms that are all linked by the belief that they collectively contain the word of God.
8004:123145635553280::Thread-77 2020-08-09 19:00:11.312 - These texts include theologically-focused historical accounts, hymns, parables, didactic letters, erotica, sermons, poetry, and prophecies.
8004:123145635553280::Thread-77 2020-08-09 19:00:11.411 - Those books included in the Bible by a tradition or group are called canonical, indicating that the tradition/group views the collection as the true representation of God's word and will.
8005:123145635553280::Thread-77 2020-08-09 19:00:11.627 - In his freshman and only season with Duke, Williamson was named ACC Player of the Year, ACC Athlete of the Year and ACC Rookie of the Year.
8004:123145635553280::Thread-77 2020-08-09 19:00:12.249 - A number of Biblical canons have evolved, with overlapping and diverging contents from denomination to denomination.
8004:123145635553280::Thread-77 2020-08-09 19:00:12.266 - The Hebrew Bible overlaps with the Greek Septuagint and the Christian Old Testament.
8004:123145635553280::Thread-77 2020-08-09 19:00:12.996 - The Christian New Testament is a collection of writings by early Christians, believed to be mostly Jewish disciples of Christ, written in first-century Koine Greek.
8004:123145635553280::Thread-77 2020-08-09 19:00:13.342 - Among Christian denominations there is some disagreement about what should be included in the canon, primarily about the biblical apocrypha, a list of works that are regarded with varying levels of respect.
8004:123145635553280::Thread-77 2020-08-09 19:00:14.318 - Attitudes towards the Bible also differ among Christian groups.
8005:123145635553280::Thread-77 2020-08-09 19:00:14.632 - **END**
8002:123145635553280::Thread-77 2020-08-09 19:00:14.77 - **START**
8002:123145635553280::Thread-77 2020-08-09 19:00:14.778 - Starting new HTTPS connection (1): en.wikipedia.org
8002:123145635553280::Thread-77 2020-08-09 19:00:17.093 - Mohandas Karamchand Gandhi (; 2 October 1869 – 30 January 1948) was an Indian lawyer, anti-colonial nationalist, and political ethicist, who employed nonviolent resistance to lead the successful campaign for India's independence from British Rule, and in turn inspired movements for civil rights and freedom across the world.
8002:123145635553280::Thread-77 2020-08-09 19:00:17.207 - The honorific Mahātmā (Sanskrit: "great-souled", "venerable"), first applied to him in 1914 in South Africa, is now used throughout the world.Born and raised in a Hindu family in coastal Gujarat, western India, Gandhi was trained in law at the Inner Temple, London, and called to the bar at age 22 in June 1891.
8004:123145635553280::Thread-77 2020-08-09 19:00:18.32 - **END**
8002:123145635553280::Thread-77 2020-08-09 19:00:19.606 - After two uncertain years in India, where he was unable to start a successful law practice, he moved to South Africa in 1893 to represent an Indian merchant in a lawsuit.
8002:123145635553280::Thread-77 2020-08-09 19:00:22.349 - He went on to stay for 21 years.
8002:123145635553280::Thread-77 2020-08-09 19:00:24.843 - It was in South Africa that Gandhi raised a family, and first employed nonviolent resistance in a campaign for civil rights.
8002:123145635553280::Thread-77 2020-08-09 19:00:25.566 - In 1915, aged 45, he returned to India.
8002:123145635553280::Thread-77 2020-08-09 19:00:27.841 - He set about organising peasants, farmers, and urban labourers to protest against excessive land-tax and discrimination.
8002:123145635553280::Thread-77 2020-08-09 19:00:29.646 - Assuming leadership of the Indian National Congress in 1921, Gandhi led nationwide campaigns for easing poverty, expanding women's rights, building religious and ethnic amity, ending untouchability, and above all for achieving Swaraj or self-rule.The same year Gandhi adopted the Indian loincloth, or short dhoti and, in the winter, a shawl, both woven with yarn hand-spun on a traditional Indian spinning wheel, or charkha, as a mark of identification with India's rural poor.
8002:123145635553280::Thread-77 2020-08-09 19:00:32.125 - Thereafter, he lived modestly in a self-sufficient residential community, ate simple vegetarian food, and undertook long fasts as a means of self-purification and political protest.
8002:123145635553280::Thread-77 2020-08-09 19:00:32.765 - Bringing anti-colonial nationalism to the common Indians, Gandhi led them in challenging the British-imposed salt tax with the 400 km (250 mi) Dandi Salt March in 1930, and later in calling for the British to Quit India in 1942.
8002:123145635553280::Thread-77 2020-08-09 19:00:39.769 - **END**