8003:123145601900544::Thread-69 2020-08-09 18:59:26.248 - **START**
8003:123145601900544::Thread-69 2020-08-09 18:59:26.253 - Starting new HTTPS connection (1): en.wikipedia.org
8002:123145601900544::Thread-69 2020-08-09 18:59:28.329 - **START**
8002:123145601900544::Thread-69 2020-08-09 18:59:28.362 - Starting new HTTPS connection (1): en.wikipedia.org
8002:123145601900544::Thread-69 2020-08-09 18:59:31.078 - Alexander III of Macedon (Greek: Αλέξανδρος Γʹ ὁ Μακεδών, Aléxandros III ho Makedȏn; 20/21 July 356 BC – 10/11 June 323 BC), commonly known as Alexander the Great (Greek: Ἀλέξανδρος ὁ Μέγας, Aléxandros ho Mégas), was a king (basileus) of the ancient Greek kingdom of Macedon and a member of the Argead dynasty.
8004:123145601900544::Thread-69 2020-08-09 18:59:31.204 - **START**
8002:123145601900544::Thread-69 2020-08-09 18:59:31.47 - He was born in Pella in 356 BC and succeeded his father Philip II to the throne at the age of 20.
8004:123145601900544::Thread-69 2020-08-09 18:59:31.507 - Starting new HTTPS connection (1): en.wikipedia.org
8002:123145601900544::Thread-69 2020-08-09 18:59:32.407 - He spent most of his ruling years on an unprecedented military campaign through western Asia and northeast Africa, and by the age of thirty, he had created one of the largest empires of the ancient world, stretching from Greece to northwestern India.
8003:123145601900544::Thread-69 2020-08-09 18:59:33.176 - Onika Tanya Maraj-Petty (born December 8, 1982), known professionally as Nicki Minaj (), is a Trinidadian-American singer, songwriter, actress, and model.
8006:123145601900544::Thread-69 2020-08-09 18:59:33.251 - **START**
8002:123145601900544::Thread-69 2020-08-09 18:59:33.306 - He was undefeated in battle and is widely considered one of history's most successful military commanders.During his youth, Alexander was tutored by Aristotle until age 16.
8002:123145601900544::Thread-69 2020-08-09 18:59:33.497 - After Philip's assassination in 336 BC, he succeeded his father to the throne and inherited a strong kingdom and an experienced army.
8006:123145601900544::Thread-69 2020-08-09 18:59:34.08 - Starting new HTTPS connection (1): en.wikipedia.org
8004:123145601900544::Thread-69 2020-08-09 18:59:34.371 - Julia Ann Tavella (born October 8, 1969) is an American pornographic actress and feature dancer.
8002:123145601900544::Thread-69 2020-08-09 18:59:34.392 - Alexander was awarded the generalship of Greece and used this authority to launch his father's pan-Hellenic project to lead the Greeks in the conquest of Persia.
8002:123145601900544::Thread-69 2020-08-09 18:59:34.684 - In 334 BC, he invaded the Achaemenid Empire (Persian Empire) and began a series of campaigns that lasted 10 years.
8004:123145601900544::Thread-69 2020-08-09 18:59:35.112 - She is a member of the AVN Hall of Fame and the XRCO Hall of Fame.
8002:123145601900544::Thread-69 2020-08-09 18:59:35.403 - Following the conquest of Anatolia, Alexander broke the power of Persia in a series of decisive battles, most notably the battles of Issus and Gaugamela.
8002:123145601900544::Thread-69 2020-08-09 18:59:35.506 - He subsequently overthrew Persian King Darius III and conquered the Achaemenid Empire in its entirety.
8003:123145601900544::Thread-69 2020-08-09 18:59:36.106 - Born in the Saint James district of Port of Spain and raised in the Queens borough of New York City, she gained public recognition after releasing the mixtapes Playtime Is Over (2007), Sucka Free (2008), and Beam Me Up Scotty (2009).
8005:123145601900544::Thread-69 2020-08-09 18:59:36.206 - **START**
8002:123145601900544::Thread-69 2020-08-09 18:59:36.273 - At that point, his empire stretched from the Adriatic Sea to the Beas River.
8002:123145601900544::Thread-69 2020-08-09 18:59:36.274 - **END**
8006:123145601900544::Thread-69 2020-08-09 18:59:36.485 - Gazzy Garcia (born August 17, 2000), known professionally as Lil Pump, is an American rapper and songwriter.
8004:123145601900544::Thread-69 2020-08-09 18:59:36.6 - Career
By age 18 Julia Ann started modeling, then became a professional mud wrestler in Hollywood before becoming one half of the popular touring strip club feature act Blondage, with Janine Lindemulder, in the early 1990s.
8004:123145601900544::Thread-69 2020-08-09 18:59:37.207 - Their success led to offers to join the adult film industry.Julia Ann debuted in adult films in 1993 in Andrew Blake's Hidden Obsessions, in a lesbian sex scene with Lindemulder.
8003:123145601900544::Thread-69 2020-08-09 18:59:37.259 - Early in her career, Minaj was known for her colorful costumes and wigs.
8006:123145601900544::Thread-69 2020-08-09 18:59:37.392 - He is known for his hyperactive public persona, where he is often portrayed taking drugs, particularly marijuana, lean, Xanax and MDMA; he is often criticized for his behavior seen on social media.
8003:123145601900544::Thread-69 2020-08-09 18:59:37.692 - Her rapping is distinctive for its fast flow and the use of alter egos and accents, primarily British cockney.
8006:123145601900544::Thread-69 2020-08-09 18:59:37.716 - He is also known for shouting his catchphrase "Esskeetit" (a truncated version of "Let's get it").
8004:123145601900544::Thread-69 2020-08-09 18:59:37.774 - She was under contract to Wicked Pictures in 2006, but in May 2007 she posted on the members section of her website that she had not renewed her contract with Wicked.She has worked as a make-up artist.She has referred to fellow pornographic actress Christy Canyon as one of her "idols" in the business.
8006:123145601900544::Thread-69 2020-08-09 18:59:37.951 - Garcia was named as one of the 30 Under 30 by Forbes in 2019.Lil Pump rose to popularity in 2017, after he released his single "Gucci Gang" from his debut album Lil Pump, which peaked at number three on the U.S.
8005:123145601900544::Thread-69 2020-08-09 18:59:38.086 - Starting new HTTPS connection (1): en.wikipedia.org
8006:123145601900544::Thread-69 2020-08-09 18:59:38.292 - Billboard Hot 100, and is certified triple platinum by the Recording Industry Association of America.
8006:123145601900544::Thread-69 2020-08-09 18:59:38.656 - He has since released other songs, including "I Love It" (with Kanye West), "Esskeetit", "Drug Addicts", "Butterfly Doors", "Racks on Racks", and "Be Like Me" (featuring Lil Wayne).
8004:123145601900544::Thread-69 2020-08-09 18:59:38.787 - Appearances
Julia Ann has also made appearances as herself on television shows, series, and documentaries such as Rated A for Adult, Night Calls, Give Me Your Soul..., Dreamwagon: Inside the Adult Industry, VS., The Man Show, and How They Make Adult Movies.In 1989, Julia Ann appeared in the film American Angels: Baptism of Blood.
8006:123145601900544::Thread-69 2020-08-09 18:59:38.919 - He released his debut studio album, Lil Pump, in October 2017.
8004:123145601900544::Thread-69 2020-08-09 18:59:39.743 - Awards


AVN awards
1994 Best All-Girl Sex Scene – Film for Hidden Obsessions
2000 Best All-Girl Sex Scene – Film for Seven Deadly Sins
2004 Best Actress – Video for Beautiful
2004 Hall of Fame
2010 Best Makeup for The 8th Day
2010 MILF/Cougar Performer of the Year
2011 MILF/Cougar Performer of the Year
2013 MILF/Cougar Performer of the Year
2015 Hottest MILF (Fan Award)


XRCO awards
1994 Best Girl-Girl Scene for Hidden Obsessions
2009 MILF of the Year
2011 MILF of the Year
2012 Hall of Fame
2017 Mainstream Adult Media Favorite


XBIZ awards
2014 MILF Performer of the Year


NightMoves awards
2013 Best MILF Performer (Fan's Choice)
2015 Hall of Fame


Personal life
Ann grew up around animals and developed a love for horses; she also took piano lessons and learned to swim "like a fish."
8006:123145601900544::Thread-69 2020-08-09 18:59:39.627 - His song "Welcome to the Party" was featured in the soundtrack for Deadpool 2.
8003:123145601900544::Thread-69 2020-08-09 18:59:40.614 - After signing with Young Money Entertainment in 2009, Minaj released her first studio album, Pink Friday (2010), which peaked at number one on the US Billboard 200 chart and was certified triple platinum by the Recording Industry Association of America (RIAA).
8006:123145601900544::Thread-69 2020-08-09 18:59:40.66 - He released his second studio album Harverd Dropout on February 22, 2019.
8006:123145601900544::Thread-69 2020-08-09 18:59:40.67 - Early life
Garcia was born August 17, 2000, in Miami, Florida.
8004:123145601900544::Thread-69 2020-08-09 18:59:40.839 - At age 12 she moved to Idyllwild, California, where she attended a college-prep school before moving back to Los Angeles to live with her grandmother at age 17.Ann married adult film director Michael Raven on June 21, 2003, divorcing in 2007.
8006:123145601900544::Thread-69 2020-08-09 18:59:41.048 - In a 2018 interview with J. Cole, Garcia stated that his parents are from Colombia and they divorced when he was six years old.
8004:123145601900544::Thread-69 2020-08-09 18:59:41.22 - Besides breast enlargement, Julia Ann also had labiaplasty and a nose job to remove the after-effects of a broken nose suffered when a horse kicked her in the face.
8003:123145601900544::Thread-69 2020-08-09 18:59:43.181 - Her second album, Pink Friday: Roman Reloaded, was released in 2012 and debuted atop the charts in several countries.
8005:123145601900544::Thread-69 2020-08-09 18:59:43.34 - Films generate income from several revenue streams, including theatrical exhibition, home video, television broadcast rights, and merchandising.
8004:123145601900544::Thread-69 2020-08-09 18:59:44.222 - **END**
8005:123145601900544::Thread-69 2020-08-09 18:59:45.046 - However, theatrical box office earnings are the primary metric for trade publications in assessing the success of a film, mostly because of the availability of the data compared to sales figures for home video and broadcast rights, but also because of historical practice.
8005:123145601900544::Thread-69 2020-08-09 18:59:45.175 - Included on the list are charts of the top box office earners (ranked by both the nominal and real value of their revenue), a chart of high-grossing films by calendar year, a timeline showing the transition of the highest-grossing film record, and a chart of the highest-grossing film franchises and series.
8003:123145601900544::Thread-69 2020-08-09 18:59:45.61 - Minaj made her film debut in the 2012 animated film Ice Age: Continental Drift.
8006:123145601900544::Thread-69 2020-08-09 18:59:46.05 - **END**
8003:123145601900544::Thread-69 2020-08-09 18:59:46.391 - In 2013, she was a judge on the twelfth season of American Idol.
8005:123145601900544::Thread-69 2020-08-09 18:59:46.577 - All charts are ranked by international theatrical box office performance where possible, excluding income derived from home video, broadcasting rights, and merchandise.
8005:123145601900544::Thread-69 2020-08-09 18:59:46.89 - Traditionally, war films, musicals, and historical dramas have been the most popular genres, but franchise films have been among the best performers in the 21st century.
8002:123145601900544::Thread-69 2020-08-09 18:59:48.278 - **START**
8002:123145601900544::Thread-69 2020-08-09 18:59:48.283 - Starting new HTTPS connection (1): en.wikipedia.org
8005:123145601900544::Thread-69 2020-08-09 18:59:48.47 - There is strong interest in the superhero genre, with nine films in the Marvel Cinematic Universe featuring among the nominal top-earners.
8003:123145601900544::Thread-69 2020-08-09 18:59:49.255 - Minaj's third studio album, The Pinkprint, was released in 2014.
8002:123145601900544::Thread-69 2020-08-09 18:59:49.704 - 21 is the second studio album by English singer-songwriter Adele.
8005:123145601900544::Thread-69 2020-08-09 18:59:49.748 - The most successful superhero film, Avengers: Endgame, is also the highest-grossing film overall on the nominal earnings chart, and there are four films in total based on the Avengers comic books charting in the top twenty.
8002:123145601900544::Thread-69 2020-08-09 18:59:50.081 - It was released on 24 January 2011 in Europe and on 22 February 2011 in North America by XL Recordings and Columbia Records.
8003:123145601900544::Thread-69 2020-08-09 18:59:50.548 - She subsequently played supporting roles in the films The Other Woman (2014) and Barbershop: The Next Cut (2016).
8002:123145601900544::Thread-69 2020-08-09 18:59:50.759 - The album was named after the age of the singer during its production.
8005:123145601900544::Thread-69 2020-08-09 18:59:51.032 - Other Marvel Comics adaptations have also had success with the Spider-Man and X-Men properties, while films based on Batman and Superman from DC Comics have generally performed well.
8002:123145601900544::Thread-69 2020-08-09 18:59:51.695 - 21 shares the folk and Motown soul influences of her 2008 debut album 19, but was further inspired by the American country and Southern blues music to which she had been exposed during her 2008–09 North American tour An Evening with Adele.
8005:123145601900544::Thread-69 2020-08-09 18:59:51.935 - Star Wars is also represented in the nominal earnings chart with five films, while the Harry Potter, Jurassic Park and Pirates of the Caribbean franchises feature prominently.
8002:123145601900544::Thread-69 2020-08-09 18:59:52.222 - Composed in the aftermath of the singer's separation from her then partner, the album typifies the near dormant tradition of the confessional singer-songwriter in its exploration of heartbreak, introspection, and forgiveness.
8002:123145601900544::Thread-69 2020-08-09 18:59:52.434 - Adele began writing 21 in April 2009, when still involved in the relationship that subsequently inspired the record.
8005:123145601900544::Thread-69 2020-08-09 18:59:52.532 - Avatar, in second place on the nominal chart, is the highest-grossing film that is not a sequel or an adaptation of a pre-existing property.
8002:123145601900544::Thread-69 2020-08-09 18:59:53.14 - Dissatisfied with once again portraying herself as the musical tragedian of her debut, she had intended to compose a more upbeat and contemporary follow-up.
8002:123145601900544::Thread-69 2020-08-09 18:59:53.934 - However, studio sessions ended prematurely due to a lack of inspiration.
8005:123145601900544::Thread-69 2020-08-09 18:59:54.537 - **END**
8002:123145601900544::Thread-69 2020-08-09 18:59:54.611 - She resumed production immediately after the breakdown of her relationship, channelling her heartbreak and depression into her songs.
8002:123145601900544::Thread-69 2020-08-09 18:59:54.767 - Adele collaborated with various songwriters and producers, including Columbia Records co-president Rick Rubin, Paul Epworth, Ryan Tedder, Jim Abbiss, and Dan Wilson.
8002:123145601900544::Thread-69 2020-08-09 18:59:54.768 - **END**
8003:123145601900544::Thread-69 2020-08-09 18:59:56.554 - **END**
8002:123145601900544::Thread-69 2020-08-09 18:59:57.772 - **START**
8002:123145601900544::Thread-69 2020-08-09 18:59:57.778 - Starting new HTTPS connection (1): en.wikipedia.org
8002:123145601900544::Thread-69 2020-08-09 18:59:59.155 - Foo Fighters is an American rock band, formed in Seattle, Washington, in 1994.
8002:123145601900544::Thread-69 2020-08-09 18:59:59.656 - It was founded by Nirvana drummer Dave Grohl as a one-man project following the dissolution of Nirvana after the suicide of Kurt Cobain.
8006:123145601900544::Thread-69 2020-08-09 19:00:00.056 - **START**
8006:123145601900544::Thread-69 2020-08-09 19:00:00.1 - Starting new HTTPS connection (1): en.wikipedia.org
8002:123145601900544::Thread-69 2020-08-09 19:00:00.272 - The group got its name from "Foo fighter", a nickname coined by Allied aircraft pilots for UFOs and other aerial phenomena they reported seeing.
8002:123145601900544::Thread-69 2020-08-09 19:00:00.783 - Over the course of their career, Foo Fighters have won 12 Grammy Awards, including Best Rock Album four times.
8002:123145601900544::Thread-69 2020-08-09 19:00:01.213 - The band have also won an American Music Award, four Brit Awards, and two MTV Video Music Awards.
8004:123145601900544::Thread-69 2020-08-09 19:00:01.225 - **START**
8004:123145601900544::Thread-69 2020-08-09 19:00:01.241 - Starting new HTTPS connection (1): en.wikipedia.org
8002:123145601900544::Thread-69 2020-08-09 19:00:01.419 - Prior to the release of Foo Fighters' 1995 debut album Foo Fighters, which featured Grohl as the only official member, Grohl recruited bassist Nate Mendel and drummer William Goldsmith, both formerly of Sunny Day Real Estate, as well as Nirvana touring guitarist Pat Smear to complete the lineup.
8006:123145601900544::Thread-69 2020-08-09 19:00:01.713 - Recovery is the seventh studio album by American rapper Eminem.
8006:123145601900544::Thread-69 2020-08-09 19:00:02.148 - It was released on June 18, 2010, by Aftermath Entertainment, Shady Records, and Interscope Records.
8006:123145601900544::Thread-69 2020-08-09 19:00:02.158 - It serves as the follow-up to Eminem's sixth studio album Relapse (2009).
8002:123145601900544::Thread-69 2020-08-09 19:00:02.182 - The band began with performances in Portland, Oregon.
8006:123145601900544::Thread-69 2020-08-09 19:00:02.223 - Originally planned to be released as Relapse 2, the album was renamed to Recovery when Eminem found the album to be musically different from its predecessor.
8002:123145601900544::Thread-69 2020-08-09 19:00:02.573 - Goldsmith quit during the recording of the group's second album, The Colour and the Shape (1997), when most of the drum parts were re-recorded by Grohl himself.
8004:123145601900544::Thread-69 2020-08-09 19:00:02.645 - Ireland ( (listen); Irish: Éire [ˈeːɾʲə] (listen); Ulster-Scots: Airlann [ˈɑːrlən]) is an island in the North Atlantic.
8002:123145601900544::Thread-69 2020-08-09 19:00:02.81 - Smear's departure followed soon afterward, though he would appear as a guest with the band frequently starting in 2006, and would rejoin as an official full-time member in 2011.
8006:123145601900544::Thread-69 2020-08-09 19:00:02.9 - Production of the album took place during 2009 to 2010 at several recording studios and was handled by various record producers, including Alex da Kid, Just Blaze, Boi-1da, Jim Jonsin, DJ Khalil, Mr. Porter, and Dr. Dre.
8006:123145601900544::Thread-69 2020-08-09 19:00:02.914 - Eminem also collaborated with artists such as Pink, Lil Wayne, Slaughterhouse and Rihanna for the album.
8002:123145601900544::Thread-69 2020-08-09 19:00:02.964 - They were replaced by Taylor Hawkins and Franz Stahl, respectively, although Stahl was fired before the recording of the group's third album, There Is Nothing Left to Lose (1999).
8006:123145601900544::Thread-69 2020-08-09 19:00:03.372 - Recovery featured more introspective and emotional content than its predecessor and the theme of the album revolved around his positive changes, anxiety, and emotional drives.
8005:123145601900544::Thread-69 2020-08-09 19:00:03.544 - **START**
8005:123145601900544::Thread-69 2020-08-09 19:00:03.659 - Starting new HTTPS connection (1): en.wikipedia.org
8002:123145601900544::Thread-69 2020-08-09 19:00:03.971 - **END**
8006:123145601900544::Thread-69 2020-08-09 19:00:04.321 - Recovery debuted at number one on the Billboard 200, with first week sales of 741,000 copies.
8006:123145601900544::Thread-69 2020-08-09 19:00:04.322 - **END**
8004:123145601900544::Thread-69 2020-08-09 19:00:04.945 - It is separated from Great Britain to its east by the North Channel, the Irish Sea, and St George's Channel.
8004:123145601900544::Thread-69 2020-08-09 19:00:04.973 - Ireland is the second-largest island of the British Isles, the third-largest in Europe, and the twentieth-largest on Earth.Geopolitically, Ireland is divided between the Republic of Ireland (officially named Ireland), which covers five-sixths of the island, and Northern Ireland, which is part of the United Kingdom.
8005:123145601900544::Thread-69 2020-08-09 19:00:05.136 - Joelle Joanie "JoJo" Siwa (born May 19, 2003) is an American dancer, singer, actress, and YouTube personality.
8003:123145601900544::Thread-69 2020-08-09 19:00:05.555 - **START**
8003:123145601900544::Thread-69 2020-08-09 19:00:05.584 - Starting new HTTPS connection (1): en.wikipedia.org
8005:123145601900544::Thread-69 2020-08-09 19:00:06.136 - She is known for appearing for two seasons on Dance Moms along with her mother, Jessalynn Siwa, and for her singles "Boomerang" and "Kid in a Candy Store".
8003:123145601900544::Thread-69 2020-08-09 19:00:06.539 - Orenthal James Simpson (born July 9, 1947), nicknamed "The Juice", is an American former football running back, broadcaster, actor, advertising spokesman, and convicted felon.
8005:123145601900544::Thread-69 2020-08-09 19:00:06.95 - Siwa posts daily videos of her day-to-day life on her YouTube channels, "JoJo Siwa TV" and "It's JoJo Siwa".
8004:123145601900544::Thread-69 2020-08-09 19:00:07.059 - In 2011, the population of Ireland was about 6.6 million, ranking it the second-most populous island in Europe after Great Britain.
8005:123145601900544::Thread-69 2020-08-09 19:00:07.404 - Her fans are called Siwanatorz.
8004:123145601900544::Thread-69 2020-08-09 19:00:07.46 - As of 2016, 4.8 million live in the Republic of Ireland, and 1.8 million live in Northern Ireland.The geography of Ireland comprises relatively low-lying mountains surrounding a central plain, with several navigable rivers extending inland.
8005:123145601900544::Thread-69 2020-08-09 19:00:08.192 - Early life and career

Joelle Joanie Siwa was born in Omaha, Nebraska on May 19, 2003 to Jessalynn Siwa (née Lombardi), a professional dance instructor from Iowa, and Dr. Tom Siwa, a chiropractor from Nebraska.
8004:123145601900544::Thread-69 2020-08-09 19:00:08.212 - Its lush vegetation is a product of its mild but changeable climate which is free of extremes in temperature.
8005:123145601900544::Thread-69 2020-08-09 19:00:08.908 - She has one sibling, an older brother named Jayden Siwa who is also a vlogger.Siwa started her career as a top-5 finalist and the youngest contestant on the second season of Abby's Ultimate Dance Competition, produced by Abby Lee Miller of Dance Moms fame.
8005:123145601900544::Thread-69 2020-08-09 19:00:09.103 - She appeared on the show with her mother and was eliminated in week 9.
8005:123145601900544::Thread-69 2020-08-09 19:00:09.401 - Siwa soon began to began appear on Dance Moms, beginning with auditioning for Miller's "ALDC" dance competition team in 2014 and being selected for the team in early 2015.In May 2016, Siwa released "Boomerang" for digital download and a previous single, "I Can Make U Dance".
8003:123145601900544::Thread-69 2020-08-09 19:00:09.537 - Once a popular figure with the U.S. public, he is best known for being tried for the murders of his former wife, Nicole Brown Simpson, and her friend, Ron Goldman.
8005:123145601900544::Thread-69 2020-08-09 19:00:09.876 - "Boomerang" addresses the subject of online bullying.
8003:123145601900544::Thread-69 2020-08-09 19:00:10.472 - Simpson was acquitted of the murders in criminal court, but was later found responsible for both deaths in a civil trial.
8004:123145601900544::Thread-69 2020-08-09 19:00:10.663 - Much of Ireland was woodland until the end of the Middle Ages.
8005:123145601900544::Thread-69 2020-08-09 19:00:10.877 - **END**
8003:123145601900544::Thread-69 2020-08-09 19:00:11.562 - Simpson attended the University of Southern California (USC), where he played football for the USC Trojans and won the Heisman Trophy in 1968.
8003:123145601900544::Thread-69 2020-08-09 19:00:11.953 - He played professionally as a running back in the National Football League (NFL) for 11 seasons, primarily with the Buffalo Bills from 1969 to 1977.
8004:123145601900544::Thread-69 2020-08-09 19:00:12.04 - Today, woodland makes up about 10% of the island, compared with a European average of over 33%, and most of it is non-native conifer plantations.
8004:123145601900544::Thread-69 2020-08-09 19:00:13.535 - There are twenty-six extant land mammal species native to Ireland.
8003:123145601900544::Thread-69 2020-08-09 19:00:13.799 - He also played for the San Francisco 49ers from 1978 to 1979.
8003:123145601900544::Thread-69 2020-08-09 19:00:14.36 - In 1973, he became the first NFL player to rush for more than 2,000 yards in a season.
8004:123145601900544::Thread-69 2020-08-09 19:00:15.612 - The Irish climate is influenced by the Atlantic Ocean and thus very moderate, and winters are milder than expected for such a northerly area, although summers are cooler than those in continental Europe.
8004:123145601900544::Thread-69 2020-08-09 19:00:15.612 - **END**
8003:123145601900544::Thread-69 2020-08-09 19:00:17.044 - He holds the record for the single season yards-per-game average, which stands at 143.1.
8003:123145601900544::Thread-69 2020-08-09 19:00:17.529 - He was the only player to ever rush for over 2,000 yards in the 14-game regular season NFL format.
8003:123145601900544::Thread-69 2020-08-09 19:00:19.325 - Simpson was inducted into the College Football Hall of Fame in 1983 and the Pro Football Hall of Fame in 1985.
8003:123145601900544::Thread-69 2020-08-09 19:00:22.327 - **END**