8003:123145976287232::Thread-158 2020-08-09 18:59:30.273 - **START**
8003:123145976287232::Thread-158 2020-08-09 18:59:31.147 - Starting new HTTPS connection (1): en.wikipedia.org
8005:123145976287232::Thread-158 2020-08-09 18:59:31.224 - **START**
8005:123145976287232::Thread-158 2020-08-09 18:59:31.493 - Starting new HTTPS connection (1): en.wikipedia.org
8003:123145976287232::Thread-158 2020-08-09 18:59:34.12 - London is the capital and largest city of England and the United Kingdom.
8005:123145976287232::Thread-158 2020-08-09 18:59:34.513 - Ireland ( (listen); Irish: Éire [ˈeːɾʲə] (listen); Ulster-Scots: Airlann [ˈɑːrlən]) is an island in the North Atlantic.
8003:123145976287232::Thread-158 2020-08-09 18:59:34.777 - The city stands on the River Thames in the south-east of England, at the head of its 50-mile (80 km) estuary leading to the North Sea, London has been a major settlement for two millennia.
8005:123145976287232::Thread-158 2020-08-09 18:59:35.892 - It is separated from Great Britain to its east by the North Channel, the Irish Sea, and St George's Channel.
8003:123145976287232::Thread-158 2020-08-09 18:59:36.852 - Londinium was founded by the Romans.
8005:123145976287232::Thread-158 2020-08-09 18:59:36.952 - Ireland is the second-largest island of the British Isles, the third-largest in Europe, and the twentieth-largest on Earth.Geopolitically, Ireland is divided between the Republic of Ireland (officially named Ireland), which covers five-sixths of the island, and Northern Ireland, which is part of the United Kingdom.
8002:123145976287232::Thread-158 2020-08-09 18:59:37.359 - **START**
8002:123145976287232::Thread-158 2020-08-09 18:59:38.695 - Starting new HTTPS connection (1): en.wikipedia.org
8005:123145976287232::Thread-158 2020-08-09 18:59:38.829 - In 2011, the population of Ireland was about 6.6 million, ranking it the second-most populous island in Europe after Great Britain.
8003:123145976287232::Thread-158 2020-08-09 18:59:38.935 - The City of London, London's ancient core − an area of just 1.12 square miles (2.9 km2) and colloquially known as the Square Mile − retains boundaries that closely follow its medieval limits.
8006:123145976287232::Thread-158 2020-08-09 18:59:39.268 - **START**
8004:123145976287232::Thread-158 2020-08-09 18:59:40.24 - **START**
8005:123145976287232::Thread-158 2020-08-09 18:59:40.458 - As of 2016, 4.8 million live in the Republic of Ireland, and 1.8 million live in Northern Ireland.The geography of Ireland comprises relatively low-lying mountains surrounding a central plain, with several navigable rivers extending inland.
8006:123145976287232::Thread-158 2020-08-09 18:59:40.767 - Starting new HTTPS connection (1): en.wikipedia.org
8004:123145976287232::Thread-158 2020-08-09 18:59:41.033 - Starting new HTTPS connection (1): en.wikipedia.org
8003:123145976287232::Thread-158 2020-08-09 18:59:41.22 - The City of Westminster is also an Inner London borough holding city status.
8005:123145976287232::Thread-158 2020-08-09 18:59:41.279 - Its lush vegetation is a product of its mild but changeable climate which is free of extremes in temperature.
8005:123145976287232::Thread-158 2020-08-09 18:59:42.446 - Much of Ireland was woodland until the end of the Middle Ages.
8005:123145976287232::Thread-158 2020-08-09 18:59:42.575 - Today, woodland makes up about 10% of the island, compared with a European average of over 33%, and most of it is non-native conifer plantations.
8006:123145976287232::Thread-158 2020-08-09 18:59:43.163 - The England national football team represents England in  men's international football and is governed by The Football Association, the governing body for football in England.
8005:123145976287232::Thread-158 2020-08-09 18:59:43.585 - There are twenty-six extant land mammal species native to Ireland.
8006:123145976287232::Thread-158 2020-08-09 18:59:43.792 - It competes in the three major international tournaments; the FIFA World Cup, the UEFA European Championship and the UEFA Nations League.
8003:123145976287232::Thread-158 2020-08-09 18:59:44.186 - London is governed by the mayor of London and the London Assembly.London is considered to be one of the world's most important global cities and has been called the world's most powerful, most desirable, most influential, most visited, most expensive, sustainable, most investment-friendly, and most-popular-for-work city.
8005:123145976287232::Thread-158 2020-08-09 18:59:44.34 - The Irish climate is influenced by the Atlantic Ocean and thus very moderate, and winters are milder than expected for such a northerly area, although summers are cooler than those in continental Europe.
8006:123145976287232::Thread-158 2020-08-09 18:59:44.487 - England, as a country of the United Kingdom, is not a member of the International Olympic Committee and therefore the national team does not compete at the Olympic Games.
8004:123145976287232::Thread-158 2020-08-09 18:59:44.532 - Alexander III of Macedon (Greek: Αλέξανδρος Γʹ ὁ Μακεδών, Aléxandros III ho Makedȏn; 20/21 July 356 BC – 10/11 June 323 BC), commonly known as Alexander the Great (Greek: Ἀλέξανδρος ὁ Μέγας, Aléxandros ho Mégas), was a king (basileus) of the ancient Greek kingdom of Macedon and a member of the Argead dynasty.
8006:123145976287232::Thread-158 2020-08-09 18:59:44.781 - England is the oldest national team in football.
8004:123145976287232::Thread-158 2020-08-09 18:59:44.906 - He was born in Pella in 356 BC and succeeded his father Philip II to the throne at the age of 20.
8004:123145976287232::Thread-158 2020-08-09 18:59:45.18 - He spent most of his ruling years on an unprecedented military campaign through western Asia and northeast Africa, and by the age of thirty, he had created one of the largest empires of the ancient world, stretching from Greece to northwestern India.
8003:123145976287232::Thread-158 2020-08-09 18:59:45.193 - It exerts a considerable impact upon the arts, commerce, education, entertainment, fashion, finance, healthcare, media, professional services, research and development, tourism and transportation.
8006:123145976287232::Thread-158 2020-08-09 18:59:45.326 - They played in the world's first international football match in 1872, against Scotland.
8002:123145976287232::Thread-158 2020-08-09 18:59:45.732 - Muhammad (Arabic: مُحَمَّد‎, pronounced [muħammad];  c. 570 CE – 8 June 632 CE) was an Arab religious, social, and political leader and the founder of Islam.
8004:123145976287232::Thread-158 2020-08-09 18:59:45.962 - He was undefeated in battle and is widely considered one of history's most successful military commanders.During his youth, Alexander was tutored by Aristotle until age 16.
8004:123145976287232::Thread-158 2020-08-09 18:59:46.01 - After Philip's assassination in 336 BC, he succeeded his father to the throne and inherited a strong kingdom and an experienced army.
8006:123145976287232::Thread-158 2020-08-09 18:59:46.032 - England's home ground is Wembley Stadium, London, and their headquarters is at St George's Park, Burton upon Trent.
8004:123145976287232::Thread-158 2020-08-09 18:59:46.35 - Alexander was awarded the generalship of Greece and used this authority to launch his father's pan-Hellenic project to lead the Greeks in the conquest of Persia.
8006:123145976287232::Thread-158 2020-08-09 18:59:46.81 - The team's manager is Gareth Southgate.
8006:123145976287232::Thread-158 2020-08-09 18:59:46.911 - Since first entering the tournament in 1950, England has qualified for the FIFA World Cup 15 times.
8006:123145976287232::Thread-158 2020-08-09 18:59:47.11 - They won the 1966 World Cup, when they hosted the finals, and finished fourth in 1990 and 2018.
8004:123145976287232::Thread-158 2020-08-09 18:59:47.313 - In 334 BC, he invaded the Achaemenid Empire (Persian Empire) and began a series of campaigns that lasted 10 years.
8003:123145976287232::Thread-158 2020-08-09 18:59:47.394 - London ranks 26th out of 300 major cities for economic performance.
8002:123145976287232::Thread-158 2020-08-09 18:59:47.643 - According to Islamic doctrine, he was a prophet, sent to preach and confirm the monotheistic teachings of Adam, Abraham, Moses, Jesus, and other prophets.
8006:123145976287232::Thread-158 2020-08-09 18:59:47.923 - Since first entering in 1964, England have never won the UEFA European Championship, with their best performances being third-place finishes in 1968 and 1996, the latter as hosts.
8004:123145976287232::Thread-158 2020-08-09 18:59:48.303 - Following the conquest of Anatolia, Alexander broke the power of Persia in a series of decisive battles, most notably the battles of Issus and Gaugamela.
8004:123145976287232::Thread-158 2020-08-09 18:59:48.667 - He subsequently overthrew Persian King Darius III and conquered the Achaemenid Empire in its entirety.
8004:123145976287232::Thread-158 2020-08-09 18:59:49.272 - At that point, his empire stretched from the Adriatic Sea to the Beas River.
8005:123145976287232::Thread-158 2020-08-09 18:59:49.344 - **END**
8002:123145976287232::Thread-158 2020-08-09 18:59:49.552 - He is viewed as the final prophet of God in all the main branches of Islam, though some modern denominations diverge from this belief.
8003:123145976287232::Thread-158 2020-08-09 18:59:49.704 - It is one of the largest financial centres and has either the fifth or the sixth-largest metropolitan area GDP.
8002:123145976287232::Thread-158 2020-08-09 18:59:50.373 - Muhammad united Arabia into a single Muslim polity, with the Quran as well as his teachings and practices forming the basis of Islamic religious belief.
8002:123145976287232::Thread-158 2020-08-09 18:59:51.01 - Born approximately 570 CE (Year of the Elephant) in the Arabian city of Mecca, Muhammad was orphaned at the age of six.
8004:123145976287232::Thread-158 2020-08-09 18:59:52.277 - **END**
8003:123145976287232::Thread-158 2020-08-09 18:59:52.398 - It is the most-visited city as measured by international arrivals and has the busiest city airport system as measured by passenger traffic.
8002:123145976287232::Thread-158 2020-08-09 18:59:52.855 - He was raised under the care of his paternal grandfather Abd al-Muttalib, and upon his death, by his uncle Abu Talib.
8002:123145976287232::Thread-158 2020-08-09 18:59:53.639 - In later years, he would periodically seclude himself in a mountain cave named Hira for several nights of prayer.
8006:123145976287232::Thread-158 2020-08-09 18:59:53.925 - **END**
8006:123145976287232::Thread-158 2020-08-09 18:59:53.926 - **START**
8006:123145976287232::Thread-158 2020-08-09 18:59:53.93 - Starting new HTTPS connection (1): en.wikipedia.org
8005:123145976287232::Thread-158 2020-08-09 18:59:54.348 - **START**
8005:123145976287232::Thread-158 2020-08-09 18:59:54.351 - Starting new HTTPS connection (1): en.wikipedia.org
8003:123145976287232::Thread-158 2020-08-09 18:59:54.544 - It is the leading investment destination,  hosting more international retailers than any other city.
8006:123145976287232::Thread-158 2020-08-09 18:59:54.861 - Philadelphia, colloquially Philly, is the largest city in the U.S. state  of Pennsylvania, and the sixth-most populous U.S. city with a 2019 estimated population of 1,584,064.
8005:123145976287232::Thread-158 2020-08-09 18:59:54.974 - The Quran (, kor-AHN; Arabic: القرآن‎, romanized: al-Qurʼān, lit.
8005:123145976287232::Thread-158 2020-08-09 18:59:55.432 - 'the recitation', Arabic pronunciation: [alqur'ʔaːn]), also romanized Qur'an or Koran, is the central religious text of Islam, believed by Muslims to be a revelation from God (Allah).
8006:123145976287232::Thread-158 2020-08-09 18:59:55.513 - Since 1854, the city has had the same geographic boundaries as Philadelphia County, the most populous county in Pennsylvania and the urban core of the eighth-largest U.S. metropolitan statistical area, with over 6 million residents as of 2017.
8002:123145976287232::Thread-158 2020-08-09 18:59:55.568 - When he was 40, Muhammad reported being visited by Gabriel in the cave and receiving his first revelation from God.
8002:123145976287232::Thread-158 2020-08-09 18:59:55.607 - In 613, Muhammad started preaching these revelations publicly, proclaiming that "God is One", that complete "submission" (islām) to God is the right way of life (dīn), and that he was a prophet and messenger of God, similar to the other prophets in Islam.The followers of Muhammad were initially few in number, and experienced hostility from Meccan polytheists.
8005:123145976287232::Thread-158 2020-08-09 18:59:55.669 - It is widely regarded as the finest work in classical Arabic literature.
8005:123145976287232::Thread-158 2020-08-09 18:59:56.019 - Slightly shorter than the New Testament, it is organized in 114 chapters, or sur  (سور‎; singular: سورة‎, sūrah)—not according to chronology or subject matter, but according to length of surahs (with some exceptions).
8006:123145976287232::Thread-158 2020-08-09 18:59:56.198 - Philadelphia is also the economic and cultural anchor of the greater Delaware Valley, located along the lower Delaware and Schuylkill Rivers, within the Northeast megalopolis.
8004:123145976287232::Thread-158 2020-08-09 18:59:56.282 - **START**
8004:123145976287232::Thread-158 2020-08-09 18:59:56.29 - Starting new HTTPS connection (1): en.wikipedia.org
8005:123145976287232::Thread-158 2020-08-09 18:59:56.74 - Surah are subdivided into verses, or āyāt (آيات‎; singular: آية‎, āyah).
8006:123145976287232::Thread-158 2020-08-09 18:59:57.178 - The Delaware Valley's population of 7.2 million ranks it as the eighth-largest combined statistical area in the United States.Philadelphia is one of the oldest municipalities in the United States.
8006:123145976287232::Thread-158 2020-08-09 18:59:57.348 - William Penn, an English Quaker, founded the city in 1682 to serve as capital of the Pennsylvania Colony.
8006:123145976287232::Thread-158 2020-08-09 18:59:57.514 - Philadelphia played an instrumental role in the American Revolution as a meeting place for the Founding Fathers of the United States, who signed the Declaration of Independence in 1776 at the Second Continental Congress, and the Constitution at the Philadelphia Convention of 1787.
8005:123145976287232::Thread-158 2020-08-09 18:59:57.684 - Muslims believe that the Quran was orally revealed by God to the final prophet, Muhammad, through the archangel Gabriel (Jibril), incrementally over a period of some 23 years, beginning on 22 December 609 CE, when Muhammad was 40; and concluding in 632, the year of his death.
8005:123145976287232::Thread-158 2020-08-09 18:59:57.806 - Muslims regard the Quran as Muhammad's most important miracle; a proof of his prophethood; and the culmination of a series of divine messages starting with those revealed to Adam, including the Tawrah (Torah), the Zabur ("Psalms") and the Injil ("Gospel").
8005:123145976287232::Thread-158 2020-08-09 18:59:57.898 - The word Quran occurs some 70 times in the text itself, and other names and words are also said to refer to the Quran.The Quran is thought by Muslims to be not simply divinely inspired, but the literal word of God.
8005:123145976287232::Thread-158 2020-08-09 18:59:58.402 - Muhammad did not write it as he didn't know how to write.
8006:123145976287232::Thread-158 2020-08-09 18:59:58.47 - Several other key events occurred in Philadelphia during the Revolutionary War including the First Continental Congress, the preservation of the Liberty Bell, the Battle of Germantown, and the Siege of Fort Mifflin.
8005:123145976287232::Thread-158 2020-08-09 18:59:58.708 - According to tradition, several of Muhammad's companions served as scribes, recording the revelations.
8006:123145976287232::Thread-158 2020-08-09 18:59:59.275 - Philadelphia remained the nation's largest city until being overtaken by New York City in 1790; the city was also one of the nation's capitals during the revolution, serving as temporary U.S. capital while Washington, D.C. was under construction.
8004:123145976287232::Thread-158 2020-08-09 18:59:59.363 - Inferno (Italian: [iɱˈfɛrno]; Italian for "Hell") is the first part of Italian writer Dante Alighieri's 14th-century epic poem Divine Comedy.
8004:123145976287232::Thread-158 2020-08-09 18:59:59.626 - It is followed by Purgatorio and Paradiso.
8006:123145976287232::Thread-158 2020-08-09 18:59:59.931 - In the 19th century, Philadelphia became a major industrial center and a railroad hub.
8006:123145976287232::Thread-158 2020-08-09 19:00:00.199 - The city grew from an influx of European immigrants, most of whom came from Ireland, Italy and Germany—the three largest reported ancestry groups in the city as of 2015.
8003:123145976287232::Thread-158 2020-08-09 19:00:01.577 - **END**
8004:123145976287232::Thread-158 2020-08-09 19:00:02.062 - The Inferno tells the journey of Dante through Hell, guided by the ancient Roman poet Virgil.
8005:123145976287232::Thread-158 2020-08-09 19:00:02.71 - **END**
8006:123145976287232::Thread-158 2020-08-09 19:00:03.2 - **END**
8004:123145976287232::Thread-158 2020-08-09 19:00:04.598 - In the poem, Hell is depicted as nine concentric circles of torment located within the Earth; it is the "realm ... of those who have rejected spiritual values by yielding to bestial appetites or violence, or by perverting their human intellect to fraud or malice against their fellowmen".
8002:123145976287232::Thread-158 2020-08-09 19:00:04.611 - **END**
8004:123145976287232::Thread-158 2020-08-09 19:00:06.502 - As an allegory, the Divine Comedy represents the journey of the soul toward God, with the Inferno describing the recognition and rejection of sin.
8004:123145976287232::Thread-158 2020-08-09 19:00:06.765 - Introduction


Cantos I–II

Canto I

The poem begins on the night of Maundy Thursday on March 24 (or April 7), AD 1300, shortly before dawn of Good Friday.
8004:123145976287232::Thread-158 2020-08-09 19:00:07.363 - The narrator, Dante himself, is thirty-five years old, and thus "midway in the journey of our life" (Nel mezzo del cammin di nostra vita) – half of the Biblical lifespan of seventy (Psalm 89:10, Vulgate; Psalm 90:10, KJV).
8004:123145976287232::Thread-158 2020-08-09 19:00:09.565 - The poet finds himself lost in a dark wood (selva oscura), astray from the "straight way" (diritta via, also translatable as "right way") of salvation.
8004:123145976287232::Thread-158 2020-08-09 19:00:12.199 - He sets out to climb directly up a small mountain, but his way is blocked by three beasts he cannot evade: a lonza (usually rendered as "leopard" or "leopon"), a leone (lion), and a lupa (she-wolf).
8004:123145976287232::Thread-158 2020-08-09 19:00:18.2 - **END**