8004:123146123517952::Thread-193 2020-08-09 18:59:27.26 - **START**
8004:123146123517952::Thread-193 2020-08-09 18:59:27.53 - Starting new HTTPS connection (1): en.wikipedia.org
8004:123146123517952::Thread-193 2020-08-09 18:59:28.813 - The Code of Hammurabi is a well-preserved Babylonian code of law of ancient Mesopotamia, dated to about 1754 BC (Middle Chronology).
8004:123146123517952::Thread-193 2020-08-09 18:59:30.031 - It is one of the oldest deciphered writings of significant length in the world.
8006:123146123517952::Thread-193 2020-08-09 18:59:30.271 - **START**
8003:123146123517952::Thread-193 2020-08-09 18:59:30.29 - **START**
8002:123146123517952::Thread-193 2020-08-09 18:59:30.472 - **START**
8006:123146123517952::Thread-193 2020-08-09 18:59:30.836 - Starting new HTTPS connection (1): en.wikipedia.org
8002:123146123517952::Thread-193 2020-08-09 18:59:31.072 - Starting new HTTPS connection (1): en.wikipedia.org
8003:123146123517952::Thread-193 2020-08-09 18:59:31.151 - Starting new HTTPS connection (1): en.wikipedia.org
8004:123146123517952::Thread-193 2020-08-09 18:59:31.815 - The sixth Babylonian king, Hammurabi, enacted the code.
8004:123146123517952::Thread-193 2020-08-09 18:59:32.782 - A partial copy exists on a 2.25-metre-tall (7.5 ft) stone stele.
8006:123146123517952::Thread-193 2020-08-09 18:59:33.05 - Dafne María Keen Fernández (born 4 January 2005) is a British-Spanish actress.
8004:123146123517952::Thread-193 2020-08-09 18:59:33.156 - It consists of 282 laws, with scaled punishments, adjusting "an eye for an eye, a tooth for a tooth" (lex talionis) as graded based on social stratification depending on social status and gender, of slave versus free, man versus woman.Nearly half of the code deals with matters of contract, establishing the wages to be paid to an ox driver or a surgeon for example.
8006:123146123517952::Thread-193 2020-08-09 18:59:33.993 - She made her debut starring as Ana "Ani" Cruz Oliver on the television series The Refugees from 2014 to 2015.
8004:123146123517952::Thread-193 2020-08-09 18:59:34.077 - Other provisions set the terms of a transaction, the liability of a builder for a house that collapses, or property that is damaged while left in the care of another.
8005:123146123517952::Thread-193 2020-08-09 18:59:34.314 - **START**
8003:123146123517952::Thread-193 2020-08-09 18:59:34.632 - The Great Pyramid of Giza (also known as the Pyramid of Khufu or the Pyramid of Cheops) is the oldest and largest of the three pyramids in the Giza pyramid complex bordering present-day Giza in Greater Cairo, Egypt.
8002:123146123517952::Thread-193 2020-08-09 18:59:34.862 - Genghis Khan (born Temüjin Borjigin, c. 1155 – c. 1162 –  August 18, 1227), also officially Genghis Emperor, was the founder and first Great Khan and Emperor of the Mongol Empire, which became the largest contiguous empire in history after his death.
8006:123146123517952::Thread-193 2020-08-09 18:59:35.148 - She received recognition for starring as Laura in the 2017 film Logan, for which she received several awards and nominations, including winning an Empire Award for Best Newcomer.
8006:123146123517952::Thread-193 2020-08-09 18:59:35.795 - In 2019, she began starring as Lyra Belacqua/Silvertongue in the television series His Dark Materials.
8003:123146123517952::Thread-193 2020-08-09 18:59:35.927 - It is the oldest of the Seven Wonders of the Ancient World, and the only one to remain largely intact.
8006:123146123517952::Thread-193 2020-08-09 18:59:35.956 - Life and career
Keen was born in Madrid.
8005:123146123517952::Thread-193 2020-08-09 18:59:36.043 - Starting new HTTPS connection (1): en.wikipedia.org
8004:123146123517952::Thread-193 2020-08-09 18:59:36.074 - A third of the code addresses issues concerning household and family relationships such as inheritance, divorce, paternity, and reproductive behavior.
8002:123146123517952::Thread-193 2020-08-09 18:59:36.131 - He came to power by uniting many of the nomadic tribes of Northeast Asia.
8002:123146123517952::Thread-193 2020-08-09 18:59:36.876 - After founding the Empire and being proclaimed Genghis Khan, meaning Universal ruler, he launched the Mongol invasions that conquered most of Eurasia.
8002:123146123517952::Thread-193 2020-08-09 18:59:36.915 - Reaching as far west as Poland, and the Levant in the Middle East.
8003:123146123517952::Thread-193 2020-08-09 18:59:37.113 - Based on a mark in an interior chamber naming the work gang and a reference to the Fourth Dynasty Egyptian pharaoh Khufu, Egyptologists believe that the pyramid was built as a tomb over a 10- to 20-year period concluding around 2560 BC.
8004:123146123517952::Thread-193 2020-08-09 18:59:37.776 - Only one provision appears to impose obligations on a government official; this provision establishes that a judge who alters his decision after it is written down is to be fined and removed from the bench permanently.
8002:123146123517952::Thread-193 2020-08-09 18:59:37.815 - Campaigns initiated in his lifetime include those against the Qara Khitai, Khwarezmia, and the Western Xia and Jin dynasties, and raids into Medieval Georgia, the Kievan Rus', and Volga Bulgaria.
8006:123146123517952::Thread-193 2020-08-09 18:59:37.86 - She is the daughter of British actor Will Keen, and Galician actress, theatre director and writer María Fernández Ache.
8003:123146123517952::Thread-193 2020-08-09 18:59:37.989 - Initially standing at 146.5 metres (481 feet), the Great Pyramid was the tallest man-made structure in the world for more than 3,800 years until Lincoln Cathedral was finished in 1311 AD.
8004:123146123517952::Thread-193 2020-08-09 18:59:38.206 - A few provisions address issues related to military service.
8003:123146123517952::Thread-193 2020-08-09 18:59:38.371 - It is estimated that the pyramid weighs approximately 6 million tonnes, and consists of 2.3 million blocks of limestone and granite, some weighing as much as 80 tonnes.
8006:123146123517952::Thread-193 2020-08-09 18:59:38.422 - A paternal great-grandfather was Edward Curzon, 6th Earl Howe; her aunts are poet Alice Oswald and writer Laura Beatty.
8003:123146123517952::Thread-193 2020-08-09 18:59:38.845 - Originally, the Great Pyramid was covered by limestone casing stones that formed a smooth outer surface; what is seen today is the underlying core structure.
8002:123146123517952::Thread-193 2020-08-09 18:59:38.958 - These campaigns were often accompanied by large-scale massacres of the civilian populations, especially in the Khwarazmian- and Western Xia–controlled lands.
8004:123146123517952::Thread-193 2020-08-09 18:59:39.608 - The code was discovered by modern archaeologists in 1901, and its editio princeps translation published in 1902 by Jean-Vincent Scheil.
8003:123146123517952::Thread-193 2020-08-09 18:59:40.173 - Some of the casing stones that once covered the structure can still be seen around the base.
8006:123146123517952::Thread-193 2020-08-09 18:59:40.275 - Keen began acting in 2014, starring alongside her father in the BBC television series The Refugees, where she played Ana "Ani" Cruz Oliver.
8002:123146123517952::Thread-193 2020-08-09 18:59:40.364 - Because of this brutality, which left millions dead, he is considered by many to have been a brutal ruler.
8005:123146123517952::Thread-193 2020-08-09 18:59:41.271 - Gianna Michaels (born 1983 in Seattle, Washington), is an  American pornographic actress.
8005:123146123517952::Thread-193 2020-08-09 18:59:41.35 - **END**
8003:123146123517952::Thread-193 2020-08-09 18:59:41.354 - There have been varying scientific and alternative theories about the Great Pyramid's construction techniques.
8006:123146123517952::Thread-193 2020-08-09 18:59:41.495 - The show ended in 2015 after one season.
8002:123146123517952::Thread-193 2020-08-09 18:59:41.682 - By the end of his life, the Mongol Empire occupied a substantial portion of Central Asia and China.
8006:123146123517952::Thread-193 2020-08-09 18:59:41.689 - Keen did not take on any new projects until 2 years later, when she co-starred with Hugh Jackman in the 2017 superhero film Logan as the mutant Laura, the child clone of Wolverine.
8004:123146123517952::Thread-193 2020-08-09 18:59:42.771 - **END**
8003:123146123517952::Thread-193 2020-08-09 18:59:43.039 - Most accepted construction hypotheses are based on the idea that it was built by moving huge stones from a quarry and dragging and lifting them into place.
8002:123146123517952::Thread-193 2020-08-09 18:59:43.461 - Due to his exceptional military successes, Genghis Khan is often considered to be the greatest conqueror of all time.Before Genghis Khan died he assigned Ögedei Khan as his successor.
8003:123146123517952::Thread-193 2020-08-09 18:59:43.76 - There are three known chambers inside the Great Pyramid.
8002:123146123517952::Thread-193 2020-08-09 18:59:43.99 - Later his grandsons split his empire into khanates.
8003:123146123517952::Thread-193 2020-08-09 18:59:44.345 - The lowest chamber is cut into the bedrock upon which the pyramid was built and was unfinished.
8003:123146123517952::Thread-193 2020-08-09 18:59:46.048 - The so-called Queen's Chamber and King's Chamber are higher up within the pyramid structure.
8002:123146123517952::Thread-193 2020-08-09 18:59:48.992 - **END**
8006:123146123517952::Thread-193 2020-08-09 18:59:50.691 - **END**
8003:123146123517952::Thread-193 2020-08-09 18:59:54.052 - **END**
8006:123146123517952::Thread-193 2020-08-09 18:59:54.697 - **START**
8006:123146123517952::Thread-193 2020-08-09 18:59:54.7 - Starting new HTTPS connection (1): en.wikipedia.org
8005:123146123517952::Thread-193 2020-08-09 18:59:55.583 - **START**
8005:123146123517952::Thread-193 2020-08-09 18:59:55.587 - Starting new HTTPS connection (1): en.wikipedia.org
8006:123146123517952::Thread-193 2020-08-09 18:59:55.994 - The Great Pyramid of Giza (also known as the Pyramid of Khufu or the Pyramid of Cheops) is the oldest and largest of the three pyramids in the Giza pyramid complex bordering present-day Giza in Greater Cairo, Egypt.
8005:123146123517952::Thread-193 2020-08-09 18:59:56.486 - Alexis Texas is an American pornographic actress, director, and featured dancer.
8006:123146123517952::Thread-193 2020-08-09 18:59:56.891 - It is the oldest of the Seven Wonders of the Ancient World, and the only one to remain largely intact.
8005:123146123517952::Thread-193 2020-08-09 18:59:56.896 - Early life
Prior to entering the adult film industry, Texas attended Texas State University studying respiratory care therapy.
8005:123146123517952::Thread-193 2020-08-09 18:59:56.939 - Career

Texas' first scene was with Jack Venice in Shane's World's College Amateur Tour In Texas, filmed in October 2006, followed by several scenes for Bang Bros in Florida.
8002:123146123517952::Thread-193 2020-08-09 18:59:56.998 - **START**
8002:123146123517952::Thread-193 2020-08-09 18:59:57.011 - Starting new HTTPS connection (1): en.wikipedia.org
8005:123146123517952::Thread-193 2020-08-09 18:59:57.503 - She then moved to Los Angeles and began shooting scenes for the LA Direct modeling agency in March 2007.
8006:123146123517952::Thread-193 2020-08-09 18:59:57.57 - Based on a mark in an interior chamber naming the work gang and a reference to the Fourth Dynasty Egyptian pharaoh Khufu, Egyptologists believe that the pyramid was built as a tomb over a 10- to 20-year period concluding around 2560 BC.
8006:123146123517952::Thread-193 2020-08-09 18:59:57.599 - Initially standing at 146.5 metres (481 feet), the Great Pyramid was the tallest man-made structure in the world for more than 3,800 years until Lincoln Cathedral was finished in 1311 AD.
8005:123146123517952::Thread-193 2020-08-09 18:59:58.104 - Released in February 2008, Discovering Alexis Texas was directed by the adult performer Belladonna.In 2012, Texas signed an exclusive, one-year contract with the company Adam & Eve.
8006:123146123517952::Thread-193 2020-08-09 18:59:58.584 - It is estimated that the pyramid weighs approximately 6 million tonnes, and consists of 2.3 million blocks of limestone and granite, some weighing as much as 80 tonnes.
8004:123146123517952::Thread-193 2020-08-09 18:59:58.773 - **START**
8006:123146123517952::Thread-193 2020-08-09 18:59:58.78 - Originally, the Great Pyramid was covered by limestone casing stones that formed a smooth outer surface; what is seen today is the underlying core structure.
8004:123146123517952::Thread-193 2020-08-09 18:59:58.788 - Starting new HTTPS connection (1): en.wikipedia.org
8005:123146123517952::Thread-193 2020-08-09 18:59:58.868 - In February 2014, it was announced that she had amicably separated from Adam & Eve.Texas currently has a show on Vivid Radio entitled Alexis Texas: Sex ED.
8006:123146123517952::Thread-193 2020-08-09 18:59:59.214 - Some of the casing stones that once covered the structure can still be seen around the base.
8005:123146123517952::Thread-193 2020-08-09 18:59:59.415 - In June 2015, Elegant Angel signed her to an exclusive directing contract.
8006:123146123517952::Thread-193 2020-08-09 18:59:59.561 - There have been varying scientific and alternative theories about the Great Pyramid's construction techniques.
8002:123146123517952::Thread-193 2020-08-09 18:59:59.59 - Zion Lateef Williamson (born July 6, 2000) is an American professional basketball player for the New Orleans Pelicans of the National Basketball Association (NBA).
8004:123146123517952::Thread-193 2020-08-09 18:59:59.633 - Tera Patrick (born Linda Ann Hopkins July 25, 1976) is an American former pornographic actress and model who is the Penthouse Pet of the Month for February 2000 and is an inductee for the NightMoves, AVN and XRCO Halls of Fame.
8005:123146123517952::Thread-193 2020-08-09 18:59:59.643 - Her directorial debut, Big Booty Tryouts, was released the following month.
8005:123146123517952::Thread-193 2020-08-09 19:00:00.167 - She appeared in all of the film's scenes, which were the first ones she shot after a nearly two-year hiatus from performing.
8002:123146123517952::Thread-193 2020-08-09 19:00:00.416 - He plays the power forward position.
8006:123146123517952::Thread-193 2020-08-09 19:00:00.459 - Most accepted construction hypotheses are based on the idea that it was built by moving huge stones from a quarry and dragging and lifting them into place.
8004:123146123517952::Thread-193 2020-08-09 19:00:00.535 - Early life
Tera Patrick was born Linda Ann Hopkins and was raised near San Francisco.
8004:123146123517952::Thread-193 2020-08-09 19:00:00.541 - Her mother is Thai and her father is of English, Irish and Dutch descent.
8004:123146123517952::Thread-193 2020-08-09 19:00:00.837 - When she was just ten, her mother left her and she grew up with her father David Hopkins, a carefree hippie.
8005:123146123517952::Thread-193 2020-08-09 19:00:00.935 - She also directed The Real Buttwoman Returns, which featured her first gangbang scene.Texas was featured on the cover of Genesis magazine in April 2009, and Hustler magazine's 35th anniversary edition in June 2009.
8006:123146123517952::Thread-193 2020-08-09 19:00:01.108 - There are three known chambers inside the Great Pyramid.
8006:123146123517952::Thread-193 2020-08-09 19:00:01.255 - The lowest chamber is cut into the bedrock upon which the pyramid was built and was unfinished.
8005:123146123517952::Thread-193 2020-08-09 19:00:01.334 - In 2010, she was named by Maxim as one of the 12 top female stars in porn.
8002:123146123517952::Thread-193 2020-08-09 19:00:01.579 - Following a dominant freshman-year stint with the Duke Blue Devils, he was selected by the Pelicans first overall in the 2019 NBA draft.
8006:123146123517952::Thread-193 2020-08-09 19:00:01.601 - The so-called Queen's Chamber and King's Chamber are higher up within the pyramid structure.
8006:123146123517952::Thread-193 2020-08-09 19:00:01.602 - **END**
8004:123146123517952::Thread-193 2020-08-09 19:00:01.732 - After taking weekend classes at the Barbizon School of Modeling for two years, she was hired by a Japanese modeling agency and moved to Tokyo at the age of fourteen.
8004:123146123517952::Thread-193 2020-08-09 19:00:01.835 - At one of her first photo shoots, she was sexually assaulted by the photographer, who "was feeding [her] champagne and Valium" until she "was getting wasted".
8003:123146123517952::Thread-193 2020-08-09 19:00:02.053 - **START**
8002:123146123517952::Thread-193 2020-08-09 19:00:02.086 - Born in Salisbury, North Carolina, Williamson attended Spartanburg Day School, where he was a consensus five-star recruit and was ranked among the top five players in the 2018 class.
8003:123146123517952::Thread-193 2020-08-09 19:00:02.169 - Starting new HTTPS connection (1): en.wikipedia.org
8004:123146123517952::Thread-193 2020-08-09 19:00:02.798 - She spent two years in Tokyo, where "she became addicted to Valium and alcohol and spent her paychecks on shopping sprees".
8002:123146123517952::Thread-193 2020-08-09 19:00:02.926 - He led his team to three straight state championships and earned South Carolina Mr. Basketball recognition in his senior season.
8005:123146123517952::Thread-193 2020-08-09 19:00:03.338 - **END**
8004:123146123517952::Thread-193 2020-08-09 19:00:03.683 - When her father learned she had become sexually active, he complained to her agency, pointing out she was underage.
8004:123146123517952::Thread-193 2020-08-09 19:00:03.72 - It sent her back to the United States, "sixteen years old and already a washed-up model".
8004:123146123517952::Thread-193 2020-08-09 19:00:04.025 - At eighteen, she obtained a GED, briefly studied nursing at Boise State University, then received EMT certification from a local vocational school.
8004:123146123517952::Thread-193 2020-08-09 19:00:04.032 - **END**
8002:123146123517952::Thread-193 2020-08-09 19:00:04.114 - Williamson also left high school as a McDonald's All-American, runner-up for Mr. Basketball USA, and USA Today All-USA first team honoree.
8003:123146123517952::Thread-193 2020-08-09 19:00:04.146 - Natalie Portman (born Neta-Lee Hershlag; June 9, 1981) is an actress and filmmaker with dual Israeli and American citizenship.
8003:123146123517952::Thread-193 2020-08-09 19:00:04.702 - Prolific in film since a teenager, she has starred in blockbusters and also played psychologically troubled women in independent films, for which she has received various accolades, including an Academy Award and two Golden Globe Awards.
8003:123146123517952::Thread-193 2020-08-09 19:00:05.468 - Portman began her acting career at age 12 by starring as the young protégée of a hitman in the action drama film Léon: The Professional (1994).
8002:123146123517952::Thread-193 2020-08-09 19:00:05.501 - In high school, he drew national attention for his slam dunks.
8003:123146123517952::Thread-193 2020-08-09 19:00:05.75 - While in high school, she made her Broadway theatre debut in a 1998 production of The Diary of a Young Girl and gained international recognition for starring as Padmé Amidala in Star Wars: Episode I – The Phantom Menace (1999).
8002:123146123517952::Thread-193 2020-08-09 19:00:05.882 - In his freshman and only season with Duke, Williamson was named ACC Player of the Year, ACC Athlete of the Year and ACC Rookie of the Year.
8003:123146123517952::Thread-193 2020-08-09 19:00:06.24 - From 1999 to 2003, Portman attended Harvard University for a bachelor's degree in psychology, while continuing to act in the Star Wars prequel trilogy (2002, 2005) and in The Public Theater's 2001 revival of Anton Chekhov's play The Seagull.
8003:123146123517952::Thread-193 2020-08-09 19:00:06.258 - In 2004, Portman was nominated for an Academy Award for Best Supporting Actress and won a Golden Globe Award for playing a mysterious stripper in the romantic drama Closer.
8003:123146123517952::Thread-193 2020-08-09 19:00:07.238 - Portman's career progressed with her starring roles as Evey Hammond in V for Vendetta (2006), Anne Boleyn in The Other Boleyn Girl (2008), and a troubled ballerina in the psychological horror film Black Swan (2010), for which she won the Academy Award for Best Actress.
8003:123146123517952::Thread-193 2020-08-09 19:00:08.202 - She went on to star in the romantic comedy No Strings Attached (2011) and featured as Jane Foster in the Marvel Cinematic Universe superhero films Thor (2011), and Thor: The Dark World (2013), which established her among the best-paid actresses in the world.
8003:123146123517952::Thread-193 2020-08-09 19:00:08.887 - She has since portrayed Jacqueline Kennedy in the biopic Jackie (2016), gaining her third Academy Award nomination, and a biologist in the science fiction film Annihilation (2018).
8003:123146123517952::Thread-193 2020-08-09 19:00:09.034 - Portman's directorial ventures include the short film Eve (2008) and the biographical drama A Tale of Love and Darkness (2015).
8003:123146123517952::Thread-193 2020-08-09 19:00:09.035 - **END**
8002:123146123517952::Thread-193 2020-08-09 19:00:13.883 - **END**