8005:123145862709248::Thread-131 2020-08-09 18:59:28.216 - **START**
8005:123145862709248::Thread-131 2020-08-09 18:59:28.36 - Starting new HTTPS connection (1): en.wikipedia.org
8005:123145862709248::Thread-131 2020-08-09 18:59:30.857 - The Burj Khalifa (Arabic: برج خليفة‎, Arabic pronunciation: [bʊrd͡ʒ xaˈliːfa]; pronounced English: ), known as the Burj Dubai prior to its inauguration in 2010, is a skyscraper in Dubai, United Arab Emirates.
8005:123145862709248::Thread-131 2020-08-09 18:59:32.779 - With a total height of 829.8 m (2,722 ft, just over half a mile) and a roof height (excluding antenna, but including a 244 m spire) of 828 m (2,717 ft), the Burj Khalifa has been the tallest structure and building in the world since its topping out in 2009 (preceded by Taipei 101).Construction of the Burj Khalifa began in 2004, with the exterior completed five years later in 2009.
8005:123145862709248::Thread-131 2020-08-09 18:59:34.967 - The primary structure is reinforced concrete.
8006:123145862709248::Thread-131 2020-08-09 18:59:35.263 - **START**
8004:123145862709248::Thread-131 2020-08-09 18:59:36.228 - **START**
8006:123145862709248::Thread-131 2020-08-09 18:59:36.748 - Starting new HTTPS connection (1): en.wikipedia.org
8005:123145862709248::Thread-131 2020-08-09 18:59:36.998 - The building was opened in 2010 as part of a new development called Downtown Dubai.
8004:123145862709248::Thread-131 2020-08-09 18:59:39.434 - Starting new HTTPS connection (1): en.wikipedia.org
8006:123145862709248::Thread-131 2020-08-09 18:59:39.582 - The Los Angeles Lakers are an American professional basketball team based in Los Angeles.
8005:123145862709248::Thread-131 2020-08-09 18:59:39.798 - It is designed to be the centrepiece of large-scale, mixed-use development.
8003:123145862709248::Thread-131 2020-08-09 18:59:40.275 - **START**
8002:123145862709248::Thread-131 2020-08-09 18:59:40.348 - **START**
8005:123145862709248::Thread-131 2020-08-09 18:59:40.479 - The decision to construct the building is based on the government's decision to diversify from an oil-based economy, and for Dubai to gain international recognition.
8006:123145862709248::Thread-131 2020-08-09 18:59:40.483 - The Lakers compete in the National Basketball Association (NBA) as a member of the league's Western Conference Pacific Division.
8006:123145862709248::Thread-131 2020-08-09 18:59:40.5 - The Lakers play their home games at Staples Center, an arena shared with the NBA's Los Angeles Clippers, the Los Angeles Sparks of the Women's National Basketball Association, and the Los Angeles Kings of the National Hockey League.
8003:123145862709248::Thread-131 2020-08-09 18:59:40.889 - Starting new HTTPS connection (1): en.wikipedia.org
8006:123145862709248::Thread-131 2020-08-09 18:59:41.053 - The Lakers are one of the most successful teams in the history of the NBA, and have won 16 NBA championships, the second-most behind the Boston Celtics.
8002:123145862709248::Thread-131 2020-08-09 18:59:42.66 - Starting new HTTPS connection (1): en.wikipedia.org
8006:123145862709248::Thread-131 2020-08-09 18:59:42.971 - The franchise began with the 1947 purchase of a disbanded team, the Detroit Gems of the National Basketball League (NBL).
8005:123145862709248::Thread-131 2020-08-09 18:59:43.121 - The building was originally named Burj Dubai but was renamed in honour of the ruler of Abu Dhabi and president of the United Arab Emirates, Khalifa bin Zayed Al Nahyan; Abu Dhabi and the UAE government lent Dubai money to pay its debts.
8006:123145862709248::Thread-131 2020-08-09 18:59:44.071 - The new team began playing in Minneapolis, calling themselves the Minneapolis Lakers.
8004:123145862709248::Thread-131 2020-08-09 18:59:44.271 - The Illuminati (plural of Latin illuminatus, 'enlightened') is a name given to several groups, both real and fictitious.
8003:123145862709248::Thread-131 2020-08-09 18:59:44.337 - The Eiffel Tower ( EYE-fəl; French: tour Eiffel [tuʁ‿ɛfɛl] (listen)) is a wrought-iron lattice tower on the Champ de Mars in Paris, France.
8002:123145862709248::Thread-131 2020-08-09 18:59:44.726 - The France national football team (French: Équipe de France de football) represents France in men's international football and is controlled by the French Football Federation, also known as FFF, or in French: Fédération française de football.
8005:123145862709248::Thread-131 2020-08-09 18:59:44.878 - The building broke numerous height records, including its designation as the tallest building in the world.
8004:123145862709248::Thread-131 2020-08-09 18:59:44.931 - Historically, the name usually refers to the Bavarian Illuminati, an Enlightenment-era secret society founded on 1 May 1776 in Bavaria, today part of Germany.
8003:123145862709248::Thread-131 2020-08-09 18:59:45.192 - It is named after the engineer Gustave Eiffel, whose company designed and built the tower.
8006:123145862709248::Thread-131 2020-08-09 18:59:45.865 - Initially a member of the NBL, the Lakers won the 1948 NBL championship before joining the rival Basketball Association of America, where they would win five of the next six championships, led by star George Mikan.
8003:123145862709248::Thread-131 2020-08-09 18:59:45.873 - Constructed from 1887 to 1889 as the entrance to the 1889 World's Fair, it was initially criticised by some of France's leading artists and intellectuals for its design, but it has become a global cultural icon of France and one of the most recognisable structures in the world.
8002:123145862709248::Thread-131 2020-08-09 18:59:46.007 - The team's colours are blue, white and red, and the coq gaulois its symbol.
8006:123145862709248::Thread-131 2020-08-09 18:59:46.342 - After struggling financially in the late 1950s following Mikan's retirement, they relocated to Los Angeles before the 1960–61 season.
8006:123145862709248::Thread-131 2020-08-09 18:59:47.397 - Led by Hall of Famers Elgin Baylor and Jerry West, Los Angeles made the NBA Finals six times in the 1960s, but lost each series to the Celtics, beginning their long and storied rivalry.
8005:123145862709248::Thread-131 2020-08-09 18:59:47.576 - Burj Khalifa was designed by Adrian Smith, of Skidmore, Owings & Merrill, whose firm designed the Willis Tower and One World Trade Center.
8004:123145862709248::Thread-131 2020-08-09 18:59:47.689 - The society's goals were to oppose superstition, obscurantism, religious influence over public life, and abuses of state power.
8002:123145862709248::Thread-131 2020-08-09 18:59:47.986 - France are colloquially known as Les Bleus (The Blues).
8004:123145862709248::Thread-131 2020-08-09 18:59:47.998 - "The order of the day," they wrote in their general statutes, "is to put an end to the machinations of the purveyors of injustice, to control them without dominating them."
8003:123145862709248::Thread-131 2020-08-09 18:59:48.604 - The Eiffel Tower is the most-visited paid monument in the world; 6.91 million people ascended it in 2015.
8005:123145862709248::Thread-131 2020-08-09 18:59:48.772 - Hyder Consulting was chosen to be the supervising engineer with NORR Group Consultants International Limited chosen to supervise the architecture of the project.
8002:123145862709248::Thread-131 2020-08-09 18:59:49.31 - They are the reigning world champions, having won the most recent World Cup final in 2018.
8006:123145862709248::Thread-131 2020-08-09 18:59:49.399 - In 1968, the Lakers acquired four-time NBA Most Valuable Player (MVP) Wilt Chamberlain, and won their sixth NBA title—and first in Los Angeles—in 1972, led by new head coach Bill Sharman.
8003:123145862709248::Thread-131 2020-08-09 18:59:49.727 - The tower is 324 metres (1,063 ft) tall, about the same height as an 81-storey building, and the tallest structure in Paris.
8002:123145862709248::Thread-131 2020-08-09 18:59:50.262 - France plays their home matches at the Stade de France in Saint-Denis, Île-de-France, and their manager is Didier Deschamps.
8004:123145862709248::Thread-131 2020-08-09 18:59:50.681 - The Illuminati—along with Freemasonry and other secret societies—were outlawed through edict by Charles Theodore, Elector of Bavaria with the encouragement of the Catholic Church, in 1784, 1785, 1787, and 1790.
8004:123145862709248::Thread-131 2020-08-09 18:59:51.76 - In the following several years, the group was vilified by conservative and religious critics who claimed that they continued underground and were responsible for the French Revolution.
8003:123145862709248::Thread-131 2020-08-09 18:59:51.911 - Its base is square, measuring 125 metres (410 ft) on each side.
8002:123145862709248::Thread-131 2020-08-09 18:59:51.932 - They have won two FIFA World Cups, two UEFA European Championships, two FIFA Confederations Cups and one Olympic tournament.
8004:123145862709248::Thread-131 2020-08-09 18:59:53.15 - Many influential intellectuals and progressive politicians counted themselves as members, including Ferdinand of Brunswick and the diplomat Franz Xaver von Zwackh, who was the Order's second-in-command.
8002:123145862709248::Thread-131 2020-08-09 18:59:53.222 - France experienced much of its success in four major eras: in the 1950s, 1980s, late 1990s/early 2000s, and mid/late 2010s, respectively, which resulted in numerous major honours.
8002:123145862709248::Thread-131 2020-08-09 18:59:53.406 - France was one of the four European teams that participated in the inaugural World Cup in 1930 and, although having been eliminated in the qualification stage six times, is one of only three teams that have entered every World Cup qualifying cycle.In 1958, the team, led by Raymond Kopa and Just Fontaine, finished in third place at the FIFA World Cup.
8004:123145862709248::Thread-131 2020-08-09 18:59:53.825 - It attracted literary men such as Johann Wolfgang von Goethe and Johann Gottfried Herder and the reigning Duke of Gotha and of Weimar.In subsequent use, "Illuminati" has referred to various organisations which have claimed or have been claimed to be connected to the original Bavarian Illuminati or similar secret societies, though these links have been unsubstantiated.
8002:123145862709248::Thread-131 2020-08-09 18:59:54.204 - In 1984, France, led by Ballon d'Or winner Michel Platini, won UEFA Euro 1984 and Football at the 1984 Summer Olympics.
8006:123145862709248::Thread-131 2020-08-09 18:59:54.403 - **END**
8003:123145862709248::Thread-131 2020-08-09 18:59:54.818 - During its construction, the Eiffel Tower surpassed the Washington Monument to become the tallest man-made structure in the world, a title it held for 41 years until the Chrysler Building in New York City was finished in 1930.
8004:123145862709248::Thread-131 2020-08-09 18:59:55.267 - These organisations have often been alleged to conspire to control world affairs, by masterminding events and planting agents in government and corporations, in order to gain political power and influence and to establish a New World Order.
8002:123145862709248::Thread-131 2020-08-09 18:59:55.664 - However, France only began to reach its prime from the 1990s onward, with the establishment of INF Clairefontaine.
8003:123145862709248::Thread-131 2020-08-09 18:59:56.493 - It was the first structure to reach a height of 300 metres.
8003:123145862709248::Thread-131 2020-08-09 18:59:57.178 - Due to the addition of a broadcasting aerial at the top of the tower in 1957, it is now taller than the Chrysler Building by 5.2 metres (17 ft).
8002:123145862709248::Thread-131 2020-08-09 18:59:57.667 - **END**
8005:123145862709248::Thread-131 2020-08-09 18:59:57.774 - **END**
8004:123145862709248::Thread-131 2020-08-09 18:59:58.193 - Central to some of the more widely known and elaborate conspiracy theories, the Illuminati have been depicted as lurking in the shadows and pulling the strings and levers of power in dozens of novels, films, television shows, comics, video games, and music videos.
8004:123145862709248::Thread-131 2020-08-09 18:59:59.041 - History


Origins

Adam Weishaupt (1748–1830) became professor of Canon Law and practical philosophy at the University of Ingolstadt in 1773.
8003:123145862709248::Thread-131 2020-08-09 18:59:59.97 - Excluding transmitters, the Eiffel Tower is the second tallest free-standing structure in France after the Millau Viaduct.
8004:123145862709248::Thread-131 2020-08-09 19:00:00.048 - **END**
8002:123145862709248::Thread-131 2020-08-09 19:00:01.674 - **START**
8002:123145862709248::Thread-131 2020-08-09 19:00:01.683 - Starting new HTTPS connection (1): en.wikipedia.org
8005:123145862709248::Thread-131 2020-08-09 19:00:02.781 - **START**
8005:123145862709248::Thread-131 2020-08-09 19:00:02.999 - Starting new HTTPS connection (1): en.wikipedia.org
8002:123145862709248::Thread-131 2020-08-09 19:00:04.174 - The Erie Canal is a canal in New York, United States that is part of the east–west, cross-state route of the New York State Canal System (formerly known as the New York State Barge Canal).
8005:123145862709248::Thread-131 2020-08-09 19:00:06.448 - Boston (US: , UK: ) is the capital and most populous city of the Commonwealth of Massachusetts in the United States, and the 21st most populous city in the United States.
8002:123145862709248::Thread-131 2020-08-09 19:00:06.714 - Originally, it ran 363 miles (584 km) from the Hudson River in Albany to Lake Erie in Buffalo.
8002:123145862709248::Thread-131 2020-08-09 19:00:06.743 - It was built to create a navigable water route from New York City and the Atlantic Ocean to the Great Lakes.
8003:123145862709248::Thread-131 2020-08-09 19:00:06.972 - **END**
8005:123145862709248::Thread-131 2020-08-09 19:00:08.238 - The city proper covers 49 square miles (127 km2) with an estimated population of 692,600 in 2019, also making it the most populous city in New England, and is the seat of Suffolk County (although the county government was disbanded on July 1, 1999).
8002:123145862709248::Thread-131 2020-08-09 19:00:09.478 - When completed in 1825, it was the second longest canal in the world (after the Grand Canal in China) and greatly enhanced the development and economy of New York, New York City, and the United States.The canal was first proposed in the 1780s, then re-proposed in 1807.
8002:123145862709248::Thread-131 2020-08-09 19:00:09.687 - A survey was authorized, funded, and executed in 1808.
8005:123145862709248::Thread-131 2020-08-09 19:00:11.058 - The city is the economic and cultural anchor of a substantially larger metropolitan area known as Greater Boston, a metropolitan statistical area (MSA) home to a census-estimated 4.8 million people in 2016 and ranking as the tenth-largest such area in the country.
8006:123145862709248::Thread-131 2020-08-09 19:00:11.407 - **START**
8006:123145862709248::Thread-131 2020-08-09 19:00:11.413 - Starting new HTTPS connection (1): en.wikipedia.org
8002:123145862709248::Thread-131 2020-08-09 19:00:11.854 - Proponents of the project gradually wore down opponents; its construction began in 1817.
8002:123145862709248::Thread-131 2020-08-09 19:00:12.184 - The canal has 34 numbered locks starting with Black Rock Lock and ending downstream with the Troy Federal Lock.
8006:123145862709248::Thread-131 2020-08-09 19:00:13.649 - Alfred the Great (848/849 – 26 October 899) was King of Wessex from 871 to c.  886 and King of the Anglo-Saxons from c.  886 to 899.
8006:123145862709248::Thread-131 2020-08-09 19:00:13.682 - He was the youngest son of King Æthelwulf of Wessex.
8002:123145862709248::Thread-131 2020-08-09 19:00:13.882 - Both are owned by the federal government.
8005:123145862709248::Thread-131 2020-08-09 19:00:13.933 - As a combined statistical area (CSA), this wider commuting region is home to some 8.2 million people, making it the sixth most populous in the United States.Boston is one of the oldest municipalities in the United States, founded on the Shawmut Peninsula in 1630 by Puritan settlers from the English town of the same name.
8004:123145862709248::Thread-131 2020-08-09 19:00:15.058 - **START**
8004:123145862709248::Thread-131 2020-08-09 19:00:15.063 - Starting new HTTPS connection (1): en.wikipedia.org
8006:123145862709248::Thread-131 2020-08-09 19:00:15.201 - His father died when he was young, and three of Alfred's brothers, Æthelbald, Æthelberht and Æthelred, reigned in turn before him.
8005:123145862709248::Thread-131 2020-08-09 19:00:15.977 - It was the scene of several key events of the American Revolution, such as the Boston Massacre, the Boston Tea Party, the Battle of Bunker Hill, and the Siege of Boston.
8002:123145862709248::Thread-131 2020-08-09 19:00:16.039 - It has an elevation difference of about 565 feet (172 m).
8006:123145862709248::Thread-131 2020-08-09 19:00:17.058 - After ascending the throne, Alfred spent several years fighting Viking invasions.
8002:123145862709248::Thread-131 2020-08-09 19:00:17.219 - It opened on October 26, 1825.In a time when bulk goods were limited to pack animals (a 250-pound (113 kg) maximum), and there were no railways, water was the most cost-effective way to ship bulk goods.
8005:123145862709248::Thread-131 2020-08-09 19:00:17.315 - Upon gaining U.S. independence from Great Britain, it continued to be an important port and manufacturing hub as well as a center for education and culture.
8004:123145862709248::Thread-131 2020-08-09 19:00:17.381 - Zion Lateef Williamson (born July 6, 2000) is an American professional basketball player for the New Orleans Pelicans of the National Basketball Association (NBA).
8004:123145862709248::Thread-131 2020-08-09 19:00:17.91 - He plays the power forward position.
8005:123145862709248::Thread-131 2020-08-09 19:00:17.924 - The city has expanded beyond the original peninsula through land reclamation and municipal annexation.
8006:123145862709248::Thread-131 2020-08-09 19:00:18.683 - He won a decisive victory in the Battle of Edington in 878 and made an agreement with the Vikings, creating what was known as the Danelaw in the North of England.
8004:123145862709248::Thread-131 2020-08-09 19:00:19.0 - Following a dominant freshman-year stint with the Duke Blue Devils, he was selected by the Pelicans first overall in the 2019 NBA draft.
8006:123145862709248::Thread-131 2020-08-09 19:00:19.061 - Alfred also oversaw the conversion of Viking leader Guthrum to Christianity.
8005:123145862709248::Thread-131 2020-08-09 19:00:19.225 - Its rich history attracts many tourists, with Faneuil Hall alone drawing more than 20 million visitors per year.
8004:123145862709248::Thread-131 2020-08-09 19:00:19.478 - Born in Salisbury, North Carolina, Williamson attended Spartanburg Day School, where he was a consensus five-star recruit and was ranked among the top five players in the 2018 class.
8004:123145862709248::Thread-131 2020-08-09 19:00:19.729 - He led his team to three straight state championships and earned South Carolina Mr. Basketball recognition in his senior season.
8006:123145862709248::Thread-131 2020-08-09 19:00:19.746 - He defended his kingdom against the Viking attempt at conquest, becoming the dominant ruler in England.
8006:123145862709248::Thread-131 2020-08-09 19:00:20.274 - Details of his life are described in a work by 9th-century Welsh scholar and bishop Asser.
8002:123145862709248::Thread-131 2020-08-09 19:00:21.224 - **END**
8005:123145862709248::Thread-131 2020-08-09 19:00:21.282 - Boston's many firsts include the United States' first public park (Boston Common, 1634), first public or state school (Boston Latin School, 1635) and first subway system (Tremont Street subway, 1897).Today, Boston is a thriving center of scientific research.
8006:123145862709248::Thread-131 2020-08-09 19:00:21.767 - Alfred had a reputation as a learned and merciful man of a gracious and level-headed nature who encouraged education, proposing that primary education be conducted in Anglo-Saxon rather than Latin and improving the legal system and military structure and his people's quality of life.
8004:123145862709248::Thread-131 2020-08-09 19:00:22.651 - Williamson also left high school as a McDonald's All-American, runner-up for Mr. Basketball USA, and USA Today All-USA first team honoree.
8006:123145862709248::Thread-131 2020-08-09 19:00:23.041 - He was given the epithet "the Great" during and after the Reformation in the sixteenth century, and together with Danish Cnut the Great, is the only king of England to be given such a name.
8005:123145862709248::Thread-131 2020-08-09 19:00:23.146 - The Boston area's many colleges and universities make it a world leader in higher education, including law, medicine, engineering, and business, and the city is considered to be a global pioneer in innovation and entrepreneurship, with nearly 5,000 startups.
8004:123145862709248::Thread-131 2020-08-09 19:00:25.178 - In high school, he drew national attention for his slam dunks.
8004:123145862709248::Thread-131 2020-08-09 19:00:27.775 - In his freshman and only season with Duke, Williamson was named ACC Player of the Year, ACC Athlete of the Year and ACC Rookie of the Year.
8006:123145862709248::Thread-131 2020-08-09 19:00:29.047 - **END**
8005:123145862709248::Thread-131 2020-08-09 19:00:29.149 - **END**
8004:123145862709248::Thread-131 2020-08-09 19:00:31.781 - **END**