8002:123145875329024::Thread-134 2020-08-09 18:59:29.349 - **START**
8002:123145875329024::Thread-134 2020-08-09 18:59:29.864 - Starting new HTTPS connection (1): en.wikipedia.org
8002:123145875329024::Thread-134 2020-08-09 18:59:31.336 - Dwayne Douglas Johnson (born May 2, 1972), also known by his ring name The Rock, is an American-Canadian actor, producer, businessman, retired professional wrestler, and former American football player.
8002:123145875329024::Thread-134 2020-08-09 18:59:31.73 - He wrestled for the World Wrestling Federation (WWF, now WWE) for eight years prior to pursuing an acting career.
8002:123145875329024::Thread-134 2020-08-09 18:59:31.841 - His films have grossed over $3.5 billion in North America and over $10.5 billion worldwide, making him one of the highest-grossing actors of all time.Johnson was a college football player for the University of Miami, with whom he won a national championship in 1991.
8002:123145875329024::Thread-134 2020-08-09 18:59:32.083 - He initially aspired for a professional career in football and entered the 1995 NFL Draft, but went undrafted.
8002:123145875329024::Thread-134 2020-08-09 18:59:32.32 - As a result, he signed with the Calgary Stampeders of the Canadian Football League (CFL), but was cut from the team in the middle of his first season.
8004:123145875329024::Thread-134 2020-08-09 18:59:33.214 - **START**
8003:123145875329024::Thread-134 2020-08-09 18:59:33.271 - **START**
8002:123145875329024::Thread-134 2020-08-09 18:59:33.334 - Shortly after, he began training as a professional wrestler.In 1996, Johnson secured a contract with the WWF and was promoted as the first third-generation wrestler in the company's history, as he is the son of Rocky Johnson and grandson of Peter Maivia.
8002:123145875329024::Thread-134 2020-08-09 18:59:33.829 - He rose to prominence after developing a charismatic persona of a boastful, trash-talking wrestler named The Rock.
8003:123145875329024::Thread-134 2020-08-09 18:59:34.108 - Starting new HTTPS connection (1): en.wikipedia.org
8004:123145875329024::Thread-134 2020-08-09 18:59:34.12 - Starting new HTTPS connection (1): en.wikipedia.org
8002:123145875329024::Thread-134 2020-08-09 18:59:34.559 - He subsequently won his first WWF Championship in 1998 and helped usher the WWF into the "Attitude Era", a boom period in the company's business in the late 1990s and early 2000s which still holds professional wrestling records for television ratings.
8002:123145875329024::Thread-134 2020-08-09 18:59:35.122 - In 2004, he left the WWE to pursue an acting career.
8005:123145875329024::Thread-134 2020-08-09 18:59:35.228 - **START**
8002:123145875329024::Thread-134 2020-08-09 18:59:35.876 - He returned in 2011 as a part-time performer until 2013, and made sporadic appearances from then until fully retiring in 2019.Considered one of the greatest professional wrestlers and biggest wrestling draws of all time, Johnson headlined the most-bought professional wrestling pay-per-view event ever (WrestleMania XXVIII) and was featured among the most watched episodes of WWE's two flagship television shows (Raw and SmackDown).
8003:123145875329024::Thread-134 2020-08-09 18:59:36.663 - Neuschwanstein Castle (German: Schloss Neuschwanstein, pronounced [ˈʃlɔs nɔʏˈʃvaːnʃtaɪn], Southern Bavarian: Schloss Neischwanstoa) is a 19th-century Romanesque Revival palace on a rugged hill above the village of Hohenschwangau near Füssen in southwest Bavaria, Germany.
8006:123145875329024::Thread-134 2020-08-09 18:59:37.267 - **START**
8006:123145875329024::Thread-134 2020-08-09 18:59:37.506 - Starting new HTTPS connection (1): en.wikipedia.org
8003:123145875329024::Thread-134 2020-08-09 18:59:37.623 - The palace was commissioned by King Ludwig II of Bavaria as a retreat and in honour of Richard Wagner.
8005:123145875329024::Thread-134 2020-08-09 18:59:38.06 - Starting new HTTPS connection (1): en.wikipedia.org
8003:123145875329024::Thread-134 2020-08-09 18:59:38.917 - Ludwig paid for the palace out of his personal fortune and by means of extensive borrowing, rather than Bavarian public funds.
8004:123145875329024::Thread-134 2020-08-09 18:59:39.152 - Turkey (Turkish: Türkiye [ˈtyɾcije]), officially the Republic of Turkey (Turkish: Türkiye Cumhuriyeti [ˈtyɾcije dʒumˈhuːɾijeti] (listen)), is a transcontinental country located mainly on the Anatolian peninsula in Western Asia, with a smaller portion on the Balkan peninsula in Southeastern Europe.
8004:123145875329024::Thread-134 2020-08-09 18:59:39.74 - East Thrace, the part of Turkey in Europe, is separated from Anatolia by the Sea of Marmara, the Bosporus and the Dardanelles (collectively called the Turkish Straits).
8003:123145875329024::Thread-134 2020-08-09 18:59:40.349 - The castle was intended as a home for the King, until he died in 1886.
8006:123145875329024::Thread-134 2020-08-09 18:59:40.432 - Onika Tanya Maraj-Petty (born December 8, 1982), known professionally as Nicki Minaj (), is a Trinidadian-American singer, songwriter, actress, and model.
8006:123145875329024::Thread-134 2020-08-09 18:59:40.674 - Born in the Saint James district of Port of Spain and raised in the Queens borough of New York City, she gained public recognition after releasing the mixtapes Playtime Is Over (2007), Sucka Free (2008), and Beam Me Up Scotty (2009).
8006:123145875329024::Thread-134 2020-08-09 18:59:40.868 - Early in her career, Minaj was known for her colorful costumes and wigs.
8004:123145875329024::Thread-134 2020-08-09 18:59:41.183 - Istanbul, which straddles Europe and Asia, is the largest city in the country, while Ankara is the capital.
8003:123145875329024::Thread-134 2020-08-09 18:59:41.704 - It was open to the public shortly after his death.
8006:123145875329024::Thread-134 2020-08-09 18:59:41.752 - Her rapping is distinctive for its fast flow and the use of alter egos and accents, primarily British cockney.
8006:123145875329024::Thread-134 2020-08-09 18:59:41.814 - After signing with Young Money Entertainment in 2009, Minaj released her first studio album, Pink Friday (2010), which peaked at number one on the US Billboard 200 chart and was certified triple platinum by the Recording Industry Association of America (RIAA).
8006:123145875329024::Thread-134 2020-08-09 18:59:41.826 - Her second album, Pink Friday: Roman Reloaded, was released in 2012 and debuted atop the charts in several countries.
8003:123145875329024::Thread-134 2020-08-09 18:59:41.895 - Since then more than 61 million people have visited Neuschwanstein Castle.
8004:123145875329024::Thread-134 2020-08-09 18:59:42.636 - Turkey is bordered on its northwest by Greece and Bulgaria; north by the Black Sea; northeast by Georgia; east by Armenia, the Azerbaijani exclave of Nakhchivan and Iran; southeast by Iraq; south by Syria and the Mediterranean Sea; and west by the Aegean Sea.
8006:123145875329024::Thread-134 2020-08-09 18:59:42.673 - Minaj made her film debut in the 2012 animated film Ice Age: Continental Drift.
8002:123145875329024::Thread-134 2020-08-09 18:59:42.882 - **END**
8006:123145875329024::Thread-134 2020-08-09 18:59:43.099 - In 2013, she was a judge on the twelfth season of American Idol.
8006:123145875329024::Thread-134 2020-08-09 18:59:43.63 - Minaj's third studio album, The Pinkprint, was released in 2014.
8006:123145875329024::Thread-134 2020-08-09 18:59:43.856 - She subsequently played supporting roles in the films The Other Woman (2014) and Barbershop: The Next Cut (2016).
8003:123145875329024::Thread-134 2020-08-09 18:59:44.12 - More than 1.3 million people visit annually, with as many as 6,000 per day in the summer.
8005:123145875329024::Thread-134 2020-08-09 18:59:44.532 - Alexander III of Macedon (Greek: Αλέξανδρος Γʹ ὁ Μακεδών, Aléxandros III ho Makedȏn; 20/21 July 356 BC – 10/11 June 323 BC), commonly known as Alexander the Great (Greek: Ἀλέξανδρος ὁ Μέγας, Aléxandros ho Mégas), was a king (basileus) of the ancient Greek kingdom of Macedon and a member of the Argead dynasty.
8004:123145875329024::Thread-134 2020-08-09 18:59:44.611 - Approximately 70 to 80 percent of the country's citizens identify as Turkish, while Kurds are the largest minority, at between 15 to 20 percent of the population.At various points in its history, the region has been inhabited by diverse civilisations including the Anatolian peoples, Assyrians, Greeks, Thracians, Phrygians, Urartians, and Armenians.
8004:123145875329024::Thread-134 2020-08-09 18:59:45.743 - Hellenization started during the era of Alexander the Great and continued into the Byzantine era.
8005:123145875329024::Thread-134 2020-08-09 18:59:45.831 - He was born in Pella in 356 BC and succeeded his father Philip II to the throne at the age of 20.
8003:123145875329024::Thread-134 2020-08-09 18:59:46.11 - Location

The municipality of Schwangau lies at an elevation of 800 m (2,620 ft) at the southwest border of the German state of Bavaria.
8005:123145875329024::Thread-134 2020-08-09 18:59:47.498 - He spent most of his ruling years on an unprecedented military campaign through western Asia and northeast Africa, and by the age of thirty, he had created one of the largest empires of the ancient world, stretching from Greece to northwestern India.
8003:123145875329024::Thread-134 2020-08-09 18:59:48.637 - Its surroundings are characterised by the transition between the Alpine foothills in the south (toward the nearby Austrian border) and a hilly landscape in the north that appears flat by comparison.
8004:123145875329024::Thread-134 2020-08-09 18:59:48.653 - The Seljuk Turks began migrating into the area in the 11th century, and their victory over the Byzantines at the Battle of Manzikert in 1071 symbolises the foundation of Turkey for many Turkish nationalists.
8002:123145875329024::Thread-134 2020-08-09 18:59:49.896 - **START**
8002:123145875329024::Thread-134 2020-08-09 18:59:49.935 - Starting new HTTPS connection (1): en.wikipedia.org
8005:123145875329024::Thread-134 2020-08-09 18:59:50.348 - He was undefeated in battle and is widely considered one of history's most successful military commanders.During his youth, Alexander was tutored by Aristotle until age 16.
8003:123145875329024::Thread-134 2020-08-09 18:59:50.499 - In the Middle Ages, three castles overlooked the villages.
8004:123145875329024::Thread-134 2020-08-09 18:59:50.727 - The Seljuk Sultanate of Rûm ruled Anatolia until the Mongol invasion in 1243, when it disintegrated into small Turkish principalities called beyliks.
8004:123145875329024::Thread-134 2020-08-09 18:59:50.791 - Beginning in the late 13th century, the Ottomans started uniting the beyliks and conquering the Balkans.
8006:123145875329024::Thread-134 2020-08-09 18:59:50.86 - **END**
8004:123145875329024::Thread-134 2020-08-09 18:59:51.071 - The Turkification of Anatolia increased during the Ottoman period.
8002:123145875329024::Thread-134 2020-08-09 18:59:51.599 - Spartacus (Greek: Σπάρτακος Spártakos; Latin: Spartacus; c. 111–71 BC) was a Thracian gladiator who, along with Crixus, Gannicus, Castus, and Oenomaus, was one of the escaped slave leaders in the Third Servile War, a major slave uprising against the Roman Republic.
8002:123145875329024::Thread-134 2020-08-09 18:59:51.739 - Little is known about him beyond the events of the war, and surviving historical accounts are sometimes contradictory.
8005:123145875329024::Thread-134 2020-08-09 18:59:52.516 - After Philip's assassination in 336 BC, he succeeded his father to the throne and inherited a strong kingdom and an experienced army.
8002:123145875329024::Thread-134 2020-08-09 18:59:52.998 - However, all sources agree that he was a former gladiator and an accomplished military leader.
8004:123145875329024::Thread-134 2020-08-09 18:59:53.075 - **END**
8005:123145875329024::Thread-134 2020-08-09 18:59:53.573 - Alexander was awarded the generalship of Greece and used this authority to launch his father's pan-Hellenic project to lead the Greeks in the conquest of Persia.
8002:123145875329024::Thread-134 2020-08-09 18:59:53.722 - This rebellion, interpreted by some as an example of oppressed people fighting for their freedom against a slave-owning oligarchy, has provided inspiration for many political thinkers, and has been featured in literature, television, and film.
8003:123145875329024::Thread-134 2020-08-09 18:59:54.503 - **END**
8002:123145875329024::Thread-134 2020-08-09 18:59:54.974 - Although this interpretation is not specifically contradicted by classical historians, no historical account mentions that the goal was to end slavery in the Republic.
8005:123145875329024::Thread-134 2020-08-09 18:59:55.909 - In 334 BC, he invaded the Achaemenid Empire (Persian Empire) and began a series of campaigns that lasted 10 years.
8002:123145875329024::Thread-134 2020-08-09 18:59:56.238 - Early life

The Greek essayist Plutarch describes Spartacus as "a Thracian of Nomadic stock", in a possible reference to the Maedi tribe.
8002:123145875329024::Thread-134 2020-08-09 18:59:57.043 - Appian says he was "a Thracian by birth, who had once served as a soldier with the Romans, but had since been a prisoner and sold for a gladiator".Florus described him as one "who, from a Thracian mercenary, had become a Roman soldier, that had deserted and became enslaved, and afterward, from consideration of his strength, a gladiator".
8005:123145875329024::Thread-134 2020-08-09 18:59:57.786 - Following the conquest of Anatolia, Alexander broke the power of Persia in a series of decisive battles, most notably the battles of Issus and Gaugamela.
8004:123145875329024::Thread-134 2020-08-09 18:59:58.077 - **START**
8004:123145875329024::Thread-134 2020-08-09 18:59:58.151 - Starting new HTTPS connection (1): en.wikipedia.org
8003:123145875329024::Thread-134 2020-08-09 18:59:58.509 - **START**
8002:123145875329024::Thread-134 2020-08-09 18:59:58.582 - The authors refer to the Thracian tribe of the Maedi, which occupied the area on the southwestern fringes of Thrace, along its border with the Roman province of Macedonia – present day south-western Bulgaria.
8003:123145875329024::Thread-134 2020-08-09 18:59:58.634 - Starting new HTTPS connection (1): en.wikipedia.org
8005:123145875329024::Thread-134 2020-08-09 18:59:59.093 - He subsequently overthrew Persian King Darius III and conquered the Achaemenid Empire in its entirety.
8004:123145875329024::Thread-134 2020-08-09 18:59:59.523 - Boston (US: , UK: ) is the capital and most populous city of the Commonwealth of Massachusetts in the United States, and the 21st most populous city in the United States.
8004:123145875329024::Thread-134 2020-08-09 18:59:59.526 - The city proper covers 49 square miles (127 km2) with an estimated population of 692,600 in 2019, also making it the most populous city in New England, and is the seat of Suffolk County (although the county government was disbanded on July 1, 1999).
8005:123145875329024::Thread-134 2020-08-09 18:59:59.626 - At that point, his empire stretched from the Adriatic Sea to the Beas River.
8004:123145875329024::Thread-134 2020-08-09 18:59:59.751 - The city is the economic and cultural anchor of a substantially larger metropolitan area known as Greater Boston, a metropolitan statistical area (MSA) home to a census-estimated 4.8 million people in 2016 and ranking as the tenth-largest such area in the country.
8003:123145875329024::Thread-134 2020-08-09 18:59:59.866 - Zaira Wasim (born 23 October 2000) is a former Indian actress who worked in Hindi films.
8002:123145875329024::Thread-134 2020-08-09 19:00:00.121 - Plutarch also writes that Spartacus' wife, a prophetess of the Maedi tribe, was enslaved with him.
8003:123145875329024::Thread-134 2020-08-09 19:00:00.51 - The recipient of numerous accolades, including a Filmfare Award and a National Film Award, Wasim was honoured with the National Child Award for Exceptional Achievement by Ram Nath Kovind, the President of India, at a ceremony in New Delhi in 2017.Wasim made her film debut with the role of wrestler Geeta Phogat in the biographical sports film Dangal (2016), which emerged as the highest-grossing Indian film, grossing more than ₹2,000 crore ($300 million) worldwide.
8004:123145875329024::Thread-134 2020-08-09 19:00:00.518 - As a combined statistical area (CSA), this wider commuting region is home to some 8.2 million people, making it the sixth most populous in the United States.Boston is one of the oldest municipalities in the United States, founded on the Shawmut Peninsula in 1630 by Puritan settlers from the English town of the same name.
8003:123145875329024::Thread-134 2020-08-09 19:00:01.216 - She then starred as an aspiring singer in the musical drama Secret Superstar (2017), which became the highest-grossing Indian film with a female protagonist.
8004:123145875329024::Thread-134 2020-08-09 19:00:01.249 - It was the scene of several key events of the American Revolution, such as the Boston Massacre, the Boston Tea Party, the Battle of Bunker Hill, and the Siege of Boston.
8003:123145875329024::Thread-134 2020-08-09 19:00:01.764 - Both were backed by Aamir Khan Productions and earned her numerous accolades including the National Film Award for Best Supporting Actress for the former and the Filmfare Critics Award for Best Actress for the latter.
8004:123145875329024::Thread-134 2020-08-09 19:00:01.829 - Upon gaining U.S. independence from Great Britain, it continued to be an important port and manufacturing hub as well as a center for education and culture.
8006:123145875329024::Thread-134 2020-08-09 19:00:01.869 - **START**
8006:123145875329024::Thread-134 2020-08-09 19:00:02.181 - Starting new HTTPS connection (1): en.wikipedia.org
8004:123145875329024::Thread-134 2020-08-09 19:00:02.37 - The city has expanded beyond the original peninsula through land reclamation and municipal annexation.
8003:123145875329024::Thread-134 2020-08-09 19:00:02.486 - Her last film appearance was in The Sky Is Pink (2019), which garnered her a Filmfare Award for Best Supporting Actress nomination despite underperforming commercially.
8003:123145875329024::Thread-134 2020-08-09 19:00:02.794 - Personal life
Zaira Wasim was born to a Muslim family in downtown Srinagar to Zahid and Zarqa Wasim.
8003:123145875329024::Thread-134 2020-08-09 19:00:02.836 - Her father works as an Executive Manager at J&K Bank, Srinagar and her mother is a teacher.
8004:123145875329024::Thread-134 2020-08-09 19:00:03.253 - Its rich history attracts many tourists, with Faneuil Hall alone drawing more than 20 million visitors per year.
8003:123145875329024::Thread-134 2020-08-09 19:00:03.656 - Zaira completed tenth grade from St. Paul's International Academy in Sonwar, Srinagar.
8004:123145875329024::Thread-134 2020-08-09 19:00:03.838 - Boston's many firsts include the United States' first public park (Boston Common, 1634), first public or state school (Boston Latin School, 1635) and first subway system (Tremont Street subway, 1897).Today, Boston is a thriving center of scientific research.
8003:123145875329024::Thread-134 2020-08-09 19:00:04.11 - Career
In June 2015, Wasim was signed by director Nitesh Tiwari to make her film debut with the biographical sports film Dangal (2016).
8003:123145875329024::Thread-134 2020-08-09 19:00:04.111 - **END**
8004:123145875329024::Thread-134 2020-08-09 19:00:04.17 - The Boston area's many colleges and universities make it a world leader in higher education, including law, medicine, engineering, and business, and the city is considered to be a global pioneer in innovation and entrepreneurship, with nearly 5,000 startups.
8006:123145875329024::Thread-134 2020-08-09 19:00:04.614 - Rowan Blanchard (born October 14, 2001) is an American actress.
8005:123145875329024::Thread-134 2020-08-09 19:00:06.634 - **END**
8006:123145875329024::Thread-134 2020-08-09 19:00:06.773 - She is known for her role as Riley Matthews on the Disney Channel series Girl Meets World that aired from 2014 until 2017.
8002:123145875329024::Thread-134 2020-08-09 19:00:09.126 - **END**
8004:123145875329024::Thread-134 2020-08-09 19:00:09.173 - **END**
8006:123145875329024::Thread-134 2020-08-09 19:00:09.193 - From 2017 until 2018, she made recurred on The Goldbergs as Jackie Geary.
8006:123145875329024::Thread-134 2020-08-09 19:00:09.413 - Life and career


Early life
Blanchard was born in Los Angeles, California, to Elizabeth and Mark Blanchard-Boulbol, who are yoga instructors.
8006:123145875329024::Thread-134 2020-08-09 19:00:11.026 - Her paternal grandfather was an immigrant from the Middle East, who had paternal Syrian ancestry and maternal Armenian ancestry, and her paternal grandmother's ancestors are from England, Denmark, and Sweden.
8006:123145875329024::Thread-134 2020-08-09 19:00:13.049 - Her paternal great grandparents had met in Aleppo, present-day Syria.
8006:123145875329024::Thread-134 2020-08-09 19:00:14.471 - She was named after a character in Anne Rice's The Witching Hour.
8006:123145875329024::Thread-134 2020-08-09 19:00:17.341 - Rowan has two younger siblings, Carmen and Shane.
8006:123145875329024::Thread-134 2020-08-09 19:00:18.22 - Career

Blanchard began acting in 2010 at the age of five, first being cast as Mona's daughter in The Back-up Plan and was in the main cast of the Disney Junior Original Series Dance-a-Lot Robot as Caitlin.
8006:123145875329024::Thread-134 2020-08-09 19:00:19.991 - In 2011, she was cast as Rebecca Wilson in Spy Kids: All the Time in the World, and as Raquel Pacheco in Little in Common.
8006:123145875329024::Thread-134 2020-08-09 19:00:27.995 - **END**