8003:123146270748672::Thread-228 2020-08-09 18:59:31.351 - **START**
8003:123146270748672::Thread-228 2020-08-09 18:59:32.504 - Starting new HTTPS connection (1): en.wikipedia.org
8004:123146270748672::Thread-228 2020-08-09 18:59:33.267 - **START**
8004:123146270748672::Thread-228 2020-08-09 18:59:34.116 - Starting new HTTPS connection (1): en.wikipedia.org
8006:123146270748672::Thread-228 2020-08-09 18:59:34.311 - **START**
8006:123146270748672::Thread-228 2020-08-09 18:59:34.99 - Starting new HTTPS connection (1): en.wikipedia.org
8003:123146270748672::Thread-228 2020-08-09 18:59:35.748 - The Celtic Football Club ( SEL-tik) is a Scottish professional football club based in Glasgow, which plays in the Scottish Premiership.
8004:123146270748672::Thread-228 2020-08-09 18:59:37.079 - Noah Lindsey Cyrus (born January 8, 2000) is an American singer, songwriter, and actress.
8006:123146270748672::Thread-228 2020-08-09 18:59:37.824 - Dwayne Douglas Johnson (born May 2, 1972), also known by his ring name The Rock, is an American-Canadian actor, producer, businessman, retired professional wrestler, and former American football player.
8006:123146270748672::Thread-228 2020-08-09 18:59:38.077 - He wrestled for the World Wrestling Federation (WWF, now WWE) for eight years prior to pursuing an acting career.
8003:123146270748672::Thread-228 2020-08-09 18:59:38.46 - The club was founded in 1887 with the purpose of alleviating poverty in the immigrant Irish population in the East End of Glasgow.
8004:123146270748672::Thread-228 2020-08-09 18:59:38.838 - In 2016, she released her debut single "Make Me (Cry)", featuring vocals from Labrinth.
8006:123146270748672::Thread-228 2020-08-09 18:59:38.918 - His films have grossed over $3.5 billion in North America and over $10.5 billion worldwide, making him one of the highest-grossing actors of all time.Johnson was a college football player for the University of Miami, with whom he won a national championship in 1991.
8004:123146270748672::Thread-228 2020-08-09 18:59:39.173 - Cyrus is the fifth child of Billy Ray and Tish Cyrus, and she is the youngest sibling of Trace, Brandi, and Miley Cyrus.
8005:123146270748672::Thread-228 2020-08-09 18:59:39.253 - **START**
8004:123146270748672::Thread-228 2020-08-09 18:59:39.26 - She was named one of Time's 30 Most Influential Teens in 2017.
8003:123146270748672::Thread-228 2020-08-09 18:59:39.317 - They played their first match in May 1888, a friendly match against Rangers which Celtic won 5–2.
8002:123146270748672::Thread-228 2020-08-09 18:59:39.367 - **START**
8006:123146270748672::Thread-228 2020-08-09 18:59:39.585 - He initially aspired for a professional career in football and entered the 1995 NFL Draft, but went undrafted.
8003:123146270748672::Thread-228 2020-08-09 18:59:39.948 - Celtic established themselves within Scottish football, winning six successive league titles during the first decade of the 20th century.
8003:123146270748672::Thread-228 2020-08-09 18:59:40.156 - The club enjoyed their greatest successes during the 1960s and 70s under Jock Stein when they won nine consecutive league titles and the 1967 European Cup.
8006:123146270748672::Thread-228 2020-08-09 18:59:40.214 - As a result, he signed with the Calgary Stampeders of the Canadian Football League (CFL), but was cut from the team in the middle of his first season.
8006:123146270748672::Thread-228 2020-08-09 18:59:40.619 - Shortly after, he began training as a professional wrestler.In 1996, Johnson secured a contract with the WWF and was promoted as the first third-generation wrestler in the company's history, as he is the son of Rocky Johnson and grandson of Peter Maivia.
8004:123146270748672::Thread-228 2020-08-09 18:59:40.965 - Early life
Cyrus was born January 8, 2000, in Nashville, Tennessee, to producer and director Tish Cyrus and country singer Billy Ray Cyrus.
8005:123146270748672::Thread-228 2020-08-09 18:59:41.074 - Starting new HTTPS connection (1): en.wikipedia.org
8003:123146270748672::Thread-228 2020-08-09 18:59:42.051 - Celtic have played in green and white for the entirety of its history, adopting hoops in 1903, those being used ever since.
8002:123146270748672::Thread-228 2020-08-09 18:59:42.084 - Starting new HTTPS connection (1): en.wikipedia.org
8004:123146270748672::Thread-228 2020-08-09 18:59:42.222 - Her parents have had a volatile marriage, each filing for divorce on different occasions, but restoring their relationship.
8006:123146270748672::Thread-228 2020-08-09 18:59:42.542 - He rose to prominence after developing a charismatic persona of a boastful, trash-talking wrestler named The Rock.
8003:123146270748672::Thread-228 2020-08-09 18:59:44.098 - Celtic are one of only five clubs in the world (which also includes their rivals Rangers) to have won over 100 trophies in their history.
8005:123146270748672::Thread-228 2020-08-09 18:59:44.248 - Charlemagne (English: ; French: [ʃaʁləmaɲ]) or Charles the Great (2 April 748 – 28 January 814), numbered Charles I, was the King of the Franks from 768, the King of the Lombards from 774, and the Emperor of the Romans from 800.
8006:123146270748672::Thread-228 2020-08-09 18:59:44.284 - He subsequently won his first WWF Championship in 1998 and helped usher the WWF into the "Attitude Era", a boom period in the company's business in the late 1990s and early 2000s which still holds professional wrestling records for television ratings.
8004:123146270748672::Thread-228 2020-08-09 18:59:44.366 - Her siblings include Miley, Braison, Brandi, Trace, and Christopher Cyrus, who have also mostly become musicians and entertainers.
8002:123146270748672::Thread-228 2020-08-09 18:59:44.72 - The Statue of Unity is a colossal statue of Indian statesman and independence activist Sardar Vallabhbhai Patel (1875–1950), who was the first Deputy Prime Minister and Home minister of independent India and adherent of Mahatma Gandhi during the non-violent Indian Independence movement.
8004:123146270748672::Thread-228 2020-08-09 18:59:45.056 - Their paternal grandfather, Ron Cyrus, was a politician in Kentucky.
8006:123146270748672::Thread-228 2020-08-09 18:59:45.503 - In 2004, he left the WWE to pursue an acting career.
8002:123146270748672::Thread-228 2020-08-09 18:59:45.553 - Patel was highly respected for his leadership in uniting 562 princely states of India with a major part of the former British Raj to form the single Union of India.
8005:123146270748672::Thread-228 2020-08-09 18:59:45.739 - During the Early Middle Ages, he united the majority of western and central Europe.
8002:123146270748672::Thread-228 2020-08-09 18:59:46.349 - The statue is located in the state of Gujarat, India.
8004:123146270748672::Thread-228 2020-08-09 18:59:46.608 - Acting career
At the age of two, Cyrus began her acting career, playing Gracie Hebert on the sixth episode of the television show Doc.
8004:123146270748672::Thread-228 2020-08-09 18:59:46.638 - She was a background dancer in the 2009 film Hannah Montana: The Movie, and played small roles in six episodes of the Disney Channel Original Series Hannah Montana.
8003:123146270748672::Thread-228 2020-08-09 18:59:46.687 - The club has won the Scottish league championship 51 times, most recently in 2019–20, the Scottish Cup 39 times and the Scottish League Cup 19 times.
8002:123146270748672::Thread-228 2020-08-09 18:59:46.981 - It is the world's tallest statue with a height of 182 metres (597 ft).
8006:123146270748672::Thread-228 2020-08-09 18:59:47.167 - He returned in 2011 as a part-time performer until 2013, and made sporadic appearances from then until fully retiring in 2019.Considered one of the greatest professional wrestlers and biggest wrestling draws of all time, Johnson headlined the most-bought professional wrestling pay-per-view event ever (WrestleMania XXVIII) and was featured among the most watched episodes of WWE's two flagship television shows (Raw and SmackDown).
8002:123146270748672::Thread-228 2020-08-09 18:59:47.498 - It is located on the Narmada River in the Kevadiya colony, facing the Sardar Sarovar Dam 100 kilometres (62 mi) southeast of the city of Vadodara and 150 kilometres (93 mi) from Surat.
8002:123146270748672::Thread-228 2020-08-09 18:59:47.669 - The project was first announced in 2010 and the construction of the statue started in October 2013 by Larsen & Toubro, with a total construction cost of ₹2,989 crore (₹29.89 billion; US$437 million).
8005:123146270748672::Thread-228 2020-08-09 18:59:48.065 - He was the first recognised emperor to rule from western Europe since the fall of the Western Roman Empire three centuries earlier.
8003:123146270748672::Thread-228 2020-08-09 18:59:48.221 - The club's greatest season was 1966–67, when Celtic became the first British team to win the European Cup, also winning the Scottish league championship, the Scottish Cup, the League Cup and the Glasgow Cup.
8002:123146270748672::Thread-228 2020-08-09 18:59:48.663 - It was designed by Indian sculptor Ram V. Sutar, and was inaugurated by Indian Prime Minister Narendra Modi on 31 October 2018, the 143rd anniversary of Sardar Patel's birth.
8002:123146270748672::Thread-228 2020-08-09 18:59:48.906 - History
Narendra Modi first announced the project to commemorate Vallabhbhai Patel on 7 October 2013 at a press conference to mark the beginning of his 10th year as The Chief Minister of Gujarat.
8003:123146270748672::Thread-228 2020-08-09 18:59:48.998 - Celtic also reached the 1970 European Cup Final and the 2003 UEFA Cup Final, losing in both.
8002:123146270748672::Thread-228 2020-08-09 18:59:49.098 - At the time, the project was dubbed, "Gujarat's tribute to the nation".A separate Society named Sardar Vallabhbhai Patel Rashtriya Ekta Trust (SVPRET) was formed under the chairmanship of the Chief minister, Government of Gujarat, to ensure seamless execution of the entire project.An outreach drive named the Statue of Unity Movement was started to support the construction of the statue.
8005:123146270748672::Thread-228 2020-08-09 18:59:49.309 - The expanded Frankish state that Charlemagne founded is called the Carolingian Empire.
8002:123146270748672::Thread-228 2020-08-09 18:59:49.683 - It helped collect the iron needed for the statue by asking farmers to donate their used farming instruments.
8004:123146270748672::Thread-228 2020-08-09 18:59:50.643 - **END**
8005:123146270748672::Thread-228 2020-08-09 18:59:50.661 - He was later canonised by Antipope Paschal III.
8005:123146270748672::Thread-228 2020-08-09 18:59:51.992 - Charlemagne was the eldest son of Pepin the Short and Bertrada of Laon, born before their canonical marriage.
8003:123146270748672::Thread-228 2020-08-09 18:59:52.004 - **END**
8004:123146270748672::Thread-228 2020-08-09 18:59:52.648 - **START**
8004:123146270748672::Thread-228 2020-08-09 18:59:52.652 - Starting new HTTPS connection (1): en.wikipedia.org
8004:123146270748672::Thread-228 2020-08-09 18:59:53.659 - Gillette Stadium is a stadium in the northeastern United States, located in Foxborough, Massachusetts, 28 miles (45 km) southwest of downtown Boston and 20 miles (32 km) northeast of downtown Providence, Rhode Island.
8004:123146270748672::Thread-228 2020-08-09 18:59:54.309 - It opened 18 years ago in 2002, replacing the adjacent Foxboro Stadium.
8004:123146270748672::Thread-228 2020-08-09 18:59:54.598 - The seating capacity is 65,878, including 5,876 club seats and 89 luxury suites.
8005:123146270748672::Thread-228 2020-08-09 18:59:54.748 - He became king in 768 following his father's death, initially as co-ruler with his brother Carloman I. Carloman's sudden death in December 771 under unexplained circumstances left Charlemagne the sole ruler of the Frankish Kingdom.
8004:123146270748672::Thread-228 2020-08-09 18:59:54.952 - It serves as the home stadium and administrative offices for both the New England Patriots of the National Football League (NFL) and the New England Revolution of Major League Soccer (MLS).
8004:123146270748672::Thread-228 2020-08-09 18:59:54.969 - It was also the home stadium for University of Massachusetts (UMass) Minutemen football in 2012 and 2013, while on-campus Warren McGuirk Alumni Stadium underwent renovations.
8006:123146270748672::Thread-228 2020-08-09 18:59:55.177 - **END**
8004:123146270748672::Thread-228 2020-08-09 18:59:55.22 - It continued to serve as a part-time home venue for higher attendance UMass games through 2018.
8004:123146270748672::Thread-228 2020-08-09 18:59:55.388 - The stadium was originally known as CMGI Field before the naming rights were bought by Gillette after the "dot-com" bust.
8004:123146270748672::Thread-228 2020-08-09 18:59:55.651 - Although Gillette was acquired by Procter & Gamble (P&G) in 2005, the stadium retains the Gillette name.
8005:123146270748672::Thread-228 2020-08-09 18:59:55.954 - He continued his father's policy towards the papacy and became its protector, removing the Lombards from power in northern Italy and leading an incursion into Muslim Spain.
8005:123146270748672::Thread-228 2020-08-09 18:59:56.323 - He campaigned against the Saxons to his east, Christianising them upon penalty of death and leading to events such as the Massacre of Verden.
8004:123146270748672::Thread-228 2020-08-09 18:59:56.482 - Gillette and the Patriots jointly announced in September 2010 that their partnership, which includes naming rights to the stadium, will extend through the 2031 season.
8005:123146270748672::Thread-228 2020-08-09 18:59:57.063 - He reached the height of his power in 800 when he was crowned "Emperor of the Romans" by Pope Leo III on Christmas Day at Old St. Peter's Basilica in Rome.
8004:123146270748672::Thread-228 2020-08-09 18:59:57.294 - Additionally, uBid (until April 2003 a wholly owned subsidiary of CMGI) as of 2009 continues to sponsor one of the main entrance gates to the stadium.
8002:123146270748672::Thread-228 2020-08-09 18:59:58.695 - **END**
8005:123146270748672::Thread-228 2020-08-09 19:00:01.066 - **END**
8003:123146270748672::Thread-228 2020-08-09 19:00:02.008 - **START**
8003:123146270748672::Thread-228 2020-08-09 19:00:02.169 - Starting new HTTPS connection (1): en.wikipedia.org
8004:123146270748672::Thread-228 2020-08-09 19:00:02.299 - **END**
8003:123146270748672::Thread-228 2020-08-09 19:00:04.735 - Liverpool Football Club is a professional football club in Liverpool, England, that competes in the Premier League, the top tier of English football.
8003:123146270748672::Thread-228 2020-08-09 19:00:04.988 - Domestically, the club has won nineteen League titles, seven FA Cups, a record eight League Cups and fifteen FA Community Shields.
8006:123146270748672::Thread-228 2020-08-09 19:00:06.182 - **START**
8006:123146270748672::Thread-228 2020-08-09 19:00:06.265 - Starting new HTTPS connection (1): en.wikipedia.org
8003:123146270748672::Thread-228 2020-08-09 19:00:06.659 - In international competitions, the club has won six European Cups, more than any other English club, three UEFA Cups, four UEFA Super Cups (also English records) and one FIFA Club World Cup.
8003:123146270748672::Thread-228 2020-08-09 19:00:08.093 - Founded in 1892, the club joined the Football League the following year and has played at Anfield since its formation.
8006:123146270748672::Thread-228 2020-08-09 19:00:08.162 - Marvel's The Avengers (classified under the name Marvel Avengers Assemble in the United Kingdom and Ireland), or simply The Avengers, is a 2012 American superhero film based on the Marvel Comics superhero team of the same name.
8003:123146270748672::Thread-228 2020-08-09 19:00:10.074 - Liverpool established itself as a major force in English and European football in the 1970s and 1980s, when Bill Shankly, Bob Paisley, Joe Fagan and Kenny Dalglish led the club to a combined eleven League titles and four European Cups.
8005:123146270748672::Thread-228 2020-08-09 19:00:10.075 - **START**
8005:123146270748672::Thread-228 2020-08-09 19:00:10.08 - Starting new HTTPS connection (1): en.wikipedia.org
8006:123146270748672::Thread-228 2020-08-09 19:00:10.949 - Produced by Marvel Studios and distributed by Walt Disney Studios Motion Pictures, it is the sixth film in the Marvel Cinematic Universe (MCU).
8003:123146270748672::Thread-228 2020-08-09 19:00:11.119 - Liverpool won two further European Cups in 2005 and 2019 under the management of Rafael Benítez and Jürgen Klopp, respectively, the latter of whom led Liverpool to a nineteenth League title in 2020, the club's first during the Premier League era.
8003:123146270748672::Thread-228 2020-08-09 19:00:11.317 - One of the most widely supported teams in the world, in 2019, Liverpool was the world's seventh highest-earning football club, with an annual revenue of €604 million, and the world's eighth most valuable football club, valued at $2.183 billion.
8005:123146270748672::Thread-228 2020-08-09 19:00:11.468 - Kiss (often stylized as KIϟϟ) is an American rock band formed in New York City in January 1973 by Paul Stanley, Gene Simmons, Peter Criss, and Ace Frehley.
8005:123146270748672::Thread-228 2020-08-09 19:00:12.049 - Well known for its members' face paint and stage outfits, the group rose to prominence in the mid-to-late 1970s with its elaborate live performances, which featured fire breathing, blood-spitting, smoking guitars, shooting rockets, levitating drum kits, and pyrotechnics.
8005:123146270748672::Thread-228 2020-08-09 19:00:12.149 - The band has gone through several lineup changes, with Stanley and Simmons being the only members to feature in every lineup.
8006:123146270748672::Thread-228 2020-08-09 19:00:12.206 - The film was written and directed by Joss Whedon and features an ensemble cast that includes Robert Downey Jr., Chris Evans, Mark Ruffalo, Chris Hemsworth, Scarlett Johansson, and Jeremy Renner as the Avengers, alongside Tom Hiddleston, Clark Gregg, Cobie Smulders, Stellan Skarsgård, and Samuel L. Jackson.
8005:123146270748672::Thread-228 2020-08-09 19:00:12.349 - The original and best-known lineup consists of Stanley (vocals and rhythm guitar), Simmons (vocals and bass), Frehley (lead guitar and vocals), and Criss (drums and vocals)
With their make-up and costumes, the band members took on the personae of comic book-style characters: the Starchild (Stanley), the Demon (Simmons), the Spaceman or Space Ace (Frehley), and the Catman (Criss).
8003:123146270748672::Thread-228 2020-08-09 19:00:12.549 - Liverpool has long-standing rivalries with Manchester United and Everton.
8005:123146270748672::Thread-228 2020-08-09 19:00:12.557 - Due to creative differences, both Criss and Frehley had departed the group by 1982.
8005:123146270748672::Thread-228 2020-08-09 19:00:12.618 - In 1983, Kiss began performing without makeup and costumes, thus marking the beginning of the band's "unmasked" era that would last for over a decade.
8003:123146270748672::Thread-228 2020-08-09 19:00:13.194 - The team changed from red shirts and white shorts to an all-red home strip in 1964 which has been used ever since.
8005:123146270748672::Thread-228 2020-08-09 19:00:13.431 - The band experienced a commercial resurgence during this era, with the Platinum-certified album Lick It Up successfully introducing them to a new generation of fans, and its music videos received regular airplay on MTV.
8002:123146270748672::Thread-228 2020-08-09 19:00:13.701 - **START**
8002:123146270748672::Thread-228 2020-08-09 19:00:13.706 - Starting new HTTPS connection (1): en.wikipedia.org
8005:123146270748672::Thread-228 2020-08-09 19:00:13.864 - Eric Carr, who had replaced Criss in 1980, died in 1991 of heart cancer and was replaced by Eric Singer.
8005:123146270748672::Thread-228 2020-08-09 19:00:13.89 - In response to a wave of Kiss nostalgia in the mid-1990s, the original lineup re-united in 1996, which also saw the return of its makeup and stage costumes.
8005:123146270748672::Thread-228 2020-08-09 19:00:13.932 - The resulting Alive/Worldwide Tour was highly successful, grossing $143.7 million, making it the band's most successful tour to date.
8003:123146270748672::Thread-228 2020-08-09 19:00:14.078 - The club's anthem is "You'll Never Walk Alone".
8005:123146270748672::Thread-228 2020-08-09 19:00:14.508 - Criss and Frehley subsequently left the band again, and have been replaced by Singer and Tommy Thayer.
8006:123146270748672::Thread-228 2020-08-09 19:00:14.822 - In the film, Nick Fury and the spy agency S.H.I.E.L.D.
8002:123146270748672::Thread-228 2020-08-09 19:00:15.176 - Zion Lateef Williamson (born July 6, 2000) is an American professional basketball player for the New Orleans Pelicans of the National Basketball Association (NBA).
8006:123146270748672::Thread-228 2020-08-09 19:00:15.425 - recruit Tony Stark, Steve Rogers, Bruce Banner, and Thor to form a team capable of stopping Thor's brother Loki from subjugating Earth.
8006:123146270748672::Thread-228 2020-08-09 19:00:15.882 - The film's development began when Marvel Studios received a loan from Merrill Lynch in April 2005.
8002:123146270748672::Thread-228 2020-08-09 19:00:15.989 - He plays the power forward position.
8003:123146270748672::Thread-228 2020-08-09 19:00:16.08 - **END**
8002:123146270748672::Thread-228 2020-08-09 19:00:16.193 - Following a dominant freshman-year stint with the Duke Blue Devils, he was selected by the Pelicans first overall in the 2019 NBA draft.
8006:123146270748672::Thread-228 2020-08-09 19:00:16.446 - After the success of the film Iron Man in May 2008, Marvel announced that The Avengers would be released in July 2011 and would bring together Tony Stark (Downey), Steve Rogers (Evans), Bruce Banner (Ruffalo), and Thor (Hemsworth) from Marvel's previous films.
8006:123146270748672::Thread-228 2020-08-09 19:00:16.521 - With the signing of Johansson as Natasha Romanoff in March 2009, the film was pushed back for a 2012 release.
8002:123146270748672::Thread-228 2020-08-09 19:00:17.193 - Born in Salisbury, North Carolina, Williamson attended Spartanburg Day School, where he was a consensus five-star recruit and was ranked among the top five players in the 2018 class.
8006:123146270748672::Thread-228 2020-08-09 19:00:17.467 - Whedon was brought on board in April 2010 and rewrote the original screenplay by Zak Penn.
8002:123146270748672::Thread-228 2020-08-09 19:00:17.484 - He led his team to three straight state championships and earned South Carolina Mr. Basketball recognition in his senior season.
8005:123146270748672::Thread-228 2020-08-09 19:00:17.51 - **END**
8002:123146270748672::Thread-228 2020-08-09 19:00:18.058 - Williamson also left high school as a McDonald's All-American, runner-up for Mr. Basketball USA, and USA Today All-USA first team honoree.
8002:123146270748672::Thread-228 2020-08-09 19:00:18.18 - In high school, he drew national attention for his slam dunks.
8002:123146270748672::Thread-228 2020-08-09 19:00:18.299 - In his freshman and only season with Duke, Williamson was named ACC Player of the Year, ACC Athlete of the Year and ACC Rookie of the Year.
8006:123146270748672::Thread-228 2020-08-09 19:00:18.827 - Production began in April 2011 in Albuquerque, New Mexico, before moving to Cleveland, Ohio, in August and New York City in September.
8006:123146270748672::Thread-228 2020-08-09 19:00:19.61 - The film features more than 2,200 visual effects shots.
8002:123146270748672::Thread-228 2020-08-09 19:00:20.301 - **END**
8006:123146270748672::Thread-228 2020-08-09 19:00:26.613 - **END**