8004:123145997320192::Thread-163 2020-08-09 18:59:26.299 - **START**
8004:123145997320192::Thread-163 2020-08-09 18:59:26.427 - Starting new HTTPS connection (1): en.wikipedia.org
8004:123145997320192::Thread-163 2020-08-09 18:59:28.476 - Pablo Emilio Escobar Gaviria (; 1 December 1949 – 2 December 1993) was a Colombian drug lord and narcoterrorist who was the founder and sole leader of the Medellín Cartel.
8004:123145997320192::Thread-163 2020-08-09 18:59:29.362 - Dubbed "The King of Cocaine," Escobar is the wealthiest criminal in history, having amassed an estimated net worth of US$30 billion by the time of his death—equivalent to $59 billion as of 2019—while his drug cartel monopolized the cocaine trade into the United States in the 1980s and 1990s.Born in Rionegro and raised in Medellín, Escobar studied briefly at Universidad Autónoma Latinoamericana of Medellín, but left without graduating; he instead began engaging in criminal activity, selling illegal cigarettes and fake lottery tickets, as well as participating in motor vehicle theft.
8004:123145997320192::Thread-163 2020-08-09 18:59:29.85 - In the early 1970s, he began to work for various drug smugglers, often kidnapping and holding people for ransom.
8006:123145997320192::Thread-163 2020-08-09 18:59:31.272 - **START**
8004:123145997320192::Thread-163 2020-08-09 18:59:31.281 - In 1976, Escobar founded the Medellín Cartel, which distributed powder cocaine, and established the first smuggling routes into the U.S. Escobar's infiltration into the U.S. created exponential demand for cocaine, and by the 1980s, it was estimated Escobar led monthly shipments of 70 to 80 tons of cocaine into the country from Colombia.
8006:123145997320192::Thread-163 2020-08-09 18:59:31.479 - Starting new HTTPS connection (1): en.wikipedia.org
8004:123145997320192::Thread-163 2020-08-09 18:59:31.834 - As a result, he quickly became one of the richest people in the world, but consistently battled rival cartels domestically and abroad, leading to massacres and the murders of police officers, judges, locals, and prominent politicians, making Colombia the murder capital of the world.In the 1982 parliamentary election, Escobar was elected as an alternate member of the Chamber of Representatives as part of the Liberal Alternative movement.
8004:123145997320192::Thread-163 2020-08-09 18:59:32.26 - Through this, he was responsible for community projects, such as the construction of houses and football fields, which gained him popularity among the locals of the towns that he frequented.
8003:123145997320192::Thread-163 2020-08-09 18:59:33.271 - **START**
8004:123145997320192::Thread-163 2020-08-09 18:59:33.434 - However, Escobar was vilified by the Colombian and U.S. governments, who routinely stifled his political ambitions and pushed for his arrest, with Escobar widely believed to have orchestrated the DAS Building and Avianca Flight 203 bombings in retaliation.
8003:123145997320192::Thread-163 2020-08-09 18:59:34.096 - Starting new HTTPS connection (1): en.wikipedia.org
8005:123145997320192::Thread-163 2020-08-09 18:59:34.284 - **START**
8004:123145997320192::Thread-163 2020-08-09 18:59:35.419 - In 1991, Escobar surrendered to authorities, and was sentenced to five years' imprisonment on a host of charges, but struck a deal of no extradition with Colombian President Cesar Gaviria, with the ability of being housed in his own, self-built prison, La Catedral.
8006:123145997320192::Thread-163 2020-08-09 18:59:35.535 - James, Viscount Severn (James Alexander Philip Theo Mountbatten-Windsor; born 17 December 2007), is the younger child and only son of Prince Edward, Earl of Wessex, and Sophie, Countess of Wessex, and the youngest grandchild of Queen Elizabeth II and Prince Philip, Duke of Edinburgh.
8005:123145997320192::Thread-163 2020-08-09 18:59:35.949 - Starting new HTTPS connection (1): en.wikipedia.org
8002:123145997320192::Thread-163 2020-08-09 18:59:36.355 - **START**
8003:123145997320192::Thread-163 2020-08-09 18:59:36.391 - Red is the fourth studio album by American singer-songwriter Taylor Swift.
8006:123145997320192::Thread-163 2020-08-09 18:59:36.477 - He is 12th in line of succession to the British throne.
8004:123145997320192::Thread-163 2020-08-09 18:59:36.602 - In 1992, Escobar escaped and went into hiding when authorities attempted to move him to a more standard holding facility, leading to a nation-wide manhunt.
8003:123145997320192::Thread-163 2020-08-09 18:59:36.955 - It was released on October 22, 2012, by Big Machine Records.
8002:123145997320192::Thread-163 2020-08-09 18:59:36.997 - Starting new HTTPS connection (1): en.wikipedia.org
8003:123145997320192::Thread-163 2020-08-09 18:59:37.111 - Inspired by past romantic relationships evoking intense, tumultuous "red" emotions that Swift was experiencing during the conception of the project, Red touches on the themes of romance and heartbreak, but represents a mature perspective, while exploring the pressure of being in the public eye.
8003:123145997320192::Thread-163 2020-08-09 18:59:37.664 - Red is a country, pop and rock record with influences from arena rock, alternative rock, dance, dubstep, electronic, folk and heartland rock; many commentators described it as a pop album, while others deemed it as a country album that sees Swift transitioning from her roots to mainstream pop, which they found to be subsequently complete with its follow-up 1989 (2014).
8004:123145997320192::Thread-163 2020-08-09 18:59:37.782 - As a result, the Medellín Cartel crumbled, and in 1993, Escobar was killed in his hometown by Colombian National Police, a day after his 44th birthday.Escobar's legacy remains controversial; while many denounce the heinous nature of his crimes, he was seen as a "Robin Hood-like" figure for many in Colombia, as he provided many amenities to the poor, while his killing was mourned and his funeral attended by over 25,000 people.
8003:123145997320192::Thread-163 2020-08-09 18:59:37.945 - Red contains collaborations with Gary Lightbody and Ed Sheeran.
8003:123145997320192::Thread-163 2020-08-09 18:59:38.248 - Preceded by two singles, the album was supported by seven singles in total, four of which peaked in the top 10 of the Billboard Hot 100: the lead single "We Are Never Ever Getting Back Together" topped the chart for three weeks, "Begin Again" and "I Knew You Were Trouble" peaked at numbers seven and two respectively, and the title track at number six.
8003:123145997320192::Thread-163 2020-08-09 18:59:38.462 - Upon release, Red received generally positive reviews from music critics, who praised Swift's songwriting craftsmanship, but were divided on the incorporation of various genres—Swift's emerging versatility was praised but met criticism for being inconsistent.
8004:123145997320192::Thread-163 2020-08-09 18:59:38.841 - **END**
8006:123145997320192::Thread-163 2020-08-09 18:59:39.056 - Birth and baptism
James was born by caesarean section at 16:20 UTC on 17 December 2007, at Frimley Park Hospital in Frimley, Surrey.
8003:123145997320192::Thread-163 2020-08-09 18:59:39.241 - Red was included on several year-end and decade-end lists by numerous publications, with Rolling Stone, Chorus.fm and Insider placing it at number one; Red is one of the fifteen most frequent albums on decade-end best-albums lists by publications, according to Metacritic.
8003:123145997320192::Thread-163 2020-08-09 18:59:39.402 - It received nominations for Album of the Year and Best Country Album at the 56th Annual Grammy Awards, and for Album of the Year at the 2013 Country Music Association Awards.
8006:123145997320192::Thread-163 2020-08-09 18:59:39.617 - The names James Alexander Philip Theo were announced on 21 December.He was baptised on 19 April 2008, in the Private Chapel of Windsor Castle by David Conner, the Dean of Windsor and his godparents were Alastair Bruce of Crionaich, Duncan Bullivant, Thomas Hill, Denise Poulton and Jeanye Irwin.
8003:123145997320192::Thread-163 2020-08-09 18:59:39.91 - Red debuted at number-one on the Billboard 200 with first-week sales of 1.2 million copies, giving Swift her third consecutive chart-topper in the US, making her the first female artist to have two million-selling album openings; it went on to spend seven weeks atop the chart.
8002:123145997320192::Thread-163 2020-08-09 18:59:41.217 - The Burj Khalifa (Arabic: برج خليفة‎, Arabic pronunciation: [bʊrd͡ʒ xaˈliːfa]; pronounced English: ), known as the Burj Dubai prior to its inauguration in 2010, is a skyscraper in Dubai, United Arab Emirates.
8002:123145997320192::Thread-163 2020-08-09 18:59:42.098 - With a total height of 829.8 m (2,722 ft, just over half a mile) and a roof height (excluding antenna, but including a 244 m spire) of 828 m (2,717 ft), the Burj Khalifa has been the tallest structure and building in the world since its topping out in 2009 (preceded by Taipei 101).Construction of the Burj Khalifa began in 2004, with the exterior completed five years later in 2009.
8006:123145997320192::Thread-163 2020-08-09 18:59:42.239 - He wore a newly made replica of the royal christening gown originally used by Victoria, the eldest daughter of Queen Victoria, in 1840.
8005:123145997320192::Thread-163 2020-08-09 18:59:42.423 - Robyn Rihanna Fenty ( ree-AN-ə; born February 20, 1988) is a Barbadian singer, songwriter, actress, businesswoman, and philanthropist.
8002:123145997320192::Thread-163 2020-08-09 18:59:42.458 - The primary structure is reinforced concrete.
8004:123145997320192::Thread-163 2020-08-09 18:59:42.849 - **START**
8002:123145997320192::Thread-163 2020-08-09 18:59:43.084 - The building was opened in 2010 as part of a new development called Downtown Dubai.
8004:123145997320192::Thread-163 2020-08-09 18:59:43.277 - Starting new HTTPS connection (1): en.wikipedia.org
8002:123145997320192::Thread-163 2020-08-09 18:59:43.39 - It is designed to be the centrepiece of large-scale, mixed-use development.
8003:123145997320192::Thread-163 2020-08-09 18:59:43.916 - **END**
8002:123145997320192::Thread-163 2020-08-09 18:59:44.231 - The decision to construct the building is based on the government's decision to diversify from an oil-based economy, and for Dubai to gain international recognition.
8005:123145997320192::Thread-163 2020-08-09 18:59:44.348 - Born in Saint Michael and raised in Bridgetown, Barbados, Rihanna moved to the United States in 2005 when she signed with Def Jam.
8006:123145997320192::Thread-163 2020-08-09 18:59:44.413 - It has been worn for most royal christenings since then, and the original gown has now been preserved.James currently attends Eagle House School a coeducational preparatory school near Sandhurst in Berkshire.
8004:123145997320192::Thread-163 2020-08-09 18:59:44.55 - Saint Vincent and the Grenadines ( (listen)), also frequently known simply as Saint Vincent, is an Anglo-Caribbean country of several islands in the Lesser Antilles island arc, in the southeast Windward Islands, which lies in the West Indies at the southern end of the eastern border of the Caribbean Sea where the latter meets the Atlantic Ocean.
8002:123145997320192::Thread-163 2020-08-09 18:59:45.338 - The building was originally named Burj Dubai but was renamed in honour of the ruler of Abu Dhabi and president of the United Arab Emirates, Khalifa bin Zayed Al Nahyan; Abu Dhabi and the UAE government lent Dubai money to pay its debts.
8004:123145997320192::Thread-163 2020-08-09 18:59:45.451 - Its 369 km2 (142 sq mi) territory consists of the main island of Saint Vincent and the northern two-thirds of the Grenadines, a chain of 32 smaller islands.
8002:123145997320192::Thread-163 2020-08-09 18:59:45.862 - The building broke numerous height records, including its designation as the tallest building in the world.
8002:123145997320192::Thread-163 2020-08-09 18:59:45.898 - Burj Khalifa was designed by Adrian Smith, of Skidmore, Owings & Merrill, whose firm designed the Willis Tower and One World Trade Center.
8004:123145997320192::Thread-163 2020-08-09 18:59:46.349 - Some of the Grenadines are inhabited — Bequia, Mustique, Union Island, Canouan, Palm Island, Mayreau, Young Island — while others are not: Tobago Cays, Petit Saint Vincent, Baliceaux, Bettowia, Quatre, Petite Mustique, Savan and Petit Nevis.
8005:123145997320192::Thread-163 2020-08-09 18:59:46.548 - She gained recognition following the release of her first two studio albums, Music of the Sun (2005) and A Girl like Me (2006), both of which were influenced by Caribbean music and peaked within the top ten of the US Billboard 200 chart.
8004:123145997320192::Thread-163 2020-08-09 18:59:46.632 - Most of Saint Vincent and the Grenadines lies within the Hurricane Alley.
8006:123145997320192::Thread-163 2020-08-09 18:59:46.672 - Official appearances
In April 2015, James and his sister participated in their first overseas engagement by accompanying their parents on a trip to South Africa.
8005:123145997320192::Thread-163 2020-08-09 18:59:46.694 - Rihanna's third album, Good Girl Gone Bad (2007), incorporated elements of dance-pop, catapulted her to stardom, and established her status as a sex symbol in the music industry.
8002:123145997320192::Thread-163 2020-08-09 18:59:46.938 - Hyder Consulting was chosen to be the supervising engineer with NORR Group Consultants International Limited chosen to supervise the architecture of the project.
8004:123145997320192::Thread-163 2020-08-09 18:59:47.181 - To the north of Saint Vincent lies Saint Lucia, to the east is Barbados, and Grenada lies to the south.
8004:123145997320192::Thread-163 2020-08-09 18:59:47.302 - Saint Vincent and the Grenadines is a densely populated country for its size (over 300 inhabitants/km2) with approximately 110,211 inhabitants.Kingstown is the capital and main port.
8004:123145997320192::Thread-163 2020-08-09 18:59:47.6 - Saint Vincent has a British colonial history, and is now part of the Organisation of Eastern Caribbean States, CARICOM, the Commonwealth of Nations, the Bolivarian Alliance for the Americas and the Community of Latin American and Caribbean States (CELAC).
8005:123145997320192::Thread-163 2020-08-09 18:59:47.644 - Its international chart-topping single "Umbrella" earned Rihanna her first Grammy Award for Best Rap/Sung Collaboration.
8004:123145997320192::Thread-163 2020-08-09 18:59:48.344 - Etymology
Christopher Columbus, the first European to discover the island, named it after St. Vincent of Saragossa, whose feast day it was on the day Columbus first saw it (22 January 1498).
8004:123145997320192::Thread-163 2020-08-09 18:59:48.525 - The name of the Grenadines refers to the Spanish city of Granada, but to differentiate it from the island of the same name, the diminutive was used.
8006:123145997320192::Thread-163 2020-08-09 18:59:49.542 - Titles, styles, and honours


Titles and styles

Letters patent issued in 1917 assign a princely status and the style of Royal Highness to all male-line grandchildren of a monarch.
8005:123145997320192::Thread-163 2020-08-09 18:59:49.643 - Rihanna continued to mix pop, dance, and R&B genres on her next four albums, Rated R (2009), Loud (2010), Talk That Talk (2011), and the Grammy Award-winning Unapologetic (2012).
8005:123145997320192::Thread-163 2020-08-09 18:59:49.978 - All four releases combined various other musical styles and consolidated Rihanna's commercial success, with Unapologetic being her first number-one album in the US.
8005:123145997320192::Thread-163 2020-08-09 18:59:50.719 - The records spawned a string of chart-topping singles, including "Rude Boy", "Only Girl (In the World)", "What's My Name?
8003:123145997320192::Thread-163 2020-08-09 18:59:50.924 - **START**
8003:123145997320192::Thread-163 2020-08-09 18:59:50.929 - Starting new HTTPS connection (1): en.wikipedia.org
8005:123145997320192::Thread-163 2020-08-09 18:59:51.767 - ", "S&M", "We Found Love", "Diamonds", and "Stay".
8006:123145997320192::Thread-163 2020-08-09 18:59:52.367 - Therefore, all else being equal, James would have been styled as ’His Royal Highness Prince James of Wessex’.
8006:123145997320192::Thread-163 2020-08-09 18:59:52.78 - However, when his parents married, the Queen, via a Buckingham Palace press release, announced that their children would be styled as the children of an earl, rather than as prince or princess.
8005:123145997320192::Thread-163 2020-08-09 18:59:52.876 - Her eighth album, Anti (2016), showcased a new creative control following her departure from Def Jam.
8002:123145997320192::Thread-163 2020-08-09 18:59:52.94 - **END**
8003:123145997320192::Thread-163 2020-08-09 18:59:53.098 - Ronald Jeremy Hyatt (born March 12, 1953) is an American pornographic actor, filmmaker, actor, and stand-up comedian.Nicknamed "The Hedgehog", Jeremy was ranked by AVN at No.
8003:123145997320192::Thread-163 2020-08-09 18:59:53.649 - 1 in their "50 Top Porn Stars of All Time" list.
8003:123145997320192::Thread-163 2020-08-09 18:59:53.971 - Jeremy has also made a number of non-pornographic media appearances, and director Scott J. Gill filmed a documentary about him and his legacy, Porn Star: The Legend of Ron Jeremy, which was released in 2001.
8004:123145997320192::Thread-163 2020-08-09 18:59:54.532 - **END**
8003:123145997320192::Thread-163 2020-08-09 18:59:55.082 - More than a dozen women have publicly accused Jeremy of sexual assault.
8005:123145997320192::Thread-163 2020-08-09 18:59:55.832 - It became her second US number-one album and featured the chart-topping single "Work".
8003:123145997320192::Thread-163 2020-08-09 18:59:56.384 - Several of the allegations relate to his appearances at fan conventions, alleging that he would grope and insert his fingers into attendees without their consent.
8005:123145997320192::Thread-163 2020-08-09 18:59:56.94 - Rihanna has released collaborative hit singles with artists such as Drake, Eminem, and Calvin Harris.
8003:123145997320192::Thread-163 2020-08-09 18:59:58.254 - In June 2020, Jeremy was charged with sexual assault.
8003:123145997320192::Thread-163 2020-08-09 18:59:59.695 - Early life
Ronald Jeremy Hyatt was born in Queens, New York, to a middle-class Jewish family from Russia and Poland.
8006:123145997320192::Thread-163 2020-08-09 18:59:59.783 - **END**
8002:123145997320192::Thread-163 2020-08-09 18:59:59.942 - **START**
8002:123145997320192::Thread-163 2020-08-09 19:00:00.194 - Starting new HTTPS connection (1): en.wikipedia.org
8003:123145997320192::Thread-163 2020-08-09 19:00:01.001 - His father, Arnold (born 1918) was a physicist, and his mother a book editor who served in the O.S.S.
8003:123145997320192::Thread-163 2020-08-09 19:00:02.241 - during World War II, as she spoke fluent German and French.He graduated from Benjamin N. Cardozo High School.
8003:123145997320192::Thread-163 2020-08-09 19:00:02.752 - Pornographic film career

Jeremy left the teaching profession (he called it his "ace in the hole") to pursue a legitimate acting career on Broadway.
8002:123145997320192::Thread-163 2020-08-09 19:00:03.232 - Antilia is a private home in the Mumbai City district (South Mumbai) of Mumbai, India.
8002:123145997320192::Thread-163 2020-08-09 19:00:04.325 - It is the residence of Indian billionaire Mukesh Ambani and his family, who moved into it in 2012; at 27-storeys, 173 metres (567.585 feet) tall, over 400,000 square feet (37,161 square meters), and with amenities such as three helipads, a 168-car garage, a ballroom, 80-seat theater, terrace gardens, spa, and a temple, the skyscraper-mansion is one of world's largest and most elaborate private homes.As of May 2020, it is valued at $2.2 billion, deemed to be the world's second most valuable residential property, after British crown property Buckingham Palace, and the world's most valuable private residence.
8003:123145997320192::Thread-163 2020-08-09 19:00:04.498 - He has said that he learned then what it was like to be broke, making no money as an actor who "starved Off-Broadway" Jeremy soon found work posing for Playgirl after his then-girlfriend submitted his photo to the magazine.
8003:123145997320192::Thread-163 2020-08-09 19:00:04.499 - **END**
8005:123145997320192::Thread-163 2020-08-09 19:00:04.945 - **END**
8002:123145997320192::Thread-163 2020-08-09 19:00:04.984 - Its controversial design and ostentatious use by a single family has made it infamous in India and beyond, including severe criticism in the architectural press and mockery in popular media.It is located on Altamount Road, Cumballa Hill in Mumbai.
8002:123145997320192::Thread-163 2020-08-09 19:00:05.173 - Naming
The building is named after the mythical island Antillia.
8002:123145997320192::Thread-163 2020-08-09 19:00:05.507 - Construction

Antilia started building in 2006 and was built in consultation with US architecture firms Perkins and Will & Hirsch Bedner Associates, with the Australian-based construction company Leighton Contractors initially taking charge of its construction.
8002:123145997320192::Thread-163 2020-08-09 19:00:05.584 - The construction was completed by B.E.Billimoria & Company Ltd.
8002:123145997320192::Thread-163 2020-08-09 19:00:07.004 - The home has 27 floors with extra-high ceilings.
8004:123145997320192::Thread-163 2020-08-09 19:00:07.533 - **START**
8004:123145997320192::Thread-163 2020-08-09 19:00:07.539 - Starting new HTTPS connection (1): en.wikipedia.org
8004:123145997320192::Thread-163 2020-08-09 19:00:08.588 - John Felix Anthony Cena Jr. (; born April 23, 1977) is an American professional wrestler, actor, rapper, and television presenter.
8002:123145997320192::Thread-163 2020-08-09 19:00:08.625 - (Other buildings of equivalent height may have as many as 60 floors.)
8002:123145997320192::Thread-163 2020-08-09 19:00:10.458 - The home was also designed to survive an earthquake rated 8 on the Richter scale.
8004:123145997320192::Thread-163 2020-08-09 19:00:10.621 - He is currently signed to the WWE on a part-time deal, is the current host of Are You Smarter Than a Fifth Grader?
8002:123145997320192::Thread-163 2020-08-09 19:00:10.849 - It is considered by some to be the tallest single-family house in the world, but others disqualify the Antilia because it includes space for a staff of 600.
8002:123145997320192::Thread-163 2020-08-09 19:00:10.938 - Controversies
The 4,532-square-metre (1.120-acre) land on which Antilla was built housed an orphanage called Currimbhoy Ebrahim Khoja Yateemkhana with 60 orphans, and belonged to a charity run by the Wakf board.
8002:123145997320192::Thread-163 2020-08-09 19:00:12.939 - **END**
8004:123145997320192::Thread-163 2020-08-09 19:00:13.5 - on Nickelodeon and has starred in various films.
8004:123145997320192::Thread-163 2020-08-09 19:00:16.212 - Born and raised in West Newbury, Massachusetts, Cena moved to California in 1998 to pursue a career as a bodybuilder.
8004:123145997320192::Thread-163 2020-08-09 19:00:17.595 - He transitioned to professional wrestling in 1999 when he debuted for Ultimate Pro Wrestling (UPW).
8004:123145997320192::Thread-163 2020-08-09 19:00:20.08 - He signed with the World Wrestling Federation (WWF, now WWE) in 2001, where he was initially assigned to Ohio Valley Wrestling (OVW).
8004:123145997320192::Thread-163 2020-08-09 19:00:20.813 - He gained fame in the WWE after adopting the persona of a trash-talking rapper.
8004:123145997320192::Thread-163 2020-08-09 19:00:22.737 - He won his first singles title, the United States Championship, in 2004.
8004:123145997320192::Thread-163 2020-08-09 19:00:24.131 - The next year, he won the WWE Championship for the first time, and his character subsequently transitioned into a clean-cut "Superman-like" hero.
8004:123145997320192::Thread-163 2020-08-09 19:00:29.137 - **END**