8005:123145993113600::Thread-162 2020-08-09 18:59:31.232 - **START**
8005:123145993113600::Thread-162 2020-08-09 18:59:31.488 - Starting new HTTPS connection (1): en.wikipedia.org
8003:123145993113600::Thread-162 2020-08-09 18:59:34.288 - **START**
8003:123145993113600::Thread-162 2020-08-09 18:59:35.031 - Starting new HTTPS connection (1): en.wikipedia.org
8006:123145993113600::Thread-162 2020-08-09 18:59:35.27 - **START**
8005:123145993113600::Thread-162 2020-08-09 18:59:35.5 - The New York Yankees are an American professional baseball team based in the New York City borough of the Bronx.
8005:123145993113600::Thread-162 2020-08-09 18:59:35.95 - They compete in Major League Baseball (MLB) as a member club of the American League (AL) East division.
8004:123145993113600::Thread-162 2020-08-09 18:59:36.252 - **START**
8006:123145993113600::Thread-162 2020-08-09 18:59:36.722 - Starting new HTTPS connection (1): en.wikipedia.org
8005:123145993113600::Thread-162 2020-08-09 18:59:38.476 - They are one of two major league clubs based in New York City, the other being the National League's (NL) New York Mets.
8003:123145993113600::Thread-162 2020-08-09 18:59:38.822 - Princess Margaret, Countess of Snowdon,  (Margaret Rose; 21 August 1930 – 9 February 2002) was the younger daughter of King George VI and Queen Elizabeth, and the only sibling of Queen Elizabeth II.
8005:123145993113600::Thread-162 2020-08-09 18:59:38.916 - The Yankees began play in the 1901 season as the Baltimore Orioles (no relation to the modern Baltimore Orioles).
8003:123145993113600::Thread-162 2020-08-09 18:59:39.489 - Margaret spent much of her childhood with her parents and sister.
8004:123145993113600::Thread-162 2020-08-09 18:59:39.728 - Starting new HTTPS connection (1): en.wikipedia.org
8002:123145993113600::Thread-162 2020-08-09 18:59:40.355 - **START**
8003:123145993113600::Thread-162 2020-08-09 18:59:40.425 - Her life changed dramatically at the age of six, when her paternal uncle, King Edward VIII, abdicated to marry divorcée Wallis Simpson.
8002:123145993113600::Thread-162 2020-08-09 18:59:41.012 - Starting new HTTPS connection (1): en.wikipedia.org
8005:123145993113600::Thread-162 2020-08-09 18:59:41.374 - In 1903, Frank Farrell and Bill Devery purchased the franchise after it ceased operations and moved it to New York City, renaming the club the New York Highlanders.
8003:123145993113600::Thread-162 2020-08-09 18:59:42.022 - Margaret's father became king, and her sister became heir presumptive, with Margaret second in line to the throne.
8006:123145993113600::Thread-162 2020-08-09 18:59:42.202 - Saint Peter (r. AD 30; died between AD 64 and 68) also known as Simon Peter, Simeon, Simon ( (listen)), Cephas, or Peter the Apostle, was one of the Twelve Apostles of Jesus Christ, and one of the first leaders of the early Church.
8003:123145993113600::Thread-162 2020-08-09 18:59:42.517 - During the Second World War, the two sisters stayed at Windsor Castle despite suggestions to evacuate them to Canada.
8004:123145993113600::Thread-162 2020-08-09 18:59:43.816 - The Argentina national football team (Spanish: Selección de fútbol de Argentina) represents Argentina in men's international football and is administered by the Argentine Football Association, the governing body for football in Argentina.
8002:123145993113600::Thread-162 2020-08-09 18:59:44.371 - Vancouver ( (listen)) is a major city in western Canada, located in the Lower Mainland region of British Columbia.
8005:123145993113600::Thread-162 2020-08-09 18:59:44.448 - The Highlanders were officially renamed the New York Yankees in 1913.The team is owned by Yankee Global Enterprises, an LLC that is controlled by the family of the late George Steinbrenner, who purchased the team in 1973.
8006:123145993113600::Thread-162 2020-08-09 18:59:44.452 - According to Christian tradition, Peter was crucified in Rome under Emperor Nero.
8004:123145993113600::Thread-162 2020-08-09 18:59:44.733 - Argentina's home stadium is Estadio Monumental Antonio Vespucio Liberti in Buenos Aires.
8002:123145993113600::Thread-162 2020-08-09 18:59:45.194 - As the most populous city in the province, the 2016 census recorded 631,486 people in the city, up from 603,502 in 2011.
8003:123145993113600::Thread-162 2020-08-09 18:59:45.316 - During the war years, Margaret was considered too young to perform any official duties and instead continued her education.
8004:123145993113600::Thread-162 2020-08-09 18:59:45.434 - La Selección (national team), also known as the La Albiceleste, has appeared in five World Cup finals, including the first final in 1930, which they lost 4–2 to Uruguay.
8004:123145993113600::Thread-162 2020-08-09 18:59:45.553 - Argentina won in their next final appearance in 1978, beating the Netherlands at extra time, 3–1.
8006:123145993113600::Thread-162 2020-08-09 18:59:46.041 - He is traditionally counted as the first bishop of Rome‍—‌or pope‍—‌and also by Eastern Christian tradition as the first patriarch of Antioch.
8002:123145993113600::Thread-162 2020-08-09 18:59:46.085 - The Greater Vancouver area had a population of 2,463,431 in 2016, making it the third-largest metropolitan area in Canada.
8006:123145993113600::Thread-162 2020-08-09 18:59:46.143 - The ancient Christian churches all venerate Peter as a major saint and as the founder of the Church of Antioch and the Diocese of Rome, but differ in their attitudes regarding the authority of his successors.
8004:123145993113600::Thread-162 2020-08-09 18:59:46.3 - Argentina won again in 1986, through a 3–2 victory over West Germany, and a tournament campaign led by Diego Maradona.
8003:123145993113600::Thread-162 2020-08-09 18:59:46.534 - After the war, Margaret fell in love with Group Captain Peter Townsend.
8002:123145993113600::Thread-162 2020-08-09 18:59:46.673 - Vancouver has the highest population density in Canada, with over 5,400 people per square kilometre, which makes it the fifth-most densely populated city with over 250,000 residents in North America, behind New York City, Guadalajara, San Francisco, and Mexico City.
8004:123145993113600::Thread-162 2020-08-09 18:59:46.962 - They made the World Cup finals once more in 1990, and lost 1–0 to West Germany following a controversial penalty call in the 87th minute.
8005:123145993113600::Thread-162 2020-08-09 18:59:47.365 - Brian Cashman is the team's general manager, and Aaron Boone is the team's field manager.
8002:123145993113600::Thread-162 2020-08-09 18:59:47.407 - Vancouver is one of the most ethnically and linguistically diverse cities in Canada: 52% of its residents are not native English speakers, 48.9% are native speakers of neither English nor French, and 50.6% of residents belong to visible minority groups.Vancouver is consistently named as one of the top five worldwide cities for livability and quality of life, and the Economist Intelligence Unit acknowledged it as the first city ranked among the top ten of the world's most well-living cities for ten consecutive years.
8004:123145993113600::Thread-162 2020-08-09 18:59:47.572 - Argentina, led by Lionel Messi, made their fifth appearance in a World Cup final in 2014, again losing to Germany, 1–0 during extra-time.
8002:123145993113600::Thread-162 2020-08-09 18:59:48.098 - In 2011, the city planned to become the greenest city in the world by 2020.
8004:123145993113600::Thread-162 2020-08-09 18:59:48.29 - Argentina's World Cup winning managers are César Luis Menotti in 1978 and Carlos Bilardo in 1986.
8004:123145993113600::Thread-162 2020-08-09 18:59:48.602 - Argentina has also been very successful in the Copa América, winning it 14 times, second only to Uruguay.
8004:123145993113600::Thread-162 2020-08-09 18:59:48.792 - The team also won the 1992 FIFA Confederations Cup and the 1993 Artemio Franchi Trophy.
8004:123145993113600::Thread-162 2020-08-09 18:59:48.793 - **END**
8005:123145993113600::Thread-162 2020-08-09 18:59:48.849 - The team's home games were played at the original Yankee Stadium from 1923 to 1973 and from 1976 to 2008.
8003:123145993113600::Thread-162 2020-08-09 18:59:48.975 - In 1952, her father died, her sister became queen, and Townsend divorced his wife, Rosemary.
8003:123145993113600::Thread-162 2020-08-09 18:59:49.012 - He proposed to Margaret early the following year.
8006:123145993113600::Thread-162 2020-08-09 18:59:49.054 - According to Catholic teaching, in Matthew 16 (Matthew 16:18) Jesus promised Peter a special position in the Church.
8002:123145993113600::Thread-162 2020-08-09 18:59:49.1 - Vancouverism is the city's urban planning design philosophy.
8003:123145993113600::Thread-162 2020-08-09 18:59:49.287 - Many in the government believed that he would be an unsuitable husband for the Queen's 22-year-old sister, and the Church of England refused to countenance marriage to a divorced man.
8002:123145993113600::Thread-162 2020-08-09 18:59:49.981 - Vancouver was originally named Gastown and began as a settlement which grew around the site of a makeshift tavern on the western edges of Hastings Mill built on July 1, 1867, and owned by proprietor Gassy Jack.
8002:123145993113600::Thread-162 2020-08-09 18:59:50.791 - The original site is marked by the Gastown steam clock.
8005:123145993113600::Thread-162 2020-08-09 18:59:50.948 - In 1974 and 1975, the Yankees shared Shea Stadium with the Mets, in addition to the New York Jets and the New York Giants.
8002:123145993113600::Thread-162 2020-08-09 18:59:51.019 - Gastown then formally registered as a townsite dubbed Granville, Burrard Inlet.
8006:123145993113600::Thread-162 2020-08-09 18:59:51.359 - Two general epistles in the New Testament are ascribed to Peter, but modern scholars generally reject the Petrine authorship of both.
8003:123145993113600::Thread-162 2020-08-09 18:59:52.214 - Margaret eventually abandoned her plans with Townsend and married photographer Antony Armstrong-Jones in 1960; the Queen made him Earl of Snowdon.
8005:123145993113600::Thread-162 2020-08-09 18:59:53.871 - In 2009, they moved into a new ballpark of the same name that was constructed adjacent to the previous facility, which was closed and demolished.
8006:123145993113600::Thread-162 2020-08-09 18:59:54.048 - The Gospel of Mark was traditionally thought to show the influence of Peter's preaching and eyewitness memories.
8003:123145993113600::Thread-162 2020-08-09 18:59:54.219 - **END**
8006:123145993113600::Thread-162 2020-08-09 18:59:55.684 - Several other books bearing his name‍—‌the Acts of Peter, Gospel of Peter, Preaching of Peter, Apocalypse of Peter, and Judgment of Peter‍—‌are considered by Christian denominations as apocryphal, and are thus not included in their Bible canons.
8002:123145993113600::Thread-162 2020-08-09 18:59:56.021 - **END**
8006:123145993113600::Thread-162 2020-08-09 18:59:57.413 - Names and etymologies

Peter's original name, as indicated in the New Testament, was "Simon" (Σίμων Simōn in Greek) or (only in Acts 15:14 and 2 Peter 1:1) "Simeon" (Συμεών in Greek).
8006:123145993113600::Thread-162 2020-08-09 18:59:59.415 - **END**
8005:123145993113600::Thread-162 2020-08-09 18:59:59.909 - **END**
8004:123145993113600::Thread-162 2020-08-09 19:00:01.798 - **START**
8004:123145993113600::Thread-162 2020-08-09 19:00:02.165 - Starting new HTTPS connection (1): en.wikipedia.org
8003:123145993113600::Thread-162 2020-08-09 19:00:03.222 - **START**
8003:123145993113600::Thread-162 2020-08-09 19:00:03.247 - Starting new HTTPS connection (1): en.wikipedia.org
8004:123145993113600::Thread-162 2020-08-09 19:00:03.874 - Fußball-Club Bayern München e.V.
8004:123145993113600::Thread-162 2020-08-09 19:00:03.891 - (German pronunciation: [ˈfuːsbalˌklʊp ˈbaɪɐn ˈmʏnçn̩]), commonly known as FC Bayern München (German pronunciation: [ʔɛf tseː ˈbaɪɐn ˈmʏnçn̩]), FCB, Bayern Munich, or FC Bayern, is a German professional sports club based in Munich, Bavaria.
8004:123145993113600::Thread-162 2020-08-09 19:00:04.308 - It is best known for its professional football team, which plays in the Bundesliga, the top tier of the German football league system, and is the most successful club in German football history, having won a record 30 national titles, including 8 on the bounce since 2013, and 20 national cups, along with numerous European honours.FC Bayern was founded in 1900 by 11 football players, led by Franz John.
8004:123145993113600::Thread-162 2020-08-09 19:00:05.892 - Although Bayern won its first national championship in 1932, the club was not selected for the Bundesliga at its inception in 1963.
8003:123145993113600::Thread-162 2020-08-09 19:00:06.448 - Asa Akira (born January 3, 1986) is an American pornographic actress and adult film director.
8003:123145993113600::Thread-162 2020-08-09 19:00:06.597 - Akira has appeared in over 505 adult films as of May 2016.
8004:123145993113600::Thread-162 2020-08-09 19:00:07.618 - The club had its period of greatest success in the middle of the 1970s when, under the captaincy of Franz Beckenbauer, it won the European Cup three consecutive times (1974–1976).
8003:123145993113600::Thread-162 2020-08-09 19:00:08.112 - In 2013, she became the third Asian performer (after Asia Carrera and Stephanie Swift) to win the AVN Female Performer of the Year Award.
8004:123145993113600::Thread-162 2020-08-09 19:00:08.959 - Overall, Bayern has reached ten European Cup/UEFA Champions League finals, most recently winning their fifth title in 2013 as part of a continental treble.
8005:123145993113600::Thread-162 2020-08-09 19:00:09.912 - **START**
8005:123145993113600::Thread-162 2020-08-09 19:00:09.917 - Starting new HTTPS connection (1): en.wikipedia.org
8003:123145993113600::Thread-162 2020-08-09 19:00:10.704 - Akira is a two-time Pornhub Awards host, she hosted the 1st and 2nd ceremonies.
8003:123145993113600::Thread-162 2020-08-09 19:00:11.658 - Early life
Akira was born in Manhattan, New York, the only child of Japanese immigrant parents.
8004:123145993113600::Thread-162 2020-08-09 19:00:11.847 - Bayern has also won one UEFA Cup, one European Cup Winners' Cup, one UEFA Super Cup, one FIFA Club World Cup and two Intercontinental Cups, making it one of the most successful European clubs internationally and the only German club to have won both international titles.
8005:123145993113600::Thread-162 2020-08-09 19:00:12.02 - The Netherlands (Dutch: Nederland [ˈneːdərlɑnt] (listen)), informally Holland, is a country primarily located in Western Europe and partly in the Caribbean, forming the largest constituent country of the Kingdom of the Netherlands.
8002:123145993113600::Thread-162 2020-08-09 19:00:13.027 - **START**
8002:123145993113600::Thread-162 2020-08-09 19:00:13.031 - Starting new HTTPS connection (1): en.wikipedia.org
8003:123145993113600::Thread-162 2020-08-09 19:00:13.798 - She lived in SoHo and moved to Tokyo at age nine when her father, a portrait photographer, was relocated there for work.
8004:123145993113600::Thread-162 2020-08-09 19:00:13.915 - Since the formation of the Bundesliga, Bayern has been the dominant club in German football, winning 30 titles, including eight consecutively since 2013.
8005:123145993113600::Thread-162 2020-08-09 19:00:13.964 - In Europe, it consists of 12 provinces that border Germany to the east, Belgium to the south, and the North Sea to the northwest, with maritime borders in the North Sea with those countries and the United Kingdom.
8002:123145993113600::Thread-162 2020-08-09 19:00:15.091 - Alexander III of Macedon (Greek: Αλέξανδρος Γʹ ὁ Μακεδών, Aléxandros III ho Makedȏn; 20/21 July 356 BC – 10/11 June 323 BC), commonly known as Alexander the Great (Greek: Ἀλέξανδρος ὁ Μέγας, Aléxandros ho Mégas), was a king (basileus) of the ancient Greek kingdom of Macedon and a member of the Argead dynasty.
8002:123145993113600::Thread-162 2020-08-09 19:00:15.963 - He was born in Pella in 356 BC and succeeded his father Philip II to the throne at the age of 20.
8005:123145993113600::Thread-162 2020-08-09 19:00:16.027 - In the Caribbean, it consists of three special municipalities: the islands of Bonaire, Sint Eustatius and Saba.
8002:123145993113600::Thread-162 2020-08-09 19:00:16.34 - He spent most of his ruling years on an unprecedented military campaign through western Asia and northeast Africa, and by the age of thirty, he had created one of the largest empires of the ancient world, stretching from Greece to northwestern India.
8003:123145993113600::Thread-162 2020-08-09 19:00:16.405 - She returned to the United States at age 13 and moved to Downtown Brooklyn and later Clinton Hill.
8004:123145993113600::Thread-162 2020-08-09 19:00:16.549 - The club has traditional local rivalries with 1860 Munich and 1.
8003:123145993113600::Thread-162 2020-08-09 19:00:17.043 - In a 2014 interview, she described her childhood as being "perfectly normal".
8003:123145993113600::Thread-162 2020-08-09 19:00:17.751 - Her family spoke Japanese at home and were "health nuts" who avoided junk food.
8004:123145993113600::Thread-162 2020-08-09 19:00:18.554 - FC Nürnberg, as well as with Borussia Dortmund since the mid-1990s.
8005:123145993113600::Thread-162 2020-08-09 19:00:18.734 - The country's official language is Dutch, with West Frisian as a secondary official language in the province of Friesland, and English and Papiamentu as secondary official languages in the Caribbean Netherlands.
8004:123145993113600::Thread-162 2020-08-09 19:00:18.736 - Since the beginning of the 2005–06 season, Bayern has played its home games at the Allianz Arena.
8002:123145993113600::Thread-162 2020-08-09 19:00:19.099 - He was undefeated in battle and is widely considered one of history's most successful military commanders.During his youth, Alexander was tutored by Aristotle until age 16.
8003:123145993113600::Thread-162 2020-08-09 19:00:19.557 - As a teenager, Akira worked at the children's bookstore, Books of Wonder, as a cashier.Akira was able to secure a scholarship to attend United Nations International School in Manhattan because her grandfather was a Japanese diplomat for 45 years.
8005:123145993113600::Thread-162 2020-08-09 19:00:21.737 - Dutch Low Saxon and Limburgish are recognised regional languages (spoken in the east and southeast respectively), while Sinte Romani and Yiddish are recognised non-territorial languages.The four largest cities in the Netherlands are Amsterdam, Rotterdam, The Hague and Utrecht.
8002:123145993113600::Thread-162 2020-08-09 19:00:21.799 - After Philip's assassination in 336 BC, he succeeded his father to the throne and inherited a strong kingdom and an experienced army.
8005:123145993113600::Thread-162 2020-08-09 19:00:22.558 - Amsterdam is the country's most populous city and nominal capital, while The Hague holds the seat of the States General, Cabinet and Supreme Court.
8005:123145993113600::Thread-162 2020-08-09 19:00:23.07 - The Port of Rotterdam is the busiest seaport in Europe, and the busiest in any country outside East Asia and Southeast Asia, behind only China and Singapore.
8002:123145993113600::Thread-162 2020-08-09 19:00:23.399 - Alexander was awarded the generalship of Greece and used this authority to launch his father's pan-Hellenic project to lead the Greeks in the conquest of Persia.
8004:123145993113600::Thread-162 2020-08-09 19:00:23.738 - **END**
8002:123145993113600::Thread-162 2020-08-09 19:00:23.749 - In 334 BC, he invaded the Achaemenid Empire (Persian Empire) and began a series of campaigns that lasted 10 years.
8002:123145993113600::Thread-162 2020-08-09 19:00:24.507 - Following the conquest of Anatolia, Alexander broke the power of Persia in a series of decisive battles, most notably the battles of Issus and Gaugamela.
8002:123145993113600::Thread-162 2020-08-09 19:00:25.326 - He subsequently overthrew Persian King Darius III and conquered the Achaemenid Empire in its entirety.
8005:123145993113600::Thread-162 2020-08-09 19:00:25.446 - Amsterdam Airport Schiphol is the busiest airport in the Netherlands, and the third busiest in Europe.
8005:123145993113600::Thread-162 2020-08-09 19:00:25.587 - The country is a founding member of the EU, Eurozone, G10, NATO, OECD and WTO, as well as a part of the Schengen Area and the trilateral Benelux Union.
8005:123145993113600::Thread-162 2020-08-09 19:00:27.781 - It hosts several intergovernmental organisations and international courts, many of which are centered in The Hague, which is consequently dubbed 'the world's legal capital'.Netherlands literally means "lower countries" in reference to its low elevation and flat topography, with only about 50% of its land exceeding 1 metre (3 ft 3 in) above sea level, and nearly 17% falling below sea level.
8002:123145993113600::Thread-162 2020-08-09 19:00:28.091 - At that point, his empire stretched from the Adriatic Sea to the Beas River.
8003:123145993113600::Thread-162 2020-08-09 19:00:28.562 - **END**
8002:123145993113600::Thread-162 2020-08-09 19:00:36.096 - **END**
8005:123145993113600::Thread-162 2020-08-09 19:00:36.785 - **END**