8004:123145622933504::Thread-74 2020-08-09 18:59:28.212 - **START**
8004:123145622933504::Thread-74 2020-08-09 18:59:28.379 - Starting new HTTPS connection (1): en.wikipedia.org
8005:123145622933504::Thread-74 2020-08-09 18:59:29.21 - **START**
8005:123145622933504::Thread-74 2020-08-09 18:59:29.539 - Starting new HTTPS connection (1): en.wikipedia.org
8004:123145622933504::Thread-74 2020-08-09 18:59:30.524 - Michael Gerard Tyson (born June 30, 1966) is an American former professional boxer who competed from 1985 to 2005.
8004:123145622933504::Thread-74 2020-08-09 18:59:30.857 - He reigned as the undisputed world heavyweight champion from 1987 to 1990 and was the first heavyweight boxer to simultaneously hold the WBA, WBC, and IBF titles, as well as the only heavyweight to successively unify them.
8004:123145622933504::Thread-74 2020-08-09 18:59:30.891 - Claiming his first belt at 20 years, four months, and 22 days old, Tyson holds the record as the youngest boxer to win a heavyweight title.Tyson won his first 19 professional fights by knockout, 12 of them in the first round.
8004:123145622933504::Thread-74 2020-08-09 18:59:31.199 - He won the WBC title in 1986 after stopping Trevor Berbick in the second round, and added the WBA and IBF titles after defeating James Smith and Tony Tucker in 1987.
8003:123145622933504::Thread-74 2020-08-09 18:59:31.253 - **START**
8004:123145622933504::Thread-74 2020-08-09 18:59:31.77 - The following year, Tyson became the lineal champion when he knocked out Michael Spinks in 91 seconds of the first round.
8005:123145622933504::Thread-74 2020-08-09 18:59:31.818 - Jenna Jameson (born Jenna Marie Massoli; April 9, 1974) is an American model, former pornographic film actress, businesswoman, writer, and television personality.
8004:123145622933504::Thread-74 2020-08-09 18:59:32.131 - He successfully defended his titles nine times, which included victories over Larry Holmes and Frank Bruno.
8004:123145622933504::Thread-74 2020-08-09 18:59:32.474 - In 1990, Tyson lost the titles to underdog Buster Douglas, who knocked him out in the tenth round.
8003:123145622933504::Thread-74 2020-08-09 18:59:32.768 - Starting new HTTPS connection (1): en.wikipedia.org
8005:123145622933504::Thread-74 2020-08-09 18:59:33.123 - She has been named the world's most famous adult entertainment performer and "The Queen of Porn".She started acting in erotic videos in 1993 after having worked as a stripper and glamor model.
8002:123145622933504::Thread-74 2020-08-09 18:59:33.313 - **START**
8004:123145622933504::Thread-74 2020-08-09 18:59:33.362 - Attempting to regain the titles, Tyson defeated Donovan Ruddock twice in 1991, but pulled out of a fight with then-undisputed heavyweight champion Evander Holyfield (who had defeated Douglas later in 1990) due to a rib injury.
8004:123145622933504::Thread-74 2020-08-09 18:59:33.445 - In 1992, Tyson was convicted of rape and sentenced to six years in prison, although he was released on parole after three years.
8005:123145622933504::Thread-74 2020-08-09 18:59:33.669 - By 1996, she had won the "top newcomer" award from each of the three major adult movie organizations.
8004:123145622933504::Thread-74 2020-08-09 18:59:33.937 - While in prison, he converted to Islam and adopted the Muslim name Malik Abdul Aziz.
8002:123145622933504::Thread-74 2020-08-09 18:59:34.755 - Starting new HTTPS connection (1): en.wikipedia.org
8004:123145622933504::Thread-74 2020-08-09 18:59:34.938 - **END**
8005:123145622933504::Thread-74 2020-08-09 18:59:35.46 - She has since won more than 35 adult-video awards, and has been inducted into the X-Rated Critics Organization (XRCO) and Adult Video News (AVN) Halls of Fame.Jameson founded the adult-entertainment company ClubJenna in 2000 with Jay Grdina, whom she later married and divorced.
8006:123145622933504::Thread-74 2020-08-09 18:59:36.248 - **START**
8003:123145622933504::Thread-74 2020-08-09 18:59:36.332 - Leicester City Football Club is an English professional football club based in Leicester in the East Midlands.
8003:123145622933504::Thread-74 2020-08-09 18:59:36.584 - The club competes in the Premier League, the top division of England's football league system, and plays its home matches at the King Power Stadium.The club was founded in 1884 as Leicester Fosse F.C., playing on a field near Fosse Road.
8005:123145622933504::Thread-74 2020-08-09 18:59:36.701 - Initially, a single website, this business expanded into managing similar websites of other stars and began producing sexually explicit videos in 2001.
8006:123145622933504::Thread-74 2020-08-09 18:59:36.746 - Starting new HTTPS connection (1): en.wikipedia.org
8002:123145622933504::Thread-74 2020-08-09 18:59:37.068 - Gaius Julius Caesar ( SEE-zər, Latin: [ˈɡaːi.ʊs ˈjuːli.ʊs ˈkae̯.sar]; 12 July 100 BC – 15 March 44 BC) was a Roman general and statesman who played a critical role in the events that led to the demise of the Roman Republic and the rise of the Roman Empire.
8003:123145622933504::Thread-74 2020-08-09 18:59:37.447 - They moved to Filbert Street in 1891, were elected to the Football League in 1894 and adopted the name Leicester City in 1919.
8005:123145622933504::Thread-74 2020-08-09 18:59:37.688 - The first such movie, Briana Loves Jenna (with Briana Banks), was named at the 2003 AVN Awards as the best-selling and best-renting pornographic title for 2002.
8003:123145622933504::Thread-74 2020-08-09 18:59:37.747 - They moved to the nearby Walkers Stadium in 2002, which was renamed the King Power Stadium in 2011.Leicester won the 2015–16 Premier League, their first top-level football championship.
8002:123145622933504::Thread-74 2020-08-09 18:59:37.928 - In 60 BC, Caesar, Crassus and Pompey formed the First Triumvirate, a political alliance that dominated Roman politics for several years.
8002:123145622933504::Thread-74 2020-08-09 18:59:37.967 - Their attempts to amass power as Populares were opposed by the Optimates within the Roman Senate, among them Cato the Younger with the frequent support of Cicero.
8005:123145622933504::Thread-74 2020-08-09 18:59:38.042 - By 2005, ClubJenna had revenues of US$30 million with profits estimated at half that.
8002:123145622933504::Thread-74 2020-08-09 18:59:38.254 - Caesar rose to become one of the most powerful politicians in the Roman Republic through a string of military victories in the Gallic Wars, completed by 51 BC.
8002:123145622933504::Thread-74 2020-08-09 18:59:38.851 - During this time he both invaded Britain and built a bridge across the Rhine river, greatly extending Roman territory.
8003:123145622933504::Thread-74 2020-08-09 18:59:39.418 - They are one of only seven clubs to have won the Premier League since its inception in 1992.
8002:123145622933504::Thread-74 2020-08-09 18:59:39.517 - These achievements and the support of his veteran army threatened to eclipse the standing of Pompey, who had realigned himself with the Senate after the death of Crassus in 53 BC.
8005:123145622933504::Thread-74 2020-08-09 18:59:40.023 - Advertisements for her site and films, often bearing her picture, have towered on a 48-foot-tall billboard in New York City's Times Square.Jameson has also crossed over into mainstream pop culture, starting with a minor role in Howard Stern's 1997 film Private Parts.
8002:123145622933504::Thread-74 2020-08-09 18:59:40.066 - With the Gallic Wars concluded, the Senate ordered Caesar to step down from his military command and return to Rome.
8002:123145622933504::Thread-74 2020-08-09 18:59:40.285 - Leaving his command in Gaul would mean losing his immunity to criminal prosecution by his enemies; knowing this, Caesar openly defied the Senate's authority by crossing the Rubicon and marching towards Rome at the head of an army.
8003:123145622933504::Thread-74 2020-08-09 18:59:40.741 - A number of newspapers described Leicester's title win as the greatest sporting shock ever; multiple bookmakers had never paid out at such long odds for any sport.
8006:123145622933504::Thread-74 2020-08-09 18:59:40.783 - Ronald Wilson Reagan (; February 6, 1911 – June 5, 2004) was an American politician who served as the 40th president of the United States from 1981 to 1989 and became a highly influential voice of modern conservatism.
8005:123145622933504::Thread-74 2020-08-09 18:59:40.881 - Her mainstream appearances continued with several guest-hosting and guest-starring on various television programs.
8006:123145622933504::Thread-74 2020-08-09 18:59:41.017 - Prior to his presidency, he was a Hollywood actor and union leader before serving as the 33rd governor of California from 1967 to 1975.
8002:123145622933504::Thread-74 2020-08-09 18:59:41.07 - This began Caesar's civil war, which he won, leaving him in a position of near unchallenged power and influence.
8002:123145622933504::Thread-74 2020-08-09 18:59:41.654 - After assuming control of government, Caesar began a program of social and governmental reforms, including the creation of the Julian calendar.
8005:123145622933504::Thread-74 2020-08-09 18:59:41.807 - Playboy TV hosted her Jenna's American Sex Star reality show, in which aspiring porn stars competed for a ClubJenna contract.
8006:123145622933504::Thread-74 2020-08-09 18:59:41.944 - Reagan was raised in a low-income family in small towns of northern Illinois.
8002:123145622933504::Thread-74 2020-08-09 18:59:42.245 - He gave citizenship to many residents of far regions of the Roman Republic.
8002:123145622933504::Thread-74 2020-08-09 18:59:42.378 - He initiated land reform and support for veterans.
8003:123145622933504::Thread-74 2020-08-09 18:59:42.806 - As a result, the team was dubbed "The Unbelievables", a spin-off harking back to Arsenal's undefeated team "The Invincibles".
8003:123145622933504::Thread-74 2020-08-09 18:59:43.289 - The club's previous highest finish was second place in the top flight, in 1928–29, then known as the First Division.
8006:123145622933504::Thread-74 2020-08-09 18:59:43.623 - He graduated from Eureka College in 1932 and worked as a radio sports commentator.
8003:123145622933504::Thread-74 2020-08-09 18:59:43.761 - Throughout their history, Leicester have spent all but one season in the top two divisions of English football.
8003:123145622933504::Thread-74 2020-08-09 18:59:45.344 - They hold a joint-highest seven second-tier titles (six Second Division and one Championship).
8002:123145622933504::Thread-74 2020-08-09 18:59:45.383 - **END**
8005:123145622933504::Thread-74 2020-08-09 18:59:45.81 - **END**
8006:123145622933504::Thread-74 2020-08-09 18:59:45.965 - After moving to California in 1937, he found work as an actor and starred in a few major productions.
8004:123145622933504::Thread-74 2020-08-09 18:59:46.94 - **START**
8004:123145622933504::Thread-74 2020-08-09 18:59:46.945 - Starting new HTTPS connection (1): en.wikipedia.org
8006:123145622933504::Thread-74 2020-08-09 18:59:47.448 - As president of the Screen Actors Guild, Reagan worked to root out communist influence.
8004:123145622933504::Thread-74 2020-08-09 18:59:48.227 - Shanghai Tower (Chinese: 上海中心大厦; pinyin: Shànghǎi Zhōngxīn Dàshà; Shanghainese: Zånhe Tsonshin Dasa; lit.
8006:123145622933504::Thread-74 2020-08-09 18:59:50.162 - In the 1950s, he moved into television and was a motivational speaker at General Electric factories.
8004:123145622933504::Thread-74 2020-08-09 18:59:50.519 - : 'Shanghai Center Building') is a 632-metre (2,073 ft), 128-story megatall skyscraper in Lujiazui, Pudong, Shanghai.
8006:123145622933504::Thread-74 2020-08-09 18:59:50.931 - In 1964, his speech "A Time for Choosing" earned him national attention as a new conservative spokesman.
8004:123145622933504::Thread-74 2020-08-09 18:59:51.35 - It is the world's second-tallest building by height to architectural top and it shares the record (along with the Ping An Finance Center) of having the world's highest observation deck within a building or structure at 562 m. It had the world's second-fastest elevators at a top speed of 20.5 metres per second (74 km/h; 46 mph) until 2017,  when it was surpassed by the Guangzhou CTF Finance Centre, with a top speed of 21 metres per second (76 km/h; 47 mph).
8004:123145622933504::Thread-74 2020-08-09 18:59:51.665 - Designed by international design firm Gensler and owned by the Shanghai city government, it is the tallest of the world's first triple-adjacent supertall buildings in Pudong, the other two being the Jin Mao Tower and the Shanghai World Financial Center.
8003:123145622933504::Thread-74 2020-08-09 18:59:52.35 - **END**
8006:123145622933504::Thread-74 2020-08-09 18:59:52.694 - Building a network of supporters, Reagan was elected governor of California in 1966.
8004:123145622933504::Thread-74 2020-08-09 18:59:54.241 - Its tiered construction, designed for high energy efficiency, provides nine separate zones divided between office, retail and leisure use.Construction work on the tower began in November 2008 and topped out on 3 August 2013.
8006:123145622933504::Thread-74 2020-08-09 18:59:54.537 - As governor, he raised taxes, turned a state budget deficit to a surplus, challenged the protesters at UC Berkeley, and ordered in National Guard troops during a period of protest movements.
8004:123145622933504::Thread-74 2020-08-09 18:59:54.91 - The exterior was completed in summer 2015, and work was considered complete in September 2015.
8002:123145622933504::Thread-74 2020-08-09 18:59:55.385 - **START**
8002:123145622933504::Thread-74 2020-08-09 18:59:55.39 - Starting new HTTPS connection (1): en.wikipedia.org
8006:123145622933504::Thread-74 2020-08-09 18:59:55.539 - **END**
8004:123145622933504::Thread-74 2020-08-09 18:59:55.704 - Although the building was originally scheduled to open to the public in November 2014, the actual public-use date slipped considerably.
8002:123145622933504::Thread-74 2020-08-09 18:59:56.433 - Angelina Jolie (; née Voight, formerly Jolie Pitt, born June 4, 1975) is an American actress, filmmaker, and humanitarian.
8002:123145622933504::Thread-74 2020-08-09 18:59:56.666 - The recipient of numerous accolades, including an Academy Award and three Golden Globe Awards, she has been named Hollywood's highest-paid actress multiple times.
8006:123145622933504::Thread-74 2020-08-09 18:59:57.545 - **START**
8004:123145622933504::Thread-74 2020-08-09 18:59:57.551 - The observation deck was opened to visitors in July 2016; the period from July through September 2016 was termed a "test run" or "commissioning" period.
8006:123145622933504::Thread-74 2020-08-09 18:59:57.552 - Starting new HTTPS connection (1): en.wikipedia.org
8002:123145622933504::Thread-74 2020-08-09 18:59:57.659 - Jolie made her screen debut as a child alongside her father, Jon Voight, in Lookin' to Get Out (1982), and her film career began in earnest a decade later with the low-budget production Cyborg 2 (1993), followed by her first leading role in a major film, Hackers (1995).
8002:123145622933504::Thread-74 2020-08-09 18:59:57.749 - She starred in the critically acclaimed biographical cable films George Wallace (1997) and Gia (1998), and won an Academy Award for Best Supporting Actress for her performance in the drama Girl, Interrupted (1999).
8005:123145622933504::Thread-74 2020-08-09 18:59:57.816 - **START**
8005:123145622933504::Thread-74 2020-08-09 18:59:57.822 - Starting new HTTPS connection (1): en.wikipedia.org
8002:123145622933504::Thread-74 2020-08-09 18:59:58.164 - Her starring role as the video game heroine Lara Croft in Lara Croft: Tomb Raider (2001) established her as a leading Hollywood actress.
8006:123145622933504::Thread-74 2020-08-09 18:59:58.454 - Michael Jerome Oher (; né Williams Jr.; born May 28, 1986) is a former American professional football player who was an offensive tackle in the National Football League (NFL).
8006:123145622933504::Thread-74 2020-08-09 18:59:58.562 - He played college football for the University of Mississippi where he earned unanimous All-American honors, and was drafted by the Baltimore Ravens in the first round of the 2009 NFL Draft.
8006:123145622933504::Thread-74 2020-08-09 18:59:58.825 - He also played for the Tennessee Titans and Carolina Panthers.
8004:123145622933504::Thread-74 2020-08-09 18:59:59.055 - Since April 26, 2017, the sightseeing deck on the 118th floor has been open to the public.
8002:123145622933504::Thread-74 2020-08-09 18:59:59.125 - She continued her action-star career with Mr. & Mrs. Smith (2005), Wanted (2008), and Salt (2010), and received critical acclaim for her performances in the dramas A Mighty Heart (2007) and Changeling (2008), which earned her a nomination for an Academy Award for Best Actress.
8006:123145622933504::Thread-74 2020-08-09 18:59:59.151 - Oher's life through his final year of high school and first year of college is one of the subjects of Michael Lewis' 2006 book, The Blind Side: Evolution of a Game, and was featured in the Academy Award-winning 2009 film The Blind Side.
8004:123145622933504::Thread-74 2020-08-09 18:59:59.337 - Since opening the tower has had significant maintenance issues and remains largely unoccupied.
8002:123145622933504::Thread-74 2020-08-09 18:59:59.737 - Her biggest commercial success came with the fantasy picture Maleficent (2014).
8006:123145622933504::Thread-74 2020-08-09 18:59:59.817 - Early life
Born Michael Jerome Williams, Jr., in Memphis, Tennessee, he was one of 12 children of Denise Oher.
8002:123145622933504::Thread-74 2020-08-09 19:00:00.032 - In the 2010s, Jolie expanded her career into directing, screenwriting, and producing, with the war dramas In the Land of Blood and Honey (2011), Unbroken (2014), and First They Killed My Father (2017).
8006:123145622933504::Thread-74 2020-08-09 19:00:00.309 - His mother suffered from alcoholism and crack cocaine addiction, and his father, Michael Jerome Williams, was frequently in prison.
8006:123145622933504::Thread-74 2020-08-09 19:00:00.55 - He received little attention and discipline during his childhood.
8005:123145622933504::Thread-74 2020-08-09 19:00:01.336 - David Robert Jones (8 January 1947 – 10 January 2016), better known by his stage name David Bowie ( BOH-ee), was an English singer-songwriter and actor.
8006:123145622933504::Thread-74 2020-08-09 19:00:01.484 - He repeated first and second grades, and attended eleven schools during his first nine years as a student.
8006:123145622933504::Thread-74 2020-08-09 19:00:02.436 - He was placed in foster care at age seven, and alternated between living in various foster homes and periods of homelessness.
8002:123145622933504::Thread-74 2020-08-09 19:00:03.034 - **END**
8006:123145622933504::Thread-74 2020-08-09 19:00:03.042 - Oher's father was a former cellmate of Denise Oher's brother and was murdered in prison when Oher was a senior in high school.Oher played football during his freshman year at a public high school in Memphis.
8005:123145622933504::Thread-74 2020-08-09 19:00:03.333 - He was a leading figure in the music industry and is regarded as one of the most influential musicians of the 20th century.
8005:123145622933504::Thread-74 2020-08-09 19:00:05.319 - He was acclaimed by critics and musicians, particularly for his innovative work during the 1970s.
8004:123145622933504::Thread-74 2020-08-09 19:00:05.341 - **END**
8005:123145622933504::Thread-74 2020-08-09 19:00:05.408 - His career was marked by reinvention and visual presentation, with his music and stagecraft having a significant impact on popular music.
8005:123145622933504::Thread-74 2020-08-09 19:00:05.506 - During his lifetime, his record sales, estimated at over 100 million records worldwide, made him one of the best-selling music artists of all time.
8006:123145622933504::Thread-74 2020-08-09 19:00:07.048 - **END**
8005:123145622933504::Thread-74 2020-08-09 19:00:07.636 - In the UK, he was awarded ten platinum album certifications, eleven gold and eight silver, and released eleven number-one albums.
8003:123145622933504::Thread-74 2020-08-09 19:00:09.352 - **START**
8003:123145622933504::Thread-74 2020-08-09 19:00:09.355 - Starting new HTTPS connection (1): en.wikipedia.org
8005:123145622933504::Thread-74 2020-08-09 19:00:10.031 - In the US, he received five platinum and nine gold certifications.
8005:123145622933504::Thread-74 2020-08-09 19:00:10.599 - He was inducted into the Rock and Roll Hall of Fame in 1996.
8005:123145622933504::Thread-74 2020-08-09 19:00:12.272 - Rolling Stone placed him among its list of the 100 Greatest Artists of All Time and following his death in 2016, Bowie was dubbed "The Greatest Rock Star Ever" by the magazine.Born in Brixton, South London, Bowie developed an interest in music as a child, eventually studying art, music and design before embarking on a professional career as a musician in 1963.
8003:123145622933504::Thread-74 2020-08-09 19:00:12.339 - Mumbai (English: , Marathi: [ˈmumbəi]; colloquially known as Bombay , the official name until 1995) is the capital city of the Indian state of Maharashtra.
8003:123145622933504::Thread-74 2020-08-09 19:00:13.201 - According to United Nations, as of 2018, Mumbai is the most populous city in the country and the seventh-most populous city in the world with a population of roughly 20 million.
8003:123145622933504::Thread-74 2020-08-09 19:00:13.499 - As per Indian government population census of 2011, Mumbai is the most populous city in India with an estimated city proper population of 12.5 million living under Municipal Corporation of Greater Mumbai.
8005:123145622933504::Thread-74 2020-08-09 19:00:13.615 - "Space Oddity" became his first top-five entry on the UK Singles Chart after its release in July 1969.
8003:123145622933504::Thread-74 2020-08-09 19:00:15.299 - Mumbai is the centre of the Mumbai Metropolitan Region, the sixth most populous metropolitan area in the world with a population of over 23 million.
8003:123145622933504::Thread-74 2020-08-09 19:00:18.064 - Mumbai lies on the Konkan coast on the west coast of India and has a deep natural harbour.
8003:123145622933504::Thread-74 2020-08-09 19:00:19.324 - In 2008, Mumbai was named an alpha world city.
8005:123145622933504::Thread-74 2020-08-09 19:00:19.619 - **END**
8003:123145622933504::Thread-74 2020-08-09 19:00:20.441 - It has the highest number of millionaires and billionaires among all cities in India.
8003:123145622933504::Thread-74 2020-08-09 19:00:23.075 - Mumbai is home to three UNESCO World Heritage Sites: the Elephanta Caves, Chhatrapati Shivaji Maharaj Terminus, and the city's distinctive ensemble of Victorian and Art Deco buildings.The seven islands that constitute Mumbai were originally home to communities of Marathi language speaking Koli people,  For centuries, the islands were under the control of successive indigenous empires before being ceded to the Portuguese Empire and subsequently to the East India Company when in 1661 Charles II of England married Catherine of Braganza and as part of her dowry Charles received the ports of Tangier and Seven Islands of Bombay.
8003:123145622933504::Thread-74 2020-08-09 19:00:24.019 - During the mid-18th century, Bombay was reshaped by the Hornby Vellard project, which undertook reclamation of the area between the seven islands from the sea.
8003:123145622933504::Thread-74 2020-08-09 19:00:25.443 - Along with construction of major roads and railways, the reclamation project, completed in 1845, transformed Bombay into a major seaport on the Arabian Sea.
8003:123145622933504::Thread-74 2020-08-09 19:00:32.449 - **END**