8004:123145942634496::Thread-150 2020-08-09 18:59:28.218 - **START**
8003:123145942634496::Thread-150 2020-08-09 18:59:28.276 - **START**
8004:123145942634496::Thread-150 2020-08-09 18:59:28.381 - Starting new HTTPS connection (1): en.wikipedia.org
8003:123145942634496::Thread-150 2020-08-09 18:59:28.582 - Starting new HTTPS connection (1): en.wikipedia.org
8003:123145942634496::Thread-150 2020-08-09 18:59:32.037 - Diana, Princess of Wales (born Diana Frances Spencer; 1 July 1961 – 31 August 1997) was a member of the British royal family.
8004:123145942634496::Thread-150 2020-08-09 18:59:32.192 - Fleetwood Mac are a British-American rock band, formed in London in 1967.
8005:123145942634496::Thread-150 2020-08-09 18:59:34.284 - **START**
8003:123145942634496::Thread-150 2020-08-09 18:59:35.011 - She was the first wife of Charles, Prince of Wales, the heir apparent to the British throne, and the mother of Prince William and Prince Harry.
8004:123145942634496::Thread-150 2020-08-09 18:59:35.13 - They have sold more than 120 million records worldwide, making them one of the world's best-selling bands.
8002:123145942634496::Thread-150 2020-08-09 18:59:35.381 - **START**
8005:123145942634496::Thread-150 2020-08-09 18:59:36.043 - Starting new HTTPS connection (1): en.wikipedia.org
8006:123145942634496::Thread-150 2020-08-09 18:59:36.267 - **START**
8003:123145942634496::Thread-150 2020-08-09 18:59:36.703 - Diana's activism and glamour made her an international icon and earned her an enduring popularity as well as an unprecedented public scrutiny, exacerbated by her tumultuous private life.
8006:123145942634496::Thread-150 2020-08-09 18:59:36.758 - Starting new HTTPS connection (1): en.wikipedia.org
8002:123145942634496::Thread-150 2020-08-09 18:59:36.985 - Starting new HTTPS connection (1): en.wikipedia.org
8004:123145942634496::Thread-150 2020-08-09 18:59:37.371 - In 1979, Fleetwood Mac were honoured with a star on the Hollywood Walk of Fame.
8003:123145942634496::Thread-150 2020-08-09 18:59:38.242 - Diana was born into the British nobility and grew up close to the royal family on their Sandringham estate.
8003:123145942634496::Thread-150 2020-08-09 18:59:38.506 - The youngest daughter of John Spencer, 8th Earl Spencer, and Frances Shand Kydd, she was strongly affected by their divorce in 1967.
8004:123145942634496::Thread-150 2020-08-09 18:59:38.985 - In 1998 the band was inducted into the Rock and Roll Hall of Fame and received the Brit Award for Outstanding Contribution to Music.Fleetwood Mac was founded by guitarist Peter Green, drummer Mick Fleetwood, guitarist Jeremy Spencer and bassist John McVie completed the lineup for their self-titled debut album.
8004:123145942634496::Thread-150 2020-08-09 18:59:39.67 - Danny Kirwan joined as a third guitarist in 1968.
8006:123145942634496::Thread-150 2020-08-09 18:59:39.906 - Cleopatra VII Philopator (Koinē Greek: Κλεοπάτρα Φιλοπάτωρ, Kleopátra Philopátōr; 69 – 10 or 12 August 30 BC) was the last active ruler of the Ptolemaic Kingdom of Egypt.
8006:123145942634496::Thread-150 2020-08-09 18:59:40.005 - As a member of the Ptolemaic dynasty, she was a descendant of its founder Ptolemy I Soter, a Macedonian Greek general and companion of Alexander the Great.
8003:123145942634496::Thread-150 2020-08-09 18:59:40.33 - She did not distinguish herself academically, but was talented in music, dance, and sports.
8006:123145942634496::Thread-150 2020-08-09 18:59:40.599 - After the death of Cleopatra, Egypt became a province of the Roman Empire, marking the end of the second to last Hellenistic state and the age that had lasted since the reign of Alexander (336–323 BC).
8005:123145942634496::Thread-150 2020-08-09 18:59:40.6 - Mackenzie Christine Foy (born November 10, 2000) is an American actress and model.
8006:123145942634496::Thread-150 2020-08-09 18:59:41.036 - Her native language was Koine Greek, and she was the only Ptolemaic ruler to learn the Egyptian language.In 58 BC, Cleopatra presumably accompanied her father, Ptolemy XII, during his exile to Rome after a revolt in Egypt (a Roman client state) allowing his daughter Berenice IV to claim the throne.
8005:123145942634496::Thread-150 2020-08-09 18:59:41.271 - She is known for portraying Renesmee Cullen in the 2012 film The Twilight Saga: Breaking Dawn – Part 2, which earned her a Young Artist Award nomination as Best Supporting Young Actress in a Feature Film; as the young Murphy in the 2014 space epic Interstellar, for which she received a Saturn Award for Best Performance by a Younger Actor among other awards nominations; and as Clara in Disney's The Nutcracker and the Four Realms.
8002:123145942634496::Thread-150 2020-08-09 18:59:41.484 - Charles, Prince of Wales (Charles Philip Arthur George; born 14 November 1948) is the heir apparent to the British throne as the eldest child of Queen Elizabeth II.
8004:123145942634496::Thread-150 2020-08-09 18:59:41.53 - Keyboardist Christine Perfect, who contributed as a session musician from the second album, married McVie and joined in 1970.
8002:123145942634496::Thread-150 2020-08-09 18:59:41.704 - He has been Duke of Cornwall and Duke of Rothesay since 1952, and he is the oldest and longest-serving heir apparent in British history.
8006:123145942634496::Thread-150 2020-08-09 18:59:41.959 - Berenice was killed in 55 BC when Ptolemy returned to Egypt with Roman military assistance.
8005:123145942634496::Thread-150 2020-08-09 18:59:41.98 - Early life
Foy was born on November 10, 2000.
8003:123145942634496::Thread-150 2020-08-09 18:59:42.007 - In 1978, she moved to London, where she lived with flatmates and took on various low-paying jobs.
8002:123145942634496::Thread-150 2020-08-09 18:59:42.044 - He is also the longest-serving Prince of Wales, having held that title since 1958.Charles was born at Buckingham Palace as the first grandchild of King George VI and Queen Elizabeth.
8002:123145942634496::Thread-150 2020-08-09 18:59:42.36 - He was educated at Cheam and Gordonstoun schools, which his father, Prince Philip, Duke of Edinburgh, had attended as a child.
8005:123145942634496::Thread-150 2020-08-09 18:59:42.422 - She was born and raised in Los Angeles.
8004:123145942634496::Thread-150 2020-08-09 18:59:42.504 - Primarily a British blues band, Fleetwood Mac scored a UK number one with "Albatross", and had other hits such as the singles "Oh Well" and "Man of the World".
8006:123145942634496::Thread-150 2020-08-09 18:59:42.519 - When he died in 51 BC, the joint reign of Cleopatra and her brother Ptolemy XIII began, but a falling-out between them led to open civil war.
8006:123145942634496::Thread-150 2020-08-09 18:59:42.976 - After losing the 48 BC Battle of Pharsalus in Greece against his rival Julius Caesar (a Roman dictator and consul) in Caesar's Civil War, the Roman statesman Pompey fled to Egypt.
8002:123145942634496::Thread-150 2020-08-09 18:59:43.084 - Charles also spent a year at the Timbertop campus of Geelong Grammar School in Victoria, Australia.
8002:123145942634496::Thread-150 2020-08-09 18:59:43.338 - After earning a Bachelor of Arts degree from the University of Cambridge, Charles served in the Royal Air Force and Royal Navy from 1971 to 1976.
8006:123145942634496::Thread-150 2020-08-09 18:59:43.491 - Pompey had been a political ally of Ptolemy XII, but Ptolemy XIII, at the urging of his court eunuchs, had Pompey ambushed and killed before Caesar arrived and occupied Alexandria.
8006:123145942634496::Thread-150 2020-08-09 18:59:43.631 - Caesar then attempted to reconcile the rival Ptolemaic siblings, but Ptolemy's chief adviser Potheinos viewed Caesar's terms as favoring Cleopatra, so his forces besieged her and Caesar at the palace.
8006:123145942634496::Thread-150 2020-08-09 18:59:44.248 - Shortly after the siege was lifted by reinforcements, Ptolemy XIII died in the 47 BC Battle of the Nile; Cleopatra's half-sister Arsinoe IV was eventually exiled to Ephesus for her role in carrying out the siege.
8002:123145942634496::Thread-150 2020-08-09 18:59:44.314 - In 1981, he married Lady Diana Spencer, and they had two sons: Prince William (b.
8003:123145942634496::Thread-150 2020-08-09 18:59:44.384 - Diana came to prominence in 1981 upon her engagement to Prince Charles, the eldest son of Queen Elizabeth II, after a brief courtship.
8002:123145942634496::Thread-150 2020-08-09 18:59:44.4 - 1982) and Prince Harry (b.
8003:123145942634496::Thread-150 2020-08-09 18:59:44.718 - Their wedding took place at St Paul's Cathedral in 1981 and made her Princess of Wales, a role in which she was enthusiastically received by the public.
8002:123145942634496::Thread-150 2020-08-09 18:59:44.802 - 1984).
8005:123145942634496::Thread-150 2020-08-09 18:59:44.951 - Her father, a truck driver, and mother, a homemaker, had no connections to the film industry.
8002:123145942634496::Thread-150 2020-08-09 18:59:45.154 - In 1996, the couple divorced following well-publicised extramarital affairs by both parties.
8005:123145942634496::Thread-150 2020-08-09 18:59:45.159 - Foy began modeling at age 3, and started acting at age 9.
8004:123145942634496::Thread-150 2020-08-09 18:59:45.283 - All three guitarists left in succession during the early 1970s, to be replaced by guitarists Bob Welch and Bob Weston and vocalist Dave Walker.
8005:123145942634496::Thread-150 2020-08-09 18:59:45.888 - Career
Foy began modeling in print ads in 2004, working for Garnet Hill, Polo Ralph Lauren and Guess.
8002:123145942634496::Thread-150 2020-08-09 18:59:45.948 - Diana died as the result of a car crash in Paris the following year.
8003:123145942634496::Thread-150 2020-08-09 18:59:46.148 - The couple had two sons, the princes William and Harry, who were then second and third in the line of succession to the British throne.
8004:123145942634496::Thread-150 2020-08-09 18:59:47.285 - By 1974, all three had either departed or been dismissed, leaving the band without a male lead vocalist or guitarist.
8004:123145942634496::Thread-150 2020-08-09 18:59:47.865 - In late 1974, while Fleetwood was scouting studios in Los Angeles, he was introduced to folk-rock duo Lindsey Buckingham and Stevie Nicks.
8005:123145942634496::Thread-150 2020-08-09 18:59:47.938 - From there, she modeled for companies such as The Walt Disney Company, Mattel and Gap.Foy's acting career began when she was nine years old, when she guest-starred in television shows such as 'Til Death, FlashForward and Hawaii Five-0.
8002:123145942634496::Thread-150 2020-08-09 18:59:47.952 - **END**
8003:123145942634496::Thread-150 2020-08-09 18:59:48.154 - **END**
8006:123145942634496::Thread-150 2020-08-09 18:59:48.253 - **END**
8006:123145942634496::Thread-150 2020-08-09 18:59:49.257 - **START**
8006:123145942634496::Thread-150 2020-08-09 18:59:49.263 - Starting new HTTPS connection (1): en.wikipedia.org
8002:123145942634496::Thread-150 2020-08-09 18:59:49.959 - **START**
8002:123145942634496::Thread-150 2020-08-09 18:59:50.002 - Starting new HTTPS connection (1): en.wikipedia.org
8005:123145942634496::Thread-150 2020-08-09 18:59:50.115 - In 2010, she was cast as Renesmee Cullen in the film adaptation of Stephenie Meyer's book Breaking Dawn, the fourth and final novel in the Twilight saga series.
8005:123145942634496::Thread-150 2020-08-09 18:59:50.234 - The first movie, The Twilight Saga: Breaking Dawn – Part 1, in which Renesmee is shown only in a flash forward, was released on November 18, 2011, while the second, The Twilight Saga: Breaking Dawn – Part 2, on November 16, 2012.
8006:123145942634496::Thread-150 2020-08-09 18:59:50.472 - The Red Fort is a historic fort in the city of Delhi (in Old Delhi) in India that served as the main residence of the Mughal Emperors.
8002:123145942634496::Thread-150 2020-08-09 18:59:51.098 - Freddie Mercury (born Farrokh Bulsara; 5 September 1946 – 24 November 1991) was a British singer, songwriter, record producer, and lead vocalist of the rock band Queen.
8006:123145942634496::Thread-150 2020-08-09 18:59:51.442 - Emperor Shah Jahan commissioned reconstruction of the Red Fort on 12 May 1638, when he decided to shift his capital from Agra to Delhi.
8002:123145942634496::Thread-150 2020-08-09 18:59:51.991 - Regarded as one of the greatest lead singers in the history of rock music, he was known for his flamboyant stage persona and four-octave vocal range.
8006:123145942634496::Thread-150 2020-08-09 18:59:52.384 - Originally red and white, its design is credited to architect Ustad Ahmad Lahori, who also constructed the Taj Mahal.
8006:123145942634496::Thread-150 2020-08-09 18:59:52.815 - It was reconstructed between May 1639 and April 1648.
8002:123145942634496::Thread-150 2020-08-09 18:59:52.836 - Mercury defied the conventions of a rock frontman, with his highly theatrical style influencing the artistic direction of Queen.
8006:123145942634496::Thread-150 2020-08-09 18:59:53.109 - On 15 August 1947, the first prime minister of India, Jawaharlal Nehru, raised the Indian national flag above the Lahori Gate.
8002:123145942634496::Thread-150 2020-08-09 18:59:53.158 - Born in 1946 in Zanzibar to Parsi-Indian parents, he attended English-style boarding schools in India from the age of eight and returned to Zanzibar after secondary school.
8003:123145942634496::Thread-150 2020-08-09 18:59:53.158 - **START**
8003:123145942634496::Thread-150 2020-08-09 18:59:53.169 - Starting new HTTPS connection (1): en.wikipedia.org
8002:123145942634496::Thread-150 2020-08-09 18:59:53.755 - In 1964, his family fled the Zanzibar Revolution, moving to Middlesex, England.
8006:123145942634496::Thread-150 2020-08-09 18:59:53.988 - Every year on India's Independence Day (15 August), the prime minister hoists the Indian "tricolour flag" at the fort's main gate and delivers a nationally broadcast speech from its ramparts.
8002:123145942634496::Thread-150 2020-08-09 18:59:54.392 - Having studied and written music for years, he formed Queen in 1970 with guitarist Brian May and drummer Roger Taylor.
8002:123145942634496::Thread-150 2020-08-09 18:59:54.866 - Mercury wrote numerous hits for Queen, including "Killer Queen", "Bohemian Rhapsody", "Somebody to Love", "We Are the Champions", "Don't Stop Me Now", and "Crazy Little Thing Called Love".
8004:123145942634496::Thread-150 2020-08-09 18:59:54.87 - **END**
8006:123145942634496::Thread-150 2020-08-09 18:59:54.864 - Etymology
Its English name red fort is a translation of the Hindustani Lāl Qila (Hindi: लाल क़िला, Urdu: لال قلعہ‎) , deriving from its red-sandstone walls.
8006:123145942634496::Thread-150 2020-08-09 18:59:55.463 - , Lal was derived from Hindustani language meaning "Red" and Qalàh derived from Persian word meaning "Fortress".
8002:123145942634496::Thread-150 2020-08-09 18:59:55.582 - His charismatic stage performances often saw him interact with the audience, as displayed at the 1985 Live Aid concert.
8002:123145942634496::Thread-150 2020-08-09 18:59:56.013 - He also led a solo career and served as a producer and guest musician for other artists.
8002:123145942634496::Thread-150 2020-08-09 18:59:56.371 - Mercury died in 1991 at age 45 due to complications from AIDS.
8006:123145942634496::Thread-150 2020-08-09 18:59:56.397 - As the residence of the imperial family, the fort was originally known as the "Blessed Fort" (Qila-i-Mubārak).
8003:123145942634496::Thread-150 2020-08-09 18:59:56.471 - Jennifer Joanna Aniston (born February 11, 1969) is an American actress, film producer, and businesswoman.
8002:123145942634496::Thread-150 2020-08-09 18:59:57.132 - He confirmed the day before his death that he had contracted the disease, having been diagnosed in 1987.
8006:123145942634496::Thread-150 2020-08-09 18:59:57.314 - Agra Fort is also known as Lāl Qila.
8003:123145942634496::Thread-150 2020-08-09 18:59:57.518 - The daughter of actors John Aniston and Nancy Dow, she began working as an actress at an early age with an uncredited role in the 1987 film Mac and Me.
8003:123145942634496::Thread-150 2020-08-09 18:59:57.584 - Her first major film role came in the 1993 horror comedy Leprechaun.
8003:123145942634496::Thread-150 2020-08-09 18:59:57.932 - Since her career grew in the early 1990s, Aniston has been one of the highest-paid actresses in Hollywood.
8005:123145942634496::Thread-150 2020-08-09 18:59:59.235 - **END**
8003:123145942634496::Thread-150 2020-08-09 18:59:59.44 - Aniston rose to international fame portraying Rachel Green on the television sitcom Friends (1994–2004), for which she earned Primetime Emmy, Golden Globe, and Screen Actors Guild awards.
8003:123145942634496::Thread-150 2020-08-09 19:00:01.037 - The character became widely popular and was described as one of the greatest female characters in American television history.
8003:123145942634496::Thread-150 2020-08-09 19:00:02.801 - Aniston has since played starring roles in numerous dramas, comedies and romantic comedies.
8003:123145942634496::Thread-150 2020-08-09 19:00:03.249 - Her biggest box office successes include the films Bruce Almighty (2003), The Break-Up (2006), Marley & Me (2008), Just Go with It (2011), Horrible Bosses (2011), and We're the Millers (2013), each of which grossed over $200 million in worldwide box office receipts.
8006:123145942634496::Thread-150 2020-08-09 19:00:04.317 - **END**
8003:123145942634496::Thread-150 2020-08-09 19:00:04.492 - Some of her most critically acclaimed film roles include Office Space (1999), The Good Girl (2002), Friends with Money (2006), Cake (2014), and Dumplin' (2018).
8002:123145942634496::Thread-150 2020-08-09 19:00:05.133 - **END**
8005:123145942634496::Thread-150 2020-08-09 19:00:05.237 - **START**
8005:123145942634496::Thread-150 2020-08-09 19:00:05.243 - Starting new HTTPS connection (1): en.wikipedia.org
8005:123145942634496::Thread-150 2020-08-09 19:00:05.966 - Sir Winston Leonard Spencer Churchill  (30 November 1874 – 24 January 1965) was a British statesman, army officer, and writer.
8005:123145942634496::Thread-150 2020-08-09 19:00:06.798 - He was Prime Minister of the United Kingdom from 1940 to 1945, when he led the country to victory in the Second World War, and again from 1951 to 1955.
8003:123145942634496::Thread-150 2020-08-09 19:00:07.087 - She returned to television in 2019, producing and starring in the Apple TV+ drama series The Morning Show, for which she won another Screen Actors Guild Award.
8005:123145942634496::Thread-150 2020-08-09 19:00:07.367 - Apart from two years between 1922 and 1924, Churchill was a Member of Parliament (MP) from 1900 to 1964 and represented a total of five constituencies.
8005:123145942634496::Thread-150 2020-08-09 19:00:07.46 - Ideologically an economic liberal and imperialist, he was for most of his career a member of the Conservative Party, as leader from 1940 to 1955.
8005:123145942634496::Thread-150 2020-08-09 19:00:08.354 - He was a member of the Liberal Party from 1904 to 1924.
8005:123145942634496::Thread-150 2020-08-09 19:00:08.964 - Of mixed English and American parentage, Churchill was born in Oxfordshire to a wealthy, aristocratic family.
8005:123145942634496::Thread-150 2020-08-09 19:00:09.09 - He joined the British Army in 1895 and saw action in British India, the Anglo-Sudan War, and the Second Boer War, gaining fame as a war correspondent and writing books about his campaigns.
8005:123145942634496::Thread-150 2020-08-09 19:00:09.332 - Elected a Conservative MP in 1900, he defected to the Liberals in 1904.
8003:123145942634496::Thread-150 2020-08-09 19:00:10.09 - **END**
8005:123145942634496::Thread-150 2020-08-09 19:00:10.249 - In H. H. Asquith's Liberal government, Churchill served as President of the Board of Trade and Home Secretary, championing prison reform and workers' social security.
8005:123145942634496::Thread-150 2020-08-09 19:00:11.125 - As First Lord of the Admiralty during the First World War, he oversaw the Gallipoli Campaign but, after it proved a disaster, he was demoted to Chancellor of the Duchy of Lancaster.
8004:123145942634496::Thread-150 2020-08-09 19:00:11.874 - **START**
8004:123145942634496::Thread-150 2020-08-09 19:00:11.877 - Starting new HTTPS connection (1): en.wikipedia.org
8004:123145942634496::Thread-150 2020-08-09 19:00:13.998 - The New England Patriots are a professional American football team based in the Greater Boston area.
8004:123145942634496::Thread-150 2020-08-09 19:00:15.21 - The Patriots compete in the National Football League (NFL) as a member club of the league's American Football Conference (AFC) East division.
8005:123145942634496::Thread-150 2020-08-09 19:00:16.128 - **END**
8004:123145942634496::Thread-150 2020-08-09 19:00:16.443 - The team plays its home games at Gillette Stadium in the town of Foxborough, Massachusetts, which is located 28 miles (45 km) southwest of downtown Boston.
8004:123145942634496::Thread-150 2020-08-09 19:00:17.018 - The Patriots are also headquartered at Gillette Stadium.
8004:123145942634496::Thread-150 2020-08-09 19:00:18.716 - Founded in 1959 as the Boston Patriots, an original member of the American Football League (AFL), the team joined the NFL in the leagues' 1970 merger, then changed its name when it moved to Foxborough in 1971.
8004:123145942634496::Thread-150 2020-08-09 19:00:18.719 - The New England Patriots played their home games at Foxboro Stadium through 2001, then moved to Gillette Stadium at the start of the 2002 season.
8004:123145942634496::Thread-150 2020-08-09 19:00:19.238 - The Patriots' rivalry with the New York Jets is considered one of the most bitter rivalries in the NFL.
8004:123145942634496::Thread-150 2020-08-09 19:00:20.302 - Since the arrival of head coach Bill Belichick and quarterback Tom Brady in 2000, the Patriots have become one of the most successful teams in NFL history, claiming 16 AFC East titles as part of 18 consecutive winning seasons since 2001.
8004:123145942634496::Thread-150 2020-08-09 19:00:21.512 - The franchise has since set numerous notable records, including most wins in a ten-year period (126, in 2003–2012), an undefeated 16-game regular season in 2007, the longest winning streak consisting of regular season and playoff games in NFL history (a 21-game streak from October 2003 to October 2004), and the most consecutive division titles won by a team in NFL history (11 straight division titles from 2009 to 2019).
8004:123145942634496::Thread-150 2020-08-09 19:00:22.308 - The team owns the record for most Super Bowl appearances (nine) and wins (six) by a head coach–quarterback tandem, most conference championships overall (11), most Super Bowl appearances overall (11).
8004:123145942634496::Thread-150 2020-08-09 19:00:23.166 - The Patriots are tied with the Pittsburgh Steelers for the most Super Bowl wins (six), and with the Denver Broncos for the most Super Bowl losses (five).
8004:123145942634496::Thread-150 2020-08-09 19:00:27.171 - **END**