8002:123145791197184::Thread-114 2020-08-09 18:59:25.339 - **START**
8002:123145791197184::Thread-114 2020-08-09 18:59:25.391 - Starting new HTTPS connection (1): en.wikipedia.org
8003:123145791197184::Thread-114 2020-08-09 18:59:26.296 - **START**
8004:123145791197184::Thread-114 2020-08-09 18:59:26.299 - **START**
8003:123145791197184::Thread-114 2020-08-09 18:59:26.415 - Starting new HTTPS connection (1): en.wikipedia.org
8004:123145791197184::Thread-114 2020-08-09 18:59:26.434 - Starting new HTTPS connection (1): en.wikipedia.org
8006:123145791197184::Thread-114 2020-08-09 18:59:27.263 - **START**
8006:123145791197184::Thread-114 2020-08-09 18:59:27.547 - Starting new HTTPS connection (1): en.wikipedia.org
8002:123145791197184::Thread-114 2020-08-09 18:59:27.885 - Ronald Jeremy Hyatt (born March 12, 1953) is an American pornographic actor, filmmaker, actor, and stand-up comedian.Nicknamed "The Hedgehog", Jeremy was ranked by AVN at No.
8004:123145791197184::Thread-114 2020-08-09 18:59:28.124 - The England national football team represents England in  men's international football and is governed by The Football Association, the governing body for football in England.
8002:123145791197184::Thread-114 2020-08-09 18:59:28.766 - 1 in their "50 Top Porn Stars of All Time" list.
8002:123145791197184::Thread-114 2020-08-09 18:59:29.085 - Jeremy has also made a number of non-pornographic media appearances, and director Scott J. Gill filmed a documentary about him and his legacy, Porn Star: The Legend of Ron Jeremy, which was released in 2001.
8006:123145791197184::Thread-114 2020-08-09 18:59:29.535 - Iran (Persian: ایران‎ Irān [ʔiːˈɾɒːn] (listen)), also called Persia, and officially the Islamic Republic of Iran (Persian: جمهوری اسلامی ایران‎ Jomhuri-ye Eslāmi-ye Irān (listen) [dʒomhuːˌɾije eslɒːˌmije ʔiːˈɾɒn]), is a country in Western Asia.
8002:123145791197184::Thread-114 2020-08-09 18:59:30.054 - More than a dozen women have publicly accused Jeremy of sexual assault.
8004:123145791197184::Thread-114 2020-08-09 18:59:30.08 - It competes in the three major international tournaments; the FIFA World Cup, the UEFA European Championship and the UEFA Nations League.
8002:123145791197184::Thread-114 2020-08-09 18:59:30.222 - Several of the allegations relate to his appearances at fan conventions, alleging that he would grope and insert his fingers into attendees without their consent.
8004:123145791197184::Thread-114 2020-08-09 18:59:30.32 - England, as a country of the United Kingdom, is not a member of the International Olympic Committee and therefore the national team does not compete at the Olympic Games.
8003:123145791197184::Thread-114 2020-08-09 18:59:30.793 - Wall Street is an eight-block-long street in the Financial District of New York City.
8002:123145791197184::Thread-114 2020-08-09 18:59:30.849 - In June 2020, Jeremy was charged with sexual assault.
8003:123145791197184::Thread-114 2020-08-09 18:59:30.927 - It runs crosstown between Broadway on the west to South Street, at the East River, on the east.
8002:123145791197184::Thread-114 2020-08-09 18:59:30.946 - Early life
Ronald Jeremy Hyatt was born in Queens, New York, to a middle-class Jewish family from Russia and Poland.
8005:123145791197184::Thread-114 2020-08-09 18:59:31.225 - **START**
8006:123145791197184::Thread-114 2020-08-09 18:59:31.32 - It is bordered to the northwest by Armenia and Azerbaijan, to the north by the Caspian Sea, to the northeast by Turkmenistan, to the east by Afghanistan and Pakistan, to the south by the Persian Gulf and the Gulf of Oman, and to the west by Turkey and Iraq.
8003:123145791197184::Thread-114 2020-08-09 18:59:31.421 - The term has become a metonym for the financial markets of the United States as a whole, the American financial services industry, or New York–based financial interests.New York City has been called both the most economically powerful city and the leading financial center of the world.
8005:123145791197184::Thread-114 2020-08-09 18:59:31.493 - Starting new HTTPS connection (1): en.wikipedia.org
8004:123145791197184::Thread-114 2020-08-09 18:59:31.707 - England is the oldest national team in football.
8003:123145791197184::Thread-114 2020-08-09 18:59:31.708 - It is home to the world's two largest stock exchanges by total market capitalization, the New York Stock Exchange, located on Wall Street, and NASDAQ.
8002:123145791197184::Thread-114 2020-08-09 18:59:31.768 - His father, Arnold (born 1918) was a physicist, and his mother a book editor who served in the O.S.S.
8004:123145791197184::Thread-114 2020-08-09 18:59:32.181 - They played in the world's first international football match in 1872, against Scotland.
8002:123145791197184::Thread-114 2020-08-09 18:59:32.298 - during World War II, as she spoke fluent German and French.He graduated from Benjamin N. Cardozo High School.
8002:123145791197184::Thread-114 2020-08-09 18:59:32.356 - Pornographic film career

Jeremy left the teaching profession (he called it his "ace in the hole") to pursue a legitimate acting career on Broadway.
8003:123145791197184::Thread-114 2020-08-09 18:59:32.383 - Several other major exchanges have or had headquarters in the Wall Street area, including the New York Mercantile Exchange, the New York Board of Trade, and the former American Stock Exchange.
8004:123145791197184::Thread-114 2020-08-09 18:59:32.768 - England's home ground is Wembley Stadium, London, and their headquarters is at St George's Park, Burton upon Trent.
8004:123145791197184::Thread-114 2020-08-09 18:59:32.855 - The team's manager is Gareth Southgate.
8003:123145791197184::Thread-114 2020-08-09 18:59:32.975 - History


Early years

There are varying accounts about how the Dutch-named "de Waalstraat"(literally: Walloon Street) got its name.
8002:123145791197184::Thread-114 2020-08-09 18:59:33.183 - He has said that he learned then what it was like to be broke, making no money as an actor who "starved Off-Broadway" Jeremy soon found work posing for Playgirl after his then-girlfriend submitted his photo to the magazine.
8004:123145791197184::Thread-114 2020-08-09 18:59:33.2 - Since first entering the tournament in 1950, England has qualified for the FIFA World Cup 15 times.
8006:123145791197184::Thread-114 2020-08-09 18:59:33.319 - Its central location in Eurasia and proximity to the Strait of Hormuz give it significant geostrategic importance.
8003:123145791197184::Thread-114 2020-08-09 18:59:33.817 - Two conflicting explanations can be considered.
8004:123145791197184::Thread-114 2020-08-09 18:59:34.467 - They won the 1966 World Cup, when they hosted the finals, and finished fourth in 1990 and 2018.
8003:123145791197184::Thread-114 2020-08-09 18:59:34.541 - The first being that Wall Street was named after Walloons—the Dutch name for a Walloon is Waal.
8006:123145791197184::Thread-114 2020-08-09 18:59:34.781 - Tehran is the capital and largest city, as well as the leading economic and cultural hub; it is also the most populous city in Western Asia, with more than 8.8 million residents, and up to 15 million including the metropolitan area.
8005:123145791197184::Thread-114 2020-08-09 18:59:34.866 - Ashley Mathews, better known as Riley Reid, is an American pornographic actress.
8004:123145791197184::Thread-114 2020-08-09 18:59:35.334 - Since first entering in 1964, England have never won the UEFA European Championship, with their best performances being third-place finishes in 1968 and 1996, the latter as hosts.
8003:123145791197184::Thread-114 2020-08-09 18:59:35.48 - Among the first settlers that embarked on the ship "Nieu Nederlandt" in 1624 were 30 Walloon families.
8006:123145791197184::Thread-114 2020-08-09 18:59:35.564 - With 83 million inhabitants, Iran is the world's 17th most populous country.
8006:123145791197184::Thread-114 2020-08-09 18:59:35.949 - Spanning 1,648,195 km2 (636,372 sq mi), it is the second largest country in the Middle East and the 17th largest in the world.
8003:123145791197184::Thread-114 2020-08-09 18:59:35.984 - Peter Minuit, the person who bought Manhattan for the Dutch, was a Walloon.
8006:123145791197184::Thread-114 2020-08-09 18:59:36.075 - Iran is home to one of the world's oldest civilizations, beginning with the formation of the Elamite kingdoms in the fourth millennium BC.
8005:123145791197184::Thread-114 2020-08-09 18:59:36.17 - She briefly worked as a stripper before entering the adult film industry in 2010, at the age of 19.
8005:123145791197184::Thread-114 2020-08-09 18:59:36.349 - She has since won numerous awards, including the 2016 AVN Award for Female Performer of the Year.
8003:123145791197184::Thread-114 2020-08-09 18:59:36.672 - The other  is that the name of the street was derived from a wall (actually a wooden palisade) on the northern boundary of the New Amsterdam settlement, built to protect against Native Americans, pirates, and the British.
8006:123145791197184::Thread-114 2020-08-09 18:59:37.293 - It was first unified by the Iranian Medes in the seventh century BC, and reached its territorial height in the sixth century BC, when Cyrus the Great founded the Achaemenid Empire, which stretched from Eastern Europe to the Indus Valley, making it one of the largest empires in history.
8004:123145791197184::Thread-114 2020-08-09 18:59:37.336 - **END**
8005:123145791197184::Thread-114 2020-08-09 18:59:37.904 - Career
Reid began her adult film career in 2011 at the age of 19 and initially used the stage name Paige Riley.
8005:123145791197184::Thread-114 2020-08-09 18:59:38.253 - In 2013, LA Weekly ranked her eighth on their list of "10 Porn Stars Who Could Be the Next Jenna Jameson".
8006:123145791197184::Thread-114 2020-08-09 18:59:38.563 - The empire fell to Alexander the Great in the fourth century BC and was divided into several Hellenistic states.
8006:123145791197184::Thread-114 2020-08-09 18:59:39.751 - An Iranian rebellion established the Parthian Empire in the third century BC, which was succeeded in the third century AD by the Sasanian Empire, a major world power for the next four centuries.Arab Muslims conquered the empire in the seventh century AD, and the subsequent Islamization of Iran led to the decline of the once dominant Zoroastrian religion.
8006:123145791197184::Thread-114 2020-08-09 18:59:40.232 - Iran subsequently became a major center of Islamic culture and learning, with its art, literature, philosophy, and architecture spreading across the Muslim world and beyond during the Islamic Golden Age.
8005:123145791197184::Thread-114 2020-08-09 18:59:40.25 - She was also placed on CNBC's list of "The Dirty Dozen: Porn's Most Popular Stars" in 2014, 2015, and 2016.
8002:123145791197184::Thread-114 2020-08-09 18:59:41.207 - **END**
8005:123145791197184::Thread-114 2020-08-09 18:59:41.856 - Reid won the XBIZ Awards for Best New Starlet in 2013 and Female Performer of the Year in 2014, making her the first performer to ever win both awards in consecutive years.
8003:123145791197184::Thread-114 2020-08-09 18:59:42.84 - **END**
8005:123145791197184::Thread-114 2020-08-09 18:59:43.084 - She also won every single XBIZ Award she was nominated for in 2014.
8005:123145791197184::Thread-114 2020-08-09 18:59:43.8 - In 2014, Reid did her first interracial sex scene in Mandingo Massacre 6, for which she won an AVN Award.Reid is a Fleshlight Girl and has her own line of product with the company.
8005:123145791197184::Thread-114 2020-08-09 18:59:45.442 - Personal life
Reid was born Ashley Mathews in Florida.
8006:123145791197184::Thread-114 2020-08-09 18:59:46.235 - **END**
8004:123145791197184::Thread-114 2020-08-09 18:59:46.338 - **START**
8004:123145791197184::Thread-114 2020-08-09 18:59:46.352 - Starting new HTTPS connection (1): en.wikipedia.org
8004:123145791197184::Thread-114 2020-08-09 18:59:47.631 - Finn Wolfhard (born December 23, 2002) is a Canadian actor, musician, screenwriter and director.
8003:123145791197184::Thread-114 2020-08-09 18:59:48.899 - **START**
8003:123145791197184::Thread-114 2020-08-09 18:59:48.903 - Starting new HTTPS connection (1): en.wikipedia.org
8004:123145791197184::Thread-114 2020-08-09 18:59:49.083 - His acting roles include Mike Wheeler in the Netflix series Stranger Things (2016–present), for which he has won Screen Actors Guild Award for Outstanding Performance by an Ensemble in a Drama Series out of three nominations.
8004:123145791197184::Thread-114 2020-08-09 18:59:49.835 - His film roles include Richie Tozier in the film adaptation of Stephen King's horror novel It (2017) and its sequel It: Chapter Two (2019), Boris Pavlivosky in the drama film The Goldfinch (2019), the voice of Pugsley Addams in The Addams Family (2019), and Trevor in the upcoming supernatural film Ghostbusters: Afterlife (2021).
8004:123145791197184::Thread-114 2020-08-09 18:59:49.901 - Wolfhard will make his directorial debut with the comedy short film  Night Shifts (2020).
8004:123145791197184::Thread-114 2020-08-09 18:59:50.359 - As a musician, he was the lead vocalist and guitarist for the rock band Calpurnia, and is currently a member of The Aubreys.
8004:123145791197184::Thread-114 2020-08-09 18:59:51.1 - Early life
Wolfhard was born in Vancouver, British Columbia, Canada, to a family of French, German, and Jewish descent.
8002:123145791197184::Thread-114 2020-08-09 18:59:51.21 - **START**
8002:123145791197184::Thread-114 2020-08-09 18:59:51.214 - Starting new HTTPS connection (1): en.wikipedia.org
8003:123145791197184::Thread-114 2020-08-09 18:59:51.405 - Brazil (Portuguese: Brasil; Brazilian Portuguese: [bɾaˈziw]), officially the Federative Republic of Brazil (Portuguese: República Federativa do Brasil), is the largest country in both South America and Latin America.
8003:123145791197184::Thread-114 2020-08-09 18:59:52.302 - At 8.5 million square kilometers (3.2 million square miles) and with over 211 million people, Brazil is the world's fifth-largest country by area and the sixth most populous.
8004:123145791197184::Thread-114 2020-08-09 18:59:53.044 - He attends Catholic school.
8003:123145791197184::Thread-114 2020-08-09 18:59:53.289 - Its capital is Brasília, and its most populous city is São Paulo.
8005:123145791197184::Thread-114 2020-08-09 18:59:53.449 - **END**
8003:123145791197184::Thread-114 2020-08-09 18:59:53.534 - The federation is composed of the union of the 26 states and the Federal District.
8002:123145791197184::Thread-114 2020-08-09 18:59:53.999 - The New York Stock Exchange (NYSE, nicknamed "The Big Board") is an American stock exchange located at 11 Wall Street, Lower Manhattan, New York City, New York.
8003:123145791197184::Thread-114 2020-08-09 18:59:54.018 - It is the largest country to have Portuguese as an official language and the only one in the Americas; it is also one of the most multicultural and ethnically diverse nations, due to over a century of mass immigration from around the world; as well as the most populous Roman Catholic-majority country.
8003:123145791197184::Thread-114 2020-08-09 18:59:54.156 - Bounded by the Atlantic Ocean on the east, Brazil has a coastline of 7,491 kilometers (4,655 mi).
8002:123145791197184::Thread-114 2020-08-09 18:59:54.199 - It is by far the world's largest stock exchange by market capitalization of its listed companies at US$30.1 trillion as of February 2018.
8006:123145791197184::Thread-114 2020-08-09 18:59:54.241 - **START**
8006:123145791197184::Thread-114 2020-08-09 18:59:54.244 - Starting new HTTPS connection (1): en.wikipedia.org
8004:123145791197184::Thread-114 2020-08-09 18:59:55.039 - His father, Eric Wolfhard, is a researcher on aboriginal land claims.
8004:123145791197184::Thread-114 2020-08-09 18:59:55.048 - He has an older brother, actor Nick Wolfhard.
8003:123145791197184::Thread-114 2020-08-09 18:59:55.208 - It borders all other countries in South America except Ecuador and Chile and covers 47.3% of the continent's land area.
8006:123145791197184::Thread-114 2020-08-09 18:59:55.259 - William Jefferson Clinton (né Blythe III; born August 19, 1946) is an American lawyer and politician who served as the 42nd president of the United States from 1993 to 2001.
8003:123145791197184::Thread-114 2020-08-09 18:59:55.355 - Its Amazon River basin includes a vast tropical forest, home to diverse wildlife, a variety of ecological systems, and extensive natural resources spanning numerous protected habitats.
8004:123145791197184::Thread-114 2020-08-09 18:59:55.551 - Career


Acting
Wolfhard got his first acting job from Craigslist.
8006:123145791197184::Thread-114 2020-08-09 18:59:55.824 - Prior to his presidency, he served as governor of Arkansas (1979–1981 and 1983–1992) and as attorney general of Arkansas (1977–1979).
8006:123145791197184::Thread-114 2020-08-09 18:59:56.338 - A member of the Democratic Party, Clinton was known as a New Democrat, and many of his policies reflected a centrist "Third Way" political philosophy.
8006:123145791197184::Thread-114 2020-08-09 18:59:56.661 - He is the husband of former secretary of state, former U.S. senator, and two-time candidate for president Hillary Clinton.
8003:123145791197184::Thread-114 2020-08-09 18:59:56.676 - This unique environmental heritage makes Brazil one of 17 megadiverse countries, and is the subject of significant global interest and debate regarding deforestation and environmental protection.
8002:123145791197184::Thread-114 2020-08-09 18:59:57.04 - The average daily trading value was approximately US$169 billion in 2013.
8006:123145791197184::Thread-114 2020-08-09 18:59:57.41 - Clinton was born and raised in Arkansas and attended Georgetown University, University College, Oxford, and Yale Law School.
8004:123145791197184::Thread-114 2020-08-09 18:59:57.554 - **END**
8002:123145791197184::Thread-114 2020-08-09 18:59:57.954 - The NYSE trading floor is located at 11 Wall Street and is composed of 21 rooms used for the facilitation of trading.
8006:123145791197184::Thread-114 2020-08-09 18:59:58.099 - He met Hillary Rodham at Yale and married her in 1975.
8006:123145791197184::Thread-114 2020-08-09 18:59:58.174 - After graduating from law school, Clinton returned to Arkansas and won election as the attorney general of Arkansas, serving from 1977 to 1979.
8005:123145791197184::Thread-114 2020-08-09 18:59:58.451 - **START**
8005:123145791197184::Thread-114 2020-08-09 18:59:58.609 - Starting new HTTPS connection (1): en.wikipedia.org
8003:123145791197184::Thread-114 2020-08-09 18:59:58.667 - Brazil was inhabited by numerous tribal nations prior to the landing in 1500 of explorer Pedro Álvares Cabral, who claimed the area for the Portuguese Empire.
8006:123145791197184::Thread-114 2020-08-09 18:59:58.702 - He later served as governor of Arkansas.
8006:123145791197184::Thread-114 2020-08-09 18:59:59.342 - As governor, he overhauled the state's education system and served as chairman of the National Governors Association.
8002:123145791197184::Thread-114 2020-08-09 18:59:59.519 - An additional trading room, located at 30 Broad Street, was closed in February 2007.
8005:123145791197184::Thread-114 2020-08-09 18:59:59.984 - Christopher Columbus (; Ligurian: Cristoffa Corombo; Italian: Cristoforo Colombo; Spanish: Cristóbal Colón; before 31 October 1451 – 20 May 1506) was an Italian explorer and navigator who completed four voyages across the Atlantic Ocean, opening the way for European exploration and colonization of the Americas.
8005:123145791197184::Thread-114 2020-08-09 19:00:00.002 - His expeditions, sponsored by the Catholic Monarchs of Spain, were the first European contact with the Caribbean, Central America, and South America.
8002:123145791197184::Thread-114 2020-08-09 19:00:00.014 - The main building and the 11 Wall Street building were designated National Historic Landmarks in 1978.
8006:123145791197184::Thread-114 2020-08-09 19:00:00.286 - Clinton was elected president in 1992, defeating incumbent Republican opponent George H. W. Bush.
8005:123145791197184::Thread-114 2020-08-09 19:00:00.561 - Columbus's early life is somewhat obscure, but scholars generally agree that he was born in the Republic of Genoa and spoke a dialect of Ligurian as his first language.
8005:123145791197184::Thread-114 2020-08-09 19:00:01.224 - He went to sea at a young age and travelled widely, as far north as the British Isles (and possibly Iceland) and as far south as what is now Ghana.
8005:123145791197184::Thread-114 2020-08-09 19:00:01.603 - He married Portuguese noblewoman Filipa Moniz Perestrelo and was based in Lisbon for several years, but later took a Castilian mistress; he had one son with each woman.
8005:123145791197184::Thread-114 2020-08-09 19:00:02.04 - Though largely self-educated, Columbus was widely read in geography, astronomy, and history.
8005:123145791197184::Thread-114 2020-08-09 19:00:02.253 - He formulated a plan to seek a western sea passage to the East Indies, hoping to profit from the lucrative spice trade.
8005:123145791197184::Thread-114 2020-08-09 19:00:02.406 - Following persistent lobbying, Queen Isabella I and King Ferdinand II agreed to sponsor a journey west, in the name of the Crown of Castile.
8002:123145791197184::Thread-114 2020-08-09 19:00:02.757 - The NYSE is owned by Intercontinental Exchange, an American holding company that it also lists (NYSE: ICE).
8005:123145791197184::Thread-114 2020-08-09 19:00:03.38 - Columbus left Castile in August 1492 with three ships, and after a stopover in the Canary Islands made landfall in the Americas on 12 October (later celebrated as Columbus Day).
8005:123145791197184::Thread-114 2020-08-09 19:00:03.447 - His landing place was an island in the Bahamas, known by its native inhabitants as Guanahani; its exact location is uncertain.
8002:123145791197184::Thread-114 2020-08-09 19:00:04.436 - Previously, it was part of NYSE Euronext (NYX), which was formed by the NYSE's 2007 merger with Euronext.
8004:123145791197184::Thread-114 2020-08-09 19:00:04.559 - **START**
8004:123145791197184::Thread-114 2020-08-09 19:00:04.588 - Starting new HTTPS connection (1): en.wikipedia.org
8003:123145791197184::Thread-114 2020-08-09 19:00:04.671 - **END**
8006:123145791197184::Thread-114 2020-08-09 19:00:05.288 - **END**
8005:123145791197184::Thread-114 2020-08-09 19:00:06.449 - **END**
8002:123145791197184::Thread-114 2020-08-09 19:00:06.582 - History

The earliest recorded organization of securities trading in New York among brokers directly dealing with each other can be traced to the Buttonwood Agreement.
8004:123145791197184::Thread-114 2020-08-09 19:00:06.683 - The Panama Canal (Spanish: Canal de Panamá) is an artificial 82 km (51 mi) waterway in Panama that connects the Atlantic Ocean with the Pacific Ocean.
8004:123145791197184::Thread-114 2020-08-09 19:00:06.918 - The canal cuts across the Isthmus of Panama and is a conduit for maritime trade.
8004:123145791197184::Thread-114 2020-08-09 19:00:07.032 - Canal locks are at each end to lift ships up to Gatun Lake, an artificial lake created to reduce the amount of excavation work required for the canal, 26 m (85 ft) above sea level, and then lower the ships at the other end.
8002:123145791197184::Thread-114 2020-08-09 19:00:07.4 - Previously, securities exchange had been intermediated by the auctioneers, who also conducted more mundane auctions of commodities such as wheat and tobacco.
8004:123145791197184::Thread-114 2020-08-09 19:00:08.299 - The original locks are 32.5 m (110 ft) wide.
8004:123145791197184::Thread-114 2020-08-09 19:00:10.161 - A third, wider lane of locks was constructed between September 2007 and May 2016.
8004:123145791197184::Thread-114 2020-08-09 19:00:10.339 - The expanded canal began commercial operation on June 26, 2016.
8004:123145791197184::Thread-114 2020-08-09 19:00:11.905 - The new locks allow transit of larger, neo-Panamax ships, capable of handling more cargo.France began work on the canal in 1881, but stopped because of engineering problems and a high worker mortality rate.
8002:123145791197184::Thread-114 2020-08-09 19:00:12.401 - **END**
8004:123145791197184::Thread-114 2020-08-09 19:00:13.592 - The United States took over the project in 1904 and opened the canal on August 15, 1914.
8004:123145791197184::Thread-114 2020-08-09 19:00:14.256 - One of the largest and most difficult engineering projects ever undertaken, the Panama Canal shortcut greatly reduced the time for ships to travel between the Atlantic and Pacific oceans, enabling them to avoid the lengthy, hazardous Cape Horn route around the southernmost tip of South America via the Drake Passage or Strait of Magellan and the even less popular route through the Arctic Archipelago and the Bering Strait.
8004:123145791197184::Thread-114 2020-08-09 19:00:14.693 - Colombia, France, and later the United States controlled the territory surrounding the canal during construction.
8004:123145791197184::Thread-114 2020-08-09 19:00:23.699 - **END**