8005:123146043592704::Thread-174 2020-08-09 18:59:26.221 - **START**
8005:123146043592704::Thread-174 2020-08-09 18:59:26.227 - Starting new HTTPS connection (1): en.wikipedia.org
8005:123146043592704::Thread-174 2020-08-09 18:59:27.308 - George Herbert Walker Bush (June 12, 1924 – November 30, 2018) was an American politician, diplomat, and businessman who served as the 41st president of the United States from 1989 to 1993.
8005:123146043592704::Thread-174 2020-08-09 18:59:27.682 - A member of the Republican Party, Bush also served in the U.S. House of Representatives, as U.S.
8005:123146043592704::Thread-174 2020-08-09 18:59:27.929 - Ambassador to the United Nations, as Director of Central Intelligence, and as the 43rd vice president.
8005:123146043592704::Thread-174 2020-08-09 18:59:28.555 - Bush was raised in Greenwich, Connecticut and attended Phillips Academy before serving in the United States Navy during World War II.
8005:123146043592704::Thread-174 2020-08-09 18:59:29.527 - After the war, he graduated from Yale University and moved to West Texas, where he established a successful oil company.
8004:123146043592704::Thread-174 2020-08-09 18:59:30.248 - **START**
8003:123146043592704::Thread-174 2020-08-09 18:59:30.276 - **START**
8002:123146043592704::Thread-174 2020-08-09 18:59:30.472 - **START**
8005:123146043592704::Thread-174 2020-08-09 18:59:30.551 - After an unsuccessful run for the United States Senate, he won election to the 7th congressional district of Texas in 1966.
8004:123146043592704::Thread-174 2020-08-09 18:59:30.828 - Starting new HTTPS connection (1): en.wikipedia.org
8003:123146043592704::Thread-174 2020-08-09 18:59:31.175 - Starting new HTTPS connection (1): en.wikipedia.org
8006:123146043592704::Thread-174 2020-08-09 18:59:31.275 - **START**
8005:123146043592704::Thread-174 2020-08-09 18:59:31.507 - President Richard Nixon appointed Bush to the position of Ambassador to the United Nations in 1971 and to the position of chairman of the Republican National Committee in 1973.
8006:123146043592704::Thread-174 2020-08-09 18:59:31.51 - Starting new HTTPS connection (1): en.wikipedia.org
8005:123146043592704::Thread-174 2020-08-09 18:59:31.629 - In 1974, President Gerald Ford appointed him as the Chief of the Liaison Office to the People's Republic of China, and in 1976 Bush became the Director of Central Intelligence.
8002:123146043592704::Thread-174 2020-08-09 18:59:31.772 - Starting new HTTPS connection (1): en.wikipedia.org
8005:123146043592704::Thread-174 2020-08-09 18:59:32.066 - Bush ran for president in 1980, but was defeated in the Republican presidential primaries by Ronald Reagan.
8004:123146043592704::Thread-174 2020-08-09 18:59:32.893 - The United States Penitentiary, Administrative Maximum Facility (USP Florence ADMAX) is an American federal prison in unincorporated Fremont County near Florence, Colorado.
8004:123146043592704::Thread-174 2020-08-09 18:59:33.48 - It is operated by the Federal Bureau of Prisons, a division of the United States Department of Justice.
8004:123146043592704::Thread-174 2020-08-09 18:59:33.648 - ADX Florence, which opened in 1994, is classed as a supermax or "control unit" prison, thus providing a higher level of custody than a maximum security prison.
8005:123146043592704::Thread-174 2020-08-09 18:59:34.059 - He was then elected vice president in 1980 and 1984 as Reagan's running mate.
8004:123146043592704::Thread-174 2020-08-09 18:59:34.115 - ADX Florence forms part of the Florence Federal Correctional Complex (FCC Florence), which is situated on 49 acres (20 ha) of land and houses different facilities with varying degrees of security, including the United States Penitentiary, Florence High.
8003:123146043592704::Thread-174 2020-08-09 18:59:34.319 - Muhammad Ali (; born Cassius Marcellus Clay Jr.; January 17, 1942 – June 3, 2016) was an American professional boxer, activist, and philanthropist.
8003:123146043592704::Thread-174 2020-08-09 18:59:34.492 - Nicknamed "The Greatest", he is widely regarded as one of the most significant and celebrated sports figures of the 20th century and as one of the greatest boxers of all time.
8003:123146043592704::Thread-174 2020-08-09 18:59:34.62 - Ali was born and raised in Louisville, Kentucky, and began training as an amateur boxer at age 12.
8004:123146043592704::Thread-174 2020-08-09 18:59:34.739 - ADX Florence was commissioned as the Federal Bureau of Prisons needed a unit designed specifically for the secure housing of those prisoners most capable of violence toward staff or other inmates.
8005:123146043592704::Thread-174 2020-08-09 18:59:35.072 - In the 1988 presidential election, Bush defeated Democrat Michael Dukakis, becoming the first incumbent vice president to be elected president since Martin Van Buren in 1836.
8004:123146043592704::Thread-174 2020-08-09 18:59:35.505 - As of July 2020, there are 365 prisoners who spend 23 hours per day in single cells with facilities made of poured concrete to deter self-harm, and 24-hour supervision, carried out intensively with high staff-inmate ratios.
8006:123146043592704::Thread-174 2020-08-09 18:59:35.614 - Justin Drew Bieber (; born March 1, 1994) is a Canadian singer, songwriter, and actor.
8003:123146043592704::Thread-174 2020-08-09 18:59:35.766 - At 18, he won a gold medal in the light heavyweight division at the 1960 Summer Olympics, and turned professional later that year.
8002:123146043592704::Thread-174 2020-08-09 18:59:35.92 - The Large Hadron Collider (LHC)  is the world's largest and highest-energy particle collider and the largest machine in the world.
8004:123146043592704::Thread-174 2020-08-09 18:59:36.023 - Phones are generally banned and only limited broadcast entertainment is permitted.
8004:123146043592704::Thread-174 2020-08-09 18:59:36.319 - After three years in maximum confinement, some prisoners may be transferred to a less restrictive prison.
8004:123146043592704::Thread-174 2020-08-09 18:59:36.413 - The aim is to encourage "reasonably peaceful behavior" from the most violent "career" prisoners.
8005:123146043592704::Thread-174 2020-08-09 18:59:36.807 - Foreign policy drove the Bush presidency, as he navigated the final years of the Cold War and played a key role in the reunification of Germany.
8003:123146043592704::Thread-174 2020-08-09 18:59:36.852 - He converted to Islam and became a Muslim after 1961, and eventually took the name Muhammad Ali.
8006:123146043592704::Thread-174 2020-08-09 18:59:36.97 - Discovered at the age of 13 by talent manager Scooter Braun after he had watched his YouTube cover song videos, Bieber was signed to RBMG Records in 2008.
8004:123146043592704::Thread-174 2020-08-09 18:59:37.134 - Function
The institution is unofficially known as ADX Florence, or the "Alcatraz of the Rockies".
8002:123146043592704::Thread-174 2020-08-09 18:59:37.772 - It was built by the European Organization for Nuclear Research (CERN) between 1998 and 2008 in collaboration with over 10,000 scientists and hundreds of universities and laboratories, as well as more than 100 countries.
8006:123146043592704::Thread-174 2020-08-09 18:59:37.788 - With Bieber's debut EP My World, released in late 2009, Bieber became the first artist to have seven songs from a debut record chart on the Billboard Hot 100.Bieber released his debut studio album My World 2.0 in 2010.
8006:123146043592704::Thread-174 2020-08-09 18:59:38.919 - Containing the hit single "Baby", the album debuted at number one on the US Billboard 200, making Bieber the youngest solo male act to top the chart in 47 years.
8003:123146043592704::Thread-174 2020-08-09 18:59:39.109 - He won the world heavyweight championship from Sonny Liston in a major upset at age 22 in 1964.
8002:123146043592704::Thread-174 2020-08-09 18:59:39.762 - It lies in a tunnel 27 kilometres (17 mi) in circumference and as deep as 175 metres (574 ft) beneath the France–Switzerland border near Geneva.
8006:123146043592704::Thread-174 2020-08-09 18:59:40.809 - Following his debut album and promotional tours, he released his 3D biopic-concert film Justin Bieber: Never Say Never, which was a box office success.
8006:123146043592704::Thread-174 2020-08-09 18:59:40.931 - In the years after the releases of the Under the Mistletoe (2011) and Believe (2012), Bieber had established himself as a teen idol, but faced several controversies, including run-ins with the law internationally before his first arrest in 2014.Following the controversies surrounding Bieber, his sound became more mature as he transitioned into EDM and moved away from teen pop.
8003:123146043592704::Thread-174 2020-08-09 18:59:40.972 - In 1966, Ali refused to be drafted into the military, citing his religious beliefs and opposition to the Vietnam War.
8002:123146043592704::Thread-174 2020-08-09 18:59:40.984 - First collisions were achieved in 2010 at an energy of 3.5 teraelectronvolts (TeV) per beam, about four times the previous world record.
8006:123146043592704::Thread-174 2020-08-09 18:59:41.249 - Released in 2015, his fourth studio album Purpose became his most commercially successful album, spawning three Billboard Hot 100 number-one singles: "What Do You Mean?
8006:123146043592704::Thread-174 2020-08-09 18:59:41.563 - ", "Sorry", and "Love Yourself".
8006:123146043592704::Thread-174 2020-08-09 18:59:42.215 - After the release of Purpose, Bieber had featured on several successful collaborations, including "Cold Water", "Let Me Love You", "Despacito (Remix)", "I'm the One", "I Don't Care" and "10,000 Hours".
8002:123146043592704::Thread-174 2020-08-09 18:59:42.753 - After upgrades it reached 6.5 TeV per beam (13 TeV total collision energy, the present world record).
8002:123146043592704::Thread-174 2020-08-09 18:59:43.192 - At the end of 2018, it entered a two-year shutdown period for further upgrades.
8006:123146043592704::Thread-174 2020-08-09 18:59:43.616 - After taking some time off to refocus on his marriage to American model Hailey Baldwin, Bieber released his fifth studio album, Changes, which became his seventh chart-topper in the US.
8005:123146043592704::Thread-174 2020-08-09 18:59:43.808 - **END**
8003:123146043592704::Thread-174 2020-08-09 18:59:43.917 - He was arrested, found guilty of draft evasion, and stripped of his boxing titles.
8006:123146043592704::Thread-174 2020-08-09 18:59:44.178 - Bieber has sold more than 150 million records, making him one of the world's best-selling music artists.
8003:123146043592704::Thread-174 2020-08-09 18:59:44.703 - He appealed the decision to the Supreme Court, which overturned his conviction in 1971, but he had not fought for nearly four years and lost a period of peak performance as an athlete.
8002:123146043592704::Thread-174 2020-08-09 18:59:45.023 - The collider has four crossing points, around which are positioned seven detectors, each designed for certain kinds of research.
8003:123146043592704::Thread-174 2020-08-09 18:59:45.277 - His actions as a conscientious objector to the war made him an icon for the larger counterculture generation, and he was a high-profile figure of racial pride for African Americans during the civil rights movement.
8006:123146043592704::Thread-174 2020-08-09 18:59:45.764 - He has won numerous awards, including a Grammy Award, 15 American Music Awards, 20 Billboard Music Awards, two Brit Awards, a Latin Grammy Award, a record 21 MTV Europe Music Awards, and three MTV Video Music Awards.
8004:123146043592704::Thread-174 2020-08-09 18:59:46.136 - **END**
8002:123146043592704::Thread-174 2020-08-09 18:59:46.49 - The LHC primarily collides proton beams, but it can also use beams of heavy ions: lead–lead collisions and proton–lead collisions are typically done for one month per year.
8002:123146043592704::Thread-174 2020-08-09 18:59:47.807 - The aim of the LHC's detectors is to allow physicists to test the predictions of different theories of particle physics, including measuring the properties of the Higgs boson and searching for the large family of new particles predicted by supersymmetric theories, as well as other unsolved questions of physics.
8002:123146043592704::Thread-174 2020-08-09 18:59:48.169 - Background
The term hadron refers to subatomic composite particles composed of quarks held together by the strong force (as atoms and molecules are held together by the electromagnetic force).
8006:123146043592704::Thread-174 2020-08-09 18:59:48.769 - **END**
8002:123146043592704::Thread-174 2020-08-09 18:59:53.172 - **END**
8003:123146043592704::Thread-174 2020-08-09 18:59:53.285 - **END**
8006:123146043592704::Thread-174 2020-08-09 18:59:56.771 - **START**
8006:123146043592704::Thread-174 2020-08-09 18:59:56.774 - Starting new HTTPS connection (1): en.wikipedia.org
8006:123146043592704::Thread-174 2020-08-09 18:59:57.411 - Liverpool Football Club is a professional football club in Liverpool, England, that competes in the Premier League, the top tier of English football.
8004:123146043592704::Thread-174 2020-08-09 18:59:58.141 - **START**
8004:123146043592704::Thread-174 2020-08-09 18:59:58.158 - Starting new HTTPS connection (1): en.wikipedia.org
8003:123146043592704::Thread-174 2020-08-09 18:59:58.286 - **START**
8003:123146043592704::Thread-174 2020-08-09 18:59:58.317 - Starting new HTTPS connection (1): en.wikipedia.org
8006:123146043592704::Thread-174 2020-08-09 18:59:59.506 - Domestically, the club has won nineteen League titles, seven FA Cups, a record eight League Cups and fifteen FA Community Shields.
8003:123146043592704::Thread-174 2020-08-09 18:59:59.532 - Green Day is an American rock band formed in the East Bay of California in 1987 by lead vocalist and guitarist Billie Joe Armstrong and bassist and backing vocalist Mike Dirnt.
8004:123146043592704::Thread-174 2020-08-09 18:59:59.793 - Monaco ( (listen); French pronunciation: ​[mɔnako]), officially the Principality of Monaco (French: Principauté de Monaco), is a sovereign city-state, country, and microstate on the French Riviera in Western Europe.
8005:123146043592704::Thread-174 2020-08-09 18:59:59.82 - **START**
8005:123146043592704::Thread-174 2020-08-09 18:59:59.864 - Starting new HTTPS connection (1): en.wikipedia.org
8004:123146043592704::Thread-174 2020-08-09 19:00:00.067 - It is bordered by France to the north, east and west, and by the Mediterranean Sea to the south.
8002:123146043592704::Thread-174 2020-08-09 19:00:00.175 - **START**
8003:123146043592704::Thread-174 2020-08-09 19:00:00.258 - For much of the band's career, they have been a trio with a drummer Tré Cool, who replaced John Kiffmeyer in 1990 before the recording of the band's second studio album, Kerplunk (1991).
8002:123146043592704::Thread-174 2020-08-09 19:00:00.277 - Starting new HTTPS connection (1): en.wikipedia.org
8004:123146043592704::Thread-174 2020-08-09 19:00:00.277 - The principality is home to 38,682 residents and is widely recognised for being one of the most expensive and wealthiest places in the world.
8004:123146043592704::Thread-174 2020-08-09 19:00:01.055 - The official language is French, although Monégasque, English and Italian are spoken and understood by a sizeable group.With an area of 2.1 km2 (0.81 sq mi), it is one of the smallest sovereign states in Europe and the second-smallest in the world, after the Vatican City.
8004:123146043592704::Thread-174 2020-08-09 19:00:01.27 - Its 19,009 inhabitants per square kilometre (49,230/sq mi), make it the most densely-populated sovereign state in the world.
8004:123146043592704::Thread-174 2020-08-09 19:00:01.421 - Monaco has a land border of 5.47 km (3.40 mi), the world's shortest coastline of approximately 3.83 km (2.38 mi), and a width that varies between 1,700 and 349 m (5,577 and 1,145 ft).
8006:123146043592704::Thread-174 2020-08-09 19:00:01.45 - In international competitions, the club has won six European Cups, more than any other English club, three UEFA Cups, four UEFA Super Cups (also English records) and one FIFA Club World Cup.
8005:123146043592704::Thread-174 2020-08-09 19:00:01.704 - Vladimir Vladimirovich Putin (; Russian: Влади́мир Влади́мирович Пу́тин [vɫɐˈdʲimʲɪr vɫɐˈdʲimʲɪrəvʲɪtɕ ˈputʲɪn] (listen); born 7 October 1952) is a Russian politician and a former officer of the KGB who has served as President of Russia since 2012, previously holding the position from 1999 until 2008.
8004:123146043592704::Thread-174 2020-08-09 19:00:01.734 - The highest point in the country is a narrow pathway named Chemin des Révoires on the slopes of Mont Agel, in the Les Révoires Ward, which is 161 metres (528 feet) above sea level.
8003:123146043592704::Thread-174 2020-08-09 19:00:01.825 - Touring guitarist Jason White became a full-time member in 2012, but returned to his role as a touring member in 2016.
8005:123146043592704::Thread-174 2020-08-09 19:00:01.915 - He was also the Prime Minister of Russia from 1999 to 2000 and again from 2008 to 2012.
8003:123146043592704::Thread-174 2020-08-09 19:00:01.957 - Green Day was originally part of the late-'80s/early-'90s punk scene at the DIY 924 Gilman Street club in Berkeley, California.
8005:123146043592704::Thread-174 2020-08-09 19:00:02.017 - Putin was born in Leningrad (now Saint Petersburg) and studied law at Leningrad State University, graduating in 1975.
8002:123146043592704::Thread-174 2020-08-09 19:00:02.575 - Ernesto "Che" Guevara (Spanish: [ˈtʃe ɣeˈβaɾa]; 14 June 1928 – 9 October 1967) was an Argentine Marxist revolutionary, physician, author, guerrilla leader, diplomat, and military theorist.
8004:123146043592704::Thread-174 2020-08-09 19:00:02.628 - The principality is about 15 km (9.3 mi) from the state border with Italy.
8002:123146043592704::Thread-174 2020-08-09 19:00:02.78 - A major figure of the Cuban Revolution, his stylized visage has become a ubiquitous countercultural symbol of rebellion and global insignia in popular culture.As a young medical student, Guevara traveled throughout South America and was radicalized by the poverty, hunger, and disease he witnessed.
8005:123146043592704::Thread-174 2020-08-09 19:00:02.988 - Putin worked as a KGB foreign intelligence officer for 16 years, rising to the rank of Lieutenant Colonel, before resigning in 1991 to begin a political career in Saint Petersburg.
8004:123146043592704::Thread-174 2020-08-09 19:00:03.239 - Its most populous Quartier is Monte Carlo and the most populous Ward is Larvotto/Bas Moulins.
8006:123146043592704::Thread-174 2020-08-09 19:00:03.258 - Founded in 1892, the club joined the Football League the following year and has played at Anfield since its formation.
8005:123146043592704::Thread-174 2020-08-09 19:00:03.4 - He later moved to Moscow in 1996 to join the administration of President Boris Yeltsin.
8004:123146043592704::Thread-174 2020-08-09 19:00:03.462 - Through land reclamation, Monaco's land mass has expanded by 20 percent.
8003:123146043592704::Thread-174 2020-08-09 19:00:03.553 - The band's early releases were with the independent record label Lookout!
8006:123146043592704::Thread-174 2020-08-09 19:00:03.811 - Liverpool established itself as a major force in English and European football in the 1970s and 1980s, when Bill Shankly, Bob Paisley, Joe Fagan and Kenny Dalglish led the club to a combined eleven League titles and four European Cups.
8005:123146043592704::Thread-174 2020-08-09 19:00:03.959 - He served as Director of the Federal Security Service (FSB) and Secretary of the Security Council, before being appointed as Prime Minister in August 1999.
8005:123146043592704::Thread-174 2020-08-09 19:00:04.441 - After the resignation of Yeltsin, Putin became Acting President, and less than four months later was elected outright to his first term as president and was reelected in 2004.
8003:123146043592704::Thread-174 2020-08-09 19:00:04.601 - Records.
8002:123146043592704::Thread-174 2020-08-09 19:00:04.85 - His burgeoning desire to help overturn what he saw as the capitalist exploitation of Latin America by the United States prompted his involvement in Guatemala's social reforms under President Jacobo Árbenz, whose eventual CIA-assisted overthrow at the behest of the United Fruit Company solidified Guevara's political ideology.
8005:123146043592704::Thread-174 2020-08-09 19:00:04.988 - During his first tenure as president, the Russian economy grew for eight straight years, with GDP measured by purchasing power increasing by 72%, real incomes increased by a factor of 2.5, real wages more than tripled; unemployment and poverty more than halved and the Russians' self-assessed life satisfaction rose significantly.
8005:123146043592704::Thread-174 2020-08-09 19:00:04.999 - The growth was a result of a five-fold increase in the price of oil and gas which constitute the majority of Russian exports, recovery from the post-Communist depression and financial crises, a rise in foreign investment, and prudent economic and fiscal policies.
8005:123146043592704::Thread-174 2020-08-09 19:00:05.433 - Putin served as Prime Minister under Dmitry Medvedev from 2008 to 2012, where he oversaw large scale military reform and police reform.
8006:123146043592704::Thread-174 2020-08-09 19:00:05.916 - Liverpool won two further European Cups in 2005 and 2019 under the management of Rafael Benítez and Jürgen Klopp, respectively, the latter of whom led Liverpool to a nineteenth League title in 2020, the club's first during the Premier League era.
8006:123146043592704::Thread-174 2020-08-09 19:00:07.216 - One of the most widely supported teams in the world, in 2019, Liverpool was the world's seventh highest-earning football club, with an annual revenue of €604 million, and the world's eighth most valuable football club, valued at $2.183 billion.
8003:123146043592704::Thread-174 2020-08-09 19:00:07.299 - In 1994, their major-label debut Dookie, released through Reprise Records, became a breakout success and eventually shipped over 10 million copies in the U.S. Green Day is credited alongside fellow California punk bands NOFX, Sublime, Bad Religion, the Offspring, Rancid, and Jawbreaker with popularizing mainstream interest in punk rock in the U.S.
8002:123146043592704::Thread-174 2020-08-09 19:00:07.432 - Later in Mexico City, Guevara met Raúl and Fidel Castro, joined their 26th of July Movement, and sailed to Cuba aboard the yacht Granma with the intention of overthrowing U.S.-backed Cuban dictator Fulgencio Batista.
8002:123146043592704::Thread-174 2020-08-09 19:00:08.638 - Guevara soon rose to prominence among the insurgents, was promoted to second in command and played a pivotal role in the victorious two-year guerrilla campaign that deposed the Batista regime.Following the Cuban Revolution, Guevara performed a number of key roles in the new government.
8006:123146043592704::Thread-174 2020-08-09 19:00:08.759 - Liverpool has long-standing rivalries with Manchester United and Everton.
8006:123146043592704::Thread-174 2020-08-09 19:00:10.058 - The team changed from red shirts and white shorts to an all-red home strip in 1964 which has been used ever since.
8003:123146043592704::Thread-174 2020-08-09 19:00:10.082 - Though the albums Insomniac (1995), Nimrod (1997), and Warning (2000) did not match the success of Dookie, they were still successful with the former two reaching double platinum status while the latter achieved gold.
8002:123146043592704::Thread-174 2020-08-09 19:00:10.083 - These included reviewing the appeals and firing squads for those convicted as war criminals during the revolutionary tribunals, instituting agrarian land reform as minister of industries, helping spearhead a successful nationwide literacy campaign, serving as both national bank president and instructional director for Cuba's armed forces, and traversing the globe as a diplomat on behalf of Cuban socialism.
8005:123146043592704::Thread-174 2020-08-09 19:00:11.438 - **END**
8004:123146043592704::Thread-174 2020-08-09 19:00:11.468 - **END**
8002:123146043592704::Thread-174 2020-08-09 19:00:11.681 - Such positions also allowed him to play a central role in training the militia forces who repelled the Bay of Pigs Invasion, and bringing Soviet nuclear-armed ballistic missiles to Cuba, which preceded the 1962 Cuban Missile Crisis.
8006:123146043592704::Thread-174 2020-08-09 19:00:12.169 - The club's anthem is "You'll Never Walk Alone".
8002:123146043592704::Thread-174 2020-08-09 19:00:12.75 - Additionally, Guevara was a prolific writer and diarist, composing a seminal guerrilla warfare manual, along with a best-selling memoir about his youthful continental motorcycle journey.
8003:123146043592704::Thread-174 2020-08-09 19:00:12.909 - Green Day's seventh album, a rock opera called American Idiot (2004), found popularity with a younger generation, selling six million copies in the U.S. Their next album, 21st Century Breakdown, was released in 2009 and achieved the band's best chart performance.
8003:123146043592704::Thread-174 2020-08-09 19:00:13.566 - It was followed by a trilogy of albums, ¡Uno!, ¡Dos!, and ¡Tré!, released in September, November, and December 2012, respectively.
8003:123146043592704::Thread-174 2020-08-09 19:00:14.686 - The trilogy did not perform as well as expected commercially in comparison to their previous albums largely due to lack of promotion and Armstrong entering rehab.
8002:123146043592704::Thread-174 2020-08-09 19:00:14.819 - His experiences and studying of Marxism–Leninism led him to posit that the Third World's underdevelopment and dependence was an intrinsic result of imperialism, neocolonialism and monopoly capitalism, with the only remedy being proletarian internationalism and world revolution.
8002:123146043592704::Thread-174 2020-08-09 19:00:17.087 - Guevara left Cuba in 1965 to foment revolution abroad, first unsuccessfully in Congo-Kinshasa and later in Bolivia, where he was captured by CIA-assisted Bolivian forces and summarily executed.Guevara remains both a revered and reviled historical figure, polarized in the collective imagination in a multitude of biographies, memoirs, essays, documentaries, songs, and films.
8003:123146043592704::Thread-174 2020-08-09 19:00:18.688 - **END**
8006:123146043592704::Thread-174 2020-08-09 19:00:21.174 - **END**
8002:123146043592704::Thread-174 2020-08-09 19:00:23.089 - **END**