8006:123146094071808::Thread-186 2020-08-09 18:59:28.273 - **START**
8006:123146094071808::Thread-186 2020-08-09 18:59:28.362 - Starting new HTTPS connection (1): en.wikipedia.org
8005:123146094071808::Thread-186 2020-08-09 18:59:30.251 - **START**
8006:123146094071808::Thread-186 2020-08-09 18:59:30.616 - Mark Robert Michael Wahlberg (born June 5, 1971) is an American actor, producer, restaurateur and former rapper.
8005:123146094071808::Thread-186 2020-08-09 18:59:30.953 - Starting new HTTPS connection (1): en.wikipedia.org
8002:123146094071808::Thread-186 2020-08-09 18:59:31.362 - **START**
8002:123146094071808::Thread-186 2020-08-09 18:59:32.078 - Starting new HTTPS connection (1): en.wikipedia.org
8006:123146094071808::Thread-186 2020-08-09 18:59:32.188 - He is also known by his former stage name Marky Mark from his career with the group Marky Mark and the Funky Bunch, with whom he released the albums Music for the People (1991) and You Gotta Believe (1992).
8003:123146094071808::Thread-186 2020-08-09 18:59:33.283 - **START**
8006:123146094071808::Thread-186 2020-08-09 18:59:33.931 - Wahlberg transitioned from music to acting, with his screen debut in Renaissance Man (1994) and his first starring role in Fear (1996).
8003:123146094071808::Thread-186 2020-08-09 18:59:34.109 - Starting new HTTPS connection (1): en.wikipedia.org
8005:123146094071808::Thread-186 2020-08-09 18:59:34.775 - Gaetano John "Gaten" Matarazzo III (; Italian: [ɡaeˈtaːno mataˈrattso]; born September 8, 2002) is an American actor.
8005:123146094071808::Thread-186 2020-08-09 18:59:35.601 - He began his career on the Broadway stage as Benjamin in Priscilla, Queen of the Desert and as Gavroche in Les Misérables.
8006:123146094071808::Thread-186 2020-08-09 18:59:35.798 - He received critical praise for his performance as porn actor Dirk Diggler in Boogie Nights.
8005:123146094071808::Thread-186 2020-08-09 18:59:36.226 - He stars as Dustin Henderson in the Netflix science-fiction-horror drama series Stranger Things, and hosts the short lived Netflix show Prank Encounters.
8006:123146094071808::Thread-186 2020-08-09 18:59:36.469 - In the early 2000s, he ventured into big budget action-oriented movies, such as The Perfect Storm (2000), Planet of the Apes (2001), and The Italian Job (2003).
8002:123146094071808::Thread-186 2020-08-09 18:59:36.49 - Mackenzie Christine Foy (born November 10, 2000) is an American actress and model.
8005:123146094071808::Thread-186 2020-08-09 18:59:36.516 - Early life
Matarazzo was born in Connecticut, to Gaetano and Heather Matarazzo, but raised in Little Egg Harbor Township, New Jersey, and he attended Pinelands Regional High School in Tuckerton, New Jersey.
8005:123146094071808::Thread-186 2020-08-09 18:59:36.674 - He has two siblings, an older sister Sabrina and a younger brother Carmen.
8002:123146094071808::Thread-186 2020-08-09 18:59:36.976 - She is known for portraying Renesmee Cullen in the 2012 film The Twilight Saga: Breaking Dawn – Part 2, which earned her a Young Artist Award nomination as Best Supporting Young Actress in a Feature Film; as the young Murphy in the 2014 space epic Interstellar, for which she received a Saturn Award for Best Performance by a Younger Actor among other awards nominations; and as Clara in Disney's The Nutcracker and the Four Realms.
8005:123146094071808::Thread-186 2020-08-09 18:59:37.133 - As a child, Gaten was heavily involved in performing arts, specifically singing.
8006:123146094071808::Thread-186 2020-08-09 18:59:37.489 - He was nominated for the Academy Award for Best Supporting Actor for playing a police officer in the crime drama The Departed (2006).
8005:123146094071808::Thread-186 2020-08-09 18:59:37.606 - He pursued vocal training at Starlight Performing Arts Center in New Jersey.
8006:123146094071808::Thread-186 2020-08-09 18:59:37.701 - He was nominated for the Golden Globe Award for Best Actor for the biographical sports drama The Fighter (2010), in which he starred as Micky Ward.
8005:123146094071808::Thread-186 2020-08-09 18:59:38.276 - In 2011, he competed and won third place with his vocal solo entitled “Ben” at Starpower Talent Competition Nationals in Uncasville, Connecticut.
8005:123146094071808::Thread-186 2020-08-09 18:59:38.353 - Personal life
Matarazzo is of Italian descent.Matarazzo was born with cleidocranial dysostosis (CCD), which he has spoken openly about, even documenting one of his surgeries, during which 14 supernumary teeth were removed, on Instagram.
8005:123146094071808::Thread-186 2020-08-09 18:59:38.684 - After he was cast in Stranger Things as Dustin Henderson, the character's background was modified to have the condition as well.
8002:123146094071808::Thread-186 2020-08-09 18:59:38.832 - Early life
Foy was born on November 10, 2000.
8006:123146094071808::Thread-186 2020-08-09 18:59:38.919 - In the 2010s, he landed successful comedy roles with The Other Guys (2010), Ted (2012), its 2015 sequel, Daddy's Home (2015), and its 2017 sequel.
8003:123146094071808::Thread-186 2020-08-09 18:59:39.172 - Hadrian's Wall (Latin: Vallum Aelium), also known as the Roman Wall, Picts' Wall, or Vallum Hadriani in Latin, is a former defensive fortification of the Roman province of Britannia, begun in AD 122 in the reign of the emperor Hadrian.
8006:123146094071808::Thread-186 2020-08-09 18:59:39.676 - He also became the protagonist in the Transformers live-action film franchise (2014, 2017).
8003:123146094071808::Thread-186 2020-08-09 18:59:39.785 - It ran from the banks of the River Tyne near the North Sea to the Solway Firth on the Irish Sea, and was the northern limit of the Roman Empire, immediately north of which were the lands of the northern Ancient Britons, including the Picts.
8006:123146094071808::Thread-186 2020-08-09 18:59:40.302 - He was the world's best-paid actor in 2017.
8002:123146094071808::Thread-186 2020-08-09 18:59:40.543 - She was born and raised in Los Angeles.
8004:123146094071808::Thread-186 2020-08-09 18:59:41.253 - **START**
8003:123146094071808::Thread-186 2020-08-09 18:59:41.648 - It had a stone base and a stone wall.
8002:123146094071808::Thread-186 2020-08-09 18:59:41.784 - Her father, a truck driver, and mother, a homemaker, had no connections to the film industry.
8004:123146094071808::Thread-186 2020-08-09 18:59:42.082 - Starting new HTTPS connection (1): en.wikipedia.org
8002:123146094071808::Thread-186 2020-08-09 18:59:42.516 - Foy began modeling at age 3, and started acting at age 9.
8003:123146094071808::Thread-186 2020-08-09 18:59:42.806 - There were milecastles with two turrets in between.
8002:123146094071808::Thread-186 2020-08-09 18:59:43.862 - Career
Foy began modeling in print ads in 2004, working for Garnet Hill, Polo Ralph Lauren and Guess.
8002:123146094071808::Thread-186 2020-08-09 18:59:44.362 - From there, she modeled for companies such as The Walt Disney Company, Mattel and Gap.Foy's acting career began when she was nine years old, when she guest-starred in television shows such as 'Til Death, FlashForward and Hawaii Five-0.
8002:123146094071808::Thread-186 2020-08-09 18:59:44.551 - In 2010, she was cast as Renesmee Cullen in the film adaptation of Stephenie Meyer's book Breaking Dawn, the fourth and final novel in the Twilight saga series.
8003:123146094071808::Thread-186 2020-08-09 18:59:44.75 - There was a fort about every five Roman miles.
8003:123146094071808::Thread-186 2020-08-09 18:59:44.802 - From north to south, the wall comprised a ditch, wall, military way and vallum, another ditch with adjoining mounds.
8002:123146094071808::Thread-186 2020-08-09 18:59:44.959 - The first movie, The Twilight Saga: Breaking Dawn – Part 1, in which Renesmee is shown only in a flash forward, was released on November 18, 2011, while the second, The Twilight Saga: Breaking Dawn – Part 2, on November 16, 2012.
8002:123146094071808::Thread-186 2020-08-09 18:59:44.96 - **END**
8003:123146094071808::Thread-186 2020-08-09 18:59:45.534 - It is thought the milecastles were staffed with static garrisons, whereas the forts had fighting garrisons of infantry and cavalry.
8004:123146094071808::Thread-186 2020-08-09 18:59:45.993 - Toronto is the capital city of the Canadian province of Ontario.
8005:123146094071808::Thread-186 2020-08-09 18:59:46.688 - **END**
8002:123146094071808::Thread-186 2020-08-09 18:59:46.963 - **START**
8002:123146094071808::Thread-186 2020-08-09 18:59:46.967 - Starting new HTTPS connection (1): en.wikipedia.org
8003:123146094071808::Thread-186 2020-08-09 18:59:48.194 - In addition to the wall's defensive military role, its gates may have been customs posts.A significant portion of the wall still stands and can be followed on foot along the adjoining Hadrian's Wall Path.
8004:123146094071808::Thread-186 2020-08-09 18:59:48.589 - With a recorded population of 2,731,571 in 2016, it is the most populous city in Canada and the fourth most populous city in North America.
8006:123146094071808::Thread-186 2020-08-09 18:59:49.344 - **END**
8002:123146094071808::Thread-186 2020-08-09 18:59:50.17 - Princess Margaret, Countess of Snowdon,  (Margaret Rose; 21 August 1930 – 9 February 2002) was the younger daughter of King George VI and Queen Elizabeth, and the only sibling of Queen Elizabeth II.
8003:123146094071808::Thread-186 2020-08-09 18:59:50.307 - The largest Roman archaeological feature in Britain, it runs a total of 73 miles (117.5 kilometres)  in northern England.
8003:123146094071808::Thread-186 2020-08-09 18:59:50.519 - Regarded as a British cultural icon, Hadrian's Wall is one of Britain's major ancient tourist attractions.
8004:123146094071808::Thread-186 2020-08-09 18:59:50.572 - The city is the anchor of the Golden Horseshoe, an urban agglomeration of 9,245,438 people (as of 2016) surrounding the western end of Lake Ontario, while the Greater Toronto Area (GTA) proper had a 2016 population of 6,417,516.
8004:123146094071808::Thread-186 2020-08-09 18:59:51.176 - Toronto is an international centre of business, finance, arts, and culture, and is recognized as one of the most multicultural and cosmopolitan cities in the world.People have travelled through and inhabited the Toronto area, located on a broad sloping plateau interspersed with rivers, deep ravines, and urban forest, for more than 10,000 years.
8006:123146094071808::Thread-186 2020-08-09 18:59:51.348 - **START**
8006:123146094071808::Thread-186 2020-08-09 18:59:51.362 - Starting new HTTPS connection (1): en.wikipedia.org
8004:123146094071808::Thread-186 2020-08-09 18:59:51.812 - After the broadly disputed Toronto Purchase, when the Mississauga surrendered the area to the British Crown, the British established the town of York in 1793 and later designated it as the capital of Upper Canada.
8002:123146094071808::Thread-186 2020-08-09 18:59:52.348 - Margaret spent much of her childhood with her parents and sister.
8003:123146094071808::Thread-186 2020-08-09 18:59:52.525 - **END**
8006:123146094071808::Thread-186 2020-08-09 18:59:53.048 - The Alcatraz Federal Penitentiary or United States Penitentiary, Alcatraz Island (often referred to as Alcatraz [, Spanish pronunciation: [al-ka-tɾas] (Latin America)/Spanish pronunciation: [al-ka-tɾaθ] (Spain) from Arabic: غطاس‎, romanized: al-ġaţţās, lit.
8004:123146094071808::Thread-186 2020-08-09 18:59:54.05 - During the War of 1812, the town was the site of the Battle of York and suffered heavy damage by American troops.
8002:123146094071808::Thread-186 2020-08-09 18:59:54.566 - Her life changed dramatically at the age of six, when her paternal uncle, King Edward VIII, abdicated to marry divorcée Wallis Simpson.
8006:123146094071808::Thread-186 2020-08-09 18:59:54.933 - 'gannet ("the diver")'] or The Rock) was a maximum security federal prison on Alcatraz Island, 1.25 miles (2.01 km) off the coast of San Francisco, California, United States, the site of a fort since the 1850s; the main prison building was built in 1910–1912 as a United States Army military prison.
8004:123146094071808::Thread-186 2020-08-09 18:59:55.185 - York was renamed and incorporated in 1834 as the city of Toronto.
8004:123146094071808::Thread-186 2020-08-09 18:59:55.449 - It was designated as the capital of the province of Ontario in 1867 during Canadian Confederation.
8002:123146094071808::Thread-186 2020-08-09 18:59:56.042 - Margaret's father became king, and her sister became heir presumptive, with Margaret second in line to the throne.
8006:123146094071808::Thread-186 2020-08-09 18:59:56.354 - The United States Department of Justice acquired the United States Disciplinary Barracks, Pacific Branch, on Alcatraz on 12 October 1933, and the island became a prison of the Federal Bureau of Prisons in August 1934 after the buildings were modernized and security increased.
8005:123146094071808::Thread-186 2020-08-09 18:59:56.693 - **START**
8005:123146094071808::Thread-186 2020-08-09 18:59:56.697 - Starting new HTTPS connection (1): en.wikipedia.org
8004:123146094071808::Thread-186 2020-08-09 18:59:57.04 - The city proper has since expanded past its original borders through both annexation and amalgamation to its current area of 630.2 km2 (243.3 sq mi).
8002:123146094071808::Thread-186 2020-08-09 18:59:57.106 - During the Second World War, the two sisters stayed at Windsor Castle despite suggestions to evacuate them to Canada.
8006:123146094071808::Thread-186 2020-08-09 18:59:57.949 - Given this high security and the island's location in the cold waters and strong currents of San Francisco Bay, prison operators believed Alcatraz to be escape-proof and America's strongest prison.
8003:123146094071808::Thread-186 2020-08-09 18:59:58.532 - **START**
8006:123146094071808::Thread-186 2020-08-09 18:59:58.583 - The three-story cellhouse included the four main cell blocks, A-block through D-block, the warden's office, visitation room, the library, and the barber shop.
8003:123146094071808::Thread-186 2020-08-09 18:59:58.589 - Starting new HTTPS connection (1): en.wikipedia.org
8005:123146094071808::Thread-186 2020-08-09 18:59:58.793 - The Netherlands (Dutch: Nederland [ˈneːdərlɑnt] (listen)), informally Holland, is a country primarily located in Western Europe and partly in the Caribbean, forming the largest constituent country of the Kingdom of the Netherlands.
8002:123146094071808::Thread-186 2020-08-09 18:59:58.851 - During the war years, Margaret was considered too young to perform any official duties and instead continued her education.
8004:123146094071808::Thread-186 2020-08-09 18:59:59.017 - The diverse population of Toronto reflects its current and historical role as an important destination for immigrants to Canada.
8002:123146094071808::Thread-186 2020-08-09 18:59:59.218 - After the war, Margaret fell in love with Group Captain Peter Townsend.
8006:123146094071808::Thread-186 2020-08-09 19:00:00.036 - The prison cells typically measured 9 feet (2.7 m) by 5 feet (1.5 m) and 7 feet (2.1 m) high.
8002:123146094071808::Thread-186 2020-08-09 19:00:00.306 - In 1952, her father died, her sister became queen, and Townsend divorced his wife, Rosemary.
8005:123146094071808::Thread-186 2020-08-09 19:00:00.677 - In Europe, it consists of 12 provinces that border Germany to the east, Belgium to the south, and the North Sea to the northwest, with maritime borders in the North Sea with those countries and the United Kingdom.
8003:123146094071808::Thread-186 2020-08-09 19:00:01.116 - Stephanie Clifford (born March 17, 1979), known as Stormy Daniels, is an American pornographic actress, stripper, writer and director.
8005:123146094071808::Thread-186 2020-08-09 19:00:01.339 - In the Caribbean, it consists of three special municipalities: the islands of Bonaire, Sint Eustatius and Saba.
8006:123146094071808::Thread-186 2020-08-09 19:00:01.621 - The cells were primitive and lacked privacy, with a bed, desk, and washbasin, and a toilet on the back wall, and with few furnishings except a blanket.
8005:123146094071808::Thread-186 2020-08-09 19:00:02.215 - The country's official language is Dutch, with West Frisian as a secondary official language in the province of Friesland, and English and Papiamentu as secondary official languages in the Caribbean Netherlands.
8003:123146094071808::Thread-186 2020-08-09 19:00:03.078 - She has won numerous industry awards, and is a member of the NightMoves, AVN and XRCO Halls of Fame.
8006:123146094071808::Thread-186 2020-08-09 19:00:03.121 - African-Americans were segregated from other inmates in cell designation due to racial abuse.
8002:123146094071808::Thread-186 2020-08-09 19:00:03.236 - He proposed to Margaret early the following year.
8005:123146094071808::Thread-186 2020-08-09 19:00:03.641 - Dutch Low Saxon and Limburgish are recognised regional languages (spoken in the east and southeast respectively), while Sinte Romani and Yiddish are recognised non-territorial languages.The four largest cities in the Netherlands are Amsterdam, Rotterdam, The Hague and Utrecht.
8002:123146094071808::Thread-186 2020-08-09 19:00:03.821 - Many in the government believed that he would be an unsuitable husband for the Queen's 22-year-old sister, and the Church of England refused to countenance marriage to a divorced man.
8006:123146094071808::Thread-186 2020-08-09 19:00:03.882 - D-Block housed the worst inmates, and six cells at its end were designated "The Hole," where badly behaving prisoners would be sent for periods of often brutal punishment.
8003:123146094071808::Thread-186 2020-08-09 19:00:05.008 - In 2009, a recruitment effort led her to consider challenging incumbent David Vitter for the 2010 Senate election in her native Louisiana.In 2018, Daniels became involved in a legal dispute with U.S. president Donald Trump and his attorney Michael Cohen.
8002:123146094071808::Thread-186 2020-08-09 19:00:05.062 - Margaret eventually abandoned her plans with Townsend and married photographer Antony Armstrong-Jones in 1960; the Queen made him Earl of Snowdon.
8003:123146094071808::Thread-186 2020-08-09 19:00:05.254 - Trump and his surrogates paid $130,000 hush money to silence Daniels about an affair she says she had with Trump in 2006.
8006:123146094071808::Thread-186 2020-08-09 19:00:05.286 - The dining hall and kitchen extended from the main building.
8005:123146094071808::Thread-186 2020-08-09 19:00:05.548 - Amsterdam is the country's most populous city and nominal capital, while The Hague holds the seat of the States General, Cabinet and Supreme Court.
8005:123146094071808::Thread-186 2020-08-09 19:00:05.832 - The Port of Rotterdam is the busiest seaport in Europe, and the busiest in any country outside East Asia and Southeast Asia, behind only China and Singapore.
8005:123146094071808::Thread-186 2020-08-09 19:00:05.903 - Amsterdam Airport Schiphol is the busiest airport in the Netherlands, and the third busiest in Europe.
8003:123146094071808::Thread-186 2020-08-09 19:00:05.953 - Trump's spokespeople have denied the affair and accused Daniels of lying.
8002:123146094071808::Thread-186 2020-08-09 19:00:07.064 - **END**
8005:123146094071808::Thread-186 2020-08-09 19:00:07.467 - The country is a founding member of the EU, Eurozone, G10, NATO, OECD and WTO, as well as a part of the Schengen Area and the trilateral Benelux Union.
8003:123146094071808::Thread-186 2020-08-09 19:00:07.498 - Early life
Stephanie Gregory was born on March 17, 1979, to Sheila and Bill Gregory, who divorced about three or four years later.
8003:123146094071808::Thread-186 2020-08-09 19:00:07.832 - She was subsequently raised by her mother.She graduated from Scotlandville Magnet High School in Baton Rouge in 1997 and considered becoming a journalist.Daniels said she "came from an average, lower-income household… there [were] days without electricity", and she has described herself as coming from a "really bad neighborhood."
8004:123146094071808::Thread-186 2020-08-09 19:00:08.022 - **END**
8005:123146094071808::Thread-186 2020-08-09 19:00:09.116 - It hosts several intergovernmental organisations and international courts, many of which are centered in The Hague, which is consequently dubbed 'the world's legal capital'.Netherlands literally means "lower countries" in reference to its low elevation and flat topography, with only about 50% of its land exceeding 1 metre (3 ft 3 in) above sea level, and nearly 17% falling below sea level.
8005:123146094071808::Thread-186 2020-08-09 19:00:09.117 - **END**
8003:123146094071808::Thread-186 2020-08-09 19:00:09.479 - During high school, Daniels had a job answering phones at a riding stable.
8003:123146094071808::Thread-186 2020-08-09 19:00:11.273 - Career
 
Daniels's first experience as a stripper occurred when she was 17 and visiting a friend at a strip club; she was convinced to perform a "guest set".
8006:123146094071808::Thread-186 2020-08-09 19:00:11.293 - **END**
8003:123146094071808::Thread-186 2020-08-09 19:00:12.581 - She began stripping for money at the Gold Club in Baton Rouge and became a featured entertainer with Continental Theatrical Agency in September 2000.
8003:123146094071808::Thread-186 2020-08-09 19:00:14.267 - She chose her stage name Stormy Daniels to reflect her love of American rock band Mötley Crüe, whose bassist, Nikki Sixx, named his daughter Storm.
8003:123146094071808::Thread-186 2020-08-09 19:00:15.273 - **END**