8004:123145517768704::Thread-49 2020-08-09 18:59:27.239 - **START**
8004:123145517768704::Thread-49 2020-08-09 18:59:27.537 - Starting new HTTPS connection (1): en.wikipedia.org
8004:123145517768704::Thread-49 2020-08-09 18:59:28.637 - Demetria Devonne  Lovato ( lə-VAH-toh; born August 20, 1992) is an American singer, songwriter, actress, and television personality.
8004:123145517768704::Thread-49 2020-08-09 18:59:29.588 - After appearing on the children's television series Barney & Friends (2002–2004), she rose to prominence for her role as Mitchie Torres in the Disney Channel musical television film Camp Rock (2008) and its sequel Camp Rock 2: The Final Jam (2010).
8006:123145517768704::Thread-49 2020-08-09 18:59:30.239 - **START**
8002:123145517768704::Thread-49 2020-08-09 18:59:30.307 - **START**
8004:123145517768704::Thread-49 2020-08-09 18:59:30.69 - The former film's soundtrack included "This Is Me", Lovato's duet with Joe Jonas, which peaked in the top ten of the Billboard Hot 100.
8006:123145517768704::Thread-49 2020-08-09 18:59:30.833 - Starting new HTTPS connection (1): en.wikipedia.org
8003:123145517768704::Thread-49 2020-08-09 18:59:31.248 - **START**
8002:123145517768704::Thread-49 2020-08-09 18:59:31.773 - Starting new HTTPS connection (1): en.wikipedia.org
8005:123145517768704::Thread-49 2020-08-09 18:59:32.207 - **START**
8004:123145517768704::Thread-49 2020-08-09 18:59:32.335 - After signing with Hollywood Records, Lovato released her pop rock debut album, Don't Forget (2008), which debuted at number two on the Billboard 200.
8003:123145517768704::Thread-49 2020-08-09 18:59:32.486 - Starting new HTTPS connection (1): en.wikipedia.org
8005:123145517768704::Thread-49 2020-08-09 18:59:33.098 - Starting new HTTPS connection (1): en.wikipedia.org
8006:123145517768704::Thread-49 2020-08-09 18:59:33.113 - The Tower of London, officially Her Majesty's Royal Palace and Fortress of the Tower of London, is a  historic  castle on the north bank of the River Thames in central London.
8004:123145517768704::Thread-49 2020-08-09 18:59:34.028 - Its follow up, Here We Go Again (2009), debuted at number one in the US, while its title track peaked in the top 15 of the country.
8006:123145517768704::Thread-49 2020-08-09 18:59:34.428 - It lies within the London Borough of Tower Hamlets, which is separated from the eastern edge of the square mile of the City of London by the open space known as Tower Hill.
8003:123145517768704::Thread-49 2020-08-09 18:59:34.694 - Cristiano Ronaldo dos Santos Aveiro GOIH ComM (European Portuguese: [kɾiʃˈtjɐnu ʁɔˈnaɫdu]; born 5 February 1985) is a Portuguese professional footballer who plays as a forward for Serie A club Juventus and captains the Portugal national team.
8003:123145517768704::Thread-49 2020-08-09 18:59:35.314 - Often considered the best player in the world and  widely regarded as one of the greatest players of all time, Ronaldo has won five Ballons d'Or and four European Golden Shoes, both of which are records for a European player.
8006:123145517768704::Thread-49 2020-08-09 18:59:35.422 - It was founded towards the end of 1066 as part of the Norman Conquest of England.
8004:123145517768704::Thread-49 2020-08-09 18:59:35.718 - Lovato's third studio album, Unbroken (2011), experimented with pop and R&B.
8003:123145517768704::Thread-49 2020-08-09 18:59:36.004 - He has won 30 major trophies in his career, including seven league titles, five UEFA Champions Leagues, one UEFA European Championship, and one UEFA Nations League title.
8002:123145517768704::Thread-49 2020-08-09 18:59:36.033 - Tutankhamun (, Ancient Egyptian: twt-ꜥnḫ-jmn), Egyptological pronunciation Tutankhamen (British ) (c. 1342 – c. 1325 BC), was an ancient Egyptian pharaoh who was the last of his royal family to rule during the end of the 18th dynasty (ruled c. 1334 – 1325 BC in the conventional chronology) during the New Kingdom of Egyptian history.
8006:123145517768704::Thread-49 2020-08-09 18:59:36.072 - The White Tower, which gives the entire castle its name, was built by William the Conqueror in 1078 and was a resented symbol of oppression, inflicted upon London by the new ruling elite.
8004:123145517768704::Thread-49 2020-08-09 18:59:36.834 - It spawned two singles: "Skyscraper", which peaked in the top ten of the US, and "Give Your Heart a Break".
8003:123145517768704::Thread-49 2020-08-09 18:59:36.852 - Ronaldo holds the records for the most goals (130) and assists (40) in the history of the UEFA Champions League.
8006:123145517768704::Thread-49 2020-08-09 18:59:36.937 - The castle was also used as a prison from 1100 (Ranulf Flambard) until 1952 (Kray twins), although that was not its primary purpose.
8002:123145517768704::Thread-49 2020-08-09 18:59:37.771 - His father was the pharaoh Akhenaten, believed to be the mummy found in the tomb KV55.
8005:123145517768704::Thread-49 2020-08-09 18:59:37.821 - Kristen Jaymes Stewart (born April 9, 1990) is an American actress and filmmaker.
8003:123145517768704::Thread-49 2020-08-09 18:59:37.993 - He is one of the few recorded players to have made over 1,000 professional career appearances and has scored over 700 senior career goals for club and country.Born and raised in Madeira, Ronaldo began his senior club career playing for Sporting CP, before signing with Manchester United in 2003, aged 18.
8004:123145517768704::Thread-49 2020-08-09 18:59:38.253 - Lovato's fourth studio album, Demi (2013), debuted with US sales of 110,000 copies, her highest first-week sales in the country.
8006:123145517768704::Thread-49 2020-08-09 18:59:38.467 - A grand palace early in its history, it served as a royal residence.
8005:123145517768704::Thread-49 2020-08-09 18:59:38.829 - The world's highest-paid actress in 2010 and 2012, she is the recipient of several accolades, including a BAFTA Award and a César Award, which she was the first American actress to win.
8003:123145517768704::Thread-49 2020-08-09 18:59:38.832 - After winning the FA Cup in his first season, he helped United win three successive Premier League titles, the UEFA Champions League, and the FIFA Club World Cup; at age 23, he won his first Ballon d'Or.
8002:123145517768704::Thread-49 2020-08-09 18:59:38.961 - His mother is his father's sister, identified through DNA testing as an unknown mummy referred to as "The Younger Lady" who was found in KV35.Tutankhamun took the throne at eight or nine years of age under the unprecedented viziership of his eventual successor, Ay, to whom he may have been related.
8006:123145517768704::Thread-49 2020-08-09 18:59:39.231 - As a whole, the Tower is a complex of several buildings set within two concentric rings of defensive walls and a moat.
8004:123145517768704::Thread-49 2020-08-09 18:59:39.42 - Its lead single, "Heart Attack", peaked in the top ten of the US while also becoming her first top-three single on the UK Singles Chart.
8005:123145517768704::Thread-49 2020-08-09 18:59:39.466 - Born and raised in Los Angeles to an American father and Australian mother, both of whom work in show business, Stewart first gained notice at age 12 for her role as the daughter of Jodie Foster's character in David Fincher's thriller Panic Room (2002), which earned her a Young Artist Award nomination for Best Leading Actress in a Feature Film.
8003:123145517768704::Thread-49 2020-08-09 18:59:39.678 - In 2009, Ronaldo was the subject of the then-most expensive association football transfer when signed for Real Madrid in a transfer worth €94 million (£80 million).
8002:123145517768704::Thread-49 2020-08-09 18:59:39.782 - He married his half sister Ankhesenamun.
8006:123145517768704::Thread-49 2020-08-09 18:59:39.619 - There were several phases of expansion, mainly under kings Richard I, Henry III, and Edward I in the 12th and 13th centuries.
8004:123145517768704::Thread-49 2020-08-09 18:59:39.867 - For her fifth and sixth studio albums, Confident (2015) and Tell Me You Love Me (2017), Lovato infused soul and focused on more mature content as opposed to her previous work.
8005:123145517768704::Thread-49 2020-08-09 18:59:40.04 - She subsequently starred in Speak (2004), Catch That Kid (2004), Zathura: A Space Adventure (2005), and Into the Wild (2007).
8005:123145517768704::Thread-49 2020-08-09 18:59:40.046 - In 2010, she was awarded the BAFTA Rising Star Award.
8005:123145517768704::Thread-49 2020-08-09 18:59:40.194 - Stewart went on to gain worldwide recognition for her role as Bella Swan in The Twilight Saga film series (2008–2012), which collectively grossed over $3.3 billion worldwide.After starring in the fantasy film Snow White and the Huntsman (2012), Stewart eschewed roles in big-budget films in favor of independent productions for the next few years.
8003:123145517768704::Thread-49 2020-08-09 18:59:40.468 - There, Ronaldo won 15 trophies, including two La Liga titles, two Copas del Rey, and four UEFA Champions League titles, and became the club's all-time top goalscorer.
8005:123145517768704::Thread-49 2020-08-09 18:59:40.599 - She took on roles in the dramas Camp X-Ray and Still Alice (both 2014), and the science fiction romance Equals (2016).
8006:123145517768704::Thread-49 2020-08-09 18:59:41.104 - The general layout established by the late 13th century remains despite later activity on the site.
8004:123145517768704::Thread-49 2020-08-09 18:59:41.207 - The latter became her first album to be certified Platinum by the RIAA, and its lead single, "Sorry Not Sorry", became her highest peaking single in the US, reaching number six, and her first single to be certified 5x Platinum in the US.
8006:123145517768704::Thread-49 2020-08-09 18:59:41.208 - The Tower of London has played a prominent role in English history.
8005:123145517768704::Thread-49 2020-08-09 18:59:41.27 - In 2015, she garnered critical acclaim for her performance in Olivier Assayas' drama film Clouds of Sils Maria, which won her the César Award for Best Supporting Actress.
8002:123145517768704::Thread-49 2020-08-09 18:59:41.703 - During their marriage they lost two daughters, one at 5–6 months of pregnancy and the other shortly after birth at full-term.
8003:123145517768704::Thread-49 2020-08-09 18:59:41.931 - After joining Madrid, Ronaldo finished runner-up for the Ballon d'Or three times, behind Lionel Messi—his perceived career rival—before winning back-to-back Ballons d'Or from 2013–2014 and again from 2016–2017.
8005:123145517768704::Thread-49 2020-08-09 18:59:42.11 - Stewart reunited with Assayas the following year in the supernatural thriller Personal Shopper (2016) and made her directorial debut with the 2017 short film Come Swim.
8004:123145517768704::Thread-49 2020-08-09 18:59:42.322 - In 2020, Lovato released the singles "Anyone", "I Love Me", and "I'm Ready" with Sam Smith, which reached the top 40 in twenty-two countries, and the first two became Lovato's first number-one singles on Billboard's Digital Songs chart.
8003:123145517768704::Thread-49 2020-08-09 18:59:42.851 - After winning a third consecutive Champions League title in 2018, Ronaldo became the first player to win the trophy five times.
8005:123145517768704::Thread-49 2020-08-09 18:59:43.11 - She returned to mainstream Hollywood with leading roles in the action films Charlie's Angels (2019) and Underwater (2020).
8002:123145517768704::Thread-49 2020-08-09 18:59:43.891 - His names—Tutankhaten and Tutankhamun—are thought to mean "Living image of Aten" and "Living image of Amun", with Aten replaced by Amun after Akhenaten's death.
8004:123145517768704::Thread-49 2020-08-09 18:59:44.384 - **END**
8002:123145517768704::Thread-49 2020-08-09 18:59:44.754 - Some Egyptologists believe the translation may be closer to "The-life-of-Aten-is-pleasing" or "One-perfect-of-life-is-Aten".
8005:123145517768704::Thread-49 2020-08-09 18:59:45.111 - **END**
8006:123145517768704::Thread-49 2020-08-09 18:59:46.214 - **END**
8003:123145517768704::Thread-49 2020-08-09 18:59:48.91 - **END**
8006:123145517768704::Thread-49 2020-08-09 18:59:51.215 - **START**
8006:123145517768704::Thread-49 2020-08-09 18:59:51.219 - Starting new HTTPS connection (1): en.wikipedia.org
8002:123145517768704::Thread-49 2020-08-09 18:59:51.76 - **END**
8006:123145517768704::Thread-49 2020-08-09 18:59:51.911 - Kanye Omari West (; born June 8, 1977) is an American rapper, producer, and fashion designer.Born in Atlanta and raised in Chicago, West was first known as a producer for Roc-A-Fella Records in the early 2000s, producing singles for several mainstream artists.
8006:123145517768704::Thread-49 2020-08-09 18:59:52.298 - Intent on pursuing a solo career as a rapper, West released his debut album The College Dropout in 2004 to critical and commercial success, and founded the record label GOOD Music.
8006:123145517768704::Thread-49 2020-08-09 18:59:53.242 - He experimented with a variety of musical genres on subsequent acclaimed studio albums, including Late Registration (2005), Graduation (2007), and 808s & Heartbreak (2008).
8006:123145517768704::Thread-49 2020-08-09 18:59:53.86 - Drawing inspiration from maximalism and minimalism, respectively, West's fifth album My Beautiful Dark Twisted Fantasy (2010) and sixth album Yeezus (2013) were also critical successes.
8006:123145517768704::Thread-49 2020-08-09 18:59:54.512 - He went on to release The Life of Pablo (2016), Ye (2018), and Jesus Is King (2019).
8006:123145517768704::Thread-49 2020-08-09 18:59:54.886 - West's discography also includes the full-length collaborations Watch the Throne (2011) and Kids See Ghosts (2018) with Jay-Z and Kid Cudi, respectively.
8006:123145517768704::Thread-49 2020-08-09 18:59:55.052 - West's outspoken views and life outside of music have received significant media attention.
8006:123145517768704::Thread-49 2020-08-09 18:59:55.711 - He has been a frequent source of controversy for his conduct at award shows, on social media, and in other public settings, as well as for his comments on the music and fashion industries, U.S. politics, and race.
8006:123145517768704::Thread-49 2020-08-09 18:59:55.915 - His Christian faith, as well as his marriage to television personality Kim Kardashian, have also been a source of media attention.
8005:123145517768704::Thread-49 2020-08-09 18:59:56.117 - **START**
8005:123145517768704::Thread-49 2020-08-09 18:59:56.126 - Starting new HTTPS connection (1): en.wikipedia.org
8004:123145517768704::Thread-49 2020-08-09 18:59:56.388 - **START**
8004:123145517768704::Thread-49 2020-08-09 18:59:56.396 - Starting new HTTPS connection (1): en.wikipedia.org
8006:123145517768704::Thread-49 2020-08-09 18:59:56.732 - As a fashion designer, he has collaborated with Nike, Louis Vuitton, and A.P.C.
8003:123145517768704::Thread-49 2020-08-09 18:59:56.911 - **START**
8003:123145517768704::Thread-49 2020-08-09 18:59:56.916 - Starting new HTTPS connection (1): en.wikipedia.org
8005:123145517768704::Thread-49 2020-08-09 18:59:57.371 - Gazzy Garcia (born August 17, 2000), known professionally as Lil Pump, is an American rapper and songwriter.
8005:123145517768704::Thread-49 2020-08-09 18:59:57.539 - He is known for his hyperactive public persona, where he is often portrayed taking drugs, particularly marijuana, lean, Xanax and MDMA; he is often criticized for his behavior seen on social media.
8006:123145517768704::Thread-49 2020-08-09 18:59:57.657 - on both clothing and footwear, and have most prominently resulted in the Yeezy collaboration with Adidas beginning in 2013.
8003:123145517768704::Thread-49 2020-08-09 18:59:57.967 - Robin McLaurin Williams (July 21, 1951 – August 11, 2014) was an American actor and comedian.
8004:123145517768704::Thread-49 2020-08-09 18:59:58.132 - Mumbai (English: , Marathi: [ˈmumbəi]; colloquially known as Bombay , the official name until 1995) is the capital city of the Indian state of Maharashtra.
8005:123145517768704::Thread-49 2020-08-09 18:59:58.498 - He is also known for shouting his catchphrase "Esskeetit" (a truncated version of "Let's get it").
8003:123145517768704::Thread-49 2020-08-09 18:59:58.714 - He is often regarded by critics as one of the best comedians of all time.
8005:123145517768704::Thread-49 2020-08-09 18:59:59.222 - Garcia was named as one of the 30 Under 30 by Forbes in 2019.Lil Pump rose to popularity in 2017, after he released his single "Gucci Gang" from his debut album Lil Pump, which peaked at number three on the U.S.
8003:123145517768704::Thread-49 2020-08-09 18:59:59.753 - He was known for his improvisation skills, and the wide variety of memorable voices he created.
8005:123145517768704::Thread-49 2020-08-09 18:59:59.778 - Billboard Hot 100, and is certified triple platinum by the Recording Industry Association of America.
8004:123145517768704::Thread-49 2020-08-09 19:00:00.12 - According to United Nations, as of 2018, Mumbai is the most populous city in the country and the seventh-most populous city in the world with a population of roughly 20 million.
8005:123145517768704::Thread-49 2020-08-09 19:00:00.765 - He has since released other songs, including "I Love It" (with Kanye West), "Esskeetit", "Drug Addicts", "Butterfly Doors", "Racks on Racks", and "Be Like Me" (featuring Lil Wayne).
8005:123145517768704::Thread-49 2020-08-09 19:00:01.272 - He released his debut studio album, Lil Pump, in October 2017.
8004:123145517768704::Thread-49 2020-08-09 19:00:01.468 - As per Indian government population census of 2011, Mumbai is the most populous city in India with an estimated city proper population of 12.5 million living under Municipal Corporation of Greater Mumbai.
8005:123145517768704::Thread-49 2020-08-09 19:00:01.476 - His song "Welcome to the Party" was featured in the soundtrack for Deadpool 2.
8005:123145517768704::Thread-49 2020-08-09 19:00:02.325 - He released his second studio album Harverd Dropout on February 22, 2019.
8003:123145517768704::Thread-49 2020-08-09 19:00:02.732 - He began performing stand-up comedy in San Francisco and Los Angeles during the mid-1970s, and rose to fame for playing the alien Mork in the sitcom Mork & Mindy (1978–1982).After his first starring film role in Popeye (1980), Williams starred in several critically and commercially successful films including The World According to Garp (1982), Moscow on the Hudson (1984), Good Morning, Vietnam (1987), Dead Poets Society (1989), Awakenings (1990), The Fisher King (1991), Patch Adams (1998), One Hour Photo (2002), and World's Greatest Dad (2009).
8005:123145517768704::Thread-49 2020-08-09 19:00:02.759 - Early life
Garcia was born August 17, 2000, in Miami, Florida.
8005:123145517768704::Thread-49 2020-08-09 19:00:03.76 - In a 2018 interview with J. Cole, Garcia stated that his parents are from Colombia and they divorced when he was six years old.
8003:123145517768704::Thread-49 2020-08-09 19:00:04.157 - He also starred in box office hits such as Hook (1991), Aladdin (1992), Mrs. Doubtfire (1993), Jumanji (1995), The Birdcage (1996), Good Will Hunting (1997), and the Night at the Museum trilogy (2006–2014).
8004:123145517768704::Thread-49 2020-08-09 19:00:04.388 - Mumbai is the centre of the Mumbai Metropolitan Region, the sixth most populous metropolitan area in the world with a population of over 23 million.
8004:123145517768704::Thread-49 2020-08-09 19:00:04.633 - Mumbai lies on the Konkan coast on the west coast of India and has a deep natural harbour.
8004:123145517768704::Thread-49 2020-08-09 19:00:05.254 - In 2008, Mumbai was named an alpha world city.
8006:123145517768704::Thread-49 2020-08-09 19:00:05.659 - **END**
8003:123145517768704::Thread-49 2020-08-09 19:00:05.961 - He was nominated for four Academy Awards, winning Best Supporting Actor for Good Will Hunting.
8003:123145517768704::Thread-49 2020-08-09 19:00:06.603 - He also received two Primetime Emmy Awards, six Golden Globe Awards, two Screen Actors Guild Awards, and five Grammy Awards.
8002:123145517768704::Thread-49 2020-08-09 19:00:06.761 - **START**
8002:123145517768704::Thread-49 2020-08-09 19:00:06.767 - Starting new HTTPS connection (1): en.wikipedia.org
8004:123145517768704::Thread-49 2020-08-09 19:00:07.339 - It has the highest number of millionaires and billionaires among all cities in India.
8002:123145517768704::Thread-49 2020-08-09 19:00:07.55 - Emma Charlotte Duerre Watson (born 15 April 1990) is an English actress, model, and activist.
8002:123145517768704::Thread-49 2020-08-09 19:00:07.689 - Born in Paris and brought up in Oxfordshire, Watson attended the Dragon School and trained as an actress at the Oxford branch of Stagecoach Theatre Arts.
8005:123145517768704::Thread-49 2020-08-09 19:00:07.762 - **END**
8002:123145517768704::Thread-49 2020-08-09 19:00:07.85 - As a child, she rose to prominence with her first professional acting role as Hermione Granger in the Harry Potter film series, having acted only in school plays previously.
8004:123145517768704::Thread-49 2020-08-09 19:00:08.29 - Mumbai is home to three UNESCO World Heritage Sites: the Elephanta Caves, Chhatrapati Shivaji Maharaj Terminus, and the city's distinctive ensemble of Victorian and Art Deco buildings.The seven islands that constitute Mumbai were originally home to communities of Marathi language speaking Koli people,  For centuries, the islands were under the control of successive indigenous empires before being ceded to the Portuguese Empire and subsequently to the East India Company when in 1661 Charles II of England married Catherine of Braganza and as part of her dowry Charles received the ports of Tangier and Seven Islands of Bombay.
8003:123145517768704::Thread-49 2020-08-09 19:00:08.738 - In August 2014, at age 63, Williams committed suicide by hanging at his home in Paradise Cay, California.
8003:123145517768704::Thread-49 2020-08-09 19:00:08.937 - His widow, Susan Schneider Williams—as well as medical experts and the autopsy—attributed his suicide to his struggle with Lewy body disease.
8002:123145517768704::Thread-49 2020-08-09 19:00:09.64 - Watson also appeared in the 2007 television adaptation of the novel Ballet Shoes and lent her voice to The Tale of Despereaux (2008).
8004:123145517768704::Thread-49 2020-08-09 19:00:10.111 - During the mid-18th century, Bombay was reshaped by the Hornby Vellard project, which undertook reclamation of the area between the seven islands from the sea.
8002:123145517768704::Thread-49 2020-08-09 19:00:11.273 - After the last Harry Potter film, she took on starring and supporting roles in My Week with Marilyn (2011), The Perks of Being a Wallflower (2012) and The Bling Ring (2013), made an appearance as an exaggerated version of herself in This Is the End (2013), and played the title character's adopted daughter in Noah (2014).
8002:123145517768704::Thread-49 2020-08-09 19:00:11.275 - She went on to star as Belle in the musical romantic fantasy Beauty and the Beast (2017) and Meg March in the coming-of-age film Little Women (2019), the latter of which was nominated for the Academy Award for Best Picture.
8002:123145517768704::Thread-49 2020-08-09 19:00:11.682 - Her other film roles include Regression (2015), Colonia (2015), and The Circle (2017).
8002:123145517768704::Thread-49 2020-08-09 19:00:12.156 - From 2011 to 2014, Watson split her time between working on films and continuing her education, graduating from Brown University with a bachelor's degree in English literature in May 2014.
8002:123145517768704::Thread-49 2020-08-09 19:00:12.659 - Her modelling work has included campaigns for Burberry and Lancôme.
8004:123145517768704::Thread-49 2020-08-09 19:00:12.701 - Along with construction of major roads and railways, the reclamation project, completed in 1845, transformed Bombay into a major seaport on the Arabian Sea.
8003:123145517768704::Thread-49 2020-08-09 19:00:12.938 - **END**
8002:123145517768704::Thread-49 2020-08-09 19:00:13.222 - She also lent her name to a line of clothing for People Tree.
8004:123145517768704::Thread-49 2020-08-09 19:00:16.706 - **END**
8002:123145517768704::Thread-49 2020-08-09 19:00:22.224 - **END**