8006:123146241302528::Thread-221 2020-08-09 18:59:28.277 - **START**
8006:123146241302528::Thread-221 2020-08-09 18:59:28.365 - Starting new HTTPS connection (1): en.wikipedia.org
8006:123146241302528::Thread-221 2020-08-09 18:59:30.266 - Ashlynn Brooke is a former American pornographic actress, feature dancer, and model.
8006:123146241302528::Thread-221 2020-08-09 18:59:31.016 - Early life
Ashley Brooke was born in Choctaw, Oklahoma.
8003:123146241302528::Thread-221 2020-08-09 18:59:31.314 - **START**
8006:123146241302528::Thread-221 2020-08-09 18:59:31.676 - She was a cheerleader for nine years, and graduated from high school in May 2003.
8003:123146241302528::Thread-221 2020-08-09 18:59:32.498 - Starting new HTTPS connection (1): en.wikipedia.org
8006:123146241302528::Thread-221 2020-08-09 18:59:32.427 - Before becoming an adult film actress in 2006, she worked at a used car dealership for over three years.Brooke was previously married to an unknown male at the age of 19 and the couple were later divorced.
8006:123146241302528::Thread-221 2020-08-09 18:59:32.729 - Career
Brooke's first foray into adult entertainment was a photoshoot for an Oklahoma-based magazine.
8006:123146241302528::Thread-221 2020-08-09 18:59:32.951 - She soon after worked briefly as a stripper.
8006:123146241302528::Thread-221 2020-08-09 18:59:33.076 - She became an exclusive contract performer with New Sensations / Digital Sin in 2007, and in 2009 made her directing debut with Ashlynn Brooke’s Lesbian Fantasies.
8004:123146241302528::Thread-221 2020-08-09 18:59:33.267 - **START**
8006:123146241302528::Thread-221 2020-08-09 18:59:34.037 - She has cameos in Buckcherry's "Too Drunk..." music video and the horror film Piranha 3D.In 2010, Brooke retired as a pornstar after giving birth to her child.
8006:123146241302528::Thread-221 2020-08-09 18:59:34.088 - She posted on her Twitter profile and blog, introducing herself as "Ashley.
8004:123146241302528::Thread-221 2020-08-09 18:59:34.115 - Starting new HTTPS connection (1): en.wikipedia.org
8006:123146241302528::Thread-221 2020-08-09 18:59:34.768 - Formerly known as Ashlynn Brooke" and stating that she had retired from the pornographic industry and that her former website would no longer be updated.Brooke stated that she then briefly became involved with starring in and producing female-only pornography, but that being the girl who "tries to direct all-girl features, but isn’t a 'real' lesbian" wasn't working.
8003:123146241302528::Thread-221 2020-08-09 18:59:35.63 - Aston Villa Football Club is an English professional football club based in Aston, Birmingham.
8002:123146241302528::Thread-221 2020-08-09 18:59:36.366 - **START**
8003:123146241302528::Thread-221 2020-08-09 18:59:36.379 - The club competes in the Premier League, the top tier of the English football league system.
8003:123146241302528::Thread-221 2020-08-09 18:59:36.737 - Founded in 1874, they have played at their home ground, Villa Park, since 1897.
8002:123146241302528::Thread-221 2020-08-09 18:59:37.002 - Starting new HTTPS connection (1): en.wikipedia.org
8004:123146241302528::Thread-221 2020-08-09 18:59:38.42 - Sweden (; Swedish: Sverige [ˈsvæ̌rjɛ] (listen)), officially the Kingdom of Sweden (Swedish: Konungariket Sverige [ˈkôːnɵŋaˌriːkɛt ˈsvæ̌rjɛ] (listen)), is a Nordic country in Northern Europe.
8003:123146241302528::Thread-221 2020-08-09 18:59:38.739 - Aston Villa were one of the founder members of the Football League in 1888 and of the Premier League in 1992.
8006:123146241302528::Thread-221 2020-08-09 18:59:39.771 - **END**
8005:123146241302528::Thread-221 2020-08-09 18:59:40.25 - **START**
8004:123146241302528::Thread-221 2020-08-09 18:59:40.298 - It borders Norway to the west and north, Finland to the east, and is connected to Denmark in the southwest by a bridge-tunnel across the Öresund Strait.
8004:123146241302528::Thread-221 2020-08-09 18:59:40.665 - At 450,295 square kilometres (173,860 sq mi), Sweden is the largest country in Northern Europe, the third-largest country in the European Union and the fifth largest country in Europe by area.
8005:123146241302528::Thread-221 2020-08-09 18:59:40.999 - Starting new HTTPS connection (1): en.wikipedia.org
8002:123146241302528::Thread-221 2020-08-09 18:59:41.558 - The British Museum, in the Bloomsbury area of London, United Kingdom, is a public institution dedicated to human history, art and culture.
8003:123146241302528::Thread-221 2020-08-09 18:59:41.623 - Villa are one of only five English clubs to have won the European Cup, in 1981–82.
8006:123146241302528::Thread-221 2020-08-09 18:59:41.813 - **START**
8003:123146241302528::Thread-221 2020-08-09 18:59:42.32 - They have also won the Football League First Division seven times, the FA Cup seven times, the League Cup five times, and the European (UEFA) Super Cup once.
8002:123146241302528::Thread-221 2020-08-09 18:59:42.407 - Its permanent collection of some eight million works is among the largest and most comprehensive in existence, having been widely sourced during the era of the British Empire.
8006:123146241302528::Thread-221 2020-08-09 18:59:42.696 - Starting new HTTPS connection (1): en.wikipedia.org
8004:123146241302528::Thread-221 2020-08-09 18:59:42.787 - The capital city is Stockholm.
8003:123146241302528::Thread-221 2020-08-09 18:59:42.805 - Villa have a fierce local rivalry with Birmingham City and the Second City derby between the teams has been played since 1879.
8002:123146241302528::Thread-221 2020-08-09 18:59:43.146 - It documents the story of human culture from its beginnings to the present.
8002:123146241302528::Thread-221 2020-08-09 18:59:43.171 - It was the first public national museum in the world.The British Museum was established in 1753, largely based on the collections of the Irish physician and scientist Sir Hans Sloane.
8002:123146241302528::Thread-221 2020-08-09 18:59:43.244 - It first opened to the public in 1759, in Montagu House, on the site of the current building.
8003:123146241302528::Thread-221 2020-08-09 18:59:43.991 - The club's traditional kit colours are claret shirts with sky blue sleeves, white shorts and sky blue socks.
8003:123146241302528::Thread-221 2020-08-09 18:59:44.133 - Their traditional club badge is of a rampant lion.
8002:123146241302528::Thread-221 2020-08-09 18:59:44.485 - Its expansion over the following 250 years was largely a result of expanding British colonisation and has resulted in the creation of several branch institutions, the first being the Natural History Museum in 1881.
8002:123146241302528::Thread-221 2020-08-09 18:59:45.087 - In 1973, the British Library Act 1972 detached the library department from the British Museum, but it continued to host the now separated British Library in the same Reading Room and building as the museum until 1997.
8004:123146241302528::Thread-221 2020-08-09 18:59:45.094 - Sweden has a total population of 10.3 million of which 2.6 million have a foreign background.
8002:123146241302528::Thread-221 2020-08-09 18:59:45.122 - The museum is a non-departmental public body sponsored by the Department for Digital, Culture, Media and Sport, and as with all national museums in the UK it charges no admission fee, except for loan exhibitions.Its ownership of some of its most famous objects originating in other countries is disputed and remains the subject of international controversy, most notably in the case of the Elgin Marbles of Greece and the Rosetta Stone of Egypt.
8003:123146241302528::Thread-221 2020-08-09 18:59:45.599 - The club is currently owned by the NSWE group, a company owned by the Egyptian billionaire Nassef Sawiris and the American billionaire Wes Edens.
8006:123146241302528::Thread-221 2020-08-09 18:59:45.799 - Disneyland Paris, formerly Euro Disney Resort, is an entertainment resort in Chessy, France, a new town located 32 km (20 mi) east of the centre of Paris.
8005:123146241302528::Thread-221 2020-08-09 18:59:45.931 - The rising average temperature of Earth's climate system, called global warming, is driving changes in rainfall patterns, extreme weather, arrival of seasons, and more.
8002:123146241302528::Thread-221 2020-08-09 18:59:46.802 - History


Sir Hans Sloane

Although today principally a museum of cultural art objects and antiquities, the British Museum was founded as a "universal museum".
8004:123146241302528::Thread-221 2020-08-09 18:59:47.128 - Persons with foreign backgrounds are defined as persons who are foreign born, or born in Sweden with foreign born parents.
8004:123146241302528::Thread-221 2020-08-09 18:59:47.239 - It has a low population density of 22 inhabitants per square kilometre (57/sq mi).
8006:123146241302528::Thread-221 2020-08-09 18:59:47.248 - It encompasses two theme parks, many resort hotels, Disney Nature Resorts, a shopping, dining, and entertainment complex, and a golf course, in addition to several additional recreational and entertainment venues.
8005:123146241302528::Thread-221 2020-08-09 18:59:47.529 - Collectively, global warming and its effects are known as climate change.
8002:123146241302528::Thread-221 2020-08-09 18:59:47.575 - Its foundations lie in the will of the Irish physician and naturalist Sir Hans Sloane (1660–1753), a London-based doctor and scientist from Ulster.
8002:123146241302528::Thread-221 2020-08-09 18:59:48.58 - **END**
8006:123146241302528::Thread-221 2020-08-09 18:59:48.838 - Disneyland Park is the original theme park of the complex, opening with the resort on 12 April 1992.
8005:123146241302528::Thread-221 2020-08-09 18:59:49.192 - While there have been prehistoric periods of global warming, observed changes since the mid-20th century have been unprecedented in rate and scale.
8004:123146241302528::Thread-221 2020-08-09 18:59:49.325 - About 85% of Swedes live in urban areas and the highest concentration is in the central and southern half of the country.
8006:123146241302528::Thread-221 2020-08-09 18:59:49.482 - A second theme park, Walt Disney Studios Park, opened in 2002, 10 years after the original park.
8003:123146241302528::Thread-221 2020-08-09 18:59:49.601 - **END**
8004:123146241302528::Thread-221 2020-08-09 18:59:51.434 - Sweden is part of the geographical area of Fennoscandia.
8004:123146241302528::Thread-221 2020-08-09 18:59:51.658 - The climate is in general mild for its northerly latitude due to significant maritime influence.
8006:123146241302528::Thread-221 2020-08-09 18:59:51.931 - Disneyland Paris celebrated its 25th anniversary in 2017.
8005:123146241302528::Thread-221 2020-08-09 18:59:52.165 - The Intergovernmental Panel on Climate Change (IPCC) concluded that "human influence on climate has been the dominant cause of observed warming since the mid-20th century".
8005:123146241302528::Thread-221 2020-08-09 18:59:52.506 - These findings have been recognized by the national science academies of major nations and are not disputed by any scientific body of national or international standing.
8002:123146241302528::Thread-221 2020-08-09 18:59:52.582 - **START**
8002:123146241302528::Thread-221 2020-08-09 18:59:52.586 - Starting new HTTPS connection (1): en.wikipedia.org
8003:123146241302528::Thread-221 2020-08-09 18:59:52.603 - **START**
8003:123146241302528::Thread-221 2020-08-09 18:59:52.607 - Starting new HTTPS connection (1): en.wikipedia.org
8006:123146241302528::Thread-221 2020-08-09 18:59:52.668 - Within 25 years of opening, 320 million people visited Disneyland Paris, making it the most visited theme park in Europe.
8005:123146241302528::Thread-221 2020-08-09 18:59:53.622 - The largest human influence has been the emission of greenhouse gases, with over 90% of the impact from carbon dioxide and methane.
8006:123146241302528::Thread-221 2020-08-09 18:59:53.719 - The Parisian resort is the second Disney park to open outside the United States following the opening of the Tokyo Disney Resort in 1983 and is the largest Disney resort to open outside of the United States.
8006:123146241302528::Thread-221 2020-08-09 18:59:53.789 - Disneyland Paris is also the only Disney resort outside of the United States to be completely owned by The Walt Disney Company.
8002:123146241302528::Thread-221 2020-08-09 18:59:53.894 - George VI (Albert Frederick Arthur George; 14 December 1895 – 6 February 1952) was King of the United Kingdom and the Dominions of the British Commonwealth from 11 December 1936 until his death in 1952.
8002:123146241302528::Thread-221 2020-08-09 18:59:54.652 - Known as "Bertie" among his family and close friends, George VI was born in the reign of his great-grandmother Queen Victoria and was named after his great-grandfather Albert, Prince Consort.
8004:123146241302528::Thread-221 2020-08-09 18:59:54.66 - **END**
8003:123146241302528::Thread-221 2020-08-09 18:59:55.117 - The Los Angeles Lakers are an American professional basketball team based in Los Angeles.
8003:123146241302528::Thread-221 2020-08-09 18:59:55.408 - The Lakers compete in the National Basketball Association (NBA) as a member of the league's Western Conference Pacific Division.
8005:123146241302528::Thread-221 2020-08-09 18:59:55.617 - Fossil fuel burning is the principal source of these gases, with agricultural emissions and deforestation also playing significant roles.
8003:123146241302528::Thread-221 2020-08-09 18:59:56.376 - The Lakers play their home games at Staples Center, an arena shared with the NBA's Los Angeles Clippers, the Los Angeles Sparks of the Women's National Basketball Association, and the Los Angeles Kings of the National Hockey League.
8006:123146241302528::Thread-221 2020-08-09 18:59:56.493 - Build by Gerald QUIGG, uncle of Strabane legend Patrick QUIGG.
8002:123146241302528::Thread-221 2020-08-09 18:59:56.754 - As the second son of King George V, he was not expected to inherit the throne and spent his early life in the shadow of his elder brother, Edward.
8003:123146241302528::Thread-221 2020-08-09 18:59:57.016 - The Lakers are one of the most successful teams in the history of the NBA, and have won 16 NBA championships, the second-most behind the Boston Celtics.
8006:123146241302528::Thread-221 2020-08-09 18:59:57.195 - Ownership
Walt Disney announced a €1 billion ($1.25 billion) bailout plan to rescue its subsidiary Disneyland Paris, the Financial Times reported on 6 October 2014.
8005:123146241302528::Thread-221 2020-08-09 18:59:57.775 - Temperature rise is enhanced by self-reinforcing climate feedbacks, such as loss of snow cover, increased water vapour, and melting permafrost.
8002:123146241302528::Thread-221 2020-08-09 18:59:58.149 - He attended naval college as a teenager and served in the Royal Navy and Royal Air Force during the First World War.
8006:123146241302528::Thread-221 2020-08-09 18:59:58.455 - The park is burdened by its debt, which is calculated at about €1.75 billion ($2.20 billion) and roughly 15 times its gross average earnings.
8002:123146241302528::Thread-221 2020-08-09 18:59:58.509 - In 1920, he was made Duke of York.
8005:123146241302528::Thread-221 2020-08-09 18:59:58.533 - Land surfaces are heating faster than the ocean surface, leading to heat waves, wildfires, and the expansion of deserts.
8003:123146241302528::Thread-221 2020-08-09 18:59:58.578 - The franchise began with the 1947 purchase of a disbanded team, the Detroit Gems of the National Basketball League (NBL).
8003:123146241302528::Thread-221 2020-08-09 18:59:59.423 - The new team began playing in Minneapolis, calling themselves the Minneapolis Lakers.
8006:123146241302528::Thread-221 2020-08-09 18:59:59.456 - **END**
8002:123146241302528::Thread-221 2020-08-09 18:59:59.9 - He married Lady Elizabeth Bowes-Lyon in 1923, and they had two daughters, Elizabeth and Margaret.
8005:123146241302528::Thread-221 2020-08-09 19:00:00.42 - Increasing atmospheric energy and rates of evaporation are causing more intense storms and weather extremes, damaging infrastructure and agriculture.
8003:123146241302528::Thread-221 2020-08-09 19:00:00.502 - Initially a member of the NBL, the Lakers won the 1948 NBL championship before joining the rival Basketball Association of America, where they would win five of the next six championships, led by star George Mikan.
8005:123146241302528::Thread-221 2020-08-09 19:00:01.427 - **END**
8003:123146241302528::Thread-221 2020-08-09 19:00:01.62 - After struggling financially in the late 1950s following Mikan's retirement, they relocated to Los Angeles before the 1960–61 season.
8002:123146241302528::Thread-221 2020-08-09 19:00:01.704 - In the mid-1920s, he had speech therapy for a stammer, which he learned to manage to some degree.
8003:123146241302528::Thread-221 2020-08-09 19:00:02.194 - Led by Hall of Famers Elgin Baylor and Jerry West, Los Angeles made the NBA Finals six times in the 1960s, but lost each series to the Celtics, beginning their long and storied rivalry.
8002:123146241302528::Thread-221 2020-08-09 19:00:03.221 - George's elder brother ascended the throne as Edward VIII after their father died in 1936.
8003:123146241302528::Thread-221 2020-08-09 19:00:03.299 - In 1968, the Lakers acquired four-time NBA Most Valuable Player (MVP) Wilt Chamberlain, and won their sixth NBA title—and first in Los Angeles—in 1972, led by new head coach Bill Sharman.
8002:123146241302528::Thread-221 2020-08-09 19:00:05.65 - Later that year, Edward abdicated to marry the American socialite Wallis Simpson, and George became the third monarch of the House of Windsor.
8002:123146241302528::Thread-221 2020-08-09 19:00:07.332 - In September 1939, the British Empire and Commonwealth—except Ireland—declared war on Nazi Germany.
8004:123146241302528::Thread-221 2020-08-09 19:00:09.665 - **START**
8004:123146241302528::Thread-221 2020-08-09 19:00:09.669 - Starting new HTTPS connection (1): en.wikipedia.org
8004:123146241302528::Thread-221 2020-08-09 19:00:10.182 - Michael Jeffrey Jordan (born February 17, 1963), also known by his initials MJ, is an American former professional basketball player and the principal owner of the Charlotte Hornets of the National Basketball Association (NBA).
8003:123146241302528::Thread-221 2020-08-09 19:00:10.303 - **END**
8004:123146241302528::Thread-221 2020-08-09 19:00:10.599 - He played 15 seasons in the NBA, winning six championships with the Chicago Bulls.
8004:123146241302528::Thread-221 2020-08-09 19:00:12.24 - His biography on the official NBA website states: "By acclamation, Michael Jordan is the greatest basketball player of all time."
8002:123146241302528::Thread-221 2020-08-09 19:00:12.337 - **END**
8004:123146241302528::Thread-221 2020-08-09 19:00:13.049 - He was integral in helping to popularize the NBA around the world in the 1980s and 1990s.Jordan played three seasons for coach Dean Smith with the North Carolina Tar Heels.
8004:123146241302528::Thread-221 2020-08-09 19:00:13.95 - As a freshman, he was a member of the Tar Heels' national championship team in 1982.
8004:123146241302528::Thread-221 2020-08-09 19:00:15.091 - Jordan joined the Bulls in 1984 as the third overall draft pick, and quickly emerged as a league star, entertaining crowds with his prolific scoring while gaining a reputation as one of the game's best defensive players.
8004:123146241302528::Thread-221 2020-08-09 19:00:16.017 - His leaping ability, demonstrated by slam dunks from the free throw line in Slam Dunk Contests, earned him the nicknames "Air Jordan" and "His Airness".
8004:123146241302528::Thread-221 2020-08-09 19:00:16.2 - Jordan won his first NBA championship with the Bulls in 1991, and followed that achievement with titles in 1992 and 1993, securing a "three-peat".
8004:123146241302528::Thread-221 2020-08-09 19:00:17.356 - Jordan abruptly retired from basketball before the 1993–94 NBA season to play Minor League Baseball, but returned to the Bulls in March 1995 and led them to three more championships in 1996, 1997, and 1998, as well as a then-record 72 regular-season wins in the 1995–96 NBA season.
8004:123146241302528::Thread-221 2020-08-09 19:00:17.599 - He retired for a second time in January 1999 but returned for two more NBA seasons from 2001 to 2003 as a member of the Washington Wizards.
8004:123146241302528::Thread-221 2020-08-09 19:00:17.711 - Jordan's individual accolades and accomplishments include six NBA Finals Most Valuable Player (MVP) Awards, ten scoring titles (both all-time records), five MVP Awards, ten All-NBA First Team designations, nine All-Defensive First Team honors, fourteen NBA All-Star Game selections, three All-Star Game MVP Awards, three steals titles, and the 1988 NBA Defensive Player of the Year Award.
8004:123146241302528::Thread-221 2020-08-09 19:00:18.717 - **END**