8004:123146216062976::Thread-215 2020-08-09 18:59:26.299 - **START**
8006:123146216062976::Thread-215 2020-08-09 18:59:26.317 - **START**
8006:123146216062976::Thread-215 2020-08-09 18:59:26.418 - Starting new HTTPS connection (1): en.wikipedia.org
8004:123146216062976::Thread-215 2020-08-09 18:59:26.421 - Starting new HTTPS connection (1): en.wikipedia.org
8006:123146216062976::Thread-215 2020-08-09 18:59:27.458 - Italy (Italian: Italia [iˈtaːlja] (listen)), officially the Italian Republic (Italian: Repubblica Italiana [reˈpubblika itaˈljaːna]),  is a sovereign country consisting of a peninsula delimited by the Alps and surrounded by several islands.
8006:123146216062976::Thread-215 2020-08-09 18:59:27.785 - Italy is located in south-central Europe, and is considered part of western Europe.
8006:123146216062976::Thread-215 2020-08-09 18:59:28.069 - A unitary parliamentary republic with Rome as its capital, the country covers a total area of 301,340 km2 (116,350 sq mi) and shares land borders with France, Switzerland, Austria, Slovenia, and the enclaved microstates of Vatican City and San Marino.
8006:123146216062976::Thread-215 2020-08-09 18:59:28.463 - Italy has a territorial exclave in Switzerland (Campione) and a maritime exclave in Tunisian waters (Lampedusa).
8004:123146216062976::Thread-215 2020-08-09 18:59:28.851 - The Petronas Towers, also known as the Petronas Twin Towers (Malay: Menara Petronas, or Menara Berkembar Petronas), are twin skyscrapers in Kuala Lumpur, Malaysia.
8006:123146216062976::Thread-215 2020-08-09 18:59:29.149 - With around 60 million inhabitants, Italy is the third-most populous member state of the European Union.
8006:123146216062976::Thread-215 2020-08-09 18:59:29.658 - Due to its central geographic location in Southern Europe and the Mediterranean, Italy has historically been home to myriad peoples and cultures.
8006:123146216062976::Thread-215 2020-08-09 18:59:30.342 - In addition to the various ancient peoples dispersed throughout what is now modern-day Italy, the most predominant being the Indo-European Italic peoples who gave the peninsula its name, beginning from the classical era, Phoenicians and Carthaginians founded colonies mostly in insular Italy, Greeks established settlements in the so-called Magna Graecia of Southern Italy, while Etruscans and Celts inhabited central and northern Italy respectively.
8006:123146216062976::Thread-215 2020-08-09 18:59:30.962 - An Italic tribe known as the Latins formed the Roman Kingdom in the 8th century BC, which eventually became a republic with a government of the Senate and the People.
8004:123146216062976::Thread-215 2020-08-09 18:59:31.349 - According to the Council on Tall Buildings and Urban Habitat (CTBUH)'s official definition and ranking, they were the tallest buildings in the world from 1998 to 2004, until they were surpassed by Taipei 101.
8006:123146216062976::Thread-215 2020-08-09 18:59:31.656 - The Roman Republic initially conquered and assimilated its neighbours on the Italian peninsula, eventually expanding and conquering parts of Europe, North Africa and  Asia.
8006:123146216062976::Thread-215 2020-08-09 18:59:31.968 - By the first century BC, the Roman Empire emerged as the dominant power in the Mediterranean Basin and became a leading cultural, political and religious centre, inaugurating the Pax Romana, a period of more than 200 years during which Italy's law, technology, economy, art, and literature developed.
8006:123146216062976::Thread-215 2020-08-09 18:59:32.976 - **END**
8004:123146216062976::Thread-215 2020-08-09 18:59:32.983 - The Petronas Towers remain the tallest twin towers in the world.
8005:123146216062976::Thread-215 2020-08-09 18:59:34.284 - **START**
8004:123146216062976::Thread-215 2020-08-09 18:59:34.639 - The buildings are a landmark of Kuala Lumpur, along with nearby Kuala Lumpur Tower; they remain the tallest buildings in Kuala Lumpur.
8005:123146216062976::Thread-215 2020-08-09 18:59:35.906 - Starting new HTTPS connection (1): en.wikipedia.org
8002:123146216062976::Thread-215 2020-08-09 18:59:36.366 - **START**
8002:123146216062976::Thread-215 2020-08-09 18:59:36.989 - Starting new HTTPS connection (1): en.wikipedia.org
8004:123146216062976::Thread-215 2020-08-09 18:59:37.362 - History and architecture
The Petronas Towers' structural system is a tube in tube design, invented by Fazlur Rahman Khan.
8003:123146216062976::Thread-215 2020-08-09 18:59:38.31 - **START**
8004:123146216062976::Thread-215 2020-08-09 18:59:38.79 - Applying a tube-structure for extreme tall buildings is a common phenomenon.The 88-floor towers are constructed largely of reinforced concrete, with a steel and glass facade designed to resemble motifs found in Islamic art, a reflection of Malaysia's Muslim religion.
8004:123146216062976::Thread-215 2020-08-09 18:59:39.395 - Another Islamic influence on the design is that the cross section of the towers is based on a Rub el Hizb, albeit with circular sectors added to meet office space requirements.
8003:123146216062976::Thread-215 2020-08-09 18:59:40.893 - Starting new HTTPS connection (1): en.wikipedia.org
8002:123146216062976::Thread-215 2020-08-09 18:59:40.924 - Barack Hussein Obama II ( (listen); born August 4, 1961) is an American politician and attorney who served as the 44th president of the United States from 2009 to 2017.
8004:123146216062976::Thread-215 2020-08-09 18:59:41.454 - The circular sectors is similar to the bottom part of the Qutub Minar.
8002:123146216062976::Thread-215 2020-08-09 18:59:41.792 - A member of the Democratic Party, Barack Obama was the first African American president of the United States.
8004:123146216062976::Thread-215 2020-08-09 18:59:42.323 - The towers were designed by Argentine architect César Pelli.
8005:123146216062976::Thread-215 2020-08-09 18:59:42.742 - Leonardo Wilhelm DiCaprio (, Italian: [diˈkaːprjo]; born November 11, 1974) is an American actor, producer, philanthropist, and environmentalist.
8002:123146216062976::Thread-215 2020-08-09 18:59:42.76 - He previously served as a U.S. senator from Illinois from 2005 to 2008 and an Illinois state senator from 1997 to 2004.
8005:123146216062976::Thread-215 2020-08-09 18:59:42.961 - He has often played unconventional parts, particularly in biopics, drama, crime, romance, and period films.
8006:123146216062976::Thread-215 2020-08-09 18:59:42.981 - **START**
8006:123146216062976::Thread-215 2020-08-09 18:59:43.271 - Starting new HTTPS connection (1): en.wikipedia.org
8004:123146216062976::Thread-215 2020-08-09 18:59:43.286 - A distinctive postmodern style was chosen to create a 21st-century icon for Kuala Lumpur, Malaysia.
8003:123146216062976::Thread-215 2020-08-09 18:59:43.313 - The Great Pyramid of Giza (also known as the Pyramid of Khufu or the Pyramid of Cheops) is the oldest and largest of the three pyramids in the Giza pyramid complex bordering present-day Giza in Greater Cairo, Egypt.
8002:123146216062976::Thread-215 2020-08-09 18:59:43.422 - Obama was born in Honolulu, Hawaii, making him the first president not born in the contiguous United States.
8002:123146216062976::Thread-215 2020-08-09 18:59:44.418 - After graduating from Columbia University in 1983, he worked as a community organizer in Chicago.
8002:123146216062976::Thread-215 2020-08-09 18:59:44.655 - In 1988, he enrolled in Harvard Law School, where he was the first black person to be president of the Harvard Law Review.
8003:123146216062976::Thread-215 2020-08-09 18:59:44.981 - It is the oldest of the Seven Wonders of the Ancient World, and the only one to remain largely intact.
8002:123146216062976::Thread-215 2020-08-09 18:59:45.227 - After graduating, he became a civil rights attorney and an academic, teaching constitutional law at the University of Chicago Law School from 1992 to 2004.
8002:123146216062976::Thread-215 2020-08-09 18:59:45.295 - Turning to elective politics, he represented the 13th district from 1997 until 2004 in the Illinois Senate, when he ran for the U.S. Senate.
8005:123146216062976::Thread-215 2020-08-09 18:59:45.882 - As of 2019, his films have grossed US$7.2 billion worldwide, and he has placed eight times in annual rankings of the highest-paid actors in the world.
8002:123146216062976::Thread-215 2020-08-09 18:59:46.005 - Obama received national attention in 2004 with his March Senate primary win, his well-received July Democratic National Convention keynote address, and his landslide November election to the Senate.
8005:123146216062976::Thread-215 2020-08-09 18:59:46.118 - Born in Los Angeles, DiCaprio began his career by appearing in television commercials in the late 1980s.
8002:123146216062976::Thread-215 2020-08-09 18:59:46.3 - In 2008, he was nominated for president a year after his presidential campaign began, and after close primary campaigns against Hillary Clinton, Obama was elected over Republican John McCain and was inaugurated alongside Joe Biden on January 20, 2009.
8005:123146216062976::Thread-215 2020-08-09 18:59:46.331 - In the early 1990s, he played recurring roles in various television series, such as the sitcom Parenthood.
8006:123146216062976::Thread-215 2020-08-09 18:59:47.278 - The Delhi Metro is a rapid transit system serving Delhi and its satellite cities of Ghaziabad, Faridabad, Gurgaon, Noida, Bahadurgarh and Ballabhgarh, in the National Capital Region of India.
8004:123146216062976::Thread-215 2020-08-09 18:59:47.287 - **END**
8003:123146216062976::Thread-215 2020-08-09 18:59:47.588 - Based on a mark in an interior chamber naming the work gang and a reference to the Fourth Dynasty Egyptian pharaoh Khufu, Egyptologists believe that the pyramid was built as a tomb over a 10- to 20-year period concluding around 2560 BC.
8005:123146216062976::Thread-215 2020-08-09 18:59:48.622 - He had his first major film role in This Boy's Life (1993), and received acclaim for his supporting role as a developmentally disabled boy in What's Eating Gilbert Grape (1993).
8006:123146216062976::Thread-215 2020-08-09 18:59:49.637 - It is by far the largest and busiest metro in India, and second oldest after the Kolkata Metro.
8003:123146216062976::Thread-215 2020-08-09 18:59:49.896 - Initially standing at 146.5 metres (481 feet), the Great Pyramid was the tallest man-made structure in the world for more than 3,800 years until Lincoln Cathedral was finished in 1311 AD.
8005:123146216062976::Thread-215 2020-08-09 18:59:50.05 - He achieved international stardom in the epic romance Titanic (1997), which became the highest-grossing film to that point.
8002:123146216062976::Thread-215 2020-08-09 18:59:50.303 - **END**
8006:123146216062976::Thread-215 2020-08-09 18:59:51.573 - The network consists of Eleven colour-coded regular lines serving 285 stations with a total length of 389 kilometres (242 mi).
8003:123146216062976::Thread-215 2020-08-09 18:59:51.863 - It is estimated that the pyramid weighs approximately 6 million tonnes, and consists of 2.3 million blocks of limestone and granite, some weighing as much as 80 tonnes.
8003:123146216062976::Thread-215 2020-08-09 18:59:52.237 - Originally, the Great Pyramid was covered by limestone casing stones that formed a smooth outer surface; what is seen today is the underlying core structure.
8005:123146216062976::Thread-215 2020-08-09 18:59:52.876 - After a few commercially unsuccessful films, DiCaprio starred in two successful features in 2002: the biographical crime drama Catch Me If You Can and the historical drama Gangs of New York, which marked his first of many collaborations with director Martin Scorsese.
8006:123146216062976::Thread-215 2020-08-09 18:59:53.651 - The system has a mix of underground, at-grade, and elevated stations using both broad-gauge and standard-gauge.
8005:123146216062976::Thread-215 2020-08-09 18:59:53.873 - DiCaprio later portrayed Howard Hughes in The Aviator (2004) and a mercenary in the political thriller Blood Diamond (2006), and he also received acclaim for his performances in the crime drama The Departed (2006) and the romantic drama Revolutionary Road (2008).
8003:123146216062976::Thread-215 2020-08-09 18:59:54.937 - Some of the casing stones that once covered the structure can still be seen around the base.
8006:123146216062976::Thread-215 2020-08-09 18:59:55.441 - Delhi Metro operates over 2,700 trips daily, starting at around 05:00 and ending at 23:30.Construction started in 1998, and the first elevated section (Shahdara to Tis Hazari) on the Red Line opened in 2002.
8005:123146216062976::Thread-215 2020-08-09 18:59:56.748 - In the 2010s, he starred in the science fiction thriller Inception (2010), the western Django Unchained (2012), the biopic The Wolf of Wall Street (2013), the survival drama The Revenant (2015), and the comedy-drama Once Upon a Time in Hollywood (2019), all of which were critical and commercial successes.
8003:123146216062976::Thread-215 2020-08-09 18:59:57.552 - There have been varying scientific and alternative theories about the Great Pyramid's construction techniques.
8006:123146216062976::Thread-215 2020-08-09 18:59:58.026 - The first underground section (Vishwa Vidyalaya – Kashmere Gate) on the Yellow Line opened in 2004.
8004:123146216062976::Thread-215 2020-08-09 18:59:59.289 - **START**
8004:123146216062976::Thread-215 2020-08-09 18:59:59.319 - Starting new HTTPS connection (1): en.wikipedia.org
8003:123146216062976::Thread-215 2020-08-09 19:00:00.471 - Most accepted construction hypotheses are based on the idea that it was built by moving huge stones from a quarry and dragging and lifting them into place.
8004:123146216062976::Thread-215 2020-08-09 19:00:00.482 - Dafne María Keen Fernández (born 4 January 2005) is a British-Spanish actress.
8004:123146216062976::Thread-215 2020-08-09 19:00:00.514 - She made her debut starring as Ana "Ani" Cruz Oliver on the television series The Refugees from 2014 to 2015.
8006:123146216062976::Thread-215 2020-08-09 19:00:00.676 - The development of the network was divided into phases.
8006:123146216062976::Thread-215 2020-08-09 19:00:01.451 - Phase I with 3 lines was completed by 2006, and Phase II in 2011.
8004:123146216062976::Thread-215 2020-08-09 19:00:01.46 - She received recognition for starring as Laura in the 2017 film Logan, for which she received several awards and nominations, including winning an Empire Award for Best Newcomer.
8004:123146216062976::Thread-215 2020-08-09 19:00:01.557 - In 2019, she began starring as Lyra Belacqua/Silvertongue in the television series His Dark Materials.
8003:123146216062976::Thread-215 2020-08-09 19:00:02.199 - There are three known chambers inside the Great Pyramid.
8006:123146216062976::Thread-215 2020-08-09 19:00:02.388 - As of March 2020, Phase III is in the finishing stage and scheduled to be mostly complete by the end of the year.
8004:123146216062976::Thread-215 2020-08-09 19:00:02.636 - Life and career
Keen was born in Madrid.
8005:123146216062976::Thread-215 2020-08-09 19:00:02.754 - **END**
8004:123146216062976::Thread-215 2020-08-09 19:00:03.523 - She is the daughter of British actor Will Keen, and Galician actress, theatre director and writer María Fernández Ache.
8006:123146216062976::Thread-215 2020-08-09 19:00:03.843 - Construction on Phase IV was formally started on 30 December 2019.
8004:123146216062976::Thread-215 2020-08-09 19:00:03.99 - A paternal great-grandfather was Edward Curzon, 6th Earl Howe; her aunts are poet Alice Oswald and writer Laura Beatty.
8003:123146216062976::Thread-215 2020-08-09 19:00:04.007 - The lowest chamber is cut into the bedrock upon which the pyramid was built and was unfinished.
8002:123146216062976::Thread-215 2020-08-09 19:00:04.307 - **START**
8002:123146216062976::Thread-215 2020-08-09 19:00:04.34 - Starting new HTTPS connection (1): en.wikipedia.org
8004:123146216062976::Thread-215 2020-08-09 19:00:04.663 - Keen began acting in 2014, starring alongside her father in the BBC television series The Refugees, where she played Ana "Ani" Cruz Oliver.
8003:123146216062976::Thread-215 2020-08-09 19:00:04.758 - The so-called Queen's Chamber and King's Chamber are higher up within the pyramid structure.
8002:123146216062976::Thread-215 2020-08-09 19:00:05.482 - Philadelphia, colloquially Philly, is the largest city in the U.S. state  of Pennsylvania, and the sixth-most populous U.S. city with a 2019 estimated population of 1,584,064.
8002:123146216062976::Thread-215 2020-08-09 19:00:05.508 - Since 1854, the city has had the same geographic boundaries as Philadelphia County, the most populous county in Pennsylvania and the urban core of the eighth-largest U.S. metropolitan statistical area, with over 6 million residents as of 2017.
8004:123146216062976::Thread-215 2020-08-09 19:00:05.642 - The show ended in 2015 after one season.
8004:123146216062976::Thread-215 2020-08-09 19:00:06.269 - Keen did not take on any new projects until 2 years later, when she co-starred with Hugh Jackman in the 2017 superhero film Logan as the mutant Laura, the child clone of Wolverine.
8002:123146216062976::Thread-215 2020-08-09 19:00:06.477 - Philadelphia is also the economic and cultural anchor of the greater Delaware Valley, located along the lower Delaware and Schuylkill Rivers, within the Northeast megalopolis.
8002:123146216062976::Thread-215 2020-08-09 19:00:07.224 - The Delaware Valley's population of 7.2 million ranks it as the eighth-largest combined statistical area in the United States.Philadelphia is one of the oldest municipalities in the United States.
8003:123146216062976::Thread-215 2020-08-09 19:00:07.762 - **END**
8006:123146216062976::Thread-215 2020-08-09 19:00:07.848 - **END**
8002:123146216062976::Thread-215 2020-08-09 19:00:07.887 - William Penn, an English Quaker, founded the city in 1682 to serve as capital of the Pennsylvania Colony.
8002:123146216062976::Thread-215 2020-08-09 19:00:07.956 - Philadelphia played an instrumental role in the American Revolution as a meeting place for the Founding Fathers of the United States, who signed the Declaration of Independence in 1776 at the Second Continental Congress, and the Constitution at the Philadelphia Convention of 1787.
8002:123146216062976::Thread-215 2020-08-09 19:00:08.708 - Several other key events occurred in Philadelphia during the Revolutionary War including the First Continental Congress, the preservation of the Liberty Bell, the Battle of Germantown, and the Siege of Fort Mifflin.
8002:123146216062976::Thread-215 2020-08-09 19:00:09.096 - Philadelphia remained the nation's largest city until being overtaken by New York City in 1790; the city was also one of the nation's capitals during the revolution, serving as temporary U.S. capital while Washington, D.C. was under construction.
8002:123146216062976::Thread-215 2020-08-09 19:00:09.409 - In the 19th century, Philadelphia became a major industrial center and a railroad hub.
8002:123146216062976::Thread-215 2020-08-09 19:00:09.733 - The city grew from an influx of European immigrants, most of whom came from Ireland, Italy and Germany—the three largest reported ancestry groups in the city as of 2015.
8004:123146216062976::Thread-215 2020-08-09 19:00:14.273 - **END**
8002:123146216062976::Thread-215 2020-08-09 19:00:14.734 - **END**