8004:123145660792832::Thread-83 2020-08-09 18:59:26.298 - **START**
8004:123145660792832::Thread-83 2020-08-09 18:59:26.43 - Starting new HTTPS connection (1): en.wikipedia.org
8005:123145660792832::Thread-83 2020-08-09 18:59:28.21 - **START**
8005:123145660792832::Thread-83 2020-08-09 18:59:28.364 - Starting new HTTPS connection (1): en.wikipedia.org
8005:123145660792832::Thread-83 2020-08-09 18:59:29.31 - Georgia (Georgian: საქართველო, translit.
8002:123145660792832::Thread-83 2020-08-09 18:59:29.342 - **START**
8002:123145660792832::Thread-83 2020-08-09 18:59:29.547 - Starting new HTTPS connection (1): en.wikipedia.org
8002:123145660792832::Thread-83 2020-08-09 18:59:31.163 - N.W.A (an abbreviation for Niggaz Wit Attitudes) was an American hip hop group from Compton, California.
8002:123145660792832::Thread-83 2020-08-09 18:59:31.361 - They were among the earliest and most significant popularizers and controversial figures of the gangsta rap subgenre, and are widely considered one of the greatest and most influential groups in the history of hip hop music.Active from 1987 to 1991, the rap group endured controversy owing to their music's explicit lyrics which many viewed as being misogynist, as well as to its glorification of drugs and crime.
8005:123145660792832::Thread-83 2020-08-09 18:59:31.404 - : sakartvelo) is a country in the Caucasus region of Eurasia.
8002:123145660792832::Thread-83 2020-08-09 18:59:31.857 - The group was subsequently banned from many mainstream American radio stations.
8002:123145660792832::Thread-83 2020-08-09 18:59:31.896 - In spite of this, the group has sold over 10 million units in the United States alone.
8005:123145660792832::Thread-83 2020-08-09 18:59:32.087 - Located at the crossroads of Western Asia and Eastern Europe, it is bounded to the west by the Black Sea, to the north by Russia, to the south by Turkey and Armenia, and to the southeast by Azerbaijan.
8002:123145660792832::Thread-83 2020-08-09 18:59:32.757 - Drawing on their own experiences of racism and excessive policing, the group made inherently political music.
8002:123145660792832::Thread-83 2020-08-09 18:59:33.221 - They were known for their deep hatred of the police system, which has sparked much controversy over the years.
8005:123145660792832::Thread-83 2020-08-09 18:59:33.221 - The capital and largest city is Tbilisi.
8005:123145660792832::Thread-83 2020-08-09 18:59:33.336 - Georgia covers a territory of 69,700 square kilometres (26,911 sq mi), and its approximate population is about 3.718 million.
8005:123145660792832::Thread-83 2020-08-09 18:59:33.429 - Georgia is a unitary parliamentary republic, with the government elected through a representative democracy.
8002:123145660792832::Thread-83 2020-08-09 18:59:34.209 - The original lineup, formed in early 1987, consisted of Arabian Prince, Dr. Dre, Eazy-E, and Ice Cube.
8002:123145660792832::Thread-83 2020-08-09 18:59:34.854 - DJ Yella and MC Ren joined later that year.
8005:123145660792832::Thread-83 2020-08-09 18:59:35.238 - During the classical era, several independent kingdoms became established in what is now Georgia, such as Colchis and Iberia.
8002:123145660792832::Thread-83 2020-08-09 18:59:35.831 - They released their first compilation album as a group in 1987 called N.W.A.
8002:123145660792832::Thread-83 2020-08-09 18:59:35.837 - and the Posse, which peaked at #39 on Billboard magazine's Top R&B/Hip-Hop Albums chart.
8005:123145660792832::Thread-83 2020-08-09 18:59:36.382 - The Georgians officially adopted Christianity in the early 4th century.
8003:123145660792832::Thread-83 2020-08-09 18:59:37.256 - **START**
8003:123145660792832::Thread-83 2020-08-09 18:59:37.508 - Starting new HTTPS connection (1): en.wikipedia.org
8005:123145660792832::Thread-83 2020-08-09 18:59:37.785 - The Georgian Orthodox Church had enormous importance for the spiritual and political unification of early Georgian states.
8005:123145660792832::Thread-83 2020-08-09 18:59:38.915 - The unified Kingdom of Georgia reached its Golden Age during the reign of King David the Builder and Queen Tamar the Great in the 12th and early 13th centuries.
8005:123145660792832::Thread-83 2020-08-09 18:59:39.266 - Thereafter, the kingdom declined and eventually disintegrated under the hegemony of various regional powers, including the Mongols, the Ottoman Empire and successive dynasties of Iran.
8006:123145660792832::Thread-83 2020-08-09 18:59:40.248 - **START**
8004:123145660792832::Thread-83 2020-08-09 18:59:40.689 - **START**
8006:123145660792832::Thread-83 2020-08-09 18:59:40.798 - Starting new HTTPS connection (1): en.wikipedia.org
8004:123145660792832::Thread-83 2020-08-09 18:59:40.996 - Starting new HTTPS connection (1): en.wikipedia.org
8003:123145660792832::Thread-83 2020-08-09 18:59:42.849 - Marco Polo ( (listen), Venetian: [ˈmaɾko ˈpolo], Italian: [ˈmarko ˈpɔːlo]; 1254 – January 8–9, 1324) was  a Venetian merchant, explorer, and writer who travelled through Asia along the Silk Road between 1271 and 1295.
8002:123145660792832::Thread-83 2020-08-09 18:59:42.882 - **END**
8006:123145660792832::Thread-83 2020-08-09 18:59:43.433 - Los Angeles International Airport (IATA: LAX, ICAO: KLAX, FAA LID: LAX), commonly referred to as LAX (with each of its letters pronounced individually), is the primary international airport serving Los Angeles and its surrounding metropolitan area.
8006:123145660792832::Thread-83 2020-08-09 18:59:43.588 - LAX is located in the Westchester neighborhood of Los Angeles, 18 miles (30 km) southwest of Downtown Los Angeles, with the commercial and residential areas of Westchester to the north, the city of El Segundo to the south and the city of Inglewood to the east.
8003:123145660792832::Thread-83 2020-08-09 18:59:44.593 - His travels are recorded in The Travels of Marco Polo (also known as Book of the Marvels of the World  and Il Milione, c. 1300), a book that described to Europeans the then mysterious culture and inner workings of the Eastern world, including the wealth and great size of the Mongol Empire and China in the Yuan Dynasty, giving their first comprehensive look into China, Persia, India, Japan and other Asian cities and countries.Born in Venice, Marco learned the mercantile trade from his father and his uncle, Niccolò and Maffeo, who travelled through Asia and met Kublai Khan.
8006:123145660792832::Thread-83 2020-08-09 18:59:45.044 - LAX is the closest airport to the Westside and the South Bay.
8004:123145660792832::Thread-83 2020-08-09 18:59:45.868 - Germany (German: Deutschland, German pronunciation: [ˈdɔʏtʃlant]), officially the Federal Republic of Germany (German: Bundesrepublik Deutschland, listen), is a country in Central and Western Europe.
8004:123145660792832::Thread-83 2020-08-09 18:59:46.773 - Covering an area of 357,022 square kilometres (137,847 sq mi), it lies between the Baltic and North seas to the north, and the Alps to the south.
8006:123145660792832::Thread-83 2020-08-09 18:59:47.045 - Owned and operated by Los Angeles World Airports (LAWA), an agency of the government of Los Angeles, formerly known as the Department of Airports, the airport covers 3,500 acres (1,400 ha)  of land.
8003:123145660792832::Thread-83 2020-08-09 18:59:47.294 - In 1269, they returned to Venice to meet Marco for the first time.
8005:123145660792832::Thread-83 2020-08-09 18:59:48.273 - **END**
8006:123145660792832::Thread-83 2020-08-09 18:59:48.291 - LAX has four parallel runways.In 2019, LAX handled 88,068,013 passengers, making it the world's third busiest and the United States' second busiest airport following Hartsfield–Jackson Atlanta International Airport.
8004:123145660792832::Thread-83 2020-08-09 18:59:49.031 - It borders Denmark to the north, Poland and the Czech Republic to the east, Austria and Switzerland to the south, and France, Luxembourg, Belgium, and the Netherlands to the west.
8006:123145660792832::Thread-83 2020-08-09 18:59:49.095 - As the largest and busiest international airport on the U.S. West Coast, LAX is a major international gateway to the United States, and also serves a connection point for passengers traveling internationally.
8006:123145660792832::Thread-83 2020-08-09 18:59:49.12 - The airport holds the record for the world's busiest origin and destination airport, since relative to other airports, many more travelers begin or end their trips in Los Angeles than use it as a connection.
8003:123145660792832::Thread-83 2020-08-09 18:59:49.657 - The three of them embarked on an epic journey to Asia, exploring many places along the Silk Road until they reached Cathay (China).
8004:123145660792832::Thread-83 2020-08-09 18:59:50.253 - Various Germanic tribes have inhabited the northern parts of modern Germany since classical antiquity.
8006:123145660792832::Thread-83 2020-08-09 18:59:50.389 - It is also the only airport to rank among the top five U.S. airports for both passenger and cargo traffic.LAX serves as a major hub or focus city for more passenger airlines than any other airport in the United States.
8003:123145660792832::Thread-83 2020-08-09 18:59:50.498 - They were received by the royal court of Kublai Khan, who was impressed by Marco's intelligence and humility.
8006:123145660792832::Thread-83 2020-08-09 18:59:51.313 - While LAX is the busiest airport in the Greater Los Angeles Area, several other airports, including Hollywood Burbank Airport, John Wayne Airport, Long Beach Airport, as well as Ontario International Airport, also serve the area.
8004:123145660792832::Thread-83 2020-08-09 18:59:51.932 - A region named Germania was documented before AD 100.
8006:123145660792832::Thread-83 2020-08-09 18:59:52.749 - History

In 1928, the Los Angeles City Council selected 640 acres (1.00 sq mi; 260 ha) in the southern part of Westchester for a new airport.
8003:123145660792832::Thread-83 2020-08-09 18:59:52.891 - Marco was appointed to serve as Khan's foreign emissary, and he was sent on many diplomatic missions throughout the empire and Southeast Asia, such as in present-day Burma, India, Indonesia, Sri Lanka and Vietnam.
8004:123145660792832::Thread-83 2020-08-09 18:59:53.022 - Beginning in the 10th century, German territories formed a central part of the Holy Roman Empire.
8004:123145660792832::Thread-83 2020-08-09 18:59:53.843 - During the 16th century, northern German regions became the centre of the Protestant Reformation.
8004:123145660792832::Thread-83 2020-08-09 18:59:54.045 - Following the Napoleonic Wars and the dissolution of the Holy Roman Empire in 1806, the German Confederation was formed in 1815.
8003:123145660792832::Thread-83 2020-08-09 18:59:54.358 - As part of this appointment, Marco also traveled extensively inside China, living in the emperor's lands for 17 years and seeing many things that had previously been unknown to Europeans.
8003:123145660792832::Thread-83 2020-08-09 18:59:55.496 - Around 1291, the Polos also offered to accompany the Mongol princess Kököchin to Persia; they arrived around 1293.
8006:123145660792832::Thread-83 2020-08-09 18:59:55.751 - **END**
8004:123145660792832::Thread-83 2020-08-09 18:59:55.859 - In 1871, Germany became a nation state when most of the German states unified into the Prussian-dominated German Empire.
8002:123145660792832::Thread-83 2020-08-09 18:59:55.887 - **START**
8002:123145660792832::Thread-83 2020-08-09 18:59:55.902 - Starting new HTTPS connection (1): en.wikipedia.org
8004:123145660792832::Thread-83 2020-08-09 18:59:56.299 - After World War I and the German Revolution of 1918–1919, the Empire was replaced by the semi-presidential Weimar Republic.
8002:123145660792832::Thread-83 2020-08-09 18:59:56.572 - Metallica (commonly known as The Black Album) is the fifth studio album by American heavy metal band Metallica, released on August 12, 1991, through Elektra Records.
8002:123145660792832::Thread-83 2020-08-09 18:59:57.149 - It was recorded in an eight-month span at One on One Recording Studios in Los Angeles.
8003:123145660792832::Thread-83 2020-08-09 18:59:57.335 - After leaving the princess, they travelled overland to Constantinople and then to Venice, returning home after 24 years.
8002:123145660792832::Thread-83 2020-08-09 18:59:57.704 - The recording of the album was troubled, however, and, during production, the band frequently came into conflict with their new producer Bob Rock.
8005:123145660792832::Thread-83 2020-08-09 18:59:59.275 - **START**
8005:123145660792832::Thread-83 2020-08-09 18:59:59.29 - Starting new HTTPS connection (1): en.wikipedia.org
8002:123145660792832::Thread-83 2020-08-09 18:59:59.482 - The album marked a change in the band's sound from the thrash metal style of the previous four albums to a slower and heavier one rooted in heavy metal.
8002:123145660792832::Thread-83 2020-08-09 18:59:59.851 - Metallica promoted Metallica with a series of tours.
8002:123145660792832::Thread-83 2020-08-09 19:00:00.104 - They also released five singles to promote the album: "Enter Sandman", "The Unforgiven", "Nothing Else Matters", "Wherever I May Roam", and "Sad but True", all of which have been considered to be among the band's best-known songs.
8004:123145660792832::Thread-83 2020-08-09 19:00:00.3 - **END**
8002:123145660792832::Thread-83 2020-08-09 19:00:01.074 - The song "Don't Tread on Me" was also issued to rock radio shortly after the album's release but did not receive a commercial single release.
8005:123145660792832::Thread-83 2020-08-09 19:00:01.663 - Gorillaz are  a British virtual band created in 1998 by musician Damon Albarn and artist Jamie Hewlett.
8006:123145660792832::Thread-83 2020-08-09 19:00:01.769 - **START**
8005:123145660792832::Thread-83 2020-08-09 19:00:02.154 - The band primarily consists of four animated members: Stuart "2-D" Pot, Murdoc Niccals, Noodle, and Russel Hobbs.
8006:123145660792832::Thread-83 2020-08-09 19:00:02.222 - Starting new HTTPS connection (1): en.wikipedia.org
8002:123145660792832::Thread-83 2020-08-09 19:00:02.284 - Metallica received widespread critical acclaim and became the band's best-selling album.
8005:123145660792832::Thread-83 2020-08-09 19:00:02.651 - Their fictional universe is presented in music videos, interviews and short cartoons.
8006:123145660792832::Thread-83 2020-08-09 19:00:03.269 - Ronda Jean Rousey (; born February 1, 1987) is an American professional wrestler, actress, author, and former professional mixed martial artist and judoka who has been signed to WWE as a wrestler since 2018.
8002:123145660792832::Thread-83 2020-08-09 19:00:03.548 - It debuted at number one in ten countries and spent four consecutive weeks at the top of the Billboard 200, making it Metallica's first album to top the album charts.
8005:123145660792832::Thread-83 2020-08-09 19:00:03.851 - In reality, Albarn is the only permanent musical contributor, and Gorillaz' music often features collaborations with a wide range of featured artists.
8006:123145660792832::Thread-83 2020-08-09 19:00:04.238 - Her longstanding nickname, "Rowdy", was inherited from late professional wrestler Roddy Piper.After becoming the first American woman to earn an Olympic medal in judo by winning bronze at the 2008 Summer Olympics, Rousey began pursuing a career in mixed martial arts (MMA).
8006:123145660792832::Thread-83 2020-08-09 19:00:05.198 - She won her MMA debut for King of the Cage before going to Strikeforce, where she became the last-ever Strikeforce Women's Bantamweight Champion before the Ultimate Fighting Championship (UFC) bought Strikeforce in 2011.
8003:123145660792832::Thread-83 2020-08-09 19:00:05.34 - **END**
8002:123145660792832::Thread-83 2020-08-09 19:00:05.385 - Metallica is one of the best-selling albums worldwide, and also one of the best-selling albums in the United States since Nielsen SoundScan tracking began.
8005:123145660792832::Thread-83 2020-08-09 19:00:05.44 - Remi Kabaka Jr. became producer for the band in 2016 after several years providing the voice of Russel Hobbs and was listed as an official member alongside Albarn and Hewlett in the 2019 documentary Gorillaz: Reject False Icons.With Gorillaz, Albarn departed from the distinct Britpop of his band Blur, exploring a variety of musical styles including hip hop, electronic music, and world music through an "eccentrically postmodern" approach.
8006:123145660792832::Thread-83 2020-08-09 19:00:05.6 - She was their inaugural female champion when she was named UFC Women's Bantamweight Champion.
8006:123145660792832::Thread-83 2020-08-09 19:00:06.56 - Rousey took part in the first women's fight in UFC history when she successfully defended her title against Liz Carmouche at UFC 157.
8006:123145660792832::Thread-83 2020-08-09 19:00:06.868 - After setting the record for most UFC title defenses by a woman (6), Rousey had her first professional loss in MMA when she lost her title to Holly Holm.
8006:123145660792832::Thread-83 2020-08-09 19:00:07.392 - In 2018, she became the first female fighter to be inducted into the UFC Hall of Fame.In 2018, Rousey began a career in professional wrestling, signing a contract with WWE.
8006:123145660792832::Thread-83 2020-08-09 19:00:07.548 - She debuted at WrestleMania 34, and later won the Raw Women's Championship, her first WWE and professional wrestling title, at SummerSlam.
8006:123145660792832::Thread-83 2020-08-09 19:00:07.944 - She then headlined the inaugural WWE all-women's pay-per-view event when she successfully defended her title against Nikki Bella at WWE Evolution.
8006:123145660792832::Thread-83 2020-08-09 19:00:07.97 - Rousey had her first WWE loss when she lost her title in the first-ever women's WrestleMania main-event to Becky Lynch in a triple threat match at WrestleMania 35; this left her reign as Raw Women's Champion as the second-longest in the title's history at 231 days.
8006:123145660792832::Thread-83 2020-08-09 19:00:08.139 - She has also enjoyed success as an actress and author, appearing in the films The Expendables 3 (2014), Furious 7 (2015), and Mile 22 (2018), and releasing her autobiography My Fight / Your Fight in 2015.Rousey is the only woman to win a championship in both the UFC and WWE, as well as the only woman to headline a pay-per-view event in both companies.
8005:123145660792832::Thread-83 2020-08-09 19:00:08.216 - The band's 2001 debut album Gorillaz, which featured dub and Latin influences, went triple platinum in the UK and double platinum in Europe, with sales driven by the success of the album's lead single "Clint Eastwood".
8004:123145660792832::Thread-83 2020-08-09 19:00:08.305 - **START**
8004:123145660792832::Thread-83 2020-08-09 19:00:08.317 - Starting new HTTPS connection (1): en.wikipedia.org
8006:123145660792832::Thread-83 2020-08-09 19:00:09.144 - **END**
8004:123145660792832::Thread-83 2020-08-09 19:00:10.405 - The Bee Gees
were a music group formed in 1958.
8005:123145660792832::Thread-83 2020-08-09 19:00:11.209 - Their second studio album, Demon Days (2005), featuring a darker tone, went 6 times platinum in the UK and double platinum in the US and spawned the successful lead single "Feel Good Inc.".The band's third album, Plastic Beach (2010), featured environmentalist themes, an electropop approach and an expanded roster of featured artists.
8004:123145660792832::Thread-83 2020-08-09 19:00:11.399 - Their lineup consisted of brothers Barry, Robin, and Maurice Gibb.
8005:123145660792832::Thread-83 2020-08-09 19:00:12.541 - Their fourth album, The Fall was recorded on the road during the Escape to Plastic Beach Tour and released on 25 December 2010.
8002:123145660792832::Thread-83 2020-08-09 19:00:13.386 - **END**
8004:123145660792832::Thread-83 2020-08-09 19:00:13.659 - The trio were especially successful as a popular music act in the late 1960s and early 1970s, and later as prominent performers of the disco music era in the mid-to-late 1970s.
8005:123145660792832::Thread-83 2020-08-09 19:00:15.484 - The band's fifth album, Humanz, was released after a 7-year hiatus on 28 April 2017.
8004:123145660792832::Thread-83 2020-08-09 19:00:15.681 - The group sang recognisable three-part tight harmonies; Robin's clear vibrato lead vocals were a hallmark of their earlier hits, while Barry's R&B falsetto became their signature sound during the mid-to-late 1970s and 1980s.
8004:123145660792832::Thread-83 2020-08-09 19:00:15.827 - The Bee Gees wrote all of their own hits, as well as writing and producing several major hits for other artists.
8004:123145660792832::Thread-83 2020-08-09 19:00:16.939 - The Bee Gees are widely referred to by many critics, media outlets and fellow artists as the "Kings of Disco".Born on the Isle of Man to English parents, the Gibb brothers lived in Chorlton, Manchester, England until the late 1950s.
8004:123145660792832::Thread-83 2020-08-09 19:00:18.374 - There, in 1955, they formed the skiffle/rock and roll group the Rattlesnakes.
8004:123145660792832::Thread-83 2020-08-09 19:00:19.224 - The family then moved to Redcliffe, in the Moreton Bay Region, Queensland, Australia, and then to Cribb Island.
8004:123145660792832::Thread-83 2020-08-09 19:00:19.266 - After achieving their first chart success in Australia as the Bee Gees with "Spicks and Specks" (their 12th single), they returned to the UK in January 1967, when producer Robert Stigwood began promoting them to a worldwide audience.
8004:123145660792832::Thread-83 2020-08-09 19:00:20.232 - The Bee Gees' Saturday Night Fever soundtrack (1978) would be the turning point of their career, with both the film and soundtrack having a cultural impact throughout the world, enhancing the disco scene's mainstream appeal.
8005:123145660792832::Thread-83 2020-08-09 19:00:22.489 - **END**
8004:123145660792832::Thread-83 2020-08-09 19:00:24.235 - **END**