8006:123145677619200::Thread-87 2020-08-09 18:59:28.25 - **START**
8006:123145677619200::Thread-87 2020-08-09 18:59:28.358 - Starting new HTTPS connection (1): en.wikipedia.org
8006:123145677619200::Thread-87 2020-08-09 18:59:29.93 - The Eiffel Tower ( EYE-fəl; French: tour Eiffel [tuʁ‿ɛfɛl] (listen)) is a wrought-iron lattice tower on the Champ de Mars in Paris, France.
8005:123145677619200::Thread-87 2020-08-09 18:59:30.211 - **START**
8006:123145677619200::Thread-87 2020-08-09 18:59:30.441 - It is named after the engineer Gustave Eiffel, whose company designed and built the tower.
8005:123145677619200::Thread-87 2020-08-09 18:59:30.967 - Starting new HTTPS connection (1): en.wikipedia.org
8002:123145677619200::Thread-87 2020-08-09 18:59:32.328 - **START**
8006:123145677619200::Thread-87 2020-08-09 18:59:32.416 - Constructed from 1887 to 1889 as the entrance to the 1889 World's Fair, it was initially criticised by some of France's leading artists and intellectuals for its design, but it has become a global cultural icon of France and one of the most recognisable structures in the world.
8006:123145677619200::Thread-87 2020-08-09 18:59:32.927 - The Eiffel Tower is the most-visited paid monument in the world; 6.91 million people ascended it in 2015.
8002:123145677619200::Thread-87 2020-08-09 18:59:33.527 - Starting new HTTPS connection (1): en.wikipedia.org
8006:123145677619200::Thread-87 2020-08-09 18:59:34.51 - The tower is 324 metres (1,063 ft) tall, about the same height as an 81-storey building, and the tallest structure in Paris.
8005:123145677619200::Thread-87 2020-08-09 18:59:34.63 - Big Ben is the nickname for the Great Bell of the striking clock at the north end of the Palace of Westminster in London and is usually extended to refer to both the clock and the clock tower.
8006:123145677619200::Thread-87 2020-08-09 18:59:36.072 - Its base is square, measuring 125 metres (410 ft) on each side.
8004:123145677619200::Thread-87 2020-08-09 18:59:36.227 - **START**
8002:123145677619200::Thread-87 2020-08-09 18:59:36.705 - Willow Camille Reign Smith (born October 31, 2000), also known mononymously as Willow, is an American singer, songwriter, record producer, and actress.
8002:123145677619200::Thread-87 2020-08-09 18:59:36.988 - She is the daughter of Will Smith and Jada Pinkett Smith, and the younger sister of Jaden Smith.
8005:123145677619200::Thread-87 2020-08-09 18:59:37.474 - The official name of the tower in which Big Ben is located was originally the Clock Tower; it was renamed Elizabeth Tower in 2012 to mark the Diamond Jubilee of Elizabeth II, Queen of the United Kingdom.
8002:123145677619200::Thread-87 2020-08-09 18:59:37.771 - Smith made her acting debut in 2007 in the film I Am Legend and later appeared in Kit Kittredge: An American Girl alongside Abigail Breslin.
8006:123145677619200::Thread-87 2020-08-09 18:59:37.834 - During its construction, the Eiffel Tower surpassed the Washington Monument to become the tallest man-made structure in the world, a title it held for 41 years until the Chrysler Building in New York City was finished in 1930.
8003:123145677619200::Thread-87 2020-08-09 18:59:38.258 - **START**
8002:123145677619200::Thread-87 2020-08-09 18:59:38.397 - She received a Young Artist Award for her performance.
8005:123145677619200::Thread-87 2020-08-09 18:59:38.641 - The tower was designed by Augustus Pugin in a neo-Gothic style.
8002:123145677619200::Thread-87 2020-08-09 18:59:39.316 - Smith launched her music career in the autumn of 2010 with the release of the singles "Whip My Hair" in 2010 and "21st Century Girl" in 2011, and signed to her current mentor Jay-Z's record label Roc Nation in 2010, becoming the youngest artist signed to the label.
8003:123145677619200::Thread-87 2020-08-09 18:59:39.393 - Starting new HTTPS connection (1): en.wikipedia.org
8006:123145677619200::Thread-87 2020-08-09 18:59:39.618 - It was the first structure to reach a height of 300 metres.
8004:123145677619200::Thread-87 2020-08-09 18:59:39.728 - Starting new HTTPS connection (1): en.wikipedia.org
8002:123145677619200::Thread-87 2020-08-09 18:59:40.128 - "Whip My Hair" peaked at number 11 on the Billboard Hot 100.
8005:123145677619200::Thread-87 2020-08-09 18:59:40.459 - When completed in 1859, its clock was the largest and most accurate four-faced striking and chiming clock in the world.
8006:123145677619200::Thread-87 2020-08-09 18:59:40.93 - Due to the addition of a broadcasting aerial at the top of the tower in 1957, it is now taller than the Chrysler Building by 5.2 metres (17 ft).
8002:123145677619200::Thread-87 2020-08-09 18:59:40.933 - The video was nominated for Video of the Year at the BET Awards of 2011.
8005:123145677619200::Thread-87 2020-08-09 18:59:41.278 - The tower stands 315 feet (96 m) tall, and the climb from ground level to the belfry is 334 steps.
8002:123145677619200::Thread-87 2020-08-09 18:59:41.61 - She released her debut album, Ardipithecus, on December 11, 2015.
8006:123145677619200::Thread-87 2020-08-09 18:59:41.803 - Excluding transmitters, the Eiffel Tower is the second tallest free-standing structure in France after the Millau Viaduct.
8002:123145677619200::Thread-87 2020-08-09 18:59:42.339 - Early life
Willow Smith was born on October 31, 2000 in Los Angeles.
8003:123145677619200::Thread-87 2020-08-09 18:59:42.444 - Abraham (originally Abram) is the common patriarch of the Abrahamic religions, including Judaism, Christianity and Islam.
8003:123145677619200::Thread-87 2020-08-09 18:59:42.851 - In Judaism, he is the founding father of the covenant of the pieces, the special relationship between the Hebrews and God; in Christianity, he is the prototype of all believers, Jewish or Gentile; and in Islam he is seen as a link in the chain of prophets that begins with Adam and culminates in Muhammad.The narrative in the Book of Genesis revolves around the themes of posterity and land.
8005:123145677619200::Thread-87 2020-08-09 18:59:42.857 - Its base is square, measuring 39 feet (12 m) on each side.
8002:123145677619200::Thread-87 2020-08-09 18:59:42.919 - She is the daughter of actress-musician Jada Pinkett Smith and actor-musician Will Smith.
8003:123145677619200::Thread-87 2020-08-09 18:59:43.759 - Abraham is called by God to leave the house of his father Terah and settle in the land originally given to Canaan but which God now promises to Abraham and his progeny.
8003:123145677619200::Thread-87 2020-08-09 18:59:44.085 - Various candidates are put forward who might inherit the land after Abraham; and, while promises are made to Ishmael about founding a great nation, Isaac, Abraham's son by his half-sister Sarah, inherits God's promises to Abraham.
8003:123145677619200::Thread-87 2020-08-09 18:59:44.399 - Abraham purchases a tomb (the Cave of the Patriarchs) at Hebron to be Sarah's grave, thus establishing his right to the land; and, in the second generation, his heir Isaac is married to a woman from his own kin, thus ruling the Canaanites out of any inheritance.
8003:123145677619200::Thread-87 2020-08-09 18:59:45.214 - Abraham later marries Keturah and has six more sons; but, on his death, when he is buried beside Sarah, it is Isaac who receives "all Abraham's goods", while the other sons receive only "gifts" (Genesis 25:5–8).The Abraham story cannot be definitively related to any specific time, and it is widely agreed that the patriarchal age, along with the exodus and the period of the judges, is a late literary construct that does not relate to any period in actual history.
8003:123145677619200::Thread-87 2020-08-09 18:59:45.522 - A common hypothesis among scholars is that it was composed in the early Persian period (late 6th century BCE) as a result of tensions between Jewish landowners who had stayed in Judah during the Babylonian captivity and traced their right to the land through their "father Abraham", and the returning exiles who based their counter-claim on Moses and the Exodus tradition.
8005:123145677619200::Thread-87 2020-08-09 18:59:45.844 - Dials of the clock are 23 feet (7.0 m) in diameter.
8005:123145677619200::Thread-87 2020-08-09 18:59:46.043 - On 31 May 2009, celebrations were held to mark the tower's 150th anniversary.Big Ben is the largest of the tower's five bells and weighs 13.5 long tons (13.7 tonnes; 15.1 short tons).
8003:123145677619200::Thread-87 2020-08-09 18:59:46.389 - Biblical account


Origins and calling
Terah, the ninth in descent from Noah, was the father of three sons: Abram, Nahor, and Haran.
8006:123145677619200::Thread-87 2020-08-09 18:59:46.809 - **END**
8005:123145677619200::Thread-87 2020-08-09 18:59:46.809 - It was the largest bell in the United Kingdom for 23 years.
8003:123145677619200::Thread-87 2020-08-09 18:59:47.07 - The entire family, including grandchildren, lived in Ur of the Chaldees.
8005:123145677619200::Thread-87 2020-08-09 18:59:47.306 - The origin of the bell's nickname is open to question; it may be named after Sir Benjamin Hall, who oversaw its installation, or heavyweight boxing champion Benjamin Caunt.
8003:123145677619200::Thread-87 2020-08-09 18:59:48.043 - According to a midrash, Abram worked in Terah's idol shop in his youth.
8006:123145677619200::Thread-87 2020-08-09 18:59:49.811 - **START**
8006:123145677619200::Thread-87 2020-08-09 18:59:49.815 - Starting new HTTPS connection (1): en.wikipedia.org
8006:123145677619200::Thread-87 2020-08-09 18:59:50.809 - Zaira Wasim (born 23 October 2000) is a former Indian actress who worked in Hindi films.
8003:123145677619200::Thread-87 2020-08-09 18:59:51.049 - **END**
8002:123145677619200::Thread-87 2020-08-09 18:59:51.924 - **END**
8004:123145677619200::Thread-87 2020-08-09 18:59:51.991 - **END**
8005:123145677619200::Thread-87 2020-08-09 18:59:52.31 - **END**
8006:123145677619200::Thread-87 2020-08-09 18:59:52.581 - The recipient of numerous accolades, including a Filmfare Award and a National Film Award, Wasim was honoured with the National Child Award for Exceptional Achievement by Ram Nath Kovind, the President of India, at a ceremony in New Delhi in 2017.Wasim made her film debut with the role of wrestler Geeta Phogat in the biographical sports film Dangal (2016), which emerged as the highest-grossing Indian film, grossing more than ₹2,000 crore ($300 million) worldwide.
8005:123145677619200::Thread-87 2020-08-09 18:59:53.317 - **START**
8005:123145677619200::Thread-87 2020-08-09 18:59:53.323 - Starting new HTTPS connection (1): en.wikipedia.org
8005:123145677619200::Thread-87 2020-08-09 18:59:53.971 - The Walking Dead is an American post-apocalyptic horror television series for AMC based on the comic book series by Robert Kirkman, Tony Moore, and Charlie Adlard.
8006:123145677619200::Thread-87 2020-08-09 18:59:55.033 - She then starred as an aspiring singer in the musical drama Secret Superstar (2017), which became the highest-grossing Indian film with a female protagonist.
8005:123145677619200::Thread-87 2020-08-09 18:59:55.757 - The series features a large ensemble cast as survivors of a zombie apocalypse, trying to stay alive under near-constant threat of attacks from zombies, colloquially known as "walkers".
8006:123145677619200::Thread-87 2020-08-09 18:59:56.051 - Both were backed by Aamir Khan Productions and earned her numerous accolades including the National Film Award for Best Supporting Actress for the former and the Filmfare Critics Award for Best Actress for the latter.
8006:123145677619200::Thread-87 2020-08-09 18:59:57.473 - Her last film appearance was in The Sky Is Pink (2019), which garnered her a Filmfare Award for Best Supporting Actress nomination despite underperforming commercially.
8005:123145677619200::Thread-87 2020-08-09 18:59:57.548 - However, with the fall of humanity, these survivors also face conflict from other living survivors who have formed groups and communities with their own sets of laws and morals, often leading to hostile conflict between the human communities.
8005:123145677619200::Thread-87 2020-08-09 18:59:59.202 - Andrew Lincoln played the series's lead character, Rick Grimes, until his departure during the ninth season.
8005:123145677619200::Thread-87 2020-08-09 18:59:59.593 - Other long-standing cast members have included Norman Reedus, Steven Yeun, Chandler Riggs, Melissa McBride, Lauren Cohan, Danai Gurira, Josh McDermitt and Christian Serratos.
8006:123145677619200::Thread-87 2020-08-09 19:00:00.216 - Personal life
Zaira Wasim was born to a Muslim family in downtown Srinagar to Zahid and Zarqa Wasim.
8005:123145677619200::Thread-87 2020-08-09 19:00:00.948 - The series is exclusively broadcast on AMC in the United States and internationally through the Fox Networks Group.
8006:123145677619200::Thread-87 2020-08-09 19:00:01.437 - Her father works as an Executive Manager at J&K Bank, Srinagar and her mother is a teacher.
8005:123145677619200::Thread-87 2020-08-09 19:00:01.519 - The series premiered on October 31, 2010.
8005:123145677619200::Thread-87 2020-08-09 19:00:01.952 - The tenth season premiered on October 6, 2019, and has been renewed for an eleventh season.
8004:123145677619200::Thread-87 2020-08-09 19:00:01.993 - **START**
8004:123145677619200::Thread-87 2020-08-09 19:00:02.161 - Starting new HTTPS connection (1): en.wikipedia.org
8006:123145677619200::Thread-87 2020-08-09 19:00:02.83 - Zaira completed tenth grade from St. Paul's International Academy in Sonwar, Srinagar.
8005:123145677619200::Thread-87 2020-08-09 19:00:03.317 - AMC stated their intent to continue further development of the series and related media.
8005:123145677619200::Thread-87 2020-08-09 19:00:05.082 - A spinoff series Fear the Walking Dead premiered on August 23, 2015, and is renewed for a sixth season.
8004:123145677619200::Thread-87 2020-08-09 19:00:05.274 - King Arthur (Welsh: Brenin Arthur, Cornish: Arthur Gernow, Breton: Roue Arzhur) was a legendary British leader who, according to medieval histories and romances, led the defence of Britain against Saxon invaders in the late 5th and early 6th centuries.
8006:123145677619200::Thread-87 2020-08-09 19:00:05.501 - Career
In June 2015, Wasim was signed by director Nitesh Tiwari to make her film debut with the biographical sports film Dangal (2016).
8002:123145677619200::Thread-87 2020-08-09 19:00:05.928 - **START**
8002:123145677619200::Thread-87 2020-08-09 19:00:05.959 - Starting new HTTPS connection (1): en.wikipedia.org
8004:123145677619200::Thread-87 2020-08-09 19:00:06.178 - The details of Arthur's story are mainly composed of folklore and literary invention, and modern historians generally agree that he is unhistorical.
8002:123145677619200::Thread-87 2020-08-09 19:00:07.51 - Earth is the third planet from the Sun and the only astronomical object known to harbor life.
8003:123145677619200::Thread-87 2020-08-09 19:00:08.053 - **START**
8003:123145677619200::Thread-87 2020-08-09 19:00:08.058 - Starting new HTTPS connection (1): en.wikipedia.org
8004:123145677619200::Thread-87 2020-08-09 19:00:08.51 - The sparse historical background of Arthur is gleaned from various sources, including the Annales Cambriae, the Historia Brittonum, and the writings of Gildas.
8002:123145677619200::Thread-87 2020-08-09 19:00:09.12 - According to radiometric dating estimation and other evidence, Earth formed over 4.5 billion years ago.
8004:123145677619200::Thread-87 2020-08-09 19:00:10.032 - Arthur's name also occurs in early poetic sources such as Y Gododdin.Arthur is a central figure in the legends making up the Matter of Britain.
8002:123145677619200::Thread-87 2020-08-09 19:00:10.135 - Earth's gravity interacts with other objects in space, especially the Sun and the Moon, which is Earth's only natural satellite.
8005:123145677619200::Thread-87 2020-08-09 19:00:11.084 - **END**
8002:123145677619200::Thread-87 2020-08-09 19:00:11.391 - Earth orbits around the Sun in 365.256 solar days, a period known as an Earth sidereal year.
8002:123145677619200::Thread-87 2020-08-09 19:00:12.871 - During this time, Earth rotates about its axis 366.256 times, that is, a sidereal year has 366.256 sidereal days.Earth's axis of rotation is tilted with respect to its orbital plane, producing seasons on Earth.
8004:123145677619200::Thread-87 2020-08-09 19:00:12.988 - The legendary Arthur developed as a figure of international interest largely through the popularity of Geoffrey of Monmouth's fanciful and imaginative 12th-century Historia Regum Britanniae (History of the Kings of Britain).
8002:123145677619200::Thread-87 2020-08-09 19:00:13.422 - The gravitational interaction between Earth and the Moon causes tides, stabilizes Earth's orientation on its axis, and gradually slows its rotation.
8004:123145677619200::Thread-87 2020-08-09 19:00:14.322 - In some Welsh and Breton tales and poems that date from before this work, Arthur appears either as a great warrior defending Britain from human and supernatural enemies or as a magical figure of folklore, sometimes associated with the Welsh otherworld Annwn.
8006:123145677619200::Thread-87 2020-08-09 19:00:14.508 - **END**
8003:123145677619200::Thread-87 2020-08-09 19:00:14.599 - **END**
8004:123145677619200::Thread-87 2020-08-09 19:00:14.622 - How much of Geoffrey's Historia (completed in 1138) was adapted from such earlier sources, rather than invented by Geoffrey himself, is unknown.
8002:123145677619200::Thread-87 2020-08-09 19:00:14.707 - Earth is the densest planet in the Solar System and the largest and most massive of the four rocky planets.
8004:123145677619200::Thread-87 2020-08-09 19:00:14.849 - Although the themes, events and characters of the Arthurian legend varied widely from text to text, and there is no one canonical version, Geoffrey's version of events often served as the starting point for later stories.
8002:123145677619200::Thread-87 2020-08-09 19:00:16.29 - Earth's outer layer (lithosphere) is divided into several rigid tectonic plates that migrate across the surface over many millions of years.
8002:123145677619200::Thread-87 2020-08-09 19:00:16.851 - About 29% of Earth's surface is land consisting of continents and islands.
8004:123145677619200::Thread-87 2020-08-09 19:00:17.658 - Geoffrey depicted Arthur as a king of Britain who defeated the Saxons and established a vast empire.
8004:123145677619200::Thread-87 2020-08-09 19:00:17.925 - Many elements and incidents that are now an integral part of the Arthurian story appear in Geoffrey's Historia, including Arthur's father Uther Pendragon, the magician Merlin, Arthur's wife Guinevere, the sword Excalibur, Arthur's conception at Tintagel, his final battle against Mordred at Camlann, and final rest in Avalon.
8002:123145677619200::Thread-87 2020-08-09 19:00:18.692 - The remaining 71% is covered with water, mostly by oceans but also lakes, rivers and other fresh water, which all together constitute the hydrosphere.
8002:123145677619200::Thread-87 2020-08-09 19:00:18.693 - **END**
8004:123145677619200::Thread-87 2020-08-09 19:00:19.931 - **END**