8004:123146173997056::Thread-205 2020-08-09 18:59:27.265 - **START**
8004:123146173997056::Thread-205 2020-08-09 18:59:27.629 - Starting new HTTPS connection (1): en.wikipedia.org
8006:123146173997056::Thread-205 2020-08-09 18:59:31.275 - **START**
8004:123146173997056::Thread-205 2020-08-09 18:59:31.322 - Al-Aqsa Mosque (Arabic: ٱلْمَسْجِد ٱلْأَقْصَىٰ‎, romanized: al-Masjid al-ʾAqṣā, IPA: [ʔælˈmæsdʒɪd ælˈʔɑqsˤɑ] (listen), "the Farthest Mosque"), located in the Old City of Jerusalem, is the third holiest site in Islam.
8006:123146173997056::Thread-205 2020-08-09 18:59:31.504 - Starting new HTTPS connection (1): en.wikipedia.org
8005:123146173997056::Thread-205 2020-08-09 18:59:32.259 - **START**
8004:123146173997056::Thread-205 2020-08-09 18:59:33.34 - The mosque was built on top of the Temple Mount, known as the Al Aqsa Compound or Haram esh-Sharif in Islam.
8006:123146173997056::Thread-205 2020-08-09 18:59:34.411 - Football Club Internazionale Milano, commonly referred to as Internazionale (pronounced [ˌinternattsjoˈnaːle]) or simply Inter, and known as Inter Milan outside Italy, is an Italian professional football club based in Milan, Lombardy.
8006:123146173997056::Thread-205 2020-08-09 18:59:35.301 - Inter is the only Italian club to have never been relegated from the top flight of Italian football.
8005:123146173997056::Thread-205 2020-08-09 18:59:35.998 - Starting new HTTPS connection (1): en.wikipedia.org
8004:123146173997056::Thread-205 2020-08-09 18:59:36.132 - Muslims believe that Muhammad was transported from the Great Mosque of Mecca to al-Aqsa during the Night Journey.
8006:123146173997056::Thread-205 2020-08-09 18:59:36.256 - Founded in 1908 following a schism within the Milan Cricket and Football Club (now A.C. Milan), Inter won its first championship in 1910.
8006:123146173997056::Thread-205 2020-08-09 18:59:36.781 - Since its formation, the club has won 30 domestic trophies, including 18 league titles, 7 Coppa Italia and 5 Supercoppa Italiana.
8006:123146173997056::Thread-205 2020-08-09 18:59:37.293 - From 2006 to 2010, the club won five successive league titles, equalling the all-time record at that time.
8003:123146173997056::Thread-205 2020-08-09 18:59:37.308 - **START**
8003:123146173997056::Thread-205 2020-08-09 18:59:37.509 - Starting new HTTPS connection (1): en.wikipedia.org
8006:123146173997056::Thread-205 2020-08-09 18:59:37.993 - They have won the Champions League three times: two back-to-back in 1964 and 1965 and then another in 2010.
8006:123146173997056::Thread-205 2020-08-09 18:59:38.918 - Their latest win completed an unprecedented Italian seasonal treble, with Inter winning the Coppa Italia and the Scudetto the same year.
8004:123146173997056::Thread-205 2020-08-09 18:59:39.081 - Islamic tradition holds that Muhammad led prayers towards this site until the 17th month after his migration from Mecca to Medina, when Allah directed him to turn towards the Kaaba in Mecca.
8006:123146173997056::Thread-205 2020-08-09 18:59:39.582 - The club has also won three UEFA Cups, two Intercontinental Cups and one FIFA Club World Cup.
8005:123146173997056::Thread-205 2020-08-09 18:59:39.791 - **END**
8006:123146173997056::Thread-205 2020-08-09 18:59:40.189 - Inter's home games are played at the San Siro stadium, which they share with local rivals A.C. Milan.
8006:123146173997056::Thread-205 2020-08-09 18:59:40.329 - The stadium is the largest in Italian football with a capacity of 80,018.
8003:123146173997056::Thread-205 2020-08-09 18:59:40.65 - The Statue of Zeus at Olympia was a giant seated figure, about 12.4 m (41 ft) tall, made by the Greek sculptor Phidias around 435 BC at the sanctuary of Olympia, Greece, and erected in the Temple of Zeus there.
8003:123146173997056::Thread-205 2020-08-09 18:59:41.357 - Zeus was the sky and thunder god in ancient Greek religion, who ruled as king of the gods of Mount Olympus.
8002:123146173997056::Thread-205 2020-08-09 18:59:41.365 - **START**
8004:123146173997056::Thread-205 2020-08-09 18:59:41.459 - The covered mosque building was originally a small prayer house erected by Umar, the second caliph of the Rashidun Caliphate, but was rebuilt and expanded by the Umayyad caliph Abd al-Malik and finished by his son al-Walid in 705 CE.
8004:123146173997056::Thread-205 2020-08-09 18:59:41.864 - The mosque was completely destroyed by an earthquake in 746 and rebuilt by the Abbasid caliph al-Mansur in 754.
8003:123146173997056::Thread-205 2020-08-09 18:59:42.163 - A chryselephantine sculpture of ivory plates and gold panels on a wooden framework, it represented the god Zeus on a cedarwood throne ornamented with ebony, ivory, gold and precious stones.
8002:123146173997056::Thread-205 2020-08-09 18:59:42.664 - Starting new HTTPS connection (1): en.wikipedia.org
8004:123146173997056::Thread-205 2020-08-09 18:59:43.085 - It was rebuilt again in 780.
8004:123146173997056::Thread-205 2020-08-09 18:59:43.154 - Another earthquake destroyed most of al-Aqsa in 1033, but two years later the Fatimid caliph Ali az-Zahir built another mosque whose outline is preserved in the current structure.
8005:123146173997056::Thread-205 2020-08-09 18:59:43.811 - **START**
8003:123146173997056::Thread-205 2020-08-09 18:59:44.006 - One of the Seven Wonders of the Ancient World, the statue was lost and destroyed during the 5th century AD; details of its form are known only from ancient Greek descriptions and representations on coins.
8005:123146173997056::Thread-205 2020-08-09 18:59:44.024 - Starting new HTTPS connection (1): en.wikipedia.org
8006:123146173997056::Thread-205 2020-08-09 18:59:44.348 - **END**
8004:123146173997056::Thread-205 2020-08-09 18:59:44.686 - The mosaics on the arch at the qibla end of the nave also go back to his time.
8003:123146173997056::Thread-205 2020-08-09 18:59:45.008 - History
The statue of Zeus was commissioned by the Eleans, custodians of the Olympic Games, in the latter half of the fifth century BC for their newly constructed Temple of Zeus.
8005:123146173997056::Thread-205 2020-08-09 18:59:45.386 - Darth Vader is a fictional character in the Star Wars franchise.
8002:123146173997056::Thread-205 2020-08-09 18:59:45.581 - Disneyland Park, originally Disneyland, is the first of two theme parks built at the Disneyland Resort in Anaheim, California, opened on July 17, 1955.
8003:123146173997056::Thread-205 2020-08-09 18:59:46.632 - Seeking to outdo their Athenian rivals, the Eleans employed the renowned sculptor Phidias, who had previously made the massive statue of Athena Parthenos in the Parthenon.The statue occupied half the width of the aisle of the temple built to house it.
8005:123146173997056::Thread-205 2020-08-09 18:59:47.396 - Born Anakin Skywalker, the character is a primary antagonist in the original trilogy and a primary protagonist in the prequel trilogy.
8004:123146173997056::Thread-205 2020-08-09 18:59:47.477 - During the periodic renovations undertaken, the various ruling dynasties of the Islamic Caliphate constructed additions to the mosque and its precincts, such as its dome, facade, its minbar, minarets and the interior structure.
8002:123146173997056::Thread-205 2020-08-09 18:59:47.544 - It is the only theme park designed and built to completion under the direct supervision of Walt Disney.
8003:123146173997056::Thread-205 2020-08-09 18:59:47.672 - "It seems that if Zeus were to stand up," the geographer Strabo noted early in the 1st century BC, "he would unroof the temple."
8004:123146173997056::Thread-205 2020-08-09 18:59:47.785 - When the Crusaders captured Jerusalem in 1099, they used the mosque as a palace and the Dome of the Rock as a church, but its function as a mosque was restored after its recapture by Saladin in 1187.
8005:123146173997056::Thread-205 2020-08-09 18:59:48.103 - Star Wars creator George Lucas has collectively referred to the first six episodic films of the franchise as "the tragedy of Darth Vader".Originally a slave on Tatooine, Anakin Skywalker is a Jedi prophesied to bring balance to the Force.
8002:123146173997056::Thread-205 2020-08-09 18:59:48.415 - It was originally the only attraction on the property; its official name was changed to Disneyland Park to distinguish it from the expanding complex in the 1990s.
8003:123146173997056::Thread-205 2020-08-09 18:59:48.481 - The Zeus was a chryselephantine sculpture, made with ivory and gold panels on a wooden substructure.
8005:123146173997056::Thread-205 2020-08-09 18:59:49.065 - He is lured to the dark side of the Force by Palpatine and becomes a Sith Lord.
8003:123146173997056::Thread-205 2020-08-09 18:59:49.428 - No copy in marble or bronze has survived, though there are recognizable but only approximate versions on coins of nearby Elis and on Roman coins and engraved gems.The 2nd-century AD geographer and traveler Pausanias left a detailed description: the statue was crowned with a sculpted wreath of olive sprays and wore a gilded robe made from glass and carved with animals and lilies.
8002:123146173997056::Thread-205 2020-08-09 18:59:50.193 - It was the first Disney theme park.
8006:123146173997056::Thread-205 2020-08-09 18:59:50.355 - **START**
8006:123146173997056::Thread-205 2020-08-09 18:59:50.36 - Starting new HTTPS connection (1): en.wikipedia.org
8003:123146173997056::Thread-205 2020-08-09 18:59:50.501 - Its right hand held a small chryselephantine statue of crowned Nike, goddess of victory; its left a scepter inlaid with many metals, supporting an eagle.
8006:123146173997056::Thread-205 2020-08-09 18:59:50.976 - Wembley Stadium (branded as Wembley Stadium connected by EE for sponsorship reasons) is a multi-purpose stadium in Wembley, London.
8005:123146173997056::Thread-205 2020-08-09 18:59:51.531 - After a lightsaber battle with his former mentor Obi-Wan Kenobi, in which he is severely burnt and dismembered, Vader is transformed into a cyborg.
8006:123146173997056::Thread-205 2020-08-09 18:59:51.815 - It opened in 2007 on the site of the original Wembley Stadium, which was demolished from 2002 to 2003.
8002:123146173997056::Thread-205 2020-08-09 18:59:52.348 - Walt Disney came up with the concept of Disneyland after visiting various amusement parks with his daughters in the 1930s and 1940s.
8003:123146173997056::Thread-205 2020-08-09 18:59:52.419 - The throne featured painted figures and wrought images and was decorated with gold, precious stones, ebony, and ivory.
8006:123146173997056::Thread-205 2020-08-09 18:59:52.555 - The stadium hosts major football matches including home matches of the England national football team, and the FA Cup Final.
8005:123146173997056::Thread-205 2020-08-09 18:59:53.044 - He then serves the Galactic Empire as its chief enforcer until he ultimately redeems himself by saving his son, Luke Skywalker, and killing Palpatine, sacrificing his own life in the process.
8006:123146173997056::Thread-205 2020-08-09 18:59:53.526 - Wembley Stadium is owned by the governing body of English football, the Football Association (the FA), through its subsidiary Wembley National Stadium Ltd (WNSL).
8005:123146173997056::Thread-205 2020-08-09 18:59:53.575 - He is also the secret husband of Padmé Amidala, father of Princess Leia, and grandfather of Kylo Ren.
8006:123146173997056::Thread-205 2020-08-09 18:59:54.241 - The FA headquarters are in the stadium.
8004:123146173997056::Thread-205 2020-08-09 18:59:54.788 - **END**
8002:123146173997056::Thread-205 2020-08-09 18:59:54.838 - He initially envisioned building a tourist attraction adjacent to his studios in Burbank to entertain fans who wished to visit; however, he soon realized that the proposed site was too small.
8006:123146173997056::Thread-205 2020-08-09 18:59:54.861 - With 90,000 seats, it is the largest stadium in the UK and the second-largest stadium in Europe.Designed by Populous and Foster and Partners, the stadium is crowned by the 134-metre-high (440 ft) Wembley Arch which serves aesthetically as a landmark across London as well as structurally, with the arch supporting over 75% of the entire roof load.
8006:123146173997056::Thread-205 2020-08-09 18:59:55.211 - The stadium was built by Australian firm Multiplex at a cost of £798 million (£1.2 billion today).
8006:123146173997056::Thread-205 2020-08-09 18:59:55.998 - Contrary to popular belief, Wembley Stadium does not have a retractable roof which covers the playing surface.
8006:123146173997056::Thread-205 2020-08-09 18:59:56.221 - Two partially retractable roof structures over the east and west end of the stadium can be opened to allow sunlight and aid pitch growth.
8005:123146173997056::Thread-205 2020-08-09 18:59:56.554 - The character has been portrayed by numerous actors: David Prowse physically portrayed Vader while James Earl Jones voiced him in the original trilogy, and Sebastian Shaw portrayed the unmasked Anakin in Return of the Jedi, as well as the character's spirit in the original release of that film.
8006:123146173997056::Thread-205 2020-08-09 18:59:56.855 - In addition to England home games and the FA Cup final, the stadium also hosts other major games in English football, including the season-opening FA Community Shield, the League Cup final, the FA Cup semi-finals, the Football League Trophy, the Football League play-offs, the FA Trophy, the FA Vase and the National League play-offs.
8002:123146173997056::Thread-205 2020-08-09 18:59:56.908 - After hiring a consultant to help him determine an appropriate site for his project, Disney bought a 160-acre (65 ha) site near Anaheim in 1953.
8005:123146173997056::Thread-205 2020-08-09 18:59:57.187 - Jake Lloyd and Hayden Christensen played the character in the prequel trilogy in the first and next two films, respectively, with Christensen also replacing Shaw as Anakin's spirit with the 2004 re-release of Return of the Jedi.
8002:123146173997056::Thread-205 2020-08-09 18:59:57.835 - Construction began in 1954 and the park was unveiled during a special televised press event on the ABC Television Network on July 17, 1955.
8002:123146173997056::Thread-205 2020-08-09 18:59:58.006 - Since its opening, Disneyland has undergone expansions and major renovations, including the addition of New Orleans Square in 1966, Bear Country (now Critter Country) in 1972,  Mickey's Toontown in 1993, and Star Wars: Galaxy's Edge in 2019.
8005:123146173997056::Thread-205 2020-08-09 18:59:58.304 - His cinematic appearances span the first six Star Wars films, as well as Rogue One.
8002:123146173997056::Thread-205 2020-08-09 19:00:00.074 - Opened in 2001, Disney California Adventure Park was built on the site of Disneyland's original parking lot.
8003:123146173997056::Thread-205 2020-08-09 19:00:00.422 - **END**
8004:123146173997056::Thread-205 2020-08-09 19:00:02.789 - **START**
8004:123146173997056::Thread-205 2020-08-09 19:00:02.989 - Starting new HTTPS connection (1): en.wikipedia.org
8002:123146173997056::Thread-205 2020-08-09 19:00:03.082 - **END**
8005:123146173997056::Thread-205 2020-08-09 19:00:04.306 - **END**
8006:123146173997056::Thread-205 2020-08-09 19:00:04.857 - **END**