8005:123146140344320::Thread-197 2020-08-09 18:59:30.244 - **START**
8005:123146140344320::Thread-197 2020-08-09 18:59:30.963 - Starting new HTTPS connection (1): en.wikipedia.org
8005:123146140344320::Thread-197 2020-08-09 18:59:32.915 - Sachin Ramesh Tendulkar ( (listen); born 24 April 1973) is a former international cricketer from India and a former captain of the Indian national team.
8005:123146140344320::Thread-197 2020-08-09 18:59:33.833 - He is widely regarded as one of the greatest batsmen in the history of cricket.
8005:123146140344320::Thread-197 2020-08-09 18:59:35.647 - He is the highest run scorer of all time in International cricket.
8005:123146140344320::Thread-197 2020-08-09 18:59:35.827 - Considered as the world's most prolific batsman of all time, he is the only player to have scored one hundred international centuries, the first batsman to score a double century in a One Day International (ODI), the holder of the record for the most runs in both Test and ODI cricket, and the only player to complete more than 30,000 runs in international cricket.Tendulkar took up cricket at the age of eleven, made his Test debut on 15 November 1989 against Pakistan in Karachi at the age of sixteen, and went on to represent Mumbai domestically and India internationally for close to twenty-four years.
8005:123146140344320::Thread-197 2020-08-09 18:59:36.293 - In 2002, halfway through his career, Wisden Cricketers' Almanack ranked him the second greatest Test batsman of all time, behind Don Bradman, and the second greatest ODI batsman of all time, behind Viv Richards.
8002:123146140344320::Thread-197 2020-08-09 18:59:36.364 - **START**
8002:123146140344320::Thread-197 2020-08-09 18:59:36.985 - Starting new HTTPS connection (1): en.wikipedia.org
8004:123146140344320::Thread-197 2020-08-09 18:59:37.253 - **START**
8004:123146140344320::Thread-197 2020-08-09 18:59:37.827 - Starting new HTTPS connection (1): en.wikipedia.org
8005:123146140344320::Thread-197 2020-08-09 18:59:38.263 - Later in his career, Tendulkar was a part of the Indian team that won the 2011 World Cup, his first win in six World Cup appearances for India.
8005:123146140344320::Thread-197 2020-08-09 18:59:38.848 - He had previously been named "Player of the Tournament" at the 2003 edition of the tournament, held in South Africa.
8003:123146140344320::Thread-197 2020-08-09 18:59:39.308 - **START**
8006:123146140344320::Thread-197 2020-08-09 18:59:40.276 - **START**
8005:123146140344320::Thread-197 2020-08-09 18:59:40.777 - In 2013, he was the only Indian cricketer included in an all-time Test World XI named to mark the 150th anniversary of Wisden Cricketers' Almanack.
8006:123146140344320::Thread-197 2020-08-09 18:59:40.797 - Starting new HTTPS connection (1): en.wikipedia.org
8003:123146140344320::Thread-197 2020-08-09 18:59:40.814 - Starting new HTTPS connection (1): en.wikipedia.org
8005:123146140344320::Thread-197 2020-08-09 18:59:41.461 - He is affectionately known as Little Master or Master Blaster.Tendulkar received the Arjuna Award in 1994 for his outstanding sporting achievement, the Rajiv Gandhi Khel Ratna award in 1997, India's highest sporting honour, and the Padma Shri and Padma Vibhushan awards in 1999 and 2008, respectively, India's fourth and second highest civilian awards.
8005:123146140344320::Thread-197 2020-08-09 18:59:42.423 - After a few hours of his final match on 16 November 2013, the Prime Minister's Office announced the decision to award him the Bharat Ratna, India's highest civilian award.
8002:123146140344320::Thread-197 2020-08-09 18:59:42.898 - Muhammad (Arabic: مُحَمَّد‎, pronounced [muħammad];  c. 570 CE – 8 June 632 CE) was an Arab religious, social, and political leader and the founder of Islam.
8003:123146140344320::Thread-197 2020-08-09 18:59:43.119 - The Colosseum or Coliseum ( KOL-ə-SEE-əm), also known as the Flavian Amphitheatre (Latin: Amphitheatrum Flavium; Italian: Anfiteatro Flavio [aɱfiteˈaːtro ˈflaːvjo] or Colosseo [kolosˈsɛːo]), is an oval amphitheatre in the centre of the city of Rome, Italy.
8006:123146140344320::Thread-197 2020-08-09 18:59:43.181 - AMGTV is an American family-oriented television network featuring television programming consisting of drama, sports, movies, entertainment, how-to, hunting and fishing, children's shows, and other features, much of it repackaged from off-network and first-run syndication.
8006:123146140344320::Thread-197 2020-08-09 18:59:43.264 - The network is owned by the American company Access Media Group.
8004:123146140344320::Thread-197 2020-08-09 18:59:43.388 - Georgia (Georgian: საქართველო, translit.
8003:123146140344320::Thread-197 2020-08-09 18:59:43.826 - Built of travertine limestone, tuff (volcanic rock), and brick-faced concrete, it was the largest amphitheatre ever built at the time and held 50,000 to 80,000 spectators.
8006:123146140344320::Thread-197 2020-08-09 18:59:43.931 - AMGTV provides programming to television stations in the United States.
8006:123146140344320::Thread-197 2020-08-09 18:59:44.202 - AMGTV also syndicates several movie packages and music specials to stations outside their affiliate base.
8006:123146140344320::Thread-197 2020-08-09 18:59:44.276 - The president of AMGTV is Terry Elaqua.
8004:123146140344320::Thread-197 2020-08-09 18:59:44.287 - : sakartvelo) is a country in the Caucasus region of Eurasia.
8002:123146140344320::Thread-197 2020-08-09 18:59:44.579 - According to Islamic doctrine, he was a prophet, sent to preach and confirm the monotheistic teachings of Adam, Abraham, Moses, Jesus, and other prophets.
8003:123146140344320::Thread-197 2020-08-09 18:59:44.809 - The Colosseum is situated just east of the Roman Forum.
8004:123146140344320::Thread-197 2020-08-09 18:59:44.833 - Located at the crossroads of Western Asia and Eastern Europe, it is bounded to the west by the Black Sea, to the north by Russia, to the south by Turkey and Armenia, and to the southeast by Azerbaijan.
8006:123146140344320::Thread-197 2020-08-09 18:59:45.05 - Programming


Scripted programming
Leverage
Sanctuary


Entertainment
Animal Rescue
Celebrity Page
Forensic Files
Judge Faith
The Balancing Act
The Hollywood News Report
Pawn Stars
Impractical Jokers
Cheaters
TAKE A LOOK


Former


Sports
On October 10, 2010 the American Indoor Football Association (AIFA) announced that AMGTV has agreed to air games from the upcoming 2011 AIFA West season.
8003:123146140344320::Thread-197 2020-08-09 18:59:45.392 - Construction began under the emperor Vespasian in AD 72 and was completed in AD 80 under his successor and heir, Titus.
8004:123146140344320::Thread-197 2020-08-09 18:59:45.583 - The capital and largest city is Tbilisi.
8006:123146140344320::Thread-197 2020-08-09 18:59:45.698 - They had previously carried the 2010 season, prior to when the league split.
8004:123146140344320::Thread-197 2020-08-09 18:59:45.818 - Georgia covers a territory of 69,700 square kilometres (26,911 sq mi), and its approximate population is about 3.718 million.
8006:123146140344320::Thread-197 2020-08-09 18:59:46.231 - The AIFA West ceased operations January 2011; neither the league nor the network have indicated whether the deal is valid for the 2012 revival of the league.
8003:123146140344320::Thread-197 2020-08-09 18:59:46.249 - Further modifications were made during the reign of Domitian (81–96).
8002:123146140344320::Thread-197 2020-08-09 18:59:46.591 - He is viewed as the final prophet of God in all the main branches of Islam, though some modern denominations diverge from this belief.
8006:123146140344320::Thread-197 2020-08-09 18:59:46.642 - AIFA's successor, American Indoor Football, folded in 2017.
8006:123146140344320::Thread-197 2020-08-09 18:59:46.643 - **END**
8003:123146140344320::Thread-197 2020-08-09 18:59:46.937 - These three emperors are known as the Flavian dynasty, and the amphitheatre was named in Latin for its association with their family name (Flavius).
8005:123146140344320::Thread-197 2020-08-09 18:59:47.504 - **END**
8004:123146140344320::Thread-197 2020-08-09 18:59:47.803 - Georgia is a unitary parliamentary republic, with the government elected through a representative democracy.
8003:123146140344320::Thread-197 2020-08-09 18:59:47.831 - The Colosseum could hold an estimated 50,000 to 80,000 spectators at various points of its history over the centuries, having an average audience of some 65,000; it was used for gladiatorial contests and public spectacles such as mock sea battles (for only a short time as the hypogeum was soon filled in with mechanisms to support the other activities), animal hunts, executions, re-enactments of famous battles, and dramas based on Roman mythology.
8003:123146140344320::Thread-197 2020-08-09 18:59:48.101 - The building ceased to be used for entertainment in the early medieval era.
8004:123146140344320::Thread-197 2020-08-09 18:59:48.484 - During the classical era, several independent kingdoms became established in what is now Georgia, such as Colchis and Iberia.
8002:123146140344320::Thread-197 2020-08-09 18:59:48.775 - Muhammad united Arabia into a single Muslim polity, with the Quran as well as his teachings and practices forming the basis of Islamic religious belief.
8003:123146140344320::Thread-197 2020-08-09 18:59:48.934 - It was later reused for such purposes as housing, workshops, quarters for a religious order, a fortress, a quarry, and a Christian shrine.Although substantially ruined because of earthquakes and stone-robbers, the Colosseum is still an iconic symbol of Imperial Rome and is listed as one of the New7Wonders of the World.
8003:123146140344320::Thread-197 2020-08-09 18:59:49.1 - It is one of Rome's most popular tourist attractions and also has links to the Roman Catholic Church, as each Good Friday the Pope leads a torchlit "Way of the Cross" procession that starts in the area around the Colosseum.The Colosseum is also depicted on the Italian version of the five-cent euro coin.
8002:123146140344320::Thread-197 2020-08-09 18:59:49.623 - Born approximately 570 CE (Year of the Elephant) in the Arabian city of Mecca, Muhammad was orphaned at the age of six.
8004:123146140344320::Thread-197 2020-08-09 18:59:50.407 - The Georgians officially adopted Christianity in the early 4th century.
8002:123146140344320::Thread-197 2020-08-09 18:59:50.499 - He was raised under the care of his paternal grandfather Abd al-Muttalib, and upon his death, by his uncle Abu Talib.
8002:123146140344320::Thread-197 2020-08-09 18:59:50.613 - In later years, he would periodically seclude himself in a mountain cave named Hira for several nights of prayer.
8002:123146140344320::Thread-197 2020-08-09 18:59:50.994 - When he was 40, Muhammad reported being visited by Gabriel in the cave and receiving his first revelation from God.
8003:123146140344320::Thread-197 2020-08-09 18:59:51.102 - **END**
8005:123146140344320::Thread-197 2020-08-09 18:59:52.505 - **START**
8005:123146140344320::Thread-197 2020-08-09 18:59:52.509 - Starting new HTTPS connection (1): en.wikipedia.org
8004:123146140344320::Thread-197 2020-08-09 18:59:52.911 - The Georgian Orthodox Church had enormous importance for the spiritual and political unification of early Georgian states.
8004:123146140344320::Thread-197 2020-08-09 18:59:53.357 - The unified Kingdom of Georgia reached its Golden Age during the reign of King David the Builder and Queen Tamar the Great in the 12th and early 13th centuries.
8002:123146140344320::Thread-197 2020-08-09 18:59:53.573 - In 613, Muhammad started preaching these revelations publicly, proclaiming that "God is One", that complete "submission" (islām) to God is the right way of life (dīn), and that he was a prophet and messenger of God, similar to the other prophets in Islam.The followers of Muhammad were initially few in number, and experienced hostility from Meccan polytheists.
8006:123146140344320::Thread-197 2020-08-09 18:59:53.65 - **START**
8006:123146140344320::Thread-197 2020-08-09 18:59:53.659 - Starting new HTTPS connection (1): en.wikipedia.org
8006:123146140344320::Thread-197 2020-08-09 18:59:54.223 - Theodore Robert Bundy (né Cowell; November 24, 1946 – January 24, 1989) was an American serial killer who kidnapped, raped, and murdered numerous young women and girls during the 1970s and possibly earlier.
8005:123146140344320::Thread-197 2020-08-09 18:59:54.403 - The Taipei 101 (Chinese: 台北101; pinyin: Táiběi yī líng yī; stylized as TAIPEI 101), formerly known as the Taipei World Financial Center (臺北國際金融中心), is a supertall skyscraper designed by C.Y.
8005:123146140344320::Thread-197 2020-08-09 18:59:54.598 - Lee and C.P.
8006:123146140344320::Thread-197 2020-08-09 18:59:55.096 - After more than a decade of denials, before his execution in 1989 he confessed to 30 homicides that he committed in seven states between 1974 and 1978.
8004:123146140344320::Thread-197 2020-08-09 18:59:55.186 - Thereafter, the kingdom declined and eventually disintegrated under the hegemony of various regional powers, including the Mongols, the Ottoman Empire and successive dynasties of Iran.
8006:123146140344320::Thread-197 2020-08-09 18:59:55.752 - The true number of victims is unknown and possibly higher.
8006:123146140344320::Thread-197 2020-08-09 18:59:55.884 - Bundy was regarded as handsome and charismatic, traits that he exploited to win the trust of victims and society.
8006:123146140344320::Thread-197 2020-08-09 18:59:55.901 - He would typically approach his victims in public places, feigning injury or disability, or impersonating an authority figure, before knocking them unconscious and taking them to secluded locations to rape and strangle them.
8005:123146140344320::Thread-197 2020-08-09 18:59:56.371 - Wang in Xinyi, Taipei, Taiwan.
8006:123146140344320::Thread-197 2020-08-09 18:59:56.624 - He sometimes revisited his secondary crime scenes, grooming and performing sexual acts with the decomposing corpses until putrefaction and destruction by wild animals made any further interactions impossible.
8003:123146140344320::Thread-197 2020-08-09 18:59:57.104 - **START**
8003:123146140344320::Thread-197 2020-08-09 18:59:57.13 - Starting new HTTPS connection (1): en.wikipedia.org
8006:123146140344320::Thread-197 2020-08-09 18:59:57.17 - He decapitated at least 12 victims and kept some of the severed heads as mementos in his apartment.
8005:123146140344320::Thread-197 2020-08-09 18:59:57.297 - This building was officially classified as the world's tallest from its opening in 2004 until the 2010 completion of the Burj Khalifa in Dubai, UAE.
8006:123146140344320::Thread-197 2020-08-09 18:59:57.474 - On a few occasions, he broke into dwellings at night and bludgeoned his victims as they slept.
8006:123146140344320::Thread-197 2020-08-09 18:59:58.0 - In 1975, Bundy was jailed for the first time when he was incarcerated in Utah for aggravated kidnapping and attempted criminal assault.
8003:123146140344320::Thread-197 2020-08-09 18:59:58.032 - India, officially the Republic of India (Hindi: Bhārat Gaṇarājya), is a country in South Asia.
8006:123146140344320::Thread-197 2020-08-09 18:59:58.242 - He then became a suspect in a progressively longer list of unsolved homicides in several states.
8003:123146140344320::Thread-197 2020-08-09 18:59:58.732 - It is the second-most populous country, the seventh-largest country by area, and the most populous democracy in the world.
8005:123146140344320::Thread-197 2020-08-09 18:59:58.935 - Its elevators, capable of traveling 60.6 km/h (37.7 mph) and used to transport passengers from the 5th to 89th floor in 37 seconds, set new records upon completion.
8003:123146140344320::Thread-197 2020-08-09 18:59:58.948 - Bounded by the Indian Ocean on the south, the Arabian Sea on the southwest, and the Bay of Bengal on the southeast, it shares land borders with Pakistan to the west; China, Nepal, and Bhutan to the north; and Bangladesh and Myanmar to the east.
8004:123146140344320::Thread-197 2020-08-09 18:59:59.191 - **END**
8003:123146140344320::Thread-197 2020-08-09 18:59:59.948 - In the Indian Ocean, India is in the vicinity of Sri Lanka and the Maldives; its Andaman and Nicobar Islands share a maritime border with Thailand and Indonesia.
8005:123146140344320::Thread-197 2020-08-09 19:00:00.233 - In 2011 Taipei 101 received a Platinum rating under the LEED certification system to become the tallest and largest green building in the world.
8003:123146140344320::Thread-197 2020-08-09 19:00:00.939 - Modern humans arrived on the Indian subcontinent from Africa no later than 55,000 years ago.
8005:123146140344320::Thread-197 2020-08-09 19:00:01.017 - The structure regularly appears as an icon of Taipei in international media, and the Taipei 101 fireworks displays are a regular feature of New Year's Eve broadcasts.
8003:123146140344320::Thread-197 2020-08-09 19:00:01.177 - Their long occupation, initially in varying forms of isolation as hunter-gatherers, has made the region highly diverse, second only to Africa in human genetic diversity.
8005:123146140344320::Thread-197 2020-08-09 19:00:01.939 - Taipei 101's postmodernist architectural style evokes traditional Asian aesthetics in a modern structure employing industrial materials.
8003:123146140344320::Thread-197 2020-08-09 19:00:02.105 - Settled life emerged on the subcontinent in the western margins of the Indus river basin 9,000 years ago, evolving gradually into the Indus Valley Civilisation of the third millennium BCE.
8004:123146140344320::Thread-197 2020-08-09 19:00:02.192 - **START**
8004:123146140344320::Thread-197 2020-08-09 19:00:02.232 - Starting new HTTPS connection (1): en.wikipedia.org
8003:123146140344320::Thread-197 2020-08-09 19:00:02.54 - By 1200 BCE, an archaic form of Sanskrit, an Indo-European language, had diffused into India from the northwest, unfolding as the language of the Rigveda, and recording the dawning of Hinduism in India.
8002:123146140344320::Thread-197 2020-08-09 19:00:02.576 - **END**
8005:123146140344320::Thread-197 2020-08-09 19:00:02.669 - Its design incorporates a number of features that enable the structure to withstand the Pacific Ring of Fire's earthquakes and the region's tropical storms.
8003:123146140344320::Thread-197 2020-08-09 19:00:02.802 - The Dravidian languages of India were supplanted in the northern regions.
8003:123146140344320::Thread-197 2020-08-09 19:00:03.676 - By 400 BCE, stratification and exclusion by caste had emerged within Hinduism,
and Buddhism and Jainism had arisen, proclaiming social orders unlinked to heredity.
8005:123146140344320::Thread-197 2020-08-09 19:00:03.882 - The tower houses offices and restaurants as well as both indoor and outdoor observatories.
8004:123146140344320::Thread-197 2020-08-09 19:00:03.915 - The Colosseum or Coliseum ( KOL-ə-SEE-əm), also known as the Flavian Amphitheatre (Latin: Amphitheatrum Flavium; Italian: Anfiteatro Flavio [aɱfiteˈaːtro ˈflaːvjo] or Colosseo [kolosˈsɛːo]), is an oval amphitheatre in the centre of the city of Rome, Italy.
8004:123146140344320::Thread-197 2020-08-09 19:00:04.13 - Built of travertine limestone, tuff (volcanic rock), and brick-faced concrete, it was the largest amphitheatre ever built at the time and held 50,000 to 80,000 spectators.
8003:123146140344320::Thread-197 2020-08-09 19:00:04.251 - Early political consolidations gave rise to the loose-knit Maurya and Gupta Empires based in the Ganges Basin.
8003:123146140344320::Thread-197 2020-08-09 19:00:04.252 - **END**
8004:123146140344320::Thread-197 2020-08-09 19:00:04.492 - The Colosseum is situated just east of the Roman Forum.
8004:123146140344320::Thread-197 2020-08-09 19:00:05.254 - Construction began under the emperor Vespasian in AD 72 and was completed in AD 80 under his successor and heir, Titus.
8005:123146140344320::Thread-197 2020-08-09 19:00:05.513 - The tower is adjoined by a multilevel shopping mall that has the world's largest ruyi symbol as an exterior feature.
8004:123146140344320::Thread-197 2020-08-09 19:00:06.201 - Further modifications were made during the reign of Domitian (81–96).
8004:123146140344320::Thread-197 2020-08-09 19:00:06.521 - These three emperors are known as the Flavian dynasty, and the amphitheatre was named in Latin for its association with their family name (Flavius).
8006:123146140344320::Thread-197 2020-08-09 19:00:07.245 - **END**
8005:123146140344320::Thread-197 2020-08-09 19:00:07.489 - Taipei 101 is owned by Taipei Financial Center Corporation.
8005:123146140344320::Thread-197 2020-08-09 19:00:07.583 - The skyscraper opened on 31 December 2004 to celebrate New Year's Eve.
8004:123146140344320::Thread-197 2020-08-09 19:00:07.715 - The Colosseum could hold an estimated 50,000 to 80,000 spectators at various points of its history over the centuries, having an average audience of some 65,000; it was used for gladiatorial contests and public spectacles such as mock sea battles (for only a short time as the hypogeum was soon filled in with mechanisms to support the other activities), animal hunts, executions, re-enactments of famous battles, and dramas based on Roman mythology.
8004:123146140344320::Thread-197 2020-08-09 19:00:09.25 - The building ceased to be used for entertainment in the early medieval era.
8004:123146140344320::Thread-197 2020-08-09 19:00:10.17 - It was later reused for such purposes as housing, workshops, quarters for a religious order, a fortress, a quarry, and a Christian shrine.Although substantially ruined because of earthquakes and stone-robbers, the Colosseum is still an iconic symbol of Imperial Rome and is listed as one of the New7Wonders of the World.
8004:123146140344320::Thread-197 2020-08-09 19:00:12.319 - It is one of Rome's most popular tourist attractions and also has links to the Roman Catholic Church, as each Good Friday the Pope leads a torchlit "Way of the Cross" procession that starts in the area around the Colosseum.The Colosseum is also depicted on the Italian version of the five-cent euro coin.
8005:123146140344320::Thread-197 2020-08-09 19:00:16.586 - **END**
8004:123146140344320::Thread-197 2020-08-09 19:00:19.324 - **END**