8006:123146098278400::Thread-187 2020-08-09 18:59:26.317 - **START**
8006:123146098278400::Thread-187 2020-08-09 18:59:26.417 - Starting new HTTPS connection (1): en.wikipedia.org
8005:123146098278400::Thread-187 2020-08-09 18:59:32.23 - **START**
8005:123146098278400::Thread-187 2020-08-09 18:59:33.543 - Starting new HTTPS connection (1): en.wikipedia.org
8002:123146098278400::Thread-187 2020-08-09 18:59:34.392 - **START**
8002:123146098278400::Thread-187 2020-08-09 18:59:35.64 - Starting new HTTPS connection (1): en.wikipedia.org
8003:123146098278400::Thread-187 2020-08-09 18:59:37.293 - **START**
8005:123146098278400::Thread-187 2020-08-09 18:59:37.398 - Bryan Matthew Sevilla (born February 7, 1986), known professionally by the stage name James Deen, is an American pornographic actor and director.He entered the porn industry in 2004 at the age of 18.
8003:123146098278400::Thread-187 2020-08-09 18:59:37.505 - Starting new HTTPS connection (1): en.wikipedia.org
8005:123146098278400::Thread-187 2020-08-09 18:59:38.055 - He gained attention due to his relatively slender build, lack of tattoos, and everyman appeal, bucking the stereotypical image of hypermasculine male actors in the pornography industry.
8002:123146098278400::Thread-187 2020-08-09 18:59:38.353 - Guns N' Roses, often abbreviated as GNR, is an American hard rock band from Los Angeles, California, formed in 1985.
8002:123146098278400::Thread-187 2020-08-09 18:59:39.003 - When they signed to Geffen Records in 1986, the band comprised vocalist Axl Rose, lead guitarist Slash, rhythm guitarist Izzy Stradlin, bassist Duff McKagan, and drummer Steven Adler.
8005:123146098278400::Thread-187 2020-08-09 18:59:39.077 - In late 2015, multiple women came forward with allegations of sexual misconduct including rape against Deen, with the most notable being his former girlfriend Joanna Angel.
8004:123146098278400::Thread-187 2020-08-09 18:59:39.251 - **START**
8002:123146098278400::Thread-187 2020-08-09 18:59:39.254 - The current lineup consists of Rose, Slash, McKagan, keyboardist Dizzy Reed, guitarist Richard Fortus, drummer Frank Ferrer and keyboardist Melissa Reese.
8006:123146098278400::Thread-187 2020-08-09 18:59:39.594 - **START**
8005:123146098278400::Thread-187 2020-08-09 18:59:39.762 - Early life
Deen was born in to a Jewish family in Los Angeles County, California and raised in Pasadena.
8002:123146098278400::Thread-187 2020-08-09 18:59:40.069 - Guns N' Roses' debut album, Appetite for Destruction (1987), reached number one on the Billboard 200 a year after its release, on the strength of the top 10 singles "Welcome to the Jungle", "Paradise City", and "Sweet Child o' Mine", the band's only single to reach number one on the Billboard Hot 100.
8002:123146098278400::Thread-187 2020-08-09 18:59:40.234 - The album has sold approximately 30 million copies worldwide, including 18 million units in the United States, making it the country's bestselling debut album and eleventh-bestselling album.
8002:123146098278400::Thread-187 2020-08-09 18:59:40.5 - Their next studio album, G N' R Lies (1988), reached number two on the Billboard 200, sold ten million copies worldwide (including five million in the U.S.), and included the top 5 hit "Patience".
8005:123146098278400::Thread-187 2020-08-09 18:59:40.626 - His father is a mechanical engineer and his mother is a computer electronic engineer, and one of them worked at the Jet Propulsion Laboratory.
8006:123146098278400::Thread-187 2020-08-09 18:59:40.737 - Starting new HTTPS connection (1): en.wikipedia.org
8003:123146098278400::Thread-187 2020-08-09 18:59:40.758 - Windsor Castle is a royal residence at Windsor in the English county of Berkshire.
8002:123146098278400::Thread-187 2020-08-09 18:59:40.963 - Use Your Illusion I and Use Your Illusion II, recorded simultaneously and released in 1991, debuted at number two and number one on the Billboard 200 respectively and have sold a combined 35 million copies worldwide, including 14 million units in the United States.
8003:123146098278400::Thread-187 2020-08-09 18:59:40.999 - It is strongly associated with the English and succeeding British royal family, and embodies almost 1000 years of architectural history.
8004:123146098278400::Thread-187 2020-08-09 18:59:41.034 - Starting new HTTPS connection (1): en.wikipedia.org
8005:123146098278400::Thread-187 2020-08-09 18:59:41.498 - Sevilla graduated from La Cañada High School in 2004.
8002:123146098278400::Thread-187 2020-08-09 18:59:41.586 - The Illusion albums included the lead single "You Could Be Mine" (also featured in the film soundtrack for Terminator 2), covers of "Live and Let Die" and "Knockin' on Heaven's Door", and a trilogy of ballads ("Don't Cry", "November Rain", and "Estranged"), which featured notably high-budget music videos.
8003:123146098278400::Thread-187 2020-08-09 18:59:41.922 - The original castle was built in the 11th century after the Norman invasion of England by William the Conqueror.
8002:123146098278400::Thread-187 2020-08-09 18:59:42.402 - The Illusion records were also supported by the extensive Use Your Illusion Tour, a world tour that lasted from 1991–1993.
8005:123146098278400::Thread-187 2020-08-09 18:59:42.255 - At 17, Deen moved in with his father.
8002:123146098278400::Thread-187 2020-08-09 18:59:42.787 - "The Spaghetti Incident?"
8006:123146098278400::Thread-187 2020-08-09 18:59:42.803 - Eva Angelina (born Nicole Tyler, March 14, 1985) is an American pornographic actress, feature dancer, and real estate agent.
8005:123146098278400::Thread-187 2020-08-09 18:59:42.9 - He worked at a Starbucks for two years and took classes at Pasadena City College.
8003:123146098278400::Thread-187 2020-08-09 18:59:42.914 - Since the time of Henry I, it has been used by the reigning monarch and is the longest-occupied palace in Europe.
8006:123146098278400::Thread-187 2020-08-09 18:59:43.143 - She began her career at around 18 years old and has won several industry awards, including the 2008 AVN Award for Best Actress – Video and the 2008 XBIZ Award for Female Performer of the Year.
8005:123146098278400::Thread-187 2020-08-09 18:59:43.37 - Career

According to Deen, performing in pornographic films was his ambition since he was in kindergarten.
8002:123146098278400::Thread-187 2020-08-09 18:59:43.658 - (1993), an album of covers, was the band's last studio album to feature Slash and McKagan before their initial departure.
8006:123146098278400::Thread-187 2020-08-09 18:59:43.698 - Early life
Angelina was born in Huntington Beach, California.
8006:123146098278400::Thread-187 2020-08-09 18:59:43.795 - Career
Angelina entered the porn industry by answering a newspaper advertisement; her first scene was for the Shane's World series with Mr. Pete in 2003, at the age of 18.
8005:123146098278400::Thread-187 2020-08-09 18:59:43.89 - After entering the pornography industry in 2004, he initially worked with older female performers.
8003:123146098278400::Thread-187 2020-08-09 18:59:43.916 - The castle's lavish early 19th-century State Apartments were described by early 20th century art historian Hugh Roberts as "a superb and unrivalled sequence of rooms widely regarded as the finest and most complete expression of later Georgian taste".
8006:123146098278400::Thread-187 2020-08-09 18:59:43.974 - Her stage name is a reference to Evangeline, though early in her career she went by the names "Angelina del Mar" and "Ava".She is known for wearing glasses during her performances.
8006:123146098278400::Thread-187 2020-08-09 18:59:44.695 - They are prescription glasses, as she is "very blind" and has been wearing them since the sixth grade.
8003:123146098278400::Thread-187 2020-08-09 18:59:44.752 - Inside the castle walls is the 15th-century St George's Chapel, considered by the historian John Martin Robinson to be "one of the supreme achievements of English Perpendicular Gothic" design.Originally designed to protect Norman dominance around the outskirts of London and oversee a strategically important part of the River Thames, Windsor Castle was built as a motte-and-bailey, with three wards surrounding a central mound.
8003:123146098278400::Thread-187 2020-08-09 18:59:44.78 - Gradually replaced with stone fortifications, the castle withstood a prolonged siege during the First Barons' War at the start of the 13th century.
8006:123146098278400::Thread-187 2020-08-09 18:59:44.873 - She said that sometimes directors sent her home to get her glasses if she arrived on set wearing contacts.In 2010 she was named by Maxim as one of the 12 top female stars in porn.
8004:123146098278400::Thread-187 2020-08-09 18:59:45.154 - The Alhambra ( (listen), Spanish: [aˈlambɾa]; Arabic: الْحَمْرَاء‎, romanized: Al-Ḥamrāʾ, pronounced [alħamˈraːʔ], lit.
8003:123146098278400::Thread-187 2020-08-09 18:59:45.224 - Henry III built a luxurious royal palace within the castle during the middle of the century, and Edward III went further, rebuilding the palace to make an even grander set of buildings in what would become "the most expensive secular building project of the entire Middle Ages in England".
8006:123146098278400::Thread-187 2020-08-09 18:59:45.277 - Angelina has taken several hiatuses from performing throughout her adult film career.
8004:123146098278400::Thread-187 2020-08-09 18:59:45.302 - '"The Red One"') is a palace and fortress complex located in Granada, Andalusia, Spain.
8003:123146098278400::Thread-187 2020-08-09 18:59:45.615 - Edward's core design lasted through the Tudor period, during which Henry VIII and Elizabeth I made increasing use of the castle as a royal court and centre for diplomatic entertainment.
8004:123146098278400::Thread-187 2020-08-09 18:59:45.849 - It was originally constructed as a small fortress in AD 889 on the remains of Roman fortifications, and then largely ignored until its ruins were renovated and rebuilt in the mid-13th century by the Nasrid emir Mohammed ben Al-Ahmar of the Emirate of Granada, who built its current palace and walls with many beautiful, intricate details.
8004:123146098278400::Thread-187 2020-08-09 18:59:46.121 - It was converted into a royal palace in 1333 by Yusuf I, Sultan of Granada.
8004:123146098278400::Thread-187 2020-08-09 18:59:46.148 - After the conclusion of the Christian Reconquista in 1492, the site became the Royal Court of Ferdinand and Isabella (where Christopher Columbus received royal endorsement for his expedition), and the palaces were partially altered in the Renaissance style.
8006:123146098278400::Thread-187 2020-08-09 18:59:46.259 - As of August 2014 she remains active in the adult entertainment industry as a girl/girl porn performer and feature dancer.
8004:123146098278400::Thread-187 2020-08-09 18:59:46.404 - In 1526 Charles I & V commissioned a new Renaissance palace better befitting the Holy Roman Emperor in the revolutionary Mannerist style influenced by humanist philosophy in direct juxtaposition with the Nasrid Andalusian architecture, but it was ultimately never completed due to Morisco rebellions in Granada.
8003:123146098278400::Thread-187 2020-08-09 18:59:46.525 - Windsor Castle survived the tumultuous period of the English Civil War, when it was used as a military headquarters by Parliamentary forces and a prison for Charles I.
8003:123146098278400::Thread-187 2020-08-09 18:59:46.854 - At the Restoration of the monarchy in 1660, Charles II rebuilt much of Windsor Castle with the help of the architect Hugh May, creating a set of extravagant Baroque interiors that are still admired.
8004:123146098278400::Thread-187 2020-08-09 18:59:46.892 - Alhambra's last flowering of Islamic palaces was built for the final Muslim emirs in Spain during the decline of the Nasrid dynasty, who were increasingly subject to the Christian Kings of Castile.
8004:123146098278400::Thread-187 2020-08-09 18:59:46.963 - After being allowed to fall into disrepair for centuries, the buildings occupied by squatters, Alhambra was rediscovered following the defeat of Napoleon, who had conducted retaliatory destruction of the site.
8004:123146098278400::Thread-187 2020-08-09 18:59:47.624 - The rediscoverers were first British intellectuals and then other north European Romantic travelers.
8002:123146098278400::Thread-187 2020-08-09 18:59:47.659 - **END**
8005:123146098278400::Thread-187 2020-08-09 18:59:47.891 - **END**
8004:123146098278400::Thread-187 2020-08-09 18:59:48.478 - It is now one of Spain's major tourist attractions, exhibiting the country's most significant and well-known Islamic architecture, together with 16th-century and later Christian building and garden interventions.
8004:123146098278400::Thread-187 2020-08-09 18:59:48.583 - The Alhambra is a UNESCO World Heritage Site.Moorish poets described it as "a pearl set in emeralds", an allusion to the colour of its buildings and the woods around them.
8005:123146098278400::Thread-187 2020-08-09 18:59:51.894 - **START**
8005:123146098278400::Thread-187 2020-08-09 18:59:51.897 - Starting new HTTPS connection (1): en.wikipedia.org
8005:123146098278400::Thread-187 2020-08-09 18:59:52.735 - Recovery is the seventh studio album by American rapper Eminem.
8005:123146098278400::Thread-187 2020-08-09 18:59:53.871 - It was released on June 18, 2010, by Aftermath Entertainment, Shady Records, and Interscope Records.
8006:123146098278400::Thread-187 2020-08-09 18:59:54.267 - **END**
8003:123146098278400::Thread-187 2020-08-09 18:59:55.861 - **END**
8005:123146098278400::Thread-187 2020-08-09 18:59:56.271 - It serves as the follow-up to Eminem's sixth studio album Relapse (2009).
8005:123146098278400::Thread-187 2020-08-09 18:59:56.31 - Originally planned to be released as Relapse 2, the album was renamed to Recovery when Eminem found the album to be musically different from its predecessor.
8004:123146098278400::Thread-187 2020-08-09 18:59:56.585 - **END**
8005:123146098278400::Thread-187 2020-08-09 18:59:57.866 - Production of the album took place during 2009 to 2010 at several recording studios and was handled by various record producers, including Alex da Kid, Just Blaze, Boi-1da, Jim Jonsin, DJ Khalil, Mr. Porter, and Dr. Dre.
8002:123146098278400::Thread-187 2020-08-09 18:59:59.66 - **START**
8002:123146098278400::Thread-187 2020-08-09 18:59:59.794 - Starting new HTTPS connection (1): en.wikipedia.org
8005:123146098278400::Thread-187 2020-08-09 19:00:00.832 - Eminem also collaborated with artists such as Pink, Lil Wayne, Slaughterhouse and Rihanna for the album.
8005:123146098278400::Thread-187 2020-08-09 19:00:02.152 - Recovery featured more introspective and emotional content than its predecessor and the theme of the album revolved around his positive changes, anxiety, and emotional drives.
8005:123146098278400::Thread-187 2020-08-09 19:00:02.589 - Recovery debuted at number one on the Billboard 200, with first week sales of 741,000 copies.
8002:123146098278400::Thread-187 2020-08-09 19:00:02.625 - Christ the Redeemer (Portuguese: Cristo Redentor, standard Brazilian Portuguese: [ˈkɾistu ʁedenˈtoʁ], local pronunciation: [ˈkɾiɕtŭ̻ xe̞denˈtoɦ]) is an Art Deco statue of Jesus Christ in Rio de Janeiro, Brazil, created by French sculptor Paul Landowski and built by Brazilian engineer Heitor da Silva Costa, in collaboration with French engineer Albert Caquot.
8006:123146098278400::Thread-187 2020-08-09 19:00:03.272 - **START**
8006:123146098278400::Thread-187 2020-08-09 19:00:03.427 - Starting new HTTPS connection (1): en.wikipedia.org
8002:123146098278400::Thread-187 2020-08-09 19:00:03.521 - Romanian sculptor Gheorghe Leonida fashioned the face.
8002:123146098278400::Thread-187 2020-08-09 19:00:04.518 - Constructed between 1922 and 1931, the statue is 30 metres (98 ft) high, excluding its 8-metre (26 ft) pedestal.
8006:123146098278400::Thread-187 2020-08-09 19:00:04.767 - Big Ben is the nickname for the Great Bell of the striking clock at the north end of the Palace of Westminster in London and is usually extended to refer to both the clock and the clock tower.
8006:123146098278400::Thread-187 2020-08-09 19:00:04.883 - The official name of the tower in which Big Ben is located was originally the Clock Tower; it was renamed Elizabeth Tower in 2012 to mark the Diamond Jubilee of Elizabeth II, Queen of the United Kingdom.
8002:123146098278400::Thread-187 2020-08-09 19:00:05.069 - The arms stretch 28 metres (92 ft) wide.The statue weighs 635 metric tons (625 long, 700 short tons), and is located at the peak of the 700-metre (2,300 ft) Corcovado mountain in the Tijuca Forest National Park overlooking the city of Rio de Janeiro.
8004:123146098278400::Thread-187 2020-08-09 19:00:05.588 - **START**
8004:123146098278400::Thread-187 2020-08-09 19:00:05.605 - Starting new HTTPS connection (1): en.wikipedia.org
8006:123146098278400::Thread-187 2020-08-09 19:00:05.793 - The tower was designed by Augustus Pugin in a neo-Gothic style.
8006:123146098278400::Thread-187 2020-08-09 19:00:05.995 - When completed in 1859, its clock was the largest and most accurate four-faced striking and chiming clock in the world.
8006:123146098278400::Thread-187 2020-08-09 19:00:06.356 - The tower stands 315 feet (96 m) tall, and the climb from ground level to the belfry is 334 steps.
8002:123146098278400::Thread-187 2020-08-09 19:00:06.464 - A symbol of Christianity across the world, the statue has also become a cultural icon of both Rio de Janeiro and Brazil, and is listed as one of the New7Wonders of the World.
8005:123146098278400::Thread-187 2020-08-09 19:00:06.591 - **END**
8006:123146098278400::Thread-187 2020-08-09 19:00:06.699 - Its base is square, measuring 39 feet (12 m) on each side.
8006:123146098278400::Thread-187 2020-08-09 19:00:07.095 - Dials of the clock are 23 feet (7.0 m) in diameter.
8006:123146098278400::Thread-187 2020-08-09 19:00:07.791 - On 31 May 2009, celebrations were held to mark the tower's 150th anniversary.Big Ben is the largest of the tower's five bells and weighs 13.5 long tons (13.7 tonnes; 15.1 short tons).
8004:123146098278400::Thread-187 2020-08-09 19:00:07.823 - Led Zeppelin were  an English rock band formed in London in 1968.
8003:123146098278400::Thread-187 2020-08-09 19:00:07.867 - **START**
8003:123146098278400::Thread-187 2020-08-09 19:00:07.871 - Starting new HTTPS connection (1): en.wikipedia.org
8002:123146098278400::Thread-187 2020-08-09 19:00:08.154 - It is made of reinforced concrete and soapstone.
8006:123146098278400::Thread-187 2020-08-09 19:00:08.17 - It was the largest bell in the United Kingdom for 23 years.
8004:123146098278400::Thread-187 2020-08-09 19:00:08.272 - The group consisted of vocalist Robert Plant, guitarist Jimmy Page, bassist/keyboardist John Paul Jones, and drummer John Bonham.
8003:123146098278400::Thread-187 2020-08-09 19:00:08.882 - Greta Tintin Eleonora Ernman Thunberg (Swedish: [ˈɡrêːta ˈtʉ̂ːnbærj] (listen); born 3 January 2003) is a Swedish environmental activist who has gained international recognition for promoting the view that humanity is facing an existential crisis arising from climate change.
8003:123146098278400::Thread-187 2020-08-09 19:00:08.898 - Thunberg is known for her youth and her straightforward speaking manner, both in public and to political leaders and assemblies, in which she criticises world leaders for their failure to take sufficient action to address the climate crisis.Thunberg's activism started after convincing her parents to adopt several lifestyle choices to reduce their own carbon footprint.
8006:123146098278400::Thread-187 2020-08-09 19:00:09.032 - The origin of the bell's nickname is open to question; it may be named after Sir Benjamin Hall, who oversaw its installation, or heavyweight boxing champion Benjamin Caunt.
8006:123146098278400::Thread-187 2020-08-09 19:00:09.034 - **END**
8003:123146098278400::Thread-187 2020-08-09 19:00:09.815 - In August 2018, at age 15, she started spending her school days outside the Swedish parliament to call for stronger action on climate change by holding up a sign reading Skolstrejk för klimatet (School strike for climate).
8002:123146098278400::Thread-187 2020-08-09 19:00:09.971 - History

Vincentian priest Pedro Maria Boss first suggested placing a Christian monument on Mount Corcovado in the mid 1850s to honor Princess Isabel, regent of Brazil and the daughter of Emperor Pedro II, but the project was not approved.
8002:123146098278400::Thread-187 2020-08-09 19:00:10.449 - In 1889, the country became a republic, and due to the separation of church and state, the proposed statue was dismissed.The Catholic Circle of Rio made a second proposal for a landmark statue on the mountain in 1920.
8004:123146098278400::Thread-187 2020-08-09 19:00:10.529 - With their heavy, guitar-driven sound, they are regularly cited as one of the progenitors of heavy metal, although their style drew from a variety of influences, including blues and folk music.
8003:123146098278400::Thread-187 2020-08-09 19:00:10.602 - Soon, other students engaged in similar protests in their own communities.
8003:123146098278400::Thread-187 2020-08-09 19:00:10.975 - Together, they organised a school climate strike movement under the name Fridays for Future.
8004:123146098278400::Thread-187 2020-08-09 19:00:11.171 - After changing their name from the New Yardbirds, Led Zeppelin signed a deal with Atlantic Records that afforded them considerable artistic freedom.
8003:123146098278400::Thread-187 2020-08-09 19:00:11.668 - After Thunberg addressed the 2018 United Nations Climate Change Conference, student strikes took place every week somewhere in the world.
8004:123146098278400::Thread-187 2020-08-09 19:00:12.041 - Although the group were initially unpopular with critics, they achieved significant commercial success with eight studio albums released over ten years, from Led Zeppelin (1969) to In Through the Out Door (1979).
8003:123146098278400::Thread-187 2020-08-09 19:00:12.108 - In 2019, there were multiple coordinated multi-city protests involving over a million students each.
8002:123146098278400::Thread-187 2020-08-09 19:00:12.241 - The group organized an event called Semana do Monumento ("Monument Week") to attract donations and collect signatures to support the building of the statue.
8002:123146098278400::Thread-187 2020-08-09 19:00:12.339 - The organization was motivated by what they perceived as 'Godlessness' in the society.
8003:123146098278400::Thread-187 2020-08-09 19:00:12.489 - To avoid flying, Thunberg sailed to North America where she attended the 2019 UN Climate Action Summit.
8003:123146098278400::Thread-187 2020-08-09 19:00:13.132 - Her speech there, in which she exclaimed "how dare you", was widely taken up by the press and incorporated into music.
8004:123146098278400::Thread-187 2020-08-09 19:00:13.499 - Their untitled fourth studio album, commonly known as Led Zeppelin IV (1971), and featuring the song "Stairway to Heaven", is among the most popular and influential works in rock music, and helped to secure the group's popularity.
8004:123146098278400::Thread-187 2020-08-09 19:00:14.042 - Page wrote most of Led Zeppelin's music, particularly early in their career, while Plant generally supplied the lyrics.
8003:123146098278400::Thread-187 2020-08-09 19:00:14.102 - Her sudden rise to world fame has made her both a leader and a target for critics.
8004:123146098278400::Thread-187 2020-08-09 19:00:15.199 - Jones's keyboard-based compositions later became central to the group's catalogue, which featured increasing experimentation.
8002:123146098278400::Thread-187 2020-08-09 19:00:15.345 - **END**
8004:123146098278400::Thread-187 2020-08-09 19:00:17.043 - The latter half of their career saw a series of record-breaking tours that earned the group a reputation for excess and debauchery.
8003:123146098278400::Thread-187 2020-08-09 19:00:17.107 - **END**
8004:123146098278400::Thread-187 2020-08-09 19:00:18.458 - Although they remained commercially and critically successful, their output and touring schedule were limited during the late 1970s, and the group disbanded following Bonham's death from alcohol-related asphyxia in 1980.
8004:123146098278400::Thread-187 2020-08-09 19:00:23.459 - **END**