8002:123145589280768::Thread-66 2020-08-09 18:59:29.341 - **START**
8002:123145589280768::Thread-66 2020-08-09 18:59:29.578 - Starting new HTTPS connection (1): en.wikipedia.org
8005:123145589280768::Thread-66 2020-08-09 18:59:30.214 - **START**
8003:123145589280768::Thread-66 2020-08-09 18:59:30.254 - **START**
8005:123145589280768::Thread-66 2020-08-09 18:59:30.952 - Starting new HTTPS connection (1): en.wikipedia.org
8003:123145589280768::Thread-66 2020-08-09 18:59:31.139 - Starting new HTTPS connection (1): en.wikipedia.org
8002:123145589280768::Thread-66 2020-08-09 18:59:31.895 - Genghis Khan (born Temüjin Borjigin, c. 1155 – c. 1162 –  August 18, 1227), also officially Genghis Emperor, was the founder and first Great Khan and Emperor of the Mongol Empire, which became the largest contiguous empire in history after his death.
8002:123145589280768::Thread-66 2020-08-09 18:59:32.633 - He came to power by uniting many of the nomadic tribes of Northeast Asia.
8002:123145589280768::Thread-66 2020-08-09 18:59:33.238 - After founding the Empire and being proclaimed Genghis Khan, meaning Universal ruler, he launched the Mongol invasions that conquered most of Eurasia.
8002:123145589280768::Thread-66 2020-08-09 18:59:33.654 - Reaching as far west as Poland, and the Levant in the Middle East.
8005:123145589280768::Thread-66 2020-08-09 18:59:34.105 - Amy Elizabeth Fisher (born August 21, 1974) is an American woman who became known in the media as "the Long Island Lolita" in 1992, when, at the age of 17, she shot and severely wounded Mary Jo Buttafuoco, the wife of her illicit lover, Joey Buttafuoco.
8002:123145589280768::Thread-66 2020-08-09 18:59:34.227 - Campaigns initiated in his lifetime include those against the Qara Khitai, Khwarezmia, and the Western Xia and Jin dynasties, and raids into Medieval Georgia, the Kievan Rus', and Volga Bulgaria.
8002:123145589280768::Thread-66 2020-08-09 18:59:34.25 - These campaigns were often accompanied by large-scale massacres of the civilian populations, especially in the Khwarazmian- and Western Xia–controlled lands.
8003:123145589280768::Thread-66 2020-08-09 18:59:34.318 - Aristotle (; Greek: Ἀριστοτέλης Aristotélēs, pronounced [aristotélɛːs]; 384–322 BC) was a Greek philosopher and polymath during the Classical period in Ancient Greece.
8002:123145589280768::Thread-66 2020-08-09 18:59:34.783 - Because of this brutality, which left millions dead, he is considered by many to have been a brutal ruler.
8005:123145589280768::Thread-66 2020-08-09 18:59:35.069 - Initially charged with first-degree attempted murder, she eventually pleaded guilty to first-degree aggravated assault and served seven years in prison.
8006:123145589280768::Thread-66 2020-08-09 18:59:35.249 - **START**
8005:123145589280768::Thread-66 2020-08-09 18:59:35.247 - Paroled in 1999, Fisher became a writer, a webcam model, and a pornographic actress.
8002:123145589280768::Thread-66 2020-08-09 18:59:35.291 - By the end of his life, the Mongol Empire occupied a substantial portion of Central Asia and China.
8003:123145589280768::Thread-66 2020-08-09 18:59:35.431 - Taught by Plato, he was the founder of the Lyceum, the Peripatetic school of philosophy, and the Aristotelian tradition.
8005:123145589280768::Thread-66 2020-08-09 18:59:35.648 - Early life
Fisher was born in Merrick, New York, on Long Island, to Elliot and Roseann Fisher; her father was Jewish while her mother's family, Fisher has said, was "a mixture of a lot of different things, including English".
8002:123145589280768::Thread-66 2020-08-09 18:59:35.877 - Due to his exceptional military successes, Genghis Khan is often considered to be the greatest conqueror of all time.Before Genghis Khan died he assigned Ögedei Khan as his successor.
8005:123145589280768::Thread-66 2020-08-09 18:59:35.985 - As a 16-year-old student at Kennedy High School in Bellmore, New York, Fisher allegedly met 35-year-old Joey Buttafuoco in 1990, when she was 16 and her father took his car for repairs to Buttafuoco's auto body shop; Buttafuoco later said she had damaged her own car several times as a pretext to see him, and later admitted that they had an affair when she was still under-age.
8005:123145589280768::Thread-66 2020-08-09 18:59:36.448 - Crime and prison
Fisher became increasingly jealous of Buttafuoco's wife, Mary Jo Buttafuoco.
8002:123145589280768::Thread-66 2020-08-09 18:59:36.59 - Later his grandsons split his empire into khanates.
8006:123145589280768::Thread-66 2020-08-09 18:59:36.76 - Starting new HTTPS connection (1): en.wikipedia.org
8003:123145589280768::Thread-66 2020-08-09 18:59:36.938 - His writings cover many subjects including physics, biology, zoology, metaphysics, logic, ethics, aesthetics, poetry, theatre, music, rhetoric, psychology, linguistics, economics, politics, and government.
8005:123145589280768::Thread-66 2020-08-09 18:59:37.098 - She obtained a .25-caliber automatic handgun with the assistance of Peter Guagenti, a Brooklyn auto supply salesman who acted as her getaway driver.
8004:123145589280768::Thread-66 2020-08-09 18:59:37.204 - **START**
8003:123145589280768::Thread-66 2020-08-09 18:59:37.436 - Aristotle provided a complex synthesis of the various philosophies existing prior to him.
8002:123145589280768::Thread-66 2020-08-09 18:59:37.769 - **END**
8005:123145589280768::Thread-66 2020-08-09 18:59:37.782 - When Mary Jo Buttafuoco answered the door, Fisher told her that Joey Buttafuoco was having an affair with Fisher's (imaginary) younger sister, providing a T-shirt advertising Buttafuoco's auto body shop as "proof".
8005:123145589280768::Thread-66 2020-08-09 18:59:38.367 - The conversation lasted about 15 minutes, during which Buttafuoco became increasingly angry.
8005:123145589280768::Thread-66 2020-08-09 18:59:38.532 - She finally told Fisher to leave and then turned her back to return to the house.
8003:123145589280768::Thread-66 2020-08-09 18:59:38.533 - It was above all from his teachings that the West inherited its intellectual lexicon, as well as problems and methods of inquiry.
8004:123145589280768::Thread-66 2020-08-09 18:59:39.621 - Starting new HTTPS connection (1): en.wikipedia.org
8002:123145589280768::Thread-66 2020-08-09 18:59:40.781 - **START**
8002:123145589280768::Thread-66 2020-08-09 18:59:41.063 - Starting new HTTPS connection (1): en.wikipedia.org
8003:123145589280768::Thread-66 2020-08-09 18:59:41.13 - As a result, his philosophy has exerted a unique influence on almost every form of knowledge in the West and it continues to be a subject of contemporary philosophical discussion.
8006:123145589280768::Thread-66 2020-08-09 18:59:41.935 - The United States of America (USA), commonly known as the United States (U.S. or US) or America, is a country mostly located in central North America, between Canada and Mexico.
8006:123145589280768::Thread-66 2020-08-09 18:59:42.498 - It consists of 50 states, a federal district, five major self-governing territories, and various possessions.
8003:123145589280768::Thread-66 2020-08-09 18:59:42.84 - Little is known about his life.
8003:123145589280768::Thread-66 2020-08-09 18:59:43.76 - Aristotle was born in the city of Stagira in Northern Greece.
8006:123145589280768::Thread-66 2020-08-09 18:59:44.248 - At 3.8 million square miles (9.8 million km2), it is the world's third- or fourth-largest country by total area.
8003:123145589280768::Thread-66 2020-08-09 18:59:45.643 - His father, Nicomachus, died when Aristotle was a child, and he was brought up by a guardian.
8004:123145589280768::Thread-66 2020-08-09 18:59:45.698 - Domesday Book ( or US: ; Latin: Liber de Wintonia "Book of Winchester") is a manuscript record of the "Great Survey" of much of England and parts of Wales completed in 1086 by order of King William the Conqueror.
8006:123145589280768::Thread-66 2020-08-09 18:59:46.049 - With a 2019 estimated population of over 328 million, the U.S. is the third most populous country in the world.
8003:123145589280768::Thread-66 2020-08-09 18:59:46.248 - At seventeen or eighteen years of age he joined Plato's Academy in Athens and remained there until the age of thirty-seven (c.
8005:123145589280768::Thread-66 2020-08-09 18:59:47.533 - **END**
8006:123145589280768::Thread-66 2020-08-09 18:59:47.678 - Americans are a racially and ethnically diverse population that has been shaped through centuries of immigration.
8004:123145589280768::Thread-66 2020-08-09 18:59:48.611 - The Anglo-Saxon Chronicle states:
Then, at the midwinter [1085], was the king in Gloucester with his council ... .
8004:123145589280768::Thread-66 2020-08-09 18:59:49.098 - After this had the king a large meeting, and very deep consultation with his council, about this land; how it was occupied, and by what sort of men.
8003:123145589280768::Thread-66 2020-08-09 18:59:49.251 - **END**
8006:123145589280768::Thread-66 2020-08-09 18:59:49.639 - The capital is Washington, D.C., and the most populous city is New York City.
8006:123145589280768::Thread-66 2020-08-09 18:59:49.758 - Paleo-Indians migrated from Siberia to the North American mainland at least 12,000 years ago, and European colonization began in the 16th century.
8004:123145589280768::Thread-66 2020-08-09 18:59:50.775 - Then sent he his men over all England into each shire; commissioning them to find out "How many hundreds of hides were in the shire, what land the king himself had, and what stock upon the land; or, what dues he ought to have by the year from the shire."
8006:123145589280768::Thread-66 2020-08-09 18:59:51.537 - The United States emerged from the thirteen British colonies established along the East Coast.
8002:123145589280768::Thread-66 2020-08-09 18:59:51.951 - **END**
8003:123145589280768::Thread-66 2020-08-09 18:59:52.263 - **START**
8003:123145589280768::Thread-66 2020-08-09 18:59:52.286 - Starting new HTTPS connection (1): en.wikipedia.org
8006:123145589280768::Thread-66 2020-08-09 18:59:53.395 - Numerous disputes between Great Britain and the colonies led to the American Revolutionary War lasting between 1775 and 1783, leading to independence.
8006:123145589280768::Thread-66 2020-08-09 18:59:53.412 - Beginning in the late 18th century, the United States vigorously expanded across North America, gradually acquiring new territories, killing and displacing Native Americans, and admitting new states.
8004:123145589280768::Thread-66 2020-08-09 18:59:53.649 - Written in Medieval Latin, it was highly abbreviated and included some vernacular native terms without Latin equivalents.
8003:123145589280768::Thread-66 2020-08-09 18:59:54.026 - Mia Khalifa (; Arabic: ميا خليفة‎, Lebanese Arabic pronunciation: [ˈmiːa xaˈliːfe]; born February 10, 1993), also known as Mia Callista, is a Lebanese-American social media personality, sports commentator, webcam model, and former pornographic actress.
8003:123145589280768::Thread-66 2020-08-09 18:59:54.698 - Born in Beirut, Lebanon, Khalifa moved to the United States in 2001.
8003:123145589280768::Thread-66 2020-08-09 18:59:54.808 - She began acting in pornography in October 2014, and by December was ranked the most viewed performer on the website Pornhub.
8002:123145589280768::Thread-66 2020-08-09 18:59:54.952 - **START**
8002:123145589280768::Thread-66 2020-08-09 18:59:54.956 - Starting new HTTPS connection (1): en.wikipedia.org
8004:123145589280768::Thread-66 2020-08-09 18:59:55.147 - The survey's main purpose was to determine what taxes had been owed during the reign of King Edward the Confessor, thereby allowing William to reassert the rights of the Crown and assess where power lay after a wholesale redistribution of land following the Norman conquest.
8006:123145589280768::Thread-66 2020-08-09 18:59:55.413 - **END**
8003:123145589280768::Thread-66 2020-08-09 18:59:55.913 - Her career choice was met with controversy in the Middle East, especially for a video in which she performed sexual acts while wearing the Islamic hijab.
8002:123145589280768::Thread-66 2020-08-09 18:59:56.12 - The Bible (from Koine Greek τὰ βιβλία, tà biblía, "the books") is a collection of religious texts or scriptures sacred to Christians, Jews, Samaritans, Rastafari and others.
8003:123145589280768::Thread-66 2020-08-09 18:59:57.087 - Khalifa left the pornographic industry to pursue other interests.
8004:123145589280768::Thread-66 2020-08-09 18:59:57.298 - The assessors' reckoning of a man's holdings and their values, as recorded in Domesday Book, was dispositive and without appeal.
8004:123145589280768::Thread-66 2020-08-09 18:59:57.808 - The name "Domesday Book" (Middle English for "Doomsday Book") came into use in the 12th century.
8002:123145589280768::Thread-66 2020-08-09 18:59:58.071 - They generally consider the Bible to be a product of divine inspiration and a record of the relationship between God and humans.
8003:123145589280768::Thread-66 2020-08-09 18:59:58.205 - Early life
Mia Khalifa was born on February 10, 1993, in Beirut, Lebanon, and moved with her family to the United States in January 2001, leaving their home in the wake of the South Lebanon conflict.
8005:123145589280768::Thread-66 2020-08-09 18:59:58.535 - **START**
8005:123145589280768::Thread-66 2020-08-09 18:59:58.613 - Starting new HTTPS connection (1): en.wikipedia.org
8002:123145589280768::Thread-66 2020-08-09 18:59:59.087 - The Bible appears in the form of an anthology, a compilation of texts of a variety of forms that are all linked by the belief that they collectively contain the word of God.
8003:123145589280768::Thread-66 2020-08-09 18:59:59.368 - Her family is Catholic and she was raised in that religion, in what she describes as a "very conservative" home, although she is no longer practicing.
8004:123145589280768::Thread-66 2020-08-09 18:59:59.948 - As Richard FitzNeal wrote in the Dialogus de Scaccario (circa 1179):
for as the sentence of that strict and terrible last account cannot be evaded by any skilful subterfuge, so when this book is appealed to ... its sentence cannot be quashed or set aside with impunity.
8002:123145589280768::Thread-66 2020-08-09 19:00:00.083 - These texts include theologically-focused historical accounts, hymns, parables, didactic letters, erotica, sermons, poetry, and prophecies.
8005:123145589280768::Thread-66 2020-08-09 19:00:01.086 - New Zealand (Māori: Aotearoa [aɔˈtɛaɾɔa]) is an island country in the southwestern Pacific Ocean.
8003:123145589280768::Thread-66 2020-08-09 19:00:01.317 - Khalifa attended a French private school in Beirut, where she learned to speak English.
8006:123145589280768::Thread-66 2020-08-09 19:00:01.423 - **START**
8006:123145589280768::Thread-66 2020-08-09 19:00:01.552 - Starting new HTTPS connection (1): en.wikipedia.org
8005:123145589280768::Thread-66 2020-08-09 19:00:01.605 - It comprises two main landmasses—the North Island (Te Ika-a-Māui) and the South Island (Te Waipounamu)—and around 600 smaller islands, covering a total area of 268,021 square kilometres (103,500 sq mi).
8002:123145589280768::Thread-66 2020-08-09 19:00:01.899 - Those books included in the Bible by a tradition or group are called canonical, indicating that the tradition/group views the collection as the true representation of God's word and will.
8004:123145589280768::Thread-66 2020-08-09 19:00:01.99 - That is why we have called the book "the Book of Judgement" ...
8004:123145589280768::Thread-66 2020-08-09 19:00:01.991 - **END**
8005:123145589280768::Thread-66 2020-08-09 19:00:02.638 - New Zealand is about 2,000 kilometres (1,200 mi) east of Australia across the Tasman Sea and 1,000 kilometres (600 mi) south of the islands of New Caledonia, Fiji, and Tonga.
8003:123145589280768::Thread-66 2020-08-09 19:00:03.043 - After moving to the United States, she lived in Montgomery County, Maryland, and played lacrosse in high school.
8005:123145589280768::Thread-66 2020-08-09 19:00:03.544 - The country's varied topography and sharp mountain peaks, including the Southern Alps, owe much to tectonic uplift and volcanic eruptions.
8002:123145589280768::Thread-66 2020-08-09 19:00:03.708 - A number of Biblical canons have evolved, with overlapping and diverging contents from denomination to denomination.
8006:123145589280768::Thread-66 2020-08-09 19:00:04.288 - Prince George of Cambridge (George Alexander Louis; born 22 July 2013) is a member of the British royal family.
8002:123145589280768::Thread-66 2020-08-09 19:00:04.354 - The Hebrew Bible overlaps with the Greek Septuagint and the Christian Old Testament.
8006:123145589280768::Thread-66 2020-08-09 19:00:04.664 - He is the eldest child of Prince William, Duke of Cambridge, and Catherine, Duchess of Cambridge, and third in the line of succession to the British throne behind his grandfather Prince Charles and his father.
8003:123145589280768::Thread-66 2020-08-09 19:00:04.956 - Khalifa attended Northwest High School.
8003:123145589280768::Thread-66 2020-08-09 19:00:04.956 - **END**
8005:123145589280768::Thread-66 2020-08-09 19:00:05.164 - New Zealand's capital city is Wellington, and its most populous city is Auckland.
8005:123145589280768::Thread-66 2020-08-09 19:00:05.745 - Owing to their remoteness, the islands of New Zealand were the last large habitable lands to be settled by humans.
8002:123145589280768::Thread-66 2020-08-09 19:00:06.134 - The Christian New Testament is a collection of writings by early Christians, believed to be mostly Jewish disciples of Christ, written in first-century Koine Greek.
8006:123145589280768::Thread-66 2020-08-09 19:00:06.409 - As he is expected to become king one day, his birth was widely celebrated across the Commonwealth realms.
8005:123145589280768::Thread-66 2020-08-09 19:00:06.42 - Between about 1280 and 1350, Polynesians began to settle in the islands, and then developed a distinctive Māori culture.
8005:123145589280768::Thread-66 2020-08-09 19:00:06.452 - In 1642, Dutch explorer Abel Tasman became the first European to sight New Zealand.
8006:123145589280768::Thread-66 2020-08-09 19:00:06.725 - George occasionally accompanies his parents on royal tours, and has affected business and popular culture.
8002:123145589280768::Thread-66 2020-08-09 19:00:07.006 - Among Christian denominations there is some disagreement about what should be included in the canon, primarily about the biblical apocrypha, a list of works that are regarded with varying levels of respect.
8005:123145589280768::Thread-66 2020-08-09 19:00:08.043 - In 1840, representatives of the United Kingdom and Māori chiefs signed the Treaty of Waitangi, which declared British sovereignty over the islands.
8006:123145589280768::Thread-66 2020-08-09 19:00:08.175 - Birth and baptism

The Duke of Cambridge is the elder son of the Prince of Wales, who is the eldest son of Queen Elizabeth II, meaning that his first child would be third in the line of succession to the British throne.
8002:123145589280768::Thread-66 2020-08-09 19:00:08.517 - Attitudes towards the Bible also differ among Christian groups.
8006:123145589280768::Thread-66 2020-08-09 19:00:09.71 - Speculation ensued during the pregnancy of the Duchess of Cambridge that the birth would boost the British national economy and provide a focus for national pride.
8005:123145589280768::Thread-66 2020-08-09 19:00:09.782 - In 1841, New Zealand became a colony within the British Empire and in 1907 it became a dominion; it gained full statutory independence in 1947 and the British monarch remained the head of state.
8006:123145589280768::Thread-66 2020-08-09 19:00:09.854 - Commemorative coins were issued by the Royal Mint, Royal Canadian Mint, and Royal Australian Mint; the first time a royal birth had been marked that way.Prince George was born in Lindo Wing of St Mary's Hospital, London, at 16:24 BST (15:24 UTC) on 22 July 2013.
8006:123145589280768::Thread-66 2020-08-09 19:00:10.15 - The customary formal bulletin announcing the royal birth was displayed on an easel outside Buckingham Palace, although in a break with tradition the news was first conveyed in a press release from palace officials.
8006:123145589280768::Thread-66 2020-08-09 19:00:12.082 - The newborn was widely hailed as a future king.
8006:123145589280768::Thread-66 2020-08-09 19:00:12.099 - 21-gun salutes signalled the birth in the capitals of Bermuda, the UK, New Zealand, and Canada; the bells of Westminster Abbey and many other churches were rung; and iconic landmarks in the Commonwealth realms were illuminated in various colours, mostly blue to signify the birth of a boy.
8006:123145589280768::Thread-66 2020-08-09 19:00:12.099 - **END**
8005:123145589280768::Thread-66 2020-08-09 19:00:14.787 - **END**
8002:123145589280768::Thread-66 2020-08-09 19:00:16.518 - **END**