8005:123145505148928::Thread-46 2020-08-09 18:59:27.202 - **START**
8005:123145505148928::Thread-46 2020-08-09 18:59:27.206 - Starting new HTTPS connection (1): en.wikipedia.org
8005:123145505148928::Thread-46 2020-08-09 18:59:28.125 - The Upanishads (; Sanskrit: उपनिषद् Upaniṣad [ˈʊpɐnɪʂɐd]) are late Vedic Sanskrit texts of religious teaching and ideas still revered in Hinduism.
8005:123145505148928::Thread-46 2020-08-09 18:59:28.443 - They are the most recent part of the oldest scriptures of Hinduism, the Vedas, that deal with meditation, philosophy, and ontological knowledge; other parts of the Vedas deal with mantras, benedictions, rituals, ceremonies, and sacrifices.
8005:123145505148928::Thread-46 2020-08-09 18:59:28.756 - Among the most important literature in the history of Indian religions and culture, the Upanishads played an important role in the development of spiritual ideas in ancient India, marking a transition from Vedic ritualism to new ideas and institutions.
8005:123145505148928::Thread-46 2020-08-09 18:59:29.281 - Of all Vedic literature, the Upanishads alone are widely known, and their central ideas are at the spiritual core of Hinduism.The Upanishads are commonly referred to as Vedānta.
8005:123145505148928::Thread-46 2020-08-09 18:59:30.04 - Vedanta has been interpreted as the "last chapters, parts of the Veda" and alternatively as "object, the highest purpose of the Veda".
8003:123145505148928::Thread-46 2020-08-09 18:59:30.237 - **START**
8005:123145505148928::Thread-46 2020-08-09 18:59:30.498 - The concepts of Brahman (ultimate reality) and Ātman (soul, self) are central ideas in all of the Upanishads, and "know that you are the Ātman" is their thematic focus.
8005:123145505148928::Thread-46 2020-08-09 18:59:30.622 - Along with the Bhagavad Gita and the Brahmasutra, the mukhya Upanishads (known collectively as the Prasthanatrayi) provide a foundation for the several later schools of Vedanta, among them, two influential monistic schools of Hinduism.Around 108 Upanishads are known, of which the first dozen or so are the oldest and most important and are referred to as the principal or main (mukhya) Upanishads.
8003:123145505148928::Thread-46 2020-08-09 18:59:31.151 - Starting new HTTPS connection (1): en.wikipedia.org
8005:123145505148928::Thread-46 2020-08-09 18:59:31.274 - The mukhya Upanishads are found mostly in the concluding part of the Brahmanas and Aranyakas and were, for centuries, memorized by each generation and passed down orally.
8005:123145505148928::Thread-46 2020-08-09 18:59:31.643 - The early Upanishads all predate the Common Era, five of them are in all likelihood pre-Buddhist (6th century BCE), stretching down to the Maurya period, which lasted from 322 to 185 BCE.
8005:123145505148928::Thread-46 2020-08-09 18:59:32.535 - Of the remainder, 95 Upanishads are part of the Muktika canon, composed from about the last centuries of 1st-millennium BCE through about 15th-century CE.
8004:123145505148928::Thread-46 2020-08-09 18:59:33.203 - **START**
8005:123145505148928::Thread-46 2020-08-09 18:59:33.331 - New Upanishads, beyond the 108 in the Muktika canon, continued to be composed through the early modern and modern era, though often dealing with subjects that are unconnected to the Vedas.With the translation of the Upanishads in the early 19th century they also started to attract attention from a Western audience.
8003:123145505148928::Thread-46 2020-08-09 18:59:33.522 - Manchester City Football Club is an English football club based in Manchester that competes in the Premier League, the top flight of English football.
8005:123145505148928::Thread-46 2020-08-09 18:59:33.927 - Arthur Schopenhauer was deeply impressed by the Upanishads and called it "the most profitable and elevating reading which...
8004:123145505148928::Thread-46 2020-08-09 18:59:34.122 - Starting new HTTPS connection (1): en.wikipedia.org
8002:123145505148928::Thread-46 2020-08-09 18:59:35.309 - **START**
8003:123145505148928::Thread-46 2020-08-09 18:59:35.749 - Founded in 1880 as St. Mark's (West Gorton), it became Ardwick Association Football Club in 1887 and Manchester City in 1894.
8006:123145505148928::Thread-46 2020-08-09 18:59:36.241 - **START**
8003:123145505148928::Thread-46 2020-08-09 18:59:36.401 - The club's home ground is the Etihad Stadium in east Manchester, to which it moved in 2003, having played at Maine Road since 1923.
8006:123145505148928::Thread-46 2020-08-09 18:59:36.749 - Starting new HTTPS connection (1): en.wikipedia.org
8002:123145505148928::Thread-46 2020-08-09 18:59:36.996 - Starting new HTTPS connection (1): en.wikipedia.org
8004:123145505148928::Thread-46 2020-08-09 18:59:37.431 - Franklin Nathaniel Jonas (born September 28, 2000) is an American actor who was a voice actor in the film Ponyo and was a recurring character in the television series Jonas.
8004:123145505148928::Thread-46 2020-08-09 18:59:38.091 - Personal life
Frankie is the son of Denise (née Miller) and Paul Kevin Jonas Sr. and the younger brother of Kevin Jonas, Joe Jonas and Nick Jonas.
8004:123145505148928::Thread-46 2020-08-09 18:59:38.294 - Jonas is sometimes referred to as the "Bonus Jonas" and "Biff".
8004:123145505148928::Thread-46 2020-08-09 18:59:38.992 - He is of Italian (from a maternal great-grandfather), German, Cherokee, English, Irish, Scottish, and French-Canadian descent.
8003:123145505148928::Thread-46 2020-08-09 18:59:39.295 - The club adopted their sky blue home shirts in 1894 in the first season of the club's current iteration, that have been used ever since.Manchester City entered the Football League in 1899, and won their first major honour with the FA Cup in 1904.
8003:123145505148928::Thread-46 2020-08-09 18:59:39.485 - The club had its first major period of success in the late 1960s, winning the League, European Cup Winners Cup, FA Cup and League Cup under the management of Joe Mercer and Malcolm Allison.
8004:123145505148928::Thread-46 2020-08-09 18:59:39.591 - Career
In 2009, Jonas voice acted in Hayao Miyazaki's animated film Ponyo, released in American theaters on August 14, 2009.
8004:123145505148928::Thread-46 2020-08-09 18:59:40.357 - He played Sōsuke, a character who is befriended by a juvenile fish named Ponyo (voiced by Noah Cyrus), who wants to become a human girl.
8004:123145505148928::Thread-46 2020-08-09 18:59:40.455 - They also both sing the theme song of the movie.
8003:123145505148928::Thread-46 2020-08-09 18:59:41.205 - After losing the 1981 FA Cup Final, the club went through a period of decline, culminating in relegation to the third tier of English football for the only time in its history in 1998.
8004:123145505148928::Thread-46 2020-08-09 18:59:41.226 - He appeared as a recurring character in the Disney Channel Original Series, Jonas for which he won the award for "Choice Breakout TV Star Male" at the 2009 Teen Choice Awards.
8004:123145505148928::Thread-46 2020-08-09 18:59:41.28 - His first on-screen movie role was in Camp Rock 2: The Final Jam, alongside his older brothers the Jonas Brothers as Junior Rocker Trevor.
8006:123145505148928::Thread-46 2020-08-09 18:59:41.619 - Lady Louise Alice Elizabeth Mary Mountbatten-Windsor (born 8 November 2003) is the elder child and only daughter of Prince Edward, Earl of Wessex, and Sophie, Countess of Wessex.
8003:123145505148928::Thread-46 2020-08-09 18:59:41.74 - They since regained promotion to the top tier in 2001–02 and have remained a fixture in the Premier League since 2002–03.
8002:123145505148928::Thread-46 2020-08-09 18:59:41.898 - The Beatles, also known as the White Album, is the ninth studio album and only double album by the English rock band the Beatles, released on 22 November 1968.
8003:123145505148928::Thread-46 2020-08-09 18:59:41.939 - In 2008, Manchester City was purchased by Abu Dhabi United Group for £210 million and received considerable financial investment in both playing staff and club facilities, including the £150 million Etihad Campus in east Manchester.
8002:123145505148928::Thread-46 2020-08-09 18:59:42.612 - Its plain white sleeve has no graphics or text other than the band's name embossed, which was intended as a direct contrast to the vivid cover artwork of the band's previous LP Sgt.
8002:123145505148928::Thread-46 2020-08-09 18:59:42.702 - Pepper's Lonely Hearts Club Band.
8005:123145505148928::Thread-46 2020-08-09 18:59:42.94 - **END**
8003:123145505148928::Thread-46 2020-08-09 18:59:43.351 - Under the management of Pep Guardiola they won the Premier League in 2018 becoming the only Premier League team to attain 100 points in a single season.
8006:123145505148928::Thread-46 2020-08-09 18:59:44.449 - She is the youngest granddaughter of Queen Elizabeth II and Prince Philip, Duke of Edinburgh.
8002:123145505148928::Thread-46 2020-08-09 18:59:44.679 - The Beatles is recognised for its fragmentary style and diverse range of genres, including folk, British blues, ska, music hall and the avant-garde.
8004:123145505148928::Thread-46 2020-08-09 18:59:45.284 - **END**
8002:123145505148928::Thread-46 2020-08-09 18:59:45.569 - It has since been viewed by some critics as a postmodern work, as well as among the greatest albums of all time.
8002:123145505148928::Thread-46 2020-08-09 18:59:45.615 - Most of the songs on the album were written during March and April 1968 at a Transcendental Meditation course in Rishikesh, India.
8002:123145505148928::Thread-46 2020-08-09 18:59:46.293 - There, the only western instrument available to the band was the acoustic guitar; some of these songs remained acoustic on The Beatles and were recorded solo, or only by part of the group.
8006:123145505148928::Thread-46 2020-08-09 18:59:46.538 - She is 13th in the line of succession to the British throne.
8002:123145505148928::Thread-46 2020-08-09 18:59:46.917 - The production aesthetic ensured that the album's sound was scaled-down and less reliant on studio innovation than all their releases since 1966's Revolver.
8002:123145505148928::Thread-46 2020-08-09 18:59:47.059 - The Beatles also broke with the band's recent tradition of incorporating several musical styles in one song by keeping each piece of music consistently faithful to a select genre.
8002:123145505148928::Thread-46 2020-08-09 18:59:47.24 - At the end of May 1968, the Beatles returned to EMI Studios in London to commence recording sessions that lasted until mid-October.
8006:123145505148928::Thread-46 2020-08-09 18:59:47.388 - Birth and baptism
Louise was born prematurely on 8 November 2003 at 23:32 GMT at Frimley Park Hospital in Frimley, Surrey, after her mother was rushed there by ambulance from the Wessex home at Bagshot Park, Surrey.
8006:123145505148928::Thread-46 2020-08-09 18:59:47.668 - Prince Edward was not present for the birth because he was in Mauritius and because it occurred so suddenly.
8002:123145505148928::Thread-46 2020-08-09 18:59:49.243 - **END**
8006:123145505148928::Thread-46 2020-08-09 18:59:49.377 - Louise was delivered by emergency Caesarean section due to placental abruption, which caused severe blood loss to both child and mother.
8003:123145505148928::Thread-46 2020-08-09 18:59:50.354 - **END**
8006:123145505148928::Thread-46 2020-08-09 18:59:50.826 - Louise was transferred to a neo-natal unit in St George's Hospital, Tooting, London, as a precaution.
8002:123145505148928::Thread-46 2020-08-09 18:59:51.248 - **START**
8002:123145505148928::Thread-46 2020-08-09 18:59:51.254 - Starting new HTTPS connection (1): en.wikipedia.org
8006:123145505148928::Thread-46 2020-08-09 18:59:51.333 - Meanwhile, her mother remained at Frimley Park until she was well enough to be discharged, on 23 November 2003.
8005:123145505148928::Thread-46 2020-08-09 18:59:51.943 - **START**
8005:123145505148928::Thread-46 2020-08-09 18:59:51.947 - Starting new HTTPS connection (1): en.wikipedia.org
8006:123145505148928::Thread-46 2020-08-09 18:59:52.815 - Louise's name was announced on 27 November.She was baptised in the Private Chapel of Windsor Castle on 24 April 2004 by David Conner, the Dean of Windsor; her godparents were Lady Sarah Chatto, Lord Ivar Mountbatten, Lady Alexandra Etherington, Francesca Schwarzenbach and Rupert Elliott.
8005:123145505148928::Thread-46 2020-08-09 18:59:53.488 - George VI (Albert Frederick Arthur George; 14 December 1895 – 6 February 1952) was King of the United Kingdom and the Dominions of the British Commonwealth from 11 December 1936 until his death in 1952.
8005:123145505148928::Thread-46 2020-08-09 18:59:53.873 - Known as "Bertie" among his family and close friends, George VI was born in the reign of his great-grandmother Queen Victoria and was named after his great-grandfather Albert, Prince Consort.
8002:123145505148928::Thread-46 2020-08-09 18:59:54.315 - The United States of America (USA), commonly known as the United States (U.S. or US) or America, is a country mostly located in central North America, between Canada and Mexico.
8006:123145505148928::Thread-46 2020-08-09 18:59:54.522 - Louise was the last child to wear the original royal christening gown.Born with esotropia, Louise underwent an operation in an unsuccessful attempt to correct the problem in January 2006.
8002:123145505148928::Thread-46 2020-08-09 18:59:54.545 - It consists of 50 states, a federal district, five major self-governing territories, and various possessions.
8003:123145505148928::Thread-46 2020-08-09 18:59:55.357 - **START**
8003:123145505148928::Thread-46 2020-08-09 18:59:55.364 - Starting new HTTPS connection (1): en.wikipedia.org
8003:123145505148928::Thread-46 2020-08-09 18:59:55.932 - Arrow is an American superhero television series developed by Greg Berlanti, Marc Guggenheim, and Andrew Kreisberg based on the DC Comics character Green Arrow, a costumed crime-fighter created by Mort Weisinger and George Papp, and is set in the Arrowverse with other related television series.
8003:123145505148928::Thread-46 2020-08-09 18:59:56.108 - The series premiered in the United States on The CW on October 10, 2012, and was primarily filmed in Vancouver, British Columbia, Canada.
8003:123145505148928::Thread-46 2020-08-09 18:59:56.223 - In January 2019, The CW renewed the series for a ten-episode eighth season, announcing in March that it would be the final season.
8005:123145505148928::Thread-46 2020-08-09 18:59:56.291 - As the second son of King George V, he was not expected to inherit the throne and spent his early life in the shadow of his elder brother, Edward.
8003:123145505148928::Thread-46 2020-08-09 18:59:56.524 - The season premiered on October 15, 2019 and featured the "Crisis on Infinite Earths" crossover event; the series finale aired on January 28, 2020.
8003:123145505148928::Thread-46 2020-08-09 18:59:56.965 - Arrow follows billionaire playboy Oliver Queen (Stephen Amell), who claimed to have spent five years shipwrecked on Lian Yu, a mysterious island in the North China Sea, before returning home to Starling City (later renamed "Star City") to fight crime and corruption as a secret vigilante whose weapon of choice is a bow and arrow.
8003:123145505148928::Thread-46 2020-08-09 18:59:57.294 - Throughout the series, Oliver is joined by others, among them former soldier John Diggle (David Ramsey), I.T.
8004:123145505148928::Thread-46 2020-08-09 18:59:57.296 - **START**
8004:123145505148928::Thread-46 2020-08-09 18:59:57.317 - Starting new HTTPS connection (1): en.wikipedia.org
8002:123145505148928::Thread-46 2020-08-09 18:59:57.395 - At 3.8 million square miles (9.8 million km2), it is the world's third- or fourth-largest country by total area.
8003:123145505148928::Thread-46 2020-08-09 18:59:58.27 - expert and skilled hacker Felicity Smoak (Emily Bett Rickards), former assassin Sara Lance (Caity Lotz), aspiring vigilante Roy Harper (Colton Haynes), Oliver's sister Thea (Willa Holland), and attorney-turned-vigilante Laurel Lance (Katie Cassidy).
8002:123145505148928::Thread-46 2020-08-09 18:59:58.451 - With a 2019 estimated population of over 328 million, the U.S. is the third most populous country in the world.
8005:123145505148928::Thread-46 2020-08-09 18:59:58.513 - He attended naval college as a teenager and served in the Royal Navy and Royal Air Force during the First World War.
8003:123145505148928::Thread-46 2020-08-09 18:59:58.756 - During the first five seasons of the show, characters from Oliver's past appear in a separate story arc based on Oliver's flashbacks.
8005:123145505148928::Thread-46 2020-08-09 18:59:58.817 - In 1920, he was made Duke of York.
8003:123145505148928::Thread-46 2020-08-09 18:59:58.913 - Starting with season seven, a series of flash-forwards focus on Oliver's children William and Mia, exploring how present events would affect their future and Green Arrow's legacy.
8004:123145505148928::Thread-46 2020-08-09 18:59:59.118 - Glee (stylized in all lowercase) is  an American musical comedy-drama television series that aired on the Fox network in the United States from May 19, 2009, to March 20, 2015.
8003:123145505148928::Thread-46 2020-08-09 18:59:59.619 - The series takes a new look at the Green Arrow character, as well as other characters from the DC Comics universe.
8004:123145505148928::Thread-46 2020-08-09 18:59:59.949 - It centers on the fictional William McKinley High School glee club, the New Directions, which competes on the show choir competition circuit while its disparate members deal with social issues, especially regarding sexuality, race, relationships, and teamwork.
8002:123145505148928::Thread-46 2020-08-09 19:00:00.286 - Americans are a racially and ethnically diverse population that has been shaped through centuries of immigration.
8003:123145505148928::Thread-46 2020-08-09 19:00:00.382 - Although Oliver Queen / Green Arrow had been featured in the television series Smallville from 2006 to 2011, on The CW, the producers decided to start clean and find a new actor to portray the character.
8005:123145505148928::Thread-46 2020-08-09 19:00:00.565 - He married Lady Elizabeth Bowes-Lyon in 1923, and they had two daughters, Elizabeth and Margaret.
8002:123145505148928::Thread-46 2020-08-09 19:00:01.021 - The capital is Washington, D.C., and the most populous city is New York City.
8006:123145505148928::Thread-46 2020-08-09 19:00:01.526 - **END**
8002:123145505148928::Thread-46 2020-08-09 19:00:01.643 - Paleo-Indians migrated from Siberia to the North American mainland at least 12,000 years ago, and European colonization began in the 16th century.
8005:123145505148928::Thread-46 2020-08-09 19:00:01.768 - In the mid-1920s, he had speech therapy for a stammer, which he learned to manage to some degree.
8004:123145505148928::Thread-46 2020-08-09 19:00:01.814 - The initial twelve-member cast included Matthew Morrison as club director and Spanish teacher Will Schuester, Jane Lynch as cheerleading coach Sue Sylvester, Jayma Mays as guidance counselor Emma Pillsbury, Jessalyn Gilsig as Will's wife Terri, and Dianna Agron, Chris Colfer, Kevin McHale, Lea Michele, Cory Monteith, Amber Riley, Mark Salling, and Jenna Ushkowitz as eight club members.
8004:123145505148928::Thread-46 2020-08-09 19:00:02.214 - The main cast was altered throughout the series.
8004:123145505148928::Thread-46 2020-08-09 19:00:03.233 - The series was created by Ryan Murphy, Brad Falchuk, and Ian Brennan, the latter of whom first conceived of Glee as a film.
8004:123145505148928::Thread-46 2020-08-09 19:00:03.917 - The three wrote all of the show's episodes for the first two seasons, and Murphy and Falchuk initially served as the show's main directors.
8005:123145505148928::Thread-46 2020-08-09 19:00:04.014 - George's elder brother ascended the throne as Edward VIII after their father died in 1936.
8005:123145505148928::Thread-46 2020-08-09 19:00:04.069 - Later that year, Edward abdicated to marry the American socialite Wallis Simpson, and George became the third monarch of the House of Windsor.
8002:123145505148928::Thread-46 2020-08-09 19:00:04.337 - The United States emerged from the thirteen British colonies established along the East Coast.
8004:123145505148928::Thread-46 2020-08-09 19:00:05.648 - The pilot episode was broadcast on May 19, 2009, and the first season aired from September 9, 2009, to June 8, 2010.
8005:123145505148928::Thread-46 2020-08-09 19:00:06.168 - In September 1939, the British Empire and Commonwealth—except Ireland—declared war on Nazi Germany.
8002:123145505148928::Thread-46 2020-08-09 19:00:07.226 - Numerous disputes between Great Britain and the colonies led to the American Revolutionary War lasting between 1775 and 1783, leading to independence.
8003:123145505148928::Thread-46 2020-08-09 19:00:07.386 - **END**
8004:123145505148928::Thread-46 2020-08-09 19:00:07.468 - Subsequent seasons aired in September through May.
8002:123145505148928::Thread-46 2020-08-09 19:00:07.851 - Beginning in the late 18th century, the United States vigorously expanded across North America, gradually acquiring new territories, killing and displacing Native Americans, and admitting new states.
8004:123145505148928::Thread-46 2020-08-09 19:00:08.973 - The sixth and final season aired from January to March 2015.
8004:123145505148928::Thread-46 2020-08-09 19:00:09.959 - Glee features on-screen performance-based musical numbers that were selected by Murphy, who aimed to maintain a balance between show tunes and chart hits, and produced by Adam Anders and Peer Åström.
8005:123145505148928::Thread-46 2020-08-09 19:00:10.169 - **END**
8002:123145505148928::Thread-46 2020-08-09 19:00:16.854 - **END**
8004:123145505148928::Thread-46 2020-08-09 19:00:18.961 - **END**