8002:123145341091840::Thread-7 2020-08-09 18:59:26.265 - **START**
8002:123145341091840::Thread-7 2020-08-09 18:59:26.272 - Starting new HTTPS connection (1): en.wikipedia.org
8004:123145341091840::Thread-7 2020-08-09 18:59:29.197 - **START**
8004:123145341091840::Thread-7 2020-08-09 18:59:29.356 - Starting new HTTPS connection (1): en.wikipedia.org
8005:123145341091840::Thread-7 2020-08-09 18:59:30.198 - **START**
8003:123145341091840::Thread-7 2020-08-09 18:59:30.205 - **START**
8004:123145341091840::Thread-7 2020-08-09 18:59:30.693 - Washington, D.C., formally the District of Columbia and also known as D.C. or Washington, is the capital city of the United States of America.
8005:123145341091840::Thread-7 2020-08-09 18:59:30.949 - Starting new HTTPS connection (1): en.wikipedia.org
8003:123145341091840::Thread-7 2020-08-09 18:59:31.152 - Starting new HTTPS connection (1): en.wikipedia.org
8002:123145341091840::Thread-7 2020-08-09 18:59:31.768 - Los Angeles International Airport (IATA: LAX, ICAO: KLAX, FAA LID: LAX), commonly referred to as LAX (with each of its letters pronounced individually), is the primary international airport serving Los Angeles and its surrounding metropolitan area.
8006:123145341091840::Thread-7 2020-08-09 18:59:32.416 - **START**
8002:123145341091840::Thread-7 2020-08-09 18:59:32.855 - LAX is located in the Westchester neighborhood of Los Angeles, 18 miles (30 km) southwest of Downtown Los Angeles, with the commercial and residential areas of Westchester to the north, the city of El Segundo to the south and the city of Inglewood to the east.
8004:123145341091840::Thread-7 2020-08-09 18:59:33.071 - Founded after the American Revolution as the seat of government of the newly independent country, Washington was named after George Washington, the first president of the United States and a Founding Father.
8006:123145341091840::Thread-7 2020-08-09 18:59:33.077 - Starting new HTTPS connection (1): en.wikipedia.org
8003:123145341091840::Thread-7 2020-08-09 18:59:33.21 - Rowan Blanchard (born October 14, 2001) is an American actress.
8002:123145341091840::Thread-7 2020-08-09 18:59:33.255 - LAX is the closest airport to the Westside and the South Bay.
8002:123145341091840::Thread-7 2020-08-09 18:59:34.006 - Owned and operated by Los Angeles World Airports (LAWA), an agency of the government of Los Angeles, formerly known as the Department of Airports, the airport covers 3,500 acres (1,400 ha)  of land.
8005:123145341091840::Thread-7 2020-08-09 18:59:34.034 - Green Day is an American rock band formed in the East Bay of California in 1987 by lead vocalist and guitarist Billie Joe Armstrong and bassist and backing vocalist Mike Dirnt.
8003:123145341091840::Thread-7 2020-08-09 18:59:34.072 - She is known for her role as Riley Matthews on the Disney Channel series Girl Meets World that aired from 2014 until 2017.
8004:123145341091840::Thread-7 2020-08-09 18:59:34.286 - As the seat of the United States federal government and several international organizations, Washington is an important world political capital.
8003:123145341091840::Thread-7 2020-08-09 18:59:34.66 - From 2017 until 2018, she made recurred on The Goldbergs as Jackie Geary.
8003:123145341091840::Thread-7 2020-08-09 18:59:35.0 - Life and career


Early life
Blanchard was born in Los Angeles, California, to Elizabeth and Mark Blanchard-Boulbol, who are yoga instructors.
8002:123145341091840::Thread-7 2020-08-09 18:59:35.252 - LAX has four parallel runways.In 2019, LAX handled 88,068,013 passengers, making it the world's third busiest and the United States' second busiest airport following Hartsfield–Jackson Atlanta International Airport.
8002:123145341091840::Thread-7 2020-08-09 18:59:35.399 - As the largest and busiest international airport on the U.S. West Coast, LAX is a major international gateway to the United States, and also serves a connection point for passengers traveling internationally.
8004:123145341091840::Thread-7 2020-08-09 18:59:35.48 - Located on the Potomac River bordering Maryland and Virginia, the city is one of the most visited cities in the United States, with more than 20 million visitors annually.The signing of the Residence Act on July 16, 1790, approved the creation of a capital district located along the Potomac River near the country's East Coast.
8003:123145341091840::Thread-7 2020-08-09 18:59:35.538 - Her paternal grandfather was an immigrant from the Middle East, who had paternal Syrian ancestry and maternal Armenian ancestry, and her paternal grandmother's ancestors are from England, Denmark, and Sweden.
8006:123145341091840::Thread-7 2020-08-09 18:59:35.848 - Inferno (Italian: [iɱˈfɛrno]; Italian for "Hell") is the first part of Italian writer Dante Alighieri's 14th-century epic poem Divine Comedy.
8005:123145341091840::Thread-7 2020-08-09 18:59:36.197 - For much of the band's career, they have been a trio with a drummer Tré Cool, who replaced John Kiffmeyer in 1990 before the recording of the band's second studio album, Kerplunk (1991).
8003:123145341091840::Thread-7 2020-08-09 18:59:36.447 - Her paternal great grandparents had met in Aleppo, present-day Syria.
8006:123145341091840::Thread-7 2020-08-09 18:59:36.517 - It is followed by Purgatorio and Paradiso.
8006:123145341091840::Thread-7 2020-08-09 18:59:36.812 - The Inferno tells the journey of Dante through Hell, guided by the ancient Roman poet Virgil.
8002:123145341091840::Thread-7 2020-08-09 18:59:37.141 - The airport holds the record for the world's busiest origin and destination airport, since relative to other airports, many more travelers begin or end their trips in Los Angeles than use it as a connection.
8006:123145341091840::Thread-7 2020-08-09 18:59:37.615 - In the poem, Hell is depicted as nine concentric circles of torment located within the Earth; it is the "realm ... of those who have rejected spiritual values by yielding to bestial appetites or violence, or by perverting their human intellect to fraud or malice against their fellowmen".
8004:123145341091840::Thread-7 2020-08-09 18:59:37.998 - The U.S. Constitution provided for a federal district under the exclusive jurisdiction of the U.S. Congress, and the District is therefore not a part of any U.S. state.
8006:123145341091840::Thread-7 2020-08-09 18:59:38.427 - As an allegory, the Divine Comedy represents the journey of the soul toward God, with the Inferno describing the recognition and rejection of sin.
8003:123145341091840::Thread-7 2020-08-09 18:59:38.433 - She was named after a character in Anne Rice's The Witching Hour.
8002:123145341091840::Thread-7 2020-08-09 18:59:38.726 - It is also the only airport to rank among the top five U.S. airports for both passenger and cargo traffic.LAX serves as a major hub or focus city for more passenger airlines than any other airport in the United States.
8005:123145341091840::Thread-7 2020-08-09 18:59:38.83 - Touring guitarist Jason White became a full-time member in 2012, but returned to his role as a touring member in 2016.
8006:123145341091840::Thread-7 2020-08-09 18:59:38.947 - Introduction


Cantos I–II

Canto I

The poem begins on the night of Maundy Thursday on March 24 (or April 7), AD 1300, shortly before dawn of Good Friday.
8003:123145341091840::Thread-7 2020-08-09 18:59:39.361 - Rowan has two younger siblings, Carmen and Shane.
8005:123145341091840::Thread-7 2020-08-09 18:59:39.454 - Green Day was originally part of the late-'80s/early-'90s punk scene at the DIY 924 Gilman Street club in Berkeley, California.
8006:123145341091840::Thread-7 2020-08-09 18:59:39.584 - The narrator, Dante himself, is thirty-five years old, and thus "midway in the journey of our life" (Nel mezzo del cammin di nostra vita) – half of the Biblical lifespan of seventy (Psalm 89:10, Vulgate; Psalm 90:10, KJV).
8006:123145341091840::Thread-7 2020-08-09 18:59:39.779 - The poet finds himself lost in a dark wood (selva oscura), astray from the "straight way" (diritta via, also translatable as "right way") of salvation.
8006:123145341091840::Thread-7 2020-08-09 18:59:40.106 - He sets out to climb directly up a small mountain, but his way is blocked by three beasts he cannot evade: a lonza (usually rendered as "leopard" or "leopon"), a leone (lion), and a lupa (she-wolf).
8004:123145341091840::Thread-7 2020-08-09 18:59:40.431 - The states of Maryland and Virginia each donated land to form the federal district, which included the pre-existing settlements of Georgetown and Alexandria.
8002:123145341091840::Thread-7 2020-08-09 18:59:40.799 - While LAX is the busiest airport in the Greater Los Angeles Area, several other airports, including Hollywood Burbank Airport, John Wayne Airport, Long Beach Airport, as well as Ontario International Airport, also serve the area.
8003:123145341091840::Thread-7 2020-08-09 18:59:41.318 - Career

Blanchard began acting in 2010 at the age of five, first being cast as Mona's daughter in The Back-up Plan and was in the main cast of the Disney Junior Original Series Dance-a-Lot Robot as Caitlin.
8003:123145341091840::Thread-7 2020-08-09 18:59:41.354 - In 2011, she was cast as Rebecca Wilson in Spy Kids: All the Time in the World, and as Raquel Pacheco in Little in Common.
8002:123145341091840::Thread-7 2020-08-09 18:59:41.535 - History

In 1928, the Los Angeles City Council selected 640 acres (1.00 sq mi; 260 ha) in the southern part of Westchester for a new airport.
8005:123145341091840::Thread-7 2020-08-09 18:59:41.86 - The band's early releases were with the independent record label Lookout!
8004:123145341091840::Thread-7 2020-08-09 18:59:43.256 - The City of Washington was founded in 1791 to serve as the new national capital.
8003:123145341091840::Thread-7 2020-08-09 18:59:43.362 - **END**
8006:123145341091840::Thread-7 2020-08-09 18:59:44.107 - **END**
8004:123145341091840::Thread-7 2020-08-09 18:59:44.268 - In 1846, Congress returned the land originally ceded by Virginia, including the city of Alexandria; in 1871, it created a single municipal government for the remaining portion of the District.
8005:123145341091840::Thread-7 2020-08-09 18:59:44.309 - Records.
8004:123145341091840::Thread-7 2020-08-09 18:59:44.396 - Washington had an estimated population of 705,749 as of July 2019, making it the 20th most populous city in the United States.
8005:123145341091840::Thread-7 2020-08-09 18:59:44.676 - In 1994, their major-label debut Dookie, released through Reprise Records, became a breakout success and eventually shipped over 10 million copies in the U.S. Green Day is credited alongside fellow California punk bands NOFX, Sublime, Bad Religion, the Offspring, Rancid, and Jawbreaker with popularizing mainstream interest in punk rock in the U.S.
8002:123145341091840::Thread-7 2020-08-09 18:59:45.539 - **END**
8004:123145341091840::Thread-7 2020-08-09 18:59:45.648 - Commuters from the surrounding Maryland and Virginia suburbs raise the city's daytime population to more than one million during the workweek.
8005:123145341091840::Thread-7 2020-08-09 18:59:47.024 - Though the albums Insomniac (1995), Nimrod (1997), and Warning (2000) did not match the success of Dookie, they were still successful with the former two reaching double platinum status while the latter achieved gold.
8005:123145341091840::Thread-7 2020-08-09 18:59:47.651 - Green Day's seventh album, a rock opera called American Idiot (2004), found popularity with a younger generation, selling six million copies in the U.S. Their next album, 21st Century Breakdown, was released in 2009 and achieved the band's best chart performance.
8003:123145341091840::Thread-7 2020-08-09 18:59:48.363 - **START**
8003:123145341091840::Thread-7 2020-08-09 18:59:48.367 - Starting new HTTPS connection (1): en.wikipedia.org
8004:123145341091840::Thread-7 2020-08-09 18:59:49.649 - **END**
8003:123145341091840::Thread-7 2020-08-09 18:59:49.916 - Arsenal Football Club is a professional football club based in Islington, London, England, that plays in the Premier League, the top flight of English football.
8005:123145341091840::Thread-7 2020-08-09 18:59:50.114 - It was followed by a trilogy of albums, ¡Uno!, ¡Dos!, and ¡Tré!, released in September, November, and December 2012, respectively.
8003:123145341091840::Thread-7 2020-08-09 18:59:50.75 - The club has won 13 League titles (including one unbeaten league title), a record 14 FA Cups, two League Cups, 15 FA Community Shields, the League Centenary Trophy, one UEFA Cup Winners' Cup and one Inter-Cities Fairs Cup.
8003:123145341091840::Thread-7 2020-08-09 18:59:51.486 - Arsenal was the first club from the South of England to join The Football League, in 1893, and they reached the First Division in 1904.
8003:123145341091840::Thread-7 2020-08-09 18:59:52.374 - Relegated only once, in 1913, they continue the longest streak in the top division, and have won the second-most top-flight matches in English football history.
8005:123145341091840::Thread-7 2020-08-09 18:59:52.833 - The trilogy did not perform as well as expected commercially in comparison to their previous albums largely due to lack of promotion and Armstrong entering rehab.
8005:123145341091840::Thread-7 2020-08-09 18:59:52.834 - **END**
8003:123145341091840::Thread-7 2020-08-09 18:59:54.072 - In the 1930s, Arsenal won five League Championships and two FA Cups, and another FA Cup and two Championships after the war.
8003:123145341091840::Thread-7 2020-08-09 18:59:54.133 - In 1970–71, they won their first League and FA Cup Double.
8003:123145341091840::Thread-7 2020-08-09 18:59:57.124 - Between 1989 and 2005, they won five League titles and five FA Cups, including two more Doubles.
8003:123145341091840::Thread-7 2020-08-09 18:59:57.5 - They completed the 20th century with the highest average league position.Herbert Chapman, who changed the fortunes of Arsenal forever, won the club its first silverware, and his legacy led the club to dominate the 1930s decade; Chapman, however, died prematurely of pneumonia in 1934.
8006:123145341091840::Thread-7 2020-08-09 18:59:59.114 - **START**
8006:123145341091840::Thread-7 2020-08-09 18:59:59.253 - Starting new HTTPS connection (1): en.wikipedia.org
8003:123145341091840::Thread-7 2020-08-09 18:59:59.534 - He helped introduce the WM formation, floodlights, and shirt numbers; he also added the white sleeves and brighter red to the club's jersey.
8002:123145341091840::Thread-7 2020-08-09 18:59:59.541 - **START**
8002:123145341091840::Thread-7 2020-08-09 18:59:59.615 - Starting new HTTPS connection (1): en.wikipedia.org
8003:123145341091840::Thread-7 2020-08-09 18:59:59.944 - Arsène Wenger was the longest-serving manager and won the most trophies.
8003:123145341091840::Thread-7 2020-08-09 18:59:59.944 - **END**
8006:123145341091840::Thread-7 2020-08-09 19:00:00.758 - Exo (Korean: 엑소; stylized in all caps) is a South Korean–Chinese boy band based in Seoul, with nine members: Xiumin, Suho, Lay, Baekhyun, Chen, Chanyeol, D.O., Kai and Sehun.
8002:123145341091840::Thread-7 2020-08-09 19:00:00.766 - Newcastle United Football Club is an English professional football club based in Newcastle upon Tyne, Tyne and Wear, that plays in the Premier League, the top flight of English football.
8002:123145341091840::Thread-7 2020-08-09 19:00:00.864 - Founded in 1892 by the merger of Newcastle East End and Newcastle West End.
8002:123145341091840::Thread-7 2020-08-09 19:00:01.155 - The team plays its home matches at St. James' Park.
8006:123145341091840::Thread-7 2020-08-09 19:00:01.348 - The band was formed by SM Entertainment in 2011 and debuted in 2012.
8006:123145341091840::Thread-7 2020-08-09 19:00:01.439 - Their music incorporates genres like pop, hip-hop, and R&B, alongside electronic dance music genres like house, trap, and synth-pop.
8002:123145341091840::Thread-7 2020-08-09 19:00:02.037 - Per the  Taylor Report's requirement that all Premier League clubs have an all-seater stadium, the ground was adjusted in the mid-1990s and now has a capacity of 52,305.
8006:123145341091840::Thread-7 2020-08-09 19:00:02.215 - Exo releases and performs music in Korean, Mandarin, and Japanese.
8002:123145341091840::Thread-7 2020-08-09 19:00:02.41 - The club has been a member of the Premier League for all but three years of the competition's history, spending 88 seasons in the top flight as of July 2020, and have never dropped below English football's second tier since joining the Football League in 1893.
8002:123145341091840::Thread-7 2020-08-09 19:00:02.789 - Newcastle have won 4 League titles, 6 FA Cups and a Charity Shield, as well as the 1969 Inter-Cities Fairs Cup and the 2006 UEFA Intertoto Cup, the ninth highest total of trophies won by an English club.
8006:123145341091840::Thread-7 2020-08-09 19:00:02.875 - The band ranked as one of the top five most influential celebrities on the Forbes Korea Power Celebrity list each year from 2014 to 2018, and have been named "the biggest boy band in the world" and the "kings of K-pop" by media outlets.
8006:123145341091840::Thread-7 2020-08-09 19:00:02.902 - Since 2014, Exo has exclusively performed as one group, while continuing to release and perform music in multiple languages.
8006:123145341091840::Thread-7 2020-08-09 19:00:03.021 - Previously, the band debuted with twelve members separated into two sub-groups: Exo-K (Suho, Baekhyun, Chanyeol, D.O., Kai, and Sehun) and Exo-M (Xiumin, Lay, Chen, and former members Kris, Luhan, and Tao).
8002:123145341091840::Thread-7 2020-08-09 19:00:03.369 - The club's most successful period was between 1904 and 1910, when they won an FA Cup and three of their League titles.
8002:123145341091840::Thread-7 2020-08-09 19:00:03.489 - Newcastle were relegated in 2009, and again in 2016.
8002:123145341091840::Thread-7 2020-08-09 19:00:03.576 - The club won promotion at the first time of asking each time, returning to the Premier League, as Championship winners, in 2010 and 2017.
8005:123145341091840::Thread-7 2020-08-09 19:00:03.84 - **START**
8005:123145341091840::Thread-7 2020-08-09 19:00:03.899 - Starting new HTTPS connection (1): en.wikipedia.org
8006:123145341091840::Thread-7 2020-08-09 19:00:03.913 - Exo-K and Exo-M performed music in Korean and Mandarin, respectively, until the release of their third EP Overdose in 2014.
8006:123145341091840::Thread-7 2020-08-09 19:00:04.388 - After the departures of Kris, Luhan, and Tao amid legal battles in 2014 and 2015, the band continued with the remaining nine members.
8006:123145341091840::Thread-7 2020-08-09 19:00:05.081 - Since 2016, Chen, Baekhyun, and Xiumin have also released music and performed as a sub-unit named Exo-CBX, and members Sehun and Chanyeol have promoted as a sub-unit named Exo-SC since 2019.
8004:123145341091840::Thread-7 2020-08-09 19:00:06.651 - **START**
8004:123145341091840::Thread-7 2020-08-09 19:00:06.668 - Starting new HTTPS connection (1): en.wikipedia.org
8005:123145341091840::Thread-7 2020-08-09 19:00:06.72 - The Colosseum or Coliseum ( KOL-ə-SEE-əm), also known as the Flavian Amphitheatre (Latin: Amphitheatrum Flavium; Italian: Anfiteatro Flavio [aɱfiteˈaːtro ˈflaːvjo] or Colosseo [kolosˈsɛːo]), is an oval amphitheatre in the centre of the city of Rome, Italy.
8004:123145341091840::Thread-7 2020-08-09 19:00:07.665 - The Colossus of Rhodes (Ancient Greek: ὁ Κολοσσὸς Ῥόδιος, romanized: ho Kolossòs Rhódios Greek: Κολοσσός της Ρόδου, romanized: Kolossós tes Rhódou) was a statue of the Greek sun-god Helios, erected in the city of Rhodes, on the Greek island of the same name, by Chares of Lindos in 280 BC.
8004:123145341091840::Thread-7 2020-08-09 19:00:08.358 - One of the Seven Wonders of the Ancient World, it was constructed to celebrate its successful defense against Demetrius Poliorcetes, who had besieged it for a year with a large army and navy.
8004:123145341091840::Thread-7 2020-08-09 19:00:08.8 - According to most contemporary descriptions, the Colossus stood approximately 70 cubits, or 33 metres (108 feet) high—the approximate height of the modern Statue of Liberty from feet to crown—making it the tallest statue in the ancient world.
8004:123145341091840::Thread-7 2020-08-09 19:00:08.889 - It collapsed during the earthquake of 226 BC, although parts of it were preserved.
8006:123145341091840::Thread-7 2020-08-09 19:00:09.086 - **END**
8005:123145341091840::Thread-7 2020-08-09 19:00:09.471 - Built of travertine limestone, tuff (volcanic rock), and brick-faced concrete, it was the largest amphitheatre ever built at the time and held 50,000 to 80,000 spectators.
8004:123145341091840::Thread-7 2020-08-09 19:00:09.849 - In accordance with a certain oracle, the Rhodians did not build it again.
8004:123145341091840::Thread-7 2020-08-09 19:00:09.976 - John Malalas wrote that Hadrian in his reign reerected the Colossus, but he was wrong.
8004:123145341091840::Thread-7 2020-08-09 19:00:10.956 - According to Suda, the Rhodians were called Colossaeans (Κολοσσαεῖς), because they erected the statue on the island.Since 2008, a series of as-yet-unrealized proposals to build a new Colossus at Rhodes Harbour have been announced, although the actual location of the original monument remains in dispute.
8005:123145341091840::Thread-7 2020-08-09 19:00:11.059 - The Colosseum is situated just east of the Roman Forum.
8005:123145341091840::Thread-7 2020-08-09 19:00:11.38 - Construction began under the emperor Vespasian in AD 72 and was completed in AD 80 under his successor and heir, Titus.
8005:123145341091840::Thread-7 2020-08-09 19:00:11.459 - Further modifications were made during the reign of Domitian (81–96).
8004:123145341091840::Thread-7 2020-08-09 19:00:11.521 - Siege of Rhodes

In the late 4th century BC, Rhodes, allied with Ptolemy I of Egypt, prevented a mass invasion staged by their common enemy, Antigonus I Monophthalmus.
8004:123145341091840::Thread-7 2020-08-09 19:00:12.465 - In 304 BC a relief force of ships sent by Ptolemy arrived, and Demetrius (son of Antigonus) and his army abandoned the siege, leaving behind most of their siege equipment.
8002:123145341091840::Thread-7 2020-08-09 19:00:12.58 - **END**
8005:123145341091840::Thread-7 2020-08-09 19:00:12.849 - These three emperors are known as the Flavian dynasty, and the amphitheatre was named in Latin for its association with their family name (Flavius).
8004:123145341091840::Thread-7 2020-08-09 19:00:13.25 - To celebrate their victory, the Rhodians sold the equipment left behind for 300 talents and decided to use the money to build a colossal statue of their patron god, Helios.
8004:123145341091840::Thread-7 2020-08-09 19:00:13.255 - Construction was left to the direction of Chares, a native of Lindos in Rhodes, who had been involved with large-scale statues before.
8005:123145341091840::Thread-7 2020-08-09 19:00:14.715 - The Colosseum could hold an estimated 50,000 to 80,000 spectators at various points of its history over the centuries, having an average audience of some 65,000; it was used for gladiatorial contests and public spectacles such as mock sea battles (for only a short time as the hypogeum was soon filled in with mechanisms to support the other activities), animal hunts, executions, re-enactments of famous battles, and dramas based on Roman mythology.
8005:123145341091840::Thread-7 2020-08-09 19:00:15.8 - The building ceased to be used for entertainment in the early medieval era.
8004:123145341091840::Thread-7 2020-08-09 19:00:17.261 - **END**
8005:123145341091840::Thread-7 2020-08-09 19:00:18.224 - It was later reused for such purposes as housing, workshops, quarters for a religious order, a fortress, a quarry, and a Christian shrine.Although substantially ruined because of earthquakes and stone-robbers, the Colosseum is still an iconic symbol of Imperial Rome and is listed as one of the New7Wonders of the World.
8005:123145341091840::Thread-7 2020-08-09 19:00:19.451 - It is one of Rome's most popular tourist attractions and also has links to the Roman Catholic Church, as each Good Friday the Pope leads a torchlit "Way of the Cross" procession that starts in the area around the Colosseum.The Colosseum is also depicted on the Italian version of the five-cent euro coin.
8005:123145341091840::Thread-7 2020-08-09 19:00:23.457 - **END**