8006:123145774370816::Thread-110 2020-08-09 18:59:29.261 - **START**
8006:123145774370816::Thread-110 2020-08-09 18:59:29.54 - Starting new HTTPS connection (1): en.wikipedia.org
8006:123145774370816::Thread-110 2020-08-09 18:59:31.117 - Muhammad Ali (; born Cassius Marcellus Clay Jr.; January 17, 1942 – June 3, 2016) was an American professional boxer, activist, and philanthropist.
8006:123145774370816::Thread-110 2020-08-09 18:59:31.14 - Nicknamed "The Greatest", he is widely regarded as one of the most significant and celebrated sports figures of the 20th century and as one of the greatest boxers of all time.
8006:123145774370816::Thread-110 2020-08-09 18:59:31.893 - Ali was born and raised in Louisville, Kentucky, and began training as an amateur boxer at age 12.
8006:123145774370816::Thread-110 2020-08-09 18:59:32.427 - At 18, he won a gold medal in the light heavyweight division at the 1960 Summer Olympics, and turned professional later that year.
8006:123145774370816::Thread-110 2020-08-09 18:59:32.927 - He converted to Islam and became a Muslim after 1961, and eventually took the name Muhammad Ali.
8006:123145774370816::Thread-110 2020-08-09 18:59:33.563 - He won the world heavyweight championship from Sonny Liston in a major upset at age 22 in 1964.
8006:123145774370816::Thread-110 2020-08-09 18:59:33.646 - In 1966, Ali refused to be drafted into the military, citing his religious beliefs and opposition to the Vietnam War.
8006:123145774370816::Thread-110 2020-08-09 18:59:33.817 - He was arrested, found guilty of draft evasion, and stripped of his boxing titles.
8006:123145774370816::Thread-110 2020-08-09 18:59:34.229 - He appealed the decision to the Supreme Court, which overturned his conviction in 1971, but he had not fought for nearly four years and lost a period of peak performance as an athlete.
8005:123145774370816::Thread-110 2020-08-09 18:59:34.285 - **START**
8002:123145774370816::Thread-110 2020-08-09 18:59:34.35 - **START**
8006:123145774370816::Thread-110 2020-08-09 18:59:35.043 - His actions as a conscientious objector to the war made him an icon for the larger counterculture generation, and he was a high-profile figure of racial pride for African Americans during the civil rights movement.
8004:123145774370816::Thread-110 2020-08-09 18:59:35.219 - **START**
8003:123145774370816::Thread-110 2020-08-09 18:59:35.264 - **START**
8002:123145774370816::Thread-110 2020-08-09 18:59:35.642 - Starting new HTTPS connection (1): en.wikipedia.org
8005:123145774370816::Thread-110 2020-08-09 18:59:36.077 - Starting new HTTPS connection (1): en.wikipedia.org
8003:123145774370816::Thread-110 2020-08-09 18:59:36.583 - Starting new HTTPS connection (1): en.wikipedia.org
8006:123145774370816::Thread-110 2020-08-09 18:59:38.291 - **END**
8004:123145774370816::Thread-110 2020-08-09 18:59:39.398 - Starting new HTTPS connection (1): en.wikipedia.org
8003:123145774370816::Thread-110 2020-08-09 18:59:40.218 - Karenjit Kaur Vohra (born May 13, 1981), known by her stage name Sunny Leone (), is a model and an actress in the Indian film industry and a former pornographic actress.
8003:123145774370816::Thread-110 2020-08-09 18:59:40.9 - She has Canadian and American citizenship.
8002:123145774370816::Thread-110 2020-08-09 18:59:40.918 - Green Day is an American rock band formed in the East Bay of California in 1987 by lead vocalist and guitarist Billie Joe Armstrong and bassist and backing vocalist Mike Dirnt.
8005:123145774370816::Thread-110 2020-08-09 18:59:40.922 - Scarlett Ingrid Johansson (; born November 22, 1984) is an American actress and singer.
8005:123145774370816::Thread-110 2020-08-09 18:59:41.269 - The world's highest-paid actress since 2018, she has made multiple appearances in the Forbes Celebrity 100.
8003:123145774370816::Thread-110 2020-08-09 18:59:41.301 - She has also used the stage name Karen Malhotra.
8005:123145774370816::Thread-110 2020-08-09 18:59:41.827 - Her films have grossed over $14.3 billion worldwide, making Johansson the ninth-highest-grossing box office star of all time.
8003:123145774370816::Thread-110 2020-08-09 18:59:41.915 - She was named Penthouse Pet of the Year in 2003, was a contract performer for Vivid Entertainment, and was named by Maxim as one of the 12 top porn stars in 2010.
8003:123145774370816::Thread-110 2020-08-09 18:59:41.994 - She has played roles in independent mainstream events, films, and television series.
8005:123145774370816::Thread-110 2020-08-09 18:59:42.423 - She is the recipient of numerous accolades, including a Tony Award and a BAFTA Award, as well as nominations for two Academy Awards and five Golden Globe Awards.
8003:123145774370816::Thread-110 2020-08-09 18:59:42.513 - Her first mainstream appearance was in 2005, when she worked as a red carpet reporter for the MTV Video Music Awards on MTV India.
8002:123145774370816::Thread-110 2020-08-09 18:59:42.739 - For much of the band's career, they have been a trio with a drummer Tré Cool, who replaced John Kiffmeyer in 1990 before the recording of the band's second studio album, Kerplunk (1991).
8003:123145774370816::Thread-110 2020-08-09 18:59:43.009 - In 2011, she participated in the Indian reality television series Bigg Boss.
8003:123145774370816::Thread-110 2020-08-09 18:59:43.205 - She also has hosted the Indian reality show Splitsvilla.
8002:123145774370816::Thread-110 2020-08-09 18:59:43.231 - Touring guitarist Jason White became a full-time member in 2012, but returned to his role as a touring member in 2016.
8002:123145774370816::Thread-110 2020-08-09 18:59:43.277 - Green Day was originally part of the late-'80s/early-'90s punk scene at the DIY 924 Gilman Street club in Berkeley, California.
8004:123145774370816::Thread-110 2020-08-09 18:59:43.782 - Stephen William Hawking  (8 January 1942 – 14 March 2018) was an English theoretical physicist, cosmologist, and author who was director of research at the Centre for Theoretical Cosmology at the University of Cambridge at the time of his death.
8002:123145774370816::Thread-110 2020-08-09 18:59:43.97 - The band's early releases were with the independent record label Lookout!
8003:123145774370816::Thread-110 2020-08-09 18:59:44.031 - In 2012, she made her Bollywood debut in Pooja Bhatt's erotic thriller Jism 2 (2012) and shifted her focus to mainstream acting which was followed up with Jackpot (2013), Ragini MMS 2 (2014), Ek Paheli Leela (2015), Tera Intezaar (2017), and the Malayalam film Madhura Raja in 2019.
8002:123145774370816::Thread-110 2020-08-09 18:59:44.224 - Records.
8005:123145774370816::Thread-110 2020-08-09 18:59:44.225 - Born and raised in Manhattan, New York City, Johansson aspired to be an actress from a young age and first appeared on stage in an Off-Broadway play as a child.
8004:123145774370816::Thread-110 2020-08-09 18:59:44.295 - He was the Lucasian Professor of Mathematics at the University of Cambridge between 1979 and 2009.
8003:123145774370816::Thread-110 2020-08-09 18:59:44.371 - Apart from her acting career she has been part of activism campaigns including the Rock 'n' Roll Los Angeles Half-Marathon to raise money for the American Cancer Society and has also posed for a People for the Ethical Treatment of Animals (PETA) ad campaign with a rescued dog, encouraging pet owners to have their cats and dogs spayed and neutered.
8004:123145774370816::Thread-110 2020-08-09 18:59:44.485 - Hawking was born in Oxford into a family of doctors.
8004:123145774370816::Thread-110 2020-08-09 18:59:45.307 - Hawking began his university education at University College, Oxford in October 1959 at the age of 17, where he received a first-class BA (Hons.)
8002:123145774370816::Thread-110 2020-08-09 18:59:45.85 - In 1994, their major-label debut Dookie, released through Reprise Records, became a breakout success and eventually shipped over 10 million copies in the U.S. Green Day is credited alongside fellow California punk bands NOFX, Sublime, Bad Religion, the Offspring, Rancid, and Jawbreaker with popularizing mainstream interest in punk rock in the U.S.
8004:123145774370816::Thread-110 2020-08-09 18:59:46.134 - degree in physics.
8005:123145774370816::Thread-110 2020-08-09 18:59:46.166 - She made her film debut in the fantasy comedy North (1994), and gained early recognition for her roles in Manny & Lo (1996), The Horse Whisperer (1998), and Ghost World (2001).
8002:123145774370816::Thread-110 2020-08-09 18:59:46.601 - Though the albums Insomniac (1995), Nimrod (1997), and Warning (2000) did not match the success of Dookie, they were still successful with the former two reaching double platinum status while the latter achieved gold.
8004:123145774370816::Thread-110 2020-08-09 18:59:46.609 - He began his graduate work at Trinity Hall, Cambridge in October 1962, where he obtained his PhD degree in applied mathematics and theoretical physics, specialising in general relativity and cosmology in March 1966.
8005:123145774370816::Thread-110 2020-08-09 18:59:47.333 - Johansson shifted to adult roles in 2003 with her performances in Lost in Translation, which won her a BAFTA Award for Best Actress, and Girl with a Pearl Earring.
8004:123145774370816::Thread-110 2020-08-09 18:59:47.611 - In 1963, Hawking was diagnosed with an early-onset slow-progressing form of motor neurone disease (also known as amyotrophic lateral sclerosis (ALS) or Lou Gehrig's disease) that gradually paralysed him over the decades.
8004:123145774370816::Thread-110 2020-08-09 18:59:47.991 - After the loss of his speech, he was able to communicate through a speech-generating device—initially through use of a handheld switch, and eventually by using a single cheek muscle.
8004:123145774370816::Thread-110 2020-08-09 18:59:48.037 - Hawking's scientific works included a collaboration with Roger Penrose on gravitational singularity theorems in the framework of general relativity and the theoretical prediction that black holes emit radiation, often called Hawking radiation.
8004:123145774370816::Thread-110 2020-08-09 18:59:48.39 - Hawking was the first to set out a theory of cosmology explained by a union of the general theory of relativity and quantum mechanics.
8002:123145774370816::Thread-110 2020-08-09 18:59:48.626 - Green Day's seventh album, a rock opera called American Idiot (2004), found popularity with a younger generation, selling six million copies in the U.S. Their next album, 21st Century Breakdown, was released in 2009 and achieved the band's best chart performance.
8005:123145774370816::Thread-110 2020-08-09 18:59:49.248 - She was nominated for Golden Globe Awards for these films, and for playing an estranged teenager in the drama A Love Song for Bobby Long (2004), and a seductress in the psychological thriller Match Point (2005).
8004:123145774370816::Thread-110 2020-08-09 18:59:49.307 - He was a vigorous supporter of the many-worlds interpretation of quantum mechanics.Hawking achieved commercial success with several works of popular science in which he discussed his theories and cosmology in general.
8005:123145774370816::Thread-110 2020-08-09 18:59:50.238 - Other works during this period include The Prestige (2006) and Vicky Cristina Barcelona (2008); and the albums Anywhere I Lay My Head (2008) and Break Up (2009), which both charted on the Billboard 200.
8002:123145774370816::Thread-110 2020-08-09 18:59:50.872 - It was followed by a trilogy of albums, ¡Uno!, ¡Dos!, and ¡Tré!, released in September, November, and December 2012, respectively.
8005:123145774370816::Thread-110 2020-08-09 18:59:51.518 - In 2010, Johansson debuted on Broadway in a revival of A View from the Bridge, which won her a Tony Award for Best Featured Actress, and began playing the role of Black Widow in the Marvel Cinematic Universe with Iron Man 2.
8002:123145774370816::Thread-110 2020-08-09 18:59:51.941 - The trilogy did not perform as well as expected commercially in comparison to their previous albums largely due to lack of promotion and Armstrong entering rehab.
8006:123145774370816::Thread-110 2020-08-09 18:59:52.318 - **START**
8006:123145774370816::Thread-110 2020-08-09 18:59:52.323 - Starting new HTTPS connection (1): en.wikipedia.org
8003:123145774370816::Thread-110 2020-08-09 18:59:52.377 - **END**
8005:123145774370816::Thread-110 2020-08-09 18:59:53.524 - **END**
8006:123145774370816::Thread-110 2020-08-09 18:59:53.81 - Stonehenge is a prehistoric monument in Wiltshire, England, two miles (3 km) west of Amesbury.
8002:123145774370816::Thread-110 2020-08-09 18:59:53.943 - **END**
8004:123145774370816::Thread-110 2020-08-09 18:59:54.308 - **END**
8006:123145774370816::Thread-110 2020-08-09 18:59:54.36 - It consists of a ring of standing stones, each around 13 feet (4.0 m) high, seven feet (2.1 m) wide, and weighing around 25 tons.
8006:123145774370816::Thread-110 2020-08-09 18:59:55.297 - The stones are set within earthworks in the middle of the most dense complex of Neolithic and Bronze Age monuments in England, including several hundred tumuli (burial mounds).Archaeologists believe it was constructed from 3000 BC to 2000 BC.
8006:123145774370816::Thread-110 2020-08-09 18:59:55.65 - The surrounding circular earth bank and ditch, which constitute the earliest phase of the monument, have been dated to about 3100 BC.
8006:123145774370816::Thread-110 2020-08-09 18:59:56.317 - Radiocarbon dating suggests that the first bluestones were raised between 2400 and 2200 BC, although they may have been at the site as early as 3000 BC.One of the most famous landmarks in the United Kingdom, Stonehenge is regarded as a British cultural icon.
8006:123145774370816::Thread-110 2020-08-09 18:59:57.015 - It has been a legally protected Scheduled Ancient Monument since 1882, when legislation to protect historic monuments was first successfully introduced in Britain.
8005:123145774370816::Thread-110 2020-08-09 18:59:57.525 - **START**
8005:123145774370816::Thread-110 2020-08-09 18:59:57.535 - Starting new HTTPS connection (1): en.wikipedia.org
8006:123145774370816::Thread-110 2020-08-09 18:59:57.624 - The site and its surroundings were added to UNESCO's list of World Heritage Sites in 1986.
8004:123145774370816::Thread-110 2020-08-09 18:59:58.31 - **START**
8004:123145774370816::Thread-110 2020-08-09 18:59:58.324 - Starting new HTTPS connection (1): en.wikipedia.org
8006:123145774370816::Thread-110 2020-08-09 18:59:58.382 - Stonehenge is owned by the Crown and managed by English Heritage; the surrounding land is owned by the National Trust.Stonehenge could have been a burial ground from its earliest beginnings.
8006:123145774370816::Thread-110 2020-08-09 18:59:59.056 - Deposits containing human bone date from as early as 3000 BC, when the ditch and bank were first dug, and continued for at least another 500 years.
8005:123145774370816::Thread-110 2020-08-09 18:59:59.193 - Angelina Jolie (; née Voight, formerly Jolie Pitt, born June 4, 1975) is an American actress, filmmaker, and humanitarian.
8004:123145774370816::Thread-110 2020-08-09 18:59:59.305 - Chyna (born Joan Marie Laurer; December 27, 1969 – April 17, 2016) was an American professional wrestler, glamour model, actress, author, bodybuilder and adult film actress.
8005:123145774370816::Thread-110 2020-08-09 19:00:00.011 - The recipient of numerous accolades, including an Academy Award and three Golden Globe Awards, she has been named Hollywood's highest-paid actress multiple times.
8006:123145774370816::Thread-110 2020-08-09 19:00:00.055 - Etymology
The Oxford English Dictionary cites Ælfric's tenth-century glossary, in which henge-cliff is given the meaning "precipice", or stone; thus, the stanenges or Stanheng "not far from Salisbury" recorded by eleventh-century writers are "stones supported in the air".
8004:123145774370816::Thread-110 2020-08-09 19:00:00.244 - She first rose to prominence in the World Wrestling Federation (WWF, now WWE) in 1997, where she was billed as the "Ninth Wonder of the World" (André the Giant was already billed as the eighth).
8006:123145774370816::Thread-110 2020-08-09 19:00:00.361 - In 1740 William Stukeley notes, "Pendulous rocks are now called henges in Yorkshire...I doubt not, Stonehenge in Saxon signifies the hanging stones."
8006:123145774370816::Thread-110 2020-08-09 19:00:00.851 - Christopher Chippindale's Stonehenge Complete gives the derivation of the name Stonehenge as coming from the Old English words stān meaning "stone", and either hencg meaning "hinge" (because the stone lintels hinge on the upright stones) or hen(c)en meaning "to hang" or "gallows" or "instrument of torture" (though elsewhere in his book, Chippindale cites the "suspended stones" etymology).The "henge" portion has given its name to a class of monuments known as henges.
8005:123145774370816::Thread-110 2020-08-09 19:00:00.898 - Jolie made her screen debut as a child alongside her father, Jon Voight, in Lookin' to Get Out (1982), and her film career began in earnest a decade later with the low-budget production Cyborg 2 (1993), followed by her first leading role in a major film, Hackers (1995).
8004:123145774370816::Thread-110 2020-08-09 19:00:01.008 - A founding member of the stable D-Generation X as the promotion's first female enforcer, she held the WWF Intercontinental Championship (the only female performer to do so) twice and the WWF Women's Championship once.
8004:123145774370816::Thread-110 2020-08-09 19:00:01.254 - She was also the first woman to participate in the Royal Rumble match and King of the Ring tournament, as well as to become number one contender to the WWF Championship.
8006:123145774370816::Thread-110 2020-08-09 19:00:01.509 - Archaeologists define henges as earthworks consisting of a circular banked enclosure with an internal ditch.
8005:123145774370816::Thread-110 2020-08-09 19:00:01.761 - She starred in the critically acclaimed biographical cable films George Wallace (1997) and Gia (1998), and won an Academy Award for Best Supporting Actress for her performance in the drama Girl, Interrupted (1999).
8004:123145774370816::Thread-110 2020-08-09 19:00:01.839 - With singles victories over several prominent male wrestlers – including multiple-time world champions Triple H, Kurt Angle, Chris Jericho, and Jeff Jarrett – Chyna left what WWE called "a lasting legacy as the most dominant female competitor of all time".
8005:123145774370816::Thread-110 2020-08-09 19:00:01.902 - Her starring role as the video game heroine Lara Croft in Lara Croft: Tomb Raider (2001) established her as a leading Hollywood actress.
8004:123145774370816::Thread-110 2020-08-09 19:00:01.969 - After leaving the WWF in 2001, Chyna wrestled sporadically, with New Japan Pro Wrestling (NJPW) in 2002 and Total Nonstop Action Wrestling (TNA) in 2011.
8003:123145774370816::Thread-110 2020-08-09 19:00:02.383 - **START**
8003:123145774370816::Thread-110 2020-08-09 19:00:02.643 - Starting new HTTPS connection (1): en.wikipedia.org
8005:123145774370816::Thread-110 2020-08-09 19:00:02.714 - She continued her action-star career with Mr. & Mrs. Smith (2005), Wanted (2008), and Salt (2010), and received critical acclaim for her performances in the dramas A Mighty Heart (2007) and Changeling (2008), which earned her a nomination for an Academy Award for Best Actress.
8004:123145774370816::Thread-110 2020-08-09 19:00:02.78 - The latter was her final appearance in a wrestling ring.
8004:123145774370816::Thread-110 2020-08-09 19:00:03.585 - Outside of wrestling, Chyna appeared in Playboy magazine twice, as well as numerous television shows and films.
8004:123145774370816::Thread-110 2020-08-09 19:00:04.114 - She was considered to be a sex symbol.
8005:123145774370816::Thread-110 2020-08-09 19:00:04.314 - Her biggest commercial success came with the fantasy picture Maleficent (2014).
8004:123145774370816::Thread-110 2020-08-09 19:00:04.644 - In 2005, she was a cast member on VH1's The Surreal Life, which led to several other celebrity reality appearances on the network, including The Surreal Life: Fame Games in 2007 and Celebrity Rehab with Dr.
8005:123145774370816::Thread-110 2020-08-09 19:00:04.782 - In the 2010s, Jolie expanded her career into directing, screenwriting, and producing, with the war dramas In the Land of Blood and Honey (2011), Unbroken (2014), and First They Killed My Father (2017).
8005:123145774370816::Thread-110 2020-08-09 19:00:05.783 - **END**
8004:123145774370816::Thread-110 2020-08-09 19:00:07.648 - **END**
8006:123145774370816::Thread-110 2020-08-09 19:00:09.512 - **END**
8002:123145774370816::Thread-110 2020-08-09 19:00:09.949 - **START**
8002:123145774370816::Thread-110 2020-08-09 19:00:09.958 - Starting new HTTPS connection (1): en.wikipedia.org
8002:123145774370816::Thread-110 2020-08-09 19:00:13.368 - The Mausoleum at Halicarnassus or Tomb of Mausolus (Ancient Greek: Μαυσωλεῖον τῆς Ἁλικαρνασσοῦ; Turkish: Halikarnas Mozolesi) was a tomb built between 353 and 350 BC in Halicarnassus (present Bodrum, Turkey) for Mausolus, a native Anatolian from Caria and a satrap in the Achaemenid Empire, and his sister-wife Artemisia II of Caria.
8002:123145774370816::Thread-110 2020-08-09 19:00:14.111 - The structure was designed by the Greek architects Satyros and Pythius of Priene.
8002:123145774370816::Thread-110 2020-08-09 19:00:14.903 - Its elevated tomb structure is derived from the tombs of neighbouring Lycia, a territory Mausolus had invaded and annexed circa 360 BC, such as the Nereid Monument.The Mausoleum was approximately 45 m (148 ft) in height, and the four sides were adorned with sculptural reliefs, each created by one of four Greek sculptors: Leochares, Bryaxis, Scopas of Paros, and Timotheus.
8002:123145774370816::Thread-110 2020-08-09 19:00:15.326 - The finished structure of the mausoleum was considered to be such an aesthetic triumph that Antipater of Sidon identified it as one of his Seven Wonders of the Ancient World.
8002:123145774370816::Thread-110 2020-08-09 19:00:16.662 - It was destroyed by successive earthquakes from the 12th to the 15th century, the last surviving of the six destroyed wonders.
8002:123145774370816::Thread-110 2020-08-09 19:00:16.997 - The word mausoleum has now come to be used generically for an above-ground tomb.
8002:123145774370816::Thread-110 2020-08-09 19:00:18.043 - Conquest

In the 4th century BC, Halicarnassus was the capital of a small regional kingdom of Caria within the Achaemenid Empire on the western coast of Asia Minor.
8002:123145774370816::Thread-110 2020-08-09 19:00:19.569 - In 377 BC, the nominal ruler of the region, Hecatomnus of Milas, died and left the control of the kingdom to his son, Mausolus.
8002:123145774370816::Thread-110 2020-08-09 19:00:20.434 - Hecatomnus, a local dynast under the Persians, took control of several of the neighboring cities and districts.
8002:123145774370816::Thread-110 2020-08-09 19:00:20.614 - After Artemisia and Mausolus, he had several other daughters and sons: Ada (adoptive mother of Alexander the Great), Idrieus and Pixodarus.
8002:123145774370816::Thread-110 2020-08-09 19:00:28.619 - **END**