8004:123146115104768::Thread-191 2020-08-09 18:59:31.27 - **START**
8004:123146115104768::Thread-191 2020-08-09 18:59:31.496 - Starting new HTTPS connection (1): en.wikipedia.org
8005:123146115104768::Thread-191 2020-08-09 18:59:32.233 - **START**
8005:123146115104768::Thread-191 2020-08-09 18:59:33.547 - Starting new HTTPS connection (1): en.wikipedia.org
8006:123146115104768::Thread-191 2020-08-09 18:59:34.311 - **START**
8004:123146115104768::Thread-191 2020-08-09 18:59:34.78 - Rachel Mari Oberlin (born October 7, 1986), also known by her stage name Bree Olson, is an American actress, model, and former pornographic actress.
8006:123146115104768::Thread-191 2020-08-09 18:59:34.984 - Starting new HTTPS connection (1): en.wikipedia.org
8004:123146115104768::Thread-191 2020-08-09 18:59:35.308 - She performed in over 281 pornographic films from 2006 to 2011 before changing to mainstream acting.
8002:123146115104768::Thread-191 2020-08-09 18:59:35.382 - **START**
8004:123146115104768::Thread-191 2020-08-09 18:59:35.633 - Since leaving the adult film industry, she has become critical of the industry and the stigma attached to being a former porn actress.
8004:123146115104768::Thread-191 2020-08-09 18:59:35.829 - Personal life
Olson was born in Houston, Texas.
8004:123146115104768::Thread-191 2020-08-09 18:59:36.473 - Olson's maternal grandparents were Ukrainians who immigrated to Texas, then Fort Wayne, Indiana, when she was two years old.
8002:123146115104768::Thread-191 2020-08-09 18:59:36.995 - Starting new HTTPS connection (1): en.wikipedia.org
8004:123146115104768::Thread-191 2020-08-09 18:59:37.208 - On March 1, 2011, Olson was reported to be living with actor Charlie Sheen.
8004:123146115104768::Thread-191 2020-08-09 18:59:38.03 - The relationship ended in April 2011.
8003:123146115104768::Thread-191 2020-08-09 18:59:38.283 - **START**
8005:123146115104768::Thread-191 2020-08-09 18:59:38.298 - Jennifer Lynn Lopez (born July 24, 1969), also known by her nickname J.Lo, is an American actress, singer, dancer, fashion designer, producer, and businesswoman.
8004:123146115104768::Thread-191 2020-08-09 18:59:38.728 - On March 24, 2016, writing as a guest columnist in Daily Dot, she related her post-porn social life, stating, "porn didn't hurt me.
8004:123146115104768::Thread-191 2020-08-09 18:59:39.433 - The way society treats me for having done it does".
8005:123146115104768::Thread-191 2020-08-09 18:59:39.765 - In 1991, Lopez began appearing as a Fly Girl dancer on In Living Color, where she remained a regular until she decided to pursue an acting career in 1993.
8006:123146115104768::Thread-191 2020-08-09 18:59:39.687 - Tutankhamun (, Ancient Egyptian: twt-ꜥnḫ-jmn), Egyptological pronunciation Tutankhamen (British ) (c. 1342 – c. 1325 BC), was an ancient Egyptian pharaoh who was the last of his royal family to rule during the end of the 18th dynasty (ruled c. 1334 – 1325 BC in the conventional chronology) during the New Kingdom of Egyptian history.
8004:123146115104768::Thread-191 2020-08-09 18:59:40.133 - In the same article, she said she was "broke".
8003:123146115104768::Thread-191 2020-08-09 18:59:40.9 - Starting new HTTPS connection (1): en.wikipedia.org
8005:123146115104768::Thread-191 2020-08-09 18:59:40.986 - For her first leading role in the 1997 Selena biopic of the same name, Lopez became the first Latin actress to earn over US$1 million for a film.
8006:123146115104768::Thread-191 2020-08-09 18:59:41.048 - His father was the pharaoh Akhenaten, believed to be the mummy found in the tomb KV55.
8002:123146115104768::Thread-191 2020-08-09 18:59:42.539 - N.W.A (an abbreviation for Niggaz Wit Attitudes) was an American hip hop group from Compton, California.
8002:123146115104768::Thread-191 2020-08-09 18:59:43.498 - They were among the earliest and most significant popularizers and controversial figures of the gangsta rap subgenre, and are widely considered one of the greatest and most influential groups in the history of hip hop music.Active from 1987 to 1991, the rap group endured controversy owing to their music's explicit lyrics which many viewed as being misogynist, as well as to its glorification of drugs and crime.
8005:123146115104768::Thread-191 2020-08-09 18:59:43.912 - She went on to star in Anaconda (1997) and Out of Sight (1998), later establishing herself as the highest-paid Latin actress in Hollywood.Lopez ventured into the music industry with her debut studio album On the 6 (1999), which helped propel the Latin pop movement in American music.
8006:123146115104768::Thread-191 2020-08-09 18:59:43.989 - His mother is his father's sister, identified through DNA testing as an unknown mummy referred to as "The Younger Lady" who was found in KV35.Tutankhamun took the throne at eight or nine years of age under the unprecedented viziership of his eventual successor, Ay, to whom he may have been related.
8003:123146115104768::Thread-191 2020-08-09 18:59:44.175 - The Rigveda (Sanskrit: ऋग्वेदः ṛgvedaḥ, from ṛc "praise" and veda "knowledge") is an ancient Indian collection of Vedic Sanskrit hymns.
8003:123146115104768::Thread-191 2020-08-09 18:59:44.571 - It is one of the four sacred canonical texts (śruti) of Hinduism known as the Vedas.The Rigveda is the oldest known Vedic Sanskrit text.
8003:123146115104768::Thread-191 2020-08-09 18:59:44.726 - Its early layers are one of the oldest extant texts in any Indo-European language.
8003:123146115104768::Thread-191 2020-08-09 18:59:44.757 - The sounds and texts of Rigveda have been orally transmitted since the 2nd millennium BCE.
8002:123146115104768::Thread-191 2020-08-09 18:59:44.905 - The group was subsequently banned from many mainstream American radio stations.
8006:123146115104768::Thread-191 2020-08-09 18:59:44.923 - He married his half sister Ankhesenamun.
8003:123146115104768::Thread-191 2020-08-09 18:59:44.925 - The Philological and linguistic evidence indicates that the bulk of the Rigveda Samhita was composed in the northwestern region (Punjab) of the Indian subcontinent, most likely between c. 1500 and 1200 BC, although a wider approximation of c. 1700–1100 BC has also been given.The text is layered consisting of the Samhita, Brahmanas, Aranyakas and Upanishads.
8004:123146115104768::Thread-191 2020-08-09 18:59:45.136 - **END**
8003:123146115104768::Thread-191 2020-08-09 18:59:45.914 - The Rigveda Samhita is the core text, and is a collection of 10 books (maṇḍalas) with 1,028 hymns (sūktas) in about 10,600 verses (called ṛc, eponymous of the name Rigveda).
8006:123146115104768::Thread-191 2020-08-09 18:59:45.992 - During their marriage they lost two daughters, one at 5–6 months of pregnancy and the other shortly after birth at full-term.
8002:123146115104768::Thread-191 2020-08-09 18:59:46.512 - In spite of this, the group has sold over 10 million units in the United States alone.
8003:123146115104768::Thread-191 2020-08-09 18:59:46.552 - In the eight books – Books 2 through 9 – that were composed the earliest, the hymns predominantly discuss cosmology and praise deities.
8005:123146115104768::Thread-191 2020-08-09 18:59:46.661 - With the simultaneous release of her second studio album J.Lo and her romantic comedy The Wedding Planner in 2001, Lopez became the first woman to have a number-one album and film in the same week.
8003:123146115104768::Thread-191 2020-08-09 18:59:47.031 - The younger books (Books 1 and 10) in part also deal with philosophical or speculative questions, virtues such as dāna (charity) in society, questions about the origin of the universe and the nature of god, and other metaphysical issues in their hymns.Some of its verses continue to be recited during Hindu rites of passage celebrations (such as weddings) and prayers, making it probably the world's oldest religious text in continued use.
8003:123146115104768::Thread-191 2020-08-09 18:59:47.046 - Dating & Timeline

According to Jamison and Brereton, in their 2014 translation of the Rigveda, the dating of this text "has been and is likely to remain a matter of contention and reconsideration".
8006:123146115104768::Thread-191 2020-08-09 18:59:47.406 - His names—Tutankhaten and Tutankhamun—are thought to mean "Living image of Aten" and "Living image of Amun", with Aten replaced by Amun after Akhenaten's death.
8002:123146115104768::Thread-191 2020-08-09 18:59:47.5 - Drawing on their own experiences of racism and excessive policing, the group made inherently political music.
8005:123146115104768::Thread-191 2020-08-09 18:59:47.902 - Her 2002 remix album, J to tha L–O!
8006:123146115104768::Thread-191 2020-08-09 18:59:48.112 - Some Egyptologists believe the translation may be closer to "The-life-of-Aten-is-pleasing" or "One-perfect-of-life-is-Aten".
8005:123146115104768::Thread-191 2020-08-09 18:59:48.283 - The Remixes, became the first in history to debut atop the US Billboard 200.
8002:123146115104768::Thread-191 2020-08-09 18:59:49.079 - They were known for their deep hatred of the police system, which has sparked much controversy over the years.
8002:123146115104768::Thread-191 2020-08-09 18:59:49.449 - The original lineup, formed in early 1987, consisted of Arabian Prince, Dr. Dre, Eazy-E, and Ice Cube.
8005:123146115104768::Thread-191 2020-08-09 18:59:50.612 - Later that year, she released her third studio album This Is Me... Then, and starred in the US box office number-one Maid in Manhattan.
8002:123146115104768::Thread-191 2020-08-09 18:59:52.352 - DJ Yella and MC Ren joined later that year.
8005:123146115104768::Thread-191 2020-08-09 18:59:52.432 - After starring in Gigli (2003), a critical and commercial failure, Lopez subsequently starred in the successful romantic comedies Shall We Dance?
8006:123146115104768::Thread-191 2020-08-09 18:59:53.12 - **END**
8002:123146115104768::Thread-191 2020-08-09 18:59:55.088 - They released their first compilation album as a group in 1987 called N.W.A.
8002:123146115104768::Thread-191 2020-08-09 18:59:55.716 - and the Posse, which peaked at #39 on Billboard magazine's Top R&B/Hip-Hop Albums chart.
8002:123146115104768::Thread-191 2020-08-09 18:59:55.717 - **END**
8003:123146115104768::Thread-191 2020-08-09 18:59:56.048 - **END**
8004:123146115104768::Thread-191 2020-08-09 18:59:56.145 - **START**
8004:123146115104768::Thread-191 2020-08-09 18:59:56.152 - Starting new HTTPS connection (1): en.wikipedia.org
8004:123146115104768::Thread-191 2020-08-09 18:59:57.208 - Robert "Bob" Nesta Marley,  (6 February 1945 – 11 May 1981) was a Jamaican singer, songwriter and musician.
8005:123146115104768::Thread-191 2020-08-09 18:59:58.448 - **END**
8002:123146115104768::Thread-191 2020-08-09 18:59:58.75 - **START**
8002:123146115104768::Thread-191 2020-08-09 18:59:58.792 - Starting new HTTPS connection (1): en.wikipedia.org
8004:123146115104768::Thread-191 2020-08-09 18:59:58.852 - Considered one of the pioneers of reggae, his musical career was marked by fusing elements of reggae, ska, and rocksteady, as well as his distinctive vocal and songwriting style.
8004:123146115104768::Thread-191 2020-08-09 18:59:59.433 - Marley's contributions to music increased the visibility of Jamaican music worldwide, and made him a global figure in popular culture for over a decade.
8004:123146115104768::Thread-191 2020-08-09 18:59:59.493 - Over the course of his career Marley became known as a Rastafari icon, and he infused his music with a sense of spirituality.
8002:123146115104768::Thread-191 2020-08-09 19:00:00.682 - Sachin Ramesh Tendulkar ( (listen); born 24 April 1973) is a former international cricketer from India and a former captain of the Indian national team.
8004:123146115104768::Thread-191 2020-08-09 19:00:01.206 - He is also considered a global symbol of Jamaican music and culture and identity, and was controversial in his outspoken support for the legalization of marijuana, while he also advocated for Pan-Africanism.Born in Nine Mile, British Jamaica, Marley began his professional musical career in 1963, after forming Bob Marley and the Wailers.
8004:123146115104768::Thread-191 2020-08-09 19:00:03.026 - The group released its debut studio album The Wailing Wailers in 1965, which contained the single "One Love/People Get Ready"; the song was popular worldwide, and established the group as a rising figure in reggae.
8006:123146115104768::Thread-191 2020-08-09 19:00:03.125 - **START**
8002:123146115104768::Thread-191 2020-08-09 19:00:03.165 - He is widely regarded as one of the greatest batsmen in the history of cricket.
8006:123146115104768::Thread-191 2020-08-09 19:00:03.206 - Starting new HTTPS connection (1): en.wikipedia.org
8004:123146115104768::Thread-191 2020-08-09 19:00:03.259 - The Wailers subsequently released eleven further studio albums; while initially employing louder instrumentation and singing, the group began engaging in rhythmic-based song construction in the late 1960s and early 1970s, which coincided with the singer's conversion to Rastafarianism.
8006:123146115104768::Thread-191 2020-08-09 19:00:04.168 - Robert "Bob" Nesta Marley,  (6 February 1945 – 11 May 1981) was a Jamaican singer, songwriter and musician.
8004:123146115104768::Thread-191 2020-08-09 19:00:04.289 - During this period Marley relocated to London, and the group typified their musical shift with the release of the album The Best of The Wailers (1971).The group attained international success after the release of the albums Catch a Fire and Burnin' (both 1973), and forged a reputation as touring artists.
8002:123146115104768::Thread-191 2020-08-09 19:00:04.544 - He is the highest run scorer of all time in International cricket.
8006:123146115104768::Thread-191 2020-08-09 19:00:05.418 - Considered one of the pioneers of reggae, his musical career was marked by fusing elements of reggae, ska, and rocksteady, as well as his distinctive vocal and songwriting style.
8006:123146115104768::Thread-191 2020-08-09 19:00:05.537 - Marley's contributions to music increased the visibility of Jamaican music worldwide, and made him a global figure in popular culture for over a decade.
8004:123146115104768::Thread-191 2020-08-09 19:00:05.584 - Following the disbandment of the Wailers a year later, Marley went on to release his solo material under the band's name.
8004:123146115104768::Thread-191 2020-08-09 19:00:06.034 - His debut studio album Natty Dread (1974) received positive reception, as did its follow-up Rastaman Vibration (1976).
8006:123146115104768::Thread-191 2020-08-09 19:00:06.492 - Over the course of his career Marley became known as a Rastafari icon, and he infused his music with a sense of spirituality.
8006:123146115104768::Thread-191 2020-08-09 19:00:06.984 - He is also considered a global symbol of Jamaican music and culture and identity, and was controversial in his outspoken support for the legalization of marijuana, while he also advocated for Pan-Africanism.Born in Nine Mile, British Jamaica, Marley began his professional musical career in 1963, after forming Bob Marley and the Wailers.
8002:123146115104768::Thread-191 2020-08-09 19:00:07.153 - Considered as the world's most prolific batsman of all time, he is the only player to have scored one hundred international centuries, the first batsman to score a double century in a One Day International (ODI), the holder of the record for the most runs in both Test and ODI cricket, and the only player to complete more than 30,000 runs in international cricket.Tendulkar took up cricket at the age of eleven, made his Test debut on 15 November 1989 against Pakistan in Karachi at the age of sixteen, and went on to represent Mumbai domestically and India internationally for close to twenty-four years.
8006:123146115104768::Thread-191 2020-08-09 19:00:07.432 - The group released its debut studio album The Wailing Wailers in 1965, which contained the single "One Love/People Get Ready"; the song was popular worldwide, and established the group as a rising figure in reggae.
8002:123146115104768::Thread-191 2020-08-09 19:00:08.676 - In 2002, halfway through his career, Wisden Cricketers' Almanack ranked him the second greatest Test batsman of all time, behind Don Bradman, and the second greatest ODI batsman of all time, behind Viv Richards.
8006:123146115104768::Thread-191 2020-08-09 19:00:09.057 - The Wailers subsequently released eleven further studio albums; while initially employing louder instrumentation and singing, the group began engaging in rhythmic-based song construction in the late 1960s and early 1970s, which coincided with the singer's conversion to Rastafarianism.
8006:123146115104768::Thread-191 2020-08-09 19:00:10.377 - During this period Marley relocated to London, and the group typified their musical shift with the release of the album The Best of The Wailers (1971).The group attained international success after the release of the albums Catch a Fire and Burnin' (both 1973), and forged a reputation as touring artists.
8002:123146115104768::Thread-191 2020-08-09 19:00:10.423 - Later in his career, Tendulkar was a part of the Indian team that won the 2011 World Cup, his first win in six World Cup appearances for India.
8006:123146115104768::Thread-191 2020-08-09 19:00:10.442 - Following the disbandment of the Wailers a year later, Marley went on to release his solo material under the band's name.
8005:123146115104768::Thread-191 2020-08-09 19:00:10.455 - **START**
8005:123146115104768::Thread-191 2020-08-09 19:00:10.463 - Starting new HTTPS connection (1): en.wikipedia.org
8006:123146115104768::Thread-191 2020-08-09 19:00:11.294 - His debut studio album Natty Dread (1974) received positive reception, as did its follow-up Rastaman Vibration (1976).
8005:123146115104768::Thread-191 2020-08-09 19:00:11.805 - Windsor Castle is a royal residence at Windsor in the English county of Berkshire.
8002:123146115104768::Thread-191 2020-08-09 19:00:11.832 - He had previously been named "Player of the Tournament" at the 2003 edition of the tournament, held in South Africa.
8005:123146115104768::Thread-191 2020-08-09 19:00:12.468 - It is strongly associated with the English and succeeding British royal family, and embodies almost 1000 years of architectural history.
8005:123146115104768::Thread-191 2020-08-09 19:00:12.877 - The original castle was built in the 11th century after the Norman invasion of England by William the Conqueror.
8002:123146115104768::Thread-191 2020-08-09 19:00:12.944 - In 2013, he was the only Indian cricketer included in an all-time Test World XI named to mark the 150th anniversary of Wisden Cricketers' Almanack.
8003:123146115104768::Thread-191 2020-08-09 19:00:13.05 - **START**
8003:123146115104768::Thread-191 2020-08-09 19:00:13.054 - Starting new HTTPS connection (1): en.wikipedia.org
8005:123146115104768::Thread-191 2020-08-09 19:00:13.064 - Since the time of Henry I, it has been used by the reigning monarch and is the longest-occupied palace in Europe.
8005:123146115104768::Thread-191 2020-08-09 19:00:13.864 - The castle's lavish early 19th-century State Apartments were described by early 20th century art historian Hugh Roberts as "a superb and unrivalled sequence of rooms widely regarded as the finest and most complete expression of later Georgian taste".
8004:123146115104768::Thread-191 2020-08-09 19:00:14.036 - **END**
8005:123146115104768::Thread-191 2020-08-09 19:00:14.721 - Inside the castle walls is the 15th-century St George's Chapel, considered by the historian John Martin Robinson to be "one of the supreme achievements of English Perpendicular Gothic" design.Originally designed to protect Norman dominance around the outskirts of London and oversee a strategically important part of the River Thames, Windsor Castle was built as a motte-and-bailey, with three wards surrounding a central mound.
8005:123146115104768::Thread-191 2020-08-09 19:00:15.299 - Gradually replaced with stone fortifications, the castle withstood a prolonged siege during the First Barons' War at the start of the 13th century.
8002:123146115104768::Thread-191 2020-08-09 19:00:15.897 - He is affectionately known as Little Master or Master Blaster.Tendulkar received the Arjuna Award in 1994 for his outstanding sporting achievement, the Rajiv Gandhi Khel Ratna award in 1997, India's highest sporting honour, and the Padma Shri and Padma Vibhushan awards in 1999 and 2008, respectively, India's fourth and second highest civilian awards.
8005:123146115104768::Thread-191 2020-08-09 19:00:16.253 - Henry III built a luxurious royal palace within the castle during the middle of the century, and Edward III went further, rebuilding the palace to make an even grander set of buildings in what would become "the most expensive secular building project of the entire Middle Ages in England".
8005:123146115104768::Thread-191 2020-08-09 19:00:16.494 - Edward's core design lasted through the Tudor period, during which Henry VIII and Elizabeth I made increasing use of the castle as a royal court and centre for diplomatic entertainment.
8003:123146115104768::Thread-191 2020-08-09 19:00:16.533 - Abraham (originally Abram) is the common patriarch of the Abrahamic religions, including Judaism, Christianity and Islam.
8005:123146115104768::Thread-191 2020-08-09 19:00:16.803 - Windsor Castle survived the tumultuous period of the English Civil War, when it was used as a military headquarters by Parliamentary forces and a prison for Charles I.
8005:123146115104768::Thread-191 2020-08-09 19:00:17.557 - At the Restoration of the monarchy in 1660, Charles II rebuilt much of Windsor Castle with the help of the architect Hugh May, creating a set of extravagant Baroque interiors that are still admired.
8002:123146115104768::Thread-191 2020-08-09 19:00:17.624 - After a few hours of his final match on 16 November 2013, the Prime Minister's Office announced the decision to award him the Bharat Ratna, India's highest civilian award.
8003:123146115104768::Thread-191 2020-08-09 19:00:19.205 - In Judaism, he is the founding father of the covenant of the pieces, the special relationship between the Hebrews and God; in Christianity, he is the prototype of all believers, Jewish or Gentile; and in Islam he is seen as a link in the chain of prophets that begins with Adam and culminates in Muhammad.The narrative in the Book of Genesis revolves around the themes of posterity and land.
8006:123146115104768::Thread-191 2020-08-09 19:00:19.299 - **END**
8003:123146115104768::Thread-191 2020-08-09 19:00:21.083 - Abraham is called by God to leave the house of his father Terah and settle in the land originally given to Canaan but which God now promises to Abraham and his progeny.
8003:123146115104768::Thread-191 2020-08-09 19:00:22.034 - Various candidates are put forward who might inherit the land after Abraham; and, while promises are made to Ishmael about founding a great nation, Isaac, Abraham's son by his half-sister Sarah, inherits God's promises to Abraham.
8003:123146115104768::Thread-191 2020-08-09 19:00:22.267 - Abraham purchases a tomb (the Cave of the Patriarchs) at Hebron to be Sarah's grave, thus establishing his right to the land; and, in the second generation, his heir Isaac is married to a woman from his own kin, thus ruling the Canaanites out of any inheritance.
8002:123146115104768::Thread-191 2020-08-09 19:00:24.627 - **END**
8003:123146115104768::Thread-191 2020-08-09 19:00:24.999 - Abraham later marries Keturah and has six more sons; but, on his death, when he is buried beside Sarah, it is Isaac who receives "all Abraham's goods", while the other sons receive only "gifts" (Genesis 25:5–8).The Abraham story cannot be definitively related to any specific time, and it is widely agreed that the patriarchal age, along with the exodus and the period of the judges, is a late literary construct that does not relate to any period in actual history.
8003:123146115104768::Thread-191 2020-08-09 19:00:25.118 - A common hypothesis among scholars is that it was composed in the early Persian period (late 6th century BCE) as a result of tensions between Jewish landowners who had stayed in Judah during the Babylonian captivity and traced their right to the land through their "father Abraham", and the returning exiles who based their counter-claim on Moses and the Exodus tradition.
8003:123146115104768::Thread-191 2020-08-09 19:00:26.449 - Biblical account


Origins and calling
Terah, the ninth in descent from Noah, was the father of three sons: Abram, Nahor, and Haran.
8005:123146115104768::Thread-191 2020-08-09 19:00:26.563 - **END**
8003:123146115104768::Thread-191 2020-08-09 19:00:28.324 - The entire family, including grandchildren, lived in Ur of the Chaldees.
8003:123146115104768::Thread-191 2020-08-09 19:00:29.705 - According to a midrash, Abram worked in Terah's idol shop in his youth.
8003:123146115104768::Thread-191 2020-08-09 19:00:34.709 - **END**