8002:123146136137728::Thread-196 2020-08-09 18:59:29.366 - **START**
8002:123146136137728::Thread-196 2020-08-09 18:59:29.86 - Starting new HTTPS connection (1): en.wikipedia.org
8002:123146136137728::Thread-196 2020-08-09 18:59:31.343 - Paul may refer to:

Paul (name), a given name (includes a list of people with that name)
Paul (surname), a list of people


People


Christianity
Paul the Apostle (AD 5–67), also known as Saul of Tarsus or Saint Paul, early Christian missionary and writer
Pope Paul (disambiguation), multiple Popes of the Roman Catholic Church
Saint Paul (disambiguation), multiple other people and locations named "Saint Paul"


Roman and Byzantine empire
Lucius Aemilius Paullus Macedonicus (c. 229 BC – 160 BC), Roman general
Julius Paulus Prudentissimus (fl.
8003:123146136137728::Thread-196 2020-08-09 18:59:32.315 - **START**
8003:123146136137728::Thread-196 2020-08-09 18:59:33.566 - Starting new HTTPS connection (1): en.wikipedia.org
8002:123146136137728::Thread-196 2020-08-09 18:59:34.002 - 2nd century AD), Roman jurist
Paulus Catena (died 362), Roman notary
Paulus Alexandrinus (4th century), Hellenistic astrologer
Paul of Aegina or Paulus Aegineta (625–690), Greek surgeon


Royals
Paul I of Russia (1754–1801), Tsar of Russia
Paul of Greece (1901–1964), King of Greece


Other people
Paolo Giovio or Paulus Jovius (1483–1552), Italian bishop
Paul the Deacon or Paulus Diaconus (c. 720 – c. 799), Italian Benedictine monk*Paul (father of Maurice), the father of Maurice, Byzantine Emperor.
8002:123146136137728::Thread-196 2020-08-09 18:59:34.422 - He served as head of the Byzantine Senate
Paul (bishop of Mérida), the metropolitan bishop of Mérida in the mid sixth century (fl.
8003:123146136137728::Thread-196 2020-08-09 18:59:35.574 - Aristotle (; Greek: Ἀριστοτέλης Aristotélēs, pronounced [aristotélɛːs]; 384–322 BC) was a Greek philosopher and polymath during the Classical period in Ancient Greece.
8003:123146136137728::Thread-196 2020-08-09 18:59:35.754 - Taught by Plato, he was the founder of the Lyceum, the Peripatetic school of philosophy, and the Aristotelian tradition.
8002:123146136137728::Thread-196 2020-08-09 18:59:36.063 - 540s/550s)
Paul (American Horror Story)
Paul (CHERUB character)
Paul (exarch) (died 8th-century), Exarch of Ravenna from 723 to 727
Paul (Life with Derek)
Paul (Meletiev)
Paul (Nestorian patriarch), briefly Patriarch of the Church of the East in 539.
8005:123146136137728::Thread-196 2020-08-09 18:59:36.227 - **START**
8006:123146136137728::Thread-196 2020-08-09 18:59:36.27 - **START**
8003:123146136137728::Thread-196 2020-08-09 18:59:36.384 - His writings cover many subjects including physics, biology, zoology, metaphysics, logic, ethics, aesthetics, poetry, theatre, music, rhetoric, psychology, linguistics, economics, politics, and government.
8006:123146136137728::Thread-196 2020-08-09 18:59:36.791 - Starting new HTTPS connection (1): en.wikipedia.org
8003:123146136137728::Thread-196 2020-08-09 18:59:36.915 - Aristotle provided a complex synthesis of the various philosophies existing prior to him.
8003:123146136137728::Thread-196 2020-08-09 18:59:37.819 - It was above all from his teachings that the West inherited its intellectual lexicon, as well as problems and methods of inquiry.
8005:123146136137728::Thread-196 2020-08-09 18:59:38.053 - Starting new HTTPS connection (1): en.wikipedia.org
8003:123146136137728::Thread-196 2020-08-09 18:59:38.155 - As a result, his philosophy has exerted a unique influence on almost every form of knowledge in the West and it continues to be a subject of contemporary philosophical discussion.
8004:123146136137728::Thread-196 2020-08-09 18:59:38.254 - **START**
8002:123146136137728::Thread-196 2020-08-09 18:59:38.323 - He is included in the traditional list of patriarchs of the Church of the East
Paul (Ponomaryov) (born 1952), emeritus Metropolitan of Minsk and Slutsk, the Patriarchal Exarch of All Belarus and the leader of the Belarusian Orthodox Church (an autonomous part of the Russian Orthodox Church)
Paul (singer) (b.
8003:123146136137728::Thread-196 2020-08-09 18:59:38.942 - Little is known about his life.
8003:123146136137728::Thread-196 2020-08-09 18:59:39.577 - Aristotle was born in the city of Stagira in Northern Greece.
8006:123146136137728::Thread-196 2020-08-09 18:59:39.854 - Leonardo Wilhelm DiCaprio (, Italian: [diˈkaːprjo]; born November 11, 1974) is an American actor, producer, philanthropist, and environmentalist.
8003:123146136137728::Thread-196 2020-08-09 18:59:40.368 - His father, Nicomachus, died when Aristotle was a child, and he was brought up by a guardian.
8006:123146136137728::Thread-196 2020-08-09 18:59:40.529 - He has often played unconventional parts, particularly in biopics, drama, crime, romance, and period films.
8002:123146136137728::Thread-196 2020-08-09 18:59:40.718 - 1937)
Paul, son of Peter, voivode of Transylvania between 1221 and 1222
Paul, the name under which Sir Walter Scott wrote Paul's letters to his kinsfolk in 1816.
8004:123146136137728::Thread-196 2020-08-09 18:59:41.032 - Starting new HTTPS connection (1): en.wikipedia.org
8006:123146136137728::Thread-196 2020-08-09 18:59:41.214 - As of 2019, his films have grossed US$7.2 billion worldwide, and he has placed eight times in annual rankings of the highest-paid actors in the world.
8003:123146136137728::Thread-196 2020-08-09 18:59:41.244 - At seventeen or eighteen years of age he joined Plato's Academy in Athens and remained there until the age of thirty-seven (c.
8006:123146136137728::Thread-196 2020-08-09 18:59:41.62 - Born in Los Angeles, DiCaprio began his career by appearing in television commercials in the late 1980s.
8005:123146136137728::Thread-196 2020-08-09 18:59:41.646 - Ashlynn Brooke is a former American pornographic actress, feature dancer, and model.
8005:123146136137728::Thread-196 2020-08-09 18:59:41.694 - Early life
Ashley Brooke was born in Choctaw, Oklahoma.
8006:123146136137728::Thread-196 2020-08-09 18:59:41.859 - In the early 1990s, he played recurring roles in various television series, such as the sitcom Parenthood.
8006:123146136137728::Thread-196 2020-08-09 18:59:42.031 - He had his first major film role in This Boy's Life (1993), and received acclaim for his supporting role as a developmentally disabled boy in What's Eating Gilbert Grape (1993).
8005:123146136137728::Thread-196 2020-08-09 18:59:42.539 - She was a cheerleader for nine years, and graduated from high school in May 2003.
8006:123146136137728::Thread-196 2020-08-09 18:59:42.794 - He achieved international stardom in the epic romance Titanic (1997), which became the highest-grossing film to that point.
8006:123146136137728::Thread-196 2020-08-09 18:59:43.113 - After a few commercially unsuccessful films, DiCaprio starred in two successful features in 2002: the biographical crime drama Catch Me If You Can and the historical drama Gangs of New York, which marked his first of many collaborations with director Martin Scorsese.
8002:123146136137728::Thread-196 2020-08-09 18:59:43.148 - Places
Paul, Cornwall, a village in the civil parish of Penzance, United Kingdom
Paul (civil parish), a civil parish in Cornwall, United Kingdom
Paul, Idaho, United States
Paul, Nebraska, United States
Paul, Cape Verde


Arts, entertainment and media
Paul (film), 2011 film with Simon Pegg and Nick Frost
Paul (PJ Morton album), 2019 album
Paul (play), a 2005 play by Howard Brenton
Paul (Pokémon), fictional character
"Paul" (song), by the German punk band Die Ärzte
St. Paul (oratorio), work by Felix Mendelssohn originally entitled 'Paulus' (in its German version)
Poker Face Paul, a 1993 Game Gear video game that comes in blackjack and poker version
"Paul and", a 1971 album by Noel Paul Stookey
"Paul The Monkey", the mascot of DNA Productions.
8005:123146136137728::Thread-196 2020-08-09 18:59:43.163 - Before becoming an adult film actress in 2006, she worked at a used car dealership for over three years.Brooke was previously married to an unknown male at the age of 19 and the couple were later divorced.
8006:123146136137728::Thread-196 2020-08-09 18:59:43.745 - DiCaprio later portrayed Howard Hughes in The Aviator (2004) and a mercenary in the political thriller Blood Diamond (2006), and he also received acclaim for his performances in the crime drama The Departed (2006) and the romantic drama Revolutionary Road (2008).
8005:123146136137728::Thread-196 2020-08-09 18:59:43.793 - Career
Brooke's first foray into adult entertainment was a photoshoot for an Oklahoma-based magazine.
8003:123146136137728::Thread-196 2020-08-09 18:59:44.248 - **END**
8006:123146136137728::Thread-196 2020-08-09 18:59:44.611 - In the 2010s, he starred in the science fiction thriller Inception (2010), the western Django Unchained (2012), the biopic The Wolf of Wall Street (2013), the survival drama The Revenant (2015), and the comedy-drama Once Upon a Time in Hollywood (2019), all of which were critical and commercial successes.
8005:123146136137728::Thread-196 2020-08-09 18:59:44.758 - She soon after worked briefly as a stripper.
8005:123146136137728::Thread-196 2020-08-09 18:59:45.193 - She became an exclusive contract performer with New Sensations / Digital Sin in 2007, and in 2009 made her directing debut with Ashlynn Brooke’s Lesbian Fantasies.
8005:123146136137728::Thread-196 2020-08-09 18:59:45.238 - She has cameos in Buckcherry's "Too Drunk..." music video and the horror film Piranha 3D.In 2010, Brooke retired as a pornstar after giving birth to her child.
8005:123146136137728::Thread-196 2020-08-09 18:59:45.412 - She posted on her Twitter profile and blog, introducing herself as "Ashley.
8004:123146136137728::Thread-196 2020-08-09 18:59:45.749 - The Petronas Towers, also known as the Petronas Twin Towers (Malay: Menara Petronas, or Menara Berkembar Petronas), are twin skyscrapers in Kuala Lumpur, Malaysia.
8005:123146136137728::Thread-196 2020-08-09 18:59:45.779 - Formerly known as Ashlynn Brooke" and stating that she had retired from the pornographic industry and that her former website would no longer be updated.Brooke stated that she then briefly became involved with starring in and producing female-only pornography, but that being the girl who "tries to direct all-girl features, but isn’t a 'real' lesbian" wasn't working.
8002:123146136137728::Thread-196 2020-08-09 18:59:46.153 - **END**
8004:123146136137728::Thread-196 2020-08-09 18:59:46.591 - According to the Council on Tall Buildings and Urban Habitat (CTBUH)'s official definition and ranking, they were the tallest buildings in the world from 1998 to 2004, until they were surpassed by Taipei 101.
8004:123146136137728::Thread-196 2020-08-09 18:59:47.64 - The Petronas Towers remain the tallest twin towers in the world.
8005:123146136137728::Thread-196 2020-08-09 18:59:48.792 - **END**
8004:123146136137728::Thread-196 2020-08-09 18:59:49.122 - The buildings are a landmark of Kuala Lumpur, along with nearby Kuala Lumpur Tower; they remain the tallest buildings in Kuala Lumpur.
8004:123146136137728::Thread-196 2020-08-09 18:59:50.139 - History and architecture
The Petronas Towers' structural system is a tube in tube design, invented by Fazlur Rahman Khan.
8003:123146136137728::Thread-196 2020-08-09 18:59:50.249 - **START**
8003:123146136137728::Thread-196 2020-08-09 18:59:50.252 - Starting new HTTPS connection (1): en.wikipedia.org
8003:123146136137728::Thread-196 2020-08-09 18:59:51.508 - The September 11 attacks (often referred to as 9/11) were a series of four coordinated terrorist attacks by the Islamic terrorist group al-Qaeda against the United States on the morning of Tuesday, September 11, 2001.
8004:123146136137728::Thread-196 2020-08-09 18:59:51.852 - Applying a tube-structure for extreme tall buildings is a common phenomenon.The 88-floor towers are constructed largely of reinforced concrete, with a steel and glass facade designed to resemble motifs found in Islamic art, a reflection of Malaysia's Muslim religion.
8004:123146136137728::Thread-196 2020-08-09 18:59:52.16 - Another Islamic influence on the design is that the cross section of the towers is based on a Rub el Hizb, albeit with circular sectors added to meet office space requirements.
8003:123146136137728::Thread-196 2020-08-09 18:59:52.435 - The attacks resulted in 2,977 fatalities, over 25,000 injuries, and substantial long-term health consequences, in addition to at least $10 billion in infrastructure and property damage.
8003:123146136137728::Thread-196 2020-08-09 18:59:52.489 - 9/11 is the single deadliest terrorist attack in human history and the single deadliest incident for firefighters and law enforcement officers in the history of the United States, with 343 and 72 killed, respectively.Four passenger airliners which had departed from airports in the northeastern United States bound for California were hijacked by 19 al-Qaeda terrorists.
8003:123146136137728::Thread-196 2020-08-09 18:59:53.337 - Two of the planes, American Airlines Flight 11 and United Airlines Flight 175, crashed into the North and South towers, respectively, of the World Trade Center complex in Lower Manhattan.
8006:123146136137728::Thread-196 2020-08-09 18:59:53.615 - **END**
8003:123146136137728::Thread-196 2020-08-09 18:59:53.901 - Within an hour and 42 minutes, both 110-story towers collapsed.
8004:123146136137728::Thread-196 2020-08-09 18:59:54.05 - The circular sectors is similar to the bottom part of the Qutub Minar.
8003:123146136137728::Thread-196 2020-08-09 18:59:54.223 - Debris and the resulting fires caused a partial or complete collapse of all other buildings in the World Trade Center complex, including the 47-story 7 World Trade Center tower, as well as significant damage to ten other large surrounding structures.
8003:123146136137728::Thread-196 2020-08-09 18:59:54.654 - A third plane, American Airlines Flight 77, was crashed into the Pentagon (the headquarters of the U.S. Department of Defense) in Arlington County, Virginia, which led to a partial collapse of the building's west side.
8003:123146136137728::Thread-196 2020-08-09 18:59:54.684 - The fourth plane, United Airlines Flight 93, was initially flown toward Washington, D.C., but crashed into a field in Stonycreek Township, Pennsylvania, after passengers thwarted the hijackers.
8003:123146136137728::Thread-196 2020-08-09 18:59:54.905 - Suspicion quickly fell onto al-Qaeda.
8002:123146136137728::Thread-196 2020-08-09 18:59:55.159 - **START**
8002:123146136137728::Thread-196 2020-08-09 18:59:55.17 - Starting new HTTPS connection (1): en.wikipedia.org
8004:123146136137728::Thread-196 2020-08-09 18:59:55.603 - The towers were designed by Argentine architect César Pelli.
8003:123146136137728::Thread-196 2020-08-09 18:59:55.742 - The United States responded by launching the War on Terror and invading Afghanistan to depose the Taliban, which had failed to comply with U.S. demands to expel al-Qaeda from Afghanistan and extradite their leader Osama bin Laden.
8002:123146136137728::Thread-196 2020-08-09 18:59:56.44 - The Golden State Warriors are an American professional basketball team based in San Francisco.
8006:123146136137728::Thread-196 2020-08-09 18:59:56.617 - **START**
8006:123146136137728::Thread-196 2020-08-09 18:59:56.622 - Starting new HTTPS connection (1): en.wikipedia.org
8005:123146136137728::Thread-196 2020-08-09 18:59:56.798 - **START**
8005:123146136137728::Thread-196 2020-08-09 18:59:56.806 - Starting new HTTPS connection (1): en.wikipedia.org
8002:123146136137728::Thread-196 2020-08-09 18:59:57.12 - The Warriors compete in the National Basketball Association (NBA), as a member of the league's Western Conference Pacific Division.
8002:123146136137728::Thread-196 2020-08-09 18:59:57.509 - Founded in 1946 in Philadelphia, the Warriors moved to the San Francisco Bay Area in 1962 and took the city's name, before changing its geographic moniker to Golden State in 1971.
8004:123146136137728::Thread-196 2020-08-09 18:59:57.575 - A distinctive postmodern style was chosen to create a 21st-century icon for Kuala Lumpur, Malaysia.
8003:123146136137728::Thread-196 2020-08-09 18:59:57.743 - **END**
8002:123146136137728::Thread-196 2020-08-09 18:59:58.056 - They play their home games at the Chase Center.
8005:123146136137728::Thread-196 2020-08-09 18:59:58.267 - Cloud Gate is a public sculpture by Indian-born British artist Sir Anish Kapoor, that is the centerpiece of AT&T Plaza at Millennium Park in the Loop community area of Chicago, Illinois.
8002:123146136137728::Thread-196 2020-08-09 18:59:58.895 - The Warriors won the inaugural Basketball Association of America (BAA) championship in 1947, and won again in 1956, led by Hall of Fame trio Paul Arizin, Tom Gola, and Neil Johnston.
8006:123146136137728::Thread-196 2020-08-09 18:59:59.169 - Arnold Alois Schwarzenegger (; German: [ˈaʁnɔlt ˈʃvaʁtsn̩ˌʔɛɡɐ]; born July 30, 1947) is an Austrian-American actor, businessman, and former politician and professional bodybuilder.
8002:123146136137728::Thread-196 2020-08-09 18:59:59.465 - After the trade of star Wilt Chamberlain in January 1965, the team finished the 1964-65 season with the NBA's worst record (17-63).
8005:123146136137728::Thread-196 2020-08-09 18:59:59.503 - The sculpture and AT&T Plaza are located on top of Park Grill, between the Chase Promenade and McCormick Tribune Plaza & Ice Rink.
8006:123146136137728::Thread-196 2020-08-09 18:59:59.517 - He served as the 38th Governor of California from 2003 to 2011.
8002:123146136137728::Thread-196 2020-08-09 18:59:59.956 - But their rebuilding period was brief, due in large part to the Warriors drafting of Rick Barry four months after the trade.
8002:123146136137728::Thread-196 2020-08-09 19:00:00.168 - In 1975, star players Barry and Jamaal Wilkes powered the Warriors to their third championship, widely considered one of the biggest upsets in NBA history.
8002:123146136137728::Thread-196 2020-08-09 19:00:00.889 - The team struggled in the 1980s, then became playoff regulars at the turn of the decade with stars Tim Hardaway, Mitch Richmond, and Chris Mullin, nicknamed "Run TMC".
8002:123146136137728::Thread-196 2020-08-09 19:00:01.059 - The team returned to championship glory in 2015, led by Stephen Curry, Klay Thompson, and Draymond Green; they won again in 2017 and 2018, with the help of former MVP Kevin Durant.
8005:123146136137728::Thread-196 2020-08-09 19:00:01.209 - Constructed between 2004 and 2006, the sculpture is nicknamed The Bean because of its shape, a name Kapoor initially disliked, but later grew fond of.
8006:123146136137728::Thread-196 2020-08-09 19:00:01.876 - As of 2020, he is the most recent Republican governor of California.
8006:123146136137728::Thread-196 2020-08-09 19:00:02.182 - Schwarzenegger began lifting weights at the age of 15, and went on to win the Mr. Universe title at age 20 before winning the Mr. Olympia contest seven times; he remains a prominent presence in bodybuilding and has written many books and articles on the sport.
8006:123146136137728::Thread-196 2020-08-09 19:00:02.199 - The Arnold Sports Festival, considered the second most important bodybuilding event after Mr. Olympia, is named after him.
8005:123146136137728::Thread-196 2020-08-09 19:00:02.32 - Made up of 168 stainless steel plates welded together, its highly polished exterior has no visible seams.
8005:123146136137728::Thread-196 2020-08-09 19:00:02.473 - It measures 33 by 66 by 42 feet (10 by 20 by 13 m), and weighs 110 short tons (100 t; 98 long tons).
8006:123146136137728::Thread-196 2020-08-09 19:00:02.833 - He is widely regarded as one of the greatest bodybuilders of all time, as well as the sport's most charismatic and famous ambassador.Schwarzenegger gained worldwide fame as a Hollywood action film icon.
8006:123146136137728::Thread-196 2020-08-09 19:00:03.082 - His breakthrough film was the sword-and-sorcery epic Conan the Barbarian (1982), a box-office hit that resulted in a sequel in 1984.
8005:123146136137728::Thread-196 2020-08-09 19:00:03.432 - Kapoor's design was inspired by liquid mercury and the sculpture's surface reflects and distorts the city's skyline.
8005:123146136137728::Thread-196 2020-08-09 19:00:04.541 - Visitors are able to walk around and under Cloud Gate's 12-foot (3.7 m) high arch.
8005:123146136137728::Thread-196 2020-08-09 19:00:04.73 - On the underside is the "omphalos" (Greek for "navel"), a concave chamber that warps and multiplies reflections.
8005:123146136137728::Thread-196 2020-08-09 19:00:05.032 - The sculpture builds upon many of Kapoor's artistic themes, and it is popular with tourists as a photo-taking opportunity for its unique reflective properties.
8004:123146136137728::Thread-196 2020-08-09 19:00:05.578 - **END**
8005:123146136137728::Thread-196 2020-08-09 19:00:06.11 - The sculpture was the result of a design competition.
8003:123146136137728::Thread-196 2020-08-09 19:00:06.748 - **START**
8003:123146136137728::Thread-196 2020-08-09 19:00:06.755 - Starting new HTTPS connection (1): en.wikipedia.org
8002:123146136137728::Thread-196 2020-08-09 19:00:07.062 - **END**
8003:123146136137728::Thread-196 2020-08-09 19:00:08.578 - Australia, officially the Commonwealth of Australia, is a sovereign country comprising the mainland of the Australian continent, the island of Tasmania, and numerous smaller islands.
8006:123146136137728::Thread-196 2020-08-09 19:00:10.084 - **END**
8003:123146136137728::Thread-196 2020-08-09 19:00:10.367 - It is the largest country in Oceania and the world's sixth-largest country by total area.
8003:123146136137728::Thread-196 2020-08-09 19:00:11.223 - The population of 26 million is highly urbanised and heavily concentrated on the eastern seaboard.
8005:123146136137728::Thread-196 2020-08-09 19:00:12.111 - **END**
8003:123146136137728::Thread-196 2020-08-09 19:00:12.288 - Australia's capital is Canberra, and its largest city is Sydney.
8003:123146136137728::Thread-196 2020-08-09 19:00:12.539 - The country's other major metropolitan areas are Melbourne, Brisbane, Perth, and Adelaide.
8003:123146136137728::Thread-196 2020-08-09 19:00:13.357 - Indigenous Australians inhabited the continent for about 65,000 years prior to the first arrival of Dutch explorers in the early 17th century, who named it New Holland.
8003:123146136137728::Thread-196 2020-08-09 19:00:14.6 - In 1770, Australia's eastern half was claimed by Great Britain and initially settled through penal transportation to the colony of New South Wales from 26 January 1788, a date which became Australia's national day.
8003:123146136137728::Thread-196 2020-08-09 19:00:14.835 - The population grew steadily in subsequent decades, and by the time of an 1850s gold rush, most of the continent had been explored by European settlers and an additional five self-governing crown colonies established.
8003:123146136137728::Thread-196 2020-08-09 19:00:16.438 - On 1 January 1901, the six colonies federated, forming the Commonwealth of Australia.
8003:123146136137728::Thread-196 2020-08-09 19:00:17.65 - Australia has since maintained a stable liberal democratic political system that functions as a federal parliamentary constitutional monarchy, comprising six states and ten territories.
8003:123146136137728::Thread-196 2020-08-09 19:00:23.652 - **END**