8004:123145795403776::Thread-115 2020-08-09 18:59:32.218 - **START**
8005:123145795403776::Thread-115 2020-08-09 18:59:32.22 - **START**
8004:123145795403776::Thread-115 2020-08-09 18:59:33.085 - Starting new HTTPS connection (1): en.wikipedia.org
8005:123145795403776::Thread-115 2020-08-09 18:59:33.862 - Starting new HTTPS connection (1): en.wikipedia.org
8006:123145795403776::Thread-115 2020-08-09 18:59:35.257 - **START**
8003:123145795403776::Thread-115 2020-08-09 18:59:35.263 - **START**
8004:123145795403776::Thread-115 2020-08-09 18:59:35.626 - Pink Floyd were an English rock band formed in London in 1965.
8003:123145795403776::Thread-115 2020-08-09 18:59:36.584 - Starting new HTTPS connection (1): en.wikipedia.org
8004:123145795403776::Thread-115 2020-08-09 18:59:36.698 - Gaining a following as a psychedelic pop group, they were distinguished for their extended compositions, sonic experimentation, philosophical lyrics and elaborate live shows, and became a leading band of the progressive rock genre.
8006:123145795403776::Thread-115 2020-08-09 18:59:36.711 - Starting new HTTPS connection (1): en.wikipedia.org
8002:123145795403776::Thread-115 2020-08-09 18:59:37.348 - **START**
8004:123145795403776::Thread-115 2020-08-09 18:59:38.254 - They are one of the most commercially successful and influential bands in popular music history.
8002:123145795403776::Thread-115 2020-08-09 18:59:38.693 - Starting new HTTPS connection (1): en.wikipedia.org
8005:123145795403776::Thread-115 2020-08-09 18:59:38.849 - David Robert Joseph Beckham  (UK: ; born 2 May 1975) is an English former professional footballer, the current president & co-owner of Inter Miami CF and co-owner of Salford City.
8004:123145795403776::Thread-115 2020-08-09 18:59:38.935 - Pink Floyd were founded by students Syd Barrett (guitar, lead vocals), Nick Mason (drums), Roger Waters (bass guitar, vocals), and Richard Wright (keyboards, vocals).
8006:123145795403776::Thread-115 2020-08-09 18:59:39.144 - Leicester City Football Club is an English professional football club based in Leicester in the East Midlands.
8003:123145795403776::Thread-115 2020-08-09 18:59:39.15 - Gaetano John "Gaten" Matarazzo III (; Italian: [ɡaeˈtaːno mataˈrattso]; born September 8, 2002) is an American actor.
8005:123145795403776::Thread-115 2020-08-09 18:59:39.489 - He played for Manchester United, Preston North End, Real Madrid, Milan, LA Galaxy, Paris Saint-Germain and the England national team, for which he held the appearance record for an outfield player until 2016.
8003:123145795403776::Thread-115 2020-08-09 18:59:40.199 - He began his career on the Broadway stage as Benjamin in Priscilla, Queen of the Desert and as Gavroche in Les Misérables.
8003:123145795403776::Thread-115 2020-08-09 18:59:40.275 - He stars as Dustin Henderson in the Netflix science-fiction-horror drama series Stranger Things, and hosts the short lived Netflix show Prank Encounters.
8006:123145795403776::Thread-115 2020-08-09 18:59:40.614 - The club competes in the Premier League, the top division of England's football league system, and plays its home matches at the King Power Stadium.The club was founded in 1884 as Leicester Fosse F.C., playing on a field near Fosse Road.
8004:123145795403776::Thread-115 2020-08-09 18:59:40.683 - Under Barrett's leadership, they released two charting singles and a successful debut album, The Piper at the Gates of Dawn (1967).
8005:123145795403776::Thread-115 2020-08-09 18:59:41.433 - He is the first English player to win league titles in four countries: England, Spain, the United States and France.
8006:123145795403776::Thread-115 2020-08-09 18:59:41.833 - They moved to Filbert Street in 1891, were elected to the Football League in 1894 and adopted the name Leicester City in 1919.
8003:123145795403776::Thread-115 2020-08-09 18:59:41.926 - Early life
Matarazzo was born in Connecticut, to Gaetano and Heather Matarazzo, but raised in Little Egg Harbor Township, New Jersey, and he attended Pinelands Regional High School in Tuckerton, New Jersey.
8006:123145795403776::Thread-115 2020-08-09 18:59:42.216 - They moved to the nearby Walkers Stadium in 2002, which was renamed the King Power Stadium in 2011.Leicester won the 2015–16 Premier League, their first top-level football championship.
8004:123145795403776::Thread-115 2020-08-09 18:59:42.221 - Guitarist and vocalist David Gilmour joined in December 1967; Barrett left in April 1968 due to deteriorating mental health.
8005:123145795403776::Thread-115 2020-08-09 18:59:42.848 - He retired in May 2013 after a 20-year career, during which he won 19 major trophies.Beckham's professional club career began with Manchester United, where he made his first-team debut in 1992 at age 17.
8006:123145795403776::Thread-115 2020-08-09 18:59:42.99 - They are one of only seven clubs to have won the Premier League since its inception in 1992.
8003:123145795403776::Thread-115 2020-08-09 18:59:43.762 - He has two siblings, an older sister Sabrina and a younger brother Carmen.
8005:123145795403776::Thread-115 2020-08-09 18:59:44.147 - With United, he won the Premier League title six times, the FA Cup twice, and the UEFA Champions League in 1999.
8004:123145795403776::Thread-115 2020-08-09 18:59:44.148 - Waters became the primary lyricist and thematic leader, devising the concepts behind the albums The Dark Side of the Moon (1973), Wish You Were Here (1975), Animals (1977), The Wall (1979), and The Final Cut (1983).
8004:123145795403776::Thread-115 2020-08-09 18:59:44.156 - The band also composed several film scores.
8003:123145795403776::Thread-115 2020-08-09 18:59:44.55 - As a child, Gaten was heavily involved in performing arts, specifically singing.
8002:123145795403776::Thread-115 2020-08-09 18:59:44.771 - The Taj Mahal (; lit.
8006:123145795403776::Thread-115 2020-08-09 18:59:44.779 - A number of newspapers described Leicester's title win as the greatest sporting shock ever; multiple bookmakers had never paid out at such long odds for any sport.
8005:123145795403776::Thread-115 2020-08-09 18:59:44.806 - He then played four seasons with Real Madrid, winning the La Liga championship in his final season with the club.
8003:123145795403776::Thread-115 2020-08-09 18:59:44.88 - He pursued vocal training at Starlight Performing Arts Center in New Jersey.
8005:123145795403776::Thread-115 2020-08-09 18:59:44.911 - In July 2007, Beckham signed a five-year contract with Major League Soccer club LA Galaxy.
8002:123145795403776::Thread-115 2020-08-09 18:59:45.284 - 'Crown of the Palace', [taːdʒ ˈmɛːɦ(ə)l]) is an ivory-white marble mausoleum on the southern bank of the river Yamuna  in the Indian city of Agra.
8006:123145795403776::Thread-115 2020-08-09 18:59:45.392 - As a result, the team was dubbed "The Unbelievables", a spin-off harking back to Arsenal's undefeated team "The Invincibles".
8004:123145795403776::Thread-115 2020-08-09 18:59:45.392 - Following personal tensions, Wright left Pink Floyd in 1979, followed by Waters in 1985.
8006:123145795403776::Thread-115 2020-08-09 18:59:45.49 - The club's previous highest finish was second place in the top flight, in 1928–29, then known as the First Division.
8002:123145795403776::Thread-115 2020-08-09 18:59:45.785 - It was commissioned in 1632 by the Mughal emperor Shah Jahan (reigned from 1628 to 1658) to house the tomb of his favourite wife, Mumtaz Mahal; it also houses the tomb of Shah Jahan himself.
8004:123145795403776::Thread-115 2020-08-09 18:59:45.946 - Gilmour and Mason continued as Pink Floyd, rejoined later by Wright.
8002:123145795403776::Thread-115 2020-08-09 18:59:46.088 - The tomb is the centrepiece of a 17-hectare (42-acre) complex, which includes a mosque and a guest house, and is set in formal gardens bounded on three sides by a crenellated wall.
8003:123145795403776::Thread-115 2020-08-09 18:59:46.118 - In 2011, he competed and won third place with his vocal solo entitled “Ben” at Starpower Talent Competition Nationals in Uncasville, Connecticut.
8005:123145795403776::Thread-115 2020-08-09 18:59:46.307 - While a Galaxy player, he spent two loan spells in Italy with Milan in 2009 and 2010.
8006:123145795403776::Thread-115 2020-08-09 18:59:46.638 - Throughout their history, Leicester have spent all but one season in the top two divisions of English football.
8002:123145795403776::Thread-115 2020-08-09 18:59:47.001 - Construction of the mausoleum was essentially completed in 1643, but work continued on other phases of the project for another 10 years.
8002:123145795403776::Thread-115 2020-08-09 18:59:47.025 - The Taj Mahal complex is believed to have been completed in its entirety in 1653 at a cost estimated at the time to be around 32 million rupees, which in 2020 would be approximately 70 billion rupees (about U.S. $916 million).
8005:123145795403776::Thread-115 2020-08-09 18:59:47.518 - He was the first British footballer to play 100 UEFA Champions League games.
8003:123145795403776::Thread-115 2020-08-09 18:59:47.587 - Personal life
Matarazzo is of Italian descent.Matarazzo was born with cleidocranial dysostosis (CCD), which he has spoken openly about, even documenting one of his surgeries, during which 14 supernumary teeth were removed, on Instagram.
8002:123145795403776::Thread-115 2020-08-09 18:59:47.938 - The construction project employed some 20,000 artisans under the guidance of a board of architects led by the court architect to the emperor, Ustad Ahmad Lahauri.
8003:123145795403776::Thread-115 2020-08-09 18:59:48.012 - After he was cast in Stranger Things as Dustin Henderson, the character's background was modified to have the condition as well.
8002:123145795403776::Thread-115 2020-08-09 18:59:48.452 - The Taj Mahal was designated as a UNESCO World Heritage Site in 1983 for being "the jewel of Muslim art in India and one of the universally admired masterpieces of the world's heritage".
8006:123145795403776::Thread-115 2020-08-09 18:59:48.499 - They hold a joint-highest seven second-tier titles (six Second Division and one Championship).
8005:123145795403776::Thread-115 2020-08-09 18:59:48.606 - In international football, Beckham made his England debut on 1 September 1996 at the age of 21.
8002:123145795403776::Thread-115 2020-08-09 18:59:48.829 - It is regarded by many as the best example of Mughal architecture and a symbol of India's rich history.
8002:123145795403776::Thread-115 2020-08-09 18:59:49.772 - The Taj Mahal attracts 7–8 million visitors a year and in 2007, it was declared a winner of the New 7 Wonders of the World (2000–2007) initiative.
8004:123145795403776::Thread-115 2020-08-09 18:59:49.961 - **END**
8002:123145795403776::Thread-115 2020-08-09 18:59:50.481 - Inspiration
The Taj Mahal was commissioned by Shah Jahan in 1631, to be built in the memory of his wife Mumtaz Mahal, who died on 17 June that year, while giving birth to their 14th child, Gauhara Begum.
8003:123145795403776::Thread-115 2020-08-09 18:59:51.013 - **END**
8006:123145795403776::Thread-115 2020-08-09 18:59:51.504 - **END**
8002:123145795403776::Thread-115 2020-08-09 18:59:52.486 - **END**
8004:123145795403776::Thread-115 2020-08-09 18:59:52.98 - **START**
8004:123145795403776::Thread-115 2020-08-09 18:59:53.023 - Starting new HTTPS connection (1): en.wikipedia.org
8004:123145795403776::Thread-115 2020-08-09 18:59:53.69 - Sexual intercourse (or coitus or copulation) is sexual activity typically involving the insertion and thrusting of the penis into the vagina for sexual pleasure, reproduction, or both.
8006:123145795403776::Thread-115 2020-08-09 18:59:54.506 - **START**
8006:123145795403776::Thread-115 2020-08-09 18:59:54.515 - Starting new HTTPS connection (1): en.wikipedia.org
8004:123145795403776::Thread-115 2020-08-09 18:59:54.762 - This is also known as vaginal intercourse or vaginal sex.
8006:123145795403776::Thread-115 2020-08-09 18:59:55.6 - The Talmud (; Hebrew: תַּלְמוּד‎) is the central text of Rabbinic Judaism and the primary source of Jewish religious law (halakha) and Jewish theology.
8002:123145795403776::Thread-115 2020-08-09 18:59:56.488 - **START**
8002:123145795403776::Thread-115 2020-08-09 18:59:56.49 - Starting new HTTPS connection (1): en.wikipedia.org
8005:123145795403776::Thread-115 2020-08-09 18:59:56.613 - **END**
8004:123145795403776::Thread-115 2020-08-09 18:59:56.636 - Other forms of penetrative sexual intercourse include anal sex (penetration of the anus by the penis), oral sex (penetration of the mouth by the penis or oral penetration of the female genitalia), fingering (sexual penetration by the fingers), and penetration by use of a dildo (especially a strap-on dildo).
8004:123145795403776::Thread-115 2020-08-09 18:59:56.676 - These activities involve physical intimacy between two or more individuals and are usually used among humans solely for physical or emotional pleasure and can contribute to human bonding.There are different views on what constitutes sexual intercourse or other sexual activity, which can impact on views on sexual health.
8004:123145795403776::Thread-115 2020-08-09 18:59:56.74 - Although sexual intercourse, particularly the variant coitus, generally denotes penile–vaginal penetration and the possibility of creating offspring, it also commonly denotes penetrative oral sex and penile–anal sex, especially the latter.
8006:123145795403776::Thread-115 2020-08-09 18:59:57.265 - Until the advent of modernity, in nearly all Jewish communities, the Talmud was the centerpiece of Jewish cultural life and was foundational to "all Jewish thought and aspirations", serving also as "the guide for the daily life" of Jews.The term "Talmud" normally refers to the collection of writings named specifically the Babylonian Talmud (Talmud Bavli), although there is also an earlier collection known as the Jerusalem Talmud (Talmud Yerushalmi).
8002:123145795403776::Thread-115 2020-08-09 18:59:57.846 - Exo (Korean: 엑소; stylized in all caps) is a South Korean–Chinese boy band based in Seoul, with nine members: Xiumin, Suho, Lay, Baekhyun, Chen, Chanyeol, D.O., Kai and Sehun.
8004:123145795403776::Thread-115 2020-08-09 18:59:58.051 - It usually encompasses sexual penetration, while non-penetrative sex has been labeled "outercourse", but non-penetrative sex may also be considered sexual intercourse.
8006:123145795403776::Thread-115 2020-08-09 18:59:58.114 - It may also traditionally be called Shas (ש״ס), a Hebrew abbreviation of shisha sedarim, or the "six orders" of the Mishnah.
8006:123145795403776::Thread-115 2020-08-09 18:59:58.177 - The Talmud has two components; the Mishnah (Hebrew: משנה‎, c. 200), a written compendium of Rabbinic Judaism's Oral Torah; and the Gemara (Hebrew: גמרא‎, c. 500), an elucidation of the Mishnah and related Tannaitic writings that often ventures onto other subjects and expounds broadly on the Hebrew Bible.
8002:123145795403776::Thread-115 2020-08-09 18:59:58.27 - The band was formed by SM Entertainment in 2011 and debuted in 2012.
8006:123145795403776::Thread-115 2020-08-09 18:59:58.666 - The term "Talmud" may refer to either the Gemara alone, or the Mishnah and Gemara together.
8002:123145795403776::Thread-115 2020-08-09 18:59:58.782 - Their music incorporates genres like pop, hip-hop, and R&B, alongside electronic dance music genres like house, trap, and synth-pop.
8004:123145795403776::Thread-115 2020-08-09 18:59:59.136 - Sex, often a shorthand for sexual intercourse, can mean any form of sexual activity.
8002:123145795403776::Thread-115 2020-08-09 18:59:59.763 - Exo releases and performs music in Korean, Mandarin, and Japanese.
8003:123145795403776::Thread-115 2020-08-09 19:00:00.019 - **START**
8003:123145795403776::Thread-115 2020-08-09 19:00:00.101 - Starting new HTTPS connection (1): en.wikipedia.org
8004:123145795403776::Thread-115 2020-08-09 19:00:00.106 - Because people can be at risk of contracting sexually transmitted infections during these activities, safer sex practices are recommended by health professionals to reduce transmission risk.Various jurisdictions place restrictions on certain sexual acts, such as incest, sexual activity with minors, prostitution, rape, zoophilia, sodomy, premarital and extramarital sex.
8006:123145795403776::Thread-115 2020-08-09 19:00:00.621 - The entire Talmud consists of 63 tractates, and in the standard print, called the Vilna Shas, it is 2,711 double-sided folios.
8002:123145795403776::Thread-115 2020-08-09 19:00:00.662 - The band ranked as one of the top five most influential celebrities on the Forbes Korea Power Celebrity list each year from 2014 to 2018, and have been named "the biggest boy band in the world" and the "kings of K-pop" by media outlets.
8002:123145795403776::Thread-115 2020-08-09 19:00:00.713 - Since 2014, Exo has exclusively performed as one group, while continuing to release and perform music in multiple languages.
8006:123145795403776::Thread-115 2020-08-09 19:00:01.136 - It is written in Mishnaic Hebrew and Jewish Babylonian Aramaic and contains the teachings and opinions of thousands of rabbis (dating from before the Common Era through to the fifth century) on a variety of subjects, including halakha, Jewish ethics, philosophy, customs, history, and folklore, and many other topics.
8002:123145795403776::Thread-115 2020-08-09 19:00:01.684 - Previously, the band debuted with twelve members separated into two sub-groups: Exo-K (Suho, Baekhyun, Chanyeol, D.O., Kai, and Sehun) and Exo-M (Xiumin, Lay, Chen, and former members Kris, Luhan, and Tao).
8004:123145795403776::Thread-115 2020-08-09 19:00:02.042 - Religious beliefs also play a role in personal decisions about sexual intercourse or other sexual activity, such as decisions about virginity, or legal and public policy matters.
8002:123145795403776::Thread-115 2020-08-09 19:00:02.051 - Exo-K and Exo-M performed music in Korean and Mandarin, respectively, until the release of their third EP Overdose in 2014.
8003:123145795403776::Thread-115 2020-08-09 19:00:02.483 - Gianna Michaels (born 1983 in Seattle, Washington), is an  American pornographic actress.
8006:123145795403776::Thread-115 2020-08-09 19:00:02.624 - The Talmud is the basis for all codes of Jewish law, and is widely quoted in rabbinic literature.
8004:123145795403776::Thread-115 2020-08-09 19:00:02.633 - Religious views on sexuality vary significantly between different religions and sects of the same religion, though there are common themes, such as prohibition of adultery.
8002:123145795403776::Thread-115 2020-08-09 19:00:02.709 - After the departures of Kris, Luhan, and Tao amid legal battles in 2014 and 2015, the band continued with the remaining nine members.
8002:123145795403776::Thread-115 2020-08-09 19:00:03.572 - Since 2016, Chen, Baekhyun, and Xiumin have also released music and performed as a sub-unit named Exo-CBX, and members Sehun and Chanyeol have promoted as a sub-unit named Exo-SC since 2019.
8004:123145795403776::Thread-115 2020-08-09 19:00:04.668 - **END**
8005:123145795403776::Thread-115 2020-08-09 19:00:06.617 - **START**
8005:123145795403776::Thread-115 2020-08-09 19:00:06.633 - Starting new HTTPS connection (1): en.wikipedia.org
8005:123145795403776::Thread-115 2020-08-09 19:00:07.923 - Kanye Omari West (; born June 8, 1977) is an American rapper, producer, and fashion designer.Born in Atlanta and raised in Chicago, West was first known as a producer for Roc-A-Fella Records in the early 2000s, producing singles for several mainstream artists.
8005:123145795403776::Thread-115 2020-08-09 19:00:07.983 - Intent on pursuing a solo career as a rapper, West released his debut album The College Dropout in 2004 to critical and commercial success, and founded the record label GOOD Music.
8005:123145795403776::Thread-115 2020-08-09 19:00:08.748 - He experimented with a variety of musical genres on subsequent acclaimed studio albums, including Late Registration (2005), Graduation (2007), and 808s & Heartbreak (2008).
8005:123145795403776::Thread-115 2020-08-09 19:00:09.16 - Drawing inspiration from maximalism and minimalism, respectively, West's fifth album My Beautiful Dark Twisted Fantasy (2010) and sixth album Yeezus (2013) were also critical successes.
8005:123145795403776::Thread-115 2020-08-09 19:00:09.407 - He went on to release The Life of Pablo (2016), Ye (2018), and Jesus Is King (2019).
8005:123145795403776::Thread-115 2020-08-09 19:00:09.568 - West's discography also includes the full-length collaborations Watch the Throne (2011) and Kids See Ghosts (2018) with Jay-Z and Kid Cudi, respectively.
8005:123145795403776::Thread-115 2020-08-09 19:00:10.292 - West's outspoken views and life outside of music have received significant media attention.
8003:123145795403776::Thread-115 2020-08-09 19:00:10.485 - **END**
8002:123145795403776::Thread-115 2020-08-09 19:00:10.574 - **END**
8006:123145795403776::Thread-115 2020-08-09 19:00:10.625 - **END**
8005:123145795403776::Thread-115 2020-08-09 19:00:10.955 - He has been a frequent source of controversy for his conduct at award shows, on social media, and in other public settings, as well as for his comments on the music and fashion industries, U.S. politics, and race.
8005:123145795403776::Thread-115 2020-08-09 19:00:11.803 - His Christian faith, as well as his marriage to television personality Kim Kardashian, have also been a source of media attention.
8005:123145795403776::Thread-115 2020-08-09 19:00:12.714 - As a fashion designer, he has collaborated with Nike, Louis Vuitton, and A.P.C.
8005:123145795403776::Thread-115 2020-08-09 19:00:13.654 - on both clothing and footwear, and have most prominently resulted in the Yeezy collaboration with Adidas beginning in 2013.
8005:123145795403776::Thread-115 2020-08-09 19:00:17.659 - **END**