8003:123145378951168::Thread-16 2020-08-09 18:59:30.223 - **START**
8003:123145378951168::Thread-16 2020-08-09 18:59:31.142 - Starting new HTTPS connection (1): en.wikipedia.org
8004:123145378951168::Thread-16 2020-08-09 18:59:32.201 - **START**
8006:123145378951168::Thread-16 2020-08-09 18:59:32.418 - **START**
8004:123145378951168::Thread-16 2020-08-09 18:59:33.074 - Starting new HTTPS connection (1): en.wikipedia.org
8006:123145378951168::Thread-16 2020-08-09 18:59:33.076 - Starting new HTTPS connection (1): en.wikipedia.org
8005:123145378951168::Thread-16 2020-08-09 18:59:33.198 - **START**
8002:123145378951168::Thread-16 2020-08-09 18:59:33.275 - **START**
8003:123145378951168::Thread-16 2020-08-09 18:59:34.786 - Los Angeles ( (listen); Spanish: Los Ángeles; Spanish for 'The Angels'), officially the City of Los Angeles and often known by its initials L.A., is the largest city in California.
8002:123145378951168::Thread-16 2020-08-09 18:59:34.869 - Starting new HTTPS connection (1): en.wikipedia.org
8003:123145378951168::Thread-16 2020-08-09 18:59:34.953 - With an estimated population of nearly four million people, it is the second-most populous city in the United States (after New York City) and the third-most populous city in North America (after Mexico City and New York City).
8003:123145378951168::Thread-16 2020-08-09 18:59:35.798 - Los Angeles is known for its Mediterranean climate, ethnic diversity, Hollywood entertainment industry, and its sprawling metropolis.
8005:123145378951168::Thread-16 2020-08-09 18:59:36.028 - Starting new HTTPS connection (1): en.wikipedia.org
8006:123145378951168::Thread-16 2020-08-09 18:59:36.345 - Mexico (Spanish: México [ˈmexiko] (listen); Nahuan languages: Mēxihco), officially the United Mexican States (Spanish: Estados Unidos Mexicanos; EUM  [esˈtaðos uˈniðoz mexiˈkanos] (listen)), is a country in the southern portion of North America.
8006:123145378951168::Thread-16 2020-08-09 18:59:36.431 - It is bordered to the north by the United States; to the south and west by the Pacific Ocean; to the southeast by Guatemala, Belize, and the Caribbean Sea; and to the east by the Gulf of Mexico.
8006:123145378951168::Thread-16 2020-08-09 18:59:36.802 - Mexico covers 1,972,550 square kilometers (761,610 sq mi) and has approximately 128,649,565 inhabitants, making it the world's 13th-largest country by area, 10th-most populous country, and most populous Spanish-speaking nation.
8006:123145378951168::Thread-16 2020-08-09 18:59:36.97 - It is a federation comprising 31 states and Mexico City, its capital city and largest metropolis.
8002:123145378951168::Thread-16 2020-08-09 18:59:37.119 - Manchester City Football Club is an English football club based in Manchester that competes in the Premier League, the top flight of English football.
8003:123145378951168::Thread-16 2020-08-09 18:59:37.361 - Los Angeles lies in a basin in Southern California, adjacent to the Pacific Ocean, with mountains as high as 10,000 feet (3,000 m), and deserts.
8006:123145378951168::Thread-16 2020-08-09 18:59:37.536 - Other major urban areas include Guadalajara, Monterrey, Puebla, Toluca, Tijuana, Ciudad Juárez, and León.Pre-Columbian Mexico traces its origins to 8,000 BC and is identified as one of six cradles of civilization; it was home to many advanced Mesoamerican civilizations, most well-known among them the Maya and the Aztecs.
8004:123145378951168::Thread-16 2020-08-09 18:59:37.785 - The Spain national football team (Spanish: Selección Española de Fútbol) has represented Spain in international men's football competition since 1920.
8002:123145378951168::Thread-16 2020-08-09 18:59:37.904 - Founded in 1880 as St. Mark's (West Gorton), it became Ardwick Association Football Club in 1887 and Manchester City in 1894.
8003:123145378951168::Thread-16 2020-08-09 18:59:37.97 - The city, which covers about 469 square miles (1,210 km2), is the seat of Los Angeles County, the most populous county in the United States.
8006:123145378951168::Thread-16 2020-08-09 18:59:38.378 - In 1521, the Spanish Empire conquered and colonized the territory from its base in Mexico City, which then became known as New Spain.
8002:123145378951168::Thread-16 2020-08-09 18:59:38.558 - The club's home ground is the Etihad Stadium in east Manchester, to which it moved in 2003, having played at Maine Road since 1923.
8006:123145378951168::Thread-16 2020-08-09 18:59:39.054 - The Catholic Church played an important role as millions of indigenous inhabitants converted.
8004:123145378951168::Thread-16 2020-08-09 18:59:39.182 - It is governed by the Royal Spanish Football Federation, the governing body for football in Spain.
8002:123145378951168::Thread-16 2020-08-09 18:59:39.518 - The club adopted their sky blue home shirts in 1894 in the first season of the club's current iteration, that have been used ever since.Manchester City entered the Football League in 1899, and won their first major honour with the FA Cup in 1904.
8006:123145378951168::Thread-16 2020-08-09 18:59:39.75 - These populations were heavily exploited to mine rich deposits of precious material, which became a major source of wealth for the Spanish.
8003:123145378951168::Thread-16 2020-08-09 18:59:39.856 - The Los Angeles metropolitan area (MSA) is home to 13.1 million people, making it the second-largest metropolitan area in the nation after New York.
8004:123145378951168::Thread-16 2020-08-09 18:59:39.865 - Spain are one of the eight national teams to have been crowned worldwide champions, having participated in a total of 15 of 21 FIFA World Cups and qualifying consistently since 1978.
8002:123145378951168::Thread-16 2020-08-09 18:59:40.035 - The club had its first major period of success in the late 1960s, winning the League, European Cup Winners Cup, FA Cup and League Cup under the management of Joe Mercer and Malcolm Allison.
8006:123145378951168::Thread-16 2020-08-09 18:59:40.542 - Mexico became an independent nation state after the successful Mexican War of Independence against Spain in 1821.The War of Texas Independence in 1836 and the Mexican–American War led to huge territorial losses in Mexico's sparsely populated north, contiguous to the United States.
8002:123145378951168::Thread-16 2020-08-09 18:59:40.604 - After losing the 1981 FA Cup Final, the club went through a period of decline, culminating in relegation to the third tier of English football for the only time in its history in 1998.
8006:123145378951168::Thread-16 2020-08-09 18:59:41.034 - The newly instituted reforms that granted protection to indigenous communities, and curtailed the power of the military and the church, were enshrined in the Constitution of 1857.
8002:123145378951168::Thread-16 2020-08-09 18:59:41.318 - They since regained promotion to the top tier in 2001–02 and have remained a fixture in the Premier League since 2002–03.
8005:123145378951168::Thread-16 2020-08-09 18:59:41.541 - Tottenham Hotspur Football Club, commonly referred to as Tottenham () or Spurs, is an English professional football club in Tottenham, London, that competes in the Premier League.
8002:123145378951168::Thread-16 2020-08-09 18:59:41.606 - In 2008, Manchester City was purchased by Abu Dhabi United Group for £210 million and received considerable financial investment in both playing staff and club facilities, including the £150 million Etihad Campus in east Manchester.
8005:123145378951168::Thread-16 2020-08-09 18:59:41.787 - Tottenham Hotspur Stadium has been the club's home ground since April 2019, replacing their former home of White Hart Lane, which had been demolished to make way for the new stadium on the same site.
8003:123145378951168::Thread-16 2020-08-09 18:59:41.798 - Greater Los Angeles includes metro Los Angeles as well as the Inland Empire and Ventura County.
8006:123145378951168::Thread-16 2020-08-09 18:59:42.036 - **END**
8002:123145378951168::Thread-16 2020-08-09 18:59:42.051 - Under the management of Pep Guardiola they won the Premier League in 2018 becoming the only Premier League team to attain 100 points in a single season.
8002:123145378951168::Thread-16 2020-08-09 18:59:42.052 - **END**
8004:123145378951168::Thread-16 2020-08-09 18:59:42.211 - Spain has also won three continental titles, having appeared at 10 of 15 UEFA European Championships.
8003:123145378951168::Thread-16 2020-08-09 18:59:42.505 - It is the second-most populous U.S. combined statistical area, also after New York, with a 2015 estimate of 18.7 million people.Home to the Chumash and Tongva, Los Angeles was claimed by Juan Rodríguez Cabrillo for Spain in 1542.
8004:123145378951168::Thread-16 2020-08-09 18:59:43.584 - Spain became the first European team to win a FIFA World Cup outside of Europe, having won the 2010 tournament in South Africa, as well as having won back-to-back European titles in Euro 2008 and Euro 2012, defeating Germany and Italy in the respective finals, making them the only national team with three consecutive major titles.
8004:123145378951168::Thread-16 2020-08-09 18:59:43.803 - Because of this, from 2008 to 2013, the national team won the FIFA Team of the Year, the second-most of any nation, behind only Brazil.
8005:123145378951168::Thread-16 2020-08-09 18:59:44.146 - Their training ground is on Hotspur Way in Bulls Cross in the London Borough of Enfield.
8003:123145378951168::Thread-16 2020-08-09 18:59:44.385 - The city was founded on September 4, 1781, by Spanish governor Felipe de Neve.
8004:123145378951168::Thread-16 2020-08-09 18:59:44.665 - Also between February 2007 and June 2009, Spain went undefeated for a record-equalling 35 consecutive matches, a record shared with Brazil.
8003:123145378951168::Thread-16 2020-08-09 18:59:45.172 - It became a part of Mexico in 1821 following the Mexican War of Independence.
8004:123145378951168::Thread-16 2020-08-09 18:59:46.484 - Their achievements have led many experts and commentators to consider the 2008–2012 Spanish squads, among the best ever international sides in world football.
8004:123145378951168::Thread-16 2020-08-09 18:59:46.598 - History

Spain has been a member of FIFA since FIFA's foundation in 1904, even though the Spanish Football Federation was first established in 1909.
8002:123145378951168::Thread-16 2020-08-09 18:59:47.053 - **START**
8002:123145378951168::Thread-16 2020-08-09 18:59:47.063 - Starting new HTTPS connection (1): en.wikipedia.org
8005:123145378951168::Thread-16 2020-08-09 18:59:47.129 - The club is owned by ENIC Group.
8004:123145378951168::Thread-16 2020-08-09 18:59:47.67 - The first Spain national football team was constituted in 1920, with the main objective of finding a team that would represent Spain at the Summer Olympics held in Belgium in that same year.
8002:123145378951168::Thread-16 2020-08-09 18:59:48.148 - The Louvre (English:  LOOV(-rə)), or the Louvre Museum (French: Musée du Louvre [myze dy luvʁ] (listen)), is the world's  largest art museum and a historic monument in Paris, France.
8002:123145378951168::Thread-16 2020-08-09 18:59:48.872 - A central landmark of the city, it is located on the Right Bank of the Seine in the city's 1st arrondissement (district or ward).
8005:123145378951168::Thread-16 2020-08-09 18:59:49.332 - Tottenham have played in a first (home) strip of white shirts and navy blue shorts since the 1898–99 season.
8002:123145378951168::Thread-16 2020-08-09 18:59:49.449 - Approximately 38,000 objects from prehistory to the 21st century are exhibited over an area of 72,735 square meters (782,910 square feet).
8004:123145378951168::Thread-16 2020-08-09 18:59:49.676 - **END**
8002:123145378951168::Thread-16 2020-08-09 18:59:50.15 - In 2019, the Louvre received 9.6 million visitors, making it the most visited museum in the world.The museum is housed in the Louvre Palace, originally built as the Louvre castle in the late 12th to 13th century under Philip II.
8005:123145378951168::Thread-16 2020-08-09 18:59:50.459 - The club's emblem is a cockerel standing upon a football, with a Latin motto Audere est Facere ("To Dare Is to Do").
8002:123145378951168::Thread-16 2020-08-09 18:59:50.794 - Remnants of the fortress are visible in the basement of the museum.
8005:123145378951168::Thread-16 2020-08-09 18:59:50.924 - Founded in 1882, Tottenham won the FA Cup for the first time in 1901, the only non-League club to do so since the formation of the Football League in 1888.
8003:123145378951168::Thread-16 2020-08-09 18:59:51.176 - **END**
8002:123145378951168::Thread-16 2020-08-09 18:59:51.732 - Due to urban expansion, the fortress eventually lost its defensive function, and in 1546 Francis I converted it into the primary residence of the French Kings.
8002:123145378951168::Thread-16 2020-08-09 18:59:52.649 - The building was extended many times to form the present Louvre Palace.
8005:123145378951168::Thread-16 2020-08-09 18:59:52.788 - Tottenham were the first club in the 20th century to achieve the League and FA Cup Double, winning both competitions in the 1960–61 season.
8002:123145378951168::Thread-16 2020-08-09 18:59:53.124 - In 1682, Louis XIV chose the Palace of Versailles for his household, leaving the Louvre primarily as a place to display the royal collection, including, from 1692, a collection of ancient Greek and Roman sculpture.
8002:123145378951168::Thread-16 2020-08-09 18:59:53.36 - In 1692, the building was occupied by the Académie des Inscriptions et Belles-Lettres and the Académie Royale de Peinture et de Sculpture, which in 1699 held the first of a series of salons.
8002:123145378951168::Thread-16 2020-08-09 18:59:54.282 - The Académie remained at the Louvre for 100 years.
8005:123145378951168::Thread-16 2020-08-09 18:59:54.289 - After successfully defending the FA Cup in 1962, in 1963 they became the first British club to win a UEFA club competition – the European Cup Winners' Cup.
8002:123145378951168::Thread-16 2020-08-09 18:59:54.708 - During the French Revolution, the National Assembly decreed that the Louvre should be used as a museum to display the nation's masterpieces.
8006:123145378951168::Thread-16 2020-08-09 18:59:55.037 - **START**
8006:123145378951168::Thread-16 2020-08-09 18:59:55.04 - Starting new HTTPS connection (1): en.wikipedia.org
8005:123145378951168::Thread-16 2020-08-09 18:59:55.455 - They were also the inaugural winners of the UEFA Cup in 1972, becoming the first British club to win two different major European trophies.
8006:123145378951168::Thread-16 2020-08-09 18:59:56.726 - Angkor Wat (; Khmer: អង្គរវត្ត, "City/Capital of Temples") is a temple complex in Cambodia and the largest religious monument in the world, on a site measuring 162.6 hectares (1,626,000 m2; 402 acres).
8006:123145378951168::Thread-16 2020-08-09 18:59:56.992 - Originally constructed as a Hindu temple dedicated to the god Vishnu for the Khmer Empire, it was gradually transformed into a Buddhist temple towards the end of the 12th century as such it is also described as a "Hindu-Buddhist" temple.
8006:123145378951168::Thread-16 2020-08-09 18:59:57.623 - It was built by the Khmer King Suryavarman II in the early 12th century in Yaśodharapura (Khmer: យសោធរបុរៈ, present-day Angkor), the capital of the Khmer Empire, as his state temple and eventual mausoleum.
8006:123145378951168::Thread-16 2020-08-09 18:59:58.727 - Breaking from the Shaiva tradition of previous kings, Angkor Wat was instead dedicated to Vishnu.
8003:123145378951168::Thread-16 2020-08-09 18:59:59.182 - **START**
8003:123145378951168::Thread-16 2020-08-09 18:59:59.256 - Starting new HTTPS connection (1): en.wikipedia.org
8005:123145378951168::Thread-16 2020-08-09 18:59:59.456 - **END**
8006:123145378951168::Thread-16 2020-08-09 19:00:00.272 - As the best-preserved temple at the site, it is the only one to have remained a significant religious centre since its foundation.
8002:123145378951168::Thread-16 2020-08-09 19:00:00.709 - **END**
8006:123145378951168::Thread-16 2020-08-09 19:00:00.754 - The temple is at the top of the high classical style of Khmer architecture.
8006:123145378951168::Thread-16 2020-08-09 19:00:00.766 - It has become a symbol of Cambodia, appearing on its national flag, and it is the country's prime attraction for visitors.Angkor Wat combines two basic plans of Khmer temple architecture: the temple-mountain and the later galleried temple.
8006:123145378951168::Thread-16 2020-08-09 19:00:01.395 - It is designed to represent Mount Meru, home of the devas in Hindu mythology: within a moat more than 5 kilometres (3 mi) long and an outer wall 3.6 kilometres (2.2 mi) long are three rectangular galleries, each raised above the next.
8006:123145378951168::Thread-16 2020-08-09 19:00:01.685 - At the centre of the temple stands a quincunx of towers.
8003:123145378951168::Thread-16 2020-08-09 19:00:02.717 - The Vedas (; Sanskrit: वेदः vedaḥ, "knowledge") are a large body of religious texts originating in ancient India.
8006:123145378951168::Thread-16 2020-08-09 19:00:02.935 - Unlike most Angkorian temples, Angkor Wat is oriented to the west; scholars are divided as to the significance of this.
8003:123145378951168::Thread-16 2020-08-09 19:00:04.676 - Composed in Vedic Sanskrit, the texts constitute the oldest layer of Sanskrit literature and the oldest scriptures of Hinduism.There are four Vedas: the Rigveda, the Yajurveda, the Samaveda and the Atharvaveda.
8003:123145378951168::Thread-16 2020-08-09 19:00:04.966 - Each Veda has four subdivisions – the Samhitas (mantras and benedictions), the Aranyakas (text on rituals, ceremonies, sacrifices and symbolic-sacrifices), the Brahmanas (commentaries on rituals, ceremonies and sacrifices), and the Upanishads (texts discussing meditation, philosophy and spiritual knowledge).
8004:123145378951168::Thread-16 2020-08-09 19:00:05.682 - **START**
8004:123145378951168::Thread-16 2020-08-09 19:00:05.69 - Starting new HTTPS connection (1): en.wikipedia.org
8003:123145378951168::Thread-16 2020-08-09 19:00:06.367 - Some scholars add a fifth category – the Upasanas (worship).
8003:123145378951168::Thread-16 2020-08-09 19:00:06.832 - The texts of the Upanishads discuss ideas akin to the heterodox sramana-traditions.Vedas are śruti ("what is heard"), distinguishing them from other religious texts, which are called smṛti ("what is remembered").
8004:123145378951168::Thread-16 2020-08-09 19:00:07.961 - Vladimir Vladimirovich Putin (; Russian: Влади́мир Влади́мирович Пу́тин [vɫɐˈdʲimʲɪr vɫɐˈdʲimʲɪrəvʲɪtɕ ˈputʲɪn] (listen); born 7 October 1952) is a Russian politician and a former officer of the KGB who has served as President of Russia since 2012, previously holding the position from 1999 until 2008.
8004:123145378951168::Thread-16 2020-08-09 19:00:09.074 - He was also the Prime Minister of Russia from 1999 to 2000 and again from 2008 to 2012.
8003:123145378951168::Thread-16 2020-08-09 19:00:09.171 - Hindus consider the Vedas to be apauruṣeya, which means "not of a man, superhuman" and "impersonal, authorless," revelations of sacred sounds and texts heard by ancient sages after intense meditation.The Vedas have been orally transmitted since the 2nd millennium BCE with the help of elaborate mnemonic techniques.
8005:123145378951168::Thread-16 2020-08-09 19:00:10.457 - **START**
8005:123145378951168::Thread-16 2020-08-09 19:00:10.462 - Starting new HTTPS connection (1): en.wikipedia.org
8003:123145378951168::Thread-16 2020-08-09 19:00:11.303 - The mantras, the oldest part of the Vedas, are recited in the modern age for their phonology rather than the semantics, and are considered to be "primordial rhythms of creation", preceding the forms to which they refer.
8004:123145378951168::Thread-16 2020-08-09 19:00:11.332 - Putin was born in Leningrad (now Saint Petersburg) and studied law at Leningrad State University, graduating in 1975.
8004:123145378951168::Thread-16 2020-08-09 19:00:11.579 - Putin worked as a KGB foreign intelligence officer for 16 years, rising to the rank of Lieutenant Colonel, before resigning in 1991 to begin a political career in Saint Petersburg.
8005:123145378951168::Thread-16 2020-08-09 19:00:11.906 - Rowan Blanchard (born October 14, 2001) is an American actress.
8006:123145378951168::Thread-16 2020-08-09 19:00:11.944 - **END**
8005:123145378951168::Thread-16 2020-08-09 19:00:12.106 - She is known for her role as Riley Matthews on the Disney Channel series Girl Meets World that aired from 2014 until 2017.
8003:123145378951168::Thread-16 2020-08-09 19:00:12.269 - By reciting them the cosmos is regenerated, "by enlivening and nourishing the forms of creation at their base.
8005:123145378951168::Thread-16 2020-08-09 19:00:12.511 - From 2017 until 2018, she made recurred on The Goldbergs as Jackie Geary.
8004:123145378951168::Thread-16 2020-08-09 19:00:12.887 - He later moved to Moscow in 1996 to join the administration of President Boris Yeltsin.
8005:123145378951168::Thread-16 2020-08-09 19:00:12.988 - Life and career


Early life
Blanchard was born in Los Angeles, California, to Elizabeth and Mark Blanchard-Boulbol, who are yoga instructors.
8005:123145378951168::Thread-16 2020-08-09 19:00:13.201 - Her paternal grandfather was an immigrant from the Middle East, who had paternal Syrian ancestry and maternal Armenian ancestry, and her paternal grandmother's ancestors are from England, Denmark, and Sweden.
8005:123145378951168::Thread-16 2020-08-09 19:00:13.732 - Her paternal great grandparents had met in Aleppo, present-day Syria.
8005:123145378951168::Thread-16 2020-08-09 19:00:14.032 - She was named after a character in Anne Rice's The Witching Hour.
8005:123145378951168::Thread-16 2020-08-09 19:00:15.024 - Rowan has two younger siblings, Carmen and Shane.
8003:123145378951168::Thread-16 2020-08-09 19:00:15.116 - "The various Indian philosophies and Hindu denominations have taken differing positions on the Vedas; schools of Indian philosophy which acknowledge the primal  authority of the Vedas are classified as "orthodox" (āstika).
8003:123145378951168::Thread-16 2020-08-09 19:00:15.242 - Other śramaṇa traditions, such as Lokayata, Carvaka, Ajivika, Buddhism and Jainism, which did not regard the Vedas as authorities, are referred to as "heterodox" or "non-orthodox" (nāstika) schools.
8005:123145378951168::Thread-16 2020-08-09 19:00:15.333 - Career

Blanchard began acting in 2010 at the age of five, first being cast as Mona's daughter in The Back-up Plan and was in the main cast of the Disney Junior Original Series Dance-a-Lot Robot as Caitlin.
8004:123145378951168::Thread-16 2020-08-09 19:00:15.45 - He served as Director of the Federal Security Service (FSB) and Secretary of the Security Council, before being appointed as Prime Minister in August 1999.
8005:123145378951168::Thread-16 2020-08-09 19:00:16.229 - In 2011, she was cast as Rebecca Wilson in Spy Kids: All the Time in the World, and as Raquel Pacheco in Little in Common.
8003:123145378951168::Thread-16 2020-08-09 19:00:16.483 - Etymology and usage
The Sanskrit word véda "knowledge, wisdom"  is derived from the root vid- "to know".
8003:123145378951168::Thread-16 2020-08-09 19:00:16.483 - **END**
8004:123145378951168::Thread-16 2020-08-09 19:00:17.433 - After the resignation of Yeltsin, Putin became Acting President, and less than four months later was elected outright to his first term as president and was reelected in 2004.
8004:123145378951168::Thread-16 2020-08-09 19:00:19.756 - During his first tenure as president, the Russian economy grew for eight straight years, with GDP measured by purchasing power increasing by 72%, real incomes increased by a factor of 2.5, real wages more than tripled; unemployment and poverty more than halved and the Russians' self-assessed life satisfaction rose significantly.
8004:123145378951168::Thread-16 2020-08-09 19:00:19.761 - The growth was a result of a five-fold increase in the price of oil and gas which constitute the majority of Russian exports, recovery from the post-Communist depression and financial crises, a rise in foreign investment, and prudent economic and fiscal policies.
8005:123145378951168::Thread-16 2020-08-09 19:00:21.231 - **END**
8004:123145378951168::Thread-16 2020-08-09 19:00:22.731 - Putin served as Prime Minister under Dmitry Medvedev from 2008 to 2012, where he oversaw large scale military reform and police reform.
8004:123145378951168::Thread-16 2020-08-09 19:00:29.733 - **END**