8004:123145618726912::Thread-73 2020-08-09 18:59:27.239 - **START**
8004:123145618726912::Thread-73 2020-08-09 18:59:27.536 - Starting new HTTPS connection (1): en.wikipedia.org
8003:123145618726912::Thread-73 2020-08-09 18:59:29.262 - **START**
8003:123145618726912::Thread-73 2020-08-09 18:59:29.368 - Starting new HTTPS connection (1): en.wikipedia.org
8004:123145618726912::Thread-73 2020-08-09 18:59:30.712 - Mark Robert Michael Wahlberg (born June 5, 1971) is an American actor, producer, restaurateur and former rapper.
8003:123145618726912::Thread-73 2020-08-09 18:59:31.5 - Queen are a British rock band formed in London in 1970.
8003:123145618726912::Thread-73 2020-08-09 18:59:32.074 - Their classic line-up was Freddie Mercury (lead vocals, piano), Brian May (guitar, vocals), Roger Taylor (drums, vocals) and John Deacon (bass).
8004:123145618726912::Thread-73 2020-08-09 18:59:32.167 - He is also known by his former stage name Marky Mark from his career with the group Marky Mark and the Funky Bunch, with whom he released the albums Music for the People (1991) and You Gotta Believe (1992).
8004:123145618726912::Thread-73 2020-08-09 18:59:32.185 - Wahlberg transitioned from music to acting, with his screen debut in Renaissance Man (1994) and his first starring role in Fear (1996).
8002:123145618726912::Thread-73 2020-08-09 18:59:32.319 - **START**
8003:123145618726912::Thread-73 2020-08-09 18:59:32.649 - Their earliest works were influenced by progressive rock, hard rock and heavy metal, but the band gradually ventured into more conventional and radio-friendly works by incorporating further styles, such as arena rock and pop rock.
8003:123145618726912::Thread-73 2020-08-09 18:59:33.401 - Before forming Queen, May and Taylor had played together in the band Smile.
8002:123145618726912::Thread-73 2020-08-09 18:59:33.386 - Starting new HTTPS connection (1): en.wikipedia.org
8004:123145618726912::Thread-73 2020-08-09 18:59:33.629 - He received critical praise for his performance as porn actor Dirk Diggler in Boogie Nights.
8003:123145618726912::Thread-73 2020-08-09 18:59:33.914 - Mercury was a fan of Smile and encouraged them to experiment with more elaborate stage and recording techniques.
8005:123145618726912::Thread-73 2020-08-09 18:59:34.216 - **START**
8003:123145618726912::Thread-73 2020-08-09 18:59:34.908 - He joined in 1970 and suggested the name "Queen".
8003:123145618726912::Thread-73 2020-08-09 18:59:35.243 - Deacon was recruited in March 1971, before the band released their eponymous debut album in 1973.
8003:123145618726912::Thread-73 2020-08-09 18:59:35.643 - Queen first charted in the UK with their second album, Queen II, in 1974.
8004:123145618726912::Thread-73 2020-08-09 18:59:35.647 - In the early 2000s, he ventured into big budget action-oriented movies, such as The Perfect Storm (2000), Planet of the Apes (2001), and The Italian Job (2003).
8002:123145618726912::Thread-73 2020-08-09 18:59:35.746 - Ireland ( (listen); Irish: Éire [ˈeːɾʲə] (listen); Ulster-Scots: Airlann [ˈɑːrlən]) is an island in the North Atlantic.
8005:123145618726912::Thread-73 2020-08-09 18:59:35.951 - Starting new HTTPS connection (1): en.wikipedia.org
8004:123145618726912::Thread-73 2020-08-09 18:59:36.102 - He was nominated for the Academy Award for Best Supporting Actor for playing a police officer in the crime drama The Departed (2006).
8003:123145618726912::Thread-73 2020-08-09 18:59:36.321 - Sheer Heart Attack later that year and A Night at the Opera in 1975 brought them international success.
8003:123145618726912::Thread-73 2020-08-09 18:59:36.49 - The latter featured "Bohemian Rhapsody", which stayed at number one in the UK for nine weeks and helped popularise the music video format.
8002:123145618726912::Thread-73 2020-08-09 18:59:37.126 - It is separated from Great Britain to its east by the North Channel, the Irish Sea, and St George's Channel.
8004:123145618726912::Thread-73 2020-08-09 18:59:37.391 - He was nominated for the Golden Globe Award for Best Actor for the biographical sports drama The Fighter (2010), in which he starred as Micky Ward.
8004:123145618726912::Thread-73 2020-08-09 18:59:37.787 - In the 2010s, he landed successful comedy roles with The Other Guys (2010), Ted (2012), its 2015 sequel, Daddy's Home (2015), and its 2017 sequel.
8004:123145618726912::Thread-73 2020-08-09 18:59:37.931 - He also became the protagonist in the Transformers live-action film franchise (2014, 2017).
8002:123145618726912::Thread-73 2020-08-09 18:59:38.013 - Ireland is the second-largest island of the British Isles, the third-largest in Europe, and the twentieth-largest on Earth.Geopolitically, Ireland is divided between the Republic of Ireland (officially named Ireland), which covers five-sixths of the island, and Northern Ireland, which is part of the United Kingdom.
8004:123145618726912::Thread-73 2020-08-09 18:59:38.998 - He was the world's best-paid actor in 2017.
8006:123145618726912::Thread-73 2020-08-09 18:59:39.245 - **START**
8002:123145618726912::Thread-73 2020-08-09 18:59:39.404 - In 2011, the population of Ireland was about 6.6 million, ranking it the second-most populous island in Europe after Great Britain.
8005:123145618726912::Thread-73 2020-08-09 18:59:39.813 - Fußball-Club Bayern München e.V.
8002:123145618726912::Thread-73 2020-08-09 18:59:40.05 - As of 2016, 4.8 million live in the Republic of Ireland, and 1.8 million live in Northern Ireland.The geography of Ireland comprises relatively low-lying mountains surrounding a central plain, with several navigable rivers extending inland.
8006:123145618726912::Thread-73 2020-08-09 18:59:40.79 - Starting new HTTPS connection (1): en.wikipedia.org
8005:123145618726912::Thread-73 2020-08-09 18:59:41.314 - (German pronunciation: [ˈfuːsbalˌklʊp ˈbaɪɐn ˈmʏnçn̩]), commonly known as FC Bayern München (German pronunciation: [ʔɛf tseː ˈbaɪɐn ˈmʏnçn̩]), FCB, Bayern Munich, or FC Bayern, is a German professional sports club based in Munich, Bavaria.
8005:123145618726912::Thread-73 2020-08-09 18:59:41.83 - It is best known for its professional football team, which plays in the Bundesliga, the top tier of the German football league system, and is the most successful club in German football history, having won a record 30 national titles, including 8 on the bounce since 2013, and 20 national cups, along with numerous European honours.FC Bayern was founded in 1900 by 11 football players, led by Franz John.
8002:123145618726912::Thread-73 2020-08-09 18:59:41.904 - Its lush vegetation is a product of its mild but changeable climate which is free of extremes in temperature.
8002:123145618726912::Thread-73 2020-08-09 18:59:41.945 - Much of Ireland was woodland until the end of the Middle Ages.
8003:123145618726912::Thread-73 2020-08-09 18:59:42.491 - **END**
8005:123145618726912::Thread-73 2020-08-09 18:59:42.974 - Although Bayern won its first national championship in 1932, the club was not selected for the Bundesliga at its inception in 1963.
8002:123145618726912::Thread-73 2020-08-09 18:59:43.085 - Today, woodland makes up about 10% of the island, compared with a European average of over 33%, and most of it is non-native conifer plantations.
8005:123145618726912::Thread-73 2020-08-09 18:59:43.805 - The club had its period of greatest success in the middle of the 1970s when, under the captaincy of Franz Beckenbauer, it won the European Cup three consecutive times (1974–1976).
8005:123145618726912::Thread-73 2020-08-09 18:59:43.925 - Overall, Bayern has reached ten European Cup/UEFA Champions League finals, most recently winning their fifth title in 2013 as part of a continental treble.
8005:123145618726912::Thread-73 2020-08-09 18:59:44.016 - Bayern has also won one UEFA Cup, one European Cup Winners' Cup, one UEFA Super Cup, one FIFA Club World Cup and two Intercontinental Cups, making it one of the most successful European clubs internationally and the only German club to have won both international titles.
8002:123145618726912::Thread-73 2020-08-09 18:59:44.353 - There are twenty-six extant land mammal species native to Ireland.
8005:123145618726912::Thread-73 2020-08-09 18:59:45.266 - Since the formation of the Bundesliga, Bayern has been the dominant club in German football, winning 30 titles, including eight consecutively since 2013.
8002:123145618726912::Thread-73 2020-08-09 18:59:45.371 - The Irish climate is influenced by the Atlantic Ocean and thus very moderate, and winters are milder than expected for such a northerly area, although summers are cooler than those in continental Europe.
8006:123145618726912::Thread-73 2020-08-09 18:59:45.44 - Chelsea Football Club are an English professional football club based in Fulham, London.
8006:123145618726912::Thread-73 2020-08-09 18:59:46.351 - Founded in 1905, the club competes in the Premier League, the top division of English football.
8002:123145618726912::Thread-73 2020-08-09 18:59:46.374 - **END**
8003:123145618726912::Thread-73 2020-08-09 18:59:46.494 - **START**
8003:123145618726912::Thread-73 2020-08-09 18:59:46.501 - Starting new HTTPS connection (1): en.wikipedia.org
8005:123145618726912::Thread-73 2020-08-09 18:59:46.7 - The club has traditional local rivalries with 1860 Munich and 1.
8005:123145618726912::Thread-73 2020-08-09 18:59:46.781 - FC Nürnberg, as well as with Borussia Dortmund since the mid-1990s.
8004:123145618726912::Thread-73 2020-08-09 18:59:47.0 - **END**
8006:123145618726912::Thread-73 2020-08-09 18:59:47.572 - Chelsea are among England's most successful clubs, having won over thirty competitive honours, including six league titles and six European trophies.
8005:123145618726912::Thread-73 2020-08-09 18:59:48.771 - Since the beginning of the 2005–06 season, Bayern has played its home games at the Allianz Arena.
8003:123145618726912::Thread-73 2020-08-09 18:59:49.996 - West Ham United Football Club is an English professional football club based in Stratford, East London.
8002:123145618726912::Thread-73 2020-08-09 18:59:50.38 - **START**
8002:123145618726912::Thread-73 2020-08-09 18:59:50.384 - Starting new HTTPS connection (1): en.wikipedia.org
8006:123145618726912::Thread-73 2020-08-09 18:59:50.555 - Their home ground is Stamford Bridge.Chelsea won their first major honour, the League Championship, in 1955.
8003:123145618726912::Thread-73 2020-08-09 18:59:51.531 - They compete in the Premier League, the top tier of English football.
8003:123145618726912::Thread-73 2020-08-09 18:59:52.176 - The club play at the London Stadium, having moved from their former home the Boleyn Ground in 2016.
8002:123145618726912::Thread-73 2020-08-09 18:59:52.346 - Charles, Prince of Wales (Charles Philip Arthur George; born 14 November 1948) is the heir apparent to the British throne as the eldest child of Queen Elizabeth II.
8003:123145618726912::Thread-73 2020-08-09 18:59:52.667 - The club was founded in 1895 as Thames Ironworks and reformed in 1900 as West Ham United.
8006:123145618726912::Thread-73 2020-08-09 18:59:52.933 - The club won the FA Cup for the first time in 1970 and their first European honour, the UEFA Cup Winners' Cup, in 1971.
8006:123145618726912::Thread-73 2020-08-09 18:59:53.698 - After a period of decline in the late 1970s and 1980s, the club enjoyed a revival in the 1990s and had more success in cup competitions.
8005:123145618726912::Thread-73 2020-08-09 18:59:53.873 - **END**
8003:123145618726912::Thread-73 2020-08-09 18:59:53.999 - They moved to the Boleyn Ground in 1904, which remained their home ground for more than a century.
8002:123145618726912::Thread-73 2020-08-09 18:59:54.082 - He has been Duke of Cornwall and Duke of Rothesay since 1952, and he is the oldest and longest-serving heir apparent in British history.
8003:123145618726912::Thread-73 2020-08-09 18:59:54.677 - The team initially competed in the Southern League and Western League before joining the Football League in 1919.
8004:123145618726912::Thread-73 2020-08-09 18:59:55.003 - **START**
8004:123145618726912::Thread-73 2020-08-09 18:59:55.006 - Starting new HTTPS connection (1): en.wikipedia.org
8006:123145618726912::Thread-73 2020-08-09 18:59:55.187 - The past two decades have been the most successful in Chelsea's history: they won five of its six league titles and the UEFA Champions League during this period.
8002:123145618726912::Thread-73 2020-08-09 18:59:55.264 - He is also the longest-serving Prince of Wales, having held that title since 1958.Charles was born at Buckingham Palace as the first grandchild of King George VI and Queen Elizabeth.
8003:123145618726912::Thread-73 2020-08-09 18:59:55.409 - They were promoted to the top flight in 1923, when they were also losing finalists in the first FA Cup Final held at Wembley.
8006:123145618726912::Thread-73 2020-08-09 18:59:55.892 - Chelsea are one of five clubs to have won all three of UEFA's main club competitions, and the only London club to have won the Champions League.
8002:123145618726912::Thread-73 2020-08-09 18:59:55.985 - He was educated at Cheam and Gordonstoun schools, which his father, Prince Philip, Duke of Edinburgh, had attended as a child.
8003:123145618726912::Thread-73 2020-08-09 18:59:56.184 - In 1940, the club won the inaugural Football League War Cup.
8004:123145618726912::Thread-73 2020-08-09 18:59:56.918 - The Palace of Versailles ( vair-SY, vur-SY; French: Château de Versailles [ʃɑto d(ə) vɛʁsɑj] (listen)) was the principal royal residence of France from 1682, under Louis XIV, until the start of the French Revolution in 1789, under Louis XVI.
8004:123145618726912::Thread-73 2020-08-09 18:59:57.261 - It is located in the department of Yvelines, in the region of Île-de-France, about 20 kilometres (12 miles) southwest of the centre of Paris.A simple hunting lodging and later a small château with a moat occupied the site until 1661, when the first work expanding the château into a palace was carried out for Louis XIV.
8002:123145618726912::Thread-73 2020-08-09 18:59:58.016 - Charles also spent a year at the Timbertop campus of Geelong Grammar School in Victoria, Australia.
8003:123145618726912::Thread-73 2020-08-09 18:59:58.11 - West Ham have been winners of the FA Cup three times; in 1964, 1975 and 1980, and have also been runners-up twice; in 1923 and 2006.
8006:123145618726912::Thread-73 2020-08-09 18:59:58.138 - Chelsea's home kit colours are royal blue shirts and shorts with white socks.
8004:123145618726912::Thread-73 2020-08-09 18:59:58.215 - In 1682, when the palace had become large enough, the king moved the entire royal court and the French government to Versailles.
8003:123145618726912::Thread-73 2020-08-09 18:59:58.443 - The club have reached two major European finals, winning the European Cup Winners' Cup in 1965 and finishing runners-up in the same competition in 1976.
8004:123145618726912::Thread-73 2020-08-09 18:59:58.477 - Some of the palace furniture at this time was constructed of solid silver, but in 1689 much of it was melted down to pay for the cost of war.
8004:123145618726912::Thread-73 2020-08-09 18:59:59.627 - Subsequent rulers mostly carried out interior remodeling, to meet the demands of changing taste, although Louis XV did install an opera house at the north end of the north wing for the wedding of the Dauphin and Marie Antoinette in 1770.
8006:123145618726912::Thread-73 2020-08-09 18:59:59.642 - The club's crest features a ceremonial lion rampant regardant holding a staff.
8002:123145618726912::Thread-73 2020-08-09 19:00:00.318 - After earning a Bachelor of Arts degree from the University of Cambridge, Charles served in the Royal Air Force and Royal Navy from 1971 to 1976.
8004:123145618726912::Thread-73 2020-08-09 19:00:01.282 - The palace has also been a site of historical importance.
8004:123145618726912::Thread-73 2020-08-09 19:00:02.023 - The Peace of Paris (1783) was signed at Versailles, the Proclamation of the German Empire occurred in the vaunted Hall of Mirrors, and World War I was ended in the palace with the Treaty of Versailles, among many other events.
8002:123145618726912::Thread-73 2020-08-09 19:00:02.488 - In 1981, he married Lady Diana Spencer, and they had two sons: Prince William (b.
8002:123145618726912::Thread-73 2020-08-09 19:00:02.642 - 1982) and Prince Harry (b.
8004:123145618726912::Thread-73 2020-08-09 19:00:02.947 - The palace is now a historical monument and UNESCO World Heritage site, notable especially for the ceremonial Hall of Mirrors, the jewel-like Royal Opera, and the royal apartments; for the more intimate royal residences, the Grand Trianon and Petit Trianon located within the park; the small rustic Hameau (Hamlet) created for Marie Antoinette; and the vast Gardens of Versailles with fountains, canals, and geometric flower beds and groves, laid out by André le Nôtre.
8003:123145618726912::Thread-73 2020-08-09 19:00:03.448 - **END**
8006:123145618726912::Thread-73 2020-08-09 19:00:03.648 - **END**
8002:123145618726912::Thread-73 2020-08-09 19:00:04.035 - 1984).
8004:123145618726912::Thread-73 2020-08-09 19:00:04.937 - The Palace was stripped of all its furnishings after the French Revolution, but many pieces have been returned and many of the palace rooms have been restored.
8002:123145618726912::Thread-73 2020-08-09 19:00:05.2 - In 1996, the couple divorced following well-publicised extramarital affairs by both parties.
8005:123145618726912::Thread-73 2020-08-09 19:00:05.91 - **START**
8005:123145618726912::Thread-73 2020-08-09 19:00:05.915 - Starting new HTTPS connection (1): en.wikipedia.org
8004:123145618726912::Thread-73 2020-08-09 19:00:06.849 - In 2017 the Palace of Versailles received 7,700,000 visitors, making it the second-most visited monument in the Île-de-France region, just behind the Louvre and ahead of the Eiffel Tower.
8005:123145618726912::Thread-73 2020-08-09 19:00:07.156 - The Code of Hammurabi is a well-preserved Babylonian code of law of ancient Mesopotamia, dated to about 1754 BC (Middle Chronology).
8004:123145618726912::Thread-73 2020-08-09 19:00:07.26 - History


The hunting lodge and château of Louis XIII
 
The site of the Palace was first occupied by a small village and church, surrounded by forests filled with abundant game.
8002:123145618726912::Thread-73 2020-08-09 19:00:07.388 - Diana died as the result of a car crash in Paris the following year.
8005:123145618726912::Thread-73 2020-08-09 19:00:07.413 - It is one of the oldest deciphered writings of significant length in the world.
8005:123145618726912::Thread-73 2020-08-09 19:00:07.751 - The sixth Babylonian king, Hammurabi, enacted the code.
8004:123145618726912::Thread-73 2020-08-09 19:00:08.452 - It was owned by the Gondi family and the priory of Saint Julian.
8005:123145618726912::Thread-73 2020-08-09 19:00:08.713 - A partial copy exists on a 2.25-metre-tall (7.5 ft) stone stele.
8005:123145618726912::Thread-73 2020-08-09 19:00:08.77 - It consists of 282 laws, with scaled punishments, adjusting "an eye for an eye, a tooth for a tooth" (lex talionis) as graded based on social stratification depending on social status and gender, of slave versus free, man versus woman.Nearly half of the code deals with matters of contract, establishing the wages to be paid to an ox driver or a surgeon for example.
8005:123145618726912::Thread-73 2020-08-09 19:00:09.521 - Other provisions set the terms of a transaction, the liability of a builder for a house that collapses, or property that is damaged while left in the care of another.
8005:123145618726912::Thread-73 2020-08-09 19:00:09.721 - A third of the code addresses issues concerning household and family relationships such as inheritance, divorce, paternity, and reproductive behavior.
8005:123145618726912::Thread-73 2020-08-09 19:00:09.818 - Only one provision appears to impose obligations on a government official; this provision establishes that a judge who alters his decision after it is written down is to be fined and removed from the bench permanently.
8005:123145618726912::Thread-73 2020-08-09 19:00:10.182 - A few provisions address issues related to military service.
8005:123145618726912::Thread-73 2020-08-09 19:00:10.745 - The code was discovered by modern archaeologists in 1901, and its editio princeps translation published in 1902 by Jean-Vincent Scheil.
8002:123145618726912::Thread-73 2020-08-09 19:00:11.389 - **END**
8004:123145618726912::Thread-73 2020-08-09 19:00:12.46 - **END**
8005:123145618726912::Thread-73 2020-08-09 19:00:19.749 - **END**