8005:123145568247808::Thread-61 2020-08-09 18:59:30.211 - **START**
8005:123145568247808::Thread-61 2020-08-09 18:59:30.966 - Starting new HTTPS connection (1): en.wikipedia.org
8006:123145568247808::Thread-61 2020-08-09 18:59:31.245 - **START**
8006:123145568247808::Thread-61 2020-08-09 18:59:31.512 - Starting new HTTPS connection (1): en.wikipedia.org
8002:123145568247808::Thread-61 2020-08-09 18:59:33.312 - **START**
8005:123145568247808::Thread-61 2020-08-09 18:59:33.341 - Nina Hartley (born Marie Louise Hartman; March 11, 1959) is an American pornographic actress, pornographic film director, sex educator, sex-positive feminist, and author.
8006:123145568247808::Thread-61 2020-08-09 18:59:34.617 - Sherlock is a British crime television series based on Sir Arthur Conan Doyle's Sherlock Holmes detective stories.
8002:123145568247808::Thread-61 2020-08-09 18:59:34.784 - Starting new HTTPS connection (1): en.wikipedia.org
8005:123145568247808::Thread-61 2020-08-09 18:59:35.072 - Early life
Marie Louise Hartman was born in Berkeley, California, to a Lutheran father and a Jewish mother (both deceased) whose family was from Alabama.
8004:123145568247808::Thread-61 2020-08-09 18:59:35.221 - **START**
8006:123145568247808::Thread-61 2020-08-09 18:59:35.588 - Created by Steven Moffat and Mark Gatiss, it stars Benedict Cumberbatch as Sherlock Holmes and Martin Freeman as Doctor John Watson.
8006:123145568247808::Thread-61 2020-08-09 18:59:36.072 - 13 episodes have been produced, with four three-part series airing from 2010 to 2017, and a special episode that aired on 1 January 2016.
8006:123145568247808::Thread-61 2020-08-09 18:59:36.758 - The series is set in the present day, while the one-off special features a Victorian period fantasy resembling the original Holmes stories.
8005:123145568247808::Thread-61 2020-08-09 18:59:36.809 - She grew up in the San Francisco Bay Area.
8006:123145568247808::Thread-61 2020-08-09 18:59:36.942 - Sherlock is produced by the British network BBC, along with Hartswood Films, with Moffat, Gatiss, Sue Vertue and Rebecca Eaton serving as executive producers.
8006:123145568247808::Thread-61 2020-08-09 18:59:37.462 - The series is supported by the American station WGBH-TV Boston for its Masterpiece anthology series on PBS, where it also airs in the United States.
8006:123145568247808::Thread-61 2020-08-09 18:59:38.018 - The series is primarily filmed in Cardiff, Wales, with North Gower Street in London used for exterior shots of Holmes and Watson's 221B Baker Street residence.
8002:123145568247808::Thread-61 2020-08-09 18:59:38.032 - Michael Gerard Tyson (born June 30, 1966) is an American former professional boxer who competed from 1985 to 2005.
8006:123145568247808::Thread-61 2020-08-09 18:59:38.067 - Sherlock has been praised for the quality of its writing, acting, and direction.
8003:123145568247808::Thread-61 2020-08-09 18:59:38.248 - **START**
8006:123145568247808::Thread-61 2020-08-09 18:59:38.313 - It has been nominated for numerous awards including Emmys, BAFTAs and a Golden Globe, winning several awards across a variety of categories.
8002:123145568247808::Thread-61 2020-08-09 18:59:38.487 - He reigned as the undisputed world heavyweight champion from 1987 to 1990 and was the first heavyweight boxer to simultaneously hold the WBA, WBC, and IBF titles, as well as the only heavyweight to successively unify them.
8006:123145568247808::Thread-61 2020-08-09 18:59:39.198 - The show won in three categories at the 66th Primetime Emmy Awards including Outstanding Lead Actor in a Miniseries or a Movie for Cumberbatch, Outstanding Supporting Actor in a Miniseries or a Movie for Freeman and Outstanding Writing for a Miniseries, Movie or a Dramatic Special for Moffat.
8006:123145568247808::Thread-61 2020-08-09 18:59:39.199 - **END**
8003:123145568247808::Thread-61 2020-08-09 18:59:39.393 - Starting new HTTPS connection (1): en.wikipedia.org
8004:123145568247808::Thread-61 2020-08-09 18:59:39.433 - Starting new HTTPS connection (1): en.wikipedia.org
8002:123145568247808::Thread-61 2020-08-09 18:59:39.64 - Claiming his first belt at 20 years, four months, and 22 days old, Tyson holds the record as the youngest boxer to win a heavyweight title.Tyson won his first 19 professional fights by knockout, 12 of them in the first round.
8005:123145568247808::Thread-61 2020-08-09 18:59:39.762 - She is the youngest of four children, with an older sister and two older brothers.
8002:123145568247808::Thread-61 2020-08-09 18:59:40.376 - He won the WBC title in 1986 after stopping Trevor Berbick in the second round, and added the WBA and IBF titles after defeating James Smith and Tony Tucker in 1987.
8005:123145568247808::Thread-61 2020-08-09 18:59:40.483 - Her parents were Communists who converted to Buddhism when she was young.
8005:123145568247808::Thread-61 2020-08-09 18:59:40.601 - Her father was blacklisted in 1957.
8003:123145568247808::Thread-61 2020-08-09 18:59:41.874 - Macau, also spelled Macao ( (listen); 澳門, Cantonese: [ōu.mǔːn]; official Portuguese: [mɐˈkaw] Macau), and officially the Macao Special Administrative Region of the People's Republic of China, is a city in the western Pearl River Delta by the South China Sea.
8005:123145568247808::Thread-61 2020-08-09 18:59:42.255 - After graduating from Berkeley High School in 1977, she attended San Francisco State University's undergraduate nursing school and graduated magna cum laude in 1985.
8003:123145568247808::Thread-61 2020-08-09 18:59:42.458 - It is a special administrative region of China and maintains separate governing and economic systems from those of mainland China.
8003:123145568247808::Thread-61 2020-08-09 18:59:42.809 - With a population of 696,100 and an area of 32.9 km2 (12.7 sq mi), it is the most densely populated region in the world.
8002:123145568247808::Thread-61 2020-08-09 18:59:43.291 - The following year, Tyson became the lineal champion when he knocked out Michael Spinks in 91 seconds of the first round.
8005:123145568247808::Thread-61 2020-08-09 18:59:43.871 - She was a registered nurse per the California Board of Registered Nursing until her license expired in 1986.
8004:123145568247808::Thread-61 2020-08-09 18:59:44.272 - Richard Milhous Nixon (January 9, 1913 – April 22, 1994) was the 37th president of the United States, serving from 1969 until 1974.
8005:123145568247808::Thread-61 2020-08-09 18:59:44.313 - Adult film career

Hartley saw The Autobiography of a Flea (the first adult film directed by a woman, Sharon McNight) alone, at a theater in San Francisco and chose her life work: making porn.In 1982, during her sophomore year of nursing school, she started working as a stripper at the Sutter Cinema and later the Mitchell Brothers O'Farrell Theatre.
8003:123145568247808::Thread-61 2020-08-09 18:59:44.348 - Macau was formerly a colony of the Portuguese Empire, after Ming China leased the territory as a trading post in 1557.
8002:123145568247808::Thread-61 2020-08-09 18:59:44.348 - He successfully defended his titles nine times, which included victories over Larry Holmes and Frank Bruno.
8003:123145568247808::Thread-61 2020-08-09 18:59:44.602 - Portugal paid an annual rent and administered the territory under Chinese sovereignty until 1887 when it gained perpetual colonial rights in the Sino-Portuguese Treaty of Peking.
8004:123145568247808::Thread-61 2020-08-09 18:59:44.936 - A member of the Republican Party, Nixon previously served as the 36th vice president from 1953 to 1961, having risen to national prominence as a representative and senator from California.
8004:123145568247808::Thread-61 2020-08-09 18:59:45.214 - After five years in the White House that saw the conclusion to the U.S. involvement in the Vietnam War, détente with the Soviet Union and China, and the establishment of the Environmental Protection Agency, he became the only president to resign from the office.
8005:123145568247808::Thread-61 2020-08-09 18:59:45.281 - She made her foray into the world of pornographic movies during her junior year in 1984.
8004:123145568247808::Thread-61 2020-08-09 18:59:46.149 - Nixon was born into a poor family in a small town in Southern California.
8003:123145568247808::Thread-61 2020-08-09 18:59:46.382 - The colony remained under Portuguese rule until 1999, when it was transferred to China.
8002:123145568247808::Thread-61 2020-08-09 18:59:46.457 - In 1990, Tyson lost the titles to underdog Buster Douglas, who knocked him out in the tenth round.
8003:123145568247808::Thread-61 2020-08-09 18:59:46.591 - Originally a sparsely populated collection of coastal islands, the territory has become a major resort city and the top destination for gambling tourism.
8004:123145568247808::Thread-61 2020-08-09 18:59:46.938 - He graduated from Duke University School of Law in 1937 and returned to California to practice law.
8005:123145568247808::Thread-61 2020-08-09 18:59:47.282 - **END**
8003:123145568247808::Thread-61 2020-08-09 18:59:47.66 - Its gambling industry is seven times larger than that of Las Vegas.
8004:123145568247808::Thread-61 2020-08-09 18:59:47.778 - He and his wife Pat moved to Washington in 1942 to work for the federal government.
8002:123145568247808::Thread-61 2020-08-09 18:59:48.167 - Attempting to regain the titles, Tyson defeated Donovan Ruddock twice in 1991, but pulled out of a fight with then-undisputed heavyweight champion Evander Holyfield (who had defeated Douglas later in 1990) due to a rib injury.
8004:123145568247808::Thread-61 2020-08-09 18:59:48.351 - He served on active duty in the Navy Reserve during World War II.
8003:123145568247808::Thread-61 2020-08-09 18:59:48.418 - Although the city has one of the highest per capita incomes in the world, it has severe income inequality.
8002:123145568247808::Thread-61 2020-08-09 18:59:48.667 - In 1992, Tyson was convicted of rape and sentenced to six years in prison, although he was released on parole after three years.
8004:123145568247808::Thread-61 2020-08-09 18:59:48.922 - He was elected to the House of Representatives in 1946.
8003:123145568247808::Thread-61 2020-08-09 18:59:49.149 - Its GDP per capita by purchasing power parity is one of the highest in the world and higher than any country in the world in 2014 according to the World Bank.Macau has a very high Human Development Index, although it is only calculated by the Macau government instead of the United Nations.
8003:123145568247808::Thread-61 2020-08-09 18:59:49.15 - **END**
8004:123145568247808::Thread-61 2020-08-09 18:59:49.582 - His pursuit of the Hiss Case established his reputation as a leading anti-Communist which elevated him to national prominence.
8006:123145568247808::Thread-61 2020-08-09 18:59:50.2 - **START**
8006:123145568247808::Thread-61 2020-08-09 18:59:50.203 - Starting new HTTPS connection (1): en.wikipedia.org
8004:123145568247808::Thread-61 2020-08-09 18:59:50.564 - In 1950, he was elected to the Senate.
8004:123145568247808::Thread-61 2020-08-09 18:59:50.665 - He was the running mate of Dwight D. Eisenhower, the Republican Party's presidential nominee in the 1952 election, subsequently serving for eight years in as the vice president.
8002:123145568247808::Thread-61 2020-08-09 18:59:51.001 - While in prison, he converted to Islam and adopted the Muslim name Malik Abdul Aziz.
8006:123145568247808::Thread-61 2020-08-09 18:59:51.474 - Louis William Tomlinson (; né Austin; 24 December 1991) is an English singer, songwriter and television personality.
8006:123145568247808::Thread-61 2020-08-09 18:59:51.802 - He rose to fame as a member of the boy band One Direction after beginning his career as an actor, appearing as an extra in ITV drama film If I Had You and the BBC drama Waterloo Road.
8006:123145568247808::Thread-61 2020-08-09 18:59:52.366 - In 2010, he auditioned as a solo contestant on the British music competition series The X Factor.
8006:123145568247808::Thread-61 2020-08-09 18:59:52.912 - He was eliminated as a solo performer before he was put into a group with four other contestants, forming One Direction.
8002:123145568247808::Thread-61 2020-08-09 18:59:53.01 - **END**
8004:123145568247808::Thread-61 2020-08-09 18:59:53.67 - **END**
8004:123145568247808::Thread-61 2020-08-09 18:59:53.671 - **START**
8004:123145568247808::Thread-61 2020-08-09 18:59:53.676 - Starting new HTTPS connection (1): en.wikipedia.org
8006:123145568247808::Thread-61 2020-08-09 18:59:53.808 - The band has released five albums, embarked on four world tours, and won nearly 200 awards.
8006:123145568247808::Thread-61 2020-08-09 18:59:54.165 - Following the group's hiatus in 2016, "Just Hold On" was released as Tomlinson's debut single as a solo artist in December 2016, it peaked at number two on the UK Singles Chart and was certified platinum in the UK.
8006:123145568247808::Thread-61 2020-08-09 18:59:54.453 - In 2017, Tomlinson released "Back to You" with American singer Bebe Rexha and "Miss You".In 2018 Tomlinson appeared on the fifteenth series of The X Factor as a judge and a mentor of the "Boys" category.
8006:123145568247808::Thread-61 2020-08-09 18:59:54.513 - He became the first former contestant of the show to become the winning mentor due to his mentee Dalton Harris winning the show.
8006:123145568247808::Thread-61 2020-08-09 18:59:54.656 - In 2019 Tomlinson released "Two of Us", "Kill My Mind", "We Made It" and "Don't Let It Break Your Heart".
8004:123145568247808::Thread-61 2020-08-09 18:59:54.807 - Hagia Sophia (; from Koinē Greek: Ἁγία Σοφία, romanized: Hagía Sophía; Latin: Sancta Sophia, lit.
8006:123145568247808::Thread-61 2020-08-09 18:59:55.133 - In 2020 Tomlinson released "Walls", the title track of his debut solo album.
8006:123145568247808::Thread-61 2020-08-09 18:59:55.835 - The album Walls was released on 31 January 2020.
8003:123145568247808::Thread-61 2020-08-09 18:59:56.155 - **START**
8003:123145568247808::Thread-61 2020-08-09 18:59:56.159 - Starting new HTTPS connection (1): en.wikipedia.org
8004:123145568247808::Thread-61 2020-08-09 18:59:56.467 - 'Holy Wisdom'), officially the Hagia Sophia Grand Mosque (Turkish: Ayasofya-i Kebir Cami-i Şerifi) and formerly the Church of Hagia Sophia, is a Late Antique place of worship in Istanbul.
8006:123145568247808::Thread-61 2020-08-09 18:59:56.839 - **END**
8004:123145568247808::Thread-61 2020-08-09 18:59:56.999 - Built in 537 as the patriarchal cathedral of the imperial capital of Constantinople, it was the largest Christian church of the eastern Roman Empire (the Byzantine Empire) and the Eastern Orthodox Church, except during the Latin Empire from 1204 to 1261, when it became the city's Roman Catholic cathedral.
8003:123145568247808::Thread-61 2020-08-09 18:59:57.213 - Singapore ( (listen)), officially the Republic of Singapore, is a sovereign island city-state in maritime Southeast Asia.
8003:123145568247808::Thread-61 2020-08-09 18:59:57.237 - It lies about one degree of latitude (137 kilometres or 85 miles) north of the equator, off the southern tip of the Malay Peninsula, bordering the Straits of Malacca to the west, the Riau Islands to the south, and the South China Sea to the east.
8005:123145568247808::Thread-61 2020-08-09 18:59:57.297 - **START**
8005:123145568247808::Thread-61 2020-08-09 18:59:57.318 - Starting new HTTPS connection (1): en.wikipedia.org
8003:123145568247808::Thread-61 2020-08-09 18:59:58.112 - The country's territory is composed of one main island, 63 satellite islands and islets, and one outlying islet, the combined area of which has increased by 25% since the country's independence as a result of extensive land reclamation projects.
8004:123145568247808::Thread-61 2020-08-09 18:59:58.653 - In 1453, after the Fall of Constantinople to the Ottoman Empire, it was  converted into a mosque.
8005:123145568247808::Thread-61 2020-08-09 18:59:59.282 - The Erie Canal is a canal in New York, United States that is part of the east–west, cross-state route of the New York State Canal System (formerly known as the New York State Barge Canal).
8003:123145568247808::Thread-61 2020-08-09 18:59:59.553 - The country is home to 5.7 million residents, 61% (3.4 million) of whom are Singaporean citizens.
8004:123145568247808::Thread-61 2020-08-09 18:59:59.951 - In 1935 the secular Turkish Republic established it as a museum.
8002:123145568247808::Thread-61 2020-08-09 19:00:00.012 - **START**
8002:123145568247808::Thread-61 2020-08-09 19:00:00.115 - Starting new HTTPS connection (1): en.wikipedia.org
8005:123145568247808::Thread-61 2020-08-09 19:00:00.465 - Originally, it ran 363 miles (584 km) from the Hudson River in Albany to Lake Erie in Buffalo.
8003:123145568247808::Thread-61 2020-08-09 19:00:01.082 - There are four official languages of Singapore: English, Malay, Chinese, and Tamil; with English being the lingua franca.
8005:123145568247808::Thread-61 2020-08-09 19:00:01.281 - It was built to create a navigable water route from New York City and the Atlantic Ocean to the Great Lakes.
8004:123145568247808::Thread-61 2020-08-09 19:00:01.782 - In 2020, it re-opened as a mosque.
8002:123145568247808::Thread-61 2020-08-09 19:00:01.895 - Paul may refer to:

Paul (name), a given name (includes a list of people with that name)
Paul (surname), a list of people


People


Christianity
Paul the Apostle (AD 5–67), also known as Saul of Tarsus or Saint Paul, early Christian missionary and writer
Pope Paul (disambiguation), multiple Popes of the Roman Catholic Church
Saint Paul (disambiguation), multiple other people and locations named "Saint Paul"


Roman and Byzantine empire
Lucius Aemilius Paullus Macedonicus (c. 229 BC – 160 BC), Roman general
Julius Paulus Prudentissimus (fl.
8004:123145568247808::Thread-61 2020-08-09 19:00:02.065 - Built by the eastern Roman emperor Justinian I as the Christian cathedral of Constantinople for the state church of the Roman Empire between 532 and 537, the church was then the world's largest interior space and among the first to employ a fully pendentive dome.
8005:123145568247808::Thread-61 2020-08-09 19:00:02.359 - When completed in 1825, it was the second longest canal in the world (after the Grand Canal in China) and greatly enhanced the development and economy of New York, New York City, and the United States.The canal was first proposed in the 1780s, then re-proposed in 1807.
8002:123145568247808::Thread-61 2020-08-09 19:00:02.534 - 2nd century AD), Roman jurist
Paulus Catena (died 362), Roman notary
Paulus Alexandrinus (4th century), Hellenistic astrologer
Paul of Aegina or Paulus Aegineta (625–690), Greek surgeon


Royals
Paul I of Russia (1754–1801), Tsar of Russia
Paul of Greece (1901–1964), King of Greece


Other people
Paolo Giovio or Paulus Jovius (1483–1552), Italian bishop
Paul the Deacon or Paulus Diaconus (c. 720 – c. 799), Italian Benedictine monk*Paul (father of Maurice), the father of Maurice, Byzantine Emperor.
8003:123145568247808::Thread-61 2020-08-09 19:00:02.687 - This reflects in its rich cultural diversity and extensive ethnic cuisine and major festivals.
8003:123145568247808::Thread-61 2020-08-09 19:00:02.902 - Multiracialism is enshrined in the constitution, and continues to shape national policies in education, housing, and politics.
8004:123145568247808::Thread-61 2020-08-09 19:00:03.011 - It is considered the epitome of Byzantine architecture and is said to have "changed the history of architecture".
8005:123145568247808::Thread-61 2020-08-09 19:00:03.144 - A survey was authorized, funded, and executed in 1808.
8002:123145568247808::Thread-61 2020-08-09 19:00:03.419 - He served as head of the Byzantine Senate
Paul (bishop of Mérida), the metropolitan bishop of Mérida in the mid sixth century (fl.
8002:123145568247808::Thread-61 2020-08-09 19:00:03.465 - 540s/550s)
Paul (American Horror Story)
Paul (CHERUB character)
Paul (exarch) (died 8th-century), Exarch of Ravenna from 723 to 727
Paul (Life with Derek)
Paul (Meletiev)
Paul (Nestorian patriarch), briefly Patriarch of the Church of the East in 539.
8003:123145568247808::Thread-61 2020-08-09 19:00:03.783 - Although its history stretches back millennia, modern Singapore was founded in 1819 by Sir Stamford Raffles as a trading post of the British Empire.
8002:123145568247808::Thread-61 2020-08-09 19:00:03.987 - He is included in the traditional list of patriarchs of the Church of the East
Paul (Ponomaryov) (born 1952), emeritus Metropolitan of Minsk and Slutsk, the Patriarchal Exarch of All Belarus and the leader of the Belarusian Orthodox Church (an autonomous part of the Russian Orthodox Church)
Paul (singer) (b.
8002:123145568247808::Thread-61 2020-08-09 19:00:04.241 - 1937)
Paul, son of Peter, voivode of Transylvania between 1221 and 1222
Paul, the name under which Sir Walter Scott wrote Paul's letters to his kinsfolk in 1816.
8005:123145568247808::Thread-61 2020-08-09 19:00:04.338 - Proponents of the project gradually wore down opponents; its construction began in 1817.
8002:123145568247808::Thread-61 2020-08-09 19:00:04.388 - Places
Paul, Cornwall, a village in the civil parish of Penzance, United Kingdom
Paul (civil parish), a civil parish in Cornwall, United Kingdom
Paul, Idaho, United States
Paul, Nebraska, United States
Paul, Cape Verde


Arts, entertainment and media
Paul (film), 2011 film with Simon Pegg and Nick Frost
Paul (PJ Morton album), 2019 album
Paul (play), a 2005 play by Howard Brenton
Paul (Pokémon), fictional character
"Paul" (song), by the German punk band Die Ärzte
St. Paul (oratorio), work by Felix Mendelssohn originally entitled 'Paulus' (in its German version)
Poker Face Paul, a 1993 Game Gear video game that comes in blackjack and poker version
"Paul and", a 1971 album by Noel Paul Stookey
"Paul The Monkey", the mascot of DNA Productions.
8003:123145568247808::Thread-61 2020-08-09 19:00:04.83 - In 1867, the colonies in East Asia were reorganised and Singapore came under the direct control of Britain as part of the Straits Settlements.
8004:123145568247808::Thread-61 2020-08-09 19:00:04.862 - The building was designed by the Greek geometers Isidore of Miletus and Anthemius of Tralles.
8004:123145568247808::Thread-61 2020-08-09 19:00:06.219 - The present Justinianic building was the third church of the same name to occupy the site, the prior one having been destroyed in the Nika riots.
8003:123145568247808::Thread-61 2020-08-09 19:00:06.521 - During the Second World War, Singapore was occupied by Japan in 1942 but returned to British control as a separate crown colony following Japan's surrender in 1945.
8005:123145568247808::Thread-61 2020-08-09 19:00:06.539 - The canal has 34 numbered locks starting with Black Rock Lock and ending downstream with the Troy Federal Lock.
8006:123145568247808::Thread-61 2020-08-09 19:00:07.841 - **START**
8006:123145568247808::Thread-61 2020-08-09 19:00:07.846 - Starting new HTTPS connection (1): en.wikipedia.org
8005:123145568247808::Thread-61 2020-08-09 19:00:09.215 - Both are owned by the federal government.
8005:123145568247808::Thread-61 2020-08-09 19:00:09.893 - It has an elevation difference of about 565 feet (172 m).
8005:123145568247808::Thread-61 2020-08-09 19:00:10.655 - It opened on October 26, 1825.In a time when bulk goods were limited to pack animals (a 250-pound (113 kg) maximum), and there were no railways, water was the most cost-effective way to ship bulk goods.
8006:123145568247808::Thread-61 2020-08-09 19:00:11.192 - Mia Khalifa (; Arabic: ميا خليفة‎, Lebanese Arabic pronunciation: [ˈmiːa xaˈliːfe]; born February 10, 1993), also known as Mia Callista, is a Lebanese-American social media personality, sports commentator, webcam model, and former pornographic actress.
8003:123145568247808::Thread-61 2020-08-09 19:00:11.526 - **END**
8006:123145568247808::Thread-61 2020-08-09 19:00:12.632 - Born in Beirut, Lebanon, Khalifa moved to the United States in 2001.
8006:123145568247808::Thread-61 2020-08-09 19:00:13.177 - She began acting in pornography in October 2014, and by December was ranked the most viewed performer on the website Pornhub.
8002:123145568247808::Thread-61 2020-08-09 19:00:13.393 - **END**
8005:123145568247808::Thread-61 2020-08-09 19:00:14.658 - **END**
8006:123145568247808::Thread-61 2020-08-09 19:00:15.099 - Her career choice was met with controversy in the Middle East, especially for a video in which she performed sexual acts while wearing the Islamic hijab.
8004:123145568247808::Thread-61 2020-08-09 19:00:15.224 - **END**
8006:123145568247808::Thread-61 2020-08-09 19:00:15.461 - Khalifa left the pornographic industry to pursue other interests.
8006:123145568247808::Thread-61 2020-08-09 19:00:16.288 - Early life
Mia Khalifa was born on February 10, 1993, in Beirut, Lebanon, and moved with her family to the United States in January 2001, leaving their home in the wake of the South Lebanon conflict.
8006:123145568247808::Thread-61 2020-08-09 19:00:17.399 - Her family is Catholic and she was raised in that religion, in what she describes as a "very conservative" home, although she is no longer practicing.
8006:123145568247808::Thread-61 2020-08-09 19:00:18.914 - Khalifa attended a French private school in Beirut, where she learned to speak English.
8006:123145568247808::Thread-61 2020-08-09 19:00:20.35 - After moving to the United States, she lived in Montgomery County, Maryland, and played lacrosse in high school.
8006:123145568247808::Thread-61 2020-08-09 19:00:22.513 - Khalifa attended Northwest High School.
8006:123145568247808::Thread-61 2020-08-09 19:00:31.516 - **END**