8006:123145643966464::Thread-79 2020-08-09 18:59:31.25 - **START**
8006:123145643966464::Thread-79 2020-08-09 18:59:31.5 - Starting new HTTPS connection (1): en.wikipedia.org
8003:123145643966464::Thread-79 2020-08-09 18:59:33.247 - **START**
8003:123145643966464::Thread-79 2020-08-09 18:59:34.099 - Starting new HTTPS connection (1): en.wikipedia.org
8005:123145643966464::Thread-79 2020-08-09 18:59:35.23 - **START**
8002:123145643966464::Thread-79 2020-08-09 18:59:35.313 - **START**
8002:123145643966464::Thread-79 2020-08-09 18:59:36.998 - Starting new HTTPS connection (1): en.wikipedia.org
8004:123145643966464::Thread-79 2020-08-09 18:59:38.208 - **START**
8005:123145643966464::Thread-79 2020-08-09 18:59:38.074 - Starting new HTTPS connection (1): en.wikipedia.org
8003:123145643966464::Thread-79 2020-08-09 18:59:39.163 - Angkor Wat (; Khmer: អង្គរវត្ត, "City/Capital of Temples") is a temple complex in Cambodia and the largest religious monument in the world, on a site measuring 162.6 hectares (1,626,000 m2; 402 acres).
8003:123145643966464::Thread-79 2020-08-09 18:59:40.184 - Originally constructed as a Hindu temple dedicated to the god Vishnu for the Khmer Empire, it was gradually transformed into a Buddhist temple towards the end of the 12th century as such it is also described as a "Hindu-Buddhist" temple.
8006:123145643966464::Thread-79 2020-08-09 18:59:40.338 - **END**
8003:123145643966464::Thread-79 2020-08-09 18:59:40.463 - It was built by the Khmer King Suryavarman II in the early 12th century in Yaśodharapura (Khmer: យសោធរបុរៈ, present-day Angkor), the capital of the Khmer Empire, as his state temple and eventual mausoleum.
8004:123145643966464::Thread-79 2020-08-09 18:59:41.035 - Starting new HTTPS connection (1): en.wikipedia.org
8003:123145643966464::Thread-79 2020-08-09 18:59:41.749 - Breaking from the Shaiva tradition of previous kings, Angkor Wat was instead dedicated to Vishnu.
8003:123145643966464::Thread-79 2020-08-09 18:59:43.01 - As the best-preserved temple at the site, it is the only one to have remained a significant religious centre since its foundation.
8005:123145643966464::Thread-79 2020-08-09 18:59:44.577 - Neuschwanstein Castle (German: Schloss Neuschwanstein, pronounced [ˈʃlɔs nɔʏˈʃvaːnʃtaɪn], Southern Bavarian: Schloss Neischwanstoa) is a 19th-century Romanesque Revival palace on a rugged hill above the village of Hohenschwangau near Füssen in southwest Bavaria, Germany.
8005:123145643966464::Thread-79 2020-08-09 18:59:44.698 - The palace was commissioned by King Ludwig II of Bavaria as a retreat and in honour of Richard Wagner.
8004:123145643966464::Thread-79 2020-08-09 18:59:45.076 - Asa Akira (born January 3, 1986) is an American pornographic actress and adult film director.
8004:123145643966464::Thread-79 2020-08-09 18:59:45.332 - Akira has appeared in over 505 adult films as of May 2016.
8002:123145643966464::Thread-79 2020-08-09 18:59:45.671 - **END**
8003:123145643966464::Thread-79 2020-08-09 18:59:45.784 - The temple is at the top of the high classical style of Khmer architecture.
8004:123145643966464::Thread-79 2020-08-09 18:59:45.917 - In 2013, she became the third Asian performer (after Asia Carrera and Stephanie Swift) to win the AVN Female Performer of the Year Award.
8004:123145643966464::Thread-79 2020-08-09 18:59:46.093 - Akira is a two-time Pornhub Awards host, she hosted the 1st and 2nd ceremonies.
8005:123145643966464::Thread-79 2020-08-09 18:59:46.356 - Ludwig paid for the palace out of his personal fortune and by means of extensive borrowing, rather than Bavarian public funds.
8004:123145643966464::Thread-79 2020-08-09 18:59:46.868 - Early life
Akira was born in Manhattan, New York, the only child of Japanese immigrant parents.
8004:123145643966464::Thread-79 2020-08-09 18:59:47.16 - She lived in SoHo and moved to Tokyo at age nine when her father, a portrait photographer, was relocated there for work.
8005:123145643966464::Thread-79 2020-08-09 18:59:47.235 - The castle was intended as a home for the King, until he died in 1886.
8003:123145643966464::Thread-79 2020-08-09 18:59:47.938 - It has become a symbol of Cambodia, appearing on its national flag, and it is the country's prime attraction for visitors.Angkor Wat combines two basic plans of Khmer temple architecture: the temple-mountain and the later galleried temple.
8004:123145643966464::Thread-79 2020-08-09 18:59:48.086 - She returned to the United States at age 13 and moved to Downtown Brooklyn and later Clinton Hill.
8004:123145643966464::Thread-79 2020-08-09 18:59:48.418 - In a 2014 interview, she described her childhood as being "perfectly normal".
8003:123145643966464::Thread-79 2020-08-09 18:59:48.818 - It is designed to represent Mount Meru, home of the devas in Hindu mythology: within a moat more than 5 kilometres (3 mi) long and an outer wall 3.6 kilometres (2.2 mi) long are three rectangular galleries, each raised above the next.
8004:123145643966464::Thread-79 2020-08-09 18:59:48.853 - Her family spoke Japanese at home and were "health nuts" who avoided junk food.
8005:123145643966464::Thread-79 2020-08-09 18:59:48.954 - It was open to the public shortly after his death.
8005:123145643966464::Thread-79 2020-08-09 18:59:48.975 - Since then more than 61 million people have visited Neuschwanstein Castle.
8004:123145643966464::Thread-79 2020-08-09 18:59:49.169 - As a teenager, Akira worked at the children's bookstore, Books of Wonder, as a cashier.Akira was able to secure a scholarship to attend United Nations International School in Manhattan because her grandfather was a Japanese diplomat for 45 years.
8006:123145643966464::Thread-79 2020-08-09 18:59:50.354 - **START**
8006:123145643966464::Thread-79 2020-08-09 18:59:50.358 - Starting new HTTPS connection (1): en.wikipedia.org
8005:123145643966464::Thread-79 2020-08-09 18:59:50.508 - More than 1.3 million people visit annually, with as many as 6,000 per day in the summer.
8003:123145643966464::Thread-79 2020-08-09 18:59:50.642 - At the centre of the temple stands a quincunx of towers.
8006:123145643966464::Thread-79 2020-08-09 18:59:51.333 - Barcelona ( BAR-sə-LOH-nə, Catalan: [bəɾsəˈlonə], Spanish: [baɾθeˈlona]) is a city on the coast of northeastern Spain.
8006:123145643966464::Thread-79 2020-08-09 18:59:51.712 - It is the capital and largest city of the autonomous community of Catalonia, as well as the second most populous municipality of Spain.
8006:123145643966464::Thread-79 2020-08-09 18:59:51.759 - With a population of 1.6 million within city limits, its urban area extends to numerous neighbouring municipalities within the Province of Barcelona and is home to around 4.8 million people, making it the fifth most populous urban area in the European Union after Paris, the Ruhr area, Madrid, and Milan.
8003:123145643966464::Thread-79 2020-08-09 18:59:51.845 - Unlike most Angkorian temples, Angkor Wat is oriented to the west; scholars are divided as to the significance of this.
8005:123145643966464::Thread-79 2020-08-09 18:59:52.069 - Location

The municipality of Schwangau lies at an elevation of 800 m (2,620 ft) at the southwest border of the German state of Bavaria.
8006:123145643966464::Thread-79 2020-08-09 18:59:52.118 - It is one of the largest metropolises on the Mediterranean Sea, located on the coast between the mouths of the rivers Llobregat and Besòs, and bounded to the west by the Serra de Collserola mountain range, the tallest peak of which is 512 metres (1,680 feet) high.
8005:123145643966464::Thread-79 2020-08-09 18:59:52.444 - Its surroundings are characterised by the transition between the Alpine foothills in the south (toward the nearby Austrian border) and a hilly landscape in the north that appears flat by comparison.
8006:123145643966464::Thread-79 2020-08-09 18:59:52.667 - Founded as a Roman city, in the Middle Ages Barcelona became the capital of the County of Barcelona.
8002:123145643966464::Thread-79 2020-08-09 18:59:52.673 - **START**
8002:123145643966464::Thread-79 2020-08-09 18:59:52.676 - Starting new HTTPS connection (1): en.wikipedia.org
8006:123145643966464::Thread-79 2020-08-09 18:59:53.032 - After merging with the Kingdom of Aragon, Barcelona continued to be an important city in the Crown of Aragon as an economic and administrative centre of this Crown and the capital of the Principality of Catalonia.
8006:123145643966464::Thread-79 2020-08-09 18:59:53.373 - Barcelona has a rich cultural heritage and is today an important cultural centre and a major tourist destination.
8002:123145643966464::Thread-79 2020-08-09 18:59:53.449 - Britney Jean Spears (born December 2, 1981) is an American singer, songwriter, dancer, and actress.
8006:123145643966464::Thread-79 2020-08-09 18:59:53.67 - Particularly renowned are the architectural works of Antoni Gaudí and Lluís Domènech i Montaner, which have been designated UNESCO World Heritage Sites.
8002:123145643966464::Thread-79 2020-08-09 18:59:53.96 - She is credited with influencing the revival of teen pop during the late 1990s and early 2000s, for which she is referred to as the "Princess of Pop".
8006:123145643966464::Thread-79 2020-08-09 18:59:53.963 - Since 1450, it is home to the University of Barcelona.
8005:123145643966464::Thread-79 2020-08-09 18:59:54.182 - In the Middle Ages, three castles overlooked the villages.
8002:123145643966464::Thread-79 2020-08-09 18:59:54.457 - After appearing in stage productions and television series, Spears signed with Jive Records in 1997 at age 15.
8006:123145643966464::Thread-79 2020-08-09 18:59:54.595 - The headquarters of the Union for the Mediterranean are located in Barcelona.
8002:123145643966464::Thread-79 2020-08-09 18:59:54.994 - Her first two studio albums, certified diamond in the US, ...Baby One More Time (1999) and Oops!...
8002:123145643966464::Thread-79 2020-08-09 18:59:55.611 - I Did It Again (2000), were global successes and became two of the best-selling albums of all-time, along with making her the best-selling teenage artist of all time.
8002:123145643966464::Thread-79 2020-08-09 18:59:56.062 - The former's title track was ranked at number one by Rolling Stone in 2020 as the greatest debut single of all time and the latter held a 15-year record for fastest-selling album by a female artist with over 1.3 million copies sold in its first week.
8002:123145643966464::Thread-79 2020-08-09 18:59:56.292 - Spears adopted more mature and provocative themes and aesthetics for her next two studio albums, Britney (2001) and In the Zone (2003), and made her feature film debut in a starring role in Crossroads (2002).
8003:123145643966464::Thread-79 2020-08-09 18:59:56.86 - **END**
8002:123145643966464::Thread-79 2020-08-09 18:59:57.041 - She became the executive producer of her fifth studio album Blackout (2007), which is often critically referred to as her best work.
8004:123145643966464::Thread-79 2020-08-09 18:59:57.17 - **END**
8002:123145643966464::Thread-79 2020-08-09 18:59:57.396 - Due to a series of heavily publicized personal struggles in the public eye, promotion for the album was limited and she was later involuntarily placed in a still ongoing conservatorship.
8006:123145643966464::Thread-79 2020-08-09 18:59:57.6 - **END**
8002:123145643966464::Thread-79 2020-08-09 18:59:58.002 - Since then, she released the chart topping albums, Circus (2008) and Femme Fatale (2011), the latter of which became her most successful era of singles in the US charts.
8005:123145643966464::Thread-79 2020-08-09 18:59:59.183 - **END**
8005:123145643966464::Thread-79 2020-08-09 19:00:03.186 - **START**
8005:123145643966464::Thread-79 2020-08-09 19:00:03.247 - Starting new HTTPS connection (1): en.wikipedia.org
8002:123145643966464::Thread-79 2020-08-09 19:00:04.007 - **END**
8005:123145643966464::Thread-79 2020-08-09 19:00:04.422 - Liverpool Football Club is a professional football club in Liverpool, England, that competes in the Premier League, the top tier of English football.
8004:123145643966464::Thread-79 2020-08-09 19:00:05.172 - **START**
8004:123145643966464::Thread-79 2020-08-09 19:00:05.179 - Starting new HTTPS connection (1): en.wikipedia.org
8005:123145643966464::Thread-79 2020-08-09 19:00:05.187 - Domestically, the club has won nineteen League titles, seven FA Cups, a record eight League Cups and fifteen FA Community Shields.
8005:123145643966464::Thread-79 2020-08-09 19:00:05.633 - In international competitions, the club has won six European Cups, more than any other English club, three UEFA Cups, four UEFA Super Cups (also English records) and one FIFA Club World Cup.
8005:123145643966464::Thread-79 2020-08-09 19:00:06.463 - Founded in 1892, the club joined the Football League the following year and has played at Anfield since its formation.
8004:123145643966464::Thread-79 2020-08-09 19:00:06.51 - Lionel Andrés Messi Cuccittini (Spanish pronunciation: [ljoˈnel anˈdɾez ˈmesi] (listen); born 24 June 1987) is an Argentine professional footballer who plays as a forward and captains both Spanish club Barcelona and the Argentina national team.
8006:123145643966464::Thread-79 2020-08-09 19:00:06.606 - **START**
8006:123145643966464::Thread-79 2020-08-09 19:00:06.633 - Starting new HTTPS connection (1): en.wikipedia.org
8004:123145643966464::Thread-79 2020-08-09 19:00:07.334 - Often considered the best player in the world and widely regarded as one of the greatest players of all time, Messi has won a record six Ballon d'Or awards, and a record six European Golden Shoes.
8004:123145643966464::Thread-79 2020-08-09 19:00:07.803 - He has spent his entire professional career with Barcelona, where he has won a club-record 33 trophies, including ten La Liga titles, four UEFA Champions League titles and six Copas del Rey.
8006:123145643966464::Thread-79 2020-08-09 19:00:07.983 - Dwayne Douglas Johnson (born May 2, 1972), also known by his ring name The Rock, is an American-Canadian actor, producer, businessman, retired professional wrestler, and former American football player.
8004:123145643966464::Thread-79 2020-08-09 19:00:07.991 - A prolific goalscorer and creative playmaker, Messi holds the records for most goals in La Liga (444), a La Liga and European league season (50), most hat-tricks in La Liga (36) and the UEFA Champions League (8), and most assists in La Liga (183), a La Liga and European league season (21) and the Copa América (12).
8005:123145643966464::Thread-79 2020-08-09 19:00:08.237 - Liverpool established itself as a major force in English and European football in the 1970s and 1980s, when Bill Shankly, Bob Paisley, Joe Fagan and Kenny Dalglish led the club to a combined eleven League titles and four European Cups.
8006:123145643966464::Thread-79 2020-08-09 19:00:08.548 - He wrestled for the World Wrestling Federation (WWF, now WWE) for eight years prior to pursuing an acting career.
8004:123145643966464::Thread-79 2020-08-09 19:00:08.896 - He has scored over 700 senior career goals for club and country.
8004:123145643966464::Thread-79 2020-08-09 19:00:09.29 - Born and raised in central Argentina, Messi relocated to Spain to join Barcelona at age 13, for whom he made his competitive debut aged 17 in October 2004.
8006:123145643966464::Thread-79 2020-08-09 19:00:09.349 - His films have grossed over $3.5 billion in North America and over $10.5 billion worldwide, making him one of the highest-grossing actors of all time.Johnson was a college football player for the University of Miami, with whom he won a national championship in 1991.
8005:123145643966464::Thread-79 2020-08-09 19:00:09.71 - Liverpool won two further European Cups in 2005 and 2019 under the management of Rafael Benítez and Jürgen Klopp, respectively, the latter of whom led Liverpool to a nineteenth League title in 2020, the club's first during the Premier League era.
8004:123145643966464::Thread-79 2020-08-09 19:00:09.935 - He established himself as an integral player for the club within the next three years, and in his first uninterrupted season in 2008–09 he helped Barcelona achieve the first treble in Spanish football; that year, aged 22, Messi won his first Ballon d'Or.
8005:123145643966464::Thread-79 2020-08-09 19:00:09.936 - One of the most widely supported teams in the world, in 2019, Liverpool was the world's seventh highest-earning football club, with an annual revenue of €604 million, and the world's eighth most valuable football club, valued at $2.183 billion.
8006:123145643966464::Thread-79 2020-08-09 19:00:10.049 - He initially aspired for a professional career in football and entered the 1995 NFL Draft, but went undrafted.
8004:123145643966464::Thread-79 2020-08-09 19:00:10.27 - Three successful seasons followed, with Messi winning four consecutive Ballons d'Or, making him the first player to win the award four times and in a row.
8006:123145643966464::Thread-79 2020-08-09 19:00:10.332 - As a result, he signed with the Calgary Stampeders of the Canadian Football League (CFL), but was cut from the team in the middle of his first season.
8005:123145643966464::Thread-79 2020-08-09 19:00:10.484 - Liverpool has long-standing rivalries with Manchester United and Everton.
8006:123145643966464::Thread-79 2020-08-09 19:00:11.161 - Shortly after, he began training as a professional wrestler.In 1996, Johnson secured a contract with the WWF and was promoted as the first third-generation wrestler in the company's history, as he is the son of Rocky Johnson and grandson of Peter Maivia.
8004:123145643966464::Thread-79 2020-08-09 19:00:11.178 - During the 2011–12 season, he set the La Liga and European records for most goals scored in a single season, while establishing himself as Barcelona's all-time top scorer.
8006:123145643966464::Thread-79 2020-08-09 19:00:11.421 - He rose to prominence after developing a charismatic persona of a boastful, trash-talking wrestler named The Rock.
8004:123145643966464::Thread-79 2020-08-09 19:00:11.689 - The following two seasons, Messi finished second for the Ballon d'Or behind Cristiano Ronaldo (his perceived career rival), before regaining his best form during the 2014–15 campaign, becoming the all-time top scorer in La Liga and leading Barcelona to a historic second treble, after which he was awarded a fifth Ballon d'Or in 2015.
8006:123145643966464::Thread-79 2020-08-09 19:00:12.304 - He subsequently won his first WWF Championship in 1998 and helped usher the WWF into the "Attitude Era", a boom period in the company's business in the late 1990s and early 2000s which still holds professional wrestling records for television ratings.
8005:123145643966464::Thread-79 2020-08-09 19:00:12.382 - The team changed from red shirts and white shorts to an all-red home strip in 1964 which has been used ever since.
8006:123145643966464::Thread-79 2020-08-09 19:00:13.018 - In 2004, he left the WWE to pursue an acting career.
8006:123145643966464::Thread-79 2020-08-09 19:00:13.21 - He returned in 2011 as a part-time performer until 2013, and made sporadic appearances from then until fully retiring in 2019.Considered one of the greatest professional wrestlers and biggest wrestling draws of all time, Johnson headlined the most-bought professional wrestling pay-per-view event ever (WrestleMania XXVIII) and was featured among the most watched episodes of WWE's two flagship television shows (Raw and SmackDown).
8005:123145643966464::Thread-79 2020-08-09 19:00:13.299 - The club's anthem is "You'll Never Walk Alone".
8005:123145643966464::Thread-79 2020-08-09 19:00:13.299 - **END**
8004:123145643966464::Thread-79 2020-08-09 19:00:13.695 - **END**
8003:123145643966464::Thread-79 2020-08-09 19:00:13.864 - **START**
8003:123145643966464::Thread-79 2020-08-09 19:00:13.868 - Starting new HTTPS connection (1): en.wikipedia.org
8003:123145643966464::Thread-79 2020-08-09 19:00:15.192 - The England national football team represents England in  men's international football and is governed by The Football Association, the governing body for football in England.
8003:123145643966464::Thread-79 2020-08-09 19:00:16.088 - It competes in the three major international tournaments; the FIFA World Cup, the UEFA European Championship and the UEFA Nations League.
8003:123145643966464::Thread-79 2020-08-09 19:00:16.802 - England, as a country of the United Kingdom, is not a member of the International Olympic Committee and therefore the national team does not compete at the Olympic Games.
8003:123145643966464::Thread-79 2020-08-09 19:00:17.339 - England is the oldest national team in football.
8003:123145643966464::Thread-79 2020-08-09 19:00:18.16 - They played in the world's first international football match in 1872, against Scotland.
8003:123145643966464::Thread-79 2020-08-09 19:00:18.93 - England's home ground is Wembley Stadium, London, and their headquarters is at St George's Park, Burton upon Trent.
8003:123145643966464::Thread-79 2020-08-09 19:00:19.589 - The team's manager is Gareth Southgate.
8003:123145643966464::Thread-79 2020-08-09 19:00:19.883 - Since first entering the tournament in 1950, England has qualified for the FIFA World Cup 15 times.
8003:123145643966464::Thread-79 2020-08-09 19:00:20.144 - They won the 1966 World Cup, when they hosted the finals, and finished fourth in 1990 and 2018.
8003:123145643966464::Thread-79 2020-08-09 19:00:20.36 - Since first entering in 1964, England have never won the UEFA European Championship, with their best performances being third-place finishes in 1968 and 1996, the latter as hosts.
8006:123145643966464::Thread-79 2020-08-09 19:00:21.216 - **END**
8003:123145643966464::Thread-79 2020-08-09 19:00:27.362 - **END**