8003:123146354880512::Thread-248 2020-08-09 18:59:27.354 - **START**
8003:123146354880512::Thread-248 2020-08-09 18:59:27.614 - Starting new HTTPS connection (1): en.wikipedia.org
8003:123146354880512::Thread-248 2020-08-09 18:59:31.272 - 7 World Trade Center (7 WTC) refers to two buildings that have existed at the same location within the World Trade Center site in Lower Manhattan, New York City.
8003:123146354880512::Thread-248 2020-08-09 18:59:31.721 - The original structure, part of the original World Trade Center, was completed in 1987 and was destroyed in the September 11 attacks in 2001.
8003:123146354880512::Thread-248 2020-08-09 18:59:33.047 - The current structure opened in May 2006.
8004:123146354880512::Thread-248 2020-08-09 18:59:34.288 - **START**
8002:123146354880512::Thread-248 2020-08-09 18:59:34.394 - **START**
8003:123146354880512::Thread-248 2020-08-09 18:59:34.501 - Both buildings were developed by Larry Silverstein, who holds a ground lease for the site from the Port Authority of New York and New Jersey.
8003:123146354880512::Thread-248 2020-08-09 18:59:35.378 - The original 7 World Trade Center was 47 stories tall, clad in red granite masonry, and occupied a trapezoidal footprint.
8004:123146354880512::Thread-248 2020-08-09 18:59:35.62 - Starting new HTTPS connection (1): en.wikipedia.org
8003:123146354880512::Thread-248 2020-08-09 18:59:35.748 - An elevated walkway spanning Vesey Street connected the building to the World Trade Center plaza.
8003:123146354880512::Thread-248 2020-08-09 18:59:36.242 - The building was situated above a Consolidated Edison power substation, which imposed unique structural design constraints.
8002:123146354880512::Thread-248 2020-08-09 18:59:36.435 - Starting new HTTPS connection (1): en.wikipedia.org
8003:123146354880512::Thread-248 2020-08-09 18:59:36.633 - When the building opened in 1987, Silverstein had difficulties attracting tenants.
8005:123146354880512::Thread-248 2020-08-09 18:59:38.258 - **START**
8002:123146354880512::Thread-248 2020-08-09 18:59:38.851 - The Papal Basilica of Saint Peter in the Vatican (Italian: Basilica Papale di San Pietro in Vaticano), or simply Saint Peter's Basilica (Latin: Basilica Sancti Petri), is a church built in the Renaissance style located in Vatican City, the papal enclave which is within the city of Rome.
8002:123146354880512::Thread-248 2020-08-09 18:59:39.231 - Designed principally by Donato Bramante, Michelangelo, Carlo Maderno and Gian Lorenzo Bernini, St. Peter's is the most renowned work of Renaissance architecture and the largest church in the world.
8006:123146354880512::Thread-248 2020-08-09 18:59:39.286 - **START**
8003:123146354880512::Thread-248 2020-08-09 18:59:39.418 - Salomon Brothers signed a long-term lease in 1988 and became the main tenant of 7 WTC.
8002:123146354880512::Thread-248 2020-08-09 18:59:40.127 - While it is neither the mother church of the Catholic Church nor the cathedral of the Diocese of Rome (these equivalent titles being held by the Archbasilica of Saint John Lateran in Rome), St. Peter's is regarded as one of the holiest Catholic shrines.
8006:123146354880512::Thread-248 2020-08-09 18:59:40.792 - Starting new HTTPS connection (1): en.wikipedia.org
8002:123146354880512::Thread-248 2020-08-09 18:59:40.963 - It has been described as "holding a unique position in the Christian world" and as "the greatest of all churches of Christendom".Catholic tradition holds that the basilica is the burial site of Saint Peter, chief among Jesus's apostles and also the first Bishop of Rome (Pope).
8005:123146354880512::Thread-248 2020-08-09 18:59:41.04 - Starting new HTTPS connection (1): en.wikipedia.org
8002:123146354880512::Thread-248 2020-08-09 18:59:41.589 - Saint Peter's tomb is supposedly directly below the high altar of the basilica.
8003:123146354880512::Thread-248 2020-08-09 18:59:41.625 - On September 11, 2001, the structure was substantially damaged by debris when the nearby North Tower of the World Trade Center collapsed.
8002:123146354880512::Thread-248 2020-08-09 18:59:41.954 - For this reason, many popes have been interred at St. Peter's since the Early Christian period.
8002:123146354880512::Thread-248 2020-08-09 18:59:42.031 - A church has stood on this site since the time of the Roman emperor Constantine the Great.
8003:123146354880512::Thread-248 2020-08-09 18:59:42.807 - The debris ignited fires on multiple lower floors of the building, which continued to burn uncontrolled throughout the afternoon.
8004:123146354880512::Thread-248 2020-08-09 18:59:43.054 - Roger Federer (German pronunciation: [ˈrɔdʒər ˈfeːdərər]; born 8 August 1981) is a Swiss professional tennis player who is ranked world No.
8006:123146354880512::Thread-248 2020-08-09 18:59:43.063 - Disneyland Paris, formerly Euro Disney Resort, is an entertainment resort in Chessy, France, a new town located 32 km (20 mi) east of the centre of Paris.
8006:123146354880512::Thread-248 2020-08-09 18:59:43.705 - It encompasses two theme parks, many resort hotels, Disney Nature Resorts, a shopping, dining, and entertainment complex, and a golf course, in addition to several additional recreational and entertainment venues.
8004:123146354880512::Thread-248 2020-08-09 18:59:44.449 - 4 in men's singles tennis by the Association of Tennis Professionals (ATP).
8005:123146354880512::Thread-248 2020-08-09 18:59:44.89 - Fußball-Club Bayern München e.V.
8005:123146354880512::Thread-248 2020-08-09 18:59:45.545 - (German pronunciation: [ˈfuːsbalˌklʊp ˈbaɪɐn ˈmʏnçn̩]), commonly known as FC Bayern München (German pronunciation: [ʔɛf tseː ˈbaɪɐn ˈmʏnçn̩]), FCB, Bayern Munich, or FC Bayern, is a German professional sports club based in Munich, Bavaria.
8006:123146354880512::Thread-248 2020-08-09 18:59:45.659 - Disneyland Park is the original theme park of the complex, opening with the resort on 12 April 1992.
8005:123146354880512::Thread-248 2020-08-09 18:59:46.434 - It is best known for its professional football team, which plays in the Bundesliga, the top tier of the German football league system, and is the most successful club in German football history, having won a record 30 national titles, including 8 on the bounce since 2013, and 20 national cups, along with numerous European honours.FC Bayern was founded in 1900 by 11 football players, led by Franz John.
8006:123146354880512::Thread-248 2020-08-09 18:59:46.731 - A second theme park, Walt Disney Studios Park, opened in 2002, 10 years after the original park.
8005:123146354880512::Thread-248 2020-08-09 18:59:46.907 - Although Bayern won its first national championship in 1932, the club was not selected for the Bundesliga at its inception in 1963.
8004:123146354880512::Thread-248 2020-08-09 18:59:46.918 - He has won 20 Grand Slam singles titles—the most in history for a male player—and has held the world No.
8005:123146354880512::Thread-248 2020-08-09 18:59:47.222 - The club had its period of greatest success in the middle of the 1970s when, under the captaincy of Franz Beckenbauer, it won the European Cup three consecutive times (1974–1976).
8005:123146354880512::Thread-248 2020-08-09 18:59:47.441 - Overall, Bayern has reached ten European Cup/UEFA Champions League finals, most recently winning their fifth title in 2013 as part of a continental treble.
8006:123146354880512::Thread-248 2020-08-09 18:59:47.755 - Disneyland Paris celebrated its 25th anniversary in 2017.
8005:123146354880512::Thread-248 2020-08-09 18:59:48.076 - Bayern has also won one UEFA Cup, one European Cup Winners' Cup, one UEFA Super Cup, one FIFA Club World Cup and two Intercontinental Cups, making it one of the most successful European clubs internationally and the only German club to have won both international titles.
8005:123146354880512::Thread-248 2020-08-09 18:59:48.559 - Since the formation of the Bundesliga, Bayern has been the dominant club in German football, winning 30 titles, including eight consecutively since 2013.
8004:123146354880512::Thread-248 2020-08-09 18:59:48.61 - 1 spot in the ATP rankings for a record total of 310 weeks (including a record 237 consecutive weeks) and was the year-end No.
8006:123146354880512::Thread-248 2020-08-09 18:59:48.61 - Within 25 years of opening, 320 million people visited Disneyland Paris, making it the most visited theme park in Europe.
8003:123146354880512::Thread-248 2020-08-09 18:59:48.891 - **END**
8004:123146354880512::Thread-248 2020-08-09 18:59:49.117 - 1 five times, including four consecutive.
8005:123146354880512::Thread-248 2020-08-09 18:59:49.17 - The club has traditional local rivalries with 1860 Munich and 1.
8004:123146354880512::Thread-248 2020-08-09 18:59:49.465 - Federer, who turned professional in 1998, was continuously ranked in the top 10 from October 2002 to November 2016.
8006:123146354880512::Thread-248 2020-08-09 18:59:49.494 - The Parisian resort is the second Disney park to open outside the United States following the opening of the Tokyo Disney Resort in 1983 and is the largest Disney resort to open outside of the United States.
8005:123146354880512::Thread-248 2020-08-09 18:59:49.677 - FC Nürnberg, as well as with Borussia Dortmund since the mid-1990s.
8005:123146354880512::Thread-248 2020-08-09 18:59:49.755 - Since the beginning of the 2005–06 season, Bayern has played its home games at the Allianz Arena.
8004:123146354880512::Thread-248 2020-08-09 18:59:50.748 - Federer has won a record eight Wimbledon men's singles titles, six Australian Open titles, five US Open titles (all consecutive, a record), and one French Open title.
8002:123146354880512::Thread-248 2020-08-09 18:59:51.033 - **END**
8006:123146354880512::Thread-248 2020-08-09 18:59:51.465 - Disneyland Paris is also the only Disney resort outside of the United States to be completely owned by The Walt Disney Company.
8004:123146354880512::Thread-248 2020-08-09 18:59:52.281 - He is one of eight men to have achieved a Career Grand Slam.
8004:123146354880512::Thread-248 2020-08-09 18:59:52.671 - Federer has reached a record 31 men's singles Grand Slam finals, including 10 consecutively from the 2005 Wimbledon Championships to the 2007 US Open.
8006:123146354880512::Thread-248 2020-08-09 18:59:53.008 - Build by Gerald QUIGG, uncle of Strabane legend Patrick QUIGG.
8004:123146354880512::Thread-248 2020-08-09 18:59:53.399 - Federer has also won a record six ATP Finals titles, 28 ATP Tour Masters 1000 titles, and a record 24 ATP Tour 500 titles.
8006:123146354880512::Thread-248 2020-08-09 18:59:54.505 - Ownership
Walt Disney announced a €1 billion ($1.25 billion) bailout plan to rescue its subsidiary Disneyland Paris, the Financial Times reported on 6 October 2014.
8006:123146354880512::Thread-248 2020-08-09 18:59:55.908 - The park is burdened by its debt, which is calculated at about €1.75 billion ($2.20 billion) and roughly 15 times its gross average earnings.
8004:123146354880512::Thread-248 2020-08-09 18:59:56.4 - **END**
8005:123146354880512::Thread-248 2020-08-09 18:59:56.757 - **END**
8006:123146354880512::Thread-248 2020-08-09 18:59:57.91 - **END**
8003:123146354880512::Thread-248 2020-08-09 18:59:59.898 - **START**
8002:123146354880512::Thread-248 2020-08-09 19:00:00.036 - **START**
8002:123146354880512::Thread-248 2020-08-09 19:00:00.113 - Starting new HTTPS connection (1): en.wikipedia.org
8003:123146354880512::Thread-248 2020-08-09 19:00:00.197 - Starting new HTTPS connection (1): en.wikipedia.org
8003:123146354880512::Thread-248 2020-08-09 19:00:01.984 - Films generate income from several revenue streams, including theatrical exhibition, home video, television broadcast rights, and merchandising.
8003:123146354880512::Thread-248 2020-08-09 19:00:02.242 - However, theatrical box office earnings are the primary metric for trade publications in assessing the success of a film, mostly because of the availability of the data compared to sales figures for home video and broadcast rights, but also because of historical practice.
8003:123146354880512::Thread-248 2020-08-09 19:00:03.013 - Included on the list are charts of the top box office earners (ranked by both the nominal and real value of their revenue), a chart of high-grossing films by calendar year, a timeline showing the transition of the highest-grossing film record, and a chart of the highest-grossing film franchises and series.
8003:123146354880512::Thread-248 2020-08-09 19:00:03.486 - All charts are ranked by international theatrical box office performance where possible, excluding income derived from home video, broadcasting rights, and merchandise.
8002:123146354880512::Thread-248 2020-08-09 19:00:03.532 - William Henry Gates III  (born October 28, 1955) is an American business magnate, software developer, investor, and philanthropist.
8002:123146354880512::Thread-248 2020-08-09 19:00:03.858 - He is best known as the co-founder of Microsoft Corporation.
8003:123146354880512::Thread-248 2020-08-09 19:00:04.45 - Traditionally, war films, musicals, and historical dramas have been the most popular genres, but franchise films have been among the best performers in the 21st century.
8003:123146354880512::Thread-248 2020-08-09 19:00:04.632 - There is strong interest in the superhero genre, with nine films in the Marvel Cinematic Universe featuring among the nominal top-earners.
8002:123146354880512::Thread-248 2020-08-09 19:00:04.671 - During his career at Microsoft, Gates held the positions of chairman, chief executive officer (CEO), president and chief software architect, while also being the largest individual shareholder until May 2014.
8002:123146354880512::Thread-248 2020-08-09 19:00:04.824 - He is one of the best-known entrepreneurs and pioneers of the microcomputer revolution of the 1970s and 1980s.
8003:123146354880512::Thread-248 2020-08-09 19:00:05.036 - The most successful superhero film, Avengers: Endgame, is also the highest-grossing film overall on the nominal earnings chart, and there are four films in total based on the Avengers comic books charting in the top twenty.
8002:123146354880512::Thread-248 2020-08-09 19:00:05.667 - Born and raised in Seattle, Washington, Gates co-founded Microsoft with childhood friend Paul Allen in 1975, in Albuquerque, New Mexico; it went on to become the world's largest personal computer software company.
8003:123146354880512::Thread-248 2020-08-09 19:00:06.011 - Other Marvel Comics adaptations have also had success with the Spider-Man and X-Men properties, while films based on Batman and Superman from DC Comics have generally performed well.
8002:123146354880512::Thread-248 2020-08-09 19:00:06.057 - Gates led the company as chairman and CEO until stepping down as CEO in January 2000, but he remained chairman and became chief software architect.
8003:123146354880512::Thread-248 2020-08-09 19:00:06.17 - Star Wars is also represented in the nominal earnings chart with five films, while the Harry Potter, Jurassic Park and Pirates of the Caribbean franchises feature prominently.
8003:123146354880512::Thread-248 2020-08-09 19:00:06.186 - Avatar, in second place on the nominal chart, is the highest-grossing film that is not a sequel or an adaptation of a pre-existing property.
8002:123146354880512::Thread-248 2020-08-09 19:00:06.476 - During the late 1990s, Gates had been criticized for his business tactics, which have been considered anti-competitive.
8002:123146354880512::Thread-248 2020-08-09 19:00:06.599 - This opinion has been upheld by numerous court rulings.
8002:123146354880512::Thread-248 2020-08-09 19:00:06.973 - In June 2006, Gates announced that he would be transitioning to a part-time role at Microsoft and full-time work at the Bill & Melinda Gates Foundation, the private charitable foundation that he and his wife, Melinda Gates, established in 2000.
8002:123146354880512::Thread-248 2020-08-09 19:00:07.321 - He gradually transferred his duties to Ray Ozzie and Craig Mundie.
8005:123146354880512::Thread-248 2020-08-09 19:00:07.763 - **START**
8005:123146354880512::Thread-248 2020-08-09 19:00:07.775 - Starting new HTTPS connection (1): en.wikipedia.org
8003:123146354880512::Thread-248 2020-08-09 19:00:08.191 - **END**
8004:123146354880512::Thread-248 2020-08-09 19:00:08.404 - **START**
8004:123146354880512::Thread-248 2020-08-09 19:00:08.457 - Starting new HTTPS connection (1): en.wikipedia.org
8005:123146354880512::Thread-248 2020-08-09 19:00:09.199 - The New York Stock Exchange (NYSE, nicknamed "The Big Board") is an American stock exchange located at 11 Wall Street, Lower Manhattan, New York City, New York.
8002:123146354880512::Thread-248 2020-08-09 19:00:09.325 - **END**
8005:123146354880512::Thread-248 2020-08-09 19:00:09.849 - It is by far the world's largest stock exchange by market capitalization of its listed companies at US$30.1 trillion as of February 2018.
8004:123146354880512::Thread-248 2020-08-09 19:00:09.955 - Ronaldo de Assis Moreira (born 21 March 1980), commonly known as Ronaldinho Gaúcho (Brazilian Portuguese: [ʁonawˈdʒĩɲu gaˈuʃu]) or simply Ronaldinho, is a Brazilian former professional footballer and ambassador for Barcelona.
8004:123146354880512::Thread-248 2020-08-09 19:00:10.1 - He played mostly as an attacking midfielder, but was also deployed as a forward or a winger.
8005:123146354880512::Thread-248 2020-08-09 19:00:10.339 - The average daily trading value was approximately US$169 billion in 2013.
8004:123146354880512::Thread-248 2020-08-09 19:00:10.949 - Often considered one of the best players of his generation and regarded by many as one of the greatest of all time, Ronaldinho won two FIFA World Player of the Year awards and a Ballon d'Or.
8004:123146354880512::Thread-248 2020-08-09 19:00:11.572 - He was renowned for his technical skills and creativity; due to his agility, pace and
dribbling ability, as well as his use of tricks, feints, overhead kicks, no-look passes and accuracy from free-kicks.
8005:123146354880512::Thread-248 2020-08-09 19:00:12.049 - The NYSE trading floor is located at 11 Wall Street and is composed of 21 rooms used for the facilitation of trading.
8004:123146354880512::Thread-248 2020-08-09 19:00:12.233 - Ronaldinho made his career debut for Grêmio, in 1998.
8004:123146354880512::Thread-248 2020-08-09 19:00:12.74 - At age 20, he moved to Paris Saint-Germain in France before signing for Barcelona in 2003.
8006:123146354880512::Thread-248 2020-08-09 19:00:12.916 - **START**
8006:123146354880512::Thread-248 2020-08-09 19:00:12.919 - Starting new HTTPS connection (1): en.wikipedia.org
8005:123146354880512::Thread-248 2020-08-09 19:00:13.328 - An additional trading room, located at 30 Broad Street, was closed in February 2007.
8004:123146354880512::Thread-248 2020-08-09 19:00:13.608 - In his second season with Barcelona, he won his first FIFA World Player of the Year award, as Barcelona won the 2004–05 La Liga title.
8004:123146354880512::Thread-248 2020-08-09 19:00:13.876 - The season that followed is considered one of the best in his career as he was integral in Barcelona winning the UEFA Champions League, their first in fourteen years, as well as another La Liga title, giving Ronaldinho his first career double.
8005:123146354880512::Thread-248 2020-08-09 19:00:13.962 - The main building and the 11 Wall Street building were designated National Historic Landmarks in 1978.
8004:123146354880512::Thread-248 2020-08-09 19:00:14.583 - After scoring two spectacular solo goals in the first 2005-06 El Clásico, Ronaldinho became the second Barcelona player, after Diego Maradona in 1983, to receive a standing ovation from Real Madrid fans at the Santiago Bernabéu.
8004:123146354880512::Thread-248 2020-08-09 19:00:14.657 - Ronaldinho also received his second FIFA World Player of the Year award, as well as the Ballon d'Or.
8004:123146354880512::Thread-248 2020-08-09 19:00:14.658 - **END**
8005:123146354880512::Thread-248 2020-08-09 19:00:14.722 - The NYSE is owned by Intercontinental Exchange, an American holding company that it also lists (NYSE: ICE).
8006:123146354880512::Thread-248 2020-08-09 19:00:15.75 - Ronald Jeremy Hyatt (born March 12, 1953) is an American pornographic actor, filmmaker, actor, and stand-up comedian.Nicknamed "The Hedgehog", Jeremy was ranked by AVN at No.
8005:123146354880512::Thread-248 2020-08-09 19:00:16.28 - Previously, it was part of NYSE Euronext (NYX), which was formed by the NYSE's 2007 merger with Euronext.
8006:123146354880512::Thread-248 2020-08-09 19:00:17.115 - 1 in their "50 Top Porn Stars of All Time" list.
8005:123146354880512::Thread-248 2020-08-09 19:00:17.235 - History

The earliest recorded organization of securities trading in New York among brokers directly dealing with each other can be traced to the Buttonwood Agreement.
8005:123146354880512::Thread-248 2020-08-09 19:00:17.755 - Previously, securities exchange had been intermediated by the auctioneers, who also conducted more mundane auctions of commodities such as wheat and tobacco.
8006:123146354880512::Thread-248 2020-08-09 19:00:19.349 - Jeremy has also made a number of non-pornographic media appearances, and director Scott J. Gill filmed a documentary about him and his legacy, Porn Star: The Legend of Ron Jeremy, which was released in 2001.
8005:123146354880512::Thread-248 2020-08-09 19:00:19.757 - **END**
8006:123146354880512::Thread-248 2020-08-09 19:00:20.168 - More than a dozen women have publicly accused Jeremy of sexual assault.
8006:123146354880512::Thread-248 2020-08-09 19:00:20.852 - Several of the allegations relate to his appearances at fan conventions, alleging that he would grope and insert his fingers into attendees without their consent.
8006:123146354880512::Thread-248 2020-08-09 19:00:22.574 - In June 2020, Jeremy was charged with sexual assault.
8006:123146354880512::Thread-248 2020-08-09 19:00:23.745 - Early life
Ronald Jeremy Hyatt was born in Queens, New York, to a middle-class Jewish family from Russia and Poland.
8006:123146354880512::Thread-248 2020-08-09 19:00:25.097 - His father, Arnold (born 1918) was a physicist, and his mother a book editor who served in the O.S.S.
8006:123146354880512::Thread-248 2020-08-09 19:00:27.171 - during World War II, as she spoke fluent German and French.He graduated from Benjamin N. Cardozo High School.
8006:123146354880512::Thread-248 2020-08-09 19:00:29.524 - Pornographic film career

Jeremy left the teaching profession (he called it his "ace in the hole") to pursue a legitimate acting career on Broadway.
8006:123146354880512::Thread-248 2020-08-09 19:00:30.055 - He has said that he learned then what it was like to be broke, making no money as an actor who "starved Off-Broadway" Jeremy soon found work posing for Playgirl after his then-girlfriend submitted his photo to the magazine.
8006:123146354880512::Thread-248 2020-08-09 19:00:35.056 - **END**