8002:123146009939968::Thread-166 2020-08-09 18:59:28.37 - **START**
8002:123146009939968::Thread-166 2020-08-09 18:59:28.421 - Starting new HTTPS connection (1): en.wikipedia.org
8002:123146009939968::Thread-166 2020-08-09 18:59:31.191 - The Willis Tower (formerly and informally:  Sears Tower, its name for 36 years) is a 110-story, 1,450-foot (442.1 m) skyscraper in Chicago, Illinois.
8002:123146009939968::Thread-166 2020-08-09 18:59:31.337 - At completion in 1973, it surpassed the World Trade Center in New York City to become the tallest building in the world, a title that it held for nearly 25 years; it was also the tallest building in the Western Hemisphere for 41 years, until the new One World Trade Center surpassed it in 2014.
8002:123146009939968::Thread-166 2020-08-09 18:59:32.924 - While it held the title of "Tallest Office Building" until 2014, it lost the title of "Tallest Man-Made Structure" after only 3 years.
8006:123146009939968::Thread-166 2020-08-09 18:59:34.311 - **START**
8002:123146009939968::Thread-166 2020-08-09 18:59:34.555 - The CN Tower in Toronto, which serves as a communications tower, took over the title in 1976.
8002:123146009939968::Thread-166 2020-08-09 18:59:34.879 - The Willis Tower is considered a seminal achievement for engineer Fazlur Rahman Khan.
8006:123146009939968::Thread-166 2020-08-09 18:59:35.002 - Starting new HTTPS connection (1): en.wikipedia.org
8003:123146009939968::Thread-166 2020-08-09 18:59:35.276 - **START**
8003:123146009939968::Thread-166 2020-08-09 18:59:36.583 - Starting new HTTPS connection (1): en.wikipedia.org
8002:123146009939968::Thread-166 2020-08-09 18:59:36.674 - It is currently the third-tallest building in the United States and the Western hemisphere – and the 23rd-tallest in the world.
8004:123146009939968::Thread-166 2020-08-09 18:59:37.248 - **START**
8004:123146009939968::Thread-166 2020-08-09 18:59:37.82 - Starting new HTTPS connection (1): en.wikipedia.org
8002:123146009939968::Thread-166 2020-08-09 18:59:38.323 - Each year, more than one million people visit its observation deck, the highest in the United States, making it one of Chicago's most popular tourist destinations.
8006:123146009939968::Thread-166 2020-08-09 18:59:38.508 - Tori Black (born August 26, 1988) is an American pornographic actress.
8006:123146009939968::Thread-166 2020-08-09 18:59:38.982 - In 2011, she became the first person to win the Female Performer of the Year at the Adult Video News Awards two years in a row.
8002:123146009939968::Thread-166 2020-08-09 18:59:39.253 - The structure was renamed in 2009 by the Willis Group as a term of its lease.
8006:123146009939968::Thread-166 2020-08-09 18:59:39.618 - Early life
Black did an undergraduate course in journalism at Western Washington University.
8006:123146009939968::Thread-166 2020-08-09 18:59:39.887 - Career
Black started her career at age 18 in Fort Lauderdale, Florida, where she was on a summer vacation while attending college.
8003:123146009939968::Thread-166 2020-08-09 18:59:40.027 - Wembley Stadium (branded as Wembley Stadium connected by EE for sponsorship reasons) is a multi-purpose stadium in Wembley, London.
8005:123146009939968::Thread-166 2020-08-09 18:59:40.217 - **START**
8006:123146009939968::Thread-166 2020-08-09 18:59:40.276 - At her parents' insistence on getting a job, Black saw an advertisement for an adult talent agency and sent in her pictures.
8003:123146009939968::Thread-166 2020-08-09 18:59:40.301 - It opened in 2007 on the site of the original Wembley Stadium, which was demolished from 2002 to 2003.
8006:123146009939968::Thread-166 2020-08-09 18:59:40.433 - The agency accepted and, after considering their offer, Black accepted and returned to the agency a week later.
8003:123146009939968::Thread-166 2020-08-09 18:59:40.764 - The stadium hosts major football matches including home matches of the England national football team, and the FA Cup Final.
8002:123146009939968::Thread-166 2020-08-09 18:59:40.798 - As of April 2018, the building's largest tenant is United Airlines, which moved its corporate headquarters from 77 West Wacker Drive (then the United Building) in 2012, occupying around 20 floors.
8006:123146009939968::Thread-166 2020-08-09 18:59:40.98 - Black's first scene was a solo shaving video for The Score Group, which was filmed in 2007.
8003:123146009939968::Thread-166 2020-08-09 18:59:41.177 - Wembley Stadium is owned by the governing body of English football, the Football Association (the FA), through its subsidiary Wembley National Stadium Ltd (WNSL).
8005:123146009939968::Thread-166 2020-08-09 18:59:41.059 - Starting new HTTPS connection (1): en.wikipedia.org
8004:123146009939968::Thread-166 2020-08-09 18:59:41.743 - The Forbidden City (Chinese: 故宫; pinyin: Gùgōng) is a palace complex in central Beijing, China.
8006:123146009939968::Thread-166 2020-08-09 18:59:41.751 - She was the Penthouse Pet of the Month for December 2008.Black is the first person in history to win two AVN Female Performer of the Year Awards, winning back-to-back years in 2010 and 2011.
8003:123146009939968::Thread-166 2020-08-09 18:59:41.914 - The FA headquarters are in the stadium.
8003:123146009939968::Thread-166 2020-08-09 18:59:41.992 - With 90,000 seats, it is the largest stadium in the UK and the second-largest stadium in Europe.Designed by Populous and Foster and Partners, the stadium is crowned by the 134-metre-high (440 ft) Wembley Arch which serves aesthetically as a landmark across London as well as structurally, with the arch supporting over 75% of the entire roof load.
8006:123146009939968::Thread-166 2020-08-09 18:59:42.202 - She also won the 2010 and 2011 XRCO Awards for Female Performer of the Year.
8003:123146009939968::Thread-166 2020-08-09 18:59:42.366 - The stadium was built by Australian firm Multiplex at a cost of £798 million (£1.2 billion today).
8004:123146009939968::Thread-166 2020-08-09 18:59:42.466 - It houses the Palace Museum, and was the former Chinese imperial palace and state residence of the Emperor of China from the Ming dynasty (since the Yongle Emperor) to the end of the Qing dynasty, between 1420 and 1924.
8004:123146009939968::Thread-166 2020-08-09 18:59:42.68 - The Forbidden City served as the home of Chinese emperors and their households and was the ceremonial and political center of the Chinese government for almost 500 years.
8002:123146009939968::Thread-166 2020-08-09 18:59:42.798 - Other major tenants include the building's namesake Willis Towers Watson and law firms Schiff Hardin and Seyfarth Shaw.
8003:123146009939968::Thread-166 2020-08-09 18:59:42.843 - Contrary to popular belief, Wembley Stadium does not have a retractable roof which covers the playing surface.
8004:123146009939968::Thread-166 2020-08-09 18:59:42.938 - Constructed from 1406 to 1420, the complex consists of 980 buildings and covers 72 hectares (over 180 acres).
8006:123146009939968::Thread-166 2020-08-09 18:59:42.94 - In 2010, she was named by Maxim as one of the 12 top female stars in porn.
8003:123146009939968::Thread-166 2020-08-09 18:59:43.257 - Two partially retractable roof structures over the east and west end of the stadium can be opened to allow sunlight and aid pitch growth.
8003:123146009939968::Thread-166 2020-08-09 18:59:43.263 - In addition to England home games and the FA Cup final, the stadium also hosts other major games in English football, including the season-opening FA Community Shield, the League Cup final, the FA Cup semi-finals, the Football League Trophy, the Football League play-offs, the FA Trophy, the FA Vase and the National League play-offs.
8003:123146009939968::Thread-166 2020-08-09 18:59:44.27 - **END**
8004:123146009939968::Thread-166 2020-08-09 18:59:44.523 - The palace exemplifies traditional Chinese palatial architecture, and has influenced cultural and architectural developments in East Asia and elsewhere.
8004:123146009939968::Thread-166 2020-08-09 18:59:46.048 - The Forbidden City was declared a World Heritage Site in 1987, and is listed by UNESCO as the largest collection of preserved ancient wooden structures in the world.
8005:123146009939968::Thread-166 2020-08-09 18:59:46.322 - Sexual intercourse (or coitus or copulation) is sexual activity typically involving the insertion and thrusting of the penis into the vagina for sexual pleasure, reproduction, or both.
8006:123146009939968::Thread-166 2020-08-09 18:59:46.941 - **END**
8004:123146009939968::Thread-166 2020-08-09 18:59:47.198 - Since 1925, the Forbidden City has been under the charge of the Palace Museum, whose extensive collection of artwork and artifacts were built upon the imperial collections of the Ming and Qing dynasties.
8005:123146009939968::Thread-166 2020-08-09 18:59:47.907 - This is also known as vaginal intercourse or vaginal sex.
8004:123146009939968::Thread-166 2020-08-09 18:59:48.159 - Part of the museum's former collection is now in the National Palace Museum in Taipei.
8004:123146009939968::Thread-166 2020-08-09 18:59:49.271 - Both museums descend from the same institution, but were split after the Chinese Civil War.
8004:123146009939968::Thread-166 2020-08-09 18:59:49.722 - Since 2012, the Forbidden City has seen an average of 14 million visitors annually, and received more than 19 million visitors in 2019.
8002:123146009939968::Thread-166 2020-08-09 18:59:49.799 - **END**
8005:123146009939968::Thread-166 2020-08-09 18:59:50.083 - Other forms of penetrative sexual intercourse include anal sex (penetration of the anus by the penis), oral sex (penetration of the mouth by the penis or oral penetration of the female genitalia), fingering (sexual penetration by the fingers), and penetration by use of a dildo (especially a strap-on dildo).
8005:123146009939968::Thread-166 2020-08-09 18:59:51.322 - These activities involve physical intimacy between two or more individuals and are usually used among humans solely for physical or emotional pleasure and can contribute to human bonding.There are different views on what constitutes sexual intercourse or other sexual activity, which can impact on views on sexual health.
8005:123146009939968::Thread-166 2020-08-09 18:59:51.612 - Although sexual intercourse, particularly the variant coitus, generally denotes penile–vaginal penetration and the possibility of creating offspring, it also commonly denotes penetrative oral sex and penile–anal sex, especially the latter.
8002:123146009939968::Thread-166 2020-08-09 18:59:51.802 - **START**
8002:123146009939968::Thread-166 2020-08-09 18:59:51.809 - Starting new HTTPS connection (1): en.wikipedia.org
8005:123146009939968::Thread-166 2020-08-09 18:59:51.931 - It usually encompasses sexual penetration, while non-penetrative sex has been labeled "outercourse", but non-penetrative sex may also be considered sexual intercourse.
8002:123146009939968::Thread-166 2020-08-09 18:59:52.448 - Neymar da Silva Santos Júnior (Brazilian Portuguese: [nejˈmaʁ dɐ ˈsiwvɐ ˈsɐ̃tus ˈʒũɲoʁ]; born 5 February 1992), known as Neymar, is a Brazilian professional footballer who plays as a forward for Ligue 1 club Paris Saint-Germain and the Brazil national team.
8005:123146009939968::Thread-166 2020-08-09 18:59:52.589 - Sex, often a shorthand for sexual intercourse, can mean any form of sexual activity.
8002:123146009939968::Thread-166 2020-08-09 18:59:53.258 - He is widely considered as one of the best players in the world.
8003:123146009939968::Thread-166 2020-08-09 18:59:53.282 - **START**
8003:123146009939968::Thread-166 2020-08-09 18:59:53.288 - Starting new HTTPS connection (1): en.wikipedia.org
8002:123146009939968::Thread-166 2020-08-09 18:59:54.04 - Neymar came into prominence at Santos, where he made his professional debut aged 17.
8003:123146009939968::Thread-166 2020-08-09 18:59:54.422 - Macau, also spelled Macao ( (listen); 澳門, Cantonese: [ōu.mǔːn]; official Portuguese: [mɐˈkaw] Macau), and officially the Macao Special Administrative Region of the People's Republic of China, is a city in the western Pearl River Delta by the South China Sea.
8003:123146009939968::Thread-166 2020-08-09 18:59:54.484 - It is a special administrative region of China and maintains separate governing and economic systems from those of mainland China.
8002:123146009939968::Thread-166 2020-08-09 18:59:54.516 - He helped the club win two successive Campeonato Paulista championships, a Copa do Brasil, and the 2011 Copa Libertadores; the latter being Santos' first since 1963.
8005:123146009939968::Thread-166 2020-08-09 18:59:54.832 - Because people can be at risk of contracting sexually transmitted infections during these activities, safer sex practices are recommended by health professionals to reduce transmission risk.Various jurisdictions place restrictions on certain sexual acts, such as incest, sexual activity with minors, prostitution, rape, zoophilia, sodomy, premarital and extramarital sex.
8003:123146009939968::Thread-166 2020-08-09 18:59:55.103 - With a population of 696,100 and an area of 32.9 km2 (12.7 sq mi), it is the most densely populated region in the world.
8002:123146009939968::Thread-166 2020-08-09 18:59:55.407 - Neymar was twice named the South American Footballer of the Year, in 2011 and 2012, and soon relocated to Europe to join Barcelona.
8002:123146009939968::Thread-166 2020-08-09 18:59:55.525 - As part of Barcelona's attacking trio with Lionel Messi and Luis Suárez, he won the continental treble of La Liga, the Copa del Rey, and the UEFA Champions League, and finished third for the FIFA Ballon d'Or in 2015 for his performances.
8004:123146009939968::Thread-166 2020-08-09 18:59:55.726 - **END**
8002:123146009939968::Thread-166 2020-08-09 18:59:55.814 - He then attained a domestic double in the 2015–16 season.
8003:123146009939968::Thread-166 2020-08-09 18:59:55.921 - Macau was formerly a colony of the Portuguese Empire, after Ming China leased the territory as a trading post in 1557.
8003:123146009939968::Thread-166 2020-08-09 18:59:56.485 - Portugal paid an annual rent and administered the territory under Chinese sovereignty until 1887 when it gained perpetual colonial rights in the Sino-Portuguese Treaty of Peking.
8002:123146009939968::Thread-166 2020-08-09 18:59:56.669 - In 2017, Neymar transferred from Barcelona to Paris Saint-Germain in a move worth €222 million, making him the most expensive player ever.
8004:123146009939968::Thread-166 2020-08-09 18:59:56.732 - **START**
8004:123146009939968::Thread-166 2020-08-09 18:59:56.737 - Starting new HTTPS connection (1): en.wikipedia.org
8002:123146009939968::Thread-166 2020-08-09 18:59:56.858 - In France, Neymar won three league titles, two Coupe de France, and a Coupe de la Ligue, which included a domestic treble and being voted Ligue 1 Player of the Year, in his debut season.With 61 goals in 101 matches for Brazil since debuting at age 18, Neymar is the third highest goalscorer for his national team, trailing only Pelé and Ronaldo.
8002:123146009939968::Thread-166 2020-08-09 18:59:56.907 - He was a key player in Brazil's victories at the 2011 South American Youth Championship, where he finished as leading goalscorer, and the 2013 FIFA Confederations Cup, where he won the Golden Ball as player of the tournament.
8003:123146009939968::Thread-166 2020-08-09 18:59:57.455 - The colony remained under Portuguese rule until 1999, when it was transferred to China.
8005:123146009939968::Thread-166 2020-08-09 18:59:57.72 - Religious beliefs also play a role in personal decisions about sexual intercourse or other sexual activity, such as decisions about virginity, or legal and public policy matters.
8006:123146009939968::Thread-166 2020-08-09 18:59:57.944 - **START**
8006:123146009939968::Thread-166 2020-08-09 18:59:57.967 - Starting new HTTPS connection (1): en.wikipedia.org
8003:123146009939968::Thread-166 2020-08-09 18:59:58.403 - Originally a sparsely populated collection of coastal islands, the territory has become a major resort city and the top destination for gambling tourism.
8005:123146009939968::Thread-166 2020-08-09 18:59:58.532 - Religious views on sexuality vary significantly between different religions and sects of the same religion, though there are common themes, such as prohibition of adultery.
8004:123146009939968::Thread-166 2020-08-09 18:59:58.648 - Notre-Dame de Paris (French: [nɔtʁə dam də paʁi] (listen); meaning "Our Lady of Paris"), referred to simply as Notre-Dame, is a medieval Catholic cathedral on the Île de la Cité in the 4th arrondissement of Paris.
8003:123146009939968::Thread-166 2020-08-09 18:59:58.687 - Its gambling industry is seven times larger than that of Las Vegas.
8003:123146009939968::Thread-166 2020-08-09 18:59:58.757 - Although the city has one of the highest per capita incomes in the world, it has severe income inequality.
8003:123146009939968::Thread-166 2020-08-09 18:59:58.949 - Its GDP per capita by purchasing power parity is one of the highest in the world and higher than any country in the world in 2014 according to the World Bank.Macau has a very high Human Development Index, although it is only calculated by the Macau government instead of the United Nations.
8006:123146009939968::Thread-166 2020-08-09 18:59:59.335 - Ashlynn Brooke is a former American pornographic actress, feature dancer, and model.
8006:123146009939968::Thread-166 2020-08-09 19:00:00.748 - Early life
Ashley Brooke was born in Choctaw, Oklahoma.
8004:123146009939968::Thread-166 2020-08-09 19:00:01.17 - The cathedral was consecrated to the Virgin Mary and considered to be one of the finest examples of French Gothic architecture.
8005:123146009939968::Thread-166 2020-08-09 19:00:02.533 - **END**
8002:123146009939968::Thread-166 2020-08-09 19:00:02.908 - **END**
8004:123146009939968::Thread-166 2020-08-09 19:00:03.265 - Its pioneering use of the rib vault and flying buttress, its enormous and colourful rose windows, as well as the naturalism and abundance of its sculptural decoration set it apart from the earlier Romanesque style.
8006:123146009939968::Thread-166 2020-08-09 19:00:03.437 - She was a cheerleader for nine years, and graduated from high school in May 2003.
8004:123146009939968::Thread-166 2020-08-09 19:00:04.672 - Major components that make Notre Dame stand out include its large historic organ and its immense church bells.The cathedral's construction began in 1160 under Bishop Maurice de Sully and was largely complete by 1260, though it was modified frequently in the following centuries.
8003:123146009939968::Thread-166 2020-08-09 19:00:04.955 - **END**
8006:123146009939968::Thread-166 2020-08-09 19:00:06.361 - Before becoming an adult film actress in 2006, she worked at a used car dealership for over three years.Brooke was previously married to an unknown male at the age of 19 and the couple were later divorced.
8006:123146009939968::Thread-166 2020-08-09 19:00:06.918 - Career
Brooke's first foray into adult entertainment was a photoshoot for an Oklahoma-based magazine.
8004:123146009939968::Thread-166 2020-08-09 19:00:07.062 - In the 1790s, Notre-Dame suffered desecration during the French Revolution; much of its religious imagery was damaged or destroyed.
8004:123146009939968::Thread-166 2020-08-09 19:00:08.111 - In the 19th century, the cathedral was the site of the coronation of Napoleon I and the funerals of many Presidents of the French Republic.
8004:123146009939968::Thread-166 2020-08-09 19:00:09.207 - Popular interest in the cathedral blossomed soon after the publication, in 1831, of Victor Hugo's novel Notre-Dame de Paris (better known in English as The Hunchback of Notre-Dame).
8006:123146009939968::Thread-166 2020-08-09 19:00:09.265 - She soon after worked briefly as a stripper.
8006:123146009939968::Thread-166 2020-08-09 19:00:11.003 - She became an exclusive contract performer with New Sensations / Digital Sin in 2007, and in 2009 made her directing debut with Ashlynn Brooke’s Lesbian Fantasies.
8004:123146009939968::Thread-166 2020-08-09 19:00:11.415 - This led to a major restoration project between 1844 and 1864, supervised by Eugène Viollet-le-Duc.
8004:123146009939968::Thread-166 2020-08-09 19:00:12.828 - The Allied liberation of Paris in 1944 was celebrated within Notre-Dame with the singing of the Magnificat.
8004:123146009939968::Thread-166 2020-08-09 19:00:12.989 - Beginning in 1963, the cathedral's façade was cleaned of centuries of soot and grime.
8006:123146009939968::Thread-166 2020-08-09 19:00:13.174 - She has cameos in Buckcherry's "Too Drunk..." music video and the horror film Piranha 3D.In 2010, Brooke retired as a pornstar after giving birth to her child.
8004:123146009939968::Thread-166 2020-08-09 19:00:13.991 - **END**
8006:123146009939968::Thread-166 2020-08-09 19:00:14.143 - She posted on her Twitter profile and blog, introducing herself as "Ashley.
8006:123146009939968::Thread-166 2020-08-09 19:00:14.222 - Formerly known as Ashlynn Brooke" and stating that she had retired from the pornographic industry and that her former website would no longer be updated.Brooke stated that she then briefly became involved with starring in and producing female-only pornography, but that being the girl who "tries to direct all-girl features, but isn’t a 'real' lesbian" wasn't working.
8006:123146009939968::Thread-166 2020-08-09 19:00:16.228 - **END**