8004:123145576660992::Thread-63 2020-08-09 18:59:30.214 - **START**
8004:123145576660992::Thread-63 2020-08-09 18:59:30.825 - Starting new HTTPS connection (1): en.wikipedia.org
8005:123145576660992::Thread-63 2020-08-09 18:59:32.208 - **START**
8006:123145576660992::Thread-63 2020-08-09 18:59:33.244 - **START**
8005:123145576660992::Thread-63 2020-08-09 18:59:33.552 - Starting new HTTPS connection (1): en.wikipedia.org
8006:123145576660992::Thread-63 2020-08-09 18:59:34.112 - Starting new HTTPS connection (1): en.wikipedia.org
8003:123145576660992::Thread-63 2020-08-09 18:59:34.286 - **START**
8002:123145576660992::Thread-63 2020-08-09 18:59:34.396 - **START**
8004:123145576660992::Thread-63 2020-08-09 18:59:34.852 - The Tower of London, officially Her Majesty's Royal Palace and Fortress of the Tower of London, is a  historic  castle on the north bank of the River Thames in central London.
8003:123145576660992::Thread-63 2020-08-09 18:59:35.024 - Starting new HTTPS connection (1): en.wikipedia.org
8002:123145576660992::Thread-63 2020-08-09 18:59:35.643 - Starting new HTTPS connection (1): en.wikipedia.org
8004:123145576660992::Thread-63 2020-08-09 18:59:36.824 - It lies within the London Borough of Tower Hamlets, which is separated from the eastern edge of the square mile of the City of London by the open space known as Tower Hill.
8006:123145576660992::Thread-63 2020-08-09 18:59:37.009 - The Führerbunker (German pronunciation: [ˈfyːʁɐˌbʊŋkɐ]) was an air raid shelter located near the Reich Chancellery in Berlin, Germany.
8004:123145576660992::Thread-63 2020-08-09 18:59:37.351 - It was founded towards the end of 1066 as part of the Norman Conquest of England.
8006:123145576660992::Thread-63 2020-08-09 18:59:37.382 - It was part of a subterranean bunker complex constructed in two phases in 1936 and 1944.
8006:123145576660992::Thread-63 2020-08-09 18:59:37.688 - It was the last of the Führer Headquarters (Führerhauptquartiere) used by Adolf Hitler during World War II.
8005:123145576660992::Thread-63 2020-08-09 18:59:37.706 - The Golden Gate Bridge is a suspension bridge spanning the Golden Gate, the one-mile-wide (1.6 km) strait connecting San Francisco Bay and the Pacific Ocean.
8003:123145576660992::Thread-63 2020-08-09 18:59:38.226 - South Africa, officially the Republic of South Africa (RSA), is the southernmost country in Africa.
8006:123145576660992::Thread-63 2020-08-09 18:59:38.299 - Hitler took up residence in the Führerbunker on 16 January 1945, and it became the centre of the Nazi regime until the last week of World War II in Europe.
8006:123145576660992::Thread-63 2020-08-09 18:59:38.433 - Hitler married Eva Braun there on 29 April 1945, less than 40 hours before they committed suicide.
8005:123145576660992::Thread-63 2020-08-09 18:59:38.49 - The structure links the U.S. city of San Francisco, California—the northern tip of the San Francisco Peninsula—to Marin County, carrying both U.S. Route 101 and California State Route 1 across the strait.
8005:123145576660992::Thread-63 2020-08-09 18:59:38.829 - The bridge is one of the most internationally recognized symbols of San Francisco and California.
8003:123145576660992::Thread-63 2020-08-09 18:59:38.913 - With over 59 million people, it is the world's 24th-most populous nation and covers an area of 1,221,037 square kilometres (471,445 sq mi).
8006:123145576660992::Thread-63 2020-08-09 18:59:38.944 - After the war, both the old and new Chancellery buildings were levelled by the Soviets.
8005:123145576660992::Thread-63 2020-08-09 18:59:39.076 - It was initially designed by engineer Joseph Strauss in 1917.
8005:123145576660992::Thread-63 2020-08-09 18:59:39.176 - It has been declared one of the Wonders of the Modern World by the American Society of Civil Engineers.The Frommer's travel guide describes the Golden Gate Bridge as "possibly the most beautiful, certainly the most photographed, bridge in the world."
8004:123145576660992::Thread-63 2020-08-09 18:59:39.685 - The White Tower, which gives the entire castle its name, was built by William the Conqueror in 1078 and was a resented symbol of oppression, inflicted upon London by the new ruling elite.
8006:123145576660992::Thread-63 2020-08-09 18:59:39.632 - The underground complex remained largely undisturbed until 1988–89, despite some attempts at demolition.
8002:123145576660992::Thread-63 2020-08-09 18:59:39.82 - Futbol Club Barcelona (Catalan pronunciation: [fubˈbɔl ˈklub bəɾsəˈlonə] (listen)), commonly referred to as Barcelona and colloquially known as Barça ([ˈbaɾsə]), is a Spanish professional football club based in Barcelona, Catalonia, Spain.
8006:123145576660992::Thread-63 2020-08-09 18:59:40.039 - The excavated sections of the old bunker complex were mostly destroyed during reconstruction of that area of Berlin.
8005:123145576660992::Thread-63 2020-08-09 18:59:40.052 - At the time of its opening in 1937, it was both the longest and the tallest suspension bridge in the world, with a main span of 4,200 feet (1,280 m) and a total height of 746 feet (227 m).
8003:123145576660992::Thread-63 2020-08-09 18:59:40.329 - South Africa has three capital cities: executive Pretoria, judicial Bloemfontein and legislative Cape Town.
8006:123145576660992::Thread-63 2020-08-09 18:59:40.638 - The site remained unmarked until 2006, when a small plaque was installed with a schematic diagram.
8005:123145576660992::Thread-63 2020-08-09 18:59:40.768 - History


Ferry service

Before the bridge was built, the only practical short route between San Francisco and what is now Marin County was by boat across a section of San Francisco Bay.
8005:123145576660992::Thread-63 2020-08-09 18:59:40.852 - A ferry service began as early as 1820, with a regularly scheduled service beginning in the 1840s for the purpose of transporting water to San Francisco.The Sausalito Land and Ferry Company service, launched in 1867, eventually became the Golden Gate Ferry Company, a Southern Pacific Railroad subsidiary, the largest ferry operation in the world by the late 1920s.
8003:123145576660992::Thread-63 2020-08-09 18:59:41.207 - The largest city is Johannesburg.
8006:123145576660992::Thread-63 2020-08-09 18:59:41.215 - Some corridors of the bunker still exist but are sealed off from the public.
8005:123145576660992::Thread-63 2020-08-09 18:59:41.337 - Once for railroad passengers and customers only, Southern Pacific's automobile ferries became very profitable and important to the regional economy.
8006:123145576660992::Thread-63 2020-08-09 18:59:41.605 - Construction
The Reich Chancellery bunker was initially constructed as a temporary air-raid shelter for Hitler, who actually spent very little time in the capital during most of the war.
8005:123145576660992::Thread-63 2020-08-09 18:59:41.781 - The ferry crossing between the Hyde Street Pier in San Francisco and Sausalito Ferry Terminal in Marin County took approximately 20 minutes and cost $1.00 per vehicle, a price later reduced to compete with the new bridge.
8004:123145576660992::Thread-63 2020-08-09 18:59:41.782 - The castle was also used as a prison from 1100 (Ranulf Flambard) until 1952 (Kray twins), although that was not its primary purpose.
8002:123145576660992::Thread-63 2020-08-09 18:59:41.81 - Founded in 1899 by a group of Swiss, Spanish, English, and Catalan footballers led by Joan Gamper, the club has become a symbol of Catalan culture and Catalanism, hence the motto "Més que un club" ("More than a club").
8004:123145576660992::Thread-63 2020-08-09 18:59:41.856 - A grand palace early in its history, it served as a royal residence.
8005:123145576660992::Thread-63 2020-08-09 18:59:42.711 - The trip from the San Francisco Ferry Building took 27 minutes.
8003:123145576660992::Thread-63 2020-08-09 18:59:42.84 - About 80% of South Africans are of Black African ancestry, divided among a variety of ethnic groups speaking different African languages.
8003:123145576660992::Thread-63 2020-08-09 18:59:43.009 - The remaining population consists of Africa's largest communities of European, Asian, and multiracial ancestry.
8003:123145576660992::Thread-63 2020-08-09 18:59:43.449 - It is bounded to the south by 2,798 kilometres (1,739 mi) of coastline of Southern Africa stretching along the South Atlantic and Indian Oceans; to the north by the neighbouring countries of Namibia, Botswana, and Zimbabwe; and to the east and northeast by Mozambique and Eswatini (former Swaziland); and it surrounds the enclaved country of Lesotho.
8003:123145576660992::Thread-63 2020-08-09 18:59:43.76 - It is the southernmost country on the mainland of the Old World or the Eastern Hemisphere, and the most populous country located entirely south of the equator.
8004:123145576660992::Thread-63 2020-08-09 18:59:44.224 - As a whole, the Tower is a complex of several buildings set within two concentric rings of defensive walls and a moat.
8003:123145576660992::Thread-63 2020-08-09 18:59:44.261 - South Africa is a multiethnic society encompassing a wide variety of cultures, languages, and religions.
8003:123145576660992::Thread-63 2020-08-09 18:59:44.666 - Its pluralistic makeup is reflected in the constitution's recognition of 11 official languages, the fourth-highest number in the world.
8002:123145576660992::Thread-63 2020-08-09 18:59:44.769 - Unlike many other football clubs, the supporters own and operate Barcelona.
8006:123145576660992::Thread-63 2020-08-09 18:59:46.606 - **END**
8002:123145576660992::Thread-63 2020-08-09 18:59:46.884 - It is the fourth-most valuable sports team in the world, worth $4.06 billion, and the world's richest football club in terms of revenue, with an annual turnover of €840,8 million.
8004:123145576660992::Thread-63 2020-08-09 18:59:47.2 - There were several phases of expansion, mainly under kings Richard I, Henry III, and Edward I in the 12th and 13th centuries.
8002:123145576660992::Thread-63 2020-08-09 18:59:47.335 - The official Barcelona anthem is the "Cant del Barça", written by Jaume Picas and Josep Maria Espinàs.Domestically, Barcelona has won a record 74 trophies: 26 La Liga, 30 Copa del Rey, 13 Supercopa de España, 3 Copa Eva Duarte, and 2 Copa de la Liga trophies, as well as being the record holder for the latter four competitions.
8003:123145576660992::Thread-63 2020-08-09 18:59:47.668 - **END**
8002:123145576660992::Thread-63 2020-08-09 18:59:47.85 - In international club football, the club has won 20 European and worldwide titles: 5 UEFA Champions League titles, a record 4 UEFA Cup Winners' Cup, a joint record 5 UEFA Super Cup, a record 3 Inter-Cities Fairs Cup, and 3 FIFA Club World Cup.
8002:123145576660992::Thread-63 2020-08-09 18:59:48.454 - Barcelona was ranked first in the International Federation of Football History & Statistics Club World Ranking for 1997, 2009, 2011, 2012, and 2015 and currently occupies the third position on the UEFA club rankings.
8002:123145576660992::Thread-63 2020-08-09 18:59:48.798 - The club has a long-standing rivalry with Real Madrid, and matches between the two teams are referred to as El Clásico.
8002:123145576660992::Thread-63 2020-08-09 18:59:49.05 - Barcelona is one of the most widely supported teams in the world, and the club has one of the largest social media following in the world among sports teams.
8002:123145576660992::Thread-63 2020-08-09 18:59:49.684 - Barcelona players have won a record number of Ballon d'Or awards (12), with recipients including Johan Cruyff, as well as a record number of FIFA World Player of the Year awards (7), with winners including Ronaldo, Romário, Ronaldinho, and Rivaldo.
8005:123145576660992::Thread-63 2020-08-09 18:59:49.712 - **END**
8004:123145576660992::Thread-63 2020-08-09 18:59:49.731 - The general layout established by the late 13th century remains despite later activity on the site.
8004:123145576660992::Thread-63 2020-08-09 18:59:50.211 - The Tower of London has played a prominent role in English history.
8004:123145576660992::Thread-63 2020-08-09 18:59:51.212 - **END**
8003:123145576660992::Thread-63 2020-08-09 18:59:52.672 - **START**
8003:123145576660992::Thread-63 2020-08-09 18:59:52.676 - Starting new HTTPS connection (1): en.wikipedia.org
8002:123145576660992::Thread-63 2020-08-09 18:59:52.685 - **END**
8003:123145576660992::Thread-63 2020-08-09 18:59:54.032 - Lady Louise Alice Elizabeth Mary Mountbatten-Windsor (born 8 November 2003) is the elder child and only daughter of Prince Edward, Earl of Wessex, and Sophie, Countess of Wessex.
8003:123145576660992::Thread-63 2020-08-09 18:59:55.511 - She is the youngest granddaughter of Queen Elizabeth II and Prince Philip, Duke of Edinburgh.
8003:123145576660992::Thread-63 2020-08-09 18:59:57.292 - She is 13th in the line of succession to the British throne.
8006:123145576660992::Thread-63 2020-08-09 18:59:57.61 - **START**
8006:123145576660992::Thread-63 2020-08-09 18:59:57.744 - Starting new HTTPS connection (1): en.wikipedia.org
8006:123145576660992::Thread-63 2020-08-09 18:59:59.059 - Sherlock is a British crime television series based on Sir Arthur Conan Doyle's Sherlock Holmes detective stories.
8003:123145576660992::Thread-63 2020-08-09 18:59:59.285 - Birth and baptism
Louise was born prematurely on 8 November 2003 at 23:32 GMT at Frimley Park Hospital in Frimley, Surrey, after her mother was rushed there by ambulance from the Wessex home at Bagshot Park, Surrey.
8006:123145576660992::Thread-63 2020-08-09 18:59:59.405 - Created by Steven Moffat and Mark Gatiss, it stars Benedict Cumberbatch as Sherlock Holmes and Martin Freeman as Doctor John Watson.
8006:123145576660992::Thread-63 2020-08-09 18:59:59.532 - 13 episodes have been produced, with four three-part series airing from 2010 to 2017, and a special episode that aired on 1 January 2016.
8003:123145576660992::Thread-63 2020-08-09 19:00:00.489 - Prince Edward was not present for the birth because he was in Mauritius and because it occurred so suddenly.
8006:123145576660992::Thread-63 2020-08-09 19:00:01.058 - The series is set in the present day, while the one-off special features a Victorian period fantasy resembling the original Holmes stories.
8003:123145576660992::Thread-63 2020-08-09 19:00:01.408 - Louise was delivered by emergency Caesarean section due to placental abruption, which caused severe blood loss to both child and mother.
8003:123145576660992::Thread-63 2020-08-09 19:00:01.47 - Louise was transferred to a neo-natal unit in St George's Hospital, Tooting, London, as a precaution.
8003:123145576660992::Thread-63 2020-08-09 19:00:02.314 - Meanwhile, her mother remained at Frimley Park until she was well enough to be discharged, on 23 November 2003.
8003:123145576660992::Thread-63 2020-08-09 19:00:02.904 - Louise's name was announced on 27 November.She was baptised in the Private Chapel of Windsor Castle on 24 April 2004 by David Conner, the Dean of Windsor; her godparents were Lady Sarah Chatto, Lord Ivar Mountbatten, Lady Alexandra Etherington, Francesca Schwarzenbach and Rupert Elliott.
8006:123145576660992::Thread-63 2020-08-09 19:00:03.054 - Sherlock is produced by the British network BBC, along with Hartswood Films, with Moffat, Gatiss, Sue Vertue and Rebecca Eaton serving as executive producers.
8006:123145576660992::Thread-63 2020-08-09 19:00:03.561 - The series is supported by the American station WGBH-TV Boston for its Masterpiece anthology series on PBS, where it also airs in the United States.
8002:123145576660992::Thread-63 2020-08-09 19:00:03.687 - **START**
8005:123145576660992::Thread-63 2020-08-09 19:00:03.715 - **START**
8002:123145576660992::Thread-63 2020-08-09 19:00:03.899 - Starting new HTTPS connection (1): en.wikipedia.org
8005:123145576660992::Thread-63 2020-08-09 19:00:03.9 - Starting new HTTPS connection (1): en.wikipedia.org
8006:123145576660992::Thread-63 2020-08-09 19:00:04.712 - The series is primarily filmed in Cardiff, Wales, with North Gower Street in London used for exterior shots of Holmes and Watson's 221B Baker Street residence.
8003:123145576660992::Thread-63 2020-08-09 19:00:04.748 - Louise was the last child to wear the original royal christening gown.Born with esotropia, Louise underwent an operation in an unsuccessful attempt to correct the problem in January 2006.
8002:123145576660992::Thread-63 2020-08-09 19:00:05.192 - Dwayne Michael Carter Jr. (born September 27, 1982), better known by his stage name Lil Wayne, is an American rapper, singer, songwriter, record executive, entrepreneur, and actor.
8005:123145576660992::Thread-63 2020-08-09 19:00:05.298 - Stephen William Hawking  (8 January 1942 – 14 March 2018) was an English theoretical physicist, cosmologist, and author who was director of research at the Centre for Theoretical Cosmology at the University of Cambridge at the time of his death.
8002:123145576660992::Thread-63 2020-08-09 19:00:05.598 - He is regarded by many contemporaries as one of the most influential hip hop artists of his generation, and often cited as one of the greatest rappers of all time.
8005:123145576660992::Thread-63 2020-08-09 19:00:05.766 - He was the Lucasian Professor of Mathematics at the University of Cambridge between 1979 and 2009.
8005:123145576660992::Thread-63 2020-08-09 19:00:06.134 - Hawking was born in Oxford into a family of doctors.
8005:123145576660992::Thread-63 2020-08-09 19:00:06.168 - Hawking began his university education at University College, Oxford in October 1959 at the age of 17, where he received a first-class BA (Hons.)
8004:123145576660992::Thread-63 2020-08-09 19:00:06.214 - **START**
8002:123145576660992::Thread-63 2020-08-09 19:00:06.237 - His career began in 1995, at the age of 12, when he was signed by rapper Birdman, joining Cash Money Records as the youngest member of the label.
8004:123145576660992::Thread-63 2020-08-09 19:00:06.266 - Starting new HTTPS connection (1): en.wikipedia.org
8006:123145576660992::Thread-63 2020-08-09 19:00:06.398 - Sherlock has been praised for the quality of its writing, acting, and direction.
8002:123145576660992::Thread-63 2020-08-09 19:00:06.551 - He was put in a duo with label-mate B.G., at  that time known as Lil Doogie, and they recorded an album, True Story, released that year, although Wayne (who was at that time known as Baby D) only appeared on three tracks.
8005:123145576660992::Thread-63 2020-08-09 19:00:06.909 - degree in physics.
8006:123145576660992::Thread-63 2020-08-09 19:00:07.063 - It has been nominated for numerous awards including Emmys, BAFTAs and a Golden Globe, winning several awards across a variety of categories.
8005:123145576660992::Thread-63 2020-08-09 19:00:07.153 - He began his graduate work at Trinity Hall, Cambridge in October 1962, where he obtained his PhD degree in applied mathematics and theoretical physics, specialising in general relativity and cosmology in March 1966.
8002:123145576660992::Thread-63 2020-08-09 19:00:07.178 - His mother and stepfather later disallowed him from continuing to record with Cash Money as his grades in school were falling and they worried that Birdman and his associates were bad influences, but he eventually persuaded them to let him return and he was again doing so by 1997; by this time he was recording as Lil Wayne.
8002:123145576660992::Thread-63 2020-08-09 19:00:07.468 - He joined the southern hip hop group Hot Boys, with Cash Money label-mates Juvenile and Turk,  as well as Lil Doogie, who had also by this time changed his stage name, to B.G., in 1997; they released their debut album Get It How U Live!
8006:123145576660992::Thread-63 2020-08-09 19:00:07.537 - The show won in three categories at the 66th Primetime Emmy Awards including Outstanding Lead Actor in a Miniseries or a Movie for Cumberbatch, Outstanding Supporting Actor in a Miniseries or a Movie for Freeman and Outstanding Writing for a Miniseries, Movie or a Dramatic Special for Moffat.
8004:123145576660992::Thread-63 2020-08-09 19:00:07.767 - Kristen Jaymes Stewart (born April 9, 1990) is an American actress and filmmaker.
8005:123145576660992::Thread-63 2020-08-09 19:00:07.917 - In 1963, Hawking was diagnosed with an early-onset slow-progressing form of motor neurone disease (also known as amyotrophic lateral sclerosis (ALS) or Lou Gehrig's disease) that gradually paralysed him over the decades.
8004:123145576660992::Thread-63 2020-08-09 19:00:08.291 - The world's highest-paid actress in 2010 and 2012, she is the recipient of several accolades, including a BAFTA Award and a César Award, which she was the first American actress to win.
8002:123145576660992::Thread-63 2020-08-09 19:00:08.373 - in October that year.
8002:123145576660992::Thread-63 2020-08-09 19:00:08.484 - Wayne first gained wide attention for appearing with Juvenile on the latter's 1998 song "Back That Azz Up", also known by the censored version title "Back That Thang Up", where he appeared on the song's outro.
8005:123145576660992::Thread-63 2020-08-09 19:00:08.487 - After the loss of his speech, he was able to communicate through a speech-generating device—initially through use of a handheld switch, and eventually by using a single cheek muscle.
8004:123145576660992::Thread-63 2020-08-09 19:00:08.593 - Born and raised in Los Angeles to an American father and Australian mother, both of whom work in show business, Stewart first gained notice at age 12 for her role as the daughter of Jodie Foster's character in David Fincher's thriller Panic Room (2002), which earned her a Young Artist Award nomination for Best Leading Actress in a Feature Film.
8003:123145576660992::Thread-63 2020-08-09 19:00:08.75 - **END**
8002:123145576660992::Thread-63 2020-08-09 19:00:08.86 - The Hot Boys became popular following the release of the album Guerrilla Warfare (1999) and the song "Bling Bling".
8005:123145576660992::Thread-63 2020-08-09 19:00:09.05 - Hawking's scientific works included a collaboration with Roger Penrose on gravitational singularity theorems in the framework of general relativity and the theoretical prediction that black holes emit radiation, often called Hawking radiation.
8004:123145576660992::Thread-63 2020-08-09 19:00:09.052 - She subsequently starred in Speak (2004), Catch That Kid (2004), Zathura: A Space Adventure (2005), and Into the Wild (2007).
8005:123145576660992::Thread-63 2020-08-09 19:00:09.382 - Hawking was the first to set out a theory of cosmology explained by a union of the general theory of relativity and quantum mechanics.
8006:123145576660992::Thread-63 2020-08-09 19:00:09.538 - **END**
8004:123145576660992::Thread-63 2020-08-09 19:00:09.914 - In 2010, she was awarded the BAFTA Rising Star Award.
8005:123145576660992::Thread-63 2020-08-09 19:00:09.982 - He was a vigorous supporter of the many-worlds interpretation of quantum mechanics.Hawking achieved commercial success with several works of popular science in which he discussed his theories and cosmology in general.
8004:123145576660992::Thread-63 2020-08-09 19:00:10.905 - Stewart went on to gain worldwide recognition for her role as Bella Swan in The Twilight Saga film series (2008–2012), which collectively grossed over $3.3 billion worldwide.After starring in the fantasy film Snow White and the Huntsman (2012), Stewart eschewed roles in big-budget films in favor of independent productions for the next few years.
8005:123145576660992::Thread-63 2020-08-09 19:00:11.988 - **END**
8004:123145576660992::Thread-63 2020-08-09 19:00:12.474 - She took on roles in the dramas Camp X-Ray and Still Alice (both 2014), and the science fiction romance Equals (2016).
8004:123145576660992::Thread-63 2020-08-09 19:00:13.015 - In 2015, she garnered critical acclaim for her performance in Olivier Assayas' drama film Clouds of Sils Maria, which won her the César Award for Best Supporting Actress.
8002:123145576660992::Thread-63 2020-08-09 19:00:13.864 - **END**
8004:123145576660992::Thread-63 2020-08-09 19:00:14.651 - Stewart reunited with Assayas the following year in the supernatural thriller Personal Shopper (2016) and made her directorial debut with the 2017 short film Come Swim.
8004:123145576660992::Thread-63 2020-08-09 19:00:16.553 - She returned to mainstream Hollywood with leading roles in the action films Charlie's Angels (2019) and Underwater (2020).
8004:123145576660992::Thread-63 2020-08-09 19:00:23.559 - **END**