8003:123146232889344::Thread-219 2020-08-09 18:59:27.312 - **START**
8003:123146232889344::Thread-219 2020-08-09 18:59:27.615 - Starting new HTTPS connection (1): en.wikipedia.org
8006:123146232889344::Thread-219 2020-08-09 18:59:29.272 - **START**
8006:123146232889344::Thread-219 2020-08-09 18:59:29.414 - Starting new HTTPS connection (1): en.wikipedia.org
8003:123146232889344::Thread-219 2020-08-09 18:59:30.007 - Janine Marie Lindemulder (born November 14, 1968), also known as Janine Marie James, is an American exotic dancer and adult film actress, best known for her work in American pornographic films (typically credited as just Janine) during the mid-1990s and since a 2004 comeback.
8006:123146232889344::Thread-219 2020-08-09 18:59:30.921 - Prince Rogers Nelson (June 7, 1958 – April 21, 2016) was an American singer-songwriter, musician, record producer, dancer, actor, and filmmaker.
8006:123146232889344::Thread-219 2020-08-09 18:59:31.081 - He is widely regarded as one of the greatest musicians of his generation.
8004:123146232889344::Thread-219 2020-08-09 18:59:31.264 - **START**
8003:123146232889344::Thread-219 2020-08-09 18:59:31.314 - Lindemulder has appeared in several music videos for bands including Blink-182 as well as appearing on the cover of their 1999 album Enema of the State.
8004:123146232889344::Thread-219 2020-08-09 18:59:31.501 - Starting new HTTPS connection (1): en.wikipedia.org
8006:123146232889344::Thread-219 2020-08-09 18:59:31.653 - A multi-instrumentalist who was considered a guitar virtuoso, he was well known for his eclectic work across multiple genres, flamboyant and androgynous persona, and wide vocal range which included a far-reaching falsetto and high-pitched screams.
8003:123146232889344::Thread-219 2020-08-09 18:59:31.89 - Early career
Janine Lindemulder modeled for Penthouse magazine, making her first appearance in the December 1987 issue, as the Pet of the Month.
8003:123146232889344::Thread-219 2020-08-09 18:59:32.039 - She appeared several more times in Penthouse over the next ten years, and was chosen as Pet of the Year Runner-Up for 1990.Lindemulder's first cinematic role came in the 1988 Italian film Bersaglio sull'autostrada, known as Moving Target in English-speaking countries.
8006:123146232889344::Thread-219 2020-08-09 18:59:32.414 - Prince's innovative music integrated a wide variety of styles, including funk, R&B, rock, new wave, soul, synth-pop, psychedelia, pop, industrial, and hip hop.
8006:123146232889344::Thread-219 2020-08-09 18:59:33.319 - He pioneered the Minneapolis sound, a funk rock subgenre that emerged in the late 1970s.
8006:123146232889344::Thread-219 2020-08-09 18:59:33.726 - He was also known for his prolific output, releasing 39 albums during his life, with a vast array of unreleased projects left in a vault at his home after his death; it is believed that the vault contains dozens of fully produced albums and over 50 music videos that have never been released, along with various other media.
8003:123146232889344::Thread-219 2020-08-09 18:59:33.847 - She was credited as Janine Linde.
8006:123146232889344::Thread-219 2020-08-09 18:59:34.479 - He released hundreds of songs both under his own name and multiple pseudonyms during his life, as well as writing songs that were made famous by other musicians, such as "Nothing Compares 2 U" and "Manic Monday".
8003:123146232889344::Thread-219 2020-08-09 18:59:34.508 - She went on to act in other lower-tier mainstream films, including Spring Break USA and Caged Fury.
8004:123146232889344::Thread-219 2020-08-09 18:59:34.936 - The Leaning Tower of Pisa (Italian: Torre pendente di Pisa) or simply the Tower of Pisa (Torre di Pisa [ˈtorre di ˈpiːza, - ˈpiːsa]) is the campanile, or freestanding bell tower, of the cathedral of the Italian city of Pisa, known worldwide for its nearly four-degree lean, the result of an unstable foundation.
8002:123146232889344::Thread-219 2020-08-09 18:59:35.382 - **START**
8004:123146232889344::Thread-219 2020-08-09 18:59:35.396 - The tower is situated behind the Pisa Cathedral and is the third-oldest structure in the city's Cathedral Square (Piazza del Duomo), after the cathedral and the Pisa Baptistry.
8006:123146232889344::Thread-219 2020-08-09 18:59:35.461 - Estimates of the complete number of songs written by Prince range anywhere from 500 to well over 1,000.Born and raised in Minneapolis, Minnesota, Prince signed a recording contract with Warner Bros. Records at the age of 19.
8006:123146232889344::Thread-219 2020-08-09 18:59:35.763 - Prince went on to achieve critical success with the musically complex albums Dirty Mind (1980), Controversy (1981), and 1999 (1982).
8003:123146232889344::Thread-219 2020-08-09 18:59:36.173 - Adult film career
Lindemulder made her adult film debut in the 1992 feature Andrew Blake's Hidden Obsessions.
8004:123146232889344::Thread-219 2020-08-09 18:59:36.633 - The height of the tower is 55.86 metres (183.27 feet) from the ground on the low side and 56.67 metres (185.93 feet) on the high side.
8002:123146232889344::Thread-219 2020-08-09 18:59:36.994 - Starting new HTTPS connection (1): en.wikipedia.org
8005:123146232889344::Thread-219 2020-08-09 18:59:37.254 - **START**
8003:123146232889344::Thread-219 2020-08-09 18:59:37.876 - She was featured in two more adult movies before joining Vivid Video as an exclusive "contract girl" (who are collectively referred to as the Vivid Girls).
8005:123146232889344::Thread-219 2020-08-09 18:59:38.072 - Starting new HTTPS connection (1): en.wikipedia.org
8004:123146232889344::Thread-219 2020-08-09 18:59:38.59 - The width of the walls at the base is 2.44 m (8 ft 0.06 in).
8006:123146232889344::Thread-219 2020-08-09 18:59:39.772 - **END**
8003:123146232889344::Thread-219 2020-08-09 18:59:39.854 - Her first Vivid release was titled Parlor Games.
8004:123146232889344::Thread-219 2020-08-09 18:59:40.502 - Its weight is estimated at 14,500 metric tons (16,000 short tons).
8002:123146232889344::Thread-219 2020-08-09 18:59:41.619 - The Spain national football team (Spanish: Selección Española de Fútbol) has represented Spain in international men's football competition since 1920.
8003:123146232889344::Thread-219 2020-08-09 18:59:41.709 - Lindemulder subsequently appeared featured in over fifty other Vivid titles.
8004:123146232889344::Thread-219 2020-08-09 18:59:41.732 - The tower has 296 or 294 steps; the seventh floor has two fewer steps on the north-facing staircase.
8004:123146232889344::Thread-219 2020-08-09 18:59:42.799 - The tower began to lean during construction in the 12th century, due to soft ground which could not properly support the structure's weight, and it worsened through the completion of construction in the 14th century.
8002:123146232889344::Thread-219 2020-08-09 18:59:43.289 - It is governed by the Royal Spanish Football Federation, the governing body for football in Spain.
8005:123146232889344::Thread-219 2020-08-09 18:59:43.659 - Tera Patrick (born Linda Ann Hopkins July 25, 1976) is an American former pornographic actress and model who is the Penthouse Pet of the Month for February 2000 and is an inductee for the NightMoves, AVN and XRCO Halls of Fame.
8006:123146232889344::Thread-219 2020-08-09 18:59:43.815 - **START**
8006:123146232889344::Thread-219 2020-08-09 18:59:44.027 - Starting new HTTPS connection (1): en.wikipedia.org
8005:123146232889344::Thread-219 2020-08-09 18:59:44.224 - Early life
Tera Patrick was born Linda Ann Hopkins and was raised near San Francisco.
8005:123146232889344::Thread-219 2020-08-09 18:59:44.389 - Her mother is Thai and her father is of English, Irish and Dutch descent.
8004:123146232889344::Thread-219 2020-08-09 18:59:44.786 - By 1990, the tilt had reached 5.5 degrees.
8006:123146232889344::Thread-219 2020-08-09 18:59:45.1 - William I (c. 1028 – 9 September 1087), usually known as William the Conqueror and sometimes William the Bastard, was the first Norman King of England, reigning from 1066 until his death in 1087.
8005:123146232889344::Thread-219 2020-08-09 18:59:45.304 - When she was just ten, her mother left her and she grew up with her father David Hopkins, a carefree hippie.
8006:123146232889344::Thread-219 2020-08-09 18:59:45.371 - He was a descendant of Rollo and was Duke of Normandy from 1035 onward.
8002:123146232889344::Thread-219 2020-08-09 18:59:45.538 - Spain are one of the eight national teams to have been crowned worldwide champions, having participated in a total of 15 of 21 FIFA World Cups and qualifying consistently since 1978.
8005:123146232889344::Thread-219 2020-08-09 18:59:45.592 - After taking weekend classes at the Barbizon School of Modeling for two years, she was hired by a Japanese modeling agency and moved to Tokyo at the age of fourteen.
8004:123146232889344::Thread-219 2020-08-09 18:59:45.682 - The structure was stabilized by remedial work between 1993 and 2001, which reduced the tilt to 3.97 degrees.
8006:123146232889344::Thread-219 2020-08-09 18:59:46.3 - His hold was secure on Normandy by 1060, following a long struggle to establish his throne, and he launched the Norman conquest of England six years later.
8004:123146232889344::Thread-219 2020-08-09 18:59:46.317 - Architect
There has been controversy about the real identity of the architect of the Leaning Tower of Pisa.
8004:123146232889344::Thread-219 2020-08-09 18:59:46.318 - **END**
8005:123146232889344::Thread-219 2020-08-09 18:59:46.375 - At one of her first photo shoots, she was sexually assaulted by the photographer, who "was feeding [her] champagne and Valium" until she "was getting wasted".
8002:123146232889344::Thread-219 2020-08-09 18:59:46.442 - Spain has also won three continental titles, having appeared at 10 of 15 UEFA European Championships.
8005:123146232889344::Thread-219 2020-08-09 18:59:46.468 - She spent two years in Tokyo, where "she became addicted to Valium and alcohol and spent her paychecks on shopping sprees".
8006:123146232889344::Thread-219 2020-08-09 18:59:46.524 - The rest of his life was marked by struggles to consolidate his hold over England and his continental lands and by difficulties with his eldest son, Robert Curthose.
8006:123146232889344::Thread-219 2020-08-09 18:59:46.768 - William was the son of the unmarried Robert I, Duke of Normandy, by his mistress Herleva.
8006:123146232889344::Thread-219 2020-08-09 18:59:46.91 - His illegitimate status and his youth caused some difficulties for him after he succeeded his father, as did the anarchy which plagued the first years of his rule.
8002:123146232889344::Thread-219 2020-08-09 18:59:47.148 - Spain became the first European team to win a FIFA World Cup outside of Europe, having won the 2010 tournament in South Africa, as well as having won back-to-back European titles in Euro 2008 and Euro 2012, defeating Germany and Italy in the respective finals, making them the only national team with three consecutive major titles.
8005:123146232889344::Thread-219 2020-08-09 18:59:47.171 - When her father learned she had become sexually active, he complained to her agency, pointing out she was underage.
8006:123146232889344::Thread-219 2020-08-09 18:59:47.499 - During his childhood and adolescence, members of the Norman aristocracy battled each other, both for control of the child duke and for their own ends.
8005:123146232889344::Thread-219 2020-08-09 18:59:47.608 - It sent her back to the United States, "sixteen years old and already a washed-up model".
8005:123146232889344::Thread-219 2020-08-09 18:59:47.948 - At eighteen, she obtained a GED, briefly studied nursing at Boise State University, then received EMT certification from a local vocational school.
8004:123146232889344::Thread-219 2020-08-09 18:59:48.323 - **START**
8004:123146232889344::Thread-219 2020-08-09 18:59:48.326 - Starting new HTTPS connection (1): en.wikipedia.org
8006:123146232889344::Thread-219 2020-08-09 18:59:48.338 - In 1047, William was able to quash a rebellion and begin to establish his authority over the duchy, a process that was not complete until about 1060.
8006:123146232889344::Thread-219 2020-08-09 18:59:48.698 - His marriage in the 1050s to Matilda of Flanders provided him with a powerful ally in the neighbouring county of Flanders.
8002:123146232889344::Thread-219 2020-08-09 18:59:48.748 - Because of this, from 2008 to 2013, the national team won the FIFA Team of the Year, the second-most of any nation, behind only Brazil.
8003:123146232889344::Thread-219 2020-08-09 18:59:49.711 - **END**
8004:123146232889344::Thread-219 2020-08-09 18:59:50.218 - One World Trade Center (also known as One World Trade, One WTC, or Freedom Tower) is the main building of the rebuilt World Trade Center complex in Lower Manhattan, New York City.
8004:123146232889344::Thread-219 2020-08-09 18:59:50.88 - One WTC is the tallest building in the United States, the tallest building in the Western Hemisphere, and the seventh-tallest in the world.
8004:123146232889344::Thread-219 2020-08-09 18:59:51.086 - The supertall structure has the same name as the North Tower of the original World Trade Center, which was destroyed in the terrorist attacks of September 11, 2001.
8004:123146232889344::Thread-219 2020-08-09 18:59:51.15 - The new skyscraper stands on the northwest corner of the 16-acre (6.5 ha) World Trade Center site, on the site of the original 6 World Trade Center.
8002:123146232889344::Thread-219 2020-08-09 18:59:51.606 - Also between February 2007 and June 2009, Spain went undefeated for a record-equalling 35 consecutive matches, a record shared with Brazil.
8004:123146232889344::Thread-219 2020-08-09 18:59:52.055 - The building is bounded by West Street to the west, Vesey Street to the north, Fulton Street to the south, and Washington Street to the east.
8006:123146232889344::Thread-219 2020-08-09 18:59:52.7 - **END**
8004:123146232889344::Thread-219 2020-08-09 18:59:52.885 - The building's architect is David Childs, whose firm Skidmore, Owings & Merrill (SOM) also designed the Burj Khalifa and the Willis Tower.
8004:123146232889344::Thread-219 2020-08-09 18:59:52.89 - The construction of below-ground utility relocations, footings, and foundations for the new building began on April 27, 2006.
8002:123146232889344::Thread-219 2020-08-09 18:59:53.312 - Their achievements have led many experts and commentators to consider the 2008–2012 Spanish squads, among the best ever international sides in world football.
8002:123146232889344::Thread-219 2020-08-09 18:59:53.415 - History

Spain has been a member of FIFA since FIFA's foundation in 1904, even though the Spanish Football Federation was first established in 1909.
8004:123146232889344::Thread-219 2020-08-09 18:59:54.179 - One World Trade Center became the tallest structure in New York City on April 30, 2012, when it surpassed the height of the Empire State Building.
8003:123146232889344::Thread-219 2020-08-09 18:59:54.715 - **START**
8003:123146232889344::Thread-219 2020-08-09 18:59:54.724 - Starting new HTTPS connection (1): en.wikipedia.org
8004:123146232889344::Thread-219 2020-08-09 18:59:55.62 - The tower's steel structure was topped out on August 30, 2012.
8002:123146232889344::Thread-219 2020-08-09 18:59:55.654 - The first Spain national football team was constituted in 1920, with the main objective of finding a team that would represent Spain at the Summer Olympics held in Belgium in that same year.
8004:123146232889344::Thread-219 2020-08-09 18:59:55.676 - On May 10, 2013, the final component of the skyscraper's spire was installed, making the building, including its spire, reach a total height of 1,776 feet (541 m).
8005:123146232889344::Thread-219 2020-08-09 18:59:56.95 - **END**
8003:123146232889344::Thread-219 2020-08-09 18:59:57.139 - Alexis Texas is an American pornographic actress, director, and featured dancer.
8003:123146232889344::Thread-219 2020-08-09 18:59:58.588 - Early life
Prior to entering the adult film industry, Texas attended Texas State University studying respiratory care therapy.
8003:123146232889344::Thread-219 2020-08-09 18:59:59.886 - Career

Texas' first scene was with Jack Venice in Shane's World's College Amateur Tour In Texas, filmed in October 2006, followed by several scenes for Bang Bros in Florida.
8003:123146232889344::Thread-219 2020-08-09 19:00:01.316 - She then moved to Los Angeles and began shooting scenes for the LA Direct modeling agency in March 2007.
8003:123146232889344::Thread-219 2020-08-09 19:00:01.435 - Released in February 2008, Discovering Alexis Texas was directed by the adult performer Belladonna.In 2012, Texas signed an exclusive, one-year contract with the company Adam & Eve.
8004:123146232889344::Thread-219 2020-08-09 19:00:01.686 - **END**
8003:123146232889344::Thread-219 2020-08-09 19:00:02.288 - In February 2014, it was announced that she had amicably separated from Adam & Eve.Texas currently has a show on Vivid Radio entitled Alexis Texas: Sex ED.
8005:123146232889344::Thread-219 2020-08-09 19:00:02.951 - **START**
8005:123146232889344::Thread-219 2020-08-09 19:00:02.997 - Starting new HTTPS connection (1): en.wikipedia.org
8003:123146232889344::Thread-219 2020-08-09 19:00:03.003 - In June 2015, Elegant Angel signed her to an exclusive directing contract.
8003:123146232889344::Thread-219 2020-08-09 19:00:03.454 - Her directorial debut, Big Booty Tryouts, was released the following month.
8002:123146232889344::Thread-219 2020-08-09 19:00:03.657 - **END**
8003:123146232889344::Thread-219 2020-08-09 19:00:04.266 - She appeared in all of the film's scenes, which were the first ones she shot after a nearly two-year hiatus from performing.
8005:123146232889344::Thread-219 2020-08-09 19:00:04.332 - Cloud Gate is a public sculpture by Indian-born British artist Sir Anish Kapoor, that is the centerpiece of AT&T Plaza at Millennium Park in the Loop community area of Chicago, Illinois.
8003:123146232889344::Thread-219 2020-08-09 19:00:05.41 - She also directed The Real Buttwoman Returns, which featured her first gangbang scene.Texas was featured on the cover of Genesis magazine in April 2009, and Hustler magazine's 35th anniversary edition in June 2009.
8003:123146232889344::Thread-219 2020-08-09 19:00:05.548 - In 2010, she was named by Maxim as one of the 12 top female stars in porn.
8005:123146232889344::Thread-219 2020-08-09 19:00:06.683 - The sculpture and AT&T Plaza are located on top of Park Grill, between the Chase Promenade and McCormick Tribune Plaza & Ice Rink.
8006:123146232889344::Thread-219 2020-08-09 19:00:07.705 - **START**
8006:123146232889344::Thread-219 2020-08-09 19:00:07.713 - Starting new HTTPS connection (1): en.wikipedia.org
8006:123146232889344::Thread-219 2020-08-09 19:00:08.75 - The Petronas Towers, also known as the Petronas Twin Towers (Malay: Menara Petronas, or Menara Berkembar Petronas), are twin skyscrapers in Kuala Lumpur, Malaysia.
8006:123146232889344::Thread-219 2020-08-09 19:00:08.933 - According to the Council on Tall Buildings and Urban Habitat (CTBUH)'s official definition and ranking, they were the tallest buildings in the world from 1998 to 2004, until they were surpassed by Taipei 101.
8005:123146232889344::Thread-219 2020-08-09 19:00:09.565 - Constructed between 2004 and 2006, the sculpture is nicknamed The Bean because of its shape, a name Kapoor initially disliked, but later grew fond of.
8006:123146232889344::Thread-219 2020-08-09 19:00:10.849 - The Petronas Towers remain the tallest twin towers in the world.
8005:123146232889344::Thread-219 2020-08-09 19:00:11.231 - Made up of 168 stainless steel plates welded together, its highly polished exterior has no visible seams.
8006:123146232889344::Thread-219 2020-08-09 19:00:11.458 - The buildings are a landmark of Kuala Lumpur, along with nearby Kuala Lumpur Tower; they remain the tallest buildings in Kuala Lumpur.
8006:123146232889344::Thread-219 2020-08-09 19:00:11.883 - History and architecture
The Petronas Towers' structural system is a tube in tube design, invented by Fazlur Rahman Khan.
8006:123146232889344::Thread-219 2020-08-09 19:00:12.97 - Applying a tube-structure for extreme tall buildings is a common phenomenon.The 88-floor towers are constructed largely of reinforced concrete, with a steel and glass facade designed to resemble motifs found in Islamic art, a reflection of Malaysia's Muslim religion.
8006:123146232889344::Thread-219 2020-08-09 19:00:13.393 - Another Islamic influence on the design is that the cross section of the towers is based on a Rub el Hizb, albeit with circular sectors added to meet office space requirements.
8005:123146232889344::Thread-219 2020-08-09 19:00:13.466 - It measures 33 by 66 by 42 feet (10 by 20 by 13 m), and weighs 110 short tons (100 t; 98 long tons).
8003:123146232889344::Thread-219 2020-08-09 19:00:13.553 - **END**
8006:123146232889344::Thread-219 2020-08-09 19:00:13.695 - The circular sectors is similar to the bottom part of the Qutub Minar.
8006:123146232889344::Thread-219 2020-08-09 19:00:14.049 - The towers were designed by Argentine architect César Pelli.
8006:123146232889344::Thread-219 2020-08-09 19:00:15.484 - A distinctive postmodern style was chosen to create a 21st-century icon for Kuala Lumpur, Malaysia.
8005:123146232889344::Thread-219 2020-08-09 19:00:15.799 - Kapoor's design was inspired by liquid mercury and the sculpture's surface reflects and distorts the city's skyline.
8005:123146232889344::Thread-219 2020-08-09 19:00:18.374 - Visitors are able to walk around and under Cloud Gate's 12-foot (3.7 m) high arch.
8005:123146232889344::Thread-219 2020-08-09 19:00:20.205 - On the underside is the "omphalos" (Greek for "navel"), a concave chamber that warps and multiplies reflections.
8006:123146232889344::Thread-219 2020-08-09 19:00:22.489 - **END**
8005:123146232889344::Thread-219 2020-08-09 19:00:22.697 - The sculpture builds upon many of Kapoor's artistic themes, and it is popular with tourists as a photo-taking opportunity for its unique reflective properties.
8005:123146232889344::Thread-219 2020-08-09 19:00:22.915 - The sculpture was the result of a design competition.
8005:123146232889344::Thread-219 2020-08-09 19:00:25.92 - **END**