8006:123145585074176::Thread-65 2020-08-09 18:59:26.248 - **START**
8006:123145585074176::Thread-65 2020-08-09 18:59:26.253 - Starting new HTTPS connection (1): en.wikipedia.org
8006:123145585074176::Thread-65 2020-08-09 18:59:29.527 - Philadelphia, colloquially Philly, is the largest city in the U.S. state  of Pennsylvania, and the sixth-most populous U.S. city with a 2019 estimated population of 1,584,064.
8006:123145585074176::Thread-65 2020-08-09 18:59:31.526 - Since 1854, the city has had the same geographic boundaries as Philadelphia County, the most populous county in Pennsylvania and the urban core of the eighth-largest U.S. metropolitan statistical area, with over 6 million residents as of 2017.
8003:123145585074176::Thread-65 2020-08-09 18:59:32.25 - **START**
8003:123145585074176::Thread-65 2020-08-09 18:59:33.564 - Starting new HTTPS connection (1): en.wikipedia.org
8006:123145585074176::Thread-65 2020-08-09 18:59:34.341 - Philadelphia is also the economic and cultural anchor of the greater Delaware Valley, located along the lower Delaware and Schuylkill Rivers, within the Northeast megalopolis.
8002:123145585074176::Thread-65 2020-08-09 18:59:35.308 - **START**
8004:123145585074176::Thread-65 2020-08-09 18:59:36.228 - **START**
8002:123145585074176::Thread-65 2020-08-09 18:59:36.995 - Starting new HTTPS connection (1): en.wikipedia.org
8006:123145585074176::Thread-65 2020-08-09 18:59:37.293 - The Delaware Valley's population of 7.2 million ranks it as the eighth-largest combined statistical area in the United States.Philadelphia is one of the oldest municipalities in the United States.
8003:123145585074176::Thread-65 2020-08-09 18:59:37.408 - North Macedonia (Macedonia until February 2019), officially the Republic of North Macedonia, is a country in the Balkan Peninsula in Southeast Europe.
8005:123145585074176::Thread-65 2020-08-09 18:59:39.203 - **START**
8003:123145585074176::Thread-65 2020-08-09 18:59:39.651 - It gained its independence in 1991 as one of the successor states of Yugoslavia.
8004:123145585074176::Thread-65 2020-08-09 18:59:39.74 - Starting new HTTPS connection (1): en.wikipedia.org
8006:123145585074176::Thread-65 2020-08-09 18:59:39.627 - William Penn, an English Quaker, founded the city in 1682 to serve as capital of the Pennsylvania Colony.
8002:123145585074176::Thread-65 2020-08-09 18:59:40.829 - Greta Tintin Eleonora Ernman Thunberg (Swedish: [ˈɡrêːta ˈtʉ̂ːnbærj] (listen); born 3 January 2003) is a Swedish environmental activist who has gained international recognition for promoting the view that humanity is facing an existential crisis arising from climate change.
8003:123145585074176::Thread-65 2020-08-09 18:59:40.898 - A landlocked country, North Macedonia has borders with Kosovo to the northwest, Serbia to the northeast, Bulgaria to the east, Greece to the south, and Albania to the west.
8006:123145585074176::Thread-65 2020-08-09 18:59:41.112 - Philadelphia played an instrumental role in the American Revolution as a meeting place for the Founding Fathers of the United States, who signed the Declaration of Independence in 1776 at the Second Continental Congress, and the Constitution at the Philadelphia Convention of 1787.
8005:123145585074176::Thread-65 2020-08-09 18:59:41.066 - Starting new HTTPS connection (1): en.wikipedia.org
8003:123145585074176::Thread-65 2020-08-09 18:59:42.214 - It constitutes approximately the northern third of the larger geographical region of Macedonia.
8002:123145585074176::Thread-65 2020-08-09 18:59:42.217 - Thunberg is known for her youth and her straightforward speaking manner, both in public and to political leaders and assemblies, in which she criticises world leaders for their failure to take sufficient action to address the climate crisis.Thunberg's activism started after convincing her parents to adopt several lifestyle choices to reduce their own carbon footprint.
8006:123145585074176::Thread-65 2020-08-09 18:59:43.144 - Several other key events occurred in Philadelphia during the Revolutionary War including the First Continental Congress, the preservation of the Liberty Bell, the Battle of Germantown, and the Siege of Fort Mifflin.
8002:123145585074176::Thread-65 2020-08-09 18:59:43.358 - In August 2018, at age 15, she started spending her school days outside the Swedish parliament to call for stronger action on climate change by holding up a sign reading Skolstrejk för klimatet (School strike for climate).
8002:123145585074176::Thread-65 2020-08-09 18:59:43.387 - Soon, other students engaged in similar protests in their own communities.
8002:123145585074176::Thread-65 2020-08-09 18:59:43.834 - Together, they organised a school climate strike movement under the name Fridays for Future.
8002:123145585074176::Thread-65 2020-08-09 18:59:44.391 - After Thunberg addressed the 2018 United Nations Climate Change Conference, student strikes took place every week somewhere in the world.
8004:123145585074176::Thread-65 2020-08-09 18:59:44.406 - N.W.A (an abbreviation for Niggaz Wit Attitudes) was an American hip hop group from Compton, California.
8003:123145585074176::Thread-65 2020-08-09 18:59:45.0 - The capital and largest city, Skopje, is home to roughly a quarter of the country's 2.06 million inhabitants.
8002:123145585074176::Thread-65 2020-08-09 18:59:45.061 - In 2019, there were multiple coordinated multi-city protests involving over a million students each.
8006:123145585074176::Thread-65 2020-08-09 18:59:45.439 - Philadelphia remained the nation's largest city until being overtaken by New York City in 1790; the city was also one of the nation's capitals during the revolution, serving as temporary U.S. capital while Washington, D.C. was under construction.
8005:123145585074176::Thread-65 2020-08-09 18:59:46.098 - Eva Angelina (born Nicole Tyler, March 14, 1985) is an American pornographic actress, feature dancer, and real estate agent.
8004:123145585074176::Thread-65 2020-08-09 18:59:46.248 - They were among the earliest and most significant popularizers and controversial figures of the gangsta rap subgenre, and are widely considered one of the greatest and most influential groups in the history of hip hop music.Active from 1987 to 1991, the rap group endured controversy owing to their music's explicit lyrics which many viewed as being misogynist, as well as to its glorification of drugs and crime.
8002:123145585074176::Thread-65 2020-08-09 18:59:46.327 - To avoid flying, Thunberg sailed to North America where she attended the 2019 UN Climate Action Summit.
8004:123145585074176::Thread-65 2020-08-09 18:59:46.982 - The group was subsequently banned from many mainstream American radio stations.
8003:123145585074176::Thread-65 2020-08-09 18:59:47.162 - The majority of the residents are ethnic Macedonians, a South Slavic people.
8003:123145585074176::Thread-65 2020-08-09 18:59:47.179 - Albanians form a significant minority at around 25%, followed by Turks, Romani, Serbs, Bosniaks, and Aromanians.
8004:123145585074176::Thread-65 2020-08-09 18:59:47.326 - In spite of this, the group has sold over 10 million units in the United States alone.
8002:123145585074176::Thread-65 2020-08-09 18:59:47.921 - Her speech there, in which she exclaimed "how dare you", was widely taken up by the press and incorporated into music.
8006:123145585074176::Thread-65 2020-08-09 18:59:48.011 - In the 19th century, Philadelphia became a major industrial center and a railroad hub.
8004:123145585074176::Thread-65 2020-08-09 18:59:48.728 - Drawing on their own experiences of racism and excessive policing, the group made inherently political music.
8005:123145585074176::Thread-65 2020-08-09 18:59:48.741 - She began her career at around 18 years old and has won several industry awards, including the 2008 AVN Award for Best Actress – Video and the 2008 XBIZ Award for Female Performer of the Year.
8003:123145585074176::Thread-65 2020-08-09 18:59:49.602 - The history of the region dates back to antiquity, beginning with the kingdom of Paeonia, presumably a mixed Thraco-Illyrian polity.
8002:123145585074176::Thread-65 2020-08-09 18:59:49.672 - Her sudden rise to world fame has made her both a leader and a target for critics.
8002:123145585074176::Thread-65 2020-08-09 18:59:49.672 - **END**
8003:123145585074176::Thread-65 2020-08-09 18:59:49.739 - In the late sixth century BC, the area was subjugated by the Persian Achaemenid Empire, then incorporated into the kingdom of Macedonia in the fourth century BC.
8004:123145585074176::Thread-65 2020-08-09 18:59:49.929 - They were known for their deep hatred of the police system, which has sparked much controversy over the years.
8003:123145585074176::Thread-65 2020-08-09 18:59:49.989 - The Romans conquered the region in the second century BC and made it part of the larger province of Macedonia.
8003:123145585074176::Thread-65 2020-08-09 18:59:50.731 - The area remained part of the Byzantine Empire, but was often raided and settled by Slavic tribes beginning in the sixth century of the Christian era.
8006:123145585074176::Thread-65 2020-08-09 18:59:51.012 - The city grew from an influx of European immigrants, most of whom came from Ireland, Italy and Germany—the three largest reported ancestry groups in the city as of 2015.
8004:123145585074176::Thread-65 2020-08-09 18:59:51.598 - The original lineup, formed in early 1987, consisted of Arabian Prince, Dr. Dre, Eazy-E, and Ice Cube.
8005:123145585074176::Thread-65 2020-08-09 18:59:51.72 - Early life
Angelina was born in Huntington Beach, California.
8004:123145585074176::Thread-65 2020-08-09 18:59:52.14 - DJ Yella and MC Ren joined later that year.
8005:123145585074176::Thread-65 2020-08-09 18:59:53.544 - Career
Angelina entered the porn industry by answering a newspaper advertisement; her first scene was for the Shane's World series with Mr. Pete in 2003, at the age of 18.
8004:123145585074176::Thread-65 2020-08-09 18:59:53.9 - They released their first compilation album as a group in 1987 called N.W.A.
8006:123145585074176::Thread-65 2020-08-09 18:59:54.015 - **END**
8004:123145585074176::Thread-65 2020-08-09 18:59:54.449 - and the Posse, which peaked at #39 on Billboard magazine's Top R&B/Hip-Hop Albums chart.
8005:123145585074176::Thread-65 2020-08-09 18:59:54.782 - Her stage name is a reference to Evangeline, though early in her career she went by the names "Angelina del Mar" and "Ava".She is known for wearing glasses during her performances.
8005:123145585074176::Thread-65 2020-08-09 18:59:56.316 - They are prescription glasses, as she is "very blind" and has been wearing them since the sixth grade.
8003:123145585074176::Thread-65 2020-08-09 18:59:56.734 - **END**
8005:123145585074176::Thread-65 2020-08-09 18:59:56.897 - She said that sometimes directors sent her home to get her glasses if she arrived on set wearing contacts.In 2010 she was named by Maxim as one of the 12 top female stars in porn.
8002:123145585074176::Thread-65 2020-08-09 18:59:57.677 - **START**
8002:123145585074176::Thread-65 2020-08-09 18:59:57.753 - Starting new HTTPS connection (1): en.wikipedia.org
8004:123145585074176::Thread-65 2020-08-09 18:59:58.481 - **END**
8005:123145585074176::Thread-65 2020-08-09 18:59:58.759 - Angelina has taken several hiatuses from performing throughout her adult film career.
8002:123145585074176::Thread-65 2020-08-09 18:59:58.81 - Moʻai  (listen), or moai (Spanish: moái, Rapa Nui: moʻai, meaning "statue" in Rapa Nui), are monolithic human figures carved by the Rapa Nui people on Easter Island in eastern Polynesia between the years 1250 and 1500.
8002:123145585074176::Thread-65 2020-08-09 18:59:58.868 - Nearly half are still at Rano Raraku, the main moʻai quarry, but hundreds were transported from there and set on stone platforms called ahu around the island's perimeter.
8002:123145585074176::Thread-65 2020-08-09 18:59:59.183 - Almost all moʻai have overly large heads three-eighths the size of the whole statue.
8002:123145585074176::Thread-65 2020-08-09 18:59:59.229 - The moʻai are chiefly the living faces (aringa ora) of deified ancestors (aringa ora ata tepuna).
8002:123145585074176::Thread-65 2020-08-09 18:59:59.894 - The statues still gazed inland across their clan lands when Europeans first visited the island in 1722, but all of them had fallen by the latter part of the 19th century.The production and transportation of the more than 900 statues is considered a remarkable creative and physical feat.
8002:123145585074176::Thread-65 2020-08-09 18:59:59.897 - The tallest moʻai erected, called Paro, was almost 10 metres (33 ft) high and weighed 82 tonnes (90.4 short tons).
8002:123145585074176::Thread-65 2020-08-09 19:00:00.749 - The heaviest moʻai erected was a shorter but squatter moʻai at Ahu Tongariki, weighing 86 tonnes.
8002:123145585074176::Thread-65 2020-08-09 19:00:01.012 - One unfinished sculpture, if completed, would have been approximately 21 m (69 ft) tall, with a weight of about 145–165 tons (160–182 metric tons).
8002:123145585074176::Thread-65 2020-08-09 19:00:01.387 - The moʻai were toppled in the late 18th and early 19th centuries, possibly as a result of European contact or internecine tribal wars.
8002:123145585074176::Thread-65 2020-08-09 19:00:01.556 - Description

The moʻai are monolithic statues, their minimalist style related to forms found throughout Polynesia.
8005:123145585074176::Thread-65 2020-08-09 19:00:01.634 - As of August 2014 she remains active in the adult entertainment industry as a girl/girl porn performer and feature dancer.
8002:123145585074176::Thread-65 2020-08-09 19:00:05.558 - **END**
8005:123145585074176::Thread-65 2020-08-09 19:00:07.637 - **END**
8003:123145585074176::Thread-65 2020-08-09 19:00:07.736 - **START**
8003:123145585074176::Thread-65 2020-08-09 19:00:07.741 - Starting new HTTPS connection (1): en.wikipedia.org
8006:123145585074176::Thread-65 2020-08-09 19:00:08.019 - **START**
8006:123145585074176::Thread-65 2020-08-09 19:00:08.025 - Starting new HTTPS connection (1): en.wikipedia.org
8006:123145585074176::Thread-65 2020-08-09 19:00:08.571 - 7 World Trade Center (7 WTC) refers to two buildings that have existed at the same location within the World Trade Center site in Lower Manhattan, New York City.
8003:123145585074176::Thread-65 2020-08-09 19:00:09.083 - Red is the fourth studio album by American singer-songwriter Taylor Swift.
8006:123145585074176::Thread-65 2020-08-09 19:00:09.314 - The original structure, part of the original World Trade Center, was completed in 1987 and was destroyed in the September 11 attacks in 2001.
8006:123145585074176::Thread-65 2020-08-09 19:00:09.319 - The current structure opened in May 2006.
8004:123145585074176::Thread-65 2020-08-09 19:00:09.494 - **START**
8004:123145585074176::Thread-65 2020-08-09 19:00:09.501 - Starting new HTTPS connection (1): en.wikipedia.org
8003:123145585074176::Thread-65 2020-08-09 19:00:09.799 - It was released on October 22, 2012, by Big Machine Records.
8006:123145585074176::Thread-65 2020-08-09 19:00:10.286 - Both buildings were developed by Larry Silverstein, who holds a ground lease for the site from the Port Authority of New York and New Jersey.
8003:123145585074176::Thread-65 2020-08-09 19:00:10.8 - Inspired by past romantic relationships evoking intense, tumultuous "red" emotions that Swift was experiencing during the conception of the project, Red touches on the themes of romance and heartbreak, but represents a mature perspective, while exploring the pressure of being in the public eye.
8006:123145585074176::Thread-65 2020-08-09 19:00:11.259 - The original 7 World Trade Center was 47 stories tall, clad in red granite masonry, and occupied a trapezoidal footprint.
8003:123145585074176::Thread-65 2020-08-09 19:00:11.732 - Red is a country, pop and rock record with influences from arena rock, alternative rock, dance, dubstep, electronic, folk and heartland rock; many commentators described it as a pop album, while others deemed it as a country album that sees Swift transitioning from her roots to mainstream pop, which they found to be subsequently complete with its follow-up 1989 (2014).
8006:123145585074176::Thread-65 2020-08-09 19:00:11.947 - An elevated walkway spanning Vesey Street connected the building to the World Trade Center plaza.
8006:123145585074176::Thread-65 2020-08-09 19:00:12.014 - The building was situated above a Consolidated Edison power substation, which imposed unique structural design constraints.
8004:123145585074176::Thread-65 2020-08-09 19:00:12.015 - The Alcatraz Federal Penitentiary or United States Penitentiary, Alcatraz Island (often referred to as Alcatraz [, Spanish pronunciation: [al-ka-tɾas] (Latin America)/Spanish pronunciation: [al-ka-tɾaθ] (Spain) from Arabic: غطاس‎, romanized: al-ġaţţās, lit.
8003:123145585074176::Thread-65 2020-08-09 19:00:12.393 - Red contains collaborations with Gary Lightbody and Ed Sheeran.
8003:123145585074176::Thread-65 2020-08-09 19:00:12.659 - Preceded by two singles, the album was supported by seven singles in total, four of which peaked in the top 10 of the Billboard Hot 100: the lead single "We Are Never Ever Getting Back Together" topped the chart for three weeks, "Begin Again" and "I Knew You Were Trouble" peaked at numbers seven and two respectively, and the title track at number six.
8003:123145585074176::Thread-65 2020-08-09 19:00:13.186 - Upon release, Red received generally positive reviews from music critics, who praised Swift's songwriting craftsmanship, but were divided on the incorporation of various genres—Swift's emerging versatility was praised but met criticism for being inconsistent.
8003:123145585074176::Thread-65 2020-08-09 19:00:13.623 - Red was included on several year-end and decade-end lists by numerous publications, with Rolling Stone, Chorus.fm and Insider placing it at number one; Red is one of the fifteen most frequent albums on decade-end best-albums lists by publications, according to Metacritic.
8004:123145585074176::Thread-65 2020-08-09 19:00:13.799 - 'gannet ("the diver")'] or The Rock) was a maximum security federal prison on Alcatraz Island, 1.25 miles (2.01 km) off the coast of San Francisco, California, United States, the site of a fort since the 1850s; the main prison building was built in 1910–1912 as a United States Army military prison.
8003:123145585074176::Thread-65 2020-08-09 19:00:13.95 - It received nominations for Album of the Year and Best Country Album at the 56th Annual Grammy Awards, and for Album of the Year at the 2013 Country Music Association Awards.
8006:123145585074176::Thread-65 2020-08-09 19:00:13.991 - When the building opened in 1987, Silverstein had difficulties attracting tenants.
8003:123145585074176::Thread-65 2020-08-09 19:00:14.013 - Red debuted at number-one on the Billboard 200 with first-week sales of 1.2 million copies, giving Swift her third consecutive chart-topper in the US, making her the first female artist to have two million-selling album openings; it went on to spend seven weeks atop the chart.
8004:123145585074176::Thread-65 2020-08-09 19:00:14.795 - The United States Department of Justice acquired the United States Disciplinary Barracks, Pacific Branch, on Alcatraz on 12 October 1933, and the island became a prison of the Federal Bureau of Prisons in August 1934 after the buildings were modernized and security increased.
8006:123145585074176::Thread-65 2020-08-09 19:00:15.363 - Salomon Brothers signed a long-term lease in 1988 and became the main tenant of 7 WTC.
8004:123145585074176::Thread-65 2020-08-09 19:00:16.467 - Given this high security and the island's location in the cold waters and strong currents of San Francisco Bay, prison operators believed Alcatraz to be escape-proof and America's strongest prison.
8006:123145585074176::Thread-65 2020-08-09 19:00:16.974 - On September 11, 2001, the structure was substantially damaged by debris when the nearby North Tower of the World Trade Center collapsed.
8006:123145585074176::Thread-65 2020-08-09 19:00:17.025 - The debris ignited fires on multiple lower floors of the building, which continued to burn uncontrolled throughout the afternoon.
8006:123145585074176::Thread-65 2020-08-09 19:00:17.026 - **END**
8004:123145585074176::Thread-65 2020-08-09 19:00:18.091 - The three-story cellhouse included the four main cell blocks, A-block through D-block, the warden's office, visitation room, the library, and the barber shop.
8004:123145585074176::Thread-65 2020-08-09 19:00:18.665 - The prison cells typically measured 9 feet (2.7 m) by 5 feet (1.5 m) and 7 feet (2.1 m) high.
8004:123145585074176::Thread-65 2020-08-09 19:00:20.593 - The cells were primitive and lacked privacy, with a bed, desk, and washbasin, and a toilet on the back wall, and with few furnishings except a blanket.
8004:123145585074176::Thread-65 2020-08-09 19:00:22.124 - African-Americans were segregated from other inmates in cell designation due to racial abuse.
8004:123145585074176::Thread-65 2020-08-09 19:00:22.496 - D-Block housed the worst inmates, and six cells at its end were designated "The Hole," where badly behaving prisoners would be sent for periods of often brutal punishment.
8004:123145585074176::Thread-65 2020-08-09 19:00:22.861 - The dining hall and kitchen extended from the main building.
8003:123145585074176::Thread-65 2020-08-09 19:00:23.02 - **END**
8004:123145585074176::Thread-65 2020-08-09 19:00:23.868 - **END**