8003:123145723891712::Thread-98 2020-08-09 18:59:28.259 - **START**
8003:123145723891712::Thread-98 2020-08-09 18:59:28.582 - Starting new HTTPS connection (1): en.wikipedia.org
8003:123145723891712::Thread-98 2020-08-09 18:59:30.99 - Angelina Jolie (; née Voight, formerly Jolie Pitt, born June 4, 1975) is an American actress, filmmaker, and humanitarian.
8006:123145723891712::Thread-98 2020-08-09 18:59:31.25 - **START**
8006:123145723891712::Thread-98 2020-08-09 18:59:31.49 - Starting new HTTPS connection (1): en.wikipedia.org
8003:123145723891712::Thread-98 2020-08-09 18:59:31.557 - The recipient of numerous accolades, including an Academy Award and three Golden Globe Awards, she has been named Hollywood's highest-paid actress multiple times.
8003:123145723891712::Thread-98 2020-08-09 18:59:33.249 - Jolie made her screen debut as a child alongside her father, Jon Voight, in Lookin' to Get Out (1982), and her film career began in earnest a decade later with the low-budget production Cyborg 2 (1993), followed by her first leading role in a major film, Hackers (1995).
8006:123145723891712::Thread-98 2020-08-09 18:59:34.553 - Lexi Belle is an American pornographic actress.
8003:123145723891712::Thread-98 2020-08-09 18:59:34.907 - She starred in the critically acclaimed biographical cable films George Wallace (1997) and Gia (1998), and won an Academy Award for Best Supporting Actress for her performance in the drama Girl, Interrupted (1999).
8006:123145723891712::Thread-98 2020-08-09 18:59:34.999 - Career
In 2011, Belle was named by CNBC as one of the 12 most popular stars in porn.
8006:123145723891712::Thread-98 2020-08-09 18:59:35.285 - CNBC noted her multiple awards and nominations from AVN and XBIZ as well as the popularity of her website, one of the largest in the porn industry.
8002:123145723891712::Thread-98 2020-08-09 18:59:35.382 - **START**
8003:123145723891712::Thread-98 2020-08-09 18:59:35.392 - Her starring role as the video game heroine Lara Croft in Lara Croft: Tomb Raider (2001) established her as a leading Hollywood actress.
8003:123145723891712::Thread-98 2020-08-09 18:59:35.588 - She continued her action-star career with Mr. & Mrs. Smith (2005), Wanted (2008), and Salt (2010), and received critical acclaim for her performances in the dramas A Mighty Heart (2007) and Changeling (2008), which earned her a nomination for an Academy Award for Best Actress.
8006:123145723891712::Thread-98 2020-08-09 18:59:36.072 - She was the Penthouse Pet of the Month for May 2013 and the Pet of the Year for 2014.In 2015, Belle made her mainstream acting debut as Hera in the action thriller Samurai Cop 2: Deadly Vengeance, along with fellow porn actress Kayden Kross and Tommy Wiseau.
8003:123145723891712::Thread-98 2020-08-09 18:59:36.282 - Her biggest commercial success came with the fantasy picture Maleficent (2014).
8003:123145723891712::Thread-98 2020-08-09 18:59:36.338 - In the 2010s, Jolie expanded her career into directing, screenwriting, and producing, with the war dramas In the Land of Blood and Honey (2011), Unbroken (2014), and First They Killed My Father (2017).
8003:123145723891712::Thread-98 2020-08-09 18:59:36.339 - **END**
8006:123145723891712::Thread-98 2020-08-09 18:59:36.832 - Personal life
Belle is an animal welfare advocate.
8006:123145723891712::Thread-98 2020-08-09 18:59:36.833 - **END**
8002:123145723891712::Thread-98 2020-08-09 18:59:36.981 - Starting new HTTPS connection (1): en.wikipedia.org
8005:123145723891712::Thread-98 2020-08-09 18:59:40.212 - **START**
8004:123145723891712::Thread-98 2020-08-09 18:59:40.215 - **START**
8004:123145723891712::Thread-98 2020-08-09 18:59:41.023 - Starting new HTTPS connection (1): en.wikipedia.org
8005:123145723891712::Thread-98 2020-08-09 18:59:41.059 - Starting new HTTPS connection (1): en.wikipedia.org
8002:123145723891712::Thread-98 2020-08-09 18:59:42.448 - The Los Angeles Lakers are an American professional basketball team based in Los Angeles.
8002:123145723891712::Thread-98 2020-08-09 18:59:42.686 - The Lakers compete in the National Basketball Association (NBA) as a member of the league's Western Conference Pacific Division.
8005:123145723891712::Thread-98 2020-08-09 18:59:44.923 - The Erie Canal is a canal in New York, United States that is part of the east–west, cross-state route of the New York State Canal System (formerly known as the New York State Barge Canal).
8002:123145723891712::Thread-98 2020-08-09 18:59:45.06 - The Lakers play their home games at Staples Center, an arena shared with the NBA's Los Angeles Clippers, the Los Angeles Sparks of the Women's National Basketball Association, and the Los Angeles Kings of the National Hockey League.
8003:123145723891712::Thread-98 2020-08-09 18:59:45.341 - **START**
8003:123145723891712::Thread-98 2020-08-09 18:59:45.346 - Starting new HTTPS connection (1): en.wikipedia.org
8002:123145723891712::Thread-98 2020-08-09 18:59:45.609 - The Lakers are one of the most successful teams in the history of the NBA, and have won 16 NBA championships, the second-most behind the Boston Celtics.
8004:123145723891712::Thread-98 2020-08-09 18:59:45.785 - **END**
8005:123145723891712::Thread-98 2020-08-09 18:59:45.795 - Originally, it ran 363 miles (584 km) from the Hudson River in Albany to Lake Erie in Buffalo.
8002:123145723891712::Thread-98 2020-08-09 18:59:45.841 - The franchise began with the 1947 purchase of a disbanded team, the Detroit Gems of the National Basketball League (NBL).
8005:123145723891712::Thread-98 2020-08-09 18:59:46.455 - It was built to create a navigable water route from New York City and the Atlantic Ocean to the Great Lakes.
8005:123145723891712::Thread-98 2020-08-09 18:59:47.264 - When completed in 1825, it was the second longest canal in the world (after the Grand Canal in China) and greatly enhanced the development and economy of New York, New York City, and the United States.The canal was first proposed in the 1780s, then re-proposed in 1807.
8003:123145723891712::Thread-98 2020-08-09 18:59:47.499 - Wayne Mark Rooney (born 24 October 1985) is an English professional footballer and captain for Championship club Derby County.
8003:123145723891712::Thread-98 2020-08-09 18:59:47.978 - He has played much of his career as a forward, and he has also been used in various midfield roles.
8005:123145723891712::Thread-98 2020-08-09 18:59:48.019 - A survey was authorized, funded, and executed in 1808.
8005:123145723891712::Thread-98 2020-08-09 18:59:48.259 - Proponents of the project gradually wore down opponents; its construction began in 1817.
8002:123145723891712::Thread-98 2020-08-09 18:59:48.356 - The new team began playing in Minneapolis, calling themselves the Minneapolis Lakers.
8005:123145723891712::Thread-98 2020-08-09 18:59:48.992 - The canal has 34 numbered locks starting with Black Rock Lock and ending downstream with the Troy Federal Lock.
8002:123145723891712::Thread-98 2020-08-09 18:59:49.08 - Initially a member of the NBL, the Lakers won the 1948 NBL championship before joining the rival Basketball Association of America, where they would win five of the next six championships, led by star George Mikan.
8003:123145723891712::Thread-98 2020-08-09 18:59:49.308 - Widely considered to be one of the best players of his generation, Rooney is the record goalscorer for both the England national team and Manchester United.Rooney joined the Everton youth team at the age of 9 and made his professional debut for the club in 2002 at the age of 16.
8005:123145723891712::Thread-98 2020-08-09 18:59:49.459 - Both are owned by the federal government.
8006:123145723891712::Thread-98 2020-08-09 18:59:49.839 - **START**
8006:123145723891712::Thread-98 2020-08-09 18:59:49.843 - Starting new HTTPS connection (1): en.wikipedia.org
8005:123145723891712::Thread-98 2020-08-09 18:59:49.844 - It has an elevation difference of about 565 feet (172 m).
8005:123145723891712::Thread-98 2020-08-09 18:59:49.901 - It opened on October 26, 1825.In a time when bulk goods were limited to pack animals (a 250-pound (113 kg) maximum), and there were no railways, water was the most cost-effective way to ship bulk goods.
8002:123145723891712::Thread-98 2020-08-09 18:59:50.198 - After struggling financially in the late 1950s following Mikan's retirement, they relocated to Los Angeles before the 1960–61 season.
8003:123145723891712::Thread-98 2020-08-09 18:59:50.4 - He spent two seasons at the Merseyside club, before moving to Manchester United for £25.6 million in the 2004 summer transfer window where he won 16 trophies and became the only English player, alongside teammate Michael Carrick, to win the Premier League, FA Cup, UEFA Champions League, League Cup, UEFA Europa League, and FIFA Club World Cup.
8006:123145723891712::Thread-98 2020-08-09 18:59:50.78 - Pompeii (, Latin: [pɔmˈpeːjjiː]) was an ancient city located in what is now the comune of Pompei near Naples in the Campania region of Italy.
8005:123145723891712::Thread-98 2020-08-09 18:59:50.907 - **END**
8003:123145723891712::Thread-98 2020-08-09 18:59:51.148 - He scored 253 goals for United in all competitions to make him their top goalscorer of all time, with 183 Premier League goals being the most scored by a player for any single club.
8006:123145723891712::Thread-98 2020-08-09 18:59:51.632 - Pompeii, along with Herculaneum and many villas in the surrounding area (e.g.
8006:123145723891712::Thread-98 2020-08-09 18:59:51.649 - at Boscoreale, Stabiae), was buried under 4 to 6 m (13 to 20 ft) of volcanic ash and pumice in the eruption of Mount Vesuvius in AD 79.
8006:123145723891712::Thread-98 2020-08-09 18:59:51.731 - Largely preserved under the ash, the excavated city offered a unique snapshot of Roman life, frozen at the moment it was buried, and an extraordinarily detailed insight into the everyday life of its inhabitants, although much of the evidence was lost in the early excavations.
8003:123145723891712::Thread-98 2020-08-09 18:59:51.919 - Rooney's 208 Premier League goals make him the Premier League's second-top scorer of all time.
8006:123145723891712::Thread-98 2020-08-09 18:59:52.417 - It was a wealthy town, enjoying many fine public buildings and luxurious private houses with lavish decorations, furnishings and works of art which were the main attractions for the early excavators.
8003:123145723891712::Thread-98 2020-08-09 18:59:52.57 - He also has the third-highest number of assists in the Premier League, with 103.Rooney made his senior international debut for England in February 2003 aged 17 and is England's youngest ever goalscorer.
8004:123145723891712::Thread-98 2020-08-09 18:59:52.787 - **START**
8004:123145723891712::Thread-98 2020-08-09 18:59:52.794 - Starting new HTTPS connection (1): en.wikipedia.org
8002:123145723891712::Thread-98 2020-08-09 18:59:52.842 - Led by Hall of Famers Elgin Baylor and Jerry West, Los Angeles made the NBA Finals six times in the 1960s, but lost each series to the Celtics, beginning their long and storied rivalry.
8006:123145723891712::Thread-98 2020-08-09 18:59:53.282 - Organic remains, including wooden objects and human bodies, were entombed in the ash and decayed leaving
voids which archaeologists found could be used as moulds to make plaster casts of unique and often gruesome figures in their final moments of life.
8006:123145723891712::Thread-98 2020-08-09 18:59:53.354 - The numerous graffiti carved on the walls and inside rooms provide a wealth of examples of the largely lost Vulgar Latin spoken colloquially at the time, contrasting with the formal language of the classical writers.
8003:123145723891712::Thread-98 2020-08-09 18:59:53.388 - He played at UEFA Euro 2004 and scored four goals, briefly becoming the youngest goalscorer in the history of the European Championship.
8003:123145723891712::Thread-98 2020-08-09 18:59:53.786 - Rooney has since featured at the 2006, 2010, and 2014 World Cups and was widely regarded as his country's best player.
8003:123145723891712::Thread-98 2020-08-09 18:59:53.804 - He has won the England Player of the Year award four times, in 2008, 2009, 2014, and 2015.
8006:123145723891712::Thread-98 2020-08-09 18:59:54.026 - Pompeii is a UNESCO World Heritage Site and is one of the most popular tourist attractions in Italy, with approximately 2.5 million visitors annually.After many excavations prior to 1960 that had uncovered most of the city but left it in decay, further major excavations were banned and instead they were limited to targeted, prioritised areas.
8006:123145723891712::Thread-98 2020-08-09 18:59:54.871 - In 2018, these led to new discoveries in some previously unexplored areas of the city.
8004:123145723891712::Thread-98 2020-08-09 18:59:54.943 - The Walking Dead is an American post-apocalyptic horror television series for AMC based on the comic book series by Robert Kirkman, Tony Moore, and Charlie Adlard.
8006:123145723891712::Thread-98 2020-08-09 18:59:55.076 - Name
Pompeii (pronounced [pɔmˈpɛjjiː]) in Latin is a second declension plural noun (Pompeiī, -ōrum).
8002:123145723891712::Thread-98 2020-08-09 18:59:55.476 - In 1968, the Lakers acquired four-time NBA Most Valuable Player (MVP) Wilt Chamberlain, and won their sixth NBA title—and first in Los Angeles—in 1972, led by new head coach Bill Sharman.
8004:123145723891712::Thread-98 2020-08-09 18:59:56.508 - The series features a large ensemble cast as survivors of a zombie apocalypse, trying to stay alive under near-constant threat of attacks from zombies, colloquially known as "walkers".
8003:123145723891712::Thread-98 2020-08-09 18:59:56.807 - **END**
8004:123145723891712::Thread-98 2020-08-09 18:59:57.754 - However, with the fall of humanity, these survivors also face conflict from other living survivors who have formed groups and communities with their own sets of laws and morals, often leading to hostile conflict between the human communities.
8004:123145723891712::Thread-98 2020-08-09 18:59:57.801 - Andrew Lincoln played the series's lead character, Rick Grimes, until his departure during the ninth season.
8004:123145723891712::Thread-98 2020-08-09 18:59:58.587 - Other long-standing cast members have included Norman Reedus, Steven Yeun, Chandler Riggs, Melissa McBride, Lauren Cohan, Danai Gurira, Josh McDermitt and Christian Serratos.
8006:123145723891712::Thread-98 2020-08-09 18:59:59.083 - **END**
8004:123145723891712::Thread-98 2020-08-09 19:00:00.299 - The series is exclusively broadcast on AMC in the United States and internationally through the Fox Networks Group.
8004:123145723891712::Thread-98 2020-08-09 19:00:00.474 - The series premiered on October 31, 2010.
8005:123145723891712::Thread-98 2020-08-09 19:00:00.909 - **START**
8005:123145723891712::Thread-98 2020-08-09 19:00:00.917 - Starting new HTTPS connection (1): en.wikipedia.org
8004:123145723891712::Thread-98 2020-08-09 19:00:02.163 - The tenth season premiered on October 6, 2019, and has been renewed for an eleventh season.
8002:123145723891712::Thread-98 2020-08-09 19:00:02.482 - **END**
8006:123145723891712::Thread-98 2020-08-09 19:00:03.084 - **START**
8006:123145723891712::Thread-98 2020-08-09 19:00:03.089 - Starting new HTTPS connection (1): en.wikipedia.org
8005:123145723891712::Thread-98 2020-08-09 19:00:03.871 - Pablo Emilio Escobar Gaviria (; 1 December 1949 – 2 December 1993) was a Colombian drug lord and narcoterrorist who was the founder and sole leader of the Medellín Cartel.
8004:123145723891712::Thread-98 2020-08-09 19:00:03.934 - AMC stated their intent to continue further development of the series and related media.
8005:123145723891712::Thread-98 2020-08-09 19:00:03.96 - Dubbed "The King of Cocaine," Escobar is the wealthiest criminal in history, having amassed an estimated net worth of US$30 billion by the time of his death—equivalent to $59 billion as of 2019—while his drug cartel monopolized the cocaine trade into the United States in the 1980s and 1990s.Born in Rionegro and raised in Medellín, Escobar studied briefly at Universidad Autónoma Latinoamericana of Medellín, but left without graduating; he instead began engaging in criminal activity, selling illegal cigarettes and fake lottery tickets, as well as participating in motor vehicle theft.
8004:123145723891712::Thread-98 2020-08-09 19:00:04.082 - A spinoff series Fear the Walking Dead premiered on August 23, 2015, and is renewed for a sixth season.
8005:123145723891712::Thread-98 2020-08-09 19:00:05.616 - In the early 1970s, he began to work for various drug smugglers, often kidnapping and holding people for ransom.
8005:123145723891712::Thread-98 2020-08-09 19:00:05.793 - In 1976, Escobar founded the Medellín Cartel, which distributed powder cocaine, and established the first smuggling routes into the U.S. Escobar's infiltration into the U.S. created exponential demand for cocaine, and by the 1980s, it was estimated Escobar led monthly shipments of 70 to 80 tons of cocaine into the country from Colombia.
8006:123145723891712::Thread-98 2020-08-09 19:00:05.898 - Aston Villa Football Club is an English professional football club based in Aston, Birmingham.
8006:123145723891712::Thread-98 2020-08-09 19:00:05.993 - The club competes in the Premier League, the top tier of the English football league system.
8003:123145723891712::Thread-98 2020-08-09 19:00:06.811 - **START**
8003:123145723891712::Thread-98 2020-08-09 19:00:06.82 - Starting new HTTPS connection (1): en.wikipedia.org
8003:123145723891712::Thread-98 2020-08-09 19:00:07.594 - Aston Villa Football Club is an English professional football club based in Aston, Birmingham.
8005:123145723891712::Thread-98 2020-08-09 19:00:07.772 - As a result, he quickly became one of the richest people in the world, but consistently battled rival cartels domestically and abroad, leading to massacres and the murders of police officers, judges, locals, and prominent politicians, making Colombia the murder capital of the world.In the 1982 parliamentary election, Escobar was elected as an alternate member of the Chamber of Representatives as part of the Liberal Alternative movement.
8006:123145723891712::Thread-98 2020-08-09 19:00:08.049 - Founded in 1874, they have played at their home ground, Villa Park, since 1897.
8005:123145723891712::Thread-98 2020-08-09 19:00:08.148 - Through this, he was responsible for community projects, such as the construction of houses and football fields, which gained him popularity among the locals of the towns that he frequented.
8003:123145723891712::Thread-98 2020-08-09 19:00:08.849 - The club competes in the Premier League, the top tier of the English football league system.
8003:123145723891712::Thread-98 2020-08-09 19:00:09.086 - Founded in 1874, they have played at their home ground, Villa Park, since 1897.
8003:123145723891712::Thread-98 2020-08-09 19:00:09.216 - Aston Villa were one of the founder members of the Football League in 1888 and of the Premier League in 1992.
8003:123145723891712::Thread-98 2020-08-09 19:00:09.292 - Villa are one of only five English clubs to have won the European Cup, in 1981–82.
8005:123145723891712::Thread-98 2020-08-09 19:00:09.953 - However, Escobar was vilified by the Colombian and U.S. governments, who routinely stifled his political ambitions and pushed for his arrest, with Escobar widely believed to have orchestrated the DAS Building and Avianca Flight 203 bombings in retaliation.
8006:123145723891712::Thread-98 2020-08-09 19:00:10.982 - Aston Villa were one of the founder members of the Football League in 1888 and of the Premier League in 1992.
8004:123145723891712::Thread-98 2020-08-09 19:00:11.085 - **END**
8003:123145723891712::Thread-98 2020-08-09 19:00:11.102 - They have also won the Football League First Division seven times, the FA Cup seven times, the League Cup five times, and the European (UEFA) Super Cup once.
8006:123145723891712::Thread-98 2020-08-09 19:00:11.316 - Villa are one of only five English clubs to have won the European Cup, in 1981–82.
8005:123145723891712::Thread-98 2020-08-09 19:00:11.821 - In 1991, Escobar surrendered to authorities, and was sentenced to five years' imprisonment on a host of charges, but struck a deal of no extradition with Colombian President Cesar Gaviria, with the ability of being housed in his own, self-built prison, La Catedral.
8005:123145723891712::Thread-98 2020-08-09 19:00:11.831 - In 1992, Escobar escaped and went into hiding when authorities attempted to move him to a more standard holding facility, leading to a nation-wide manhunt.
8003:123145723891712::Thread-98 2020-08-09 19:00:12.955 - Villa have a fierce local rivalry with Birmingham City and the Second City derby between the teams has been played since 1879.
8005:123145723891712::Thread-98 2020-08-09 19:00:13.505 - As a result, the Medellín Cartel crumbled, and in 1993, Escobar was killed in his hometown by Colombian National Police, a day after his 44th birthday.Escobar's legacy remains controversial; while many denounce the heinous nature of his crimes, he was seen as a "Robin Hood-like" figure for many in Colombia, as he provided many amenities to the poor, while his killing was mourned and his funeral attended by over 25,000 people.
8006:123145723891712::Thread-98 2020-08-09 19:00:13.583 - They have also won the Football League First Division seven times, the FA Cup seven times, the League Cup five times, and the European (UEFA) Super Cup once.
8003:123145723891712::Thread-98 2020-08-09 19:00:14.722 - The club's traditional kit colours are claret shirts with sky blue sleeves, white shorts and sky blue socks.
8003:123145723891712::Thread-98 2020-08-09 19:00:15.355 - Their traditional club badge is of a rampant lion.
8006:123145723891712::Thread-98 2020-08-09 19:00:15.955 - Villa have a fierce local rivalry with Birmingham City and the Second City derby between the teams has been played since 1879.
8006:123145723891712::Thread-98 2020-08-09 19:00:16.547 - The club's traditional kit colours are claret shirts with sky blue sleeves, white shorts and sky blue socks.
8003:123145723891712::Thread-98 2020-08-09 19:00:16.686 - The club is currently owned by the NSWE group, a company owned by the Egyptian billionaire Nassef Sawiris and the American billionaire Wes Edens.
8006:123145723891712::Thread-98 2020-08-09 19:00:18.857 - Their traditional club badge is of a rampant lion.
8006:123145723891712::Thread-98 2020-08-09 19:00:21.399 - The club is currently owned by the NSWE group, a company owned by the Egyptian billionaire Nassef Sawiris and the American billionaire Wes Edens.
8005:123145723891712::Thread-98 2020-08-09 19:00:21.509 - **END**
8003:123145723891712::Thread-98 2020-08-09 19:00:21.687 - **END**
8006:123145723891712::Thread-98 2020-08-09 19:00:26.403 - **END**