8004:123145521975296::Thread-50 2020-08-09 18:59:27.239 - **START**
8004:123145521975296::Thread-50 2020-08-09 18:59:27.93 - Starting new HTTPS connection (1): en.wikipedia.org
8003:123145521975296::Thread-50 2020-08-09 18:59:29.255 - **START**
8004:123145521975296::Thread-50 2020-08-09 18:59:29.297 - Japan (Japanese: 日本, Nippon [ɲippoꜜɴ] (listen) or Nihon [ɲihoꜜɴ] (listen)) is an island country of East Asia in the northwest Pacific Ocean.
8003:123145521975296::Thread-50 2020-08-09 18:59:29.353 - Starting new HTTPS connection (1): en.wikipedia.org
8004:123145521975296::Thread-50 2020-08-09 18:59:30.689 - It borders the Sea of Japan to the west and extends from the Sea of Okhotsk in the north to the East China Sea and Taiwan in the south.
8003:123145521975296::Thread-50 2020-08-09 18:59:30.936 - Green Day is an American rock band formed in the East Bay of California in 1987 by lead vocalist and guitarist Billie Joe Armstrong and bassist and backing vocalist Mike Dirnt.
8004:123145521975296::Thread-50 2020-08-09 18:59:31.601 - Japan is part of the Pacific Ring of Fire and comprises an archipelago of 6,852 islands covering 377,975 square kilometers (145,937 sq mi); its five main islands, from north to south, are Hokkaido, Honshu, Shikoku, Kyushu, and Okinawa.
8003:123145521975296::Thread-50 2020-08-09 18:59:31.807 - For much of the band's career, they have been a trio with a drummer Tré Cool, who replaced John Kiffmeyer in 1990 before the recording of the band's second studio album, Kerplunk (1991).
8003:123145521975296::Thread-50 2020-08-09 18:59:31.86 - Touring guitarist Jason White became a full-time member in 2012, but returned to his role as a touring member in 2016.
8003:123145521975296::Thread-50 2020-08-09 18:59:31.968 - Green Day was originally part of the late-'80s/early-'90s punk scene at the DIY 924 Gilman Street club in Berkeley, California.
8005:123145521975296::Thread-50 2020-08-09 18:59:32.207 - **START**
8002:123145521975296::Thread-50 2020-08-09 18:59:32.307 - **START**
8003:123145521975296::Thread-50 2020-08-09 18:59:32.87 - The band's early releases were with the independent record label Lookout!
8003:123145521975296::Thread-50 2020-08-09 18:59:33.032 - Records.
8003:123145521975296::Thread-50 2020-08-09 18:59:33.416 - In 1994, their major-label debut Dookie, released through Reprise Records, became a breakout success and eventually shipped over 10 million copies in the U.S. Green Day is credited alongside fellow California punk bands NOFX, Sublime, Bad Religion, the Offspring, Rancid, and Jawbreaker with popularizing mainstream interest in punk rock in the U.S.
8004:123145521975296::Thread-50 2020-08-09 18:59:33.578 - Tokyo is the country's capital and largest city; other major cities include Osaka and Nagoya.
8003:123145521975296::Thread-50 2020-08-09 18:59:33.612 - Though the albums Insomniac (1995), Nimrod (1997), and Warning (2000) did not match the success of Dookie, they were still successful with the former two reaching double platinum status while the latter achieved gold.
8002:123145521975296::Thread-50 2020-08-09 18:59:33.695 - Starting new HTTPS connection (1): en.wikipedia.org
8005:123145521975296::Thread-50 2020-08-09 18:59:33.861 - Starting new HTTPS connection (1): en.wikipedia.org
8003:123145521975296::Thread-50 2020-08-09 18:59:34.286 - Green Day's seventh album, a rock opera called American Idiot (2004), found popularity with a younger generation, selling six million copies in the U.S. Their next album, 21st Century Breakdown, was released in 2009 and achieved the band's best chart performance.
8003:123145521975296::Thread-50 2020-08-09 18:59:35.188 - It was followed by a trilogy of albums, ¡Uno!, ¡Dos!, and ¡Tré!, released in September, November, and December 2012, respectively.
8004:123145521975296::Thread-50 2020-08-09 18:59:35.429 - Japan is the 11th most populous country in the world, as well as one of the most densely populated and urbanized.
8003:123145521975296::Thread-50 2020-08-09 18:59:35.534 - The trilogy did not perform as well as expected commercially in comparison to their previous albums largely due to lack of promotion and Armstrong entering rehab.
8002:123145521975296::Thread-50 2020-08-09 18:59:36.515 - Ronaldo de Assis Moreira (born 21 March 1980), commonly known as Ronaldinho Gaúcho (Brazilian Portuguese: [ʁonawˈdʒĩɲu gaˈuʃu]) or simply Ronaldinho, is a Brazilian former professional footballer and ambassador for Barcelona.
8004:123145521975296::Thread-50 2020-08-09 18:59:37.155 - About three-fourths of the country's terrain is mountainous, concentrating its population of 126.2 million on narrow coastal plains.
8005:123145521975296::Thread-50 2020-08-09 18:59:37.422 - Ronda Jean Rousey (; born February 1, 1987) is an American professional wrestler, actress, author, and former professional mixed martial artist and judoka who has been signed to WWE as a wrestler since 2018.
8003:123145521975296::Thread-50 2020-08-09 18:59:37.588 - **END**
8002:123145521975296::Thread-50 2020-08-09 18:59:37.881 - He played mostly as an attacking midfielder, but was also deployed as a forward or a winger.
8002:123145521975296::Thread-50 2020-08-09 18:59:38.048 - Often considered one of the best players of his generation and regarded by many as one of the greatest of all time, Ronaldinho won two FIFA World Player of the Year awards and a Ballon d'Or.
8004:123145521975296::Thread-50 2020-08-09 18:59:38.206 - Japan is administratively divided into 47 prefectures and traditionally divided into eight regions.
8005:123145521975296::Thread-50 2020-08-09 18:59:38.192 - Her longstanding nickname, "Rowdy", was inherited from late professional wrestler Roddy Piper.After becoming the first American woman to earn an Olympic medal in judo by winning bronze at the 2008 Summer Olympics, Rousey began pursuing a career in mixed martial arts (MMA).
8006:123145521975296::Thread-50 2020-08-09 18:59:38.292 - **START**
8006:123145521975296::Thread-50 2020-08-09 18:59:38.726 - Starting new HTTPS connection (1): en.wikipedia.org
8005:123145521975296::Thread-50 2020-08-09 18:59:38.829 - She won her MMA debut for King of the Cage before going to Strikeforce, where she became the last-ever Strikeforce Women's Bantamweight Champion before the Ultimate Fighting Championship (UFC) bought Strikeforce in 2011.
8005:123145521975296::Thread-50 2020-08-09 18:59:39.077 - She was their inaugural female champion when she was named UFC Women's Bantamweight Champion.
8005:123145521975296::Thread-50 2020-08-09 18:59:39.761 - Rousey took part in the first women's fight in UFC history when she successfully defended her title against Liz Carmouche at UFC 157.
8004:123145521975296::Thread-50 2020-08-09 18:59:39.798 - The Greater Tokyo Area is the most populous metropolitan area in the world, with more than 37.4 million residents.
8005:123145521975296::Thread-50 2020-08-09 18:59:40.104 - After setting the record for most UFC title defenses by a woman (6), Rousey had her first professional loss in MMA when she lost her title to Holly Holm.
8005:123145521975296::Thread-50 2020-08-09 18:59:40.502 - In 2018, she became the first female fighter to be inducted into the UFC Hall of Fame.In 2018, Rousey began a career in professional wrestling, signing a contract with WWE.
8004:123145521975296::Thread-50 2020-08-09 18:59:40.594 - The islands of Japan were inhabited as early as the Upper Paleolithic period, though the first mentions of the archipelago appear in Chinese chronicles from the 1st century AD.
8004:123145521975296::Thread-50 2020-08-09 18:59:40.936 - Between the 4th and 9th centuries, the kingdoms of Japan became unified under an emperor and imperial court based in Heian-kyō.
8002:123145521975296::Thread-50 2020-08-09 18:59:41.031 - He was renowned for his technical skills and creativity; due to his agility, pace and
dribbling ability, as well as his use of tricks, feints, overhead kicks, no-look passes and accuracy from free-kicks.
8002:123145521975296::Thread-50 2020-08-09 18:59:41.205 - Ronaldinho made his career debut for Grêmio, in 1998.
8005:123145521975296::Thread-50 2020-08-09 18:59:41.27 - She debuted at WrestleMania 34, and later won the Raw Women's Championship, her first WWE and professional wrestling title, at SummerSlam.
8004:123145521975296::Thread-50 2020-08-09 18:59:42.018 - Starting in the 12th century, however, political power was held by a series of military dictators (shōgun), feudal lords (daimyō), and a class of warrior nobility (samurai).
8005:123145521975296::Thread-50 2020-08-09 18:59:42.261 - She then headlined the inaugural WWE all-women's pay-per-view event when she successfully defended her title against Nikki Bella at WWE Evolution.
8005:123145521975296::Thread-50 2020-08-09 18:59:42.717 - Rousey had her first WWE loss when she lost her title in the first-ever women's WrestleMania main-event to Becky Lynch in a triple threat match at WrestleMania 35; this left her reign as Raw Women's Champion as the second-longest in the title's history at 231 days.
8006:123145521975296::Thread-50 2020-08-09 18:59:42.911 - The United Kingdom of Great Britain and Northern Ireland, commonly known as the United Kingdom (UK or U.K.) or Britain, is a sovereign country located off the north­western coast of the European mainland.
8005:123145521975296::Thread-50 2020-08-09 18:59:43.346 - She has also enjoyed success as an actress and author, appearing in the films The Expendables 3 (2014), Furious 7 (2015), and Mile 22 (2018), and releasing her autobiography My Fight / Your Fight in 2015.Rousey is the only woman to win a championship in both the UFC and WWE, as well as the only woman to headline a pay-per-view event in both companies.
8002:123145521975296::Thread-50 2020-08-09 18:59:43.901 - At age 20, he moved to Paris Saint-Germain in France before signing for Barcelona in 2003.
8004:123145521975296::Thread-50 2020-08-09 18:59:44.046 - **END**
8006:123145521975296::Thread-50 2020-08-09 18:59:44.058 - The United Kingdom includes the island of Great Britain, the north­eastern part of the island of Ireland, and many smaller islands.
8002:123145521975296::Thread-50 2020-08-09 18:59:44.286 - In his second season with Barcelona, he won his first FIFA World Player of the Year award, as Barcelona won the 2004–05 La Liga title.
8005:123145521975296::Thread-50 2020-08-09 18:59:44.354 - **END**
8006:123145521975296::Thread-50 2020-08-09 18:59:44.972 - Northern Ireland shares  a land border with the Republic of Ireland.
8002:123145521975296::Thread-50 2020-08-09 18:59:45.214 - The season that followed is considered one of the best in his career as he was integral in Barcelona winning the UEFA Champions League, their first in fourteen years, as well as another La Liga title, giving Ronaldinho his first career double.
8006:123145521975296::Thread-50 2020-08-09 18:59:45.442 - Otherwise, the United Kingdom is surrounded by the Atlantic Ocean, with the North Sea to the east, the English Channel to the south and the Celtic Sea to the southwest, giving it the 12th-longest coastline in the world.
8002:123145521975296::Thread-50 2020-08-09 18:59:45.767 - After scoring two spectacular solo goals in the first 2005-06 El Clásico, Ronaldinho became the second Barcelona player, after Diego Maradona in 1983, to receive a standing ovation from Real Madrid fans at the Santiago Bernabéu.
8006:123145521975296::Thread-50 2020-08-09 18:59:46.54 - The Irish Sea separates Great Britain and Ireland.
8002:123145521975296::Thread-50 2020-08-09 18:59:47.009 - Ronaldinho also received his second FIFA World Player of the Year award, as well as the Ballon d'Or.
8006:123145521975296::Thread-50 2020-08-09 18:59:47.737 - The total area of the United Kingdom is 94,000 square miles (240,000 km2).
8006:123145521975296::Thread-50 2020-08-09 18:59:48.061 - The United Kingdom is a unitary parliamentary democracy and constitutional monarchy.
8005:123145521975296::Thread-50 2020-08-09 18:59:48.356 - **START**
8005:123145521975296::Thread-50 2020-08-09 18:59:48.359 - Starting new HTTPS connection (1): en.wikipedia.org
8002:123145521975296::Thread-50 2020-08-09 18:59:49.013 - **END**
8005:123145521975296::Thread-50 2020-08-09 18:59:49.412 - Mark Robert Michael Wahlberg (born June 5, 1971) is an American actor, producer, restaurateur and former rapper.
8006:123145521975296::Thread-50 2020-08-09 18:59:49.643 - The monarch is Queen Elizabeth II, who has reigned since 1952, making her the world's longest-serving current head of state.
8005:123145521975296::Thread-50 2020-08-09 18:59:50.084 - He is also known by his former stage name Marky Mark from his career with the group Marky Mark and the Funky Bunch, with whom he released the albums Music for the People (1991) and You Gotta Believe (1992).
8006:123145521975296::Thread-50 2020-08-09 18:59:50.239 - The United Kingdom's capital is London, a global city and financial centre with an urban area population of 10.3 million.The United Kingdom consists of four countries: England, Scotland, Wales and Northern Ireland.
8005:123145521975296::Thread-50 2020-08-09 18:59:50.842 - Wahlberg transitioned from music to acting, with his screen debut in Renaissance Man (1994) and his first starring role in Fear (1996).
8005:123145521975296::Thread-50 2020-08-09 18:59:51.235 - He received critical praise for his performance as porn actor Dirk Diggler in Boogie Nights.
8006:123145521975296::Thread-50 2020-08-09 18:59:51.531 - Their capitals are London, Edinburgh, Cardiff and Belfast, respectively.
8003:123145521975296::Thread-50 2020-08-09 18:59:51.589 - **START**
8003:123145521975296::Thread-50 2020-08-09 18:59:51.592 - Starting new HTTPS connection (1): en.wikipedia.org
8005:123145521975296::Thread-50 2020-08-09 18:59:51.878 - In the early 2000s, he ventured into big budget action-oriented movies, such as The Perfect Storm (2000), Planet of the Apes (2001), and The Italian Job (2003).
8005:123145521975296::Thread-50 2020-08-09 18:59:51.942 - He was nominated for the Academy Award for Best Supporting Actor for playing a police officer in the crime drama The Departed (2006).
8005:123145521975296::Thread-50 2020-08-09 18:59:52.658 - He was nominated for the Golden Globe Award for Best Actor for the biographical sports drama The Fighter (2010), in which he starred as Micky Ward.
8005:123145521975296::Thread-50 2020-08-09 18:59:53.011 - In the 2010s, he landed successful comedy roles with The Other Guys (2010), Ted (2012), its 2015 sequel, Daddy's Home (2015), and its 2017 sequel.
8005:123145521975296::Thread-50 2020-08-09 18:59:53.039 - He also became the protagonist in the Transformers live-action film franchise (2014, 2017).
8005:123145521975296::Thread-50 2020-08-09 18:59:53.133 - He was the world's best-paid actor in 2017.
8006:123145521975296::Thread-50 2020-08-09 18:59:53.534 - **END**
8003:123145521975296::Thread-50 2020-08-09 18:59:54.615 - William I (c. 1028 – 9 September 1087), usually known as William the Conqueror and sometimes William the Bastard, was the first Norman King of England, reigning from 1066 until his death in 1087.
8003:123145521975296::Thread-50 2020-08-09 18:59:56.371 - He was a descendant of Rollo and was Duke of Normandy from 1035 onward.
8004:123145521975296::Thread-50 2020-08-09 18:59:58.066 - **START**
8004:123145521975296::Thread-50 2020-08-09 18:59:58.152 - Starting new HTTPS connection (1): en.wikipedia.org
8003:123145521975296::Thread-50 2020-08-09 18:59:58.772 - His hold was secure on Normandy by 1060, following a long struggle to establish his throne, and he launched the Norman conquest of England six years later.
8006:123145521975296::Thread-50 2020-08-09 18:59:59.535 - **START**
8006:123145521975296::Thread-50 2020-08-09 18:59:59.611 - Starting new HTTPS connection (1): en.wikipedia.org
8004:123145521975296::Thread-50 2020-08-09 18:59:59.804 - Diana, Princess of Wales (born Diana Frances Spencer; 1 July 1961 – 31 August 1997) was a member of the British royal family.
8005:123145521975296::Thread-50 2020-08-09 19:00:00.14 - **END**
8006:123145521975296::Thread-50 2020-08-09 19:00:00.441 - Wardell Stephen "Steph" Curry II ( STEF-ən; born March 14, 1988) is an American professional basketball player for the Golden State Warriors of the National Basketball Association (NBA).
8006:123145521975296::Thread-50 2020-08-09 19:00:00.508 - A six-time NBA All-Star, Curry has been named the NBA Most Valuable Player (MVP) twice and won three NBA championships with the Warriors.
8004:123145521975296::Thread-50 2020-08-09 19:00:00.565 - She was the first wife of Charles, Prince of Wales, the heir apparent to the British throne, and the mother of Prince William and Prince Harry.
8003:123145521975296::Thread-50 2020-08-09 19:00:00.622 - The rest of his life was marked by struggles to consolidate his hold over England and his continental lands and by difficulties with his eldest son, Robert Curthose.
8004:123145521975296::Thread-50 2020-08-09 19:00:01.116 - Diana's activism and glamour made her an international icon and earned her an enduring popularity as well as an unprecedented public scrutiny, exacerbated by her tumultuous private life.
8004:123145521975296::Thread-50 2020-08-09 19:00:01.517 - Diana was born into the British nobility and grew up close to the royal family on their Sandringham estate.
8004:123145521975296::Thread-50 2020-08-09 19:00:01.836 - The youngest daughter of John Spencer, 8th Earl Spencer, and Frances Shand Kydd, she was strongly affected by their divorce in 1967.
8006:123145521975296::Thread-50 2020-08-09 19:00:02.02 - Many players and analysts have called him the greatest shooter in NBA history.
8004:123145521975296::Thread-50 2020-08-09 19:00:02.373 - She did not distinguish herself academically, but was talented in music, dance, and sports.
8003:123145521975296::Thread-50 2020-08-09 19:00:03.044 - William was the son of the unmarried Robert I, Duke of Normandy, by his mistress Herleva.
8004:123145521975296::Thread-50 2020-08-09 19:00:03.056 - In 1978, she moved to London, where she lived with flatmates and took on various low-paying jobs.
8004:123145521975296::Thread-50 2020-08-09 19:00:03.164 - Diana came to prominence in 1981 upon her engagement to Prince Charles, the eldest son of Queen Elizabeth II, after a brief courtship.
8004:123145521975296::Thread-50 2020-08-09 19:00:03.722 - Their wedding took place at St Paul's Cathedral in 1981 and made her Princess of Wales, a role in which she was enthusiastically received by the public.
8002:123145521975296::Thread-50 2020-08-09 19:00:04.015 - **START**
8002:123145521975296::Thread-50 2020-08-09 19:00:04.096 - Starting new HTTPS connection (1): en.wikipedia.org
8004:123145521975296::Thread-50 2020-08-09 19:00:04.11 - The couple had two sons, the princes William and Harry, who were then second and third in the line of succession to the British throne.
8003:123145521975296::Thread-50 2020-08-09 19:00:04.559 - His illegitimate status and his youth caused some difficulties for him after he succeeded his father, as did the anarchy which plagued the first years of his rule.
8006:123145521975296::Thread-50 2020-08-09 19:00:04.568 - He is credited with revolutionizing the game of basketball by inspiring teams to regularly utilize the three-point shot.The son of former NBA player Dell Curry and older brother of current NBA player Seth, Curry played college basketball for the Davidson Wildcats.
8006:123145521975296::Thread-50 2020-08-09 19:00:05.211 - There, he was twice named Southern Conference Player of the Year and set the all-time scoring record for both Davidson and the Southern Conference.
8002:123145521975296::Thread-50 2020-08-09 19:00:05.838 - Noah Lindsey Cyrus (born January 8, 2000) is an American singer, songwriter, and actress.
8003:123145521975296::Thread-50 2020-08-09 19:00:06.251 - During his childhood and adolescence, members of the Norman aristocracy battled each other, both for control of the child duke and for their own ends.
8002:123145521975296::Thread-50 2020-08-09 19:00:07.583 - In 2016, she released her debut single "Make Me (Cry)", featuring vocals from Labrinth.
8006:123145521975296::Thread-50 2020-08-09 19:00:07.816 - During his sophomore year, Curry also set the single-season NCAA record for three-pointers made, and was then selected by the Warriors with the seventh overall pick in the 2009 NBA Draft.
8002:123145521975296::Thread-50 2020-08-09 19:00:08.251 - Cyrus is the fifth child of Billy Ray and Tish Cyrus, and she is the youngest sibling of Trace, Brandi, and Miley Cyrus.
8003:123145521975296::Thread-50 2020-08-09 19:00:08.691 - In 1047, William was able to quash a rebellion and begin to establish his authority over the duchy, a process that was not complete until about 1060.
8002:123145521975296::Thread-50 2020-08-09 19:00:08.739 - She was named one of Time's 30 Most Influential Teens in 2017.
8003:123145521975296::Thread-50 2020-08-09 19:00:10.163 - His marriage in the 1050s to Matilda of Flanders provided him with a powerful ally in the neighbouring county of Flanders.
8006:123145521975296::Thread-50 2020-08-09 19:00:10.304 - In 2014–15, Curry won his first MVP award and led the Warriors to their first championship since 1975.
8006:123145521975296::Thread-50 2020-08-09 19:00:10.411 - The following season, he became the first player in NBA history to be elected MVP by a unanimous vote and to lead the league in scoring while shooting above 50–40–90.
8002:123145521975296::Thread-50 2020-08-09 19:00:10.454 - Early life
Cyrus was born January 8, 2000, in Nashville, Tennessee, to producer and director Tish Cyrus and country singer Billy Ray Cyrus.
8004:123145521975296::Thread-50 2020-08-09 19:00:11.112 - **END**
8005:123145521975296::Thread-50 2020-08-09 19:00:12.143 - **START**
8005:123145521975296::Thread-50 2020-08-09 19:00:12.146 - Starting new HTTPS connection (1): en.wikipedia.org
8006:123145521975296::Thread-50 2020-08-09 19:00:12.216 - That same year, the Warriors broke the record for the most wins in an NBA season en route to reaching the 2016 NBA Finals, which they lost to the Cleveland Cavaliers.
8002:123145521975296::Thread-50 2020-08-09 19:00:12.823 - Her parents have had a volatile marriage, each filing for divorce on different occasions, but restoring their relationship.
8003:123145521975296::Thread-50 2020-08-09 19:00:13.165 - **END**
8002:123145521975296::Thread-50 2020-08-09 19:00:13.696 - Her siblings include Miley, Braison, Brandi, Trace, and Christopher Cyrus, who have also mostly become musicians and entertainers.
8005:123145521975296::Thread-50 2020-08-09 19:00:13.759 - Iceland (Icelandic: Ísland; [ˈistlant] (listen)) is a Nordic island country in the North Atlantic, with a population of 364,134 and an area of 103,000 km2 (40,000 sq mi), making it the most sparsely populated country in Europe.
8002:123145521975296::Thread-50 2020-08-09 19:00:14.184 - Their paternal grandfather, Ron Cyrus, was a politician in Kentucky.
8006:123145521975296::Thread-50 2020-08-09 19:00:14.382 - Curry helped the Warriors return to the NBA Finals in 2017, 2018 and 2019, winning back-to-back titles in 2017 and 2018, before being defeated by the Toronto Raptors in 2019.
8005:123145521975296::Thread-50 2020-08-09 19:00:15.177 - The capital and largest city is Reykjavík.
8005:123145521975296::Thread-50 2020-08-09 19:00:15.606 - Reykjavík and the surrounding areas in the southwest of the country are home to over two-thirds of the population.
8005:123145521975296::Thread-50 2020-08-09 19:00:16.04 - Iceland is volcanically and geologically active.
8002:123145521975296::Thread-50 2020-08-09 19:00:16.599 - Acting career
At the age of two, Cyrus began her acting career, playing Gracie Hebert on the sixth episode of the television show Doc.
8005:123145521975296::Thread-50 2020-08-09 19:00:17.725 - The interior consists of a plateau characterised by sand and lava fields, mountains, and glaciers, and many glacial rivers flow to the sea through the lowlands.
8005:123145521975296::Thread-50 2020-08-09 19:00:17.736 - Iceland is warmed by the Gulf Stream and has a temperate climate, despite a high latitude just outside the Arctic Circle.
8002:123145521975296::Thread-50 2020-08-09 19:00:18.554 - She was a background dancer in the 2009 film Hannah Montana: The Movie, and played small roles in six episodes of the Disney Channel Original Series Hannah Montana.
8005:123145521975296::Thread-50 2020-08-09 19:00:19.479 - Its high latitude and marine influence keep summers chilly, with most of the archipelago having a polar climate.
8002:123145521975296::Thread-50 2020-08-09 19:00:20.556 - **END**
8005:123145521975296::Thread-50 2020-08-09 19:00:20.726 - According to the ancient manuscript Landnámabók, the settlement of Iceland began in 874 AD when the Norwegian chieftain Ingólfr Arnarson became the first permanent settler on the island.
8006:123145521975296::Thread-50 2020-08-09 19:00:21.387 - **END**
8005:123145521975296::Thread-50 2020-08-09 19:00:22.009 - In the following centuries, Norwegians, and to a lesser extent other Scandinavians, emigrated to Iceland, bringing with them thralls (i.e., slaves or serfs) of Gaelic origin.
8005:123145521975296::Thread-50 2020-08-09 19:00:23.862 - The island was governed as an independent commonwealth under the Althing, one of the world's oldest functioning legislative assemblies.
8005:123145521975296::Thread-50 2020-08-09 19:00:30.865 - **END**