8006:123146346467328::Thread-246 2020-08-09 18:59:30.285 - **START**
8006:123146346467328::Thread-246 2020-08-09 18:59:30.835 - Starting new HTTPS connection (1): en.wikipedia.org
8006:123146346467328::Thread-246 2020-08-09 18:59:33.031 - Barcelona ( BAR-sə-LOH-nə, Catalan: [bəɾsəˈlonə], Spanish: [baɾθeˈlona]) is a city on the coast of northeastern Spain.
8006:123146346467328::Thread-246 2020-08-09 18:59:33.501 - It is the capital and largest city of the autonomous community of Catalonia, as well as the second most populous municipality of Spain.
8006:123146346467328::Thread-246 2020-08-09 18:59:34.436 - With a population of 1.6 million within city limits, its urban area extends to numerous neighbouring municipalities within the Province of Barcelona and is home to around 4.8 million people, making it the fifth most populous urban area in the European Union after Paris, the Ruhr area, Madrid, and Milan.
8006:123146346467328::Thread-246 2020-08-09 18:59:35.383 - It is one of the largest metropolises on the Mediterranean Sea, located on the coast between the mouths of the rivers Llobregat and Besòs, and bounded to the west by the Serra de Collserola mountain range, the tallest peak of which is 512 metres (1,680 feet) high.
8006:123146346467328::Thread-246 2020-08-09 18:59:35.839 - Founded as a Roman city, in the Middle Ages Barcelona became the capital of the County of Barcelona.
8006:123146346467328::Thread-246 2020-08-09 18:59:36.831 - After merging with the Kingdom of Aragon, Barcelona continued to be an important city in the Crown of Aragon as an economic and administrative centre of this Crown and the capital of the Principality of Catalonia.
8006:123146346467328::Thread-246 2020-08-09 18:59:37.486 - Barcelona has a rich cultural heritage and is today an important cultural centre and a major tourist destination.
8006:123146346467328::Thread-246 2020-08-09 18:59:37.781 - Particularly renowned are the architectural works of Antoni Gaudí and Lluís Domènech i Montaner, which have been designated UNESCO World Heritage Sites.
8005:123146346467328::Thread-246 2020-08-09 18:59:38.258 - **START**
8006:123146346467328::Thread-246 2020-08-09 18:59:38.58 - Since 1450, it is home to the University of Barcelona.
8006:123146346467328::Thread-246 2020-08-09 18:59:39.581 - The headquarters of the Union for the Mediterranean are located in Barcelona.
8002:123146346467328::Thread-246 2020-08-09 18:59:40.377 - **START**
8002:123146346467328::Thread-246 2020-08-09 18:59:41.004 - Starting new HTTPS connection (1): en.wikipedia.org
8005:123146346467328::Thread-246 2020-08-09 18:59:41.038 - Starting new HTTPS connection (1): en.wikipedia.org
8003:123146346467328::Thread-246 2020-08-09 18:59:41.353 - **START**
8006:123146346467328::Thread-246 2020-08-09 18:59:41.583 - **END**
8003:123146346467328::Thread-246 2020-08-09 18:59:42.063 - Starting new HTTPS connection (1): en.wikipedia.org
8004:123146346467328::Thread-246 2020-08-09 18:59:42.322 - **START**
8004:123146346467328::Thread-246 2020-08-09 18:59:43.171 - Starting new HTTPS connection (1): en.wikipedia.org
8003:123146346467328::Thread-246 2020-08-09 18:59:45.045 - The France national football team (French: Équipe de France de football) represents France in men's international football and is controlled by the French Football Federation, also known as FFF, or in French: Fédération française de football.
8002:123146346467328::Thread-246 2020-08-09 18:59:45.107 - Once Upon a Time is  an American fantasy adventure drama television series that aired on ABC from October 23, 2011 to May 18, 2018.
8005:123146346467328::Thread-246 2020-08-09 18:59:45.842 - One World Trade Center (also known as One World Trade, One WTC, or Freedom Tower) is the main building of the rebuilt World Trade Center complex in Lower Manhattan, New York City.
8002:123146346467328::Thread-246 2020-08-09 18:59:45.94 - The first six seasons are largely set in the fictitious seaside town of Storybrooke, Maine, with the characters of Emma Swan and her 10-year-old son, Henry Mills, as the leads — whilst the seventh and final season takes place in Seattle, Washington, in the fictitious neighborhood of Hyperion Heights, with a new main narrative led by adult Henry Mills, his wife Ella (Jacinda), and their daughter Lucy.
8004:123146346467328::Thread-246 2020-08-09 18:59:46.005 - Jacqueline Marie Evancho ( ee-VANG-koh; born April 9, 2000) is an American classical crossover singer who gained wide recognition at an early age.
8002:123146346467328::Thread-246 2020-08-09 18:59:46.688 - The show's more notable characters are based on original Disney characters from The Walt Disney Company and popular Western literature, folklore, Greek mythology, and fairy tales.
8005:123146346467328::Thread-246 2020-08-09 18:59:46.742 - One WTC is the tallest building in the United States, the tallest building in the Western Hemisphere, and the seventh-tallest in the world.
8004:123146346467328::Thread-246 2020-08-09 18:59:46.838 - Since 2009, she has issued a platinum-selling EP and eight albums, including three Billboard 200 top 10 debuts.
8003:123146346467328::Thread-246 2020-08-09 18:59:46.885 - The team's colours are blue, white and red, and the coq gaulois its symbol.
8002:123146346467328::Thread-246 2020-08-09 18:59:47.228 - The family of Snow White and Prince Charming from Disney's Snow White and the Seven Dwarfs are the main family featured in the series.
8002:123146346467328::Thread-246 2020-08-09 18:59:47.331 - Once Upon a Time was created by Lost & Tron: Legacy writers Edward Kitsis and Adam Horowitz.
8004:123146346467328::Thread-246 2020-08-09 18:59:47.569 - She has also been the subject of three solo PBS concert specials.
8006:123146346467328::Thread-246 2020-08-09 18:59:47.584 - **START**
8006:123146346467328::Thread-246 2020-08-09 18:59:47.589 - Starting new HTTPS connection (1): en.wikipedia.org
8004:123146346467328::Thread-246 2020-08-09 18:59:48.01 - Between 2008 and 2010, Evancho entered talent competitions, sang the US national anthem at a Pittsburgh Pirates baseball game, issued her first album, Prelude to a Dream, and attracted interest on YouTube.
8002:123146346467328::Thread-246 2020-08-09 18:59:48.413 - A spin-off series, Once Upon a Time in Wonderland, consisting of 13 episodes which followed the peculiar character from the 1865 novel Alice's Adventures in Wonderland by Lewis Carroll, premiered on October 10, 2013 and concluded on April 3, 2014.
8005:123146346467328::Thread-246 2020-08-09 18:59:48.499 - The supertall structure has the same name as the North Tower of the original World Trade Center, which was destroyed in the terrorist attacks of September 11, 2001.
8006:123146346467328::Thread-246 2020-08-09 18:59:48.809 - The New England Patriots are a professional American football team based in the Greater Boston area.
8003:123146346467328::Thread-246 2020-08-09 18:59:48.858 - France are colloquially known as Les Bleus (The Blues).
8004:123146346467328::Thread-246 2020-08-09 18:59:49.041 - In 2010, at the age of ten, she gained wide notice with her 2nd-place finish in the fifth season of America's Got Talent.
8006:123146346467328::Thread-246 2020-08-09 18:59:49.735 - The Patriots compete in the National Football League (NFL) as a member club of the league's American Football Conference (AFC) East division.
8002:123146346467328::Thread-246 2020-08-09 18:59:49.772 - Series overview
For the first six seasons, the series is set in the fictional seaside town of Storybrooke, Maine, in which the residents are actually fairy tale characters that were transported to the real world town and robbed of their memories by Regina, the Evil Queen (Lana Parrilla) who used a powerful dark curse obtained from Rumplestiltskin (Robert Carlyle).
8004:123146346467328::Thread-246 2020-08-09 18:59:49.786 - With the 2010 holiday release of her O Holy Night EP, Evancho became the best-selling debut artist of 2010, the youngest top-10 debut artist in US history and the youngest solo artist ever to go platinum in the US.
8006:123146346467328::Thread-246 2020-08-09 18:59:49.95 - The team plays its home games at Gillette Stadium in the town of Foxborough, Massachusetts, which is located 28 miles (45 km) southwest of downtown Boston.
8002:123146346467328::Thread-246 2020-08-09 18:59:50.091 - The residents of Storybrooke, where Regina is mayor, have lived an unchanging existence for 28 years, unaware of their own agelessness.
8002:123146346467328::Thread-246 2020-08-09 18:59:50.338 - The town's only hope lies with a bail-bonds person from the Land Without Magic, named Emma Swan (Jennifer Morrison), only daughter of Snow White (Ginnifer Goodwin) and Prince Charming (Josh Dallas).
8002:123146346467328::Thread-246 2020-08-09 18:59:50.423 - Emma was transported from the Enchanted Forest to the real world via a magic wardrobe as an infant before the curse was cast.
8005:123146346467328::Thread-246 2020-08-09 18:59:50.525 - The new skyscraper stands on the northwest corner of the 16-acre (6.5 ha) World Trade Center site, on the site of the original 6 World Trade Center.
8006:123146346467328::Thread-246 2020-08-09 18:59:50.703 - The Patriots are also headquartered at Gillette Stadium.
8004:123146346467328::Thread-246 2020-08-09 18:59:50.731 - In 2011, her first full-length album, Dream with Me debuted at No.
8003:123146346467328::Thread-246 2020-08-09 18:59:51.188 - They are the reigning world champions, having won the most recent World Cup final in 2018.
8004:123146346467328::Thread-246 2020-08-09 18:59:51.205 - 2 on the Billboard 200 chart, and she became the youngest top-5 debut artist in UK history.
8006:123146346467328::Thread-246 2020-08-09 18:59:51.282 - Founded in 1959 as the Boston Patriots, an original member of the American Football League (AFL), the team joined the NFL in the leagues' 1970 merger, then changed its name when it moved to Foxborough in 1971.
8006:123146346467328::Thread-246 2020-08-09 18:59:51.581 - The New England Patriots played their home games at Foxboro Stadium through 2001, then moved to Gillette Stadium at the start of the 2002 season.
8006:123146346467328::Thread-246 2020-08-09 18:59:51.963 - The Patriots' rivalry with the New York Jets is considered one of the most bitter rivalries in the NFL.
8005:123146346467328::Thread-246 2020-08-09 18:59:52.536 - The building is bounded by West Street to the west, Vesey Street to the north, Fulton Street to the south, and Washington Street to the east.
8006:123146346467328::Thread-246 2020-08-09 18:59:52.608 - Since the arrival of head coach Bill Belichick and quarterback Tom Brady in 2000, the Patriots have become one of the most successful teams in NFL history, claiming 16 AFC East titles as part of 18 consecutive winning seasons since 2001.
8006:123146346467328::Thread-246 2020-08-09 18:59:52.898 - The franchise has since set numerous notable records, including most wins in a ten-year period (126, in 2003–2012), an undefeated 16-game regular season in 2007, the longest winning streak consisting of regular season and playoff games in NFL history (a 21-game streak from October 2003 to October 2004), and the most consecutive division titles won by a team in NFL history (11 straight division titles from 2009 to 2019).
8003:123146346467328::Thread-246 2020-08-09 18:59:52.955 - France plays their home matches at the Stade de France in Saint-Denis, Île-de-France, and their manager is Didier Deschamps.
8004:123146346467328::Thread-246 2020-08-09 18:59:53.182 - Billboard ranked Evancho the top Classical Albums Artist for 2011.
8006:123146346467328::Thread-246 2020-08-09 18:59:53.621 - The team owns the record for most Super Bowl appearances (nine) and wins (six) by a head coach–quarterback tandem, most conference championships overall (11), most Super Bowl appearances overall (11).
8003:123146346467328::Thread-246 2020-08-09 18:59:54.232 - They have won two FIFA World Cups, two UEFA European Championships, two FIFA Confederations Cups and one Olympic tournament.
8006:123146346467328::Thread-246 2020-08-09 18:59:54.385 - The Patriots are tied with the Pittsburgh Steelers for the most Super Bowl wins (six), and with the Denver Broncos for the most Super Bowl losses (five).
8004:123146346467328::Thread-246 2020-08-09 18:59:54.582 - Later that year, Evancho released a full-length holiday album, Heavenly Christmas, and became the youngest person ever to give a solo concert at Lincoln Center in New York City as part of her first concert tour.
8005:123146346467328::Thread-246 2020-08-09 18:59:55.421 - The building's architect is David Childs, whose firm Skidmore, Owings & Merrill (SOM) also designed the Burj Khalifa and the Willis Tower.
8003:123146346467328::Thread-246 2020-08-09 18:59:55.683 - France experienced much of its success in four major eras: in the 1950s, 1980s, late 1990s/early 2000s, and mid/late 2010s, respectively, which resulted in numerous major honours.
8004:123146346467328::Thread-246 2020-08-09 18:59:56.234 - In 2012, Evancho released Songs from the Silver Screen, her third top-10 album debut.
8005:123146346467328::Thread-246 2020-08-09 18:59:57.295 - The construction of below-ground utility relocations, footings, and foundations for the new building began on April 27, 2006.
8002:123146346467328::Thread-246 2020-08-09 18:59:57.424 - **END**
8003:123146346467328::Thread-246 2020-08-09 18:59:58.641 - France was one of the four European teams that participated in the inaugural World Cup in 1930 and, although having been eliminated in the qualification stage six times, is one of only three teams that have entered every World Cup qualifying cycle.In 1958, the team, led by Raymond Kopa and Just Fontaine, finished in third place at the FIFA World Cup.
8005:123146346467328::Thread-246 2020-08-09 18:59:59.224 - One World Trade Center became the tallest structure in New York City on April 30, 2012, when it surpassed the height of the Empire State Building.
8003:123146346467328::Thread-246 2020-08-09 19:00:00.023 - In 1984, France, led by Ballon d'Or winner Michel Platini, won UEFA Euro 1984 and Football at the 1984 Summer Olympics.
8004:123146346467328::Thread-246 2020-08-09 19:00:00.239 - **END**
8003:123146346467328::Thread-246 2020-08-09 19:00:00.299 - However, France only began to reach its prime from the 1990s onward, with the establishment of INF Clairefontaine.
8005:123146346467328::Thread-246 2020-08-09 19:00:00.748 - The tower's steel structure was topped out on August 30, 2012.
8003:123146346467328::Thread-246 2020-08-09 19:00:02.3 - **END**
8005:123146346467328::Thread-246 2020-08-09 19:00:02.404 - On May 10, 2013, the final component of the skyscraper's spire was installed, making the building, including its spire, reach a total height of 1,776 feet (541 m).
8006:123146346467328::Thread-246 2020-08-09 19:00:03.387 - **END**
8002:123146346467328::Thread-246 2020-08-09 19:00:06.427 - **START**
8002:123146346467328::Thread-246 2020-08-09 19:00:06.434 - Starting new HTTPS connection (1): en.wikipedia.org
8002:123146346467328::Thread-246 2020-08-09 19:00:07.29 - Recovery is the seventh studio album by American rapper Eminem.
8002:123146346467328::Thread-246 2020-08-09 19:00:08.149 - It was released on June 18, 2010, by Aftermath Entertainment, Shady Records, and Interscope Records.
8002:123146346467328::Thread-246 2020-08-09 19:00:08.224 - It serves as the follow-up to Eminem's sixth studio album Relapse (2009).
8004:123146346467328::Thread-246 2020-08-09 19:00:08.243 - **START**
8004:123146346467328::Thread-246 2020-08-09 19:00:08.268 - Starting new HTTPS connection (1): en.wikipedia.org
8005:123146346467328::Thread-246 2020-08-09 19:00:08.408 - **END**
8002:123146346467328::Thread-246 2020-08-09 19:00:08.783 - Originally planned to be released as Relapse 2, the album was renamed to Recovery when Eminem found the album to be musically different from its predecessor.
8002:123146346467328::Thread-246 2020-08-09 19:00:09.063 - Production of the album took place during 2009 to 2010 at several recording studios and was handled by various record producers, including Alex da Kid, Just Blaze, Boi-1da, Jim Jonsin, DJ Khalil, Mr. Porter, and Dr. Dre.
8004:123146346467328::Thread-246 2020-08-09 19:00:09.565 - Inferno (Italian: [iɱˈfɛrno]; Italian for "Hell") is the first part of Italian writer Dante Alighieri's 14th-century epic poem Divine Comedy.
8002:123146346467328::Thread-246 2020-08-09 19:00:09.827 - Eminem also collaborated with artists such as Pink, Lil Wayne, Slaughterhouse and Rihanna for the album.
8002:123146346467328::Thread-246 2020-08-09 19:00:10.201 - Recovery featured more introspective and emotional content than its predecessor and the theme of the album revolved around his positive changes, anxiety, and emotional drives.
8004:123146346467328::Thread-246 2020-08-09 19:00:10.252 - It is followed by Purgatorio and Paradiso.
8004:123146346467328::Thread-246 2020-08-09 19:00:10.957 - The Inferno tells the journey of Dante through Hell, guided by the ancient Roman poet Virgil.
8002:123146346467328::Thread-246 2020-08-09 19:00:11.161 - Recovery debuted at number one on the Billboard 200, with first week sales of 741,000 copies.
8002:123146346467328::Thread-246 2020-08-09 19:00:11.162 - **END**
8004:123146346467328::Thread-246 2020-08-09 19:00:11.69 - In the poem, Hell is depicted as nine concentric circles of torment located within the Earth; it is the "realm ... of those who have rejected spiritual values by yielding to bestial appetites or violence, or by perverting their human intellect to fraud or malice against their fellowmen".
8004:123146346467328::Thread-246 2020-08-09 19:00:12.173 - As an allegory, the Divine Comedy represents the journey of the soul toward God, with the Inferno describing the recognition and rejection of sin.
8004:123146346467328::Thread-246 2020-08-09 19:00:12.399 - Introduction


Cantos I–II

Canto I

The poem begins on the night of Maundy Thursday on March 24 (or April 7), AD 1300, shortly before dawn of Good Friday.
8004:123146346467328::Thread-246 2020-08-09 19:00:13.306 - The narrator, Dante himself, is thirty-five years old, and thus "midway in the journey of our life" (Nel mezzo del cammin di nostra vita) – half of the Biblical lifespan of seventy (Psalm 89:10, Vulgate; Psalm 90:10, KJV).
8004:123146346467328::Thread-246 2020-08-09 19:00:13.666 - The poet finds himself lost in a dark wood (selva oscura), astray from the "straight way" (diritta via, also translatable as "right way") of salvation.
8004:123146346467328::Thread-246 2020-08-09 19:00:14.232 - He sets out to climb directly up a small mountain, but his way is blocked by three beasts he cannot evade: a lonza (usually rendered as "leopard" or "leopon"), a leone (lion), and a lupa (she-wolf).
8004:123146346467328::Thread-246 2020-08-09 19:00:22.234 - **END**