8006:123145479909376::Thread-40 2020-08-09 18:59:26.239 - **START**
8006:123145479909376::Thread-40 2020-08-09 18:59:26.249 - Starting new HTTPS connection (1): en.wikipedia.org
8003:123145479909376::Thread-40 2020-08-09 18:59:27.236 - **START**
8003:123145479909376::Thread-40 2020-08-09 18:59:27.258 - Starting new HTTPS connection (1): en.wikipedia.org
8002:123145479909376::Thread-40 2020-08-09 18:59:27.311 - **START**
8002:123145479909376::Thread-40 2020-08-09 18:59:27.571 - Starting new HTTPS connection (1): en.wikipedia.org
8006:123145479909376::Thread-40 2020-08-09 18:59:28.087 - Chelsea Football Club are an English professional football club based in Fulham, London.
8003:123145479909376::Thread-40 2020-08-09 18:59:28.171 - Virat Kohli (pronunciation ; born 5 November 1988) is an Indian cricketer and the current captain of the India national team.
8003:123145479909376::Thread-40 2020-08-09 18:59:29.162 - A right-handed top-order batsman, Kohli is regarded as one of the best batsmen in the world.
8002:123145479909376::Thread-40 2020-08-09 18:59:29.343 - São Tomé and Príncipe (; Portuguese: [sɐ̃w̃ tuˈmɛ i ˈpɾĩsɨpɨ]), (English: Saint Thomas and Prince) officially the Democratic Republic of São Tomé and Príncipe (Portuguese: República Democrática de São Tomé e Príncipe), is an island country in the Gulf of Guinea, off the western equatorial coast of Central Africa.
8003:123145479909376::Thread-40 2020-08-09 18:59:29.857 - He plays for Royal Challengers Bangalore in the Indian Premier League (IPL), and has been the team's captain since 2013.
8003:123145479909376::Thread-40 2020-08-09 18:59:29.917 - Since October 2017, he has been the top-ranked ODI batsman in the world and is currently 2nd in Test rankings with 886 points.
8006:123145479909376::Thread-40 2020-08-09 18:59:30.125 - Founded in 1905, the club competes in the Premier League, the top division of English football.
8002:123145479909376::Thread-40 2020-08-09 18:59:30.506 - It consists of two archipelagos around the two main islands of São Tomé and Príncipe, about 140 km (87 mi) apart and about 250 and 225 km (155 and 140 mi) off the northwestern coast of Gabon.
8003:123145479909376::Thread-40 2020-08-09 18:59:30.537 - Among Indian batsmen, Kohli has the best ever Test rating (937 points), ODI rating (911 points) and T20I rating (897 points).
8003:123145479909376::Thread-40 2020-08-09 18:59:31.142 - Kohli captained India Under-19s to victory at the 2008 Under-19 World Cup in Malaysia.
8002:123145479909376::Thread-40 2020-08-09 18:59:31.202 - The islands were uninhabited until their discovery by Portuguese explorers in the 15th century.
8005:123145479909376::Thread-40 2020-08-09 18:59:31.208 - **START**
8003:123145479909376::Thread-40 2020-08-09 18:59:31.255 - After a few months later, he made his ODI debut for India against Sri Lanka at the age of 19.
8003:123145479909376::Thread-40 2020-08-09 18:59:31.313 - Initially having played as a reserve batsman in the Indian team, he soon established himself as a regular in the ODI middle-order and was part of the squad that won the 2011 World Cup.
8006:123145479909376::Thread-40 2020-08-09 18:59:31.341 - Chelsea are among England's most successful clubs, having won over thirty competitive honours, including six league titles and six European trophies.
8006:123145479909376::Thread-40 2020-08-09 18:59:31.416 - Their home ground is Stamford Bridge.Chelsea won their first major honour, the League Championship, in 1955.
8005:123145479909376::Thread-40 2020-08-09 18:59:31.491 - Starting new HTTPS connection (1): en.wikipedia.org
8003:123145479909376::Thread-40 2020-08-09 18:59:31.778 - He made his Test debut in 2011 and shrugged off the tag of "ODI specialist" by 2013 with Test hundreds in Australia and South Africa.
8002:123145479909376::Thread-40 2020-08-09 18:59:31.835 - Gradually colonized and settled by the Portuguese throughout the 16th century, they collectively served as a vital commercial and trade center for the Atlantic slave trade.
8006:123145479909376::Thread-40 2020-08-09 18:59:32.101 - The club won the FA Cup for the first time in 1970 and their first European honour, the UEFA Cup Winners' Cup, in 1971.
8003:123145479909376::Thread-40 2020-08-09 18:59:32.221 - Having reached the number one spot in the ICC rankings for ODI batsmen for the first time in 2013, Kohli also found success in the Twenty20 format, winning the Man of the Tournament twice at the ICC World Twenty20 (in 2014 and 2016).
8004:123145479909376::Thread-40 2020-08-09 18:59:33.203 - **START**
8003:123145479909376::Thread-40 2020-08-09 18:59:33.222 - **END**
8006:123145479909376::Thread-40 2020-08-09 18:59:33.245 - After a period of decline in the late 1970s and 1980s, the club enjoyed a revival in the 1990s and had more success in cup competitions.
8002:123145479909376::Thread-40 2020-08-09 18:59:33.431 - The rich volcanic soil and proximity to the Equator made São Tomé and Príncipe ideal for sugar cultivation, followed later by cash crops such as coffee and cocoa; the lucrative plantation economy was heavily dependent upon imported African slaves.
8004:123145479909376::Thread-40 2020-08-09 18:59:34.125 - Starting new HTTPS connection (1): en.wikipedia.org
8002:123145479909376::Thread-40 2020-08-09 18:59:34.675 - Cycles of social unrest and economic instability throughout the 19th and 20th centuries culminated in peaceful independence in 1975.
8005:123145479909376::Thread-40 2020-08-09 18:59:34.704 - ABBA (, Swedish pronunciation: [ˈabːa]) is a Swedish pop supergroup formed in Stockholm in 1972 by Agnetha Fältskog, Björn Ulvaeus, Benny Andersson, and Anni-Frid Lyngstad.
8002:123145479909376::Thread-40 2020-08-09 18:59:35.379 - São Tomé and Príncipe has since remained one of Africa's most stable and democratic countries.
8005:123145479909376::Thread-40 2020-08-09 18:59:35.412 - The group's name is an acronym of the first letters of their first names.
8006:123145479909376::Thread-40 2020-08-09 18:59:35.415 - The past two decades have been the most successful in Chelsea's history: they won five of its six league titles and the UEFA Champions League during this period.
8005:123145479909376::Thread-40 2020-08-09 18:59:35.747 - They became one of the most commercially successful acts in the history of popular music, topping the charts worldwide from 1974 to 1982.
8002:123145479909376::Thread-40 2020-08-09 18:59:36.01 - With a population of 201,800 (2018 official estimate), São Tomé and Príncipe is the second-smallest African sovereign state after Seychelles, as well as the smallest Portuguese-speaking country.
8005:123145479909376::Thread-40 2020-08-09 18:59:36.024 - ABBA won the Eurovision Song Contest 1974, giving Sweden its first triumph in the contest.
8006:123145479909376::Thread-40 2020-08-09 18:59:36.301 - Chelsea are one of five clubs to have won all three of UEFA's main club competitions, and the only London club to have won the Champions League.
8006:123145479909376::Thread-40 2020-08-09 18:59:36.466 - Chelsea's home kit colours are royal blue shirts and shorts with white socks.
8005:123145479909376::Thread-40 2020-08-09 18:59:36.948 - They are the most successful group to have taken part in the competition.
8004:123145479909376::Thread-40 2020-08-09 18:59:37.332 - Nina Hartley (born Marie Louise Hartman; March 11, 1959) is an American pornographic actress, pornographic film director, sex educator, sex-positive feminist, and author.
8004:123145479909376::Thread-40 2020-08-09 18:59:37.509 - Early life
Marie Louise Hartman was born in Berkeley, California, to a Lutheran father and a Jewish mother (both deceased) whose family was from Alabama.
8002:123145479909376::Thread-40 2020-08-09 18:59:37.81 - Its people are predominantly of African and mestiço descent, with most practicing Catholic Christianity.
8003:123145479909376::Thread-40 2020-08-09 18:59:38.231 - **START**
8005:123145479909376::Thread-40 2020-08-09 18:59:38.272 - During the band's main active years, it was composed of two married couples: Fältskog and Ulvaeus, and Lyngstad and Andersson.
8004:123145479909376::Thread-40 2020-08-09 18:59:38.357 - She grew up in the San Francisco Bay Area.
8004:123145479909376::Thread-40 2020-08-09 18:59:38.93 - She is the youngest of four children, with an older sister and two older brothers.
8006:123145479909376::Thread-40 2020-08-09 18:59:39.055 - The club's crest features a ceremonial lion rampant regardant holding a staff.
8005:123145479909376::Thread-40 2020-08-09 18:59:39.093 - With the increase of their popularity, their personal lives suffered, which eventually resulted in the collapse of both marriages.
8004:123145479909376::Thread-40 2020-08-09 18:59:39.276 - Her parents were Communists who converted to Buddhism when she was young.
8002:123145479909376::Thread-40 2020-08-09 18:59:39.373 - The legacy of Portuguese rule is also visible in the country's culture, customs, and music, which fuse European and African influences.
8003:123145479909376::Thread-40 2020-08-09 18:59:39.392 - Starting new HTTPS connection (1): en.wikipedia.org
8004:123145479909376::Thread-40 2020-08-09 18:59:39.696 - Her father was blacklisted in 1957.
8004:123145479909376::Thread-40 2020-08-09 18:59:40.023 - After graduating from Berkeley High School in 1977, she attended San Francisco State University's undergraduate nursing school and graduated magna cum laude in 1985.
8004:123145479909376::Thread-40 2020-08-09 18:59:40.438 - She was a registered nurse per the California Board of Registered Nursing until her license expired in 1986.
8004:123145479909376::Thread-40 2020-08-09 18:59:40.922 - Adult film career

Hartley saw The Autobiography of a Flea (the first adult film directed by a woman, Sharon McNight) alone, at a theater in San Francisco and chose her life work: making porn.In 1982, during her sophomore year of nursing school, she started working as a stripper at the Sutter Cinema and later the Mitchell Brothers O'Farrell Theatre.
8005:123145479909376::Thread-40 2020-08-09 18:59:40.974 - The relationship changes were reflected in the group's music, with latter compositions featuring darker and more introspective lyrics.
8004:123145479909376::Thread-40 2020-08-09 18:59:41.2 - She made her foray into the world of pornographic movies during her junior year in 1984.
8003:123145479909376::Thread-40 2020-08-09 18:59:42.006 - Chyna (born Joan Marie Laurer; December 27, 1969 – April 17, 2016) was an American professional wrestler, glamour model, actress, author, bodybuilder and adult film actress.
8005:123145479909376::Thread-40 2020-08-09 18:59:42.298 - After ABBA disbanded, Andersson and Ulvaeus achieved success writing music for the stage, while Lyngstad and Fältskog pursued solo careers.
8003:123145479909376::Thread-40 2020-08-09 18:59:42.458 - She first rose to prominence in the World Wrestling Federation (WWF, now WWE) in 1997, where she was billed as the "Ninth Wonder of the World" (André the Giant was already billed as the eighth).
8004:123145479909376::Thread-40 2020-08-09 18:59:43.227 - **END**
8003:123145479909376::Thread-40 2020-08-09 18:59:43.246 - A founding member of the stable D-Generation X as the promotion's first female enforcer, she held the WWF Intercontinental Championship (the only female performer to do so) twice and the WWF Women's Championship once.
8002:123145479909376::Thread-40 2020-08-09 18:59:43.38 - **END**
8005:123145479909376::Thread-40 2020-08-09 18:59:43.817 - Ten years after their disbanding, a compilation, ABBA Gold was released, which became a worldwide bestseller.
8003:123145479909376::Thread-40 2020-08-09 18:59:44.028 - She was also the first woman to participate in the Royal Rumble match and King of the Ring tournament, as well as to become number one contender to the WWF Championship.
8005:123145479909376::Thread-40 2020-08-09 18:59:44.823 - **END**
8003:123145479909376::Thread-40 2020-08-09 18:59:44.94 - With singles victories over several prominent male wrestlers – including multiple-time world champions Triple H, Kurt Angle, Chris Jericho, and Jeff Jarrett – Chyna left what WWE called "a lasting legacy as the most dominant female competitor of all time".
8003:123145479909376::Thread-40 2020-08-09 18:59:45.864 - After leaving the WWF in 2001, Chyna wrestled sporadically, with New Japan Pro Wrestling (NJPW) in 2002 and Total Nonstop Action Wrestling (TNA) in 2011.
8006:123145479909376::Thread-40 2020-08-09 18:59:46.057 - **END**
8003:123145479909376::Thread-40 2020-08-09 18:59:46.521 - The latter was her final appearance in a wrestling ring.
8003:123145479909376::Thread-40 2020-08-09 18:59:47.208 - Outside of wrestling, Chyna appeared in Playboy magazine twice, as well as numerous television shows and films.
8003:123145479909376::Thread-40 2020-08-09 18:59:47.901 - She was considered to be a sex symbol.
8003:123145479909376::Thread-40 2020-08-09 18:59:48.062 - In 2005, she was a cast member on VH1's The Surreal Life, which led to several other celebrity reality appearances on the network, including The Surreal Life: Fame Games in 2007 and Celebrity Rehab with Dr.
8003:123145479909376::Thread-40 2020-08-09 18:59:52.066 - **END**
8004:123145479909376::Thread-40 2020-08-09 18:59:52.233 - **START**
8004:123145479909376::Thread-40 2020-08-09 18:59:52.258 - Starting new HTTPS connection (1): en.wikipedia.org
8004:123145479909376::Thread-40 2020-08-09 18:59:53.418 - Hadrian's Wall (Latin: Vallum Aelium), also known as the Roman Wall, Picts' Wall, or Vallum Hadriani in Latin, is a former defensive fortification of the Roman province of Britannia, begun in AD 122 in the reign of the emperor Hadrian.
8004:123145479909376::Thread-40 2020-08-09 18:59:54.229 - It ran from the banks of the River Tyne near the North Sea to the Solway Firth on the Irish Sea, and was the northern limit of the Roman Empire, immediately north of which were the lands of the northern Ancient Britons, including the Picts.
8004:123145479909376::Thread-40 2020-08-09 18:59:55.575 - It had a stone base and a stone wall.
8004:123145479909376::Thread-40 2020-08-09 18:59:56.272 - There were milecastles with two turrets in between.
8004:123145479909376::Thread-40 2020-08-09 18:59:56.759 - There was a fort about every five Roman miles.
8006:123145479909376::Thread-40 2020-08-09 18:59:57.064 - **START**
8006:123145479909376::Thread-40 2020-08-09 18:59:57.073 - Starting new HTTPS connection (1): en.wikipedia.org
8004:123145479909376::Thread-40 2020-08-09 18:59:58.242 - From north to south, the wall comprised a ditch, wall, military way and vallum, another ditch with adjoining mounds.
8004:123145479909376::Thread-40 2020-08-09 18:59:59.062 - It is thought the milecastles were staffed with static garrisons, whereas the forts had fighting garrisons of infantry and cavalry.
8002:123145479909376::Thread-40 2020-08-09 18:59:59.395 - **START**
8006:123145479909376::Thread-40 2020-08-09 18:59:59.464 - The Argentina national football team (Spanish: Selección de fútbol de Argentina) represents Argentina in men's international football and is administered by the Argentine Football Association, the governing body for football in Argentina.
8004:123145479909376::Thread-40 2020-08-09 18:59:59.551 - In addition to the wall's defensive military role, its gates may have been customs posts.A significant portion of the wall still stands and can be followed on foot along the adjoining Hadrian's Wall Path.
8002:123145479909376::Thread-40 2020-08-09 18:59:59.611 - Starting new HTTPS connection (1): en.wikipedia.org
8005:123145479909376::Thread-40 2020-08-09 18:59:59.824 - **START**
8005:123145479909376::Thread-40 2020-08-09 19:00:00.11 - Starting new HTTPS connection (1): en.wikipedia.org
8006:123145479909376::Thread-40 2020-08-09 19:00:00.465 - Argentina's home stadium is Estadio Monumental Antonio Vespucio Liberti in Buenos Aires.
8002:123145479909376::Thread-40 2020-08-09 19:00:01.128 - The United States Penitentiary, Administrative Maximum Facility (USP Florence ADMAX) is an American federal prison in unincorporated Fremont County near Florence, Colorado.
8004:123145479909376::Thread-40 2020-08-09 19:00:01.409 - The largest Roman archaeological feature in Britain, it runs a total of 73 miles (117.5 kilometres)  in northern England.
8002:123145479909376::Thread-40 2020-08-09 19:00:02.088 - It is operated by the Federal Bureau of Prisons, a division of the United States Department of Justice.
8005:123145479909376::Thread-40 2020-08-09 19:00:02.908 - Vladimir Vladimirovich Putin (; Russian: Влади́мир Влади́мирович Пу́тин [vɫɐˈdʲimʲɪr vɫɐˈdʲimʲɪrəvʲɪtɕ ˈputʲɪn] (listen); born 7 October 1952) is a Russian politician and a former officer of the KGB who has served as President of Russia since 2012, previously holding the position from 1999 until 2008.
8004:123145479909376::Thread-40 2020-08-09 19:00:02.91 - Regarded as a British cultural icon, Hadrian's Wall is one of Britain's major ancient tourist attractions.
8002:123145479909376::Thread-40 2020-08-09 19:00:02.958 - ADX Florence, which opened in 1994, is classed as a supermax or "control unit" prison, thus providing a higher level of custody than a maximum security prison.
8002:123145479909376::Thread-40 2020-08-09 19:00:03.01 - ADX Florence forms part of the Florence Federal Correctional Complex (FCC Florence), which is situated on 49 acres (20 ha) of land and houses different facilities with varying degrees of security, including the United States Penitentiary, Florence High.
8005:123145479909376::Thread-40 2020-08-09 19:00:03.287 - He was also the Prime Minister of Russia from 1999 to 2000 and again from 2008 to 2012.
8006:123145479909376::Thread-40 2020-08-09 19:00:03.448 - La Selección (national team), also known as the La Albiceleste, has appeared in five World Cup finals, including the first final in 1930, which they lost 4–2 to Uruguay.
8006:123145479909376::Thread-40 2020-08-09 19:00:03.553 - Argentina won in their next final appearance in 1978, beating the Netherlands at extra time, 3–1.
8005:123145479909376::Thread-40 2020-08-09 19:00:03.558 - Putin was born in Leningrad (now Saint Petersburg) and studied law at Leningrad State University, graduating in 1975.
8002:123145479909376::Thread-40 2020-08-09 19:00:03.779 - ADX Florence was commissioned as the Federal Bureau of Prisons needed a unit designed specifically for the secure housing of those prisoners most capable of violence toward staff or other inmates.
8005:123145479909376::Thread-40 2020-08-09 19:00:03.874 - Putin worked as a KGB foreign intelligence officer for 16 years, rising to the rank of Lieutenant Colonel, before resigning in 1991 to begin a political career in Saint Petersburg.
8006:123145479909376::Thread-40 2020-08-09 19:00:04.135 - Argentina won again in 1986, through a 3–2 victory over West Germany, and a tournament campaign led by Diego Maradona.
8005:123145479909376::Thread-40 2020-08-09 19:00:04.606 - He later moved to Moscow in 1996 to join the administration of President Boris Yeltsin.
8006:123145479909376::Thread-40 2020-08-09 19:00:04.627 - They made the World Cup finals once more in 1990, and lost 1–0 to West Germany following a controversial penalty call in the 87th minute.
8002:123145479909376::Thread-40 2020-08-09 19:00:04.718 - As of July 2020, there are 365 prisoners who spend 23 hours per day in single cells with facilities made of poured concrete to deter self-harm, and 24-hour supervision, carried out intensively with high staff-inmate ratios.
8002:123145479909376::Thread-40 2020-08-09 19:00:05.488 - Phones are generally banned and only limited broadcast entertainment is permitted.
8002:123145479909376::Thread-40 2020-08-09 19:00:05.917 - After three years in maximum confinement, some prisoners may be transferred to a less restrictive prison.
8003:123145479909376::Thread-40 2020-08-09 19:00:06.068 - **START**
8003:123145479909376::Thread-40 2020-08-09 19:00:06.088 - Starting new HTTPS connection (1): en.wikipedia.org
8002:123145479909376::Thread-40 2020-08-09 19:00:06.282 - The aim is to encourage "reasonably peaceful behavior" from the most violent "career" prisoners.
8002:123145479909376::Thread-40 2020-08-09 19:00:06.48 - Function
The institution is unofficially known as ADX Florence, or the "Alcatraz of the Rockies".
8005:123145479909376::Thread-40 2020-08-09 19:00:06.551 - He served as Director of the Federal Security Service (FSB) and Secretary of the Security Council, before being appointed as Prime Minister in August 1999.
8003:123145479909376::Thread-40 2020-08-09 19:00:06.917 - William Bradley Pitt (born December 18, 1963) is an American actor and film producer.
8006:123145479909376::Thread-40 2020-08-09 19:00:07.382 - Argentina, led by Lionel Messi, made their fifth appearance in a World Cup final in 2014, again losing to Germany, 1–0 during extra-time.
8003:123145479909376::Thread-40 2020-08-09 19:00:07.866 - He has received multiple awards, including two Golden Globe Awards and an Academy Award for his acting, in addition to another Academy Award and a Primetime Emmy Award as producer under his production company, Plan B Entertainment.
8005:123145479909376::Thread-40 2020-08-09 19:00:07.973 - After the resignation of Yeltsin, Putin became Acting President, and less than four months later was elected outright to his first term as president and was reelected in 2004.
8003:123145479909376::Thread-40 2020-08-09 19:00:08.048 - Pitt first gained recognition as a cowboy hitchhiker in the road movie Thelma & Louise (1991).
8003:123145479909376::Thread-40 2020-08-09 19:00:08.431 - His first leading roles in big-budget productions came with the drama films A River Runs Through It (1992) and Legends of the Fall (1994), and the horror film Interview with the Vampire (1994).
8003:123145479909376::Thread-40 2020-08-09 19:00:08.538 - He gave critically acclaimed performances in the crime thriller Seven (1995) and the science fiction film 12 Monkeys (1995), the latter earning him a Golden Globe Award for Best Supporting Actor and an Academy Award nomination.
8004:123145479909376::Thread-40 2020-08-09 19:00:08.917 - **END**
8005:123145479909376::Thread-40 2020-08-09 19:00:08.936 - During his first tenure as president, the Russian economy grew for eight straight years, with GDP measured by purchasing power increasing by 72%, real incomes increased by a factor of 2.5, real wages more than tripled; unemployment and poverty more than halved and the Russians' self-assessed life satisfaction rose significantly.
8003:123145479909376::Thread-40 2020-08-09 19:00:09.155 - Pitt starred in Fight Club (1999) and the heist film Ocean's Eleven (2001), as well as its sequels, Ocean's Twelve (2004) and Ocean's Thirteen (2007).
8005:123145479909376::Thread-40 2020-08-09 19:00:09.191 - The growth was a result of a five-fold increase in the price of oil and gas which constitute the majority of Russian exports, recovery from the post-Communist depression and financial crises, a rise in foreign investment, and prudent economic and fiscal policies.
8006:123145479909376::Thread-40 2020-08-09 19:00:09.615 - Argentina's World Cup winning managers are César Luis Menotti in 1978 and Carlos Bilardo in 1986.
8006:123145479909376::Thread-40 2020-08-09 19:00:10.006 - Argentina has also been very successful in the Copa América, winning it 14 times, second only to Uruguay.
8003:123145479909376::Thread-40 2020-08-09 19:00:10.032 - His greatest commercial successes have been Ocean's Eleven (2001), Troy (2004), Mr. & Mrs. Smith (2005), World War Z (2013), and Once Upon a Time in Hollywood (2019), for which he won a second Golden Globe Award and the Academy Award for Best Supporting Actor.
8005:123145479909376::Thread-40 2020-08-09 19:00:10.405 - Putin served as Prime Minister under Dmitry Medvedev from 2008 to 2012, where he oversaw large scale military reform and police reform.
8002:123145479909376::Thread-40 2020-08-09 19:00:10.484 - **END**
8003:123145479909376::Thread-40 2020-08-09 19:00:10.691 - Pitt's other Academy Award nominated performances were in The Curious Case of Benjamin Button (2008) and Moneyball (2011).
8006:123145479909376::Thread-40 2020-08-09 19:00:11.018 - The team also won the 1992 FIFA Confederations Cup and the 1993 Artemio Franchi Trophy.
8003:123145479909376::Thread-40 2020-08-09 19:00:15.697 - **END**
8006:123145479909376::Thread-40 2020-08-09 19:00:16.02 - **END**
8005:123145479909376::Thread-40 2020-08-09 19:00:19.407 - **END**