8004:123145681825792::Thread-88 2020-08-09 18:59:30.211 - **START**
8004:123145681825792::Thread-88 2020-08-09 18:59:30.822 - Starting new HTTPS connection (1): en.wikipedia.org
8006:123145681825792::Thread-88 2020-08-09 18:59:31.249 - **START**
8006:123145681825792::Thread-88 2020-08-09 18:59:31.515 - Starting new HTTPS connection (1): en.wikipedia.org
8003:123145681825792::Thread-88 2020-08-09 18:59:33.249 - **START**
8003:123145681825792::Thread-88 2020-08-09 18:59:34.108 - Starting new HTTPS connection (1): en.wikipedia.org
8006:123145681825792::Thread-88 2020-08-09 18:59:34.41 - Stephanie Clifford (born March 17, 1979), known as Stormy Daniels, is an American pornographic actress, stripper, writer and director.
8006:123145681825792::Thread-88 2020-08-09 18:59:34.549 - She has won numerous industry awards, and is a member of the NightMoves, AVN and XRCO Halls of Fame.
8004:123145681825792::Thread-88 2020-08-09 18:59:34.571 - Ashley Mathews, better known as Riley Reid, is an American pornographic actress.
8006:123145681825792::Thread-88 2020-08-09 18:59:35.257 - In 2009, a recruitment effort led her to consider challenging incumbent David Vitter for the 2010 Senate election in her native Louisiana.In 2018, Daniels became involved in a legal dispute with U.S. president Donald Trump and his attorney Michael Cohen.
8006:123145681825792::Thread-88 2020-08-09 18:59:36.105 - Trump and his surrogates paid $130,000 hush money to silence Daniels about an affair she says she had with Trump in 2006.
8005:123145681825792::Thread-88 2020-08-09 18:59:36.206 - **START**
8006:123145681825792::Thread-88 2020-08-09 18:59:36.262 - Trump's spokespeople have denied the affair and accused Daniels of lying.
8006:123145681825792::Thread-88 2020-08-09 18:59:36.405 - Early life
Stephanie Gregory was born on March 17, 1979, to Sheila and Bill Gregory, who divorced about three or four years later.
8006:123145681825792::Thread-88 2020-08-09 18:59:36.703 - She was subsequently raised by her mother.She graduated from Scotlandville Magnet High School in Baton Rouge in 1997 and considered becoming a journalist.Daniels said she "came from an average, lower-income household… there [were] days without electricity", and she has described herself as coming from a "really bad neighborhood."
8004:123145681825792::Thread-88 2020-08-09 18:59:37.042 - She briefly worked as a stripper before entering the adult film industry in 2010, at the age of 19.
8006:123145681825792::Thread-88 2020-08-09 18:59:37.68 - During high school, Daniels had a job answering phones at a riding stable.
8004:123145681825792::Thread-88 2020-08-09 18:59:37.854 - She has since won numerous awards, including the 2016 AVN Award for Female Performer of the Year.
8005:123145681825792::Thread-88 2020-08-09 18:59:38.062 - Starting new HTTPS connection (1): en.wikipedia.org
8004:123145681825792::Thread-88 2020-08-09 18:59:38.161 - Career
Reid began her adult film career in 2011 at the age of 19 and initially used the stage name Paige Riley.
8003:123145681825792::Thread-88 2020-08-09 18:59:38.324 - N.W.A (an abbreviation for Niggaz Wit Attitudes) was an American hip hop group from Compton, California.
8006:123145681825792::Thread-88 2020-08-09 18:59:38.425 - Career
 
Daniels's first experience as a stripper occurred when she was 17 and visiting a friend at a strip club; she was convinced to perform a "guest set".
8003:123145681825792::Thread-88 2020-08-09 18:59:38.43 - They were among the earliest and most significant popularizers and controversial figures of the gangsta rap subgenre, and are widely considered one of the greatest and most influential groups in the history of hip hop music.Active from 1987 to 1991, the rap group endured controversy owing to their music's explicit lyrics which many viewed as being misogynist, as well as to its glorification of drugs and crime.
8004:123145681825792::Thread-88 2020-08-09 18:59:39.017 - In 2013, LA Weekly ranked her eighth on their list of "10 Porn Stars Who Could Be the Next Jenna Jameson".
8002:123145681825792::Thread-88 2020-08-09 18:59:39.318 - **START**
8006:123145681825792::Thread-88 2020-08-09 18:59:39.582 - She began stripping for money at the Gold Club in Baton Rouge and became a featured entertainer with Continental Theatrical Agency in September 2000.
8006:123145681825792::Thread-88 2020-08-09 18:59:39.927 - She chose her stage name Stormy Daniels to reflect her love of American rock band Mötley Crüe, whose bassist, Nikki Sixx, named his daughter Storm.
8004:123145681825792::Thread-88 2020-08-09 18:59:40.969 - She was also placed on CNBC's list of "The Dirty Dozen: Porn's Most Popular Stars" in 2014, 2015, and 2016.
8004:123145681825792::Thread-88 2020-08-09 18:59:41.009 - Reid won the XBIZ Awards for Best New Starlet in 2013 and Female Performer of the Year in 2014, making her the first performer to ever win both awards in consecutive years.
8003:123145681825792::Thread-88 2020-08-09 18:59:41.318 - The group was subsequently banned from many mainstream American radio stations.
8006:123145681825792::Thread-88 2020-08-09 18:59:41.933 - **END**
8002:123145681825792::Thread-88 2020-08-09 18:59:42.704 - Starting new HTTPS connection (1): en.wikipedia.org
8004:123145681825792::Thread-88 2020-08-09 18:59:43.02 - She also won every single XBIZ Award she was nominated for in 2014.
8005:123145681825792::Thread-88 2020-08-09 18:59:43.148 - Hadrian's Wall (Latin: Vallum Aelium), also known as the Roman Wall, Picts' Wall, or Vallum Hadriani in Latin, is a former defensive fortification of the Roman province of Britannia, begun in AD 122 in the reign of the emperor Hadrian.
8004:123145681825792::Thread-88 2020-08-09 18:59:44.046 - In 2014, Reid did her first interracial sex scene in Mandingo Massacre 6, for which she won an AVN Award.Reid is a Fleshlight Girl and has her own line of product with the company.
8003:123145681825792::Thread-88 2020-08-09 18:59:44.198 - In spite of this, the group has sold over 10 million units in the United States alone.
8004:123145681825792::Thread-88 2020-08-09 18:59:44.405 - Personal life
Reid was born Ashley Mathews in Florida.
8002:123145681825792::Thread-88 2020-08-09 18:59:45.801 - North Korea (Korean: 조선, MR: Chosŏn; literally 북조선, MR: Pukchosŏn, or 북한/北韓, RR: Bukhan in South Korean usage), officially the Democratic People's Republic of Korea (DPRK or DPR Korea; Korean: 조선민주주의인민공화국, Chosŏn Minjujuŭi Inmin Konghwaguk), is a country in East Asia constituting the northern part of the Korean Peninsula.
8005:123145681825792::Thread-88 2020-08-09 18:59:45.928 - It ran from the banks of the River Tyne near the North Sea to the Solway Firth on the Irish Sea, and was the northern limit of the Roman Empire, immediately north of which were the lands of the northern Ancient Britons, including the Picts.
8003:123145681825792::Thread-88 2020-08-09 18:59:45.946 - Drawing on their own experiences of racism and excessive policing, the group made inherently political music.
8002:123145681825792::Thread-88 2020-08-09 18:59:46.352 - The country is bordered to the north by China and by Russia along the Amnok (known as the Yalu in Chinese) and Tumen rivers, and to the south by South Korea, with the heavily fortified Korean Demilitarized Zone (DMZ) separating the two.
8005:123145681825792::Thread-88 2020-08-09 18:59:46.749 - It had a stone base and a stone wall.
8002:123145681825792::Thread-88 2020-08-09 18:59:47.294 - North Korea, like its southern counterpart, claims to be the legitimate government of the entire peninsula and adjacent islands.
8005:123145681825792::Thread-88 2020-08-09 18:59:47.89 - There were milecastles with two turrets in between.
8003:123145681825792::Thread-88 2020-08-09 18:59:48.075 - They were known for their deep hatred of the police system, which has sparked much controversy over the years.
8002:123145681825792::Thread-88 2020-08-09 18:59:48.194 - Pyongyang is the country's capital and largest city.
8002:123145681825792::Thread-88 2020-08-09 18:59:48.759 - In 1910, Korea was annexed by Imperial Japan.
8005:123145681825792::Thread-88 2020-08-09 18:59:49.254 - There was a fort about every five Roman miles.
8002:123145681825792::Thread-88 2020-08-09 18:59:49.432 - At the Japanese surrender at the end of World War II in 1945, Korea was divided into two zones, with the north occupied by the Soviet Union and the south occupied by the United States.
8002:123145681825792::Thread-88 2020-08-09 18:59:50.108 - Negotiations on reunification failed, and in 1948, separate governments were formed: the socialist Democratic People's Republic of Korea in the north, and the capitalist Republic of Korea in the south.
8002:123145681825792::Thread-88 2020-08-09 18:59:50.183 - An invasion initiated by North Korea led to the Korean War (1950–1953).
8002:123145681825792::Thread-88 2020-08-09 18:59:50.852 - The Korean Armistice Agreement brought about a ceasefire, but no peace treaty was signed.
8006:123145681825792::Thread-88 2020-08-09 18:59:50.938 - **START**
8006:123145681825792::Thread-88 2020-08-09 18:59:50.943 - Starting new HTTPS connection (1): en.wikipedia.org
8003:123145681825792::Thread-88 2020-08-09 18:59:50.952 - The original lineup, formed in early 1987, consisted of Arabian Prince, Dr. Dre, Eazy-E, and Ice Cube.
8002:123145681825792::Thread-88 2020-08-09 18:59:51.435 - According to article 1 of the constitution of North Korea, the DPRK is an "independent socialist State".
8003:123145681825792::Thread-88 2020-08-09 18:59:51.973 - DJ Yella and MC Ren joined later that year.
8006:123145681825792::Thread-88 2020-08-09 18:59:52.172 - The White House is the official residence and workplace of the president of the United States.
8005:123145681825792::Thread-88 2020-08-09 18:59:52.207 - From north to south, the wall comprised a ditch, wall, military way and vallum, another ditch with adjoining mounds.
8005:123145681825792::Thread-88 2020-08-09 18:59:53.048 - It is thought the milecastles were staffed with static garrisons, whereas the forts had fighting garrisons of infantry and cavalry.
8004:123145681825792::Thread-88 2020-08-09 18:59:53.407 - **END**
8005:123145681825792::Thread-88 2020-08-09 18:59:54.419 - In addition to the wall's defensive military role, its gates may have been customs posts.A significant portion of the wall still stands and can be followed on foot along the adjoining Hadrian's Wall Path.
8003:123145681825792::Thread-88 2020-08-09 18:59:54.854 - They released their first compilation album as a group in 1987 called N.W.A.
8006:123145681825792::Thread-88 2020-08-09 18:59:54.86 - It is located at 1600 Pennsylvania Avenue NW in Washington, D.C., and has been the residence of every U.S. president since John Adams in 1800.
8003:123145681825792::Thread-88 2020-08-09 18:59:55.085 - and the Posse, which peaked at #39 on Billboard magazine's Top R&B/Hip-Hop Albums chart.
8006:123145681825792::Thread-88 2020-08-09 18:59:55.202 - The term "White House" is often used as a metonym for the president and his advisers.
8005:123145681825792::Thread-88 2020-08-09 18:59:56.898 - The largest Roman archaeological feature in Britain, it runs a total of 73 miles (117.5 kilometres)  in northern England.
8003:123145681825792::Thread-88 2020-08-09 18:59:57.09 - **END**
8006:123145681825792::Thread-88 2020-08-09 18:59:57.923 - The residence was designed by Irish-born architect James Hoban in the neoclassical style.
8005:123145681825792::Thread-88 2020-08-09 18:59:58.688 - Regarded as a British cultural icon, Hadrian's Wall is one of Britain's major ancient tourist attractions.
8006:123145681825792::Thread-88 2020-08-09 18:59:59.806 - Hoban modelled the building on Leinster House in Dublin, a building which today houses the Oireachtas, the Irish legislature.
8002:123145681825792::Thread-88 2020-08-09 19:00:00.438 - **END**
8006:123145681825792::Thread-88 2020-08-09 19:00:02.087 - Construction took place between 1792 and 1800 using Aquia Creek sandstone painted white.
8005:123145681825792::Thread-88 2020-08-09 19:00:02.689 - **END**
8006:123145681825792::Thread-88 2020-08-09 19:00:03.864 - When Thomas Jefferson moved into the house in 1801, he (with architect Benjamin Henry Latrobe) added low colonnades on each wing that concealed stables and storage.
8006:123145681825792::Thread-88 2020-08-09 19:00:06.392 - In 1814, during the War of 1812, the mansion was set ablaze by the British Army in the Burning of Washington, destroying the interior and charring much of the exterior.
8006:123145681825792::Thread-88 2020-08-09 19:00:08.021 - Reconstruction began almost immediately, and President James Monroe moved into the partially reconstructed Executive Residence in October 1817.
8006:123145681825792::Thread-88 2020-08-09 19:00:08.436 - Exterior construction continued with the addition of the semi-circular South portico in 1824 and the North portico in 1829.
8003:123145681825792::Thread-88 2020-08-09 19:00:11.093 - **START**
8003:123145681825792::Thread-88 2020-08-09 19:00:11.096 - Starting new HTTPS connection (1): en.wikipedia.org
8004:123145681825792::Thread-88 2020-08-09 19:00:11.411 - **START**
8004:123145681825792::Thread-88 2020-08-09 19:00:11.42 - Starting new HTTPS connection (1): en.wikipedia.org
8003:123145681825792::Thread-88 2020-08-09 19:00:11.787 - The Great Wall of China (Chinese: 萬里長城; pinyin: Wànlǐ Chángchéng) is the collective name of a series of fortification systems generally built across the historical northern borders of China to protect and consolidate territories of Chinese states and empires against various nomadic groups of the steppe and their polities.
8003:123145681825792::Thread-88 2020-08-09 19:00:12.05 - Several walls were being built from as early as the 7th century BC by ancient Chinese states; selective stretches were later joined together by Qin Shi Huang (220–206 BC), the first emperor of China.
8004:123145681825792::Thread-88 2020-08-09 19:00:12.626 - Zion Lateef Williamson (born July 6, 2000) is an American professional basketball player for the New Orleans Pelicans of the National Basketball Association (NBA).
8003:123145681825792::Thread-88 2020-08-09 19:00:12.999 - Little of the Qin wall remains.
8003:123145681825792::Thread-88 2020-08-09 19:00:13.713 - Later on, many successive dynasties have built and maintained multiple stretches of border walls.
8003:123145681825792::Thread-88 2020-08-09 19:00:13.78 - The most well-known sections of the wall were built by the Ming dynasty (1368–1644).
8003:123145681825792::Thread-88 2020-08-09 19:00:14.116 - Apart from defense, other purposes of the Great Wall have included border controls, allowing the imposition of duties on goods transported along the Silk Road, regulation or encouragement of trade and the control of immigration and emigration.
8006:123145681825792::Thread-88 2020-08-09 19:00:14.438 - **END**
8004:123145681825792::Thread-88 2020-08-09 19:00:14.526 - He plays the power forward position.
8004:123145681825792::Thread-88 2020-08-09 19:00:14.649 - Following a dominant freshman-year stint with the Duke Blue Devils, he was selected by the Pelicans first overall in the 2019 NBA draft.
8003:123145681825792::Thread-88 2020-08-09 19:00:15.032 - Furthermore, the defensive characteristics of the Great Wall were enhanced by the construction of watch towers, troop barracks, garrison stations, signaling capabilities through the means of smoke or fire, and the fact that the path of the Great Wall also served as a transportation corridor.
8003:123145681825792::Thread-88 2020-08-09 19:00:15.699 - The frontier walls built by different dynasties have multiple courses.
8004:123145681825792::Thread-88 2020-08-09 19:00:16.035 - Born in Salisbury, North Carolina, Williamson attended Spartanburg Day School, where he was a consensus five-star recruit and was ranked among the top five players in the 2018 class.
8003:123145681825792::Thread-88 2020-08-09 19:00:16.314 - Collectively, they stretch from Liaodong in the east to Lop Lake in the west, from the present-day Sino–Russian border in the north to Taohe River in the south; along an arc that roughly delineates the edge of Mongolian steppe.
8003:123145681825792::Thread-88 2020-08-09 19:00:16.793 - A comprehensive archaeological survey, using advanced technologies, has concluded that the walls built by the Ming dynasty measure 8,850 km (5,500 mi).
8004:123145681825792::Thread-88 2020-08-09 19:00:17.264 - He led his team to three straight state championships and earned South Carolina Mr. Basketball recognition in his senior season.
8004:123145681825792::Thread-88 2020-08-09 19:00:18.734 - Williamson also left high school as a McDonald's All-American, runner-up for Mr. Basketball USA, and USA Today All-USA first team honoree.
8004:123145681825792::Thread-88 2020-08-09 19:00:18.92 - In high school, he drew national attention for his slam dunks.
8004:123145681825792::Thread-88 2020-08-09 19:00:20.09 - In his freshman and only season with Duke, Williamson was named ACC Player of the Year, ACC Athlete of the Year and ACC Rookie of the Year.
8003:123145681825792::Thread-88 2020-08-09 19:00:20.799 - **END**
8004:123145681825792::Thread-88 2020-08-09 19:00:29.098 - **END**