8004:123146119311360::Thread-192 2020-08-09 18:59:26.301 - **START**
8004:123146119311360::Thread-192 2020-08-09 18:59:26.434 - Starting new HTTPS connection (1): en.wikipedia.org
8004:123146119311360::Thread-192 2020-08-09 18:59:29.01 - Metallica (commonly known as The Black Album) is the fifth studio album by American heavy metal band Metallica, released on August 12, 1991, through Elektra Records.
8004:123146119311360::Thread-192 2020-08-09 18:59:29.46 - It was recorded in an eight-month span at One on One Recording Studios in Los Angeles.
8004:123146119311360::Thread-192 2020-08-09 18:59:30.039 - The recording of the album was troubled, however, and, during production, the band frequently came into conflict with their new producer Bob Rock.
8006:123146119311360::Thread-192 2020-08-09 18:59:30.271 - **START**
8002:123146119311360::Thread-192 2020-08-09 18:59:30.47 - **START**
8004:123146119311360::Thread-192 2020-08-09 18:59:30.742 - The album marked a change in the band's sound from the thrash metal style of the previous four albums to a slower and heavier one rooted in heavy metal.
8006:123146119311360::Thread-192 2020-08-09 18:59:30.835 - Starting new HTTPS connection (1): en.wikipedia.org
8002:123146119311360::Thread-192 2020-08-09 18:59:31.069 - Starting new HTTPS connection (1): en.wikipedia.org
8004:123146119311360::Thread-192 2020-08-09 18:59:31.725 - Metallica promoted Metallica with a series of tours.
8004:123146119311360::Thread-192 2020-08-09 18:59:33.326 - They also released five singles to promote the album: "Enter Sandman", "The Unforgiven", "Nothing Else Matters", "Wherever I May Roam", and "Sad but True", all of which have been considered to be among the band's best-known songs.
8004:123146119311360::Thread-192 2020-08-09 18:59:33.897 - The song "Don't Tread on Me" was also issued to rock radio shortly after the album's release but did not receive a commercial single release.
8004:123146119311360::Thread-192 2020-08-09 18:59:34.796 - Metallica received widespread critical acclaim and became the band's best-selling album.
8006:123146119311360::Thread-192 2020-08-09 18:59:34.975 - Arnold Alois Schwarzenegger (; German: [ˈaʁnɔlt ˈʃvaʁtsn̩ˌʔɛɡɐ]; born July 30, 1947) is an Austrian-American actor, businessman, and former politician and professional bodybuilder.
8005:123146119311360::Thread-192 2020-08-09 18:59:35.23 - **START**
8002:123146119311360::Thread-192 2020-08-09 18:59:35.385 - Al-Aqsa Mosque (Arabic: ٱلْمَسْجِد ٱلْأَقْصَىٰ‎, romanized: al-Masjid al-ʾAqṣā, IPA: [ʔælˈmæsdʒɪd ælˈʔɑqsˤɑ] (listen), "the Farthest Mosque"), located in the Old City of Jerusalem, is the third holiest site in Islam.
8004:123146119311360::Thread-192 2020-08-09 18:59:36.54 - It debuted at number one in ten countries and spent four consecutive weeks at the top of the Billboard 200, making it Metallica's first album to top the album charts.
8006:123146119311360::Thread-192 2020-08-09 18:59:36.704 - He served as the 38th Governor of California from 2003 to 2011.
8006:123146119311360::Thread-192 2020-08-09 18:59:37.463 - As of 2020, he is the most recent Republican governor of California.
8004:123146119311360::Thread-192 2020-08-09 18:59:37.782 - Metallica is one of the best-selling albums worldwide, and also one of the best-selling albums in the United States since Nielsen SoundScan tracking began.
8002:123146119311360::Thread-192 2020-08-09 18:59:38.032 - The mosque was built on top of the Temple Mount, known as the Al Aqsa Compound or Haram esh-Sharif in Islam.
8005:123146119311360::Thread-192 2020-08-09 18:59:38.08 - Starting new HTTPS connection (1): en.wikipedia.org
8006:123146119311360::Thread-192 2020-08-09 18:59:39.286 - Schwarzenegger began lifting weights at the age of 15, and went on to win the Mr. Universe title at age 20 before winning the Mr. Olympia contest seven times; he remains a prominent presence in bodybuilding and has written many books and articles on the sport.
8003:123146119311360::Thread-192 2020-08-09 18:59:39.308 - **START**
8002:123146119311360::Thread-192 2020-08-09 18:59:39.517 - Muslims believe that Muhammad was transported from the Great Mosque of Mecca to al-Aqsa during the Night Journey.
8006:123146119311360::Thread-192 2020-08-09 18:59:39.979 - The Arnold Sports Festival, considered the second most important bodybuilding event after Mr. Olympia, is named after him.
8003:123146119311360::Thread-192 2020-08-09 18:59:40.844 - Starting new HTTPS connection (1): en.wikipedia.org
8002:123146119311360::Thread-192 2020-08-09 18:59:42.362 - Islamic tradition holds that Muhammad led prayers towards this site until the 17th month after his migration from Mecca to Medina, when Allah directed him to turn towards the Kaaba in Mecca.
8004:123146119311360::Thread-192 2020-08-09 18:59:42.834 - **END**
8006:123146119311360::Thread-192 2020-08-09 18:59:42.892 - He is widely regarded as one of the greatest bodybuilders of all time, as well as the sport's most charismatic and famous ambassador.Schwarzenegger gained worldwide fame as a Hollywood action film icon.
8002:123146119311360::Thread-192 2020-08-09 18:59:43.087 - The covered mosque building was originally a small prayer house erected by Umar, the second caliph of the Rashidun Caliphate, but was rebuilt and expanded by the Umayyad caliph Abd al-Malik and finished by his son al-Walid in 705 CE.
8003:123146119311360::Thread-192 2020-08-09 18:59:43.833 - DC, D.C., Dc, or dc may refer to:


Arts and entertainment


Music
Da capo, a musical term
DC Recordings, owned by Jonathan Saul Kane
Destiny's Child, an American R&B group
Drum Connection, a German pop group
DC Talk, a Christian rap and rock trio.
8005:123146119311360::Thread-192 2020-08-09 18:59:44.285 - Pythagoras of Samos (c. 570 – c. 495 BC) was an ancient Ionian Greek philosopher and the eponymous founder of Pythagoreanism.
8005:123146119311360::Thread-192 2020-08-09 18:59:44.3 - His political and religious teachings were well known in Magna Graecia and influenced the philosophies of Plato, Aristotle, and, through them, Western philosophy.
8006:123146119311360::Thread-192 2020-08-09 18:59:44.37 - His breakthrough film was the sword-and-sorcery epic Conan the Barbarian (1982), a box-office hit that resulted in a sequel in 1984.
8005:123146119311360::Thread-192 2020-08-09 18:59:44.429 - Knowledge of his life is clouded by legend, but he appears to have been the son of Mnesarchus, a gem-engraver on the island of Samos.
8005:123146119311360::Thread-192 2020-08-09 18:59:44.917 - Modern scholars disagree regarding Pythagoras's education and influences, but they do agree that, around 530 BC, he travelled to Croton in southern Italy, where he founded a school in which initiates were sworn to secrecy and lived a communal, ascetic lifestyle.
8005:123146119311360::Thread-192 2020-08-09 18:59:45.317 - This lifestyle entailed a number of dietary prohibitions, traditionally said to have included vegetarianism, although modern scholars doubt that he ever advocated for complete vegetarianism.
8003:123146119311360::Thread-192 2020-08-09 18:59:45.441 - Video games
Da Capo (visual novel)
Desert Combat, a Battlefield 1942 mod
Digital Chaos, a professional Dota 2 eSports team
Dino Crisis, a survival horror game series
Dreamcast, a video game console


Other media
D.C. (TV series)
DC (Detective Comics)  Comics, an American comic book publisher
DC Inside, a South Korean internet forum


Businesses and products
DC Recordings
DC Shoes, an American sports footwear company
Deloitte Consulting, a US management consulting firm
Dick Clark Productions
Diet Coke, a soft drink
Disney Channel
Doritos chips
Douglas Commercial, a series of aircraft by the Douglas Aircraft Company (and later McDonnell Douglas)
Delta Clipper, a proposed rocketship series by McDonnell Douglas
Dyson vacuum cleaners, which use product code prefix DC
Golden Air, an airline (IATA code DC)
Drawception, an online game where a person comes up with something to draw, someone else draws it, someone else interprets that drawing, then someone tries to draw that interpretation, and so on


Government, law, and military
Christian Democracy (Italy), a political party
Christian Democracy (Brazil), a political party
Detective constable, a rank in the British and several other police forces
Development control in the United Kingdom, a land regulation process
District collector, an Indian Administrative Service officer in charge of revenue collection and administration of a district
District Commissioner, a rank in the British former Colonial Service
District Court
The District of Columbia, federal capital of the United States
Dossier criminal, in Indian policing


People
DC author abbreviation of Swiss botanist Augustin Pyramus de Candolle (1778–1841)
Dalton Castle (wrestler) (born 1986)
Daniel Cormier (born 1979) Olympic wrestler and heavyweight mixed martial artist
David Coulthard (born 1971) British racing driver, known as DC
DC Drake (born 1957), American addictions counselor, and retired professional wrestler
D. C. Fontana (Dorothy Catherine Fontana) (1939–2019), American screenwriter known primarily for work on Star Trek
Donald L. Cox (1936–2011), American leader of the Black Panther Party, known as Field Marshal DC


Places
Washington, D.C., the capital, and the federal territory of the United States of America
Bogotá, Distrito Capital, the capital city of Colombia.
8002:123146119311360::Thread-192 2020-08-09 18:59:45.971 - The mosque was completely destroyed by an earthquake in 746 and rebuilt by the Abbasid caliph al-Mansur in 754.
8005:123146119311360::Thread-192 2020-08-09 18:59:46.092 - The teaching most securely identified with Pythagoras is metempsychosis, or the "transmigration of souls", which holds that every soul is immortal and, upon death, enters into a new body.
8005:123146119311360::Thread-192 2020-08-09 18:59:46.509 - He may have also devised the doctrine of musica universalis, which holds that the planets move according to mathematical equations and thus resonate to produce an inaudible symphony of music.
8005:123146119311360::Thread-192 2020-08-09 18:59:46.648 - Scholars debate whether Pythagoras developed the numerological and musical teachings attributed to him, or if those teachings were developed by his later followers, particularly Philolaus of Croton.
8005:123146119311360::Thread-192 2020-08-09 18:59:46.848 - Following Croton's decisive victory over Sybaris in around 510 BC, Pythagoras's followers came into conflict with supporters of democracy and Pythagorean meeting houses were burned.
8005:123146119311360::Thread-192 2020-08-09 18:59:47.622 - Pythagoras may have been killed during this persecution, or escaped to Metapontum, where he eventually died.
8002:123146119311360::Thread-192 2020-08-09 18:59:48.172 - It was rebuilt again in 780.
8002:123146119311360::Thread-192 2020-08-09 18:59:49.37 - Another earthquake destroyed most of al-Aqsa in 1033, but two years later the Fatimid caliph Ali az-Zahir built another mosque whose outline is preserved in the current structure.
8002:123146119311360::Thread-192 2020-08-09 18:59:49.923 - The mosaics on the arch at the qibla end of the nave also go back to his time.
8006:123146119311360::Thread-192 2020-08-09 18:59:51.371 - **END**
8005:123146119311360::Thread-192 2020-08-09 18:59:51.625 - **END**
8002:123146119311360::Thread-192 2020-08-09 18:59:52.615 - During the periodic renovations undertaken, the various ruling dynasties of the Islamic Caliphate constructed additions to the mosque and its precincts, such as its dome, facade, its minbar, minarets and the interior structure.
8002:123146119311360::Thread-192 2020-08-09 18:59:53.25 - When the Crusaders captured Jerusalem in 1099, they used the mosque as a palace and the Dome of the Rock as a church, but its function as a mosque was restored after its recapture by Saladin in 1187.
8003:123146119311360::Thread-192 2020-08-09 18:59:53.443 - **END**
8002:123146119311360::Thread-192 2020-08-09 18:59:57.251 - **END**
8004:123146119311360::Thread-192 2020-08-09 18:59:57.869 - **START**
8004:123146119311360::Thread-192 2020-08-09 18:59:57.949 - Starting new HTTPS connection (1): en.wikipedia.org
8004:123146119311360::Thread-192 2020-08-09 18:59:58.608 - Mariah Carey (born March 27, 1969 or 1970) is an American singer-songwriter, record producer, actress, entrepreneur, and philanthropist.
8004:123146119311360::Thread-192 2020-08-09 18:59:58.965 - She was signed to Columbia Records in 1988 and rose to fame after releasing her eponymous debut album two years later.
8004:123146119311360::Thread-192 2020-08-09 18:59:59.959 - Carey is the first artist in history to have their first five singles become consecutive number one songs on the Billboard Hot 100 (from "Vision of Love" to "Emotions").
8006:123146119311360::Thread-192 2020-08-09 19:00:00.373 - **START**
8006:123146119311360::Thread-192 2020-08-09 19:00:00.405 - Starting new HTTPS connection (1): en.wikipedia.org
8004:123146119311360::Thread-192 2020-08-09 19:00:00.623 - Renowned for her five-octave vocal range, melismatic singing style, and signature use of the whistle register, Carey is referred to as the "Songbird Supreme" by Guinness World Records.
8004:123146119311360::Thread-192 2020-08-09 19:00:01.141 - In 1993, Carey married Sony Music head Tommy Mottola.
8004:123146119311360::Thread-192 2020-08-09 19:00:01.602 - She achieved worldwide success with follow-up albums Music Box (1993), Merry Christmas (1994), and Daydream (1995).
8004:123146119311360::Thread-192 2020-08-09 19:00:01.783 - These albums spawned some of Carey's most successful singles, including "Hero", "Without You", "All I Want for Christmas Is You", "Fantasy", "Always Be My Baby", as well as "One Sweet Day", which topped the US Billboard Hot 100 for 16 weeks and became Billboard's Song of the Decade (1990s Decade).
8004:123146119311360::Thread-192 2020-08-09 19:00:01.976 - After separating from Mottola, Carey adopted a new image and incorporated more elements of hip hop into her music with the release of Butterfly (1997) and Rainbow (1999).
8004:123146119311360::Thread-192 2020-08-09 19:00:02.848 - Billboard named her the country's most successful artist of the 1990s, while the World Music Awards honored her as the world's best-selling music artist of the 1990s, and the best-selling female artist of the millennium.
8004:123146119311360::Thread-192 2020-08-09 19:00:02.87 - After eleven consecutive years charting a US number-one single, Carey parted ways with Columbia in 2000 and signed a $100 million recording contract with Virgin Records.
8005:123146119311360::Thread-192 2020-08-09 19:00:03.626 - **START**
8005:123146119311360::Thread-192 2020-08-09 19:00:03.661 - Starting new HTTPS connection (1): en.wikipedia.org
8006:123146119311360::Thread-192 2020-08-09 19:00:04.069 - Marvel's The Avengers (classified under the name Marvel Avengers Assemble in the United Kingdom and Ireland), or simply The Avengers, is a 2012 American superhero film based on the Marvel Comics superhero team of the same name.
8005:123146119311360::Thread-192 2020-08-09 19:00:04.475 - The Georgia Guidestones are a granite monument erected in 1980 in Elbert County, Georgia, in the United States.
8005:123146119311360::Thread-192 2020-08-09 19:00:05.433 - A set of 10 guidelines is inscribed on the structure in eight modern languages and a shorter message is inscribed at the top of the structure in four ancient language scripts.
8006:123146119311360::Thread-192 2020-08-09 19:00:05.899 - Produced by Marvel Studios and distributed by Walt Disney Studios Motion Pictures, it is the sixth film in the Marvel Cinematic Universe (MCU).
8005:123146119311360::Thread-192 2020-08-09 19:00:05.956 - The monument stands at an approximate elevation of 750 feet (230 m) above sea level, about 90 miles (140 km) east of Atlanta, 45 miles (72 km) from Athens, Georgia and 9 miles (14 km) north of the center of the city of Elberton.
8006:123146119311360::Thread-192 2020-08-09 19:00:06.211 - The film was written and directed by Joss Whedon and features an ensemble cast that includes Robert Downey Jr., Chris Evans, Mark Ruffalo, Chris Hemsworth, Scarlett Johansson, and Jeremy Renner as the Avengers, alongside Tom Hiddleston, Clark Gregg, Cobie Smulders, Stellan Skarsgård, and Samuel L. Jackson.
8005:123146119311360::Thread-192 2020-08-09 19:00:06.748 - One slab stands in the center, with four arranged around it.
8005:123146119311360::Thread-192 2020-08-09 19:00:07.069 - A capstone lies on top of the five slabs, which are astronomically aligned.
8005:123146119311360::Thread-192 2020-08-09 19:00:07.15 - An additional stone tablet, which is set in the ground a short distance to the west of the structure, provides some notes on the history and purpose of the guidestones.
8006:123146119311360::Thread-192 2020-08-09 19:00:07.282 - In the film, Nick Fury and the spy agency S.H.I.E.L.D.
8006:123146119311360::Thread-192 2020-08-09 19:00:07.316 - recruit Tony Stark, Steve Rogers, Bruce Banner, and Thor to form a team capable of stopping Thor's brother Loki from subjugating Earth.
8005:123146119311360::Thread-192 2020-08-09 19:00:07.823 - The structure is sometimes referred to as an "American Stonehenge".
8005:123146119311360::Thread-192 2020-08-09 19:00:08.024 - The monument is 19 feet 3 inches (5.87 m) tall, made from six granite slabs weighing 237,746 pounds (107,840 kg) in all.
8005:123146119311360::Thread-192 2020-08-09 19:00:08.252 - The anonymity of the guidestones' authors and their apparent advocacy of population control, eugenics, and internationalism have made them a target for controversy and conspiracy theory.
8006:123146119311360::Thread-192 2020-08-09 19:00:08.461 - The film's development began when Marvel Studios received a loan from Merrill Lynch in April 2005.
8006:123146119311360::Thread-192 2020-08-09 19:00:08.583 - After the success of the film Iron Man in May 2008, Marvel announced that The Avengers would be released in July 2011 and would bring together Tony Stark (Downey), Steve Rogers (Evans), Bruce Banner (Ruffalo), and Thor (Hemsworth) from Marvel's previous films.
8004:123146119311360::Thread-192 2020-08-09 19:00:08.874 - **END**
8005:123146119311360::Thread-192 2020-08-09 19:00:09.198 - History
In June 1979, a man using the pseudonym Robert C. Christian approached the Elberton Granite Finishing Company on behalf of "a small group of loyal Americans", and commissioned the structure.
8006:123146119311360::Thread-192 2020-08-09 19:00:09.965 - With the signing of Johansson as Natasha Romanoff in March 2009, the film was pushed back for a 2012 release.
8003:123146119311360::Thread-192 2020-08-09 19:00:10.449 - **START**
8003:123146119311360::Thread-192 2020-08-09 19:00:10.452 - Starting new HTTPS connection (1): en.wikipedia.org
8006:123146119311360::Thread-192 2020-08-09 19:00:11.817 - Whedon was brought on board in April 2010 and rewrote the original screenplay by Zak Penn.
8003:123146119311360::Thread-192 2020-08-09 19:00:12.403 - Lexi Belle is an American pornographic actress.
8006:123146119311360::Thread-192 2020-08-09 19:00:12.704 - Production began in April 2011 in Albuquerque, New Mexico, before moving to Cleveland, Ohio, in August and New York City in September.
8006:123146119311360::Thread-192 2020-08-09 19:00:12.823 - The film features more than 2,200 visual effects shots.
8003:123146119311360::Thread-192 2020-08-09 19:00:13.329 - Career
In 2011, Belle was named by CNBC as one of the 12 most popular stars in porn.
8005:123146119311360::Thread-192 2020-08-09 19:00:14.2 - **END**
8002:123146119311360::Thread-192 2020-08-09 19:00:14.255 - **START**
8002:123146119311360::Thread-192 2020-08-09 19:00:14.26 - Starting new HTTPS connection (1): en.wikipedia.org
8003:123146119311360::Thread-192 2020-08-09 19:00:16.059 - CNBC noted her multiple awards and nominations from AVN and XBIZ as well as the popularity of her website, one of the largest in the porn industry.
8003:123146119311360::Thread-192 2020-08-09 19:00:16.627 - She was the Penthouse Pet of the Month for May 2013 and the Pet of the Year for 2014.In 2015, Belle made her mainstream acting debut as Hera in the action thriller Samurai Cop 2: Deadly Vengeance, along with fellow porn actress Kayden Kross and Tommy Wiseau.
8002:123146119311360::Thread-192 2020-08-09 19:00:16.742 - The Brandenburg Gate (German: Brandenburger Tor; [ˈbʁandn̩bʊɐ̯gɐ ˈtoːɐ̯]) is an 18th-century neoclassical monument in Berlin, built on the orders of Prussian king Frederick William II after the temporary restoration of order during the Batavian Revolution.
8003:123146119311360::Thread-192 2020-08-09 19:00:18.111 - Personal life
Belle is an animal welfare advocate.
8003:123146119311360::Thread-192 2020-08-09 19:00:19.112 - **END**
8002:123146119311360::Thread-192 2020-08-09 19:00:19.161 - One of the best-known landmarks of Germany, it was built on the site of a former city gate that marked the start of the road from Berlin to the town of Brandenburg an der Havel, which used to be capital of the Margraviate of Brandenburg.
8002:123146119311360::Thread-192 2020-08-09 19:00:20.024 - It is located in the western part of the city centre of Berlin within Mitte, at the junction of Unter den Linden and Ebertstraße, immediately west of the Pariser Platz.
8002:123146119311360::Thread-192 2020-08-09 19:00:21.47 - One block to the north stands the Reichstag building, which houses the German parliament (Bundestag).
8006:123146119311360::Thread-192 2020-08-09 19:00:21.824 - **END**
8002:123146119311360::Thread-192 2020-08-09 19:00:22.328 - The gate is the monumental entry to Unter den Linden, a boulevard of linden trees which led directly to the royal City Palace of the Prussian monarchs.
8002:123146119311360::Thread-192 2020-08-09 19:00:22.843 - Throughout its existence, the Brandenburg Gate was often a site for major historical events and is today considered not only as a symbol of the tumultuous history of Europe and Germany, but also of European unity and peace.
8002:123146119311360::Thread-192 2020-08-09 19:00:24.971 - History


Design and construction

In the time of Frederick William (1688), shortly after the Thirty Years' War and a century before the gate was constructed, Berlin was a small walled city within a star fort with several named gates: Spandauer Tor, St. Georgen Tor, Stralower Tor, Cöpenicker Tor, Neues Tor, and Leipziger Tor (see map).
8002:123146119311360::Thread-192 2020-08-09 19:00:25.924 - Relative peace, a policy of religious tolerance, and status as capital of the Kingdom of Prussia facilitated the growth of the city.
8002:123146119311360::Thread-192 2020-08-09 19:00:27.579 - The Brandenburg Gate was not part of the old Berlin Fortress, but one of eighteen gates within the Berlin Customs Wall (German: Akzisemauer), erected in the 1730s, including the old fortified city and many of its then suburbs.
8002:123146119311360::Thread-192 2020-08-09 19:00:29.585 - **END**