8004:123146287575040::Thread-232 2020-08-09 18:59:34.292 - **START**
8004:123146287575040::Thread-232 2020-08-09 18:59:35.619 - Starting new HTTPS connection (1): en.wikipedia.org
8006:123146287575040::Thread-232 2020-08-09 18:59:37.292 - **START**
8002:123146287575040::Thread-232 2020-08-09 18:59:37.374 - **START**
8006:123146287575040::Thread-232 2020-08-09 18:59:37.497 - Starting new HTTPS connection (1): en.wikipedia.org
8002:123146287575040::Thread-232 2020-08-09 18:59:38.929 - Starting new HTTPS connection (1): en.wikipedia.org
8003:123146287575040::Thread-232 2020-08-09 18:59:39.352 - **START**
8005:123146287575040::Thread-232 2020-08-09 18:59:40.258 - **START**
8003:123146287575040::Thread-232 2020-08-09 18:59:40.897 - Starting new HTTPS connection (1): en.wikipedia.org
8005:123146287575040::Thread-232 2020-08-09 18:59:41.074 - Starting new HTTPS connection (1): en.wikipedia.org
8006:123146287575040::Thread-232 2020-08-09 18:59:41.732 - The Suez Canal (Arabic: قناة السويس‎ qanāt as-suwēs) is an artificial sea-level waterway in Egypt, connecting the Mediterranean Sea to the Red Sea through the Isthmus of Suez.
8004:123146287575040::Thread-232 2020-08-09 18:59:42.325 - Rome (Italian and Latin: Roma [ˈroːma] (listen)) is the capital city and a special comune of Italy (named Comune di Roma Capitale) as well as the capital of the Lazio region.
8004:123146287575040::Thread-232 2020-08-09 18:59:42.652 - The city has been a major human settlement for over two millennia.
8006:123146287575040::Thread-232 2020-08-09 18:59:43.59 - It is often considered to define the border between Africa and Asia.
8004:123146287575040::Thread-232 2020-08-09 18:59:43.735 - With 2,860,009 residents in 1,285 km2 (496.1 sq mi), it is also the country's most populated comune.
8005:123146287575040::Thread-232 2020-08-09 18:59:44.03 - Leicester City Football Club is an English professional football club based in Leicester in the East Midlands.
8005:123146287575040::Thread-232 2020-08-09 18:59:44.512 - The club competes in the Premier League, the top division of England's football league system, and plays its home matches at the King Power Stadium.The club was founded in 1884 as Leicester Fosse F.C., playing on a field near Fosse Road.
8005:123146287575040::Thread-232 2020-08-09 18:59:44.895 - They moved to Filbert Street in 1891, were elected to the Football League in 1894 and adopted the name Leicester City in 1919.
8003:123146287575040::Thread-232 2020-08-09 18:59:45.039 - Pablo Emilio Escobar Gaviria (; 1 December 1949 – 2 December 1993) was a Colombian drug lord and narcoterrorist who was the founder and sole leader of the Medellín Cartel.
8004:123146287575040::Thread-232 2020-08-09 18:59:45.484 - It is the third most populous city in the European Union by population within city limits.
8005:123146287575040::Thread-232 2020-08-09 18:59:45.532 - They moved to the nearby Walkers Stadium in 2002, which was renamed the King Power Stadium in 2011.Leicester won the 2015–16 Premier League, their first top-level football championship.
8006:123146287575040::Thread-232 2020-08-09 18:59:45.739 - Constructed by the Suez Canal Company between 1859 and 1869, it officially opened on 17 November 1869.
8002:123146287575040::Thread-232 2020-08-09 18:59:45.854 - Backstreet Boys  (often abbreviated as BSB) is an American vocal group, formed in Orlando, Florida in 1993.
8005:123146287575040::Thread-232 2020-08-09 18:59:45.898 - They are one of only seven clubs to have won the Premier League since its inception in 1992.
8003:123146287575040::Thread-232 2020-08-09 18:59:46.073 - Dubbed "The King of Cocaine," Escobar is the wealthiest criminal in history, having amassed an estimated net worth of US$30 billion by the time of his death—equivalent to $59 billion as of 2019—while his drug cartel monopolized the cocaine trade into the United States in the 1980s and 1990s.Born in Rionegro and raised in Medellín, Escobar studied briefly at Universidad Autónoma Latinoamericana of Medellín, but left without graduating; he instead began engaging in criminal activity, selling illegal cigarettes and fake lottery tickets, as well as participating in motor vehicle theft.
8003:123146287575040::Thread-232 2020-08-09 18:59:46.35 - In the early 1970s, he began to work for various drug smugglers, often kidnapping and holding people for ransom.
8004:123146287575040::Thread-232 2020-08-09 18:59:46.493 - It is the centre of the Metropolitan City of Rome, which has a population of 4,355,725 residents, thus making it the most populous metropolitan city in Italy.
8004:123146287575040::Thread-232 2020-08-09 18:59:46.539 - Its metropolitan area is the third-most populous within Italy.
8005:123146287575040::Thread-232 2020-08-09 18:59:46.841 - A number of newspapers described Leicester's title win as the greatest sporting shock ever; multiple bookmakers had never paid out at such long odds for any sport.
8004:123146287575040::Thread-232 2020-08-09 18:59:47.106 - Rome is located in the central-western portion of the Italian Peninsula, within Lazio (Latium), along the shores of the Tiber.
8005:123146287575040::Thread-232 2020-08-09 18:59:47.499 - As a result, the team was dubbed "The Unbelievables", a spin-off harking back to Arsenal's undefeated team "The Invincibles".
8002:123146287575040::Thread-232 2020-08-09 18:59:47.548 - The group consists of AJ McLean, Howie Dorough, Nick Carter, Kevin Richardson, and Brian Littrell.
8005:123146287575040::Thread-232 2020-08-09 18:59:47.901 - The club's previous highest finish was second place in the top flight, in 1928–29, then known as the First Division.
8003:123146287575040::Thread-232 2020-08-09 18:59:47.928 - In 1976, Escobar founded the Medellín Cartel, which distributed powder cocaine, and established the first smuggling routes into the U.S. Escobar's infiltration into the U.S. created exponential demand for cocaine, and by the 1980s, it was estimated Escobar led monthly shipments of 70 to 80 tons of cocaine into the country from Colombia.
8002:123146287575040::Thread-232 2020-08-09 18:59:48.134 - The group rose to fame with their debut international album, Backstreet Boys (1996).
8002:123146287575040::Thread-232 2020-08-09 18:59:48.192 - In the following year, they released their second international album Backstreet's Back (1997) along with their self-titled U.S. debut album, which continued the group's success worldwide.
8004:123146287575040::Thread-232 2020-08-09 18:59:48.305 - Vatican City (the smallest country in the world) is an independent country inside the city boundaries of Rome, the only existing example of a country within a city; for this reason Rome has sometimes been defined as the capital of two states.Rome's history spans 28 centuries.
8006:123146287575040::Thread-232 2020-08-09 18:59:48.532 - The canal offers watercraft a more direct route between the North Atlantic and northern Indian oceans via the Mediterranean and Red seas, thus avoiding the South Atlantic and southern Indian oceans and reducing the journey distance from the Arabian Sea to London, for example, by approximately 8,900 kilometres (5,500 mi).
8005:123146287575040::Thread-232 2020-08-09 18:59:48.726 - Throughout their history, Leicester have spent all but one season in the top two divisions of English football.
8004:123146287575040::Thread-232 2020-08-09 18:59:48.929 - While Roman mythology dates the founding of Rome at around 753 BC, the site has been inhabited for much longer, making it one of the oldest continuously occupied cities in Europe.
8003:123146287575040::Thread-232 2020-08-09 18:59:49.314 - As a result, he quickly became one of the richest people in the world, but consistently battled rival cartels domestically and abroad, leading to massacres and the murders of police officers, judges, locals, and prominent politicians, making Colombia the murder capital of the world.In the 1982 parliamentary election, Escobar was elected as an alternate member of the Chamber of Representatives as part of the Liberal Alternative movement.
8003:123146287575040::Thread-232 2020-08-09 18:59:49.549 - Through this, he was responsible for community projects, such as the construction of houses and football fields, which gained him popularity among the locals of the towns that he frequented.
8004:123146287575040::Thread-232 2020-08-09 18:59:49.645 - The city's early population originated from a mix of Latins, Etruscans, and Sabines.
8005:123146287575040::Thread-232 2020-08-09 18:59:49.682 - They hold a joint-highest seven second-tier titles (six Second Division and one Championship).
8006:123146287575040::Thread-232 2020-08-09 18:59:50.003 - It extends from the northern terminus of Port Said to the southern terminus of Port Tewfik at the city of Suez.
8002:123146287575040::Thread-232 2020-08-09 18:59:50.172 - They rose to superstardom with their third studio album Millennium (1999) and its follow-up album, Black & Blue (2000).
8003:123146287575040::Thread-232 2020-08-09 18:59:50.224 - However, Escobar was vilified by the Colombian and U.S. governments, who routinely stifled his political ambitions and pushed for his arrest, with Escobar widely believed to have orchestrated the DAS Building and Avianca Flight 203 bombings in retaliation.
8002:123146287575040::Thread-232 2020-08-09 18:59:51.714 - After a two-year hiatus, they regrouped and released a comeback album Never Gone (2005).
8003:123146287575040::Thread-232 2020-08-09 18:59:51.935 - In 1991, Escobar surrendered to authorities, and was sentenced to five years' imprisonment on a host of charges, but struck a deal of no extradition with Colombian President Cesar Gaviria, with the ability of being housed in his own, self-built prison, La Catedral.
8006:123146287575040::Thread-232 2020-08-09 18:59:52.493 - Its length is 193.30 km (120.11 mi) including its northern and southern access-channels.
8002:123146287575040::Thread-232 2020-08-09 18:59:52.952 - After the conclusion of the Never Gone Tour in 2006, Richardson left the group to pursue other interests.
8003:123146287575040::Thread-232 2020-08-09 18:59:52.966 - In 1992, Escobar escaped and went into hiding when authorities attempted to move him to a more standard holding facility, leading to a nation-wide manhunt.
8002:123146287575040::Thread-232 2020-08-09 18:59:53.051 - The group then released two albums as a quartet: Unbreakable (2007) and This Is Us (2009).
8005:123146287575040::Thread-232 2020-08-09 18:59:53.683 - **END**
8003:123146287575040::Thread-232 2020-08-09 18:59:54.17 - As a result, the Medellín Cartel crumbled, and in 1993, Escobar was killed in his hometown by Colombian National Police, a day after his 44th birthday.Escobar's legacy remains controversial; while many denounce the heinous nature of his crimes, he was seen as a "Robin Hood-like" figure for many in Colombia, as he provided many amenities to the poor, while his killing was mourned and his funeral attended by over 25,000 people.
8003:123146287575040::Thread-232 2020-08-09 18:59:54.171 - **END**
8002:123146287575040::Thread-232 2020-08-09 18:59:55.022 - In 2012, the group announced that Richardson had rejoined them permanently.
8006:123146287575040::Thread-232 2020-08-09 18:59:55.49 - In 2012, 17,225 vessels traversed the canal (an average of 47 per day).The original canal featured a single-lane waterway with passing locations in the Ballah Bypass and the Great Bitter Lake.
8002:123146287575040::Thread-232 2020-08-09 18:59:56.325 - In the following year, they celebrated their 20th anniversary and released their first independent album, In a World Like This (2013).
8004:123146287575040::Thread-232 2020-08-09 18:59:56.65 - **END**
8002:123146287575040::Thread-232 2020-08-09 18:59:57.328 - **END**
8006:123146287575040::Thread-232 2020-08-09 18:59:57.804 - It contains no lock system, with seawater flowing freely through it.
8006:123146287575040::Thread-232 2020-08-09 18:59:59.817 - In general, the canal north of the Bitter Lakes flows north in winter and south in summer.
8003:123146287575040::Thread-232 2020-08-09 19:00:00.178 - **START**
8003:123146287575040::Thread-232 2020-08-09 19:00:00.267 - Starting new HTTPS connection (1): en.wikipedia.org
8006:123146287575040::Thread-232 2020-08-09 19:00:01.85 - South of the lakes, the current changes with the tide at Suez.The United Kingdom and France owned the canal until July 1956, when the President of Egypt, Gamal Abdel Nasser, nationalized it—an event which led to the Suez Crisis of October–November 1956.
8003:123146287575040::Thread-232 2020-08-09 19:00:02.276 - Nirvana was an American rock band formed in Aberdeen, Washington, in 1987.
8003:123146287575040::Thread-232 2020-08-09 19:00:02.92 - Founded by lead singer and guitarist Kurt Cobain and bassist Krist Novoselic, the band went through a succession of drummers before recruiting Dave Grohl in 1990.
8003:123146287575040::Thread-232 2020-08-09 19:00:03.499 - Characterized by their punk aesthetic, Nirvana's fusion of pop melodies with noise, combined with their themes of abjection and social alienation, made them hugely popular during their short tenure.
8003:123146287575040::Thread-232 2020-08-09 19:00:03.739 - Their music maintains a popular following and continues to influence modern rock and roll culture.
8003:123146287575040::Thread-232 2020-08-09 19:00:04.282 - In the late 1980s, Nirvana established itself as part of the Seattle grunge scene, releasing its first album, Bleach, for the independent record label Sub Pop in 1989.
8006:123146287575040::Thread-232 2020-08-09 19:00:04.852 - **END**
8003:123146287575040::Thread-232 2020-08-09 19:00:05.173 - They developed a sound that relied on dynamic contrasts, often between quiet verses and loud, heavy choruses.
8003:123146287575040::Thread-232 2020-08-09 19:00:06.169 - After signing to major label DGC Records in 1991, Nirvana found unexpected mainstream success with "Smells Like Teen Spirit", the first single from their landmark second album Nevermind (1991).
8003:123146287575040::Thread-232 2020-08-09 19:00:06.289 - A cultural phenomenon of the 1990s, the album went on to be certified Diamond by the RIAA.
8003:123146287575040::Thread-232 2020-08-09 19:00:06.53 - Nirvana's sudden success popularized alternative rock and was credited for ending the dominance of hair metal, while they were also often referenced as the figurehead band of Generation X.
8004:123146287575040::Thread-232 2020-08-09 19:00:06.657 - **START**
8003:123146287575040::Thread-232 2020-08-09 19:00:06.667 - Following extensive tours and the 1992 compilation album Incesticide and EP Hormoaning, Nirvana released their abrasive and less mainstream sounding third studio album, In Utero (1993).
8004:123146287575040::Thread-232 2020-08-09 19:00:06.669 - Starting new HTTPS connection (1): en.wikipedia.org
8003:123146287575040::Thread-232 2020-08-09 19:00:07.235 - The album topped both the American and British album charts, and was widely acclaimed.
8005:123146287575040::Thread-232 2020-08-09 19:00:07.688 - **START**
8005:123146287575040::Thread-232 2020-08-09 19:00:07.697 - Starting new HTTPS connection (1): en.wikipedia.org
8003:123146287575040::Thread-232 2020-08-09 19:00:07.821 - Nirvana disbanded following Cobain's death in April 1994.
8004:123146287575040::Thread-232 2020-08-09 19:00:07.906 - The Burj Khalifa (Arabic: برج خليفة‎, Arabic pronunciation: [bʊrd͡ʒ xaˈliːfa]; pronounced English: ), known as the Burj Dubai prior to its inauguration in 2010, is a skyscraper in Dubai, United Arab Emirates.
8005:123146287575040::Thread-232 2020-08-09 19:00:08.29 - The Erie Canal is a canal in New York, United States that is part of the east–west, cross-state route of the New York State Canal System (formerly known as the New York State Barge Canal).
8004:123146287575040::Thread-232 2020-08-09 19:00:08.484 - With a total height of 829.8 m (2,722 ft, just over half a mile) and a roof height (excluding antenna, but including a 244 m spire) of 828 m (2,717 ft), the Burj Khalifa has been the tallest structure and building in the world since its topping out in 2009 (preceded by Taipei 101).Construction of the Burj Khalifa began in 2004, with the exterior completed five years later in 2009.
8005:123146287575040::Thread-232 2020-08-09 19:00:08.556 - Originally, it ran 363 miles (584 km) from the Hudson River in Albany to Lake Erie in Buffalo.
8004:123146287575040::Thread-232 2020-08-09 19:00:08.578 - The primary structure is reinforced concrete.
8004:123146287575040::Thread-232 2020-08-09 19:00:08.922 - The building was opened in 2010 as part of a new development called Downtown Dubai.
8004:123146287575040::Thread-232 2020-08-09 19:00:09.102 - It is designed to be the centrepiece of large-scale, mixed-use development.
8002:123146287575040::Thread-232 2020-08-09 19:00:09.332 - **START**
8002:123146287575040::Thread-232 2020-08-09 19:00:09.336 - Starting new HTTPS connection (1): en.wikipedia.org
8005:123146287575040::Thread-232 2020-08-09 19:00:09.337 - It was built to create a navigable water route from New York City and the Atlantic Ocean to the Great Lakes.
8004:123146287575040::Thread-232 2020-08-09 19:00:09.615 - The decision to construct the building is based on the government's decision to diversify from an oil-based economy, and for Dubai to gain international recognition.
8002:123146287575040::Thread-232 2020-08-09 19:00:10.427 - The Bible (from Koine Greek τὰ βιβλία, tà biblía, "the books") is a collection of religious texts or scriptures sacred to Christians, Jews, Samaritans, Rastafari and others.
8004:123146287575040::Thread-232 2020-08-09 19:00:10.566 - The building was originally named Burj Dubai but was renamed in honour of the ruler of Abu Dhabi and president of the United Arab Emirates, Khalifa bin Zayed Al Nahyan; Abu Dhabi and the UAE government lent Dubai money to pay its debts.
8002:123146287575040::Thread-232 2020-08-09 19:00:10.612 - They generally consider the Bible to be a product of divine inspiration and a record of the relationship between God and humans.
8002:123146287575040::Thread-232 2020-08-09 19:00:10.723 - The Bible appears in the form of an anthology, a compilation of texts of a variety of forms that are all linked by the belief that they collectively contain the word of God.
8005:123146287575040::Thread-232 2020-08-09 19:00:10.849 - When completed in 1825, it was the second longest canal in the world (after the Grand Canal in China) and greatly enhanced the development and economy of New York, New York City, and the United States.The canal was first proposed in the 1780s, then re-proposed in 1807.
8004:123146287575040::Thread-232 2020-08-09 19:00:11.107 - The building broke numerous height records, including its designation as the tallest building in the world.
8002:123146287575040::Thread-232 2020-08-09 19:00:11.611 - These texts include theologically-focused historical accounts, hymns, parables, didactic letters, erotica, sermons, poetry, and prophecies.
8003:123146287575040::Thread-232 2020-08-09 19:00:11.822 - **END**
8004:123146287575040::Thread-232 2020-08-09 19:00:11.827 - Burj Khalifa was designed by Adrian Smith, of Skidmore, Owings & Merrill, whose firm designed the Willis Tower and One World Trade Center.
8002:123146287575040::Thread-232 2020-08-09 19:00:11.944 - Those books included in the Bible by a tradition or group are called canonical, indicating that the tradition/group views the collection as the true representation of God's word and will.
8004:123146287575040::Thread-232 2020-08-09 19:00:12.417 - Hyder Consulting was chosen to be the supervising engineer with NORR Group Consultants International Limited chosen to supervise the architecture of the project.
8005:123146287575040::Thread-232 2020-08-09 19:00:12.563 - A survey was authorized, funded, and executed in 1808.
8002:123146287575040::Thread-232 2020-08-09 19:00:12.749 - A number of Biblical canons have evolved, with overlapping and diverging contents from denomination to denomination.
8002:123146287575040::Thread-232 2020-08-09 19:00:13.09 - The Hebrew Bible overlaps with the Greek Septuagint and the Christian Old Testament.
8002:123146287575040::Thread-232 2020-08-09 19:00:13.649 - The Christian New Testament is a collection of writings by early Christians, believed to be mostly Jewish disciples of Christ, written in first-century Koine Greek.
8005:123146287575040::Thread-232 2020-08-09 19:00:13.839 - Proponents of the project gradually wore down opponents; its construction began in 1817.
8002:123146287575040::Thread-232 2020-08-09 19:00:14.219 - Among Christian denominations there is some disagreement about what should be included in the canon, primarily about the biblical apocrypha, a list of works that are regarded with varying levels of respect.
8002:123146287575040::Thread-232 2020-08-09 19:00:14.356 - Attitudes towards the Bible also differ among Christian groups.
8004:123146287575040::Thread-232 2020-08-09 19:00:14.421 - **END**
8005:123146287575040::Thread-232 2020-08-09 19:00:15.485 - The canal has 34 numbered locks starting with Black Rock Lock and ending downstream with the Troy Federal Lock.
8005:123146287575040::Thread-232 2020-08-09 19:00:15.819 - Both are owned by the federal government.
8005:123146287575040::Thread-232 2020-08-09 19:00:16.681 - It has an elevation difference of about 565 feet (172 m).
8005:123146287575040::Thread-232 2020-08-09 19:00:17.775 - It opened on October 26, 1825.In a time when bulk goods were limited to pack animals (a 250-pound (113 kg) maximum), and there were no railways, water was the most cost-effective way to ship bulk goods.
8002:123146287575040::Thread-232 2020-08-09 19:00:21.36 - **END**
8005:123146287575040::Thread-232 2020-08-09 19:00:25.781 - **END**