8004:123146052005888::Thread-176 2020-08-09 18:59:29.247 - **START**
8004:123146052005888::Thread-176 2020-08-09 18:59:29.347 - Starting new HTTPS connection (1): en.wikipedia.org
8006:123146052005888::Thread-176 2020-08-09 18:59:31.274 - **START**
8006:123146052005888::Thread-176 2020-08-09 18:59:31.5 - Starting new HTTPS connection (1): en.wikipedia.org
8004:123146052005888::Thread-176 2020-08-09 18:59:31.673 - Norway (Bokmål: Norge; Nynorsk: Noreg; Northern Sami: Norga; Lule Sami: Vuodna; Southern Sami: Nöörje), officially the Kingdom of Norway, is a Nordic country in Northern Europe whose mainland territory comprises the western and northernmost portion of the Scandinavian Peninsula; Mainland Norway and the remote island of Jan Mayen as well as the archipelago of Svalbard form Metropolitan Norway.
8002:123146052005888::Thread-176 2020-08-09 18:59:32.363 - **START**
8005:123146052005888::Thread-176 2020-08-09 18:59:33.225 - **START**
8006:123146052005888::Thread-176 2020-08-09 18:59:33.822 - Seattle ( (listen) see-AT-əl) is a seaport city on the West Coast of the United States.
8004:123146052005888::Thread-176 2020-08-09 18:59:33.905 - The subantarctic Bouvet Island is a dependent territory of the Kingdom of Norway.
8004:123146052005888::Thread-176 2020-08-09 18:59:34.124 - Norway also lays claim to the Antarctic territories of Queen Maud Land and Peter I Island.
8004:123146052005888::Thread-176 2020-08-09 18:59:34.731 - Norway has a total area of 385,207 square kilometres (148,729 sq mi) and a population of 5,312,300 (as of August 2018).
8002:123146052005888::Thread-176 2020-08-09 18:59:34.787 - Starting new HTTPS connection (1): en.wikipedia.org
8006:123146052005888::Thread-176 2020-08-09 18:59:34.821 - It is the seat of King County, Washington.
8006:123146052005888::Thread-176 2020-08-09 18:59:35.519 - Seattle is the largest city in both the state of Washington and the Pacific Northwest region of North America.
8005:123146052005888::Thread-176 2020-08-09 18:59:35.953 - Starting new HTTPS connection (1): en.wikipedia.org
8006:123146052005888::Thread-176 2020-08-09 18:59:36.492 - According to U.S. Census data released in 2019, the Seattle metropolitan area's population stands at 3.98 million, and ranks as the 15th-largest in the United States.
8004:123146052005888::Thread-176 2020-08-09 18:59:36.609 - The country shares a long eastern border with Sweden (1,619 km or 1,006 mi long).
8006:123146052005888::Thread-176 2020-08-09 18:59:37.449 - In July 2013, it was the fastest-growing major city in the United States and remained in the top 5 in May 2015 with an annual growth rate of 2.1%.
8004:123146052005888::Thread-176 2020-08-09 18:59:37.774 - Norway is bordered by Finland and Russia to the north-east, and the Skagerrak strait to the south, with Denmark on the other side.
8006:123146052005888::Thread-176 2020-08-09 18:59:37.974 - In July 2016, Seattle was again the fastest-growing major U.S. city, with a 3.1% annual growth rate.Seattle is situated on an isthmus between Puget Sound (an inlet of the Pacific Ocean) and Lake Washington.
8006:123146052005888::Thread-176 2020-08-09 18:59:38.293 - It is the northernmost large city in the United States, located about 100 miles (160 km) south of the Canadian border.
8002:123146052005888::Thread-176 2020-08-09 18:59:38.481 - Jerusalem (; Hebrew: יְרוּשָׁלַיִם Yerushaláyim; Arabic: القُدس‎ al-Quds or Bayt al-Maqdis, also spelled Baitul Muqaddas) is a city in the Middle East, located on a plateau in the Judaean Mountains between the Mediterranean and the Dead Sea.
8006:123146052005888::Thread-176 2020-08-09 18:59:39.218 - A major gateway for trade with Asia, Seattle is the fourth-largest port in North America in terms of container handling as of 2015.The Seattle area was inhabited by Native Americans for at least 4,000 years before the first permanent European settlers.
8006:123146052005888::Thread-176 2020-08-09 18:59:39.632 - Arthur A. Denny and his group of travelers, subsequently known as the Denny Party, arrived from Illinois via Portland, Oregon, on the schooner Exact at Alki Point on November 13, 1851.
8002:123146052005888::Thread-176 2020-08-09 18:59:40.181 - It is one of the oldest cities in the world, and is considered holy to the three major Abrahamic religions—Judaism, Christianity, and Islam.
8003:123146052005888::Thread-176 2020-08-09 18:59:40.274 - **START**
8005:123146052005888::Thread-176 2020-08-09 18:59:40.459 - LeBron Raymone James Sr. (; born December 30, 1984) is an American professional basketball player for the Los Angeles Lakers of the National Basketball Association (NBA).
8006:123146052005888::Thread-176 2020-08-09 18:59:40.702 - The settlement was moved to the eastern shore of Elliott Bay and named "Seattle" in 1852, in honor of Chief Si'ahl of the local Duwamish and Suquamish tribes.
8004:123146052005888::Thread-176 2020-08-09 18:59:40.802 - Norway has an extensive coastline, facing the North Atlantic Ocean and the Barents Sea.
8002:123146052005888::Thread-176 2020-08-09 18:59:40.805 - Both Israel and the Palestinian Authority claim Jerusalem as their capital, as Israel maintains its primary governmental institutions there and the State of Palestine ultimately foresees it as its seat of power; however, neither claim is widely recognized internationally.During its long history, Jerusalem has been destroyed at least twice, besieged 23 times, captured and recaptured 44 times, and attacked 52 times.
8003:123146052005888::Thread-176 2020-08-09 18:59:40.889 - Starting new HTTPS connection (1): en.wikipedia.org
8002:123146052005888::Thread-176 2020-08-09 18:59:41.537 - The part of Jerusalem called the City of David shows first signs of settlement in the 4th millennium BCE, in the shape of encampments of nomadic shepherds.
8005:123146052005888::Thread-176 2020-08-09 18:59:41.598 - He is widely considered to be one of the greatest basketball players in NBA history.
8004:123146052005888::Thread-176 2020-08-09 18:59:43.752 - The maritime influence also dominates Norway's climate with mild lowland temperatures on the sea coasts, whereas the interior, while colder, is also a lot milder than areas elsewhere in the world on such northerly latitudes.
8003:123146052005888::Thread-176 2020-08-09 18:59:43.823 - Mark Robert Michael Wahlberg (born June 5, 1971) is an American actor, producer, restaurateur and former rapper.
8005:123146052005888::Thread-176 2020-08-09 18:59:44.12 - Discussions ranking him as the greatest basketball player of all time have often been subject to significant debate, with frequent comparisons to Michael Jordan.
8002:123146052005888::Thread-176 2020-08-09 18:59:44.44 - Jerusalem was named as Urusalim on ancient Egyptian tablets, probably meaning "City of Shalem" after a Canaanite deity, during the Canaanite period (14th century BCE).
8005:123146052005888::Thread-176 2020-08-09 18:59:44.834 - James's teams have played in eight consecutive NBA Finals (2011–2018 seasons) between the Miami Heat and Cleveland Cavaliers.
8003:123146052005888::Thread-176 2020-08-09 18:59:45.759 - He is also known by his former stage name Marky Mark from his career with the group Marky Mark and the Funky Bunch, with whom he released the albums Music for the People (1991) and You Gotta Believe (1992).
8004:123146052005888::Thread-176 2020-08-09 18:59:45.831 - Even during polar night in the north, temperatures above freezing are commonplace on the coastline.
8003:123146052005888::Thread-176 2020-08-09 18:59:45.972 - Wahlberg transitioned from music to acting, with his screen debut in Renaissance Man (1994) and his first starring role in Fear (1996).
8005:123146052005888::Thread-176 2020-08-09 18:59:46.252 - His accomplishments include three NBA championships, four NBA Most Valuable Player (MVP) Awards, three Finals MVP Awards, and two Olympic gold medals.
8005:123146052005888::Thread-176 2020-08-09 18:59:46.714 - James holds the all-time record for playoffs points, is third in all-time points, and eighth in all-time assists.
8004:123146052005888::Thread-176 2020-08-09 18:59:46.923 - The maritime influence brings high rainfall and snowfall to some areas of the country.
8002:123146052005888::Thread-176 2020-08-09 18:59:47.441 - During the Israelite period, significant construction activity in Jerusalem began in the 9th century BCE (Iron Age II), and in the 8th century the city developed into the religious and administrative center of the Kingdom of Judah.
8003:123146052005888::Thread-176 2020-08-09 18:59:47.538 - He received critical praise for his performance as porn actor Dirk Diggler in Boogie Nights.
8002:123146052005888::Thread-176 2020-08-09 18:59:47.552 - In 1538, the city walls were rebuilt for a last time around Jerusalem under Suleiman the Magnificent.
8006:123146052005888::Thread-176 2020-08-09 18:59:47.706 - **END**
8002:123146052005888::Thread-176 2020-08-09 18:59:48.063 - Today those walls define the Old City, which has been traditionally divided into four quarters—known since the early 19th century as the Armenian, Christian, Jewish, and Muslim Quarters.
8003:123146052005888::Thread-176 2020-08-09 18:59:48.694 - In the early 2000s, he ventured into big budget action-oriented movies, such as The Perfect Storm (2000), Planet of the Apes (2001), and The Italian Job (2003).
8006:123146052005888::Thread-176 2020-08-09 18:59:48.71 - **START**
8006:123146052005888::Thread-176 2020-08-09 18:59:48.715 - Starting new HTTPS connection (1): en.wikipedia.org
8005:123146052005888::Thread-176 2020-08-09 18:59:49.363 - James was selected to the All-NBA First Team twelve times (all-time record), made the All-Defensive First Team five times, and has played in sixteen All-Star Games, in which he was selected All-Star MVP three times.
8005:123146052005888::Thread-176 2020-08-09 18:59:49.387 - James played basketball for St. Vincent–St.
8006:123146052005888::Thread-176 2020-08-09 18:59:49.405 - William Jefferson Clinton (né Blythe III; born August 19, 1946) is an American lawyer and politician who served as the 42nd president of the United States from 1993 to 2001.
8006:123146052005888::Thread-176 2020-08-09 18:59:49.648 - Prior to his presidency, he served as governor of Arkansas (1979–1981 and 1983–1992) and as attorney general of Arkansas (1977–1979).
8006:123146052005888::Thread-176 2020-08-09 18:59:49.692 - A member of the Democratic Party, Clinton was known as a New Democrat, and many of his policies reflected a centrist "Third Way" political philosophy.
8005:123146052005888::Thread-176 2020-08-09 18:59:50.391 - **END**
8003:123146052005888::Thread-176 2020-08-09 18:59:50.547 - He was nominated for the Academy Award for Best Supporting Actor for playing a police officer in the crime drama The Departed (2006).
8006:123146052005888::Thread-176 2020-08-09 18:59:50.549 - He is the husband of former secretary of state, former U.S. senator, and two-time candidate for president Hillary Clinton.
8006:123146052005888::Thread-176 2020-08-09 18:59:50.887 - Clinton was born and raised in Arkansas and attended Georgetown University, University College, Oxford, and Yale Law School.
8002:123146052005888::Thread-176 2020-08-09 18:59:50.987 - The Old City became a World Heritage Site in 1981, and is on the List of World Heritage in Danger.
8003:123146052005888::Thread-176 2020-08-09 18:59:51.152 - He was nominated for the Golden Globe Award for Best Actor for the biographical sports drama The Fighter (2010), in which he starred as Micky Ward.
8006:123146052005888::Thread-176 2020-08-09 18:59:51.314 - He met Hillary Rodham at Yale and married her in 1975.
8003:123146052005888::Thread-176 2020-08-09 18:59:51.338 - In the 2010s, he landed successful comedy roles with The Other Guys (2010), Ted (2012), its 2015 sequel, Daddy's Home (2015), and its 2017 sequel.
8006:123146052005888::Thread-176 2020-08-09 18:59:51.691 - After graduating from law school, Clinton returned to Arkansas and won election as the attorney general of Arkansas, serving from 1977 to 1979.
8006:123146052005888::Thread-176 2020-08-09 18:59:52.04 - He later served as governor of Arkansas.
8006:123146052005888::Thread-176 2020-08-09 18:59:52.326 - As governor, he overhauled the state's education system and served as chairman of the National Governors Association.
8006:123146052005888::Thread-176 2020-08-09 18:59:52.489 - Clinton was elected president in 1992, defeating incumbent Republican opponent George H. W. Bush.
8002:123146052005888::Thread-176 2020-08-09 18:59:52.666 - Since 1860 Jerusalem has grown far beyond the Old City's boundaries.
8003:123146052005888::Thread-176 2020-08-09 18:59:52.737 - He also became the protagonist in the Transformers live-action film franchise (2014, 2017).
8003:123146052005888::Thread-176 2020-08-09 18:59:54.372 - He was the world's best-paid actor in 2017.
8004:123146052005888::Thread-176 2020-08-09 18:59:55.924 - **END**
8003:123146052005888::Thread-176 2020-08-09 18:59:59.399 - **END**
8005:123146052005888::Thread-176 2020-08-09 18:59:59.401 - **START**
8006:123146052005888::Thread-176 2020-08-09 18:59:59.49 - **END**
8005:123146052005888::Thread-176 2020-08-09 18:59:59.525 - Starting new HTTPS connection (1): en.wikipedia.org
8005:123146052005888::Thread-176 2020-08-09 19:00:00.439 - Neuschwanstein Castle (German: Schloss Neuschwanstein, pronounced [ˈʃlɔs nɔʏˈʃvaːnʃtaɪn], Southern Bavarian: Schloss Neischwanstoa) is a 19th-century Romanesque Revival palace on a rugged hill above the village of Hohenschwangau near Füssen in southwest Bavaria, Germany.
8002:123146052005888::Thread-176 2020-08-09 19:00:00.669 - **END**
8005:123146052005888::Thread-176 2020-08-09 19:00:00.981 - The palace was commissioned by King Ludwig II of Bavaria as a retreat and in honour of Richard Wagner.
8005:123146052005888::Thread-176 2020-08-09 19:00:01.851 - Ludwig paid for the palace out of his personal fortune and by means of extensive borrowing, rather than Bavarian public funds.
8005:123146052005888::Thread-176 2020-08-09 19:00:02.454 - The castle was intended as a home for the King, until he died in 1886.
8005:123146052005888::Thread-176 2020-08-09 19:00:02.495 - It was open to the public shortly after his death.
8004:123146052005888::Thread-176 2020-08-09 19:00:03.926 - **START**
8004:123146052005888::Thread-176 2020-08-09 19:00:03.943 - Starting new HTTPS connection (1): en.wikipedia.org
8005:123146052005888::Thread-176 2020-08-09 19:00:04.099 - Since then more than 61 million people have visited Neuschwanstein Castle.
8005:123146052005888::Thread-176 2020-08-09 19:00:04.199 - More than 1.3 million people visit annually, with as many as 6,000 per day in the summer.
8004:123146052005888::Thread-176 2020-08-09 19:00:04.767 - The New York Stock Exchange (NYSE, nicknamed "The Big Board") is an American stock exchange located at 11 Wall Street, Lower Manhattan, New York City, New York.
8003:123146052005888::Thread-176 2020-08-09 19:00:05.408 - **START**
8003:123146052005888::Thread-176 2020-08-09 19:00:05.413 - Starting new HTTPS connection (1): en.wikipedia.org
8005:123146052005888::Thread-176 2020-08-09 19:00:05.583 - Location

The municipality of Schwangau lies at an elevation of 800 m (2,620 ft) at the southwest border of the German state of Bavaria.
8004:123146052005888::Thread-176 2020-08-09 19:00:05.704 - It is by far the world's largest stock exchange by market capitalization of its listed companies at US$30.1 trillion as of February 2018.
8004:123146052005888::Thread-176 2020-08-09 19:00:06.099 - The average daily trading value was approximately US$169 billion in 2013.
8005:123146052005888::Thread-176 2020-08-09 19:00:06.186 - Its surroundings are characterised by the transition between the Alpine foothills in the south (toward the nearby Austrian border) and a hilly landscape in the north that appears flat by comparison.
8005:123146052005888::Thread-176 2020-08-09 19:00:06.549 - In the Middle Ages, three castles overlooked the villages.
8004:123146052005888::Thread-176 2020-08-09 19:00:06.796 - The NYSE trading floor is located at 11 Wall Street and is composed of 21 rooms used for the facilitation of trading.
8004:123146052005888::Thread-176 2020-08-09 19:00:06.953 - An additional trading room, located at 30 Broad Street, was closed in February 2007.
8004:123146052005888::Thread-176 2020-08-09 19:00:07.264 - The main building and the 11 Wall Street building were designated National Historic Landmarks in 1978.
8004:123146052005888::Thread-176 2020-08-09 19:00:07.762 - The NYSE is owned by Intercontinental Exchange, an American holding company that it also lists (NYSE: ICE).
8003:123146052005888::Thread-176 2020-08-09 19:00:07.905 - William Henry Gates III  (born October 28, 1955) is an American business magnate, software developer, investor, and philanthropist.
8004:123146052005888::Thread-176 2020-08-09 19:00:08.154 - Previously, it was part of NYSE Euronext (NYX), which was formed by the NYSE's 2007 merger with Euronext.
8004:123146052005888::Thread-176 2020-08-09 19:00:08.398 - History

The earliest recorded organization of securities trading in New York among brokers directly dealing with each other can be traced to the Buttonwood Agreement.
8004:123146052005888::Thread-176 2020-08-09 19:00:08.801 - Previously, securities exchange had been intermediated by the auctioneers, who also conducted more mundane auctions of commodities such as wheat and tobacco.
8003:123146052005888::Thread-176 2020-08-09 19:00:09.527 - He is best known as the co-founder of Microsoft Corporation.
8003:123146052005888::Thread-176 2020-08-09 19:00:10.204 - During his career at Microsoft, Gates held the positions of chairman, chief executive officer (CEO), president and chief software architect, while also being the largest individual shareholder until May 2014.
8003:123146052005888::Thread-176 2020-08-09 19:00:10.792 - He is one of the best-known entrepreneurs and pioneers of the microcomputer revolution of the 1970s and 1980s.
8003:123146052005888::Thread-176 2020-08-09 19:00:11.032 - Born and raised in Seattle, Washington, Gates co-founded Microsoft with childhood friend Paul Allen in 1975, in Albuquerque, New Mexico; it went on to become the world's largest personal computer software company.
8003:123146052005888::Thread-176 2020-08-09 19:00:12.184 - Gates led the company as chairman and CEO until stepping down as CEO in January 2000, but he remained chairman and became chief software architect.
8005:123146052005888::Thread-176 2020-08-09 19:00:13.553 - **END**
8003:123146052005888::Thread-176 2020-08-09 19:00:14.417 - During the late 1990s, Gates had been criticized for his business tactics, which have been considered anti-competitive.
8003:123146052005888::Thread-176 2020-08-09 19:00:14.556 - This opinion has been upheld by numerous court rulings.
8004:123146052005888::Thread-176 2020-08-09 19:00:14.802 - **END**
8003:123146052005888::Thread-176 2020-08-09 19:00:15.492 - In June 2006, Gates announced that he would be transitioning to a part-time role at Microsoft and full-time work at the Bill & Melinda Gates Foundation, the private charitable foundation that he and his wife, Melinda Gates, established in 2000.
8003:123146052005888::Thread-176 2020-08-09 19:00:17.624 - He gradually transferred his duties to Ray Ozzie and Craig Mundie.
8003:123146052005888::Thread-176 2020-08-09 19:00:25.628 - **END**