8004:123146030972928::Thread-171 2020-08-09 18:59:29.247 - **START**
8003:123146030972928::Thread-171 2020-08-09 18:59:29.277 - **START**
8004:123146030972928::Thread-171 2020-08-09 18:59:29.351 - Starting new HTTPS connection (1): en.wikipedia.org
8003:123146030972928::Thread-171 2020-08-09 18:59:29.369 - Starting new HTTPS connection (1): en.wikipedia.org
8004:123146030972928::Thread-171 2020-08-09 18:59:30.693 - Megan Denise Fox (born May 16, 1986) is an American actress and model.
8004:123146030972928::Thread-171 2020-08-09 18:59:30.948 - She made her acting debut in the family film Holiday in the Sun (2001).
8004:123146030972928::Thread-171 2020-08-09 18:59:31.638 - This was followed by numerous supporting roles in film and television, as well as a starring role in the ABC sitcom Hope & Faith (2004–2006).
8004:123146030972928::Thread-171 2020-08-09 18:59:31.791 - Fox went on to make her feature film debut in the teen musical comedy Confessions of a Teenage Drama Queen (2004).
8003:123146030972928::Thread-171 2020-08-09 18:59:31.87 - The United States of America (USA), commonly known as the United States (U.S. or US) or America, is a country mostly located in central North America, between Canada and Mexico.
8002:123146030972928::Thread-171 2020-08-09 18:59:32.362 - **START**
8004:123146030972928::Thread-171 2020-08-09 18:59:32.491 - Fox received worldwide recognition for her breakout role as Mikaela Banes in the blockbuster action film Transformers (2007).
8003:123146030972928::Thread-171 2020-08-09 18:59:32.706 - It consists of 50 states, a federal district, five major self-governing territories, and various possessions.
8004:123146030972928::Thread-171 2020-08-09 18:59:33.177 - She reprised her role in the sequel Transformers: Revenge of the Fallen (2009) and portrayed the titular character in the horror comedy Jennifer's Body (2009).
8003:123146030972928::Thread-171 2020-08-09 18:59:33.203 - At 3.8 million square miles (9.8 million km2), it is the world's third- or fourth-largest country by total area.
8005:123146030972928::Thread-171 2020-08-09 18:59:33.221 - **START**
8003:123146030972928::Thread-171 2020-08-09 18:59:33.249 - With a 2019 estimated population of over 328 million, the U.S. is the third most populous country in the world.
8004:123146030972928::Thread-171 2020-08-09 18:59:33.753 - She starred as April O'Neil in the superhero action film Teenage Mutant Ninja Turtles (2014) and its sequel Teenage Mutant Ninja Turtles: Out of the Shadows (2016).
8003:123146030972928::Thread-171 2020-08-09 18:59:33.841 - Americans are a racially and ethnically diverse population that has been shaped through centuries of immigration.
8003:123146030972928::Thread-171 2020-08-09 18:59:34.114 - The capital is Washington, D.C., and the most populous city is New York City.
8004:123146030972928::Thread-171 2020-08-09 18:59:34.285 - Fox also starred as Regan Lucas in the fifth and sixth seasons of the Fox sitcom New Girl (2016–2017).
8003:123146030972928::Thread-171 2020-08-09 18:59:34.397 - Paleo-Indians migrated from Siberia to the North American mainland at least 12,000 years ago, and European colonization began in the 16th century.
8004:123146030972928::Thread-171 2020-08-09 18:59:34.703 - Fox is considered a sex symbol and has appeared in numerous magazines, such as Maxim, Rolling Stone, and FHM.
8002:123146030972928::Thread-171 2020-08-09 18:59:34.758 - Starting new HTTPS connection (1): en.wikipedia.org
8003:123146030972928::Thread-171 2020-08-09 18:59:34.911 - The United States emerged from the thirteen British colonies established along the East Coast.
8003:123146030972928::Thread-171 2020-08-09 18:59:34.971 - Numerous disputes between Great Britain and the colonies led to the American Revolutionary War lasting between 1775 and 1783, leading to independence.
8004:123146030972928::Thread-171 2020-08-09 18:59:35.182 - Early life
Megan Fox was born on May 16, 1986 in Oak Ridge, Tennessee, to parents Gloria Darlene (Cisson) and Franklin Thomas Fox.
8006:123146030972928::Thread-171 2020-08-09 18:59:35.271 - **START**
8003:123146030972928::Thread-171 2020-08-09 18:59:35.881 - Beginning in the late 18th century, the United States vigorously expanded across North America, gradually acquiring new territories, killing and displacing Native Americans, and admitting new states.
8005:123146030972928::Thread-171 2020-08-09 18:59:35.969 - Starting new HTTPS connection (1): en.wikipedia.org
8004:123146030972928::Thread-171 2020-08-09 18:59:35.97 - She spent her early childhood in nearby Rockwood.
8006:123146030972928::Thread-171 2020-08-09 18:59:36.749 - Starting new HTTPS connection (1): en.wikipedia.org
8002:123146030972928::Thread-171 2020-08-09 18:59:37.774 - Singapore ( (listen)), officially the Republic of Singapore, is a sovereign island city-state in maritime Southeast Asia.
8002:123146030972928::Thread-171 2020-08-09 18:59:38.293 - It lies about one degree of latitude (137 kilometres or 85 miles) north of the equator, off the southern tip of the Malay Peninsula, bordering the Straits of Malacca to the west, the Riau Islands to the south, and the South China Sea to the east.
8002:123146030972928::Thread-171 2020-08-09 18:59:39.089 - The country's territory is composed of one main island, 63 satellite islands and islets, and one outlying islet, the combined area of which has increased by 25% since the country's independence as a result of extensive land reclamation projects.
8002:123146030972928::Thread-171 2020-08-09 18:59:39.634 - The country is home to 5.7 million residents, 61% (3.4 million) of whom are Singaporean citizens.
8006:123146030972928::Thread-171 2020-08-09 18:59:39.835 - Diana, Princess of Wales (born Diana Frances Spencer; 1 July 1961 – 31 August 1997) was a member of the British royal family.
8002:123146030972928::Thread-171 2020-08-09 18:59:40.329 - There are four official languages of Singapore: English, Malay, Chinese, and Tamil; with English being the lingua franca.
8002:123146030972928::Thread-171 2020-08-09 18:59:40.771 - This reflects in its rich cultural diversity and extensive ethnic cuisine and major festivals.
8006:123146030972928::Thread-171 2020-08-09 18:59:40.909 - She was the first wife of Charles, Prince of Wales, the heir apparent to the British throne, and the mother of Prince William and Prince Harry.
8002:123146030972928::Thread-171 2020-08-09 18:59:41.133 - Multiracialism is enshrined in the constitution, and continues to shape national policies in education, housing, and politics.
8005:123146030972928::Thread-171 2020-08-09 18:59:41.431 - Kanye Omari West (; born June 8, 1977) is an American rapper, producer, and fashion designer.Born in Atlanta and raised in Chicago, West was first known as a producer for Roc-A-Fella Records in the early 2000s, producing singles for several mainstream artists.
8005:123146030972928::Thread-171 2020-08-09 18:59:41.665 - Intent on pursuing a solo career as a rapper, West released his debut album The College Dropout in 2004 to critical and commercial success, and founded the record label GOOD Music.
8002:123146030972928::Thread-171 2020-08-09 18:59:42.136 - Although its history stretches back millennia, modern Singapore was founded in 1819 by Sir Stamford Raffles as a trading post of the British Empire.
8005:123146030972928::Thread-171 2020-08-09 18:59:43.022 - He experimented with a variety of musical genres on subsequent acclaimed studio albums, including Late Registration (2005), Graduation (2007), and 808s & Heartbreak (2008).
8005:123146030972928::Thread-171 2020-08-09 18:59:43.081 - Drawing inspiration from maximalism and minimalism, respectively, West's fifth album My Beautiful Dark Twisted Fantasy (2010) and sixth album Yeezus (2013) were also critical successes.
8002:123146030972928::Thread-171 2020-08-09 18:59:43.087 - In 1867, the colonies in East Asia were reorganised and Singapore came under the direct control of Britain as part of the Straits Settlements.
8006:123146030972928::Thread-171 2020-08-09 18:59:43.236 - Diana's activism and glamour made her an international icon and earned her an enduring popularity as well as an unprecedented public scrutiny, exacerbated by her tumultuous private life.
8002:123146030972928::Thread-171 2020-08-09 18:59:43.349 - During the Second World War, Singapore was occupied by Japan in 1942 but returned to British control as a separate crown colony following Japan's surrender in 1945.
8005:123146030972928::Thread-171 2020-08-09 18:59:43.381 - He went on to release The Life of Pablo (2016), Ye (2018), and Jesus Is King (2019).
8004:123146030972928::Thread-171 2020-08-09 18:59:44.047 - **END**
8005:123146030972928::Thread-171 2020-08-09 18:59:44.264 - West's discography also includes the full-length collaborations Watch the Throne (2011) and Kids See Ghosts (2018) with Jay-Z and Kid Cudi, respectively.
8003:123146030972928::Thread-171 2020-08-09 18:59:44.887 - **END**
8006:123146030972928::Thread-171 2020-08-09 18:59:45.643 - Diana was born into the British nobility and grew up close to the royal family on their Sandringham estate.
8005:123146030972928::Thread-171 2020-08-09 18:59:45.726 - West's outspoken views and life outside of music have received significant media attention.
8005:123146030972928::Thread-171 2020-08-09 18:59:46.687 - He has been a frequent source of controversy for his conduct at award shows, on social media, and in other public settings, as well as for his comments on the music and fashion industries, U.S. politics, and race.
8005:123146030972928::Thread-171 2020-08-09 18:59:46.898 - His Christian faith, as well as his marriage to television personality Kim Kardashian, have also been a source of media attention.
8005:123146030972928::Thread-171 2020-08-09 18:59:47.38 - As a fashion designer, he has collaborated with Nike, Louis Vuitton, and A.P.C.
8006:123146030972928::Thread-171 2020-08-09 18:59:47.436 - The youngest daughter of John Spencer, 8th Earl Spencer, and Frances Shand Kydd, she was strongly affected by their divorce in 1967.
8005:123146030972928::Thread-171 2020-08-09 18:59:48.586 - on both clothing and footwear, and have most prominently resulted in the Yeezy collaboration with Adidas beginning in 2013.
8003:123146030972928::Thread-171 2020-08-09 18:59:48.89 - **START**
8003:123146030972928::Thread-171 2020-08-09 18:59:48.896 - Starting new HTTPS connection (1): en.wikipedia.org
8006:123146030972928::Thread-171 2020-08-09 18:59:49.606 - She did not distinguish herself academically, but was talented in music, dance, and sports.
8003:123146030972928::Thread-171 2020-08-09 18:59:51.191 - Canada is a country in the northern part of North America.
8003:123146030972928::Thread-171 2020-08-09 18:59:51.522 - Its ten provinces and three territories extend from the Atlantic to the Pacific and northward into the Arctic Ocean, covering 9.98 million square kilometres (3.85 million square miles), making it the world's second-largest country by total area.
8006:123146030972928::Thread-171 2020-08-09 18:59:52.052 - In 1978, she moved to London, where she lived with flatmates and took on various low-paying jobs.
8002:123146030972928::Thread-171 2020-08-09 18:59:52.354 - **END**
8003:123146030972928::Thread-171 2020-08-09 18:59:52.789 - Its southern and western border with the United States, stretching 8,891 kilometres (5,525 mi), is the world's longest bi-national land border.
8006:123146030972928::Thread-171 2020-08-09 18:59:53.761 - Diana came to prominence in 1981 upon her engagement to Prince Charles, the eldest son of Queen Elizabeth II, after a brief courtship.
8003:123146030972928::Thread-171 2020-08-09 18:59:55.075 - Canada's capital is Ottawa, and its three largest metropolitan areas are Toronto, Montreal, and Vancouver.
8003:123146030972928::Thread-171 2020-08-09 18:59:55.365 - Various indigenous peoples inhabited what is now Canada for thousands of years before European colonization.
8002:123146030972928::Thread-171 2020-08-09 18:59:55.403 - **START**
8002:123146030972928::Thread-171 2020-08-09 18:59:55.41 - Starting new HTTPS connection (1): en.wikipedia.org
8006:123146030972928::Thread-171 2020-08-09 18:59:55.641 - Their wedding took place at St Paul's Cathedral in 1981 and made her Princess of Wales, a role in which she was enthusiastically received by the public.
8002:123146030972928::Thread-171 2020-08-09 18:59:56.261 - Princess Margaret, Countess of Snowdon,  (Margaret Rose; 21 August 1930 – 9 February 2002) was the younger daughter of King George VI and Queen Elizabeth, and the only sibling of Queen Elizabeth II.
8003:123146030972928::Thread-171 2020-08-09 18:59:56.484 - Beginning in the 16th century, British and French expeditions explored and later settled along the Atlantic coast.
8005:123146030972928::Thread-171 2020-08-09 18:59:56.589 - **END**
8002:123146030972928::Thread-171 2020-08-09 18:59:56.725 - Margaret spent much of her childhood with her parents and sister.
8002:123146030972928::Thread-171 2020-08-09 18:59:57.143 - Her life changed dramatically at the age of six, when her paternal uncle, King Edward VIII, abdicated to marry divorcée Wallis Simpson.
8006:123146030972928::Thread-171 2020-08-09 18:59:57.421 - The couple had two sons, the princes William and Harry, who were then second and third in the line of succession to the British throne.
8002:123146030972928::Thread-171 2020-08-09 18:59:58.07 - Margaret's father became king, and her sister became heir presumptive, with Margaret second in line to the throne.
8004:123146030972928::Thread-171 2020-08-09 18:59:58.073 - **START**
8004:123146030972928::Thread-171 2020-08-09 18:59:58.148 - Starting new HTTPS connection (1): en.wikipedia.org
8003:123146030972928::Thread-171 2020-08-09 18:59:58.274 - As a consequence of various armed conflicts, France ceded nearly all of its colonies in North America in 1763.
8003:123146030972928::Thread-171 2020-08-09 18:59:58.521 - In 1867, with the union of three British North American colonies through Confederation, Canada was formed as a federal dominion of four provinces.
8002:123146030972928::Thread-171 2020-08-09 18:59:58.885 - During the Second World War, the two sisters stayed at Windsor Castle despite suggestions to evacuate them to Canada.
8002:123146030972928::Thread-171 2020-08-09 18:59:59.282 - During the war years, Margaret was considered too young to perform any official duties and instead continued her education.
8002:123146030972928::Thread-171 2020-08-09 18:59:59.948 - After the war, Margaret fell in love with Group Captain Peter Townsend.
8003:123146030972928::Thread-171 2020-08-09 19:00:00.183 - This began an accretion of provinces and territories and a process of increasing autonomy from the United Kingdom.
8002:123146030972928::Thread-171 2020-08-09 19:00:00.929 - In 1952, her father died, her sister became queen, and Townsend divorced his wife, Rosemary.
8003:123146030972928::Thread-171 2020-08-09 19:00:01.163 - This widening autonomy was highlighted by the Statute of Westminster of 1931 and culminated in the Canada Act of 1982, which severed the vestiges of legal dependence on the British parliament.
8002:123146030972928::Thread-171 2020-08-09 19:00:01.224 - He proposed to Margaret early the following year.
8006:123146030972928::Thread-171 2020-08-09 19:00:01.438 - **END**
8002:123146030972928::Thread-171 2020-08-09 19:00:01.949 - Many in the government believed that he would be an unsuitable husband for the Queen's 22-year-old sister, and the Church of England refused to countenance marriage to a divorced man.
8005:123146030972928::Thread-171 2020-08-09 19:00:02.591 - **START**
8005:123146030972928::Thread-171 2020-08-09 19:00:02.655 - Starting new HTTPS connection (1): en.wikipedia.org
8002:123146030972928::Thread-171 2020-08-09 19:00:02.871 - Margaret eventually abandoned her plans with Townsend and married photographer Antony Armstrong-Jones in 1960; the Queen made him Earl of Snowdon.
8005:123146030972928::Thread-171 2020-08-09 19:00:04.141 - Grace Avery VanderWaal (born January 15, 2004) is an American singer-songwriter.
8005:123146030972928::Thread-171 2020-08-09 19:00:04.437 - She earned wide notice at an early age and is known for her distinctive vocals, often accompanying herself on the ukulele.
8005:123146030972928::Thread-171 2020-08-09 19:00:04.785 - VanderWaal began her musical career by posting videos of her original songs and covers on YouTube and performing at open mic nights near her hometown of Suffern, New York.
8005:123146030972928::Thread-171 2020-08-09 19:00:05.403 - In September 2016, at age 12, she won the eleventh season of the NBC TV competition show America's Got Talent (AGT), singing her original songs.
8005:123146030972928::Thread-171 2020-08-09 19:00:05.833 - In December 2016, she released her first EP, Perfectly Imperfect, on the Columbia Records label.
8005:123146030972928::Thread-171 2020-08-09 19:00:06.691 - In November 2017, she released a full-length album, Just the Beginning.
8004:123146030972928::Thread-171 2020-08-09 19:00:06.91 - **END**
8005:123146030972928::Thread-171 2020-08-09 19:00:07.216 - She released a second EP, Letters Vol 1, in November 2019.
8005:123146030972928::Thread-171 2020-08-09 19:00:07.317 - She has performed at the Planet Hollywood Resort & Casino in Las Vegas, Madison Square Garden, the opening and closing of the 2017 Special Olympics World Winter Games in Austria, various benefit concerts, the Austin City Limits Music Festival and on various television talk shows.
8005:123146030972928::Thread-171 2020-08-09 19:00:07.733 - VanderWaal conducted her first concert tour in 2017 in support of Just the Beginning.
8003:123146030972928::Thread-171 2020-08-09 19:00:08.164 - **END**
8005:123146030972928::Thread-171 2020-08-09 19:00:08.737 - She next toured in mid-2018 with Imagine Dragons in their Evolve World Tour, and in 2019, after opening in a tour for Florence and the Machine, she headlined her own "Ur So Beautiful" tour.
8002:123146030972928::Thread-171 2020-08-09 19:00:11.877 - **END**
8005:123146030972928::Thread-171 2020-08-09 19:00:17.748 - **END**