8002:123145887948800::Thread-137 2020-08-09 18:59:25.345 - **START**
8002:123145887948800::Thread-137 2020-08-09 18:59:25.384 - Starting new HTTPS connection (1): en.wikipedia.org
8004:123145887948800::Thread-137 2020-08-09 18:59:26.298 - **START**
8004:123145887948800::Thread-137 2020-08-09 18:59:26.43 - Starting new HTTPS connection (1): en.wikipedia.org
8006:123145887948800::Thread-137 2020-08-09 18:59:27.27 - **START**
8006:123145887948800::Thread-137 2020-08-09 18:59:27.544 - Starting new HTTPS connection (1): en.wikipedia.org
8004:123145887948800::Thread-137 2020-08-09 18:59:27.596 - Linkin Park is an American rock band from Agoura Hills, California.
8004:123145887948800::Thread-137 2020-08-09 18:59:28.111 - The band's current lineup comprises vocalist/rhythm guitarist Mike Shinoda, lead guitarist Brad Delson, bassist Dave Farrell, DJ/turntablist Joe Hahn and drummer Rob Bourdon, all of whom are founding members.
8006:123145887948800::Thread-137 2020-08-09 18:59:28.372 - France (French: [fʁɑ̃s] (listen)), officially the French Republic (French: République française, pronounced [ʁepyblik fʁɑ̃sɛːz] (listen)), is a country consisting of metropolitan France in Western Europe and several overseas regions and territories.
8006:123145887948800::Thread-137 2020-08-09 18:59:28.396 - The metropolitan area of France extends from the Mediterranean Sea to the English Channel and the North Sea, and from the Rhine to the Atlantic Ocean.
8004:123145887948800::Thread-137 2020-08-09 18:59:28.496 - Vocalists Mark Wakefield and Chester Bennington and bassist Kyle Christner are former members of the band.
8006:123145887948800::Thread-137 2020-08-09 18:59:29.008 - It borders Belgium, Luxembourg and Germany to the northeast, Switzerland, Monaco, and Italy to the east, and Andorra and Spain to the south.
8004:123145887948800::Thread-137 2020-08-09 18:59:29.057 - Categorized as alternative rock, Linkin Park's earlier music spanned a fusion of heavy metal and hip hop, while they later transitioned into more electronica and pop influenced music.Formed in 1996, Linkin Park rose to international fame with their debut studio album, Hybrid Theory (2000), which became certified Diamond by the Recording Industry Association of America (RIAA).
8006:123145887948800::Thread-137 2020-08-09 18:59:29.958 - The overseas territories include French Guiana in South America and several islands in the Atlantic, Pacific and Indian oceans.
8004:123145887948800::Thread-137 2020-08-09 18:59:29.96 - Released during the peak of the nu metal scene, the album's singles' heavy airplay on MTV led to the singles "One Step Closer", "Crawling" and "In the End" all charting highly on the Mainstream Rock chart; the latter crossed over to the pop chart.
8002:123145887948800::Thread-137 2020-08-09 18:59:30.031 - George Bush Intercontinental Airport (IATA: IAH, ICAO: KIAH, FAA LID: IAH) is an international airport in Houston, Texas, United States, under class B airspace, serving the Greater Houston metropolitan area.
8004:123145887948800::Thread-137 2020-08-09 18:59:30.125 - Their second album, Meteora (2003), continued the band's success.
8002:123145887948800::Thread-137 2020-08-09 18:59:30.296 - Located about 23 miles (37 km) north of Downtown Houston, between Interstate 45 and Interstate 69/U.S.
8004:123145887948800::Thread-137 2020-08-09 18:59:30.716 - The band explored experimental sounds on their third album, Minutes to Midnight (2007).
8004:123145887948800::Thread-137 2020-08-09 18:59:30.767 - By the end of the decade, Linkin Park was among the most successful and popular rock acts.The band continued to explore a wider variation of musical types on their fourth album, A Thousand Suns (2010), layering their music with more electronic sounds.
8006:123145887948800::Thread-137 2020-08-09 18:59:30.813 - The country's 18 integral regions (five of which are situated overseas) span a combined area of 643,801 square kilometres (248,573 sq mi) and a total population of 67.07 million (as of May 2020).
8006:123145887948800::Thread-137 2020-08-09 18:59:31.335 - France is a unitary semi-presidential republic with its capital in Paris, the country's largest city and main cultural and commercial centre.
8004:123145887948800::Thread-137 2020-08-09 18:59:31.434 - The band's fifth album, Living Things (2012), combined musical elements from all of their previous records.
8004:123145887948800::Thread-137 2020-08-09 18:59:31.545 - Their sixth album, The Hunting Party (2014), returned to a heavier rock sound, and their seventh album, One More Light (2017), was their first pop-oriented record.
8006:123145887948800::Thread-137 2020-08-09 18:59:31.709 - Other major urban areas include Lyon, Marseille, Toulouse, Bordeaux, Lille and Nice.
8002:123145887948800::Thread-137 2020-08-09 18:59:32.151 - Highway 59 with direct access to the Hardy Toll Road expressway, George Bush Intercontinental Airport has scheduled flights to a large number of domestic destinations, and is the second busiest airport in Texas.
8006:123145887948800::Thread-137 2020-08-09 18:59:32.416 - France, including its overseas territories, has the most time zones of any country, with a total of 12.
8004:123145887948800::Thread-137 2020-08-09 18:59:32.697 - **END**
8006:123145887948800::Thread-137 2020-08-09 18:59:33.257 - During the Iron Age, what is now metropolitan France was inhabited by the Gauls, a collection of Celtic tribes.
8002:123145887948800::Thread-137 2020-08-09 18:59:33.923 - The airport, originally named "Houston Intercontinental Airport", was later renamed after George H. W. Bush, the 41st President of the United States.In 2019, the airport served 45,264,059 passengers, making it the 47th busiest airport in the world, and the 14th busiest airport in the United States.
8006:123145887948800::Thread-137 2020-08-09 18:59:34.311 - The area was annexed by Rome in 51 BC, developing a distinct Gallo-Roman culture that laid the foundation of the French language.
8005:123145887948800::Thread-137 2020-08-09 18:59:36.216 - **START**
8004:123145887948800::Thread-137 2020-08-09 18:59:36.7 - **START**
8002:123145887948800::Thread-137 2020-08-09 18:59:36.814 - IAH covers 10,000 acres (40.5 km2.)
8003:123145887948800::Thread-137 2020-08-09 18:59:37.269 - **START**
8002:123145887948800::Thread-137 2020-08-09 18:59:37.417 - of land and has five runways.Houston Intercontinental is the second largest passenger hub for United Airlines behind Chicago–O'Hare.
8003:123145887948800::Thread-137 2020-08-09 18:59:37.506 - Starting new HTTPS connection (1): en.wikipedia.org
8002:123145887948800::Thread-137 2020-08-09 18:59:37.771 - Under operations as United Express, ExpressJet, Mesa Airlines, Republic Airways, and SkyWest Airlines operate hub operations from IAH.
8005:123145887948800::Thread-137 2020-08-09 18:59:38.072 - Starting new HTTPS connection (1): en.wikipedia.org
8006:123145887948800::Thread-137 2020-08-09 18:59:39.582 - **END**
8004:123145887948800::Thread-137 2020-08-09 18:59:39.673 - Starting new HTTPS connection (1): en.wikipedia.org
8002:123145887948800::Thread-137 2020-08-09 18:59:40.553 - It served as a hub for Houston-based Texas International Airlines and commuter air carrier Metro Airlines, which was also based in the Houston area and started its first flights when Intercontinental opened in 1969.
8002:123145887948800::Thread-137 2020-08-09 18:59:40.626 - The airport also serves as a hub for Atlas Air, which hosts a crew base, maintenance, and cargo logistics.
8002:123145887948800::Thread-137 2020-08-09 18:59:41.555 - IAH became the first airport in North America to have nonstop flights to every inhabited continent in 2017, with the addition of Air New Zealand, but lost this claim when Atlas Air ended their nonstop flight to Luanda.
8003:123145887948800::Thread-137 2020-08-09 18:59:43.348 - The France national football team (French: Équipe de France de football) represents France in men's international football and is controlled by the French Football Federation, also known as FFF, or in French: Fédération française de football.
8006:123145887948800::Thread-137 2020-08-09 18:59:43.648 - **START**
8006:123145887948800::Thread-137 2020-08-09 18:59:43.756 - Starting new HTTPS connection (1): en.wikipedia.org
8003:123145887948800::Thread-137 2020-08-09 18:59:43.77 - The team's colours are blue, white and red, and the coq gaulois its symbol.
8002:123145887948800::Thread-137 2020-08-09 18:59:44.085 - The airport regained this title in December 2019 when Ethiopian Airlines launched service to Lomé in Togo and Addis Ababa in Ethiopia Africa.
8004:123145887948800::Thread-137 2020-08-09 18:59:44.372 - Angkor Wat (; Khmer: អង្គរវត្ត, "City/Capital of Temples") is a temple complex in Cambodia and the largest religious monument in the world, on a site measuring 162.6 hectares (1,626,000 m2; 402 acres).
8002:123145887948800::Thread-137 2020-08-09 18:59:44.499 - History

A group of Houston businessmen purchased the site for Bush Intercontinental Airport in 1957 to preserve it until the city of Houston could formulate a plan for a new airport as a replacement for William P. Hobby Airport (at the time known as Houston International Airport).
8005:123145887948800::Thread-137 2020-08-09 18:59:44.531 - Rachel Mari Oberlin (born October 7, 1986), also known by her stage name Bree Olson, is an American actress, model, and former pornographic actress.
8005:123145887948800::Thread-137 2020-08-09 18:59:44.669 - She performed in over 281 pornographic films from 2006 to 2011 before changing to mainstream acting.
8003:123145887948800::Thread-137 2020-08-09 18:59:45.215 - France are colloquially known as Les Bleus (The Blues).
8004:123145887948800::Thread-137 2020-08-09 18:59:45.301 - Originally constructed as a Hindu temple dedicated to the god Vishnu for the Khmer Empire, it was gradually transformed into a Buddhist temple towards the end of the 12th century as such it is also described as a "Hindu-Buddhist" temple.
8005:123145887948800::Thread-137 2020-08-09 18:59:45.322 - Since leaving the adult film industry, she has become critical of the industry and the stigma attached to being a former porn actress.
8002:123145887948800::Thread-137 2020-08-09 18:59:45.599 - The holding company for the land was named the Jet Era Ranch Corporation, but a typographical error transformed the words "Jet Era" into "Jetero" and the airport site subsequently became known as the Jetero airport site.
8006:123145887948800::Thread-137 2020-08-09 18:59:46.161 - William Jefferson Clinton (né Blythe III; born August 19, 1946) is an American lawyer and politician who served as the 42nd president of the United States from 1993 to 2001.
8004:123145887948800::Thread-137 2020-08-09 18:59:46.436 - It was built by the Khmer King Suryavarman II in the early 12th century in Yaśodharapura (Khmer: យសោធរបុរៈ, present-day Angkor), the capital of the Khmer Empire, as his state temple and eventual mausoleum.
8002:123145887948800::Thread-137 2020-08-09 18:59:46.601 - **END**
8006:123145887948800::Thread-137 2020-08-09 18:59:46.834 - Prior to his presidency, he served as governor of Arkansas (1979–1981 and 1983–1992) and as attorney general of Arkansas (1977–1979).
8005:123145887948800::Thread-137 2020-08-09 18:59:46.891 - Personal life
Olson was born in Houston, Texas.
8004:123145887948800::Thread-137 2020-08-09 18:59:47.049 - Breaking from the Shaiva tradition of previous kings, Angkor Wat was instead dedicated to Vishnu.
8004:123145887948800::Thread-137 2020-08-09 18:59:47.601 - As the best-preserved temple at the site, it is the only one to have remained a significant religious centre since its foundation.
8003:123145887948800::Thread-137 2020-08-09 18:59:47.761 - They are the reigning world champions, having won the most recent World Cup final in 2018.
8003:123145887948800::Thread-137 2020-08-09 18:59:47.862 - France plays their home matches at the Stade de France in Saint-Denis, Île-de-France, and their manager is Didier Deschamps.
8005:123145887948800::Thread-137 2020-08-09 18:59:48.263 - Olson's maternal grandparents were Ukrainians who immigrated to Texas, then Fort Wayne, Indiana, when she was two years old.
8006:123145887948800::Thread-137 2020-08-09 18:59:48.311 - A member of the Democratic Party, Clinton was known as a New Democrat, and many of his policies reflected a centrist "Third Way" political philosophy.
8005:123145887948800::Thread-137 2020-08-09 18:59:48.682 - On March 1, 2011, Olson was reported to be living with actor Charlie Sheen.
8005:123145887948800::Thread-137 2020-08-09 18:59:48.813 - The relationship ended in April 2011.
8005:123145887948800::Thread-137 2020-08-09 18:59:48.986 - On March 24, 2016, writing as a guest columnist in Daily Dot, she related her post-porn social life, stating, "porn didn't hurt me.
8006:123145887948800::Thread-137 2020-08-09 18:59:49.082 - He is the husband of former secretary of state, former U.S. senator, and two-time candidate for president Hillary Clinton.
8004:123145887948800::Thread-137 2020-08-09 18:59:49.085 - The temple is at the top of the high classical style of Khmer architecture.
8005:123145887948800::Thread-137 2020-08-09 18:59:49.369 - The way society treats me for having done it does".
8003:123145887948800::Thread-137 2020-08-09 18:59:49.798 - They have won two FIFA World Cups, two UEFA European Championships, two FIFA Confederations Cups and one Olympic tournament.
8004:123145887948800::Thread-137 2020-08-09 18:59:50.314 - It has become a symbol of Cambodia, appearing on its national flag, and it is the country's prime attraction for visitors.Angkor Wat combines two basic plans of Khmer temple architecture: the temple-mountain and the later galleried temple.
8006:123145887948800::Thread-137 2020-08-09 18:59:50.79 - Clinton was born and raised in Arkansas and attended Georgetown University, University College, Oxford, and Yale Law School.
8005:123145887948800::Thread-137 2020-08-09 18:59:51.176 - In the same article, she said she was "broke".
8004:123145887948800::Thread-137 2020-08-09 18:59:51.894 - It is designed to represent Mount Meru, home of the devas in Hindu mythology: within a moat more than 5 kilometres (3 mi) long and an outer wall 3.6 kilometres (2.2 mi) long are three rectangular galleries, each raised above the next.
8006:123145887948800::Thread-137 2020-08-09 18:59:52.355 - He met Hillary Rodham at Yale and married her in 1975.
8006:123145887948800::Thread-137 2020-08-09 18:59:52.358 - After graduating from law school, Clinton returned to Arkansas and won election as the attorney general of Arkansas, serving from 1977 to 1979.
8003:123145887948800::Thread-137 2020-08-09 18:59:52.49 - France experienced much of its success in four major eras: in the 1950s, 1980s, late 1990s/early 2000s, and mid/late 2010s, respectively, which resulted in numerous major honours.
8004:123145887948800::Thread-137 2020-08-09 18:59:52.736 - At the centre of the temple stands a quincunx of towers.
8004:123145887948800::Thread-137 2020-08-09 18:59:52.832 - Unlike most Angkorian temples, Angkor Wat is oriented to the west; scholars are divided as to the significance of this.
8003:123145887948800::Thread-137 2020-08-09 18:59:54.043 - France was one of the four European teams that participated in the inaugural World Cup in 1930 and, although having been eliminated in the qualification stage six times, is one of only three teams that have entered every World Cup qualifying cycle.In 1958, the team, led by Raymond Kopa and Just Fontaine, finished in third place at the FIFA World Cup.
8006:123145887948800::Thread-137 2020-08-09 18:59:54.332 - He later served as governor of Arkansas.
8003:123145887948800::Thread-137 2020-08-09 18:59:55.291 - In 1984, France, led by Ballon d'Or winner Michel Platini, won UEFA Euro 1984 and Football at the 1984 Summer Olympics.
8006:123145887948800::Thread-137 2020-08-09 18:59:55.91 - As governor, he overhauled the state's education system and served as chairman of the National Governors Association.
8005:123145887948800::Thread-137 2020-08-09 18:59:56.182 - **END**
8003:123145887948800::Thread-137 2020-08-09 18:59:56.532 - However, France only began to reach its prime from the 1990s onward, with the establishment of INF Clairefontaine.
8006:123145887948800::Thread-137 2020-08-09 18:59:57.5 - Clinton was elected president in 1992, defeating incumbent Republican opponent George H. W. Bush.
8002:123145887948800::Thread-137 2020-08-09 18:59:57.603 - **START**
8002:123145887948800::Thread-137 2020-08-09 18:59:57.615 - Starting new HTTPS connection (1): en.wikipedia.org
8002:123145887948800::Thread-137 2020-08-09 18:59:59.432 - Rangers Football Club is a Scottish professional football club based in the Govan district of Glasgow, which plays in the Scottish Premiership.
8002:123145887948800::Thread-137 2020-08-09 18:59:59.512 - Although not its official name, it is often referred to as Glasgow Rangers.
8002:123145887948800::Thread-137 2020-08-09 18:59:59.726 - The fourth-oldest football club in Scotland, Rangers was founded by four teenage boys on the Fleshers' Haugh area of Glasgow Green in March 1872, and played its first match against the now defunct Callander in May of the same year.
8002:123145887948800::Thread-137 2020-08-09 19:00:00.249 - Rangers' home ground, Ibrox Stadium, which was designed by stadia architect Archibald Leitch and opened in 1929, is a Category B listed building and the third largest football stadium in Scotland.
8002:123145887948800::Thread-137 2020-08-09 19:00:00.267 - The club has played in royal blue shirts for the entirety of its history.Rangers is the second most successful club in world football in terms of trophies won, behind only Egyptian club Al Ahly.
8002:123145887948800::Thread-137 2020-08-09 19:00:00.338 - The club has won the Scottish League title 54 times, a domestic league joint world record, the Scottish Cup 33 times, the Scottish League Cup a record 27 times and the domestic treble on 7 occasions, more than any other club.
8002:123145887948800::Thread-137 2020-08-09 19:00:00.344 - Rangers won the European Cup Winners' Cup in 1972 after being losing finalists twice in 1961 (the first British club to reach a UEFA tournament final) and 1967.
8006:123145887948800::Thread-137 2020-08-09 19:00:00.504 - **END**
8002:123145887948800::Thread-137 2020-08-09 19:00:00.827 - A third runners-up finish in European competition came in the UEFA Cup in 2008.
8002:123145887948800::Thread-137 2020-08-09 19:00:01.738 - Rangers has a long-standing rivalry with Celtic, the two Glasgow clubs being collectively known as the Old Firm, which is considered one of the world's biggest football derbies.
8004:123145887948800::Thread-137 2020-08-09 19:00:01.835 - **END**
8002:123145887948800::Thread-137 2020-08-09 19:00:02.68 - With more than 600 Rangers supporters' clubs in 35 countries worldwide, Rangers has one of the largest fanbases in world football.
8003:123145887948800::Thread-137 2020-08-09 19:00:04.537 - **END**
8002:123145887948800::Thread-137 2020-08-09 19:00:05.682 - **END**
8005:123145887948800::Thread-137 2020-08-09 19:00:07.188 - **START**
8005:123145887948800::Thread-137 2020-08-09 19:00:07.195 - Starting new HTTPS connection (1): en.wikipedia.org
8005:123145887948800::Thread-137 2020-08-09 19:00:09.182 - Osama bin Mohammed bin Awad bin Laden  (Arabic: أسامة بن محمد بن عوض بن لادن‎, Usāmah bin Muḥammad bin ʿAwaḍ bin Lādin; March 10, 1957 – May 2, 2011), also rendered Usama bin Ladin, was a founder of the pan-Islamic militant organization al-Qaeda, designated as a terrorist group by the United Nations Security Council, the North Atlantic Treaty Organization (NATO), the European Union, and various countries.
8005:123145887948800::Thread-137 2020-08-09 19:00:09.767 - He was a Saudi Arabian citizen until 1994 (stateless thereafter) and a member of the wealthy bin Laden family.
8005:123145887948800::Thread-137 2020-08-09 19:00:10.835 - Bin Laden's father was Mohammed bin Awad bin Laden, a Saudi millionaire from Hadhramaut, Yemen, and the founder of the construction company, Saudi Binladin Group.
8005:123145887948800::Thread-137 2020-08-09 19:00:12.199 - His mother, Alia Ghanem, was from a secular middle-class family in Latakia, Syria.
8005:123145887948800::Thread-137 2020-08-09 19:00:12.653 - He was born in Saudi Arabia and studied at university in the country until 1979, when he joined Mujahideen forces in Pakistan fighting against the Soviet Union in Afghanistan.
8005:123145887948800::Thread-137 2020-08-09 19:00:12.973 - He helped to fund the Mujahideen by funneling arms, money and fighters from the Arab world into Afghanistan, and gained popularity among many Arabs.
8005:123145887948800::Thread-137 2020-08-09 19:00:14.517 - In 1988, he formed al-Qaeda.
8005:123145887948800::Thread-137 2020-08-09 19:00:14.609 - He was banished from Saudi Arabia in 1992, and shifted his base to Sudan, until U.S. pressure forced him to leave Sudan in 1996.
8005:123145887948800::Thread-137 2020-08-09 19:00:15.398 - After establishing a new base in Afghanistan, he declared a war against the United States, initiating a series of bombings and related attacks.
8005:123145887948800::Thread-137 2020-08-09 19:00:16.879 - Bin Laden was on the American Federal Bureau of Investigation's (FBI) lists of Ten Most Wanted Fugitives and Most Wanted Terrorists for his involvement in the 1998 U.S. embassy bombings.Bin Laden is most well known for his role in masterminding the September 11 attacks, which resulted in the deaths of nearly 3,000 and prompted the United States to initiate the War on Terror.
8005:123145887948800::Thread-137 2020-08-09 19:00:24.881 - **END**