8004:123145921601536::Thread-145 2020-08-09 18:59:25.233 - **START**
8004:123145921601536::Thread-145 2020-08-09 18:59:25.24 - Starting new HTTPS connection (1): en.wikipedia.org
8002:123145921601536::Thread-145 2020-08-09 18:59:27.353 - **START**
8002:123145921601536::Thread-145 2020-08-09 18:59:27.576 - Starting new HTTPS connection (1): en.wikipedia.org
8004:123145921601536::Thread-145 2020-08-09 18:59:27.9 - The Statue of Liberty (Liberty Enlightening the World; French: La Liberté éclairant le monde) is a colossal neoclassical sculpture on Liberty Island in New York Harbor within New York City, in the United States.
8004:123145921601536::Thread-145 2020-08-09 18:59:29.431 - The copper statue, a gift from the people of France to the people of the United States, was designed by French sculptor Frédéric Auguste Bartholdi and its metal framework was built by Gustave Eiffel.
8004:123145921601536::Thread-145 2020-08-09 18:59:29.576 - The statue was dedicated on October 28, 1886.
8004:123145921601536::Thread-145 2020-08-09 18:59:29.62 - The statue is a figure of Libertas, a robed Roman liberty goddess.
8004:123145921601536::Thread-145 2020-08-09 18:59:30.849 - She holds a torch above her head with her right hand, and in her left hand carries a tabula ansata inscribed JULY IV MDCCLXXVI (July 4, 1776 in Roman numerals), the date of the U.S.
8002:123145921601536::Thread-145 2020-08-09 18:59:30.882 - Serena Jameka Williams (born September 26, 1981) is an American professional tennis player and former world No.
8004:123145921601536::Thread-145 2020-08-09 18:59:31.654 - Declaration of Independence.
8002:123145921601536::Thread-145 2020-08-09 18:59:32.462 - 1 in women's single tennis.
8004:123145921601536::Thread-145 2020-08-09 18:59:32.891 - A broken shackle and chain lie at her feet as she walks forward, commemorating the recent national abolition of slavery.
8004:123145921601536::Thread-145 2020-08-09 18:59:33.181 - After its dedication, the statue became an icon of freedom and of the United States, seen as a symbol of welcome to immigrants arriving by sea.
8002:123145921601536::Thread-145 2020-08-09 18:59:33.464 - She has won 23 Grand Slam singles titles, the most by any player in the Open Era, and the second-most of all time behind Margaret Court (24).
8002:123145921601536::Thread-145 2020-08-09 18:59:33.989 - The Women's Tennis Association (WTA) ranked her world No.
8003:123145921601536::Thread-145 2020-08-09 18:59:34.318 - **START**
8004:123145921601536::Thread-145 2020-08-09 18:59:34.376 - Bartholdi was inspired by a French law professor and politician, Édouard René de Laboulaye, who is said to have commented in 1865 that any monument raised to U.S. independence would properly be a joint project of the French and U.S. peoples.
8003:123145921601536::Thread-145 2020-08-09 18:59:34.997 - Starting new HTTPS connection (1): en.wikipedia.org
8005:123145921601536::Thread-145 2020-08-09 18:59:35.229 - **START**
8002:123145921601536::Thread-145 2020-08-09 18:59:35.438 - 1 in singles on eight separate occasions between 2002 and 2017.
8004:123145921601536::Thread-145 2020-08-09 18:59:35.479 - The Franco-Prussian War delayed progress until 1875, when Laboulaye proposed that the French finance the statue and the U.S. provide the site and build the pedestal.
8004:123145921601536::Thread-145 2020-08-09 18:59:35.543 - Bartholdi completed the head and the torch-bearing arm before the statue was fully designed, and these pieces were exhibited for publicity at international expositions.
8002:123145921601536::Thread-145 2020-08-09 18:59:35.726 - She reached the No.
8002:123145921601536::Thread-145 2020-08-09 18:59:36.122 - 1 ranking for the first time on July 8, 2002.
8002:123145921601536::Thread-145 2020-08-09 18:59:37.332 - On her sixth occasion, she held the ranking for 186 consecutive weeks, tying the record set by Steffi Graf.
8002:123145921601536::Thread-145 2020-08-09 18:59:38.207 - In total, she has been No.
8005:123145921601536::Thread-145 2020-08-09 18:59:38.067 - Starting new HTTPS connection (1): en.wikipedia.org
8002:123145921601536::Thread-145 2020-08-09 18:59:38.555 - 1 for 319 weeks, which ranks third in the Open Era among female players behind Graf and Martina Navratilova.
8003:123145921601536::Thread-145 2020-08-09 18:59:38.973 - Istanbul (, also US: ; Turkish: İstanbul [isˈtanbuɫ] (listen)), formerly known as Byzantium and Constantinople, is the most populous city in Turkey and the country's economic, cultural and historic center.
8006:123145921601536::Thread-145 2020-08-09 18:59:40.276 - **START**
8003:123145921601536::Thread-145 2020-08-09 18:59:40.383 - Istanbul is a transcontinental city in Eurasia, straddling the Bosporus strait (which separates Europe and Asia) between the Sea of Marmara and the Black Sea.
8006:123145921601536::Thread-145 2020-08-09 18:59:40.759 - Starting new HTTPS connection (1): en.wikipedia.org
8004:123145921601536::Thread-145 2020-08-09 18:59:41.554 - **END**
8003:123145921601536::Thread-145 2020-08-09 18:59:41.509 - Its commercial and historical center lies on the European side and about a third of its population lives in suburbs on the Asian side of the Bosporus.
8003:123145921601536::Thread-145 2020-08-09 18:59:43.316 - With a total population of around fifteen million residents in its metropolitan area, Istanbul is one of the world's largest cities by population, ranking as the world's fifteenth-largest city and the largest city in Europe.
8006:123145921601536::Thread-145 2020-08-09 18:59:43.329 - Mia Khalifa (; Arabic: ميا خليفة‎, Lebanese Arabic pronunciation: [ˈmiːa xaˈliːfe]; born February 10, 1993), also known as Mia Callista, is a Lebanese-American social media personality, sports commentator, webcam model, and former pornographic actress.
8003:123145921601536::Thread-145 2020-08-09 18:59:43.798 - The city is the administrative centre of the Istanbul Metropolitan Municipality (coterminous with Istanbul Province).
8006:123145921601536::Thread-145 2020-08-09 18:59:43.932 - Born in Beirut, Lebanon, Khalifa moved to the United States in 2001.
8005:123145921601536::Thread-145 2020-08-09 18:59:44.064 - Julia Ann Tavella (born October 8, 1969) is an American pornographic actress and feature dancer.
8006:123145921601536::Thread-145 2020-08-09 18:59:44.442 - She began acting in pornography in October 2014, and by December was ranked the most viewed performer on the website Pornhub.
8002:123145921601536::Thread-145 2020-08-09 18:59:44.557 - **END**
8006:123145921601536::Thread-145 2020-08-09 18:59:44.898 - Her career choice was met with controversy in the Middle East, especially for a video in which she performed sexual acts while wearing the Islamic hijab.
8005:123145921601536::Thread-145 2020-08-09 18:59:45.143 - She is a member of the AVN Hall of Fame and the XRCO Hall of Fame.
8006:123145921601536::Thread-145 2020-08-09 18:59:45.386 - Khalifa left the pornographic industry to pursue other interests.
8004:123145921601536::Thread-145 2020-08-09 18:59:45.56 - **START**
8004:123145921601536::Thread-145 2020-08-09 18:59:45.564 - Starting new HTTPS connection (1): en.wikipedia.org
8006:123145921601536::Thread-145 2020-08-09 18:59:45.592 - Early life
Mia Khalifa was born on February 10, 1993, in Beirut, Lebanon, and moved with her family to the United States in January 2001, leaving their home in the wake of the South Lebanon conflict.
8006:123145921601536::Thread-145 2020-08-09 18:59:45.748 - Her family is Catholic and she was raised in that religion, in what she describes as a "very conservative" home, although she is no longer practicing.
8005:123145921601536::Thread-145 2020-08-09 18:59:45.933 - Career
By age 18 Julia Ann started modeling, then became a professional mud wrestler in Hollywood before becoming one half of the popular touring strip club feature act Blondage, with Janine Lindemulder, in the early 1990s.
8006:123145921601536::Thread-145 2020-08-09 18:59:46.086 - Khalifa attended a French private school in Beirut, where she learned to speak English.
8006:123145921601536::Thread-145 2020-08-09 18:59:46.238 - After moving to the United States, she lived in Montgomery County, Maryland, and played lacrosse in high school.
8004:123145921601536::Thread-145 2020-08-09 18:59:46.249 - Iceland (Icelandic: Ísland; [ˈistlant] (listen)) is a Nordic island country in the North Atlantic, with a population of 364,134 and an area of 103,000 km2 (40,000 sq mi), making it the most sparsely populated country in Europe.
8006:123145921601536::Thread-145 2020-08-09 18:59:46.519 - Khalifa attended Northwest High School.
8003:123145921601536::Thread-145 2020-08-09 18:59:46.531 - Founded under the name of Byzantion (Βυζάντιον) on the Sarayburnu promontory around 660 BCE, the city grew in size and influence, becoming one of the most important cities in history.
8005:123145921601536::Thread-145 2020-08-09 18:59:47.516 - Their success led to offers to join the adult film industry.Julia Ann debuted in adult films in 1993 in Andrew Blake's Hidden Obsessions, in a lesbian sex scene with Lindemulder.
8005:123145921601536::Thread-145 2020-08-09 18:59:47.8 - She was under contract to Wicked Pictures in 2006, but in May 2007 she posted on the members section of her website that she had not renewed her contract with Wicked.She has worked as a make-up artist.She has referred to fellow pornographic actress Christy Canyon as one of her "idols" in the business.
8004:123145921601536::Thread-145 2020-08-09 18:59:48.25 - The capital and largest city is Reykjavík.
8005:123145921601536::Thread-145 2020-08-09 18:59:48.985 - Appearances
Julia Ann has also made appearances as herself on television shows, series, and documentaries such as Rated A for Adult, Night Calls, Give Me Your Soul..., Dreamwagon: Inside the Adult Industry, VS., The Man Show, and How They Make Adult Movies.In 1989, Julia Ann appeared in the film American Angels: Baptism of Blood.
8003:123145921601536::Thread-145 2020-08-09 18:59:49.143 - After its reestablishment as Constantinople in 330 CE, it served as an imperial capital for almost sixteen centuries, during the Roman/Byzantine (330–1204), Latin (1204–1261), Byzantine (1261–1453) and Ottoman (1453–1922) empires.
8005:123145921601536::Thread-145 2020-08-09 18:59:50.674 - Awards


AVN awards
1994 Best All-Girl Sex Scene – Film for Hidden Obsessions
2000 Best All-Girl Sex Scene – Film for Seven Deadly Sins
2004 Best Actress – Video for Beautiful
2004 Hall of Fame
2010 Best Makeup for The 8th Day
2010 MILF/Cougar Performer of the Year
2011 MILF/Cougar Performer of the Year
2013 MILF/Cougar Performer of the Year
2015 Hottest MILF (Fan Award)


XRCO awards
1994 Best Girl-Girl Scene for Hidden Obsessions
2009 MILF of the Year
2011 MILF of the Year
2012 Hall of Fame
2017 Mainstream Adult Media Favorite


XBIZ awards
2014 MILF Performer of the Year


NightMoves awards
2013 Best MILF Performer (Fan's Choice)
2015 Hall of Fame


Personal life
Ann grew up around animals and developed a love for horses; she also took piano lessons and learned to swim "like a fish."
8004:123145921601536::Thread-145 2020-08-09 18:59:51.175 - Reykjavík and the surrounding areas in the southwest of the country are home to over two-thirds of the population.
8003:123145921601536::Thread-145 2020-08-09 18:59:51.934 - It was instrumental in the advancement of Christianity during Roman and Byzantine times, before the Ottomans conquered the city in 1453 CE and transformed it into an Islamic stronghold and the seat of the Ottoman Caliphate.
8005:123145921601536::Thread-145 2020-08-09 18:59:52.621 - At age 12 she moved to Idyllwild, California, where she attended a college-prep school before moving back to Los Angeles to live with her grandmother at age 17.Ann married adult film director Michael Raven on June 21, 2003, divorcing in 2007.
8005:123145921601536::Thread-145 2020-08-09 18:59:53.348 - Besides breast enlargement, Julia Ann also had labiaplasty and a nose job to remove the after-effects of a broken nose suffered when a horse kicked her in the face.
8006:123145921601536::Thread-145 2020-08-09 18:59:53.525 - **END**
8004:123145921601536::Thread-145 2020-08-09 18:59:54.046 - Iceland is volcanically and geologically active.
8003:123145921601536::Thread-145 2020-08-09 18:59:54.082 - Under the name Constantinople it was the Ottoman capital until 1923.
8005:123145921601536::Thread-145 2020-08-09 18:59:54.353 - **END**
8004:123145921601536::Thread-145 2020-08-09 18:59:55.362 - The interior consists of a plateau characterised by sand and lava fields, mountains, and glaciers, and many glacial rivers flow to the sea through the lowlands.
8006:123145921601536::Thread-145 2020-08-09 18:59:55.528 - **START**
8006:123145921601536::Thread-145 2020-08-09 18:59:55.534 - Starting new HTTPS connection (1): en.wikipedia.org
8004:123145921601536::Thread-145 2020-08-09 18:59:56.401 - Iceland is warmed by the Gulf Stream and has a temperate climate, despite a high latitude just outside the Arctic Circle.
8003:123145921601536::Thread-145 2020-08-09 18:59:56.553 - The capital was then moved to Ankara and the city was renamed Istanbul.
8006:123145921601536::Thread-145 2020-08-09 18:59:56.59 - Elizabeth I (7 September 1533 – 24 March 1603) was Queen of England and Ireland from 17 November 1558 until her death on 24 March 1603.
8006:123145921601536::Thread-145 2020-08-09 18:59:56.997 - Sometimes called the Virgin Queen, Gloriana or Good Queen Bess, Elizabeth was the last of the five monarchs of the House of Tudor.
8006:123145921601536::Thread-145 2020-08-09 18:59:57.335 - Elizabeth was the daughter of Henry VIII and Anne Boleyn, his second wife, who was executed two-and-a-half years after Elizabeth's birth.
8004:123145921601536::Thread-145 2020-08-09 18:59:58.105 - Its high latitude and marine influence keep summers chilly, with most of the archipelago having a polar climate.
8006:123145921601536::Thread-145 2020-08-09 18:59:58.127 - Anne's marriage to Henry VIII was annulled, and Elizabeth was declared illegitimate.
8006:123145921601536::Thread-145 2020-08-09 18:59:58.483 - Her half-brother, Edward VI, ruled until his death in 1553, bequeathing the crown to Lady Jane Grey and ignoring the claims of his two half-sisters, the Roman Catholic Mary and the younger Elizabeth, in spite of statute law to the contrary.
8006:123145921601536::Thread-145 2020-08-09 18:59:59.112 - Edward's will was set aside and Mary became queen, deposing Lady Jane Grey.
8006:123145921601536::Thread-145 2020-08-09 18:59:59.848 - During Mary's reign, Elizabeth was imprisoned for nearly a year on suspicion of supporting Protestant rebels.
8002:123145921601536::Thread-145 2020-08-09 19:00:00.561 - **START**
8002:123145921601536::Thread-145 2020-08-09 19:00:00.57 - Starting new HTTPS connection (1): en.wikipedia.org
8004:123145921601536::Thread-145 2020-08-09 19:00:00.813 - According to the ancient manuscript Landnámabók, the settlement of Iceland began in 874 AD when the Norwegian chieftain Ingólfr Arnarson became the first permanent settler on the island.
8006:123145921601536::Thread-145 2020-08-09 19:00:00.826 - In 1558 upon Mary's death, Elizabeth succeeded her half-sister to the throne and set out to rule by good counsel.
8006:123145921601536::Thread-145 2020-08-09 19:00:01.525 - She depended heavily on a group of trusted advisers, led by William Cecil, 1st Baron Burghley.
8003:123145921601536::Thread-145 2020-08-09 19:00:01.591 - **END**
8006:123145921601536::Thread-145 2020-08-09 19:00:02.505 - One of her first actions as queen was the establishment of an English Protestant church, of which she became the supreme governor.
8004:123145921601536::Thread-145 2020-08-09 19:00:02.634 - In the following centuries, Norwegians, and to a lesser extent other Scandinavians, emigrated to Iceland, bringing with them thralls (i.e., slaves or serfs) of Gaelic origin.
8002:123145921601536::Thread-145 2020-08-09 19:00:03.479 - Mariah Carey (born March 27, 1969 or 1970) is an American singer-songwriter, record producer, actress, entrepreneur, and philanthropist.
8002:123145921601536::Thread-145 2020-08-09 19:00:03.655 - She was signed to Columbia Records in 1988 and rose to fame after releasing her eponymous debut album two years later.
8004:123145921601536::Thread-145 2020-08-09 19:00:04.756 - The island was governed as an independent commonwealth under the Althing, one of the world's oldest functioning legislative assemblies.
8002:123145921601536::Thread-145 2020-08-09 19:00:05.878 - Carey is the first artist in history to have their first five singles become consecutive number one songs on the Billboard Hot 100 (from "Vision of Love" to "Emotions").
8002:123145921601536::Thread-145 2020-08-09 19:00:06.905 - Renowned for her five-octave vocal range, melismatic singing style, and signature use of the whistle register, Carey is referred to as the "Songbird Supreme" by Guinness World Records.
8002:123145921601536::Thread-145 2020-08-09 19:00:08.214 - In 1993, Carey married Sony Music head Tommy Mottola.
8005:123145921601536::Thread-145 2020-08-09 19:00:08.356 - **START**
8005:123145921601536::Thread-145 2020-08-09 19:00:08.367 - Starting new HTTPS connection (1): en.wikipedia.org
8006:123145921601536::Thread-145 2020-08-09 19:00:09.507 - **END**
8005:123145921601536::Thread-145 2020-08-09 19:00:10.839 - Ryan Rodney Reynolds (born October 23, 1976) is a Canadian-American actor, film producer and entrepreneur.
8002:123145921601536::Thread-145 2020-08-09 19:00:10.922 - She achieved worldwide success with follow-up albums Music Box (1993), Merry Christmas (1994), and Daydream (1995).
8002:123145921601536::Thread-145 2020-08-09 19:00:10.986 - These albums spawned some of Carey's most successful singles, including "Hero", "Without You", "All I Want for Christmas Is You", "Fantasy", "Always Be My Baby", as well as "One Sweet Day", which topped the US Billboard Hot 100 for 16 weeks and became Billboard's Song of the Decade (1990s Decade).
8002:123145921601536::Thread-145 2020-08-09 19:00:11.367 - After separating from Mottola, Carey adopted a new image and incorporated more elements of hip hop into her music with the release of Butterfly (1997) and Rainbow (1999).
8004:123145921601536::Thread-145 2020-08-09 19:00:11.76 - **END**
8005:123145921601536::Thread-145 2020-08-09 19:00:12.755 - He began his career starring in the Canadian teen soap opera Hillside (1991–1993) and had minor roles before landing the lead role on the sitcom Two Guys and a Girl between 1998 and 2001.
8002:123145921601536::Thread-145 2020-08-09 19:00:13.85 - Billboard named her the country's most successful artist of the 1990s, while the World Music Awards honored her as the world's best-selling music artist of the 1990s, and the best-selling female artist of the millennium.
8005:123145921601536::Thread-145 2020-08-09 19:00:14.433 - Reynolds then starred in a range of films, including comedies such as National Lampoon's Van Wilder (2002), Waiting... (2005), and The Proposal (2009).
8005:123145921601536::Thread-145 2020-08-09 19:00:14.811 - He also performed in dramatic roles in Buried (2010), Woman in Gold (2015), and Life (2017), starred in action films such as Blade: Trinity (2004), Deadpool (2016), and 6 Underground  (2019) and provided voice acting in the animated features The Croods and Turbo (2013) and Pokemon: Detective Pikachu (2019).
8002:123145921601536::Thread-145 2020-08-09 19:00:16.164 - After eleven consecutive years charting a US number-one single, Carey parted ways with Columbia in 2000 and signed a $100 million recording contract with Virgin Records.
8005:123145921601536::Thread-145 2020-08-09 19:00:16.286 - Reynolds' biggest commercial success came with the superhero films Deadpool (2016) and Deadpool 2 (2018), in which he played the title character.
8005:123145921601536::Thread-145 2020-08-09 19:00:16.899 - The former set numerous records at the time of its release for an R-rated comedy and his performance earned him nominations at the Critics' Choice Movie Awards and the Golden Globe Awards.
8005:123145921601536::Thread-145 2020-08-09 19:00:17.314 - Reynolds was awarded a star on the Hollywood Walk of Fame in 2017.
8005:123145921601536::Thread-145 2020-08-09 19:00:17.6 - He was married to actress Scarlett Johansson from 2008 to 2011 and since 2012, has been married to actress Blake Lively, with whom he has three daughters.
8005:123145921601536::Thread-145 2020-08-09 19:00:19.589 - Early life
Ryan Rodney Reynolds was born on October 23, 1976, in Vancouver, British Columbia, the youngest of four sons of food wholesaler James Chester Reynolds and retail saleswoman Tamara Lee (née Stewart).
8002:123145921601536::Thread-145 2020-08-09 19:00:21.167 - **END**
8005:123145921601536::Thread-145 2020-08-09 19:00:21.591 - **END**