8004:123145930014720::Thread-147 2020-08-09 18:59:29.216 - **START**
8004:123145930014720::Thread-147 2020-08-09 18:59:29.354 - Starting new HTTPS connection (1): en.wikipedia.org
8005:123145930014720::Thread-147 2020-08-09 18:59:30.228 - **START**
8006:123145930014720::Thread-147 2020-08-09 18:59:30.268 - **START**
8006:123145930014720::Thread-147 2020-08-09 18:59:30.831 - Starting new HTTPS connection (1): en.wikipedia.org
8005:123145930014720::Thread-147 2020-08-09 18:59:30.965 - Starting new HTTPS connection (1): en.wikipedia.org
8004:123145930014720::Thread-147 2020-08-09 18:59:30.966 - The Berlin Wall (German: Berliner Mauer, pronounced [bɛʁˈliːnɐ ˈmaʊ̯ɐ] (listen)) was a guarded concrete barrier that physically and ideologically divided Berlin from 1961 to 1989.
8004:123145930014720::Thread-147 2020-08-09 18:59:32.363 - Construction of the wall was commenced by the German Democratic Republic (GDR, East Germany) on 13 August 1961.
8005:123145930014720::Thread-147 2020-08-09 18:59:33.375 - Charlemagne (English: ; French: [ʃaʁləmaɲ]) or Charles the Great (2 April 748 – 28 January 814), numbered Charles I, was the King of the Franks from 768, the King of the Lombards from 774, and the Emperor of the Romans from 800.
8004:123145930014720::Thread-147 2020-08-09 18:59:33.695 - The Wall cut off West Berlin from surrounding East Germany, including East Berlin.
8005:123145930014720::Thread-147 2020-08-09 18:59:33.74 - During the Early Middle Ages, he united the majority of western and central Europe.
8006:123145930014720::Thread-147 2020-08-09 18:59:33.971 - West Ham United Football Club is an English professional football club based in Stratford, East London.
8003:123145930014720::Thread-147 2020-08-09 18:59:34.314 - **START**
8005:123145930014720::Thread-147 2020-08-09 18:59:34.997 - He was the first recognised emperor to rule from western Europe since the fall of the Western Roman Empire three centuries earlier.
8003:123145930014720::Thread-147 2020-08-09 18:59:35.033 - Starting new HTTPS connection (1): en.wikipedia.org
8006:123145930014720::Thread-147 2020-08-09 18:59:35.382 - They compete in the Premier League, the top tier of English football.
8004:123145930014720::Thread-147 2020-08-09 18:59:35.547 - The barrier included guard towers placed along large concrete walls, accompanied by a wide area (later known as the "death strip") that contained anti-vehicle trenches, beds of nails, and other defenses.
8004:123145930014720::Thread-147 2020-08-09 18:59:35.686 - The Eastern Bloc portrayed the Wall as protecting its population from fascist elements conspiring to prevent the "will of the people" from building a socialist state in East Germany.
8005:123145930014720::Thread-147 2020-08-09 18:59:36.297 - The expanded Frankish state that Charlemagne founded is called the Carolingian Empire.
8004:123145930014720::Thread-147 2020-08-09 18:59:36.451 - GDR authorities officially referred to the Berlin Wall as the Anti-Fascist Protection Rampart (German: Antifaschistischer Schutzwall).
8004:123145930014720::Thread-147 2020-08-09 18:59:36.621 - The West Berlin city government sometimes referred to it as the "Wall of Shame", a term coined by mayor Willy Brandt in reference to the Wall's restriction on freedom of movement.
8005:123145930014720::Thread-147 2020-08-09 18:59:37.094 - He was later canonised by Antipope Paschal III.
8004:123145930014720::Thread-147 2020-08-09 18:59:37.333 - Along with the separate and much longer Inner German border (IGB), which demarcated the border between East and West Germany, it came to physically symbolize the "Iron Curtain" that separated Western Europe and the Eastern Bloc during the Cold War.Before the Wall's erection, 3.5 million East Germans circumvented Eastern Bloc emigration restrictions and defected from the GDR, many by crossing over the border from East Berlin into West Berlin; from there they could then travel to West Germany and to other Western European countries.
8005:123145930014720::Thread-147 2020-08-09 18:59:37.357 - Charlemagne was the eldest son of Pepin the Short and Bertrada of Laon, born before their canonical marriage.
8006:123145930014720::Thread-147 2020-08-09 18:59:38.394 - The club play at the London Stadium, having moved from their former home the Boleyn Ground in 2016.
8005:123145930014720::Thread-147 2020-08-09 18:59:38.931 - He became king in 768 following his father's death, initially as co-ruler with his brother Carloman I. Carloman's sudden death in December 771 under unexplained circumstances left Charlemagne the sole ruler of the Frankish Kingdom.
8006:123145930014720::Thread-147 2020-08-09 18:59:39.267 - The club was founded in 1895 as Thames Ironworks and reformed in 1900 as West Ham United.
8004:123145930014720::Thread-147 2020-08-09 18:59:39.31 - Between 1961 and 1989, the Wall prevented almost all such emigration.
8004:123145930014720::Thread-147 2020-08-09 18:59:39.352 - During this period, over 100,000 people attempted to escape, and over 5,000 people succeeded in escaping over the Wall, with an estimated death toll ranging from 136 to more than 200 in and around Berlin.
8006:123145930014720::Thread-147 2020-08-09 18:59:39.75 - They moved to the Boleyn Ground in 1904, which remained their home ground for more than a century.
8005:123145930014720::Thread-147 2020-08-09 18:59:40.061 - He continued his father's policy towards the papacy and became its protector, removing the Lombards from power in northern Italy and leading an incursion into Muslim Spain.
8005:123145930014720::Thread-147 2020-08-09 18:59:40.098 - He campaigned against the Saxons to his east, Christianising them upon penalty of death and leading to events such as the Massacre of Verden.
8006:123145930014720::Thread-147 2020-08-09 18:59:40.861 - The team initially competed in the Southern League and Western League before joining the Football League in 1919.
8005:123145930014720::Thread-147 2020-08-09 18:59:40.948 - He reached the height of his power in 800 when he was crowned "Emperor of the Romans" by Pope Leo III on Christmas Day at Old St. Peter's Basilica in Rome.
8004:123145930014720::Thread-147 2020-08-09 18:59:41.353 - **END**
8002:123145930014720::Thread-147 2020-08-09 18:59:41.354 - **START**
8003:123145930014720::Thread-147 2020-08-09 18:59:41.888 - **END**
8002:123145930014720::Thread-147 2020-08-09 18:59:42.665 - Starting new HTTPS connection (1): en.wikipedia.org
8006:123145930014720::Thread-147 2020-08-09 18:59:43.1 - They were promoted to the top flight in 1923, when they were also losing finalists in the first FA Cup Final held at Wembley.
8006:123145930014720::Thread-147 2020-08-09 18:59:44.126 - In 1940, the club won the inaugural Football League War Cup.
8006:123145930014720::Thread-147 2020-08-09 18:59:44.51 - West Ham have been winners of the FA Cup three times; in 1964, 1975 and 1980, and have also been runners-up twice; in 1923 and 2006.
8006:123145930014720::Thread-147 2020-08-09 18:59:44.984 - The club have reached two major European finals, winning the European Cup Winners' Cup in 1965 and finishing runners-up in the same competition in 1976.
8002:123145930014720::Thread-147 2020-08-09 18:59:45.512 - The Great Wall of China (Chinese: 萬里長城; pinyin: Wànlǐ Chángchéng) is the collective name of a series of fortification systems generally built across the historical northern borders of China to protect and consolidate territories of Chinese states and empires against various nomadic groups of the steppe and their polities.
8003:123145930014720::Thread-147 2020-08-09 18:59:45.89 - **START**
8003:123145930014720::Thread-147 2020-08-09 18:59:45.895 - Starting new HTTPS connection (1): en.wikipedia.org
8002:123145930014720::Thread-147 2020-08-09 18:59:46.024 - Several walls were being built from as early as the 7th century BC by ancient Chinese states; selective stretches were later joined together by Qin Shi Huang (220–206 BC), the first emperor of China.
8002:123145930014720::Thread-147 2020-08-09 18:59:46.277 - Little of the Qin wall remains.
8002:123145930014720::Thread-147 2020-08-09 18:59:47.249 - Later on, many successive dynasties have built and maintained multiple stretches of border walls.
8002:123145930014720::Thread-147 2020-08-09 18:59:47.791 - The most well-known sections of the wall were built by the Ming dynasty (1368–1644).
8002:123145930014720::Thread-147 2020-08-09 18:59:48.095 - Apart from defense, other purposes of the Great Wall have included border controls, allowing the imposition of duties on goods transported along the Silk Road, regulation or encouragement of trade and the control of immigration and emigration.
8003:123145930014720::Thread-147 2020-08-09 18:59:48.398 - San Francisco, officially the City and County of San Francisco and colloquially known as The City, SF, or Frisco and San Fran is the cultural, commercial, and financial center of Northern California.
8002:123145930014720::Thread-147 2020-08-09 18:59:48.401 - Furthermore, the defensive characteristics of the Great Wall were enhanced by the construction of watch towers, troop barracks, garrison stations, signaling capabilities through the means of smoke or fire, and the fact that the path of the Great Wall also served as a transportation corridor.
8003:123145930014720::Thread-147 2020-08-09 18:59:48.922 - San Francisco is the 16th most populous city in the United States, and the fourth most populous in California, with 881,549 residents as of 2019.
8005:123145930014720::Thread-147 2020-08-09 18:59:48.949 - **END**
8002:123145930014720::Thread-147 2020-08-09 18:59:49.148 - The frontier walls built by different dynasties have multiple courses.
8002:123145930014720::Thread-147 2020-08-09 18:59:49.798 - Collectively, they stretch from Liaodong in the east to Lop Lake in the west, from the present-day Sino–Russian border in the north to Taohe River in the south; along an arc that roughly delineates the edge of Mongolian steppe.
8003:123145930014720::Thread-147 2020-08-09 18:59:49.927 - It covers an area of about 46.89 square miles (121.4 km2), mostly at the north end of the San Francisco Peninsula in the San Francisco Bay Area, making it the second most densely populated large U.S. city, and the fifth most densely populated U.S. county, behind only four of the five New York City boroughs.
8002:123145930014720::Thread-147 2020-08-09 18:59:49.941 - A comprehensive archaeological survey, using advanced technologies, has concluded that the walls built by the Ming dynasty measure 8,850 km (5,500 mi).
8005:123145930014720::Thread-147 2020-08-09 18:59:49.953 - **START**
8006:123145930014720::Thread-147 2020-08-09 18:59:49.995 - **END**
8005:123145930014720::Thread-147 2020-08-09 18:59:49.999 - Starting new HTTPS connection (1): en.wikipedia.org
8003:123145930014720::Thread-147 2020-08-09 18:59:51.049 - San Francisco is the 12th-largest metropolitan statistical area in the United States by population, with 4.7 million people, and the fourth-largest by economic output, with GDP of $549 billion in 2018.
8005:123145930014720::Thread-147 2020-08-09 18:59:51.181 - Ireland ( (listen); Irish: Éire [ˈeːɾʲə] (listen); Ulster-Scots: Airlann [ˈɑːrlən]) is an island in the North Atlantic.
8003:123145930014720::Thread-147 2020-08-09 18:59:51.344 - With San Jose, it forms the fifth most populous combined statistical area in the United States, the San Jose–San Francisco–Oakland, CA Combined Statistical Area (9.67 million residents in 2018).
8003:123145930014720::Thread-147 2020-08-09 18:59:52.322 - As of 2020, San Francisco has the highest salaries, disposable income, and median home prices in the world at $1.7 million, as well as the highest median rents.
8005:123145930014720::Thread-147 2020-08-09 18:59:52.889 - It is separated from Great Britain to its east by the North Channel, the Irish Sea, and St George's Channel.
8003:123145930014720::Thread-147 2020-08-09 18:59:53.036 - In 2018, San Francisco was the seventh-highest-income county in the United States, with a per capita personal income of $130,696.
8005:123145930014720::Thread-147 2020-08-09 18:59:54.042 - Ireland is the second-largest island of the British Isles, the third-largest in Europe, and the twentieth-largest on Earth.Geopolitically, Ireland is divided between the Republic of Ireland (officially named Ireland), which covers five-sixths of the island, and Northern Ireland, which is part of the United Kingdom.
8003:123145930014720::Thread-147 2020-08-09 18:59:54.29 - In the same year, San Francisco proper had a GDP of $183.2 billion, and a GDP per capita of $207,371.
8005:123145930014720::Thread-147 2020-08-09 18:59:55.41 - In 2011, the population of Ireland was about 6.6 million, ranking it the second-most populous island in Europe after Great Britain.
8005:123145930014720::Thread-147 2020-08-09 18:59:56.024 - As of 2016, 4.8 million live in the Republic of Ireland, and 1.8 million live in Northern Ireland.The geography of Ireland comprises relatively low-lying mountains surrounding a central plain, with several navigable rivers extending inland.
8003:123145930014720::Thread-147 2020-08-09 18:59:56.138 - The CSA San Francisco shares with San Jose and Oakland was the country's third-largest urban economy as of 2018, with a GDP of $1.03 trillion.
8005:123145930014720::Thread-147 2020-08-09 18:59:56.9 - Its lush vegetation is a product of its mild but changeable climate which is free of extremes in temperature.
8003:123145930014720::Thread-147 2020-08-09 18:59:57.328 - Of the 500+ primary statistical areas in the U.S., this CSA had among the highest GDP per capita in 2018, at $106,757.
8004:123145930014720::Thread-147 2020-08-09 18:59:57.355 - **START**
8004:123145930014720::Thread-147 2020-08-09 18:59:57.36 - Starting new HTTPS connection (1): en.wikipedia.org
8002:123145930014720::Thread-147 2020-08-09 18:59:57.943 - **END**
8003:123145930014720::Thread-147 2020-08-09 18:59:58.332 - **END**
8005:123145930014720::Thread-147 2020-08-09 18:59:58.748 - Much of Ireland was woodland until the end of the Middle Ages.
8005:123145930014720::Thread-147 2020-08-09 18:59:59.719 - Today, woodland makes up about 10% of the island, compared with a European average of over 33%, and most of it is non-native conifer plantations.
8005:123145930014720::Thread-147 2020-08-09 19:00:01.525 - There are twenty-six extant land mammal species native to Ireland.
8005:123145930014720::Thread-147 2020-08-09 19:00:02.364 - The Irish climate is influenced by the Atlantic Ocean and thus very moderate, and winters are milder than expected for such a northerly area, although summers are cooler than those in continental Europe.
8004:123145930014720::Thread-147 2020-08-09 19:00:03.892 - **END**
8005:123145930014720::Thread-147 2020-08-09 19:00:04.364 - **END**
8006:123145930014720::Thread-147 2020-08-09 19:00:04.999 - **START**
8006:123145930014720::Thread-147 2020-08-09 19:00:05.003 - Starting new HTTPS connection (1): en.wikipedia.org
8006:123145930014720::Thread-147 2020-08-09 19:00:06.119 - John Winston Ono Lennon  (born John Winston Lennon, 9 October 1940 – 8 December 1980) was an English singer, songwriter and peace activist who gained worldwide fame as the founder, co-lead vocalist, and rhythm guitarist of the Beatles.
8006:123145930014720::Thread-147 2020-08-09 19:00:07.079 - His songwriting partnership with Paul McCartney remains the most successful in musical history.
8006:123145930014720::Thread-147 2020-08-09 19:00:07.947 - In 1969, he started the Plastic Ono Band with his second wife, Yoko Ono.
8006:123145930014720::Thread-147 2020-08-09 19:00:08.087 - After the Beatles disbanded in 1970, Lennon continued as a solo artist and as Ono's collaborator.
8006:123145930014720::Thread-147 2020-08-09 19:00:08.251 - Born in Liverpool, Lennon became involved in the skiffle craze as a teenager.
8006:123145930014720::Thread-147 2020-08-09 19:00:08.354 - In 1956, he formed his first band, the Quarrymen, which evolved into the Beatles in 1960.
8006:123145930014720::Thread-147 2020-08-09 19:00:08.817 - He was initially the group's de facto leader, a role gradually ceded to McCartney.
8006:123145930014720::Thread-147 2020-08-09 19:00:09.236 - Lennon was characterised for the rebellious nature and acerbic wit in his music, writing, drawings, on film and in interviews.
8003:123145930014720::Thread-147 2020-08-09 19:00:09.335 - **START**
8003:123145930014720::Thread-147 2020-08-09 19:00:09.34 - Starting new HTTPS connection (1): en.wikipedia.org
8006:123145930014720::Thread-147 2020-08-09 19:00:09.951 - In the mid-1960s, he had two books published: In His Own Write and A Spaniard in the Works, both collections of nonsensical writings and line drawings.
8006:123145930014720::Thread-147 2020-08-09 19:00:10.723 - Starting with 1967's "All You Need Is Love", his songs were adopted as anthems by the anti-war movement and the larger counterculture.
8003:123145930014720::Thread-147 2020-08-09 19:00:10.842 - Cleopatra VII Philopator (Koinē Greek: Κλεοπάτρα Φιλοπάτωρ, Kleopátra Philopátōr; 69 – 10 or 12 August 30 BC) was the last active ruler of the Ptolemaic Kingdom of Egypt.
8003:123145930014720::Thread-147 2020-08-09 19:00:11.482 - As a member of the Ptolemaic dynasty, she was a descendant of its founder Ptolemy I Soter, a Macedonian Greek general and companion of Alexander the Great.
8003:123145930014720::Thread-147 2020-08-09 19:00:12.887 - After the death of Cleopatra, Egypt became a province of the Roman Empire, marking the end of the second to last Hellenistic state and the age that had lasted since the reign of Alexander (336–323 BC).
8003:123145930014720::Thread-147 2020-08-09 19:00:14.715 - Her native language was Koine Greek, and she was the only Ptolemaic ruler to learn the Egyptian language.In 58 BC, Cleopatra presumably accompanied her father, Ptolemy XII, during his exile to Rome after a revolt in Egypt (a Roman client state) allowing his daughter Berenice IV to claim the throne.
8002:123145930014720::Thread-147 2020-08-09 19:00:14.949 - **START**
8002:123145930014720::Thread-147 2020-08-09 19:00:14.955 - Starting new HTTPS connection (1): en.wikipedia.org
8003:123145930014720::Thread-147 2020-08-09 19:00:15.388 - Berenice was killed in 55 BC when Ptolemy returned to Egypt with Roman military assistance.
8002:123145930014720::Thread-147 2020-08-09 19:00:15.699 - Westminster Abbey, formally titled the Collegiate Church of Saint Peter at Westminster, is a large, mainly Gothic abbey church in the City of Westminster, London, England, just to the west of the Palace of Westminster.
8003:123145930014720::Thread-147 2020-08-09 19:00:16.749 - When he died in 51 BC, the joint reign of Cleopatra and her brother Ptolemy XIII began, but a falling-out between them led to open civil war.
8002:123145930014720::Thread-147 2020-08-09 19:00:17.239 - It is one of the United Kingdom's most notable religious buildings and the traditional place of coronation and burial site for English and, later, British monarchs.
8003:123145930014720::Thread-147 2020-08-09 19:00:17.315 - After losing the 48 BC Battle of Pharsalus in Greece against his rival Julius Caesar (a Roman dictator and consul) in Caesar's Civil War, the Roman statesman Pompey fled to Egypt.
8002:123145930014720::Thread-147 2020-08-09 19:00:17.425 - The building itself was a Benedictine monastic church until the monastery was dissolved in 1539.
8002:123145930014720::Thread-147 2020-08-09 19:00:17.541 - Between 1540 and 1556, the abbey had the status of a cathedral.
8003:123145930014720::Thread-147 2020-08-09 19:00:18.159 - Pompey had been a political ally of Ptolemy XII, but Ptolemy XIII, at the urging of his court eunuchs, had Pompey ambushed and killed before Caesar arrived and occupied Alexandria.
8002:123145930014720::Thread-147 2020-08-09 19:00:18.824 - Since 1560, the building is no longer an abbey or a cathedral, having instead the status of a Church of England "Royal Peculiar"—a church responsible directly to the sovereign.
8002:123145930014720::Thread-147 2020-08-09 19:00:19.157 - According to a tradition first reported by Sulcard in about 1080, a church was founded at the site (then known as Thorn Ey (Thorn Island)) in the seventh century, at the time of Mellitus, a Bishop of London.
8003:123145930014720::Thread-147 2020-08-09 19:00:19.241 - Caesar then attempted to reconcile the rival Ptolemaic siblings, but Ptolemy's chief adviser Potheinos viewed Caesar's terms as favoring Cleopatra, so his forces besieged her and Caesar at the palace.
8002:123145930014720::Thread-147 2020-08-09 19:00:19.691 - Construction of the present church began in 1245, on the orders of King Henry III.Since the coronation of William the Conqueror in 1066, all coronations of English and British monarchs have been in Westminster Abbey.
8006:123145930014720::Thread-147 2020-08-09 19:00:19.726 - **END**
8003:123145930014720::Thread-147 2020-08-09 19:00:20.724 - Shortly after the siege was lifted by reinforcements, Ptolemy XIII died in the 47 BC Battle of the Nile; Cleopatra's half-sister Arsinoe IV was eventually exiled to Ephesus for her role in carrying out the siege.
8002:123145930014720::Thread-147 2020-08-09 19:00:20.915 - There have been 16 royal weddings at the abbey since 1100.
8002:123145930014720::Thread-147 2020-08-09 19:00:22.508 - As the burial site of more than 3,300 persons, usually of prominence in British history (including at least sixteen monarchs, eight Prime Ministers, poets laureate, actors, scientists, military leaders, and the Unknown Warrior), Westminster Abbey is sometimes described as 'Britain's Valhalla', after the iconic hall of the chosen heroes in Norse mythology.
8002:123145930014720::Thread-147 2020-08-09 19:00:22.641 - History
A late tradition claims that Aldrich, a young fisherman on the River Thames, had a vision of Saint Peter near the site.
8003:123145930014720::Thread-147 2020-08-09 19:00:29.726 - **END**
8002:123145930014720::Thread-147 2020-08-09 19:00:31.648 - **END**