8004:123146077245440::Thread-182 2020-08-09 18:59:29.247 - **START**
8004:123146077245440::Thread-182 2020-08-09 18:59:29.411 - Starting new HTTPS connection (1): en.wikipedia.org
8004:123146077245440::Thread-182 2020-08-09 18:59:31.731 - Barack Hussein Obama II ( (listen); born August 4, 1961) is an American politician and attorney who served as the 44th president of the United States from 2009 to 2017.
8005:123146077245440::Thread-182 2020-08-09 18:59:32.255 - **START**
8006:123146077245440::Thread-182 2020-08-09 18:59:32.416 - **START**
8004:123146077245440::Thread-182 2020-08-09 18:59:32.435 - A member of the Democratic Party, Barack Obama was the first African American president of the United States.
8006:123146077245440::Thread-182 2020-08-09 18:59:33.066 - Starting new HTTPS connection (1): en.wikipedia.org
8004:123146077245440::Thread-182 2020-08-09 18:59:33.955 - He previously served as a U.S. senator from Illinois from 2005 to 2008 and an Illinois state senator from 1997 to 2004.
8004:123146077245440::Thread-182 2020-08-09 18:59:35.118 - Obama was born in Honolulu, Hawaii, making him the first president not born in the contiguous United States.
8002:123146077245440::Thread-182 2020-08-09 18:59:35.384 - **START**
8005:123146077245440::Thread-182 2020-08-09 18:59:36.025 - Starting new HTTPS connection (1): en.wikipedia.org
8004:123146077245440::Thread-182 2020-08-09 18:59:36.639 - After graduating from Columbia University in 1983, he worked as a community organizer in Chicago.
8006:123146077245440::Thread-182 2020-08-09 18:59:36.747 - Heath Andrew Ledger (4 April 1979 – 22 January 2008) was an Australian actor, photographer and music video director.
8002:123146077245440::Thread-182 2020-08-09 18:59:37.0 - Starting new HTTPS connection (1): en.wikipedia.org
8004:123146077245440::Thread-182 2020-08-09 18:59:37.785 - In 1988, he enrolled in Harvard Law School, where he was the first black person to be president of the Harvard Law Review.
8003:123146077245440::Thread-182 2020-08-09 18:59:38.275 - **START**
8006:123146077245440::Thread-182 2020-08-09 18:59:38.539 - After performing roles in several Australian television and film productions during the 1990s, Ledger left for the United States in 1998 to further develop his film career.
8004:123146077245440::Thread-182 2020-08-09 18:59:39.043 - After graduating, he became a civil rights attorney and an academic, teaching constitutional law at the University of Chicago Law School from 1992 to 2004.
8006:123146077245440::Thread-182 2020-08-09 18:59:40.116 - His work consisted of nineteen films, including 10 Things I Hate About You (1999), The Patriot (2000), A Knight's Tale (2001), Monster's Ball (2001), Lords of Dogtown (2005), Brokeback Mountain (2005), Candy (2006), The Dark Knight (2008), and The Imaginarium of Doctor Parnassus (2009), the latter two being posthumous releases.
8005:123146077245440::Thread-182 2020-08-09 18:59:40.297 - Göbekli Tepe (Turkish: [ɟœbecˈli teˈpe], "Potbelly Hill") is an archaeological site in the Southeastern Anatolia Region of Turkey approximately 12 km (7 mi) northeast of the city of Şanlıurfa.
8004:123146077245440::Thread-182 2020-08-09 18:59:40.368 - Turning to elective politics, he represented the 13th district from 1997 until 2004 in the Illinois Senate, when he ran for the U.S. Senate.
8003:123146077245440::Thread-182 2020-08-09 18:59:40.884 - Starting new HTTPS connection (1): en.wikipedia.org
8005:123146077245440::Thread-182 2020-08-09 18:59:40.984 - The tell (artificial mound) has a height of 15 m (50 ft) and is about 300 m (1,000 ft) in diameter.
8005:123146077245440::Thread-182 2020-08-09 18:59:41.271 - It is approximately 760 m (2,500 ft) above sea level.
8002:123146077245440::Thread-182 2020-08-09 18:59:41.559 - Brazil (Portuguese: Brasil; Brazilian Portuguese: [bɾaˈziw]), officially the Federative Republic of Brazil (Portuguese: República Federativa do Brasil), is the largest country in both South America and Latin America.
8005:123146077245440::Thread-182 2020-08-09 18:59:41.785 - The tell includes two phases of use, believed to be of a social or ritual nature by site discoverer and excavator Klaus Schmidt, dating back to the 10th–8th millennium BCE.
8004:123146077245440::Thread-182 2020-08-09 18:59:41.863 - Obama received national attention in 2004 with his March Senate primary win, his well-received July Democratic National Convention keynote address, and his landslide November election to the Senate.
8005:123146077245440::Thread-182 2020-08-09 18:59:41.883 - During the first phase, belonging to the Pre-Pottery Neolithic A (PPNA), circles of massive 'T'-shaped stone pillars were erected – the world's oldest known megaliths.More than 200 pillars in about 20 circles are known (as of May 2020) through geophysical surveys.
8005:123146077245440::Thread-182 2020-08-09 18:59:41.916 - Each pillar has a height of up to 6 m (20 ft) and weighs up to 10 tons.
8006:123146077245440::Thread-182 2020-08-09 18:59:41.948 - He also produced and directed music videos and aspired to be a film director.For his portrayal of Ennis Del Mar in Brokeback Mountain, Ledger won the New York Film Critics Circle Award for Best Actor and the Best International Actor Award from the Australian Film Institute; he was the first actor to win the latter award posthumously.
8006:123146077245440::Thread-182 2020-08-09 18:59:42.611 - He was nominated for the BAFTA Award for Best Actor in a Leading Role and the Academy Award for Best Actor.
8005:123146077245440::Thread-182 2020-08-09 18:59:42.874 - They are fitted into sockets that were hewn out of the local bedrock.
8004:123146077245440::Thread-182 2020-08-09 18:59:42.931 - In 2008, he was nominated for president a year after his presidential campaign began, and after close primary campaigns against Hillary Clinton, Obama was elected over Republican John McCain and was inaugurated alongside Joe Biden on January 20, 2009.
8005:123146077245440::Thread-182 2020-08-09 18:59:43.389 - In the second phase, belonging to the Pre-Pottery Neolithic B (PPNB), the erected pillars are smaller and stood in rectangular rooms with floors of polished lime.
8006:123146077245440::Thread-182 2020-08-09 18:59:43.507 - Posthumously, he shared the 2007 Independent Spirit Robert Altman Award with the rest of the ensemble cast, the director, and the casting director for the film I'm Not There, which was inspired by the life and songs of American singer-songwriter Bob Dylan.
8005:123146077245440::Thread-182 2020-08-09 18:59:43.659 - The site was abandoned after the Pre-Pottery Neolithic B (PPNB).
8002:123146077245440::Thread-182 2020-08-09 18:59:43.905 - At 8.5 million square kilometers (3.2 million square miles) and with over 211 million people, Brazil is the world's fifth-largest country by area and the sixth most populous.
8003:123146077245440::Thread-182 2020-08-09 18:59:43.949 - Kayden Kross is an American pornographic actress, writer, and director.
8006:123146077245440::Thread-182 2020-08-09 18:59:44.108 - In the film, Ledger portrayed a fictional actor named Robbie Clark, one of six characters embodying aspects of Dylan's life and persona.Ledger died on 22 January 2008 due to an accidental overdose of prescription medications.
8005:123146077245440::Thread-182 2020-08-09 18:59:44.275 - Younger structures date to classical times.
8005:123146077245440::Thread-182 2020-08-09 18:59:44.394 - The details of the structure's function remain a mystery.
8006:123146077245440::Thread-182 2020-08-09 18:59:45.15 - A few months before his death, Ledger had finished filming his performance as the Joker in The Dark Knight.
8002:123146077245440::Thread-182 2020-08-09 18:59:45.167 - Its capital is Brasília, and its most populous city is São Paulo.
8006:123146077245440::Thread-182 2020-08-09 18:59:45.458 - At the time of his death, The Dark Knight was in its editing phase, and The Imaginarium of Doctor Parnassus was in the midst of filming, in which he was playing his last role as Tony.
8006:123146077245440::Thread-182 2020-08-09 18:59:45.867 - His untimely death also affected the subsequent promotion of The Dark Knight.
8004:123146077245440::Thread-182 2020-08-09 18:59:45.934 - **END**
8003:123146077245440::Thread-182 2020-08-09 18:59:46.621 - Early life
Kross was born and raised in Sacramento, California.
8002:123146077245440::Thread-182 2020-08-09 18:59:47.781 - The federation is composed of the union of the 26 states and the Federal District.
8003:123146077245440::Thread-182 2020-08-09 18:59:47.782 - She grew up in the foothills between Sacramento and Placerville.
8006:123146077245440::Thread-182 2020-08-09 18:59:49.871 - **END**
8003:123146077245440::Thread-182 2020-08-09 18:59:50.039 - She is of mostly Swedish ancestry.
8002:123146077245440::Thread-182 2020-08-09 18:59:50.66 - It is the largest country to have Portuguese as an official language and the only one in the Americas; it is also one of the most multicultural and ethnically diverse nations, due to over a century of mass immigration from around the world; as well as the most populous Roman Catholic-majority country.
8004:123146077245440::Thread-182 2020-08-09 18:59:51.935 - **START**
8004:123146077245440::Thread-182 2020-08-09 18:59:51.938 - Starting new HTTPS connection (1): en.wikipedia.org
8005:123146077245440::Thread-182 2020-08-09 18:59:52.4 - **END**
8003:123146077245440::Thread-182 2020-08-09 18:59:52.652 - She has described herself as "the book nerd" during her time as a high school student.
8002:123146077245440::Thread-182 2020-08-09 18:59:52.683 - Bounded by the Atlantic Ocean on the east, Brazil has a coastline of 7,491 kilometers (4,655 mi).
8004:123146077245440::Thread-182 2020-08-09 18:59:53.17 - Kristen Jaymes Stewart (born April 9, 1990) is an American actress and filmmaker.
8003:123146077245440::Thread-182 2020-08-09 18:59:53.323 - Kross began stripping at Rick's Showgirls in Rancho Cordova, California when she was eighteen years old to earn extra money to rescue a pony from a slaughter house, which she kept for eight months.
8002:123146077245440::Thread-182 2020-08-09 18:59:53.907 - It borders all other countries in South America except Ecuador and Chile and covers 47.3% of the continent's land area.
8004:123146077245440::Thread-182 2020-08-09 18:59:54.05 - The world's highest-paid actress in 2010 and 2012, she is the recipient of several accolades, including a BAFTA Award and a César Award, which she was the first American actress to win.
8002:123146077245440::Thread-182 2020-08-09 18:59:54.2 - Its Amazon River basin includes a vast tropical forest, home to diverse wildlife, a variety of ecological systems, and extensive natural resources spanning numerous protected habitats.
8004:123146077245440::Thread-182 2020-08-09 18:59:54.89 - Born and raised in Los Angeles to an American father and Australian mother, both of whom work in show business, Stewart first gained notice at age 12 for her role as the daughter of Jodie Foster's character in David Fincher's thriller Panic Room (2002), which earned her a Young Artist Award nomination for Best Leading Actress in a Feature Film.
8004:123146077245440::Thread-182 2020-08-09 18:59:55.535 - She subsequently starred in Speak (2004), Catch That Kid (2004), Zathura: A Space Adventure (2005), and Into the Wild (2007).
8002:123146077245440::Thread-182 2020-08-09 18:59:56.21 - This unique environmental heritage makes Brazil one of 17 megadiverse countries, and is the subject of significant global interest and debate regarding deforestation and environmental protection.
8003:123146077245440::Thread-182 2020-08-09 18:59:56.232 - She was later contacted by an agent, whose business relationship provided Kross with the opportunity of modeling in adult magazines.
8004:123146077245440::Thread-182 2020-08-09 18:59:56.583 - In 2010, she was awarded the BAFTA Rising Star Award.
8002:123146077245440::Thread-182 2020-08-09 18:59:57.105 - Brazil was inhabited by numerous tribal nations prior to the landing in 1500 of explorer Pedro Álvares Cabral, who claimed the area for the Portuguese Empire.
8003:123146077245440::Thread-182 2020-08-09 18:59:57.657 - Career
Her movies with Vivid included Kayden's First Time, Hard Time, and Be Here Now.
8006:123146077245440::Thread-182 2020-08-09 18:59:57.873 - **START**
8006:123146077245440::Thread-182 2020-08-09 18:59:57.942 - Starting new HTTPS connection (1): en.wikipedia.org
8003:123146077245440::Thread-182 2020-08-09 18:59:58.252 - Unhappy with the company, she became a free agent one year later when she did not renew her contract.
8004:123146077245440::Thread-182 2020-08-09 18:59:58.553 - Stewart went on to gain worldwide recognition for her role as Bella Swan in The Twilight Saga film series (2008–2012), which collectively grossed over $3.3 billion worldwide.After starring in the fantasy film Snow White and the Huntsman (2012), Stewart eschewed roles in big-budget films in favor of independent productions for the next few years.
8006:123146077245440::Thread-182 2020-08-09 18:59:58.743 - Rafael "Rafa" Nadal Parera (Catalan: [rəf(ə)ˈɛl nəˈðal pəˈɾeɾə], Spanish: [rafaˈel naˈðal paˈɾeɾa]; born 3 June 1986) is a Spanish professional tennis player currently ranked world No.
8003:123146077245440::Thread-182 2020-08-09 18:59:59.006 - She signed an exclusive contract with Adam & Eve after one month of being a free agent.
8004:123146077245440::Thread-182 2020-08-09 19:00:00.176 - She took on roles in the dramas Camp X-Ray and Still Alice (both 2014), and the science fiction romance Equals (2016).
8004:123146077245440::Thread-182 2020-08-09 19:00:00.962 - In 2015, she garnered critical acclaim for her performance in Olivier Assayas' drama film Clouds of Sils Maria, which won her the César Award for Best Supporting Actress.
8006:123146077245440::Thread-182 2020-08-09 19:00:01.439 - 2 in men's singles tennis by the Association of Tennis Professionals (ATP).Nadal has won 19 Grand Slam singles titles, the second-most in history for a male player, as well as a record 35 ATP Tour Masters 1000 titles, 21 ATP Tour 500 titles and the 2008 Olympic gold medal in singles.
8006:123146077245440::Thread-182 2020-08-09 19:00:01.969 - In addition, Nadal has held the world No.
8004:123146077245440::Thread-182 2020-08-09 19:00:02.645 - Stewart reunited with Assayas the following year in the supernatural thriller Personal Shopper (2016) and made her directorial debut with the 2017 short film Come Swim.
8004:123146077245440::Thread-182 2020-08-09 19:00:02.86 - She returned to mainstream Hollywood with leading roles in the action films Charlie's Angels (2019) and Underwater (2020).
8006:123146077245440::Thread-182 2020-08-09 19:00:04.035 - 1 ranking for a total of 209 weeks, including being the year-end No.
8002:123146077245440::Thread-182 2020-08-09 19:00:04.11 - **END**
8006:123146077245440::Thread-182 2020-08-09 19:00:05.683 - 1 five times.
8003:123146077245440::Thread-182 2020-08-09 19:00:06.01 - **END**
8005:123146077245440::Thread-182 2020-08-09 19:00:06.403 - **START**
8005:123146077245440::Thread-182 2020-08-09 19:00:06.416 - Starting new HTTPS connection (1): en.wikipedia.org
8006:123146077245440::Thread-182 2020-08-09 19:00:07.373 - In majors, Nadal has won a record twelve French Open titles, four US Open titles, two Wimbledon titles and one Australian Open title, and won at least one Grand Slam every year for a record ten consecutive years (2005–2014).
8005:123146077245440::Thread-182 2020-08-09 19:00:07.411 - Lost is an American drama television series that originally aired on ABC from September 22, 2004, to May 23, 2010, over six seasons, comprising a total of 121 episodes.
8004:123146077245440::Thread-182 2020-08-09 19:00:07.865 - **END**
8005:123146077245440::Thread-182 2020-08-09 19:00:08.023 - The show contains elements of supernatural and science fiction, and follows the survivors of a commercial jet airliner flying between Sydney and Los Angeles, after the plane crashes on a mysterious island somewhere in the South Pacific Ocean.
8005:123146077245440::Thread-182 2020-08-09 19:00:08.47 - The story is told in a heavily serialized manner.
8005:123146077245440::Thread-182 2020-08-09 19:00:08.904 - Episodes typically feature a primary storyline set on the island, augmented by flashback or flashforward sequences which provide additional insight into the involved characters.
8005:123146077245440::Thread-182 2020-08-09 19:00:09.767 - Lost was created by Jeffrey Lieber, J. J. Abrams and Damon Lindelof, who share story writing credits for the pilot episode, which Abrams directed.
8006:123146077245440::Thread-182 2020-08-09 19:00:10.282 - Nadal has won 85 career titles overall, including the most outdoor titles in the Open Era (83) and a record 59 titles on clay.
8005:123146077245440::Thread-182 2020-08-09 19:00:10.356 - Throughout the show's run, Lindelof and Carlton Cuse served as showrunners and head writers, working together with many other executive producers and writers.
8005:123146077245440::Thread-182 2020-08-09 19:00:10.375 - Due to its large ensemble cast and the cost of filming primarily on location in Oahu, Hawaii, the series was one of the most expensive on television, with the pilot alone costing over $14 million.
8005:123146077245440::Thread-182 2020-08-09 19:00:10.485 - The fictional universe and mythology of Lost are expanded upon by a number of related media, most importantly, a series of short mini-episodes called Missing Pieces, and a 12-minute epilogue titled "The New Man in Charge".
8005:123146077245440::Thread-182 2020-08-09 19:00:10.649 - Lost has regularly been ranked by critics as one of the greatest television series of all time.
8005:123146077245440::Thread-182 2020-08-09 19:00:11.599 - The first season had an estimated average of 16 million viewers per episode on ABC.
8005:123146077245440::Thread-182 2020-08-09 19:00:11.625 - During its sixth and final season, the show averaged over 11 million U.S. viewers per episode.
8006:123146077245440::Thread-182 2020-08-09 19:00:11.878 - With 81 consecutive wins on clay, Nadal holds the record for the longest single-surface win streak in the Open Era.
8005:123146077245440::Thread-182 2020-08-09 19:00:12.626 - **END**
8006:123146077245440::Thread-182 2020-08-09 19:00:14.802 - Nadal has been involved in five Davis Cup titles with Spain, and currently has a 29-win streak and 29–1 record in singles matches at the event.
8006:123146077245440::Thread-182 2020-08-09 19:00:16.349 - In 2010, at the age of 24, he became the seventh male player and the youngest of five in the Open Era to achieve the singles Career Grand Slam.
8006:123146077245440::Thread-182 2020-08-09 19:00:17.351 - **END**