8002:123145345298432::Thread-8 2020-08-09 18:59:27.28 - **START**
8002:123145345298432::Thread-8 2020-08-09 18:59:27.578 - Starting new HTTPS connection (1): en.wikipedia.org
8004:123145345298432::Thread-8 2020-08-09 18:59:28.199 - **START**
8006:123145345298432::Thread-8 2020-08-09 18:59:28.22 - **START**
8006:123145345298432::Thread-8 2020-08-09 18:59:28.35 - Starting new HTTPS connection (1): en.wikipedia.org
8004:123145345298432::Thread-8 2020-08-09 18:59:28.42 - Starting new HTTPS connection (1): en.wikipedia.org
8005:123145345298432::Thread-8 2020-08-09 18:59:29.205 - **START**
8003:123145345298432::Thread-8 2020-08-09 18:59:29.212 - **START**
8006:123145345298432::Thread-8 2020-08-09 18:59:29.31 - The Brooklyn Bridge is a hybrid cable-stayed/suspension bridge in New York City, spanning the East River between the boroughs of Manhattan and Brooklyn.
8003:123145345298432::Thread-8 2020-08-09 18:59:29.372 - Starting new HTTPS connection (1): en.wikipedia.org
8005:123145345298432::Thread-8 2020-08-09 18:59:29.383 - Starting new HTTPS connection (1): en.wikipedia.org
8002:123145345298432::Thread-8 2020-08-09 18:59:30.277 - The Great Wall of China (Chinese: 萬里長城; pinyin: Wànlǐ Chángchéng) is the collective name of a series of fortification systems generally built across the historical northern borders of China to protect and consolidate territories of Chinese states and empires against various nomadic groups of the steppe and their polities.
8006:123145345298432::Thread-8 2020-08-09 18:59:30.78 - Opened on May 24, 1883, the Brooklyn Bridge was the first fixed crossing across the East River.
8002:123145345298432::Thread-8 2020-08-09 18:59:31.76 - Several walls were being built from as early as the 7th century BC by ancient Chinese states; selective stretches were later joined together by Qin Shi Huang (220–206 BC), the first emperor of China.
8003:123145345298432::Thread-8 2020-08-09 18:59:31.829 - Ballspielverein Borussia 09 e.V.
8006:123145345298432::Thread-8 2020-08-09 18:59:32.682 - It was also the longest suspension bridge in the world at the time of its opening, with a main span of 1,595.5 feet (486.3 m) and a deck located 127 ft (38.7 m) above mean high water.
8005:123145345298432::Thread-8 2020-08-09 18:59:32.963 - Zion Lateef Williamson (born July 6, 2000) is an American professional basketball player for the New Orleans Pelicans of the National Basketball Association (NBA).
8006:123145345298432::Thread-8 2020-08-09 18:59:33.246 - The span was originally called the New York and Brooklyn Bridge or the East River Bridge but was officially renamed the Brooklyn Bridge in 1915.
8003:123145345298432::Thread-8 2020-08-09 18:59:33.553 - Dortmund, commonly known as Borussia Dortmund [boˈʁʊsi̯aː ˈdɔɐ̯tmʊnt], BVB, or simply Dortmund, is a German professional sports club based in Dortmund, North Rhine-Westphalia.
8002:123145345298432::Thread-8 2020-08-09 18:59:33.836 - Little of the Qin wall remains.
8006:123145345298432::Thread-8 2020-08-09 18:59:34.118 - Proposals for a bridge connecting Manhattan and Brooklyn were first made in the early 19th century, which eventually led to the construction of the current span, designed by John A. Roebling.
8003:123145345298432::Thread-8 2020-08-09 18:59:34.132 - It is best known for its men's professional football team, which plays in the Bundesliga, the top tier of the German football league system.
8005:123145345298432::Thread-8 2020-08-09 18:59:34.619 - He plays the power forward position.
8005:123145345298432::Thread-8 2020-08-09 18:59:34.979 - Following a dominant freshman-year stint with the Duke Blue Devils, he was selected by the Pelicans first overall in the 2019 NBA draft.
8002:123145345298432::Thread-8 2020-08-09 18:59:35.147 - Later on, many successive dynasties have built and maintained multiple stretches of border walls.
8005:123145345298432::Thread-8 2020-08-09 18:59:35.385 - Born in Salisbury, North Carolina, Williamson attended Spartanburg Day School, where he was a consensus five-star recruit and was ranked among the top five players in the 2018 class.
8006:123145345298432::Thread-8 2020-08-09 18:59:35.524 - His son Washington Roebling oversaw the construction and contributed further design work, assisted by the latter's wife, Emily Warren Roebling.
8003:123145345298432::Thread-8 2020-08-09 18:59:35.818 - The club have won eight league championships, four DFB-Pokals, one UEFA Champions League, one Intercontinental Cup, and one UEFA Cup Winners' Cup.
8004:123145345298432::Thread-8 2020-08-09 18:59:36.662 - **END**
8006:123145345298432::Thread-8 2020-08-09 18:59:36.727 - While construction started in 1870, numerous controversies and the novelty of the designed construction process caused the actual construction to be prolonged over thirteen years.
8005:123145345298432::Thread-8 2020-08-09 18:59:37.092 - He led his team to three straight state championships and earned South Carolina Mr. Basketball recognition in his senior season.
8003:123145345298432::Thread-8 2020-08-09 18:59:37.296 - Founded in 1909 by eighteen football players from Dortmund, the football team is part of a large membership-based sports club with more than 145,000 members, making Borussia Dortmund the second largest sports club by membership in Germany.
8002:123145345298432::Thread-8 2020-08-09 18:59:37.434 - The most well-known sections of the wall were built by the Ming dynasty (1368–1644).
8003:123145345298432::Thread-8 2020-08-09 18:59:37.499 - The club has active departments in other sports, namely in women's handball.
8006:123145345298432::Thread-8 2020-08-09 18:59:38.42 - Since opening, the Brooklyn Bridge has undergone several reconfigurations, having carried horse-drawn vehicles and elevated railway lines until 1950.
8002:123145345298432::Thread-8 2020-08-09 18:59:38.652 - Apart from defense, other purposes of the Great Wall have included border controls, allowing the imposition of duties on goods transported along the Silk Road, regulation or encouragement of trade and the control of immigration and emigration.
8003:123145345298432::Thread-8 2020-08-09 18:59:38.818 - Since 1974, Dortmund have played their home games at Westfalenstadion; the stadium is the largest in Germany, and Dortmund has the highest average attendance of any association football club in the world.Borussia Dortmund's colours are black and yellow, giving the club its nickname die Schwarzgelben.
8005:123145345298432::Thread-8 2020-08-09 18:59:38.829 - Williamson also left high school as a McDonald's All-American, runner-up for Mr. Basketball USA, and USA Today All-USA first team honoree.
8005:123145345298432::Thread-8 2020-08-09 18:59:38.916 - In high school, he drew national attention for his slam dunks.
8005:123145345298432::Thread-8 2020-08-09 18:59:40.457 - In his freshman and only season with Duke, Williamson was named ACC Player of the Year, ACC Athlete of the Year and ACC Rookie of the Year.
8006:123145345298432::Thread-8 2020-08-09 18:59:40.473 - To alleviate increasing traffic flows, additional bridges and tunnels were built across the East River.
8002:123145345298432::Thread-8 2020-08-09 18:59:40.712 - Furthermore, the defensive characteristics of the Great Wall were enhanced by the construction of watch towers, troop barracks, garrison stations, signaling capabilities through the means of smoke or fire, and the fact that the path of the Great Wall also served as a transportation corridor.
8006:123145345298432::Thread-8 2020-08-09 18:59:40.912 - Following gradual deterioration, the Brooklyn Bridge has been renovated several times, including in the 1950s, 1980s, and 2010s.
8006:123145345298432::Thread-8 2020-08-09 18:59:40.912 - **END**
8002:123145345298432::Thread-8 2020-08-09 18:59:41.177 - The frontier walls built by different dynasties have multiple courses.
8003:123145345298432::Thread-8 2020-08-09 18:59:41.654 - They hold a long-standing rivalry with Ruhr neighbours Schalke 04, with whom they contest the Revierderby.
8003:123145345298432::Thread-8 2020-08-09 18:59:41.72 - They also contest Der Klassiker with Bayern Munich.
8003:123145345298432::Thread-8 2020-08-09 18:59:42.067 - In terms of Deloitte's annual Football Money League, Dortmund was ranked as the second richest sports club in Germany, and the 12th richest football team in the world.
8002:123145345298432::Thread-8 2020-08-09 18:59:42.653 - Collectively, they stretch from Liaodong in the east to Lop Lake in the west, from the present-day Sino–Russian border in the north to Taohe River in the south; along an arc that roughly delineates the edge of Mongolian steppe.
8004:123145345298432::Thread-8 2020-08-09 18:59:42.668 - **START**
8004:123145345298432::Thread-8 2020-08-09 18:59:43.272 - Starting new HTTPS connection (1): en.wikipedia.org
8005:123145345298432::Thread-8 2020-08-09 18:59:43.474 - **END**
8003:123145345298432::Thread-8 2020-08-09 18:59:44.937 - Moreover, under the directorship of Michael Zorc in the 2010s, Dortmund have cultivated a reputation for spotting and developing young talent, and have remained focused on developing a youth system.
8002:123145345298432::Thread-8 2020-08-09 18:59:45.24 - A comprehensive archaeological survey, using advanced technologies, has concluded that the walls built by the Ming dynasty measure 8,850 km (5,500 mi).
8004:123145345298432::Thread-8 2020-08-09 18:59:45.531 - Robyn Rihanna Fenty ( ree-AN-ə; born February 20, 1988) is a Barbadian singer, songwriter, actress, businesswoman, and philanthropist.
8003:123145345298432::Thread-8 2020-08-09 18:59:45.938 - **END**
8004:123145345298432::Thread-8 2020-08-09 18:59:46.424 - Born in Saint Michael and raised in Bridgetown, Barbados, Rihanna moved to the United States in 2005 when she signed with Def Jam.
8004:123145345298432::Thread-8 2020-08-09 18:59:47.367 - She gained recognition following the release of her first two studio albums, Music of the Sun (2005) and A Girl like Me (2006), both of which were influenced by Caribbean music and peaked within the top ten of the US Billboard 200 chart.
8004:123145345298432::Thread-8 2020-08-09 18:59:48.239 - Rihanna's third album, Good Girl Gone Bad (2007), incorporated elements of dance-pop, catapulted her to stardom, and established her status as a sex symbol in the music industry.
8004:123145345298432::Thread-8 2020-08-09 18:59:48.697 - Its international chart-topping single "Umbrella" earned Rihanna her first Grammy Award for Best Rap/Sung Collaboration.
8004:123145345298432::Thread-8 2020-08-09 18:59:49.081 - Rihanna continued to mix pop, dance, and R&B genres on her next four albums, Rated R (2009), Loud (2010), Talk That Talk (2011), and the Grammy Award-winning Unapologetic (2012).
8004:123145345298432::Thread-8 2020-08-09 18:59:49.704 - All four releases combined various other musical styles and consolidated Rihanna's commercial success, with Unapologetic being her first number-one album in the US.
8004:123145345298432::Thread-8 2020-08-09 18:59:50.605 - The records spawned a string of chart-topping singles, including "Rude Boy", "Only Girl (In the World)", "What's My Name?
8002:123145345298432::Thread-8 2020-08-09 18:59:51.241 - **END**
8004:123145345298432::Thread-8 2020-08-09 18:59:51.395 - ", "S&M", "We Found Love", "Diamonds", and "Stay".
8004:123145345298432::Thread-8 2020-08-09 18:59:51.784 - Her eighth album, Anti (2016), showcased a new creative control following her departure from Def Jam.
8004:123145345298432::Thread-8 2020-08-09 18:59:51.814 - It became her second US number-one album and featured the chart-topping single "Work".
8004:123145345298432::Thread-8 2020-08-09 18:59:52.57 - Rihanna has released collaborative hit singles with artists such as Drake, Eminem, and Calvin Harris.
8006:123145345298432::Thread-8 2020-08-09 18:59:52.914 - **START**
8006:123145345298432::Thread-8 2020-08-09 18:59:52.917 - Starting new HTTPS connection (1): en.wikipedia.org
8006:123145345298432::Thread-8 2020-08-09 18:59:55.154 - One Direction, often shortened to 1D, are an English-Irish pop boy band formed in London, England in 2010.
8002:123145345298432::Thread-8 2020-08-09 18:59:55.251 - **START**
8002:123145345298432::Thread-8 2020-08-09 18:59:55.276 - Starting new HTTPS connection (1): en.wikipedia.org
8005:123145345298432::Thread-8 2020-08-09 18:59:55.476 - **START**
8005:123145345298432::Thread-8 2020-08-09 18:59:55.512 - Starting new HTTPS connection (1): en.wikipedia.org
8005:123145345298432::Thread-8 2020-08-09 18:59:56.275 - Onika Tanya Maraj-Petty (born December 8, 1982), known professionally as Nicki Minaj (), is a Trinidadian-American singer, songwriter, actress, and model.
8002:123145345298432::Thread-8 2020-08-09 18:59:56.286 - Guinea-Bissau ( (listen); Portuguese: Guiné-Bissau), officially the Republic of Guinea-Bissau (Portuguese: República da Guiné-Bissau [ʁɛˈpuβlikɐ ðɐ ɣiˈnɛ βiˈsaw]), is a country in West Africa that covers 36,125 square kilometres (13,948 sq mi) with an estimated population of 1,874,303.
8006:123145345298432::Thread-8 2020-08-09 18:59:56.326 - The group is composed of Niall Horan, Liam Payne, Harry Styles and Louis Tomlinson; former member Zayn Malik departed from the group in 2015.
8004:123145345298432::Thread-8 2020-08-09 18:59:56.571 - **END**
8006:123145345298432::Thread-8 2020-08-09 18:59:56.716 - The group signed with Simon Cowell's record label Syco Records after forming and finishing third in the seventh series of the British televised singing competition The X Factor in 2010.
8005:123145345298432::Thread-8 2020-08-09 18:59:56.82 - Born in the Saint James district of Port of Spain and raised in the Queens borough of New York City, she gained public recognition after releasing the mixtapes Playtime Is Over (2007), Sucka Free (2008), and Beam Me Up Scotty (2009).
8002:123145345298432::Thread-8 2020-08-09 18:59:57.266 - It borders Senegal to the north and Guinea to the south-east.
8002:123145345298432::Thread-8 2020-08-09 18:59:57.392 - Guinea-Bissau was once part of the kingdom of Kaabu, as well as part of the Mali Empire.
8005:123145345298432::Thread-8 2020-08-09 18:59:57.514 - Early in her career, Minaj was known for her colorful costumes and wigs.
8003:123145345298432::Thread-8 2020-08-09 18:59:57.942 - **START**
8005:123145345298432::Thread-8 2020-08-09 18:59:57.943 - Her rapping is distinctive for its fast flow and the use of alter egos and accents, primarily British cockney.
8005:123145345298432::Thread-8 2020-08-09 18:59:57.963 - After signing with Young Money Entertainment in 2009, Minaj released her first studio album, Pink Friday (2010), which peaked at number one on the US Billboard 200 chart and was certified triple platinum by the Recording Industry Association of America (RIAA).
8003:123145345298432::Thread-8 2020-08-09 18:59:57.985 - Starting new HTTPS connection (1): en.wikipedia.org
8005:123145345298432::Thread-8 2020-08-09 18:59:58.182 - Her second album, Pink Friday: Roman Reloaded, was released in 2012 and debuted atop the charts in several countries.
8002:123145345298432::Thread-8 2020-08-09 18:59:58.332 - Parts of this kingdom persisted until the 18th century, while a few others were under some rule by the Portuguese Empire since the 16th century.
8002:123145345298432::Thread-8 2020-08-09 18:59:58.462 - In the 19th century, it was colonised as Portuguese Guinea.
8005:123145345298432::Thread-8 2020-08-09 18:59:58.754 - Minaj made her film debut in the 2012 animated film Ice Age: Continental Drift.
8002:123145345298432::Thread-8 2020-08-09 18:59:58.862 - Upon independence, declared in 1973 and recognised in 1974, the name of its capital, Bissau, was added to the country's name to prevent confusion with Guinea (formerly French Guinea).
8006:123145345298432::Thread-8 2020-08-09 18:59:58.939 - Propelled to global success by social media, One Direction's five albums, Up All Night (2011), Take Me Home (2012), Midnight Memories (2013), Four (2014), and Made in the A.M. (2015), topped charts in most major markets, and generated hit singles including "What Makes You Beautiful", "Live While We're Young", "Best Song Ever", "Story of My Life" and "Drag Me Down".
8005:123145345298432::Thread-8 2020-08-09 18:59:59.088 - In 2013, she was a judge on the twelfth season of American Idol.
8003:123145345298432::Thread-8 2020-08-09 18:59:59.286 - Jerusalem (; Hebrew: יְרוּשָׁלַיִם Yerushaláyim; Arabic: القُدس‎ al-Quds or Bayt al-Maqdis, also spelled Baitul Muqaddas) is a city in the Middle East, located on a plateau in the Judaean Mountains between the Mediterranean and the Dead Sea.
8003:123145345298432::Thread-8 2020-08-09 18:59:59.453 - It is one of the oldest cities in the world, and is considered holy to the three major Abrahamic religions—Judaism, Christianity, and Islam.
8002:123145345298432::Thread-8 2020-08-09 18:59:59.549 - Guinea-Bissau has a history of political instability since independence, and only one elected president (José Mário Vaz) has successfully served a full five-year term.Only about 2% of the population speaks Portuguese, the official language, as a first language, and 33% speak it as a second language.
8002:123145345298432::Thread-8 2020-08-09 18:59:59.648 - However, Creole is the national language and also considered the language of unity.
8005:123145345298432::Thread-8 2020-08-09 18:59:59.652 - Minaj's third studio album, The Pinkprint, was released in 2014.
8006:123145345298432::Thread-8 2020-08-09 18:59:59.782 - The group have won nearly 200 awards including seven Brit Awards, four MTV Video Music Awards, six Billboard Music Awards, seven American Music Awards (including Artist of the Year in 2014 and 2015), and 28 Teen Choice Awards.
8003:123145345298432::Thread-8 2020-08-09 18:59:59.822 - Both Israel and the Palestinian Authority claim Jerusalem as their capital, as Israel maintains its primary governmental institutions there and the State of Palestine ultimately foresees it as its seat of power; however, neither claim is widely recognized internationally.During its long history, Jerusalem has been destroyed at least twice, besieged 23 times, captured and recaptured 44 times, and attacked 52 times.
8002:123145345298432::Thread-8 2020-08-09 19:00:00.199 - According to a 2012 study, 54% of the population speak Creole as a first language and about 52% speak it as a second language.
8002:123145345298432::Thread-8 2020-08-09 19:00:00.248 - The remainder speak a variety of native African languages.
8005:123145345298432::Thread-8 2020-08-09 19:00:00.355 - She subsequently played supporting roles in the films The Other Woman (2014) and Barbershop: The Next Cut (2016).
8003:123145345298432::Thread-8 2020-08-09 19:00:00.396 - The part of Jerusalem called the City of David shows first signs of settlement in the 4th millennium BCE, in the shape of encampments of nomadic shepherds.
8003:123145345298432::Thread-8 2020-08-09 19:00:00.622 - Jerusalem was named as Urusalim on ancient Egyptian tablets, probably meaning "City of Shalem" after a Canaanite deity, during the Canaanite period (14th century BCE).
8006:123145345298432::Thread-8 2020-08-09 19:00:01.195 - They have embarked on four world tours, two of which were all-stadium.
8003:123145345298432::Thread-8 2020-08-09 19:00:01.621 - During the Israelite period, significant construction activity in Jerusalem began in the 9th century BCE (Iron Age II), and in the 8th century the city developed into the religious and administrative center of the Kingdom of Judah.
8003:123145345298432::Thread-8 2020-08-09 19:00:01.923 - In 1538, the city walls were rebuilt for a last time around Jerusalem under Suleiman the Magnificent.
8003:123145345298432::Thread-8 2020-08-09 19:00:02.375 - Today those walls define the Old City, which has been traditionally divided into four quarters—known since the early 19th century as the Armenian, Christian, Jewish, and Muslim Quarters.
8003:123145345298432::Thread-8 2020-08-09 19:00:02.511 - The Old City became a World Heritage Site in 1981, and is on the List of World Heritage in Danger.
8003:123145345298432::Thread-8 2020-08-09 19:00:03.272 - Since 1860 Jerusalem has grown far beyond the Old City's boundaries.
8006:123145345298432::Thread-8 2020-08-09 19:00:04.032 - In 2013, they earned an estimated $75 million, becoming the second highest earning celebrity under 30 according to Forbes.
8006:123145345298432::Thread-8 2020-08-09 19:00:06.812 - The world’s best-selling artist of 2013, the International Federation of the Phonographic Industry (IFPI) named them the Global Recording Artist of the Year.
8006:123145345298432::Thread-8 2020-08-09 19:00:07.7 - Forbes ranked them as the fourth highest-earning celebrities in the world in 2015, and second in 2016.After the release of Four, One Direction became the first band in the U.S.
8002:123145345298432::Thread-8 2020-08-09 19:00:08.252 - **END**
8003:123145345298432::Thread-8 2020-08-09 19:00:09.274 - **END**
8005:123145345298432::Thread-8 2020-08-09 19:00:09.358 - **END**
8006:123145345298432::Thread-8 2020-08-09 19:00:09.832 - Billboard 200 history to have their first four albums debut at number one.
8006:123145345298432::Thread-8 2020-08-09 19:00:11.396 - Their third album, Midnight Memories, was the best-selling album worldwide in 2013 with 4 million copies sold globally.
8006:123145345298432::Thread-8 2020-08-09 19:00:11.397 - **END**
8004:123145345298432::Thread-8 2020-08-09 19:00:12.577 - **START**
8004:123145345298432::Thread-8 2020-08-09 19:00:12.586 - Starting new HTTPS connection (1): en.wikipedia.org
8004:123145345298432::Thread-8 2020-08-09 19:00:14.523 - Princess Margaret, Countess of Snowdon,  (Margaret Rose; 21 August 1930 – 9 February 2002) was the younger daughter of King George VI and Queen Elizabeth, and the only sibling of Queen Elizabeth II.
8004:123145345298432::Thread-8 2020-08-09 19:00:14.643 - Margaret spent much of her childhood with her parents and sister.
8004:123145345298432::Thread-8 2020-08-09 19:00:15.45 - Her life changed dramatically at the age of six, when her paternal uncle, King Edward VIII, abdicated to marry divorcée Wallis Simpson.
8004:123145345298432::Thread-8 2020-08-09 19:00:16.059 - Margaret's father became king, and her sister became heir presumptive, with Margaret second in line to the throne.
8004:123145345298432::Thread-8 2020-08-09 19:00:16.186 - During the Second World War, the two sisters stayed at Windsor Castle despite suggestions to evacuate them to Canada.
8004:123145345298432::Thread-8 2020-08-09 19:00:16.466 - During the war years, Margaret was considered too young to perform any official duties and instead continued her education.
8004:123145345298432::Thread-8 2020-08-09 19:00:17.549 - After the war, Margaret fell in love with Group Captain Peter Townsend.
8004:123145345298432::Thread-8 2020-08-09 19:00:18.592 - In 1952, her father died, her sister became queen, and Townsend divorced his wife, Rosemary.
8004:123145345298432::Thread-8 2020-08-09 19:00:19.788 - He proposed to Margaret early the following year.
8004:123145345298432::Thread-8 2020-08-09 19:00:20.174 - Many in the government believed that he would be an unsuitable husband for the Queen's 22-year-old sister, and the Church of England refused to countenance marriage to a divorced man.
8004:123145345298432::Thread-8 2020-08-09 19:00:22.099 - Margaret eventually abandoned her plans with Townsend and married photographer Antony Armstrong-Jones in 1960; the Queen made him Earl of Snowdon.
8004:123145345298432::Thread-8 2020-08-09 19:00:28.1 - **END**