8006:123145467289600::Thread-37 2020-08-09 18:59:29.241 - **START**
8006:123145467289600::Thread-37 2020-08-09 18:59:29.393 - Starting new HTTPS connection (1): en.wikipedia.org
8004:123145467289600::Thread-37 2020-08-09 18:59:33.202 - **START**
8005:123145467289600::Thread-37 2020-08-09 18:59:33.202 - **START**
8006:123145467289600::Thread-37 2020-08-09 18:59:33.246 - The Germany national football team (German: Deutsche Fußballnationalmannschaft or Die Mannschaft) represents Germany in men's international football and played its first match in 1908.
8006:123145467289600::Thread-37 2020-08-09 18:59:33.648 - The team is governed by the German Football Association (Deutscher Fußball-Bund), founded in 1900.
8004:123145467289600::Thread-37 2020-08-09 18:59:34.097 - Starting new HTTPS connection (1): en.wikipedia.org
8003:123145467289600::Thread-37 2020-08-09 18:59:35.235 - **START**
8006:123145467289600::Thread-37 2020-08-09 18:59:35.288 - Between 1949 and 1990, separate German national teams were recognised by FIFA due to Allied occupation and division: the DFB's team representing the Federal Republic of Germany (named West Germany from 1949–1990), the Saarland team representing the Saar Protectorate (1950–1956) and the East German team representing the German Democratic Republic (1952–1990).
8002:123145467289600::Thread-37 2020-08-09 18:59:35.307 - **START**
8006:123145467289600::Thread-37 2020-08-09 18:59:35.407 - The latter two were absorbed along with their records; the present team represents the reunified Federal Republic.
8005:123145467289600::Thread-37 2020-08-09 18:59:36.044 - Starting new HTTPS connection (1): en.wikipedia.org
8006:123145467289600::Thread-37 2020-08-09 18:59:36.335 - The official name and code "Germany FR (FRG)" was shortened to "Germany (GER)" following reunification in 1990.
8003:123145467289600::Thread-37 2020-08-09 18:59:36.579 - Starting new HTTPS connection (1): en.wikipedia.org
8006:123145467289600::Thread-37 2020-08-09 18:59:36.914 - Germany is one of the most successful national teams in international competitions, having won four World Cups (1954, 1974, 1990, 2014), three European Championships (1972, 1980, 1996), and one Confederations Cup (2017).
8002:123145467289600::Thread-37 2020-08-09 18:59:36.984 - Starting new HTTPS connection (1): en.wikipedia.org
8006:123145467289600::Thread-37 2020-08-09 18:59:37.782 - They have also been runners-up three times in the European Championships, four times in the World Cup, and a further four third-place finishes at World Cups.
8004:123145467289600::Thread-37 2020-08-09 18:59:37.817 - Amsterdam (, UK also ; Dutch: [ɑmstərˈdɑm] (listen)) is the capital and most populous city of the Netherlands with a population of 872,680 within the city proper, 1,380,872 in the urban area and 2,410,960 in the metropolitan area.
8006:123145467289600::Thread-37 2020-08-09 18:59:37.848 - East Germany won Olympic Gold in 1976.Germany is the only nation to have won both the FIFA World Cup and the FIFA Women's World Cup.At the end of the 2014 World Cup, Germany earned the highest Elo rating of any national football team in history, with a record 2,205 points.
8004:123145467289600::Thread-37 2020-08-09 18:59:37.855 - Found within the province of North Holland, Amsterdam is colloquially referred to as the "Venice of the North", attributed by the large number of canals which form a UNESCO World Heritage Site.
8006:123145467289600::Thread-37 2020-08-09 18:59:38.062 - Germany is also the only European nation that has won a FIFA World Cup in the Americas.
8004:123145467289600::Thread-37 2020-08-09 18:59:38.063 - Amsterdam's name derives from Amstelredamme, indicative of the city's origin around a dam in the river Amstel.
8004:123145467289600::Thread-37 2020-08-09 18:59:38.681 - Originating as a small fishing village in the late 12th century, Amsterdam became one of the most important ports in the world during the Dutch Golden Age of the 17th century, and became the leading centre for finance and trade.
8004:123145467289600::Thread-37 2020-08-09 18:59:38.964 - In the 19th and 20th centuries, the city expanded, and many new neighbourhoods and suburbs were planned and built.
8003:123145467289600::Thread-37 2020-08-09 18:59:39.072 - Mark Elliot Zuckerberg (; born May 14, 1984) is an American media magnate, internet entrepreneur, and philanthropist.
8004:123145467289600::Thread-37 2020-08-09 18:59:39.318 - The 17th-century canals of Amsterdam and the 19–20th century Defence Line of Amsterdam are on the UNESCO World Heritage List.
8003:123145467289600::Thread-37 2020-08-09 18:59:39.647 - He is known for co-founding Facebook, Inc. and serves as its chairman, chief executive officer, and controlling shareholder.
8006:123145467289600::Thread-37 2020-08-09 18:59:39.582 - The manager of the national team is Joachim Löw.
8004:123145467289600::Thread-37 2020-08-09 18:59:39.887 - Sloten, annexed in 1921 by the municipality of Amsterdam; is the oldest part of the city, dating to the 9th century.
8004:123145467289600::Thread-37 2020-08-09 18:59:39.956 - Amsterdam's main attractions include its historic canals, the Rijksmuseum, the Van Gogh Museum, the Stedelijk Museum, Hermitage Amsterdam, the Concertgebouw, the Anne Frank House, the Scheepvaartmuseum, the Amsterdam Museum, the Heineken Experience, the Royal Palace of Amsterdam, Natura Artis Magistra, Hortus Botanicus Amsterdam, NEMO, the red-light district and many cannabis coffee shops.
8004:123145467289600::Thread-37 2020-08-09 18:59:40.232 - It drew more than 5 million international visitors in 2014.
8005:123145467289600::Thread-37 2020-08-09 18:59:40.27 - Ariana Grande-Butera (; born June 26, 1993) is an American singer, songwriter, and actress.
8002:123145467289600::Thread-37 2020-08-09 18:59:40.585 - The Channel Tunnel (French: Le tunnel sous la Manche), also referred to as the Chunnel, is a 50.45-kilometre (31.35 mi) railway tunnel that connects Folkestone (Kent, England, UK) with Coquelles (Hauts-de-France, France) beneath the English Channel at the Strait of Dover.
8002:123145467289600::Thread-37 2020-08-09 18:59:40.794 - It is the only fixed link between the island of Great Britain and the European mainland.
8003:123145467289600::Thread-37 2020-08-09 18:59:40.932 - He also is a co-founder of the solar sail spacecraft development project Breakthrough Starshot and serves as one of its board members.Born in White Plains, New York, Zuckerberg attended Harvard University, where he launched the Facebook social networking service from his dormitory room on February 4, 2004, with college roommates Eduardo Saverin, Andrew McCollum, Dustin Moskovitz, and Chris Hughes.
8004:123145467289600::Thread-37 2020-08-09 18:59:40.948 - The city is also well known for its nightlife and festival activity; with several of its nightclubs (Melkweg, Paradiso) among the world's most famous.
8003:123145467289600::Thread-37 2020-08-09 18:59:41.522 - Originally launched to select college campuses, the site expanded rapidly and eventually beyond colleges, reaching one billion users by 2012.
8002:123145467289600::Thread-37 2020-08-09 18:59:41.777 - At its lowest point, it is 75 m (250 ft) deep below the sea bed and 115 m (380 ft) below sea level.
8002:123145467289600::Thread-37 2020-08-09 18:59:41.849 - At 37.9 kilometres (23.5 mi), the tunnel has the longest underwater section of any tunnel in the world.
8002:123145467289600::Thread-37 2020-08-09 18:59:41.957 - The speed limit for trains through the tunnel is 160 km/h (100 mph).The tunnel carries high-speed Eurostar passenger trains, the Eurotunnel Shuttle for road vehicles—the largest such transport in the world—and international freight trains.
8003:123145467289600::Thread-37 2020-08-09 18:59:42.281 - Zuckerberg took the company public in May 2012 with majority shares.
8002:123145467289600::Thread-37 2020-08-09 18:59:42.334 - The tunnel connects end-to-end with the high-speed railway lines of the LGV Nord in France and High Speed 1 in England.
8005:123145467289600::Thread-37 2020-08-09 18:59:42.299 - Born in Boca Raton, Florida, Grande began her career in the 2008 Broadway musical 13.
8002:123145467289600::Thread-37 2020-08-09 18:59:42.59 - In 2017, through rail services carried 10.3 million passengers and 1.22 million tonnes of freight, and the Shuttle carried 10.4 million passengers, 2.6 million cars, 51,000 coaches, and 1.6 million lorries (equivalent to 21.3 million tonnes of freight).
8002:123145467289600::Thread-37 2020-08-09 18:59:42.725 - This compares with 11.7 million passengers, 2.6 million lorries and 2.2 million cars by sea through the Port of Dover.Plans to build a cross-Channel fixed link appeared as early as 1802, but British political and media pressure over the compromising of national security had disrupted attempts to build a tunnel.
8003:123145467289600::Thread-37 2020-08-09 18:59:42.851 - In 2007, at age 23, he became the world's youngest self-made billionaire.
8005:123145467289600::Thread-37 2020-08-09 18:59:42.995 - She rose to prominence for her role as Cat Valentine in the Nickelodeon television series Victorious (2010–2013) and Sam & Cat (2013–2014).
8002:123145467289600::Thread-37 2020-08-09 18:59:43.085 - An early unsuccessful attempt at building a tunnel was made in the late 19th century, on the English side, "in the hope of forcing the hand of the English Government".
8002:123145467289600::Thread-37 2020-08-09 18:59:43.14 - The eventual successful project, organised by Eurotunnel, began construction in 1988 and opened in 1994.
8005:123145467289600::Thread-37 2020-08-09 18:59:44.108 - She subsequently signed with Republic Records in 2011 after the label's executives discovered YouTube videos of her covering songs.
8005:123145467289600::Thread-37 2020-08-09 18:59:44.232 - Her 1950s doo-wop-influenced pop and R&B debut album, Yours Truly (2013), topped the US Billboard 200 chart, while its lead single, "The Way", charted in the top ten of the US Billboard Hot 100.
8003:123145467289600::Thread-37 2020-08-09 18:59:44.269 - As of August 8th, 2020, Zuckerberg’s net worth was estimated at $98.6 billion and he is listed by Forbes as the 4th-richest person in the world.
8003:123145467289600::Thread-37 2020-08-09 18:59:44.77 - As of 2019, he is the only person under 50 in the Forbes ten richest people list, and the only one under 40 in the Top 20 Billionaires list.Since 2010, Time magazine has named Zuckerberg among the 100 wealthiest and most influential people in the world as a part of its Person of the Year award.
8005:123145467289600::Thread-37 2020-08-09 18:59:45.414 - Grande's breakthrough second studio album, My Everything (2014), incorporated pop, R&B and EDM sounds and produced the UK number-one singles "Problem" and "Bang Bang".
8003:123145467289600::Thread-37 2020-08-09 18:59:46.185 - In December 2016, Zuckerberg was ranked 10th on Forbes list of The World's Most Powerful People.
8005:123145467289600::Thread-37 2020-08-09 18:59:46.273 - She continued to explore the pop and R&B genres in Dangerous Woman (2016), her third studio album and first of three consecutive number-one albums in the UK.
8006:123145467289600::Thread-37 2020-08-09 18:59:46.767 - **END**
8005:123145467289600::Thread-37 2020-08-09 18:59:48.181 - Her trap-infused fourth and fifth studio albums, Sweetener (2018) and Thank U, Next (2019), were both critical and commercial successes.
8005:123145467289600::Thread-37 2020-08-09 18:59:49.019 - The former won Grande a Grammy Award for Best Pop Vocal Album, while the latter was nominated for the Grammy Award for Album of the Year and set a record for the largest streaming week for a pop album.
8005:123145467289600::Thread-37 2020-08-09 18:59:49.1 - The singles "Thank U, Next", "7 Rings", and "Break Up with Your Girlfriend, I'm Bored" made Grande the first solo artist to hold the top three spots on the Billboard Hot 100 simultaneously, the first woman to succeed herself at the top of the UK Singles Chart, and the first act to chart lead singles from each of their first five studio albums in the top ten of the Billboard Hot 100.
8002:123145467289600::Thread-37 2020-08-09 18:59:49.143 - **END**
8005:123145467289600::Thread-37 2020-08-09 18:59:49.169 - With her 2020 collaborations "Stuck with U" and "Rain on Me", she broke the record for the most number-one debuts on the Billboard Hot 100 and became the first artist to have their first four number-one singles debut atop the US charts.
8004:123145467289600::Thread-37 2020-08-09 18:59:49.952 - **END**
8003:123145467289600::Thread-37 2020-08-09 18:59:51.189 - **END**
8004:123145467289600::Thread-37 2020-08-09 18:59:52.954 - **START**
8004:123145467289600::Thread-37 2020-08-09 18:59:52.957 - Starting new HTTPS connection (1): en.wikipedia.org
8005:123145467289600::Thread-37 2020-08-09 18:59:56.17 - **END**
8004:123145467289600::Thread-37 2020-08-09 18:59:57.489 - **END**
8002:123145467289600::Thread-37 2020-08-09 18:59:59.149 - **START**
8002:123145467289600::Thread-37 2020-08-09 18:59:59.263 - Starting new HTTPS connection (1): en.wikipedia.org
8006:123145467289600::Thread-37 2020-08-09 19:00:01.769 - **START**
8006:123145467289600::Thread-37 2020-08-09 19:00:02.18 - Starting new HTTPS connection (1): en.wikipedia.org
8002:123145467289600::Thread-37 2020-08-09 19:00:02.716 - Rachel Mari Oberlin (born October 7, 1986), also known by her stage name Bree Olson, is an American actress, model, and former pornographic actress.
8002:123145467289600::Thread-37 2020-08-09 19:00:05.127 - She performed in over 281 pornographic films from 2006 to 2011 before changing to mainstream acting.
8006:123145467289600::Thread-37 2020-08-09 19:00:05.292 - Venice (; Italian: Venezia [veˈnɛttsja] (listen); Venetian: Venesia or Venexia [veˈnɛsja]) is a city in northeastern Italy and the capital of the Veneto region.
8003:123145467289600::Thread-37 2020-08-09 19:00:06.212 - **START**
8003:123145467289600::Thread-37 2020-08-09 19:00:06.267 - Starting new HTTPS connection (1): en.wikipedia.org
8006:123145467289600::Thread-37 2020-08-09 19:00:06.276 - It is situated on a group of 118 small islands that are separated by canals and linked by over 400 bridges.
8002:123145467289600::Thread-37 2020-08-09 19:00:07.509 - Since leaving the adult film industry, she has become critical of the industry and the stigma attached to being a former porn actress.
8003:123145467289600::Thread-37 2020-08-09 19:00:07.742 - Confucius ( kən-FEW-shəs; (Chinese: 孔夫子; pinyin: Kǒng Fūzǐ, English: Master Kǒng) 551 BC–479 BC) was a Chinese philosopher and politician of the Spring and Autumn period.
8003:123145467289600::Thread-37 2020-08-09 19:00:08.308 - The philosophy of Confucius, also known as Confucianism, emphasized personal and governmental morality, correctness of social relationships, justice, kindness, and sincerity.
8006:123145467289600::Thread-37 2020-08-09 19:00:09.153 - The islands are located in the shallow Venetian Lagoon, an enclosed bay that lies between the mouths of the Po and the Piave rivers (more exactly between the Brenta and the Sile).
8006:123145467289600::Thread-37 2020-08-09 19:00:09.239 - In 2018, 260,897 people resided in the Comune di Venezia, of whom around 55,000 live in the historical city of Venice (centro storico).
8003:123145467289600::Thread-37 2020-08-09 19:00:09.305 - His followers competed successfully with many other schools during the Hundred Schools of Thought era only to be suppressed in favor of the Legalists during the Qin dynasty.
8002:123145467289600::Thread-37 2020-08-09 19:00:09.764 - Personal life
Olson was born in Houston, Texas.
8006:123145467289600::Thread-37 2020-08-09 19:00:10.008 - Together with Padua and Treviso, the city is included in the Padua-Treviso-Venice Metropolitan Area (PATREVE), which is considered a statistical metropolitan area, with a total population of 2.6 million.The name is derived from the ancient Veneti people who inhabited the region by the 10th century BC.
8003:123145467289600::Thread-37 2020-08-09 19:00:10.231 - Following the victory of Han over Chu after the collapse of Qin, Confucius's thoughts received official sanction in the new government and were further developed into a system known in the West as Neo-Confucianism, and later New Confucianism (Modern Neo-Confucianism).
8002:123145467289600::Thread-37 2020-08-09 19:00:10.303 - Olson's maternal grandparents were Ukrainians who immigrated to Texas, then Fort Wayne, Indiana, when she was two years old.
8003:123145467289600::Thread-37 2020-08-09 19:00:10.314 - Confucius is traditionally credited with having authored or edited many of the Chinese classic texts including all of the Five Classics, but modern scholars are cautious of attributing specific assertions to Confucius himself.
8002:123145467289600::Thread-37 2020-08-09 19:00:10.72 - On March 1, 2011, Olson was reported to be living with actor Charlie Sheen.
8003:123145467289600::Thread-37 2020-08-09 19:00:10.745 - Aphorisms concerning his teachings were compiled in the Analects, but only many years after his death.
8003:123145467289600::Thread-37 2020-08-09 19:00:11.274 - Confucius's principles have commonality with Chinese tradition and belief.
8003:123145467289600::Thread-37 2020-08-09 19:00:11.559 - He championed strong family loyalty, ancestor veneration, and respect of elders by their children and of husbands by their wives, recommending family as a basis for ideal government.
8003:123145467289600::Thread-37 2020-08-09 19:00:12.114 - He espoused the well-known principle "Do not do unto others what you do not want done to yourself", the Golden Rule.
8006:123145467289600::Thread-37 2020-08-09 19:00:12.969 - The city was historically the capital of the Republic of Venice for a millennium and more, from 697 to 1797.
8003:123145467289600::Thread-37 2020-08-09 19:00:13.07 - He is also a traditional deity in Daoism.
8002:123145467289600::Thread-37 2020-08-09 19:00:13.697 - The relationship ended in April 2011.
8003:123145467289600::Thread-37 2020-08-09 19:00:14.071 - **END**
8005:123145467289600::Thread-37 2020-08-09 19:00:14.172 - **START**
8005:123145467289600::Thread-37 2020-08-09 19:00:14.175 - Starting new HTTPS connection (1): en.wikipedia.org
8004:123145467289600::Thread-37 2020-08-09 19:00:14.49 - **START**
8004:123145467289600::Thread-37 2020-08-09 19:00:14.494 - Starting new HTTPS connection (1): en.wikipedia.org
8006:123145467289600::Thread-37 2020-08-09 19:00:15.498 - It was a major financial and maritime power during the Middle Ages and Renaissance, and a staging area for the Crusades and the Battle of Lepanto, as well as an important center of commerce—especially silk, grain, and spice, and of art from the 13th century to the end of the 17th.
8002:123145467289600::Thread-37 2020-08-09 19:00:15.562 - On March 24, 2016, writing as a guest columnist in Daily Dot, she related her post-porn social life, stating, "porn didn't hurt me.
8006:123145467289600::Thread-37 2020-08-09 19:00:16.69 - The city-state of Venice is considered to have been the first real international financial center, emerging in the 9th century and reaching its greatest prominence in the 14th century.
8005:123145467289600::Thread-37 2020-08-09 19:00:16.903 - Emmanuel "Manny" Dapidran Pacquiao, CLH ( PAK-ee-ow; born December 17, 1978) is a Filipino professional boxer and Senator of the Phillippines.
8004:123145467289600::Thread-37 2020-08-09 19:00:16.966 - The Lighthouse of Alexandria, sometimes called the Pharos of Alexandria (; Ancient Greek: ὁ Φάρος τῆς Ἀλεξανδρείας, contemporary Koine Greek pronunciation: [ho pʰá.ros teːs a.lek.sandréːaːs]), was a lighthouse built by the Ptolemaic Kingdom, during the reign of Ptolemy II Philadelphus (280–247 BC), which has been estimated to be at least 100 metres (330 ft) in overall height.
8002:123145467289600::Thread-37 2020-08-09 19:00:18.265 - The way society treats me for having done it does".
8004:123145467289600::Thread-37 2020-08-09 19:00:18.649 - One of the Seven Wonders of the Ancient World, for many centuries it was one of the tallest man-made structures in the world.
8006:123145467289600::Thread-37 2020-08-09 19:00:19.0 - This made Venice a wealthy city throughout most of its history.
8004:123145467289600::Thread-37 2020-08-09 19:00:19.441 - The lighthouse was severely damaged by three earthquakes between AD 956 and 1323 and became an abandoned ruin.
8005:123145467289600::Thread-37 2020-08-09 19:00:19.631 - Nicknamed "PacMan", he is regarded as one of the greatest professional boxers of all time.
8006:123145467289600::Thread-37 2020-08-09 19:00:20.755 - After the Napoleonic Wars and the Congress of Vienna, the Republic was annexed by the Austrian Empire, until it became part of the Kingdom of Italy in 1866, following a referendum held as a result of the Third Italian War of Independence.
8004:123145467289600::Thread-37 2020-08-09 19:00:20.987 - It was the third longest surviving ancient wonder (after the Mausoleum at Halicarnassus and the extant Great Pyramid of Giza), surviving in part until AD 1480, when the last of its remnant stones were used to build the Citadel of Qaitbay on the site.
8002:123145467289600::Thread-37 2020-08-09 19:00:21.194 - In the same article, she said she was "broke".
8004:123145467289600::Thread-37 2020-08-09 19:00:21.213 - In 1994, French archaeologists discovered some remains of the lighthouse on the floor of Alexandria's Eastern Harbour.
8004:123145467289600::Thread-37 2020-08-09 19:00:21.471 - In 2016 the Ministry of State of Antiquities in Egypt had plans to turn submerged ruins of ancient Alexandria, including those of the Pharos, into an underwater museum.
8006:123145467289600::Thread-37 2020-08-09 19:00:21.617 - Venice has been known as "La Dominante", "La Serenissima", "Queen of the Adriatic", "City of Water", "City of Masks", "City of Bridges", "The Floating City", and "City of Canals".
8005:123145467289600::Thread-37 2020-08-09 19:00:21.749 - He was elected as Senator of the Phillippines in 2016 and is serving a 6 year term.
8004:123145467289600::Thread-37 2020-08-09 19:00:24.279 - Origin

Pharos was a small island located on the western edge of the Nile Delta.
8005:123145467289600::Thread-37 2020-08-09 19:00:24.666 - Manny Pacquiao is the only eight-division world champion in the history of boxing, and has won twelve major world titles.
8006:123145467289600::Thread-37 2020-08-09 19:00:25.623 - **END**
8004:123145467289600::Thread-37 2020-08-09 19:00:26.73 - In 332 BC Alexander the Great founded the city of Alexandria on an isthmus opposite Pharos.
8005:123145467289600::Thread-37 2020-08-09 19:00:27.349 - He was the first boxer to win the lineal championship in five different weight classes, the first boxer to win major world titles in four of the eight "glamour divisions": flyweight, featherweight, lightweight, and welterweight, and is the only boxer to hold world championships across four decades (1990s, 2000s, 2010s, and 2020s).As of 2015, Pacquiao's fights had generated $1.2 billion in revenue from his 25 pay-per-view bouts.
8004:123145467289600::Thread-37 2020-08-09 19:00:28.056 - Alexandria and Pharos were later connected by a mole spanning more than 1,200 metres (0.75 miles), which was called the Heptastadion ("seven stadia"—a stadium was a Greek unit of length measuring approximately 180 m).
8002:123145467289600::Thread-37 2020-08-09 19:00:28.199 - **END**
8005:123145467289600::Thread-37 2020-08-09 19:00:29.411 - According to Forbes, he was the second highest paid athlete in the world in 2015.In July 2019, Pacquiao became the oldest welterweight world champion in history at the age of 40, and the first boxer in history to become a recognized four-time welterweight champion after defeating Keith Thurman to win the WBA (Super) welterweight title.
8004:123145467289600::Thread-37 2020-08-09 19:00:29.731 - The east side of the mole became the Great Harbour, now an open bay; on the west side lay the port of Eunostos, with its inner basin Kibotos now vastly enlarged to form the modern harbour.
8005:123145467289600::Thread-37 2020-08-09 19:00:30.374 - Early life and amateur career
Pacquiao was born and raised in Kibawe, Bukidnon, Philippines.
8005:123145467289600::Thread-37 2020-08-09 19:00:30.659 - He is the son of Rosalio Pacquiao and Dionisia Dapidran-Pacquiao.
8005:123145467289600::Thread-37 2020-08-09 19:00:33.187 - His parents separated when he was in sixth grade, after his father had an affair.
8004:123145467289600::Thread-37 2020-08-09 19:00:33.733 - **END**
8005:123145467289600::Thread-37 2020-08-09 19:00:34.049 - He is the fourth of six siblings, one of whom, Alberto "Bobby" Pacquiao, is also a politician and former professional boxer.
8005:123145467289600::Thread-37 2020-08-09 19:00:37.052 - **END**