8004:123145812230144::Thread-119 2020-08-09 18:59:30.214 - **START**
8004:123145812230144::Thread-119 2020-08-09 18:59:30.828 - Starting new HTTPS connection (1): en.wikipedia.org
8004:123145812230144::Thread-119 2020-08-09 18:59:32.326 - Roger Federer (German pronunciation: [ˈrɔdʒər ˈfeːdərər]; born 8 August 1981) is a Swiss professional tennis player who is ranked world No.
8004:123145812230144::Thread-119 2020-08-09 18:59:33.748 - 4 in men's singles tennis by the Association of Tennis Professionals (ATP).
8005:123145812230144::Thread-119 2020-08-09 18:59:34.285 - **START**
8004:123145812230144::Thread-119 2020-08-09 18:59:34.753 - He has won 20 Grand Slam singles titles—the most in history for a male player—and has held the world No.
8002:123145812230144::Thread-119 2020-08-09 18:59:35.385 - **START**
8004:123145812230144::Thread-119 2020-08-09 18:59:35.789 - 1 spot in the ATP rankings for a record total of 310 weeks (including a record 237 consecutive weeks) and was the year-end No.
8005:123145812230144::Thread-119 2020-08-09 18:59:36.042 - Starting new HTTPS connection (1): en.wikipedia.org
8002:123145812230144::Thread-119 2020-08-09 18:59:36.991 - Starting new HTTPS connection (1): en.wikipedia.org
8006:123145812230144::Thread-119 2020-08-09 18:59:37.256 - **START**
8003:123145812230144::Thread-119 2020-08-09 18:59:37.267 - **START**
8003:123145812230144::Thread-119 2020-08-09 18:59:37.497 - Starting new HTTPS connection (1): en.wikipedia.org
8006:123145812230144::Thread-119 2020-08-09 18:59:37.499 - Starting new HTTPS connection (1): en.wikipedia.org
8004:123145812230144::Thread-119 2020-08-09 18:59:37.775 - 1 five times, including four consecutive.
8004:123145812230144::Thread-119 2020-08-09 18:59:39.273 - Federer, who turned professional in 1998, was continuously ranked in the top 10 from October 2002 to November 2016.
8004:123145812230144::Thread-119 2020-08-09 18:59:40.22 - Federer has won a record eight Wimbledon men's singles titles, six Australian Open titles, five US Open titles (all consecutive, a record), and one French Open title.
8002:123145812230144::Thread-119 2020-08-09 18:59:40.648 - Elizabeth I (7 September 1533 – 24 March 1603) was Queen of England and Ireland from 17 November 1558 until her death on 24 March 1603.
8006:123145812230144::Thread-119 2020-08-09 18:59:40.79 - The Georgia Guidestones are a granite monument erected in 1980 in Elbert County, Georgia, in the United States.
8005:123145812230144::Thread-119 2020-08-09 18:59:40.928 - Guinea-Bissau ( (listen); Portuguese: Guiné-Bissau), officially the Republic of Guinea-Bissau (Portuguese: República da Guiné-Bissau [ʁɛˈpuβlikɐ ðɐ ɣiˈnɛ βiˈsaw]), is a country in West Africa that covers 36,125 square kilometres (13,948 sq mi) with an estimated population of 1,874,303.
8003:123145812230144::Thread-119 2020-08-09 18:59:41.131 - John Felix Anthony Cena Jr. (; born April 23, 1977) is an American professional wrestler, actor, rapper, and television presenter.
8002:123145812230144::Thread-119 2020-08-09 18:59:41.204 - Sometimes called the Virgin Queen, Gloriana or Good Queen Bess, Elizabeth was the last of the five monarchs of the House of Tudor.
8003:123145812230144::Thread-119 2020-08-09 18:59:41.249 - He is currently signed to the WWE on a part-time deal, is the current host of Are You Smarter Than a Fifth Grader?
8002:123145812230144::Thread-119 2020-08-09 18:59:41.303 - Elizabeth was the daughter of Henry VIII and Anne Boleyn, his second wife, who was executed two-and-a-half years after Elizabeth's birth.
8006:123145812230144::Thread-119 2020-08-09 18:59:41.384 - A set of 10 guidelines is inscribed on the structure in eight modern languages and a shorter message is inscribed at the top of the structure in four ancient language scripts.
8005:123145812230144::Thread-119 2020-08-09 18:59:41.41 - It borders Senegal to the north and Guinea to the south-east.
8003:123145812230144::Thread-119 2020-08-09 18:59:41.566 - on Nickelodeon and has starred in various films.
8006:123145812230144::Thread-119 2020-08-09 18:59:41.675 - The monument stands at an approximate elevation of 750 feet (230 m) above sea level, about 90 miles (140 km) east of Atlanta, 45 miles (72 km) from Athens, Georgia and 9 miles (14 km) north of the center of the city of Elberton.
8005:123145812230144::Thread-119 2020-08-09 18:59:41.906 - Guinea-Bissau was once part of the kingdom of Kaabu, as well as part of the Mali Empire.
8004:123145812230144::Thread-119 2020-08-09 18:59:41.948 - He is one of eight men to have achieved a Career Grand Slam.
8002:123145812230144::Thread-119 2020-08-09 18:59:42.135 - Anne's marriage to Henry VIII was annulled, and Elizabeth was declared illegitimate.
8002:123145812230144::Thread-119 2020-08-09 18:59:42.362 - Her half-brother, Edward VI, ruled until his death in 1553, bequeathing the crown to Lady Jane Grey and ignoring the claims of his two half-sisters, the Roman Catholic Mary and the younger Elizabeth, in spite of statute law to the contrary.
8004:123145812230144::Thread-119 2020-08-09 18:59:42.411 - Federer has reached a record 31 men's singles Grand Slam finals, including 10 consecutively from the 2005 Wimbledon Championships to the 2007 US Open.
8005:123145812230144::Thread-119 2020-08-09 18:59:42.299 - Parts of this kingdom persisted until the 18th century, while a few others were under some rule by the Portuguese Empire since the 16th century.
8006:123145812230144::Thread-119 2020-08-09 18:59:42.635 - One slab stands in the center, with four arranged around it.
8005:123145812230144::Thread-119 2020-08-09 18:59:42.692 - In the 19th century, it was colonised as Portuguese Guinea.
8003:123145812230144::Thread-119 2020-08-09 18:59:42.842 - Born and raised in West Newbury, Massachusetts, Cena moved to California in 1998 to pursue a career as a bodybuilder.
8003:123145812230144::Thread-119 2020-08-09 18:59:43.01 - He transitioned to professional wrestling in 1999 when he debuted for Ultimate Pro Wrestling (UPW).
8002:123145812230144::Thread-119 2020-08-09 18:59:43.086 - Edward's will was set aside and Mary became queen, deposing Lady Jane Grey.
8006:123145812230144::Thread-119 2020-08-09 18:59:43.087 - A capstone lies on top of the five slabs, which are astronomically aligned.
8006:123145812230144::Thread-119 2020-08-09 18:59:43.144 - An additional stone tablet, which is set in the ground a short distance to the west of the structure, provides some notes on the history and purpose of the guidestones.
8006:123145812230144::Thread-119 2020-08-09 18:59:43.318 - The structure is sometimes referred to as an "American Stonehenge".
8005:123145812230144::Thread-119 2020-08-09 18:59:43.925 - Upon independence, declared in 1973 and recognised in 1974, the name of its capital, Bissau, was added to the country's name to prevent confusion with Guinea (formerly French Guinea).
8003:123145812230144::Thread-119 2020-08-09 18:59:43.99 - He signed with the World Wrestling Federation (WWF, now WWE) in 2001, where he was initially assigned to Ohio Valley Wrestling (OVW).
8002:123145812230144::Thread-119 2020-08-09 18:59:44.063 - During Mary's reign, Elizabeth was imprisoned for nearly a year on suspicion of supporting Protestant rebels.
8003:123145812230144::Thread-119 2020-08-09 18:59:44.081 - He gained fame in the WWE after adopting the persona of a trash-talking rapper.
8006:123145812230144::Thread-119 2020-08-09 18:59:44.248 - The monument is 19 feet 3 inches (5.87 m) tall, made from six granite slabs weighing 237,746 pounds (107,840 kg) in all.
8003:123145812230144::Thread-119 2020-08-09 18:59:44.262 - He won his first singles title, the United States Championship, in 2004.
8004:123145812230144::Thread-119 2020-08-09 18:59:44.39 - Federer has also won a record six ATP Finals titles, 28 ATP Tour Masters 1000 titles, and a record 24 ATP Tour 500 titles.
8003:123145812230144::Thread-119 2020-08-09 18:59:44.527 - The next year, he won the WWE Championship for the first time, and his character subsequently transitioned into a clean-cut "Superman-like" hero.
8002:123145812230144::Thread-119 2020-08-09 18:59:44.656 - In 1558 upon Mary's death, Elizabeth succeeded her half-sister to the throne and set out to rule by good counsel.
8005:123145812230144::Thread-119 2020-08-09 18:59:45.117 - Guinea-Bissau has a history of political instability since independence, and only one elected president (José Mário Vaz) has successfully served a full five-year term.Only about 2% of the population speaks Portuguese, the official language, as a first language, and 33% speak it as a second language.
8006:123145812230144::Thread-119 2020-08-09 18:59:45.154 - The anonymity of the guidestones' authors and their apparent advocacy of population control, eugenics, and internationalism have made them a target for controversy and conspiracy theory.
8006:123145812230144::Thread-119 2020-08-09 18:59:45.314 - History
In June 1979, a man using the pseudonym Robert C. Christian approached the Elberton Granite Finishing Company on behalf of "a small group of loyal Americans", and commissioned the structure.
8002:123145812230144::Thread-119 2020-08-09 18:59:45.549 - She depended heavily on a group of trusted advisers, led by William Cecil, 1st Baron Burghley.
8005:123145812230144::Thread-119 2020-08-09 18:59:45.777 - However, Creole is the national language and also considered the language of unity.
8005:123145812230144::Thread-119 2020-08-09 18:59:46.186 - According to a 2012 study, 54% of the population speak Creole as a first language and about 52% speak it as a second language.
8002:123145812230144::Thread-119 2020-08-09 18:59:46.535 - One of her first actions as queen was the establishment of an English Protestant church, of which she became the supreme governor.
8002:123145812230144::Thread-119 2020-08-09 18:59:46.536 - **END**
8005:123145812230144::Thread-119 2020-08-09 18:59:48.035 - The remainder speak a variety of native African languages.
8004:123145812230144::Thread-119 2020-08-09 18:59:50.391 - **END**
8002:123145812230144::Thread-119 2020-08-09 18:59:50.539 - **START**
8002:123145812230144::Thread-119 2020-08-09 18:59:50.547 - Starting new HTTPS connection (1): en.wikipedia.org
8002:123145812230144::Thread-119 2020-08-09 18:59:52.108 - AMGTV is an American family-oriented television network featuring television programming consisting of drama, sports, movies, entertainment, how-to, hunting and fishing, children's shows, and other features, much of it repackaged from off-network and first-run syndication.
8003:123145812230144::Thread-119 2020-08-09 18:59:52.532 - **END**
8002:123145812230144::Thread-119 2020-08-09 18:59:52.939 - The network is owned by the American company Access Media Group.
8002:123145812230144::Thread-119 2020-08-09 18:59:53.461 - AMGTV provides programming to television stations in the United States.
8002:123145812230144::Thread-119 2020-08-09 18:59:53.636 - AMGTV also syndicates several movie packages and music specials to stations outside their affiliate base.
8006:123145812230144::Thread-119 2020-08-09 18:59:54.315 - **END**
8006:123145812230144::Thread-119 2020-08-09 18:59:54.316 - **START**
8006:123145812230144::Thread-119 2020-08-09 18:59:54.319 - Starting new HTTPS connection (1): en.wikipedia.org
8005:123145812230144::Thread-119 2020-08-09 18:59:55.037 - **END**
8002:123145812230144::Thread-119 2020-08-09 18:59:55.183 - The president of AMGTV is Terry Elaqua.
8006:123145812230144::Thread-119 2020-08-09 18:59:55.637 - Kimberly Noel Kardashian West (née Kardashian; born October 21, 1980) is an American media personality, socialite, model, businesswoman, and activist.
8006:123145812230144::Thread-119 2020-08-09 18:59:56.485 - Kardashian first gained media attention as a friend and stylist of Paris Hilton but received wider notice after a 2002 sex tape, Kim Kardashian, Superstar, with her then-boyfriend Ray J was released in 2007.
8002:123145812230144::Thread-119 2020-08-09 18:59:56.712 - Programming


Scripted programming
Leverage
Sanctuary


Entertainment
Animal Rescue
Celebrity Page
Forensic Files
Judge Faith
The Balancing Act
The Hollywood News Report
Pawn Stars
Impractical Jokers
Cheaters
TAKE A LOOK


Former


Sports
On October 10, 2010 the American Indoor Football Association (AIFA) announced that AMGTV has agreed to air games from the upcoming 2011 AIFA West season.
8002:123145812230144::Thread-119 2020-08-09 18:59:57.162 - They had previously carried the 2010 season, prior to when the league split.
8002:123145812230144::Thread-119 2020-08-09 18:59:57.624 - The AIFA West ceased operations January 2011; neither the league nor the network have indicated whether the deal is valid for the 2012 revival of the league.
8006:123145812230144::Thread-119 2020-08-09 18:59:58.468 - Later that year, she and her family began to appear in the E!
8002:123145812230144::Thread-119 2020-08-09 18:59:59.532 - AIFA's successor, American Indoor Football, folded in 2017.
8006:123145812230144::Thread-119 2020-08-09 19:00:00.182 - reality television series Keeping Up with the Kardashians (2007–present).
8006:123145812230144::Thread-119 2020-08-09 19:00:01.72 - Its success soon led to the creation of spin-offs including Kourtney and Kim Take New York (2011–2012) and Kourtney and Kim Take Miami (2009–2013).
8006:123145812230144::Thread-119 2020-08-09 19:00:03.337 - Kardashian has developed an online and social media presence, including hundreds of millions of followers on Twitter and Instagram.
8002:123145812230144::Thread-119 2020-08-09 19:00:03.533 - **END**
8006:123145812230144::Thread-119 2020-08-09 19:00:03.602 - She has released a variety of products tied to her name, including the 2014 mobile game Kim Kardashian: Hollywood, a variety of clothing and products, the 2015 photo book Selfish and her eponymous personal app.
8006:123145812230144::Thread-119 2020-08-09 19:00:03.992 - Her relationship with rapper Kanye West has also received significant media coverage; the couple married in 2014 and have four children together.
8006:123145812230144::Thread-119 2020-08-09 19:00:04.71 - As an actress, Kardashian has appeared in films, such as Disaster Movie (2008), Deep in the Valley (2009), and Temptation: Confessions of a Marriage Counselor (2013).
8006:123145812230144::Thread-119 2020-08-09 19:00:05.386 - In recent years, Kardashian has focused on her own businesses by founding KKW Beauty and KKW fragrance in 2017.
8004:123145812230144::Thread-119 2020-08-09 19:00:06.397 - **START**
8004:123145812230144::Thread-119 2020-08-09 19:00:06.41 - Starting new HTTPS connection (1): en.wikipedia.org
8003:123145812230144::Thread-119 2020-08-09 19:00:06.535 - **START**
8003:123145812230144::Thread-119 2020-08-09 19:00:06.541 - Starting new HTTPS connection (1): en.wikipedia.org
8003:123145812230144::Thread-119 2020-08-09 19:00:08.049 - William Shakespeare (bapt.
8004:123145812230144::Thread-119 2020-08-09 19:00:09.352 - Confucius ( kən-FEW-shəs; (Chinese: 孔夫子; pinyin: Kǒng Fūzǐ, English: Master Kǒng) 551 BC–479 BC) was a Chinese philosopher and politician of the Spring and Autumn period.
8003:123145812230144::Thread-119 2020-08-09 19:00:09.441 - 26 April 1564 – 23 April 1616) was an English playwright, poet, and actor, widely regarded as the greatest writer in the English language and the world's greatest dramatist.
8004:123145812230144::Thread-119 2020-08-09 19:00:09.605 - The philosophy of Confucius, also known as Confucianism, emphasized personal and governmental morality, correctness of social relationships, justice, kindness, and sincerity.
8005:123145812230144::Thread-119 2020-08-09 19:00:10.038 - **START**
8005:123145812230144::Thread-119 2020-08-09 19:00:10.045 - Starting new HTTPS connection (1): en.wikipedia.org
8003:123145812230144::Thread-119 2020-08-09 19:00:10.169 - He is often called England's national poet and the "Bard of Avon" (or simply "the Bard").
8003:123145812230144::Thread-119 2020-08-09 19:00:11.651 - His extant works, including collaborations, consist of some 39 plays, 154 sonnets, two long narrative poems, and a few other verses, some of uncertain authorship.
8004:123145812230144::Thread-119 2020-08-09 19:00:11.877 - His followers competed successfully with many other schools during the Hundred Schools of Thought era only to be suppressed in favor of the Legalists during the Qin dynasty.
8003:123145812230144::Thread-119 2020-08-09 19:00:11.974 - His plays have been translated into every major living language and are performed more often than those of any other playwright.
8005:123145812230144::Thread-119 2020-08-09 19:00:12.339 - Epcot (stylized as EPCOT) is a theme park at the Walt Disney World Resort in Bay Lake, Florida.
8003:123145812230144::Thread-119 2020-08-09 19:00:13.11 - They also continue to be studied and reinterpreted.
8005:123145812230144::Thread-119 2020-08-09 19:00:13.739 - It is owned and operated by The Walt Disney Company through its Parks, Experiences and Products division.
8005:123145812230144::Thread-119 2020-08-09 19:00:14.22 - Inspired by an unrealized concept developed by Walt Disney, the park opened on October 1, 1982, as EPCOT Center, and was the second of four theme parks built at Walt Disney World, after the Magic Kingdom.
8006:123145812230144::Thread-119 2020-08-09 19:00:14.388 - **END**
8004:123145812230144::Thread-119 2020-08-09 19:00:14.426 - Following the victory of Han over Chu after the collapse of Qin, Confucius's thoughts received official sanction in the new government and were further developed into a system known in the West as Neo-Confucianism, and later New Confucianism (Modern Neo-Confucianism).
8003:123145812230144::Thread-119 2020-08-09 19:00:14.992 - Shakespeare was born and raised in Stratford-upon-Avon, Warwickshire.
8005:123145812230144::Thread-119 2020-08-09 19:00:15.736 - Spanning 305 acres (1.23 km2), more than twice the size of the Magic Kingdom park, Epcot is dedicated to the celebration of human achievement, namely technological innovation and international culture, and is often referred to as a "permanent world's fair".Epcot was originally conceived by Walt Disney during the early development of Walt Disney World, as an experimental planned community that would serve as a center for American enterprise and urban living.
8005:123145812230144::Thread-119 2020-08-09 19:00:16.4 - Known as "EPCOT", the idea included an urban city center, residential areas, industrial areas, schools, and a series of mass transportation systems that would connect the community.
8003:123145812230144::Thread-119 2020-08-09 19:00:16.809 - At the age of 18, he married Anne Hathaway, with whom he had three children: Susanna and twins Hamnet and Judith.
8004:123145812230144::Thread-119 2020-08-09 19:00:17.261 - Confucius is traditionally credited with having authored or edited many of the Chinese classic texts including all of the Five Classics, but modern scholars are cautious of attributing specific assertions to Confucius himself.
8004:123145812230144::Thread-119 2020-08-09 19:00:17.741 - Aphorisms concerning his teachings were compiled in the Analects, but only many years after his death.
8005:123145812230144::Thread-119 2020-08-09 19:00:18.292 - After Disney's death in 1966, the "EPCOT" concept was abandoned as the company had uncertainty about the feasibility of maintaining an operating city.
8003:123145812230144::Thread-119 2020-08-09 19:00:18.606 - Sometime between 1585 and 1592, he began a successful career in London as an actor, writer, and part-owner of a playing company called the Lord Chamberlain's Men, later known as the King's Men.
8005:123145812230144::Thread-119 2020-08-09 19:00:18.789 - In the 1970s, WED Enterprises began developing a second theme park for the resort to supplement Magic Kingdom, as that park's popularity grew.
8005:123145812230144::Thread-119 2020-08-09 19:00:19.224 - The new park maintained the idea of showcasing modern innovation through avant-garde edutainment attractions, as well as the addition of a world nations exposition.
8003:123145812230144::Thread-119 2020-08-09 19:00:19.32 - At age 49 (around 1613), he appears to have retired to Stratford, where he died three years later.
8004:123145812230144::Thread-119 2020-08-09 19:00:20.599 - Confucius's principles have commonality with Chinese tradition and belief.
8004:123145812230144::Thread-119 2020-08-09 19:00:21.132 - He championed strong family loyalty, ancestor veneration, and respect of elders by their children and of husbands by their wives, recommending family as a basis for ideal government.
8005:123145812230144::Thread-119 2020-08-09 19:00:21.227 - The newly-designed park, featuring two sections—Future World and World Showcase—opened as EPCOT Center in 1982.
8003:123145812230144::Thread-119 2020-08-09 19:00:21.324 - **END**
8005:123145812230144::Thread-119 2020-08-09 19:00:22.888 - In 1994, the park was renamed to "Epcot", dropping the acronym and "Center" from the name.
8004:123145812230144::Thread-119 2020-08-09 19:00:24.106 - He espoused the well-known principle "Do not do unto others what you do not want done to yourself", the Golden Rule.
8004:123145812230144::Thread-119 2020-08-09 19:00:24.86 - He is also a traditional deity in Daoism.
8005:123145812230144::Thread-119 2020-08-09 19:00:27.892 - **END**
8004:123145812230144::Thread-119 2020-08-09 19:00:32.867 - **END**