8003:123145496735744::Thread-44 2020-08-09 18:59:26.227 - **START**
8003:123145496735744::Thread-44 2020-08-09 18:59:26.23 - Starting new HTTPS connection (1): en.wikipedia.org
8006:123145496735744::Thread-44 2020-08-09 18:59:26.241 - **START**
8006:123145496735744::Thread-44 2020-08-09 18:59:26.246 - Starting new HTTPS connection (1): en.wikipedia.org
8004:123145496735744::Thread-44 2020-08-09 18:59:29.205 - **START**
8004:123145496735744::Thread-44 2020-08-09 18:59:29.365 - Starting new HTTPS connection (1): en.wikipedia.org
8004:123145496735744::Thread-44 2020-08-09 18:59:30.7 - The Petronas Towers, also known as the Petronas Twin Towers (Malay: Menara Petronas, or Menara Berkembar Petronas), are twin skyscrapers in Kuala Lumpur, Malaysia.
8004:123145496735744::Thread-44 2020-08-09 18:59:30.878 - According to the Council on Tall Buildings and Urban Habitat (CTBUH)'s official definition and ranking, they were the tallest buildings in the world from 1998 to 2004, until they were surpassed by Taipei 101.
8003:123145496735744::Thread-44 2020-08-09 18:59:30.899 - The Temple of Artemis or Artemision (Greek: Ἀρτεμίσιον; Turkish: Artemis Tapınağı), also known less precisely as the Temple of Diana, was a Greek temple dedicated to an ancient, local form of the goddess Artemis (associated with Diana, a Roman goddess).
8004:123145496735744::Thread-44 2020-08-09 18:59:31.769 - The Petronas Towers remain the tallest twin towers in the world.
8003:123145496735744::Thread-44 2020-08-09 18:59:31.855 - It was located in Ephesus (near the modern town of Selçuk in present-day Turkey).
8002:123145496735744::Thread-44 2020-08-09 18:59:32.307 - **START**
8004:123145496735744::Thread-44 2020-08-09 18:59:32.336 - The buildings are a landmark of Kuala Lumpur, along with nearby Kuala Lumpur Tower; they remain the tallest buildings in Kuala Lumpur.
8003:123145496735744::Thread-44 2020-08-09 18:59:32.906 - It was completely rebuilt twice, once after a devastating flood and three hundred years later after an act of arson, and in its final form was one of the Seven Wonders of the Ancient World.
8004:123145496735744::Thread-44 2020-08-09 18:59:33.23 - History and architecture
The Petronas Towers' structural system is a tube in tube design, invented by Fazlur Rahman Khan.
8002:123145496735744::Thread-44 2020-08-09 18:59:33.389 - Starting new HTTPS connection (1): en.wikipedia.org
8004:123145496735744::Thread-44 2020-08-09 18:59:33.794 - Applying a tube-structure for extreme tall buildings is a common phenomenon.The 88-floor towers are constructed largely of reinforced concrete, with a steel and glass facade designed to resemble motifs found in Islamic art, a reflection of Malaysia's Muslim religion.
8004:123145496735744::Thread-44 2020-08-09 18:59:33.862 - Another Islamic influence on the design is that the cross section of the towers is based on a Rub el Hizb, albeit with circular sectors added to meet office space requirements.
8003:123145496735744::Thread-44 2020-08-09 18:59:33.989 - By 401 AD it had been ruined or destroyed.
8004:123145496735744::Thread-44 2020-08-09 18:59:34.028 - The circular sectors is similar to the bottom part of the Qutub Minar.
8004:123145496735744::Thread-44 2020-08-09 18:59:34.711 - The towers were designed by Argentine architect César Pelli.
8004:123145496735744::Thread-44 2020-08-09 18:59:34.863 - A distinctive postmodern style was chosen to create a 21st-century icon for Kuala Lumpur, Malaysia.
8006:123145496735744::Thread-44 2020-08-09 18:59:34.877 - **END**
8003:123145496735744::Thread-44 2020-08-09 18:59:35.057 - Only foundations and fragments of the last temple remain at the site.
8005:123145496735744::Thread-44 2020-08-09 18:59:36.204 - **START**
8003:123145496735744::Thread-44 2020-08-09 18:59:36.853 - The earliest version of the temple (a temenos) antedated the Ionic immigration by many years, and dates to the Bronze Age.
8003:123145496735744::Thread-44 2020-08-09 18:59:37.151 - Callimachus, in his Hymn to Artemis, attributed it to the Amazons.
8002:123145496735744::Thread-44 2020-08-09 18:59:37.809 - Glee (stylized in all lowercase) is  an American musical comedy-drama television series that aired on the Fox network in the United States from May 19, 2009, to March 20, 2015.
8003:123145496735744::Thread-44 2020-08-09 18:59:38.213 - In the 7th century BC, it was destroyed by a flood.
8005:123145496735744::Thread-44 2020-08-09 18:59:38.074 - Starting new HTTPS connection (1): en.wikipedia.org
8003:123145496735744::Thread-44 2020-08-09 18:59:39.183 - Its reconstruction, in more grandiose form, began around 550 BC, under Chersiphron, the Cretan architect, and his son Metagenes.
8002:123145496735744::Thread-44 2020-08-09 18:59:39.54 - It centers on the fictional William McKinley High School glee club, the New Directions, which competes on the show choir competition circuit while its disparate members deal with social issues, especially regarding sexuality, race, relationships, and teamwork.
8003:123145496735744::Thread-44 2020-08-09 18:59:40.958 - The project was funded by Croesus of Lydia, and took 10 years to complete.
8002:123145496735744::Thread-44 2020-08-09 18:59:41.091 - The initial twelve-member cast included Matthew Morrison as club director and Spanish teacher Will Schuester, Jane Lynch as cheerleading coach Sue Sylvester, Jayma Mays as guidance counselor Emma Pillsbury, Jessalyn Gilsig as Will's wife Terri, and Dianna Agron, Chris Colfer, Kevin McHale, Lea Michele, Cory Monteith, Amber Riley, Mark Salling, and Jenna Ushkowitz as eight club members.
8002:123145496735744::Thread-44 2020-08-09 18:59:41.948 - The main cast was altered throughout the series.
8004:123145496735744::Thread-44 2020-08-09 18:59:42.865 - **END**
8002:123145496735744::Thread-44 2020-08-09 18:59:43.843 - The series was created by Ryan Murphy, Brad Falchuk, and Ian Brennan, the latter of whom first conceived of Glee as a film.
8005:123145496735744::Thread-44 2020-08-09 18:59:45.765 - Sachin Ramesh Tendulkar ( (listen); born 24 April 1973) is a former international cricketer from India and a former captain of the Indian national team.
8005:123145496735744::Thread-44 2020-08-09 18:59:46.063 - He is widely regarded as one of the greatest batsmen in the history of cricket.
8002:123145496735744::Thread-44 2020-08-09 18:59:46.132 - The three wrote all of the show's episodes for the first two seasons, and Murphy and Falchuk initially served as the show's main directors.
8006:123145496735744::Thread-44 2020-08-09 18:59:46.884 - **START**
8006:123145496735744::Thread-44 2020-08-09 18:59:46.89 - Starting new HTTPS connection (1): en.wikipedia.org
8006:123145496735744::Thread-44 2020-08-09 18:59:47.631 - Ernesto "Che" Guevara (Spanish: [ˈtʃe ɣeˈβaɾa]; 14 June 1928 – 9 October 1967) was an Argentine Marxist revolutionary, physician, author, guerrilla leader, diplomat, and military theorist.
8002:123145496735744::Thread-44 2020-08-09 18:59:47.687 - The pilot episode was broadcast on May 19, 2009, and the first season aired from September 9, 2009, to June 8, 2010.
8005:123145496735744::Thread-44 2020-08-09 18:59:47.755 - He is the highest run scorer of all time in International cricket.
8006:123145496735744::Thread-44 2020-08-09 18:59:48.334 - A major figure of the Cuban Revolution, his stylized visage has become a ubiquitous countercultural symbol of rebellion and global insignia in popular culture.As a young medical student, Guevara traveled throughout South America and was radicalized by the poverty, hunger, and disease he witnessed.
8006:123145496735744::Thread-44 2020-08-09 18:59:48.731 - His burgeoning desire to help overturn what he saw as the capitalist exploitation of Latin America by the United States prompted his involvement in Guatemala's social reforms under President Jacobo Árbenz, whose eventual CIA-assisted overthrow at the behest of the United Fruit Company solidified Guevara's political ideology.
8006:123145496735744::Thread-44 2020-08-09 18:59:48.898 - Later in Mexico City, Guevara met Raúl and Fidel Castro, joined their 26th of July Movement, and sailed to Cuba aboard the yacht Granma with the intention of overthrowing U.S.-backed Cuban dictator Fulgencio Batista.
8003:123145496735744::Thread-44 2020-08-09 18:59:48.959 - **END**
8006:123145496735744::Thread-44 2020-08-09 18:59:49.757 - Guevara soon rose to prominence among the insurgents, was promoted to second in command and played a pivotal role in the victorious two-year guerrilla campaign that deposed the Batista regime.Following the Cuban Revolution, Guevara performed a number of key roles in the new government.
8005:123145496735744::Thread-44 2020-08-09 18:59:49.884 - Considered as the world's most prolific batsman of all time, he is the only player to have scored one hundred international centuries, the first batsman to score a double century in a One Day International (ODI), the holder of the record for the most runs in both Test and ODI cricket, and the only player to complete more than 30,000 runs in international cricket.Tendulkar took up cricket at the age of eleven, made his Test debut on 15 November 1989 against Pakistan in Karachi at the age of sixteen, and went on to represent Mumbai domestically and India internationally for close to twenty-four years.
8005:123145496735744::Thread-44 2020-08-09 18:59:50.115 - In 2002, halfway through his career, Wisden Cricketers' Almanack ranked him the second greatest Test batsman of all time, behind Don Bradman, and the second greatest ODI batsman of all time, behind Viv Richards.
8006:123145496735744::Thread-44 2020-08-09 18:59:50.16 - These included reviewing the appeals and firing squads for those convicted as war criminals during the revolutionary tribunals, instituting agrarian land reform as minister of industries, helping spearhead a successful nationwide literacy campaign, serving as both national bank president and instructional director for Cuba's armed forces, and traversing the globe as a diplomat on behalf of Cuban socialism.
8002:123145496735744::Thread-44 2020-08-09 18:59:50.525 - Subsequent seasons aired in September through May.
8006:123145496735744::Thread-44 2020-08-09 18:59:50.941 - Such positions also allowed him to play a central role in training the militia forces who repelled the Bay of Pigs Invasion, and bringing Soviet nuclear-armed ballistic missiles to Cuba, which preceded the 1962 Cuban Missile Crisis.
8004:123145496735744::Thread-44 2020-08-09 18:59:51.867 - **START**
8004:123145496735744::Thread-44 2020-08-09 18:59:51.878 - Starting new HTTPS connection (1): en.wikipedia.org
8006:123145496735744::Thread-44 2020-08-09 18:59:51.898 - Additionally, Guevara was a prolific writer and diarist, composing a seminal guerrilla warfare manual, along with a best-selling memoir about his youthful continental motorcycle journey.
8006:123145496735744::Thread-44 2020-08-09 18:59:52.448 - His experiences and studying of Marxism–Leninism led him to posit that the Third World's underdevelopment and dependence was an intrinsic result of imperialism, neocolonialism and monopoly capitalism, with the only remedy being proletarian internationalism and world revolution.
8002:123145496735744::Thread-44 2020-08-09 18:59:52.498 - The sixth and final season aired from January to March 2015.
8006:123145496735744::Thread-44 2020-08-09 18:59:52.514 - Guevara left Cuba in 1965 to foment revolution abroad, first unsuccessfully in Congo-Kinshasa and later in Bolivia, where he was captured by CIA-assisted Bolivian forces and summarily executed.Guevara remains both a revered and reviled historical figure, polarized in the collective imagination in a multitude of biographies, memoirs, essays, documentaries, songs, and films.
8005:123145496735744::Thread-44 2020-08-09 18:59:53.008 - Later in his career, Tendulkar was a part of the Indian team that won the 2011 World Cup, his first win in six World Cup appearances for India.
8002:123145496735744::Thread-44 2020-08-09 18:59:53.733 - Glee features on-screen performance-based musical numbers that were selected by Murphy, who aimed to maintain a balance between show tunes and chart hits, and produced by Adam Anders and Peer Åström.
8004:123145496735744::Thread-44 2020-08-09 18:59:54.915 - Gazzy Garcia (born August 17, 2000), known professionally as Lil Pump, is an American rapper and songwriter.
8005:123145496735744::Thread-44 2020-08-09 18:59:55.687 - He had previously been named "Player of the Tournament" at the 2003 edition of the tournament, held in South Africa.
8005:123145496735744::Thread-44 2020-08-09 18:59:55.733 - In 2013, he was the only Indian cricketer included in an all-time Test World XI named to mark the 150th anniversary of Wisden Cricketers' Almanack.
8006:123145496735744::Thread-44 2020-08-09 18:59:56.518 - **END**
8004:123145496735744::Thread-44 2020-08-09 18:59:57.784 - He is known for his hyperactive public persona, where he is often portrayed taking drugs, particularly marijuana, lean, Xanax and MDMA; he is often criticized for his behavior seen on social media.
8003:123145496735744::Thread-44 2020-08-09 18:59:57.963 - **START**
8003:123145496735744::Thread-44 2020-08-09 18:59:57.988 - Starting new HTTPS connection (1): en.wikipedia.org
8005:123145496735744::Thread-44 2020-08-09 18:59:58.284 - He is affectionately known as Little Master or Master Blaster.Tendulkar received the Arjuna Award in 1994 for his outstanding sporting achievement, the Rajiv Gandhi Khel Ratna award in 1997, India's highest sporting honour, and the Padma Shri and Padma Vibhushan awards in 1999 and 2008, respectively, India's fourth and second highest civilian awards.
8003:123145496735744::Thread-44 2020-08-09 18:59:58.648 - Nelson Rolihlahla Mandela (; Xhosa: [xolíɬaɬa mandɛ̂ːla]; 18 July 1918 – 5 December 2013) was a South African anti-apartheid revolutionary, political leader and philanthropist who served as President of South Africa from 1994 to 1999.
8003:123145496735744::Thread-44 2020-08-09 18:59:58.696 - He was the country's first black head of state and the first elected in a fully representative democratic election.
8002:123145496735744::Thread-44 2020-08-09 18:59:58.753 - **END**
8003:123145496735744::Thread-44 2020-08-09 18:59:59.589 - His government focused on dismantling the legacy of apartheid by tackling institutionalised racism and fostering racial reconciliation.
8004:123145496735744::Thread-44 2020-08-09 19:00:00.365 - He is also known for shouting his catchphrase "Esskeetit" (a truncated version of "Let's get it").
8003:123145496735744::Thread-44 2020-08-09 19:00:00.612 - Ideologically an African nationalist and socialist, he served as the president of the African National Congress (ANC) party from 1991 to 1997.
8005:123145496735744::Thread-44 2020-08-09 19:00:00.969 - After a few hours of his final match on 16 November 2013, the Prime Minister's Office announced the decision to award him the Bharat Ratna, India's highest civilian award.
8003:123145496735744::Thread-44 2020-08-09 19:00:01.513 - A Xhosa speaker, Mandela was born to the Thembu royal family in Mvezo, Union of South Africa.
8003:123145496735744::Thread-44 2020-08-09 19:00:01.881 - He studied law at the University of Fort Hare and the University of Witwatersrand before working as a lawyer in Johannesburg.
8004:123145496735744::Thread-44 2020-08-09 19:00:02.183 - Garcia was named as one of the 30 Under 30 by Forbes in 2019.Lil Pump rose to popularity in 2017, after he released his single "Gucci Gang" from his debut album Lil Pump, which peaked at number three on the U.S.
8003:123145496735744::Thread-44 2020-08-09 19:00:02.767 - There he became involved in anti-colonial and African nationalist politics, joining the ANC in 1943 and co-founding its Youth League in 1944.
8005:123145496735744::Thread-44 2020-08-09 19:00:02.97 - **END**
8004:123145496735744::Thread-44 2020-08-09 19:00:03.3 - Billboard Hot 100, and is certified triple platinum by the Recording Industry Association of America.
8003:123145496735744::Thread-44 2020-08-09 19:00:03.338 - After the National Party's white-only government established apartheid, a system of racial segregation that privileged whites, he and the ANC committed themselves to its overthrow.
8003:123145496735744::Thread-44 2020-08-09 19:00:04.188 - Mandela was appointed president of the ANC's Transvaal branch, rising to prominence for his involvement in the 1952 Defiance Campaign and the 1955 Congress of the People.
8003:123145496735744::Thread-44 2020-08-09 19:00:04.318 - He was repeatedly arrested for seditious activities and was unsuccessfully prosecuted in the 1956 Treason Trial.
8004:123145496735744::Thread-44 2020-08-09 19:00:05.606 - He has since released other songs, including "I Love It" (with Kanye West), "Esskeetit", "Drug Addicts", "Butterfly Doors", "Racks on Racks", and "Be Like Me" (featuring Lil Wayne).
8004:123145496735744::Thread-44 2020-08-09 19:00:05.657 - He released his debut studio album, Lil Pump, in October 2017.
8003:123145496735744::Thread-44 2020-08-09 19:00:06.319 - **END**
8006:123145496735744::Thread-44 2020-08-09 19:00:06.521 - **START**
8006:123145496735744::Thread-44 2020-08-09 19:00:06.531 - Starting new HTTPS connection (1): en.wikipedia.org
8004:123145496735744::Thread-44 2020-08-09 19:00:06.799 - His song "Welcome to the Party" was featured in the soundtrack for Deadpool 2.
8006:123145496735744::Thread-44 2020-08-09 19:00:07.574 - Hong Kong ( (listen); Chinese: 香港, Cantonese: [hœ́ːŋ.kɔ̌ːŋ] (listen)), officially the Hong Kong Special Administrative Region of the People's Republic of China (HKSAR), is a metropolitan area and special administrative region of the People's Republic of China on the eastern Pearl River Delta of the South China Sea.
8006:123145496735744::Thread-44 2020-08-09 19:00:08.094 - With over 7.5 million people of various nationalities in a 1,104-square-kilometre (426 sq mi) territory, Hong Kong is one of the most densely populated places in the world.
8006:123145496735744::Thread-44 2020-08-09 19:00:08.521 - Hong Kong became a colony of the British Empire after the Qing Empire ceded Hong Kong Island at the end of the First Opium War in 1842.
8006:123145496735744::Thread-44 2020-08-09 19:00:09.273 - The colony expanded to the Kowloon Peninsula in 1860 after the Second Opium War and was further extended when Britain obtained a 99-year lease of the New Territories in 1898.
8006:123145496735744::Thread-44 2020-08-09 19:00:09.326 - The whole territory was transferred to China in 1997.
8004:123145496735744::Thread-44 2020-08-09 19:00:09.599 - He released his second studio album Harverd Dropout on February 22, 2019.
8002:123145496735744::Thread-44 2020-08-09 19:00:09.765 - **START**
8002:123145496735744::Thread-44 2020-08-09 19:00:09.768 - Starting new HTTPS connection (1): en.wikipedia.org
8006:123145496735744::Thread-44 2020-08-09 19:00:10.306 - As a special administrative region, Hong Kong maintains separate governing and economic systems from that of mainland China under a principle of "one country, two systems".Originally a sparsely populated area of farming and fishing villages, the territory has become one of the world's most significant financial centres and commercial ports.
8002:123145496735744::Thread-44 2020-08-09 19:00:10.441 - 21 is the second studio album by English singer-songwriter Adele.
8002:123145496735744::Thread-44 2020-08-09 19:00:10.621 - It was released on 24 January 2011 in Europe and on 22 February 2011 in North America by XL Recordings and Columbia Records.
8002:123145496735744::Thread-44 2020-08-09 19:00:10.634 - The album was named after the age of the singer during its production.
8004:123145496735744::Thread-44 2020-08-09 19:00:10.672 - Early life
Garcia was born August 17, 2000, in Miami, Florida.
8006:123145496735744::Thread-44 2020-08-09 19:00:11.036 - It is the world's tenth-largest exporter and ninth-largest importer.
8004:123145496735744::Thread-44 2020-08-09 19:00:11.232 - In a 2018 interview with J. Cole, Garcia stated that his parents are from Colombia and they divorced when he was six years old.
8002:123145496735744::Thread-44 2020-08-09 19:00:11.483 - 21 shares the folk and Motown soul influences of her 2008 debut album 19, but was further inspired by the American country and Southern blues music to which she had been exposed during her 2008–09 North American tour An Evening with Adele.
8006:123145496735744::Thread-44 2020-08-09 19:00:11.751 - Hong Kong has a major capitalist service economy characterised by low taxation and free trade, and its currency, the Hong Kong dollar, is the eighth most traded currency in the world.
8002:123145496735744::Thread-44 2020-08-09 19:00:12.345 - Composed in the aftermath of the singer's separation from her then partner, the album typifies the near dormant tradition of the confessional singer-songwriter in its exploration of heartbreak, introspection, and forgiveness.
8006:123145496735744::Thread-44 2020-08-09 19:00:12.547 - Hong Kong is home to the second-highest number of billionaires of any city in the world, the highest number of billionaires of any city in Asia, and the largest concentration of ultra high-net-worth individuals of any city in the world.
8002:123145496735744::Thread-44 2020-08-09 19:00:12.712 - Adele began writing 21 in April 2009, when still involved in the relationship that subsequently inspired the record.
8004:123145496735744::Thread-44 2020-08-09 19:00:13.234 - **END**
8006:123145496735744::Thread-44 2020-08-09 19:00:13.389 - Although the city has one of the highest per capita incomes in the world, severe income inequality exists among its residents.Hong Kong is a highly developed territory and ranks fourth on the UN Human Development Index.
8002:123145496735744::Thread-44 2020-08-09 19:00:13.64 - Dissatisfied with once again portraying herself as the musical tragedian of her debut, she had intended to compose a more upbeat and contemporary follow-up.
8002:123145496735744::Thread-44 2020-08-09 19:00:14.276 - However, studio sessions ended prematurely due to a lack of inspiration.
8002:123145496735744::Thread-44 2020-08-09 19:00:15.038 - She resumed production immediately after the breakdown of her relationship, channelling her heartbreak and depression into her songs.
8006:123145496735744::Thread-44 2020-08-09 19:00:15.39 - **END**
8002:123145496735744::Thread-44 2020-08-09 19:00:15.399 - Adele collaborated with various songwriters and producers, including Columbia Records co-president Rick Rubin, Paul Epworth, Ryan Tedder, Jim Abbiss, and Dan Wilson.
8002:123145496735744::Thread-44 2020-08-09 19:00:15.401 - **END**