8003:123145509355520::Thread-47 2020-08-09 18:59:25.224 - **START**
8003:123145509355520::Thread-47 2020-08-09 18:59:25.231 - Starting new HTTPS connection (1): en.wikipedia.org
8003:123145509355520::Thread-47 2020-08-09 18:59:27.748 - Spain (Spanish: España, [esˈpaɲa] (listen)), officially the Kingdom of Spain (Spanish: Reino de España), is a country in Southwestern Europe with some pockets of territory across the Strait of Gibraltar and the Atlantic Ocean.
8003:123145509355520::Thread-47 2020-08-09 18:59:27.919 - Its continental European territory is situated on the Iberian Peninsula.
8003:123145509355520::Thread-47 2020-08-09 18:59:28.435 - Its territory also includes two archipelagos: the Canary Islands off the coast of North Africa, and the Balearic Islands in the Mediterranean Sea.
8003:123145509355520::Thread-47 2020-08-09 18:59:29.176 - The African enclaves of Ceuta, Melilla, and Peñón de Vélez de la Gomera, makes Spain the only European country to have a physical border with an African country (Morocco).
8003:123145509355520::Thread-47 2020-08-09 18:59:30.503 - Several small islands in the Alboran Sea are also part of Spanish territory.
8003:123145509355520::Thread-47 2020-08-09 18:59:31.527 - The country's mainland is bordered to the south and east by the Mediterranean Sea except for a small land boundary with Gibraltar; to the north and northeast by France, Andorra, and the Bay of Biscay; and to the west and northwest by Portugal and the Atlantic Ocean respectively.
8003:123145509355520::Thread-47 2020-08-09 18:59:32.689 - With an area of 505,990 km2 (195,360 sq mi), Spain is the largest country in Southern Europe, the second-largest country in Western Europe and the European Union, and the fourth-largest country by area on the European continent.
8006:123145509355520::Thread-47 2020-08-09 18:59:34.239 - **START**
8003:123145509355520::Thread-47 2020-08-09 18:59:34.556 - With a population exceeding 47.3 million, Spain is the sixth-most populous country in Europe, and the fourth-most populous country in the European Union.
8006:123145509355520::Thread-47 2020-08-09 18:59:34.993 - Starting new HTTPS connection (1): en.wikipedia.org
8005:123145509355520::Thread-47 2020-08-09 18:59:35.203 - **START**
8003:123145509355520::Thread-47 2020-08-09 18:59:35.384 - Spain's capital and largest city is Madrid; other major urban areas include Barcelona, Valencia, Seville, Zaragoza, Málaga, and Bilbao.
8003:123145509355520::Thread-47 2020-08-09 18:59:35.747 - Modern humans first arrived in the Iberian Peninsula around 35,000 years ago.
8003:123145509355520::Thread-47 2020-08-09 18:59:35.75 - **END**
8004:123145509355520::Thread-47 2020-08-09 18:59:36.228 - **START**
8002:123145509355520::Thread-47 2020-08-09 18:59:36.308 - **START**
8003:123145509355520::Thread-47 2020-08-09 18:59:36.762 - **START**
8002:123145509355520::Thread-47 2020-08-09 18:59:36.999 - Starting new HTTPS connection (1): en.wikipedia.org
8003:123145509355520::Thread-47 2020-08-09 18:59:37.491 - Starting new HTTPS connection (1): en.wikipedia.org
8005:123145509355520::Thread-47 2020-08-09 18:59:38.069 - Starting new HTTPS connection (1): en.wikipedia.org
8004:123145509355520::Thread-47 2020-08-09 18:59:39.604 - Starting new HTTPS connection (1): en.wikipedia.org
8006:123145509355520::Thread-47 2020-08-09 18:59:40.398 - Sasha Grey (born Marina Ann Hantzis, March 14, 1988) is an American actress, musician, model, and writer.
8002:123145509355520::Thread-47 2020-08-09 18:59:40.779 - Gianna Michaels (born 1983 in Seattle, Washington), is an  American pornographic actress.
8003:123145509355520::Thread-47 2020-08-09 18:59:40.793 - India, officially the Republic of India (Hindi: Bhārat Gaṇarājya), is a country in South Asia.
8006:123145509355520::Thread-47 2020-08-09 18:59:41.213 - Grey began her acting career in the pornographic film industry, winning 15 awards for her work between 2007 and 2010, including the AVN Award for Female Performer of the Year in 2008.Grey has been featured in music videos, documentaries, advertising campaigns, artworks, and magazines.
8003:123145509355520::Thread-47 2020-08-09 18:59:41.519 - It is the second-most populous country, the seventh-largest country by area, and the most populous democracy in the world.
8003:123145509355520::Thread-47 2020-08-09 18:59:41.757 - Bounded by the Indian Ocean on the south, the Arabian Sea on the southwest, and the Bay of Bengal on the southeast, it shares land borders with Pakistan to the west; China, Nepal, and Bhutan to the north; and Bangladesh and Myanmar to the east.
8005:123145509355520::Thread-47 2020-08-09 18:59:41.931 - The rising average temperature of Earth's climate system, called global warming, is driving changes in rainfall patterns, extreme weather, arrival of seasons, and more.
8003:123145509355520::Thread-47 2020-08-09 18:59:42.048 - In the Indian Ocean, India is in the vicinity of Sri Lanka and the Maldives; its Andaman and Nicobar Islands share a maritime border with Thailand and Indonesia.
8005:123145509355520::Thread-47 2020-08-09 18:59:42.102 - Collectively, global warming and its effects are known as climate change.
8005:123145509355520::Thread-47 2020-08-09 18:59:42.581 - While there have been prehistoric periods of global warming, observed changes since the mid-20th century have been unprecedented in rate and scale.
8003:123145509355520::Thread-47 2020-08-09 18:59:42.85 - Modern humans arrived on the Indian subcontinent from Africa no later than 55,000 years ago.
8005:123145509355520::Thread-47 2020-08-09 18:59:42.906 - The Intergovernmental Panel on Climate Change (IPCC) concluded that "human influence on climate has been the dominant cause of observed warming since the mid-20th century".
8006:123145509355520::Thread-47 2020-08-09 18:59:43.074 - After her 2009 feature film debut as the lead in Steven Soderbergh's The Girlfriend Experience, she starred in independent films including Open Windows, the Canadian black comedy horror film Smash Cut and the horror film Would You Rather.
8005:123145509355520::Thread-47 2020-08-09 18:59:43.582 - These findings have been recognized by the national science academies of major nations and are not disputed by any scientific body of national or international standing.
8003:123145509355520::Thread-47 2020-08-09 18:59:43.759 - Their long occupation, initially in varying forms of isolation as hunter-gatherers, has made the region highly diverse, second only to Africa in human genetic diversity.
8002:123145509355520::Thread-47 2020-08-09 18:59:43.862 - **END**
8005:123145509355520::Thread-47 2020-08-09 18:59:44.189 - The largest human influence has been the emission of greenhouse gases, with over 90% of the impact from carbon dioxide and methane.
8003:123145509355520::Thread-47 2020-08-09 18:59:44.436 - Settled life emerged on the subcontinent in the western margins of the Indus river basin 9,000 years ago, evolving gradually into the Indus Valley Civilisation of the third millennium BCE.
8004:123145509355520::Thread-47 2020-08-09 18:59:44.817 - Chyna (born Joan Marie Laurer; December 27, 1969 – April 17, 2016) was an American professional wrestler, glamour model, actress, author, bodybuilder and adult film actress.
8005:123145509355520::Thread-47 2020-08-09 18:59:45.056 - Fossil fuel burning is the principal source of these gases, with agricultural emissions and deforestation also playing significant roles.
8004:123145509355520::Thread-47 2020-08-09 18:59:45.155 - She first rose to prominence in the World Wrestling Federation (WWF, now WWE) in 1997, where she was billed as the "Ninth Wonder of the World" (André the Giant was already billed as the eighth).
8003:123145509355520::Thread-47 2020-08-09 18:59:45.272 - By 1200 BCE, an archaic form of Sanskrit, an Indo-European language, had diffused into India from the northwest, unfolding as the language of the Rigveda, and recording the dawning of Hinduism in India.
8003:123145509355520::Thread-47 2020-08-09 18:59:45.571 - The Dravidian languages of India were supplanted in the northern regions.
8003:123145509355520::Thread-47 2020-08-09 18:59:45.682 - By 400 BCE, stratification and exclusion by caste had emerged within Hinduism,
and Buddhism and Jainism had arisen, proclaiming social orders unlinked to heredity.
8004:123145509355520::Thread-47 2020-08-09 18:59:45.745 - A founding member of the stable D-Generation X as the promotion's first female enforcer, she held the WWF Intercontinental Championship (the only female performer to do so) twice and the WWF Women's Championship once.
8006:123145509355520::Thread-47 2020-08-09 18:59:45.989 - In 2011, she played a fictionalized version of herself in the HBO comedy-drama series Entourage.
8005:123145509355520::Thread-47 2020-08-09 18:59:46.01 - Temperature rise is enhanced by self-reinforcing climate feedbacks, such as loss of snow cover, increased water vapour, and melting permafrost.
8005:123145509355520::Thread-47 2020-08-09 18:59:46.049 - Land surfaces are heating faster than the ocean surface, leading to heat waves, wildfires, and the expansion of deserts.
8003:123145509355520::Thread-47 2020-08-09 18:59:46.281 - Early political consolidations gave rise to the loose-knit Maurya and Gupta Empires based in the Ganges Basin.
8006:123145509355520::Thread-47 2020-08-09 18:59:46.448 - Grey was a co-founder, singer, and writer of aTelecine, an industrial music band.
8005:123145509355520::Thread-47 2020-08-09 18:59:46.559 - Increasing atmospheric energy and rates of evaporation are causing more intense storms and weather extremes, damaging infrastructure and agriculture.
8002:123145509355520::Thread-47 2020-08-09 18:59:46.866 - **START**
8002:123145509355520::Thread-47 2020-08-09 18:59:46.871 - Starting new HTTPS connection (1): en.wikipedia.org
8002:123145509355520::Thread-47 2020-08-09 18:59:47.449 - The Alhambra ( (listen), Spanish: [aˈlambɾa]; Arabic: الْحَمْرَاء‎, romanized: Al-Ḥamrāʾ, pronounced [alħamˈraːʔ], lit.
8002:123145509355520::Thread-47 2020-08-09 18:59:47.865 - '"The Red One"') is a palace and fortress complex located in Granada, Andalusia, Spain.
8006:123145509355520::Thread-47 2020-08-09 18:59:48.348 - She is the author of The Juliette Society trilogy of novels and also writes, directs, and co-produces films and music videos.
8004:123145509355520::Thread-47 2020-08-09 18:59:48.37 - She was also the first woman to participate in the Royal Rumble match and King of the Ring tournament, as well as to become number one contender to the WWF Championship.
8002:123145509355520::Thread-47 2020-08-09 18:59:48.735 - It was originally constructed as a small fortress in AD 889 on the remains of Roman fortifications, and then largely ignored until its ruins were renovated and rebuilt in the mid-13th century by the Nasrid emir Mohammed ben Al-Ahmar of the Emirate of Granada, who built its current palace and walls with many beautiful, intricate details.
8004:123145509355520::Thread-47 2020-08-09 18:59:48.886 - With singles victories over several prominent male wrestlers – including multiple-time world champions Triple H, Kurt Angle, Chris Jericho, and Jeff Jarrett – Chyna left what WWE called "a lasting legacy as the most dominant female competitor of all time".
8004:123145509355520::Thread-47 2020-08-09 18:59:49.46 - After leaving the WWF in 2001, Chyna wrestled sporadically, with New Japan Pro Wrestling (NJPW) in 2002 and Total Nonstop Action Wrestling (TNA) in 2011.
8004:123145509355520::Thread-47 2020-08-09 18:59:50.1 - The latter was her final appearance in a wrestling ring.
8002:123145509355520::Thread-47 2020-08-09 18:59:50.214 - It was converted into a royal palace in 1333 by Yusuf I, Sultan of Granada.
8006:123145509355520::Thread-47 2020-08-09 18:59:50.637 - Early life
Grey, whose original name is Marina Ann Hantzis, was born in North Highlands, California into a working-class family.
8002:123145509355520::Thread-47 2020-08-09 18:59:51.12 - After the conclusion of the Christian Reconquista in 1492, the site became the Royal Court of Ferdinand and Isabella (where Christopher Columbus received royal endorsement for his expedition), and the palaces were partially altered in the Renaissance style.
8002:123145509355520::Thread-47 2020-08-09 18:59:51.341 - In 1526 Charles I & V commissioned a new Renaissance palace better befitting the Holy Roman Emperor in the revolutionary Mannerist style influenced by humanist philosophy in direct juxtaposition with the Nasrid Andalusian architecture, but it was ultimately never completed due to Morisco rebellions in Granada.
8004:123145509355520::Thread-47 2020-08-09 18:59:53.023 - Outside of wrestling, Chyna appeared in Playboy magazine twice, as well as numerous television shows and films.
8002:123145509355520::Thread-47 2020-08-09 18:59:53.101 - Alhambra's last flowering of Islamic palaces was built for the final Muslim emirs in Spain during the decline of the Nasrid dynasty, who were increasingly subject to the Christian Kings of Castile.
8004:123145509355520::Thread-47 2020-08-09 18:59:53.152 - She was considered to be a sex symbol.
8003:123145509355520::Thread-47 2020-08-09 18:59:53.285 - **END**
8006:123145509355520::Thread-47 2020-08-09 18:59:53.442 - Her father was a Greek-American who worked as a mechanic and died in June 2015.
8005:123145509355520::Thread-47 2020-08-09 18:59:53.562 - **END**
8004:123145509355520::Thread-47 2020-08-09 18:59:53.658 - In 2005, she was a cast member on VH1's The Surreal Life, which led to several other celebrity reality appearances on the network, including The Surreal Life: Fame Games in 2007 and Celebrity Rehab with Dr.
8006:123145509355520::Thread-47 2020-08-09 18:59:53.79 - Her mother is of English, Irish, and Polish descent.
8006:123145509355520::Thread-47 2020-08-09 18:59:54.082 - Grey's parents divorced before she started middle school and she was subsequently raised by her mother, who remarried in 2000.
8006:123145509355520::Thread-47 2020-08-09 18:59:54.083 - **END**
8002:123145509355520::Thread-47 2020-08-09 18:59:54.899 - After being allowed to fall into disrepair for centuries, the buildings occupied by squatters, Alhambra was rediscovered following the defeat of Napoleon, who had conducted retaliatory destruction of the site.
8002:123145509355520::Thread-47 2020-08-09 18:59:55.986 - The rediscoverers were first British intellectuals and then other north European Romantic travelers.
8006:123145509355520::Thread-47 2020-08-09 18:59:56.084 - **START**
8006:123145509355520::Thread-47 2020-08-09 18:59:56.088 - Starting new HTTPS connection (1): en.wikipedia.org
8003:123145509355520::Thread-47 2020-08-09 18:59:56.286 - **START**
8003:123145509355520::Thread-47 2020-08-09 18:59:56.3 - Starting new HTTPS connection (1): en.wikipedia.org
8004:123145509355520::Thread-47 2020-08-09 18:59:56.66 - **END**
8003:123145509355520::Thread-47 2020-08-09 18:59:57.351 - The Italy national football team (Italian: Nazionale di calcio dell'Italia) has officially represented Italy in international football since their first match in 1910.
8002:123145509355520::Thread-47 2020-08-09 18:59:57.402 - It is now one of Spain's major tourist attractions, exhibiting the country's most significant and well-known Islamic architecture, together with 16th-century and later Christian building and garden interventions.
8003:123145509355520::Thread-47 2020-08-09 18:59:57.807 - The squad is under the global jurisdiction of FIFA and is governed in Europe by UEFA—the latter of which was co-founded by the Italian team's supervising body, the Italian Football Federation (FIGC).
8006:123145509355520::Thread-47 2020-08-09 18:59:58.122 - Steven Paul Jobs (; February 24, 1955 – October 5, 2011) was an American business magnate, industrial designer, investor, and media proprietor.
8003:123145509355520::Thread-47 2020-08-09 18:59:58.427 - Italy's home matches are played at various stadiums throughout Italy, and their primary training ground, Centro Tecnico Federale di Coverciano, is located at the FIGC technical headquarters in Coverciano, Florence.
8002:123145509355520::Thread-47 2020-08-09 18:59:58.965 - The Alhambra is a UNESCO World Heritage Site.Moorish poets described it as "a pearl set in emeralds", an allusion to the colour of its buildings and the woods around them.
8003:123145509355520::Thread-47 2020-08-09 18:59:58.975 - Italy is one of the most successful national teams in the history of the World Cup, having won four titles (1934, 1938, 1982, 2006) and appearing in two other finals (1970, 1994), reaching a third place (1990) and a fourth place (1978).
8006:123145509355520::Thread-47 2020-08-09 18:59:59.467 - He was the chairman, chief executive officer (CEO), and co-founder of Apple Inc., the chairman and majority shareholder of Pixar, a member of The Walt Disney Company's board of directors following its acquisition of Pixar, and the founder, chairman, and CEO of NeXT.
8003:123145509355520::Thread-47 2020-08-09 18:59:59.56 - In 1938, they became the first team to defend their World Cup title, and due to the outbreak of World War II, retained the title for a further 12 years.
8002:123145509355520::Thread-47 2020-08-09 18:59:59.97 - **END**
8006:123145509355520::Thread-47 2020-08-09 19:00:00.325 - Jobs is widely recognized as a pioneer of the personal computer revolution of the 1970s and 1980s, along with Apple co-founder Steve Wozniak.
8003:123145509355520::Thread-47 2020-08-09 19:00:00.542 - Italy had also previously won two Central European International Cups (1927–30, 1933–35).
8005:123145509355520::Thread-47 2020-08-09 19:00:00.564 - **START**
8005:123145509355520::Thread-47 2020-08-09 19:00:00.57 - Starting new HTTPS connection (1): en.wikipedia.org
8003:123145509355520::Thread-47 2020-08-09 19:00:01.262 - Between its first two World Cup victories, Italy won the Olympic football tournament (1936).
8006:123145509355520::Thread-47 2020-08-09 19:00:01.939 - Jobs was born in San Francisco, California, and put up for adoption.
8003:123145509355520::Thread-47 2020-08-09 19:00:02.135 - After the majority of the team was killed in a plane crash in 1949, the team did not advance past the group stage of the following two World Cup tournaments, and also failed to qualify for the 1958 edition—failure to qualify for the World Cup would not happen again until the 2018 edition.
8003:123145509355520::Thread-47 2020-08-09 19:00:02.303 - Italy returned to form by 1968, winning a European Championship (1968), and after a period of alternating unsuccessful qualification rounds in Europe, later appeared in two other finals (2000, 2012).
8003:123145509355520::Thread-47 2020-08-09 19:00:02.455 - Italy's highest finish at the FIFA Confederations Cup was in 2013, where the squad achieved a third-place finish.
8006:123145509355520::Thread-47 2020-08-09 19:00:02.832 - He was raised in the San Francisco Bay Area.
8006:123145509355520::Thread-47 2020-08-09 19:00:04.648 - He attended Reed College in 1972 before dropping out that same year, and traveled through India in 1974 seeking enlightenment and studying Zen Buddhism.
8005:123145509355520::Thread-47 2020-08-09 19:00:05.532 - Australia, officially the Commonwealth of Australia, is a sovereign country comprising the mainland of the Australian continent, the island of Tasmania, and numerous smaller islands.
8006:123145509355520::Thread-47 2020-08-09 19:00:05.72 - His declassified FBI report states that he used marijuana and LSD while he was in college, and once told a reporter that taking LSD was "one of the two or three most important things" he had done in his life.
8006:123145509355520::Thread-47 2020-08-09 19:00:05.862 - Jobs and Wozniak co-founded Apple in 1976 to sell Wozniak's Apple I personal computer.
8002:123145509355520::Thread-47 2020-08-09 19:00:05.972 - **START**
8002:123145509355520::Thread-47 2020-08-09 19:00:05.987 - Starting new HTTPS connection (1): en.wikipedia.org
8006:123145509355520::Thread-47 2020-08-09 19:00:06.016 - Together the duo gained fame and wealth a year later with the Apple II, one of the first highly successful mass-produced microcomputers.
8006:123145509355520::Thread-47 2020-08-09 19:00:06.432 - Jobs saw the commercial potential of the Xerox Alto in 1979, which was mouse-driven and had a graphical user interface (GUI).
8002:123145509355520::Thread-47 2020-08-09 19:00:07.199 - San Francisco, officially the City and County of San Francisco and colloquially known as The City, SF, or Frisco and San Fran is the cultural, commercial, and financial center of Northern California.
8002:123145509355520::Thread-47 2020-08-09 19:00:07.714 - San Francisco is the 16th most populous city in the United States, and the fourth most populous in California, with 881,549 residents as of 2019.
8006:123145509355520::Thread-47 2020-08-09 19:00:07.856 - This led to the development of the unsuccessful Apple Lisa in 1983, followed by the breakthrough Macintosh in 1984, the first mass-produced computer with a GUI.
8005:123145509355520::Thread-47 2020-08-09 19:00:07.914 - It is the largest country in Oceania and the world's sixth-largest country by total area.
8006:123145509355520::Thread-47 2020-08-09 19:00:08.032 - The Macintosh introduced the desktop publishing industry in 1985 with the addition of the Apple LaserWriter, the first laser printer to feature vector graphics.
8002:123145509355520::Thread-47 2020-08-09 19:00:08.388 - It covers an area of about 46.89 square miles (121.4 km2), mostly at the north end of the San Francisco Peninsula in the San Francisco Bay Area, making it the second most densely populated large U.S. city, and the fifth most densely populated U.S. county, behind only four of the five New York City boroughs.
8005:123145509355520::Thread-47 2020-08-09 19:00:08.709 - The population of 26 million is highly urbanised and heavily concentrated on the eastern seaboard.
8002:123145509355520::Thread-47 2020-08-09 19:00:08.865 - San Francisco is the 12th-largest metropolitan statistical area in the United States by population, with 4.7 million people, and the fourth-largest by economic output, with GDP of $549 billion in 2018.
8002:123145509355520::Thread-47 2020-08-09 19:00:09.327 - With San Jose, it forms the fifth most populous combined statistical area in the United States, the San Jose–San Francisco–Oakland, CA Combined Statistical Area (9.67 million residents in 2018).
8005:123145509355520::Thread-47 2020-08-09 19:00:10.454 - Australia's capital is Canberra, and its largest city is Sydney.
8005:123145509355520::Thread-47 2020-08-09 19:00:10.69 - The country's other major metropolitan areas are Melbourne, Brisbane, Perth, and Adelaide.
8002:123145509355520::Thread-47 2020-08-09 19:00:11.002 - As of 2020, San Francisco has the highest salaries, disposable income, and median home prices in the world at $1.7 million, as well as the highest median rents.
8006:123145509355520::Thread-47 2020-08-09 19:00:11.037 - **END**
8003:123145509355520::Thread-47 2020-08-09 19:00:11.458 - **END**
8004:123145509355520::Thread-47 2020-08-09 19:00:11.661 - **START**
8004:123145509355520::Thread-47 2020-08-09 19:00:11.665 - Starting new HTTPS connection (1): en.wikipedia.org
8002:123145509355520::Thread-47 2020-08-09 19:00:12.003 - In 2018, San Francisco was the seventh-highest-income county in the United States, with a per capita personal income of $130,696.
8002:123145509355520::Thread-47 2020-08-09 19:00:12.599 - In the same year, San Francisco proper had a GDP of $183.2 billion, and a GDP per capita of $207,371.
8005:123145509355520::Thread-47 2020-08-09 19:00:13.007 - Indigenous Australians inhabited the continent for about 65,000 years prior to the first arrival of Dutch explorers in the early 17th century, who named it New Holland.
8004:123145509355520::Thread-47 2020-08-09 19:00:13.134 - Wall Street is an eight-block-long street in the Financial District of New York City.
8005:123145509355520::Thread-47 2020-08-09 19:00:13.478 - In 1770, Australia's eastern half was claimed by Great Britain and initially settled through penal transportation to the colony of New South Wales from 26 January 1788, a date which became Australia's national day.
8002:123145509355520::Thread-47 2020-08-09 19:00:13.478 - The CSA San Francisco shares with San Jose and Oakland was the country's third-largest urban economy as of 2018, with a GDP of $1.03 trillion.
8004:123145509355520::Thread-47 2020-08-09 19:00:13.649 - It runs crosstown between Broadway on the west to South Street, at the East River, on the east.
8004:123145509355520::Thread-47 2020-08-09 19:00:14.108 - The term has become a metonym for the financial markets of the United States as a whole, the American financial services industry, or New York–based financial interests.New York City has been called both the most economically powerful city and the leading financial center of the world.
8002:123145509355520::Thread-47 2020-08-09 19:00:14.609 - Of the 500+ primary statistical areas in the U.S., this CSA had among the highest GDP per capita in 2018, at $106,757.
8004:123145509355520::Thread-47 2020-08-09 19:00:14.824 - It is home to the world's two largest stock exchanges by total market capitalization, the New York Stock Exchange, located on Wall Street, and NASDAQ.
8005:123145509355520::Thread-47 2020-08-09 19:00:14.859 - The population grew steadily in subsequent decades, and by the time of an 1850s gold rush, most of the continent had been explored by European settlers and an additional five self-governing crown colonies established.
8005:123145509355520::Thread-47 2020-08-09 19:00:15.75 - On 1 January 1901, the six colonies federated, forming the Commonwealth of Australia.
8004:123145509355520::Thread-47 2020-08-09 19:00:15.795 - Several other major exchanges have or had headquarters in the Wall Street area, including the New York Mercantile Exchange, the New York Board of Trade, and the former American Stock Exchange.
8005:123145509355520::Thread-47 2020-08-09 19:00:15.882 - Australia has since maintained a stable liberal democratic political system that functions as a federal parliamentary constitutional monarchy, comprising six states and ten territories.
8004:123145509355520::Thread-47 2020-08-09 19:00:16.107 - History


Early years

There are varying accounts about how the Dutch-named "de Waalstraat"(literally: Walloon Street) got its name.
8004:123145509355520::Thread-47 2020-08-09 19:00:16.809 - Two conflicting explanations can be considered.
8002:123145509355520::Thread-47 2020-08-09 19:00:17.615 - **END**
8004:123145509355520::Thread-47 2020-08-09 19:00:17.66 - The first being that Wall Street was named after Walloons—the Dutch name for a Walloon is Waal.
8004:123145509355520::Thread-47 2020-08-09 19:00:18.541 - Among the first settlers that embarked on the ship "Nieu Nederlandt" in 1624 were 30 Walloon families.
8004:123145509355520::Thread-47 2020-08-09 19:00:18.638 - Peter Minuit, the person who bought Manhattan for the Dutch, was a Walloon.
8004:123145509355520::Thread-47 2020-08-09 19:00:19.124 - The other  is that the name of the street was derived from a wall (actually a wooden palisade) on the northern boundary of the New Amsterdam settlement, built to protect against Native Americans, pirates, and the British.
8005:123145509355520::Thread-47 2020-08-09 19:00:24.884 - **END**
8004:123145509355520::Thread-47 2020-08-09 19:00:25.129 - **END**