8004:123145959460864::Thread-154 2020-08-09 18:59:26.3 - **START**
8004:123145959460864::Thread-154 2020-08-09 18:59:26.431 - Starting new HTTPS connection (1): en.wikipedia.org
8003:123145959460864::Thread-154 2020-08-09 18:59:27.275 - **START**
8003:123145959460864::Thread-154 2020-08-09 18:59:27.606 - Starting new HTTPS connection (1): en.wikipedia.org
8004:123145959460864::Thread-154 2020-08-09 18:59:27.99 - Mark Robert Michael Wahlberg (born June 5, 1971) is an American actor, producer, restaurateur and former rapper.
8005:123145959460864::Thread-154 2020-08-09 18:59:29.216 - **START**
8005:123145959460864::Thread-154 2020-08-09 18:59:29.446 - Starting new HTTPS connection (1): en.wikipedia.org
8004:123145959460864::Thread-154 2020-08-09 18:59:29.555 - He is also known by his former stage name Marky Mark from his career with the group Marky Mark and the Funky Bunch, with whom he released the albums Music for the People (1991) and You Gotta Believe (1992).
8003:123145959460864::Thread-154 2020-08-09 18:59:29.589 - Barack Hussein Obama II ( (listen); born August 4, 1961) is an American politician and attorney who served as the 44th president of the United States from 2009 to 2017.
8003:123145959460864::Thread-154 2020-08-09 18:59:30.508 - A member of the Democratic Party, Barack Obama was the first African American president of the United States.
8004:123145959460864::Thread-154 2020-08-09 18:59:30.706 - Wahlberg transitioned from music to acting, with his screen debut in Renaissance Man (1994) and his first starring role in Fear (1996).
8003:123145959460864::Thread-154 2020-08-09 18:59:31.14 - He previously served as a U.S. senator from Illinois from 2005 to 2008 and an Illinois state senator from 1997 to 2004.
8004:123145959460864::Thread-154 2020-08-09 18:59:32.447 - He received critical praise for his performance as porn actor Dirk Diggler in Boogie Nights.
8003:123145959460864::Thread-154 2020-08-09 18:59:32.772 - Obama was born in Honolulu, Hawaii, making him the first president not born in the contiguous United States.
8004:123145959460864::Thread-154 2020-08-09 18:59:32.794 - In the early 2000s, he ventured into big budget action-oriented movies, such as The Perfect Storm (2000), Planet of the Apes (2001), and The Italian Job (2003).
8005:123145959460864::Thread-154 2020-08-09 18:59:33.28 - Mexico (Spanish: México [ˈmexiko] (listen); Nahuan languages: Mēxihco), officially the United Mexican States (Spanish: Estados Unidos Mexicanos; EUM  [esˈtaðos uˈniðoz mexiˈkanos] (listen)), is a country in the southern portion of North America.
8005:123145959460864::Thread-154 2020-08-09 18:59:33.533 - It is bordered to the north by the United States; to the south and west by the Pacific Ocean; to the southeast by Guatemala, Belize, and the Caribbean Sea; and to the east by the Gulf of Mexico.
8004:123145959460864::Thread-154 2020-08-09 18:59:33.617 - He was nominated for the Academy Award for Best Supporting Actor for playing a police officer in the crime drama The Departed (2006).
8004:123145959460864::Thread-154 2020-08-09 18:59:34.98 - He was nominated for the Golden Globe Award for Best Actor for the biographical sports drama The Fighter (2010), in which he starred as Micky Ward.
8003:123145959460864::Thread-154 2020-08-09 18:59:35.164 - After graduating from Columbia University in 1983, he worked as a community organizer in Chicago.
8004:123145959460864::Thread-154 2020-08-09 18:59:35.221 - In the 2010s, he landed successful comedy roles with The Other Guys (2010), Ted (2012), its 2015 sequel, Daddy's Home (2015), and its 2017 sequel.
8004:123145959460864::Thread-154 2020-08-09 18:59:35.498 - He also became the protagonist in the Transformers live-action film franchise (2014, 2017).
8005:123145959460864::Thread-154 2020-08-09 18:59:35.664 - Mexico covers 1,972,550 square kilometers (761,610 sq mi) and has approximately 128,649,565 inhabitants, making it the world's 13th-largest country by area, 10th-most populous country, and most populous Spanish-speaking nation.
8004:123145959460864::Thread-154 2020-08-09 18:59:35.844 - He was the world's best-paid actor in 2017.
8002:123145959460864::Thread-154 2020-08-09 18:59:36.355 - **START**
8002:123145959460864::Thread-154 2020-08-09 18:59:37.001 - Starting new HTTPS connection (1): en.wikipedia.org
8003:123145959460864::Thread-154 2020-08-09 18:59:37.337 - In 1988, he enrolled in Harvard Law School, where he was the first black person to be president of the Harvard Law Review.
8005:123145959460864::Thread-154 2020-08-09 18:59:38.045 - It is a federation comprising 31 states and Mexico City, its capital city and largest metropolis.
8006:123145959460864::Thread-154 2020-08-09 18:59:38.294 - **START**
8006:123145959460864::Thread-154 2020-08-09 18:59:38.814 - Starting new HTTPS connection (1): en.wikipedia.org
8005:123145959460864::Thread-154 2020-08-09 18:59:38.838 - Other major urban areas include Guadalajara, Monterrey, Puebla, Toluca, Tijuana, Ciudad Juárez, and León.Pre-Columbian Mexico traces its origins to 8,000 BC and is identified as one of six cradles of civilization; it was home to many advanced Mesoamerican civilizations, most well-known among them the Maya and the Aztecs.
8004:123145959460864::Thread-154 2020-08-09 18:59:39.848 - **END**
8003:123145959460864::Thread-154 2020-08-09 18:59:40.048 - After graduating, he became a civil rights attorney and an academic, teaching constitutional law at the University of Chicago Law School from 1992 to 2004.
8003:123145959460864::Thread-154 2020-08-09 18:59:40.665 - Turning to elective politics, he represented the 13th district from 1997 until 2004 in the Illinois Senate, when he ran for the U.S. Senate.
8005:123145959460864::Thread-154 2020-08-09 18:59:40.766 - In 1521, the Spanish Empire conquered and colonized the territory from its base in Mexico City, which then became known as New Spain.
8005:123145959460864::Thread-154 2020-08-09 18:59:41.022 - The Catholic Church played an important role as millions of indigenous inhabitants converted.
8006:123145959460864::Thread-154 2020-08-09 18:59:42.474 - Cloud Gate is a public sculpture by Indian-born British artist Sir Anish Kapoor, that is the centerpiece of AT&T Plaza at Millennium Park in the Loop community area of Chicago, Illinois.
8003:123145959460864::Thread-154 2020-08-09 18:59:43.256 - Obama received national attention in 2004 with his March Senate primary win, his well-received July Democratic National Convention keynote address, and his landslide November election to the Senate.
8002:123145959460864::Thread-154 2020-08-09 18:59:43.428 - LeBron Raymone James Sr. (; born December 30, 1984) is an American professional basketball player for the Los Angeles Lakers of the National Basketball Association (NBA).
8005:123145959460864::Thread-154 2020-08-09 18:59:43.44 - These populations were heavily exploited to mine rich deposits of precious material, which became a major source of wealth for the Spanish.
8005:123145959460864::Thread-154 2020-08-09 18:59:43.817 - Mexico became an independent nation state after the successful Mexican War of Independence against Spain in 1821.The War of Texas Independence in 1836 and the Mexican–American War led to huge territorial losses in Mexico's sparsely populated north, contiguous to the United States.
8005:123145959460864::Thread-154 2020-08-09 18:59:43.864 - The newly instituted reforms that granted protection to indigenous communities, and curtailed the power of the military and the church, were enshrined in the Constitution of 1857.
8006:123145959460864::Thread-154 2020-08-09 18:59:44.523 - The sculpture and AT&T Plaza are located on top of Park Grill, between the Chase Promenade and McCormick Tribune Plaza & Ice Rink.
8002:123145959460864::Thread-154 2020-08-09 18:59:44.717 - He is widely considered to be one of the greatest basketball players in NBA history.
8002:123145959460864::Thread-154 2020-08-09 18:59:45.191 - Discussions ranking him as the greatest basketball player of all time have often been subject to significant debate, with frequent comparisons to Michael Jordan.
8003:123145959460864::Thread-154 2020-08-09 18:59:45.682 - In 2008, he was nominated for president a year after his presidential campaign began, and after close primary campaigns against Hillary Clinton, Obama was elected over Republican John McCain and was inaugurated alongside Joe Biden on January 20, 2009.
8005:123145959460864::Thread-154 2020-08-09 18:59:45.865 - **END**
8006:123145959460864::Thread-154 2020-08-09 18:59:47.414 - Constructed between 2004 and 2006, the sculpture is nicknamed The Bean because of its shape, a name Kapoor initially disliked, but later grew fond of.
8002:123145959460864::Thread-154 2020-08-09 18:59:47.849 - James's teams have played in eight consecutive NBA Finals (2011–2018 seasons) between the Miami Heat and Cleveland Cavaliers.
8006:123145959460864::Thread-154 2020-08-09 18:59:48.478 - Made up of 168 stainless steel plates welded together, its highly polished exterior has no visible seams.
8002:123145959460864::Thread-154 2020-08-09 18:59:50.582 - His accomplishments include three NBA championships, four NBA Most Valuable Player (MVP) Awards, three Finals MVP Awards, and two Olympic gold medals.
8004:123145959460864::Thread-154 2020-08-09 18:59:50.85 - **START**
8004:123145959460864::Thread-154 2020-08-09 18:59:50.855 - Starting new HTTPS connection (1): en.wikipedia.org
8006:123145959460864::Thread-154 2020-08-09 18:59:51.148 - It measures 33 by 66 by 42 feet (10 by 20 by 13 m), and weighs 110 short tons (100 t; 98 long tons).
8004:123145959460864::Thread-154 2020-08-09 18:59:52.835 - Rafael "Rafa" Nadal Parera (Catalan: [rəf(ə)ˈɛl nəˈðal pəˈɾeɾə], Spanish: [rafaˈel naˈðal paˈɾeɾa]; born 3 June 1986) is a Spanish professional tennis player currently ranked world No.
8002:123145959460864::Thread-154 2020-08-09 18:59:53.224 - James holds the all-time record for playoffs points, is third in all-time points, and eighth in all-time assists.
8003:123145959460864::Thread-154 2020-08-09 18:59:53.684 - **END**
8004:123145959460864::Thread-154 2020-08-09 18:59:54.046 - 2 in men's singles tennis by the Association of Tennis Professionals (ATP).Nadal has won 19 Grand Slam singles titles, the second-most in history for a male player, as well as a record 35 ATP Tour Masters 1000 titles, 21 ATP Tour 500 titles and the 2008 Olympic gold medal in singles.
8006:123145959460864::Thread-154 2020-08-09 18:59:54.075 - Kapoor's design was inspired by liquid mercury and the sculpture's surface reflects and distorts the city's skyline.
8002:123145959460864::Thread-154 2020-08-09 18:59:54.574 - James was selected to the All-NBA First Team twelve times (all-time record), made the All-Defensive First Team five times, and has played in sixteen All-Star Games, in which he was selected All-Star MVP three times.
8004:123145959460864::Thread-154 2020-08-09 18:59:54.904 - In addition, Nadal has held the world No.
8006:123145959460864::Thread-154 2020-08-09 18:59:55.964 - Visitors are able to walk around and under Cloud Gate's 12-foot (3.7 m) high arch.
8002:123145959460864::Thread-154 2020-08-09 18:59:55.982 - James played basketball for St. Vincent–St.
8004:123145959460864::Thread-154 2020-08-09 18:59:56.325 - 1 ranking for a total of 209 weeks, including being the year-end No.
8005:123145959460864::Thread-154 2020-08-09 18:59:56.868 - **START**
8005:123145959460864::Thread-154 2020-08-09 18:59:56.871 - Starting new HTTPS connection (1): en.wikipedia.org
8006:123145959460864::Thread-154 2020-08-09 18:59:57.132 - On the underside is the "omphalos" (Greek for "navel"), a concave chamber that warps and multiplies reflections.
8004:123145959460864::Thread-154 2020-08-09 18:59:57.754 - 1 five times.
8006:123145959460864::Thread-154 2020-08-09 18:59:58.132 - The sculpture builds upon many of Kapoor's artistic themes, and it is popular with tourists as a photo-taking opportunity for its unique reflective properties.
8004:123145959460864::Thread-154 2020-08-09 18:59:59.323 - In majors, Nadal has won a record twelve French Open titles, four US Open titles, two Wimbledon titles and one Australian Open title, and won at least one Grand Slam every year for a record ten consecutive years (2005–2014).
8004:123145959460864::Thread-154 2020-08-09 18:59:59.335 - Nadal has won 85 career titles overall, including the most outdoor titles in the Open Era (83) and a record 59 titles on clay.
8002:123145959460864::Thread-154 2020-08-09 18:59:59.985 - **END**
8005:123145959460864::Thread-154 2020-08-09 19:00:00.425 - The Erie Canal is a canal in New York, United States that is part of the east–west, cross-state route of the New York State Canal System (formerly known as the New York State Barge Canal).
8006:123145959460864::Thread-154 2020-08-09 19:00:00.567 - The sculpture was the result of a design competition.
8004:123145959460864::Thread-154 2020-08-09 19:00:01.124 - With 81 consecutive wins on clay, Nadal holds the record for the longest single-surface win streak in the Open Era.
8005:123145959460864::Thread-154 2020-08-09 19:00:02.45 - Originally, it ran 363 miles (584 km) from the Hudson River in Albany to Lake Erie in Buffalo.
8004:123145959460864::Thread-154 2020-08-09 19:00:02.912 - Nadal has been involved in five Davis Cup titles with Spain, and currently has a 29-win streak and 29–1 record in singles matches at the event.
8006:123145959460864::Thread-154 2020-08-09 19:00:03.569 - **END**
8004:123145959460864::Thread-154 2020-08-09 19:00:04.156 - In 2010, at the age of 24, he became the seventh male player and the youngest of five in the Open Era to achieve the singles Career Grand Slam.
8005:123145959460864::Thread-154 2020-08-09 19:00:04.701 - It was built to create a navigable water route from New York City and the Atlantic Ocean to the Great Lakes.
8003:123145959460864::Thread-154 2020-08-09 19:00:05.686 - **START**
8003:123145959460864::Thread-154 2020-08-09 19:00:05.691 - Starting new HTTPS connection (1): en.wikipedia.org
8003:123145959460864::Thread-154 2020-08-09 19:00:07.093 - Lost is an American drama television series that originally aired on ABC from September 22, 2004, to May 23, 2010, over six seasons, comprising a total of 121 episodes.
8004:123145959460864::Thread-154 2020-08-09 19:00:07.157 - **END**
8005:123145959460864::Thread-154 2020-08-09 19:00:07.624 - When completed in 1825, it was the second longest canal in the world (after the Grand Canal in China) and greatly enhanced the development and economy of New York, New York City, and the United States.The canal was first proposed in the 1780s, then re-proposed in 1807.
8003:123145959460864::Thread-154 2020-08-09 19:00:07.811 - The show contains elements of supernatural and science fiction, and follows the survivors of a commercial jet airliner flying between Sydney and Los Angeles, after the plane crashes on a mysterious island somewhere in the South Pacific Ocean.
8005:123145959460864::Thread-154 2020-08-09 19:00:08.232 - A survey was authorized, funded, and executed in 1808.
8003:123145959460864::Thread-154 2020-08-09 19:00:08.756 - The story is told in a heavily serialized manner.
8003:123145959460864::Thread-154 2020-08-09 19:00:09.042 - Episodes typically feature a primary storyline set on the island, augmented by flashback or flashforward sequences which provide additional insight into the involved characters.
8005:123145959460864::Thread-154 2020-08-09 19:00:09.374 - Proponents of the project gradually wore down opponents; its construction began in 1817.
8003:123145959460864::Thread-154 2020-08-09 19:00:09.532 - Lost was created by Jeffrey Lieber, J. J. Abrams and Damon Lindelof, who share story writing credits for the pilot episode, which Abrams directed.
8003:123145959460864::Thread-154 2020-08-09 19:00:09.873 - Throughout the show's run, Lindelof and Carlton Cuse served as showrunners and head writers, working together with many other executive producers and writers.
8003:123145959460864::Thread-154 2020-08-09 19:00:10.108 - Due to its large ensemble cast and the cost of filming primarily on location in Oahu, Hawaii, the series was one of the most expensive on television, with the pilot alone costing over $14 million.
8005:123145959460864::Thread-154 2020-08-09 19:00:10.72 - The canal has 34 numbered locks starting with Black Rock Lock and ending downstream with the Troy Federal Lock.
8003:123145959460864::Thread-154 2020-08-09 19:00:10.803 - The fictional universe and mythology of Lost are expanded upon by a number of related media, most importantly, a series of short mini-episodes called Missing Pieces, and a 12-minute epilogue titled "The New Man in Charge".
8003:123145959460864::Thread-154 2020-08-09 19:00:10.891 - Lost has regularly been ranked by critics as one of the greatest television series of all time.
8003:123145959460864::Thread-154 2020-08-09 19:00:11.468 - The first season had an estimated average of 16 million viewers per episode on ABC.
8003:123145959460864::Thread-154 2020-08-09 19:00:11.735 - During its sixth and final season, the show averaged over 11 million U.S. viewers per episode.
8005:123145959460864::Thread-154 2020-08-09 19:00:13.282 - Both are owned by the federal government.
8005:123145959460864::Thread-154 2020-08-09 19:00:14.289 - It has an elevation difference of about 565 feet (172 m).
8003:123145959460864::Thread-154 2020-08-09 19:00:15.736 - **END**
8005:123145959460864::Thread-154 2020-08-09 19:00:15.762 - It opened on October 26, 1825.In a time when bulk goods were limited to pack animals (a 250-pound (113 kg) maximum), and there were no railways, water was the most cost-effective way to ship bulk goods.
8005:123145959460864::Thread-154 2020-08-09 19:00:15.763 - **END**
8002:123145959460864::Thread-154 2020-08-09 19:00:15.989 - **START**
8002:123145959460864::Thread-154 2020-08-09 19:00:15.992 - Starting new HTTPS connection (1): en.wikipedia.org
8002:123145959460864::Thread-154 2020-08-09 19:00:18.05 - Nirvana was an American rock band formed in Aberdeen, Washington, in 1987.
8002:123145959460864::Thread-154 2020-08-09 19:00:20.025 - Founded by lead singer and guitarist Kurt Cobain and bassist Krist Novoselic, the band went through a succession of drummers before recruiting Dave Grohl in 1990.
8002:123145959460864::Thread-154 2020-08-09 19:00:20.67 - Characterized by their punk aesthetic, Nirvana's fusion of pop melodies with noise, combined with their themes of abjection and social alienation, made them hugely popular during their short tenure.
8002:123145959460864::Thread-154 2020-08-09 19:00:20.91 - Their music maintains a popular following and continues to influence modern rock and roll culture.
8002:123145959460864::Thread-154 2020-08-09 19:00:21.806 - In the late 1980s, Nirvana established itself as part of the Seattle grunge scene, releasing its first album, Bleach, for the independent record label Sub Pop in 1989.
8002:123145959460864::Thread-154 2020-08-09 19:00:23.074 - They developed a sound that relied on dynamic contrasts, often between quiet verses and loud, heavy choruses.
8002:123145959460864::Thread-154 2020-08-09 19:00:23.785 - After signing to major label DGC Records in 1991, Nirvana found unexpected mainstream success with "Smells Like Teen Spirit", the first single from their landmark second album Nevermind (1991).
8002:123145959460864::Thread-154 2020-08-09 19:00:24.729 - A cultural phenomenon of the 1990s, the album went on to be certified Diamond by the RIAA.
8002:123145959460864::Thread-154 2020-08-09 19:00:26.338 - Nirvana's sudden success popularized alternative rock and was credited for ending the dominance of hair metal, while they were also often referenced as the figurehead band of Generation X.
8002:123145959460864::Thread-154 2020-08-09 19:00:27.086 - Following extensive tours and the 1992 compilation album Incesticide and EP Hormoaning, Nirvana released their abrasive and less mainstream sounding third studio album, In Utero (1993).
8002:123145959460864::Thread-154 2020-08-09 19:00:29.021 - The album topped both the American and British album charts, and was widely acclaimed.
8002:123145959460864::Thread-154 2020-08-09 19:00:30.506 - Nirvana disbanded following Cobain's death in April 1994.
8002:123145959460864::Thread-154 2020-08-09 19:00:39.512 - **END**