8006:123145669206016::Thread-85 2020-08-09 18:59:33.242 - **START**
8006:123145669206016::Thread-85 2020-08-09 18:59:34.122 - Starting new HTTPS connection (1): en.wikipedia.org
8004:123145669206016::Thread-85 2020-08-09 18:59:35.219 - **START**
8005:123145669206016::Thread-85 2020-08-09 18:59:36.205 - **START**
8003:123145669206016::Thread-85 2020-08-09 18:59:36.26 - **START**
8003:123145669206016::Thread-85 2020-08-09 18:59:36.593 - Starting new HTTPS connection (1): en.wikipedia.org
8006:123145669206016::Thread-85 2020-08-09 18:59:36.792 - The Academy Awards, popularly known as the Oscars, are awards for artistic and technical merit in the film industry.
8006:123145669206016::Thread-85 2020-08-09 18:59:37.493 - Given annually by the Academy of Motion Picture Arts and Sciences (AMPAS), the awards are an international recognition of excellence in cinematic achievements, as assessed by the Academy's voting membership.
8006:123145669206016::Thread-85 2020-08-09 18:59:37.7 - The various category winners are awarded a copy of a golden statuette, officially called the "Academy Award of Merit", although more commonly referred to by its nickname, the "Oscar".
8005:123145669206016::Thread-85 2020-08-09 18:59:38.074 - Starting new HTTPS connection (1): en.wikipedia.org
8006:123145669206016::Thread-85 2020-08-09 18:59:38.293 - The statuette depicts a knight rendered in the Art Deco style.
8002:123145669206016::Thread-85 2020-08-09 18:59:38.317 - **START**
8002:123145669206016::Thread-85 2020-08-09 18:59:39.021 - Starting new HTTPS connection (1): en.wikipedia.org
8006:123145669206016::Thread-85 2020-08-09 18:59:39.113 - The award was originally sculpted by George Stanley from a design sketch by Cedric Gibbons.
8004:123145669206016::Thread-85 2020-08-09 18:59:39.397 - Starting new HTTPS connection (1): en.wikipedia.org
8006:123145669206016::Thread-85 2020-08-09 18:59:39.597 - AMPAS first presented it in 1929 at a private dinner hosted by Douglas Fairbanks in the Hollywood Roosevelt Hotel in what would become known as the 1st Academy Awards.
8006:123145669206016::Thread-85 2020-08-09 18:59:39.936 - The Academy Awards ceremony was first broadcast by radio in 1930 and was televised for the first time in 1953.
8006:123145669206016::Thread-85 2020-08-09 18:59:40.116 - It is the oldest worldwide entertainment awards ceremony and is now televised live worldwide.
8003:123145669206016::Thread-85 2020-08-09 18:59:40.706 - Edward Thomas Hardy  (born 15 September 1977) is an English actor and producer.
8006:123145669206016::Thread-85 2020-08-09 18:59:40.783 - It is also the oldest of the four major annual American entertainment awards; its equivalents – the Emmy Awards for television, the Tony Awards for theater, and the Grammy Awards for music – are modeled after the Academy Awards.
8003:123145669206016::Thread-85 2020-08-09 18:59:40.957 - After studying acting at the Drama Centre London, he made his film debut in Ridley Scott's Black Hawk Down (2001) and has since appeared in such films as Star Trek: Nemesis (2002), RocknRolla (2008), Bronson (2008), Warrior (2011), Tinker Tailor Soldier Spy (2011), Lawless (2012), Locke (2013), The Drop (2014), and The Revenant (2015), for which he received a nomination for the Academy Award for Best Supporting Actor.
8006:123145669206016::Thread-85 2020-08-09 18:59:41.671 - They are widely cited as the most famous and prestigious competitive awards in the field of entertainment.
8003:123145669206016::Thread-85 2020-08-09 18:59:42.405 - In 2015, Hardy portrayed "Mad" Max Rockatansky in Mad Max: Fury Road and both Kray twins in Legend.
8003:123145669206016::Thread-85 2020-08-09 18:59:42.807 - He has appeared in three Christopher Nolan films: Inception (2010), The Dark Knight Rises (2012) as Bane, and Dunkirk (2017) as an RAF fighter-pilot.
8003:123145669206016::Thread-85 2020-08-09 18:59:43.759 - He starred as Eddie Brock / Venom in the 2018 anti-hero film Venom.
8005:123145669206016::Thread-85 2020-08-09 18:59:44.048 - Joelle Joanie "JoJo" Siwa (born May 19, 2003) is an American dancer, singer, actress, and YouTube personality.
8004:123145669206016::Thread-85 2020-08-09 18:59:44.048 - Dwayne Michael Carter Jr. (born September 27, 1982), better known by his stage name Lil Wayne, is an American rapper, singer, songwriter, record executive, entrepreneur, and actor.
8004:123145669206016::Thread-85 2020-08-09 18:59:44.809 - He is regarded by many contemporaries as one of the most influential hip hop artists of his generation, and often cited as one of the greatest rappers of all time.
8003:123145669206016::Thread-85 2020-08-09 18:59:45.062 - Hardy's television roles include the HBO war drama mini-series Band of Brothers (2001), the BBC historical drama mini-series The Virgin Queen (2005), Bill Sikes in the BBC's mini-series Oliver Twist (2007), ITV's Wuthering Heights (2009), the Sky 1 drama series The Take (2009), and his highly praised role as Alfie Solomons in the BBC historical crime drama series Peaky Blinders (2013–Present).
8002:123145669206016::Thread-85 2020-08-09 18:59:45.099 - The Netherlands (Dutch: Nederland [ˈneːdərlɑnt] (listen)), informally Holland, is a country primarily located in Western Europe and partly in the Caribbean, forming the largest constituent country of the Kingdom of the Netherlands.
8004:123145669206016::Thread-85 2020-08-09 18:59:45.239 - His career began in 1995, at the age of 12, when he was signed by rapper Birdman, joining Cash Money Records as the youngest member of the label.
8002:123145669206016::Thread-85 2020-08-09 18:59:45.976 - In Europe, it consists of 12 provinces that border Germany to the east, Belgium to the south, and the North Sea to the northwest, with maritime borders in the North Sea with those countries and the United Kingdom.
8004:123145669206016::Thread-85 2020-08-09 18:59:46.133 - He was put in a duo with label-mate B.G., at  that time known as Lil Doogie, and they recorded an album, True Story, released that year, although Wayne (who was at that time known as Baby D) only appeared on three tracks.
8004:123145669206016::Thread-85 2020-08-09 18:59:46.417 - His mother and stepfather later disallowed him from continuing to record with Cash Money as his grades in school were falling and they worried that Birdman and his associates were bad influences, but he eventually persuaded them to let him return and he was again doing so by 1997; by this time he was recording as Lil Wayne.
8003:123145669206016::Thread-85 2020-08-09 18:59:46.448 - He created, co-produced, and took the lead in the eight-part historical fiction series Taboo (2017) on BBC One and FX.Hardy has performed on both British and American stages.
8005:123145669206016::Thread-85 2020-08-09 18:59:46.601 - She is known for appearing for two seasons on Dance Moms along with her mother, Jessalynn Siwa, and for her singles "Boomerang" and "Kid in a Candy Store".
8002:123145669206016::Thread-85 2020-08-09 18:59:46.638 - In the Caribbean, it consists of three special municipalities: the islands of Bonaire, Sint Eustatius and Saba.
8005:123145669206016::Thread-85 2020-08-09 18:59:46.643 - Siwa posts daily videos of her day-to-day life on her YouTube channels, "JoJo Siwa TV" and "It's JoJo Siwa".
8005:123145669206016::Thread-85 2020-08-09 18:59:46.672 - Her fans are called Siwanatorz.
8005:123145669206016::Thread-85 2020-08-09 18:59:47.0 - Early life and career

Joelle Joanie Siwa was born in Omaha, Nebraska on May 19, 2003 to Jessalynn Siwa (née Lombardi), a professional dance instructor from Iowa, and Dr. Tom Siwa, a chiropractor from Nebraska.
8002:123145669206016::Thread-85 2020-08-09 18:59:47.319 - The country's official language is Dutch, with West Frisian as a secondary official language in the province of Friesland, and English and Papiamentu as secondary official languages in the Caribbean Netherlands.
8004:123145669206016::Thread-85 2020-08-09 18:59:47.398 - He joined the southern hip hop group Hot Boys, with Cash Money label-mates Juvenile and Turk,  as well as Lil Doogie, who had also by this time changed his stage name, to B.G., in 1997; they released their debut album Get It How U Live!
8005:123145669206016::Thread-85 2020-08-09 18:59:47.74 - She has one sibling, an older brother named Jayden Siwa who is also a vlogger.Siwa started her career as a top-5 finalist and the youngest contestant on the second season of Abby's Ultimate Dance Competition, produced by Abby Lee Miller of Dance Moms fame.
8004:123145669206016::Thread-85 2020-08-09 18:59:48.125 - in October that year.
8003:123145669206016::Thread-85 2020-08-09 18:59:48.348 - He was nominated for the Laurence Olivier Award for Most Promising Newcomer for his role as Skank in the production of In Arabia We'd All Be Kings (2003), and was awarded the 2003 Evening Standard Theatre Award for Outstanding Newcomer for his performances in both In Arabia We'd All Be Kings and for his role as Luca in Blood.
8006:123145669206016::Thread-85 2020-08-09 18:59:48.678 - **END**
8004:123145669206016::Thread-85 2020-08-09 18:59:48.954 - Wayne first gained wide attention for appearing with Juvenile on the latter's 1998 song "Back That Azz Up", also known by the censored version title "Back That Thang Up", where he appeared on the song's outro.
8002:123145669206016::Thread-85 2020-08-09 18:59:49.002 - Dutch Low Saxon and Limburgish are recognised regional languages (spoken in the east and southeast respectively), while Sinte Romani and Yiddish are recognised non-territorial languages.The four largest cities in the Netherlands are Amsterdam, Rotterdam, The Hague and Utrecht.
8003:123145669206016::Thread-85 2020-08-09 18:59:49.198 - He starred in the production of The Man of Mode (2007) and received positive reviews for his role in the play The Long Red Road (2010).
8004:123145669206016::Thread-85 2020-08-09 18:59:49.202 - The Hot Boys became popular following the release of the album Guerrilla Warfare (1999) and the song "Bling Bling".
8005:123145669206016::Thread-85 2020-08-09 18:59:49.332 - She appeared on the show with her mother and was eliminated in week 9.
8003:123145669206016::Thread-85 2020-08-09 18:59:49.762 - Hardy is active in charity work and is an ambassador for the Prince's Trust.
8002:123145669206016::Thread-85 2020-08-09 18:59:49.865 - Amsterdam is the country's most populous city and nominal capital, while The Hague holds the seat of the States General, Cabinet and Supreme Court.
8002:123145669206016::Thread-85 2020-08-09 18:59:50.643 - The Port of Rotterdam is the busiest seaport in Europe, and the busiest in any country outside East Asia and Southeast Asia, behind only China and Singapore.
8005:123145669206016::Thread-85 2020-08-09 18:59:51.713 - Siwa soon began to began appear on Dance Moms, beginning with auditioning for Miller's "ALDC" dance competition team in 2014 and being selected for the team in early 2015.In May 2016, Siwa released "Boomerang" for digital download and a previous single, "I Can Make U Dance".
8005:123145669206016::Thread-85 2020-08-09 18:59:51.789 - "Boomerang" addresses the subject of online bullying.
8002:123145669206016::Thread-85 2020-08-09 18:59:51.842 - Amsterdam Airport Schiphol is the busiest airport in the Netherlands, and the third busiest in Europe.
8002:123145669206016::Thread-85 2020-08-09 18:59:52.476 - The country is a founding member of the EU, Eurozone, G10, NATO, OECD and WTO, as well as a part of the Schengen Area and the trilateral Benelux Union.
8002:123145669206016::Thread-85 2020-08-09 18:59:54.326 - It hosts several intergovernmental organisations and international courts, many of which are centered in The Hague, which is consequently dubbed 'the world's legal capital'.Netherlands literally means "lower countries" in reference to its low elevation and flat topography, with only about 50% of its land exceeding 1 metre (3 ft 3 in) above sea level, and nearly 17% falling below sea level.
8003:123145669206016::Thread-85 2020-08-09 18:59:54.767 - **END**
8006:123145669206016::Thread-85 2020-08-09 18:59:55.688 - **START**
8006:123145669206016::Thread-85 2020-08-09 18:59:55.713 - Starting new HTTPS connection (1): en.wikipedia.org
8006:123145669206016::Thread-85 2020-08-09 18:59:56.751 - Alistair Cees Overeem (born 17 May 1980) is a Dutch mixed martial artist and former kickboxer.
8006:123145669206016::Thread-85 2020-08-09 18:59:56.864 - He is a former Strikeforce Heavyweight Champion, DREAM Heavyweight Champion, K-1 World Grand Prix Champion, and one of only two fighters to hold world titles in both MMA and K-1 kickboxing at the same time.
8006:123145669206016::Thread-85 2020-08-09 18:59:57.658 - He holds dual victories over Fabrício Werdum, Mark Hunt and Vitor Belfort, and has also beaten former UFC champions Andrei Arlovski, Junior dos Santos, Frank Mir and Brock Lesnar.
8004:123145669206016::Thread-85 2020-08-09 18:59:58.205 - **END**
8006:123145669206016::Thread-85 2020-08-09 18:59:58.543 - As of June 23, 2020, he is #7 in the UFC heavyweight rankings.
8003:123145669206016::Thread-85 2020-08-09 18:59:58.77 - **START**
8003:123145669206016::Thread-85 2020-08-09 18:59:58.788 - Starting new HTTPS connection (1): en.wikipedia.org
8006:123145669206016::Thread-85 2020-08-09 18:59:58.982 - Biography
Overeem was born in Hounslow, England to a Jamaican father and a Dutch mother whose family tree connects him to King William III of the Netherlands.
8006:123145669206016::Thread-85 2020-08-09 18:59:59.782 - When he was six years old, his parents divorced and he moved with his mother and older brother to the Netherlands.
8003:123145669206016::Thread-85 2020-08-09 19:00:00.314 - Karenjit Kaur Vohra (born May 13, 1981), known by her stage name Sunny Leone (), is a model and an actress in the Indian film industry and a former pornographic actress.
8006:123145669206016::Thread-85 2020-08-09 19:00:00.56 - As a child, Overeem competed in judo, track and field and basketball.
8006:123145669206016::Thread-85 2020-08-09 19:00:00.62 - At the age of 15, Overeem's older brother Valentijn took him to Chris Dolman's MMA gym to learn to defend himself.
8005:123145669206016::Thread-85 2020-08-09 19:00:00.811 - **END**
8003:123145669206016::Thread-85 2020-08-09 19:00:01.309 - She has Canadian and American citizenship.
8006:123145669206016::Thread-85 2020-08-09 19:00:01.519 - Alistair initially did not like the sport, but he dedicated fully to it after meeting Bas Rutten and Joop Kasteel.
8006:123145669206016::Thread-85 2020-08-09 19:00:01.818 - Mixed martial arts career
Overeem had his first MMA professional fight at 19 years old, defeating Ricardo Fyeet by submission on 24 October 1999 (1999-10-24) at It's Showtime, the first event of the eponymously named promotion.
8003:123145669206016::Thread-85 2020-08-09 19:00:02.175 - She has also used the stage name Karen Malhotra.
8003:123145669206016::Thread-85 2020-08-09 19:00:02.344 - She was named Penthouse Pet of the Year in 2003, was a contract performer for Vivid Entertainment, and was named by Maxim as one of the 12 top porn stars in 2010.
8003:123145669206016::Thread-85 2020-08-09 19:00:02.817 - She has played roles in independent mainstream events, films, and television series.
8003:123145669206016::Thread-85 2020-08-09 19:00:03.046 - Her first mainstream appearance was in 2005, when she worked as a red carpet reporter for the MTV Video Music Awards on MTV India.
8002:123145669206016::Thread-85 2020-08-09 19:00:03.332 - **END**
8003:123145669206016::Thread-85 2020-08-09 19:00:04.038 - In 2011, she participated in the Indian reality television series Bigg Boss.
8003:123145669206016::Thread-85 2020-08-09 19:00:04.258 - She also has hosted the Indian reality show Splitsvilla.
8003:123145669206016::Thread-85 2020-08-09 19:00:04.686 - In 2012, she made her Bollywood debut in Pooja Bhatt's erotic thriller Jism 2 (2012) and shifted her focus to mainstream acting which was followed up with Jackpot (2013), Ragini MMS 2 (2014), Ek Paheli Leela (2015), Tera Intezaar (2017), and the Malayalam film Madhura Raja in 2019.
8005:123145669206016::Thread-85 2020-08-09 19:00:04.814 - **START**
8005:123145669206016::Thread-85 2020-08-09 19:00:04.818 - Starting new HTTPS connection (1): en.wikipedia.org
8003:123145669206016::Thread-85 2020-08-09 19:00:05.253 - Apart from her acting career she has been part of activism campaigns including the Rock 'n' Roll Los Angeles Half-Marathon to raise money for the American Cancer Society and has also posed for a People for the Ethical Treatment of Animals (PETA) ad campaign with a rescued dog, encouraging pet owners to have their cats and dogs spayed and neutered.
8006:123145669206016::Thread-85 2020-08-09 19:00:05.821 - **END**
8005:123145669206016::Thread-85 2020-08-09 19:00:05.965 - Alexis Texas is an American pornographic actress, director, and featured dancer.
8005:123145669206016::Thread-85 2020-08-09 19:00:06.542 - Early life
Prior to entering the adult film industry, Texas attended Texas State University studying respiratory care therapy.
8005:123145669206016::Thread-85 2020-08-09 19:00:07.015 - Career

Texas' first scene was with Jack Venice in Shane's World's College Amateur Tour In Texas, filmed in October 2006, followed by several scenes for Bang Bros in Florida.
8005:123145669206016::Thread-85 2020-08-09 19:00:07.412 - She then moved to Los Angeles and began shooting scenes for the LA Direct modeling agency in March 2007.
8005:123145669206016::Thread-85 2020-08-09 19:00:07.709 - Released in February 2008, Discovering Alexis Texas was directed by the adult performer Belladonna.In 2012, Texas signed an exclusive, one-year contract with the company Adam & Eve.
8005:123145669206016::Thread-85 2020-08-09 19:00:08.235 - In February 2014, it was announced that she had amicably separated from Adam & Eve.Texas currently has a show on Vivid Radio entitled Alexis Texas: Sex ED.
8005:123145669206016::Thread-85 2020-08-09 19:00:09.116 - In June 2015, Elegant Angel signed her to an exclusive directing contract.
8005:123145669206016::Thread-85 2020-08-09 19:00:09.69 - Her directorial debut, Big Booty Tryouts, was released the following month.
8005:123145669206016::Thread-85 2020-08-09 19:00:10.324 - She appeared in all of the film's scenes, which were the first ones she shot after a nearly two-year hiatus from performing.
8005:123145669206016::Thread-85 2020-08-09 19:00:11.05 - She also directed The Real Buttwoman Returns, which featured her first gangbang scene.Texas was featured on the cover of Genesis magazine in April 2009, and Hustler magazine's 35th anniversary edition in June 2009.
8004:123145669206016::Thread-85 2020-08-09 19:00:11.207 - **START**
8004:123145669206016::Thread-85 2020-08-09 19:00:11.211 - Starting new HTTPS connection (1): en.wikipedia.org
8005:123145669206016::Thread-85 2020-08-09 19:00:11.569 - In 2010, she was named by Maxim as one of the 12 top female stars in porn.
8004:123145669206016::Thread-85 2020-08-09 19:00:12.015 - Archimedes of Syracuse (; Ancient Greek: Ἀρχιμήδης, Arkhimḗdēs; Doric Greek: [ar.kʰi.mɛː.dɛ̂ːs]; c. 287 – c. 212 BC) was a Greek mathematician, physicist, engineer, inventor, and astronomer.
8004:123145669206016::Thread-85 2020-08-09 19:00:12.605 - Although few details of his life are known, he is regarded as one of the leading scientists in classical antiquity.
8004:123145669206016::Thread-85 2020-08-09 19:00:13.182 - Considered to be the greatest mathematician of ancient history, and one of the greatest of all time, Archimedes anticipated modern calculus and analysis by applying concepts of infinitesimals and the method of exhaustion to derive and rigorously prove a range of geometrical theorems, including: the area of a circle; the surface area and volume of a sphere; area of an ellipse; the area under a parabola; the volume of a segment of a paraboloid of revolution; the volume of a segment of a hyperboloid of revolution; and the area of a spiral.Other mathematical achievements include deriving an accurate approximation of pi; defining and investigating the spiral that now bears his name; and creating a system using exponentiation for expressing very large numbers.
8004:123145669206016::Thread-85 2020-08-09 19:00:14.03 - He was also one of the first to apply mathematics to physical phenomena, founding hydrostatics and statics, including an explanation of the principle of the lever.
8004:123145669206016::Thread-85 2020-08-09 19:00:14.034 - He is credited with designing innovative machines, such as his screw pump, compound pulleys, and defensive war machines to protect his native Syracuse from invasion.
8003:123145669206016::Thread-85 2020-08-09 19:00:14.255 - **END**
8004:123145669206016::Thread-85 2020-08-09 19:00:14.509 - Archimedes died during the Siege of Syracuse, where he was killed by a Roman soldier despite orders that he should not be harmed.
8004:123145669206016::Thread-85 2020-08-09 19:00:14.799 - Cicero describes visiting the tomb of Archimedes, which was surmounted by a sphere and a cylinder, which Archimedes had requested be placed on his tomb to represent his mathematical discoveries.
8004:123145669206016::Thread-85 2020-08-09 19:00:15.55 - Unlike his inventions, the mathematical writings of Archimedes were little known in antiquity.
8004:123145669206016::Thread-85 2020-08-09 19:00:16.489 - Mathematicians from Alexandria read and quoted him, but the first comprehensive compilation was not made until c. 530 AD by Isidore of Miletus in Byzantine Constantinople, while commentaries on the works of Archimedes written by Eutocius in the 6th century AD opened them to wider readership for the first time.
8004:123145669206016::Thread-85 2020-08-09 19:00:17.26 - The relatively few copies of Archimedes' written work that survived through the Middle Ages were an influential source of ideas for scientists during the Renaissance, while the discovery in 1906 of previously unknown works by Archimedes in the Archimedes Palimpsest has provided new insights into how he obtained mathematical results.
8005:123145669206016::Thread-85 2020-08-09 19:00:18.574 - **END**
8004:123145669206016::Thread-85 2020-08-09 19:00:24.262 - **END**