8004:123146220269568::Thread-216 2020-08-09 18:59:27.269 - **START**
8004:123146220269568::Thread-216 2020-08-09 18:59:27.787 - Starting new HTTPS connection (1): en.wikipedia.org
8002:123146220269568::Thread-216 2020-08-09 18:59:28.37 - **START**
8002:123146220269568::Thread-216 2020-08-09 18:59:28.434 - Starting new HTTPS connection (1): en.wikipedia.org
8003:123146220269568::Thread-216 2020-08-09 18:59:29.308 - **START**
8003:123146220269568::Thread-216 2020-08-09 18:59:29.376 - Starting new HTTPS connection (1): en.wikipedia.org
8004:123146220269568::Thread-216 2020-08-09 18:59:29.533 - Italy (Italian: Italia [iˈtaːlja] (listen)), officially the Italian Republic (Italian: Repubblica Italiana [reˈpubblika itaˈljaːna]),  is a sovereign country consisting of a peninsula delimited by the Alps and surrounded by several islands.
8002:123146220269568::Thread-216 2020-08-09 18:59:30.585 - Ronda Jean Rousey (; born February 1, 1987) is an American professional wrestler, actress, author, and former professional mixed martial artist and judoka who has been signed to WWE as a wrestler since 2018.
8004:123146220269568::Thread-216 2020-08-09 18:59:31.364 - Italy is located in south-central Europe, and is considered part of western Europe.
8002:123146220269568::Thread-216 2020-08-09 18:59:31.42 - Her longstanding nickname, "Rowdy", was inherited from late professional wrestler Roddy Piper.After becoming the first American woman to earn an Olympic medal in judo by winning bronze at the 2008 Summer Olympics, Rousey began pursuing a career in mixed martial arts (MMA).
8004:123146220269568::Thread-216 2020-08-09 18:59:31.642 - A unitary parliamentary republic with Rome as its capital, the country covers a total area of 301,340 km2 (116,350 sq mi) and shares land borders with France, Switzerland, Austria, Slovenia, and the enclaved microstates of Vatican City and San Marino.
8004:123146220269568::Thread-216 2020-08-09 18:59:32.162 - Italy has a territorial exclave in Switzerland (Campione) and a maritime exclave in Tunisian waters (Lampedusa).
8002:123146220269568::Thread-216 2020-08-09 18:59:32.163 - She won her MMA debut for King of the Cage before going to Strikeforce, where she became the last-ever Strikeforce Women's Bantamweight Champion before the Ultimate Fighting Championship (UFC) bought Strikeforce in 2011.
8002:123146220269568::Thread-216 2020-08-09 18:59:33.169 - She was their inaugural female champion when she was named UFC Women's Bantamweight Champion.
8002:123146220269568::Thread-216 2020-08-09 18:59:33.693 - Rousey took part in the first women's fight in UFC history when she successfully defended her title against Liz Carmouche at UFC 157.
8003:123146220269568::Thread-216 2020-08-09 18:59:33.897 - Lisa Ann (born Lisa Ann Corpora; May 9, 1972) is an American pornographic actress and radio personality.
8003:123146220269568::Thread-216 2020-08-09 18:59:33.963 - She has also worked as a director and talent agent.
8004:123146220269568::Thread-216 2020-08-09 18:59:34.122 - With around 60 million inhabitants, Italy is the third-most populous member state of the European Union.
8002:123146220269568::Thread-216 2020-08-09 18:59:34.394 - After setting the record for most UFC title defenses by a woman (6), Rousey had her first professional loss in MMA when she lost her title to Holly Holm.
8004:123146220269568::Thread-216 2020-08-09 18:59:34.846 - Due to its central geographic location in Southern Europe and the Mediterranean, Italy has historically been home to myriad peoples and cultures.
8004:123146220269568::Thread-216 2020-08-09 18:59:35.185 - In addition to the various ancient peoples dispersed throughout what is now modern-day Italy, the most predominant being the Indo-European Italic peoples who gave the peninsula its name, beginning from the classical era, Phoenicians and Carthaginians founded colonies mostly in insular Italy, Greeks established settlements in the so-called Magna Graecia of Southern Italy, while Etruscans and Celts inhabited central and northern Italy respectively.
8005:123146220269568::Thread-216 2020-08-09 18:59:35.253 - **START**
8002:123146220269568::Thread-216 2020-08-09 18:59:35.385 - In 2018, she became the first female fighter to be inducted into the UFC Hall of Fame.In 2018, Rousey began a career in professional wrestling, signing a contract with WWE.
8002:123146220269568::Thread-216 2020-08-09 18:59:35.512 - She debuted at WrestleMania 34, and later won the Raw Women's Championship, her first WWE and professional wrestling title, at SummerSlam.
8003:123146220269568::Thread-216 2020-08-09 18:59:35.806 - She is considered to be the most popular pornographic actress in the world, and has received mainstream notice for parodying former Governor of Alaska Sarah Palin in six adult films and a music video.
8002:123146220269568::Thread-216 2020-08-09 18:59:35.858 - She then headlined the inaugural WWE all-women's pay-per-view event when she successfully defended her title against Nikki Bella at WWE Evolution.
8006:123146220269568::Thread-216 2020-08-09 18:59:36.271 - **START**
8002:123146220269568::Thread-216 2020-08-09 18:59:36.435 - Rousey had her first WWE loss when she lost her title in the first-ever women's WrestleMania main-event to Becky Lynch in a triple threat match at WrestleMania 35; this left her reign as Raw Women's Champion as the second-longest in the title's history at 231 days.
8006:123146220269568::Thread-216 2020-08-09 18:59:36.561 - Starting new HTTPS connection (1): en.wikipedia.org
8003:123146220269568::Thread-216 2020-08-09 18:59:36.931 - She is a member of the AVN, XRCO, and Urban X Halls of Fame.
8002:123146220269568::Thread-216 2020-08-09 18:59:36.974 - She has also enjoyed success as an actress and author, appearing in the films The Expendables 3 (2014), Furious 7 (2015), and Mile 22 (2018), and releasing her autobiography My Fight / Your Fight in 2015.Rousey is the only woman to win a championship in both the UFC and WWE, as well as the only woman to headline a pay-per-view event in both companies.
8004:123146220269568::Thread-216 2020-08-09 18:59:37.181 - An Italic tribe known as the Latins formed the Roman Kingdom in the 8th century BC, which eventually became a republic with a government of the Senate and the People.
8005:123146220269568::Thread-216 2020-08-09 18:59:38.068 - Starting new HTTPS connection (1): en.wikipedia.org
8004:123146220269568::Thread-216 2020-08-09 18:59:39.181 - The Roman Republic initially conquered and assimilated its neighbours on the Italian peninsula, eventually expanding and conquering parts of Europe, North Africa and  Asia.
8003:123146220269568::Thread-216 2020-08-09 18:59:39.541 - Ann entered the adult film industry in 1994.
8006:123146220269568::Thread-216 2020-08-09 18:59:40.33 - Willow Camille Reign Smith (born October 31, 2000), also known mononymously as Willow, is an American singer, songwriter, record producer, and actress.
8006:123146220269568::Thread-216 2020-08-09 18:59:40.675 - She is the daughter of Will Smith and Jada Pinkett Smith, and the younger sister of Jaden Smith.
8004:123146220269568::Thread-216 2020-08-09 18:59:40.986 - By the first century BC, the Roman Empire emerged as the dominant power in the Mediterranean Basin and became a leading cultural, political and religious centre, inaugurating the Pax Romana, a period of more than 200 years during which Italy's law, technology, economy, art, and literature developed.
8006:123146220269568::Thread-216 2020-08-09 18:59:41.573 - Smith made her acting debut in 2007 in the film I Am Legend and later appeared in Kit Kittredge: An American Girl alongside Abigail Breslin.
8006:123146220269568::Thread-216 2020-08-09 18:59:41.64 - She received a Young Artist Award for her performance.
8003:123146220269568::Thread-216 2020-08-09 18:59:41.784 - She quit porn in 1997 due to an AIDS scare in the industry, however, she resumed performing in February 2006.
8006:123146220269568::Thread-216 2020-08-09 18:59:42.475 - Smith launched her music career in the autumn of 2010 with the release of the singles "Whip My Hair" in 2010 and "21st Century Girl" in 2011, and signed to her current mentor Jay-Z's record label Roc Nation in 2010, becoming the youngest artist signed to the label.
8006:123146220269568::Thread-216 2020-08-09 18:59:43.06 - "Whip My Hair" peaked at number 11 on the Billboard Hot 100.
8002:123146220269568::Thread-216 2020-08-09 18:59:43.084 - **END**
8006:123146220269568::Thread-216 2020-08-09 18:59:43.298 - The video was nominated for Video of the Year at the BET Awards of 2011.
8003:123146220269568::Thread-216 2020-08-09 18:59:43.339 - In 2008, Ann starred as "Serra Paylin," a parody of Republican vice presidential nominee Sarah Palin, in Hustler Video's Who's Nailin' Paylin?, which was released on Election Day.
8006:123146220269568::Thread-216 2020-08-09 18:59:43.764 - She released her debut album, Ardipithecus, on December 11, 2015.
8006:123146220269568::Thread-216 2020-08-09 18:59:44.051 - Early life
Willow Smith was born on October 31, 2000 in Los Angeles.
8005:123146220269568::Thread-216 2020-08-09 18:59:44.082 - Stefani Joanne Angelina Germanotta ( STEF-ən-ee JUR-mə-NOT-ə) (born March 28, 1986), known professionally as Lady Gaga, is an American singer, songwriter, record producer, actress, and businesswoman.
8006:123146220269568::Thread-216 2020-08-09 18:59:44.163 - She is the daughter of actress-musician Jada Pinkett Smith and actor-musician Will Smith.
8003:123146220269568::Thread-216 2020-08-09 18:59:44.185 - Her directorial film, MILF Revolution (2013), won the 2014 AVN Award for "Best MILF Release".
8003:123146220269568::Thread-216 2020-08-09 18:59:45.867 - In December 2014, she launched Porn Stars Boot Camp, a consulting firm, and also announced her retirement from performing in adult films; she had a breast reduction surgery shortly after retiring as part of her return to a normal life.
8005:123146220269568::Thread-216 2020-08-09 18:59:46.703 - She is known for reinventing herself throughout her career and for her versatility in numerous areas of the entertainment industry.
8004:123146220269568::Thread-216 2020-08-09 18:59:46.993 - **END**
8002:123146220269568::Thread-216 2020-08-09 18:59:47.091 - **START**
8002:123146220269568::Thread-216 2020-08-09 18:59:47.099 - Starting new HTTPS connection (1): en.wikipedia.org
8005:123146220269568::Thread-216 2020-08-09 18:59:47.489 - Gaga began performing as a teenager, singing at open mic nights and acting in school plays.
8003:123146220269568::Thread-216 2020-08-09 18:59:48.0 - Ann announced her comeback to the adult industry in 2018 and signed with Evil Angel.
8002:123146220269568::Thread-216 2020-08-09 18:59:48.425 - Pablo Emilio Escobar Gaviria (; 1 December 1949 – 2 December 1993) was a Colombian drug lord and narcoterrorist who was the founder and sole leader of the Medellín Cartel.
8005:123146220269568::Thread-216 2020-08-09 18:59:49.405 - She studied at Collaborative Arts Project 21, through New York University's Tisch School of the Arts, before dropping out to pursue a music career.
8002:123146220269568::Thread-216 2020-08-09 18:59:49.758 - Dubbed "The King of Cocaine," Escobar is the wealthiest criminal in history, having amassed an estimated net worth of US$30 billion by the time of his death—equivalent to $59 billion as of 2019—while his drug cartel monopolized the cocaine trade into the United States in the 1980s and 1990s.Born in Rionegro and raised in Medellín, Escobar studied briefly at Universidad Autónoma Latinoamericana of Medellín, but left without graduating; he instead began engaging in criminal activity, selling illegal cigarettes and fake lottery tickets, as well as participating in motor vehicle theft.
8006:123146220269568::Thread-216 2020-08-09 18:59:50.164 - **END**
8002:123146220269568::Thread-216 2020-08-09 18:59:50.639 - In the early 1970s, he began to work for various drug smugglers, often kidnapping and holding people for ransom.
8003:123146220269568::Thread-216 2020-08-09 18:59:51.004 - **END**
8005:123146220269568::Thread-216 2020-08-09 18:59:51.876 - When Def Jam Recordings canceled her contract, she worked as a songwriter for Sony/ATV Music Publishing, where Akon helped her sign a joint deal with Interscope Records and his own label KonLive Distribution in 2007.
8002:123146220269568::Thread-216 2020-08-09 18:59:51.97 - In 1976, Escobar founded the Medellín Cartel, which distributed powder cocaine, and established the first smuggling routes into the U.S. Escobar's infiltration into the U.S. created exponential demand for cocaine, and by the 1980s, it was estimated Escobar led monthly shipments of 70 to 80 tons of cocaine into the country from Colombia.
8002:123146220269568::Thread-216 2020-08-09 18:59:52.665 - As a result, he quickly became one of the richest people in the world, but consistently battled rival cartels domestically and abroad, leading to massacres and the murders of police officers, judges, locals, and prominent politicians, making Colombia the murder capital of the world.In the 1982 parliamentary election, Escobar was elected as an alternate member of the Chamber of Representatives as part of the Liberal Alternative movement.
8005:123146220269568::Thread-216 2020-08-09 18:59:52.827 - She rose to prominence the following year with her debut album The Fame and its chart-topping singles "Just Dance" and "Poker Face".
8006:123146220269568::Thread-216 2020-08-09 18:59:53.167 - **START**
8006:123146220269568::Thread-216 2020-08-09 18:59:53.174 - Starting new HTTPS connection (1): en.wikipedia.org
8006:123146220269568::Thread-216 2020-08-09 18:59:53.768 - The Channel Tunnel (French: Le tunnel sous la Manche), also referred to as the Chunnel, is a 50.45-kilometre (31.35 mi) railway tunnel that connects Folkestone (Kent, England, UK) with Coquelles (Hauts-de-France, France) beneath the English Channel at the Strait of Dover.
8006:123146220269568::Thread-216 2020-08-09 18:59:54.107 - It is the only fixed link between the island of Great Britain and the European mainland.
8002:123146220269568::Thread-216 2020-08-09 18:59:54.382 - Through this, he was responsible for community projects, such as the construction of houses and football fields, which gained him popularity among the locals of the towns that he frequented.
8002:123146220269568::Thread-216 2020-08-09 18:59:54.798 - However, Escobar was vilified by the Colombian and U.S. governments, who routinely stifled his political ambitions and pushed for his arrest, with Escobar widely believed to have orchestrated the DAS Building and Avianca Flight 203 bombings in retaliation.
8006:123146220269568::Thread-216 2020-08-09 18:59:54.919 - At its lowest point, it is 75 m (250 ft) deep below the sea bed and 115 m (380 ft) below sea level.
8005:123146220269568::Thread-216 2020-08-09 18:59:55.165 - The album was later reissued to include the EP The Fame Monster (2009), which yielded the singles "Bad Romance", "Telephone", and "Alejandro".
8006:123146220269568::Thread-216 2020-08-09 18:59:55.841 - At 37.9 kilometres (23.5 mi), the tunnel has the longest underwater section of any tunnel in the world.
8002:123146220269568::Thread-216 2020-08-09 18:59:56.004 - In 1991, Escobar surrendered to authorities, and was sentenced to five years' imprisonment on a host of charges, but struck a deal of no extradition with Colombian President Cesar Gaviria, with the ability of being housed in his own, self-built prison, La Catedral.
8006:123146220269568::Thread-216 2020-08-09 18:59:56.577 - The speed limit for trains through the tunnel is 160 km/h (100 mph).The tunnel carries high-speed Eurostar passenger trains, the Eurotunnel Shuttle for road vehicles—the largest such transport in the world—and international freight trains.
8005:123146220269568::Thread-216 2020-08-09 18:59:56.584 - Gaga's five succeeding studio albums have all debuted atop the US Billboard 200.
8005:123146220269568::Thread-216 2020-08-09 18:59:56.725 - Her second full-length album, Born This Way (2011), explored electronic rock and techno-pop and sold more than one million copies in its first week.
8002:123146220269568::Thread-216 2020-08-09 18:59:56.82 - In 1992, Escobar escaped and went into hiding when authorities attempted to move him to a more standard holding facility, leading to a nation-wide manhunt.
8004:123146220269568::Thread-216 2020-08-09 18:59:56.998 - **START**
8004:123146220269568::Thread-216 2020-08-09 18:59:57.008 - Starting new HTTPS connection (1): en.wikipedia.org
8006:123146220269568::Thread-216 2020-08-09 18:59:57.04 - The tunnel connects end-to-end with the high-speed railway lines of the LGV Nord in France and High Speed 1 in England.
8006:123146220269568::Thread-216 2020-08-09 18:59:57.244 - In 2017, through rail services carried 10.3 million passengers and 1.22 million tonnes of freight, and the Shuttle carried 10.4 million passengers, 2.6 million cars, 51,000 coaches, and 1.6 million lorries (equivalent to 21.3 million tonnes of freight).
8002:123146220269568::Thread-216 2020-08-09 18:59:57.361 - As a result, the Medellín Cartel crumbled, and in 1993, Escobar was killed in his hometown by Colombian National Police, a day after his 44th birthday.Escobar's legacy remains controversial; while many denounce the heinous nature of his crimes, he was seen as a "Robin Hood-like" figure for many in Colombia, as he provided many amenities to the poor, while his killing was mourned and his funeral attended by over 25,000 people.
8002:123146220269568::Thread-216 2020-08-09 18:59:57.362 - **END**
8005:123146220269568::Thread-216 2020-08-09 18:59:57.86 - Its title track became the fastest-selling song on the iTunes Store with over a million downloads in less than a week.
8005:123146220269568::Thread-216 2020-08-09 18:59:57.861 - **END**
8006:123146220269568::Thread-216 2020-08-09 18:59:57.899 - This compares with 11.7 million passengers, 2.6 million lorries and 2.2 million cars by sea through the Port of Dover.Plans to build a cross-Channel fixed link appeared as early as 1802, but British political and media pressure over the compromising of national security had disrupted attempts to build a tunnel.
8006:123146220269568::Thread-216 2020-08-09 18:59:58.184 - An early unsuccessful attempt at building a tunnel was made in the late 19th century, on the English side, "in the hope of forcing the hand of the English Government".
8006:123146220269568::Thread-216 2020-08-09 18:59:58.321 - The eventual successful project, organised by Eurotunnel, began construction in 1988 and opened in 1994.
8004:123146220269568::Thread-216 2020-08-09 18:59:58.48 - Albert Einstein ( EYEN-styne; German: [ˈalbɛʁt ˈʔaɪnʃtaɪn] (listen); 14 March 1879 – 18 April 1955) was a German-born theoretical physicist who developed the theory of relativity, one of the two pillars of modern physics (alongside quantum mechanics).
8004:123146220269568::Thread-216 2020-08-09 18:59:59.356 - His work is also known for its influence on the philosophy of science.
8004:123146220269568::Thread-216 2020-08-09 19:00:00.261 - He is best known to the general public for his mass–energy equivalence formula E = mc2, which has been dubbed "the world's most famous equation".
8004:123146220269568::Thread-216 2020-08-09 19:00:00.327 - He received the 1921 Nobel Prize in Physics "for his services to theoretical physics, and especially for his discovery of the law of the photoelectric effect", a pivotal step in the development of quantum theory.
8004:123146220269568::Thread-216 2020-08-09 19:00:01.326 - The son of a salesman who later operated an electrochemical factory, Einstein was born in the German Empire but moved to Switzerland in 1895 and renounced his German citizenship in 1896.
8004:123146220269568::Thread-216 2020-08-09 19:00:01.335 - Specializing in physics and mathematics, he received his academic teaching diploma from the Swiss Federal Polytechnic School (German: eidgenössische polytechnische Schule, later ETH) in Zürich in 1900.
8004:123146220269568::Thread-216 2020-08-09 19:00:01.615 - The following year, he acquired Swiss citizenship, which he kept for his entire life.
8004:123146220269568::Thread-216 2020-08-09 19:00:02.632 - After initially struggling to find work, from 1902 to 1909 he was employed as a patent examiner at the Swiss Patent Office in Bern.
8004:123146220269568::Thread-216 2020-08-09 19:00:02.754 - Near the beginning of his career, Einstein thought that Newtonian mechanics was no longer enough to reconcile the laws of classical mechanics with the laws of the electromagnetic field.
8004:123146220269568::Thread-216 2020-08-09 19:00:02.826 - This led him to develop his special theory of relativity during his time at the Swiss Patent Office.
8006:123146220269568::Thread-216 2020-08-09 19:00:03.324 - **END**
8003:123146220269568::Thread-216 2020-08-09 19:00:06.008 - **START**
8003:123146220269568::Thread-216 2020-08-09 19:00:06.02 - Starting new HTTPS connection (1): en.wikipedia.org
8003:123146220269568::Thread-216 2020-08-09 19:00:07.44 - Neuschwanstein Castle (German: Schloss Neuschwanstein, pronounced [ˈʃlɔs nɔʏˈʃvaːnʃtaɪn], Southern Bavarian: Schloss Neischwanstoa) is a 19th-century Romanesque Revival palace on a rugged hill above the village of Hohenschwangau near Füssen in southwest Bavaria, Germany.
8005:123146220269568::Thread-216 2020-08-09 19:00:07.866 - **START**
8005:123146220269568::Thread-216 2020-08-09 19:00:07.871 - Starting new HTTPS connection (1): en.wikipedia.org
8003:123146220269568::Thread-216 2020-08-09 19:00:08.801 - The palace was commissioned by King Ludwig II of Bavaria as a retreat and in honour of Richard Wagner.
8003:123146220269568::Thread-216 2020-08-09 19:00:10.084 - Ludwig paid for the palace out of his personal fortune and by means of extensive borrowing, rather than Bavarian public funds.
8004:123146220269568::Thread-216 2020-08-09 19:00:10.827 - **END**
8005:123146220269568::Thread-216 2020-08-09 19:00:11.391 - **END**
8003:123146220269568::Thread-216 2020-08-09 19:00:11.813 - The castle was intended as a home for the King, until he died in 1886.
8002:123146220269568::Thread-216 2020-08-09 19:00:12.372 - **START**
8002:123146220269568::Thread-216 2020-08-09 19:00:12.376 - Starting new HTTPS connection (1): en.wikipedia.org
8003:123146220269568::Thread-216 2020-08-09 19:00:13.494 - It was open to the public shortly after his death.
8002:123146220269568::Thread-216 2020-08-09 19:00:13.574 - Serena Jameka Williams (born September 26, 1981) is an American professional tennis player and former world No.
8003:123146220269568::Thread-216 2020-08-09 19:00:14.356 - Since then more than 61 million people have visited Neuschwanstein Castle.
8003:123146220269568::Thread-216 2020-08-09 19:00:14.386 - More than 1.3 million people visit annually, with as many as 6,000 per day in the summer.
8002:123146220269568::Thread-216 2020-08-09 19:00:16.095 - 1 in women's single tennis.
8003:123146220269568::Thread-216 2020-08-09 19:00:16.304 - Location

The municipality of Schwangau lies at an elevation of 800 m (2,620 ft) at the southwest border of the German state of Bavaria.
8002:123146220269568::Thread-216 2020-08-09 19:00:16.999 - She has won 23 Grand Slam singles titles, the most by any player in the Open Era, and the second-most of all time behind Margaret Court (24).
8002:123146220269568::Thread-216 2020-08-09 19:00:17.493 - The Women's Tennis Association (WTA) ranked her world No.
8003:123146220269568::Thread-216 2020-08-09 19:00:17.894 - Its surroundings are characterised by the transition between the Alpine foothills in the south (toward the nearby Austrian border) and a hilly landscape in the north that appears flat by comparison.
8003:123146220269568::Thread-216 2020-08-09 19:00:18.18 - In the Middle Ages, three castles overlooked the villages.
8002:123146220269568::Thread-216 2020-08-09 19:00:18.758 - 1 in singles on eight separate occasions between 2002 and 2017.
8002:123146220269568::Thread-216 2020-08-09 19:00:21.16 - She reached the No.
8002:123146220269568::Thread-216 2020-08-09 19:00:22.828 - 1 ranking for the first time on July 8, 2002.
8002:123146220269568::Thread-216 2020-08-09 19:00:23.449 - On her sixth occasion, she held the ranking for 186 consecutive weeks, tying the record set by Steffi Graf.
8003:123146220269568::Thread-216 2020-08-09 19:00:24.182 - **END**
8002:123146220269568::Thread-216 2020-08-09 19:00:26.3 - In total, she has been No.
8002:123146220269568::Thread-216 2020-08-09 19:00:28.942 - 1 for 319 weeks, which ranks third in the Open Era among female players behind Graf and Martina Navratilova.
8002:123146220269568::Thread-216 2020-08-09 19:00:36.949 - **END**