8004:123146333847552::Thread-243 2020-08-09 18:59:34.322 - **START**
8005:123146333847552::Thread-243 2020-08-09 18:59:35.256 - **START**
8004:123146333847552::Thread-243 2020-08-09 18:59:35.622 - Starting new HTTPS connection (1): en.wikipedia.org
8003:123146333847552::Thread-243 2020-08-09 18:59:37.361 - **START**
8003:123146333847552::Thread-243 2020-08-09 18:59:37.501 - Starting new HTTPS connection (1): en.wikipedia.org
8005:123146333847552::Thread-243 2020-08-09 18:59:38.066 - Starting new HTTPS connection (1): en.wikipedia.org
8002:123146333847552::Thread-243 2020-08-09 18:59:38.367 - **START**
8002:123146333847552::Thread-243 2020-08-09 18:59:39.021 - Starting new HTTPS connection (1): en.wikipedia.org
8006:123146333847552::Thread-243 2020-08-09 18:59:39.284 - **START**
8006:123146333847552::Thread-243 2020-08-09 18:59:40.795 - Starting new HTTPS connection (1): en.wikipedia.org
8003:123146333847552::Thread-243 2020-08-09 18:59:41.045 - Jesus (c. 4 BC – c. AD 30 / 33), also referred to as Jesus of Nazareth or Jesus Christ, was a first-century Jewish preacher and religious leader.
8004:123146333847552::Thread-243 2020-08-09 18:59:41.98 - Fleetwood Mac are a British-American rock band, formed in London in 1967.
8003:123146333847552::Thread-243 2020-08-09 18:59:42.008 - He is the central figure of Christianity, the world's largest religion.
8003:123146333847552::Thread-243 2020-08-09 18:59:42.331 - Most Christians believe he is the incarnation of God the Son and the awaited Messiah (the Christ) prophesied in the Old Testament.Virtually all modern scholars of antiquity agree that Jesus existed historically, although the quest for the historical Jesus has yielded major uncertainty on the historical reliability of the Gospels and on how closely the Jesus portrayed in the Bible reflects the historical Jesus, as the only records of Jesus' life are contained in the four Gospels.
8003:123146333847552::Thread-243 2020-08-09 18:59:42.406 - Jesus was a Galilean Jew, who was baptized by John the Baptist and began his own ministry.
8005:123146333847552::Thread-243 2020-08-09 18:59:42.477 - Joseph Vissarionovich Stalin (born Ioseb Besarionis dzе Jugashvili; 18 December [O.S.
8003:123146333847552::Thread-243 2020-08-09 18:59:42.452 - He preached orally and was often referred to as "rabbi".
8005:123146333847552::Thread-243 2020-08-09 18:59:43.304 - 6 December] 1878 – 5 March 1953) was a Georgian revolutionary and Soviet politician who ruled the Soviet Union from the mid-1920s until his death in 1953.
8003:123146333847552::Thread-243 2020-08-09 18:59:43.479 - Jesus debated with fellow Jews on how to best follow God, engaged in healings, taught in parables and gathered followers.
8006:123146333847552::Thread-243 2020-08-09 18:59:43.798 - Gianna Michaels (born 1983 in Seattle, Washington), is an  American pornographic actress.
8005:123146333847552::Thread-243 2020-08-09 18:59:43.801 - He served as the general secretary of the Communist Party of the Soviet Union (1922–1952) and premier of the Soviet Union (1941–1953).
8003:123146333847552::Thread-243 2020-08-09 18:59:43.76 - He was arrested and tried by the Jewish authorities, turned over to the Roman government, and crucified on the order of Pontius Pilate, the Roman prefect.
8003:123146333847552::Thread-243 2020-08-09 18:59:43.92 - After his death, his followers believed he rose from the dead, and the community they formed eventually became the early Church.Christian doctrines include the beliefs that Jesus was conceived by the Holy Spirit, was born of a virgin named Mary, performed miracles, founded the Christian Church, died by crucifixion as a sacrifice to achieve atonement for sin, rose from the dead, and ascended into Heaven, from where he will return.
8003:123146333847552::Thread-243 2020-08-09 18:59:43.944 - Most Christians believe Jesus enables people to be reconciled to God.
8003:123146333847552::Thread-243 2020-08-09 18:59:43.988 - The Nicene Creed asserts that Jesus will judge the living and the dead either before or after their bodily resurrection, an event tied to the Second Coming of Jesus in Christian eschatology.
8004:123146333847552::Thread-243 2020-08-09 18:59:44.047 - They have sold more than 120 million records worldwide, making them one of the world's best-selling bands.
8004:123146333847552::Thread-243 2020-08-09 18:59:44.95 - In 1979, Fleetwood Mac were honoured with a star on the Hollywood Walk of Fame.
8005:123146333847552::Thread-243 2020-08-09 18:59:45.174 - Despite initially governing the Soviet Union as part of a collective leadership, he eventually consolidated power to become the country's de facto dictator by the 1930s.
8003:123146333847552::Thread-243 2020-08-09 18:59:45.992 - **END**
8005:123146333847552::Thread-243 2020-08-09 18:59:46.235 - A communist ideologically committed to the Leninist interpretation of Marxism, Stalin formalised these ideas as Marxism–Leninism, while his own policies are known as Stalinism.
8002:123146333847552::Thread-243 2020-08-09 18:59:46.416 - The Palace of Versailles ( vair-SY, vur-SY; French: Château de Versailles [ʃɑto d(ə) vɛʁsɑj] (listen)) was the principal royal residence of France from 1682, under Louis XIV, until the start of the French Revolution in 1789, under Louis XVI.
8004:123146333847552::Thread-243 2020-08-09 18:59:46.499 - In 1998 the band was inducted into the Rock and Roll Hall of Fame and received the Brit Award for Outstanding Contribution to Music.Fleetwood Mac was founded by guitarist Peter Green, drummer Mick Fleetwood, guitarist Jeremy Spencer and bassist John McVie completed the lineup for their self-titled debut album.
8005:123146333847552::Thread-243 2020-08-09 18:59:46.567 - Born to a poor family in Gori in the Russian Empire (now Georgia), Stalin joined the Marxist Russian Social Democratic Labour Party as a youth.
8002:123146333847552::Thread-243 2020-08-09 18:59:47.306 - It is located in the department of Yvelines, in the region of Île-de-France, about 20 kilometres (12 miles) southwest of the centre of Paris.A simple hunting lodging and later a small château with a moat occupied the site until 1661, when the first work expanding the château into a palace was carried out for Louis XIV.
8006:123146333847552::Thread-243 2020-08-09 18:59:47.804 - **END**
8005:123146333847552::Thread-243 2020-08-09 18:59:48.079 - He edited the party's newspaper, Pravda, and raised funds for Vladimir Lenin's Bolshevik faction via robberies, kidnappings, and protection rackets.
8002:123146333847552::Thread-243 2020-08-09 18:59:48.633 - In 1682, when the palace had become large enough, the king moved the entire royal court and the French government to Versailles.
8004:123146333847552::Thread-243 2020-08-09 18:59:48.824 - Danny Kirwan joined as a third guitarist in 1968.
8005:123146333847552::Thread-243 2020-08-09 18:59:49.507 - Repeatedly arrested, he underwent several internal exiles.
8002:123146333847552::Thread-243 2020-08-09 18:59:49.75 - Some of the palace furniture at this time was constructed of solid silver, but in 1689 much of it was melted down to pay for the cost of war.
8004:123146333847552::Thread-243 2020-08-09 18:59:50.498 - Keyboardist Christine Perfect, who contributed as a session musician from the second album, married McVie and joined in 1970.
8004:123146333847552::Thread-243 2020-08-09 18:59:51.024 - Primarily a British blues band, Fleetwood Mac scored a UK number one with "Albatross", and had other hits such as the singles "Oh Well" and "Man of the World".
8005:123146333847552::Thread-243 2020-08-09 18:59:51.362 - After the Bolsheviks seized power during the 1917 October Revolution and created a one-party state under Lenin's newly renamed Communist Party, Stalin joined its governing Politburo.
8002:123146333847552::Thread-243 2020-08-09 18:59:51.474 - Subsequent rulers mostly carried out interior remodeling, to meet the demands of changing taste, although Louis XV did install an opera house at the north end of the north wing for the wedding of the Dauphin and Marie Antoinette in 1770.
8004:123146333847552::Thread-243 2020-08-09 18:59:52.198 - All three guitarists left in succession during the early 1970s, to be replaced by guitarists Bob Welch and Bob Weston and vocalist Dave Walker.
8004:123146333847552::Thread-243 2020-08-09 18:59:52.945 - By 1974, all three had either departed or been dismissed, leaving the band without a male lead vocalist or guitarist.
8005:123146333847552::Thread-243 2020-08-09 18:59:53.0 - Serving in the Russian Civil War before overseeing the Soviet Union's establishment in 1922, Stalin assumed leadership over the country following Lenin's 1924 death.
8002:123146333847552::Thread-243 2020-08-09 18:59:53.127 - The palace has also been a site of historical importance.
8004:123146333847552::Thread-243 2020-08-09 18:59:53.203 - In late 1974, while Fleetwood was scouting studios in Los Angeles, he was introduced to folk-rock duo Lindsey Buckingham and Stevie Nicks.
8005:123146333847552::Thread-243 2020-08-09 18:59:53.305 - Under Stalin, "socialism in one country" became a central tenet of the party's dogma.
8002:123146333847552::Thread-243 2020-08-09 18:59:53.605 - The Peace of Paris (1783) was signed at Versailles, the Proclamation of the German Empire occurred in the vaunted Hall of Mirrors, and World War I was ended in the palace with the Treaty of Versailles, among many other events.
8002:123146333847552::Thread-243 2020-08-09 18:59:54.42 - The palace is now a historical monument and UNESCO World Heritage site, notable especially for the ceremonial Hall of Mirrors, the jewel-like Royal Opera, and the royal apartments; for the more intimate royal residences, the Grand Trianon and Petit Trianon located within the park; the small rustic Hameau (Hamlet) created for Marie Antoinette; and the vast Gardens of Versailles with fountains, canals, and geometric flower beds and groves, laid out by André le Nôtre.
8002:123146333847552::Thread-243 2020-08-09 18:59:54.925 - The Palace was stripped of all its furnishings after the French Revolution, but many pieces have been returned and many of the palace rooms have been restored.
8003:123146333847552::Thread-243 2020-08-09 18:59:54.994 - **START**
8003:123146333847552::Thread-243 2020-08-09 18:59:54.999 - Starting new HTTPS connection (1): en.wikipedia.org
8003:123146333847552::Thread-243 2020-08-09 18:59:55.91 - The Celtic Football Club ( SEL-tik) is a Scottish professional football club based in Glasgow, which plays in the Scottish Premiership.
8002:123146333847552::Thread-243 2020-08-09 18:59:55.977 - In 2017 the Palace of Versailles received 7,700,000 visitors, making it the second-most visited monument in the Île-de-France region, just behind the Louvre and ahead of the Eiffel Tower.
8003:123146333847552::Thread-243 2020-08-09 18:59:56.16 - The club was founded in 1887 with the purpose of alleviating poverty in the immigrant Irish population in the East End of Glasgow.
8004:123146333847552::Thread-243 2020-08-09 18:59:57.207 - **END**
8003:123146333847552::Thread-243 2020-08-09 18:59:57.502 - They played their first match in May 1888, a friendly match against Rangers which Celtic won 5–2.
8002:123146333847552::Thread-243 2020-08-09 18:59:57.684 - History


The hunting lodge and château of Louis XIII
 
The site of the Palace was first occupied by a small village and church, surrounded by forests filled with abundant game.
8002:123146333847552::Thread-243 2020-08-09 18:59:58.363 - It was owned by the Gondi family and the priory of Saint Julian.
8006:123146333847552::Thread-243 2020-08-09 18:59:58.807 - **START**
8006:123146333847552::Thread-243 2020-08-09 18:59:58.819 - Starting new HTTPS connection (1): en.wikipedia.org
8003:123146333847552::Thread-243 2020-08-09 18:59:59.241 - Celtic established themselves within Scottish football, winning six successive league titles during the first decade of the 20th century.
8006:123146333847552::Thread-243 2020-08-09 19:00:00.212 - Madison Nicole Ziegler ( ZIG-lər; born September 30, 2002) is an American dancer, actress, author and model.
8005:123146333847552::Thread-243 2020-08-09 19:00:00.307 - **END**
8006:123146333847552::Thread-243 2020-08-09 19:00:00.815 - She was initially known for appearing in Lifetime's reality show Dance Moms from 2011 (at age 8) until 2016.
8006:123146333847552::Thread-243 2020-08-09 19:00:00.844 - From 2014 to 2017, she gained wider recognition for starring in a series of music videos by Sia, including "Chandelier" and "Elastic Heart", which have in total attracted more than 5 billion views on YouTube.
8003:123146333847552::Thread-243 2020-08-09 19:00:00.851 - The club enjoyed their greatest successes during the 1960s and 70s under Jock Stein when they won nine consecutive league titles and the 1967 European Cup.
8003:123146333847552::Thread-243 2020-08-09 19:00:01.137 - Celtic have played in green and white for the entirety of its history, adopting hoops in 1903, those being used ever since.
8002:123146333847552::Thread-243 2020-08-09 19:00:01.381 - **END**
8006:123146333847552::Thread-243 2020-08-09 19:00:01.482 - Ziegler has appeared in films, television and concerts, and has modeled on magazine covers and in advertisements for Capezio, Ralph Lauren, Fabletics and Target, among other brands.
8006:123146333847552::Thread-243 2020-08-09 19:00:01.683 - She was included by Time magazine on its list of the "30 most influential teens" in each of 2015, 2016 and 2017.
8006:123146333847552::Thread-243 2020-08-09 19:00:01.716 - Ziegler was a judge on the 2016 season of So You Think You Can Dance: The Next Generation, toured with Sia in North America and Australia in 2016 and 2017 and toured in Australia and New Zealand with her sister, Mackenzie, in 2017 and 2018.
8003:123146333847552::Thread-243 2020-08-09 19:00:01.725 - Celtic are one of only five clubs in the world (which also includes their rivals Rangers) to have won over 100 trophies in their history.
8006:123146333847552::Thread-243 2020-08-09 19:00:01.923 - Her 2017 memoir, The Maddie Diaries, was a New York Times Best Seller.
8005:123146333847552::Thread-243 2020-08-09 19:00:02.309 - **START**
8006:123146333847552::Thread-243 2020-08-09 19:00:02.448 - She voiced the character Camille Le Haut in the animated film Ballerina (2016) and appeared as Christina Sickleman in the feature film The Book of Henry (2017).
8005:123146333847552::Thread-243 2020-08-09 19:00:02.684 - Starting new HTTPS connection (1): en.wikipedia.org
8006:123146333847552::Thread-243 2020-08-09 19:00:03.008 - Her social media presence includes an Instagram account with more than 13.6 million followers.
8004:123146333847552::Thread-243 2020-08-09 19:00:03.209 - **START**
8004:123146333847552::Thread-243 2020-08-09 19:00:03.245 - Starting new HTTPS connection (1): en.wikipedia.org
8003:123146333847552::Thread-243 2020-08-09 19:00:03.332 - The club has won the Scottish league championship 51 times, most recently in 2019–20, the Scottish Cup 39 times and the Scottish League Cup 19 times.
8006:123146333847552::Thread-243 2020-08-09 19:00:03.798 - Early life and education
Ziegler was born in Pittsburgh, Pennsylvania, to Melissa Ziegler-Gisoni and Kurt Ziegler, who owned a mortgage company.
8005:123146333847552::Thread-243 2020-08-09 19:00:04.164 - Red Hot Chili Peppers (commonly abbreviated as RHCP) are an American rock band formed in Los Angeles in 1983.
8004:123146333847552::Thread-243 2020-08-09 19:00:04.272 - George Herbert Walker Bush (June 12, 1924 – November 30, 2018) was an American politician, diplomat, and businessman who served as the 41st president of the United States from 1989 to 1993.
8004:123146333847552::Thread-243 2020-08-09 19:00:04.341 - A member of the Republican Party, Bush also served in the U.S. House of Representatives, as U.S.
8003:123146333847552::Thread-243 2020-08-09 19:00:04.404 - The club's greatest season was 1966–67, when Celtic became the first British team to win the European Cup, also winning the Scottish league championship, the Scottish Cup, the League Cup and the Glasgow Cup.
8004:123146333847552::Thread-243 2020-08-09 19:00:05.145 - Ambassador to the United Nations, as Director of Central Intelligence, and as the 43rd vice president.
8003:123146333847552::Thread-243 2020-08-09 19:00:05.568 - Celtic also reached the 1970 European Cup Final and the 2003 UEFA Cup Final, losing in both.
8004:123146333847552::Thread-243 2020-08-09 19:00:05.627 - Bush was raised in Greenwich, Connecticut and attended Phillips Academy before serving in the United States Navy during World War II.
8005:123146333847552::Thread-243 2020-08-09 19:00:05.698 - Their music incorporates elements of alternative rock, funk, punk rock and psychedelic rock.
8004:123146333847552::Thread-243 2020-08-09 19:00:06.592 - After the war, he graduated from Yale University and moved to West Texas, where he established a successful oil company.
8004:123146333847552::Thread-243 2020-08-09 19:00:06.599 - After an unsuccessful run for the United States Senate, he won election to the 7th congressional district of Texas in 1966.
8004:123146333847552::Thread-243 2020-08-09 19:00:07.09 - President Richard Nixon appointed Bush to the position of Ambassador to the United Nations in 1971 and to the position of chairman of the Republican National Committee in 1973.
8005:123146333847552::Thread-243 2020-08-09 19:00:07.313 - The band consists of vocalist Anthony Kiedis, guitarist John Frusciante, bassist Flea, and drummer Chad Smith.
8003:123146333847552::Thread-243 2020-08-09 19:00:07.568 - **END**
8004:123146333847552::Thread-243 2020-08-09 19:00:07.584 - In 1974, President Gerald Ford appointed him as the Chief of the Liaison Office to the People's Republic of China, and in 1976 Bush became the Director of Central Intelligence.
8006:123146333847552::Thread-243 2020-08-09 19:00:07.801 - **END**
8004:123146333847552::Thread-243 2020-08-09 19:00:08.032 - Bush ran for president in 1980, but was defeated in the Republican presidential primaries by Ronald Reagan.
8004:123146333847552::Thread-243 2020-08-09 19:00:08.832 - He was then elected vice president in 1980 and 1984 as Reagan's running mate.
8005:123146333847552::Thread-243 2020-08-09 19:00:08.977 - With over 80 million records sold worldwide, Red Hot Chili Peppers are one of the best-selling bands of all time.
8005:123146333847552::Thread-243 2020-08-09 19:00:09.457 - They are the most successful band in the history of alternative rock, with the records for most number-one singles (13), most cumulative weeks at number one (85) and most top-ten songs (25) on the Billboard Alternative Songs chart.
8004:123146333847552::Thread-243 2020-08-09 19:00:09.71 - In the 1988 presidential election, Bush defeated Democrat Michael Dukakis, becoming the first incumbent vice president to be elected president since Martin Van Buren in 1836.
8004:123146333847552::Thread-243 2020-08-09 19:00:09.815 - Foreign policy drove the Bush presidency, as he navigated the final years of the Cold War and played a key role in the reunification of Germany.
8005:123146333847552::Thread-243 2020-08-09 19:00:10.255 - They have won six Grammy Awards, and in 2012 were inducted into the Rock and Roll Hall of Fame.
8005:123146333847552::Thread-243 2020-08-09 19:00:10.464 - Red Hot Chili Peppers were formed in Los Angeles by Kiedis, Flea, guitarist Hillel Slovak, and drummer Jack Irons.
8004:123146333847552::Thread-243 2020-08-09 19:00:10.818 - **END**
8005:123146333847552::Thread-243 2020-08-09 19:00:12.247 - Because of commitments to other bands, Slovak and Irons did not play on the band's 1984 self-titled debut album; instead, the album featured Jack Sherman on guitar and Cliff Martinez on drums.
8005:123146333847552::Thread-243 2020-08-09 19:00:12.339 - However, Slovak rejoined shortly after its release and performed on the albums Freaky Styley (1985) and The Uplift Mofo Party Plan (1987), the latter of which saw a reunion of the original lineup.
8005:123146333847552::Thread-243 2020-08-09 19:00:14.034 - Slovak died of a drug overdose on June 25, 1988; Irons, devastated, left the band.
8005:123146333847552::Thread-243 2020-08-09 19:00:14.035 - **END**