8003:123145883742208::Thread-136 2020-08-09 18:59:28.274 - **START**
8003:123145883742208::Thread-136 2020-08-09 18:59:28.455 - Starting new HTTPS connection (1): en.wikipedia.org
8006:123145883742208::Thread-136 2020-08-09 18:59:29.264 - **START**
8006:123145883742208::Thread-136 2020-08-09 18:59:29.384 - Starting new HTTPS connection (1): en.wikipedia.org
8003:123145883742208::Thread-136 2020-08-09 18:59:30.492 - Films generate income from several revenue streams, including theatrical exhibition, home video, television broadcast rights, and merchandising.
8002:123145883742208::Thread-136 2020-08-09 18:59:30.506 - **START**
8003:123145883742208::Thread-136 2020-08-09 18:59:31.189 - However, theatrical box office earnings are the primary metric for trade publications in assessing the success of a film, mostly because of the availability of the data compared to sales figures for home video and broadcast rights, but also because of historical practice.
8005:123145883742208::Thread-136 2020-08-09 18:59:31.224 - **START**
8002:123145883742208::Thread-136 2020-08-09 18:59:31.761 - Starting new HTTPS connection (1): en.wikipedia.org
8003:123145883742208::Thread-136 2020-08-09 18:59:31.875 - Included on the list are charts of the top box office earners (ranked by both the nominal and real value of their revenue), a chart of high-grossing films by calendar year, a timeline showing the transition of the highest-grossing film record, and a chart of the highest-grossing film franchises and series.
8005:123145883742208::Thread-136 2020-08-09 18:59:31.947 - Starting new HTTPS connection (1): en.wikipedia.org
8003:123145883742208::Thread-136 2020-08-09 18:59:32.329 - All charts are ranked by international theatrical box office performance where possible, excluding income derived from home video, broadcasting rights, and merchandise.
8006:123145883742208::Thread-136 2020-08-09 18:59:32.414 - Neuschwanstein Castle (German: Schloss Neuschwanstein, pronounced [ˈʃlɔs nɔʏˈʃvaːnʃtaɪn], Southern Bavarian: Schloss Neischwanstoa) is a 19th-century Romanesque Revival palace on a rugged hill above the village of Hohenschwangau near Füssen in southwest Bavaria, Germany.
8006:123145883742208::Thread-136 2020-08-09 18:59:32.615 - The palace was commissioned by King Ludwig II of Bavaria as a retreat and in honour of Richard Wagner.
8003:123145883742208::Thread-136 2020-08-09 18:59:32.681 - Traditionally, war films, musicals, and historical dramas have been the most popular genres, but franchise films have been among the best performers in the 21st century.
8003:123145883742208::Thread-136 2020-08-09 18:59:32.765 - There is strong interest in the superhero genre, with nine films in the Marvel Cinematic Universe featuring among the nominal top-earners.
8003:123145883742208::Thread-136 2020-08-09 18:59:33.349 - The most successful superhero film, Avengers: Endgame, is also the highest-grossing film overall on the nominal earnings chart, and there are four films in total based on the Avengers comic books charting in the top twenty.
8003:123145883742208::Thread-136 2020-08-09 18:59:33.699 - Other Marvel Comics adaptations have also had success with the Spider-Man and X-Men properties, while films based on Batman and Superman from DC Comics have generally performed well.
8003:123145883742208::Thread-136 2020-08-09 18:59:33.751 - Star Wars is also represented in the nominal earnings chart with five films, while the Harry Potter, Jurassic Park and Pirates of the Caribbean franchises feature prominently.
8006:123145883742208::Thread-136 2020-08-09 18:59:34.21 - Ludwig paid for the palace out of his personal fortune and by means of extensive borrowing, rather than Bavarian public funds.
8003:123145883742208::Thread-136 2020-08-09 18:59:34.719 - Avatar, in second place on the nominal chart, is the highest-grossing film that is not a sequel or an adaptation of a pre-existing property.
8006:123145883742208::Thread-136 2020-08-09 18:59:35.217 - The castle was intended as a home for the King, until he died in 1886.
8006:123145883742208::Thread-136 2020-08-09 18:59:35.807 - It was open to the public shortly after his death.
8005:123145883742208::Thread-136 2020-08-09 18:59:35.813 - Emma Charlotte Duerre Watson (born 15 April 1990) is an English actress, model, and activist.
8006:123145883742208::Thread-136 2020-08-09 18:59:35.884 - Since then more than 61 million people have visited Neuschwanstein Castle.
8002:123145883742208::Thread-136 2020-08-09 18:59:35.913 - Italy (Italian: Italia [iˈtaːlja] (listen)), officially the Italian Republic (Italian: Repubblica Italiana [reˈpubblika itaˈljaːna]),  is a sovereign country consisting of a peninsula delimited by the Alps and surrounded by several islands.
8002:123145883742208::Thread-136 2020-08-09 18:59:36.288 - Italy is located in south-central Europe, and is considered part of western Europe.
8005:123145883742208::Thread-136 2020-08-09 18:59:37.092 - Born in Paris and brought up in Oxfordshire, Watson attended the Dragon School and trained as an actress at the Oxford branch of Stagecoach Theatre Arts.
8006:123145883742208::Thread-136 2020-08-09 18:59:37.172 - More than 1.3 million people visit annually, with as many as 6,000 per day in the summer.
8006:123145883742208::Thread-136 2020-08-09 18:59:37.646 - Location

The municipality of Schwangau lies at an elevation of 800 m (2,620 ft) at the southwest border of the German state of Bavaria.
8005:123145883742208::Thread-136 2020-08-09 18:59:37.716 - As a child, she rose to prominence with her first professional acting role as Hermione Granger in the Harry Potter film series, having acted only in school plays previously.
8005:123145883742208::Thread-136 2020-08-09 18:59:37.725 - Watson also appeared in the 2007 television adaptation of the novel Ballet Shoes and lent her voice to The Tale of Despereaux (2008).
8002:123145883742208::Thread-136 2020-08-09 18:59:38.029 - A unitary parliamentary republic with Rome as its capital, the country covers a total area of 301,340 km2 (116,350 sq mi) and shares land borders with France, Switzerland, Austria, Slovenia, and the enclaved microstates of Vatican City and San Marino.
8002:123145883742208::Thread-136 2020-08-09 18:59:38.442 - Italy has a territorial exclave in Switzerland (Campione) and a maritime exclave in Tunisian waters (Lampedusa).
8005:123145883742208::Thread-136 2020-08-09 18:59:38.499 - After the last Harry Potter film, she took on starring and supporting roles in My Week with Marilyn (2011), The Perks of Being a Wallflower (2012) and The Bling Ring (2013), made an appearance as an exaggerated version of herself in This Is the End (2013), and played the title character's adopted daughter in Noah (2014).
8003:123145883742208::Thread-136 2020-08-09 18:59:38.721 - **END**
8006:123145883742208::Thread-136 2020-08-09 18:59:38.919 - Its surroundings are characterised by the transition between the Alpine foothills in the south (toward the nearby Austrian border) and a hilly landscape in the north that appears flat by comparison.
8002:123145883742208::Thread-136 2020-08-09 18:59:39.789 - With around 60 million inhabitants, Italy is the third-most populous member state of the European Union.
8005:123145883742208::Thread-136 2020-08-09 18:59:39.982 - She went on to star as Belle in the musical romantic fantasy Beauty and the Beast (2017) and Meg March in the coming-of-age film Little Women (2019), the latter of which was nominated for the Academy Award for Best Picture.
8004:123145883742208::Thread-136 2020-08-09 18:59:40.214 - **START**
8002:123145883742208::Thread-136 2020-08-09 18:59:40.344 - Due to its central geographic location in Southern Europe and the Mediterranean, Italy has historically been home to myriad peoples and cultures.
8005:123145883742208::Thread-136 2020-08-09 18:59:40.461 - Her other film roles include Regression (2015), Colonia (2015), and The Circle (2017).
8006:123145883742208::Thread-136 2020-08-09 18:59:40.785 - In the Middle Ages, three castles overlooked the villages.
8004:123145883742208::Thread-136 2020-08-09 18:59:41.032 - Starting new HTTPS connection (1): en.wikipedia.org
8005:123145883742208::Thread-136 2020-08-09 18:59:41.393 - From 2011 to 2014, Watson split her time between working on films and continuing her education, graduating from Brown University with a bachelor's degree in English literature in May 2014.
8002:123145883742208::Thread-136 2020-08-09 18:59:41.48 - In addition to the various ancient peoples dispersed throughout what is now modern-day Italy, the most predominant being the Indo-European Italic peoples who gave the peninsula its name, beginning from the classical era, Phoenicians and Carthaginians founded colonies mostly in insular Italy, Greeks established settlements in the so-called Magna Graecia of Southern Italy, while Etruscans and Celts inhabited central and northern Italy respectively.
8005:123145883742208::Thread-136 2020-08-09 18:59:42.492 - Her modelling work has included campaigns for Burberry and Lancôme.
8002:123145883742208::Thread-136 2020-08-09 18:59:43.084 - An Italic tribe known as the Latins formed the Roman Kingdom in the 8th century BC, which eventually became a republic with a government of the Senate and the People.
8005:123145883742208::Thread-136 2020-08-09 18:59:44.268 - She also lent her name to a line of clothing for People Tree.
8005:123145883742208::Thread-136 2020-08-09 18:59:44.269 - **END**
8002:123145883742208::Thread-136 2020-08-09 18:59:44.631 - The Roman Republic initially conquered and assimilated its neighbours on the Italian peninsula, eventually expanding and conquering parts of Europe, North Africa and  Asia.
8002:123145883742208::Thread-136 2020-08-09 18:59:44.798 - By the first century BC, the Roman Empire emerged as the dominant power in the Mediterranean Basin and became a leading cultural, political and religious centre, inaugurating the Pax Romana, a period of more than 200 years during which Italy's law, technology, economy, art, and literature developed.
8002:123145883742208::Thread-136 2020-08-09 18:59:44.799 - **END**
8004:123145883742208::Thread-136 2020-08-09 18:59:46.002 - Novak Djokovic (Serbian: Новак Ђоковић, romanized: Novak Đoković, pronounced [nôʋaːk dʑôːkoʋitɕ] (listen); born 22 May 1987) is a Serbian professional tennis player who is currently ranked world No.
8004:123145883742208::Thread-136 2020-08-09 18:59:46.631 - 1 in men's singles tennis by the Association of Tennis Professionals (ATP).Djokovic has won 17 Grand Slam singles titles, the third-most in history for a male player, five ATP Finals titles, 34 ATP Tour Masters 1000 titles, 14 ATP Tour 500 titles, and has held the No.
8003:123145883742208::Thread-136 2020-08-09 18:59:47.726 - **START**
8003:123145883742208::Thread-136 2020-08-09 18:59:47.729 - Starting new HTTPS connection (1): en.wikipedia.org
8003:123145883742208::Thread-136 2020-08-09 18:59:48.384 - Daft Punk are a French electronic music duo formed in Paris in 1993 by Guy-Manuel de Homem-Christo and Thomas Bangalter.
8003:123145883742208::Thread-136 2020-08-09 18:59:48.698 - They achieved popularity in the late 1990s as part of the French house movement; they also had success in the years following, combining elements of house music with funk, techno, disco, rock and synthpop.
8006:123145883742208::Thread-136 2020-08-09 18:59:48.811 - **END**
8004:123145883742208::Thread-136 2020-08-09 18:59:49.378 - 1 spot in the ATP rankings for over 280 weeks.
8005:123145883742208::Thread-136 2020-08-09 18:59:50.272 - **START**
8005:123145883742208::Thread-136 2020-08-09 18:59:50.277 - Starting new HTTPS connection (1): en.wikipedia.org
8003:123145883742208::Thread-136 2020-08-09 18:59:50.381 - They have worn ornate helmets and gloves to assume robot personas in most public appearances since 1999 and rarely grant interviews or appear on television.
8005:123145883742208::Thread-136 2020-08-09 18:59:51.058 - The Erie Canal is a canal in New York, United States that is part of the east–west, cross-state route of the New York State Canal System (formerly known as the New York State Barge Canal).
8003:123145883742208::Thread-136 2020-08-09 18:59:51.221 - The duo were managed from 1996 to 2008 by Pedro Winter (also known as Busy P), the head of Ed Banger Records.
8003:123145883742208::Thread-136 2020-08-09 18:59:51.485 - After Bangalter and Homem-Christo's indie rock band Darlin' disbanded, they began experimenting with drum machines and synthesisers.
8002:123145883742208::Thread-136 2020-08-09 18:59:51.803 - **START**
8002:123145883742208::Thread-136 2020-08-09 18:59:51.81 - Starting new HTTPS connection (1): en.wikipedia.org
8003:123145883742208::Thread-136 2020-08-09 18:59:51.845 - Their debut studio album Homework was released by Virgin Records in 1997 to positive reviews, backed by singles "Around the World" and "Da Funk".
8005:123145883742208::Thread-136 2020-08-09 18:59:51.877 - Originally, it ran 363 miles (584 km) from the Hudson River in Albany to Lake Erie in Buffalo.
8004:123145883742208::Thread-136 2020-08-09 18:59:52.171 - In majors, he has won a record eight Australian Open titles, five Wimbledon titles, three US Open titles, and one French Open title.
8005:123145883742208::Thread-136 2020-08-09 18:59:52.645 - It was built to create a navigable water route from New York City and the Atlantic Ocean to the Great Lakes.
8002:123145883742208::Thread-136 2020-08-09 18:59:52.874 - Neuschwanstein Castle (German: Schloss Neuschwanstein, pronounced [ˈʃlɔs nɔʏˈʃvaːnʃtaɪn], Southern Bavarian: Schloss Neischwanstoa) is a 19th-century Romanesque Revival palace on a rugged hill above the village of Hohenschwangau near Füssen in southwest Bavaria, Germany.
8003:123145883742208::Thread-136 2020-08-09 18:59:52.874 - Their second album, Discovery, had further success, supported by hit singles "One More Time", "Digital Love" and "Harder, Better, Faster, Stronger".
8005:123145883742208::Thread-136 2020-08-09 18:59:53.128 - When completed in 1825, it was the second longest canal in the world (after the Grand Canal in China) and greatly enhanced the development and economy of New York, New York City, and the United States.The canal was first proposed in the 1780s, then re-proposed in 1807.
8005:123145883742208::Thread-136 2020-08-09 18:59:53.228 - A survey was authorized, funded, and executed in 1808.
8005:123145883742208::Thread-136 2020-08-09 18:59:53.237 - Proponents of the project gradually wore down opponents; its construction began in 1817.
8002:123145883742208::Thread-136 2020-08-09 18:59:53.37 - The palace was commissioned by King Ludwig II of Bavaria as a retreat and in honour of Richard Wagner.
8002:123145883742208::Thread-136 2020-08-09 18:59:53.769 - Ludwig paid for the palace out of his personal fortune and by means of extensive borrowing, rather than Bavarian public funds.
8005:123145883742208::Thread-136 2020-08-09 18:59:53.877 - The canal has 34 numbered locks starting with Black Rock Lock and ending downstream with the Troy Federal Lock.
8002:123145883742208::Thread-136 2020-08-09 18:59:54.348 - The castle was intended as a home for the King, until he died in 1886.
8003:123145883742208::Thread-136 2020-08-09 18:59:54.427 - In March 2005, Daft Punk released their third album, Human After All, to mixed reviews, though the singles "Robot Rock" and "Technologic" achieved success in the United Kingdom.
8004:123145883742208::Thread-136 2020-08-09 18:59:54.549 - By winning the 2016 French Open, he became the eighth player in history to achieve the Career Grand Slam and the third man to hold all four major titles at once, the first since Rod Laver in 1969 and the first ever to do so on three different surfaces.
8005:123145883742208::Thread-136 2020-08-09 18:59:54.698 - Both are owned by the federal government.
8002:123145883742208::Thread-136 2020-08-09 18:59:54.782 - It was open to the public shortly after his death.
8002:123145883742208::Thread-136 2020-08-09 18:59:55.148 - Since then more than 61 million people have visited Neuschwanstein Castle.
8005:123145883742208::Thread-136 2020-08-09 18:59:55.51 - It has an elevation difference of about 565 feet (172 m).
8005:123145883742208::Thread-136 2020-08-09 18:59:55.824 - It opened on October 26, 1825.In a time when bulk goods were limited to pack animals (a 250-pound (113 kg) maximum), and there were no railways, water was the most cost-effective way to ship bulk goods.
8003:123145883742208::Thread-136 2020-08-09 18:59:55.885 - Daft Punk toured throughout 2006 and 2007 and released the live album Alive 2007, which won a Grammy Award for Best Electronic/Dance Album.
8002:123145883742208::Thread-136 2020-08-09 18:59:55.89 - More than 1.3 million people visit annually, with as many as 6,000 per day in the summer.
8002:123145883742208::Thread-136 2020-08-09 18:59:56.436 - Location

The municipality of Schwangau lies at an elevation of 800 m (2,620 ft) at the southwest border of the German state of Bavaria.
8003:123145883742208::Thread-136 2020-08-09 18:59:56.605 - They composed the score for the film Tron: Legacy, which was released in 2010 alongside its soundtrack album.
8002:123145883742208::Thread-136 2020-08-09 18:59:56.798 - Its surroundings are characterised by the transition between the Alpine foothills in the south (toward the nearby Austrian border) and a hilly landscape in the north that appears flat by comparison.
8004:123145883742208::Thread-136 2020-08-09 18:59:57.301 - He is the only male player to have won all nine of the Masters 1000 tournaments.
8002:123145883742208::Thread-136 2020-08-09 18:59:57.723 - In the Middle Ages, three castles overlooked the villages.
8006:123145883742208::Thread-136 2020-08-09 18:59:57.816 - **START**
8006:123145883742208::Thread-136 2020-08-09 18:59:57.823 - Starting new HTTPS connection (1): en.wikipedia.org
8004:123145883742208::Thread-136 2020-08-09 18:59:59.611 - Djokovic was also a member of Serbia's winning Davis Cup team in 2010 and in the 2020 ATP Cup.
8002:123145883742208::Thread-136 2020-08-09 18:59:59.724 - **END**
8004:123145883742208::Thread-136 2020-08-09 19:00:01.648 - Djokovic is the first Serbian player to be ranked No.
8005:123145883742208::Thread-136 2020-08-09 19:00:01.825 - **END**
8004:123145883742208::Thread-136 2020-08-09 19:00:02.778 - 1 by the ATP and the first male player representing Serbia to win a Grand Slam singles title.
8003:123145883742208::Thread-136 2020-08-09 19:00:03.608 - **END**
8004:123145883742208::Thread-136 2020-08-09 19:00:04.337 - He is a six-time ITF World Champion and a five-time ATP year-end No.
8006:123145883742208::Thread-136 2020-08-09 19:00:04.832 - **START**
8006:123145883742208::Thread-136 2020-08-09 19:00:04.835 - Starting new HTTPS connection (1): en.wikipedia.org
8006:123145883742208::Thread-136 2020-08-09 19:00:06.043 - Sparta (Doric Greek: Σπάρτα, Spártā; Attic Greek: Σπάρτη, Spártē) was a prominent city-state in ancient Greece.
8002:123145883742208::Thread-136 2020-08-09 19:00:06.728 - **START**
8002:123145883742208::Thread-136 2020-08-09 19:00:06.734 - Starting new HTTPS connection (1): en.wikipedia.org
8006:123145883742208::Thread-136 2020-08-09 19:00:07.637 - In antiquity, the city-state was known as Lacedaemon (Λακεδαίμων, Lakedaímōn), while the name Sparta referred to its main settlement on the banks of the Eurotas River in Laconia, in south-eastern Peloponnese.
8002:123145883742208::Thread-136 2020-08-09 19:00:07.975 - Films generate income from several revenue streams, including theatrical exhibition, home video, television broadcast rights, and merchandising.
8002:123145883742208::Thread-136 2020-08-09 19:00:08.144 - However, theatrical box office earnings are the primary metric for trade publications in assessing the success of a film, mostly because of the availability of the data compared to sales figures for home video and broadcast rights, but also because of historical practice.
8002:123145883742208::Thread-136 2020-08-09 19:00:08.206 - Included on the list are charts of the top box office earners (ranked by both the nominal and real value of their revenue), a chart of high-grossing films by calendar year, a timeline showing the transition of the highest-grossing film record, and a chart of the highest-grossing film franchises and series.
8002:123145883742208::Thread-136 2020-08-09 19:00:08.411 - All charts are ranked by international theatrical box office performance where possible, excluding income derived from home video, broadcasting rights, and merchandise.
8006:123145883742208::Thread-136 2020-08-09 19:00:08.448 - Around 650 BCE, it rose to become the dominant military land-power in ancient Greece.
8006:123145883742208::Thread-136 2020-08-09 19:00:08.516 - Given its military pre-eminence, Sparta was recognized as the leading force of the unified Greek military during the Greco-Persian Wars, in rivalry with the rising naval power of Athens.
8002:123145883742208::Thread-136 2020-08-09 19:00:08.616 - Traditionally, war films, musicals, and historical dramas have been the most popular genres, but franchise films have been among the best performers in the 21st century.
8002:123145883742208::Thread-136 2020-08-09 19:00:09.182 - There is strong interest in the superhero genre, with nine films in the Marvel Cinematic Universe featuring among the nominal top-earners.
8006:123145883742208::Thread-136 2020-08-09 19:00:09.198 - Sparta was the principal enemy of Athens during the Peloponnesian War (between 431 and 404 BCE), from which it emerged victorious.
8002:123145883742208::Thread-136 2020-08-09 19:00:10.082 - The most successful superhero film, Avengers: Endgame, is also the highest-grossing film overall on the nominal earnings chart, and there are four films in total based on the Avengers comic books charting in the top twenty.
8006:123145883742208::Thread-136 2020-08-09 19:00:10.1 - The decisive Battle of Leuctra in 371 BCE ended the Spartan hegemony, although the city-state maintained its political independence until the Roman conquest of Greece in 146 BCE.
8006:123145883742208::Thread-136 2020-08-09 19:00:10.101 - After the division of the Roman Empire, Sparta underwent a long period of decline, especially in the Middle Ages, when many of its citizens moved to Mystras.
8004:123145883742208::Thread-136 2020-08-09 19:00:10.34 - **END**
8002:123145883742208::Thread-136 2020-08-09 19:00:10.932 - Other Marvel Comics adaptations have also had success with the Spider-Man and X-Men properties, while films based on Batman and Superman from DC Comics have generally performed well.
8002:123145883742208::Thread-136 2020-08-09 19:00:11.171 - Star Wars is also represented in the nominal earnings chart with five films, while the Harry Potter, Jurassic Park and Pirates of the Caribbean franchises feature prominently.
8006:123145883742208::Thread-136 2020-08-09 19:00:11.399 - Modern Sparta is the capital of the southern Greek region of Laconia and a center for processing citrus and olives.
8006:123145883742208::Thread-136 2020-08-09 19:00:11.799 - Sparta was unique in ancient Greece for its social system and constitution, which were supposedly introduced by the semi-mythical legislator Lycurgus.
8006:123145883742208::Thread-136 2020-08-09 19:00:11.82 - His laws configured the Spartan society to maximize military proficiency at all costs, focusing all social institutions on military training and physical development.
8002:123145883742208::Thread-136 2020-08-09 19:00:12.085 - Avatar, in second place on the nominal chart, is the highest-grossing film that is not a sequel or an adaptation of a pre-existing property.
8002:123145883742208::Thread-136 2020-08-09 19:00:13.088 - **END**
8006:123145883742208::Thread-136 2020-08-09 19:00:13.819 - The inhabitants of Sparta were stratified as Spartiates (Spartan citizens with full rights), mothakes (non-Spartan free men raised as Spartans), perioikoi (free residents engaged in commerce), and helots (state-owned serfs, enslaved non-Spartan locals).
8006:123145883742208::Thread-136 2020-08-09 19:00:18.824 - **END**