8004:123145770164224::Thread-109 2020-08-09 18:59:28.216 - **START**
8004:123145770164224::Thread-109 2020-08-09 18:59:28.387 - Starting new HTTPS connection (1): en.wikipedia.org
8003:123145770164224::Thread-109 2020-08-09 18:59:29.264 - **START**
8006:123145770164224::Thread-109 2020-08-09 18:59:29.264 - **START**
8003:123145770164224::Thread-109 2020-08-09 18:59:29.344 - Starting new HTTPS connection (1): en.wikipedia.org
8006:123145770164224::Thread-109 2020-08-09 18:59:29.54 - Starting new HTTPS connection (1): en.wikipedia.org
8002:123145770164224::Thread-109 2020-08-09 18:59:30.494 - **START**
8004:123145770164224::Thread-109 2020-08-09 18:59:30.691 - Moʻai  (listen), or moai (Spanish: moái, Rapa Nui: moʻai, meaning "statue" in Rapa Nui), are monolithic human figures carved by the Rapa Nui people on Easter Island in eastern Polynesia between the years 1250 and 1500.
8003:123145770164224::Thread-109 2020-08-09 18:59:30.964 - Grace Avery VanderWaal (born January 15, 2004) is an American singer-songwriter.
8004:123145770164224::Thread-109 2020-08-09 18:59:31.123 - Nearly half are still at Rano Raraku, the main moʻai quarry, but hundreds were transported from there and set on stone platforms called ahu around the island's perimeter.
8004:123145770164224::Thread-109 2020-08-09 18:59:31.188 - Almost all moʻai have overly large heads three-eighths the size of the whole statue.
8006:123145770164224::Thread-109 2020-08-09 18:59:31.265 - Gaetano John "Gaten" Matarazzo III (; Italian: [ɡaeˈtaːno mataˈrattso]; born September 8, 2002) is an American actor.
8003:123145770164224::Thread-109 2020-08-09 18:59:31.526 - She earned wide notice at an early age and is known for her distinctive vocals, often accompanying herself on the ukulele.
8004:123145770164224::Thread-109 2020-08-09 18:59:31.642 - The moʻai are chiefly the living faces (aringa ora) of deified ancestors (aringa ora ata tepuna).
8003:123145770164224::Thread-109 2020-08-09 18:59:31.756 - VanderWaal began her musical career by posting videos of her original songs and covers on YouTube and performing at open mic nights near her hometown of Suffern, New York.
8002:123145770164224::Thread-109 2020-08-09 18:59:31.775 - Starting new HTTPS connection (1): en.wikipedia.org
8003:123145770164224::Thread-109 2020-08-09 18:59:31.776 - In September 2016, at age 12, she won the eleventh season of the NBC TV competition show America's Got Talent (AGT), singing her original songs.
8006:123145770164224::Thread-109 2020-08-09 18:59:32.111 - He began his career on the Broadway stage as Benjamin in Priscilla, Queen of the Desert and as Gavroche in Les Misérables.
8006:123145770164224::Thread-109 2020-08-09 18:59:32.162 - He stars as Dustin Henderson in the Netflix science-fiction-horror drama series Stranger Things, and hosts the short lived Netflix show Prank Encounters.
8003:123145770164224::Thread-109 2020-08-09 18:59:32.236 - In December 2016, she released her first EP, Perfectly Imperfect, on the Columbia Records label.
8003:123145770164224::Thread-109 2020-08-09 18:59:32.682 - In November 2017, she released a full-length album, Just the Beginning.
8006:123145770164224::Thread-109 2020-08-09 18:59:33.005 - Early life
Matarazzo was born in Connecticut, to Gaetano and Heather Matarazzo, but raised in Little Egg Harbor Township, New Jersey, and he attended Pinelands Regional High School in Tuckerton, New Jersey.
8003:123145770164224::Thread-109 2020-08-09 18:59:33.218 - She released a second EP, Letters Vol 1, in November 2019.
8004:123145770164224::Thread-109 2020-08-09 18:59:33.613 - The statues still gazed inland across their clan lands when Europeans first visited the island in 1722, but all of them had fallen by the latter part of the 19th century.The production and transportation of the more than 900 statues is considered a remarkable creative and physical feat.
8003:123145770164224::Thread-109 2020-08-09 18:59:33.625 - She has performed at the Planet Hollywood Resort & Casino in Las Vegas, Madison Square Garden, the opening and closing of the 2017 Special Olympics World Winter Games in Austria, various benefit concerts, the Austin City Limits Music Festival and on various television talk shows.
8006:123145770164224::Thread-109 2020-08-09 18:59:33.786 - He has two siblings, an older sister Sabrina and a younger brother Carmen.
8003:123145770164224::Thread-109 2020-08-09 18:59:34.405 - VanderWaal conducted her first concert tour in 2017 in support of Just the Beginning.
8006:123145770164224::Thread-109 2020-08-09 18:59:34.408 - As a child, Gaten was heavily involved in performing arts, specifically singing.
8004:123145770164224::Thread-109 2020-08-09 18:59:34.569 - The tallest moʻai erected, called Paro, was almost 10 metres (33 ft) high and weighed 82 tonnes (90.4 short tons).
8006:123145770164224::Thread-109 2020-08-09 18:59:34.979 - He pursued vocal training at Starlight Performing Arts Center in New Jersey.
8002:123145770164224::Thread-109 2020-08-09 18:59:35.073 - Venice (; Italian: Venezia [veˈnɛttsja] (listen); Venetian: Venesia or Venexia [veˈnɛsja]) is a city in northeastern Italy and the capital of the Veneto region.
8005:123145770164224::Thread-109 2020-08-09 18:59:35.229 - **START**
8004:123145770164224::Thread-109 2020-08-09 18:59:35.355 - The heaviest moʻai erected was a shorter but squatter moʻai at Ahu Tongariki, weighing 86 tonnes.
8003:123145770164224::Thread-109 2020-08-09 18:59:35.382 - She next toured in mid-2018 with Imagine Dragons in their Evolve World Tour, and in 2019, after opening in a tour for Florence and the Machine, she headlined her own "Ur So Beautiful" tour.
8002:123145770164224::Thread-109 2020-08-09 18:59:35.43 - It is situated on a group of 118 small islands that are separated by canals and linked by over 400 bridges.
8006:123145770164224::Thread-109 2020-08-09 18:59:35.565 - In 2011, he competed and won third place with his vocal solo entitled “Ben” at Starpower Talent Competition Nationals in Uncasville, Connecticut.
8002:123145770164224::Thread-109 2020-08-09 18:59:36.235 - The islands are located in the shallow Venetian Lagoon, an enclosed bay that lies between the mouths of the Po and the Piave rivers (more exactly between the Brenta and the Sile).
8006:123145770164224::Thread-109 2020-08-09 18:59:36.24 - Personal life
Matarazzo is of Italian descent.Matarazzo was born with cleidocranial dysostosis (CCD), which he has spoken openly about, even documenting one of his surgeries, during which 14 supernumary teeth were removed, on Instagram.
8006:123145770164224::Thread-109 2020-08-09 18:59:36.471 - After he was cast in Stranger Things as Dustin Henderson, the character's background was modified to have the condition as well.
8002:123145770164224::Thread-109 2020-08-09 18:59:36.756 - In 2018, 260,897 people resided in the Comune di Venezia, of whom around 55,000 live in the historical city of Venice (centro storico).
8002:123145770164224::Thread-109 2020-08-09 18:59:37.312 - Together with Padua and Treviso, the city is included in the Padua-Treviso-Venice Metropolitan Area (PATREVE), which is considered a statistical metropolitan area, with a total population of 2.6 million.The name is derived from the ancient Veneti people who inhabited the region by the 10th century BC.
8004:123145770164224::Thread-109 2020-08-09 18:59:37.334 - One unfinished sculpture, if completed, would have been approximately 21 m (69 ft) tall, with a weight of about 145–165 tons (160–182 metric tons).
8002:123145770164224::Thread-109 2020-08-09 18:59:37.503 - The city was historically the capital of the Republic of Venice for a millennium and more, from 697 to 1797.
8005:123145770164224::Thread-109 2020-08-09 18:59:38.071 - Starting new HTTPS connection (1): en.wikipedia.org
8002:123145770164224::Thread-109 2020-08-09 18:59:38.462 - It was a major financial and maritime power during the Middle Ages and Renaissance, and a staging area for the Crusades and the Battle of Lepanto, as well as an important center of commerce—especially silk, grain, and spice, and of art from the 13th century to the end of the 17th.
8004:123145770164224::Thread-109 2020-08-09 18:59:39.086 - The moʻai were toppled in the late 18th and early 19th centuries, possibly as a result of European contact or internecine tribal wars.
8004:123145770164224::Thread-109 2020-08-09 18:59:39.1 - Description

The moʻai are monolithic statues, their minimalist style related to forms found throughout Polynesia.
8002:123145770164224::Thread-109 2020-08-09 18:59:39.52 - The city-state of Venice is considered to have been the first real international financial center, emerging in the 9th century and reaching its greatest prominence in the 14th century.
8002:123145770164224::Thread-109 2020-08-09 18:59:39.909 - This made Venice a wealthy city throughout most of its history.
8002:123145770164224::Thread-109 2020-08-09 18:59:40.698 - After the Napoleonic Wars and the Congress of Vienna, the Republic was annexed by the Austrian Empire, until it became part of the Kingdom of Italy in 1866, following a referendum held as a result of the Third Italian War of Independence.
8002:123145770164224::Thread-109 2020-08-09 18:59:41.262 - Venice has been known as "La Dominante", "La Serenissima", "Queen of the Adriatic", "City of Water", "City of Masks", "City of Bridges", "The Floating City", and "City of Canals".
8003:123145770164224::Thread-109 2020-08-09 18:59:42.452 - **END**
8006:123145770164224::Thread-109 2020-08-09 18:59:42.476 - **END**
8005:123145770164224::Thread-109 2020-08-09 18:59:43.632 - The Great Wall of China (Chinese: 萬里長城; pinyin: Wànlǐ Chángchéng) is the collective name of a series of fortification systems generally built across the historical northern borders of China to protect and consolidate territories of Chinese states and empires against various nomadic groups of the steppe and their polities.
8004:123145770164224::Thread-109 2020-08-09 18:59:44.103 - **END**
8005:123145770164224::Thread-109 2020-08-09 18:59:44.255 - Several walls were being built from as early as the 7th century BC by ancient Chinese states; selective stretches were later joined together by Qin Shi Huang (220–206 BC), the first emperor of China.
8005:123145770164224::Thread-109 2020-08-09 18:59:44.932 - Little of the Qin wall remains.
8005:123145770164224::Thread-109 2020-08-09 18:59:45.531 - Later on, many successive dynasties have built and maintained multiple stretches of border walls.
8005:123145770164224::Thread-109 2020-08-09 18:59:45.907 - The most well-known sections of the wall were built by the Ming dynasty (1368–1644).
8005:123145770164224::Thread-109 2020-08-09 18:59:46.25 - Apart from defense, other purposes of the Great Wall have included border controls, allowing the imposition of duties on goods transported along the Silk Road, regulation or encouragement of trade and the control of immigration and emigration.
8005:123145770164224::Thread-109 2020-08-09 18:59:47.05 - Furthermore, the defensive characteristics of the Great Wall were enhanced by the construction of watch towers, troop barracks, garrison stations, signaling capabilities through the means of smoke or fire, and the fact that the path of the Great Wall also served as a transportation corridor.
8002:123145770164224::Thread-109 2020-08-09 18:59:47.264 - **END**
8005:123145770164224::Thread-109 2020-08-09 18:59:47.445 - The frontier walls built by different dynasties have multiple courses.
8005:123145770164224::Thread-109 2020-08-09 18:59:48.169 - Collectively, they stretch from Liaodong in the east to Lop Lake in the west, from the present-day Sino–Russian border in the north to Taohe River in the south; along an arc that roughly delineates the edge of Mongolian steppe.
8005:123145770164224::Thread-109 2020-08-09 18:59:48.744 - A comprehensive archaeological survey, using advanced technologies, has concluded that the walls built by the Ming dynasty measure 8,850 km (5,500 mi).
8006:123145770164224::Thread-109 2020-08-09 18:59:50.506 - **START**
8006:123145770164224::Thread-109 2020-08-09 18:59:50.511 - Starting new HTTPS connection (1): en.wikipedia.org
8002:123145770164224::Thread-109 2020-08-09 18:59:52.357 - **START**
8002:123145770164224::Thread-109 2020-08-09 18:59:52.4 - Starting new HTTPS connection (1): en.wikipedia.org
8005:123145770164224::Thread-109 2020-08-09 18:59:52.748 - **END**
8006:123145770164224::Thread-109 2020-08-09 18:59:52.924 - Dwayne Douglas Johnson (born May 2, 1972), also known by his ring name The Rock, is an American-Canadian actor, producer, businessman, retired professional wrestler, and former American football player.
8002:123145770164224::Thread-109 2020-08-09 18:59:53.349 - Robin McLaurin Williams (July 21, 1951 – August 11, 2014) was an American actor and comedian.
8003:123145770164224::Thread-109 2020-08-09 18:59:53.461 - **START**
8003:123145770164224::Thread-109 2020-08-09 18:59:53.465 - Starting new HTTPS connection (1): en.wikipedia.org
8006:123145770164224::Thread-109 2020-08-09 18:59:54.339 - He wrestled for the World Wrestling Federation (WWF, now WWE) for eight years prior to pursuing an acting career.
8002:123145770164224::Thread-109 2020-08-09 18:59:54.823 - He is often regarded by critics as one of the best comedians of all time.
8006:123145770164224::Thread-109 2020-08-09 18:59:55.694 - His films have grossed over $3.5 billion in North America and over $10.5 billion worldwide, making him one of the highest-grossing actors of all time.Johnson was a college football player for the University of Miami, with whom he won a national championship in 1991.
8005:123145770164224::Thread-109 2020-08-09 18:59:55.75 - **START**
8005:123145770164224::Thread-109 2020-08-09 18:59:55.762 - Starting new HTTPS connection (1): en.wikipedia.org
8003:123145770164224::Thread-109 2020-08-09 18:59:55.959 - AMGTV is an American family-oriented television network featuring television programming consisting of drama, sports, movies, entertainment, how-to, hunting and fishing, children's shows, and other features, much of it repackaged from off-network and first-run syndication.
8002:123145770164224::Thread-109 2020-08-09 18:59:55.97 - He was known for his improvisation skills, and the wide variety of memorable voices he created.
8004:123145770164224::Thread-109 2020-08-09 18:59:56.108 - **START**
8004:123145770164224::Thread-109 2020-08-09 18:59:56.112 - Starting new HTTPS connection (1): en.wikipedia.org
8006:123145770164224::Thread-109 2020-08-09 18:59:56.616 - He initially aspired for a professional career in football and entered the 1995 NFL Draft, but went undrafted.
8002:123145770164224::Thread-109 2020-08-09 18:59:56.876 - He began performing stand-up comedy in San Francisco and Los Angeles during the mid-1970s, and rose to fame for playing the alien Mork in the sitcom Mork & Mindy (1978–1982).After his first starring film role in Popeye (1980), Williams starred in several critically and commercially successful films including The World According to Garp (1982), Moscow on the Hudson (1984), Good Morning, Vietnam (1987), Dead Poets Society (1989), Awakenings (1990), The Fisher King (1991), Patch Adams (1998), One Hour Photo (2002), and World's Greatest Dad (2009).
8002:123145770164224::Thread-109 2020-08-09 18:59:57.213 - He also starred in box office hits such as Hook (1991), Aladdin (1992), Mrs. Doubtfire (1993), Jumanji (1995), The Birdcage (1996), Good Will Hunting (1997), and the Night at the Museum trilogy (2006–2014).
8006:123145770164224::Thread-109 2020-08-09 18:59:57.371 - As a result, he signed with the Calgary Stampeders of the Canadian Football League (CFL), but was cut from the team in the middle of his first season.
8003:123145770164224::Thread-109 2020-08-09 18:59:57.601 - The network is owned by the American company Access Media Group.
8005:123145770164224::Thread-109 2020-08-09 18:59:57.66 - The Colosseum or Coliseum ( KOL-ə-SEE-əm), also known as the Flavian Amphitheatre (Latin: Amphitheatrum Flavium; Italian: Anfiteatro Flavio [aɱfiteˈaːtro ˈflaːvjo] or Colosseo [kolosˈsɛːo]), is an oval amphitheatre in the centre of the city of Rome, Italy.
8004:123145770164224::Thread-109 2020-08-09 18:59:57.682 - Mckenna Grace (born June 25, 2006) is an American teen actress.
8006:123145770164224::Thread-109 2020-08-09 18:59:57.732 - Shortly after, he began training as a professional wrestler.In 1996, Johnson secured a contract with the WWF and was promoted as the first third-generation wrestler in the company's history, as he is the son of Rocky Johnson and grandson of Peter Maivia.
8004:123145770164224::Thread-109 2020-08-09 18:59:58.009 - She began acting professionally at the age of 6, her earliest roles including Jasmine Bernstein in the Disney XD sitcom Crash & Bernstein (2012–2014) and Faith Newman in the soap opera The Young and the Restless (2013–2015).Grace is known for her role as Penny Kirkman in the ABC/Netflix show Designated Survivor.
8002:123145770164224::Thread-109 2020-08-09 18:59:58.538 - He was nominated for four Academy Awards, winning Best Supporting Actor for Good Will Hunting.
8003:123145770164224::Thread-109 2020-08-09 18:59:58.939 - AMGTV provides programming to television stations in the United States.
8004:123145770164224::Thread-109 2020-08-09 18:59:58.941 - She is also known for portraying Rose Harbenberger in the Netflix comedy series Fuller House (2016–2020), Mary Adler in the Marc Webb drama film Gifted (2017) and young Theodora Crain in the Netflix supernatural horror series The Haunting of Hill House (2018).
8002:123145770164224::Thread-109 2020-08-09 18:59:59.148 - He also received two Primetime Emmy Awards, six Golden Globe Awards, two Screen Actors Guild Awards, and five Grammy Awards.
8006:123145770164224::Thread-109 2020-08-09 18:59:59.523 - He rose to prominence after developing a charismatic persona of a boastful, trash-talking wrestler named The Rock.
8005:123145770164224::Thread-109 2020-08-09 18:59:59.573 - Built of travertine limestone, tuff (volcanic rock), and brick-faced concrete, it was the largest amphitheatre ever built at the time and held 50,000 to 80,000 spectators.
8005:123145770164224::Thread-109 2020-08-09 19:00:00.056 - The Colosseum is situated just east of the Roman Forum.
8002:123145770164224::Thread-109 2020-08-09 19:00:00.192 - In August 2014, at age 63, Williams committed suicide by hanging at his home in Paradise Cay, California.
8003:123145770164224::Thread-109 2020-08-09 19:00:00.383 - AMGTV also syndicates several movie packages and music specials to stations outside their affiliate base.
8005:123145770164224::Thread-109 2020-08-09 19:00:00.449 - Construction began under the emperor Vespasian in AD 72 and was completed in AD 80 under his successor and heir, Titus.
8003:123145770164224::Thread-109 2020-08-09 19:00:00.57 - The president of AMGTV is Terry Elaqua.
8004:123145770164224::Thread-109 2020-08-09 19:00:00.89 - She starred as Christmas Flint in the movie Troop Zero.
8004:123145770164224::Thread-109 2020-08-09 19:00:00.972 - Life and work
Grace was born in Grapevine, Texas.
8005:123145770164224::Thread-109 2020-08-09 19:00:01.056 - Further modifications were made during the reign of Domitian (81–96).
8002:123145770164224::Thread-109 2020-08-09 19:00:01.405 - His widow, Susan Schneider Williams—as well as medical experts and the autopsy—attributed his suicide to his struggle with Lewy body disease.
8006:123145770164224::Thread-109 2020-08-09 19:00:01.462 - He subsequently won his first WWF Championship in 1998 and helped usher the WWF into the "Attitude Era", a boom period in the company's business in the late 1990s and early 2000s which still holds professional wrestling records for television ratings.
8005:123145770164224::Thread-109 2020-08-09 19:00:01.695 - These three emperors are known as the Flavian dynasty, and the amphitheatre was named in Latin for its association with their family name (Flavius).
8004:123145770164224::Thread-109 2020-08-09 19:00:02.182 - One of her great-grandmothers was Mexican.
8003:123145770164224::Thread-109 2020-08-09 19:00:02.2 - Programming


Scripted programming
Leverage
Sanctuary


Entertainment
Animal Rescue
Celebrity Page
Forensic Files
Judge Faith
The Balancing Act
The Hollywood News Report
Pawn Stars
Impractical Jokers
Cheaters
TAKE A LOOK


Former


Sports
On October 10, 2010 the American Indoor Football Association (AIFA) announced that AMGTV has agreed to air games from the upcoming 2011 AIFA West season.
8006:123145770164224::Thread-109 2020-08-09 19:00:02.85 - In 2004, he left the WWE to pursue an acting career.
8003:123145770164224::Thread-109 2020-08-09 19:00:03.299 - They had previously carried the 2010 season, prior to when the league split.
8005:123145770164224::Thread-109 2020-08-09 19:00:03.434 - The Colosseum could hold an estimated 50,000 to 80,000 spectators at various points of its history over the centuries, having an average audience of some 65,000; it was used for gladiatorial contests and public spectacles such as mock sea battles (for only a short time as the hypogeum was soon filled in with mechanisms to support the other activities), animal hunts, executions, re-enactments of famous battles, and dramas based on Roman mythology.
8004:123145770164224::Thread-109 2020-08-09 19:00:03.858 - She is a vegetarian and has directed her affection for animals towards work with Farm Sanctuary and PETA, including appearing in a campaign asking people not to leave their dogs in hot cars.In 2013, Grace made her acting debut, playing Sydney in the television pilot Joe, Joe & Jane.
8005:123145770164224::Thread-109 2020-08-09 19:00:03.893 - The building ceased to be used for entertainment in the early medieval era.
8005:123145770164224::Thread-109 2020-08-09 19:00:04.14 - It was later reused for such purposes as housing, workshops, quarters for a religious order, a fortress, a quarry, and a Christian shrine.Although substantially ruined because of earthquakes and stone-robbers, the Colosseum is still an iconic symbol of Imperial Rome and is listed as one of the New7Wonders of the World.
8006:123145770164224::Thread-109 2020-08-09 19:00:04.483 - He returned in 2011 as a part-time performer until 2013, and made sporadic appearances from then until fully retiring in 2019.Considered one of the greatest professional wrestlers and biggest wrestling draws of all time, Johnson headlined the most-bought professional wrestling pay-per-view event ever (WrestleMania XXVIII) and was featured among the most watched episodes of WWE's two flagship television shows (Raw and SmackDown).
8006:123145770164224::Thread-109 2020-08-09 19:00:04.484 - **END**
8005:123145770164224::Thread-109 2020-08-09 19:00:04.632 - It is one of Rome's most popular tourist attractions and also has links to the Roman Catholic Church, as each Good Friday the Pope leads a torchlit "Way of the Cross" procession that starts in the area around the Colosseum.The Colosseum is also depicted on the Italian version of the five-cent euro coin.
8005:123145770164224::Thread-109 2020-08-09 19:00:04.633 - **END**
8003:123145770164224::Thread-109 2020-08-09 19:00:05.041 - The AIFA West ceased operations January 2011; neither the league nor the network have indicated whether the deal is valid for the 2012 revival of the league.
8004:123145770164224::Thread-109 2020-08-09 19:00:05.638 - Later she recurred on the Disney XD series Crash & Bernstein.
8003:123145770164224::Thread-109 2020-08-09 19:00:05.91 - AIFA's successor, American Indoor Football, folded in 2017.
8004:123145770164224::Thread-109 2020-08-09 19:00:06.675 - She had a recurring role, as Faith Newman, on The Young and the Restless between 2013 and 2015.
8004:123145770164224::Thread-109 2020-08-09 19:00:06.933 - In 2015, she had a recurring role on the CBS series CSI: Cyber.
8002:123145770164224::Thread-109 2020-08-09 19:00:09.41 - **END**
8003:123145770164224::Thread-109 2020-08-09 19:00:09.915 - **END**
8004:123145770164224::Thread-109 2020-08-09 19:00:13.934 - **END**