8006:123146199236608::Thread-211 2020-08-09 18:59:30.271 - **START**
8006:123146199236608::Thread-211 2020-08-09 18:59:30.834 - Starting new HTTPS connection (1): en.wikipedia.org
8003:123146199236608::Thread-211 2020-08-09 18:59:31.314 - **START**
8003:123146199236608::Thread-211 2020-08-09 18:59:32.722 - Starting new HTTPS connection (1): en.wikipedia.org
8006:123146199236608::Thread-211 2020-08-09 18:59:33.852 - Noah Schnapp (born October 3, 2004) is a Canadian-American actor.
8006:123146199236608::Thread-211 2020-08-09 18:59:35.382 - He played Will Byers in the Netflix science fiction horror web television series Stranger Things, for which he won a Screen Actors Guild Award for Outstanding Performance by an Ensemble in a Drama Series.
8003:123146199236608::Thread-211 2020-08-09 18:59:35.858 - Prince Rogers Nelson (June 7, 1958 – April 21, 2016) was an American singer-songwriter, musician, record producer, dancer, actor, and filmmaker.
8003:123146199236608::Thread-211 2020-08-09 18:59:36.852 - He is widely regarded as one of the greatest musicians of his generation.
8004:123146199236608::Thread-211 2020-08-09 18:59:37.253 - **START**
8003:123146199236608::Thread-211 2020-08-09 18:59:37.719 - A multi-instrumentalist who was considered a guitar virtuoso, he was well known for his eclectic work across multiple genres, flamboyant and androgynous persona, and wide vocal range which included a far-reaching falsetto and high-pitched screams.
8004:123146199236608::Thread-211 2020-08-09 18:59:37.832 - Starting new HTTPS connection (1): en.wikipedia.org
8003:123146199236608::Thread-211 2020-08-09 18:59:37.973 - Prince's innovative music integrated a wide variety of styles, including funk, R&B, rock, new wave, soul, synth-pop, psychedelia, pop, industrial, and hip hop.
8005:123146199236608::Thread-211 2020-08-09 18:59:38.254 - **START**
8002:123146199236608::Thread-211 2020-08-09 18:59:38.366 - **START**
8006:123146199236608::Thread-211 2020-08-09 18:59:38.373 - His film roles include Roger Donovan in Steven Spielberg's historical drama Bridge of Spies (2015) and the voice of Charlie Brown in the animated The Peanuts Movie (2015).
8006:123146199236608::Thread-211 2020-08-09 18:59:38.658 - Early life
Schnapp was born in Scarsdale, New York to Mitchell and Karine Schnapp (née Peretz).
8003:123146199236608::Thread-211 2020-08-09 18:59:38.955 - He pioneered the Minneapolis sound, a funk rock subgenre that emerged in the late 1970s.
8002:123146199236608::Thread-211 2020-08-09 18:59:39.018 - Starting new HTTPS connection (1): en.wikipedia.org
8003:123146199236608::Thread-211 2020-08-09 18:59:39.272 - He was also known for his prolific output, releasing 39 albums during his life, with a vast array of unreleased projects left in a vault at his home after his death; it is believed that the vault contains dozens of fully produced albums and over 50 music videos that have never been released, along with various other media.
8003:123146199236608::Thread-211 2020-08-09 18:59:39.746 - He released hundreds of songs both under his own name and multiple pseudonyms during his life, as well as writing songs that were made famous by other musicians, such as "Nothing Compares 2 U" and "Manic Monday".
8003:123146199236608::Thread-211 2020-08-09 18:59:40.149 - Estimates of the complete number of songs written by Prince range anywhere from 500 to well over 1,000.Born and raised in Minneapolis, Minnesota, Prince signed a recording contract with Warner Bros. Records at the age of 19.
8003:123146199236608::Thread-211 2020-08-09 18:59:40.887 - Prince went on to achieve critical success with the musically complex albums Dirty Mind (1980), Controversy (1981), and 1999 (1982).
8006:123146199236608::Thread-211 2020-08-09 18:59:40.932 - He has a twin sister named Chloe.
8005:123146199236608::Thread-211 2020-08-09 18:59:41.066 - Starting new HTTPS connection (1): en.wikipedia.org
8003:123146199236608::Thread-211 2020-08-09 18:59:41.915 - **END**
8004:123146199236608::Thread-211 2020-08-09 18:59:42.899 - The Willis Tower (formerly and informally:  Sears Tower, its name for 36 years) is a 110-story, 1,450-foot (442.1 m) skyscraper in Chicago, Illinois.
8006:123146199236608::Thread-211 2020-08-09 18:59:43.235 - Schnapp is Jewish, and had his Bar Mitzvah in Israel.
8005:123146199236608::Thread-211 2020-08-09 18:59:43.662 - Tokyo (; Japanese: 東京, Tōkyō [toːkʲoː] (listen)), officially Tokyo Metropolis (東京都, Tōkyō-to), is the capital and most populous prefecture of Japan.
8005:123146199236608::Thread-211 2020-08-09 18:59:43.835 - Located at the head of Tokyo Bay, the prefecture forms part of the Kantō region on the central Pacific coast of Japan's main island, Honshu.
8005:123146199236608::Thread-211 2020-08-09 18:59:44.877 - Tokyo is the political and economic center of the country, as well as the seat of the Emperor of Japan and the national government.
8006:123146199236608::Thread-211 2020-08-09 18:59:44.922 - His family is from Montreal, Quebec, Canada, and he visits the city often.
8002:123146199236608::Thread-211 2020-08-09 18:59:45.155 - Mackenzie Christine Foy (born November 10, 2000) is an American actress and model.
8005:123146199236608::Thread-211 2020-08-09 18:59:45.181 - In 2019, the prefecture had an estimated population of 	13,929,280.
8005:123146199236608::Thread-211 2020-08-09 18:59:45.361 - The Greater Tokyo Area is the most populous metropolitan area in the world, with more than 37.393 million residents as of 2020.Originally a fishing village named Edo, the city became a prominent political center in 1603, when it became the seat of the Tokugawa shogunate.
8004:123146199236608::Thread-211 2020-08-09 18:59:45.835 - At completion in 1973, it surpassed the World Trade Center in New York City to become the tallest building in the world, a title that it held for nearly 25 years; it was also the tallest building in the Western Hemisphere for 41 years, until the new One World Trade Center surpassed it in 2014.
8003:123146199236608::Thread-211 2020-08-09 18:59:45.917 - **START**
8003:123146199236608::Thread-211 2020-08-09 18:59:45.92 - Starting new HTTPS connection (1): en.wikipedia.org
8005:123146199236608::Thread-211 2020-08-09 18:59:46.257 - By the mid-18th century, Edo was one of the most populous cities in the world, with a population numbering more than one million.
8006:123146199236608::Thread-211 2020-08-09 18:59:46.766 - His mother is of Moroccan Jewish descent.
8002:123146199236608::Thread-211 2020-08-09 18:59:46.85 - She is known for portraying Renesmee Cullen in the 2012 film The Twilight Saga: Breaking Dawn – Part 2, which earned her a Young Artist Award nomination as Best Supporting Young Actress in a Feature Film; as the young Murphy in the 2014 space epic Interstellar, for which she received a Saturn Award for Best Performance by a Younger Actor among other awards nominations; and as Clara in Disney's The Nutcracker and the Four Realms.
8005:123146199236608::Thread-211 2020-08-09 18:59:46.939 - Following the end of the shogunate in 1868, the imperial capital in Kyoto was moved to the city, which was renamed Tokyo (literally "eastern capital").
8006:123146199236608::Thread-211 2020-08-09 18:59:47.395 - He has Canadian citizenship.
8005:123146199236608::Thread-211 2020-08-09 18:59:47.787 - Tokyo was devastated by the 1923 Great Kantō earthquake, and again by Allied bombing raids during World War II.
8006:123146199236608::Thread-211 2020-08-09 18:59:48.181 - Schnapp's desire for acting started when he was about 5 years old after watching the Broadway production of Annie.
8002:123146199236608::Thread-211 2020-08-09 18:59:48.291 - Early life
Foy was born on November 10, 2000.
8004:123146199236608::Thread-211 2020-08-09 18:59:48.394 - While it held the title of "Tallest Office Building" until 2014, it lost the title of "Tallest Man-Made Structure" after only 3 years.
8005:123146199236608::Thread-211 2020-08-09 18:59:48.471 - Beginning in the 1950s, the city underwent rapid reconstruction and expansion, going on to lead Japan's post-war economic recovery.
8003:123146199236608::Thread-211 2020-08-09 18:59:48.728 - Hagia Sophia (; from Koinē Greek: Ἁγία Σοφία, romanized: Hagía Sophía; Latin: Sancta Sophia, lit.
8005:123146199236608::Thread-211 2020-08-09 18:59:48.753 - Since 1943, the Tokyo Metropolitan Government has administered the prefecture's 23 special wards (formerly Tokyo City), various bed towns in the western area, and two outlying island chains.
8004:123146199236608::Thread-211 2020-08-09 18:59:48.992 - The CN Tower in Toronto, which serves as a communications tower, took over the title in 1976.
8003:123146199236608::Thread-211 2020-08-09 18:59:49.088 - 'Holy Wisdom'), officially the Hagia Sophia Grand Mosque (Turkish: Ayasofya-i Kebir Cami-i Şerifi) and formerly the Church of Hagia Sophia, is a Late Antique place of worship in Istanbul.
8005:123146199236608::Thread-211 2020-08-09 18:59:49.305 - Tokyo is the largest urban economy in the world by gross domestic product, and is categorized as an Alpha+ city by the Globalization and World Cities Research Network.
8005:123146199236608::Thread-211 2020-08-09 18:59:49.309 - **END**
8002:123146199236608::Thread-211 2020-08-09 18:59:50.281 - She was born and raised in Los Angeles.
8004:123146199236608::Thread-211 2020-08-09 18:59:50.285 - The Willis Tower is considered a seminal achievement for engineer Fazlur Rahman Khan.
8003:123146199236608::Thread-211 2020-08-09 18:59:50.641 - Built in 537 as the patriarchal cathedral of the imperial capital of Constantinople, it was the largest Christian church of the eastern Roman Empire (the Byzantine Empire) and the Eastern Orthodox Church, except during the Latin Empire from 1204 to 1261, when it became the city's Roman Catholic cathedral.
8002:123146199236608::Thread-211 2020-08-09 18:59:51.342 - Her father, a truck driver, and mother, a homemaker, had no connections to the film industry.
8004:123146199236608::Thread-211 2020-08-09 18:59:53.072 - It is currently the third-tallest building in the United States and the Western hemisphere – and the 23rd-tallest in the world.
8003:123146199236608::Thread-211 2020-08-09 18:59:53.132 - In 1453, after the Fall of Constantinople to the Ottoman Empire, it was  converted into a mosque.
8002:123146199236608::Thread-211 2020-08-09 18:59:53.214 - Foy began modeling at age 3, and started acting at age 9.
8003:123146199236608::Thread-211 2020-08-09 18:59:54.548 - In 1935 the secular Turkish Republic established it as a museum.
8002:123146199236608::Thread-211 2020-08-09 18:59:54.641 - Career
Foy began modeling in print ads in 2004, working for Garnet Hill, Polo Ralph Lauren and Guess.
8003:123146199236608::Thread-211 2020-08-09 18:59:55.898 - In 2020, it re-opened as a mosque.
8004:123146199236608::Thread-211 2020-08-09 18:59:55.97 - Each year, more than one million people visit its observation deck, the highest in the United States, making it one of Chicago's most popular tourist destinations.
8002:123146199236608::Thread-211 2020-08-09 18:59:56.31 - From there, she modeled for companies such as The Walt Disney Company, Mattel and Gap.Foy's acting career began when she was nine years old, when she guest-starred in television shows such as 'Til Death, FlashForward and Hawaii Five-0.
8005:123146199236608::Thread-211 2020-08-09 18:59:56.313 - **START**
8005:123146199236608::Thread-211 2020-08-09 18:59:56.32 - Starting new HTTPS connection (1): en.wikipedia.org
8002:123146199236608::Thread-211 2020-08-09 18:59:56.384 - In 2010, she was cast as Renesmee Cullen in the film adaptation of Stephenie Meyer's book Breaking Dawn, the fourth and final novel in the Twilight saga series.
8004:123146199236608::Thread-211 2020-08-09 18:59:56.397 - The structure was renamed in 2009 by the Willis Group as a term of its lease.
8002:123146199236608::Thread-211 2020-08-09 18:59:56.565 - The first movie, The Twilight Saga: Breaking Dawn – Part 1, in which Renesmee is shown only in a flash forward, was released on November 18, 2011, while the second, The Twilight Saga: Breaking Dawn – Part 2, on November 16, 2012.
8004:123146199236608::Thread-211 2020-08-09 18:59:56.874 - As of April 2018, the building's largest tenant is United Airlines, which moved its corporate headquarters from 77 West Wacker Drive (then the United Building) in 2012, occupying around 20 floors.
8006:123146199236608::Thread-211 2020-08-09 18:59:57.183 - **END**
8005:123146199236608::Thread-211 2020-08-09 18:59:57.352 - Hong Kong ( (listen); Chinese: 香港, Cantonese: [hœ́ːŋ.kɔ̌ːŋ] (listen)), officially the Hong Kong Special Administrative Region of the People's Republic of China (HKSAR), is a metropolitan area and special administrative region of the People's Republic of China on the eastern Pearl River Delta of the South China Sea.
8005:123146199236608::Thread-211 2020-08-09 18:59:57.505 - With over 7.5 million people of various nationalities in a 1,104-square-kilometre (426 sq mi) territory, Hong Kong is one of the most densely populated places in the world.
8004:123146199236608::Thread-211 2020-08-09 18:59:57.898 - Other major tenants include the building's namesake Willis Towers Watson and law firms Schiff Hardin and Seyfarth Shaw.
8003:123146199236608::Thread-211 2020-08-09 18:59:58.164 - Built by the eastern Roman emperor Justinian I as the Christian cathedral of Constantinople for the state church of the Roman Empire between 532 and 537, the church was then the world's largest interior space and among the first to employ a fully pendentive dome.
8005:123146199236608::Thread-211 2020-08-09 18:59:58.322 - Hong Kong became a colony of the British Empire after the Qing Empire ceded Hong Kong Island at the end of the First Opium War in 1842.
8005:123146199236608::Thread-211 2020-08-09 18:59:58.451 - The colony expanded to the Kowloon Peninsula in 1860 after the Second Opium War and was further extended when Britain obtained a 99-year lease of the New Territories in 1898.
8005:123146199236608::Thread-211 2020-08-09 18:59:58.915 - The whole territory was transferred to China in 1997.
8005:123146199236608::Thread-211 2020-08-09 18:59:59.27 - As a special administrative region, Hong Kong maintains separate governing and economic systems from that of mainland China under a principle of "one country, two systems".Originally a sparsely populated area of farming and fishing villages, the territory has become one of the world's most significant financial centres and commercial ports.
8005:123146199236608::Thread-211 2020-08-09 18:59:59.808 - It is the world's tenth-largest exporter and ninth-largest importer.
8005:123146199236608::Thread-211 2020-08-09 19:00:00.608 - Hong Kong has a major capitalist service economy characterised by low taxation and free trade, and its currency, the Hong Kong dollar, is the eighth most traded currency in the world.
8003:123146199236608::Thread-211 2020-08-09 19:00:00.764 - It is considered the epitome of Byzantine architecture and is said to have "changed the history of architecture".
8005:123146199236608::Thread-211 2020-08-09 19:00:01.45 - Hong Kong is home to the second-highest number of billionaires of any city in the world, the highest number of billionaires of any city in Asia, and the largest concentration of ultra high-net-worth individuals of any city in the world.
8005:123146199236608::Thread-211 2020-08-09 19:00:02.106 - Although the city has one of the highest per capita incomes in the world, severe income inequality exists among its residents.Hong Kong is a highly developed territory and ranks fourth on the UN Human Development Index.
8002:123146199236608::Thread-211 2020-08-09 19:00:02.57 - **END**
8003:123146199236608::Thread-211 2020-08-09 19:00:02.62 - The building was designed by the Greek geometers Isidore of Miletus and Anthemius of Tralles.
8006:123146199236608::Thread-211 2020-08-09 19:00:03.186 - **START**
8006:123146199236608::Thread-211 2020-08-09 19:00:03.25 - Starting new HTTPS connection (1): en.wikipedia.org
8006:123146199236608::Thread-211 2020-08-09 19:00:04.221 - Linkin Park is an American rock band from Agoura Hills, California.
8006:123146199236608::Thread-211 2020-08-09 19:00:04.536 - The band's current lineup comprises vocalist/rhythm guitarist Mike Shinoda, lead guitarist Brad Delson, bassist Dave Farrell, DJ/turntablist Joe Hahn and drummer Rob Bourdon, all of whom are founding members.
8006:123146199236608::Thread-211 2020-08-09 19:00:04.692 - Vocalists Mark Wakefield and Chester Bennington and bassist Kyle Christner are former members of the band.
8003:123146199236608::Thread-211 2020-08-09 19:00:04.758 - The present Justinianic building was the third church of the same name to occupy the site, the prior one having been destroyed in the Nika riots.
8006:123146199236608::Thread-211 2020-08-09 19:00:04.798 - Categorized as alternative rock, Linkin Park's earlier music spanned a fusion of heavy metal and hip hop, while they later transitioned into more electronica and pop influenced music.Formed in 1996, Linkin Park rose to international fame with their debut studio album, Hybrid Theory (2000), which became certified Diamond by the Recording Industry Association of America (RIAA).
8006:123146199236608::Thread-211 2020-08-09 19:00:05.153 - Released during the peak of the nu metal scene, the album's singles' heavy airplay on MTV led to the singles "One Step Closer", "Crawling" and "In the End" all charting highly on the Mainstream Rock chart; the latter crossed over to the pop chart.
8006:123146199236608::Thread-211 2020-08-09 19:00:05.673 - Their second album, Meteora (2003), continued the band's success.
8006:123146199236608::Thread-211 2020-08-09 19:00:06.043 - The band explored experimental sounds on their third album, Minutes to Midnight (2007).
8005:123146199236608::Thread-211 2020-08-09 19:00:06.111 - **END**
8006:123146199236608::Thread-211 2020-08-09 19:00:06.601 - By the end of the decade, Linkin Park was among the most successful and popular rock acts.The band continued to explore a wider variation of musical types on their fourth album, A Thousand Suns (2010), layering their music with more electronic sounds.
8004:123146199236608::Thread-211 2020-08-09 19:00:06.901 - **END**
8006:123146199236608::Thread-211 2020-08-09 19:00:07.246 - The band's fifth album, Living Things (2012), combined musical elements from all of their previous records.
8006:123146199236608::Thread-211 2020-08-09 19:00:07.812 - Their sixth album, The Hunting Party (2014), returned to a heavier rock sound, and their seventh album, One More Light (2017), was their first pop-oriented record.
8003:123146199236608::Thread-211 2020-08-09 19:00:08.761 - **END**
8006:123146199236608::Thread-211 2020-08-09 19:00:16.814 - **END**