8003:123145664999424::Thread-84 2020-08-09 18:59:29.263 - **START**
8003:123145664999424::Thread-84 2020-08-09 18:59:29.361 - Starting new HTTPS connection (1): en.wikipedia.org
8002:123145664999424::Thread-84 2020-08-09 18:59:30.315 - **START**
8003:123145664999424::Thread-84 2020-08-09 18:59:31.128 - The Los Angeles Lakers are an American professional basketball team based in Los Angeles.
8006:123145664999424::Thread-84 2020-08-09 18:59:31.244 - **START**
8006:123145664999424::Thread-84 2020-08-09 18:59:31.519 - Starting new HTTPS connection (1): en.wikipedia.org
8002:123145664999424::Thread-84 2020-08-09 18:59:31.772 - Starting new HTTPS connection (1): en.wikipedia.org
8003:123145664999424::Thread-84 2020-08-09 18:59:32.103 - The Lakers compete in the National Basketball Association (NBA) as a member of the league's Western Conference Pacific Division.
8003:123145664999424::Thread-84 2020-08-09 18:59:32.239 - The Lakers play their home games at Staples Center, an arena shared with the NBA's Los Angeles Clippers, the Los Angeles Sparks of the Women's National Basketball Association, and the Los Angeles Kings of the National Hockey League.
8003:123145664999424::Thread-84 2020-08-09 18:59:33.011 - The Lakers are one of the most successful teams in the history of the NBA, and have won 16 NBA championships, the second-most behind the Boston Celtics.
8003:123145664999424::Thread-84 2020-08-09 18:59:33.32 - The franchise began with the 1947 purchase of a disbanded team, the Detroit Gems of the National Basketball League (NBL).
8006:123145664999424::Thread-84 2020-08-09 18:59:33.842 - Osama bin Mohammed bin Awad bin Laden  (Arabic: أسامة بن محمد بن عوض بن لادن‎, Usāmah bin Muḥammad bin ʿAwaḍ bin Lādin; March 10, 1957 – May 2, 2011), also rendered Usama bin Ladin, was a founder of the pan-Islamic militant organization al-Qaeda, designated as a terrorist group by the United Nations Security Council, the North Atlantic Treaty Organization (NATO), the European Union, and various countries.
8003:123145664999424::Thread-84 2020-08-09 18:59:34.317 - The new team began playing in Minneapolis, calling themselves the Minneapolis Lakers.
8006:123145664999424::Thread-84 2020-08-09 18:59:34.654 - He was a Saudi Arabian citizen until 1994 (stateless thereafter) and a member of the wealthy bin Laden family.
8003:123145664999424::Thread-84 2020-08-09 18:59:34.83 - Initially a member of the NBL, the Lakers won the 1948 NBL championship before joining the rival Basketball Association of America, where they would win five of the next six championships, led by star George Mikan.
8006:123145664999424::Thread-84 2020-08-09 18:59:34.893 - Bin Laden's father was Mohammed bin Awad bin Laden, a Saudi millionaire from Hadhramaut, Yemen, and the founder of the construction company, Saudi Binladin Group.
8003:123145664999424::Thread-84 2020-08-09 18:59:35.56 - After struggling financially in the late 1950s following Mikan's retirement, they relocated to Los Angeles before the 1960–61 season.
8002:123145664999424::Thread-84 2020-08-09 18:59:35.625 - Films generate income from several revenue streams, including theatrical exhibition, home video, television broadcast rights, and merchandising.
8006:123145664999424::Thread-84 2020-08-09 18:59:35.752 - His mother, Alia Ghanem, was from a secular middle-class family in Latakia, Syria.
8003:123145664999424::Thread-84 2020-08-09 18:59:36.039 - Led by Hall of Famers Elgin Baylor and Jerry West, Los Angeles made the NBA Finals six times in the 1960s, but lost each series to the Celtics, beginning their long and storied rivalry.
8004:123145664999424::Thread-84 2020-08-09 18:59:36.225 - **START**
8003:123145664999424::Thread-84 2020-08-09 18:59:36.394 - In 1968, the Lakers acquired four-time NBA Most Valuable Player (MVP) Wilt Chamberlain, and won their sixth NBA title—and first in Los Angeles—in 1972, led by new head coach Bill Sharman.
8006:123145664999424::Thread-84 2020-08-09 18:59:37.055 - He was born in Saudi Arabia and studied at university in the country until 1979, when he joined Mujahideen forces in Pakistan fighting against the Soviet Union in Afghanistan.
8002:123145664999424::Thread-84 2020-08-09 18:59:37.392 - However, theatrical box office earnings are the primary metric for trade publications in assessing the success of a film, mostly because of the availability of the data compared to sales figures for home video and broadcast rights, but also because of historical practice.
8006:123145664999424::Thread-84 2020-08-09 18:59:37.876 - He helped to fund the Mujahideen by funneling arms, money and fighters from the Arab world into Afghanistan, and gained popularity among many Arabs.
8005:123145664999424::Thread-84 2020-08-09 18:59:38.208 - **START**
8006:123145664999424::Thread-84 2020-08-09 18:59:39.055 - In 1988, he formed al-Qaeda.
8002:123145664999424::Thread-84 2020-08-09 18:59:39.288 - Included on the list are charts of the top box office earners (ranked by both the nominal and real value of their revenue), a chart of high-grossing films by calendar year, a timeline showing the transition of the highest-grossing film record, and a chart of the highest-grossing film franchises and series.
8002:123145664999424::Thread-84 2020-08-09 18:59:39.418 - All charts are ranked by international theatrical box office performance where possible, excluding income derived from home video, broadcasting rights, and merchandise.
8004:123145664999424::Thread-84 2020-08-09 18:59:39.601 - Starting new HTTPS connection (1): en.wikipedia.org
8006:123145664999424::Thread-84 2020-08-09 18:59:40.048 - He was banished from Saudi Arabia in 1992, and shifted his base to Sudan, until U.S. pressure forced him to leave Sudan in 1996.
8002:123145664999424::Thread-84 2020-08-09 18:59:40.132 - Traditionally, war films, musicals, and historical dramas have been the most popular genres, but franchise films have been among the best performers in the 21st century.
8002:123145664999424::Thread-84 2020-08-09 18:59:40.638 - There is strong interest in the superhero genre, with nine films in the Marvel Cinematic Universe featuring among the nominal top-earners.
8005:123145664999424::Thread-84 2020-08-09 18:59:41.019 - Starting new HTTPS connection (1): en.wikipedia.org
8002:123145664999424::Thread-84 2020-08-09 18:59:41.034 - The most successful superhero film, Avengers: Endgame, is also the highest-grossing film overall on the nominal earnings chart, and there are four films in total based on the Avengers comic books charting in the top twenty.
8006:123145664999424::Thread-84 2020-08-09 18:59:41.932 - After establishing a new base in Afghanistan, he declared a war against the United States, initiating a series of bombings and related attacks.
8003:123145664999424::Thread-84 2020-08-09 18:59:42.403 - **END**
8002:123145664999424::Thread-84 2020-08-09 18:59:42.881 - Other Marvel Comics adaptations have also had success with the Spider-Man and X-Men properties, while films based on Batman and Superman from DC Comics have generally performed well.
8006:123145664999424::Thread-84 2020-08-09 18:59:43.304 - Bin Laden was on the American Federal Bureau of Investigation's (FBI) lists of Ten Most Wanted Fugitives and Most Wanted Terrorists for his involvement in the 1998 U.S. embassy bombings.Bin Laden is most well known for his role in masterminding the September 11 attacks, which resulted in the deaths of nearly 3,000 and prompted the United States to initiate the War on Terror.
8004:123145664999424::Thread-84 2020-08-09 18:59:43.646 - The Green Bay Packers are a professional American football team based in Green Bay, Wisconsin.
8004:123145664999424::Thread-84 2020-08-09 18:59:44.224 - The Packers compete in the National Football League (NFL) as a member club of the National Football Conference (NFC) North division.
8002:123145664999424::Thread-84 2020-08-09 18:59:44.459 - Star Wars is also represented in the nominal earnings chart with five films, while the Harry Potter, Jurassic Park and Pirates of the Caribbean franchises feature prominently.
8004:123145664999424::Thread-84 2020-08-09 18:59:44.984 - It is the third-oldest franchise in the NFL, dating back to 1919, and is the only non-profit, community-owned major league professional sports team based in the United States.
8005:123145664999424::Thread-84 2020-08-09 18:59:45.284 - Noah Lindsey Cyrus (born January 8, 2000) is an American singer, songwriter, and actress.
8003:123145664999424::Thread-84 2020-08-09 18:59:45.409 - **START**
8003:123145664999424::Thread-84 2020-08-09 18:59:45.415 - Starting new HTTPS connection (1): en.wikipedia.org
8002:123145664999424::Thread-84 2020-08-09 18:59:46.123 - Avatar, in second place on the nominal chart, is the highest-grossing film that is not a sequel or an adaptation of a pre-existing property.
8004:123145664999424::Thread-84 2020-08-09 18:59:46.237 - Home games have been played at Lambeau Field since 1957.
8005:123145664999424::Thread-84 2020-08-09 18:59:46.642 - In 2016, she released her debut single "Make Me (Cry)", featuring vocals from Labrinth.
8003:123145664999424::Thread-84 2020-08-09 18:59:46.723 - The Guantanamo Bay detention camp is a United States military prison located within Guantanamo Bay Naval Base, also referred to as Guantánamo, GTMO, and Gitmo (), which is on the coast of Guantánamo Bay in Cuba.
8005:123145664999424::Thread-84 2020-08-09 18:59:46.759 - Cyrus is the fifth child of Billy Ray and Tish Cyrus, and she is the youngest sibling of Trace, Brandi, and Miley Cyrus.
8003:123145664999424::Thread-84 2020-08-09 18:59:47.11 - Indefinite detention without trial and torture have led the operations of this camp to be considered a major breach of human rights by Amnesty International and a violation of Due Process Clause of the Fifth and Fourteenth amendments of the United States Constitution.The camp was established by US President George W. Bush's administration in 2002 during the War on Terror.
8006:123145664999424::Thread-84 2020-08-09 18:59:47.307 - **END**
8003:123145664999424::Thread-84 2020-08-09 18:59:47.548 - His successor, President Barack Obama, promised that he would close it, but met strong bipartisan opposition from the US Congress, which passed laws to prohibit detainees from Guantanamo being imprisoned in the U.S. During Obama's administration, the number of inmates was reduced from about 245 to 41; most former detainees were freed and transferred to other countries.In January 2018, President Donald Trump signed an executive order to keep the detention camp open indefinitely.
8004:123145664999424::Thread-84 2020-08-09 18:59:47.924 - The Packers are the last of the "small town teams" which were common in the NFL during the league's early days of the 1920s and 1930s.
8003:123145664999424::Thread-84 2020-08-09 18:59:48.454 - In May 2018, the first prisoner was transferred during Trump's term; this reduced the number of inmates to 40.
8005:123145664999424::Thread-84 2020-08-09 18:59:48.665 - She was named one of Time's 30 Most Influential Teens in 2017.
8003:123145664999424::Thread-84 2020-08-09 18:59:48.904 - History

At the time of its establishment in January 2002, Secretary of Defense Donald Rumsfeld said the detention camp was established to detain extraordinarily dangerous people, to interrogate detainees in an optimal setting, and to prosecute detainees for war crimes.
8004:123145664999424::Thread-84 2020-08-09 18:59:49.0 - Founded in 1919 by Earl "Curly" Lambeau and George Whitney Calhoun, the franchise traces its lineage to other semi-professional teams in Green Bay dating back to 1896.
8003:123145664999424::Thread-84 2020-08-09 18:59:49.148 - In practice, the site has long been used for enemy combatants.
8004:123145664999424::Thread-84 2020-08-09 18:59:49.303 - Between 1919 and 1920, the Packers competed against other semi-pro clubs from around Wisconsin and the Midwest, before joining the American Professional Football Association (APFA), the forerunner of today's NFL, in 1921.
8003:123145664999424::Thread-84 2020-08-09 18:59:49.867 - The Department of Defense at first kept secret the identity of the individuals held in Guantanamo but, after losing attempts to defy a Freedom of Information Act request from the Associated Press, the U.S. military officially acknowledged holding 779 prisoners in the camp.
8005:123145664999424::Thread-84 2020-08-09 18:59:50.373 - Early life
Cyrus was born January 8, 2000, in Nashville, Tennessee, to producer and director Tish Cyrus and country singer Billy Ray Cyrus.
8003:123145664999424::Thread-84 2020-08-09 18:59:50.403 - The facility is operated by the Joint Task Force Guantanamo (JTF-GTMO) of the United States government in Guantanamo Bay Naval Base.
8003:123145664999424::Thread-84 2020-08-09 18:59:50.455 - Detention areas consisted of Camp Delta including Camp Echo, Camp Iguana, and Camp X-Ray, which is now closed.After Bush political appointees at the U.S. Office of Legal Counsel, Department of Justice advised the Bush administration that the Guantanamo Bay detention camp could be considered outside U.S. legal jurisdiction, military guards took the first twenty detainees to Camp X-Ray on 11 January 2002.
8003:123145664999424::Thread-84 2020-08-09 18:59:50.671 - The Bush administration asserted that detainees were not entitled to any of the protections of the Geneva Conventions, while also claiming it was treating "all detainees consistently with the principles of the Geneva Convention."
8003:123145664999424::Thread-84 2020-08-09 18:59:50.837 - Ensuing U.S. Supreme Court decisions since 2004 have determined otherwise and that U.S. courts do have jurisdiction: it ruled in Hamdan v.
8005:123145664999424::Thread-84 2020-08-09 18:59:50.914 - Her parents have had a volatile marriage, each filing for divorce on different occasions, but restoring their relationship.
8004:123145664999424::Thread-84 2020-08-09 18:59:51.237 - Although Green Bay is by far the smallest major league professional sports market in North America, Forbes ranked the Packers as the world's 27th most valuable sports franchise in 2019, with a value of $2.63 billion.The Packers have won 13 league championships, the most in NFL history, with nine pre-Super Bowl NFL titles and four Super Bowl victories.
8005:123145664999424::Thread-84 2020-08-09 18:59:51.375 - Her siblings include Miley, Braison, Brandi, Trace, and Christopher Cyrus, who have also mostly become musicians and entertainers.
8004:123145664999424::Thread-84 2020-08-09 18:59:51.558 - The Packers won the first two Super Bowls in 1967 and 1968 and were the only NFL team to defeat the American Football League (AFL) prior to the AFL–NFL merger.
8004:123145664999424::Thread-84 2020-08-09 18:59:51.884 - The Vince Lombardi Trophy is named after the Packers' coach Vince Lombardi, who guided them to their first two Super Bowls.
8005:123145664999424::Thread-84 2020-08-09 18:59:52.47 - Their paternal grandfather, Ron Cyrus, was a politician in Kentucky.
8005:123145664999424::Thread-84 2020-08-09 18:59:54.008 - Acting career
At the age of two, Cyrus began her acting career, playing Gracie Hebert on the sixth episode of the television show Doc.
8002:123145664999424::Thread-84 2020-08-09 18:59:54.127 - **END**
8005:123145664999424::Thread-84 2020-08-09 18:59:54.674 - She was a background dancer in the 2009 film Hannah Montana: The Movie, and played small roles in six episodes of the Disney Channel Original Series Hannah Montana.
8004:123145664999424::Thread-84 2020-08-09 18:59:54.886 - **END**
8006:123145664999424::Thread-84 2020-08-09 18:59:56.312 - **START**
8006:123145664999424::Thread-84 2020-08-09 18:59:56.32 - Starting new HTTPS connection (1): en.wikipedia.org
8003:123145664999424::Thread-84 2020-08-09 18:59:57.864 - **END**
8006:123145664999424::Thread-84 2020-08-09 18:59:59.69 - David Robert Jones (8 January 1947 – 10 January 2016), better known by his stage name David Bowie ( BOH-ee), was an English singer-songwriter and actor.
8006:123145664999424::Thread-84 2020-08-09 19:00:00.226 - He was a leading figure in the music industry and is regarded as one of the most influential musicians of the 20th century.
8006:123145664999424::Thread-84 2020-08-09 19:00:00.733 - He was acclaimed by critics and musicians, particularly for his innovative work during the 1970s.
8004:123145664999424::Thread-84 2020-08-09 19:00:00.889 - **START**
8004:123145664999424::Thread-84 2020-08-09 19:00:00.901 - Starting new HTTPS connection (1): en.wikipedia.org
8006:123145664999424::Thread-84 2020-08-09 19:00:01.507 - His career was marked by reinvention and visual presentation, with his music and stagecraft having a significant impact on popular music.
8002:123145664999424::Thread-84 2020-08-09 19:00:02.132 - **START**
8002:123145664999424::Thread-84 2020-08-09 19:00:02.168 - Starting new HTTPS connection (1): en.wikipedia.org
8005:123145664999424::Thread-84 2020-08-09 19:00:02.675 - **END**
8006:123145664999424::Thread-84 2020-08-09 19:00:02.831 - During his lifetime, his record sales, estimated at over 100 million records worldwide, made him one of the best-selling music artists of all time.
8003:123145664999424::Thread-84 2020-08-09 19:00:02.865 - **START**
8003:123145664999424::Thread-84 2020-08-09 19:00:02.989 - Starting new HTTPS connection (1): en.wikipedia.org
8004:123145664999424::Thread-84 2020-08-09 19:00:03.489 - Notre-Dame de Paris (French: [nɔtʁə dam də paʁi] (listen); meaning "Our Lady of Paris"), referred to simply as Notre-Dame, is a medieval Catholic cathedral on the Île de la Cité in the 4th arrondissement of Paris.
8004:123145664999424::Thread-84 2020-08-09 19:00:04.692 - The cathedral was consecrated to the Virgin Mary and considered to be one of the finest examples of French Gothic architecture.
8006:123145664999424::Thread-84 2020-08-09 19:00:05.055 - In the UK, he was awarded ten platinum album certifications, eleven gold and eight silver, and released eleven number-one albums.
8002:123145664999424::Thread-84 2020-08-09 19:00:05.099 - Billie Eilish Pirate Baird O'Connell ( EYE-lish; born December 18, 2001) is an American singer and songwriter.
8004:123145664999424::Thread-84 2020-08-09 19:00:05.242 - Its pioneering use of the rib vault and flying buttress, its enormous and colourful rose windows, as well as the naturalism and abundance of its sculptural decoration set it apart from the earlier Romanesque style.
8004:123145664999424::Thread-84 2020-08-09 19:00:05.359 - Major components that make Notre Dame stand out include its large historic organ and its immense church bells.The cathedral's construction began in 1160 under Bishop Maurice de Sully and was largely complete by 1260, though it was modified frequently in the following centuries.
8006:123145664999424::Thread-84 2020-08-09 19:00:06.898 - In the US, he received five platinum and nine gold certifications.
8004:123145664999424::Thread-84 2020-08-09 19:00:06.948 - In the 1790s, Notre-Dame suffered desecration during the French Revolution; much of its religious imagery was damaged or destroyed.
8004:123145664999424::Thread-84 2020-08-09 19:00:07.068 - In the 19th century, the cathedral was the site of the coronation of Napoleon I and the funerals of many Presidents of the French Republic.
8002:123145664999424::Thread-84 2020-08-09 19:00:07.774 - She first gained attention in 2015 when she uploaded the song "Ocean Eyes" to SoundCloud, which was subsequently released by the Interscope Records subsidiary Darkroom.
8006:123145664999424::Thread-84 2020-08-09 19:00:08.171 - He was inducted into the Rock and Roll Hall of Fame in 1996.
8004:123145664999424::Thread-84 2020-08-09 19:00:08.765 - Popular interest in the cathedral blossomed soon after the publication, in 1831, of Victor Hugo's novel Notre-Dame de Paris (better known in English as The Hunchback of Notre-Dame).
8004:123145664999424::Thread-84 2020-08-09 19:00:09.214 - This led to a major restoration project between 1844 and 1864, supervised by Eugène Viollet-le-Duc.
8002:123145664999424::Thread-84 2020-08-09 19:00:10.0 - The song was written and produced by her brother Finneas, with whom she collaborates on music and live shows.
8006:123145664999424::Thread-84 2020-08-09 19:00:10.839 - Rolling Stone placed him among its list of the 100 Greatest Artists of All Time and following his death in 2016, Bowie was dubbed "The Greatest Rock Star Ever" by the magazine.Born in Brixton, South London, Bowie developed an interest in music as a child, eventually studying art, music and design before embarking on a professional career as a musician in 1963.
8004:123145664999424::Thread-84 2020-08-09 19:00:10.963 - The Allied liberation of Paris in 1944 was celebrated within Notre-Dame with the singing of the Magnificat.
8004:123145664999424::Thread-84 2020-08-09 19:00:10.965 - Beginning in 1963, the cathedral's façade was cleaned of centuries of soot and grime.
8002:123145664999424::Thread-84 2020-08-09 19:00:12.87 - Her debut EP, Don't Smile at Me (2017), became a sleeper hit, reaching the top 15 in the US, UK, Canada, and Australia.
8006:123145664999424::Thread-84 2020-08-09 19:00:13.082 - "Space Oddity" became his first top-five entry on the UK Singles Chart after its release in July 1969.
8002:123145664999424::Thread-84 2020-08-09 19:00:15.707 - Eilish's debut studio album, When We All Fall Asleep, Where Do We Go?
8002:123145664999424::Thread-84 2020-08-09 19:00:16.656 - (2019), debuted atop the Billboard 200 and became the best-performing album of 2019 in the US.
8002:123145664999424::Thread-84 2020-08-09 19:00:16.868 - It also reached number one in the UK.
8004:123145664999424::Thread-84 2020-08-09 19:00:17.967 - **END**
8006:123145664999424::Thread-84 2020-08-09 19:00:19.084 - **END**
8002:123145664999424::Thread-84 2020-08-09 19:00:19.599 - The album contains six Billboard Hot 100 top 40 singles: "When the Party's Over", "Bury a Friend", "Wish You Were Gay", "Xanny", "Everything I Wanted", and "Bad Guy", the last of which became her first number one single in the US.
8002:123145664999424::Thread-84 2020-08-09 19:00:22.302 - In 2020, she performed the theme song "No Time to Die" for the James Bond film of the same name, which became her first to peak at number one in the UK.
8002:123145664999424::Thread-84 2020-08-09 19:00:23.875 - Her accolades include five Grammy Awards, two American Music Awards, two Guinness World Records, three MTV Video Music Awards, and one Brit Award.
8002:123145664999424::Thread-84 2020-08-09 19:00:24.374 - She is the youngest person and second person ever to win the four main Grammy categories – Best New Artist, Record of the Year, Song of the Year and Album of the Year – in the same year.
8002:123145664999424::Thread-84 2020-08-09 19:00:25.031 - In 2019, Time magazine placed her on their inaugural "Time 100 Next" list.
8002:123145664999424::Thread-84 2020-08-09 19:00:27.723 - Additionally, Eilish is the 23rd biggest artist of the digital singles era, according to the Recording Industry Association of America, selling 37.5 million singles in the US alone.
8002:123145664999424::Thread-84 2020-08-09 19:00:28.449 - Early life

O'Connell was born in Los Angeles, California, on December 18, 2001.
8002:123145664999424::Thread-84 2020-08-09 19:00:33.451 - **END**