8003:123145471496192::Thread-38 2020-08-09 18:59:28.229 - **START**
8003:123145471496192::Thread-38 2020-08-09 18:59:28.581 - Starting new HTTPS connection (1): en.wikipedia.org
8005:123145471496192::Thread-38 2020-08-09 18:59:29.2 - **START**
8004:123145471496192::Thread-38 2020-08-09 18:59:29.206 - **START**
8006:123145471496192::Thread-38 2020-08-09 18:59:29.245 - **START**
8004:123145471496192::Thread-38 2020-08-09 18:59:29.374 - Starting new HTTPS connection (1): en.wikipedia.org
8005:123145471496192::Thread-38 2020-08-09 18:59:29.414 - Starting new HTTPS connection (1): en.wikipedia.org
8006:123145471496192::Thread-38 2020-08-09 18:59:29.537 - Starting new HTTPS connection (1): en.wikipedia.org
8002:123145471496192::Thread-38 2020-08-09 18:59:30.306 - **START**
8006:123145471496192::Thread-38 2020-08-09 18:59:31.084 - The Mausoleum at Halicarnassus or Tomb of Mausolus (Ancient Greek: Μαυσωλεῖον τῆς Ἁλικαρνασσοῦ; Turkish: Halikarnas Mozolesi) was a tomb built between 353 and 350 BC in Halicarnassus (present Bodrum, Turkey) for Mausolus, a native Anatolian from Caria and a satrap in the Achaemenid Empire, and his sister-wife Artemisia II of Caria.
8005:123145471496192::Thread-38 2020-08-09 18:59:31.372 - James, Viscount Severn (James Alexander Philip Theo Mountbatten-Windsor; born 17 December 2007), is the younger child and only son of Prince Edward, Earl of Wessex, and Sophie, Countess of Wessex, and the youngest grandchild of Queen Elizabeth II and Prince Philip, Duke of Edinburgh.
8004:123145471496192::Thread-38 2020-08-09 18:59:31.694 - The Palace of Westminster serves as the meeting place for both the House of Commons and the House of Lords, the two houses of the Parliament of the United Kingdom.
8006:123145471496192::Thread-38 2020-08-09 18:59:31.689 - The structure was designed by the Greek architects Satyros and Pythius of Priene.
8003:123145471496192::Thread-38 2020-08-09 18:59:31.753 - The Celtic Football Club ( SEL-tik) is a Scottish professional football club based in Glasgow, which plays in the Scottish Premiership.
8002:123145471496192::Thread-38 2020-08-09 18:59:31.776 - Starting new HTTPS connection (1): en.wikipedia.org
8005:123145471496192::Thread-38 2020-08-09 18:59:32.065 - He is 12th in line of succession to the British throne.
8005:123145471496192::Thread-38 2020-08-09 18:59:32.074 - Birth and baptism
James was born by caesarean section at 16:20 UTC on 17 December 2007, at Frimley Park Hospital in Frimley, Surrey.
8006:123145471496192::Thread-38 2020-08-09 18:59:32.138 - Its elevated tomb structure is derived from the tombs of neighbouring Lycia, a territory Mausolus had invaded and annexed circa 360 BC, such as the Nereid Monument.The Mausoleum was approximately 45 m (148 ft) in height, and the four sides were adorned with sculptural reliefs, each created by one of four Greek sculptors: Leochares, Bryaxis, Scopas of Paros, and Timotheus.
8005:123145471496192::Thread-38 2020-08-09 18:59:32.788 - The names James Alexander Philip Theo were announced on 21 December.He was baptised on 19 April 2008, in the Private Chapel of Windsor Castle by David Conner, the Dean of Windsor and his godparents were Alastair Bruce of Crionaich, Duncan Bullivant, Thomas Hill, Denise Poulton and Jeanye Irwin.
8004:123145471496192::Thread-38 2020-08-09 18:59:32.918 - Informally known as the Houses of Parliament after its occupants, the Palace lies on the north bank of the River Thames in the City of Westminster, in central London, England.
8003:123145471496192::Thread-38 2020-08-09 18:59:32.93 - The club was founded in 1887 with the purpose of alleviating poverty in the immigrant Irish population in the East End of Glasgow.
8006:123145471496192::Thread-38 2020-08-09 18:59:33.016 - The finished structure of the mausoleum was considered to be such an aesthetic triumph that Antipater of Sidon identified it as one of his Seven Wonders of the Ancient World.
8005:123145471496192::Thread-38 2020-08-09 18:59:33.221 - He wore a newly made replica of the royal christening gown originally used by Victoria, the eldest daughter of Queen Victoria, in 1840.
8006:123145471496192::Thread-38 2020-08-09 18:59:33.502 - It was destroyed by successive earthquakes from the 12th to the 15th century, the last surviving of the six destroyed wonders.
8005:123145471496192::Thread-38 2020-08-09 18:59:33.691 - It has been worn for most royal christenings since then, and the original gown has now been preserved.James currently attends Eagle House School a coeducational preparatory school near Sandhurst in Berkshire.
8003:123145471496192::Thread-38 2020-08-09 18:59:33.7 - They played their first match in May 1888, a friendly match against Rangers which Celtic won 5–2.
8006:123145471496192::Thread-38 2020-08-09 18:59:33.713 - The word mausoleum has now come to be used generically for an above-ground tomb.
8006:123145471496192::Thread-38 2020-08-09 18:59:33.772 - Conquest

In the 4th century BC, Halicarnassus was the capital of a small regional kingdom of Caria within the Achaemenid Empire on the western coast of Asia Minor.
8004:123145471496192::Thread-38 2020-08-09 18:59:33.974 - Its name, which derives from the neighbouring Westminster Abbey, may refer to several historic structures but most often: the Old Palace, a medieval building-complex destroyed by fire in 1834, or its replacement, the New Palace that stands today.
8004:123145471496192::Thread-38 2020-08-09 18:59:34.063 - The palace is owned by the monarch in right of the Crown and, for ceremonial purposes, retains its original status as a royal residence.
8005:123145471496192::Thread-38 2020-08-09 18:59:34.285 - Official appearances
In April 2015, James and his sister participated in their first overseas engagement by accompanying their parents on a trip to South Africa.
8006:123145471496192::Thread-38 2020-08-09 18:59:34.376 - In 377 BC, the nominal ruler of the region, Hecatomnus of Milas, died and left the control of the kingdom to his son, Mausolus.
8003:123145471496192::Thread-38 2020-08-09 18:59:34.65 - Celtic established themselves within Scottish football, winning six successive league titles during the first decade of the 20th century.
8005:123145471496192::Thread-38 2020-08-09 18:59:34.942 - Titles, styles, and honours


Titles and styles

Letters patent issued in 1917 assign a princely status and the style of Royal Highness to all male-line grandchildren of a monarch.
8006:123145471496192::Thread-38 2020-08-09 18:59:35.377 - Hecatomnus, a local dynast under the Persians, took control of several of the neighboring cities and districts.
8005:123145471496192::Thread-38 2020-08-09 18:59:35.476 - Therefore, all else being equal, James would have been styled as ’His Royal Highness Prince James of Wessex’.
8005:123145471496192::Thread-38 2020-08-09 18:59:35.756 - However, when his parents married, the Queen, via a Buckingham Palace press release, announced that their children would be styled as the children of an earl, rather than as prince or princess.
8006:123145471496192::Thread-38 2020-08-09 18:59:35.845 - After Artemisia and Mausolus, he had several other daughters and sons: Ada (adoptive mother of Alexander the Great), Idrieus and Pixodarus.
8004:123145471496192::Thread-38 2020-08-09 18:59:36.051 - Committees appointed by both houses manage the building and report to the Speaker of the House of Commons and to the Lord Speaker.
8005:123145471496192::Thread-38 2020-08-09 18:59:36.772 - **END**
8004:123145471496192::Thread-38 2020-08-09 18:59:37.203 - The first royal palace constructed on the site dated from the 11th century, and Westminster became the primary residence of the Kings of England until fire destroyed the royal apartments in 1512 (after which, the nearby Palace of Whitehall was established).
8002:123145471496192::Thread-38 2020-08-09 18:59:37.27 - Willard Carroll Smith Jr. (born September 25, 1968) is an American actor, producer and rapper.
8003:123145471496192::Thread-38 2020-08-09 18:59:37.431 - The club enjoyed their greatest successes during the 1960s and 70s under Jock Stein when they won nine consecutive league titles and the 1967 European Cup.
8003:123145471496192::Thread-38 2020-08-09 18:59:38.493 - Celtic have played in green and white for the entirety of its history, adopting hoops in 1903, those being used ever since.
8002:123145471496192::Thread-38 2020-08-09 18:59:39.054 - In April 2007, Newsweek called him "the most powerful actor in Hollywood".
8002:123145471496192::Thread-38 2020-08-09 18:59:39.517 - Smith has been nominated for five Golden Globe Awards and two Academy Awards, and has won four Grammy Awards.
8004:123145471496192::Thread-38 2020-08-09 18:59:39.585 - The remainder of Westminster continued to serve as the home of the Parliament of England, which had met there since the 13th century, and also as the seat of the Royal Courts of Justice, based in and around Westminster Hall.
8004:123145471496192::Thread-38 2020-08-09 18:59:40.135 - In 1834 an even greater fire ravaged the heavily rebuilt Houses of Parliament, and the only significant medieval structures to survive were Westminster Hall, the Cloisters of St Stephen's, the Chapel of St Mary Undercroft, and the Jewel Tower.
8003:123145471496192::Thread-38 2020-08-09 18:59:40.398 - Celtic are one of only five clubs in the world (which also includes their rivals Rangers) to have won over 100 trophies in their history.
8005:123145471496192::Thread-38 2020-08-09 18:59:40.778 - **START**
8002:123145471496192::Thread-38 2020-08-09 18:59:40.837 - In the late 1980s, Smith achieved modest fame as a rapper under the name The Fresh Prince.
8004:123145471496192::Thread-38 2020-08-09 18:59:41.061 - In the subsequent competition for the reconstruction of the Palace, the architect Charles Barry won with a design for new buildings in the Gothic Revival style, specifically inspired by the English Perpendicular Gothic style of the 14th–16th centuries.
8002:123145471496192::Thread-38 2020-08-09 18:59:41.192 - In 1990, his popularity increased dramatically when he starred in the NBC television series The Fresh Prince of Bel-Air, which ran for six seasons from 1990 to 1996.
8005:123145471496192::Thread-38 2020-08-09 18:59:41.051 - Starting new HTTPS connection (1): en.wikipedia.org
8003:123145471496192::Thread-38 2020-08-09 18:59:41.792 - The club has won the Scottish league championship 51 times, most recently in 2019–20, the Scottish Cup 39 times and the Scottish League Cup 19 times.
8004:123145471496192::Thread-38 2020-08-09 18:59:42.32 - The remains of the Old Palace (except the detached Jewel Tower) were incorporated into its much larger replacement, which contains over 1,100 rooms organised symmetrically around two series of courtyards and which has a floor area of 112,476 m2 (1,210,680 sq ft).
8002:123145471496192::Thread-38 2020-08-09 18:59:42.611 - After the series ended, Smith transitioned from television to film and went on to star in numerous blockbuster films.
8005:123145471496192::Thread-38 2020-08-09 18:59:44.189 - The Vietnam War (Vietnamese: Chiến tranh Việt Nam), also known as the Second Indochina War, and in Vietnam as the Resistance War Against America (Vietnamese: Kháng chiến chống Mỹ) or simply the American War, was a conflict in Vietnam, Laos, and Cambodia from 1 November 1955 to the fall of Saigon on 30 April 1975.
8003:123145471496192::Thread-38 2020-08-09 18:59:44.32 - The club's greatest season was 1966–67, when Celtic became the first British team to win the European Cup, also winning the Scottish league championship, the Scottish Cup, the League Cup and the Glasgow Cup.
8005:123145471496192::Thread-38 2020-08-09 18:59:44.577 - It was the second of the Indochina Wars and was officially fought between North Vietnam and South Vietnam.
8005:123145471496192::Thread-38 2020-08-09 18:59:44.623 - North Vietnam was supported by the Soviet Union, China, and other communist allies; South Vietnam was supported by the United States, South Korea, the Philippines, Australia, Thailand and other anti-communist allies.
8002:123145471496192::Thread-38 2020-08-09 18:59:44.746 - He is the only actor to have eight consecutive films gross over $100 million in the domestic box office, eleven consecutive films gross over $150 million internationally, and eight consecutive films in which he starred open at the number one spot in the domestic box office tally.Smith has been ranked as the most bankable star worldwide by Forbes.
8006:123145471496192::Thread-38 2020-08-09 18:59:44.849 - **END**
8002:123145471496192::Thread-38 2020-08-09 18:59:45.032 - As of 2014, 17 of the 21 films in which he has had leading roles have accumulated worldwide gross earnings of over $100 million each, with five taking in over $500 million each in global box office receipts.
8005:123145471496192::Thread-38 2020-08-09 18:59:45.22 - The war, considered a Cold War-era proxy war by some, lasted 19 years, with direct U.S. involvement ending in 1973, and included the Laotian Civil War and the Cambodian Civil War, which ended with all three countries becoming communist in 1975.
8002:123145471496192::Thread-38 2020-08-09 18:59:45.818 - As of 2016, his films have grossed $7.5 billion at the global box office.
8005:123145471496192::Thread-38 2020-08-09 18:59:46.042 - The conflict emerged from the First Indochina War against the communist-led Viet Minh.
8003:123145471496192::Thread-38 2020-08-09 18:59:46.092 - Celtic also reached the 1970 European Cup Final and the 2003 UEFA Cup Final, losing in both.
8004:123145471496192::Thread-38 2020-08-09 18:59:46.376 - **END**
8005:123145471496192::Thread-38 2020-08-09 18:59:46.476 - Most of the funding for the French war effort was provided by the U.S. After the French quit Indochina in 1954, the US assumed financial and military support for the South Vietnamese state.
8005:123145471496192::Thread-38 2020-08-09 18:59:47.383 - The Việt Cộng, also known as Front national de libération du Sud-Viêt Nam or NLF (the National Liberation Front), a South Vietnamese common front under the direction of North Vietnam, initiated a guerrilla war in the south.
8005:123145471496192::Thread-38 2020-08-09 18:59:47.805 - North Vietnam had also invaded Laos in the mid-1950s in support of insurgents, establishing the Ho Chi Minh Trail to supply and reinforce the Việt Cộng.
8006:123145471496192::Thread-38 2020-08-09 18:59:47.85 - **START**
8006:123145471496192::Thread-38 2020-08-09 18:59:47.855 - Starting new HTTPS connection (1): en.wikipedia.org
8005:123145471496192::Thread-38 2020-08-09 18:59:48.154 - U.S. involvement escalated under President John F. Kennedy through the MAAG program from just under a thousand military advisors in 1959 to 16,000 in 1963.
8006:123145471496192::Thread-38 2020-08-09 18:59:48.949 - The Netherlands national football team (Dutch: Het Nederlands Elftal) has represented the Netherlands in international football matches since 1905.
8003:123145471496192::Thread-38 2020-08-09 18:59:49.101 - **END**
8005:123145471496192::Thread-38 2020-08-09 18:59:49.116 - By 1963, the North Vietnamese had sent 40,000 soldiers to fight in South Vietnam.
8006:123145471496192::Thread-38 2020-08-09 18:59:50.725 - The national team is controlled by the Royal Dutch Football Association (KNVB), which is a part of UEFA, and under the jurisdiction of FIFA the governing body for football in the Netherlands.
8002:123145471496192::Thread-38 2020-08-09 18:59:50.82 - **END**
8005:123145471496192::Thread-38 2020-08-09 18:59:51.12 - **END**
8006:123145471496192::Thread-38 2020-08-09 18:59:51.97 - Most of the Netherlands' home matches are played at the Johan Cruyff Arena and the Stadion Feijenoord.
8006:123145471496192::Thread-38 2020-08-09 18:59:53.871 - The team is colloquially referred to as Het Nederlands Elftal (The Dutch Eleven) or Oranje, after the House of Orange-Nassau and its distinctive orange-based jersey.
8006:123145471496192::Thread-38 2020-08-09 18:59:54.138 - Like the country itself, the team is sometimes (also colloquially) referred to as Holland.
8006:123145471496192::Thread-38 2020-08-09 18:59:56.59 - The fan club is known as "Het Oranje Legioen".The Netherlands has competed in ten FIFA World Cups, appearing in the finals three times (in 1974, 1978 and 2010).
8006:123145471496192::Thread-38 2020-08-09 18:59:56.606 - They have also appeared in nine UEFA European Championships, winning the 1988 tournament in West Germany.
8004:123145471496192::Thread-38 2020-08-09 18:59:57.382 - **START**
8004:123145471496192::Thread-38 2020-08-09 18:59:57.403 - Starting new HTTPS connection (1): en.wikipedia.org
8006:123145471496192::Thread-38 2020-08-09 18:59:59.115 - Additionally, the team won a bronze medal at the Olympic tournament in 1908, 1912 and 1920.
8002:123145471496192::Thread-38 2020-08-09 18:59:59.823 - **START**
8002:123145471496192::Thread-38 2020-08-09 18:59:59.9 - Starting new HTTPS connection (1): en.wikipedia.org
8004:123145471496192::Thread-38 2020-08-09 19:00:00.784 - The Brooklyn Bridge is a hybrid cable-stayed/suspension bridge in New York City, spanning the East River between the boroughs of Manhattan and Brooklyn.
8006:123145471496192::Thread-38 2020-08-09 19:00:00.898 - The Netherlands has long-standing football rivalries with neighbors Belgium and Germany.
8006:123145471496192::Thread-38 2020-08-09 19:00:00.925 - History


Beginnings: 1905–1969

The Netherlands played their first international match in Antwerp against Belgium on 30 April 1905.
8003:123145471496192::Thread-38 2020-08-09 19:00:02.103 - **START**
8003:123145471496192::Thread-38 2020-08-09 19:00:02.162 - Starting new HTTPS connection (1): en.wikipedia.org
8004:123145471496192::Thread-38 2020-08-09 19:00:02.635 - Opened on May 24, 1883, the Brooklyn Bridge was the first fixed crossing across the East River.
8002:123145471496192::Thread-38 2020-08-09 19:00:03.406 - Wall Street is an eight-block-long street in the Financial District of New York City.
8002:123145471496192::Thread-38 2020-08-09 19:00:03.763 - It runs crosstown between Broadway on the west to South Street, at the East River, on the east.
8005:123145471496192::Thread-38 2020-08-09 19:00:04.123 - **START**
8003:123145471496192::Thread-38 2020-08-09 19:00:04.166 - The Tower of London, officially Her Majesty's Royal Palace and Fortress of the Tower of London, is a  historic  castle on the north bank of the River Thames in central London.
8005:123145471496192::Thread-38 2020-08-09 19:00:04.202 - Starting new HTTPS connection (1): en.wikipedia.org
8002:123145471496192::Thread-38 2020-08-09 19:00:04.441 - The term has become a metonym for the financial markets of the United States as a whole, the American financial services industry, or New York–based financial interests.New York City has been called both the most economically powerful city and the leading financial center of the world.
8004:123145471496192::Thread-38 2020-08-09 19:00:04.911 - It was also the longest suspension bridge in the world at the time of its opening, with a main span of 1,595.5 feet (486.3 m) and a deck located 127 ft (38.7 m) above mean high water.
8002:123145471496192::Thread-38 2020-08-09 19:00:05.165 - It is home to the world's two largest stock exchanges by total market capitalization, the New York Stock Exchange, located on Wall Street, and NASDAQ.
8002:123145471496192::Thread-38 2020-08-09 19:00:05.505 - Several other major exchanges have or had headquarters in the Wall Street area, including the New York Mercantile Exchange, the New York Board of Trade, and the former American Stock Exchange.
8002:123145471496192::Thread-38 2020-08-09 19:00:05.724 - History


Early years

There are varying accounts about how the Dutch-named "de Waalstraat"(literally: Walloon Street) got its name.
8003:123145471496192::Thread-38 2020-08-09 19:00:06.483 - It lies within the London Borough of Tower Hamlets, which is separated from the eastern edge of the square mile of the City of London by the open space known as Tower Hill.
8005:123145471496192::Thread-38 2020-08-09 19:00:06.528 - Indira Gandhi International Airport (IATA: DEL, ICAO: VIDP) serves as the major international aviation hub of the Indian capital city of New Delhi as well as India.
8002:123145471496192::Thread-38 2020-08-09 19:00:06.711 - Two conflicting explanations can be considered.
8002:123145471496192::Thread-38 2020-08-09 19:00:07.182 - The first being that Wall Street was named after Walloons—the Dutch name for a Walloon is Waal.
8002:123145471496192::Thread-38 2020-08-09 19:00:07.33 - Among the first settlers that embarked on the ship "Nieu Nederlandt" in 1624 were 30 Walloon families.
8004:123145471496192::Thread-38 2020-08-09 19:00:07.512 - The span was originally called the New York and Brooklyn Bridge or the East River Bridge but was officially renamed the Brooklyn Bridge in 1915.
8005:123145471496192::Thread-38 2020-08-09 19:00:07.665 - The airport, spread over an area of 5,106 acres (2,066 ha), is situated in Palam, 15 km (9.3 mi) south-west of the New Delhi railway station and 16 km (9.9 mi) from New Delhi city centre.
8002:123145471496192::Thread-38 2020-08-09 19:00:07.742 - Peter Minuit, the person who bought Manhattan for the Dutch, was a Walloon.
8002:123145471496192::Thread-38 2020-08-09 19:00:07.969 - The other  is that the name of the street was derived from a wall (actually a wooden palisade) on the northern boundary of the New Amsterdam settlement, built to protect against Native Americans, pirates, and the British.
8003:123145471496192::Thread-38 2020-08-09 19:00:08.119 - It was founded towards the end of 1066 as part of the Norman Conquest of England.
8004:123145471496192::Thread-38 2020-08-09 19:00:08.155 - Proposals for a bridge connecting Manhattan and Brooklyn were first made in the early 19th century, which eventually led to the construction of the current span, designed by John A. Roebling.
8005:123145471496192::Thread-38 2020-08-09 19:00:08.623 - Named after former Prime Minister of India Indira Gandhi, it is the busiest airport in India in terms of passenger traffic since 2009.
8003:123145471496192::Thread-38 2020-08-09 19:00:08.708 - The White Tower, which gives the entire castle its name, was built by William the Conqueror in 1078 and was a resented symbol of oppression, inflicted upon London by the new ruling elite.
8006:123145471496192::Thread-38 2020-08-09 19:00:08.93 - **END**
8005:123145471496192::Thread-38 2020-08-09 19:00:09.3 - It is also the busiest airport in the country in terms of cargo traffic, overtaking Mumbai during late 2015.
8004:123145471496192::Thread-38 2020-08-09 19:00:09.616 - His son Washington Roebling oversaw the construction and contributed further design work, assisted by the latter's wife, Emily Warren Roebling.
8003:123145471496192::Thread-38 2020-08-09 19:00:10.085 - The castle was also used as a prison from 1100 (Ranulf Flambard) until 1952 (Kray twins), although that was not its primary purpose.
8005:123145471496192::Thread-38 2020-08-09 19:00:10.704 - In the calendar year 2018, it was the 12th busiest airport in the world and 6th busiest airport in Asia by passenger traffic handling nearly 70 million passengers.
8002:123145471496192::Thread-38 2020-08-09 19:00:10.969 - **END**
8004:123145471496192::Thread-38 2020-08-09 19:00:11.199 - While construction started in 1870, numerous controversies and the novelty of the designed construction process caused the actual construction to be prolonged over thirteen years.
8003:123145471496192::Thread-38 2020-08-09 19:00:11.474 - A grand palace early in its history, it served as a royal residence.
8004:123145471496192::Thread-38 2020-08-09 19:00:12.541 - Since opening, the Brooklyn Bridge has undergone several reconfigurations, having carried horse-drawn vehicles and elevated railway lines until 1950.
8005:123145471496192::Thread-38 2020-08-09 19:00:12.695 - It is the world's busiest airport for Airbus A320 aircraft.
8004:123145471496192::Thread-38 2020-08-09 19:00:13.093 - To alleviate increasing traffic flows, additional bridges and tunnels were built across the East River.
8003:123145471496192::Thread-38 2020-08-09 19:00:13.443 - As a whole, the Tower is a complex of several buildings set within two concentric rings of defensive walls and a moat.
8004:123145471496192::Thread-38 2020-08-09 19:00:13.633 - Following gradual deterioration, the Brooklyn Bridge has been renovated several times, including in the 1950s, 1980s, and 2010s.
8004:123145471496192::Thread-38 2020-08-09 19:00:13.634 - **END**
8005:123145471496192::Thread-38 2020-08-09 19:00:14.469 - The under construction expansion program will increase the airport's capacity to handle 100 million passengers by 2030.The airport was operated by the Indian Air Force before its management was transferred to the Airports Authority of India.
8003:123145471496192::Thread-38 2020-08-09 19:00:14.687 - There were several phases of expansion, mainly under kings Richard I, Henry III, and Edward I in the 12th and 13th centuries.
8005:123145471496192::Thread-38 2020-08-09 19:00:16.107 - In May 2006, the management of the airport was passed over to Delhi International Airport Limited (DIAL), a consortium led by the GMR Group.
8005:123145471496192::Thread-38 2020-08-09 19:00:16.21 - In September 2008, the airport inaugurated a 4,430 m (14,530 ft) runway.
8003:123145471496192::Thread-38 2020-08-09 19:00:16.522 - The general layout established by the late 13th century remains despite later activity on the site.
8005:123145471496192::Thread-38 2020-08-09 19:00:16.54 - With the commencement of operations at Terminal 3 in 2010, it became India's and South Asia's largest aviation hub.
8003:123145471496192::Thread-38 2020-08-09 19:00:16.927 - The Tower of London has played a prominent role in English history.
8005:123145471496192::Thread-38 2020-08-09 19:00:18.545 - **END**
8003:123145471496192::Thread-38 2020-08-09 19:00:24.932 - **END**