8002:123145744924672::Thread-103 2020-08-09 18:59:26.37 - **START**
8002:123145744924672::Thread-103 2020-08-09 18:59:26.431 - Starting new HTTPS connection (1): en.wikipedia.org
8002:123145744924672::Thread-103 2020-08-09 18:59:29.131 - Willow Camille Reign Smith (born October 31, 2000), also known mononymously as Willow, is an American singer, songwriter, record producer, and actress.
8004:123145744924672::Thread-103 2020-08-09 18:59:29.212 - **START**
8005:123145744924672::Thread-103 2020-08-09 18:59:29.212 - **START**
8003:123145744924672::Thread-103 2020-08-09 18:59:29.268 - **START**
8003:123145744924672::Thread-103 2020-08-09 18:59:29.349 - Starting new HTTPS connection (1): en.wikipedia.org
8004:123145744924672::Thread-103 2020-08-09 18:59:29.349 - Starting new HTTPS connection (1): en.wikipedia.org
8005:123145744924672::Thread-103 2020-08-09 18:59:29.417 - Starting new HTTPS connection (1): en.wikipedia.org
8002:123145744924672::Thread-103 2020-08-09 18:59:30.472 - She is the daughter of Will Smith and Jada Pinkett Smith, and the younger sister of Jaden Smith.
8004:123145744924672::Thread-103 2020-08-09 18:59:31.321 - George VI (Albert Frederick Arthur George; 14 December 1895 – 6 February 1952) was King of the United Kingdom and the Dominions of the British Commonwealth from 11 December 1936 until his death in 1952.
8005:123145744924672::Thread-103 2020-08-09 18:59:31.647 - Dwayne Douglas Johnson (born May 2, 1972), also known by his ring name The Rock, is an American-Canadian actor, producer, businessman, retired professional wrestler, and former American football player.
8002:123145744924672::Thread-103 2020-08-09 18:59:31.731 - Smith made her acting debut in 2007 in the film I Am Legend and later appeared in Kit Kittredge: An American Girl alongside Abigail Breslin.
8004:123145744924672::Thread-103 2020-08-09 18:59:32.18 - Known as "Bertie" among his family and close friends, George VI was born in the reign of his great-grandmother Queen Victoria and was named after his great-grandfather Albert, Prince Consort.
8003:123145744924672::Thread-103 2020-08-09 18:59:32.469 - Karenjit Kaur Vohra (born May 13, 1981), known by her stage name Sunny Leone (), is a model and an actress in the Indian film industry and a former pornographic actress.
8004:123145744924672::Thread-103 2020-08-09 18:59:32.479 - As the second son of King George V, he was not expected to inherit the throne and spent his early life in the shadow of his elder brother, Edward.
8004:123145744924672::Thread-103 2020-08-09 18:59:32.821 - He attended naval college as a teenager and served in the Royal Navy and Royal Air Force during the First World War.
8003:123145744924672::Thread-103 2020-08-09 18:59:32.964 - She has Canadian and American citizenship.
8005:123145744924672::Thread-103 2020-08-09 18:59:33.24 - He wrestled for the World Wrestling Federation (WWF, now WWE) for eight years prior to pursuing an acting career.
8004:123145744924672::Thread-103 2020-08-09 18:59:33.329 - In 1920, he was made Duke of York.
8002:123145744924672::Thread-103 2020-08-09 18:59:33.59 - She received a Young Artist Award for her performance.
8003:123145744924672::Thread-103 2020-08-09 18:59:33.891 - She has also used the stage name Karen Malhotra.
8005:123145744924672::Thread-103 2020-08-09 18:59:33.969 - His films have grossed over $3.5 billion in North America and over $10.5 billion worldwide, making him one of the highest-grossing actors of all time.Johnson was a college football player for the University of Miami, with whom he won a national championship in 1991.
8003:123145744924672::Thread-103 2020-08-09 18:59:34.063 - She was named Penthouse Pet of the Year in 2003, was a contract performer for Vivid Entertainment, and was named by Maxim as one of the 12 top porn stars in 2010.
8004:123145744924672::Thread-103 2020-08-09 18:59:34.222 - He married Lady Elizabeth Bowes-Lyon in 1923, and they had two daughters, Elizabeth and Margaret.
8003:123145744924672::Thread-103 2020-08-09 18:59:34.284 - She has played roles in independent mainstream events, films, and television series.
8002:123145744924672::Thread-103 2020-08-09 18:59:34.603 - Smith launched her music career in the autumn of 2010 with the release of the singles "Whip My Hair" in 2010 and "21st Century Girl" in 2011, and signed to her current mentor Jay-Z's record label Roc Nation in 2010, becoming the youngest artist signed to the label.
8004:123145744924672::Thread-103 2020-08-09 18:59:34.761 - In the mid-1920s, he had speech therapy for a stammer, which he learned to manage to some degree.
8003:123145744924672::Thread-103 2020-08-09 18:59:34.822 - Her first mainstream appearance was in 2005, when she worked as a red carpet reporter for the MTV Video Music Awards on MTV India.
8005:123145744924672::Thread-103 2020-08-09 18:59:34.993 - He initially aspired for a professional career in football and entered the 1995 NFL Draft, but went undrafted.
8003:123145744924672::Thread-103 2020-08-09 18:59:35.148 - In 2011, she participated in the Indian reality television series Bigg Boss.
8006:123145744924672::Thread-103 2020-08-09 18:59:35.263 - **START**
8005:123145744924672::Thread-103 2020-08-09 18:59:35.507 - As a result, he signed with the Calgary Stampeders of the Canadian Football League (CFL), but was cut from the team in the middle of his first season.
8004:123145744924672::Thread-103 2020-08-09 18:59:35.587 - George's elder brother ascended the throne as Edward VIII after their father died in 1936.
8003:123145744924672::Thread-103 2020-08-09 18:59:35.811 - She also has hosted the Indian reality show Splitsvilla.
8003:123145744924672::Thread-103 2020-08-09 18:59:36.05 - In 2012, she made her Bollywood debut in Pooja Bhatt's erotic thriller Jism 2 (2012) and shifted her focus to mainstream acting which was followed up with Jackpot (2013), Ragini MMS 2 (2014), Ek Paheli Leela (2015), Tera Intezaar (2017), and the Malayalam film Madhura Raja in 2019.
8004:123145744924672::Thread-103 2020-08-09 18:59:36.123 - Later that year, Edward abdicated to marry the American socialite Wallis Simpson, and George became the third monarch of the House of Windsor.
8003:123145744924672::Thread-103 2020-08-09 18:59:36.754 - Apart from her acting career she has been part of activism campaigns including the Rock 'n' Roll Los Angeles Half-Marathon to raise money for the American Cancer Society and has also posed for a People for the Ethical Treatment of Animals (PETA) ad campaign with a rescued dog, encouraging pet owners to have their cats and dogs spayed and neutered.
8006:123145744924672::Thread-103 2020-08-09 18:59:36.756 - Starting new HTTPS connection (1): en.wikipedia.org
8005:123145744924672::Thread-103 2020-08-09 18:59:36.773 - Shortly after, he began training as a professional wrestler.In 1996, Johnson secured a contract with the WWF and was promoted as the first third-generation wrestler in the company's history, as he is the son of Rocky Johnson and grandson of Peter Maivia.
8002:123145744924672::Thread-103 2020-08-09 18:59:36.817 - "Whip My Hair" peaked at number 11 on the Billboard Hot 100.
8004:123145744924672::Thread-103 2020-08-09 18:59:36.976 - In September 1939, the British Empire and Commonwealth—except Ireland—declared war on Nazi Germany.
8004:123145744924672::Thread-103 2020-08-09 18:59:37.981 - **END**
8002:123145744924672::Thread-103 2020-08-09 18:59:38.201 - The video was nominated for Video of the Year at the BET Awards of 2011.
8002:123145744924672::Thread-103 2020-08-09 18:59:38.665 - She released her debut album, Ardipithecus, on December 11, 2015.
8005:123145744924672::Thread-103 2020-08-09 18:59:39.074 - He rose to prominence after developing a charismatic persona of a boastful, trash-talking wrestler named The Rock.
8003:123145744924672::Thread-103 2020-08-09 18:59:40.763 - **END**
8006:123145744924672::Thread-103 2020-08-09 18:59:41.073 - Cleopatra VII Philopator (Koinē Greek: Κλεοπάτρα Φιλοπάτωρ, Kleopátra Philopátōr; 69 – 10 or 12 August 30 BC) was the last active ruler of the Ptolemaic Kingdom of Egypt.
8005:123145744924672::Thread-103 2020-08-09 18:59:41.27 - He subsequently won his first WWF Championship in 1998 and helped usher the WWF into the "Attitude Era", a boom period in the company's business in the late 1990s and early 2000s which still holds professional wrestling records for television ratings.
8002:123145744924672::Thread-103 2020-08-09 18:59:41.431 - Early life
Willow Smith was born on October 31, 2000 in Los Angeles.
8005:123145744924672::Thread-103 2020-08-09 18:59:42.255 - In 2004, he left the WWE to pursue an acting career.
8002:123145744924672::Thread-103 2020-08-09 18:59:42.663 - She is the daughter of actress-musician Jada Pinkett Smith and actor-musician Will Smith.
8006:123145744924672::Thread-103 2020-08-09 18:59:43.23 - As a member of the Ptolemaic dynasty, she was a descendant of its founder Ptolemy I Soter, a Macedonian Greek general and companion of Alexander the Great.
8003:123145744924672::Thread-103 2020-08-09 18:59:44.774 - **START**
8003:123145744924672::Thread-103 2020-08-09 18:59:44.777 - Starting new HTTPS connection (1): en.wikipedia.org
8005:123145744924672::Thread-103 2020-08-09 18:59:45.198 - He returned in 2011 as a part-time performer until 2013, and made sporadic appearances from then until fully retiring in 2019.Considered one of the greatest professional wrestlers and biggest wrestling draws of all time, Johnson headlined the most-bought professional wrestling pay-per-view event ever (WrestleMania XXVIII) and was featured among the most watched episodes of WWE's two flagship television shows (Raw and SmackDown).
8006:123145744924672::Thread-103 2020-08-09 18:59:45.37 - After the death of Cleopatra, Egypt became a province of the Roman Empire, marking the end of the second to last Hellenistic state and the age that had lasted since the reign of Alexander (336–323 BC).
8006:123145744924672::Thread-103 2020-08-09 18:59:46.121 - Her native language was Koine Greek, and she was the only Ptolemaic ruler to learn the Egyptian language.In 58 BC, Cleopatra presumably accompanied her father, Ptolemy XII, during his exile to Rome after a revolt in Egypt (a Roman client state) allowing his daughter Berenice IV to claim the throne.
8006:123145744924672::Thread-103 2020-08-09 18:59:46.94 - Berenice was killed in 55 BC when Ptolemy returned to Egypt with Roman military assistance.
8003:123145744924672::Thread-103 2020-08-09 18:59:47.75 - The White House is the official residence and workplace of the president of the United States.
8002:123145744924672::Thread-103 2020-08-09 18:59:48.669 - **END**
8003:123145744924672::Thread-103 2020-08-09 18:59:48.841 - It is located at 1600 Pennsylvania Avenue NW in Washington, D.C., and has been the residence of every U.S. president since John Adams in 1800.
8004:123145744924672::Thread-103 2020-08-09 18:59:48.985 - **START**
8004:123145744924672::Thread-103 2020-08-09 18:59:48.994 - Starting new HTTPS connection (1): en.wikipedia.org
8006:123145744924672::Thread-103 2020-08-09 18:59:49.272 - When he died in 51 BC, the joint reign of Cleopatra and her brother Ptolemy XIII began, but a falling-out between them led to open civil war.
8006:123145744924672::Thread-103 2020-08-09 18:59:50.188 - After losing the 48 BC Battle of Pharsalus in Greece against his rival Julius Caesar (a Roman dictator and consul) in Caesar's Civil War, the Roman statesman Pompey fled to Egypt.
8004:123145744924672::Thread-103 2020-08-09 18:59:50.499 - West Ham United Football Club is an English professional football club based in Stratford, East London.
8003:123145744924672::Thread-103 2020-08-09 18:59:50.666 - The term "White House" is often used as a metonym for the president and his advisers.
8006:123145744924672::Thread-103 2020-08-09 18:59:50.723 - Pompey had been a political ally of Ptolemy XII, but Ptolemy XIII, at the urging of his court eunuchs, had Pompey ambushed and killed before Caesar arrived and occupied Alexandria.
8006:123145744924672::Thread-103 2020-08-09 18:59:50.853 - Caesar then attempted to reconcile the rival Ptolemaic siblings, but Ptolemy's chief adviser Potheinos viewed Caesar's terms as favoring Cleopatra, so his forces besieged her and Caesar at the palace.
8004:123145744924672::Thread-103 2020-08-09 18:59:51.026 - They compete in the Premier League, the top tier of English football.
8006:123145744924672::Thread-103 2020-08-09 18:59:51.198 - Shortly after the siege was lifted by reinforcements, Ptolemy XIII died in the 47 BC Battle of the Nile; Cleopatra's half-sister Arsinoe IV was eventually exiled to Ephesus for her role in carrying out the siege.
8005:123145744924672::Thread-103 2020-08-09 18:59:51.205 - **END**
8004:123145744924672::Thread-103 2020-08-09 18:59:51.286 - The club play at the London Stadium, having moved from their former home the Boleyn Ground in 2016.
8004:123145744924672::Thread-103 2020-08-09 18:59:51.583 - The club was founded in 1895 as Thames Ironworks and reformed in 1900 as West Ham United.
8003:123145744924672::Thread-103 2020-08-09 18:59:51.606 - The residence was designed by Irish-born architect James Hoban in the neoclassical style.
8004:123145744924672::Thread-103 2020-08-09 18:59:51.674 - They moved to the Boleyn Ground in 1904, which remained their home ground for more than a century.
8003:123145744924672::Thread-103 2020-08-09 18:59:52.127 - Hoban modelled the building on Leinster House in Dublin, a building which today houses the Oireachtas, the Irish legislature.
8004:123145744924672::Thread-103 2020-08-09 18:59:52.422 - The team initially competed in the Southern League and Western League before joining the Football League in 1919.
8004:123145744924672::Thread-103 2020-08-09 18:59:53.367 - They were promoted to the top flight in 1923, when they were also losing finalists in the first FA Cup Final held at Wembley.
8004:123145744924672::Thread-103 2020-08-09 18:59:53.792 - In 1940, the club won the inaugural Football League War Cup.
8003:123145744924672::Thread-103 2020-08-09 18:59:53.943 - Construction took place between 1792 and 1800 using Aquia Creek sandstone painted white.
8003:123145744924672::Thread-103 2020-08-09 18:59:54.063 - When Thomas Jefferson moved into the house in 1801, he (with architect Benjamin Henry Latrobe) added low colonnades on each wing that concealed stables and storage.
8004:123145744924672::Thread-103 2020-08-09 18:59:54.551 - West Ham have been winners of the FA Cup three times; in 1964, 1975 and 1980, and have also been runners-up twice; in 1923 and 2006.
8004:123145744924672::Thread-103 2020-08-09 18:59:54.911 - The club have reached two major European finals, winning the European Cup Winners' Cup in 1965 and finishing runners-up in the same competition in 1976.
8003:123145744924672::Thread-103 2020-08-09 18:59:55.451 - In 1814, during the War of 1812, the mansion was set ablaze by the British Army in the Burning of Washington, destroying the interior and charring much of the exterior.
8003:123145744924672::Thread-103 2020-08-09 18:59:55.67 - Reconstruction began almost immediately, and President James Monroe moved into the partially reconstructed Executive Residence in October 1817.
8002:123145744924672::Thread-103 2020-08-09 18:59:56.673 - **START**
8002:123145744924672::Thread-103 2020-08-09 18:59:56.678 - Starting new HTTPS connection (1): en.wikipedia.org
8006:123145744924672::Thread-103 2020-08-09 18:59:57.199 - **END**
8005:123145744924672::Thread-103 2020-08-09 18:59:57.207 - **START**
8005:123145744924672::Thread-103 2020-08-09 18:59:57.216 - Starting new HTTPS connection (1): en.wikipedia.org
8003:123145744924672::Thread-103 2020-08-09 18:59:57.3 - Exterior construction continued with the addition of the semi-circular South portico in 1824 and the North portico in 1829.
8003:123145744924672::Thread-103 2020-08-09 18:59:58.301 - **END**
8002:123145744924672::Thread-103 2020-08-09 18:59:58.748 - Wall Street is an eight-block-long street in the Financial District of New York City.
8005:123145744924672::Thread-103 2020-08-09 18:59:58.77 - Avatar (marketed as James Cameron's Avatar) is a 2009 American epic science fiction film directed, written, produced, and co-edited by James Cameron and stars Sam Worthington, Zoe Saldana, Stephen Lang, Michelle Rodriguez, and Sigourney Weaver.
8005:123145744924672::Thread-103 2020-08-09 18:59:59.084 - The film is set in the mid-22nd century when humans are colonizing Pandora, a lush habitable moon of a gas giant in the Alpha Centauri star system, in order to mine the mineral unobtanium, a room-temperature superconductor.
8005:123145744924672::Thread-103 2020-08-09 18:59:59.383 - The expansion of the mining colony threatens the continued existence of a local tribe of Na'vi – a humanoid species indigenous to Pandora.
8005:123145744924672::Thread-103 2020-08-09 18:59:59.679 - The film's title refers to a genetically engineered Na'vi body operated from the brain of a remotely located human that is used to interact with the natives of Pandora.Development of Avatar began in 1994, when Cameron wrote an 80-page treatment for the film.
8002:123145744924672::Thread-103 2020-08-09 19:00:00.634 - It runs crosstown between Broadway on the west to South Street, at the East River, on the east.
8002:123145744924672::Thread-103 2020-08-09 19:00:00.848 - The term has become a metonym for the financial markets of the United States as a whole, the American financial services industry, or New York–based financial interests.New York City has been called both the most economically powerful city and the leading financial center of the world.
8002:123145744924672::Thread-103 2020-08-09 19:00:01.079 - It is home to the world's two largest stock exchanges by total market capitalization, the New York Stock Exchange, located on Wall Street, and NASDAQ.
8005:123145744924672::Thread-103 2020-08-09 19:00:01.085 - Filming was supposed to take place after the completion of Cameron's 1997 film Titanic, for a planned release in 1999, but, according to Cameron, the necessary technology was not yet available to achieve his vision of the film.
8002:123145744924672::Thread-103 2020-08-09 19:00:01.509 - Several other major exchanges have or had headquarters in the Wall Street area, including the New York Mercantile Exchange, the New York Board of Trade, and the former American Stock Exchange.
8005:123145744924672::Thread-103 2020-08-09 19:00:01.959 - Work on the language of the film's extraterrestrial beings began in 2005, and Cameron began developing the screenplay and fictional universe in early 2006.
8005:123145744924672::Thread-103 2020-08-09 19:00:02.406 - Avatar was officially budgeted at $237 million.
8002:123145744924672::Thread-103 2020-08-09 19:00:03.398 - History


Early years

There are varying accounts about how the Dutch-named "de Waalstraat"(literally: Walloon Street) got its name.
8004:123145744924672::Thread-103 2020-08-09 19:00:03.912 - **END**
8005:123145744924672::Thread-103 2020-08-09 19:00:04.45 - Other estimates put the cost between $280 million and $310 million for production and at $150 million for promotion.
8005:123145744924672::Thread-103 2020-08-09 19:00:04.539 - The film made extensive use of new motion capture filming techniques, and was released for traditional viewing, 3D viewing (using the RealD 3D, Dolby 3D, XpanD 3D, and IMAX 3D formats), and for "4D" experiences in select South Korean theaters.
8002:123145744924672::Thread-103 2020-08-09 19:00:04.603 - Two conflicting explanations can be considered.
8005:123145744924672::Thread-103 2020-08-09 19:00:04.851 - The stereoscopic filmmaking was touted as a breakthrough in cinematic technology.Avatar premiered in London on December 10, 2009, and was released in the United States on December 18 to positive reviews, with critics highly praising its groundbreaking visual effects.
8002:123145744924672::Thread-103 2020-08-09 19:00:06.168 - The first being that Wall Street was named after Walloons—the Dutch name for a Walloon is Waal.
8002:123145744924672::Thread-103 2020-08-09 19:00:07.947 - Among the first settlers that embarked on the ship "Nieu Nederlandt" in 1624 were 30 Walloon families.
8002:123145744924672::Thread-103 2020-08-09 19:00:09.564 - Peter Minuit, the person who bought Manhattan for the Dutch, was a Walloon.
8005:123145744924672::Thread-103 2020-08-09 19:00:09.855 - **END**
8002:123145744924672::Thread-103 2020-08-09 19:00:09.886 - The other  is that the name of the street was derived from a wall (actually a wooden palisade) on the northern boundary of the New Amsterdam settlement, built to protect against Native Americans, pirates, and the British.
8003:123145744924672::Thread-103 2020-08-09 19:00:10.305 - **START**
8003:123145744924672::Thread-103 2020-08-09 19:00:10.309 - Starting new HTTPS connection (1): en.wikipedia.org
8003:123145744924672::Thread-103 2020-08-09 19:00:12.149 - The London Eye, or the Millennium Wheel, is a cantilevered observation wheel on the South Bank of the River Thames in London.
8006:123145744924672::Thread-103 2020-08-09 19:00:12.201 - **START**
8006:123145744924672::Thread-103 2020-08-09 19:00:12.203 - Starting new HTTPS connection (1): en.wikipedia.org
8003:123145744924672::Thread-103 2020-08-09 19:00:12.799 - It is Europe's tallest cantilevered observation wheel, and is the most popular paid tourist attraction in the United Kingdom with over 3 million visitors annually, and has made many appearances in popular culture.
8006:123145744924672::Thread-103 2020-08-09 19:00:13.442 - Genghis Khan (born Temüjin Borjigin, c. 1155 – c. 1162 –  August 18, 1227), also officially Genghis Emperor, was the founder and first Great Khan and Emperor of the Mongol Empire, which became the largest contiguous empire in history after his death.
8003:123145744924672::Thread-103 2020-08-09 19:00:13.5 - The structure is 135 metres (443 ft) tall and the wheel has a diameter of 120 metres (394 ft).
8006:123145744924672::Thread-103 2020-08-09 19:00:14.426 - He came to power by uniting many of the nomadic tribes of Northeast Asia.
8003:123145744924672::Thread-103 2020-08-09 19:00:14.476 - When it opened to the public in 2000 it was the world's tallest Ferris wheel.
8003:123145744924672::Thread-103 2020-08-09 19:00:15.632 - Its height was surpassed by the 160-metre (525 ft) Star of Nanchang in 2006, the 165-metre (541 ft) Singapore Flyer in 2008, and the 167-metre-tall (547.9 ft) High Roller (Las Vegas) in 2014.
8006:123145744924672::Thread-103 2020-08-09 19:00:16.165 - After founding the Empire and being proclaimed Genghis Khan, meaning Universal ruler, he launched the Mongol invasions that conquered most of Eurasia.
8003:123145744924672::Thread-103 2020-08-09 19:00:16.888 - Supported by an A-frame on one side only, unlike the taller Nanchang and Singapore wheels, the Eye is described by its operators as "the world's tallest cantilevered observation wheel".The London Eye used to offer the highest public viewing point in London until it was superseded by the 245-metre-high (804 ft) observation deck on the 72nd floor of The Shard, which opened to the public on 1 February 2013.The London Eye adjoins the western end of Jubilee Gardens (previously the site of the former Dome of Discovery), on the South Bank of the River Thames between Westminster Bridge and Hungerford Bridge beside County Hall, in the London Borough of Lambeth.
8003:123145744924672::Thread-103 2020-08-09 19:00:17.274 - In March 2020 the London Eye celebrated its 20th birthday by turning its pods into experiences in partnership with its sponsor lastminute.com.
8002:123145744924672::Thread-103 2020-08-09 19:00:17.888 - **END**
8006:123145744924672::Thread-103 2020-08-09 19:00:18.726 - Reaching as far west as Poland, and the Levant in the Middle East.
8003:123145744924672::Thread-103 2020-08-09 19:00:18.731 - The special experiences included a pub in a capsule, a west end theatre pod and a garden party with flower arrangements to represent the eight London Royal parks.
8003:123145744924672::Thread-103 2020-08-09 19:00:20.2 - History


Design and construction

The London Eye was designed by the husband-and-wife team of Julia Barfield and David Marks of Marks Barfield Architects.Mace was responsible for construction management, with Hollandia as the main steelwork contractor and Tilbury Douglas as the civil contractor.
8003:123145744924672::Thread-103 2020-08-09 19:00:20.477 - Consulting engineers Tony Gee & Partners designed the foundation works while Beckett Rankine designed the marine works.Nathaniel Lichfield and Partners assisted The Tussauds Group in obtaining planning and listed building consent to alter the wall on the South Bank of the Thames.
8003:123145744924672::Thread-103 2020-08-09 19:00:20.477 - **END**
8006:123145744924672::Thread-103 2020-08-09 19:00:20.674 - Campaigns initiated in his lifetime include those against the Qara Khitai, Khwarezmia, and the Western Xia and Jin dynasties, and raids into Medieval Georgia, the Kievan Rus', and Volga Bulgaria.
8006:123145744924672::Thread-103 2020-08-09 19:00:22.194 - These campaigns were often accompanied by large-scale massacres of the civilian populations, especially in the Khwarazmian- and Western Xia–controlled lands.
8006:123145744924672::Thread-103 2020-08-09 19:00:22.915 - Because of this brutality, which left millions dead, he is considered by many to have been a brutal ruler.
8006:123145744924672::Thread-103 2020-08-09 19:00:24.896 - By the end of his life, the Mongol Empire occupied a substantial portion of Central Asia and China.
8006:123145744924672::Thread-103 2020-08-09 19:00:26.462 - Due to his exceptional military successes, Genghis Khan is often considered to be the greatest conqueror of all time.Before Genghis Khan died he assigned Ögedei Khan as his successor.
8006:123145744924672::Thread-103 2020-08-09 19:00:27.676 - Later his grandsons split his empire into khanates.
8006:123145744924672::Thread-103 2020-08-09 19:00:31.682 - **END**