8004:123146291781632::Thread-233 2020-08-09 18:59:26.298 - **START**
8004:123146291781632::Thread-233 2020-08-09 18:59:26.433 - Starting new HTTPS connection (1): en.wikipedia.org
8004:123146291781632::Thread-233 2020-08-09 18:59:29.322 - Machu Picchu is a 15th-century Inca citadel, located in the Eastern Cordillera of southern Peru, on a 2,430-metre (7,970 ft) mountain ridge.
8002:123146291781632::Thread-233 2020-08-09 18:59:29.371 - **START**
8002:123146291781632::Thread-233 2020-08-09 18:59:29.861 - Starting new HTTPS connection (1): en.wikipedia.org
8006:123146291781632::Thread-233 2020-08-09 18:59:30.279 - **START**
8004:123146291781632::Thread-233 2020-08-09 18:59:30.457 - It is located in the Cusco Region, Urubamba Province, Machupicchu District, above the Sacred Valley, which is 80 kilometres (50 mi) northwest of Cuzco.
8006:123146291781632::Thread-233 2020-08-09 18:59:30.835 - Starting new HTTPS connection (1): en.wikipedia.org
8004:123146291781632::Thread-233 2020-08-09 18:59:31.388 - The Urubamba River flows past it, cutting through the Cordillera and creating a canyon with a tropical mountain climate.For most speakers of English or Spanish, the first 'c' in Picchu is silent.
8002:123146291781632::Thread-233 2020-08-09 18:59:32.005 - Indira Gandhi International Airport (IATA: DEL, ICAO: VIDP) serves as the major international aviation hub of the Indian capital city of New Delhi as well as India.
8002:123146291781632::Thread-233 2020-08-09 18:59:32.447 - The airport, spread over an area of 5,106 acres (2,066 ha), is situated in Palam, 15 km (9.3 mi) south-west of the New Delhi railway station and 16 km (9.9 mi) from New Delhi city centre.
8006:123146291781632::Thread-233 2020-08-09 18:59:32.466 - The Palace of Versailles ( vair-SY, vur-SY; French: Château de Versailles [ʃɑto d(ə) vɛʁsɑj] (listen)) was the principal royal residence of France from 1682, under Louis XIV, until the start of the French Revolution in 1789, under Louis XVI.
8002:123146291781632::Thread-233 2020-08-09 18:59:32.965 - Named after former Prime Minister of India Indira Gandhi, it is the busiest airport in India in terms of passenger traffic since 2009.
8002:123146291781632::Thread-233 2020-08-09 18:59:33.176 - It is also the busiest airport in the country in terms of cargo traffic, overtaking Mumbai during late 2015.
8004:123146291781632::Thread-233 2020-08-09 18:59:34.078 - In English, the name is pronounced  or ,
in Spanish as [ˈmatʃu ˈpitʃu] or [ˈmatʃu ˈpiktʃu],
and in Quechua (Machu Pikchu) as [ˈmatʃʊ ˈpɪktʃʊ].
8002:123146291781632::Thread-233 2020-08-09 18:59:34.09 - In the calendar year 2018, it was the 12th busiest airport in the world and 6th busiest airport in Asia by passenger traffic handling nearly 70 million passengers.
8006:123146291781632::Thread-233 2020-08-09 18:59:34.118 - It is located in the department of Yvelines, in the region of Île-de-France, about 20 kilometres (12 miles) southwest of the centre of Paris.A simple hunting lodging and later a small château with a moat occupied the site until 1661, when the first work expanding the château into a palace was carried out for Louis XIV.
8006:123146291781632::Thread-233 2020-08-09 18:59:34.424 - In 1682, when the palace had become large enough, the king moved the entire royal court and the French government to Versailles.
8002:123146291781632::Thread-233 2020-08-09 18:59:34.507 - It is the world's busiest airport for Airbus A320 aircraft.
8002:123146291781632::Thread-233 2020-08-09 18:59:34.659 - The under construction expansion program will increase the airport's capacity to handle 100 million passengers by 2030.The airport was operated by the Indian Air Force before its management was transferred to the Airports Authority of India.
8002:123146291781632::Thread-233 2020-08-09 18:59:34.959 - In May 2006, the management of the airport was passed over to Delhi International Airport Limited (DIAL), a consortium led by the GMR Group.
8006:123146291781632::Thread-233 2020-08-09 18:59:35.384 - Some of the palace furniture at this time was constructed of solid silver, but in 1689 much of it was melted down to pay for the cost of war.
8002:123146291781632::Thread-233 2020-08-09 18:59:35.666 - In September 2008, the airport inaugurated a 4,430 m (14,530 ft) runway.
8002:123146291781632::Thread-233 2020-08-09 18:59:35.981 - With the commencement of operations at Terminal 3 in 2010, it became India's and South Asia's largest aviation hub.
8004:123146291781632::Thread-233 2020-08-09 18:59:36.075 - Most archaeologists believe that Machu Picchu was constructed as an estate for the Inca emperor Pachacuti (1438–1472).
8003:123146291781632::Thread-233 2020-08-09 18:59:36.352 - **START**
8006:123146291781632::Thread-233 2020-08-09 18:59:36.56 - Subsequent rulers mostly carried out interior remodeling, to meet the demands of changing taste, although Louis XV did install an opera house at the north end of the north wing for the wedding of the Dauphin and Marie Antoinette in 1770.
8003:123146291781632::Thread-233 2020-08-09 18:59:36.592 - Starting new HTTPS connection (1): en.wikipedia.org
8004:123146291781632::Thread-233 2020-08-09 18:59:37.305 - Often mistakenly referred to as the "Lost City of the Incas", it is the most familiar icon of Inca civilization.
8006:123146291781632::Thread-233 2020-08-09 18:59:37.998 - The palace has also been a site of historical importance.
8006:123146291781632::Thread-233 2020-08-09 18:59:38.984 - The Peace of Paris (1783) was signed at Versailles, the Proclamation of the German Empire occurred in the vaunted Hall of Mirrors, and World War I was ended in the palace with the Treaty of Versailles, among many other events.
8004:123146291781632::Thread-233 2020-08-09 18:59:39.899 - The Incas built the estate around 1450 but abandoned it a century later at the time of the Spanish conquest.
8006:123146291781632::Thread-233 2020-08-09 18:59:40.07 - The palace is now a historical monument and UNESCO World Heritage site, notable especially for the ceremonial Hall of Mirrors, the jewel-like Royal Opera, and the royal apartments; for the more intimate royal residences, the Grand Trianon and Petit Trianon located within the park; the small rustic Hameau (Hamlet) created for Marie Antoinette; and the vast Gardens of Versailles with fountains, canals, and geometric flower beds and groves, laid out by André le Nôtre.
8003:123146291781632::Thread-233 2020-08-09 18:59:40.18 - The Colossus of Rhodes (Ancient Greek: ὁ Κολοσσὸς Ῥόδιος, romanized: ho Kolossòs Rhódios Greek: Κολοσσός της Ρόδου, romanized: Kolossós tes Rhódou) was a statue of the Greek sun-god Helios, erected in the city of Rhodes, on the Greek island of the same name, by Chares of Lindos in 280 BC.
8004:123146291781632::Thread-233 2020-08-09 18:59:41.184 - Although known locally, it was not known to the Spanish during the colonial period and remained unknown to the outside world until American historian Hiram Bingham brought it to international attention in 1911.
8003:123146291781632::Thread-233 2020-08-09 18:59:41.231 - One of the Seven Wonders of the Ancient World, it was constructed to celebrate its successful defense against Demetrius Poliorcetes, who had besieged it for a year with a large army and navy.
8006:123146291781632::Thread-233 2020-08-09 18:59:41.426 - The Palace was stripped of all its furnishings after the French Revolution, but many pieces have been returned and many of the palace rooms have been restored.
8006:123146291781632::Thread-233 2020-08-09 18:59:41.569 - In 2017 the Palace of Versailles received 7,700,000 visitors, making it the second-most visited monument in the Île-de-France region, just behind the Louvre and ahead of the Eiffel Tower.
8002:123146291781632::Thread-233 2020-08-09 18:59:41.983 - **END**
8006:123146291781632::Thread-233 2020-08-09 18:59:41.998 - History


The hunting lodge and château of Louis XIII
 
The site of the Palace was first occupied by a small village and church, surrounded by forests filled with abundant game.
8003:123146291781632::Thread-233 2020-08-09 18:59:42.21 - According to most contemporary descriptions, the Colossus stood approximately 70 cubits, or 33 metres (108 feet) high—the approximate height of the modern Statue of Liberty from feet to crown—making it the tallest statue in the ancient world.
8005:123146291781632::Thread-233 2020-08-09 18:59:42.264 - **START**
8003:123146291781632::Thread-233 2020-08-09 18:59:43.065 - It collapsed during the earthquake of 226 BC, although parts of it were preserved.
8004:123146291781632::Thread-233 2020-08-09 18:59:43.148 - Machu Picchu was built in the classical Inca style, with polished dry-stone walls.
8005:123146291781632::Thread-233 2020-08-09 18:59:43.186 - Starting new HTTPS connection (1): en.wikipedia.org
8003:123146291781632::Thread-233 2020-08-09 18:59:43.416 - In accordance with a certain oracle, the Rhodians did not build it again.
8006:123146291781632::Thread-233 2020-08-09 18:59:43.881 - It was owned by the Gondi family and the priory of Saint Julian.
8005:123146291781632::Thread-233 2020-08-09 18:59:44.774 - Mohandas Karamchand Gandhi (; 2 October 1869 – 30 January 1948) was an Indian lawyer, anti-colonial nationalist, and political ethicist, who employed nonviolent resistance to lead the successful campaign for India's independence from British Rule, and in turn inspired movements for civil rights and freedom across the world.
8004:123146291781632::Thread-233 2020-08-09 18:59:44.853 - Its three primary structures are the Intihuatana, the Temple of the Sun, and the Room of the Three Windows.
8003:123146291781632::Thread-233 2020-08-09 18:59:45.221 - John Malalas wrote that Hadrian in his reign reerected the Colossus, but he was wrong.
8005:123146291781632::Thread-233 2020-08-09 18:59:45.439 - The honorific Mahātmā (Sanskrit: "great-souled", "venerable"), first applied to him in 1914 in South Africa, is now used throughout the world.Born and raised in a Hindu family in coastal Gujarat, western India, Gandhi was trained in law at the Inner Temple, London, and called to the bar at age 22 in June 1891.
8006:123146291781632::Thread-233 2020-08-09 18:59:45.882 - **END**
8005:123146291781632::Thread-233 2020-08-09 18:59:46.349 - After two uncertain years in India, where he was unable to start a successful law practice, he moved to South Africa in 1893 to represent an Indian merchant in a lawsuit.
8004:123146291781632::Thread-233 2020-08-09 18:59:46.856 - **END**
8003:123146291781632::Thread-233 2020-08-09 18:59:46.885 - According to Suda, the Rhodians were called Colossaeans (Κολοσσαεῖς), because they erected the statue on the island.Since 2008, a series of as-yet-unrealized proposals to build a new Colossus at Rhodes Harbour have been announced, although the actual location of the original monument remains in dispute.
8003:123146291781632::Thread-233 2020-08-09 18:59:47.048 - Siege of Rhodes

In the late 4th century BC, Rhodes, allied with Ptolemy I of Egypt, prevented a mass invasion staged by their common enemy, Antigonus I Monophthalmus.
8002:123146291781632::Thread-233 2020-08-09 18:59:47.991 - **START**
8002:123146291781632::Thread-233 2020-08-09 18:59:48.004 - Starting new HTTPS connection (1): en.wikipedia.org
8005:123146291781632::Thread-233 2020-08-09 18:59:48.331 - He went on to stay for 21 years.
8003:123146291781632::Thread-233 2020-08-09 18:59:48.453 - In 304 BC a relief force of ships sent by Ptolemy arrived, and Demetrius (son of Antigonus) and his army abandoned the siege, leaving behind most of their siege equipment.
8005:123146291781632::Thread-233 2020-08-09 18:59:48.583 - It was in South Africa that Gandhi raised a family, and first employed nonviolent resistance in a campaign for civil rights.
8002:123146291781632::Thread-233 2020-08-09 18:59:48.837 - Confucius ( kən-FEW-shəs; (Chinese: 孔夫子; pinyin: Kǒng Fūzǐ, English: Master Kǒng) 551 BC–479 BC) was a Chinese philosopher and politician of the Spring and Autumn period.
8002:123146291781632::Thread-233 2020-08-09 18:59:49.599 - The philosophy of Confucius, also known as Confucianism, emphasized personal and governmental morality, correctness of social relationships, justice, kindness, and sincerity.
8003:123146291781632::Thread-233 2020-08-09 18:59:50.39 - To celebrate their victory, the Rhodians sold the equipment left behind for 300 talents and decided to use the money to build a colossal statue of their patron god, Helios.
8002:123146291781632::Thread-233 2020-08-09 18:59:50.403 - His followers competed successfully with many other schools during the Hundred Schools of Thought era only to be suppressed in favor of the Legalists during the Qin dynasty.
8005:123146291781632::Thread-233 2020-08-09 18:59:50.42 - In 1915, aged 45, he returned to India.
8003:123146291781632::Thread-233 2020-08-09 18:59:50.509 - Construction was left to the direction of Chares, a native of Lindos in Rhodes, who had been involved with large-scale statues before.
8002:123146291781632::Thread-233 2020-08-09 18:59:50.68 - Following the victory of Han over Chu after the collapse of Qin, Confucius's thoughts received official sanction in the new government and were further developed into a system known in the West as Neo-Confucianism, and later New Confucianism (Modern Neo-Confucianism).
8002:123146291781632::Thread-233 2020-08-09 18:59:51.018 - Confucius is traditionally credited with having authored or edited many of the Chinese classic texts including all of the Five Classics, but modern scholars are cautious of attributing specific assertions to Confucius himself.
8002:123146291781632::Thread-233 2020-08-09 18:59:51.072 - Aphorisms concerning his teachings were compiled in the Analects, but only many years after his death.
8002:123146291781632::Thread-233 2020-08-09 18:59:51.274 - Confucius's principles have commonality with Chinese tradition and belief.
8002:123146291781632::Thread-233 2020-08-09 18:59:51.368 - He championed strong family loyalty, ancestor veneration, and respect of elders by their children and of husbands by their wives, recommending family as a basis for ideal government.
8005:123146291781632::Thread-233 2020-08-09 18:59:52.082 - He set about organising peasants, farmers, and urban labourers to protest against excessive land-tax and discrimination.
8002:123146291781632::Thread-233 2020-08-09 18:59:52.114 - He espoused the well-known principle "Do not do unto others what you do not want done to yourself", the Golden Rule.
8002:123146291781632::Thread-233 2020-08-09 18:59:52.581 - He is also a traditional deity in Daoism.
8005:123146291781632::Thread-233 2020-08-09 18:59:52.836 - Assuming leadership of the Indian National Congress in 1921, Gandhi led nationwide campaigns for easing poverty, expanding women's rights, building religious and ethnic amity, ending untouchability, and above all for achieving Swaraj or self-rule.The same year Gandhi adopted the Indian loincloth, or short dhoti and, in the winter, a shawl, both woven with yarn hand-spun on a traditional Indian spinning wheel, or charkha, as a mark of identification with India's rural poor.
8005:123146291781632::Thread-233 2020-08-09 18:59:53.11 - Thereafter, he lived modestly in a self-sufficient residential community, ate simple vegetarian food, and undertook long fasts as a means of self-purification and political protest.
8003:123146291781632::Thread-233 2020-08-09 18:59:53.512 - **END**
8005:123146291781632::Thread-233 2020-08-09 18:59:54.757 - Bringing anti-colonial nationalism to the common Indians, Gandhi led them in challenging the British-imposed salt tax with the 400 km (250 mi) Dandi Salt March in 1930, and later in calling for the British to Quit India in 1942.
8005:123146291781632::Thread-233 2020-08-09 18:59:54.757 - **END**
8006:123146291781632::Thread-233 2020-08-09 18:59:56.892 - **START**
8006:123146291781632::Thread-233 2020-08-09 18:59:56.904 - Starting new HTTPS connection (1): en.wikipedia.org
8002:123146291781632::Thread-233 2020-08-09 18:59:57.584 - **END**
8004:123146291781632::Thread-233 2020-08-09 18:59:57.862 - **START**
8006:123146291781632::Thread-233 2020-08-09 18:59:57.876 - Metallica (commonly known as The Black Album) is the fifth studio album by American heavy metal band Metallica, released on August 12, 1991, through Elektra Records.
8004:123146291781632::Thread-233 2020-08-09 18:59:58.143 - Starting new HTTPS connection (1): en.wikipedia.org
8006:123146291781632::Thread-233 2020-08-09 18:59:58.421 - It was recorded in an eight-month span at One on One Recording Studios in Los Angeles.
8003:123146291781632::Thread-233 2020-08-09 18:59:58.517 - **START**
8003:123146291781632::Thread-233 2020-08-09 18:59:58.59 - Starting new HTTPS connection (1): en.wikipedia.org
8006:123146291781632::Thread-233 2020-08-09 18:59:58.914 - The recording of the album was troubled, however, and, during production, the band frequently came into conflict with their new producer Bob Rock.
8003:123146291781632::Thread-233 2020-08-09 18:59:59.662 - The Alcatraz Federal Penitentiary or United States Penitentiary, Alcatraz Island (often referred to as Alcatraz [, Spanish pronunciation: [al-ka-tɾas] (Latin America)/Spanish pronunciation: [al-ka-tɾaθ] (Spain) from Arabic: غطاس‎, romanized: al-ġaţţās, lit.
8004:123146291781632::Thread-233 2020-08-09 18:59:59.698 - Spain (Spanish: España, [esˈpaɲa] (listen)), officially the Kingdom of Spain (Spanish: Reino de España), is a country in Southwestern Europe with some pockets of territory across the Strait of Gibraltar and the Atlantic Ocean.
8006:123146291781632::Thread-233 2020-08-09 18:59:59.794 - The album marked a change in the band's sound from the thrash metal style of the previous four albums to a slower and heavier one rooted in heavy metal.
8004:123146291781632::Thread-233 2020-08-09 18:59:59.932 - Its continental European territory is situated on the Iberian Peninsula.
8006:123146291781632::Thread-233 2020-08-09 19:00:00.106 - Metallica promoted Metallica with a series of tours.
8003:123146291781632::Thread-233 2020-08-09 19:00:00.424 - 'gannet ("the diver")'] or The Rock) was a maximum security federal prison on Alcatraz Island, 1.25 miles (2.01 km) off the coast of San Francisco, California, United States, the site of a fort since the 1850s; the main prison building was built in 1910–1912 as a United States Army military prison.
8005:123146291781632::Thread-233 2020-08-09 19:00:00.763 - **START**
8005:123146291781632::Thread-233 2020-08-09 19:00:00.785 - Starting new HTTPS connection (1): en.wikipedia.org
8004:123146291781632::Thread-233 2020-08-09 19:00:00.952 - Its territory also includes two archipelagos: the Canary Islands off the coast of North Africa, and the Balearic Islands in the Mediterranean Sea.
8006:123146291781632::Thread-233 2020-08-09 19:00:01.054 - They also released five singles to promote the album: "Enter Sandman", "The Unforgiven", "Nothing Else Matters", "Wherever I May Roam", and "Sad but True", all of which have been considered to be among the band's best-known songs.
8003:123146291781632::Thread-233 2020-08-09 19:00:01.066 - The United States Department of Justice acquired the United States Disciplinary Barracks, Pacific Branch, on Alcatraz on 12 October 1933, and the island became a prison of the Federal Bureau of Prisons in August 1934 after the buildings were modernized and security increased.
8003:123146291781632::Thread-233 2020-08-09 19:00:01.174 - Given this high security and the island's location in the cold waters and strong currents of San Francisco Bay, prison operators believed Alcatraz to be escape-proof and America's strongest prison.
8006:123146291781632::Thread-233 2020-08-09 19:00:01.382 - The song "Don't Tread on Me" was also issued to rock radio shortly after the album's release but did not receive a commercial single release.
8003:123146291781632::Thread-233 2020-08-09 19:00:01.622 - The three-story cellhouse included the four main cell blocks, A-block through D-block, the warden's office, visitation room, the library, and the barber shop.
8003:123146291781632::Thread-233 2020-08-09 19:00:01.831 - The prison cells typically measured 9 feet (2.7 m) by 5 feet (1.5 m) and 7 feet (2.1 m) high.
8003:123146291781632::Thread-233 2020-08-09 19:00:01.868 - The cells were primitive and lacked privacy, with a bed, desk, and washbasin, and a toilet on the back wall, and with few furnishings except a blanket.
8003:123146291781632::Thread-233 2020-08-09 19:00:02.086 - African-Americans were segregated from other inmates in cell designation due to racial abuse.
8006:123146291781632::Thread-233 2020-08-09 19:00:02.249 - Metallica received widespread critical acclaim and became the band's best-selling album.
8006:123146291781632::Thread-233 2020-08-09 19:00:02.608 - It debuted at number one in ten countries and spent four consecutive weeks at the top of the Billboard 200, making it Metallica's first album to top the album charts.
8003:123146291781632::Thread-233 2020-08-09 19:00:02.682 - D-Block housed the worst inmates, and six cells at its end were designated "The Hole," where badly behaving prisoners would be sent for periods of often brutal punishment.
8005:123146291781632::Thread-233 2020-08-09 19:00:02.842 - Kristen Jaymes Stewart (born April 9, 1990) is an American actress and filmmaker.
8003:123146291781632::Thread-233 2020-08-09 19:00:03.084 - The dining hall and kitchen extended from the main building.
8006:123146291781632::Thread-233 2020-08-09 19:00:03.518 - Metallica is one of the best-selling albums worldwide, and also one of the best-selling albums in the United States since Nielsen SoundScan tracking began.
8004:123146291781632::Thread-233 2020-08-09 19:00:03.848 - The African enclaves of Ceuta, Melilla, and Peñón de Vélez de la Gomera, makes Spain the only European country to have a physical border with an African country (Morocco).
8005:123146291781632::Thread-233 2020-08-09 19:00:04.062 - The world's highest-paid actress in 2010 and 2012, she is the recipient of several accolades, including a BAFTA Award and a César Award, which she was the first American actress to win.
8004:123146291781632::Thread-233 2020-08-09 19:00:05.192 - Several small islands in the Alboran Sea are also part of Spanish territory.
8005:123146291781632::Thread-233 2020-08-09 19:00:05.198 - Born and raised in Los Angeles to an American father and Australian mother, both of whom work in show business, Stewart first gained notice at age 12 for her role as the daughter of Jodie Foster's character in David Fincher's thriller Panic Room (2002), which earned her a Young Artist Award nomination for Best Leading Actress in a Feature Film.
8004:123146291781632::Thread-233 2020-08-09 19:00:06.101 - The country's mainland is bordered to the south and east by the Mediterranean Sea except for a small land boundary with Gibraltar; to the north and northeast by France, Andorra, and the Bay of Biscay; and to the west and northwest by Portugal and the Atlantic Ocean respectively.
8005:123146291781632::Thread-233 2020-08-09 19:00:06.285 - She subsequently starred in Speak (2004), Catch That Kid (2004), Zathura: A Space Adventure (2005), and Into the Wild (2007).
8004:123146291781632::Thread-233 2020-08-09 19:00:06.44 - With an area of 505,990 km2 (195,360 sq mi), Spain is the largest country in Southern Europe, the second-largest country in Western Europe and the European Union, and the fourth-largest country by area on the European continent.
8005:123146291781632::Thread-233 2020-08-09 19:00:07.099 - In 2010, she was awarded the BAFTA Rising Star Award.
8004:123146291781632::Thread-233 2020-08-09 19:00:07.617 - With a population exceeding 47.3 million, Spain is the sixth-most populous country in Europe, and the fourth-most populous country in the European Union.
8005:123146291781632::Thread-233 2020-08-09 19:00:08.17 - Stewart went on to gain worldwide recognition for her role as Bella Swan in The Twilight Saga film series (2008–2012), which collectively grossed over $3.3 billion worldwide.After starring in the fantasy film Snow White and the Huntsman (2012), Stewart eschewed roles in big-budget films in favor of independent productions for the next few years.
8002:123146291781632::Thread-233 2020-08-09 19:00:08.586 - **START**
8002:123146291781632::Thread-233 2020-08-09 19:00:08.592 - Starting new HTTPS connection (1): en.wikipedia.org
8004:123146291781632::Thread-233 2020-08-09 19:00:08.81 - Spain's capital and largest city is Madrid; other major urban areas include Barcelona, Valencia, Seville, Zaragoza, Málaga, and Bilbao.
8003:123146291781632::Thread-233 2020-08-09 19:00:09.086 - **END**
8005:123146291781632::Thread-233 2020-08-09 19:00:09.827 - She took on roles in the dramas Camp X-Ray and Still Alice (both 2014), and the science fiction romance Equals (2016).
8005:123146291781632::Thread-233 2020-08-09 19:00:10.823 - In 2015, she garnered critical acclaim for her performance in Olivier Assayas' drama film Clouds of Sils Maria, which won her the César Award for Best Supporting Actress.
8004:123146291781632::Thread-233 2020-08-09 19:00:10.964 - Modern humans first arrived in the Iberian Peninsula around 35,000 years ago.
8005:123146291781632::Thread-233 2020-08-09 19:00:11.034 - Stewart reunited with Assayas the following year in the supernatural thriller Personal Shopper (2016) and made her directorial debut with the 2017 short film Come Swim.
8002:123146291781632::Thread-233 2020-08-09 19:00:11.303 - Rio de Janeiro (; Portuguese: [ˈʁi.u d(ʒi) ʒɐˈne(j)ɾu] (listen);), or simply Rio, is anchor to the Rio de Janeiro metropolitan area and the second-most populous municipality in Brazil and the sixth-most populous in the Americas.
8005:123146291781632::Thread-233 2020-08-09 19:00:11.649 - She returned to mainstream Hollywood with leading roles in the action films Charlie's Angels (2019) and Underwater (2020).
8006:123146291781632::Thread-233 2020-08-09 19:00:12.522 - **END**
8002:123146291781632::Thread-233 2020-08-09 19:00:13.85 - Rio de Janeiro is the capital of the state of Rio de Janeiro, Brazil's third-most populous state, after São Paulo and Minas Gerais.
8002:123146291781632::Thread-233 2020-08-09 19:00:15.939 - Part of the city has been designated as a World Heritage Site, named "Rio de Janeiro: Carioca Landscapes between the Mountain and the Sea", by UNESCO on 1 July 2012 as a Cultural Landscape.Founded in 1565 by the Portuguese, the city was initially the seat of the Captaincy of Rio de Janeiro, a domain of the Portuguese Empire.
8004:123146291781632::Thread-233 2020-08-09 19:00:15.972 - **END**
8005:123146291781632::Thread-233 2020-08-09 19:00:16.655 - **END**
8002:123146291781632::Thread-233 2020-08-09 19:00:16.931 - Later, in 1763, it became the capital of the State of Brazil, a state of the Portuguese Empire.
8002:123146291781632::Thread-233 2020-08-09 19:00:18.312 - In 1808, when the Portuguese Royal Court transferred itself from Portugal to Brazil, Rio de Janeiro became the chosen seat of the court of Queen Maria I of Portugal, who subsequently, in 1815, under the leadership of her son, the Prince Regent, and future King João VI of Portugal, raised Brazil to the dignity of a kingdom, within the United Kingdom of Portugal, Brazil, and Algarves.
8002:123146291781632::Thread-233 2020-08-09 19:00:19.552 - Rio stayed the capital of the pluricontinental Lusitanian monarchy until 1822, when the War of Brazilian Independence began.
8002:123146291781632::Thread-233 2020-08-09 19:00:20.11 - This is one of the few instances in history that the capital of a colonising country officially shifted to a city in one of its colonies.
8002:123146291781632::Thread-233 2020-08-09 19:00:21.517 - Rio de Janeiro subsequently served as the capital of the independent monarchy, the Empire of Brazil, until 1889, and then the capital of a republican Brazil until 1960 when the capital was transferred to Brasília.
8002:123146291781632::Thread-233 2020-08-09 19:00:23.041 - Rio de Janeiro has the second largest municipal GDP in the country, and 30th largest in the world in 2008, estimated at about R$343 billion (nearly US$201 billion).
8002:123146291781632::Thread-233 2020-08-09 19:00:24.529 - It is headquarters to Brazilian oil, mining, and telecommunications companies, including two of the country's major corporations – Petrobras and Vale – and Latin America's largest telemedia conglomerate, Grupo Globo.
8002:123146291781632::Thread-233 2020-08-09 19:00:30.532 - **END**