8006:123145412603904::Thread-24 2020-08-09 18:59:27.24 - **START**
8006:123145412603904::Thread-24 2020-08-09 18:59:27.527 - Starting new HTTPS connection (1): en.wikipedia.org
8005:123145412603904::Thread-24 2020-08-09 18:59:28.201 - **START**
8005:123145412603904::Thread-24 2020-08-09 18:59:28.355 - Starting new HTTPS connection (1): en.wikipedia.org
8006:123145412603904::Thread-24 2020-08-09 18:59:28.898 - Joelle Joanie "JoJo" Siwa (born May 19, 2003) is an American dancer, singer, actress, and YouTube personality.
8004:123145412603904::Thread-24 2020-08-09 18:59:30.2 - **START**
8002:123145412603904::Thread-24 2020-08-09 18:59:30.278 - **START**
8006:123145412603904::Thread-24 2020-08-09 18:59:30.656 - She is known for appearing for two seasons on Dance Moms along with her mother, Jessalynn Siwa, and for her singles "Boomerang" and "Kid in a Candy Store".
8004:123145412603904::Thread-24 2020-08-09 18:59:30.83 - Starting new HTTPS connection (1): en.wikipedia.org
8005:123145412603904::Thread-24 2020-08-09 18:59:30.933 - Louis William Tomlinson (; né Austin; 24 December 1991) is an English singer, songwriter and television personality.
8005:123145412603904::Thread-24 2020-08-09 18:59:31.127 - He rose to fame as a member of the boy band One Direction after beginning his career as an actor, appearing as an extra in ITV drama film If I Had You and the BBC drama Waterloo Road.
8006:123145412603904::Thread-24 2020-08-09 18:59:31.656 - Siwa posts daily videos of her day-to-day life on her YouTube channels, "JoJo Siwa TV" and "It's JoJo Siwa".
8002:123145412603904::Thread-24 2020-08-09 18:59:31.731 - Starting new HTTPS connection (1): en.wikipedia.org
8005:123145412603904::Thread-24 2020-08-09 18:59:32.066 - In 2010, he auditioned as a solo contestant on the British music competition series The X Factor.
8003:123145412603904::Thread-24 2020-08-09 18:59:33.242 - **START**
8004:123145412603904::Thread-24 2020-08-09 18:59:33.272 - Exo (Korean: 엑소; stylized in all caps) is a South Korean–Chinese boy band based in Seoul, with nine members: Xiumin, Suho, Lay, Baekhyun, Chen, Chanyeol, D.O., Kai and Sehun.
8005:123145412603904::Thread-24 2020-08-09 18:59:33.801 - He was eliminated as a solo performer before he was put into a group with four other contestants, forming One Direction.
8006:123145412603904::Thread-24 2020-08-09 18:59:33.804 - Her fans are called Siwanatorz.
8003:123145412603904::Thread-24 2020-08-09 18:59:34.11 - Starting new HTTPS connection (1): en.wikipedia.org
8006:123145412603904::Thread-24 2020-08-09 18:59:34.202 - Early life and career

Joelle Joanie Siwa was born in Omaha, Nebraska on May 19, 2003 to Jessalynn Siwa (née Lombardi), a professional dance instructor from Iowa, and Dr. Tom Siwa, a chiropractor from Nebraska.
8005:123145412603904::Thread-24 2020-08-09 18:59:34.339 - The band has released five albums, embarked on four world tours, and won nearly 200 awards.
8004:123145412603904::Thread-24 2020-08-09 18:59:34.497 - The band was formed by SM Entertainment in 2011 and debuted in 2012.
8005:123145412603904::Thread-24 2020-08-09 18:59:34.69 - Following the group's hiatus in 2016, "Just Hold On" was released as Tomlinson's debut single as a solo artist in December 2016, it peaked at number two on the UK Singles Chart and was certified platinum in the UK.
8002:123145412603904::Thread-24 2020-08-09 18:59:34.791 - Britney Jean Spears (born December 2, 1981) is an American singer, songwriter, dancer, and actress.
8006:123145412603904::Thread-24 2020-08-09 18:59:35.233 - She has one sibling, an older brother named Jayden Siwa who is also a vlogger.Siwa started her career as a top-5 finalist and the youngest contestant on the second season of Abby's Ultimate Dance Competition, produced by Abby Lee Miller of Dance Moms fame.
8005:123145412603904::Thread-24 2020-08-09 18:59:35.279 - In 2017, Tomlinson released "Back to You" with American singer Bebe Rexha and "Miss You".In 2018 Tomlinson appeared on the fifteenth series of The X Factor as a judge and a mentor of the "Boys" category.
8006:123145412603904::Thread-24 2020-08-09 18:59:35.382 - She appeared on the show with her mother and was eliminated in week 9.
8004:123145412603904::Thread-24 2020-08-09 18:59:35.595 - Their music incorporates genres like pop, hip-hop, and R&B, alongside electronic dance music genres like house, trap, and synth-pop.
8004:123145412603904::Thread-24 2020-08-09 18:59:35.771 - Exo releases and performs music in Korean, Mandarin, and Japanese.
8006:123145412603904::Thread-24 2020-08-09 18:59:36.298 - Siwa soon began to began appear on Dance Moms, beginning with auditioning for Miller's "ALDC" dance competition team in 2014 and being selected for the team in early 2015.In May 2016, Siwa released "Boomerang" for digital download and a previous single, "I Can Make U Dance".
8002:123145412603904::Thread-24 2020-08-09 18:59:36.349 - She is credited with influencing the revival of teen pop during the late 1990s and early 2000s, for which she is referred to as the "Princess of Pop".
8005:123145412603904::Thread-24 2020-08-09 18:59:36.507 - He became the first former contestant of the show to become the winning mentor due to his mentee Dalton Harris winning the show.
8005:123145412603904::Thread-24 2020-08-09 18:59:36.687 - In 2019 Tomlinson released "Two of Us", "Kill My Mind", "We Made It" and "Don't Let It Break Your Heart".
8004:123145412603904::Thread-24 2020-08-09 18:59:37.081 - The band ranked as one of the top five most influential celebrities on the Forbes Korea Power Celebrity list each year from 2014 to 2018, and have been named "the biggest boy band in the world" and the "kings of K-pop" by media outlets.
8003:123145412603904::Thread-24 2020-08-09 18:59:37.295 - Miley Ray Cyrus (born Destiny Hope Cyrus; November 23, 1992) is an American singer-songwriter, actress, and record producer.
8002:123145412603904::Thread-24 2020-08-09 18:59:37.773 - After appearing in stage productions and television series, Spears signed with Jive Records in 1997 at age 15.
8004:123145412603904::Thread-24 2020-08-09 18:59:37.941 - Since 2014, Exo has exclusively performed as one group, while continuing to release and perform music in multiple languages.
8005:123145412603904::Thread-24 2020-08-09 18:59:38.258 - In 2020 Tomlinson released "Walls", the title track of his debut solo album.
8006:123145412603904::Thread-24 2020-08-09 18:59:38.293 - "Boomerang" addresses the subject of online bullying.
8002:123145412603904::Thread-24 2020-08-09 18:59:38.578 - Her first two studio albums, certified diamond in the US, ...Baby One More Time (1999) and Oops!...
8003:123145412603904::Thread-24 2020-08-09 18:59:38.648 - Her music spans a range of styles, from pop and country pop to hip hop.
8005:123145412603904::Thread-24 2020-08-09 18:59:38.83 - The album Walls was released on 31 January 2020.
8002:123145412603904::Thread-24 2020-08-09 18:59:38.956 - I Did It Again (2000), were global successes and became two of the best-selling albums of all-time, along with making her the best-selling teenage artist of all time.
8003:123145412603904::Thread-24 2020-08-09 18:59:39.904 - Cyrus' personal life, public image, and performances have often sparked controversy and received widespread media coverage.
8004:123145412603904::Thread-24 2020-08-09 18:59:39.919 - Previously, the band debuted with twelve members separated into two sub-groups: Exo-K (Suho, Baekhyun, Chanyeol, D.O., Kai, and Sehun) and Exo-M (Xiumin, Lay, Chen, and former members Kris, Luhan, and Tao).
8002:123145412603904::Thread-24 2020-08-09 18:59:40.472 - The former's title track was ranked at number one by Rolling Stone in 2020 as the greatest debut single of all time and the latter held a 15-year record for fastest-selling album by a female artist with over 1.3 million copies sold in its first week.
8004:123145412603904::Thread-24 2020-08-09 18:59:40.92 - Exo-K and Exo-M performed music in Korean and Mandarin, respectively, until the release of their third EP Overdose in 2014.
8006:123145412603904::Thread-24 2020-08-09 18:59:41.372 - **END**
8004:123145412603904::Thread-24 2020-08-09 18:59:41.681 - After the departures of Kris, Luhan, and Tao amid legal battles in 2014 and 2015, the band continued with the remaining nine members.
8003:123145412603904::Thread-24 2020-08-09 18:59:41.719 - Cyrus, the daughter of country music singer Billy Ray Cyrus, became a teen idol while portraying the title character of the Disney Channel television series Hannah Montana (2006–2011).
8004:123145412603904::Thread-24 2020-08-09 18:59:42.207 - Since 2016, Chen, Baekhyun, and Xiumin have also released music and performed as a sub-unit named Exo-CBX, and members Sehun and Chanyeol have promoted as a sub-unit named Exo-SC since 2019.
8002:123145412603904::Thread-24 2020-08-09 18:59:42.309 - Spears adopted more mature and provocative themes and aesthetics for her next two studio albums, Britney (2001) and In the Zone (2003), and made her feature film debut in a starring role in Crossroads (2002).
8002:123145412603904::Thread-24 2020-08-09 18:59:42.716 - She became the executive producer of her fifth studio album Blackout (2007), which is often critically referred to as her best work.
8003:123145412603904::Thread-24 2020-08-09 18:59:43.76 - As Hannah Montana, she attained two number-one and three top-ten soundtracks on the US Billboard 200, including the US Billboard Hot 100 top-ten single "He Could Be the One".
8004:123145412603904::Thread-24 2020-08-09 18:59:44.366 - **END**
8002:123145412603904::Thread-24 2020-08-09 18:59:44.439 - Due to a series of heavily publicized personal struggles in the public eye, promotion for the album was limited and she was later involuntarily placed in a still ongoing conservatorship.
8003:123145412603904::Thread-24 2020-08-09 18:59:44.575 - Cyrus' own discography includes the US number-one albums Meet Miley Cyrus (2007), Breakout (2008), and Bangerz (2013); the top-five releases Can't Be Tamed (2010), Younger Now (2017), and She Is Coming (2019); and the free SoundCloud streaming-exclusive album Miley Cyrus & Her Dead Petz (2015).
8006:123145412603904::Thread-24 2020-08-09 18:59:45.377 - **START**
8006:123145412603904::Thread-24 2020-08-09 18:59:45.38 - Starting new HTTPS connection (1): en.wikipedia.org
8002:123145412603904::Thread-24 2020-08-09 18:59:45.965 - Since then, she released the chart topping albums, Circus (2008) and Femme Fatale (2011), the latter of which became her most successful era of singles in the US charts.
8006:123145412603904::Thread-24 2020-08-09 18:59:46.548 - Kanye Omari West (; born June 8, 1977) is an American rapper, producer, and fashion designer.Born in Atlanta and raised in Chicago, West was first known as a producer for Roc-A-Fella Records in the early 2000s, producing singles for several mainstream artists.
8003:123145412603904::Thread-24 2020-08-09 18:59:46.569 - Her singles include the US top ten-charting "See You Again", "7 Things", "The Climb", "Party in the U.S.A.", "Can't Be Tamed", "We Can't Stop", "Malibu"; and the chart-topping "Wrecking Ball".
8006:123145412603904::Thread-24 2020-08-09 18:59:46.825 - Intent on pursuing a solo career as a rapper, West released his debut album The College Dropout in 2004 to critical and commercial success, and founded the record label GOOD Music.
8005:123145412603904::Thread-24 2020-08-09 18:59:46.832 - **END**
8005:123145412603904::Thread-24 2020-08-09 18:59:46.832 - **START**
8005:123145412603904::Thread-24 2020-08-09 18:59:46.837 - Starting new HTTPS connection (1): en.wikipedia.org
8004:123145412603904::Thread-24 2020-08-09 18:59:47.37 - **START**
8004:123145412603904::Thread-24 2020-08-09 18:59:47.391 - Starting new HTTPS connection (1): en.wikipedia.org
8006:123145412603904::Thread-24 2020-08-09 18:59:47.4 - He experimented with a variety of musical genres on subsequent acclaimed studio albums, including Late Registration (2005), Graduation (2007), and 808s & Heartbreak (2008).
8003:123145412603904::Thread-24 2020-08-09 18:59:47.422 - Cyrus' career accolades include entries on the Time 100 list in 2008 and 2014, MTV's Best Artist of 2013 Award, and placement on Billboard's Greatest of All Time Artists Chart in 2019.
8006:123145412603904::Thread-24 2020-08-09 18:59:48.134 - Drawing inspiration from maximalism and minimalism, respectively, West's fifth album My Beautiful Dark Twisted Fantasy (2010) and sixth album Yeezus (2013) were also critical successes.
8006:123145412603904::Thread-24 2020-08-09 18:59:48.401 - He went on to release The Life of Pablo (2016), Ye (2018), and Jesus Is King (2019).
8006:123145412603904::Thread-24 2020-08-09 18:59:48.956 - West's discography also includes the full-length collaborations Watch the Throne (2011) and Kids See Ghosts (2018) with Jay-Z and Kid Cudi, respectively.
8002:123145412603904::Thread-24 2020-08-09 18:59:48.966 - **END**
8003:123145412603904::Thread-24 2020-08-09 18:59:49.221 - She is often cited as an example of a successful child actor-turned-singer.As an actress, Cyrus has made appearances in the animated film Bolt (2008) and the feature films Hannah Montana: The Movie (2009) and The Last Song (2010).
8004:123145412603904::Thread-24 2020-08-09 18:59:49.507 - Jacqueline Marie Evancho ( ee-VANG-koh; born April 9, 2000) is an American classical crossover singer who gained wide recognition at an early age.
8006:123145412603904::Thread-24 2020-08-09 18:59:49.689 - West's outspoken views and life outside of music have received significant media attention.
8006:123145412603904::Thread-24 2020-08-09 18:59:49.851 - He has been a frequent source of controversy for his conduct at award shows, on social media, and in other public settings, as well as for his comments on the music and fashion industries, U.S. politics, and race.
8003:123145412603904::Thread-24 2020-08-09 18:59:50.248 - On television, Cyrus served as a coach on the singing competition series The Voice across two seasons and starred in an episode of the Netflix series Black Mirror (2019).
8005:123145412603904::Thread-24 2020-08-09 18:59:50.303 - Shawn Corey Carter (born December 4, 1969), better known by his stage name Jay-Z (stylized as JAY-Z), is an American rapper, songwriter, record executive, entrepreneur, businessman, and record producer.
8006:123145412603904::Thread-24 2020-08-09 18:59:50.339 - His Christian faith, as well as his marriage to television personality Kim Kardashian, have also been a source of media attention.
8006:123145412603904::Thread-24 2020-08-09 18:59:51.149 - As a fashion designer, he has collaborated with Nike, Louis Vuitton, and A.P.C.
8006:123145412603904::Thread-24 2020-08-09 18:59:51.151 - on both clothing and footwear, and have most prominently resulted in the Yeezy collaboration with Adidas beginning in 2013.
8005:123145412603904::Thread-24 2020-08-09 18:59:51.314 - Born and raised in New York City, Jay-Z first began his musical career after founding the record label Roc-A-Fella Records in 1995, and subsequently released his debut studio album Reasonable Doubt in 1996.
8004:123145412603904::Thread-24 2020-08-09 18:59:51.554 - Since 2009, she has issued a platinum-selling EP and eight albums, including three Billboard 200 top 10 debuts.
8005:123145412603904::Thread-24 2020-08-09 18:59:53.05 - The album was released to widespread critical success, and solidified his standing in the music industry.
8003:123145412603904::Thread-24 2020-08-09 18:59:53.25 - **END**
8004:123145412603904::Thread-24 2020-08-09 18:59:54.282 - She has also been the subject of three solo PBS concert specials.
8005:123145412603904::Thread-24 2020-08-09 18:59:54.482 - He has gone on to release twelve additional albums, including the acclaimed albums, The Blueprint (2001), The Black Album (2003), American Gangster (2007), and 4:44 (2017).
8004:123145412603904::Thread-24 2020-08-09 18:59:55.845 - Between 2008 and 2010, Evancho entered talent competitions, sang the US national anthem at a Pittsburgh Pirates baseball game, issued her first album, Prelude to a Dream, and attracted interest on YouTube.
8004:123145412603904::Thread-24 2020-08-09 18:59:55.899 - In 2010, at the age of ten, she gained wide notice with her 2nd-place finish in the fifth season of America's Got Talent.
8006:123145412603904::Thread-24 2020-08-09 18:59:56.155 - **END**
8005:123145412603904::Thread-24 2020-08-09 18:59:56.641 - Jay-Z has also released the full-length collaborative albums Watch the Throne (2011) with Kanye West and Everything Is Love (2018) with his wife Beyoncé, respectively.Outside of his musical career, Jay-Z has also attained significant success and media attention for his career as a businessman.
8005:123145412603904::Thread-24 2020-08-09 18:59:57.718 - In 1999, he founded the clothing retailer Rocawear, and in 2003, he founded the luxury sports bar chain 40/40 Club.
8005:123145412603904::Thread-24 2020-08-09 18:59:57.826 - Both businesses have grown to become multi-million-dollar corporations, and allowed Jay-Z to fund the start-up for the entertainment company Roc Nation, which was founded in 2008.
8004:123145412603904::Thread-24 2020-08-09 18:59:58.476 - With the 2010 holiday release of her O Holy Night EP, Evancho became the best-selling debut artist of 2010, the youngest top-10 debut artist in US history and the youngest solo artist ever to go platinum in the US.
8005:123145412603904::Thread-24 2020-08-09 18:59:58.708 - In 2015, he acquired the tech company Aspiro and took charge of their media streaming service Tidal.Jay-Z is one of the world's best-selling music artists, with over 50 million albums and 75 million singles sold worldwide.
8004:123145412603904::Thread-24 2020-08-09 18:59:59.665 - In 2011, her first full-length album, Dream with Me debuted at No.
8005:123145412603904::Thread-24 2020-08-09 19:00:01.409 - He has won a total of 22 Grammy Awards, the most by a rapper, and holds the record for the most number-one albums by a solo artist on the Billboard 200, with 14.
8004:123145412603904::Thread-24 2020-08-09 19:00:01.41 - 2 on the Billboard 200 chart, and she became the youngest top-5 debut artist in UK history.
8005:123145412603904::Thread-24 2020-08-09 19:00:02.817 - He has been ranked by Billboard and fellow music publication Rolling Stone as one of the 100 Greatest Artists of All Time.
8002:123145412603904::Thread-24 2020-08-09 19:00:03.971 - **START**
8002:123145412603904::Thread-24 2020-08-09 19:00:03.977 - Starting new HTTPS connection (1): en.wikipedia.org
8003:123145412603904::Thread-24 2020-08-09 19:00:04.252 - **START**
8003:123145412603904::Thread-24 2020-08-09 19:00:04.261 - Starting new HTTPS connection (1): en.wikipedia.org
8004:123145412603904::Thread-24 2020-08-09 19:00:04.361 - Billboard ranked Evancho the top Classical Albums Artist for 2011.
8004:123145412603904::Thread-24 2020-08-09 19:00:04.537 - Later that year, Evancho released a full-length holiday album, Heavenly Christmas, and became the youngest person ever to give a solo concert at Lincoln Center in New York City as part of her first concert tour.
8002:123145412603904::Thread-24 2020-08-09 19:00:04.79 - The Marvel Cinematic Universe (MCU) films are a series of American superhero films produced by Marvel Studios based on characters that appear in publications by Marvel Comics.
8004:123145412603904::Thread-24 2020-08-09 19:00:05.081 - In 2012, Evancho released Songs from the Silver Screen, her third top-10 album debut.
8003:123145412603904::Thread-24 2020-08-09 19:00:05.215 - Wardell Stephen "Steph" Curry II ( STEF-ən; born March 14, 1988) is an American professional basketball player for the Golden State Warriors of the National Basketball Association (NBA).
8002:123145412603904::Thread-24 2020-08-09 19:00:05.604 - The MCU is the shared universe in which all of the films are set.
8002:123145412603904::Thread-24 2020-08-09 19:00:05.982 - The films have been in production since 2007, and in that time Marvel Studios has produced and released 23 films, with at least 14 more in various stages of development.
8003:123145412603904::Thread-24 2020-08-09 19:00:06.443 - A six-time NBA All-Star, Curry has been named the NBA Most Valuable Player (MVP) twice and won three NBA championships with the Warriors.
8005:123145412603904::Thread-24 2020-08-09 19:00:06.821 - **END**
8002:123145412603904::Thread-24 2020-08-09 19:00:06.998 - It is the highest-grossing film franchise of all time, having grossed over $22.5 billion at the global box office.
8003:123145412603904::Thread-24 2020-08-09 19:00:07.565 - Many players and analysts have called him the greatest shooter in NBA history.
8002:123145412603904::Thread-24 2020-08-09 19:00:07.999 - This includes Avengers: Endgame, which is the highest-grossing film of all time.
8004:123145412603904::Thread-24 2020-08-09 19:00:08.087 - **END**
8002:123145412603904::Thread-24 2020-08-09 19:00:08.899 - Kevin Feige has produced every film in the series, alongside Avi Arad for the first two releases, Gale Anne Hurd for The Incredible Hulk, Amy Pascal for the Spider-Man films, and Stephen Broussard for Ant-Man and the Wasp.
8002:123145412603904::Thread-24 2020-08-09 19:00:09.275 - The films are written and directed by a variety of individuals and feature large, often ensemble, casts.
8002:123145412603904::Thread-24 2020-08-09 19:00:09.5 - Many of the actors, including Robert Downey Jr., Chris Evans, Mark Ruffalo, Chris Hemsworth, Scarlett Johansson, and Jeremy Renner signed contracts to star in numerous films.
8002:123145412603904::Thread-24 2020-08-09 19:00:09.755 - Marvel Studios releases its films in groups called "Phases".
8003:123145412603904::Thread-24 2020-08-09 19:00:09.839 - He is credited with revolutionizing the game of basketball by inspiring teams to regularly utilize the three-point shot.The son of former NBA player Dell Curry and older brother of current NBA player Seth, Curry played college basketball for the Davidson Wildcats.
8002:123145412603904::Thread-24 2020-08-09 19:00:10.386 - Their first film is Iron Man (2008), which was distributed by Paramount Pictures.
8006:123145412603904::Thread-24 2020-08-09 19:00:12.161 - **START**
8006:123145412603904::Thread-24 2020-08-09 19:00:12.166 - Starting new HTTPS connection (1): en.wikipedia.org
8003:123145412603904::Thread-24 2020-08-09 19:00:12.261 - There, he was twice named Southern Conference Player of the Year and set the all-time scoring record for both Davidson and the Southern Conference.
8003:123145412603904::Thread-24 2020-08-09 19:00:12.637 - During his sophomore year, Curry also set the single-season NCAA record for three-pointers made, and was then selected by the Warriors with the seventh overall pick in the 2009 NBA Draft.
8006:123145412603904::Thread-24 2020-08-09 19:00:12.712 - Mark William Calaway (born March 24, 1965), better known by the ring name The Undertaker, is an American professional wrestler.
8006:123145412603904::Thread-24 2020-08-09 19:00:13.201 - He is currently signed to WWE.
8006:123145412603904::Thread-24 2020-08-09 19:00:13.532 - Widely regarded as one of the greatest professional wrestlers of all time, The Undertaker is a seven-time world heavyweight champion in WWF/E, having held the WWF/E Championship four times and World Heavyweight Championship three times.
8006:123145412603904::Thread-24 2020-08-09 19:00:13.632 - Calaway began his career in 1987, working as various gimmicks for World Class Championship Wrestling (WCCW) and other affiliate promotions, and he became USWA Unified World Heavyweight Champion and WCWA Texas Heavyweight Champion during this time.
8006:123145412603904::Thread-24 2020-08-09 19:00:13.7 - After signing with World Championship Wrestling (WCW) in 1989, he had a brief stint in the mid-card as "Mean Mark" Callous, before joining the World Wrestling Federation (WWF, now WWE) in 1990.
8006:123145412603904::Thread-24 2020-08-09 19:00:14.582 - Calaway was rebranded as "The Undertaker" in the WWF, and gained significant mainstream popularity as a horror-themed, macabre entity who employed scare tactics and held links to the supernatural.
8003:123145412603904::Thread-24 2020-08-09 19:00:14.701 - In 2014–15, Curry won his first MVP award and led the Warriors to their first championship since 1975.
8006:123145412603904::Thread-24 2020-08-09 19:00:14.787 - The longest-tenured wrestler in company history at 30 years, The Undertaker was one of the most prominent figures of the Attitude Era, a boom period in the company's business in the latter 1990s.
8006:123145412603904::Thread-24 2020-08-09 19:00:15.108 - His character transitioned into a biker in the early 2000s, before returning to a refined version of his previous gimmick in 2004.
8006:123145412603904::Thread-24 2020-08-09 19:00:15.507 - The Undertaker is heavily associated with WWE's flagship annual event, WrestleMania, where he became known for The Streak, a series of 21 straight victories, and he headlined the event on five occasions.
8006:123145412603904::Thread-24 2020-08-09 19:00:15.649 - He is also known for his pairing with his in-storyline half-brother Kane, with whom he has alternatively feuded or teamed as The Brothers of Destruction since 1997.
8006:123145412603904::Thread-24 2020-08-09 19:00:15.788 - With Kane, he held the WWF and WCW World Tag Team Championships during The Invasion storyline.
8003:123145412603904::Thread-24 2020-08-09 19:00:16.309 - The following season, he became the first player in NBA history to be elected MVP by a unanimous vote and to lead the league in scoring while shooting above 50–40–90.
8006:123145412603904::Thread-24 2020-08-09 19:00:16.793 - **END**
8003:123145412603904::Thread-24 2020-08-09 19:00:17.867 - That same year, the Warriors broke the record for the most wins in an NBA season en route to reaching the 2016 NBA Finals, which they lost to the Cleveland Cavaliers.
8002:123145412603904::Thread-24 2020-08-09 19:00:19.389 - **END**
8003:123145412603904::Thread-24 2020-08-09 19:00:19.921 - Curry helped the Warriors return to the NBA Finals in 2017, 2018 and 2019, winning back-to-back titles in 2017 and 2018, before being defeated by the Toronto Raptors in 2019.
8003:123145412603904::Thread-24 2020-08-09 19:00:19.922 - **END**