8005:123145538801664::Thread-54 2020-08-09 18:59:26.203 - **START**
8005:123145538801664::Thread-54 2020-08-09 18:59:26.209 - Starting new HTTPS connection (1): en.wikipedia.org
8005:123145538801664::Thread-54 2020-08-09 18:59:27.673 - Gazzy Garcia (born August 17, 2000), known professionally as Lil Pump, is an American rapper and songwriter.
8005:123145538801664::Thread-54 2020-08-09 18:59:27.721 - He is known for his hyperactive public persona, where he is often portrayed taking drugs, particularly marijuana, lean, Xanax and MDMA; he is often criticized for his behavior seen on social media.
8005:123145538801664::Thread-54 2020-08-09 18:59:28.71 - He is also known for shouting his catchphrase "Esskeetit" (a truncated version of "Let's get it").
8005:123145538801664::Thread-54 2020-08-09 18:59:28.899 - Garcia was named as one of the 30 Under 30 by Forbes in 2019.Lil Pump rose to popularity in 2017, after he released his single "Gucci Gang" from his debut album Lil Pump, which peaked at number three on the U.S.
8004:123145538801664::Thread-54 2020-08-09 18:59:29.206 - **START**
8004:123145538801664::Thread-54 2020-08-09 18:59:29.344 - Starting new HTTPS connection (1): en.wikipedia.org
8005:123145538801664::Thread-54 2020-08-09 18:59:29.422 - Billboard Hot 100, and is certified triple platinum by the Recording Industry Association of America.
8005:123145538801664::Thread-54 2020-08-09 18:59:29.731 - He has since released other songs, including "I Love It" (with Kanye West), "Esskeetit", "Drug Addicts", "Butterfly Doors", "Racks on Racks", and "Be Like Me" (featuring Lil Wayne).
8005:123145538801664::Thread-54 2020-08-09 18:59:30.667 - He released his debut studio album, Lil Pump, in October 2017.
8004:123145538801664::Thread-54 2020-08-09 18:59:31.066 - Scarlett Ingrid Johansson (; born November 22, 1984) is an American actress and singer.
8004:123145538801664::Thread-54 2020-08-09 18:59:31.32 - The world's highest-paid actress since 2018, she has made multiple appearances in the Forbes Celebrity 100.
8005:123145538801664::Thread-54 2020-08-09 18:59:31.512 - His song "Welcome to the Party" was featured in the soundtrack for Deadpool 2.
8004:123145538801664::Thread-54 2020-08-09 18:59:31.911 - Her films have grossed over $14.3 billion worldwide, making Johansson the ninth-highest-grossing box office star of all time.
8005:123145538801664::Thread-54 2020-08-09 18:59:32.155 - He released his second studio album Harverd Dropout on February 22, 2019.
8004:123145538801664::Thread-54 2020-08-09 18:59:32.616 - She is the recipient of numerous accolades, including a Tony Award and a BAFTA Award, as well as nominations for two Academy Awards and five Golden Globe Awards.
8005:123145538801664::Thread-54 2020-08-09 18:59:32.849 - Early life
Garcia was born August 17, 2000, in Miami, Florida.
8004:123145538801664::Thread-54 2020-08-09 18:59:32.952 - Born and raised in Manhattan, New York City, Johansson aspired to be an actress from a young age and first appeared on stage in an Off-Broadway play as a child.
8003:123145538801664::Thread-54 2020-08-09 18:59:33.241 - **START**
8004:123145538801664::Thread-54 2020-08-09 18:59:33.36 - She made her film debut in the fantasy comedy North (1994), and gained early recognition for her roles in Manny & Lo (1996), The Horse Whisperer (1998), and Ghost World (2001).
8004:123145538801664::Thread-54 2020-08-09 18:59:33.445 - Johansson shifted to adult roles in 2003 with her performances in Lost in Translation, which won her a BAFTA Award for Best Actress, and Girl with a Pearl Earring.
8005:123145538801664::Thread-54 2020-08-09 18:59:33.735 - In a 2018 interview with J. Cole, Garcia stated that his parents are from Colombia and they divorced when he was six years old.
8003:123145538801664::Thread-54 2020-08-09 18:59:34.117 - Starting new HTTPS connection (1): en.wikipedia.org
8002:123145538801664::Thread-54 2020-08-09 18:59:34.309 - **START**
8004:123145538801664::Thread-54 2020-08-09 18:59:34.375 - She was nominated for Golden Globe Awards for these films, and for playing an estranged teenager in the drama A Love Song for Bobby Long (2004), and a seductress in the psychological thriller Match Point (2005).
8004:123145538801664::Thread-54 2020-08-09 18:59:35.174 - Other works during this period include The Prestige (2006) and Vicky Cristina Barcelona (2008); and the albums Anywhere I Lay My Head (2008) and Break Up (2009), which both charted on the Billboard 200.
8002:123145538801664::Thread-54 2020-08-09 18:59:35.641 - Starting new HTTPS connection (1): en.wikipedia.org
8004:123145538801664::Thread-54 2020-08-09 18:59:36.228 - In 2010, Johansson debuted on Broadway in a revival of A View from the Bridge, which won her a Tony Award for Best Featured Actress, and began playing the role of Black Widow in the Marvel Cinematic Universe with Iron Man 2.
8004:123145538801664::Thread-54 2020-08-09 18:59:36.26 - **END**
8003:123145538801664::Thread-54 2020-08-09 18:59:37.545 - Wall Street is an eight-block-long street in the Financial District of New York City.
8005:123145538801664::Thread-54 2020-08-09 18:59:37.736 - **END**
8003:123145538801664::Thread-54 2020-08-09 18:59:38.154 - It runs crosstown between Broadway on the west to South Street, at the East River, on the east.
8006:123145538801664::Thread-54 2020-08-09 18:59:38.293 - **START**
8006:123145538801664::Thread-54 2020-08-09 18:59:38.72 - Starting new HTTPS connection (1): en.wikipedia.org
8002:123145538801664::Thread-54 2020-08-09 18:59:39.058 - The Golden State Warriors are an American professional basketball team based in San Francisco.
8002:123145538801664::Thread-54 2020-08-09 18:59:39.087 - The Warriors compete in the National Basketball Association (NBA), as a member of the league's Western Conference Pacific Division.
8002:123145538801664::Thread-54 2020-08-09 18:59:39.199 - Founded in 1946 in Philadelphia, the Warriors moved to the San Francisco Bay Area in 1962 and took the city's name, before changing its geographic moniker to Golden State in 1971.
8002:123145538801664::Thread-54 2020-08-09 18:59:39.831 - They play their home games at the Chase Center.
8002:123145538801664::Thread-54 2020-08-09 18:59:40.398 - The Warriors won the inaugural Basketball Association of America (BAA) championship in 1947, and won again in 1956, led by Hall of Fame trio Paul Arizin, Tom Gola, and Neil Johnston.
8003:123145538801664::Thread-54 2020-08-09 18:59:40.491 - The term has become a metonym for the financial markets of the United States as a whole, the American financial services industry, or New York–based financial interests.New York City has been called both the most economically powerful city and the leading financial center of the world.
8003:123145538801664::Thread-54 2020-08-09 18:59:41.21 - It is home to the world's two largest stock exchanges by total market capitalization, the New York Stock Exchange, located on Wall Street, and NASDAQ.
8002:123145538801664::Thread-54 2020-08-09 18:59:41.303 - After the trade of star Wilt Chamberlain in January 1965, the team finished the 1964-65 season with the NBA's worst record (17-63).
8003:123145538801664::Thread-54 2020-08-09 18:59:41.348 - Several other major exchanges have or had headquarters in the Wall Street area, including the New York Mercantile Exchange, the New York Board of Trade, and the former American Stock Exchange.
8002:123145538801664::Thread-54 2020-08-09 18:59:42.009 - But their rebuilding period was brief, due in large part to the Warriors drafting of Rick Barry four months after the trade.
8002:123145538801664::Thread-54 2020-08-09 18:59:42.723 - In 1975, star players Barry and Jamaal Wilkes powered the Warriors to their third championship, widely considered one of the biggest upsets in NBA history.
8003:123145538801664::Thread-54 2020-08-09 18:59:42.806 - History


Early years

There are varying accounts about how the Dutch-named "de Waalstraat"(literally: Walloon Street) got its name.
8006:123145538801664::Thread-54 2020-08-09 18:59:43.07 - Willow Camille Reign Smith (born October 31, 2000), also known mononymously as Willow, is an American singer, songwriter, record producer, and actress.
8002:123145538801664::Thread-54 2020-08-09 18:59:43.611 - The team struggled in the 1980s, then became playoff regulars at the turn of the decade with stars Tim Hardaway, Mitch Richmond, and Chris Mullin, nicknamed "Run TMC".
8005:123145538801664::Thread-54 2020-08-09 18:59:43.748 - **START**
8006:123145538801664::Thread-54 2020-08-09 18:59:43.776 - She is the daughter of Will Smith and Jada Pinkett Smith, and the younger sister of Jaden Smith.
8005:123145538801664::Thread-54 2020-08-09 18:59:44.009 - Starting new HTTPS connection (1): en.wikipedia.org
8006:123145538801664::Thread-54 2020-08-09 18:59:44.196 - Smith made her acting debut in 2007 in the film I Am Legend and later appeared in Kit Kittredge: An American Girl alongside Abigail Breslin.
8006:123145538801664::Thread-54 2020-08-09 18:59:44.277 - She received a Young Artist Award for her performance.
8002:123145538801664::Thread-54 2020-08-09 18:59:44.523 - The team returned to championship glory in 2015, led by Stephen Curry, Klay Thompson, and Draymond Green; they won again in 2017 and 2018, with the help of former MVP Kevin Durant.
8003:123145538801664::Thread-54 2020-08-09 18:59:44.869 - Two conflicting explanations can be considered.
8003:123145538801664::Thread-54 2020-08-09 18:59:45.065 - The first being that Wall Street was named after Walloons—the Dutch name for a Walloon is Waal.
8004:123145538801664::Thread-54 2020-08-09 18:59:45.3 - **START**
8004:123145538801664::Thread-54 2020-08-09 18:59:45.305 - Starting new HTTPS connection (1): en.wikipedia.org
8005:123145538801664::Thread-54 2020-08-09 18:59:45.338 - Noah Lindsey Cyrus (born January 8, 2000) is an American singer, songwriter, and actress.
8006:123145538801664::Thread-54 2020-08-09 18:59:45.641 - Smith launched her music career in the autumn of 2010 with the release of the singles "Whip My Hair" in 2010 and "21st Century Girl" in 2011, and signed to her current mentor Jay-Z's record label Roc Nation in 2010, becoming the youngest artist signed to the label.
8006:123145538801664::Thread-54 2020-08-09 18:59:45.685 - "Whip My Hair" peaked at number 11 on the Billboard Hot 100.
8005:123145538801664::Thread-54 2020-08-09 18:59:45.734 - In 2016, she released her debut single "Make Me (Cry)", featuring vocals from Labrinth.
8004:123145538801664::Thread-54 2020-08-09 18:59:45.935 - Skai Jackson (born April 8, 2002) is an American actress, YouTuber, and author, who was included in Time’s list of Most Influential Teens in 2016.
8005:123145538801664::Thread-54 2020-08-09 18:59:45.996 - Cyrus is the fifth child of Billy Ray and Tish Cyrus, and she is the youngest sibling of Trace, Brandi, and Miley Cyrus.
8003:123145538801664::Thread-54 2020-08-09 18:59:46.193 - Among the first settlers that embarked on the ship "Nieu Nederlandt" in 1624 were 30 Walloon families.
8005:123145538801664::Thread-54 2020-08-09 18:59:46.3 - She was named one of Time's 30 Most Influential Teens in 2017.
8003:123145538801664::Thread-54 2020-08-09 18:59:46.399 - Peter Minuit, the person who bought Manhattan for the Dutch, was a Walloon.
8004:123145538801664::Thread-54 2020-08-09 18:59:46.566 - Jackson first began acting at the age of 5, making her debut in the film Liberty Kid (2007).
8005:123145538801664::Thread-54 2020-08-09 18:59:47.184 - Early life
Cyrus was born January 8, 2000, in Nashville, Tennessee, to producer and director Tish Cyrus and country singer Billy Ray Cyrus.
8005:123145538801664::Thread-54 2020-08-09 18:59:47.385 - Her parents have had a volatile marriage, each filing for divorce on different occasions, but restoring their relationship.
8004:123145538801664::Thread-54 2020-08-09 18:59:47.489 - She later came to international prominence for her portrayal of Zuri Ross in the Disney Channel series Jessie (2011–2015), and in the sequel, Bunk'd (2015–2018).
8006:123145538801664::Thread-54 2020-08-09 18:59:47.573 - The video was nominated for Video of the Year at the BET Awards of 2011.
8006:123145538801664::Thread-54 2020-08-09 18:59:47.632 - She released her debut album, Ardipithecus, on December 11, 2015.
8005:123145538801664::Thread-54 2020-08-09 18:59:47.688 - Her siblings include Miley, Braison, Brandi, Trace, and Christopher Cyrus, who have also mostly become musicians and entertainers.
8004:123145538801664::Thread-54 2020-08-09 18:59:47.972 - She has also voiced Glory Grant across the Marvel Rising series, and voiced Summer in the animated series DreamWorks Dragons: Rescue Riders (2019–2020).
8004:123145538801664::Thread-54 2020-08-09 18:59:48.032 - In 2019, Jackson released her debut novel, Reach for the Skai: How to Inspire, Empower, and Clapback.
8004:123145538801664::Thread-54 2020-08-09 18:59:48.47 - Life and career


Early life and career
Jackson was born on April 8, 2002 in New York City.
8005:123145538801664::Thread-54 2020-08-09 18:59:48.49 - Their paternal grandfather, Ron Cyrus, was a politician in Kentucky.
8002:123145538801664::Thread-54 2020-08-09 18:59:48.534 - **END**
8005:123145538801664::Thread-54 2020-08-09 18:59:48.808 - Acting career
At the age of two, Cyrus began her acting career, playing Gracie Hebert on the sixth episode of the television show Doc.
8003:123145538801664::Thread-54 2020-08-09 18:59:49.261 - The other  is that the name of the street was derived from a wall (actually a wooden palisade) on the northern boundary of the New Amsterdam settlement, built to protect against Native Americans, pirates, and the British.
8005:123145538801664::Thread-54 2020-08-09 18:59:49.304 - She was a background dancer in the 2009 film Hannah Montana: The Movie, and played small roles in six episodes of the Disney Channel Original Series Hannah Montana.
8004:123145538801664::Thread-54 2020-08-09 18:59:49.414 - She began her career as a child model appearing in numerous national commercials, including for Band-Aid bandages, Coca-Cola, Pepsi, and Old Navy.Jackson’s first major acting role was in the independent film Liberty Kid (2007), which was followed by a guest appearance in an episode of Rescue Me (2008).
8006:123145538801664::Thread-54 2020-08-09 18:59:49.591 - Early life
Willow Smith was born on October 31, 2000 in Los Angeles.
8004:123145538801664::Thread-54 2020-08-09 18:59:50.143 - In 2009, Jackson made a cameo in the film The Rebound, and in the same year was cast as a member of the Nickelodeon pre-school animated series Bubble Guppies, playing the role of Little Fish.
8004:123145538801664::Thread-54 2020-08-09 18:59:50.327 - She continued to make cameo and guest appearances in the television series Team Umizoomi, Royal Pains, and Boardwalk Empire, and in the 2011 films Arthur and The Smurfs.
8004:123145538801664::Thread-54 2020-08-09 18:59:51.034 - In 2011, she was cast as Zuri Ross in the Disney Channel sitcom Jessie, which aired from September 30, 2011 to October 16, 2015.
8006:123145538801664::Thread-54 2020-08-09 18:59:51.143 - She is the daughter of actress-musician Jada Pinkett Smith and actor-musician Will Smith.
8005:123145538801664::Thread-54 2020-08-09 18:59:52.305 - **END**
8006:123145538801664::Thread-54 2020-08-09 18:59:56.152 - **END**
8003:123145538801664::Thread-54 2020-08-09 18:59:58.266 - **END**
8004:123145538801664::Thread-54 2020-08-09 18:59:59.039 - **END**
8002:123145538801664::Thread-54 2020-08-09 18:59:59.539 - **START**
8002:123145538801664::Thread-54 2020-08-09 18:59:59.616 - Starting new HTTPS connection (1): en.wikipedia.org
8005:123145538801664::Thread-54 2020-08-09 19:00:01.308 - **START**
8005:123145538801664::Thread-54 2020-08-09 19:00:01.314 - Starting new HTTPS connection (1): en.wikipedia.org
8005:123145538801664::Thread-54 2020-08-09 19:00:04.255 - The Talmud (; Hebrew: תַּלְמוּד‎) is the central text of Rabbinic Judaism and the primary source of Jewish religious law (halakha) and Jewish theology.
8004:123145538801664::Thread-54 2020-08-09 19:00:05.042 - **START**
8004:123145538801664::Thread-54 2020-08-09 19:00:05.047 - Starting new HTTPS connection (1): en.wikipedia.org
8005:123145538801664::Thread-54 2020-08-09 19:00:05.633 - Until the advent of modernity, in nearly all Jewish communities, the Talmud was the centerpiece of Jewish cultural life and was foundational to "all Jewish thought and aspirations", serving also as "the guide for the daily life" of Jews.The term "Talmud" normally refers to the collection of writings named specifically the Babylonian Talmud (Talmud Bavli), although there is also an earlier collection known as the Jerusalem Talmud (Talmud Yerushalmi).
8005:123145538801664::Thread-54 2020-08-09 19:00:07.766 - It may also traditionally be called Shas (ש״ס), a Hebrew abbreviation of shisha sedarim, or the "six orders" of the Mishnah.
8004:123145538801664::Thread-54 2020-08-09 19:00:08.829 - The Gateway of India is an arch-monument built in the early twentieth century in the city of Mumbai, in the Indian state of Maharashtra.
8004:123145538801664::Thread-54 2020-08-09 19:00:09.84 - It was erected to commemorate the landing in December 1911 at Apollo Bunder, Mumbai (then Bombay) of King-Emperor George V and Queen-Empress Mary, the first British monarch to visit India.
8005:123145538801664::Thread-54 2020-08-09 19:00:09.942 - The Talmud has two components; the Mishnah (Hebrew: משנה‎, c. 200), a written compendium of Rabbinic Judaism's Oral Torah; and the Gemara (Hebrew: גמרא‎, c. 500), an elucidation of the Mishnah and related Tannaitic writings that often ventures onto other subjects and expounds broadly on the Hebrew Bible.
8004:123145538801664::Thread-54 2020-08-09 19:00:11.349 - At the time of the royal visit, the gateway was not yet built, and a cardboard structure greeted the monarch.
8005:123145538801664::Thread-54 2020-08-09 19:00:11.914 - The term "Talmud" may refer to either the Gemara alone, or the Mishnah and Gemara together.
8003:123145538801664::Thread-54 2020-08-09 19:00:12.268 - **START**
8003:123145538801664::Thread-54 2020-08-09 19:00:12.272 - Starting new HTTPS connection (1): en.wikipedia.org
8003:123145538801664::Thread-54 2020-08-09 19:00:13.675 - Foo Fighters is an American rock band, formed in Seattle, Washington, in 1994.
8004:123145538801664::Thread-54 2020-08-09 19:00:13.753 - The foundation stone was laid in March 1913 for a monument built in the Indo-Saracenic style, incorporating elements of 16th-century Marathi architecture.
8006:123145538801664::Thread-54 2020-08-09 19:00:14.155 - **START**
8006:123145538801664::Thread-54 2020-08-09 19:00:14.16 - Starting new HTTPS connection (1): en.wikipedia.org
8005:123145538801664::Thread-54 2020-08-09 19:00:14.518 - The entire Talmud consists of 63 tractates, and in the standard print, called the Vilna Shas, it is 2,711 double-sided folios.
8003:123145538801664::Thread-54 2020-08-09 19:00:15.17 - It was founded by Nirvana drummer Dave Grohl as a one-man project following the dissolution of Nirvana after the suicide of Kurt Cobain.
8003:123145538801664::Thread-54 2020-08-09 19:00:15.449 - The group got its name from "Foo fighter", a nickname coined by Allied aircraft pilots for UFOs and other aerial phenomena they reported seeing.
8005:123145538801664::Thread-54 2020-08-09 19:00:15.507 - It is written in Mishnaic Hebrew and Jewish Babylonian Aramaic and contains the teachings and opinions of thousands of rabbis (dating from before the Common Era through to the fifth century) on a variety of subjects, including halakha, Jewish ethics, philosophy, customs, history, and folklore, and many other topics.
8005:123145538801664::Thread-54 2020-08-09 19:00:15.75 - The Talmud is the basis for all codes of Jewish law, and is widely quoted in rabbinic literature.
8006:123145538801664::Thread-54 2020-08-09 19:00:16.208 - Abraham Lincoln (; February 12, 1809 – April 15, 1865) was an American statesman and lawyer who served as the 16th president of the United States from 1861 to 1865.
8004:123145538801664::Thread-54 2020-08-09 19:00:16.215 - The final design of the monument by architect George Wittet was sanctioned only in 1914, and construction was completed in 1924.
8003:123145538801664::Thread-54 2020-08-09 19:00:16.75 - Over the course of their career, Foo Fighters have won 12 Grammy Awards, including Best Rock Album four times.
8005:123145538801664::Thread-54 2020-08-09 19:00:17.752 - **END**
8002:123145538801664::Thread-54 2020-08-09 19:00:17.782 - **START**
8002:123145538801664::Thread-54 2020-08-09 19:00:17.789 - Starting new HTTPS connection (1): en.wikipedia.org
8006:123145538801664::Thread-54 2020-08-09 19:00:17.885 - Lincoln led the nation through its greatest moral, constitutional, and political crisis in the American Civil War.
8003:123145538801664::Thread-54 2020-08-09 19:00:17.964 - The band have also won an American Music Award, four Brit Awards, and two MTV Video Music Awards.
8006:123145538801664::Thread-54 2020-08-09 19:00:18.466 - He succeeded in preserving the Union, abolishing slavery, bolstering the federal government, and modernizing the U.S. economy.
8004:123145538801664::Thread-54 2020-08-09 19:00:18.514 - The structure is a triumphal arch made of basalt, which is 26 metres (85 feet) high.
8004:123145538801664::Thread-54 2020-08-09 19:00:18.699 - After its construction the gateway was used as a symbolic ceremonial entrance to British India for important colonial personnel.
8003:123145538801664::Thread-54 2020-08-09 19:00:19.163 - Prior to the release of Foo Fighters' 1995 debut album Foo Fighters, which featured Grohl as the only official member, Grohl recruited bassist Nate Mendel and drummer William Goldsmith, both formerly of Sunny Day Real Estate, as well as Nirvana touring guitarist Pat Smear to complete the lineup.
8002:123145538801664::Thread-54 2020-08-09 19:00:19.255 - The Walt Disney World Resort, also called Walt Disney World and Disney World, is an entertainment complex in Bay Lake and Lake Buena Vista, Florida, in the United States, near the cities of Orlando and Kissimmee.
8004:123145538801664::Thread-54 2020-08-09 19:00:19.895 - It has been called a symbol of "conquest and colonisation" commemorating British colonial legacy.
8004:123145538801664::Thread-54 2020-08-09 19:00:20.074 - The gateway is also the monument from where the last British troops left India in 1948, following Indian independence.
8006:123145538801664::Thread-54 2020-08-09 19:00:20.349 - Lincoln was born into poverty in a log cabin and was raised on the frontier primarily in Indiana.
8003:123145538801664::Thread-54 2020-08-09 19:00:20.35 - The band began with performances in Portland, Oregon.
8006:123145538801664::Thread-54 2020-08-09 19:00:20.874 - He was self-educated and became a lawyer, Whig Party leader, Illinois state legislator, and U.S.
8006:123145538801664::Thread-54 2020-08-09 19:00:20.877 - Congressman from Illinois.
8002:123145538801664::Thread-54 2020-08-09 19:00:21.137 - Opened on October 1, 1971, the resort is owned and operated by Disney Parks, Experiences and Products, a division of The Walt Disney Company.
8003:123145538801664::Thread-54 2020-08-09 19:00:21.208 - Goldsmith quit during the recording of the group's second album, The Colour and the Shape (1997), when most of the drum parts were re-recorded by Grohl himself.
8006:123145538801664::Thread-54 2020-08-09 19:00:21.221 - In 1849 he returned to his law practice but became vexed by the opening of additional lands to slavery as a result of the Kansas–Nebraska Act.
8004:123145538801664::Thread-54 2020-08-09 19:00:21.709 - It is located on the waterfront at an angle, opposite the Taj Mahal Palace and Tower Hotel and overlooks the Arabian Sea.
8002:123145538801664::Thread-54 2020-08-09 19:00:22.057 - It was first operated by Walt Disney World Company.
8006:123145538801664::Thread-54 2020-08-09 19:00:22.56 - He reentered politics in 1854, becoming a leader in the new Republican Party, and he reached a national audience in the 1858 debates against Stephen Douglas.
8006:123145538801664::Thread-54 2020-08-09 19:00:22.702 - Lincoln ran for President in 1860, sweeping the North in victory.
8004:123145538801664::Thread-54 2020-08-09 19:00:22.715 - **END**
8003:123145538801664::Thread-54 2020-08-09 19:00:22.987 - Smear's departure followed soon afterward, though he would appear as a guest with the band frequently starting in 2006, and would rejoin as an official full-time member in 2011.
8002:123145538801664::Thread-54 2020-08-09 19:00:23.309 - The property covers nearly 25,000 acres (39 sq mi; 101 km2), of which only half has been used.
8002:123145538801664::Thread-54 2020-08-09 19:00:23.349 - The resort comprises four theme parks (consisting of Magic Kingdom, Epcot, Disney's Hollywood Studios, and Disney's Animal Kingdom), two water parks, 27 themed resort hotels, nine non-Disney hotels, several golf courses, a camping resort, and other entertainment venues, including the outdoor shopping center Disney Springs.
8006:123145538801664::Thread-54 2020-08-09 19:00:24.024 - Pro-slavery elements in the South equated his success with the North's rejection of their right to practice slavery, and southern states began seceding from the union.
8003:123145538801664::Thread-54 2020-08-09 19:00:24.149 - They were replaced by Taylor Hawkins and Franz Stahl, respectively, although Stahl was fired before the recording of the group's third album, There Is Nothing Left to Lose (1999).
8002:123145538801664::Thread-54 2020-08-09 19:00:24.27 - Designed to supplement Disneyland in Anaheim, California, which had opened in 1955, the complex was developed by Walt Disney in the 1960s.
8006:123145538801664::Thread-54 2020-08-09 19:00:24.481 - To secure its independence, the new Confederate States fired on Fort Sumter, a U.S. fort in the South, and Lincoln called up forces to suppress the rebellion and restore the Union.
8002:123145538801664::Thread-54 2020-08-09 19:00:25.293 - "The Florida Project", as it was known, was intended to present a distinct vision with its own diverse set of attractions.
8002:123145538801664::Thread-54 2020-08-09 19:00:25.97 - Walt Disney's original plans also called for the inclusion of an "Experimental Prototype Community of Tomorrow" (EPCOT), a planned community intended to serve as a test bed for new city-living innovations.
8006:123145538801664::Thread-54 2020-08-09 19:00:26.488 - **END**
8002:123145538801664::Thread-54 2020-08-09 19:00:27.261 - Walt Disney died on December 15, 1966, during the initial planning of the complex.
8002:123145538801664::Thread-54 2020-08-09 19:00:28.883 - After his death, the company wrestled with the idea of whether to bring the Disneyworld project to fruition.
8003:123145538801664::Thread-54 2020-08-09 19:00:31.156 - **END**
8002:123145538801664::Thread-54 2020-08-09 19:00:36.885 - **END**