8004:123146060419072::Thread-178 2020-08-09 18:59:30.253 - **START**
8004:123146060419072::Thread-178 2020-08-09 18:59:30.824 - Starting new HTTPS connection (1): en.wikipedia.org
8004:123146060419072::Thread-178 2020-08-09 18:59:33.779 - 21 is the second studio album by English singer-songwriter Adele.
8005:123146060419072::Thread-178 2020-08-09 18:59:35.229 - **START**
8004:123146060419072::Thread-178 2020-08-09 18:59:36.034 - It was released on 24 January 2011 in Europe and on 22 February 2011 in North America by XL Recordings and Columbia Records.
8004:123146060419072::Thread-178 2020-08-09 18:59:37.21 - The album was named after the age of the singer during its production.
8006:123146060419072::Thread-178 2020-08-09 18:59:37.293 - **START**
8003:123146060419072::Thread-178 2020-08-09 18:59:37.296 - **START**
8006:123146060419072::Thread-178 2020-08-09 18:59:37.502 - Starting new HTTPS connection (1): en.wikipedia.org
8003:123146060419072::Thread-178 2020-08-09 18:59:37.502 - Starting new HTTPS connection (1): en.wikipedia.org
8004:123146060419072::Thread-178 2020-08-09 18:59:37.782 - 21 shares the folk and Motown soul influences of her 2008 debut album 19, but was further inspired by the American country and Southern blues music to which she had been exposed during her 2008–09 North American tour An Evening with Adele.
8005:123146060419072::Thread-178 2020-08-09 18:59:38.075 - Starting new HTTPS connection (1): en.wikipedia.org
8004:123146060419072::Thread-178 2020-08-09 18:59:39.727 - Composed in the aftermath of the singer's separation from her then partner, the album typifies the near dormant tradition of the confessional singer-songwriter in its exploration of heartbreak, introspection, and forgiveness.
8006:123146060419072::Thread-178 2020-08-09 18:59:40.217 - Mark Elliot Zuckerberg (; born May 14, 1984) is an American media magnate, internet entrepreneur, and philanthropist.
8002:123146060419072::Thread-178 2020-08-09 18:59:40.361 - **START**
8003:123146060419072::Thread-178 2020-08-09 18:59:40.435 - Demetria Devonne  Lovato ( lə-VAH-toh; born August 20, 1992) is an American singer, songwriter, actress, and television personality.
8006:123146060419072::Thread-178 2020-08-09 18:59:40.799 - He is known for co-founding Facebook, Inc. and serves as its chairman, chief executive officer, and controlling shareholder.
8002:123146060419072::Thread-178 2020-08-09 18:59:41.028 - Starting new HTTPS connection (1): en.wikipedia.org
8003:123146060419072::Thread-178 2020-08-09 18:59:41.048 - After appearing on the children's television series Barney & Friends (2002–2004), she rose to prominence for her role as Mitchie Torres in the Disney Channel musical television film Camp Rock (2008) and its sequel Camp Rock 2: The Final Jam (2010).
8006:123146060419072::Thread-178 2020-08-09 18:59:41.051 - He also is a co-founder of the solar sail spacecraft development project Breakthrough Starshot and serves as one of its board members.Born in White Plains, New York, Zuckerberg attended Harvard University, where he launched the Facebook social networking service from his dormitory room on February 4, 2004, with college roommates Eduardo Saverin, Andrew McCollum, Dustin Moskovitz, and Chris Hughes.
8003:123146060419072::Thread-178 2020-08-09 18:59:41.307 - The former film's soundtrack included "This Is Me", Lovato's duet with Joe Jonas, which peaked in the top ten of the Billboard Hot 100.
8003:123146060419072::Thread-178 2020-08-09 18:59:41.345 - After signing with Hollywood Records, Lovato released her pop rock debut album, Don't Forget (2008), which debuted at number two on the Billboard 200.
8006:123146060419072::Thread-178 2020-08-09 18:59:41.397 - Originally launched to select college campuses, the site expanded rapidly and eventually beyond colleges, reaching one billion users by 2012.
8006:123146060419072::Thread-178 2020-08-09 18:59:41.572 - Zuckerberg took the company public in May 2012 with majority shares.
8006:123146060419072::Thread-178 2020-08-09 18:59:41.65 - In 2007, at age 23, he became the world's youngest self-made billionaire.
8003:123146060419072::Thread-178 2020-08-09 18:59:42.206 - Its follow up, Here We Go Again (2009), debuted at number one in the US, while its title track peaked in the top 15 of the country.
8004:123146060419072::Thread-178 2020-08-09 18:59:42.366 - Adele began writing 21 in April 2009, when still involved in the relationship that subsequently inspired the record.
8006:123146060419072::Thread-178 2020-08-09 18:59:42.473 - As of August 8th, 2020, Zuckerberg’s net worth was estimated at $98.6 billion and he is listed by Forbes as the 4th-richest person in the world.
8006:123146060419072::Thread-178 2020-08-09 18:59:42.531 - As of 2019, he is the only person under 50 in the Forbes ten richest people list, and the only one under 40 in the Top 20 Billionaires list.Since 2010, Time magazine has named Zuckerberg among the 100 wealthiest and most influential people in the world as a part of its Person of the Year award.
8006:123146060419072::Thread-178 2020-08-09 18:59:42.717 - In December 2016, Zuckerberg was ranked 10th on Forbes list of The World's Most Powerful People.
8003:123146060419072::Thread-178 2020-08-09 18:59:42.919 - Lovato's third studio album, Unbroken (2011), experimented with pop and R&B.
8003:123146060419072::Thread-178 2020-08-09 18:59:43.171 - It spawned two singles: "Skyscraper", which peaked in the top ten of the US, and "Give Your Heart a Break".
8004:123146060419072::Thread-178 2020-08-09 18:59:43.27 - Dissatisfied with once again portraying herself as the musical tragedian of her debut, she had intended to compose a more upbeat and contemporary follow-up.
8003:123146060419072::Thread-178 2020-08-09 18:59:43.41 - Lovato's fourth studio album, Demi (2013), debuted with US sales of 110,000 copies, her highest first-week sales in the country.
8003:123146060419072::Thread-178 2020-08-09 18:59:43.76 - Its lead single, "Heart Attack", peaked in the top ten of the US while also becoming her first top-three single on the UK Singles Chart.
8005:123146060419072::Thread-178 2020-08-09 18:59:43.917 - Keanu Charles Reeves ( kee-AH-noo; born September 2, 1964) is a Canadian actor, author, director and musician.
8004:123146060419072::Thread-178 2020-08-09 18:59:44.107 - However, studio sessions ended prematurely due to a lack of inspiration.
8005:123146060419072::Thread-178 2020-08-09 18:59:44.179 - Born in Beirut, Lebanon, Reeves grew up in Toronto.
8003:123146060419072::Thread-178 2020-08-09 18:59:44.667 - For her fifth and sixth studio albums, Confident (2015) and Tell Me You Love Me (2017), Lovato infused soul and focused on more mature content as opposed to her previous work.
8002:123146060419072::Thread-178 2020-08-09 18:59:44.844 - Mumbai (English: , Marathi: [ˈmumbəi]; colloquially known as Bombay , the official name until 1995) is the capital city of the Indian state of Maharashtra.
8002:123146060419072::Thread-178 2020-08-09 18:59:45.098 - According to United Nations, as of 2018, Mumbai is the most populous city in the country and the seventh-most populous city in the world with a population of roughly 20 million.
8005:123146060419072::Thread-178 2020-08-09 18:59:45.164 - He began acting in theatre productions, and in television films before making his mainstream film debut in Youngblood (1986).
8003:123146060419072::Thread-178 2020-08-09 18:59:45.339 - The latter became her first album to be certified Platinum by the RIAA, and its lead single, "Sorry Not Sorry", became her highest peaking single in the US, reaching number six, and her first single to be certified 5x Platinum in the US.
8003:123146060419072::Thread-178 2020-08-09 18:59:45.491 - In 2020, Lovato released the singles "Anyone", "I Love Me", and "I'm Ready" with Sam Smith, which reached the top 40 in twenty-two countries, and the first two became Lovato's first number-one singles on Billboard's Digital Songs chart.
8005:123146060419072::Thread-178 2020-08-09 18:59:45.781 - Reeves gained recognition in his breakthrough role as Ted "Theodore" Logan in the science fiction comedy Bill & Ted's Excellent Adventure (1989).
8005:123146060419072::Thread-178 2020-08-09 18:59:45.785 - This was followed by a supporting role in Ron Howard's comedy Parenthood, 1991's Point Break, a sequel, Bill & Ted's Bogus Journey, and the independent drama My Own Private Idaho where playing a street hustler received critical praise for his performance.
8002:123146060419072::Thread-178 2020-08-09 18:59:45.992 - As per Indian government population census of 2011, Mumbai is the most populous city in India with an estimated city proper population of 12.5 million living under Municipal Corporation of Greater Mumbai.
8004:123146060419072::Thread-178 2020-08-09 18:59:46.243 - She resumed production immediately after the breakdown of her relationship, channelling her heartbreak and depression into her songs.
8005:123146060419072::Thread-178 2020-08-09 18:59:46.352 - He had a supporting role in Bram Stoker's Dracula (1992), which was nominated for four Academy Awards.
8002:123146060419072::Thread-178 2020-08-09 18:59:46.367 - Mumbai is the centre of the Mumbai Metropolitan Region, the sixth most populous metropolitan area in the world with a population of over 23 million.
8005:123146060419072::Thread-178 2020-08-09 18:59:46.46 - The action thriller Speed (1994), in which Reeves was cast as a police officer, garnered critical and commercial success, and helped Reeves gain further recognition.
8005:123146060419072::Thread-178 2020-08-09 18:59:46.798 - He followed this with a series of films box office failures, including: Johnny Mnemonic (1995), Chain Reaction (1996), and The Last Time I Committed Suicide (1997).
8002:123146060419072::Thread-178 2020-08-09 18:59:46.864 - Mumbai lies on the Konkan coast on the west coast of India and has a deep natural harbour.
8005:123146060419072::Thread-178 2020-08-09 18:59:47.225 - However, his performance in the supernatural horror The Devil's Advocate (1997) was well received.
8002:123146060419072::Thread-178 2020-08-09 18:59:47.254 - In 2008, Mumbai was named an alpha world city.
8004:123146060419072::Thread-178 2020-08-09 18:59:47.562 - Adele collaborated with various songwriters and producers, including Columbia Records co-president Rick Rubin, Paul Epworth, Ryan Tedder, Jim Abbiss, and Dan Wilson.
8005:123146060419072::Thread-178 2020-08-09 18:59:47.808 - Global stardom followed soon after with his lead role as computer hacker Neo in the science fiction thriller The Matrix (1999).
8002:123146060419072::Thread-178 2020-08-09 18:59:48.249 - It has the highest number of millionaires and billionaires among all cities in India.
8002:123146060419072::Thread-178 2020-08-09 18:59:48.6 - Mumbai is home to three UNESCO World Heritage Sites: the Elephanta Caves, Chhatrapati Shivaji Maharaj Terminus, and the city's distinctive ensemble of Victorian and Art Deco buildings.The seven islands that constitute Mumbai were originally home to communities of Marathi language speaking Koli people,  For centuries, the islands were under the control of successive indigenous empires before being ceded to the Portuguese Empire and subsequently to the East India Company when in 1661 Charles II of England married Catherine of Braganza and as part of her dowry Charles received the ports of Tangier and Seven Islands of Bombay.
8002:123146060419072::Thread-178 2020-08-09 18:59:48.825 - During the mid-18th century, Bombay was reshaped by the Hornby Vellard project, which undertook reclamation of the area between the seven islands from the sea.
8003:123146060419072::Thread-178 2020-08-09 18:59:49.494 - **END**
8002:123146060419072::Thread-178 2020-08-09 18:59:49.613 - Along with construction of major roads and railways, the reclamation project, completed in 1845, transformed Bombay into a major seaport on the Arabian Sea.
8006:123146060419072::Thread-178 2020-08-09 18:59:49.723 - **END**
8005:123146060419072::Thread-178 2020-08-09 18:59:50.809 - **END**
8002:123146060419072::Thread-178 2020-08-09 18:59:52.618 - **END**
8005:123146060419072::Thread-178 2020-08-09 18:59:52.815 - **START**
8005:123146060419072::Thread-178 2020-08-09 18:59:52.819 - Starting new HTTPS connection (1): en.wikipedia.org
8004:123146060419072::Thread-178 2020-08-09 18:59:53.564 - **END**
8005:123146060419072::Thread-178 2020-08-09 18:59:53.698 - Hampi or Hampe, also referred to as the Group of Monuments at Hampi, is a UNESCO World Heritage Site located in east-central Karnataka, India.
8005:123146060419072::Thread-178 2020-08-09 18:59:54.108 - It became the pilgrimage centre of the Hindu religion.
8006:123146060419072::Thread-178 2020-08-09 18:59:54.866 - **START**
8006:123146060419072::Thread-178 2020-08-09 18:59:54.921 - Starting new HTTPS connection (1): en.wikipedia.org
8005:123146060419072::Thread-178 2020-08-09 18:59:55.055 - It was the capital of the Vijayanagara Empire  in the 14th century.
8005:123146060419072::Thread-178 2020-08-09 18:59:55.501 - Chronicles left by Persian and European travellers, particularly the Portuguese, say that the Hampi state was a prosperous, wealthy and grand city near the Tungabhadra River, with numerous temples, farms and trading markets.
8006:123146060419072::Thread-178 2020-08-09 18:59:55.775 - The Temple of Artemis or Artemision (Greek: Ἀρτεμίσιον; Turkish: Artemis Tapınağı), also known less precisely as the Temple of Diana, was a Greek temple dedicated to an ancient, local form of the goddess Artemis (associated with Diana, a Roman goddess).
8005:123146060419072::Thread-178 2020-08-09 18:59:56.282 - By 1500 CE, Hampi-Vijayanagara was the world's second-largest medieval-era city after Beijing, and probably India's richest at that time, attracting traders from Persia and Portugal.
8005:123146060419072::Thread-178 2020-08-09 18:59:56.453 - The Vijayanagara Empire was defeated by a coalition of Muslim sultanates; its capital was conquered, pillaged and destroyed by sultanate armies in 1565, after which Hampi remained in ruins.Located in Karnataka near the modern-era city of Hosapete, Hampi's ruins are spread over 4,100 hectares (16 sq mi) and it has been described by UNESCO as an "austere, grandiose site" of more than 1,600 surviving remains of the last great Hindu kingdom in South India that includes "forts, riverside features, royal and sacred complexes, temples, shrines, pillared halls, mandapas, memorial structures, water structures and others".
8005:123146060419072::Thread-178 2020-08-09 18:59:56.515 - Hampi predates the Vijayanagara Empire; there is evidence of Ashokan epigraphy, and it is mentioned in the Ramayana and the Puranas of Hinduism as Pampaa Devi Tirtha Kshetra.
8006:123146060419072::Thread-178 2020-08-09 18:59:56.698 - It was located in Ephesus (near the modern town of Selçuk in present-day Turkey).
8006:123146060419072::Thread-178 2020-08-09 18:59:56.822 - It was completely rebuilt twice, once after a devastating flood and three hundred years later after an act of arson, and in its final form was one of the Seven Wonders of the Ancient World.
8006:123146060419072::Thread-178 2020-08-09 18:59:57.058 - By 401 AD it had been ruined or destroyed.
8005:123146060419072::Thread-178 2020-08-09 18:59:57.319 - Hampi continues to be an important religious centre, housing the Virupaksha Temple, an active Adi Shankara-linked monastery and various monuments belonging to the old city.
8005:123146060419072::Thread-178 2020-08-09 18:59:57.33 - Origin
Hampi or Hampe is from Old Kannada word Pampaa which means big or great.
8005:123146060419072::Thread-178 2020-08-09 18:59:57.393 - Location

Hampi is situated on the banks of the Tungabhadra River in the eastern part of central Karnataka near the state border with Andhra Pradesh.
8006:123146060419072::Thread-178 2020-08-09 18:59:57.677 - Only foundations and fragments of the last temple remain at the site.
8006:123146060419072::Thread-178 2020-08-09 18:59:58.579 - The earliest version of the temple (a temenos) antedated the Ionic immigration by many years, and dates to the Bronze Age.
8006:123146060419072::Thread-178 2020-08-09 18:59:58.625 - Callimachus, in his Hymn to Artemis, attributed it to the Amazons.
8006:123146060419072::Thread-178 2020-08-09 18:59:59.062 - In the 7th century BC, it was destroyed by a flood.
8006:123146060419072::Thread-178 2020-08-09 18:59:59.421 - Its reconstruction, in more grandiose form, began around 550 BC, under Chersiphron, the Cretan architect, and his son Metagenes.
8006:123146060419072::Thread-178 2020-08-09 18:59:59.674 - The project was funded by Croesus of Lydia, and took 10 years to complete.
8003:123146060419072::Thread-178 2020-08-09 19:00:01.498 - **START**
8003:123146060419072::Thread-178 2020-08-09 19:00:01.522 - Starting new HTTPS connection (1): en.wikipedia.org
8006:123146060419072::Thread-178 2020-08-09 19:00:01.68 - **END**
8003:123146060419072::Thread-178 2020-08-09 19:00:02.999 - Sylvester Enzio Stallone (; born Michael Sylvester Gardenzio Stallone, July 6, 1946) is an American actor, director, screenwriter, producer and artist.After his beginnings as a struggling actor for a number of years upon arriving to New York City in 1969 and later Hollywood in 1974, he won his first critical acclaim as an actor for his co-starring role as Stanley Rosiello in The Lords of Flatbush.Stallone mostly only found gradual work as an extra or side character in films with a sizeable budget until he achieved his greatest critical and commercial success as an actor, starting in 1976 with his self-created role as the boxer Rocky Balboa, in the first film of the successful Rocky series (1976–2018).
8005:123146060419072::Thread-178 2020-08-09 19:00:04.398 - **END**
8003:123146060419072::Thread-178 2020-08-09 19:00:05.341 - In the films, Rocky is portrayed as an underdog boxer that fights numerous brutal opponents, and wins the world heavyweight championship twice.
8002:123146060419072::Thread-178 2020-08-09 19:00:05.624 - **START**
8002:123146060419072::Thread-178 2020-08-09 19:00:05.644 - Starting new HTTPS connection (1): en.wikipedia.org
8002:123146060419072::Thread-178 2020-08-09 19:00:06.487 - Wayne Mark Rooney (born 24 October 1985) is an English professional footballer and captain for Championship club Derby County.
8002:123146060419072::Thread-178 2020-08-09 19:00:06.848 - He has played much of his career as a forward, and he has also been used in various midfield roles.
8002:123146060419072::Thread-178 2020-08-09 19:00:07.198 - Widely considered to be one of the best players of his generation, Rooney is the record goalscorer for both the England national team and Manchester United.Rooney joined the Everton youth team at the age of 9 and made his professional debut for the club in 2002 at the age of 16.
8003:123146060419072::Thread-178 2020-08-09 19:00:07.939 - The last two entries in the series are  Creed and Creed II, that serve as spin-off films focusing on Adonis "Donnie" Creed, the son of the ill-fated boxer Apollo Creed, to whom the long retired Rocky is a mentor.
8002:123146060419072::Thread-178 2020-08-09 19:00:07.961 - He spent two seasons at the Merseyside club, before moving to Manchester United for £25.6 million in the 2004 summer transfer window where he won 16 trophies and became the only English player, alongside teammate Michael Carrick, to win the Premier League, FA Cup, UEFA Champions League, League Cup, UEFA Europa League, and FIFA Club World Cup.
8002:123146060419072::Thread-178 2020-08-09 19:00:08.553 - He scored 253 goals for United in all competitions to make him their top goalscorer of all time, with 183 Premier League goals being the most scored by a player for any single club.
8004:123146060419072::Thread-178 2020-08-09 19:00:08.565 - **START**
8004:123146060419072::Thread-178 2020-08-09 19:00:08.569 - Starting new HTTPS connection (1): en.wikipedia.org
8003:123146060419072::Thread-178 2020-08-09 19:00:09.366 - Reprising the role during the 2010s brought Stallone praise, and his first Golden Globe award for the first Creed, as well as a third Oscar nomination, having been first nominated for the same role 40 years prior.Stallone had similar box-office success portraying the PTSD-plagued soldier John Rambo in the five Rambo films (1982–2019), and as mercenary Barney Ross in the three The Expendables films (2010–2014).
8002:123146060419072::Thread-178 2020-08-09 19:00:09.526 - Rooney's 208 Premier League goals make him the Premier League's second-top scorer of all time.
8004:123146060419072::Thread-178 2020-08-09 19:00:10.001 - William Shakespeare (bapt.
8002:123146060419072::Thread-178 2020-08-09 19:00:10.177 - He also has the third-highest number of assists in the Premier League, with 103.Rooney made his senior international debut for England in February 2003 aged 17 and is England's youngest ever goalscorer.
8004:123146060419072::Thread-178 2020-08-09 19:00:10.396 - 26 April 1564 – 23 April 1616) was an English playwright, poet, and actor, widely regarded as the greatest writer in the English language and the world's greatest dramatist.
8002:123146060419072::Thread-178 2020-08-09 19:00:10.582 - He played at UEFA Euro 2004 and scored four goals, briefly becoming the youngest goalscorer in the history of the European Championship.
8002:123146060419072::Thread-178 2020-08-09 19:00:10.943 - Rooney has since featured at the 2006, 2010, and 2014 World Cups and was widely regarded as his country's best player.
8003:123146060419072::Thread-178 2020-08-09 19:00:11.641 - He wrote or co-wrote most of the films in his three biggest franchises, and directed many of them.
8002:123146060419072::Thread-178 2020-08-09 19:00:11.905 - He has won the England Player of the Year award four times, in 2008, 2009, 2014, and 2015.
8004:123146060419072::Thread-178 2020-08-09 19:00:12.24 - He is often called England's national poet and the "Bard of Avon" (or simply "the Bard").
8003:123146060419072::Thread-178 2020-08-09 19:00:12.264 - Stallone's film Rocky was inducted into the National Film Registry, and had its props placed in the Smithsonian Museum.
8004:123146060419072::Thread-178 2020-08-09 19:00:12.351 - His extant works, including collaborations, consist of some 39 plays, 154 sonnets, two long narrative poems, and a few other verses, some of uncertain authorship.
8004:123146060419072::Thread-178 2020-08-09 19:00:13.512 - His plays have been translated into every major living language and are performed more often than those of any other playwright.
8003:123146060419072::Thread-178 2020-08-09 19:00:14.274 - His use of the front entrance to the Philadelphia Museum of Art in the Rocky series led the area to be nicknamed the Rocky Steps, and Philadelphia has a statue of his Rocky character placed permanently near the museum.
8003:123146060419072::Thread-178 2020-08-09 19:00:14.471 - It was announced on December 7, 2010 that he was voted into the International Boxing Hall of Fame in the non-participant category.In 1977, Stallone was nominated for two Academy Awards for Rocky, for Best Original Screenplay and Best Actor.
8003:123146060419072::Thread-178 2020-08-09 19:00:14.899 - He became the third man in history to receive these two nominations for the same film, after Charlie Chaplin and Orson Welles.
8004:123146060419072::Thread-178 2020-08-09 19:00:15.368 - They also continue to be studied and reinterpreted.
8004:123146060419072::Thread-178 2020-08-09 19:00:15.643 - Shakespeare was born and raised in Stratford-upon-Avon, Warwickshire.
8004:123146060419072::Thread-178 2020-08-09 19:00:16.86 - At the age of 18, he married Anne Hathaway, with whom he had three children: Susanna and twins Hamnet and Judith.
8002:123146060419072::Thread-178 2020-08-09 19:00:16.907 - **END**
8003:123146060419072::Thread-178 2020-08-09 19:00:16.914 - Early life
Michael Sylvester Gardenzio Stallone was born in the Hell's Kitchen neighborhood of Manhattan, New York, on July 6, 1946, the elder son of Francesco "Frank" Stallone Sr., a hairdresser and beautician, and Jacqueline "Jackie" Stallone (née Labofish; born 1921), an astrologer, dancer, and promoter of women's wrestling.
8004:123146060419072::Thread-178 2020-08-09 19:00:18.224 - Sometime between 1585 and 1592, he began a successful career in London as an actor, writer, and part-owner of a playing company called the Lord Chamberlain's Men, later known as the King's Men.
8004:123146060419072::Thread-178 2020-08-09 19:00:19.569 - At age 49 (around 1613), he appears to have retired to Stratford, where he died three years later.
8004:123146060419072::Thread-178 2020-08-09 19:00:21.574 - **END**
8003:123146060419072::Thread-178 2020-08-09 19:00:23.919 - **END**