8004:123145593487360::Thread-67 2020-08-09 18:59:27.239 - **START**
8004:123145593487360::Thread-67 2020-08-09 18:59:27.534 - Starting new HTTPS connection (1): en.wikipedia.org
8002:123145593487360::Thread-67 2020-08-09 18:59:28.329 - **START**
8002:123145593487360::Thread-67 2020-08-09 18:59:28.429 - Starting new HTTPS connection (1): en.wikipedia.org
8005:123145593487360::Thread-67 2020-08-09 18:59:29.206 - **START**
8004:123145593487360::Thread-67 2020-08-09 18:59:29.42 - London is the capital and largest city of England and the United Kingdom.
8005:123145593487360::Thread-67 2020-08-09 18:59:29.383 - Starting new HTTPS connection (1): en.wikipedia.org
8003:123145593487360::Thread-67 2020-08-09 18:59:30.25 - **START**
8004:123145593487360::Thread-67 2020-08-09 18:59:31.004 - The city stands on the River Thames in the south-east of England, at the head of its 50-mile (80 km) estuary leading to the North Sea, London has been a major settlement for two millennia.
8003:123145593487360::Thread-67 2020-08-09 18:59:31.153 - Starting new HTTPS connection (1): en.wikipedia.org
8004:123145593487360::Thread-67 2020-08-09 18:59:31.748 - Londinium was founded by the Romans.
8005:123145593487360::Thread-67 2020-08-09 18:59:32.845 - The Code of Hammurabi is a well-preserved Babylonian code of law of ancient Mesopotamia, dated to about 1754 BC (Middle Chronology).
8004:123145593487360::Thread-67 2020-08-09 18:59:33.223 - The City of London, London's ancient core − an area of just 1.12 square miles (2.9 km2) and colloquially known as the Square Mile − retains boundaries that closely follow its medieval limits.
8002:123145593487360::Thread-67 2020-08-09 18:59:33.519 - Seattle ( (listen) see-AT-əl) is a seaport city on the West Coast of the United States.
8005:123145593487360::Thread-67 2020-08-09 18:59:33.92 - It is one of the oldest deciphered writings of significant length in the world.
8002:123145593487360::Thread-67 2020-08-09 18:59:34.07 - It is the seat of King County, Washington.
8003:123145593487360::Thread-67 2020-08-09 18:59:34.223 - Venice (; Italian: Venezia [veˈnɛttsja] (listen); Venetian: Venesia or Venexia [veˈnɛsja]) is a city in northeastern Italy and the capital of the Veneto region.
8005:123145593487360::Thread-67 2020-08-09 18:59:34.489 - The sixth Babylonian king, Hammurabi, enacted the code.
8003:123145593487360::Thread-67 2020-08-09 18:59:34.557 - It is situated on a group of 118 small islands that are separated by canals and linked by over 400 bridges.
8004:123145593487360::Thread-67 2020-08-09 18:59:34.658 - The City of Westminster is also an Inner London borough holding city status.
8005:123145593487360::Thread-67 2020-08-09 18:59:34.828 - A partial copy exists on a 2.25-metre-tall (7.5 ft) stone stele.
8006:123145593487360::Thread-67 2020-08-09 18:59:35.247 - **START**
8003:123145593487360::Thread-67 2020-08-09 18:59:35.748 - The islands are located in the shallow Venetian Lagoon, an enclosed bay that lies between the mouths of the Po and the Piave rivers (more exactly between the Brenta and the Sile).
8002:123145593487360::Thread-67 2020-08-09 18:59:35.989 - Seattle is the largest city in both the state of Washington and the Pacific Northwest region of North America.
8005:123145593487360::Thread-67 2020-08-09 18:59:36.253 - It consists of 282 laws, with scaled punishments, adjusting "an eye for an eye, a tooth for a tooth" (lex talionis) as graded based on social stratification depending on social status and gender, of slave versus free, man versus woman.Nearly half of the code deals with matters of contract, establishing the wages to be paid to an ox driver or a surgeon for example.
8004:123145593487360::Thread-67 2020-08-09 18:59:36.62 - London is governed by the mayor of London and the London Assembly.London is considered to be one of the world's most important global cities and has been called the world's most powerful, most desirable, most influential, most visited, most expensive, sustainable, most investment-friendly, and most-popular-for-work city.
8006:123145593487360::Thread-67 2020-08-09 18:59:36.588 - Starting new HTTPS connection (1): en.wikipedia.org
8004:123145593487360::Thread-67 2020-08-09 18:59:37.033 - It exerts a considerable impact upon the arts, commerce, education, entertainment, fashion, finance, healthcare, media, professional services, research and development, tourism and transportation.
8003:123145593487360::Thread-67 2020-08-09 18:59:37.698 - In 2018, 260,897 people resided in the Comune di Venezia, of whom around 55,000 live in the historical city of Venice (centro storico).
8002:123145593487360::Thread-67 2020-08-09 18:59:37.769 - According to U.S. Census data released in 2019, the Seattle metropolitan area's population stands at 3.98 million, and ranks as the 15th-largest in the United States.
8004:123145593487360::Thread-67 2020-08-09 18:59:37.962 - London ranks 26th out of 300 major cities for economic performance.
8003:123145593487360::Thread-67 2020-08-09 18:59:38.259 - Together with Padua and Treviso, the city is included in the Padua-Treviso-Venice Metropolitan Area (PATREVE), which is considered a statistical metropolitan area, with a total population of 2.6 million.The name is derived from the ancient Veneti people who inhabited the region by the 10th century BC.
8005:123145593487360::Thread-67 2020-08-09 18:59:38.17 - Other provisions set the terms of a transaction, the liability of a builder for a house that collapses, or property that is damaged while left in the care of another.
8003:123145593487360::Thread-67 2020-08-09 18:59:38.352 - The city was historically the capital of the Republic of Venice for a millennium and more, from 697 to 1797.
8004:123145593487360::Thread-67 2020-08-09 18:59:38.49 - It is one of the largest financial centres and has either the fifth or the sixth-largest metropolitan area GDP.
8003:123145593487360::Thread-67 2020-08-09 18:59:38.687 - It was a major financial and maritime power during the Middle Ages and Renaissance, and a staging area for the Crusades and the Battle of Lepanto, as well as an important center of commerce—especially silk, grain, and spice, and of art from the 13th century to the end of the 17th.
8005:123145593487360::Thread-67 2020-08-09 18:59:39.517 - A third of the code addresses issues concerning household and family relationships such as inheritance, divorce, paternity, and reproductive behavior.
8004:123145593487360::Thread-67 2020-08-09 18:59:39.963 - It is the most-visited city as measured by international arrivals and has the busiest city airport system as measured by passenger traffic.
8005:123145593487360::Thread-67 2020-08-09 18:59:40.193 - Only one provision appears to impose obligations on a government official; this provision establishes that a judge who alters his decision after it is written down is to be fined and removed from the bench permanently.
8003:123145593487360::Thread-67 2020-08-09 18:59:40.248 - The city-state of Venice is considered to have been the first real international financial center, emerging in the 9th century and reaching its greatest prominence in the 14th century.
8006:123145593487360::Thread-67 2020-08-09 18:59:40.531 - Angelina Jolie (; née Voight, formerly Jolie Pitt, born June 4, 1975) is an American actress, filmmaker, and humanitarian.
8002:123145593487360::Thread-67 2020-08-09 18:59:40.632 - In July 2013, it was the fastest-growing major city in the United States and remained in the top 5 in May 2015 with an annual growth rate of 2.1%.
8006:123145593487360::Thread-67 2020-08-09 18:59:41.036 - The recipient of numerous accolades, including an Academy Award and three Golden Globe Awards, she has been named Hollywood's highest-paid actress multiple times.
8006:123145593487360::Thread-67 2020-08-09 18:59:41.267 - Jolie made her screen debut as a child alongside her father, Jon Voight, in Lookin' to Get Out (1982), and her film career began in earnest a decade later with the low-budget production Cyborg 2 (1993), followed by her first leading role in a major film, Hackers (1995).
8005:123145593487360::Thread-67 2020-08-09 18:59:41.057 - A few provisions address issues related to military service.
8006:123145593487360::Thread-67 2020-08-09 18:59:41.358 - She starred in the critically acclaimed biographical cable films George Wallace (1997) and Gia (1998), and won an Academy Award for Best Supporting Actress for her performance in the drama Girl, Interrupted (1999).
8004:123145593487360::Thread-67 2020-08-09 18:59:41.898 - It is the leading investment destination,  hosting more international retailers than any other city.
8006:123145593487360::Thread-67 2020-08-09 18:59:42.044 - Her starring role as the video game heroine Lara Croft in Lara Croft: Tomb Raider (2001) established her as a leading Hollywood actress.
8003:123145593487360::Thread-67 2020-08-09 18:59:42.085 - This made Venice a wealthy city throughout most of its history.
8003:123145593487360::Thread-67 2020-08-09 18:59:42.333 - After the Napoleonic Wars and the Congress of Vienna, the Republic was annexed by the Austrian Empire, until it became part of the Kingdom of Italy in 1866, following a referendum held as a result of the Third Italian War of Independence.
8002:123145593487360::Thread-67 2020-08-09 18:59:42.509 - In July 2016, Seattle was again the fastest-growing major U.S. city, with a 3.1% annual growth rate.Seattle is situated on an isthmus between Puget Sound (an inlet of the Pacific Ocean) and Lake Washington.
8005:123145593487360::Thread-67 2020-08-09 18:59:42.617 - The code was discovered by modern archaeologists in 1901, and its editio princeps translation published in 1902 by Jean-Vincent Scheil.
8006:123145593487360::Thread-67 2020-08-09 18:59:42.887 - She continued her action-star career with Mr. & Mrs. Smith (2005), Wanted (2008), and Salt (2010), and received critical acclaim for her performances in the dramas A Mighty Heart (2007) and Changeling (2008), which earned her a nomination for an Academy Award for Best Actress.
8006:123145593487360::Thread-67 2020-08-09 18:59:42.927 - Her biggest commercial success came with the fantasy picture Maleficent (2014).
8006:123145593487360::Thread-67 2020-08-09 18:59:43.741 - In the 2010s, Jolie expanded her career into directing, screenwriting, and producing, with the war dramas In the Land of Blood and Honey (2011), Unbroken (2014), and First They Killed My Father (2017).
8003:123145593487360::Thread-67 2020-08-09 18:59:43.915 - Venice has been known as "La Dominante", "La Serenissima", "Queen of the Adriatic", "City of Water", "City of Masks", "City of Bridges", "The Floating City", and "City of Canals".
8003:123145593487360::Thread-67 2020-08-09 18:59:44.922 - **END**
8002:123145593487360::Thread-67 2020-08-09 18:59:45.458 - It is the northernmost large city in the United States, located about 100 miles (160 km) south of the Canadian border.
8006:123145593487360::Thread-67 2020-08-09 18:59:46.742 - **END**
8002:123145593487360::Thread-67 2020-08-09 18:59:47.323 - A major gateway for trade with Asia, Seattle is the fourth-largest port in North America in terms of container handling as of 2015.The Seattle area was inhabited by Native Americans for at least 4,000 years before the first permanent European settlers.
8002:123145593487360::Thread-67 2020-08-09 18:59:48.829 - Arthur A. Denny and his group of travelers, subsequently known as the Denny Party, arrived from Illinois via Portland, Oregon, on the schooner Exact at Alki Point on November 13, 1851.
8002:123145593487360::Thread-67 2020-08-09 18:59:48.866 - The settlement was moved to the eastern shore of Elliott Bay and named "Seattle" in 1852, in honor of Chief Si'ahl of the local Duwamish and Suquamish tribes.
8004:123145593487360::Thread-67 2020-08-09 18:59:49.905 - **END**
8005:123145593487360::Thread-67 2020-08-09 18:59:51.618 - **END**
8006:123145593487360::Thread-67 2020-08-09 18:59:52.748 - **START**
8006:123145593487360::Thread-67 2020-08-09 18:59:52.753 - Starting new HTTPS connection (1): en.wikipedia.org
8006:123145593487360::Thread-67 2020-08-09 18:59:53.607 - Göbekli Tepe (Turkish: [ɟœbecˈli teˈpe], "Potbelly Hill") is an archaeological site in the Southeastern Anatolia Region of Turkey approximately 12 km (7 mi) northeast of the city of Şanlıurfa.
8006:123145593487360::Thread-67 2020-08-09 18:59:54.342 - The tell (artificial mound) has a height of 15 m (50 ft) and is about 300 m (1,000 ft) in diameter.
8006:123145593487360::Thread-67 2020-08-09 18:59:54.866 - It is approximately 760 m (2,500 ft) above sea level.
8002:123145593487360::Thread-67 2020-08-09 18:59:54.87 - **END**
8006:123145593487360::Thread-67 2020-08-09 18:59:55.214 - The tell includes two phases of use, believed to be of a social or ritual nature by site discoverer and excavator Klaus Schmidt, dating back to the 10th–8th millennium BCE.
8006:123145593487360::Thread-67 2020-08-09 18:59:55.457 - During the first phase, belonging to the Pre-Pottery Neolithic A (PPNA), circles of massive 'T'-shaped stone pillars were erected – the world's oldest known megaliths.More than 200 pillars in about 20 circles are known (as of May 2020) through geophysical surveys.
8006:123145593487360::Thread-67 2020-08-09 18:59:55.867 - Each pillar has a height of up to 6 m (20 ft) and weighs up to 10 tons.
8006:123145593487360::Thread-67 2020-08-09 18:59:56.538 - They are fitted into sockets that were hewn out of the local bedrock.
8006:123145593487360::Thread-67 2020-08-09 18:59:56.65 - In the second phase, belonging to the Pre-Pottery Neolithic B (PPNB), the erected pillars are smaller and stood in rectangular rooms with floors of polished lime.
8006:123145593487360::Thread-67 2020-08-09 18:59:56.764 - The site was abandoned after the Pre-Pottery Neolithic B (PPNB).
8006:123145593487360::Thread-67 2020-08-09 18:59:57.075 - Younger structures date to classical times.
8006:123145593487360::Thread-67 2020-08-09 18:59:57.194 - The details of the structure's function remain a mystery.
8003:123145593487360::Thread-67 2020-08-09 18:59:57.924 - **START**
8003:123145593487360::Thread-67 2020-08-09 18:59:57.952 - Starting new HTTPS connection (1): en.wikipedia.org
8003:123145593487360::Thread-67 2020-08-09 19:00:00.664 - Earth is the third planet from the Sun and the only astronomical object known to harbor life.
8003:123145593487360::Thread-67 2020-08-09 19:00:00.732 - According to radiometric dating estimation and other evidence, Earth formed over 4.5 billion years ago.
8004:123145593487360::Thread-67 2020-08-09 19:00:00.919 - **START**
8004:123145593487360::Thread-67 2020-08-09 19:00:00.927 - Starting new HTTPS connection (1): en.wikipedia.org
8005:123145593487360::Thread-67 2020-08-09 19:00:01.623 - **START**
8005:123145593487360::Thread-67 2020-08-09 19:00:01.653 - Starting new HTTPS connection (1): en.wikipedia.org
8003:123145593487360::Thread-67 2020-08-09 19:00:03.505 - Earth's gravity interacts with other objects in space, especially the Sun and the Moon, which is Earth's only natural satellite.
8005:123145593487360::Thread-67 2020-08-09 19:00:05.102 - Disneyland Park, originally Disneyland, is the first of two theme parks built at the Disneyland Resort in Anaheim, California, opened on July 17, 1955.
8002:123145593487360::Thread-67 2020-08-09 19:00:05.872 - **START**
8002:123145593487360::Thread-67 2020-08-09 19:00:05.877 - Starting new HTTPS connection (1): en.wikipedia.org
8006:123145593487360::Thread-67 2020-08-09 19:00:06.201 - **END**
8003:123145593487360::Thread-67 2020-08-09 19:00:06.265 - Earth orbits around the Sun in 365.256 solar days, a period known as an Earth sidereal year.
8005:123145593487360::Thread-67 2020-08-09 19:00:06.455 - It is the only theme park designed and built to completion under the direct supervision of Walt Disney.
8005:123145593487360::Thread-67 2020-08-09 19:00:07.184 - It was originally the only attraction on the property; its official name was changed to Disneyland Park to distinguish it from the expanding complex in the 1990s.
8002:123145593487360::Thread-67 2020-08-09 19:00:07.899 - Prince Philip, Duke of Edinburgh (born Prince Philip of Greece and Denmark, 10 June 1921), is the husband of Queen Elizabeth II of the United Kingdom and other Commonwealth realms.
8002:123145593487360::Thread-67 2020-08-09 19:00:08.225 - Philip was born into the Greek and Danish royal families.
8002:123145593487360::Thread-67 2020-08-09 19:00:08.249 - He was born in Greece, but his family was exiled from the country when he was an infant.
8004:123145593487360::Thread-67 2020-08-09 19:00:08.66 - **END**
8003:123145593487360::Thread-67 2020-08-09 19:00:08.77 - During this time, Earth rotates about its axis 366.256 times, that is, a sidereal year has 366.256 sidereal days.Earth's axis of rotation is tilted with respect to its orbital plane, producing seasons on Earth.
8002:123145593487360::Thread-67 2020-08-09 19:00:08.799 - After being educated in France, Germany, and the United Kingdom, he joined the British Royal Navy in 1939, aged 18.
8005:123145593487360::Thread-67 2020-08-09 19:00:09.022 - It was the first Disney theme park.
8002:123145593487360::Thread-67 2020-08-09 19:00:09.615 - From July 1939, he began corresponding with the 13-year-old Princess Elizabeth, whom he had first met in 1934.
8002:123145593487360::Thread-67 2020-08-09 19:00:10.509 - During the Second World War he served with distinction in the Mediterranean and Pacific Fleets.
8005:123145593487360::Thread-67 2020-08-09 19:00:10.822 - Walt Disney came up with the concept of Disneyland after visiting various amusement parks with his daughters in the 1930s and 1940s.
8003:123145593487360::Thread-67 2020-08-09 19:00:10.94 - The gravitational interaction between Earth and the Moon causes tides, stabilizes Earth's orientation on its axis, and gradually slows its rotation.
8002:123145593487360::Thread-67 2020-08-09 19:00:11.759 - After the war, Philip was granted permission by George VI to marry Elizabeth.
8003:123145593487360::Thread-67 2020-08-09 19:00:12.622 - Earth is the densest planet in the Solar System and the largest and most massive of the four rocky planets.
8002:123145593487360::Thread-67 2020-08-09 19:00:12.988 - Before the official announcement of their engagement in July 1947, he abandoned his Greek and Danish royal titles, became a naturalised British subject, and adopted his maternal grandparents' surname Mountbatten.
8005:123145593487360::Thread-67 2020-08-09 19:00:12.99 - He initially envisioned building a tourist attraction adjacent to his studios in Burbank to entertain fans who wished to visit; however, he soon realized that the proposed site was too small.
8002:123145593487360::Thread-67 2020-08-09 19:00:14.332 - He married Elizabeth on 20 November 1947.
8003:123145593487360::Thread-67 2020-08-09 19:00:14.826 - Earth's outer layer (lithosphere) is divided into several rigid tectonic plates that migrate across the surface over many millions of years.
8002:123145593487360::Thread-67 2020-08-09 19:00:15.673 - Just before the wedding, he was created Duke of Edinburgh, Earl of Merioneth and Baron Greenwich.
8003:123145593487360::Thread-67 2020-08-09 19:00:15.713 - About 29% of Earth's surface is land consisting of continents and islands.
8005:123145593487360::Thread-67 2020-08-09 19:00:15.899 - After hiring a consultant to help him determine an appropriate site for his project, Disney bought a 160-acre (65 ha) site near Anaheim in 1953.
8005:123145593487360::Thread-67 2020-08-09 19:00:17.231 - Construction began in 1954 and the park was unveiled during a special televised press event on the ABC Television Network on July 17, 1955.
8003:123145593487360::Thread-67 2020-08-09 19:00:18.024 - The remaining 71% is covered with water, mostly by oceans but also lakes, rivers and other fresh water, which all together constitute the hydrosphere.
8005:123145593487360::Thread-67 2020-08-09 19:00:19.286 - Since its opening, Disneyland has undergone expansions and major renovations, including the addition of New Orleans Square in 1966, Bear Country (now Critter Country) in 1972,  Mickey's Toontown in 1993, and Star Wars: Galaxy's Edge in 2019.
8002:123145593487360::Thread-67 2020-08-09 19:00:20.679 - **END**
8005:123145593487360::Thread-67 2020-08-09 19:00:20.693 - Opened in 2001, Disney California Adventure Park was built on the site of Disneyland's original parking lot.
8003:123145593487360::Thread-67 2020-08-09 19:00:22.025 - **END**
8005:123145593487360::Thread-67 2020-08-09 19:00:24.7 - **END**