8003:123145450463232::Thread-33 2020-08-09 18:59:28.234 - **START**
8003:123145450463232::Thread-33 2020-08-09 18:59:28.582 - Starting new HTTPS connection (1): en.wikipedia.org
8006:123145450463232::Thread-33 2020-08-09 18:59:29.246 - **START**
8006:123145450463232::Thread-33 2020-08-09 18:59:29.528 - Starting new HTTPS connection (1): en.wikipedia.org
8006:123145450463232::Thread-33 2020-08-09 18:59:31.345 - Tera Patrick (born Linda Ann Hopkins July 25, 1976) is an American former pornographic actress and model who is the Penthouse Pet of the Month for February 2000 and is an inductee for the NightMoves, AVN and XRCO Halls of Fame.
8006:123145450463232::Thread-33 2020-08-09 18:59:31.439 - Early life
Tera Patrick was born Linda Ann Hopkins and was raised near San Francisco.
8006:123145450463232::Thread-33 2020-08-09 18:59:32.102 - Her mother is Thai and her father is of English, Irish and Dutch descent.
8002:123145450463232::Thread-33 2020-08-09 18:59:32.306 - **START**
8006:123145450463232::Thread-33 2020-08-09 18:59:32.563 - When she was just ten, her mother left her and she grew up with her father David Hopkins, a carefree hippie.
8005:123145450463232::Thread-33 2020-08-09 18:59:33.202 - **START**
8003:123145450463232::Thread-33 2020-08-09 18:59:33.34 - Millie Bobby Brown (born 19 February 2004) is a British actress.
8002:123145450463232::Thread-33 2020-08-09 18:59:33.446 - Starting new HTTPS connection (1): en.wikipedia.org
8006:123145450463232::Thread-33 2020-08-09 18:59:33.58 - After taking weekend classes at the Barbizon School of Modeling for two years, she was hired by a Japanese modeling agency and moved to Tokyo at the age of fourteen.
8006:123145450463232::Thread-33 2020-08-09 18:59:34.341 - At one of her first photo shoots, she was sexually assaulted by the photographer, who "was feeding [her] champagne and Valium" until she "was getting wasted".
8003:123145450463232::Thread-33 2020-08-09 18:59:34.952 - She rose to prominence for her role as Eleven in the Netflix science fiction horror series Stranger Things (2016–present), for which she received Primetime Emmy Award nominations for Outstanding Supporting Actress in a Drama Series.
8006:123145450463232::Thread-33 2020-08-09 18:59:34.971 - She spent two years in Tokyo, where "she became addicted to Valium and alcohol and spent her paychecks on shopping sprees".
8004:123145450463232::Thread-33 2020-08-09 18:59:35.221 - **START**
8006:123145450463232::Thread-33 2020-08-09 18:59:35.652 - When her father learned she had become sexually active, he complained to her agency, pointing out she was underage.
8002:123145450463232::Thread-33 2020-08-09 18:59:35.848 - Göbekli Tepe (Turkish: [ɟœbecˈli teˈpe], "Potbelly Hill") is an archaeological site in the Southeastern Anatolia Region of Turkey approximately 12 km (7 mi) northeast of the city of Şanlıurfa.
8006:123145450463232::Thread-33 2020-08-09 18:59:35.917 - It sent her back to the United States, "sixteen years old and already a washed-up model".
8005:123145450463232::Thread-33 2020-08-09 18:59:36.009 - Starting new HTTPS connection (1): en.wikipedia.org
8006:123145450463232::Thread-33 2020-08-09 18:59:36.201 - At eighteen, she obtained a GED, briefly studied nursing at Boise State University, then received EMT certification from a local vocational school.
8002:123145450463232::Thread-33 2020-08-09 18:59:36.435 - The tell (artificial mound) has a height of 15 m (50 ft) and is about 300 m (1,000 ft) in diameter.
8002:123145450463232::Thread-33 2020-08-09 18:59:36.438 - It is approximately 760 m (2,500 ft) above sea level.
8003:123145450463232::Thread-33 2020-08-09 18:59:36.505 - At age 13, she became one of the youngest nominees in Emmy history.
8002:123145450463232::Thread-33 2020-08-09 18:59:36.679 - The tell includes two phases of use, believed to be of a social or ritual nature by site discoverer and excavator Klaus Schmidt, dating back to the 10th–8th millennium BCE.
8002:123145450463232::Thread-33 2020-08-09 18:59:36.945 - During the first phase, belonging to the Pre-Pottery Neolithic A (PPNA), circles of massive 'T'-shaped stone pillars were erected – the world's oldest known megaliths.More than 200 pillars in about 20 circles are known (as of May 2020) through geophysical surveys.
8006:123145450463232::Thread-33 2020-08-09 18:59:37.202 - **END**
8002:123145450463232::Thread-33 2020-08-09 18:59:37.772 - Each pillar has a height of up to 6 m (20 ft) and weighs up to 10 tons.
8002:123145450463232::Thread-33 2020-08-09 18:59:38.073 - They are fitted into sockets that were hewn out of the local bedrock.
8002:123145450463232::Thread-33 2020-08-09 18:59:38.635 - In the second phase, belonging to the Pre-Pottery Neolithic B (PPNB), the erected pillars are smaller and stood in rectangular rooms with floors of polished lime.
8003:123145450463232::Thread-33 2020-08-09 18:59:38.724 - Her film debut came in 2019 with the monster film Godzilla: King of the Monsters.
8002:123145450463232::Thread-33 2020-08-09 18:59:39.123 - The site was abandoned after the Pre-Pottery Neolithic B (PPNB).
8004:123145450463232::Thread-33 2020-08-09 18:59:39.436 - Starting new HTTPS connection (1): en.wikipedia.org
8003:123145450463232::Thread-33 2020-08-09 18:59:39.684 - Brown will also play the titular role in the upcoming mystery film Enola Holmes.
8002:123145450463232::Thread-33 2020-08-09 18:59:39.768 - Younger structures date to classical times.
8002:123145450463232::Thread-33 2020-08-09 18:59:40.686 - The details of the structure's function remain a mystery.
8005:123145450463232::Thread-33 2020-08-09 18:59:40.855 - Manchester United Football Club is a professional football club based in Old Trafford, Greater Manchester, England, that competes in the Premier League, the top flight of English football.
8005:123145450463232::Thread-33 2020-08-09 18:59:40.956 - Nicknamed "the Red Devils", the club was founded as Newton Heath LYR Football Club in 1878, changed its name to Manchester United in 1902 and moved to its current stadium, Old Trafford, in 1910.
8005:123145450463232::Thread-33 2020-08-09 18:59:41.305 - Manchester United have won more trophies than any other club in English football, with a record 20 League titles, 12 FA Cups, five League Cups and a record 21 FA Community Shields.
8003:123145450463232::Thread-33 2020-08-09 18:59:41.762 - Brown is the youngest person to be featured on the Time 100 list of the world's most influential people and is the youngest person to be appointed a UNICEF Goodwill Ambassador.
8005:123145450463232::Thread-33 2020-08-09 18:59:41.948 - United have also won three UEFA Champions Leagues, one UEFA Europa League, one UEFA Cup Winners' Cup, one UEFA Super Cup, one Intercontinental Cup and one FIFA Club World Cup.
8005:123145450463232::Thread-33 2020-08-09 18:59:42.655 - In 1998–99, the club became the first in the history of English football to achieve the continental European treble.
8003:123145450463232::Thread-33 2020-08-09 18:59:43.092 - Early life
Brown was born in Marbella, Málaga, Andalusia, Spain, the third of four children of British parents, Kelly and Robert Brown.
8004:123145450463232::Thread-33 2020-08-09 18:59:43.106 - Berlin (; German: [bɛʁˈliːn] (listen)) is the capital and largest city of Germany by both area and population.
8006:123145450463232::Thread-33 2020-08-09 18:59:43.204 - **START**
8006:123145450463232::Thread-33 2020-08-09 18:59:43.32 - Starting new HTTPS connection (1): en.wikipedia.org
8005:123145450463232::Thread-33 2020-08-09 18:59:43.382 - By winning the UEFA Europa League in 2016–17, they became one of five clubs to have won all three main UEFA club competitions.
8002:123145450463232::Thread-33 2020-08-09 18:59:43.687 - **END**
8005:123145450463232::Thread-33 2020-08-09 18:59:44.207 - The 1958 Munich air disaster claimed the lives of eight players.
8005:123145450463232::Thread-33 2020-08-09 18:59:44.231 - In 1968, under the management of Matt Busby, Manchester United became the first English football club to win the European Cup.
8004:123145450463232::Thread-33 2020-08-09 18:59:44.323 - Its 3,769,495 (2019) inhabitants make it the most populous city proper of the European Union.
8004:123145450463232::Thread-33 2020-08-09 18:59:44.723 - The city is one of Germany's 16 federal states.
8005:123145450463232::Thread-33 2020-08-09 18:59:44.764 - Alex Ferguson won 38 trophies as manager, including 13 Premier League titles, 5 FA Cups and 2 UEFA Champions Leagues, between 1986 and 2013, when he announced his retirement.
8005:123145450463232::Thread-33 2020-08-09 18:59:45.583 - Manchester United was the highest-earning football club in the world for 2016–17, with an annual revenue of €676.3 million, and the world's third most valuable football club in 2019, valued at £3.15 billion ($3.81 billion).
8003:123145450463232::Thread-33 2020-08-09 18:59:45.61 - The family moved to Bournemouth, Dorset when she was around four years old, then to Windermere, Florida four years later.
8006:123145450463232::Thread-33 2020-08-09 18:59:46.092 - Ronaldo de Assis Moreira (born 21 March 1980), commonly known as Ronaldinho Gaúcho (Brazilian Portuguese: [ʁonawˈdʒĩɲu gaˈuʃu]) or simply Ronaldinho, is a Brazilian former professional footballer and ambassador for Barcelona.
8004:123145450463232::Thread-33 2020-08-09 18:59:46.158 - It is surrounded by the state of Brandenburg, and contiguous with Potsdam, Brandenburg's capital.
8004:123145450463232::Thread-33 2020-08-09 18:59:47.064 - The two cities are at the center of the Berlin-Brandenburg capital region, which is, with about six million inhabitants and an area of more than 30,000 km2, Germany's third-largest metropolitan region after the Rhine-Ruhr and Rhine-Main regions.
8004:123145450463232::Thread-33 2020-08-09 18:59:47.24 - Berlin straddles the banks of the River Spree, which flows into the River Havel (a tributary of the River Elbe) in the western borough of Spandau.
8004:123145450463232::Thread-33 2020-08-09 18:59:48.259 - Among the city's main topographical features are the many lakes in the western and southeastern boroughs formed by the Spree, Havel, and Dahme rivers (the largest of which is Lake Müggelsee).
8006:123145450463232::Thread-33 2020-08-09 18:59:48.4 - He played mostly as an attacking midfielder, but was also deployed as a forward or a winger.
8003:123145450463232::Thread-33 2020-08-09 18:59:48.47 - She was born with partial hearing in one ear, gradually losing all hearing in that ear over several years.Brown divides her time between London, United Kingdom and Atlanta, Georgia.
8004:123145450463232::Thread-33 2020-08-09 18:59:48.544 - Due to its location in the European Plain, Berlin is influenced by a temperate seasonal climate.
8002:123145450463232::Thread-33 2020-08-09 18:59:48.693 - **START**
8002:123145450463232::Thread-33 2020-08-09 18:59:48.698 - Starting new HTTPS connection (1): en.wikipedia.org
8004:123145450463232::Thread-33 2020-08-09 18:59:49.407 - About one-third of the city's area is composed of forests, parks, gardens, rivers, canals and lakes.
8002:123145450463232::Thread-33 2020-08-09 18:59:49.999 - Jacob Tremblay (; French: [tʁɑ̃blɛ]; born October 5, 2006) is a Canadian actor.
8006:123145450463232::Thread-33 2020-08-09 18:59:50.537 - Often considered one of the best players of his generation and regarded by many as one of the greatest of all time, Ronaldinho won two FIFA World Player of the Year awards and a Ballon d'Or.
8002:123145450463232::Thread-33 2020-08-09 18:59:50.599 - His breakout performance was his starring role as Jack Newsome in Room (2015), for which he won the Critics' Choice Movie Award for Best Young Performer and the Canadian Screen Award for Best Actor, and was nominated for the Screen Actors Guild Award for Outstanding Performance by a Male Actor in a Supporting Role.
8004:123145450463232::Thread-33 2020-08-09 18:59:51.113 - The city lies in the Central German dialect area, the Berlin dialect being a variant of the Lusatian-New Marchian dialects.
8003:123145450463232::Thread-33 2020-08-09 18:59:51.254 - Career
In 2013, Brown made her acting debut as a guest star in the ABC fantasy drama series Once Upon a Time in Wonderland, a spin-off of Once Upon a Time, portraying the role of Young Alice.
8002:123145450463232::Thread-33 2020-08-09 18:59:51.421 - In 2017, he starred as August Pullman, a child with Treacher Collins syndrome, in the drama Wonder, and in 2019 he headlined the R-rated comedy film Good Boys.
8006:123145450463232::Thread-33 2020-08-09 18:59:52.013 - He was renowned for his technical skills and creativity; due to his agility, pace and
dribbling ability, as well as his use of tricks, feints, overhead kicks, no-look passes and accuracy from free-kicks.
8002:123145450463232::Thread-33 2020-08-09 18:59:52.418 - Early life
Tremblay was born in Vancouver, British Columbia, Canada on October 5, 2006.
8002:123145450463232::Thread-33 2020-08-09 18:59:52.532 - He was raised in the nearby city of Langley, British Columbia.
8002:123145450463232::Thread-33 2020-08-09 18:59:53.407 - His father, Jason Tremblay, is a police detective, and his mother, Christina Candia Tremblay, is a homemaker.
8002:123145450463232::Thread-33 2020-08-09 18:59:54.326 - Tremblay's older sister Emma and younger sister Erica are also actors.
8005:123145450463232::Thread-33 2020-08-09 18:59:54.585 - **END**
8002:123145450463232::Thread-33 2020-08-09 18:59:54.699 - Career
Tremblay began acting in television roles.
8006:123145450463232::Thread-33 2020-08-09 18:59:54.71 - Ronaldinho made his career debut for Grêmio, in 1998.
8002:123145450463232::Thread-33 2020-08-09 18:59:54.807 - He made his film debut in the live-action/animated feature The Smurfs 2, released in 2013.Tremblay portrayed Jack Newsome in the critically acclaimed drama film Room, co-starring with Brie Larson.
8002:123145450463232::Thread-33 2020-08-09 18:59:54.969 - The film, directed by Lenny Abrahamson, premiered on September 4, 2015, at the Telluride Film Festival, and was released in cinemas on October 16, 2015.
8006:123145450463232::Thread-33 2020-08-09 18:59:56.377 - At age 20, he moved to Paris Saint-Germain in France before signing for Barcelona in 2003.
8006:123145450463232::Thread-33 2020-08-09 18:59:57.295 - In his second season with Barcelona, he won his first FIFA World Player of the Year award, as Barcelona won the 2004–05 La Liga title.
8005:123145450463232::Thread-33 2020-08-09 18:59:57.591 - **START**
8005:123145450463232::Thread-33 2020-08-09 18:59:57.601 - Starting new HTTPS connection (1): en.wikipedia.org
8006:123145450463232::Thread-33 2020-08-09 18:59:57.846 - The season that followed is considered one of the best in his career as he was integral in Barcelona winning the UEFA Champions League, their first in fourteen years, as well as another La Liga title, giving Ronaldinho his first career double.
8006:123145450463232::Thread-33 2020-08-09 18:59:58.128 - After scoring two spectacular solo goals in the first 2005-06 El Clásico, Ronaldinho became the second Barcelona player, after Diego Maradona in 1983, to receive a standing ovation from Real Madrid fans at the Santiago Bernabéu.
8006:123145450463232::Thread-33 2020-08-09 18:59:58.55 - Ronaldinho also received his second FIFA World Player of the Year award, as well as the Ballon d'Or.
8003:123145450463232::Thread-33 2020-08-09 18:59:59.258 - **END**
8004:123145450463232::Thread-33 2020-08-09 19:00:00.114 - **END**
8005:123145450463232::Thread-33 2020-08-09 19:00:00.314 - Slipknot is an American heavy metal band from Des Moines, Iowa.
8003:123145450463232::Thread-33 2020-08-09 19:00:01.262 - **START**
8003:123145450463232::Thread-33 2020-08-09 19:00:01.268 - Starting new HTTPS connection (1): en.wikipedia.org
8006:123145450463232::Thread-33 2020-08-09 19:00:01.603 - **END**
8005:123145450463232::Thread-33 2020-08-09 19:00:02.451 - The band was founded in 1995 by percussionist Shawn Crahan, drummer Joey Jordison and bassist Paul Gray.
8003:123145450463232::Thread-33 2020-08-09 19:00:02.832 - New Zealand (Māori: Aotearoa [aɔˈtɛaɾɔa]) is an island country in the southwestern Pacific Ocean.
8005:123145450463232::Thread-33 2020-08-09 19:00:02.932 - After several lineup changes in its early years, the band settled on nine members for more than a decade: Crahan, Jordison, Gray, Craig Jones, Mick Thomson, Corey Taylor, Sid Wilson, Chris Fehn, and Jim Root.
8002:123145450463232::Thread-33 2020-08-09 19:00:02.971 - **END**
8003:123145450463232::Thread-33 2020-08-09 19:00:04.05 - It comprises two main landmasses—the North Island (Te Ika-a-Māui) and the South Island (Te Waipounamu)—and around 600 smaller islands, covering a total area of 268,021 square kilometres (103,500 sq mi).
8005:123145450463232::Thread-33 2020-08-09 19:00:04.925 - Gray died on May 24, 2010, and was replaced during 2011–2014 by guitarist Donnie Steele.
8003:123145450463232::Thread-33 2020-08-09 19:00:05.048 - New Zealand is about 2,000 kilometres (1,200 mi) east of Australia across the Tasman Sea and 1,000 kilometres (600 mi) south of the islands of New Caledonia, Fiji, and Tonga.
8003:123145450463232::Thread-33 2020-08-09 19:00:06.243 - The country's varied topography and sharp mountain peaks, including the Southern Alps, owe much to tectonic uplift and volcanic eruptions.
8003:123145450463232::Thread-33 2020-08-09 19:00:07.112 - New Zealand's capital city is Wellington, and its most populous city is Auckland.
8005:123145450463232::Thread-33 2020-08-09 19:00:07.432 - Jordison was dismissed from the band on December 12, 2013.
8003:123145450463232::Thread-33 2020-08-09 19:00:09.06 - Owing to their remoteness, the islands of New Zealand were the last large habitable lands to be settled by humans.
8005:123145450463232::Thread-33 2020-08-09 19:00:09.073 - Steele left during the recording sessions for .5: The Gray Chapter.
8005:123145450463232::Thread-33 2020-08-09 19:00:09.487 - The band found replacements in Alessandro Venturella on bass and Jay Weinberg on drums.
8003:123145450463232::Thread-33 2020-08-09 19:00:10.324 - Between about 1280 and 1350, Polynesians began to settle in the islands, and then developed a distinctive Māori culture.
8003:123145450463232::Thread-33 2020-08-09 19:00:10.567 - In 1642, Dutch explorer Abel Tasman became the first European to sight New Zealand.
8005:123145450463232::Thread-33 2020-08-09 19:00:11.119 - After the departure of Jordison, as of December 2013 the only founding member in the current lineup is percussionist Crahan.
8003:123145450463232::Thread-33 2020-08-09 19:00:11.202 - In 1840, representatives of the United Kingdom and Māori chiefs signed the Treaty of Waitangi, which declared British sovereignty over the islands.
8005:123145450463232::Thread-33 2020-08-09 19:00:11.532 - Fehn was also dismissed from the band in March 2019 prior to the writing of We Are Not Your Kind.
8005:123145450463232::Thread-33 2020-08-09 19:00:12.971 - Slipknot is well known for its attention-grabbing image, aggressive style of music, and energetic and chaotic live shows.
8003:123145450463232::Thread-33 2020-08-09 19:00:13.144 - In 1841, New Zealand became a colony within the British Empire and in 1907 it became a dominion; it gained full statutory independence in 1947 and the British monarch remained the head of state.
8004:123145450463232::Thread-33 2020-08-09 19:00:14.118 - **START**
8004:123145450463232::Thread-33 2020-08-09 19:00:14.122 - Starting new HTTPS connection (1): en.wikipedia.org
8004:123145450463232::Thread-33 2020-08-09 19:00:16.077 - Theodore Robert Bundy (né Cowell; November 24, 1946 – January 24, 1989) was an American serial killer who kidnapped, raped, and murdered numerous young women and girls during the 1970s and possibly earlier.
8004:123145450463232::Thread-33 2020-08-09 19:00:16.681 - After more than a decade of denials, before his execution in 1989 he confessed to 30 homicides that he committed in seven states between 1974 and 1978.
8003:123145450463232::Thread-33 2020-08-09 19:00:17.149 - **END**
8004:123145450463232::Thread-33 2020-08-09 19:00:17.524 - The true number of victims is unknown and possibly higher.
8004:123145450463232::Thread-33 2020-08-09 19:00:18.683 - Bundy was regarded as handsome and charismatic, traits that he exploited to win the trust of victims and society.
8004:123145450463232::Thread-33 2020-08-09 19:00:20.091 - He would typically approach his victims in public places, feigning injury or disability, or impersonating an authority figure, before knocking them unconscious and taking them to secluded locations to rape and strangle them.
8004:123145450463232::Thread-33 2020-08-09 19:00:20.51 - He sometimes revisited his secondary crime scenes, grooming and performing sexual acts with the decomposing corpses until putrefaction and destruction by wild animals made any further interactions impossible.
8005:123145450463232::Thread-33 2020-08-09 19:00:20.974 - **END**
8004:123145450463232::Thread-33 2020-08-09 19:00:22.161 - He decapitated at least 12 victims and kept some of the severed heads as mementos in his apartment.
8004:123145450463232::Thread-33 2020-08-09 19:00:24.139 - On a few occasions, he broke into dwellings at night and bludgeoned his victims as they slept.
8004:123145450463232::Thread-33 2020-08-09 19:00:24.679 - In 1975, Bundy was jailed for the first time when he was incarcerated in Utah for aggravated kidnapping and attempted criminal assault.
8004:123145450463232::Thread-33 2020-08-09 19:00:26.662 - He then became a suspect in a progressively longer list of unsolved homicides in several states.
8004:123145450463232::Thread-33 2020-08-09 19:00:33.667 - **END**