8005:123145446256640::Thread-32 2020-08-09 18:59:28.201 - **START**
8005:123145446256640::Thread-32 2020-08-09 18:59:28.354 - Starting new HTTPS connection (1): en.wikipedia.org
8003:123145446256640::Thread-32 2020-08-09 18:59:30.243 - **START**
8003:123145446256640::Thread-32 2020-08-09 18:59:31.178 - Starting new HTTPS connection (1): en.wikipedia.org
8004:123145446256640::Thread-32 2020-08-09 18:59:31.213 - **START**
8004:123145446256640::Thread-32 2020-08-09 18:59:31.504 - Starting new HTTPS connection (1): en.wikipedia.org
8005:123145446256640::Thread-32 2020-08-09 18:59:31.632 - Ashley Mathews, better known as Riley Reid, is an American pornographic actress.
8006:123145446256640::Thread-32 2020-08-09 18:59:32.413 - **START**
8003:123145446256640::Thread-32 2020-08-09 18:59:33.033 - The Philippines ( (listen); Filipino: Pilipinas [ˌpɪlɪˈpinɐs] or Filipinas [fɪlɪˈpinɐs]), officially the Republic of the Philippines (Filipino: Republika ng Pilipinas), is an archipelagic country in Southeast Asia.
8006:123145446256640::Thread-32 2020-08-09 18:59:33.064 - Starting new HTTPS connection (1): en.wikipedia.org
8002:123145446256640::Thread-32 2020-08-09 18:59:33.305 - **START**
8005:123145446256640::Thread-32 2020-08-09 18:59:33.513 - She briefly worked as a stripper before entering the adult film industry in 2010, at the age of 19.
8003:123145446256640::Thread-32 2020-08-09 18:59:33.64 - Situated in the western Pacific Ocean, it consists of about 7,641 islands that are broadly categorized under three main geographical divisions from north to south: Luzon, Visayas, Mindanao.
8004:123145446256640::Thread-32 2020-08-09 18:59:34.006 - China (Chinese: 中国; pinyin: Zhōngguó; lit.
8003:123145446256640::Thread-32 2020-08-09 18:59:34.018 - The capital city of the Philippines is Manila and the most populous city is Quezon City, both within the single urban area of Metro Manila.
8003:123145446256640::Thread-32 2020-08-09 18:59:34.116 - Bounded by the South China Sea on the west, the Philippine Sea on the east and the Celebes Sea on the southwest, the Philippines shares maritime borders with Taiwan to the north, Japan to the northeast, Palau to the east, Indonesia to the south, Malaysia and Brunei to the southwest, Vietnam to the west, and China to the northwest.
8004:123145446256640::Thread-32 2020-08-09 18:59:34.139 - : 'Central State; Middle Kingdom'), officially the People's Republic of China (PRC; Chinese: 中华人民共和国; pinyin: Zhōnghuá Rénmín Gònghéguó), is a country in East Asia.
8003:123145446256640::Thread-32 2020-08-09 18:59:34.676 - The Philippines' position as an island country on the Pacific Ring of Fire and close to the equator makes the country prone to earthquakes and typhoons.
8002:123145446256640::Thread-32 2020-08-09 18:59:34.785 - Starting new HTTPS connection (1): en.wikipedia.org
8004:123145446256640::Thread-32 2020-08-09 18:59:35.111 - It is the world's most populous country, with a population of around 1.4 billion in 2019.
8003:123145446256640::Thread-32 2020-08-09 18:59:35.193 - The country has a variety of natural resources and a globally significant level of biodiversity.
8003:123145446256640::Thread-32 2020-08-09 18:59:35.629 - The Philippines has an area of around 300,000 km2 (120,000 sq mi), which supports a population of at least 100 million.
8005:123145446256640::Thread-32 2020-08-09 18:59:35.696 - She has since won numerous awards, including the 2016 AVN Award for Female Performer of the Year.
8004:123145446256640::Thread-32 2020-08-09 18:59:36.363 - Covering approximately 9.6 million square kilometres (3.7 million mi2), it is the world's third or fourth-largest country by area.
8003:123145446256640::Thread-32 2020-08-09 18:59:36.524 - As of January 2018, it is the eighth-most populated country in Asia and the 13th-most populated country in the world.
8006:123145446256640::Thread-32 2020-08-09 18:59:36.706 - Egypt ( (listen) EE-jipt; Arabic: مِصر‎ Miṣr), officially the Arab Republic of Egypt, is a transcontinental country spanning the northeast corner of Africa and southwest corner of Asia by a land bridge formed by the Sinai Peninsula.
8006:123145446256640::Thread-32 2020-08-09 18:59:36.829 - Egypt is a Mediterranean country bordered by the Gaza Strip (Palestine) and Israel to the northeast, the Gulf of Aqaba and the Red Sea to the east, Sudan to the south, and Libya to the west.
8003:123145446256640::Thread-32 2020-08-09 18:59:37.218 - Multiple ethnicities and cultures are found throughout the islands.
8002:123145446256640::Thread-32 2020-08-09 18:59:37.443 - Donald John Trump (born June 14, 1946) is the 45th and current president of the United States.
8005:123145446256640::Thread-32 2020-08-09 18:59:37.664 - Career
Reid began her adult film career in 2011 at the age of 19 and initially used the stage name Paige Riley.
8003:123145446256640::Thread-32 2020-08-09 18:59:37.816 - Negritos, some of the archipelago's earliest inhabitants, were followed by successive waves of Austronesian peoples.
8003:123145446256640::Thread-32 2020-08-09 18:59:37.817 - **END**
8002:123145446256640::Thread-32 2020-08-09 18:59:37.869 - Before entering politics, he was a businessman and television personality.
8002:123145446256640::Thread-32 2020-08-09 18:59:38.063 - Trump was born and raised in Queens, a borough of New York City, and received a bachelor's degree in economics from the Wharton School.
8004:123145446256640::Thread-32 2020-08-09 18:59:38.198 - Governed solely by the Chinese Communist Party (CCP), the state exercises jurisdiction over 22 provinces, five autonomous regions, four direct-controlled municipalities (Beijing, Tianjin, Shanghai, and Chongqing), and the special administrative regions of Hong Kong and Macau.
8004:123145446256640::Thread-32 2020-08-09 18:59:38.701 - China emerged as one of the world's first civilizations, in the fertile basin of the Yellow River in the North China Plain.
8004:123145446256640::Thread-32 2020-08-09 18:59:38.905 - For millennia, China's political system was based on absolute and hereditary monarchies, or dynasties, beginning with the semi-mythical Xia dynasty in 21st century BCE.
8002:123145446256640::Thread-32 2020-08-09 18:59:38.957 - He took charge of his family's real-estate business in 1971, renamed it The Trump Organization, and expanded its operations from Queens and Brooklyn into Manhattan.
8005:123145446256640::Thread-32 2020-08-09 18:59:39.113 - In 2013, LA Weekly ranked her eighth on their list of "10 Porn Stars Who Could Be the Next Jenna Jameson".
8002:123145446256640::Thread-32 2020-08-09 18:59:39.209 - The company built or renovated skyscrapers, hotels, casinos, and golf courses.
8002:123145446256640::Thread-32 2020-08-09 18:59:39.557 - Trump later started various side ventures, mostly by licensing his name.
8004:123145446256640::Thread-32 2020-08-09 18:59:39.587 - Since then, China has expanded, fractured, and re-unified numerous times.
8005:123145446256640::Thread-32 2020-08-09 18:59:39.763 - She was also placed on CNBC's list of "The Dirty Dozen: Porn's Most Popular Stars" in 2014, 2015, and 2016.
8006:123145446256640::Thread-32 2020-08-09 18:59:39.64 - Across the Gulf of Aqaba lies Jordan, across the Red Sea lies Saudi Arabia, and across the Mediterranean lie Greece, Turkey and Cyprus, although none share a land border with Egypt.
8002:123145446256640::Thread-32 2020-08-09 18:59:40.101 - He bought the Miss Universe brand of beauty pageants in 1996, and sold it in 2015.
8002:123145446256640::Thread-32 2020-08-09 18:59:40.125 - Trump and his businesses have been involved in more than 4,000 state and federal legal actions, including six bankruptcies.
8002:123145446256640::Thread-32 2020-08-09 18:59:40.471 - He produced and hosted The Apprentice, a reality television series, from 2003 to 2015.
8005:123145446256640::Thread-32 2020-08-09 18:59:40.516 - Reid won the XBIZ Awards for Best New Starlet in 2013 and Female Performer of the Year in 2014, making her the first performer to ever win both awards in consecutive years.
8002:123145446256640::Thread-32 2020-08-09 18:59:40.548 - As of 2020, Forbes estimated his net worth to be $2.1 billion.Trump's political positions have been described as populist, protectionist, and nationalist.
8004:123145446256640::Thread-32 2020-08-09 18:59:40.875 - In the 3rd century BCE, the Qin reunited core China and established the first Chinese empire.
8006:123145446256640::Thread-32 2020-08-09 18:59:42.085 - Egypt has one of the longest histories of any country, tracing its heritage back to the 6th–4th millennia BCE.
8004:123145446256640::Thread-32 2020-08-09 18:59:42.625 - The succeeding Han dynasty, which ruled from 206 BCE until 220 CE, saw some of the most advanced technology at that time, including papermaking and the compass, along with agricultural and medical improvements.
8004:123145446256640::Thread-32 2020-08-09 18:59:42.939 - The invention of gunpowder and movable type in the Tang dynasty (618–907) and Northern Song (960–1127) completed the Four Great Inventions.
8005:123145446256640::Thread-32 2020-08-09 18:59:42.965 - She also won every single XBIZ Award she was nominated for in 2014.
8004:123145446256640::Thread-32 2020-08-09 18:59:43.08 - Tang culture spread widely in Asia, as the new Silk Route brought traders to as far as Mesopotamia and the Horn of Africa.
8003:123145446256640::Thread-32 2020-08-09 18:59:43.821 - **START**
8005:123145446256640::Thread-32 2020-08-09 18:59:43.86 - In 2014, Reid did her first interracial sex scene in Mandingo Massacre 6, for which she won an AVN Award.Reid is a Fleshlight Girl and has her own line of product with the company.
8003:123145446256640::Thread-32 2020-08-09 18:59:44.026 - Starting new HTTPS connection (1): en.wikipedia.org
8003:123145446256640::Thread-32 2020-08-09 18:59:44.899 - Marilyn Monroe (; born Norma Jeane Mortenson; June 1, 1926 – August 4, 1962) was an American actress, model, and singer.
8006:123145446256640::Thread-32 2020-08-09 18:59:45.059 - Considered a cradle of civilisation, Ancient Egypt saw some of the earliest developments of writing, agriculture, urbanisation, organised religion and central government.
8003:123145446256640::Thread-32 2020-08-09 18:59:45.238 - Famous for playing comedic "blonde bombshell" characters, she became one of the most popular sex symbols of the 1950s and early 1960s and was emblematic of the era's changing attitudes towards sexuality.
8004:123145446256640::Thread-32 2020-08-09 18:59:46.085 - **END**
8002:123145446256640::Thread-32 2020-08-09 18:59:46.559 - **END**
8006:123145446256640::Thread-32 2020-08-09 18:59:46.699 - Iconic monuments such as the Giza Necropolis and its Great Sphinx, as well the ruins of Memphis, Thebes, Karnak, and the Valley of the Kings, reflect this legacy and remain a significant focus of scientific and popular interest.
8003:123145446256640::Thread-32 2020-08-09 18:59:46.758 - She was a top-billed actress for only a decade, but her films grossed $200 million (equivalent to $2 billion in 2019) by the time of her death in 1962.
8005:123145446256640::Thread-32 2020-08-09 18:59:46.826 - Personal life
Reid was born Ashley Mathews in Florida.
8003:123145446256640::Thread-32 2020-08-09 18:59:47.503 - Long after her death, she has continued to be a major icon of pop culture.Born and raised in Los Angeles, Monroe spent most of her childhood in foster homes and an orphanage and married at age 16.
8006:123145446256640::Thread-32 2020-08-09 18:59:48.117 - Egypt's long and rich cultural heritage is an integral part of its national identity, which has endured, and often assimilated, various foreign influences, including Greek, Persian, Roman, Arab, Ottoman Turkish, and Nubian.
8005:123145446256640::Thread-32 2020-08-09 18:59:48.832 - **END**
8003:123145446256640::Thread-32 2020-08-09 18:59:49.134 - She was working in a factory as part of the war effort during World War II when she met a photographer from the First Motion Picture Unit and began a successful pin-up modeling career, which led to short-lived film contracts with 20th Century Fox and Columbia Pictures.
8006:123145446256640::Thread-32 2020-08-09 18:59:49.679 - Egypt was an early and important centre of Christianity, but was largely Islamised in the seventh century and remains a predominantly Muslim country, albeit with a significant Christian minority.
8006:123145446256640::Thread-32 2020-08-09 18:59:50.166 - From the 16th to the beginning of the 20th century, Egypt was ruled by foreign imperial powers: the Ottoman Empire and the British Empire.
8003:123145446256640::Thread-32 2020-08-09 18:59:50.836 - After a series of minor film roles, she signed a new contract with Fox in late 1950.
8003:123145446256640::Thread-32 2020-08-09 18:59:52.082 - Over the next two years, she became a popular actress with roles in several comedies, including As Young as You Feel and Monkey Business, and in the dramas Clash by Night and Don't Bother to Knock.
8006:123145446256640::Thread-32 2020-08-09 18:59:52.695 - Modern Egypt dates back to 1922, when it gained nominal independence from the British Empire as a monarchy.
8003:123145446256640::Thread-32 2020-08-09 18:59:53.348 - She faced a scandal when it was revealed that she had posed for nude photos before she became a star, but the story did not damage her career and instead resulted in increased interest in her films.
8006:123145446256640::Thread-32 2020-08-09 18:59:54.998 - However, British military occupation of Egypt continued, and many Egyptians believed that the monarchy was an instrument of British colonialism.
8003:123145446256640::Thread-32 2020-08-09 18:59:55.033 - By 1953, Monroe was one of the most marketable Hollywood stars; she had leading roles in the film noir Niagara, which focused on her sex appeal, and the comedies Gentlemen Prefer Blondes and How to Marry a Millionaire, which established her star image as a "dumb blonde".
8002:123145446256640::Thread-32 2020-08-09 18:59:56.563 - **START**
8002:123145446256640::Thread-32 2020-08-09 18:59:56.571 - Starting new HTTPS connection (1): en.wikipedia.org
8003:123145446256640::Thread-32 2020-08-09 18:59:56.785 - The same year, her nude images were used as the centerfold and on the cover of the first issue of Playboy.
8002:123145446256640::Thread-32 2020-08-09 18:59:58.348 - Sylvester Enzio Stallone (; born Michael Sylvester Gardenzio Stallone, July 6, 1946) is an American actor, director, screenwriter, producer and artist.After his beginnings as a struggling actor for a number of years upon arriving to New York City in 1969 and later Hollywood in 1974, he won his first critical acclaim as an actor for his co-starring role as Stanley Rosiello in The Lords of Flatbush.Stallone mostly only found gradual work as an extra or side character in films with a sizeable budget until he achieved his greatest critical and commercial success as an actor, starting in 1976 with his self-created role as the boxer Rocky Balboa, in the first film of the successful Rocky series (1976–2018).
8003:123145446256640::Thread-32 2020-08-09 18:59:58.785 - **END**
8004:123145446256640::Thread-32 2020-08-09 18:59:59.088 - **START**
8004:123145446256640::Thread-32 2020-08-09 18:59:59.257 - Starting new HTTPS connection (1): en.wikipedia.org
8005:123145446256640::Thread-32 2020-08-09 18:59:59.842 - **START**
8005:123145446256640::Thread-32 2020-08-09 18:59:59.863 - Starting new HTTPS connection (1): en.wikipedia.org
8002:123145446256640::Thread-32 2020-08-09 19:00:00.199 - In the films, Rocky is portrayed as an underdog boxer that fights numerous brutal opponents, and wins the world heavyweight championship twice.
8004:123145446256640::Thread-32 2020-08-09 19:00:00.512 - Sasha Grey (born Marina Ann Hantzis, March 14, 1988) is an American actress, musician, model, and writer.
8004:123145446256640::Thread-32 2020-08-09 19:00:00.875 - Grey began her acting career in the pornographic film industry, winning 15 awards for her work between 2007 and 2010, including the AVN Award for Female Performer of the Year in 2008.Grey has been featured in music videos, documentaries, advertising campaigns, artworks, and magazines.
8006:123145446256640::Thread-32 2020-08-09 19:00:01.999 - **END**
8002:123145446256640::Thread-32 2020-08-09 19:00:02.175 - The last two entries in the series are  Creed and Creed II, that serve as spin-off films focusing on Adonis "Donnie" Creed, the son of the ill-fated boxer Apollo Creed, to whom the long retired Rocky is a mentor.
8005:123145446256640::Thread-32 2020-08-09 19:00:02.455 - The Colosseum or Coliseum ( KOL-ə-SEE-əm), also known as the Flavian Amphitheatre (Latin: Amphitheatrum Flavium; Italian: Anfiteatro Flavio [aɱfiteˈaːtro ˈflaːvjo] or Colosseo [kolosˈsɛːo]), is an oval amphitheatre in the centre of the city of Rome, Italy.
8004:123145446256640::Thread-32 2020-08-09 19:00:02.729 - After her 2009 feature film debut as the lead in Steven Soderbergh's The Girlfriend Experience, she starred in independent films including Open Windows, the Canadian black comedy horror film Smash Cut and the horror film Would You Rather.
8005:123145446256640::Thread-32 2020-08-09 19:00:02.835 - Built of travertine limestone, tuff (volcanic rock), and brick-faced concrete, it was the largest amphitheatre ever built at the time and held 50,000 to 80,000 spectators.
8002:123145446256640::Thread-32 2020-08-09 19:00:03.507 - Reprising the role during the 2010s brought Stallone praise, and his first Golden Globe award for the first Creed, as well as a third Oscar nomination, having been first nominated for the same role 40 years prior.Stallone had similar box-office success portraying the PTSD-plagued soldier John Rambo in the five Rambo films (1982–2019), and as mercenary Barney Ross in the three The Expendables films (2010–2014).
8005:123145446256640::Thread-32 2020-08-09 19:00:03.682 - The Colosseum is situated just east of the Roman Forum.
8004:123145446256640::Thread-32 2020-08-09 19:00:03.714 - In 2011, she played a fictionalized version of herself in the HBO comedy-drama series Entourage.
8005:123145446256640::Thread-32 2020-08-09 19:00:04.262 - Construction began under the emperor Vespasian in AD 72 and was completed in AD 80 under his successor and heir, Titus.
8005:123145446256640::Thread-32 2020-08-09 19:00:04.438 - Further modifications were made during the reign of Domitian (81–96).
8004:123145446256640::Thread-32 2020-08-09 19:00:04.737 - Grey was a co-founder, singer, and writer of aTelecine, an industrial music band.
8005:123145446256640::Thread-32 2020-08-09 19:00:04.774 - These three emperors are known as the Flavian dynasty, and the amphitheatre was named in Latin for its association with their family name (Flavius).
8002:123145446256640::Thread-32 2020-08-09 19:00:05.276 - He wrote or co-wrote most of the films in his three biggest franchises, and directed many of them.
8004:123145446256640::Thread-32 2020-08-09 19:00:05.691 - She is the author of The Juliette Society trilogy of novels and also writes, directs, and co-produces films and music videos.
8005:123145446256640::Thread-32 2020-08-09 19:00:05.746 - The Colosseum could hold an estimated 50,000 to 80,000 spectators at various points of its history over the centuries, having an average audience of some 65,000; it was used for gladiatorial contests and public spectacles such as mock sea battles (for only a short time as the hypogeum was soon filled in with mechanisms to support the other activities), animal hunts, executions, re-enactments of famous battles, and dramas based on Roman mythology.
8002:123145446256640::Thread-32 2020-08-09 19:00:06.17 - Stallone's film Rocky was inducted into the National Film Registry, and had its props placed in the Smithsonian Museum.
8005:123145446256640::Thread-32 2020-08-09 19:00:06.399 - The building ceased to be used for entertainment in the early medieval era.
8004:123145446256640::Thread-32 2020-08-09 19:00:06.439 - Early life
Grey, whose original name is Marina Ann Hantzis, was born in North Highlands, California into a working-class family.
8002:123145446256640::Thread-32 2020-08-09 19:00:06.543 - His use of the front entrance to the Philadelphia Museum of Art in the Rocky series led the area to be nicknamed the Rocky Steps, and Philadelphia has a statue of his Rocky character placed permanently near the museum.
8005:123145446256640::Thread-32 2020-08-09 19:00:06.906 - It was later reused for such purposes as housing, workshops, quarters for a religious order, a fortress, a quarry, and a Christian shrine.Although substantially ruined because of earthquakes and stone-robbers, the Colosseum is still an iconic symbol of Imperial Rome and is listed as one of the New7Wonders of the World.
8005:123145446256640::Thread-32 2020-08-09 19:00:07.348 - It is one of Rome's most popular tourist attractions and also has links to the Roman Catholic Church, as each Good Friday the Pope leads a torchlit "Way of the Cross" procession that starts in the area around the Colosseum.The Colosseum is also depicted on the Italian version of the five-cent euro coin.
8002:123145446256640::Thread-32 2020-08-09 19:00:07.549 - It was announced on December 7, 2010 that he was voted into the International Boxing Hall of Fame in the non-participant category.In 1977, Stallone was nominated for two Academy Awards for Rocky, for Best Original Screenplay and Best Actor.
8004:123145446256640::Thread-32 2020-08-09 19:00:07.648 - Her father was a Greek-American who worked as a mechanic and died in June 2015.
8004:123145446256640::Thread-32 2020-08-09 19:00:07.772 - Her mother is of English, Irish, and Polish descent.
8004:123145446256640::Thread-32 2020-08-09 19:00:08.119 - Grey's parents divorced before she started middle school and she was subsequently raised by her mother, who remarried in 2000.
8002:123145446256640::Thread-32 2020-08-09 19:00:08.261 - He became the third man in history to receive these two nominations for the same film, after Charlie Chaplin and Orson Welles.
8002:123145446256640::Thread-32 2020-08-09 19:00:10.084 - Early life
Michael Sylvester Gardenzio Stallone was born in the Hell's Kitchen neighborhood of Manhattan, New York, on July 6, 1946, the elder son of Francesco "Frank" Stallone Sr., a hairdresser and beautician, and Jacqueline "Jackie" Stallone (née Labofish; born 1921), an astrologer, dancer, and promoter of women's wrestling.
8005:123145446256640::Thread-32 2020-08-09 19:00:10.349 - **END**
8003:123145446256640::Thread-32 2020-08-09 19:00:11.788 - **START**
8003:123145446256640::Thread-32 2020-08-09 19:00:11.791 - Starting new HTTPS connection (1): en.wikipedia.org
8004:123145446256640::Thread-32 2020-08-09 19:00:13.121 - **END**
8002:123145446256640::Thread-32 2020-08-09 19:00:14.085 - **END**
8003:123145446256640::Thread-32 2020-08-09 19:00:15.176 - Jacqueline Marie Evancho ( ee-VANG-koh; born April 9, 2000) is an American classical crossover singer who gained wide recognition at an early age.
8003:123145446256640::Thread-32 2020-08-09 19:00:17.172 - Since 2009, she has issued a platinum-selling EP and eight albums, including three Billboard 200 top 10 debuts.
8003:123145446256640::Thread-32 2020-08-09 19:00:17.878 - She has also been the subject of three solo PBS concert specials.
8003:123145446256640::Thread-32 2020-08-09 19:00:20.612 - Between 2008 and 2010, Evancho entered talent competitions, sang the US national anthem at a Pittsburgh Pirates baseball game, issued her first album, Prelude to a Dream, and attracted interest on YouTube.
8003:123145446256640::Thread-32 2020-08-09 19:00:23.186 - In 2010, at the age of ten, she gained wide notice with her 2nd-place finish in the fifth season of America's Got Talent.
8003:123145446256640::Thread-32 2020-08-09 19:00:23.343 - With the 2010 holiday release of her O Holy Night EP, Evancho became the best-selling debut artist of 2010, the youngest top-10 debut artist in US history and the youngest solo artist ever to go platinum in the US.
8003:123145446256640::Thread-32 2020-08-09 19:00:25.963 - In 2011, her first full-length album, Dream with Me debuted at No.
8003:123145446256640::Thread-32 2020-08-09 19:00:27.569 - 2 on the Billboard 200 chart, and she became the youngest top-5 debut artist in UK history.
8003:123145446256640::Thread-32 2020-08-09 19:00:29.858 - Billboard ranked Evancho the top Classical Albums Artist for 2011.
8003:123145446256640::Thread-32 2020-08-09 19:00:31.516 - Later that year, Evancho released a full-length holiday album, Heavenly Christmas, and became the youngest person ever to give a solo concert at Lincoln Center in New York City as part of her first concert tour.
8003:123145446256640::Thread-32 2020-08-09 19:00:33.041 - In 2012, Evancho released Songs from the Silver Screen, her third top-10 album debut.
8003:123145446256640::Thread-32 2020-08-09 19:00:35.046 - **END**