8006:123145366331392::Thread-13 2020-08-09 18:59:30.214 - **START**
8003:123145366331392::Thread-13 2020-08-09 18:59:30.217 - **START**
8002:123145366331392::Thread-13 2020-08-09 18:59:30.273 - **START**
8006:123145366331392::Thread-13 2020-08-09 18:59:30.836 - Starting new HTTPS connection (1): en.wikipedia.org
8003:123145366331392::Thread-13 2020-08-09 18:59:31.156 - Starting new HTTPS connection (1): en.wikipedia.org
8005:123145366331392::Thread-13 2020-08-09 18:59:31.197 - **START**
8002:123145366331392::Thread-13 2020-08-09 18:59:31.565 - Starting new HTTPS connection (1): en.wikipedia.org
8004:123145366331392::Thread-13 2020-08-09 18:59:32.199 - **START**
8004:123145366331392::Thread-13 2020-08-09 18:59:33.074 - Starting new HTTPS connection (1): en.wikipedia.org
8005:123145366331392::Thread-13 2020-08-09 18:59:33.075 - Starting new HTTPS connection (1): en.wikipedia.org
8003:123145366331392::Thread-13 2020-08-09 18:59:34.492 - Canada is a country in the northern part of North America.
8002:123145366331392::Thread-13 2020-08-09 18:59:35.382 - Madison Nicole Ziegler ( ZIG-lər; born September 30, 2002) is an American dancer, actress, author and model.
8003:123145366331392::Thread-13 2020-08-09 18:59:35.523 - Its ten provinces and three territories extend from the Atlantic to the Pacific and northward into the Arctic Ocean, covering 9.98 million square kilometres (3.85 million square miles), making it the world's second-largest country by total area.
8004:123145366331392::Thread-13 2020-08-09 18:59:36.124 - Victoria (Alexandrina Victoria; 24 May 1819 – 22 January 1901) was Queen of the United Kingdom of Great Britain and Ireland from 20 June 1837 until her death.
8004:123145366331392::Thread-13 2020-08-09 18:59:36.683 - She adopted the additional title of Empress of India on 1 May 1876.
8003:123145366331392::Thread-13 2020-08-09 18:59:36.85 - Its southern and western border with the United States, stretching 8,891 kilometres (5,525 mi), is the world's longest bi-national land border.
8004:123145366331392::Thread-13 2020-08-09 18:59:36.966 - Known as the Victorian era, her reign of 63 years and seven months was longer than that of any of her predecessors.
8003:123145366331392::Thread-13 2020-08-09 18:59:37.406 - Canada's capital is Ottawa, and its three largest metropolitan areas are Toronto, Montreal, and Vancouver.
8004:123145366331392::Thread-13 2020-08-09 18:59:37.775 - It was a period of industrial, cultural, political, scientific, and military change within the United Kingdom, and was marked by a great expansion of the British Empire.
8005:123145366331392::Thread-13 2020-08-09 18:59:37.998 - Hampi or Hampe, also referred to as the Group of Monuments at Hampi, is a UNESCO World Heritage Site located in east-central Karnataka, India.
8002:123145366331392::Thread-13 2020-08-09 18:59:38.148 - She was initially known for appearing in Lifetime's reality show Dance Moms from 2011 (at age 8) until 2016.
8004:123145366331392::Thread-13 2020-08-09 18:59:38.153 - Victoria was the daughter of Prince Edward, Duke of Kent and Strathearn (the fourth son of King George III), and Princess Victoria of Saxe-Coburg-Saalfeld.
8004:123145366331392::Thread-13 2020-08-09 18:59:38.287 - After both the Duke and his father died in 1820, she was raised under close supervision by her mother and her comptroller, John Conroy.
8003:123145366331392::Thread-13 2020-08-09 18:59:38.522 - Various indigenous peoples inhabited what is now Canada for thousands of years before European colonization.
8003:123145366331392::Thread-13 2020-08-09 18:59:38.85 - Beginning in the 16th century, British and French expeditions explored and later settled along the Atlantic coast.
8004:123145366331392::Thread-13 2020-08-09 18:59:39.163 - She inherited the throne aged 18 after her father's three elder brothers died without surviving legitimate issue.
8005:123145366331392::Thread-13 2020-08-09 18:59:39.2 - It became the pilgrimage centre of the Hindu religion.
8003:123145366331392::Thread-13 2020-08-09 18:59:39.348 - As a consequence of various armed conflicts, France ceded nearly all of its colonies in North America in 1763.
8005:123145366331392::Thread-13 2020-08-09 18:59:39.502 - It was the capital of the Vijayanagara Empire  in the 14th century.
8003:123145366331392::Thread-13 2020-08-09 18:59:39.747 - In 1867, with the union of three British North American colonies through Confederation, Canada was formed as a federal dominion of four provinces.
8006:123145366331392::Thread-13 2020-08-09 18:59:39.751 - **END**
8003:123145366331392::Thread-13 2020-08-09 18:59:39.82 - This began an accretion of provinces and territories and a process of increasing autonomy from the United Kingdom.
8004:123145366331392::Thread-13 2020-08-09 18:59:40.116 - Though a constitutional monarch, privately, Victoria attempted to influence government policy and ministerial appointments; publicly, she became a national icon who was identified with strict standards of personal morality.
8004:123145366331392::Thread-13 2020-08-09 18:59:40.578 - Victoria married her cousin Prince Albert of Saxe-Coburg and Gotha in 1840.
8004:123145366331392::Thread-13 2020-08-09 18:59:40.731 - Their children married into royal and noble families across the continent, earning Victoria the sobriquet "the grandmother of Europe" and spreading haemophilia in European royalty.
8004:123145366331392::Thread-13 2020-08-09 18:59:40.732 - **END**
8002:123145366331392::Thread-13 2020-08-09 18:59:40.94 - From 2014 to 2017, she gained wider recognition for starring in a series of music videos by Sia, including "Chandelier" and "Elastic Heart", which have in total attracted more than 5 billion views on YouTube.
8005:123145366331392::Thread-13 2020-08-09 18:59:41.27 - Chronicles left by Persian and European travellers, particularly the Portuguese, say that the Hampi state was a prosperous, wealthy and grand city near the Tungabhadra River, with numerous temples, farms and trading markets.
8002:123145366331392::Thread-13 2020-08-09 18:59:41.303 - Ziegler has appeared in films, television and concerts, and has modeled on magazine covers and in advertisements for Capezio, Ralph Lauren, Fabletics and Target, among other brands.
8005:123145366331392::Thread-13 2020-08-09 18:59:41.422 - By 1500 CE, Hampi-Vijayanagara was the world's second-largest medieval-era city after Beijing, and probably India's richest at that time, attracting traders from Persia and Portugal.
8003:123145366331392::Thread-13 2020-08-09 18:59:41.507 - This widening autonomy was highlighted by the Statute of Westminster of 1931 and culminated in the Canada Act of 1982, which severed the vestiges of legal dependence on the British parliament.
8005:123145366331392::Thread-13 2020-08-09 18:59:42.097 - The Vijayanagara Empire was defeated by a coalition of Muslim sultanates; its capital was conquered, pillaged and destroyed by sultanate armies in 1565, after which Hampi remained in ruins.Located in Karnataka near the modern-era city of Hosapete, Hampi's ruins are spread over 4,100 hectares (16 sq mi) and it has been described by UNESCO as an "austere, grandiose site" of more than 1,600 surviving remains of the last great Hindu kingdom in South India that includes "forts, riverside features, royal and sacred complexes, temples, shrines, pillared halls, mandapas, memorial structures, water structures and others".
8002:123145366331392::Thread-13 2020-08-09 18:59:42.333 - She was included by Time magazine on its list of the "30 most influential teens" in each of 2015, 2016 and 2017.
8005:123145366331392::Thread-13 2020-08-09 18:59:43.807 - Hampi predates the Vijayanagara Empire; there is evidence of Ashokan epigraphy, and it is mentioned in the Ramayana and the Puranas of Hinduism as Pampaa Devi Tirtha Kshetra.
8005:123145366331392::Thread-13 2020-08-09 18:59:44.267 - Hampi continues to be an important religious centre, housing the Virupaksha Temple, an active Adi Shankara-linked monastery and various monuments belonging to the old city.
8003:123145366331392::Thread-13 2020-08-09 18:59:44.548 - **END**
8002:123145366331392::Thread-13 2020-08-09 18:59:45.059 - Ziegler was a judge on the 2016 season of So You Think You Can Dance: The Next Generation, toured with Sia in North America and Australia in 2016 and 2017 and toured in Australia and New Zealand with her sister, Mackenzie, in 2017 and 2018.
8005:123145366331392::Thread-13 2020-08-09 18:59:45.932 - Origin
Hampi or Hampe is from Old Kannada word Pampaa which means big or great.
8002:123145366331392::Thread-13 2020-08-09 18:59:46.39 - Her 2017 memoir, The Maddie Diaries, was a New York Times Best Seller.
8005:123145366331392::Thread-13 2020-08-09 18:59:46.941 - Location

Hampi is situated on the banks of the Tungabhadra River in the eastern part of central Karnataka near the state border with Andhra Pradesh.
8005:123145366331392::Thread-13 2020-08-09 18:59:46.942 - **END**
8004:123145366331392::Thread-13 2020-08-09 18:59:47.737 - **START**
8004:123145366331392::Thread-13 2020-08-09 18:59:47.742 - Starting new HTTPS connection (1): en.wikipedia.org
8002:123145366331392::Thread-13 2020-08-09 18:59:48.385 - She voiced the character Camille Le Haut in the animated film Ballerina (2016) and appeared as Christina Sickleman in the feature film The Book of Henry (2017).
8002:123145366331392::Thread-13 2020-08-09 18:59:48.461 - Her social media presence includes an Instagram account with more than 13.6 million followers.
8004:123145366331392::Thread-13 2020-08-09 18:59:50.249 - Emmanuel "Manny" Dapidran Pacquiao, CLH ( PAK-ee-ow; born December 17, 1978) is a Filipino professional boxer and Senator of the Phillippines.
8002:123145366331392::Thread-13 2020-08-09 18:59:50.326 - Early life and education
Ziegler was born in Pittsburgh, Pennsylvania, to Melissa Ziegler-Gisoni and Kurt Ziegler, who owned a mortgage company.
8004:123145366331392::Thread-13 2020-08-09 18:59:50.517 - Nicknamed "PacMan", he is regarded as one of the greatest professional boxers of all time.
8006:123145366331392::Thread-13 2020-08-09 18:59:50.807 - **START**
8006:123145366331392::Thread-13 2020-08-09 18:59:50.811 - Starting new HTTPS connection (1): en.wikipedia.org
8004:123145366331392::Thread-13 2020-08-09 18:59:51.518 - He was elected as Senator of the Phillippines in 2016 and is serving a 6 year term.
8006:123145366331392::Thread-13 2020-08-09 18:59:51.769 - Singapore ( (listen)), officially the Republic of Singapore, is a sovereign island city-state in maritime Southeast Asia.
8002:123145366331392::Thread-13 2020-08-09 18:59:52.352 - **END**
8006:123145366331392::Thread-13 2020-08-09 18:59:53.759 - It lies about one degree of latitude (137 kilometres or 85 miles) north of the equator, off the southern tip of the Malay Peninsula, bordering the Straits of Malacca to the west, the Riau Islands to the south, and the South China Sea to the east.
8004:123145366331392::Thread-13 2020-08-09 18:59:53.787 - Manny Pacquiao is the only eight-division world champion in the history of boxing, and has won twelve major world titles.
8006:123145366331392::Thread-13 2020-08-09 18:59:54.359 - The country's territory is composed of one main island, 63 satellite islands and islets, and one outlying islet, the combined area of which has increased by 25% since the country's independence as a result of extensive land reclamation projects.
8005:123145366331392::Thread-13 2020-08-09 18:59:54.948 - **START**
8005:123145366331392::Thread-13 2020-08-09 18:59:54.951 - Starting new HTTPS connection (1): en.wikipedia.org
8005:123145366331392::Thread-13 2020-08-09 18:59:55.581 - Skai Jackson (born April 8, 2002) is an American actress, YouTuber, and author, who was included in Time’s list of Most Influential Teens in 2016.
8005:123145366331392::Thread-13 2020-08-09 18:59:55.655 - Jackson first began acting at the age of 5, making her debut in the film Liberty Kid (2007).
8004:123145366331392::Thread-13 2020-08-09 18:59:55.813 - He was the first boxer to win the lineal championship in five different weight classes, the first boxer to win major world titles in four of the eight "glamour divisions": flyweight, featherweight, lightweight, and welterweight, and is the only boxer to hold world championships across four decades (1990s, 2000s, 2010s, and 2020s).As of 2015, Pacquiao's fights had generated $1.2 billion in revenue from his 25 pay-per-view bouts.
8006:123145366331392::Thread-13 2020-08-09 18:59:56.448 - The country is home to 5.7 million residents, 61% (3.4 million) of whom are Singaporean citizens.
8005:123145366331392::Thread-13 2020-08-09 18:59:56.474 - She later came to international prominence for her portrayal of Zuri Ross in the Disney Channel series Jessie (2011–2015), and in the sequel, Bunk'd (2015–2018).
8004:123145366331392::Thread-13 2020-08-09 18:59:56.99 - According to Forbes, he was the second highest paid athlete in the world in 2015.In July 2019, Pacquiao became the oldest welterweight world champion in history at the age of 40, and the first boxer in history to become a recognized four-time welterweight champion after defeating Keith Thurman to win the WBA (Super) welterweight title.
8005:123145366331392::Thread-13 2020-08-09 18:59:57.248 - She has also voiced Glory Grant across the Marvel Rising series, and voiced Summer in the animated series DreamWorks Dragons: Rescue Riders (2019–2020).
8005:123145366331392::Thread-13 2020-08-09 18:59:57.259 - In 2019, Jackson released her debut novel, Reach for the Skai: How to Inspire, Empower, and Clapback.
8002:123145366331392::Thread-13 2020-08-09 18:59:57.382 - **START**
8005:123145366331392::Thread-13 2020-08-09 18:59:57.387 - Life and career


Early life and career
Jackson was born on April 8, 2002 in New York City.
8005:123145366331392::Thread-13 2020-08-09 18:59:57.401 - She began her career as a child model appearing in numerous national commercials, including for Band-Aid bandages, Coca-Cola, Pepsi, and Old Navy.Jackson’s first major acting role was in the independent film Liberty Kid (2007), which was followed by a guest appearance in an episode of Rescue Me (2008).
8002:123145366331392::Thread-13 2020-08-09 18:59:57.404 - Starting new HTTPS connection (1): en.wikipedia.org
8005:123145366331392::Thread-13 2020-08-09 18:59:57.659 - In 2009, Jackson made a cameo in the film The Rebound, and in the same year was cast as a member of the Nickelodeon pre-school animated series Bubble Guppies, playing the role of Little Fish.
8006:123145366331392::Thread-13 2020-08-09 18:59:58.074 - There are four official languages of Singapore: English, Malay, Chinese, and Tamil; with English being the lingua franca.
8005:123145366331392::Thread-13 2020-08-09 18:59:58.096 - She continued to make cameo and guest appearances in the television series Team Umizoomi, Royal Pains, and Boardwalk Empire, and in the 2011 films Arthur and The Smurfs.
8005:123145366331392::Thread-13 2020-08-09 18:59:58.472 - In 2011, she was cast as Zuri Ross in the Disney Channel sitcom Jessie, which aired from September 30, 2011 to October 16, 2015.
8005:123145366331392::Thread-13 2020-08-09 18:59:58.472 - **END**
8005:123145366331392::Thread-13 2020-08-09 18:59:58.473 - **START**
8003:123145366331392::Thread-13 2020-08-09 18:59:58.55 - **START**
8003:123145366331392::Thread-13 2020-08-09 18:59:58.586 - Starting new HTTPS connection (1): en.wikipedia.org
8005:123145366331392::Thread-13 2020-08-09 18:59:58.611 - Starting new HTTPS connection (1): en.wikipedia.org
8004:123145366331392::Thread-13 2020-08-09 18:59:59.032 - Early life and amateur career
Pacquiao was born and raised in Kibawe, Bukidnon, Philippines.
8005:123145366331392::Thread-13 2020-08-09 19:00:00.3 - X-Men: The Animated Series (or simply known as X-Men), is an American superhero animated television series which debuted on October 31, 1992, in the United States on the Fox Kids Network.
8002:123145366331392::Thread-13 2020-08-09 19:00:00.627 - Mckenna Grace (born June 25, 2006) is an American teen actress.
8006:123145366331392::Thread-13 2020-08-09 19:00:00.678 - This reflects in its rich cultural diversity and extensive ethnic cuisine and major festivals.
8003:123145366331392::Thread-13 2020-08-09 19:00:00.843 - Loud is the fifth studio album by the Barbadian singer Rihanna.
8004:123145366331392::Thread-13 2020-08-09 19:00:01.603 - He is the son of Rosalio Pacquiao and Dionisia Dapidran-Pacquiao.
8002:123145366331392::Thread-13 2020-08-09 19:00:01.949 - She began acting professionally at the age of 6, her earliest roles including Jasmine Bernstein in the Disney XD sitcom Crash & Bernstein (2012–2014) and Faith Newman in the soap opera The Young and the Restless (2013–2015).Grace is known for her role as Penny Kirkman in the ABC/Netflix show Designated Survivor.
8006:123145366331392::Thread-13 2020-08-09 19:00:02.366 - Multiracialism is enshrined in the constitution, and continues to shape national policies in education, housing, and politics.
8005:123145366331392::Thread-13 2020-08-09 19:00:02.768 - X-Men was Marvel Comics' second attempt at an animated X-Men TV series after the pilot, X-Men: Pryde of the X-Men, was not picked up.
8003:123145366331392::Thread-13 2020-08-09 19:00:03.238 - It was released on November 12, 2010, by Def Jam Recordings and SRP Records.
8005:123145366331392::Thread-13 2020-08-09 19:00:03.542 - Production
In 1991, Margaret Loesch became head of Fox Children's Network.
8004:123145366331392::Thread-13 2020-08-09 19:00:04.483 - His parents separated when he was in sixth grade, after his father had an affair.
8006:123145366331392::Thread-13 2020-08-09 19:00:04.499 - Although its history stretches back millennia, modern Singapore was founded in 1819 by Sir Stamford Raffles as a trading post of the British Empire.
8002:123145366331392::Thread-13 2020-08-09 19:00:04.588 - She is also known for portraying Rose Harbenberger in the Netflix comedy series Fuller House (2016–2020), Mary Adler in the Marc Webb drama film Gifted (2017) and young Theodora Crain in the Netflix supernatural horror series The Haunting of Hill House (2018).
8004:123145366331392::Thread-13 2020-08-09 19:00:04.673 - He is the fourth of six siblings, one of whom, Alberto "Bobby" Pacquiao, is also a politician and former professional boxer.
8003:123145366331392::Thread-13 2020-08-09 19:00:05.305 - The album was recorded between February and August 2010, during the singer's Last Girl on Earth tour and the filming of her first feature film Battleship (2012).
8005:123145366331392::Thread-13 2020-08-09 19:00:05.322 - Having championed the Pryde of the X-Men pilot in 1989, she was quick to set up an order for 13 episodes of X-Men.
8006:123145366331392::Thread-13 2020-08-09 19:00:06.848 - In 1867, the colonies in East Asia were reorganised and Singapore came under the direct control of Britain as part of the Straits Settlements.
8003:123145366331392::Thread-13 2020-08-09 19:00:07.183 - Rihanna and L.A. Reid were the executive producers of Loud and worked with various record producers, including Stargate, Sandy Vee, The Runners, Tricky Stewart and Alex da Kid.
8002:123145366331392::Thread-13 2020-08-09 19:00:07.526 - She starred as Christmas Flint in the movie Troop Zero.
8006:123145366331392::Thread-13 2020-08-09 19:00:07.665 - During the Second World War, Singapore was occupied by Japan in 1942 but returned to British control as a separate crown colony following Japan's surrender in 1945.
8005:123145366331392::Thread-13 2020-08-09 19:00:08.063 - Saban Entertainment was contracted to produce the show and hired a small studio Graz Entertainment to produce the episodes as it did not have sufficient staff at the time to handle production in house.
8002:123145366331392::Thread-13 2020-08-09 19:00:08.482 - Life and work
Grace was born in Grapevine, Texas.
8003:123145366331392::Thread-13 2020-08-09 19:00:08.557 - The album features several guest vocalists, including rappers Drake, Nicki Minaj and Eminem, who is featured on the sequel to "Love the Way You Lie", titled "Love the Way You Lie (Part II)".
8005:123145366331392::Thread-13 2020-08-09 19:00:08.646 - Graz employed the creative staff, wrote and designed each episode, and drew the storyboards.
8005:123145366331392::Thread-13 2020-08-09 19:00:09.368 - The voice work was done using Canadian studios and South Korean studio AKOM was hired to animate the episodes.
8002:123145366331392::Thread-13 2020-08-09 19:00:10.238 - One of her great-grandmothers was Mexican.
8003:123145366331392::Thread-13 2020-08-09 19:00:10.667 - The album differs from Rihanna's 2009 record, Rated R, which incorporates a prominently foreboding and angry tone and dark themes.
8002:123145366331392::Thread-13 2020-08-09 19:00:11.432 - She is a vegetarian and has directed her affection for animals towards work with Farm Sanctuary and PETA, including appearing in a campaign asking people not to leave their dogs in hot cars.In 2013, Grace made her acting debut, playing Sydney in the television pilot Joe, Joe & Jane.
8005:123145366331392::Thread-13 2020-08-09 19:00:11.494 - X-Men was originally to premiere over the Labor Day weekend in September; due to production delays, it was pushed to the end of October.
8006:123145366331392::Thread-13 2020-08-09 19:00:11.666 - **END**
8004:123145366331392::Thread-13 2020-08-09 19:00:12.675 - **END**
8002:123145366331392::Thread-13 2020-08-09 19:00:13.186 - Later she recurred on the Disney XD series Crash & Bernstein.
8003:123145366331392::Thread-13 2020-08-09 19:00:13.214 - Loud features up-tempo and pop genres, ranging from R&B and dance-pop to electro music, and marks the return to dancehall; a genre prominent on her first two albums Music of the Sun (2005) and A Girl like Me (2006).
8002:123145366331392::Thread-13 2020-08-09 19:00:13.735 - She had a recurring role, as Faith Newman, on The Young and the Restless between 2013 and 2015.
8003:123145366331392::Thread-13 2020-08-09 19:00:13.826 - It also uses rock in "California King Bed" and reggae in the Caribbean-inspired "Man Down".
8005:123145366331392::Thread-13 2020-08-09 19:00:14.36 - When the animation team AKOM turned in the first episode, it contained hundreds of animation errors, which AKOM refused to fix.
8002:123145366331392::Thread-13 2020-08-09 19:00:16.127 - In 2015, she had a recurring role on the CBS series CSI: Cyber.
8002:123145366331392::Thread-13 2020-08-09 19:00:16.128 - **END**
8003:123145366331392::Thread-13 2020-08-09 19:00:16.795 - Loud received generally positive reviews from music critics, who complimented its upbeat material and Rihanna's vocal performances, while others stated that although the songs were solid, they were unfocused to each other.
8005:123145366331392::Thread-13 2020-08-09 19:00:16.812 - Because of time constraints, the episode was aired in an unfinished form.
8003:123145366331392::Thread-13 2020-08-09 19:00:19.063 - The album was a commercial success; it debuted at number three on the US Billboard 200 chart, with sales of 207,000 copies, the highest first-week sales of her career at the time.
8003:123145366331392::Thread-13 2020-08-09 19:00:21.067 - **END**
8005:123145366331392::Thread-13 2020-08-09 19:00:24.818 - **END**