8006:123145778577408::Thread-111 2020-08-09 18:59:33.26 - **START**
8006:123145778577408::Thread-111 2020-08-09 18:59:34.101 - Starting new HTTPS connection (1): en.wikipedia.org
8004:123145778577408::Thread-111 2020-08-09 18:59:34.223 - **START**
8004:123145778577408::Thread-111 2020-08-09 18:59:35.62 - Starting new HTTPS connection (1): en.wikipedia.org
8003:123145778577408::Thread-111 2020-08-09 18:59:36.265 - **START**
8002:123145778577408::Thread-111 2020-08-09 18:59:36.349 - **START**
8003:123145778577408::Thread-111 2020-08-09 18:59:36.581 - Starting new HTTPS connection (1): en.wikipedia.org
8002:123145778577408::Thread-111 2020-08-09 18:59:36.977 - Starting new HTTPS connection (1): en.wikipedia.org
8005:123145778577408::Thread-111 2020-08-09 18:59:38.209 - **START**
8006:123145778577408::Thread-111 2020-08-09 18:59:38.296 - Domesday Book ( or US: ; Latin: Liber de Wintonia "Book of Winchester") is a manuscript record of the "Great Survey" of much of England and parts of Wales completed in 1086 by order of King William the Conqueror.
8006:123145778577408::Thread-111 2020-08-09 18:59:38.616 - The Anglo-Saxon Chronicle states:
Then, at the midwinter [1085], was the king in Gloucester with his council ... .
8003:123145778577408::Thread-111 2020-08-09 18:59:39.953 - Mexico (Spanish: México [ˈmexiko] (listen); Nahuan languages: Mēxihco), officially the United Mexican States (Spanish: Estados Unidos Mexicanos; EUM  [esˈtaðos uˈniðoz mexiˈkanos] (listen)), is a country in the southern portion of North America.
8006:123145778577408::Thread-111 2020-08-09 18:59:40.172 - After this had the king a large meeting, and very deep consultation with his council, about this land; how it was occupied, and by what sort of men.
8005:123145778577408::Thread-111 2020-08-09 18:59:40.23 - Starting new HTTPS connection (1): en.wikipedia.org
8003:123145778577408::Thread-111 2020-08-09 18:59:40.505 - It is bordered to the north by the United States; to the south and west by the Pacific Ocean; to the southeast by Guatemala, Belize, and the Caribbean Sea; and to the east by the Gulf of Mexico.
8003:123145778577408::Thread-111 2020-08-09 18:59:40.531 - Mexico covers 1,972,550 square kilometers (761,610 sq mi) and has approximately 128,649,565 inhabitants, making it the world's 13th-largest country by area, 10th-most populous country, and most populous Spanish-speaking nation.
8003:123145778577408::Thread-111 2020-08-09 18:59:40.734 - It is a federation comprising 31 states and Mexico City, its capital city and largest metropolis.
8006:123145778577408::Thread-111 2020-08-09 18:59:41.302 - Then sent he his men over all England into each shire; commissioning them to find out "How many hundreds of hides were in the shire, what land the king himself had, and what stock upon the land; or, what dues he ought to have by the year from the shire."
8003:123145778577408::Thread-111 2020-08-09 18:59:41.348 - Other major urban areas include Guadalajara, Monterrey, Puebla, Toluca, Tijuana, Ciudad Juárez, and León.Pre-Columbian Mexico traces its origins to 8,000 BC and is identified as one of six cradles of civilization; it was home to many advanced Mesoamerican civilizations, most well-known among them the Maya and the Aztecs.
8002:123145778577408::Thread-111 2020-08-09 18:59:41.376 - Lady Louise Alice Elizabeth Mary Mountbatten-Windsor (born 8 November 2003) is the elder child and only daughter of Prince Edward, Earl of Wessex, and Sophie, Countess of Wessex.
8004:123145778577408::Thread-111 2020-08-09 18:59:41.561 - Asia Carrera Lemmon (born Jessica Steinhauser, August 6, 1973) is an American former pornographic actress.
8003:123145778577408::Thread-111 2020-08-09 18:59:41.915 - In 1521, the Spanish Empire conquered and colonized the territory from its base in Mexico City, which then became known as New Spain.
8003:123145778577408::Thread-111 2020-08-09 18:59:41.998 - The Catholic Church played an important role as millions of indigenous inhabitants converted.
8002:123145778577408::Thread-111 2020-08-09 18:59:42.498 - She is the youngest granddaughter of Queen Elizabeth II and Prince Philip, Duke of Edinburgh.
8003:123145778577408::Thread-111 2020-08-09 18:59:42.843 - These populations were heavily exploited to mine rich deposits of precious material, which became a major source of wealth for the Spanish.
8003:123145778577408::Thread-111 2020-08-09 18:59:43.175 - Mexico became an independent nation state after the successful Mexican War of Independence against Spain in 1821.The War of Texas Independence in 1836 and the Mexican–American War led to huge territorial losses in Mexico's sparsely populated north, contiguous to the United States.
8003:123145778577408::Thread-111 2020-08-09 18:59:43.199 - The newly instituted reforms that granted protection to indigenous communities, and curtailed the power of the military and the church, were enshrined in the Constitution of 1857.
8004:123145778577408::Thread-111 2020-08-09 18:59:43.288 - Early life
Asia Carrera was born Jessica Steinhauser in New York City to a German mother and Japanese father, the oldest of four siblings.
8004:123145778577408::Thread-111 2020-08-09 18:59:43.434 - She was raised on Lippincott Road in Little Silver, New Jersey, attending Red Bank Regional High School.
8005:123145778577408::Thread-111 2020-08-09 18:59:43.659 - X-Men: The Animated Series (or simply known as X-Men), is an American superhero animated television series which debuted on October 31, 1992, in the United States on the Fox Kids Network.
8006:123145778577408::Thread-111 2020-08-09 18:59:43.952 - Written in Medieval Latin, it was highly abbreviated and included some vernacular native terms without Latin equivalents.
8002:123145778577408::Thread-111 2020-08-09 18:59:43.969 - She is 13th in the line of succession to the British throne.
8005:123145778577408::Thread-111 2020-08-09 18:59:44.3 - X-Men was Marvel Comics' second attempt at an animated X-Men TV series after the pilot, X-Men: Pryde of the X-Men, was not picked up.
8002:123145778577408::Thread-111 2020-08-09 18:59:44.479 - Birth and baptism
Louise was born prematurely on 8 November 2003 at 23:32 GMT at Frimley Park Hospital in Frimley, Surrey, after her mother was rushed there by ambulance from the Wessex home at Bagshot Park, Surrey.
8002:123145778577408::Thread-111 2020-08-09 18:59:44.526 - Prince Edward was not present for the birth because he was in Mauritius and because it occurred so suddenly.
8006:123145778577408::Thread-111 2020-08-09 18:59:44.637 - The survey's main purpose was to determine what taxes had been owed during the reign of King Edward the Confessor, thereby allowing William to reassert the rights of the Crown and assess where power lay after a wholesale redistribution of land following the Norman conquest.
8004:123145778577408::Thread-111 2020-08-09 18:59:44.769 - At the age of 16, she taught English at Tsuruga College in Tsuruga, Fukui, Japan.Carrera won a National Merit Scholarship and scored over 1440 on the SAT, as well as a Garden State Scholarship for her grades.
8006:123145778577408::Thread-111 2020-08-09 18:59:44.77 - The assessors' reckoning of a man's holdings and their values, as recorded in Domesday Book, was dispositive and without appeal.
8005:123145778577408::Thread-111 2020-08-09 18:59:44.988 - Production
In 1991, Margaret Loesch became head of Fox Children's Network.
8005:123145778577408::Thread-111 2020-08-09 18:59:45.265 - Having championed the Pryde of the X-Men pilot in 1989, she was quick to set up an order for 13 episodes of X-Men.
8005:123145778577408::Thread-111 2020-08-09 18:59:45.323 - Saban Entertainment was contracted to produce the show and hired a small studio Graz Entertainment to produce the episodes as it did not have sufficient staff at the time to handle production in house.
8005:123145778577408::Thread-111 2020-08-09 18:59:45.451 - Graz employed the creative staff, wrote and designed each episode, and drew the storyboards.
8005:123145778577408::Thread-111 2020-08-09 18:59:45.606 - The voice work was done using Canadian studios and South Korean studio AKOM was hired to animate the episodes.
8002:123145778577408::Thread-111 2020-08-09 18:59:45.707 - Louise was delivered by emergency Caesarean section due to placental abruption, which caused severe blood loss to both child and mother.
8005:123145778577408::Thread-111 2020-08-09 18:59:45.864 - X-Men was originally to premiere over the Labor Day weekend in September; due to production delays, it was pushed to the end of October.
8004:123145778577408::Thread-111 2020-08-09 18:59:45.891 - She attended Rutgers University on full academic scholarship, where she majored in Japanese and business, but did not graduate.
8005:123145778577408::Thread-111 2020-08-09 18:59:46.323 - When the animation team AKOM turned in the first episode, it contained hundreds of animation errors, which AKOM refused to fix.
8004:123145778577408::Thread-111 2020-08-09 18:59:46.527 - Carrera is a member of Mensa, with an IQ of 156.
8002:123145778577408::Thread-111 2020-08-09 18:59:46.91 - Louise was transferred to a neo-natal unit in St George's Hospital, Tooting, London, as a precaution.
8005:123145778577408::Thread-111 2020-08-09 18:59:47.141 - Because of time constraints, the episode was aired in an unfinished form.
8006:123145778577408::Thread-111 2020-08-09 18:59:47.257 - The name "Domesday Book" (Middle English for "Doomsday Book") came into use in the 12th century.
8004:123145778577408::Thread-111 2020-08-09 18:59:48.143 - Career


Adult film career
Carrera's adult film career started in 1993.
8004:123145778577408::Thread-111 2020-08-09 18:59:48.45 - In 1995 she became the first Asian performer ever to win the AVN Female Performer of the Year Award.
8002:123145778577408::Thread-111 2020-08-09 18:59:48.485 - Meanwhile, her mother remained at Frimley Park until she was well enough to be discharged, on 23 November 2003.
8002:123145778577408::Thread-111 2020-08-09 18:59:48.991 - Louise's name was announced on 27 November.She was baptised in the Private Chapel of Windsor Castle on 24 April 2004 by David Conner, the Dean of Windsor; her godparents were Lady Sarah Chatto, Lord Ivar Mountbatten, Lady Alexandra Etherington, Francesca Schwarzenbach and Rupert Elliott.
8002:123145778577408::Thread-111 2020-08-09 18:59:49.332 - Louise was the last child to wear the original royal christening gown.Born with esotropia, Louise underwent an operation in an unsuccessful attempt to correct the problem in January 2006.
8006:123145778577408::Thread-111 2020-08-09 18:59:49.431 - As Richard FitzNeal wrote in the Dialogus de Scaccario (circa 1179):
for as the sentence of that strict and terrible last account cannot be evaded by any skilful subterfuge, so when this book is appealed to ... its sentence cannot be quashed or set aside with impunity.
8004:123145778577408::Thread-111 2020-08-09 18:59:49.551 - Carrera retired from the film industry in 2003, following her marriage to Don Lemmon.Carrera lent her voice to several erotic hentai OVAs for publisher Pink Pineapple, such as Inmu (2001) and Shusaku (1999).
8003:123145778577408::Thread-111 2020-08-09 18:59:50.201 - **END**
8006:123145778577408::Thread-111 2020-08-09 18:59:51.024 - That is why we have called the book "the Book of Judgement" ...
8002:123145778577408::Thread-111 2020-08-09 18:59:51.333 - **END**
8004:123145778577408::Thread-111 2020-08-09 18:59:51.419 - In October 2001, Carrera attended the Big Apple Anime Fest in New York City for her voice roles and along with Kobe Tai was an Opening Night Guest of Honor at the fest's Midnight Anime Concourse.Carrera was also in the 2012 documentary After Porn Ends, which is about life after being a porn actor.
8005:123145778577408::Thread-111 2020-08-09 18:59:53.144 - **END**
8002:123145778577408::Thread-111 2020-08-09 18:59:54.335 - **START**
8002:123145778577408::Thread-111 2020-08-09 18:59:54.338 - Starting new HTTPS connection (1): en.wikipedia.org
8002:123145778577408::Thread-111 2020-08-09 18:59:55.236 - Milena Markovna Kunis (; Ukrainian: Мілена Марківна Куніс; Russian: Милена Марковна Кунис; born August 14, 1983) is an American actress.
8004:123145778577408::Thread-111 2020-08-09 18:59:56.421 - **END**
8002:123145778577408::Thread-111 2020-08-09 18:59:57.345 - In 1991, at the age of 7, she moved from Soviet Ukraine to the United States with her family.
8006:123145778577408::Thread-111 2020-08-09 18:59:59.027 - **END**
8006:123145778577408::Thread-111 2020-08-09 18:59:59.028 - **START**
8006:123145778577408::Thread-111 2020-08-09 18:59:59.036 - Starting new HTTPS connection (1): en.wikipedia.org
8002:123145778577408::Thread-111 2020-08-09 19:00:00.074 - After being enrolled in acting classes as an after-school activity, she was soon discovered by an agent.
8002:123145778577408::Thread-111 2020-08-09 19:00:00.438 - She appeared in several television series and commercials, before landing her first significant role at age 14, playing Jackie Burkhart on the television series That '70s Show (1998–2006).
8002:123145778577408::Thread-111 2020-08-09 19:00:00.573 - Since 1999, she has voiced Meg Griffin on the animated series Family Guy.
8006:123145778577408::Thread-111 2020-08-09 19:00:02.356 - Greta Tintin Eleonora Ernman Thunberg (Swedish: [ˈɡrêːta ˈtʉ̂ːnbærj] (listen); born 3 January 2003) is a Swedish environmental activist who has gained international recognition for promoting the view that humanity is facing an existential crisis arising from climate change.
8004:123145778577408::Thread-111 2020-08-09 19:00:02.642 - **START**
8004:123145778577408::Thread-111 2020-08-09 19:00:02.705 - Starting new HTTPS connection (1): en.wikipedia.org
8002:123145778577408::Thread-111 2020-08-09 19:00:03.113 - Kunis's breakout film role came in 2008, playing Rachel in the romantic comedy Forgetting Sarah Marshall.
8006:123145778577408::Thread-111 2020-08-09 19:00:03.59 - Thunberg is known for her youth and her straightforward speaking manner, both in public and to political leaders and assemblies, in which she criticises world leaders for their failure to take sufficient action to address the climate crisis.Thunberg's activism started after convincing her parents to adopt several lifestyle choices to reduce their own carbon footprint.
8004:123145778577408::Thread-111 2020-08-09 19:00:03.991 - John Christopher Depp II (born June 9, 1963) is an American actor, producer, and musician.
8004:123145778577408::Thread-111 2020-08-09 19:00:05.248 - He has been nominated for ten Golden Globe Awards, winning one for Best Actor for his performance of the title role in Sweeney Todd: The Demon Barber of Fleet Street (2007), and has been nominated for three Academy Awards for Best Actor, among other accolades.
8002:123145778577408::Thread-111 2020-08-09 19:00:05.988 - She gained further critical acclaim and accolades for her performance in the psychological thriller Black Swan (2010), for which she received the Marcello Mastroianni Award for Best Young Actor or Actress, and nominations for the SAG Award and the Golden Globe Award for Best Supporting Actress.
8006:123145778577408::Thread-111 2020-08-09 19:00:06.193 - In August 2018, at age 15, she started spending her school days outside the Swedish parliament to call for stronger action on climate change by holding up a sign reading Skolstrejk för klimatet (School strike for climate).
8006:123145778577408::Thread-111 2020-08-09 19:00:06.65 - Soon, other students engaged in similar protests in their own communities.
8002:123145778577408::Thread-111 2020-08-09 19:00:07.021 - Her other major films include the action films Max Payne (2008) and The Book of Eli (2010), the romantic comedy Friends with Benefits (2011), the fantasy film Oz the Great and Powerful (2013) as the Wicked Witch of the West, and the comedies Ted (2012), Bad Moms (2016) and its sequel, A Bad Moms Christmas (2017).
8005:123145778577408::Thread-111 2020-08-09 19:00:07.148 - **START**
8005:123145778577408::Thread-111 2020-08-09 19:00:07.158 - Starting new HTTPS connection (1): en.wikipedia.org
8004:123145778577408::Thread-111 2020-08-09 19:00:07.688 - He is regarded as one of the world's biggest film stars.
8003:123145778577408::Thread-111 2020-08-09 19:00:08.203 - **START**
8003:123145778577408::Thread-111 2020-08-09 19:00:08.209 - Starting new HTTPS connection (1): en.wikipedia.org
8005:123145778577408::Thread-111 2020-08-09 19:00:08.576 - Katheryn Elizabeth Hudson (born October 25, 1984), known professionally as Katy Perry, is an American singer, songwriter, and television judge.
8006:123145778577408::Thread-111 2020-08-09 19:00:09.17 - Together, they organised a school climate strike movement under the name Fridays for Future.
8005:123145778577408::Thread-111 2020-08-09 19:00:09.227 - After singing in church during her childhood, she pursued a career in gospel music as a teenager.
8002:123145778577408::Thread-111 2020-08-09 19:00:09.984 - Early life
Milena Markovna Kunis was born on August 14, 1983, in Chernivtsi, Ukrainian SSR in the Soviet Union.
8006:123145778577408::Thread-111 2020-08-09 19:00:10.025 - After Thunberg addressed the 2018 United Nations Climate Change Conference, student strikes took place every week somewhere in the world.
8004:123145778577408::Thread-111 2020-08-09 19:00:10.286 - Depp made his film debut in the 1984 film A Nightmare on Elm Street, before rising to prominence as a teen idol on the television series 21 Jump Street (1987–1990).
8006:123145778577408::Thread-111 2020-08-09 19:00:10.875 - In 2019, there were multiple coordinated multi-city protests involving over a million students each.
8003:123145778577408::Thread-111 2020-08-09 19:00:11.652 - Marshall Bruce Mathers III (born October 17, 1972), known professionally as Eminem (; often stylized as EMINƎM), is an American rapper, songwriter, and record producer.
8005:123145778577408::Thread-111 2020-08-09 19:00:11.839 - Perry signed with Red Hill Records and released her debut studio album Katy Hudson under her birth name in 2001, which was commercially unsuccessful.
8004:123145778577408::Thread-111 2020-08-09 19:00:12.458 - He had a supporting role in Oliver Stone's 1986 war film Platoon and played the title character in the 1990 romantic fantasy Edward Scissorhands.
8003:123145778577408::Thread-111 2020-08-09 19:00:12.559 - Credited with popularizing hip hop in Middle America, Eminem's global success and acclaimed works are widely regarded as having broken racial barriers for the acceptance of white rappers in popular music.
8004:123145778577408::Thread-111 2020-08-09 19:00:12.74 - Depp has gained critical praise for his portrayals of inept screenwriter-director Ed Wood in the film of the same name (1994), undercover FBI agent Joseph D. Pistone in Donnie Brasco (1997), author J. M. Barrie in Finding Neverland (2004) and Boston gangster Whitey Bulger in Black Mass (2015).
8006:123145778577408::Thread-111 2020-08-09 19:00:12.807 - To avoid flying, Thunberg sailed to North America where she attended the 2019 UN Climate Action Summit.
8002:123145778577408::Thread-111 2020-08-09 19:00:12.832 - Her mother, Elvira, is a physics teacher who runs a pharmacy, and her father, Mark Kunis, is a mechanical engineer who works as a cab driver.
8006:123145778577408::Thread-111 2020-08-09 19:00:13.165 - Her speech there, in which she exclaimed "how dare you", was widely taken up by the press and incorporated into music.
8004:123145778577408::Thread-111 2020-08-09 19:00:14.166 - He has starred in a number of successful films, including Cry-Baby (1990), Dead Man (1995), Sleepy Hollow (1999), Charlie and the Chocolate Factory (2005), Corpse Bride (2005), Public Enemies (2009), Alice in Wonderland (2010) and its 2016 sequel, The Tourist (2010), Rango (2011), Dark Shadows (2012), Into the Woods (2014), and Fantastic Beasts: The Crimes of Grindelwald (2018).
8003:123145778577408::Thread-111 2020-08-09 19:00:14.241 - While much of his transgressive work during the early 2000s made him hugely controversial, he came to be a representation of popular angst and the American underclass.
8005:123145778577408::Thread-111 2020-08-09 19:00:14.523 - She moved to Los Angeles the following year to venture into secular music after Red Hill ceased operations and she subsequently began working with producers Glen Ballard, Dr. Luke, and Max Martin.
8004:123145778577408::Thread-111 2020-08-09 19:00:14.936 - Depp also plays Jack Sparrow in the swashbuckler film series Pirates of the Caribbean (2003–present).
8006:123145778577408::Thread-111 2020-08-09 19:00:15.356 - Her sudden rise to world fame has made her both a leader and a target for critics.
8005:123145778577408::Thread-111 2020-08-09 19:00:15.876 - After adopting the stage name Katy Perry and being dropped by The Island Def Jam Music Group and Columbia Records, she signed a recording contract with Capitol Records in April 2007.
8003:123145778577408::Thread-111 2020-08-09 19:00:16.661 - He has been influential for many artists of various genres and is often cited as one of the greatest rappers of all time.After his debut album Infinite (1996) and the extended play Slim Shady EP (1997), Eminem signed with Dr. Dre's Aftermath Entertainment and subsequently achieved mainstream popularity in 1999 with The Slim Shady LP.
8005:123145778577408::Thread-111 2020-08-09 19:00:16.737 - Perry rose to fame in 2008 with her second album, One of the Boys, a pop rock record containing the controversial U.S number one song "I Kissed a Girl" and "Hot n Cold".
8002:123145778577408::Thread-111 2020-08-09 19:00:16.833 - **END**
8003:123145778577408::Thread-111 2020-08-09 19:00:17.321 - His next two releases The Marshall Mathers LP (2000) and The Eminem Show (2002) were worldwide successes and were both nominated for the Grammy Award for Album of the Year.
8004:123145778577408::Thread-111 2020-08-09 19:00:17.333 - Depp is the tenth highest-grossing actor worldwide, as films featuring Depp have grossed over US$3.7 billion at the United States box office and over US$10 billion worldwide.
8005:123145778577408::Thread-111 2020-08-09 19:00:17.339 - All subsequent albums have topped the U.S.
8005:123145778577408::Thread-111 2020-08-09 19:00:17.859 - Billboard 200.
8005:123145778577408::Thread-111 2020-08-09 19:00:18.914 - The disco-influenced Teenage Dream (2010) spawned five chart topping  U.S.
8003:123145778577408::Thread-111 2020-08-09 19:00:19.907 - After the release of what was considered to be his final album, Encore (2004), Eminem went on hiatus in 2005 partly due to a prescription drug addiction.
8004:123145778577408::Thread-111 2020-08-09 19:00:20.145 - He has been listed in the 2012 Guinness World Records as the world's highest-paid actor, with earnings of US$75 million.
8005:123145778577408::Thread-111 2020-08-09 19:00:21.502 - Billboard Hot 100 singles–"California Gurls", "Teenage Dream", "Firework", "E.T.
8003:123145778577408::Thread-111 2020-08-09 19:00:22.167 - He returned to the music industry four years later with the release of Relapse (2009), and Recovery was released the following year.
8006:123145778577408::Thread-111 2020-08-09 19:00:23.358 - **END**
8003:123145778577408::Thread-111 2020-08-09 19:00:23.371 - Recovery was the best-selling album worldwide of 2010, making it Eminem's second album, after The Eminem Show in 2002, to be the best-selling album of the year worldwide.
8005:123145778577408::Thread-111 2020-08-09 19:00:23.93 - ", and "Last Friday Night (T.G.I.F.)"
8004:123145778577408::Thread-111 2020-08-09 19:00:24.149 - **END**
8003:123145778577408::Thread-111 2020-08-09 19:00:24.27 - In the following years, he released the US number one albums The Marshall Mathers LP 2, Revival, Kamikaze and Music to Be Murdered By.
8003:123145778577408::Thread-111 2020-08-09 19:00:26.032 - Eminem made his debut in the motion picture industry with the musical drama film 8 Mile (2002), playing a fictionalized version of himself, which won the Academy Award for Best Original Song for "Lose Yourself", making him the first hip hop artist to ever win the award.
8005:123145778577408::Thread-111 2020-08-09 19:00:26.899 - — a record tying her with Michael Jackson's Bad.
8005:123145778577408::Thread-111 2020-08-09 19:00:26.913 - Its follow-up record Prism (2013) was inspired by her divorce and incorporates pop and dance along with themes of self-reflection, everyday life, and relationships.
8005:123145778577408::Thread-111 2020-08-09 19:00:30.915 - **END**
8003:123145778577408::Thread-111 2020-08-09 19:00:32.034 - **END**