8003:123145820643328::Thread-121 2020-08-09 18:59:28.272 - **START**
8002:123145820643328::Thread-121 2020-08-09 18:59:28.352 - **START**
8002:123145820643328::Thread-121 2020-08-09 18:59:28.422 - Starting new HTTPS connection (1): en.wikipedia.org
8003:123145820643328::Thread-121 2020-08-09 18:59:28.455 - Starting new HTTPS connection (1): en.wikipedia.org
8002:123145820643328::Thread-121 2020-08-09 18:59:30.667 - Leicester City Football Club is an English professional football club based in Leicester in the East Midlands.
8003:123145820643328::Thread-121 2020-08-09 18:59:31.202 - The Italy national football team (Italian: Nazionale di calcio dell'Italia) has officially represented Italy in international football since their first match in 1910.
8004:123145820643328::Thread-121 2020-08-09 18:59:31.23 - **START**
8004:123145820643328::Thread-121 2020-08-09 18:59:31.5 - Starting new HTTPS connection (1): en.wikipedia.org
8003:123145820643328::Thread-121 2020-08-09 18:59:32.148 - The squad is under the global jurisdiction of FIFA and is governed in Europe by UEFA—the latter of which was co-founded by the Italian team's supervising body, the Italian Football Federation (FIGC).
8005:123145820643328::Thread-121 2020-08-09 18:59:32.222 - **START**
8003:123145820643328::Thread-121 2020-08-09 18:59:32.415 - Italy's home matches are played at various stadiums throughout Italy, and their primary training ground, Centro Tecnico Federale di Coverciano, is located at the FIGC technical headquarters in Coverciano, Florence.
8002:123145820643328::Thread-121 2020-08-09 18:59:32.923 - The club competes in the Premier League, the top division of England's football league system, and plays its home matches at the King Power Stadium.The club was founded in 1884 as Leicester Fosse F.C., playing on a field near Fosse Road.
8003:123145820643328::Thread-121 2020-08-09 18:59:33.234 - Italy is one of the most successful national teams in the history of the World Cup, having won four titles (1934, 1938, 1982, 2006) and appearing in two other finals (1970, 1994), reaching a third place (1990) and a fourth place (1978).
8005:123145820643328::Thread-121 2020-08-09 18:59:33.864 - Starting new HTTPS connection (1): en.wikipedia.org
8003:123145820643328::Thread-121 2020-08-09 18:59:33.986 - In 1938, they became the first team to defend their World Cup title, and due to the outbreak of World War II, retained the title for a further 12 years.
8003:123145820643328::Thread-121 2020-08-09 18:59:34.843 - Italy had also previously won two Central European International Cups (1927–30, 1933–35).
8003:123145820643328::Thread-121 2020-08-09 18:59:35.605 - Between its first two World Cup victories, Italy won the Olympic football tournament (1936).
8002:123145820643328::Thread-121 2020-08-09 18:59:35.834 - They moved to Filbert Street in 1891, were elected to the Football League in 1894 and adopted the name Leicester City in 1919.
8004:123145820643328::Thread-121 2020-08-09 18:59:35.879 - Isabela Moner (born July 10, 2001), also known as Isabela Merced, is an American actress and singer.
8003:123145820643328::Thread-121 2020-08-09 18:59:35.928 - After the majority of the team was killed in a plane crash in 1949, the team did not advance past the group stage of the following two World Cup tournaments, and also failed to qualify for the 1958 edition—failure to qualify for the World Cup would not happen again until the 2018 edition.
8006:123145820643328::Thread-121 2020-08-09 18:59:36.259 - **START**
8003:123145820643328::Thread-121 2020-08-09 18:59:36.558 - Italy returned to form by 1968, winning a European Championship (1968), and after a period of alternating unsuccessful qualification rounds in Europe, later appeared in two other finals (2000, 2012).
8006:123145820643328::Thread-121 2020-08-09 18:59:36.71 - Starting new HTTPS connection (1): en.wikipedia.org
8004:123145820643328::Thread-121 2020-08-09 18:59:38.15 - She played the lead role of CJ Martin on the Nickelodeon television series 100 Things to Do Before High School.
8003:123145820643328::Thread-121 2020-08-09 18:59:38.304 - Italy's highest finish at the FIFA Confederations Cup was in 2013, where the squad achieved a third-place finish.
8002:123145820643328::Thread-121 2020-08-09 18:59:38.362 - They moved to the nearby Walkers Stadium in 2002, which was renamed the King Power Stadium in 2011.Leicester won the 2015–16 Premier League, their first top-level football championship.
8004:123145820643328::Thread-121 2020-08-09 18:59:38.443 - In film, she played Izabella in Transformers: The Last Knight (2017), Lizzy in Instant Family (2018), and Isabel in Sicario: Day of the Soldado (2018).
8005:123145820643328::Thread-121 2020-08-09 18:59:38.829 - Sasha Grey (born Marina Ann Hantzis, March 14, 1988) is an American actress, musician, model, and writer.
8006:123145820643328::Thread-121 2020-08-09 18:59:39.954 - The England national football team represents England in  men's international football and is governed by The Football Association, the governing body for football in England.
8002:123145820643328::Thread-121 2020-08-09 18:59:40.245 - They are one of only seven clubs to have won the Premier League since its inception in 1992.
8005:123145820643328::Thread-121 2020-08-09 18:59:40.491 - Grey began her acting career in the pornographic film industry, winning 15 awards for her work between 2007 and 2010, including the AVN Award for Female Performer of the Year in 2008.Grey has been featured in music videos, documentaries, advertising campaigns, artworks, and magazines.
8006:123145820643328::Thread-121 2020-08-09 18:59:40.8 - It competes in the three major international tournaments; the FIFA World Cup, the UEFA European Championship and the UEFA Nations League.
8002:123145820643328::Thread-121 2020-08-09 18:59:40.887 - A number of newspapers described Leicester's title win as the greatest sporting shock ever; multiple bookmakers had never paid out at such long odds for any sport.
8004:123145820643328::Thread-121 2020-08-09 18:59:40.893 - In 2019, Moner starred as the titular character of Dora in the film Dora and the Lost City of Gold.
8006:123145820643328::Thread-121 2020-08-09 18:59:40.895 - England, as a country of the United Kingdom, is not a member of the International Olympic Committee and therefore the national team does not compete at the Olympic Games.
8003:123145820643328::Thread-121 2020-08-09 18:59:41.305 - **END**
8006:123145820643328::Thread-121 2020-08-09 18:59:41.346 - England is the oldest national team in football.
8005:123145820643328::Thread-121 2020-08-09 18:59:41.553 - After her 2009 feature film debut as the lead in Steven Soderbergh's The Girlfriend Experience, she starred in independent films including Open Windows, the Canadian black comedy horror film Smash Cut and the horror film Would You Rather.
8004:123145820643328::Thread-121 2020-08-09 18:59:41.581 - From 2014 to 2017, she provided the voice of Kate in Nickelodeon's animated television spinoff series Dora and Friends: Into the City!.
8006:123145820643328::Thread-121 2020-08-09 18:59:41.623 - They played in the world's first international football match in 1872, against Scotland.
8002:123145820643328::Thread-121 2020-08-09 18:59:41.828 - As a result, the team was dubbed "The Unbelievables", a spin-off harking back to Arsenal's undefeated team "The Invincibles".
8005:123145820643328::Thread-121 2020-08-09 18:59:42.022 - In 2011, she played a fictionalized version of herself in the HBO comedy-drama series Entourage.
8004:123145820643328::Thread-121 2020-08-09 18:59:42.397 - Early life and education
Isabela Moner was born in Cleveland, Ohio.
8006:123145820643328::Thread-121 2020-08-09 18:59:42.472 - England's home ground is Wembley Stadium, London, and their headquarters is at St George's Park, Burton upon Trent.
8004:123145820643328::Thread-121 2020-08-09 18:59:42.535 - She is the daughter of Katherine, who was born in Lima, Peru, and Patrick Moner, who was born in Louisiana.
8005:123145820643328::Thread-121 2020-08-09 18:59:42.965 - Grey was a co-founder, singer, and writer of aTelecine, an industrial music band.
8006:123145820643328::Thread-121 2020-08-09 18:59:43.109 - The team's manager is Gareth Southgate.
8005:123145820643328::Thread-121 2020-08-09 18:59:43.576 - She is the author of The Juliette Society trilogy of novels and also writes, directs, and co-produces films and music videos.
8006:123145820643328::Thread-121 2020-08-09 18:59:44.046 - Since first entering the tournament in 1950, England has qualified for the FIFA World Cup 15 times.
8006:123145820643328::Thread-121 2020-08-09 18:59:44.464 - They won the 1966 World Cup, when they hosted the finals, and finished fourth in 1990 and 2018.
8004:123145820643328::Thread-121 2020-08-09 18:59:44.488 - Moner has stated that Spanish was her first language, and she struggled with English when she first started grade school, adding that she considers herself more Peruvian than American.
8006:123145820643328::Thread-121 2020-08-09 18:59:44.562 - Since first entering in 1964, England have never won the UEFA European Championship, with their best performances being third-place finishes in 1968 and 1996, the latter as hosts.
8004:123145820643328::Thread-121 2020-08-09 18:59:44.711 - At age 15, Moner was accepted into college.
8002:123145820643328::Thread-121 2020-08-09 18:59:44.823 - The club's previous highest finish was second place in the top flight, in 1928–29, then known as the First Division.
8005:123145820643328::Thread-121 2020-08-09 18:59:44.965 - Early life
Grey, whose original name is Marina Ann Hantzis, was born in North Highlands, California into a working-class family.
8005:123145820643328::Thread-121 2020-08-09 18:59:45.043 - Her father was a Greek-American who worked as a mechanic and died in June 2015.
8005:123145820643328::Thread-121 2020-08-09 18:59:45.559 - Her mother is of English, Irish, and Polish descent.
8004:123145820643328::Thread-121 2020-08-09 18:59:46.224 - Career
Moner has said that she wanted to be an actress from a very young age, inspired by movies featuring Shirley Temple and Judy Garland and starting in local community theatre at age 6.
8005:123145820643328::Thread-121 2020-08-09 18:59:46.552 - Grey's parents divorced before she started middle school and she was subsequently raised by her mother, who remarried in 2000.
8002:123145820643328::Thread-121 2020-08-09 18:59:47.199 - Throughout their history, Leicester have spent all but one season in the top two divisions of English football.
8004:123145820643328::Thread-121 2020-08-09 18:59:47.228 - **END**
8005:123145820643328::Thread-121 2020-08-09 18:59:47.553 - **END**
8006:123145820643328::Thread-121 2020-08-09 18:59:47.565 - **END**
8002:123145820643328::Thread-121 2020-08-09 18:59:48.407 - They hold a joint-highest seven second-tier titles (six Second Division and one Championship).
8002:123145820643328::Thread-121 2020-08-09 18:59:48.407 - **END**
8006:123145820643328::Thread-121 2020-08-09 18:59:48.566 - **START**
8006:123145820643328::Thread-121 2020-08-09 18:59:48.57 - Starting new HTTPS connection (1): en.wikipedia.org
8004:123145820643328::Thread-121 2020-08-09 18:59:49.231 - **START**
8004:123145820643328::Thread-121 2020-08-09 18:59:49.236 - Starting new HTTPS connection (1): en.wikipedia.org
8006:123145820643328::Thread-121 2020-08-09 18:59:49.564 - Inferno (Italian: [iɱˈfɛrno]; Italian for "Hell") is the first part of Italian writer Dante Alighieri's 14th-century epic poem Divine Comedy.
8006:123145820643328::Thread-121 2020-08-09 18:59:50.248 - It is followed by Purgatorio and Paradiso.
8003:123145820643328::Thread-121 2020-08-09 18:59:50.306 - **START**
8003:123145820643328::Thread-121 2020-08-09 18:59:50.311 - Starting new HTTPS connection (1): en.wikipedia.org
8006:123145820643328::Thread-121 2020-08-09 18:59:50.314 - The Inferno tells the journey of Dante through Hell, guided by the ancient Roman poet Virgil.
8003:123145820643328::Thread-121 2020-08-09 18:59:51.1 - The Palace of Versailles ( vair-SY, vur-SY; French: Château de Versailles [ʃɑto d(ə) vɛʁsɑj] (listen)) was the principal royal residence of France from 1682, under Louis XIV, until the start of the French Revolution in 1789, under Louis XVI.
8006:123145820643328::Thread-121 2020-08-09 18:59:51.248 - In the poem, Hell is depicted as nine concentric circles of torment located within the Earth; it is the "realm ... of those who have rejected spiritual values by yielding to bestial appetites or violence, or by perverting their human intellect to fraud or malice against their fellowmen".
8004:123145820643328::Thread-121 2020-08-09 18:59:51.435 - Janine Marie Lindemulder (born November 14, 1968), also known as Janine Marie James, is an American exotic dancer and adult film actress, best known for her work in American pornographic films (typically credited as just Janine) during the mid-1990s and since a 2004 comeback.
8006:123145820643328::Thread-121 2020-08-09 18:59:51.467 - As an allegory, the Divine Comedy represents the journey of the soul toward God, with the Inferno describing the recognition and rejection of sin.
8003:123145820643328::Thread-121 2020-08-09 18:59:51.944 - It is located in the department of Yvelines, in the region of Île-de-France, about 20 kilometres (12 miles) southwest of the centre of Paris.A simple hunting lodging and later a small château with a moat occupied the site until 1661, when the first work expanding the château into a palace was carried out for Louis XIV.
8003:123145820643328::Thread-121 2020-08-09 18:59:52.159 - In 1682, when the palace had become large enough, the king moved the entire royal court and the French government to Versailles.
8006:123145820643328::Thread-121 2020-08-09 18:59:52.165 - Introduction


Cantos I–II

Canto I

The poem begins on the night of Maundy Thursday on March 24 (or April 7), AD 1300, shortly before dawn of Good Friday.
8003:123145820643328::Thread-121 2020-08-09 18:59:52.416 - Some of the palace furniture at this time was constructed of solid silver, but in 1689 much of it was melted down to pay for the cost of war.
8003:123145820643328::Thread-121 2020-08-09 18:59:52.568 - Subsequent rulers mostly carried out interior remodeling, to meet the demands of changing taste, although Louis XV did install an opera house at the north end of the north wing for the wedding of the Dauphin and Marie Antoinette in 1770.
8003:123145820643328::Thread-121 2020-08-09 18:59:53.011 - The palace has also been a site of historical importance.
8003:123145820643328::Thread-121 2020-08-09 18:59:53.615 - The Peace of Paris (1783) was signed at Versailles, the Proclamation of the German Empire occurred in the vaunted Hall of Mirrors, and World War I was ended in the palace with the Treaty of Versailles, among many other events.
8003:123145820643328::Thread-121 2020-08-09 18:59:53.832 - The palace is now a historical monument and UNESCO World Heritage site, notable especially for the ceremonial Hall of Mirrors, the jewel-like Royal Opera, and the royal apartments; for the more intimate royal residences, the Grand Trianon and Petit Trianon located within the park; the small rustic Hameau (Hamlet) created for Marie Antoinette; and the vast Gardens of Versailles with fountains, canals, and geometric flower beds and groves, laid out by André le Nôtre.
8006:123145820643328::Thread-121 2020-08-09 18:59:53.922 - The narrator, Dante himself, is thirty-five years old, and thus "midway in the journey of our life" (Nel mezzo del cammin di nostra vita) – half of the Biblical lifespan of seventy (Psalm 89:10, Vulgate; Psalm 90:10, KJV).
8006:123145820643328::Thread-121 2020-08-09 18:59:54.096 - The poet finds himself lost in a dark wood (selva oscura), astray from the "straight way" (diritta via, also translatable as "right way") of salvation.
8006:123145820643328::Thread-121 2020-08-09 18:59:54.148 - He sets out to climb directly up a small mountain, but his way is blocked by three beasts he cannot evade: a lonza (usually rendered as "leopard" or "leopon"), a leone (lion), and a lupa (she-wolf).
8004:123145820643328::Thread-121 2020-08-09 18:59:54.167 - Lindemulder has appeared in several music videos for bands including Blink-182 as well as appearing on the cover of their 1999 album Enema of the State.
8003:123145820643328::Thread-121 2020-08-09 18:59:54.21 - The Palace was stripped of all its furnishings after the French Revolution, but many pieces have been returned and many of the palace rooms have been restored.
8003:123145820643328::Thread-121 2020-08-09 18:59:54.632 - In 2017 the Palace of Versailles received 7,700,000 visitors, making it the second-most visited monument in the Île-de-France region, just behind the Louvre and ahead of the Eiffel Tower.
8003:123145820643328::Thread-121 2020-08-09 18:59:55.072 - History


The hunting lodge and château of Louis XIII
 
The site of the Palace was first occupied by a small village and church, surrounded by forests filled with abundant game.
8003:123145820643328::Thread-121 2020-08-09 18:59:55.805 - It was owned by the Gondi family and the priory of Saint Julian.
8004:123145820643328::Thread-121 2020-08-09 18:59:56.625 - Early career
Janine Lindemulder modeled for Penthouse magazine, making her first appearance in the December 1987 issue, as the Pet of the Month.
8004:123145820643328::Thread-121 2020-08-09 18:59:57.637 - She appeared several more times in Penthouse over the next ten years, and was chosen as Pet of the Year Runner-Up for 1990.Lindemulder's first cinematic role came in the 1988 Italian film Bersaglio sull'autostrada, known as Moving Target in English-speaking countries.
8004:123145820643328::Thread-121 2020-08-09 18:59:58.636 - She was credited as Janine Linde.
8003:123145820643328::Thread-121 2020-08-09 18:59:59.806 - **END**
8004:123145820643328::Thread-121 2020-08-09 19:00:00.155 - She went on to act in other lower-tier mainstream films, including Spring Break USA and Caged Fury.
8002:123145820643328::Thread-121 2020-08-09 19:00:00.409 - **START**
8002:123145820643328::Thread-121 2020-08-09 19:00:00.445 - Starting new HTTPS connection (1): en.wikipedia.org
8004:123145820643328::Thread-121 2020-08-09 19:00:00.717 - Adult film career
Lindemulder made her adult film debut in the 1992 feature Andrew Blake's Hidden Obsessions.
8004:123145820643328::Thread-121 2020-08-09 19:00:01.643 - She was featured in two more adult movies before joining Vivid Video as an exclusive "contract girl" (who are collectively referred to as the Vivid Girls).
8006:123145820643328::Thread-121 2020-08-09 19:00:03.153 - **END**
8004:123145820643328::Thread-121 2020-08-09 19:00:03.232 - Her first Vivid release was titled Parlor Games.
8004:123145820643328::Thread-121 2020-08-09 19:00:03.292 - Lindemulder subsequently appeared featured in over fifty other Vivid titles.
8002:123145820643328::Thread-121 2020-08-09 19:00:03.509 - Robin Hood is a legendary heroic outlaw originally depicted in English folklore and subsequently featured in literature and film.
8005:123145820643328::Thread-121 2020-08-09 19:00:04.558 - **START**
8005:123145820643328::Thread-121 2020-08-09 19:00:04.588 - Starting new HTTPS connection (1): en.wikipedia.org
8002:123145820643328::Thread-121 2020-08-09 19:00:05.549 - According to legend, he was a highly skilled archer and swordsman.
8005:123145820643328::Thread-121 2020-08-09 19:00:05.584 - Virat Kohli (pronunciation ; born 5 November 1988) is an Indian cricketer and the current captain of the India national team.
8002:123145820643328::Thread-121 2020-08-09 19:00:05.732 - In some versions of the legend, he is depicted as being of noble birth, and in modern retellings he is sometimes depicted as having fought in the Crusades before returning to England to find his lands taken by the Sheriff.
8005:123145820643328::Thread-121 2020-08-09 19:00:06.285 - A right-handed top-order batsman, Kohli is regarded as one of the best batsmen in the world.
8002:123145820643328::Thread-121 2020-08-09 19:00:06.712 - In the oldest known versions he is instead a member of the yeoman class.
8005:123145820643328::Thread-121 2020-08-09 19:00:06.89 - He plays for Royal Challengers Bangalore in the Indian Premier League (IPL), and has been the team's captain since 2013.
8005:123145820643328::Thread-121 2020-08-09 19:00:07.392 - Since October 2017, he has been the top-ranked ODI batsman in the world and is currently 2nd in Test rankings with 886 points.
8002:123145820643328::Thread-121 2020-08-09 19:00:07.539 - Traditionally depicted dressed in Lincoln green, he is said to have robbed from the rich and given to the poor.
8005:123145820643328::Thread-121 2020-08-09 19:00:07.638 - Among Indian batsmen, Kohli has the best ever Test rating (937 points), ODI rating (911 points) and T20I rating (897 points).
8005:123145820643328::Thread-121 2020-08-09 19:00:08.123 - Kohli captained India Under-19s to victory at the 2008 Under-19 World Cup in Malaysia.
8004:123145820643328::Thread-121 2020-08-09 19:00:08.295 - **END**
8005:123145820643328::Thread-121 2020-08-09 19:00:08.751 - After a few months later, he made his ODI debut for India against Sri Lanka at the age of 19.
8005:123145820643328::Thread-121 2020-08-09 19:00:08.99 - Initially having played as a reserve batsman in the Indian team, he soon established himself as a regular in the ODI middle-order and was part of the squad that won the 2011 World Cup.
8002:123145820643328::Thread-121 2020-08-09 19:00:09.09 - Through retellings, additions, and variations, a body of familiar characters associated with Robin Hood has been created.
8002:123145820643328::Thread-121 2020-08-09 19:00:09.442 - These include his lover, Maid Marian, his band of outlaws, the Merry Men, and his chief opponent, the Sheriff of Nottingham.
8005:123145820643328::Thread-121 2020-08-09 19:00:09.915 - He made his Test debut in 2011 and shrugged off the tag of "ODI specialist" by 2013 with Test hundreds in Australia and South Africa.
8005:123145820643328::Thread-121 2020-08-09 19:00:10.082 - Having reached the number one spot in the ICC rankings for ODI batsmen for the first time in 2013, Kohli also found success in the Twenty20 format, winning the Man of the Tournament twice at the ICC World Twenty20 (in 2014 and 2016).
8002:123145820643328::Thread-121 2020-08-09 19:00:12.426 - The Sheriff is often depicted as assisting Prince John in usurping the rightful but absent King Richard, to whom Robin Hood remains loyal.
8005:123145820643328::Thread-121 2020-08-09 19:00:14.083 - **END**
8002:123145820643328::Thread-121 2020-08-09 19:00:14.235 - His partisanship of the common people and his hostility to the Sheriff of Nottingham are early recorded features of the legend, but his interest in the rightfulness of the king is not, and neither is his setting in the reign of Richard I.
8002:123145820643328::Thread-121 2020-08-09 19:00:14.519 - He became a popular folk figure in the Late Middle Ages, and the earliest known ballads featuring him are from the 15th century (1400s).
8002:123145820643328::Thread-121 2020-08-09 19:00:17.043 - There have been numerous variations and adaptations of the story over the subsequent years, and the story continues to be widely represented in literature, film, and television.
8002:123145820643328::Thread-121 2020-08-09 19:00:26.049 - **END**