8005:123145757544448::Thread-106 2020-08-09 18:59:30.217 - **START**
8005:123145757544448::Thread-106 2020-08-09 18:59:30.957 - Starting new HTTPS connection (1): en.wikipedia.org
8003:123145757544448::Thread-106 2020-08-09 18:59:32.357 - **START**
8003:123145757544448::Thread-106 2020-08-09 18:59:33.347 - Starting new HTTPS connection (1): en.wikipedia.org
8005:123145757544448::Thread-106 2020-08-09 18:59:34.466 - India, officially the Republic of India (Hindi: Bhārat Gaṇarājya), is a country in South Asia.
8005:123145757544448::Thread-106 2020-08-09 18:59:34.731 - It is the second-most populous country, the seventh-largest country by area, and the most populous democracy in the world.
8005:123145757544448::Thread-106 2020-08-09 18:59:35.476 - Bounded by the Indian Ocean on the south, the Arabian Sea on the southwest, and the Bay of Bengal on the southeast, it shares land borders with Pakistan to the west; China, Nepal, and Bhutan to the north; and Bangladesh and Myanmar to the east.
8005:123145757544448::Thread-106 2020-08-09 18:59:35.498 - In the Indian Ocean, India is in the vicinity of Sri Lanka and the Maldives; its Andaman and Nicobar Islands share a maritime border with Thailand and Indonesia.
8003:123145757544448::Thread-106 2020-08-09 18:59:36.062 - Bryan Matthew Sevilla (born February 7, 1986), known professionally by the stage name James Deen, is an American pornographic actor and director.He entered the porn industry in 2004 at the age of 18.
8003:123145757544448::Thread-106 2020-08-09 18:59:36.198 - He gained attention due to his relatively slender build, lack of tattoos, and everyman appeal, bucking the stereotypical image of hypermasculine male actors in the pornography industry.
8006:123145757544448::Thread-106 2020-08-09 18:59:36.257 - **START**
8005:123145757544448::Thread-106 2020-08-09 18:59:36.426 - Modern humans arrived on the Indian subcontinent from Africa no later than 55,000 years ago.
8006:123145757544448::Thread-106 2020-08-09 18:59:36.787 - Starting new HTTPS connection (1): en.wikipedia.org
8003:123145757544448::Thread-106 2020-08-09 18:59:37.121 - In late 2015, multiple women came forward with allegations of sexual misconduct including rape against Deen, with the most notable being his former girlfriend Joanna Angel.
8004:123145757544448::Thread-106 2020-08-09 18:59:37.21 - **START**
8003:123145757544448::Thread-106 2020-08-09 18:59:37.339 - Early life
Deen was born in to a Jewish family in Los Angeles County, California and raised in Pasadena.
8002:123145757544448::Thread-106 2020-08-09 18:59:37.339 - **START**
8005:123145757544448::Thread-106 2020-08-09 18:59:37.362 - Their long occupation, initially in varying forms of isolation as hunter-gatherers, has made the region highly diverse, second only to Africa in human genetic diversity.
8005:123145757544448::Thread-106 2020-08-09 18:59:37.804 - Settled life emerged on the subcontinent in the western margins of the Indus river basin 9,000 years ago, evolving gradually into the Indus Valley Civilisation of the third millennium BCE.
8004:123145757544448::Thread-106 2020-08-09 18:59:37.83 - Starting new HTTPS connection (1): en.wikipedia.org
8005:123145757544448::Thread-106 2020-08-09 18:59:38.52 - By 1200 BCE, an archaic form of Sanskrit, an Indo-European language, had diffused into India from the northwest, unfolding as the language of the Rigveda, and recording the dawning of Hinduism in India.
8003:123145757544448::Thread-106 2020-08-09 18:59:38.818 - His father is a mechanical engineer and his mother is a computer electronic engineer, and one of them worked at the Jet Propulsion Laboratory.
8002:123145757544448::Thread-106 2020-08-09 18:59:39.013 - Starting new HTTPS connection (1): en.wikipedia.org
8005:123145757544448::Thread-106 2020-08-09 18:59:39.314 - The Dravidian languages of India were supplanted in the northern regions.
8005:123145757544448::Thread-106 2020-08-09 18:59:40.105 - By 400 BCE, stratification and exclusion by caste had emerged within Hinduism,
and Buddhism and Jainism had arisen, proclaiming social orders unlinked to heredity.
8005:123145757544448::Thread-106 2020-08-09 18:59:40.243 - Early political consolidations gave rise to the loose-knit Maurya and Gupta Empires based in the Ganges Basin.
8006:123145757544448::Thread-106 2020-08-09 18:59:40.302 - The White House is the official residence and workplace of the president of the United States.
8006:123145757544448::Thread-106 2020-08-09 18:59:40.454 - It is located at 1600 Pennsylvania Avenue NW in Washington, D.C., and has been the residence of every U.S. president since John Adams in 1800.
8003:123145757544448::Thread-106 2020-08-09 18:59:40.525 - Sevilla graduated from La Cañada High School in 2004.
8006:123145757544448::Thread-106 2020-08-09 18:59:41.207 - The term "White House" is often used as a metonym for the president and his advisers.
8006:123145757544448::Thread-106 2020-08-09 18:59:41.86 - The residence was designed by Irish-born architect James Hoban in the neoclassical style.
8005:123145757544448::Thread-106 2020-08-09 18:59:42.255 - **END**
8004:123145757544448::Thread-106 2020-08-09 18:59:42.462 - MetLife Stadium is an American sports stadium located at the Meadowlands Sports Complex in East Rutherford, New Jersey, 5 mi (8 km) west of New York City.
8003:123145757544448::Thread-106 2020-08-09 18:59:42.472 - At 17, Deen moved in with his father.
8006:123145757544448::Thread-106 2020-08-09 18:59:42.717 - Hoban modelled the building on Leinster House in Dublin, a building which today houses the Oireachtas, the Irish legislature.
8006:123145757544448::Thread-106 2020-08-09 18:59:43.308 - Construction took place between 1792 and 1800 using Aquia Creek sandstone painted white.
8006:123145757544448::Thread-106 2020-08-09 18:59:43.465 - When Thomas Jefferson moved into the house in 1801, he (with architect Benjamin Henry Latrobe) added low colonnades on each wing that concealed stables and storage.
8006:123145757544448::Thread-106 2020-08-09 18:59:43.644 - In 1814, during the War of 1812, the mansion was set ablaze by the British Army in the Burning of Washington, destroying the interior and charring much of the exterior.
8003:123145757544448::Thread-106 2020-08-09 18:59:43.76 - He worked at a Starbucks for two years and took classes at Pasadena City College.
8006:123145757544448::Thread-106 2020-08-09 18:59:44.108 - Reconstruction began almost immediately, and President James Monroe moved into the partially reconstructed Executive Residence in October 1817.
8004:123145757544448::Thread-106 2020-08-09 18:59:44.326 - It is the home stadium of two National Football League (NFL) franchises, the New York Giants and the New York Jets.
8003:123145757544448::Thread-106 2020-08-09 18:59:44.362 - Career

According to Deen, performing in pornographic films was his ambition since he was in kindergarten.
8006:123145757544448::Thread-106 2020-08-09 18:59:44.418 - Exterior construction continued with the addition of the semi-circular South portico in 1824 and the North portico in 1829.
8002:123145757544448::Thread-106 2020-08-09 18:59:45.123 - Natalie Portman (born Neta-Lee Hershlag; June 9, 1981) is an actress and filmmaker with dual Israeli and American citizenship.
8004:123145757544448::Thread-106 2020-08-09 18:59:45.598 - Originally known as New Meadowlands Stadium upon opening in 2010, its naming rights were acquired in 2011 by New York City-based insurance company MetLife.
8004:123145757544448::Thread-106 2020-08-09 18:59:45.878 - The stadium is owned by the MetLife Stadium Company, a joint venture of the Giants and Jets, which privately financed the construction of the venue on land belonging to the New Jersey Sports and Exposition Authority.
8003:123145757544448::Thread-106 2020-08-09 18:59:46.072 - After entering the pornography industry in 2004, he initially worked with older female performers.
8004:123145757544448::Thread-106 2020-08-09 18:59:47.254 - At an approximate cost of $1.6 billion, it was the most expensive stadium ever built at the time.
8002:123145757544448::Thread-106 2020-08-09 18:59:47.982 - Prolific in film since a teenager, she has starred in blockbusters and also played psychologically troubled women in independent films, for which she has received various accolades, including an Academy Award and two Golden Globe Awards.
8004:123145757544448::Thread-106 2020-08-09 18:59:48.859 - History
As Giants Stadium approached 30 years of age, it was becoming one of the older stadiums in the NFL.
8004:123145757544448::Thread-106 2020-08-09 18:59:49.798 - The Jets, who had been the tenants at the stadium, sought to have their own stadium built in Manhattan proper, the proposed West Side Stadium.
8002:123145757544448::Thread-106 2020-08-09 18:59:50.515 - Portman began her acting career at age 12 by starring as the young protégée of a hitman in the action drama film Léon: The Professional (1994).
8004:123145757544448::Thread-106 2020-08-09 18:59:51.467 - Originally intended to be the 85,000-seat main stadium for New York's bid for the 2012 Summer Olympics, it was designed to be downsized to 75,000 seats for the Jets.
8004:123145757544448::Thread-106 2020-08-09 18:59:52.262 - However, the West Side Stadium would have required significant public funding; progress halted in 2005 due to opposition from a number of sources, including Cablevision.
8005:123145757544448::Thread-106 2020-08-09 18:59:52.452 - **START**
8005:123145757544448::Thread-106 2020-08-09 18:59:52.459 - Starting new HTTPS connection (1): en.wikipedia.org
8004:123145757544448::Thread-106 2020-08-09 18:59:52.873 - The Jets then entered into a joint venture with the Giants to build a new stadium in which the two teams would be equal partners.
8002:123145757544448::Thread-106 2020-08-09 18:59:53.276 - While in high school, she made her Broadway theatre debut in a 1998 production of The Diary of a Young Girl and gained international recognition for starring as Padmé Amidala in Star Wars: Episode I – The Phantom Menace (1999).
8004:123145757544448::Thread-106 2020-08-09 18:59:53.344 - MetLife Stadium is one of only two NFL stadiums shared by two clubs.
8006:123145757544448::Thread-106 2020-08-09 18:59:53.42 - **END**
8005:123145757544448::Thread-106 2020-08-09 18:59:53.448 - The Rosetta Stone is a granodiorite stele inscribed with three versions of a decree issued in Memphis, Egypt in 196 BC during the Ptolemaic dynasty on behalf of King Ptolemy V Epiphanes.
8003:123145757544448::Thread-106 2020-08-09 18:59:54.074 - **END**
8005:123145757544448::Thread-106 2020-08-09 18:59:54.138 - The top and middle texts are in Ancient Egyptian using hieroglyphic and Demotic scripts respectively, while the bottom is in Ancient Greek.
8005:123145757544448::Thread-106 2020-08-09 18:59:54.762 - The decree has only minor differences between the three versions, making the Rosetta Stone key to deciphering Egyptian hieroglyphs.
8005:123145757544448::Thread-106 2020-08-09 18:59:55.005 - The stone was carved during the Hellenistic period and is believed to have originally been displayed within a temple, possibly at nearby Sais.
8005:123145757544448::Thread-106 2020-08-09 18:59:55.1 - It was probably moved in late antiquity or during the Mameluk period, and was eventually used as building material in the construction of Fort Julien near the town of Rashid (Rosetta) in the Nile Delta.
8005:123145757544448::Thread-106 2020-08-09 18:59:55.937 - It was discovered there in July 1799 by French officer Pierre-François Bouchard during the Napoleonic campaign in Egypt.
8002:123145757544448::Thread-106 2020-08-09 18:59:55.967 - From 1999 to 2003, Portman attended Harvard University for a bachelor's degree in psychology, while continuing to act in the Star Wars prequel trilogy (2002, 2005) and in The Public Theater's 2001 revival of Anton Chekhov's play The Seagull.
8005:123145757544448::Thread-106 2020-08-09 18:59:56.15 - It was the first Ancient Egyptian bilingual text recovered in modern times, and it aroused widespread public interest with its potential to decipher this previously untranslated hieroglyphic script.
8005:123145757544448::Thread-106 2020-08-09 18:59:56.933 - Lithographic copies and plaster casts soon began circulating among European museums and scholars.
8002:123145757544448::Thread-106 2020-08-09 18:59:57.365 - In 2004, Portman was nominated for an Academy Award for Best Supporting Actress and won a Golden Globe Award for playing a mysterious stripper in the romantic drama Closer.
8002:123145757544448::Thread-106 2020-08-09 18:59:57.771 - Portman's career progressed with her starring roles as Evey Hammond in V for Vendetta (2006), Anne Boleyn in The Other Boleyn Girl (2008), and a troubled ballerina in the psychological horror film Black Swan (2010), for which she won the Academy Award for Best Actress.
8005:123145757544448::Thread-106 2020-08-09 18:59:57.868 - When the British defeated the French they took the stone to London under the Capitulation of Alexandria in 1801.
8005:123145757544448::Thread-106 2020-08-09 18:59:58.243 - It has been on public display at the British Museum almost continuously since 1802 and is the most visited object there.
8005:123145757544448::Thread-106 2020-08-09 18:59:59.248 - **END**
8002:123145757544448::Thread-106 2020-08-09 19:00:00.075 - She went on to star in the romantic comedy No Strings Attached (2011) and featured as Jane Foster in the Marvel Cinematic Universe superhero films Thor (2011), and Thor: The Dark World (2013), which established her among the best-paid actresses in the world.
8004:123145757544448::Thread-106 2020-08-09 19:00:00.348 - **END**
8002:123145757544448::Thread-106 2020-08-09 19:00:01.069 - She has since portrayed Jacqueline Kennedy in the biopic Jackie (2016), gaining her third Academy Award nomination, and a biologist in the science fiction film Annihilation (2018).
8002:123145757544448::Thread-106 2020-08-09 19:00:02.072 - Portman's directorial ventures include the short film Eve (2008) and the biographical drama A Tale of Love and Darkness (2015).
8002:123145757544448::Thread-106 2020-08-09 19:00:06.075 - **END**
8006:123145757544448::Thread-106 2020-08-09 19:00:06.424 - **START**
8006:123145757544448::Thread-106 2020-08-09 19:00:06.429 - Starting new HTTPS connection (1): en.wikipedia.org
8003:123145757544448::Thread-106 2020-08-09 19:00:07.076 - **START**
8003:123145757544448::Thread-106 2020-08-09 19:00:07.091 - Starting new HTTPS connection (1): en.wikipedia.org
8003:123145757544448::Thread-106 2020-08-09 19:00:08.339 - The Forbidden City (Chinese: 故宫; pinyin: Gùgōng) is a palace complex in central Beijing, China.
8006:123145757544448::Thread-106 2020-08-09 19:00:08.363 - Natalie Portman (born Neta-Lee Hershlag; June 9, 1981) is an actress and filmmaker with dual Israeli and American citizenship.
8006:123145757544448::Thread-106 2020-08-09 19:00:08.368 - Prolific in film since a teenager, she has starred in blockbusters and also played psychologically troubled women in independent films, for which she has received various accolades, including an Academy Award and two Golden Globe Awards.
8003:123145757544448::Thread-106 2020-08-09 19:00:08.64 - It houses the Palace Museum, and was the former Chinese imperial palace and state residence of the Emperor of China from the Ming dynasty (since the Yongle Emperor) to the end of the Qing dynasty, between 1420 and 1924.
8006:123145757544448::Thread-106 2020-08-09 19:00:08.877 - Portman began her acting career at age 12 by starring as the young protégée of a hitman in the action drama film Léon: The Professional (1994).
8003:123145757544448::Thread-106 2020-08-09 19:00:09.05 - The Forbidden City served as the home of Chinese emperors and their households and was the ceremonial and political center of the Chinese government for almost 500 years.
8003:123145757544448::Thread-106 2020-08-09 19:00:09.282 - Constructed from 1406 to 1420, the complex consists of 980 buildings and covers 72 hectares (over 180 acres).
8003:123145757544448::Thread-106 2020-08-09 19:00:09.699 - The palace exemplifies traditional Chinese palatial architecture, and has influenced cultural and architectural developments in East Asia and elsewhere.
8003:123145757544448::Thread-106 2020-08-09 19:00:10.149 - The Forbidden City was declared a World Heritage Site in 1987, and is listed by UNESCO as the largest collection of preserved ancient wooden structures in the world.
8006:123145757544448::Thread-106 2020-08-09 19:00:10.396 - While in high school, she made her Broadway theatre debut in a 1998 production of The Diary of a Young Girl and gained international recognition for starring as Padmé Amidala in Star Wars: Episode I – The Phantom Menace (1999).
8003:123145757544448::Thread-106 2020-08-09 19:00:10.804 - Since 1925, the Forbidden City has been under the charge of the Palace Museum, whose extensive collection of artwork and artifacts were built upon the imperial collections of the Ming and Qing dynasties.
8006:123145757544448::Thread-106 2020-08-09 19:00:11.24 - From 1999 to 2003, Portman attended Harvard University for a bachelor's degree in psychology, while continuing to act in the Star Wars prequel trilogy (2002, 2005) and in The Public Theater's 2001 revival of Anton Chekhov's play The Seagull.
8006:123145757544448::Thread-106 2020-08-09 19:00:11.355 - In 2004, Portman was nominated for an Academy Award for Best Supporting Actress and won a Golden Globe Award for playing a mysterious stripper in the romantic drama Closer.
8003:123145757544448::Thread-106 2020-08-09 19:00:11.57 - Part of the museum's former collection is now in the National Palace Museum in Taipei.
8003:123145757544448::Thread-106 2020-08-09 19:00:12.417 - Both museums descend from the same institution, but were split after the Chinese Civil War.
8003:123145757544448::Thread-106 2020-08-09 19:00:13.11 - Since 2012, the Forbidden City has seen an average of 14 million visitors annually, and received more than 19 million visitors in 2019.
8005:123145757544448::Thread-106 2020-08-09 19:00:13.25 - **START**
8005:123145757544448::Thread-106 2020-08-09 19:00:13.254 - Starting new HTTPS connection (1): en.wikipedia.org
8006:123145757544448::Thread-106 2020-08-09 19:00:13.377 - Portman's career progressed with her starring roles as Evey Hammond in V for Vendetta (2006), Anne Boleyn in The Other Boleyn Girl (2008), and a troubled ballerina in the psychological horror film Black Swan (2010), for which she won the Academy Award for Best Actress.
8005:123145757544448::Thread-106 2020-08-09 19:00:14.104 - Willard Carroll Smith Jr. (born September 25, 1968) is an American actor, producer and rapper.
8006:123145757544448::Thread-106 2020-08-09 19:00:15.589 - She went on to star in the romantic comedy No Strings Attached (2011) and featured as Jane Foster in the Marvel Cinematic Universe superhero films Thor (2011), and Thor: The Dark World (2013), which established her among the best-paid actresses in the world.
8004:123145757544448::Thread-106 2020-08-09 19:00:16.352 - **START**
8004:123145757544448::Thread-106 2020-08-09 19:00:16.355 - Starting new HTTPS connection (1): en.wikipedia.org
8005:123145757544448::Thread-106 2020-08-09 19:00:16.76 - In April 2007, Newsweek called him "the most powerful actor in Hollywood".
8004:123145757544448::Thread-106 2020-08-09 19:00:16.873 - Jenna Jameson (born Jenna Marie Massoli; April 9, 1974) is an American model, former pornographic film actress, businesswoman, writer, and television personality.
8004:123145757544448::Thread-106 2020-08-09 19:00:17.093 - She has been named the world's most famous adult entertainment performer and "The Queen of Porn".She started acting in erotic videos in 1993 after having worked as a stripper and glamor model.
8006:123145757544448::Thread-106 2020-08-09 19:00:17.128 - She has since portrayed Jacqueline Kennedy in the biopic Jackie (2016), gaining her third Academy Award nomination, and a biologist in the science fiction film Annihilation (2018).
8004:123145757544448::Thread-106 2020-08-09 19:00:17.983 - By 1996, she had won the "top newcomer" award from each of the three major adult movie organizations.
8004:123145757544448::Thread-106 2020-08-09 19:00:17.993 - She has since won more than 35 adult-video awards, and has been inducted into the X-Rated Critics Organization (XRCO) and Adult Video News (AVN) Halls of Fame.Jameson founded the adult-entertainment company ClubJenna in 2000 with Jay Grdina, whom she later married and divorced.
8004:123145757544448::Thread-106 2020-08-09 19:00:18.436 - Initially, a single website, this business expanded into managing similar websites of other stars and began producing sexually explicit videos in 2001.
8006:123145757544448::Thread-106 2020-08-09 19:00:18.835 - Portman's directorial ventures include the short film Eve (2008) and the biographical drama A Tale of Love and Darkness (2015).
8004:123145757544448::Thread-106 2020-08-09 19:00:19.031 - The first such movie, Briana Loves Jenna (with Briana Banks), was named at the 2003 AVN Awards as the best-selling and best-renting pornographic title for 2002.
8004:123145757544448::Thread-106 2020-08-09 19:00:19.388 - By 2005, ClubJenna had revenues of US$30 million with profits estimated at half that.
8005:123145757544448::Thread-106 2020-08-09 19:00:19.75 - Smith has been nominated for five Golden Globe Awards and two Academy Awards, and has won four Grammy Awards.
8004:123145757544448::Thread-106 2020-08-09 19:00:20.019 - Advertisements for her site and films, often bearing her picture, have towered on a 48-foot-tall billboard in New York City's Times Square.Jameson has also crossed over into mainstream pop culture, starting with a minor role in Howard Stern's 1997 film Private Parts.
8003:123145757544448::Thread-106 2020-08-09 19:00:20.117 - **END**
8004:123145757544448::Thread-106 2020-08-09 19:00:20.205 - Her mainstream appearances continued with several guest-hosting and guest-starring on various television programs.
8004:123145757544448::Thread-106 2020-08-09 19:00:20.33 - Playboy TV hosted her Jenna's American Sex Star reality show, in which aspiring porn stars competed for a ClubJenna contract.
8005:123145757544448::Thread-106 2020-08-09 19:00:20.625 - In the late 1980s, Smith achieved modest fame as a rapper under the name The Fresh Prince.
8006:123145757544448::Thread-106 2020-08-09 19:00:20.838 - **END**
8004:123145757544448::Thread-106 2020-08-09 19:00:22.334 - **END**
8005:123145757544448::Thread-106 2020-08-09 19:00:22.444 - In 1990, his popularity increased dramatically when he starred in the NBC television series The Fresh Prince of Bel-Air, which ran for six seasons from 1990 to 1996.
8005:123145757544448::Thread-106 2020-08-09 19:00:24.896 - After the series ended, Smith transitioned from television to film and went on to star in numerous blockbuster films.
8005:123145757544448::Thread-106 2020-08-09 19:00:26.362 - He is the only actor to have eight consecutive films gross over $100 million in the domestic box office, eleven consecutive films gross over $150 million internationally, and eight consecutive films in which he starred open at the number one spot in the domestic box office tally.Smith has been ranked as the most bankable star worldwide by Forbes.
8005:123145757544448::Thread-106 2020-08-09 19:00:28.391 - As of 2014, 17 of the 21 films in which he has had leading roles have accumulated worldwide gross earnings of over $100 million each, with five taking in over $500 million each in global box office receipts.
8005:123145757544448::Thread-106 2020-08-09 19:00:30.553 - As of 2016, his films have grossed $7.5 billion at the global box office.
8005:123145757544448::Thread-106 2020-08-09 19:00:36.556 - **END**