8003:123146359087104::Thread-249 2020-08-09 18:59:30.47 - **START**
8003:123146359087104::Thread-249 2020-08-09 18:59:31.148 - Starting new HTTPS connection (1): en.wikipedia.org
8005:123146359087104::Thread-249 2020-08-09 18:59:31.258 - **START**
8005:123146359087104::Thread-249 2020-08-09 18:59:31.492 - Starting new HTTPS connection (1): en.wikipedia.org
8003:123146359087104::Thread-249 2020-08-09 18:59:33.269 - Wardell Stephen "Steph" Curry II ( STEF-ən; born March 14, 1988) is an American professional basketball player for the Golden State Warriors of the National Basketball Association (NBA).
8003:123146359087104::Thread-249 2020-08-09 18:59:34.316 - A six-time NBA All-Star, Curry has been named the NBA Most Valuable Player (MVP) twice and won three NBA championships with the Warriors.
8003:123146359087104::Thread-249 2020-08-09 18:59:34.957 - Many players and analysts have called him the greatest shooter in NBA history.
8002:123146359087104::Thread-249 2020-08-09 18:59:35.382 - **START**
8005:123146359087104::Thread-249 2020-08-09 18:59:35.748 - Steven Paul Jobs (; February 24, 1955 – October 5, 2011) was an American business magnate, industrial designer, investor, and media proprietor.
8003:123146359087104::Thread-249 2020-08-09 18:59:35.748 - He is credited with revolutionizing the game of basketball by inspiring teams to regularly utilize the three-point shot.The son of former NBA player Dell Curry and older brother of current NBA player Seth, Curry played college basketball for the Davidson Wildcats.
8003:123146359087104::Thread-249 2020-08-09 18:59:36.225 - There, he was twice named Southern Conference Player of the Year and set the all-time scoring record for both Davidson and the Southern Conference.
8005:123146359087104::Thread-249 2020-08-09 18:59:36.674 - He was the chairman, chief executive officer (CEO), and co-founder of Apple Inc., the chairman and majority shareholder of Pixar, a member of The Walt Disney Company's board of directors following its acquisition of Pixar, and the founder, chairman, and CEO of NeXT.
8002:123146359087104::Thread-249 2020-08-09 18:59:36.999 - Starting new HTTPS connection (1): en.wikipedia.org
8003:123146359087104::Thread-249 2020-08-09 18:59:37.115 - During his sophomore year, Curry also set the single-season NCAA record for three-pointers made, and was then selected by the Warriors with the seventh overall pick in the 2009 NBA Draft.
8004:123146359087104::Thread-249 2020-08-09 18:59:37.295 - **START**
8003:123146359087104::Thread-249 2020-08-09 18:59:37.665 - In 2014–15, Curry won his first MVP award and led the Warriors to their first championship since 1975.
8004:123146359087104::Thread-249 2020-08-09 18:59:37.832 - Starting new HTTPS connection (1): en.wikipedia.org
8006:123146359087104::Thread-249 2020-08-09 18:59:38.293 - **START**
8003:123146359087104::Thread-249 2020-08-09 18:59:38.464 - The following season, he became the first player in NBA history to be elected MVP by a unanimous vote and to lead the league in scoring while shooting above 50–40–90.
8003:123146359087104::Thread-249 2020-08-09 18:59:38.599 - That same year, the Warriors broke the record for the most wins in an NBA season en route to reaching the 2016 NBA Finals, which they lost to the Cleveland Cavaliers.
8006:123146359087104::Thread-249 2020-08-09 18:59:38.718 - Starting new HTTPS connection (1): en.wikipedia.org
8005:123146359087104::Thread-249 2020-08-09 18:59:38.915 - Jobs is widely recognized as a pioneer of the personal computer revolution of the 1970s and 1980s, along with Apple co-founder Steve Wozniak.
8003:123146359087104::Thread-249 2020-08-09 18:59:39.309 - Curry helped the Warriors return to the NBA Finals in 2017, 2018 and 2019, winning back-to-back titles in 2017 and 2018, before being defeated by the Toronto Raptors in 2019.
8005:123146359087104::Thread-249 2020-08-09 18:59:39.361 - Jobs was born in San Francisco, California, and put up for adoption.
8005:123146359087104::Thread-249 2020-08-09 18:59:39.487 - He was raised in the San Francisco Bay Area.
8003:123146359087104::Thread-249 2020-08-09 18:59:40.329 - **END**
8002:123146359087104::Thread-249 2020-08-09 18:59:40.962 - The Great Pyramid of Giza (also known as the Pyramid of Khufu or the Pyramid of Cheops) is the oldest and largest of the three pyramids in the Giza pyramid complex bordering present-day Giza in Greater Cairo, Egypt.
8004:123146359087104::Thread-249 2020-08-09 18:59:41.176 - Eva Angelina (born Nicole Tyler, March 14, 1985) is an American pornographic actress, feature dancer, and real estate agent.
8004:123146359087104::Thread-249 2020-08-09 18:59:42.207 - She began her career at around 18 years old and has won several industry awards, including the 2008 AVN Award for Best Actress – Video and the 2008 XBIZ Award for Female Performer of the Year.
8005:123146359087104::Thread-249 2020-08-09 18:59:42.488 - He attended Reed College in 1972 before dropping out that same year, and traveled through India in 1974 seeking enlightenment and studying Zen Buddhism.
8005:123146359087104::Thread-249 2020-08-09 18:59:42.735 - His declassified FBI report states that he used marijuana and LSD while he was in college, and once told a reporter that taking LSD was "one of the two or three most important things" he had done in his life.
8004:123146359087104::Thread-249 2020-08-09 18:59:42.775 - Early life
Angelina was born in Huntington Beach, California.
8004:123146359087104::Thread-249 2020-08-09 18:59:42.964 - Career
Angelina entered the porn industry by answering a newspaper advertisement; her first scene was for the Shane's World series with Mr. Pete in 2003, at the age of 18.
8002:123146359087104::Thread-249 2020-08-09 18:59:43.082 - It is the oldest of the Seven Wonders of the Ancient World, and the only one to remain largely intact.
8006:123146359087104::Thread-249 2020-08-09 18:59:43.153 - Egypt ( (listen) EE-jipt; Arabic: مِصر‎ Miṣr), officially the Arab Republic of Egypt, is a transcontinental country spanning the northeast corner of Africa and southwest corner of Asia by a land bridge formed by the Sinai Peninsula.
8004:123146359087104::Thread-249 2020-08-09 18:59:43.509 - Her stage name is a reference to Evangeline, though early in her career she went by the names "Angelina del Mar" and "Ava".She is known for wearing glasses during her performances.
8004:123146359087104::Thread-249 2020-08-09 18:59:44.047 - They are prescription glasses, as she is "very blind" and has been wearing them since the sixth grade.
8002:123146359087104::Thread-249 2020-08-09 18:59:44.132 - Based on a mark in an interior chamber naming the work gang and a reference to the Fourth Dynasty Egyptian pharaoh Khufu, Egyptologists believe that the pyramid was built as a tomb over a 10- to 20-year period concluding around 2560 BC.
8004:123146359087104::Thread-249 2020-08-09 18:59:44.56 - She said that sometimes directors sent her home to get her glasses if she arrived on set wearing contacts.In 2010 she was named by Maxim as one of the 12 top female stars in porn.
8006:123146359087104::Thread-249 2020-08-09 18:59:44.964 - Egypt is a Mediterranean country bordered by the Gaza Strip (Palestine) and Israel to the northeast, the Gulf of Aqaba and the Red Sea to the east, Sudan to the south, and Libya to the west.
8005:123146359087104::Thread-249 2020-08-09 18:59:45.014 - Jobs and Wozniak co-founded Apple in 1976 to sell Wozniak's Apple I personal computer.
8004:123146359087104::Thread-249 2020-08-09 18:59:45.532 - Angelina has taken several hiatuses from performing throughout her adult film career.
8004:123146359087104::Thread-249 2020-08-09 18:59:45.538 - As of August 2014 she remains active in the adult entertainment industry as a girl/girl porn performer and feature dancer.
8002:123146359087104::Thread-249 2020-08-09 18:59:46.026 - Initially standing at 146.5 metres (481 feet), the Great Pyramid was the tallest man-made structure in the world for more than 3,800 years until Lincoln Cathedral was finished in 1311 AD.
8006:123146359087104::Thread-249 2020-08-09 18:59:46.308 - Across the Gulf of Aqaba lies Jordan, across the Red Sea lies Saudi Arabia, and across the Mediterranean lie Greece, Turkey and Cyprus, although none share a land border with Egypt.
8002:123146359087104::Thread-249 2020-08-09 18:59:46.357 - It is estimated that the pyramid weighs approximately 6 million tonnes, and consists of 2.3 million blocks of limestone and granite, some weighing as much as 80 tonnes.
8006:123146359087104::Thread-249 2020-08-09 18:59:47.135 - Egypt has one of the longest histories of any country, tracing its heritage back to the 6th–4th millennia BCE.
8003:123146359087104::Thread-249 2020-08-09 18:59:47.337 - **START**
8003:123146359087104::Thread-249 2020-08-09 18:59:47.341 - Starting new HTTPS connection (1): en.wikipedia.org
8002:123146359087104::Thread-249 2020-08-09 18:59:47.451 - Originally, the Great Pyramid was covered by limestone casing stones that formed a smooth outer surface; what is seen today is the underlying core structure.
8006:123146359087104::Thread-249 2020-08-09 18:59:47.569 - Considered a cradle of civilisation, Ancient Egypt saw some of the earliest developments of writing, agriculture, urbanisation, organised religion and central government.
8002:123146359087104::Thread-249 2020-08-09 18:59:47.576 - Some of the casing stones that once covered the structure can still be seen around the base.
8005:123146359087104::Thread-249 2020-08-09 18:59:47.689 - Together the duo gained fame and wealth a year later with the Apple II, one of the first highly successful mass-produced microcomputers.
8003:123146359087104::Thread-249 2020-08-09 18:59:48.181 - Iceland (Icelandic: Ísland; [ˈistlant] (listen)) is a Nordic island country in the North Atlantic, with a population of 364,134 and an area of 103,000 km2 (40,000 sq mi), making it the most sparsely populated country in Europe.
8003:123146359087104::Thread-249 2020-08-09 18:59:48.716 - The capital and largest city is Reykjavík.
8002:123146359087104::Thread-249 2020-08-09 18:59:48.875 - There have been varying scientific and alternative theories about the Great Pyramid's construction techniques.
8003:123146359087104::Thread-249 2020-08-09 18:59:48.891 - Reykjavík and the surrounding areas in the southwest of the country are home to over two-thirds of the population.
8006:123146359087104::Thread-249 2020-08-09 18:59:49.304 - Iconic monuments such as the Giza Necropolis and its Great Sphinx, as well the ruins of Memphis, Thebes, Karnak, and the Valley of the Kings, reflect this legacy and remain a significant focus of scientific and popular interest.
8005:123146359087104::Thread-249 2020-08-09 18:59:49.414 - Jobs saw the commercial potential of the Xerox Alto in 1979, which was mouse-driven and had a graphical user interface (GUI).
8006:123146359087104::Thread-249 2020-08-09 18:59:49.645 - Egypt's long and rich cultural heritage is an integral part of its national identity, which has endured, and often assimilated, various foreign influences, including Greek, Persian, Roman, Arab, Ottoman Turkish, and Nubian.
8003:123146359087104::Thread-249 2020-08-09 18:59:49.855 - Iceland is volcanically and geologically active.
8002:123146359087104::Thread-249 2020-08-09 18:59:49.917 - Most accepted construction hypotheses are based on the idea that it was built by moving huge stones from a quarry and dragging and lifting them into place.
8003:123146359087104::Thread-249 2020-08-09 18:59:50.744 - The interior consists of a plateau characterised by sand and lava fields, mountains, and glaciers, and many glacial rivers flow to the sea through the lowlands.
8005:123146359087104::Thread-249 2020-08-09 18:59:50.744 - This led to the development of the unsuccessful Apple Lisa in 1983, followed by the breakthrough Macintosh in 1984, the first mass-produced computer with a GUI.
8003:123146359087104::Thread-249 2020-08-09 18:59:51.193 - Iceland is warmed by the Gulf Stream and has a temperate climate, despite a high latitude just outside the Arctic Circle.
8006:123146359087104::Thread-249 2020-08-09 18:59:51.528 - Egypt was an early and important centre of Christianity, but was largely Islamised in the seventh century and remains a predominantly Muslim country, albeit with a significant Christian minority.
8003:123146359087104::Thread-249 2020-08-09 18:59:51.865 - Its high latitude and marine influence keep summers chilly, with most of the archipelago having a polar climate.
8002:123146359087104::Thread-249 2020-08-09 18:59:51.899 - There are three known chambers inside the Great Pyramid.
8002:123146359087104::Thread-249 2020-08-09 18:59:52.349 - The lowest chamber is cut into the bedrock upon which the pyramid was built and was unfinished.
8002:123146359087104::Thread-249 2020-08-09 18:59:52.771 - The so-called Queen's Chamber and King's Chamber are higher up within the pyramid structure.
8003:123146359087104::Thread-249 2020-08-09 18:59:52.79 - According to the ancient manuscript Landnámabók, the settlement of Iceland began in 874 AD when the Norwegian chieftain Ingólfr Arnarson became the first permanent settler on the island.
8006:123146359087104::Thread-249 2020-08-09 18:59:52.876 - From the 16th to the beginning of the 20th century, Egypt was ruled by foreign imperial powers: the Ottoman Empire and the British Empire.
8003:123146359087104::Thread-249 2020-08-09 18:59:52.885 - In the following centuries, Norwegians, and to a lesser extent other Scandinavians, emigrated to Iceland, bringing with them thralls (i.e., slaves or serfs) of Gaelic origin.
8003:123146359087104::Thread-249 2020-08-09 18:59:53.483 - The island was governed as an independent commonwealth under the Althing, one of the world's oldest functioning legislative assemblies.
8004:123146359087104::Thread-249 2020-08-09 18:59:53.541 - **END**
8005:123146359087104::Thread-249 2020-08-09 18:59:53.587 - The Macintosh introduced the desktop publishing industry in 1985 with the addition of the Apple LaserWriter, the first laser printer to feature vector graphics.
8006:123146359087104::Thread-249 2020-08-09 18:59:53.714 - Modern Egypt dates back to 1922, when it gained nominal independence from the British Empire as a monarchy.
8006:123146359087104::Thread-249 2020-08-09 18:59:53.736 - However, British military occupation of Egypt continued, and many Egyptians believed that the monarchy was an instrument of British colonialism.
8003:123146359087104::Thread-249 2020-08-09 18:59:57.494 - **END**
8005:123146359087104::Thread-249 2020-08-09 18:59:58.588 - **END**
8003:123146359087104::Thread-249 2020-08-09 18:59:59.499 - **START**
8003:123146359087104::Thread-249 2020-08-09 18:59:59.522 - Starting new HTTPS connection (1): en.wikipedia.org
8006:123146359087104::Thread-249 2020-08-09 18:59:59.737 - **END**
8003:123146359087104::Thread-249 2020-08-09 19:00:00.606 - Ballspielverein Borussia 09 e.V.
8003:123146359087104::Thread-249 2020-08-09 19:00:00.812 - Dortmund, commonly known as Borussia Dortmund [boˈʁʊsi̯aː ˈdɔɐ̯tmʊnt], BVB, or simply Dortmund, is a German professional sports club based in Dortmund, North Rhine-Westphalia.
8003:123146359087104::Thread-249 2020-08-09 19:00:01.132 - It is best known for its men's professional football team, which plays in the Bundesliga, the top tier of the German football league system.
8002:123146359087104::Thread-249 2020-08-09 19:00:01.838 - **END**
8003:123146359087104::Thread-249 2020-08-09 19:00:01.877 - The club have won eight league championships, four DFB-Pokals, one UEFA Champions League, one Intercontinental Cup, and one UEFA Cup Winners' Cup.
8003:123146359087104::Thread-249 2020-08-09 19:00:02.171 - Founded in 1909 by eighteen football players from Dortmund, the football team is part of a large membership-based sports club with more than 145,000 members, making Borussia Dortmund the second largest sports club by membership in Germany.
8003:123146359087104::Thread-249 2020-08-09 19:00:02.205 - The club has active departments in other sports, namely in women's handball.
8005:123146359087104::Thread-249 2020-08-09 19:00:02.589 - **START**
8005:123146359087104::Thread-249 2020-08-09 19:00:02.654 - Starting new HTTPS connection (1): en.wikipedia.org
8003:123146359087104::Thread-249 2020-08-09 19:00:03.134 - Since 1974, Dortmund have played their home games at Westfalenstadion; the stadium is the largest in Germany, and Dortmund has the highest average attendance of any association football club in the world.Borussia Dortmund's colours are black and yellow, giving the club its nickname die Schwarzgelben.
8003:123146359087104::Thread-249 2020-08-09 19:00:03.685 - They hold a long-standing rivalry with Ruhr neighbours Schalke 04, with whom they contest the Revierderby.
8003:123146359087104::Thread-249 2020-08-09 19:00:03.793 - They also contest Der Klassiker with Bayern Munich.
8003:123146359087104::Thread-249 2020-08-09 19:00:04.493 - In terms of Deloitte's annual Football Money League, Dortmund was ranked as the second richest sports club in Germany, and the 12th richest football team in the world.
8003:123146359087104::Thread-249 2020-08-09 19:00:04.521 - Moreover, under the directorship of Michael Zorc in the 2010s, Dortmund have cultivated a reputation for spotting and developing young talent, and have remained focused on developing a youth system.
8005:123146359087104::Thread-249 2020-08-09 19:00:04.859 - Paris Saint-Germain Football Club (French pronunciation: ​[paʁi sɛ̃ ʒɛʁmɛ̃]), commonly referred to as Paris Saint-Germain, Paris SG, or simply Paris or PSG, is a French professional football club based in Paris.
8005:123146359087104::Thread-249 2020-08-09 19:00:05.302 - They compete in Ligue 1, the top division of French football.
8005:123146359087104::Thread-249 2020-08-09 19:00:05.458 - PSG are France's most successful club, having won over forty competitive honours, including nine league titles and one major European trophy.
8004:123146359087104::Thread-249 2020-08-09 19:00:05.543 - **START**
8004:123146359087104::Thread-249 2020-08-09 19:00:05.552 - Starting new HTTPS connection (1): en.wikipedia.org
8005:123146359087104::Thread-249 2020-08-09 19:00:06.509 - Their home ground is the Parc des Princes.
8004:123146359087104::Thread-249 2020-08-09 19:00:06.56 - Nirvana was an American rock band formed in Aberdeen, Washington, in 1987.
8004:123146359087104::Thread-249 2020-08-09 19:00:06.615 - Founded by lead singer and guitarist Kurt Cobain and bassist Krist Novoselic, the band went through a succession of drummers before recruiting Dave Grohl in 1990.
8004:123146359087104::Thread-249 2020-08-09 19:00:07.038 - Characterized by their punk aesthetic, Nirvana's fusion of pop melodies with noise, combined with their themes of abjection and social alienation, made them hugely popular during their short tenure.
8004:123146359087104::Thread-249 2020-08-09 19:00:07.994 - Their music maintains a popular following and continues to influence modern rock and roll culture.
8005:123146359087104::Thread-249 2020-08-09 19:00:08.332 - Founded in 1970, PSG won their first major honour, the French Cup, in 1982 and their maiden Ligue 1 title in 1986.
8004:123146359087104::Thread-249 2020-08-09 19:00:08.536 - In the late 1980s, Nirvana established itself as part of the Seattle grunge scene, releasing its first album, Bleach, for the independent record label Sub Pop in 1989.
8004:123146359087104::Thread-249 2020-08-09 19:00:08.592 - They developed a sound that relied on dynamic contrasts, often between quiet verses and loud, heavy choruses.
8004:123146359087104::Thread-249 2020-08-09 19:00:08.754 - After signing to major label DGC Records in 1991, Nirvana found unexpected mainstream success with "Smells Like Teen Spirit", the first single from their landmark second album Nevermind (1991).
8005:123146359087104::Thread-249 2020-08-09 19:00:08.926 - The 1990s was among the most successful periods in PSG's history; they claimed their second league crown, three French Cups, two League Cups, two French Super Cups and, most notably, the UEFA Cup Winners' Cup in 1996.
8004:123146359087104::Thread-249 2020-08-09 19:00:09.365 - A cultural phenomenon of the 1990s, the album went on to be certified Diamond by the RIAA.
8004:123146359087104::Thread-249 2020-08-09 19:00:09.379 - Nirvana's sudden success popularized alternative rock and was credited for ending the dominance of hair metal, while they were also often referenced as the figurehead band of Generation X.
8004:123146359087104::Thread-249 2020-08-09 19:00:10.203 - Following extensive tours and the 1992 compilation album Incesticide and EP Hormoaning, Nirvana released their abrasive and less mainstream sounding third studio album, In Utero (1993).
8005:123146359087104::Thread-249 2020-08-09 19:00:10.691 - After suffering a decline in fortunes during the 2000s, the club have enjoyed a revival since 2011; they have clinched seven league titles and eighteen national cups.
8004:123146359087104::Thread-249 2020-08-09 19:00:10.771 - The album topped both the American and British album charts, and was widely acclaimed.
8005:123146359087104::Thread-249 2020-08-09 19:00:10.896 - PSG are the club with most consecutive seasons playing in the top-flight and one of only two French clubs to have won a major European title.
8005:123146359087104::Thread-249 2020-08-09 19:00:11.349 - They are also the most popular football club in France and one of the most widely supported teams in the world.
8005:123146359087104::Thread-249 2020-08-09 19:00:11.471 - PSG's home kit colours are red, blue and white.
8005:123146359087104::Thread-249 2020-08-09 19:00:11.472 - **END**
8004:123146359087104::Thread-249 2020-08-09 19:00:11.557 - Nirvana disbanded following Cobain's death in April 1994.
8003:123146359087104::Thread-249 2020-08-09 19:00:12.522 - **END**
8004:123146359087104::Thread-249 2020-08-09 19:00:15.562 - **END**