8003:123145951047680::Thread-152 2020-08-09 18:59:29.277 - **START**
8003:123145951047680::Thread-152 2020-08-09 18:59:29.387 - Starting new HTTPS connection (1): en.wikipedia.org
8003:123145951047680::Thread-152 2020-08-09 18:59:32.181 - Alistair Cees Overeem (born 17 May 1980) is a Dutch mixed martial artist and former kickboxer.
8003:123145951047680::Thread-152 2020-08-09 18:59:33.155 - He is a former Strikeforce Heavyweight Champion, DREAM Heavyweight Champion, K-1 World Grand Prix Champion, and one of only two fighters to hold world titles in both MMA and K-1 kickboxing at the same time.
8006:123145951047680::Thread-152 2020-08-09 18:59:33.274 - **START**
8003:123145951047680::Thread-152 2020-08-09 18:59:33.996 - He holds dual victories over Fabrício Werdum, Mark Hunt and Vitor Belfort, and has also beaten former UFC champions Andrei Arlovski, Junior dos Santos, Frank Mir and Brock Lesnar.
8006:123145951047680::Thread-152 2020-08-09 18:59:34.109 - Starting new HTTPS connection (1): en.wikipedia.org
8003:123145951047680::Thread-152 2020-08-09 18:59:34.318 - As of June 23, 2020, he is #7 in the UFC heavyweight rankings.
8005:123145951047680::Thread-152 2020-08-09 18:59:34.285 - **START**
8003:123145951047680::Thread-152 2020-08-09 18:59:35.157 - Biography
Overeem was born in Hounslow, England to a Jamaican father and a Dutch mother whose family tree connects him to King William III of the Netherlands.
8003:123145951047680::Thread-152 2020-08-09 18:59:35.789 - When he was six years old, his parents divorced and he moved with his mother and older brother to the Netherlands.
8003:123145951047680::Thread-152 2020-08-09 18:59:35.997 - As a child, Overeem competed in judo, track and field and basketball.
8005:123145951047680::Thread-152 2020-08-09 18:59:35.999 - Starting new HTTPS connection (1): en.wikipedia.org
8006:123145951047680::Thread-152 2020-08-09 18:59:36.408 - Tupac Amaru Shakur ( TOO-pahk shə-KOOR; born Lesane Parish Crooks, June 16, 1971 – September 13, 1996), better known by his stage name 2Pac, was an American rapper and actor.
8003:123145951047680::Thread-152 2020-08-09 18:59:36.574 - At the age of 15, Overeem's older brother Valentijn took him to Chris Dolman's MMA gym to learn to defend himself.
8006:123145951047680::Thread-152 2020-08-09 18:59:36.8 - Considered by many to be one of the most influential rappers of all time, much of Shakur's work has been noted for addressing contemporary social issues that plagued inner cities, and he is considered a symbol of resistance and activism against inequality.
8003:123145951047680::Thread-152 2020-08-09 18:59:37.111 - Alistair initially did not like the sport, but he dedicated fully to it after meeting Bas Rutten and Joop Kasteel.
8004:123145951047680::Thread-152 2020-08-09 18:59:37.233 - **START**
8006:123145951047680::Thread-152 2020-08-09 18:59:37.292 - Shakur was born in the Manhattan borough of New York City but relocated to the San Francisco Bay Area in 1988.
8004:123145951047680::Thread-152 2020-08-09 18:59:37.832 - Starting new HTTPS connection (1): en.wikipedia.org
8006:123145951047680::Thread-152 2020-08-09 18:59:37.936 - He later moved to Los Angeles in 1993 to further pursue his music career.
8006:123145951047680::Thread-152 2020-08-09 18:59:38.035 - By the time he released his debut album 2Pacalypse Now in 1991, he had become a central figure in West Coast hip hop, introducing social issues in the genre at a time when gangsta rap was dominant in the mainstream.
8003:123145951047680::Thread-152 2020-08-09 18:59:38.147 - Mixed martial arts career
Overeem had his first MMA professional fight at 19 years old, defeating Ricardo Fyeet by submission on 24 October 1999 (1999-10-24) at It's Showtime, the first event of the eponymously named promotion.
8003:123145951047680::Thread-152 2020-08-09 18:59:38.148 - **END**
8006:123145951047680::Thread-152 2020-08-09 18:59:38.298 - Shakur achieved further critical and commercial success with his follow-up albums Strictly 4 My N.I.G.G.A.Z... (1993) and Me Against the World (1995).Shakur became heavily involved in the growing East Coast–West Coast hip hop rivalry between 1995 and 1996.
8002:123145951047680::Thread-152 2020-08-09 18:59:38.363 - **START**
8006:123145951047680::Thread-152 2020-08-09 18:59:38.746 - His double-disc album All Eyez on Me (1996) became certified Diamond by the RIAA.
8006:123145951047680::Thread-152 2020-08-09 18:59:38.949 - On September 7, 1996, Shakur was shot four times by an unknown assailant in a drive-by shooting in Las Vegas; he died six days later and the gunman was never captured.
8002:123145951047680::Thread-152 2020-08-09 18:59:38.928 - Starting new HTTPS connection (1): en.wikipedia.org
8006:123145951047680::Thread-152 2020-08-09 18:59:39.194 - The Notorious B.I.G., Shakur's friend turned rival, was at first considered a suspect, but was also murdered in another drive-by shooting six months later.
8006:123145951047680::Thread-152 2020-08-09 18:59:39.597 - Five more albums have been released since his death, all of which have been certified platinum in the United States.
8005:123145951047680::Thread-152 2020-08-09 18:59:40.681 - Israel (; Hebrew: יִשְׂרָאֵל‎; Arabic: إِسْرَائِيل‎), formally known as the State of Israel (Hebrew: מְדִינַת יִשְׂרָאֵל‎, Medinat Yisra'el), is a country in Western Asia, located on the southeastern shore of the Mediterranean Sea and the northern shore of the Red Sea.
8005:123145951047680::Thread-152 2020-08-09 18:59:41.898 - It has land borders with Lebanon to the north, Syria to the northeast, Jordan on the east, the Palestinian territories of the West Bank and Gaza Strip to the east and west, respectively, and Egypt to the southwest.
8004:123145951047680::Thread-152 2020-08-09 18:59:43.19 - Norway (Bokmål: Norge; Nynorsk: Noreg; Northern Sami: Norga; Lule Sami: Vuodna; Southern Sami: Nöörje), officially the Kingdom of Norway, is a Nordic country in Northern Europe whose mainland territory comprises the western and northernmost portion of the Scandinavian Peninsula; Mainland Norway and the remote island of Jan Mayen as well as the archipelago of Svalbard form Metropolitan Norway.
8005:123145951047680::Thread-152 2020-08-09 18:59:43.318 - The country contains geographically diverse features within its relatively small area.
8006:123145951047680::Thread-152 2020-08-09 18:59:43.789 - **END**
8002:123145951047680::Thread-152 2020-08-09 18:59:44.346 - Osama bin Mohammed bin Awad bin Laden  (Arabic: أسامة بن محمد بن عوض بن لادن‎, Usāmah bin Muḥammad bin ʿAwaḍ bin Lādin; March 10, 1957 – May 2, 2011), also rendered Usama bin Ladin, was a founder of the pan-Islamic militant organization al-Qaeda, designated as a terrorist group by the United Nations Security Council, the North Atlantic Treaty Organization (NATO), the European Union, and various countries.
8005:123145951047680::Thread-152 2020-08-09 18:59:45.031 - Israel's economic and technological center is Tel Aviv, while its seat of government and proclaimed capital is Jerusalem, although the state's sovereignty over Jerusalem has only partial recognition.Israel has evidence of the earliest migration of hominids out of Africa.
8002:123145951047680::Thread-152 2020-08-09 18:59:45.211 - He was a Saudi Arabian citizen until 1994 (stateless thereafter) and a member of the wealthy bin Laden family.
8002:123145951047680::Thread-152 2020-08-09 18:59:46.036 - Bin Laden's father was Mohammed bin Awad bin Laden, a Saudi millionaire from Hadhramaut, Yemen, and the founder of the construction company, Saudi Binladin Group.
8005:123145951047680::Thread-152 2020-08-09 18:59:46.123 - Canaanite tribes are archaeologically attested since the Middle Bronze Age, while the Kingdoms of Israel and Judah emerged during the Iron Age.
8003:123145951047680::Thread-152 2020-08-09 18:59:46.162 - **START**
8003:123145951047680::Thread-152 2020-08-09 18:59:46.165 - Starting new HTTPS connection (1): en.wikipedia.org
8004:123145951047680::Thread-152 2020-08-09 18:59:46.176 - The subantarctic Bouvet Island is a dependent territory of the Kingdom of Norway.
8002:123145951047680::Thread-152 2020-08-09 18:59:46.349 - His mother, Alia Ghanem, was from a secular middle-class family in Latakia, Syria.
8005:123145951047680::Thread-152 2020-08-09 18:59:46.35 - The Neo-Assyrian Empire destroyed Israel around 720 BCE.
8005:123145951047680::Thread-152 2020-08-09 18:59:46.42 - Judah was later conquered by the Babylonian, Persian and Hellenistic empires and had existed as Jewish autonomous provinces.
8002:123145951047680::Thread-152 2020-08-09 18:59:46.493 - He was born in Saudi Arabia and studied at university in the country until 1979, when he joined Mujahideen forces in Pakistan fighting against the Soviet Union in Afghanistan.
8003:123145951047680::Thread-152 2020-08-09 18:59:46.701 - Asia Carrera Lemmon (born Jessica Steinhauser, August 6, 1973) is an American former pornographic actress.
8003:123145951047680::Thread-152 2020-08-09 18:59:46.735 - Early life
Asia Carrera was born Jessica Steinhauser in New York City to a German mother and Japanese father, the oldest of four siblings.
8003:123145951047680::Thread-152 2020-08-09 18:59:46.742 - She was raised on Lippincott Road in Little Silver, New Jersey, attending Red Bank Regional High School.
8005:123145951047680::Thread-152 2020-08-09 18:59:46.926 - The successful Maccabean Revolt led to an independent Hasmonean kingdom by 110 BCE, which in 63 BCE however became a client state of the Roman Republic that subsequently installed the Herodian dynasty in 37 BCE, and in 6 CE created the Roman province of Judea.
8002:123145951047680::Thread-152 2020-08-09 18:59:47.182 - He helped to fund the Mujahideen by funneling arms, money and fighters from the Arab world into Afghanistan, and gained popularity among many Arabs.
8003:123145951047680::Thread-152 2020-08-09 18:59:47.353 - At the age of 16, she taught English at Tsuruga College in Tsuruga, Fukui, Japan.Carrera won a National Merit Scholarship and scored over 1440 on the SAT, as well as a Garden State Scholarship for her grades.
8002:123145951047680::Thread-152 2020-08-09 18:59:47.749 - In 1988, he formed al-Qaeda.
8005:123145951047680::Thread-152 2020-08-09 18:59:47.777 - Judea lasted as a Roman province until the failed Jewish revolts resulted in widespread destruction, the expulsion of the Jewish population and the renaming of the region from Iudaea to Syria Palaestina.
8002:123145951047680::Thread-152 2020-08-09 18:59:47.996 - He was banished from Saudi Arabia in 1992, and shifted his base to Sudan, until U.S. pressure forced him to leave Sudan in 1996.
8003:123145951047680::Thread-152 2020-08-09 18:59:48.058 - She attended Rutgers University on full academic scholarship, where she majored in Japanese and business, but did not graduate.
8002:123145951047680::Thread-152 2020-08-09 18:59:48.384 - After establishing a new base in Afghanistan, he declared a war against the United States, initiating a series of bombings and related attacks.
8004:123145951047680::Thread-152 2020-08-09 18:59:48.607 - Norway also lays claim to the Antarctic territories of Queen Maud Land and Peter I Island.
8003:123145951047680::Thread-152 2020-08-09 18:59:48.852 - Carrera is a member of Mensa, with an IQ of 156.
8004:123145951047680::Thread-152 2020-08-09 18:59:49.106 - Norway has a total area of 385,207 square kilometres (148,729 sq mi) and a population of 5,312,300 (as of August 2018).
8005:123145951047680::Thread-152 2020-08-09 18:59:49.382 - Jewish presence in the region has persisted to a certain extent over the centuries.
8002:123145951047680::Thread-152 2020-08-09 18:59:49.387 - Bin Laden was on the American Federal Bureau of Investigation's (FBI) lists of Ten Most Wanted Fugitives and Most Wanted Terrorists for his involvement in the 1998 U.S. embassy bombings.Bin Laden is most well known for his role in masterminding the September 11 attacks, which resulted in the deaths of nearly 3,000 and prompted the United States to initiate the War on Terror.
8003:123145951047680::Thread-152 2020-08-09 18:59:49.414 - Career


Adult film career
Carrera's adult film career started in 1993.
8003:123145951047680::Thread-152 2020-08-09 18:59:49.434 - In 1995 she became the first Asian performer ever to win the AVN Female Performer of the Year Award.
8003:123145951047680::Thread-152 2020-08-09 18:59:49.679 - Carrera retired from the film industry in 2003, following her marriage to Don Lemmon.Carrera lent her voice to several erotic hentai OVAs for publisher Pink Pineapple, such as Inmu (2001) and Shusaku (1999).
8005:123145951047680::Thread-152 2020-08-09 18:59:50.665 - In the 7th century CE, the Levant was taken from the Byzantine Empire by the Arabs and remained in Muslim control until the First Crusade of 1099, followed by the Ayyubid conquest of 1187.
8003:123145951047680::Thread-152 2020-08-09 18:59:50.68 - In October 2001, Carrera attended the Big Apple Anime Fest in New York City for her voice roles and along with Kobe Tai was an Opening Night Guest of Honor at the fest's Midnight Anime Concourse.Carrera was also in the 2012 documentary After Porn Ends, which is about life after being a porn actor.
8006:123145951047680::Thread-152 2020-08-09 18:59:50.794 - **START**
8006:123145951047680::Thread-152 2020-08-09 18:59:50.802 - Starting new HTTPS connection (1): en.wikipedia.org
8004:123145951047680::Thread-152 2020-08-09 18:59:51.442 - The country shares a long eastern border with Sweden (1,619 km or 1,006 mi long).
8004:123145951047680::Thread-152 2020-08-09 18:59:52.148 - Norway is bordered by Finland and Russia to the north-east, and the Skagerrak strait to the south, with Denmark on the other side.
8006:123145951047680::Thread-152 2020-08-09 18:59:53.414 - Fußball-Club Bayern München e.V.
8003:123145951047680::Thread-152 2020-08-09 18:59:53.682 - **END**
8004:123145951047680::Thread-152 2020-08-09 18:59:54.471 - Norway has an extensive coastline, facing the North Atlantic Ocean and the Barents Sea.
8005:123145951047680::Thread-152 2020-08-09 18:59:54.668 - **END**
8004:123145951047680::Thread-152 2020-08-09 18:59:55.132 - The maritime influence also dominates Norway's climate with mild lowland temperatures on the sea coasts, whereas the interior, while colder, is also a lot milder than areas elsewhere in the world on such northerly latitudes.
8006:123145951047680::Thread-152 2020-08-09 18:59:56.098 - (German pronunciation: [ˈfuːsbalˌklʊp ˈbaɪɐn ˈmʏnçn̩]), commonly known as FC Bayern München (German pronunciation: [ʔɛf tseː ˈbaɪɐn ˈmʏnçn̩]), FCB, Bayern Munich, or FC Bayern, is a German professional sports club based in Munich, Bavaria.
8002:123145951047680::Thread-152 2020-08-09 18:59:56.389 - **END**
8006:123145951047680::Thread-152 2020-08-09 18:59:56.433 - It is best known for its professional football team, which plays in the Bundesliga, the top tier of the German football league system, and is the most successful club in German football history, having won a record 30 national titles, including 8 on the bounce since 2013, and 20 national cups, along with numerous European honours.FC Bayern was founded in 1900 by 11 football players, led by Franz John.
8004:123145951047680::Thread-152 2020-08-09 18:59:56.452 - Even during polar night in the north, temperatures above freezing are commonplace on the coastline.
8004:123145951047680::Thread-152 2020-08-09 18:59:57.502 - The maritime influence brings high rainfall and snowfall to some areas of the country.
8004:123145951047680::Thread-152 2020-08-09 18:59:58.506 - **END**
8006:123145951047680::Thread-152 2020-08-09 18:59:58.639 - Although Bayern won its first national championship in 1932, the club was not selected for the Bundesliga at its inception in 1963.
8003:123145951047680::Thread-152 2020-08-09 18:59:59.684 - **START**
8003:123145951047680::Thread-152 2020-08-09 18:59:59.771 - Starting new HTTPS connection (1): en.wikipedia.org
8006:123145951047680::Thread-152 2020-08-09 19:00:00.12 - The club had its period of greatest success in the middle of the 1970s when, under the captaincy of Franz Beckenbauer, it won the European Cup three consecutive times (1974–1976).
8006:123145951047680::Thread-152 2020-08-09 19:00:00.284 - Overall, Bayern has reached ten European Cup/UEFA Champions League finals, most recently winning their fifth title in 2013 as part of a continental treble.
8003:123145951047680::Thread-152 2020-08-09 19:00:01.925 - Darth Vader is a fictional character in the Star Wars franchise.
8006:123145951047680::Thread-152 2020-08-09 19:00:01.959 - Bayern has also won one UEFA Cup, one European Cup Winners' Cup, one UEFA Super Cup, one FIFA Club World Cup and two Intercontinental Cups, making it one of the most successful European clubs internationally and the only German club to have won both international titles.
8003:123145951047680::Thread-152 2020-08-09 19:00:02.67 - Born Anakin Skywalker, the character is a primary antagonist in the original trilogy and a primary protagonist in the prequel trilogy.
8005:123145951047680::Thread-152 2020-08-09 19:00:02.67 - **START**
8005:123145951047680::Thread-152 2020-08-09 19:00:02.685 - Starting new HTTPS connection (1): en.wikipedia.org
8003:123145951047680::Thread-152 2020-08-09 19:00:03.607 - Star Wars creator George Lucas has collectively referred to the first six episodic films of the franchise as "the tragedy of Darth Vader".Originally a slave on Tatooine, Anakin Skywalker is a Jedi prophesied to bring balance to the Force.
8003:123145951047680::Thread-152 2020-08-09 19:00:04.358 - He is lured to the dark side of the Force by Palpatine and becomes a Sith Lord.
8004:123145951047680::Thread-152 2020-08-09 19:00:04.51 - **START**
8004:123145951047680::Thread-152 2020-08-09 19:00:04.515 - Starting new HTTPS connection (1): en.wikipedia.org
8003:123145951047680::Thread-152 2020-08-09 19:00:04.83 - After a lightsaber battle with his former mentor Obi-Wan Kenobi, in which he is severely burnt and dismembered, Vader is transformed into a cyborg.
8006:123145951047680::Thread-152 2020-08-09 19:00:04.916 - Since the formation of the Bundesliga, Bayern has been the dominant club in German football, winning 30 titles, including eight consecutively since 2013.
8006:123145951047680::Thread-152 2020-08-09 19:00:05.024 - The club has traditional local rivalries with 1860 Munich and 1.
8005:123145951047680::Thread-152 2020-08-09 19:00:05.087 - Exo (Korean: 엑소; stylized in all caps) is a South Korean–Chinese boy band based in Seoul, with nine members: Xiumin, Suho, Lay, Baekhyun, Chen, Chanyeol, D.O., Kai and Sehun.
8002:123145951047680::Thread-152 2020-08-09 19:00:05.39 - **START**
8002:123145951047680::Thread-152 2020-08-09 19:00:05.4 - Starting new HTTPS connection (1): en.wikipedia.org
8003:123145951047680::Thread-152 2020-08-09 19:00:05.429 - He then serves the Galactic Empire as its chief enforcer until he ultimately redeems himself by saving his son, Luke Skywalker, and killing Palpatine, sacrificing his own life in the process.
8006:123145951047680::Thread-152 2020-08-09 19:00:05.475 - FC Nürnberg, as well as with Borussia Dortmund since the mid-1990s.
8004:123145951047680::Thread-152 2020-08-09 19:00:05.533 - The British Museum, in the Bloomsbury area of London, United Kingdom, is a public institution dedicated to human history, art and culture.
8004:123145951047680::Thread-152 2020-08-09 19:00:05.97 - Its permanent collection of some eight million works is among the largest and most comprehensive in existence, having been widely sourced during the era of the British Empire.
8004:123145951047680::Thread-152 2020-08-09 19:00:06.074 - It documents the story of human culture from its beginnings to the present.
8003:123145951047680::Thread-152 2020-08-09 19:00:06.229 - He is also the secret husband of Padmé Amidala, father of Princess Leia, and grandfather of Kylo Ren.
8005:123145951047680::Thread-152 2020-08-09 19:00:06.449 - The band was formed by SM Entertainment in 2011 and debuted in 2012.
8004:123145951047680::Thread-152 2020-08-09 19:00:06.632 - It was the first public national museum in the world.The British Museum was established in 1753, largely based on the collections of the Irish physician and scientist Sir Hans Sloane.
8006:123145951047680::Thread-152 2020-08-09 19:00:06.84 - Since the beginning of the 2005–06 season, Bayern has played its home games at the Allianz Arena.
8004:123145951047680::Thread-152 2020-08-09 19:00:06.998 - It first opened to the public in 1759, in Montagu House, on the site of the current building.
8003:123145951047680::Thread-152 2020-08-09 19:00:07.094 - The character has been portrayed by numerous actors: David Prowse physically portrayed Vader while James Earl Jones voiced him in the original trilogy, and Sebastian Shaw portrayed the unmasked Anakin in Return of the Jedi, as well as the character's spirit in the original release of that film.
8002:123145951047680::Thread-152 2020-08-09 19:00:07.154 - Lexi Belle is an American pornographic actress.
8003:123145951047680::Thread-152 2020-08-09 19:00:07.405 - Jake Lloyd and Hayden Christensen played the character in the prequel trilogy in the first and next two films, respectively, with Christensen also replacing Shaw as Anakin's spirit with the 2004 re-release of Return of the Jedi.
8003:123145951047680::Thread-152 2020-08-09 19:00:07.564 - His cinematic appearances span the first six Star Wars films, as well as Rogue One.
8004:123145951047680::Thread-152 2020-08-09 19:00:07.888 - Its expansion over the following 250 years was largely a result of expanding British colonisation and has resulted in the creation of several branch institutions, the first being the Natural History Museum in 1881.
8004:123145951047680::Thread-152 2020-08-09 19:00:07.9 - In 1973, the British Library Act 1972 detached the library department from the British Museum, but it continued to host the now separated British Library in the same Reading Room and building as the museum until 1997.
8005:123145951047680::Thread-152 2020-08-09 19:00:08.112 - Their music incorporates genres like pop, hip-hop, and R&B, alongside electronic dance music genres like house, trap, and synth-pop.
8004:123145951047680::Thread-152 2020-08-09 19:00:08.182 - The museum is a non-departmental public body sponsored by the Department for Digital, Culture, Media and Sport, and as with all national museums in the UK it charges no admission fee, except for loan exhibitions.Its ownership of some of its most famous objects originating in other countries is disputed and remains the subject of international controversy, most notably in the case of the Elgin Marbles of Greece and the Rosetta Stone of Egypt.
8002:123145951047680::Thread-152 2020-08-09 19:00:08.367 - Career
In 2011, Belle was named by CNBC as one of the 12 most popular stars in porn.
8004:123145951047680::Thread-152 2020-08-09 19:00:08.453 - History


Sir Hans Sloane

Although today principally a museum of cultural art objects and antiquities, the British Museum was founded as a "universal museum".
8004:123145951047680::Thread-152 2020-08-09 19:00:08.554 - Its foundations lie in the will of the Irish physician and naturalist Sir Hans Sloane (1660–1753), a London-based doctor and scientist from Ulster.
8004:123145951047680::Thread-152 2020-08-09 19:00:09.56 - **END**
8005:123145951047680::Thread-152 2020-08-09 19:00:09.566 - Exo releases and performs music in Korean, Mandarin, and Japanese.
8002:123145951047680::Thread-152 2020-08-09 19:00:10.655 - CNBC noted her multiple awards and nominations from AVN and XBIZ as well as the popularity of her website, one of the largest in the porn industry.
8005:123145951047680::Thread-152 2020-08-09 19:00:11.258 - The band ranked as one of the top five most influential celebrities on the Forbes Korea Power Celebrity list each year from 2014 to 2018, and have been named "the biggest boy band in the world" and the "kings of K-pop" by media outlets.
8002:123145951047680::Thread-152 2020-08-09 19:00:13.387 - She was the Penthouse Pet of the Month for May 2013 and the Pet of the Year for 2014.In 2015, Belle made her mainstream acting debut as Hera in the action thriller Samurai Cop 2: Deadly Vengeance, along with fellow porn actress Kayden Kross and Tommy Wiseau.
8003:123145951047680::Thread-152 2020-08-09 19:00:13.567 - **END**
8002:123145951047680::Thread-152 2020-08-09 19:00:13.919 - Personal life
Belle is an animal welfare advocate.
8005:123145951047680::Thread-152 2020-08-09 19:00:14.065 - Since 2014, Exo has exclusively performed as one group, while continuing to release and perform music in multiple languages.
8005:123145951047680::Thread-152 2020-08-09 19:00:14.386 - Previously, the band debuted with twelve members separated into two sub-groups: Exo-K (Suho, Baekhyun, Chanyeol, D.O., Kai, and Sehun) and Exo-M (Xiumin, Lay, Chen, and former members Kris, Luhan, and Tao).
8006:123145951047680::Thread-152 2020-08-09 19:00:14.842 - **END**
8005:123145951047680::Thread-152 2020-08-09 19:00:16.339 - Exo-K and Exo-M performed music in Korean and Mandarin, respectively, until the release of their third EP Overdose in 2014.
8005:123145951047680::Thread-152 2020-08-09 19:00:17.774 - After the departures of Kris, Luhan, and Tao amid legal battles in 2014 and 2015, the band continued with the remaining nine members.
8005:123145951047680::Thread-152 2020-08-09 19:00:20.737 - Since 2016, Chen, Baekhyun, and Xiumin have also released music and performed as a sub-unit named Exo-CBX, and members Sehun and Chanyeol have promoted as a sub-unit named Exo-SC since 2019.
8005:123145951047680::Thread-152 2020-08-09 19:00:21.738 - **END**
8002:123145951047680::Thread-152 2020-08-09 19:00:22.924 - **END**