8003:123146249715712::Thread-223 2020-08-09 18:59:25.307 - **START**
8003:123146249715712::Thread-223 2020-08-09 18:59:25.38 - Starting new HTTPS connection (1): en.wikipedia.org
8004:123146249715712::Thread-223 2020-08-09 18:59:29.268 - **START**
8004:123146249715712::Thread-223 2020-08-09 18:59:29.383 - Starting new HTTPS connection (1): en.wikipedia.org
8004:123146249715712::Thread-223 2020-08-09 18:59:32.077 - The Rosetta Stone is a granodiorite stele inscribed with three versions of a decree issued in Memphis, Egypt in 196 BC during the Ptolemaic dynasty on behalf of King Ptolemy V Epiphanes.
8004:123146249715712::Thread-223 2020-08-09 18:59:32.567 - The top and middle texts are in Ancient Egyptian using hieroglyphic and Demotic scripts respectively, while the bottom is in Ancient Greek.
8004:123146249715712::Thread-223 2020-08-09 18:59:33.254 - The decree has only minor differences between the three versions, making the Rosetta Stone key to deciphering Egyptian hieroglyphs.
8005:123146249715712::Thread-223 2020-08-09 18:59:33.254 - **START**
8004:123146249715712::Thread-223 2020-08-09 18:59:35.032 - The stone was carved during the Hellenistic period and is believed to have originally been displayed within a temple, possibly at nearby Sais.
8005:123146249715712::Thread-223 2020-08-09 18:59:36.051 - Starting new HTTPS connection (1): en.wikipedia.org
8006:123146249715712::Thread-223 2020-08-09 18:59:36.274 - **START**
8004:123146249715712::Thread-223 2020-08-09 18:59:36.284 - It was probably moved in late antiquity or during the Mameluk period, and was eventually used as building material in the construction of Fort Julien near the town of Rashid (Rosetta) in the Nile Delta.
8004:123146249715712::Thread-223 2020-08-09 18:59:36.471 - It was discovered there in July 1799 by French officer Pierre-François Bouchard during the Napoleonic campaign in Egypt.
8006:123146249715712::Thread-223 2020-08-09 18:59:36.586 - Starting new HTTPS connection (1): en.wikipedia.org
8003:123146249715712::Thread-223 2020-08-09 18:59:36.852 - **END**
8004:123146249715712::Thread-223 2020-08-09 18:59:37.001 - It was the first Ancient Egyptian bilingual text recovered in modern times, and it aroused widespread public interest with its potential to decipher this previously untranslated hieroglyphic script.
8002:123146249715712::Thread-223 2020-08-09 18:59:37.372 - **START**
8004:123146249715712::Thread-223 2020-08-09 18:59:38.286 - Lithographic copies and plaster casts soon began circulating among European museums and scholars.
8002:123146249715712::Thread-223 2020-08-09 18:59:38.7 - Starting new HTTPS connection (1): en.wikipedia.org
8004:123146249715712::Thread-223 2020-08-09 18:59:39.19 - When the British defeated the French they took the stone to London under the Capitulation of Alexandria in 1801.
8005:123146249715712::Thread-223 2020-08-09 18:59:40.144 - David (Hebrew: דָּוִד) is described in the Hebrew Bible as the third king of the United Monarchy of Israel and Judah, becoming king after Ish-bosheth.
8004:123146249715712::Thread-223 2020-08-09 18:59:41.139 - It has been on public display at the British Museum almost continuously since 1802 and is the most visited object there.
8006:123146249715712::Thread-223 2020-08-09 18:59:41.248 - Asia Carrera Lemmon (born Jessica Steinhauser, August 6, 1973) is an American former pornographic actress.
8005:123146249715712::Thread-223 2020-08-09 18:59:41.042 - In the Books of Samuel, David is a young shepherd who gains fame first as a musician and later by killing the enemy champion Goliath.
8005:123146249715712::Thread-223 2020-08-09 18:59:41.582 - He becomes a favorite of King Saul and a close friend of Saul's son Jonathan.
8005:123146249715712::Thread-223 2020-08-09 18:59:41.764 - Worried that David is trying to take his throne, Saul turns on David.
8005:123146249715712::Thread-223 2020-08-09 18:59:42.261 - After Saul and Jonathan are killed in battle, David is anointed as King.
8006:123146249715712::Thread-223 2020-08-09 18:59:42.598 - Early life
Asia Carrera was born Jessica Steinhauser in New York City to a German mother and Japanese father, the oldest of four siblings.
8003:123146249715712::Thread-223 2020-08-09 18:59:42.862 - **START**
8005:123146249715712::Thread-223 2020-08-09 18:59:43.043 - David conquers Jerusalem, taking the Ark of the Covenant into the city, and establishing the kingdom founded by Saul.
8003:123146249715712::Thread-223 2020-08-09 18:59:43.275 - Starting new HTTPS connection (1): en.wikipedia.org
8006:123146249715712::Thread-223 2020-08-09 18:59:43.635 - She was raised on Lippincott Road in Little Silver, New Jersey, attending Red Bank Regional High School.
8005:123146249715712::Thread-223 2020-08-09 18:59:43.747 - As king, David commits adultery with Bathsheba, leading him to arrange the death of her husband Uriah the Hittite.
8005:123146249715712::Thread-223 2020-08-09 18:59:44.328 - David's son Absalom schemes to overthrow David.
8005:123146249715712::Thread-223 2020-08-09 18:59:45.233 - David flees Jerusalem during Absalom's rebellion, but after Absalom's death he returns to the city to rule Israel.
8002:123146249715712::Thread-223 2020-08-09 18:59:45.626 - Lexi Belle is an American pornographic actress.
8002:123146249715712::Thread-223 2020-08-09 18:59:45.871 - Career
In 2011, Belle was named by CNBC as one of the 12 most popular stars in porn.
8003:123146249715712::Thread-223 2020-08-09 18:59:46.038 - Kimberly Noel Kardashian West (née Kardashian; born October 21, 1980) is an American media personality, socialite, model, businesswoman, and activist.
8005:123146249715712::Thread-223 2020-08-09 18:59:46.048 - Because David shed much blood, God denies David the opportunity to build the temple.
8005:123146249715712::Thread-223 2020-08-09 18:59:46.049 - **END**
8003:123146249715712::Thread-223 2020-08-09 18:59:46.233 - Kardashian first gained media attention as a friend and stylist of Paris Hilton but received wider notice after a 2002 sex tape, Kim Kardashian, Superstar, with her then-boyfriend Ray J was released in 2007.
8006:123146249715712::Thread-223 2020-08-09 18:59:46.449 - At the age of 16, she taught English at Tsuruga College in Tsuruga, Fukui, Japan.Carrera won a National Merit Scholarship and scored over 1440 on the SAT, as well as a Garden State Scholarship for her grades.
8006:123146249715712::Thread-223 2020-08-09 18:59:46.679 - She attended Rutgers University on full academic scholarship, where she majored in Japanese and business, but did not graduate.
8002:123146249715712::Thread-223 2020-08-09 18:59:47.141 - CNBC noted her multiple awards and nominations from AVN and XBIZ as well as the popularity of her website, one of the largest in the porn industry.
8002:123146249715712::Thread-223 2020-08-09 18:59:47.848 - She was the Penthouse Pet of the Month for May 2013 and the Pet of the Year for 2014.In 2015, Belle made her mainstream acting debut as Hera in the action thriller Samurai Cop 2: Deadly Vengeance, along with fellow porn actress Kayden Kross and Tommy Wiseau.
8003:123146249715712::Thread-223 2020-08-09 18:59:48.022 - Later that year, she and her family began to appear in the E!
8006:123146249715712::Thread-223 2020-08-09 18:59:48.056 - Carrera is a member of Mensa, with an IQ of 156.
8004:123146249715712::Thread-223 2020-08-09 18:59:48.143 - **END**
8006:123146249715712::Thread-223 2020-08-09 18:59:48.231 - Career


Adult film career
Carrera's adult film career started in 1993.
8003:123146249715712::Thread-223 2020-08-09 18:59:49.031 - reality television series Keeping Up with the Kardashians (2007–present).
8003:123146249715712::Thread-223 2020-08-09 18:59:49.311 - Its success soon led to the creation of spin-offs including Kourtney and Kim Take New York (2011–2012) and Kourtney and Kim Take Miami (2009–2013).
8003:123146249715712::Thread-223 2020-08-09 18:59:49.586 - Kardashian has developed an online and social media presence, including hundreds of millions of followers on Twitter and Instagram.
8006:123146249715712::Thread-223 2020-08-09 18:59:50.341 - In 1995 she became the first Asian performer ever to win the AVN Female Performer of the Year Award.
8002:123146249715712::Thread-223 2020-08-09 18:59:50.54 - Personal life
Belle is an animal welfare advocate.
8006:123146249715712::Thread-223 2020-08-09 18:59:50.781 - Carrera retired from the film industry in 2003, following her marriage to Don Lemmon.Carrera lent her voice to several erotic hentai OVAs for publisher Pink Pineapple, such as Inmu (2001) and Shusaku (1999).
8003:123146249715712::Thread-223 2020-08-09 18:59:51.199 - She has released a variety of products tied to her name, including the 2014 mobile game Kim Kardashian: Hollywood, a variety of clothing and products, the 2015 photo book Selfish and her eponymous personal app.
8003:123146249715712::Thread-223 2020-08-09 18:59:51.41 - Her relationship with rapper Kanye West has also received significant media coverage; the couple married in 2014 and have four children together.
8003:123146249715712::Thread-223 2020-08-09 18:59:51.915 - As an actress, Kardashian has appeared in films, such as Disaster Movie (2008), Deep in the Valley (2009), and Temptation: Confessions of a Marriage Counselor (2013).
8006:123146249715712::Thread-223 2020-08-09 18:59:52.228 - In October 2001, Carrera attended the Big Apple Anime Fest in New York City for her voice roles and along with Kobe Tai was an Opening Night Guest of Honor at the fest's Midnight Anime Concourse.Carrera was also in the 2012 documentary After Porn Ends, which is about life after being a porn actor.
8006:123146249715712::Thread-223 2020-08-09 18:59:52.229 - **END**
8003:123146249715712::Thread-223 2020-08-09 18:59:53.856 - In recent years, Kardashian has focused on her own businesses by founding KKW Beauty and KKW fragrance in 2017.
8004:123146249715712::Thread-223 2020-08-09 18:59:55.151 - **START**
8004:123146249715712::Thread-223 2020-08-09 18:59:55.157 - Starting new HTTPS connection (1): en.wikipedia.org
8002:123146249715712::Thread-223 2020-08-09 18:59:55.542 - **END**
8004:123146249715712::Thread-223 2020-08-09 18:59:55.874 - Gazzy Garcia (born August 17, 2000), known professionally as Lil Pump, is an American rapper and songwriter.
8004:123146249715712::Thread-223 2020-08-09 18:59:56.3 - He is known for his hyperactive public persona, where he is often portrayed taking drugs, particularly marijuana, lean, Xanax and MDMA; he is often criticized for his behavior seen on social media.
8004:123146249715712::Thread-223 2020-08-09 18:59:57.123 - He is also known for shouting his catchphrase "Esskeetit" (a truncated version of "Let's get it").
8005:123146249715712::Thread-223 2020-08-09 18:59:59.053 - **START**
8004:123146249715712::Thread-223 2020-08-09 18:59:59.053 - Garcia was named as one of the 30 Under 30 by Forbes in 2019.Lil Pump rose to popularity in 2017, after he released his single "Gucci Gang" from his debut album Lil Pump, which peaked at number three on the U.S.
8005:123146249715712::Thread-223 2020-08-09 18:59:59.058 - Starting new HTTPS connection (1): en.wikipedia.org
8004:123146249715712::Thread-223 2020-08-09 18:59:59.682 - Billboard Hot 100, and is certified triple platinum by the Recording Industry Association of America.
8005:123146249715712::Thread-223 2020-08-09 19:00:00.421 - Scarlett Ingrid Johansson (; born November 22, 1984) is an American actress and singer.
8003:123146249715712::Thread-223 2020-08-09 19:00:00.861 - **END**
8004:123146249715712::Thread-223 2020-08-09 19:00:01.059 - He has since released other songs, including "I Love It" (with Kanye West), "Esskeetit", "Drug Addicts", "Butterfly Doors", "Racks on Racks", and "Be Like Me" (featuring Lil Wayne).
8005:123146249715712::Thread-223 2020-08-09 19:00:01.075 - The world's highest-paid actress since 2018, she has made multiple appearances in the Forbes Celebrity 100.
8005:123146249715712::Thread-223 2020-08-09 19:00:01.09 - Her films have grossed over $14.3 billion worldwide, making Johansson the ninth-highest-grossing box office star of all time.
8005:123146249715712::Thread-223 2020-08-09 19:00:01.603 - She is the recipient of numerous accolades, including a Tony Award and a BAFTA Award, as well as nominations for two Academy Awards and five Golden Globe Awards.
8005:123146249715712::Thread-223 2020-08-09 19:00:02.05 - Born and raised in Manhattan, New York City, Johansson aspired to be an actress from a young age and first appeared on stage in an Off-Broadway play as a child.
8005:123146249715712::Thread-223 2020-08-09 19:00:02.344 - She made her film debut in the fantasy comedy North (1994), and gained early recognition for her roles in Manny & Lo (1996), The Horse Whisperer (1998), and Ghost World (2001).
8004:123146249715712::Thread-223 2020-08-09 19:00:02.633 - He released his debut studio album, Lil Pump, in October 2017.
8004:123146249715712::Thread-223 2020-08-09 19:00:02.999 - His song "Welcome to the Party" was featured in the soundtrack for Deadpool 2.
8005:123146249715712::Thread-223 2020-08-09 19:00:03.09 - Johansson shifted to adult roles in 2003 with her performances in Lost in Translation, which won her a BAFTA Award for Best Actress, and Girl with a Pearl Earring.
8006:123146249715712::Thread-223 2020-08-09 19:00:03.234 - **START**
8006:123146249715712::Thread-223 2020-08-09 19:00:03.249 - Starting new HTTPS connection (1): en.wikipedia.org
8005:123146249715712::Thread-223 2020-08-09 19:00:03.41 - She was nominated for Golden Globe Awards for these films, and for playing an estranged teenager in the drama A Love Song for Bobby Long (2004), and a seductress in the psychological thriller Match Point (2005).
8004:123146249715712::Thread-223 2020-08-09 19:00:03.448 - He released his second studio album Harverd Dropout on February 22, 2019.
8005:123146249715712::Thread-223 2020-08-09 19:00:03.692 - Other works during this period include The Prestige (2006) and Vicky Cristina Barcelona (2008); and the albums Anywhere I Lay My Head (2008) and Break Up (2009), which both charted on the Billboard 200.
8005:123146249715712::Thread-223 2020-08-09 19:00:04.133 - In 2010, Johansson debuted on Broadway in a revival of A View from the Bridge, which won her a Tony Award for Best Featured Actress, and began playing the role of Black Widow in the Marvel Cinematic Universe with Iron Man 2.
8004:123146249715712::Thread-223 2020-08-09 19:00:04.422 - Early life
Garcia was born August 17, 2000, in Miami, Florida.
8004:123146249715712::Thread-223 2020-08-09 19:00:05.082 - In a 2018 interview with J. Cole, Garcia stated that his parents are from Colombia and they divorced when he was six years old.
8006:123146249715712::Thread-223 2020-08-09 19:00:05.688 - Muhammad (Arabic: مُحَمَّد‎, pronounced [muħammad];  c. 570 CE – 8 June 632 CE) was an Arab religious, social, and political leader and the founder of Islam.
8006:123146249715712::Thread-223 2020-08-09 19:00:06.101 - According to Islamic doctrine, he was a prophet, sent to preach and confirm the monotheistic teachings of Adam, Abraham, Moses, Jesus, and other prophets.
8005:123146249715712::Thread-223 2020-08-09 19:00:07.137 - **END**
8006:123146249715712::Thread-223 2020-08-09 19:00:07.723 - He is viewed as the final prophet of God in all the main branches of Islam, though some modern denominations diverge from this belief.
8002:123146249715712::Thread-223 2020-08-09 19:00:09.544 - **START**
8002:123146249715712::Thread-223 2020-08-09 19:00:09.553 - Starting new HTTPS connection (1): en.wikipedia.org
8006:123146249715712::Thread-223 2020-08-09 19:00:10.082 - Muhammad united Arabia into a single Muslim polity, with the Quran as well as his teachings and practices forming the basis of Islamic religious belief.
8004:123146249715712::Thread-223 2020-08-09 19:00:10.084 - **END**
8002:123146249715712::Thread-223 2020-08-09 19:00:10.186 - Slipknot is an American heavy metal band from Des Moines, Iowa.
8002:123146249715712::Thread-223 2020-08-09 19:00:11.177 - The band was founded in 1995 by percussionist Shawn Crahan, drummer Joey Jordison and bassist Paul Gray.
8002:123146249715712::Thread-223 2020-08-09 19:00:11.865 - After several lineup changes in its early years, the band settled on nine members for more than a decade: Crahan, Jordison, Gray, Craig Jones, Mick Thomson, Corey Taylor, Sid Wilson, Chris Fehn, and Jim Root.
8006:123146249715712::Thread-223 2020-08-09 19:00:12.563 - Born approximately 570 CE (Year of the Elephant) in the Arabian city of Mecca, Muhammad was orphaned at the age of six.
8002:123146249715712::Thread-223 2020-08-09 19:00:12.699 - Gray died on May 24, 2010, and was replaced during 2011–2014 by guitarist Donnie Steele.
8002:123146249715712::Thread-223 2020-08-09 19:00:12.999 - Jordison was dismissed from the band on December 12, 2013.
8002:123146249715712::Thread-223 2020-08-09 19:00:13.201 - Steele left during the recording sessions for .5: The Gray Chapter.
8006:123146249715712::Thread-223 2020-08-09 19:00:13.753 - He was raised under the care of his paternal grandfather Abd al-Muttalib, and upon his death, by his uncle Abu Talib.
8002:123146249715712::Thread-223 2020-08-09 19:00:14.016 - The band found replacements in Alessandro Venturella on bass and Jay Weinberg on drums.
8002:123146249715712::Thread-223 2020-08-09 19:00:14.116 - After the departure of Jordison, as of December 2013 the only founding member in the current lineup is percussionist Crahan.
8002:123146249715712::Thread-223 2020-08-09 19:00:14.971 - Fehn was also dismissed from the band in March 2019 prior to the writing of We Are Not Your Kind.
8002:123146249715712::Thread-223 2020-08-09 19:00:15.45 - Slipknot is well known for its attention-grabbing image, aggressive style of music, and energetic and chaotic live shows.
8006:123146249715712::Thread-223 2020-08-09 19:00:15.774 - In later years, he would periodically seclude himself in a mountain cave named Hira for several nights of prayer.
8006:123146249715712::Thread-223 2020-08-09 19:00:18.116 - When he was 40, Muhammad reported being visited by Gabriel in the cave and receiving his first revelation from God.
8006:123146249715712::Thread-223 2020-08-09 19:00:21.093 - In 613, Muhammad started preaching these revelations publicly, proclaiming that "God is One", that complete "submission" (islām) to God is the right way of life (dīn), and that he was a prophet and messenger of God, similar to the other prophets in Islam.The followers of Muhammad were initially few in number, and experienced hostility from Meccan polytheists.
8002:123146249715712::Thread-223 2020-08-09 19:00:22.455 - **END**
8006:123146249715712::Thread-223 2020-08-09 19:00:28.099 - **END**