8002:123146110898176::Thread-190 2020-08-09 18:59:25.361 - **START**
8002:123146110898176::Thread-190 2020-08-09 18:59:25.386 - Starting new HTTPS connection (1): en.wikipedia.org
8002:123146110898176::Thread-190 2020-08-09 18:59:28.407 - Ireland ( (listen); Irish: Éire [ˈeːɾʲə] (listen); Ulster-Scots: Airlann [ˈɑːrlən]) is an island in the North Atlantic.
8002:123146110898176::Thread-190 2020-08-09 18:59:29.105 - It is separated from Great Britain to its east by the North Channel, the Irish Sea, and St George's Channel.
8002:123146110898176::Thread-190 2020-08-09 18:59:29.746 - Ireland is the second-largest island of the British Isles, the third-largest in Europe, and the twentieth-largest on Earth.Geopolitically, Ireland is divided between the Republic of Ireland (officially named Ireland), which covers five-sixths of the island, and Northern Ireland, which is part of the United Kingdom.
8002:123146110898176::Thread-190 2020-08-09 18:59:29.826 - In 2011, the population of Ireland was about 6.6 million, ranking it the second-most populous island in Europe after Great Britain.
8002:123146110898176::Thread-190 2020-08-09 18:59:30.211 - As of 2016, 4.8 million live in the Republic of Ireland, and 1.8 million live in Northern Ireland.The geography of Ireland comprises relatively low-lying mountains surrounding a central plain, with several navigable rivers extending inland.
8002:123146110898176::Thread-190 2020-08-09 18:59:30.932 - Its lush vegetation is a product of its mild but changeable climate which is free of extremes in temperature.
8002:123146110898176::Thread-190 2020-08-09 18:59:31.799 - Much of Ireland was woodland until the end of the Middle Ages.
8002:123146110898176::Thread-190 2020-08-09 18:59:32.081 - Today, woodland makes up about 10% of the island, compared with a European average of over 33%, and most of it is non-native conifer plantations.
8002:123146110898176::Thread-190 2020-08-09 18:59:32.226 - There are twenty-six extant land mammal species native to Ireland.
8002:123146110898176::Thread-190 2020-08-09 18:59:33.14 - The Irish climate is influenced by the Atlantic Ocean and thus very moderate, and winters are milder than expected for such a northerly area, although summers are cooler than those in continental Europe.
8005:123146110898176::Thread-190 2020-08-09 18:59:34.284 - **START**
8004:123146110898176::Thread-190 2020-08-09 18:59:35.252 - **START**
8006:123146110898176::Thread-190 2020-08-09 18:59:35.273 - **START**
8003:123146110898176::Thread-190 2020-08-09 18:59:35.279 - **START**
8005:123146110898176::Thread-190 2020-08-09 18:59:36.0 - Starting new HTTPS connection (1): en.wikipedia.org
8003:123146110898176::Thread-190 2020-08-09 18:59:36.598 - Starting new HTTPS connection (1): en.wikipedia.org
8006:123146110898176::Thread-190 2020-08-09 18:59:36.734 - Starting new HTTPS connection (1): en.wikipedia.org
8004:123146110898176::Thread-190 2020-08-09 18:59:39.727 - Starting new HTTPS connection (1): en.wikipedia.org
8006:123146110898176::Thread-190 2020-08-09 18:59:40.061 - Liverpool Football Club is a professional football club in Liverpool, England, that competes in the Premier League, the top tier of English football.
8006:123146110898176::Thread-190 2020-08-09 18:59:40.069 - Domestically, the club has won nineteen League titles, seven FA Cups, a record eight League Cups and fifteen FA Community Shields.
8002:123146110898176::Thread-190 2020-08-09 18:59:40.144 - **END**
8006:123146110898176::Thread-190 2020-08-09 18:59:40.42 - In international competitions, the club has won six European Cups, more than any other English club, three UEFA Cups, four UEFA Super Cups (also English records) and one FIFA Club World Cup.
8006:123146110898176::Thread-190 2020-08-09 18:59:40.807 - Founded in 1892, the club joined the Football League the following year and has played at Anfield since its formation.
8006:123146110898176::Thread-190 2020-08-09 18:59:40.976 - Liverpool established itself as a major force in English and European football in the 1970s and 1980s, when Bill Shankly, Bob Paisley, Joe Fagan and Kenny Dalglish led the club to a combined eleven League titles and four European Cups.
8006:123146110898176::Thread-190 2020-08-09 18:59:41.047 - Liverpool won two further European Cups in 2005 and 2019 under the management of Rafael Benítez and Jürgen Klopp, respectively, the latter of whom led Liverpool to a nineteenth League title in 2020, the club's first during the Premier League era.
8003:123146110898176::Thread-190 2020-08-09 18:59:41.127 - Nelson Rolihlahla Mandela (; Xhosa: [xolíɬaɬa mandɛ̂ːla]; 18 July 1918 – 5 December 2013) was a South African anti-apartheid revolutionary, political leader and philanthropist who served as President of South Africa from 1994 to 1999.
8003:123146110898176::Thread-190 2020-08-09 18:59:41.215 - He was the country's first black head of state and the first elected in a fully representative democratic election.
8006:123146110898176::Thread-190 2020-08-09 18:59:41.706 - One of the most widely supported teams in the world, in 2019, Liverpool was the world's seventh highest-earning football club, with an annual revenue of €604 million, and the world's eighth most valuable football club, valued at $2.183 billion.
8006:123146110898176::Thread-190 2020-08-09 18:59:41.842 - Liverpool has long-standing rivalries with Manchester United and Everton.
8006:123146110898176::Thread-190 2020-08-09 18:59:41.905 - The team changed from red shirts and white shorts to an all-red home strip in 1964 which has been used ever since.
8005:123146110898176::Thread-190 2020-08-09 18:59:42.066 - Leicester City Football Club is an English professional football club based in Leicester in the East Midlands.
8003:123146110898176::Thread-190 2020-08-09 18:59:42.534 - His government focused on dismantling the legacy of apartheid by tackling institutionalised racism and fostering racial reconciliation.
8006:123146110898176::Thread-190 2020-08-09 18:59:42.602 - The club's anthem is "You'll Never Walk Alone".
8003:123146110898176::Thread-190 2020-08-09 18:59:42.853 - Ideologically an African nationalist and socialist, he served as the president of the African National Congress (ANC) party from 1991 to 1997.
8005:123146110898176::Thread-190 2020-08-09 18:59:43.747 - The club competes in the Premier League, the top division of England's football league system, and plays its home matches at the King Power Stadium.The club was founded in 1884 as Leicester Fosse F.C., playing on a field near Fosse Road.
8005:123146110898176::Thread-190 2020-08-09 18:59:44.164 - They moved to Filbert Street in 1891, were elected to the Football League in 1894 and adopted the name Leicester City in 1919.
8004:123146110898176::Thread-190 2020-08-09 18:59:44.259 - Jacob Tremblay (; French: [tʁɑ̃blɛ]; born October 5, 2006) is a Canadian actor.
8004:123146110898176::Thread-190 2020-08-09 18:59:44.895 - His breakout performance was his starring role as Jack Newsome in Room (2015), for which he won the Critics' Choice Movie Award for Best Young Performer and the Canadian Screen Award for Best Actor, and was nominated for the Screen Actors Guild Award for Outstanding Performance by a Male Actor in a Supporting Role.
8006:123146110898176::Thread-190 2020-08-09 18:59:45.605 - **END**
8004:123146110898176::Thread-190 2020-08-09 18:59:45.613 - In 2017, he starred as August Pullman, a child with Treacher Collins syndrome, in the drama Wonder, and in 2019 he headlined the R-rated comedy film Good Boys.
8004:123146110898176::Thread-190 2020-08-09 18:59:45.781 - Early life
Tremblay was born in Vancouver, British Columbia, Canada on October 5, 2006.
8003:123146110898176::Thread-190 2020-08-09 18:59:45.832 - A Xhosa speaker, Mandela was born to the Thembu royal family in Mvezo, Union of South Africa.
8004:123146110898176::Thread-190 2020-08-09 18:59:46.321 - He was raised in the nearby city of Langley, British Columbia.
8004:123146110898176::Thread-190 2020-08-09 18:59:46.622 - His father, Jason Tremblay, is a police detective, and his mother, Christina Candia Tremblay, is a homemaker.
8005:123146110898176::Thread-190 2020-08-09 18:59:46.947 - They moved to the nearby Walkers Stadium in 2002, which was renamed the King Power Stadium in 2011.Leicester won the 2015–16 Premier League, their first top-level football championship.
8003:123146110898176::Thread-190 2020-08-09 18:59:47.049 - He studied law at the University of Fort Hare and the University of Witwatersrand before working as a lawyer in Johannesburg.
8004:123146110898176::Thread-190 2020-08-09 18:59:47.298 - Tremblay's older sister Emma and younger sister Erica are also actors.
8004:123146110898176::Thread-190 2020-08-09 18:59:47.881 - Career
Tremblay began acting in television roles.
8004:123146110898176::Thread-190 2020-08-09 18:59:48.177 - He made his film debut in the live-action/animated feature The Smurfs 2, released in 2013.Tremblay portrayed Jack Newsome in the critically acclaimed drama film Room, co-starring with Brie Larson.
8004:123146110898176::Thread-190 2020-08-09 18:59:48.867 - The film, directed by Lenny Abrahamson, premiered on September 4, 2015, at the Telluride Film Festival, and was released in cinemas on October 16, 2015.
8005:123146110898176::Thread-190 2020-08-09 18:59:49.601 - They are one of only seven clubs to have won the Premier League since its inception in 1992.
8003:123146110898176::Thread-190 2020-08-09 18:59:49.799 - There he became involved in anti-colonial and African nationalist politics, joining the ANC in 1943 and co-founding its Youth League in 1944.
8003:123146110898176::Thread-190 2020-08-09 18:59:50.831 - After the National Party's white-only government established apartheid, a system of racial segregation that privileged whites, he and the ANC committed themselves to its overthrow.
8003:123146110898176::Thread-190 2020-08-09 18:59:51.844 - Mandela was appointed president of the ANC's Transvaal branch, rising to prominence for his involvement in the 1952 Defiance Campaign and the 1955 Congress of the People.
8002:123146110898176::Thread-190 2020-08-09 18:59:52.148 - **START**
8002:123146110898176::Thread-190 2020-08-09 18:59:52.152 - Starting new HTTPS connection (1): en.wikipedia.org
8003:123146110898176::Thread-190 2020-08-09 18:59:52.524 - He was repeatedly arrested for seditious activities and was unsuccessfully prosecuted in the 1956 Treason Trial.
8005:123146110898176::Thread-190 2020-08-09 18:59:52.602 - A number of newspapers described Leicester's title win as the greatest sporting shock ever; multiple bookmakers had never paid out at such long odds for any sport.
8004:123146110898176::Thread-190 2020-08-09 18:59:52.876 - **END**
8002:123146110898176::Thread-190 2020-08-09 18:59:53.925 - The Illuminati (plural of Latin illuminatus, 'enlightened') is a name given to several groups, both real and fictitious.
8002:123146110898176::Thread-190 2020-08-09 18:59:55.432 - Historically, the name usually refers to the Bavarian Illuminati, an Enlightenment-era secret society founded on 1 May 1776 in Bavaria, today part of Germany.
8005:123146110898176::Thread-190 2020-08-09 18:59:55.517 - As a result, the team was dubbed "The Unbelievables", a spin-off harking back to Arsenal's undefeated team "The Invincibles".
8002:123146110898176::Thread-190 2020-08-09 18:59:55.914 - The society's goals were to oppose superstition, obscurantism, religious influence over public life, and abuses of state power.
8005:123146110898176::Thread-190 2020-08-09 18:59:57.015 - The club's previous highest finish was second place in the top flight, in 1928–29, then known as the First Division.
8002:123146110898176::Thread-190 2020-08-09 18:59:57.728 - "The order of the day," they wrote in their general statutes, "is to put an end to the machinations of the purveyors of injustice, to control them without dominating them."
8005:123146110898176::Thread-190 2020-08-09 18:59:58.807 - Throughout their history, Leicester have spent all but one season in the top two divisions of English football.
8002:123146110898176::Thread-190 2020-08-09 18:59:59.242 - The Illuminati—along with Freemasonry and other secret societies—were outlawed through edict by Charles Theodore, Elector of Bavaria with the encouragement of the Catholic Church, in 1784, 1785, 1787, and 1790.
8003:123146110898176::Thread-190 2020-08-09 18:59:59.53 - **END**
8002:123146110898176::Thread-190 2020-08-09 19:00:01.234 - In the following several years, the group was vilified by conservative and religious critics who claimed that they continued underground and were responsible for the French Revolution.
8006:123146110898176::Thread-190 2020-08-09 19:00:01.616 - **START**
8006:123146110898176::Thread-190 2020-08-09 19:00:01.665 - Starting new HTTPS connection (1): en.wikipedia.org
8005:123146110898176::Thread-190 2020-08-09 19:00:01.756 - They hold a joint-highest seven second-tier titles (six Second Division and one Championship).
8002:123146110898176::Thread-190 2020-08-09 19:00:02.114 - Many influential intellectuals and progressive politicians counted themselves as members, including Ferdinand of Brunswick and the diplomat Franz Xaver von Zwackh, who was the Order's second-in-command.
8002:123146110898176::Thread-190 2020-08-09 19:00:02.754 - It attracted literary men such as Johann Wolfgang von Goethe and Johann Gottfried Herder and the reigning Duke of Gotha and of Weimar.In subsequent use, "Illuminati" has referred to various organisations which have claimed or have been claimed to be connected to the original Bavarian Illuminati or similar secret societies, though these links have been unsubstantiated.
8002:123146110898176::Thread-190 2020-08-09 19:00:03.775 - These organisations have often been alleged to conspire to control world affairs, by masterminding events and planting agents in government and corporations, in order to gain political power and influence and to establish a New World Order.
8006:123146110898176::Thread-190 2020-08-09 19:00:03.921 - Leicester City Football Club is an English professional football club based in Leicester in the East Midlands.
8002:123146110898176::Thread-190 2020-08-09 19:00:04.104 - Central to some of the more widely known and elaborate conspiracy theories, the Illuminati have been depicted as lurking in the shadows and pulling the strings and levers of power in dozens of novels, films, television shows, comics, video games, and music videos.
8002:123146110898176::Thread-190 2020-08-09 19:00:04.202 - History


Origins

Adam Weishaupt (1748–1830) became professor of Canon Law and practical philosophy at the University of Ingolstadt in 1773.
8004:123146110898176::Thread-190 2020-08-09 19:00:05.883 - **START**
8004:123146110898176::Thread-190 2020-08-09 19:00:05.887 - Starting new HTTPS connection (1): en.wikipedia.org
8006:123146110898176::Thread-190 2020-08-09 19:00:05.902 - The club competes in the Premier League, the top division of England's football league system, and plays its home matches at the King Power Stadium.The club was founded in 1884 as Leicester Fosse F.C., playing on a field near Fosse Road.
8006:123146110898176::Thread-190 2020-08-09 19:00:06.78 - They moved to Filbert Street in 1891, were elected to the Football League in 1894 and adopted the name Leicester City in 1919.
8002:123146110898176::Thread-190 2020-08-09 19:00:07.204 - **END**
8004:123146110898176::Thread-190 2020-08-09 19:00:07.575 - Joan of Arc (French: Jeanne d'Arc pronounced [ʒan daʁk]; c. 1412 – 30 May 1431), nicknamed "The Maid of Orléans" (French: La Pucelle d'Orléans), is considered a heroine of France for her role during the Lancastrian phase of the Hundred Years' War, and was canonized as a Roman Catholic saint.
8006:123146110898176::Thread-190 2020-08-09 19:00:07.723 - They moved to the nearby Walkers Stadium in 2002, which was renamed the King Power Stadium in 2011.Leicester won the 2015–16 Premier League, their first top-level football championship.
8005:123146110898176::Thread-190 2020-08-09 19:00:08.758 - **END**
8006:123146110898176::Thread-190 2020-08-09 19:00:08.932 - They are one of only seven clubs to have won the Premier League since its inception in 1992.
8006:123146110898176::Thread-190 2020-08-09 19:00:09.011 - A number of newspapers described Leicester's title win as the greatest sporting shock ever; multiple bookmakers had never paid out at such long odds for any sport.
8004:123146110898176::Thread-190 2020-08-09 19:00:09.316 - She was born to Jacques d'Arc and Isabelle Romée, a peasant family, at Domrémy in northeast France.
8006:123146110898176::Thread-190 2020-08-09 19:00:10.405 - As a result, the team was dubbed "The Unbelievables", a spin-off harking back to Arsenal's undefeated team "The Invincibles".
8004:123146110898176::Thread-190 2020-08-09 19:00:10.985 - Joan claimed to have received visions of the archangel Michael, Saint Margaret, and Saint Catherine of Alexandria instructing her to support Charles VII and recover France from English domination late in the Hundred Years' War.
8006:123146110898176::Thread-190 2020-08-09 19:00:12.062 - The club's previous highest finish was second place in the top flight, in 1928–29, then known as the First Division.
8006:123146110898176::Thread-190 2020-08-09 19:00:12.231 - Throughout their history, Leicester have spent all but one season in the top two divisions of English football.
8004:123146110898176::Thread-190 2020-08-09 19:00:12.235 - The unanointed King Charles VII sent Joan to the Siege of Orléans as part of a relief army.
8006:123146110898176::Thread-190 2020-08-09 19:00:12.787 - They hold a joint-highest seven second-tier titles (six Second Division and one Championship).
8004:123146110898176::Thread-190 2020-08-09 19:00:14.093 - She gained prominence after the siege was lifted only nine days later.
8004:123146110898176::Thread-190 2020-08-09 19:00:14.268 - Several additional swift victories led to Charles VII's consecration at Reims.
8004:123146110898176::Thread-190 2020-08-09 19:00:15.549 - This long-awaited event boosted French morale and paved the way for the final French victory.
8004:123146110898176::Thread-190 2020-08-09 19:00:15.972 - On 23 May 1430, she was captured at Compiègne by the Burgundian faction, a group of French nobles allied with the English.
8004:123146110898176::Thread-190 2020-08-09 19:00:16.113 - She was later handed over to the English and put on trial by the pro-English bishop Pierre Cauchon on a variety of charges.
8006:123146110898176::Thread-190 2020-08-09 19:00:20.793 - **END**
8004:123146110898176::Thread-190 2020-08-09 19:00:23.118 - **END**