8004:123145908981760::Thread-142 2020-08-09 18:59:26.299 - **START**
8004:123145908981760::Thread-142 2020-08-09 18:59:26.419 - Starting new HTTPS connection (1): en.wikipedia.org
8004:123145908981760::Thread-142 2020-08-09 18:59:28.112 - Angelina Jolie (; née Voight, formerly Jolie Pitt, born June 4, 1975) is an American actress, filmmaker, and humanitarian.
8004:123145908981760::Thread-142 2020-08-09 18:59:28.81 - The recipient of numerous accolades, including an Academy Award and three Golden Globe Awards, she has been named Hollywood's highest-paid actress multiple times.
8005:123145908981760::Thread-142 2020-08-09 18:59:29.217 - **START**
8005:123145908981760::Thread-142 2020-08-09 18:59:29.54 - Starting new HTTPS connection (1): en.wikipedia.org
8004:123145908981760::Thread-142 2020-08-09 18:59:29.556 - Jolie made her screen debut as a child alongside her father, Jon Voight, in Lookin' to Get Out (1982), and her film career began in earnest a decade later with the low-budget production Cyborg 2 (1993), followed by her first leading role in a major film, Hackers (1995).
8004:123145908981760::Thread-142 2020-08-09 18:59:30.214 - She starred in the critically acclaimed biographical cable films George Wallace (1997) and Gia (1998), and won an Academy Award for Best Supporting Actress for her performance in the drama Girl, Interrupted (1999).
8004:123145908981760::Thread-142 2020-08-09 18:59:31.04 - Her starring role as the video game heroine Lara Croft in Lara Croft: Tomb Raider (2001) established her as a leading Hollywood actress.
8004:123145908981760::Thread-142 2020-08-09 18:59:31.643 - She continued her action-star career with Mr. & Mrs. Smith (2005), Wanted (2008), and Salt (2010), and received critical acclaim for her performances in the dramas A Mighty Heart (2007) and Changeling (2008), which earned her a nomination for an Academy Award for Best Actress.
8005:123145908981760::Thread-142 2020-08-09 18:59:31.994 - Angkor Wat (; Khmer: អង្គរវត្ត, "City/Capital of Temples") is a temple complex in Cambodia and the largest religious monument in the world, on a site measuring 162.6 hectares (1,626,000 m2; 402 acres).
8005:123145908981760::Thread-142 2020-08-09 18:59:32.284 - Originally constructed as a Hindu temple dedicated to the god Vishnu for the Khmer Empire, it was gradually transformed into a Buddhist temple towards the end of the 12th century as such it is also described as a "Hindu-Buddhist" temple.
8006:123145908981760::Thread-142 2020-08-09 18:59:32.416 - **START**
8004:123145908981760::Thread-142 2020-08-09 18:59:32.515 - Her biggest commercial success came with the fantasy picture Maleficent (2014).
8004:123145908981760::Thread-142 2020-08-09 18:59:32.607 - In the 2010s, Jolie expanded her career into directing, screenwriting, and producing, with the war dramas In the Land of Blood and Honey (2011), Unbroken (2014), and First They Killed My Father (2017).
8006:123145908981760::Thread-142 2020-08-09 18:59:33.078 - Starting new HTTPS connection (1): en.wikipedia.org
8005:123145908981760::Thread-142 2020-08-09 18:59:33.366 - It was built by the Khmer King Suryavarman II in the early 12th century in Yaśodharapura (Khmer: យសោធរបុរៈ, present-day Angkor), the capital of the Khmer Empire, as his state temple and eventual mausoleum.
8005:123145908981760::Thread-142 2020-08-09 18:59:33.514 - Breaking from the Shaiva tradition of previous kings, Angkor Wat was instead dedicated to Vishnu.
8005:123145908981760::Thread-142 2020-08-09 18:59:33.87 - As the best-preserved temple at the site, it is the only one to have remained a significant religious centre since its foundation.
8005:123145908981760::Thread-142 2020-08-09 18:59:34.771 - The temple is at the top of the high classical style of Khmer architecture.
8005:123145908981760::Thread-142 2020-08-09 18:59:35.734 - It has become a symbol of Cambodia, appearing on its national flag, and it is the country's prime attraction for visitors.Angkor Wat combines two basic plans of Khmer temple architecture: the temple-mountain and the later galleried temple.
8005:123145908981760::Thread-142 2020-08-09 18:59:36.117 - It is designed to represent Mount Meru, home of the devas in Hindu mythology: within a moat more than 5 kilometres (3 mi) long and an outer wall 3.6 kilometres (2.2 mi) long are three rectangular galleries, each raised above the next.
8003:123145908981760::Thread-142 2020-08-09 18:59:36.269 - **START**
8002:123145908981760::Thread-142 2020-08-09 18:59:36.349 - **START**
8004:123145908981760::Thread-142 2020-08-09 18:59:36.618 - **END**
8003:123145908981760::Thread-142 2020-08-09 18:59:36.582 - Starting new HTTPS connection (1): en.wikipedia.org
8006:123145908981760::Thread-142 2020-08-09 18:59:36.709 - Noah Lindsey Cyrus (born January 8, 2000) is an American singer, songwriter, and actress.
8002:123145908981760::Thread-142 2020-08-09 18:59:36.988 - Starting new HTTPS connection (1): en.wikipedia.org
8005:123145908981760::Thread-142 2020-08-09 18:59:37.006 - At the centre of the temple stands a quincunx of towers.
8005:123145908981760::Thread-142 2020-08-09 18:59:37.334 - Unlike most Angkorian temples, Angkor Wat is oriented to the west; scholars are divided as to the significance of this.
8006:123145908981760::Thread-142 2020-08-09 18:59:39.053 - In 2016, she released her debut single "Make Me (Cry)", featuring vocals from Labrinth.
8003:123145908981760::Thread-142 2020-08-09 18:59:39.581 - The Taipei 101 (Chinese: 台北101; pinyin: Táiběi yī líng yī; stylized as TAIPEI 101), formerly known as the Taipei World Financial Center (臺北國際金融中心), is a supertall skyscraper designed by C.Y.
8004:123145908981760::Thread-142 2020-08-09 18:59:39.627 - **START**
8002:123145908981760::Thread-142 2020-08-09 18:59:40.93 - The Delhi Metro is a rapid transit system serving Delhi and its satellite cities of Ghaziabad, Faridabad, Gurgaon, Noida, Bahadurgarh and Ballabhgarh, in the National Capital Region of India.
8004:123145908981760::Thread-142 2020-08-09 18:59:41.02 - Starting new HTTPS connection (1): en.wikipedia.org
8003:123145908981760::Thread-142 2020-08-09 18:59:41.482 - Lee and C.P.
8003:123145908981760::Thread-142 2020-08-09 18:59:41.541 - Wang in Xinyi, Taipei, Taiwan.
8002:123145908981760::Thread-142 2020-08-09 18:59:41.841 - It is by far the largest and busiest metro in India, and second oldest after the Kolkata Metro.
8006:123145908981760::Thread-142 2020-08-09 18:59:41.922 - Cyrus is the fifth child of Billy Ray and Tish Cyrus, and she is the youngest sibling of Trace, Brandi, and Miley Cyrus.
8002:123145908981760::Thread-142 2020-08-09 18:59:42.418 - The network consists of Eleven colour-coded regular lines serving 285 stations with a total length of 389 kilometres (242 mi).
8002:123145908981760::Thread-142 2020-08-09 18:59:42.636 - The system has a mix of underground, at-grade, and elevated stations using both broad-gauge and standard-gauge.
8003:123145908981760::Thread-142 2020-08-09 18:59:42.806 - This building was officially classified as the world's tallest from its opening in 2004 until the 2010 completion of the Burj Khalifa in Dubai, UAE.
8002:123145908981760::Thread-142 2020-08-09 18:59:43.092 - Delhi Metro operates over 2,700 trips daily, starting at around 05:00 and ending at 23:30.Construction started in 1998, and the first elevated section (Shahdara to Tis Hazari) on the Red Line opened in 2002.
8005:123145908981760::Thread-142 2020-08-09 18:59:43.339 - **END**
8002:123145908981760::Thread-142 2020-08-09 18:59:43.367 - The first underground section (Vishwa Vidyalaya – Kashmere Gate) on the Yellow Line opened in 2004.
8003:123145908981760::Thread-142 2020-08-09 18:59:43.424 - Its elevators, capable of traveling 60.6 km/h (37.7 mph) and used to transport passengers from the 5th to 89th floor in 37 seconds, set new records upon completion.
8002:123145908981760::Thread-142 2020-08-09 18:59:43.61 - The development of the network was divided into phases.
8006:123145908981760::Thread-142 2020-08-09 18:59:43.724 - She was named one of Time's 30 Most Influential Teens in 2017.
8006:123145908981760::Thread-142 2020-08-09 18:59:44.354 - Early life
Cyrus was born January 8, 2000, in Nashville, Tennessee, to producer and director Tish Cyrus and country singer Billy Ray Cyrus.
8002:123145908981760::Thread-142 2020-08-09 18:59:44.355 - Phase I with 3 lines was completed by 2006, and Phase II in 2011.
8006:123145908981760::Thread-142 2020-08-09 18:59:44.638 - Her parents have had a volatile marriage, each filing for divorce on different occasions, but restoring their relationship.
8006:123145908981760::Thread-142 2020-08-09 18:59:44.728 - Her siblings include Miley, Braison, Brandi, Trace, and Christopher Cyrus, who have also mostly become musicians and entertainers.
8003:123145908981760::Thread-142 2020-08-09 18:59:44.839 - In 2011 Taipei 101 received a Platinum rating under the LEED certification system to become the tallest and largest green building in the world.
8002:123145908981760::Thread-142 2020-08-09 18:59:44.953 - As of March 2020, Phase III is in the finishing stage and scheduled to be mostly complete by the end of the year.
8006:123145908981760::Thread-142 2020-08-09 18:59:45.076 - Their paternal grandfather, Ron Cyrus, was a politician in Kentucky.
8002:123145908981760::Thread-142 2020-08-09 18:59:45.332 - Construction on Phase IV was formally started on 30 December 2019.
8004:123145908981760::Thread-142 2020-08-09 18:59:46.018 - Sasha Grey (born Marina Ann Hantzis, March 14, 1988) is an American actress, musician, model, and writer.
8006:123145908981760::Thread-142 2020-08-09 18:59:46.063 - Acting career
At the age of two, Cyrus began her acting career, playing Gracie Hebert on the sixth episode of the television show Doc.
8003:123145908981760::Thread-142 2020-08-09 18:59:46.225 - The structure regularly appears as an icon of Taipei in international media, and the Taipei 101 fireworks displays are a regular feature of New Year's Eve broadcasts.
8003:123145908981760::Thread-142 2020-08-09 18:59:47.818 - Taipei 101's postmodernist architectural style evokes traditional Asian aesthetics in a modern structure employing industrial materials.
8004:123145908981760::Thread-142 2020-08-09 18:59:48.325 - Grey began her acting career in the pornographic film industry, winning 15 awards for her work between 2007 and 2010, including the AVN Award for Female Performer of the Year in 2008.Grey has been featured in music videos, documentaries, advertising campaigns, artworks, and magazines.
8006:123145908981760::Thread-142 2020-08-09 18:59:48.631 - She was a background dancer in the 2009 film Hannah Montana: The Movie, and played small roles in six episodes of the Disney Channel Original Series Hannah Montana.
8003:123145908981760::Thread-142 2020-08-09 18:59:49.233 - Its design incorporates a number of features that enable the structure to withstand the Pacific Ring of Fire's earthquakes and the region's tropical storms.
8002:123145908981760::Thread-142 2020-08-09 18:59:49.336 - **END**
8003:123145908981760::Thread-142 2020-08-09 18:59:49.541 - The tower houses offices and restaurants as well as both indoor and outdoor observatories.
8004:123145908981760::Thread-142 2020-08-09 18:59:50.188 - After her 2009 feature film debut as the lead in Steven Soderbergh's The Girlfriend Experience, she starred in independent films including Open Windows, the Canadian black comedy horror film Smash Cut and the horror film Would You Rather.
8006:123145908981760::Thread-142 2020-08-09 18:59:50.638 - **END**
8003:123145908981760::Thread-142 2020-08-09 18:59:50.786 - The tower is adjoined by a multilevel shopping mall that has the world's largest ruyi symbol as an exterior feature.
8003:123145908981760::Thread-142 2020-08-09 18:59:50.981 - Taipei 101 is owned by Taipei Financial Center Corporation.
8004:123145908981760::Thread-142 2020-08-09 18:59:51.618 - In 2011, she played a fictionalized version of herself in the HBO comedy-drama series Entourage.
8003:123145908981760::Thread-142 2020-08-09 18:59:52.32 - The skyscraper opened on 31 December 2004 to celebrate New Year's Eve.
8004:123145908981760::Thread-142 2020-08-09 18:59:54.143 - Grey was a co-founder, singer, and writer of aTelecine, an industrial music band.
8004:123145908981760::Thread-142 2020-08-09 18:59:54.708 - She is the author of The Juliette Society trilogy of novels and also writes, directs, and co-produces films and music videos.
8004:123145908981760::Thread-142 2020-08-09 18:59:55.634 - Early life
Grey, whose original name is Marina Ann Hantzis, was born in North Highlands, California into a working-class family.
8004:123145908981760::Thread-142 2020-08-09 18:59:56.21 - Her father was a Greek-American who worked as a mechanic and died in June 2015.
8006:123145908981760::Thread-142 2020-08-09 18:59:56.641 - **START**
8006:123145908981760::Thread-142 2020-08-09 18:59:56.646 - Starting new HTTPS connection (1): en.wikipedia.org
8006:123145908981760::Thread-142 2020-08-09 18:59:57.301 - Miley Ray Cyrus (born Destiny Hope Cyrus; November 23, 1992) is an American singer-songwriter, actress, and record producer.
8004:123145908981760::Thread-142 2020-08-09 18:59:57.733 - Her mother is of English, Irish, and Polish descent.
8004:123145908981760::Thread-142 2020-08-09 18:59:57.769 - Grey's parents divorced before she started middle school and she was subsequently raised by her mother, who remarried in 2000.
8005:123145908981760::Thread-142 2020-08-09 18:59:58.343 - **START**
8005:123145908981760::Thread-142 2020-08-09 18:59:58.347 - Starting new HTTPS connection (1): en.wikipedia.org
8006:123145908981760::Thread-142 2020-08-09 18:59:58.57 - Her music spans a range of styles, from pop and country pop to hip hop.
8005:123145908981760::Thread-142 2020-08-09 18:59:59.683 - Zaira Wasim (born 23 October 2000) is a former Indian actress who worked in Hindi films.
8003:123145908981760::Thread-142 2020-08-09 19:00:00.321 - **END**
8005:123145908981760::Thread-142 2020-08-09 19:00:00.65 - The recipient of numerous accolades, including a Filmfare Award and a National Film Award, Wasim was honoured with the National Child Award for Exceptional Achievement by Ram Nath Kovind, the President of India, at a ceremony in New Delhi in 2017.Wasim made her film debut with the role of wrestler Geeta Phogat in the biographical sports film Dangal (2016), which emerged as the highest-grossing Indian film, grossing more than ₹2,000 crore ($300 million) worldwide.
8005:123145908981760::Thread-142 2020-08-09 19:00:00.899 - She then starred as an aspiring singer in the musical drama Secret Superstar (2017), which became the highest-grossing Indian film with a female protagonist.
8006:123145908981760::Thread-142 2020-08-09 19:00:01.436 - Cyrus' personal life, public image, and performances have often sparked controversy and received widespread media coverage.
8005:123145908981760::Thread-142 2020-08-09 19:00:01.618 - Both were backed by Aamir Khan Productions and earned her numerous accolades including the National Film Award for Best Supporting Actress for the former and the Filmfare Critics Award for Best Actress for the latter.
8005:123145908981760::Thread-142 2020-08-09 19:00:01.903 - Her last film appearance was in The Sky Is Pink (2019), which garnered her a Filmfare Award for Best Supporting Actress nomination despite underperforming commercially.
8005:123145908981760::Thread-142 2020-08-09 19:00:03.003 - Personal life
Zaira Wasim was born to a Muslim family in downtown Srinagar to Zahid and Zarqa Wasim.
8006:123145908981760::Thread-142 2020-08-09 19:00:03.632 - Cyrus, the daughter of country music singer Billy Ray Cyrus, became a teen idol while portraying the title character of the Disney Channel television series Hannah Montana (2006–2011).
8005:123145908981760::Thread-142 2020-08-09 19:00:04.96 - Her father works as an Executive Manager at J&K Bank, Srinagar and her mother is a teacher.
8006:123145908981760::Thread-142 2020-08-09 19:00:05.522 - As Hannah Montana, she attained two number-one and three top-ten soundtracks on the US Billboard 200, including the US Billboard Hot 100 top-ten single "He Could Be the One".
8004:123145908981760::Thread-142 2020-08-09 19:00:05.771 - **END**
8002:123145908981760::Thread-142 2020-08-09 19:00:06.341 - **START**
8002:123145908981760::Thread-142 2020-08-09 19:00:06.346 - Starting new HTTPS connection (1): en.wikipedia.org
8006:123145908981760::Thread-142 2020-08-09 19:00:06.449 - Cyrus' own discography includes the US number-one albums Meet Miley Cyrus (2007), Breakout (2008), and Bangerz (2013); the top-five releases Can't Be Tamed (2010), Younger Now (2017), and She Is Coming (2019); and the free SoundCloud streaming-exclusive album Miley Cyrus & Her Dead Petz (2015).
8005:123145908981760::Thread-142 2020-08-09 19:00:06.574 - Zaira completed tenth grade from St. Paul's International Academy in Sonwar, Srinagar.
8006:123145908981760::Thread-142 2020-08-09 19:00:06.902 - Her singles include the US top ten-charting "See You Again", "7 Things", "The Climb", "Party in the U.S.A.", "Can't Be Tamed", "We Can't Stop", "Malibu"; and the chart-topping "Wrecking Ball".
8005:123145908981760::Thread-142 2020-08-09 19:00:08.042 - Career
In June 2015, Wasim was signed by director Nitesh Tiwari to make her film debut with the biographical sports film Dangal (2016).
8006:123145908981760::Thread-142 2020-08-09 19:00:08.549 - Cyrus' career accolades include entries on the Time 100 list in 2008 and 2014, MTV's Best Artist of 2013 Award, and placement on Billboard's Greatest of All Time Artists Chart in 2019.
8002:123145908981760::Thread-142 2020-08-09 19:00:08.922 - MetLife Stadium is an American sports stadium located at the Meadowlands Sports Complex in East Rutherford, New Jersey, 5 mi (8 km) west of New York City.
8002:123145908981760::Thread-142 2020-08-09 19:00:09.919 - It is the home stadium of two National Football League (NFL) franchises, the New York Giants and the New York Jets.
8005:123145908981760::Thread-142 2020-08-09 19:00:10.044 - **END**
8006:123145908981760::Thread-142 2020-08-09 19:00:10.077 - She is often cited as an example of a successful child actor-turned-singer.As an actress, Cyrus has made appearances in the animated film Bolt (2008) and the feature films Hannah Montana: The Movie (2009) and The Last Song (2010).
8006:123145908981760::Thread-142 2020-08-09 19:00:10.49 - On television, Cyrus served as a coach on the singing competition series The Voice across two seasons and starred in an episode of the Netflix series Black Mirror (2019).
8002:123145908981760::Thread-142 2020-08-09 19:00:11.274 - Originally known as New Meadowlands Stadium upon opening in 2010, its naming rights were acquired in 2011 by New York City-based insurance company MetLife.
8006:123145908981760::Thread-142 2020-08-09 19:00:12.492 - **END**
8002:123145908981760::Thread-142 2020-08-09 19:00:12.689 - The stadium is owned by the MetLife Stadium Company, a joint venture of the Giants and Jets, which privately financed the construction of the venue on land belonging to the New Jersey Sports and Exposition Authority.
8002:123145908981760::Thread-142 2020-08-09 19:00:13.552 - At an approximate cost of $1.6 billion, it was the most expensive stadium ever built at the time.
8002:123145908981760::Thread-142 2020-08-09 19:00:14.155 - History
As Giants Stadium approached 30 years of age, it was becoming one of the older stadiums in the NFL.
8002:123145908981760::Thread-142 2020-08-09 19:00:15.032 - The Jets, who had been the tenants at the stadium, sought to have their own stadium built in Manhattan proper, the proposed West Side Stadium.
8002:123145908981760::Thread-142 2020-08-09 19:00:15.72 - Originally intended to be the 85,000-seat main stadium for New York's bid for the 2012 Summer Olympics, it was designed to be downsized to 75,000 seats for the Jets.
8002:123145908981760::Thread-142 2020-08-09 19:00:17.381 - However, the West Side Stadium would have required significant public funding; progress halted in 2005 due to opposition from a number of sources, including Cablevision.
8002:123145908981760::Thread-142 2020-08-09 19:00:18.742 - The Jets then entered into a joint venture with the Giants to build a new stadium in which the two teams would be equal partners.
8002:123145908981760::Thread-142 2020-08-09 19:00:20.554 - MetLife Stadium is one of only two NFL stadiums shared by two clubs.
8002:123145908981760::Thread-142 2020-08-09 19:00:25.561 - **END**