8003:123145711271936::Thread-95 2020-08-09 18:59:30.262 - **START**
8003:123145711271936::Thread-95 2020-08-09 18:59:31.148 - Starting new HTTPS connection (1): en.wikipedia.org
8004:123145711271936::Thread-95 2020-08-09 18:59:31.217 - **START**
8005:123145711271936::Thread-95 2020-08-09 18:59:31.218 - **START**
8004:123145711271936::Thread-95 2020-08-09 18:59:31.467 - Starting new HTTPS connection (1): en.wikipedia.org
8005:123145711271936::Thread-95 2020-08-09 18:59:31.831 - Starting new HTTPS connection (1): en.wikipedia.org
8003:123145711271936::Thread-95 2020-08-09 18:59:33.277 - 7 World Trade Center (7 WTC) refers to two buildings that have existed at the same location within the World Trade Center site in Lower Manhattan, New York City.
8003:123145711271936::Thread-95 2020-08-09 18:59:34.286 - The original structure, part of the original World Trade Center, was completed in 1987 and was destroyed in the September 11 attacks in 2001.
8004:123145711271936::Thread-95 2020-08-09 18:59:34.376 - Spain (Spanish: España, [esˈpaɲa] (listen)), officially the Kingdom of Spain (Spanish: Reino de España), is a country in Southwestern Europe with some pockets of territory across the Strait of Gibraltar and the Atlantic Ocean.
8003:123145711271936::Thread-95 2020-08-09 18:59:35.451 - The current structure opened in May 2006.
8003:123145711271936::Thread-95 2020-08-09 18:59:36.158 - Both buildings were developed by Larry Silverstein, who holds a ground lease for the site from the Port Authority of New York and New Jersey.
8005:123145711271936::Thread-95 2020-08-09 18:59:36.247 - The Statue of Zeus at Olympia was a giant seated figure, about 12.4 m (41 ft) tall, made by the Greek sculptor Phidias around 435 BC at the sanctuary of Olympia, Greece, and erected in the Temple of Zeus there.
8006:123145711271936::Thread-95 2020-08-09 18:59:36.249 - **START**
8004:123145711271936::Thread-95 2020-08-09 18:59:36.435 - Its continental European territory is situated on the Iberian Peninsula.
8006:123145711271936::Thread-95 2020-08-09 18:59:36.749 - Starting new HTTPS connection (1): en.wikipedia.org
8003:123145711271936::Thread-95 2020-08-09 18:59:36.899 - The original 7 World Trade Center was 47 stories tall, clad in red granite masonry, and occupied a trapezoidal footprint.
8003:123145711271936::Thread-95 2020-08-09 18:59:37.11 - An elevated walkway spanning Vesey Street connected the building to the World Trade Center plaza.
8002:123145711271936::Thread-95 2020-08-09 18:59:37.335 - **START**
8005:123145711271936::Thread-95 2020-08-09 18:59:37.543 - Zeus was the sky and thunder god in ancient Greek religion, who ruled as king of the gods of Mount Olympus.
8003:123145711271936::Thread-95 2020-08-09 18:59:37.961 - The building was situated above a Consolidated Edison power substation, which imposed unique structural design constraints.
8003:123145711271936::Thread-95 2020-08-09 18:59:38.271 - When the building opened in 1987, Silverstein had difficulties attracting tenants.
8003:123145711271936::Thread-95 2020-08-09 18:59:39.052 - Salomon Brothers signed a long-term lease in 1988 and became the main tenant of 7 WTC.
8004:123145711271936::Thread-95 2020-08-09 18:59:39.057 - Its territory also includes two archipelagos: the Canary Islands off the coast of North Africa, and the Balearic Islands in the Mediterranean Sea.
8002:123145711271936::Thread-95 2020-08-09 18:59:39.007 - Starting new HTTPS connection (1): en.wikipedia.org
8003:123145711271936::Thread-95 2020-08-09 18:59:39.67 - On September 11, 2001, the structure was substantially damaged by debris when the nearby North Tower of the World Trade Center collapsed.
8005:123145711271936::Thread-95 2020-08-09 18:59:39.76 - A chryselephantine sculpture of ivory plates and gold panels on a wooden framework, it represented the god Zeus on a cedarwood throne ornamented with ebony, ivory, gold and precious stones.
8003:123145711271936::Thread-95 2020-08-09 18:59:40.254 - The debris ignited fires on multiple lower floors of the building, which continued to burn uncontrolled throughout the afternoon.
8004:123145711271936::Thread-95 2020-08-09 18:59:40.858 - The African enclaves of Ceuta, Melilla, and Peñón de Vélez de la Gomera, makes Spain the only European country to have a physical border with an African country (Morocco).
8004:123145711271936::Thread-95 2020-08-09 18:59:40.916 - Several small islands in the Alboran Sea are also part of Spanish territory.
8004:123145711271936::Thread-95 2020-08-09 18:59:41.389 - The country's mainland is bordered to the south and east by the Mediterranean Sea except for a small land boundary with Gibraltar; to the north and northeast by France, Andorra, and the Bay of Biscay; and to the west and northwest by Portugal and the Atlantic Ocean respectively.
8006:123145711271936::Thread-95 2020-08-09 18:59:41.631 - Asa Akira (born January 3, 1986) is an American pornographic actress and adult film director.
8005:123145711271936::Thread-95 2020-08-09 18:59:42.023 - One of the Seven Wonders of the Ancient World, the statue was lost and destroyed during the 5th century AD; details of its form are known only from ancient Greek descriptions and representations on coins.
8006:123145711271936::Thread-95 2020-08-09 18:59:42.476 - Akira has appeared in over 505 adult films as of May 2016.
8004:123145711271936::Thread-95 2020-08-09 18:59:42.504 - With an area of 505,990 km2 (195,360 sq mi), Spain is the largest country in Southern Europe, the second-largest country in Western Europe and the European Union, and the fourth-largest country by area on the European continent.
8003:123145711271936::Thread-95 2020-08-09 18:59:43.257 - **END**
8006:123145711271936::Thread-95 2020-08-09 18:59:43.716 - In 2013, she became the third Asian performer (after Asia Carrera and Stephanie Swift) to win the AVN Female Performer of the Year Award.
8002:123145711271936::Thread-95 2020-08-09 18:59:44.288 - Georgia (Georgian: საქართველო, translit.
8002:123145711271936::Thread-95 2020-08-09 18:59:44.709 - : sakartvelo) is a country in the Caucasus region of Eurasia.
8005:123145711271936::Thread-95 2020-08-09 18:59:44.769 - History
The statue of Zeus was commissioned by the Eleans, custodians of the Olympic Games, in the latter half of the fifth century BC for their newly constructed Temple of Zeus.
8002:123145711271936::Thread-95 2020-08-09 18:59:45.208 - Located at the crossroads of Western Asia and Eastern Europe, it is bounded to the west by the Black Sea, to the north by Russia, to the south by Turkey and Armenia, and to the southeast by Azerbaijan.
8004:123145711271936::Thread-95 2020-08-09 18:59:45.41 - With a population exceeding 47.3 million, Spain is the sixth-most populous country in Europe, and the fourth-most populous country in the European Union.
8004:123145711271936::Thread-95 2020-08-09 18:59:45.741 - Spain's capital and largest city is Madrid; other major urban areas include Barcelona, Valencia, Seville, Zaragoza, Málaga, and Bilbao.
8006:123145711271936::Thread-95 2020-08-09 18:59:45.832 - Akira is a two-time Pornhub Awards host, she hosted the 1st and 2nd ceremonies.
8002:123145711271936::Thread-95 2020-08-09 18:59:45.936 - The capital and largest city is Tbilisi.
8005:123145711271936::Thread-95 2020-08-09 18:59:45.973 - Seeking to outdo their Athenian rivals, the Eleans employed the renowned sculptor Phidias, who had previously made the massive statue of Athena Parthenos in the Parthenon.The statue occupied half the width of the aisle of the temple built to house it.
8006:123145711271936::Thread-95 2020-08-09 18:59:46.243 - Early life
Akira was born in Manhattan, New York, the only child of Japanese immigrant parents.
8003:123145711271936::Thread-95 2020-08-09 18:59:46.26 - **START**
8003:123145711271936::Thread-95 2020-08-09 18:59:46.269 - Starting new HTTPS connection (1): en.wikipedia.org
8002:123145711271936::Thread-95 2020-08-09 18:59:46.284 - Georgia covers a territory of 69,700 square kilometres (26,911 sq mi), and its approximate population is about 3.718 million.
8006:123145711271936::Thread-95 2020-08-09 18:59:46.507 - She lived in SoHo and moved to Tokyo at age nine when her father, a portrait photographer, was relocated there for work.
8002:123145711271936::Thread-95 2020-08-09 18:59:46.725 - Georgia is a unitary parliamentary republic, with the government elected through a representative democracy.
8002:123145711271936::Thread-95 2020-08-09 18:59:46.95 - During the classical era, several independent kingdoms became established in what is now Georgia, such as Colchis and Iberia.
8002:123145711271936::Thread-95 2020-08-09 18:59:47.082 - The Georgians officially adopted Christianity in the early 4th century.
8002:123145711271936::Thread-95 2020-08-09 18:59:47.308 - The Georgian Orthodox Church had enormous importance for the spiritual and political unification of early Georgian states.
8006:123145711271936::Thread-95 2020-08-09 18:59:47.39 - She returned to the United States at age 13 and moved to Downtown Brooklyn and later Clinton Hill.
8002:123145711271936::Thread-95 2020-08-09 18:59:48.184 - The unified Kingdom of Georgia reached its Golden Age during the reign of King David the Builder and Queen Tamar the Great in the 12th and early 13th centuries.
8005:123145711271936::Thread-95 2020-08-09 18:59:48.201 - "It seems that if Zeus were to stand up," the geographer Strabo noted early in the 1st century BC, "he would unroof the temple."
8004:123145711271936::Thread-95 2020-08-09 18:59:48.248 - Modern humans first arrived in the Iberian Peninsula around 35,000 years ago.
8006:123145711271936::Thread-95 2020-08-09 18:59:48.439 - In a 2014 interview, she described her childhood as being "perfectly normal".
8002:123145711271936::Thread-95 2020-08-09 18:59:48.61 - Thereafter, the kingdom declined and eventually disintegrated under the hegemony of various regional powers, including the Mongols, the Ottoman Empire and successive dynasties of Iran.
8003:123145711271936::Thread-95 2020-08-09 18:59:49.682 - The Jonas Brothers are an American pop rock band.
8006:123145711271936::Thread-95 2020-08-09 18:59:49.968 - Her family spoke Japanese at home and were "health nuts" who avoided junk food.
8002:123145711271936::Thread-95 2020-08-09 18:59:50.616 - **END**
8005:123145711271936::Thread-95 2020-08-09 18:59:50.942 - The Zeus was a chryselephantine sculpture, made with ivory and gold panels on a wooden substructure.
8003:123145711271936::Thread-95 2020-08-09 18:59:51.019 - Formed in 2005, they gained popularity from their appearances on the Disney Channel television network.
8005:123145711271936::Thread-95 2020-08-09 18:59:51.076 - No copy in marble or bronze has survived, though there are recognizable but only approximate versions on coins of nearby Elis and on Roman coins and engraved gems.The 2nd-century AD geographer and traveler Pausanias left a detailed description: the statue was crowned with a sculpted wreath of olive sprays and wore a gilded robe made from glass and carved with animals and lilies.
8006:123145711271936::Thread-95 2020-08-09 18:59:51.419 - As a teenager, Akira worked at the children's bookstore, Books of Wonder, as a cashier.Akira was able to secure a scholarship to attend United Nations International School in Manhattan because her grandfather was a Japanese diplomat for 45 years.
8004:123145711271936::Thread-95 2020-08-09 18:59:52.26 - **END**
8002:123145711271936::Thread-95 2020-08-09 18:59:52.62 - **START**
8002:123145711271936::Thread-95 2020-08-09 18:59:52.63 - Starting new HTTPS connection (1): en.wikipedia.org
8003:123145711271936::Thread-95 2020-08-09 18:59:53.14 - They consist of three brothers: Kevin Jonas, Joe Jonas, and Nick Jonas.
8005:123145711271936::Thread-95 2020-08-09 18:59:53.298 - Its right hand held a small chryselephantine statue of crowned Nike, goddess of victory; its left a scepter inlaid with many metals, supporting an eagle.
8002:123145711271936::Thread-95 2020-08-09 18:59:54.198 - Venice (; Italian: Venezia [veˈnɛttsja] (listen); Venetian: Venesia or Venexia [veˈnɛsja]) is a city in northeastern Italy and the capital of the Veneto region.
8006:123145711271936::Thread-95 2020-08-09 18:59:54.421 - **END**
8005:123145711271936::Thread-95 2020-08-09 18:59:54.482 - The throne featured painted figures and wrought images and was decorated with gold, precious stones, ebony, and ivory.
8003:123145711271936::Thread-95 2020-08-09 18:59:54.708 - Raised in Wyckoff, New Jersey, the Jonas Brothers moved to Little Falls, New Jersey, in 2005, where they wrote their first record that made its Hollywood Records release.
8002:123145711271936::Thread-95 2020-08-09 18:59:55.496 - It is situated on a group of 118 small islands that are separated by canals and linked by over 400 bridges.
8003:123145711271936::Thread-95 2020-08-09 18:59:55.798 - In the summer of 2008, they starred in the Disney Channel Original Movie Camp Rock and its sequel, Camp Rock 2: The Final Jam.
8002:123145711271936::Thread-95 2020-08-09 18:59:56.949 - The islands are located in the shallow Venetian Lagoon, an enclosed bay that lies between the mouths of the Po and the Piave rivers (more exactly between the Brenta and the Sile).
8002:123145711271936::Thread-95 2020-08-09 18:59:58.011 - In 2018, 260,897 people resided in the Comune di Venezia, of whom around 55,000 live in the historical city of Venice (centro storico).
8003:123145711271936::Thread-95 2020-08-09 18:59:58.604 - They also starred as Kevin, Joe, and Nick Lucas from the band, JONAS, in their own Disney Channel series Jonas, which was rebranded as Jonas L.A. after the first season and cancelled after the second.
8002:123145711271936::Thread-95 2020-08-09 18:59:58.771 - Together with Padua and Treviso, the city is included in the Padua-Treviso-Venice Metropolitan Area (PATREVE), which is considered a statistical metropolitan area, with a total population of 2.6 million.The name is derived from the ancient Veneti people who inhabited the region by the 10th century BC.
8002:123145711271936::Thread-95 2020-08-09 18:59:59.453 - The city was historically the capital of the Republic of Venice for a millennium and more, from 697 to 1797.
8003:123145711271936::Thread-95 2020-08-09 19:00:00.098 - The band have released five albums: It's About Time (2006), Jonas Brothers (2007), A Little Bit Longer (2008), Lines, Vines and Trying Times (2009), and Happiness Begins (2019).
8003:123145711271936::Thread-95 2020-08-09 19:00:00.485 - In 2008, the group was nominated for the Best New Artist award at the 51st Grammy Awards and won the award for Breakthrough Artist at the American Music Awards.
8002:123145711271936::Thread-95 2020-08-09 19:00:01.251 - It was a major financial and maritime power during the Middle Ages and Renaissance, and a staging area for the Crusades and the Battle of Lepanto, as well as an important center of commerce—especially silk, grain, and spice, and of art from the 13th century to the end of the 17th.
8006:123145711271936::Thread-95 2020-08-09 19:00:01.429 - **START**
8002:123145711271936::Thread-95 2020-08-09 19:00:01.519 - The city-state of Venice is considered to have been the first real international financial center, emerging in the 9th century and reaching its greatest prominence in the 14th century.
8006:123145711271936::Thread-95 2020-08-09 19:00:01.519 - Starting new HTTPS connection (1): en.wikipedia.org
8003:123145711271936::Thread-95 2020-08-09 19:00:02.098 - As of May 2009, before the release of Lines, Vines and Trying Times, they had sold over eight million albums worldwide.
8006:123145711271936::Thread-95 2020-08-09 19:00:03.058 - The Forbidden City (Chinese: 故宫; pinyin: Gùgōng) is a palace complex in central Beijing, China.
8002:123145711271936::Thread-95 2020-08-09 19:00:03.171 - This made Venice a wealthy city throughout most of its history.
8005:123145711271936::Thread-95 2020-08-09 19:00:03.488 - **END**
8006:123145711271936::Thread-95 2020-08-09 19:00:03.519 - It houses the Palace Museum, and was the former Chinese imperial palace and state residence of the Emperor of China from the Ming dynasty (since the Yongle Emperor) to the end of the Qing dynasty, between 1420 and 1924.
8006:123145711271936::Thread-95 2020-08-09 19:00:03.7 - The Forbidden City served as the home of Chinese emperors and their households and was the ceremonial and political center of the Chinese government for almost 500 years.
8006:123145711271936::Thread-95 2020-08-09 19:00:04.209 - Constructed from 1406 to 1420, the complex consists of 980 buildings and covers 72 hectares (over 180 acres).
8002:123145711271936::Thread-95 2020-08-09 19:00:04.876 - After the Napoleonic Wars and the Congress of Vienna, the Republic was annexed by the Austrian Empire, until it became part of the Kingdom of Italy in 1866, following a referendum held as a result of the Third Italian War of Independence.
8003:123145711271936::Thread-95 2020-08-09 19:00:05.092 - After a hiatus during 2010 and 2011 to pursue solo-projects, the group reconciled in 2012 to record a new album, which was cancelled following their break-up on October 29, 2013.
8006:123145711271936::Thread-95 2020-08-09 19:00:05.808 - The palace exemplifies traditional Chinese palatial architecture, and has influenced cultural and architectural developments in East Asia and elsewhere.
8002:123145711271936::Thread-95 2020-08-09 19:00:06.795 - Venice has been known as "La Dominante", "La Serenissima", "Queen of the Adriatic", "City of Water", "City of Masks", "City of Bridges", "The Floating City", and "City of Canals".
8004:123145711271936::Thread-95 2020-08-09 19:00:07.262 - **START**
8004:123145711271936::Thread-95 2020-08-09 19:00:07.292 - Starting new HTTPS connection (1): en.wikipedia.org
8006:123145711271936::Thread-95 2020-08-09 19:00:07.803 - The Forbidden City was declared a World Heritage Site in 1987, and is listed by UNESCO as the largest collection of preserved ancient wooden structures in the world.
8006:123145711271936::Thread-95 2020-08-09 19:00:07.887 - Since 1925, the Forbidden City has been under the charge of the Palace Museum, whose extensive collection of artwork and artifacts were built upon the imperial collections of the Ming and Qing dynasties.
8006:123145711271936::Thread-95 2020-08-09 19:00:08.345 - Part of the museum's former collection is now in the National Palace Museum in Taipei.
8006:123145711271936::Thread-95 2020-08-09 19:00:08.807 - Both museums descend from the same institution, but were split after the Chinese Civil War.
8004:123145711271936::Thread-95 2020-08-09 19:00:09.165 - Demetria Devonne  Lovato ( lə-VAH-toh; born August 20, 1992) is an American singer, songwriter, actress, and television personality.
8003:123145711271936::Thread-95 2020-08-09 19:00:10.097 - **END**
8004:123145711271936::Thread-95 2020-08-09 19:00:10.237 - After appearing on the children's television series Barney & Friends (2002–2004), she rose to prominence for her role as Mitchie Torres in the Disney Channel musical television film Camp Rock (2008) and its sequel Camp Rock 2: The Final Jam (2010).
8006:123145711271936::Thread-95 2020-08-09 19:00:10.643 - Since 2012, the Forbidden City has seen an average of 14 million visitors annually, and received more than 19 million visitors in 2019.
8004:123145711271936::Thread-95 2020-08-09 19:00:10.669 - The former film's soundtrack included "This Is Me", Lovato's duet with Joe Jonas, which peaked in the top ten of the Billboard Hot 100.
8006:123145711271936::Thread-95 2020-08-09 19:00:12.649 - **END**
8004:123145711271936::Thread-95 2020-08-09 19:00:12.659 - After signing with Hollywood Records, Lovato released her pop rock debut album, Don't Forget (2008), which debuted at number two on the Billboard 200.
8002:123145711271936::Thread-95 2020-08-09 19:00:12.802 - **END**
8004:123145711271936::Thread-95 2020-08-09 19:00:12.92 - Its follow up, Here We Go Again (2009), debuted at number one in the US, while its title track peaked in the top 15 of the country.
8004:123145711271936::Thread-95 2020-08-09 19:00:14.382 - Lovato's third studio album, Unbroken (2011), experimented with pop and R&B.
8004:123145711271936::Thread-95 2020-08-09 19:00:15.223 - It spawned two singles: "Skyscraper", which peaked in the top ten of the US, and "Give Your Heart a Break".
8004:123145711271936::Thread-95 2020-08-09 19:00:15.989 - Lovato's fourth studio album, Demi (2013), debuted with US sales of 110,000 copies, her highest first-week sales in the country.
8004:123145711271936::Thread-95 2020-08-09 19:00:17.669 - Its lead single, "Heart Attack", peaked in the top ten of the US while also becoming her first top-three single on the UK Singles Chart.
8004:123145711271936::Thread-95 2020-08-09 19:00:19.139 - For her fifth and sixth studio albums, Confident (2015) and Tell Me You Love Me (2017), Lovato infused soul and focused on more mature content as opposed to her previous work.
8004:123145711271936::Thread-95 2020-08-09 19:00:19.2 - The latter became her first album to be certified Platinum by the RIAA, and its lead single, "Sorry Not Sorry", became her highest peaking single in the US, reaching number six, and her first single to be certified 5x Platinum in the US.
8004:123145711271936::Thread-95 2020-08-09 19:00:19.71 - In 2020, Lovato released the singles "Anyone", "I Love Me", and "I'm Ready" with Sam Smith, which reached the top 40 in twenty-two countries, and the first two became Lovato's first number-one singles on Billboard's Digital Songs chart.
8004:123145711271936::Thread-95 2020-08-09 19:00:21.711 - **END**