8004:123146338054144::Thread-244 2020-08-09 18:59:34.322 - **START**
8005:123146338054144::Thread-244 2020-08-09 18:59:35.257 - **START**
8004:123146338054144::Thread-244 2020-08-09 18:59:35.621 - Starting new HTTPS connection (1): en.wikipedia.org
8005:123146338054144::Thread-244 2020-08-09 18:59:38.069 - Starting new HTTPS connection (1): en.wikipedia.org
8003:123146338054144::Thread-244 2020-08-09 18:59:38.352 - **START**
8006:123146338054144::Thread-244 2020-08-09 18:59:39.283 - **START**
8002:123146338054144::Thread-244 2020-08-09 18:59:40.377 - **START**
8006:123146338054144::Thread-244 2020-08-09 18:59:40.768 - Starting new HTTPS connection (1): en.wikipedia.org
8003:123146338054144::Thread-244 2020-08-09 18:59:40.899 - Starting new HTTPS connection (1): en.wikipedia.org
8004:123146338054144::Thread-244 2020-08-09 18:59:40.971 - Orenthal James Simpson (born July 9, 1947), nicknamed "The Juice", is an American former football running back, broadcaster, actor, advertising spokesman, and convicted felon.
8002:123146338054144::Thread-244 2020-08-09 18:59:41.03 - Starting new HTTPS connection (1): en.wikipedia.org
8004:123146338054144::Thread-244 2020-08-09 18:59:41.574 - Once a popular figure with the U.S. public, he is best known for being tried for the murders of his former wife, Nicole Brown Simpson, and her friend, Ron Goldman.
8004:123146338054144::Thread-244 2020-08-09 18:59:41.975 - Simpson was acquitted of the murders in criminal court, but was later found responsible for both deaths in a civil trial.
8005:123146338054144::Thread-244 2020-08-09 18:59:42.103 - Charles, Prince of Wales (Charles Philip Arthur George; born 14 November 1948) is the heir apparent to the British throne as the eldest child of Queen Elizabeth II.
8004:123146338054144::Thread-244 2020-08-09 18:59:42.709 - Simpson attended the University of Southern California (USC), where he played football for the USC Trojans and won the Heisman Trophy in 1968.
8004:123146338054144::Thread-244 2020-08-09 18:59:43.707 - He played professionally as a running back in the National Football League (NFL) for 11 seasons, primarily with the Buffalo Bills from 1969 to 1977.
8004:123146338054144::Thread-244 2020-08-09 18:59:43.724 - He also played for the San Francisco 49ers from 1978 to 1979.
8003:123146338054144::Thread-244 2020-08-09 18:59:44.095 - The England national football team represents England in  men's international football and is governed by The Football Association, the governing body for football in England.
8004:123146338054144::Thread-244 2020-08-09 18:59:44.16 - In 1973, he became the first NFL player to rush for more than 2,000 yards in a season.
8005:123146338054144::Thread-244 2020-08-09 18:59:44.232 - He has been Duke of Cornwall and Duke of Rothesay since 1952, and he is the oldest and longest-serving heir apparent in British history.
8003:123146338054144::Thread-244 2020-08-09 18:59:44.381 - It competes in the three major international tournaments; the FIFA World Cup, the UEFA European Championship and the UEFA Nations League.
8006:123146338054144::Thread-244 2020-08-09 18:59:44.508 - The Illuminati (plural of Latin illuminatus, 'enlightened') is a name given to several groups, both real and fictitious.
8004:123146338054144::Thread-244 2020-08-09 18:59:44.624 - He holds the record for the single season yards-per-game average, which stands at 143.1.
8005:123146338054144::Thread-244 2020-08-09 18:59:44.653 - He is also the longest-serving Prince of Wales, having held that title since 1958.Charles was born at Buckingham Palace as the first grandchild of King George VI and Queen Elizabeth.
8005:123146338054144::Thread-244 2020-08-09 18:59:44.713 - He was educated at Cheam and Gordonstoun schools, which his father, Prince Philip, Duke of Edinburgh, had attended as a child.
8002:123146338054144::Thread-244 2020-08-09 18:59:44.764 - Ryan Rodney Reynolds (born October 23, 1976) is a Canadian-American actor, film producer and entrepreneur.
8003:123146338054144::Thread-244 2020-08-09 18:59:44.889 - England, as a country of the United Kingdom, is not a member of the International Olympic Committee and therefore the national team does not compete at the Olympic Games.
8002:123146338054144::Thread-244 2020-08-09 18:59:45.109 - He began his career starring in the Canadian teen soap opera Hillside (1991–1993) and had minor roles before landing the lead role on the sitcom Two Guys and a Girl between 1998 and 2001.
8003:123146338054144::Thread-244 2020-08-09 18:59:45.144 - England is the oldest national team in football.
8004:123146338054144::Thread-244 2020-08-09 18:59:45.349 - He was the only player to ever rush for over 2,000 yards in the 14-game regular season NFL format.
8004:123146338054144::Thread-244 2020-08-09 18:59:45.439 - Simpson was inducted into the College Football Hall of Fame in 1983 and the Pro Football Hall of Fame in 1985.
8003:123146338054144::Thread-244 2020-08-09 18:59:45.593 - They played in the world's first international football match in 1872, against Scotland.
8006:123146338054144::Thread-244 2020-08-09 18:59:45.707 - Historically, the name usually refers to the Bavarian Illuminati, an Enlightenment-era secret society founded on 1 May 1776 in Bavaria, today part of Germany.
8003:123146338054144::Thread-244 2020-08-09 18:59:45.731 - England's home ground is Wembley Stadium, London, and their headquarters is at St George's Park, Burton upon Trent.
8005:123146338054144::Thread-244 2020-08-09 18:59:45.865 - Charles also spent a year at the Timbertop campus of Geelong Grammar School in Victoria, Australia.
8002:123146338054144::Thread-244 2020-08-09 18:59:46.112 - Reynolds then starred in a range of films, including comedies such as National Lampoon's Van Wilder (2002), Waiting... (2005), and The Proposal (2009).
8003:123146338054144::Thread-244 2020-08-09 18:59:46.158 - The team's manager is Gareth Southgate.
8006:123146338054144::Thread-244 2020-08-09 18:59:46.422 - The society's goals were to oppose superstition, obscurantism, religious influence over public life, and abuses of state power.
8004:123146338054144::Thread-244 2020-08-09 18:59:46.441 - **END**
8003:123146338054144::Thread-244 2020-08-09 18:59:46.682 - Since first entering the tournament in 1950, England has qualified for the FIFA World Cup 15 times.
8003:123146338054144::Thread-244 2020-08-09 18:59:46.74 - They won the 1966 World Cup, when they hosted the finals, and finished fourth in 1990 and 2018.
8005:123146338054144::Thread-244 2020-08-09 18:59:46.759 - After earning a Bachelor of Arts degree from the University of Cambridge, Charles served in the Royal Air Force and Royal Navy from 1971 to 1976.
8005:123146338054144::Thread-244 2020-08-09 18:59:46.868 - In 1981, he married Lady Diana Spencer, and they had two sons: Prince William (b.
8006:123146338054144::Thread-244 2020-08-09 18:59:46.883 - "The order of the day," they wrote in their general statutes, "is to put an end to the machinations of the purveyors of injustice, to control them without dominating them."
8005:123146338054144::Thread-244 2020-08-09 18:59:47.087 - 1982) and Prince Harry (b.
8003:123146338054144::Thread-244 2020-08-09 18:59:47.599 - Since first entering in 1964, England have never won the UEFA European Championship, with their best performances being third-place finishes in 1968 and 1996, the latter as hosts.
8003:123146338054144::Thread-244 2020-08-09 18:59:47.6 - **END**
8005:123146338054144::Thread-244 2020-08-09 18:59:48.281 - 1984).
8002:123146338054144::Thread-244 2020-08-09 18:59:48.358 - He also performed in dramatic roles in Buried (2010), Woman in Gold (2015), and Life (2017), starred in action films such as Blade: Trinity (2004), Deadpool (2016), and 6 Underground  (2019) and provided voice acting in the animated features The Croods and Turbo (2013) and Pokemon: Detective Pikachu (2019).
8006:123146338054144::Thread-244 2020-08-09 18:59:48.585 - The Illuminati—along with Freemasonry and other secret societies—were outlawed through edict by Charles Theodore, Elector of Bavaria with the encouragement of the Catholic Church, in 1784, 1785, 1787, and 1790.
8005:123146338054144::Thread-244 2020-08-09 18:59:48.872 - In 1996, the couple divorced following well-publicised extramarital affairs by both parties.
8005:123146338054144::Thread-244 2020-08-09 18:59:49.29 - Diana died as the result of a car crash in Paris the following year.
8002:123146338054144::Thread-244 2020-08-09 18:59:49.789 - Reynolds' biggest commercial success came with the superhero films Deadpool (2016) and Deadpool 2 (2018), in which he played the title character.
8006:123146338054144::Thread-244 2020-08-09 18:59:49.999 - In the following several years, the group was vilified by conservative and religious critics who claimed that they continued underground and were responsible for the French Revolution.
8006:123146338054144::Thread-244 2020-08-09 18:59:50.809 - Many influential intellectuals and progressive politicians counted themselves as members, including Ferdinand of Brunswick and the diplomat Franz Xaver von Zwackh, who was the Order's second-in-command.
8005:123146338054144::Thread-244 2020-08-09 18:59:51.292 - **END**
8003:123146338054144::Thread-244 2020-08-09 18:59:51.607 - **START**
8003:123146338054144::Thread-244 2020-08-09 18:59:51.611 - Starting new HTTPS connection (1): en.wikipedia.org
8002:123146338054144::Thread-244 2020-08-09 18:59:52.348 - The former set numerous records at the time of its release for an R-rated comedy and his performance earned him nominations at the Critics' Choice Movie Awards and the Golden Globe Awards.
8003:123146338054144::Thread-244 2020-08-09 18:59:52.438 - John F. Kennedy International Airport (IATA: JFK, ICAO: KJFK, FAA LID: JFK) (colloquially referred to as JFK Airport) is an international airport in Queens, New York, USA.
8002:123146338054144::Thread-244 2020-08-09 18:59:52.569 - Reynolds was awarded a star on the Hollywood Walk of Fame in 2017.
8006:123146338054144::Thread-244 2020-08-09 18:59:52.651 - It attracted literary men such as Johann Wolfgang von Goethe and Johann Gottfried Herder and the reigning Duke of Gotha and of Weimar.In subsequent use, "Illuminati" has referred to various organisations which have claimed or have been claimed to be connected to the original Bavarian Illuminati or similar secret societies, though these links have been unsubstantiated.
8003:123146338054144::Thread-244 2020-08-09 18:59:53.148 - It is the primary international airport serving New York City.
8003:123146338054144::Thread-244 2020-08-09 18:59:54.382 - The airport is the busiest international air passenger gateway into North America, the 21st-busiest airport in the world, the sixth-busiest airport in the United States, and the busiest airport in the New York airport system, having handled over 62.5 million passengers in 2019.
8006:123146338054144::Thread-244 2020-08-09 18:59:54.414 - These organisations have often been alleged to conspire to control world affairs, by masterminding events and planting agents in government and corporations, in order to gain political power and influence and to establish a New World Order.
8002:123146338054144::Thread-244 2020-08-09 18:59:55.023 - He was married to actress Scarlett Johansson from 2008 to 2011 and since 2012, has been married to actress Blake Lively, with whom he has three daughters.
8003:123146338054144::Thread-244 2020-08-09 18:59:56.25 - More than ninety airlines operate from the airport, with nonstop or direct flights to destinations in all six inhabited continents.JFK is located in the Jamaica neighborhood of Queens in New York, 16 miles (26 km) southeast of Midtown Manhattan.
8006:123146338054144::Thread-244 2020-08-09 18:59:56.374 - Central to some of the more widely known and elaborate conspiracy theories, the Illuminati have been depicted as lurking in the shadows and pulling the strings and levers of power in dozens of novels, films, television shows, comics, video games, and music videos.
8002:123146338054144::Thread-244 2020-08-09 18:59:56.482 - Early life
Ryan Rodney Reynolds was born on October 23, 1976, in Vancouver, British Columbia, the youngest of four sons of food wholesaler James Chester Reynolds and retail saleswoman Tamara Lee (née Stewart).
8006:123146338054144::Thread-244 2020-08-09 18:59:57.948 - History


Origins

Adam Weishaupt (1748–1830) became professor of Canon Law and practical philosophy at the University of Ingolstadt in 1773.
8003:123146338054144::Thread-244 2020-08-09 18:59:57.968 - The airport features six passenger terminals and four runways.
8004:123146338054144::Thread-244 2020-08-09 18:59:58.48 - **START**
8004:123146338054144::Thread-244 2020-08-09 18:59:58.634 - Starting new HTTPS connection (1): en.wikipedia.org
8003:123146338054144::Thread-244 2020-08-09 18:59:59.134 - JFK is one of only three airports in the United States, with Chicago-O'Hare and Los Angeles International, that is used as hub for more than one of the three U.S. mainline carriers.
8004:123146338054144::Thread-244 2020-08-09 19:00:00.226 - Michael Fred Phelps II (born June 30, 1985) is an American former competitive swimmer and the most successful and most decorated Olympian of all time, with a total of 28 medals.
8004:123146338054144::Thread-244 2020-08-09 19:00:00.815 - Phelps also holds the all-time records for Olympic gold medals (23), Olympic gold medals in individual events (13), and Olympic medals in individual events (16).
8003:123146338054144::Thread-244 2020-08-09 19:00:01.133 - JFK is a hub for both American Airlines and Delta Air Lines, and it is the primary operating base for JetBlue.
8003:123146338054144::Thread-244 2020-08-09 19:00:01.344 - JFK was also formerly a hub for Pan Am, TWA, Eastern, National, and Tower Air.
8004:123146338054144::Thread-244 2020-08-09 19:00:01.467 - When he won eight gold medals at the 2008 Beijing Games, Phelps broke fellow American swimmer Mark Spitz's 1972 record of seven first-place finishes at any single Olympic Games.
8003:123146338054144::Thread-244 2020-08-09 19:00:01.601 - The facility opened in 1948 as New York International Airport and was commonly known as Idlewild Airport.
8003:123146338054144::Thread-244 2020-08-09 19:00:01.688 - Following John F. Kennedy's assassination in 1963, the airport was renamed John F. Kennedy International Airport as a tribute to the 35th President.
8004:123146338054144::Thread-244 2020-08-09 19:00:01.692 - At the 2004 Summer Olympics in Athens, Phelps had already tied the record of eight medals of any color at a single Games by winning six gold and two bronze medals.
8006:123146338054144::Thread-244 2020-08-09 19:00:01.95 - **END**
8004:123146338054144::Thread-244 2020-08-09 19:00:02.143 - At the 2012 Summer Olympics in London, Phelps won four gold and two silver medals, and at the 2016 Summer Olympics in Rio de Janeiro, he won five gold medals and one silver.
8004:123146338054144::Thread-244 2020-08-09 19:00:02.998 - This made him the most successful athlete of the Games for the fourth Olympics in a row.Phelps is the long course world record holder in the men's 400-meter individual medley as well as the former long course world record holder in the 200-meter freestyle, 100-meter butterfly, 200-meter butterfly, and 200-meter individual medley.
8003:123146338054144::Thread-244 2020-08-09 19:00:03.002 - History


Construction
John F. Kennedy International Airport was originally called Idlewild Airport (IATA: IDL, ICAO: KIDL, FAA LID: IDL) after the Idlewild Beach Golf Course that it displaced.
8004:123146338054144::Thread-244 2020-08-09 19:00:03.025 - He has won 82 medals in major international long course competitions, of which 65 were gold, 14 silver, and three bronze, spanning the Olympics, the World Championships, and the Pan Pacific Championships.
8004:123146338054144::Thread-244 2020-08-09 19:00:03.602 - Phelps's international titles and record-breaking performances have earned him the World Swimmer of the Year Award eight times and American Swimmer of the Year Award eleven times, as well as the FINA Swimmer of the Year Award in 2012 and 2016.
8005:123146338054144::Thread-244 2020-08-09 19:00:04.293 - **START**
8005:123146338054144::Thread-244 2020-08-09 19:00:04.34 - Starting new HTTPS connection (1): en.wikipedia.org
8004:123146338054144::Thread-244 2020-08-09 19:00:04.558 - Phelps earned Sports Illustrated magazine's Sportsman of the Year award due to his unprecedented Olympic success in the 2008 Games.
8004:123146338054144::Thread-244 2020-08-09 19:00:04.589 - After the 2008 Summer Olympics, Phelps started the Michael Phelps Foundation, which focuses on growing the sport of swimming and promoting healthier lifestyles.
8002:123146338054144::Thread-244 2020-08-09 19:00:05.486 - **END**
8005:123146338054144::Thread-244 2020-08-09 19:00:05.508 - Ronaldo de Assis Moreira (born 21 March 1980), commonly known as Ronaldinho Gaúcho (Brazilian Portuguese: [ʁonawˈdʒĩɲu gaˈuʃu]) or simply Ronaldinho, is a Brazilian former professional footballer and ambassador for Barcelona.
8004:123146338054144::Thread-244 2020-08-09 19:00:05.591 - **END**
8005:123146338054144::Thread-244 2020-08-09 19:00:06.496 - He played mostly as an attacking midfielder, but was also deployed as a forward or a winger.
8005:123146338054144::Thread-244 2020-08-09 19:00:06.667 - Often considered one of the best players of his generation and regarded by many as one of the greatest of all time, Ronaldinho won two FIFA World Player of the Year awards and a Ballon d'Or.
8005:123146338054144::Thread-244 2020-08-09 19:00:07.477 - He was renowned for his technical skills and creativity; due to his agility, pace and
dribbling ability, as well as his use of tricks, feints, overhead kicks, no-look passes and accuracy from free-kicks.
8005:123146338054144::Thread-244 2020-08-09 19:00:07.92 - Ronaldinho made his career debut for Grêmio, in 1998.
8005:123146338054144::Thread-244 2020-08-09 19:00:07.956 - At age 20, he moved to Paris Saint-Germain in France before signing for Barcelona in 2003.
8005:123146338054144::Thread-244 2020-08-09 19:00:08.849 - In his second season with Barcelona, he won his first FIFA World Player of the Year award, as Barcelona won the 2004–05 La Liga title.
8003:123146338054144::Thread-244 2020-08-09 19:00:09.004 - **END**
8005:123146338054144::Thread-244 2020-08-09 19:00:09.305 - The season that followed is considered one of the best in his career as he was integral in Barcelona winning the UEFA Champions League, their first in fourteen years, as well as another La Liga title, giving Ronaldinho his first career double.
8005:123146338054144::Thread-244 2020-08-09 19:00:09.64 - After scoring two spectacular solo goals in the first 2005-06 El Clásico, Ronaldinho became the second Barcelona player, after Diego Maradona in 1983, to receive a standing ovation from Real Madrid fans at the Santiago Bernabéu.
8005:123146338054144::Thread-244 2020-08-09 19:00:10.187 - Ronaldinho also received his second FIFA World Player of the Year award, as well as the Ballon d'Or.
8005:123146338054144::Thread-244 2020-08-09 19:00:12.193 - **END**