8002:123146283368448::Thread-231 2020-08-09 18:59:26.37 - **START**
8002:123146283368448::Thread-231 2020-08-09 18:59:26.425 - Starting new HTTPS connection (1): en.wikipedia.org
8002:123146283368448::Thread-231 2020-08-09 18:59:27.627 - Shaquille Rashaun "Shaq" O'Neal ( shə-KEEL;  SHAK; born March 6, 1972) is an American former professional basketball player who is a sports analyst on the television program Inside the NBA on TNT.
8002:123146283368448::Thread-231 2020-08-09 18:59:27.636 - He is widely considered one of the greatest players in National Basketball Association (NBA) history.
8002:123146283368448::Thread-231 2020-08-09 18:59:27.996 - At 7 ft 1 in (2.16 m) tall and 325 pounds (147 kg), he was one of the tallest and heaviest players ever.
8002:123146283368448::Thread-231 2020-08-09 18:59:28.703 - O'Neal played for six teams over his 19-year career.
8002:123146283368448::Thread-231 2020-08-09 18:59:29.128 - Following his time at Louisiana State University, O'Neal was drafted by the Orlando Magic with the first overall pick in the 1992 NBA draft.
8002:123146283368448::Thread-231 2020-08-09 18:59:29.442 - He quickly became one of the best centers in the league, winning Rookie of the Year in 1992–93 and leading his team to the 1995 NBA Finals.
8002:123146283368448::Thread-231 2020-08-09 18:59:30.585 - After four years with the Magic, O'Neal signed as a free agent with the Los Angeles Lakers.
8002:123146283368448::Thread-231 2020-08-09 18:59:30.89 - They won three consecutive championships in 2000, 2001, and 2002.
8002:123146283368448::Thread-231 2020-08-09 18:59:31.115 - Amid tension between O'Neal and Kobe Bryant, O'Neal was traded to the Miami Heat in 2004, and his fourth NBA championship followed in 2006.
8002:123146283368448::Thread-231 2020-08-09 18:59:31.352 - Midway through the 2007–2008 season he was traded to the Phoenix Suns.
8002:123146283368448::Thread-231 2020-08-09 18:59:31.419 - After a season-and-a-half with the Suns, O'Neal was traded to the Cleveland Cavaliers in the 2009–10 season.
8002:123146283368448::Thread-231 2020-08-09 18:59:33.439 - **END**
8004:123146283368448::Thread-231 2020-08-09 18:59:38.263 - **START**
8006:123146283368448::Thread-231 2020-08-09 18:59:38.293 - **START**
8003:123146283368448::Thread-231 2020-08-09 18:59:38.353 - **START**
8006:123146283368448::Thread-231 2020-08-09 18:59:38.729 - Starting new HTTPS connection (1): en.wikipedia.org
8005:123146283368448::Thread-231 2020-08-09 18:59:39.258 - **START**
8002:123146283368448::Thread-231 2020-08-09 18:59:40.458 - **START**
8003:123146283368448::Thread-231 2020-08-09 18:59:40.893 - Starting new HTTPS connection (1): en.wikipedia.org
8005:123146283368448::Thread-231 2020-08-09 18:59:41.025 - Starting new HTTPS connection (1): en.wikipedia.org
8002:123146283368448::Thread-231 2020-08-09 18:59:41.029 - Starting new HTTPS connection (1): en.wikipedia.org
8004:123146283368448::Thread-231 2020-08-09 18:59:41.033 - Starting new HTTPS connection (1): en.wikipedia.org
8006:123146283368448::Thread-231 2020-08-09 18:59:42.566 - The Arc de Triomphe de l'Étoile (UK: , US: , French: [aʁk də tʁijɔ̃f də letwal] (listen); lit.
8006:123146283368448::Thread-231 2020-08-09 18:59:42.742 - '"Triumphal Arch of the Star"') is one of the most famous monuments in Paris, France, standing at the western end of the Champs-Élysées at the centre of Place Charles de Gaulle, formerly named Place de l'Étoile—the étoile or "star" of the juncture formed by its twelve radiating avenues.
8003:123146283368448::Thread-231 2020-08-09 18:59:43.208 - The Washington Monument is an obelisk on the National Mall in Washington, D.C., built to commemorate George Washington, once commander-in-chief of the Continental Army (1775–1784), in the American Revolutionary War and the first President of the United States (1789–1797).
8006:123146283368448::Thread-231 2020-08-09 18:59:43.583 - The location of the arc and the plaza is shared between three arrondissements, 16th (south and west), 17th (north) and 8th (east).
8003:123146283368448::Thread-231 2020-08-09 18:59:44.022 - Located almost due east of the Reflecting Pool and the Lincoln Memorial, the monument, made of marble, granite, and bluestone gneiss, is both the world's tallest predominantly stone structure and the world's tallest obelisk, standing 554 feet 7 11⁄32 inches (169.046 m) tall according to the U.S. National Geodetic Survey (measured 2013–14) or 555 feet 5 1⁄8 inches (169.294 m) tall according to the National Park Service (measured 1884).
8005:123146283368448::Thread-231 2020-08-09 18:59:44.09 - London is the capital and largest city of England and the United Kingdom.
8002:123146283368448::Thread-231 2020-08-09 18:59:44.576 - The Palace of Versailles ( vair-SY, vur-SY; French: Château de Versailles [ʃɑto d(ə) vɛʁsɑj] (listen)) was the principal royal residence of France from 1682, under Louis XIV, until the start of the French Revolution in 1789, under Louis XVI.
8004:123146283368448::Thread-231 2020-08-09 18:59:44.598 - Marshall Bruce Mathers III (born October 17, 1972), known professionally as Eminem (; often stylized as EMINƎM), is an American rapper, songwriter, and record producer.
8003:123146283368448::Thread-231 2020-08-09 18:59:44.636 - It is the tallest monumental column in the world if all are measured above their pedestrian entrances.
8002:123146283368448::Thread-231 2020-08-09 18:59:44.672 - It is located in the department of Yvelines, in the region of Île-de-France, about 20 kilometres (12 miles) southwest of the centre of Paris.A simple hunting lodging and later a small château with a moat occupied the site until 1661, when the first work expanding the château into a palace was carried out for Louis XIV.
8003:123146283368448::Thread-231 2020-08-09 18:59:45.063 - Overtaking the Cologne Cathedral, it was the tallest structure in the world between 1884 and 1889, after which it was overtaken by the Eiffel Tower in Paris.
8006:123146283368448::Thread-231 2020-08-09 18:59:45.073 - The Arc de Triomphe honours those who fought and died for France in the French Revolutionary and Napoleonic Wars, with the names of all French victories and generals inscribed on its inner and outer surfaces.
8003:123146283368448::Thread-231 2020-08-09 18:59:45.154 - Construction of the monument began in 1848 and was halted for a period of 23 years, from 1854 to 1877 due to a lack of funds, a struggle for control over the Washington National Monument Society, and the American Civil War.
8004:123146283368448::Thread-231 2020-08-09 18:59:45.425 - Credited with popularizing hip hop in Middle America, Eminem's global success and acclaimed works are widely regarded as having broken racial barriers for the acceptance of white rappers in popular music.
8005:123146283368448::Thread-231 2020-08-09 18:59:45.725 - The city stands on the River Thames in the south-east of England, at the head of its 50-mile (80 km) estuary leading to the North Sea, London has been a major settlement for two millennia.
8004:123146283368448::Thread-231 2020-08-09 18:59:46.027 - While much of his transgressive work during the early 2000s made him hugely controversial, he came to be a representation of popular angst and the American underclass.
8002:123146283368448::Thread-231 2020-08-09 18:59:46.099 - In 1682, when the palace had become large enough, the king moved the entire royal court and the French government to Versailles.
8003:123146283368448::Thread-231 2020-08-09 18:59:46.099 - Although the stone structure was completed in 1884, internal ironwork, the knoll, and installation of memorial stones were not completed until 1888.
8003:123146283368448::Thread-231 2020-08-09 18:59:46.714 - A difference in shading of the marble, visible approximately 150 feet (46 m) or 27% up, shows where construction was halted and later resumed with marble from a different source.
8004:123146283368448::Thread-231 2020-08-09 18:59:46.879 - He has been influential for many artists of various genres and is often cited as one of the greatest rappers of all time.After his debut album Infinite (1996) and the extended play Slim Shady EP (1997), Eminem signed with Dr. Dre's Aftermath Entertainment and subsequently achieved mainstream popularity in 1999 with The Slim Shady LP.
8005:123146283368448::Thread-231 2020-08-09 18:59:46.889 - Londinium was founded by the Romans.
8003:123146283368448::Thread-231 2020-08-09 18:59:47.0 - The original design was by Robert Mills (1781–1855) of South Carolina, but he did not include his proposed colonnade due to a lack of funds, proceeding only with a bare obelisk.
8006:123146283368448::Thread-231 2020-08-09 18:59:47.01 - Beneath its vault lies the Tomb of the Unknown Soldier from World War I.
8003:123146283368448::Thread-231 2020-08-09 18:59:47.217 - The cornerstone was laid on July 4, 1848; the first stone was laid atop the unfinished stump on August 7, 1880; the capstone was set on December 6, 1884; the completed monument was dedicated on February 21, 1885; and officially opened October 9, 1888.
8002:123146283368448::Thread-231 2020-08-09 18:59:47.687 - Some of the palace furniture at this time was constructed of solid silver, but in 1689 much of it was melted down to pay for the cost of war.
8003:123146283368448::Thread-231 2020-08-09 18:59:47.713 - The Washington Monument is a hollow Egyptian style stone obelisk with a 500-foot (152.4 m) tall column surmounted by a 55-foot (16.8 m) tall pyramidion.
8004:123146283368448::Thread-231 2020-08-09 18:59:48.287 - His next two releases The Marshall Mathers LP (2000) and The Eminem Show (2002) were worldwide successes and were both nominated for the Grammy Award for Album of the Year.
8002:123146283368448::Thread-231 2020-08-09 18:59:48.57 - Subsequent rulers mostly carried out interior remodeling, to meet the demands of changing taste, although Louis XV did install an opera house at the north end of the north wing for the wedding of the Dauphin and Marie Antoinette in 1770.
8005:123146283368448::Thread-231 2020-08-09 18:59:48.617 - The City of London, London's ancient core − an area of just 1.12 square miles (2.9 km2) and colloquially known as the Square Mile − retains boundaries that closely follow its medieval limits.
8006:123146283368448::Thread-231 2020-08-09 18:59:48.748 - As the central cohesive element of the Axe historique (historic axis, a sequence of monuments and grand thoroughfares on a route running from the courtyard of the Louvre to the Grande Arche de la Défense), the Arc de Triomphe was designed by Jean Chalgrin in 1806; its iconographic programme pits heroically nude French youths against bearded Germanic warriors in chain mail.
8005:123146283368448::Thread-231 2020-08-09 18:59:48.833 - The City of Westminster is also an Inner London borough holding city status.
8006:123146283368448::Thread-231 2020-08-09 18:59:49.59 - It set the tone for public monuments with triumphant patriotic messages.
8003:123146283368448::Thread-231 2020-08-09 18:59:49.714 - **END**
8002:123146283368448::Thread-231 2020-08-09 18:59:49.839 - The palace has also been a site of historical importance.
8006:123146283368448::Thread-231 2020-08-09 18:59:49.854 - Inspired by the Arch of Titus in Rome, Italy, the Arc de Triomphe has an overall height of 50 metres (164 ft), width of 45 m (148 ft) and depth of 22 m (72 ft), while its large vault is 29.19 m (95.8 ft) high and 14.62 m (48.0 ft) wide.
8002:123146283368448::Thread-231 2020-08-09 18:59:49.892 - The Peace of Paris (1783) was signed at Versailles, the Proclamation of the German Empire occurred in the vaunted Hall of Mirrors, and World War I was ended in the palace with the Treaty of Versailles, among many other events.
8004:123146283368448::Thread-231 2020-08-09 18:59:49.9 - After the release of what was considered to be his final album, Encore (2004), Eminem went on hiatus in 2005 partly due to a prescription drug addiction.
8005:123146283368448::Thread-231 2020-08-09 18:59:49.948 - London is governed by the mayor of London and the London Assembly.London is considered to be one of the world's most important global cities and has been called the world's most powerful, most desirable, most influential, most visited, most expensive, sustainable, most investment-friendly, and most-popular-for-work city.
8005:123146283368448::Thread-231 2020-08-09 18:59:50.118 - It exerts a considerable impact upon the arts, commerce, education, entertainment, fashion, finance, healthcare, media, professional services, research and development, tourism and transportation.
8002:123146283368448::Thread-231 2020-08-09 18:59:50.408 - The palace is now a historical monument and UNESCO World Heritage site, notable especially for the ceremonial Hall of Mirrors, the jewel-like Royal Opera, and the royal apartments; for the more intimate royal residences, the Grand Trianon and Petit Trianon located within the park; the small rustic Hameau (Hamlet) created for Marie Antoinette; and the vast Gardens of Versailles with fountains, canals, and geometric flower beds and groves, laid out by André le Nôtre.
8006:123146283368448::Thread-231 2020-08-09 18:59:50.63 - The smaller transverse vaults are 18.68 m (61.3 ft) high and 8.44 m (27.7 ft) wide.
8005:123146283368448::Thread-231 2020-08-09 18:59:51.171 - London ranks 26th out of 300 major cities for economic performance.
8004:123146283368448::Thread-231 2020-08-09 18:59:51.588 - He returned to the music industry four years later with the release of Relapse (2009), and Recovery was released the following year.
8006:123146283368448::Thread-231 2020-08-09 18:59:51.899 - Three weeks after the Paris victory parade in 1919 (marking the end of hostilities in World War I), Charles Godefroy flew his Nieuport biplane under the arch's primary vault, with the event captured on newsreel.Paris's Arc de Triomphe was the tallest triumphal arch until the completion of the Monumento a la Revolución in Mexico City in 1938, which is 67 metres (220 ft) high.
8002:123146283368448::Thread-231 2020-08-09 18:59:52.021 - The Palace was stripped of all its furnishings after the French Revolution, but many pieces have been returned and many of the palace rooms have been restored.
8002:123146283368448::Thread-231 2020-08-09 18:59:52.165 - In 2017 the Palace of Versailles received 7,700,000 visitors, making it the second-most visited monument in the Île-de-France region, just behind the Louvre and ahead of the Eiffel Tower.
8006:123146283368448::Thread-231 2020-08-09 18:59:52.507 - The Arch of Triumph in Pyongyang, completed in 1982, is modelled on the Arc de Triomphe and is slightly taller at 60 m (197 ft).
8005:123146283368448::Thread-231 2020-08-09 18:59:52.532 - It is one of the largest financial centres and has either the fifth or the sixth-largest metropolitan area GDP.
8002:123146283368448::Thread-231 2020-08-09 18:59:53.034 - History


The hunting lodge and château of Louis XIII
 
The site of the Palace was first occupied by a small village and church, surrounded by forests filled with abundant game.
8002:123146283368448::Thread-231 2020-08-09 18:59:53.512 - It was owned by the Gondi family and the priory of Saint Julian.
8004:123146283368448::Thread-231 2020-08-09 18:59:53.557 - Recovery was the best-selling album worldwide of 2010, making it Eminem's second album, after The Eminem Show in 2002, to be the best-selling album of the year worldwide.
8005:123146283368448::Thread-231 2020-08-09 18:59:53.67 - It is the most-visited city as measured by international arrivals and has the busiest city airport system as measured by passenger traffic.
8004:123146283368448::Thread-231 2020-08-09 18:59:53.684 - In the following years, he released the US number one albums The Marshall Mathers LP 2, Revival, Kamikaze and Music to Be Murdered By.
8006:123146283368448::Thread-231 2020-08-09 18:59:54.149 - La Grande Arche in La Defense near Paris is 110 metres high.
8006:123146283368448::Thread-231 2020-08-09 18:59:54.15 - **END**
8005:123146283368448::Thread-231 2020-08-09 18:59:54.979 - It is the leading investment destination,  hosting more international retailers than any other city.
8004:123146283368448::Thread-231 2020-08-09 18:59:55.387 - Eminem made his debut in the motion picture industry with the musical drama film 8 Mile (2002), playing a fictionalized version of himself, which won the Academy Award for Best Original Song for "Lose Yourself", making him the first hip hop artist to ever win the award.
8005:123146283368448::Thread-231 2020-08-09 18:59:55.983 - **END**
8002:123146283368448::Thread-231 2020-08-09 18:59:57.514 - **END**
8002:123146283368448::Thread-231 2020-08-09 19:00:01.517 - **START**
8002:123146283368448::Thread-231 2020-08-09 19:00:01.651 - Starting new HTTPS connection (1): en.wikipedia.org
8003:123146283368448::Thread-231 2020-08-09 19:00:01.716 - **START**
8003:123146283368448::Thread-231 2020-08-09 19:00:02.163 - Starting new HTTPS connection (1): en.wikipedia.org
8003:123146283368448::Thread-231 2020-08-09 19:00:03.827 - North Korea (Korean: 조선, MR: Chosŏn; literally 북조선, MR: Pukchosŏn, or 북한/北韓, RR: Bukhan in South Korean usage), officially the Democratic People's Republic of Korea (DPRK or DPR Korea; Korean: 조선민주주의인민공화국, Chosŏn Minjujuŭi Inmin Konghwaguk), is a country in East Asia constituting the northern part of the Korean Peninsula.
8003:123146283368448::Thread-231 2020-08-09 19:00:04.143 - The country is bordered to the north by China and by Russia along the Amnok (known as the Yalu in Chinese) and Tumen rivers, and to the south by South Korea, with the heavily fortified Korean Demilitarized Zone (DMZ) separating the two.
8004:123146283368448::Thread-231 2020-08-09 19:00:04.389 - **END**
8002:123146283368448::Thread-231 2020-08-09 19:00:04.442 - Inferno (Italian: [iɱˈfɛrno]; Italian for "Hell") is the first part of Italian writer Dante Alighieri's 14th-century epic poem Divine Comedy.
8003:123146283368448::Thread-231 2020-08-09 19:00:05.102 - North Korea, like its southern counterpart, claims to be the legitimate government of the entire peninsula and adjacent islands.
8003:123146283368448::Thread-231 2020-08-09 19:00:05.698 - Pyongyang is the country's capital and largest city.
8005:123146283368448::Thread-231 2020-08-09 19:00:05.985 - **START**
8005:123146283368448::Thread-231 2020-08-09 19:00:05.995 - Starting new HTTPS connection (1): en.wikipedia.org
8002:123146283368448::Thread-231 2020-08-09 19:00:06.374 - It is followed by Purgatorio and Paradiso.
8002:123146283368448::Thread-231 2020-08-09 19:00:06.547 - The Inferno tells the journey of Dante through Hell, guided by the ancient Roman poet Virgil.
8003:123146283368448::Thread-231 2020-08-09 19:00:06.642 - In 1910, Korea was annexed by Imperial Japan.
8002:123146283368448::Thread-231 2020-08-09 19:00:06.909 - In the poem, Hell is depicted as nine concentric circles of torment located within the Earth; it is the "realm ... of those who have rejected spiritual values by yielding to bestial appetites or violence, or by perverting their human intellect to fraud or malice against their fellowmen".
8003:123146283368448::Thread-231 2020-08-09 19:00:07.245 - At the Japanese surrender at the end of World War II in 1945, Korea was divided into two zones, with the north occupied by the Soviet Union and the south occupied by the United States.
8003:123146283368448::Thread-231 2020-08-09 19:00:07.642 - Negotiations on reunification failed, and in 1948, separate governments were formed: the socialist Democratic People's Republic of Korea in the north, and the capitalist Republic of Korea in the south.
8003:123146283368448::Thread-231 2020-08-09 19:00:07.849 - An invasion initiated by North Korea led to the Korean War (1950–1953).
8002:123146283368448::Thread-231 2020-08-09 19:00:08.602 - As an allegory, the Divine Comedy represents the journey of the soul toward God, with the Inferno describing the recognition and rejection of sin.
8003:123146283368448::Thread-231 2020-08-09 19:00:08.673 - The Korean Armistice Agreement brought about a ceasefire, but no peace treaty was signed.
8003:123146283368448::Thread-231 2020-08-09 19:00:08.948 - According to article 1 of the constitution of North Korea, the DPRK is an "independent socialist State".
8003:123146283368448::Thread-231 2020-08-09 19:00:08.949 - **END**
8005:123146283368448::Thread-231 2020-08-09 19:00:08.965 - The Louvre (English:  LOOV(-rə)), or the Louvre Museum (French: Musée du Louvre [myze dy luvʁ] (listen)), is the world's  largest art museum and a historic monument in Paris, France.
8002:123146283368448::Thread-231 2020-08-09 19:00:10.086 - Introduction


Cantos I–II

Canto I

The poem begins on the night of Maundy Thursday on March 24 (or April 7), AD 1300, shortly before dawn of Good Friday.
8005:123146283368448::Thread-231 2020-08-09 19:00:10.749 - A central landmark of the city, it is located on the Right Bank of the Seine in the city's 1st arrondissement (district or ward).
8002:123146283368448::Thread-231 2020-08-09 19:00:11.499 - The narrator, Dante himself, is thirty-five years old, and thus "midway in the journey of our life" (Nel mezzo del cammin di nostra vita) – half of the Biblical lifespan of seventy (Psalm 89:10, Vulgate; Psalm 90:10, KJV).
8002:123146283368448::Thread-231 2020-08-09 19:00:12.108 - The poet finds himself lost in a dark wood (selva oscura), astray from the "straight way" (diritta via, also translatable as "right way") of salvation.
8006:123146283368448::Thread-231 2020-08-09 19:00:12.156 - **START**
8006:123146283368448::Thread-231 2020-08-09 19:00:12.16 - Starting new HTTPS connection (1): en.wikipedia.org
8005:123146283368448::Thread-231 2020-08-09 19:00:12.338 - Approximately 38,000 objects from prehistory to the 21st century are exhibited over an area of 72,735 square meters (782,910 square feet).
8002:123146283368448::Thread-231 2020-08-09 19:00:12.714 - He sets out to climb directly up a small mountain, but his way is blocked by three beasts he cannot evade: a lonza (usually rendered as "leopard" or "leopon"), a leone (lion), and a lupa (she-wolf).
8006:123146283368448::Thread-231 2020-08-09 19:00:13.42 - Liverpool Football Club is a professional football club in Liverpool, England, that competes in the Premier League, the top tier of English football.
8002:123146283368448::Thread-231 2020-08-09 19:00:13.717 - **END**
8006:123146283368448::Thread-231 2020-08-09 19:00:13.983 - Domestically, the club has won nineteen League titles, seven FA Cups, a record eight League Cups and fifteen FA Community Shields.
8006:123146283368448::Thread-231 2020-08-09 19:00:14.117 - In international competitions, the club has won six European Cups, more than any other English club, three UEFA Cups, four UEFA Super Cups (also English records) and one FIFA Club World Cup.
8005:123146283368448::Thread-231 2020-08-09 19:00:14.132 - In 2019, the Louvre received 9.6 million visitors, making it the most visited museum in the world.The museum is housed in the Louvre Palace, originally built as the Louvre castle in the late 12th to 13th century under Philip II.
8006:123146283368448::Thread-231 2020-08-09 19:00:15.109 - Founded in 1892, the club joined the Football League the following year and has played at Anfield since its formation.
8006:123146283368448::Thread-231 2020-08-09 19:00:16.017 - Liverpool established itself as a major force in English and European football in the 1970s and 1980s, when Bill Shankly, Bob Paisley, Joe Fagan and Kenny Dalglish led the club to a combined eleven League titles and four European Cups.
8005:123146283368448::Thread-231 2020-08-09 19:00:16.586 - Remnants of the fortress are visible in the basement of the museum.
8005:123146283368448::Thread-231 2020-08-09 19:00:16.831 - Due to urban expansion, the fortress eventually lost its defensive function, and in 1546 Francis I converted it into the primary residence of the French Kings.
8006:123146283368448::Thread-231 2020-08-09 19:00:16.854 - Liverpool won two further European Cups in 2005 and 2019 under the management of Rafael Benítez and Jürgen Klopp, respectively, the latter of whom led Liverpool to a nineteenth League title in 2020, the club's first during the Premier League era.
8006:123146283368448::Thread-231 2020-08-09 19:00:17.26 - One of the most widely supported teams in the world, in 2019, Liverpool was the world's seventh highest-earning football club, with an annual revenue of €604 million, and the world's eighth most valuable football club, valued at $2.183 billion.
8006:123146283368448::Thread-231 2020-08-09 19:00:18.2 - Liverpool has long-standing rivalries with Manchester United and Everton.
8005:123146283368448::Thread-231 2020-08-09 19:00:18.276 - The building was extended many times to form the present Louvre Palace.
8006:123146283368448::Thread-231 2020-08-09 19:00:18.32 - The team changed from red shirts and white shorts to an all-red home strip in 1964 which has been used ever since.
8006:123146283368448::Thread-231 2020-08-09 19:00:19.161 - The club's anthem is "You'll Never Walk Alone".
8005:123146283368448::Thread-231 2020-08-09 19:00:20.219 - In 1682, Louis XIV chose the Palace of Versailles for his household, leaving the Louvre primarily as a place to display the royal collection, including, from 1692, a collection of ancient Greek and Roman sculpture.
8005:123146283368448::Thread-231 2020-08-09 19:00:20.459 - In 1692, the building was occupied by the Académie des Inscriptions et Belles-Lettres and the Académie Royale de Peinture et de Sculpture, which in 1699 held the first of a series of salons.
8005:123146283368448::Thread-231 2020-08-09 19:00:20.589 - The Académie remained at the Louvre for 100 years.
8005:123146283368448::Thread-231 2020-08-09 19:00:23.161 - During the French Revolution, the National Assembly decreed that the Louvre should be used as a museum to display the nation's masterpieces.
8006:123146283368448::Thread-231 2020-08-09 19:00:23.163 - **END**
8005:123146283368448::Thread-231 2020-08-09 19:00:27.164 - **END**