8004:123146350673920::Thread-247 2020-08-09 18:59:31.27 - **START**
8003:123146350673920::Thread-247 2020-08-09 18:59:31.353 - **START**
8004:123146350673920::Thread-247 2020-08-09 18:59:31.497 - Starting new HTTPS connection (1): en.wikipedia.org
8002:123146350673920::Thread-247 2020-08-09 18:59:32.379 - **START**
8003:123146350673920::Thread-247 2020-08-09 18:59:32.727 - Starting new HTTPS connection (1): en.wikipedia.org
8002:123146350673920::Thread-247 2020-08-09 18:59:34.784 - Starting new HTTPS connection (1): en.wikipedia.org
8004:123146350673920::Thread-247 2020-08-09 18:59:35.223 - Robyn Rihanna Fenty ( ree-AN-ə; born February 20, 1988) is a Barbadian singer, songwriter, actress, businesswoman, and philanthropist.
8004:123146350673920::Thread-247 2020-08-09 18:59:36.226 - Born in Saint Michael and raised in Bridgetown, Barbados, Rihanna moved to the United States in 2005 when she signed with Def Jam.
8003:123146350673920::Thread-247 2020-08-09 18:59:36.341 - The Statue of Liberty (Liberty Enlightening the World; French: La Liberté éclairant le monde) is a colossal neoclassical sculpture on Liberty Island in New York Harbor within New York City, in the United States.
8003:123146350673920::Thread-247 2020-08-09 18:59:36.982 - The copper statue, a gift from the people of France to the people of the United States, was designed by French sculptor Frédéric Auguste Bartholdi and its metal framework was built by Gustave Eiffel.
8003:123146350673920::Thread-247 2020-08-09 18:59:37.315 - The statue was dedicated on October 28, 1886.
8002:123146350673920::Thread-247 2020-08-09 18:59:38.062 - Kiss (often stylized as KIϟϟ) is an American rock band formed in New York City in January 1973 by Paul Stanley, Gene Simmons, Peter Criss, and Ace Frehley.
8005:123146350673920::Thread-247 2020-08-09 18:59:38.258 - **START**
8002:123146350673920::Thread-247 2020-08-09 18:59:38.521 - Well known for its members' face paint and stage outfits, the group rose to prominence in the mid-to-late 1970s with its elaborate live performances, which featured fire breathing, blood-spitting, smoking guitars, shooting rockets, levitating drum kits, and pyrotechnics.
8003:123146350673920::Thread-247 2020-08-09 18:59:38.548 - The statue is a figure of Libertas, a robed Roman liberty goddess.
8004:123146350673920::Thread-247 2020-08-09 18:59:38.624 - She gained recognition following the release of her first two studio albums, Music of the Sun (2005) and A Girl like Me (2006), both of which were influenced by Caribbean music and peaked within the top ten of the US Billboard 200 chart.
8004:123146350673920::Thread-247 2020-08-09 18:59:38.633 - Rihanna's third album, Good Girl Gone Bad (2007), incorporated elements of dance-pop, catapulted her to stardom, and established her status as a sex symbol in the music industry.
8002:123146350673920::Thread-247 2020-08-09 18:59:39.158 - The band has gone through several lineup changes, with Stanley and Simmons being the only members to feature in every lineup.
8003:123146350673920::Thread-247 2020-08-09 18:59:39.297 - She holds a torch above her head with her right hand, and in her left hand carries a tabula ansata inscribed JULY IV MDCCLXXVI (July 4, 1776 in Roman numerals), the date of the U.S.
8002:123146350673920::Thread-247 2020-08-09 18:59:40.876 - The original and best-known lineup consists of Stanley (vocals and rhythm guitar), Simmons (vocals and bass), Frehley (lead guitar and vocals), and Criss (drums and vocals)
With their make-up and costumes, the band members took on the personae of comic book-style characters: the Starchild (Stanley), the Demon (Simmons), the Spaceman or Space Ace (Frehley), and the Catman (Criss).
8004:123146350673920::Thread-247 2020-08-09 18:59:40.936 - Its international chart-topping single "Umbrella" earned Rihanna her first Grammy Award for Best Rap/Sung Collaboration.
8004:123146350673920::Thread-247 2020-08-09 18:59:41.246 - Rihanna continued to mix pop, dance, and R&B genres on her next four albums, Rated R (2009), Loud (2010), Talk That Talk (2011), and the Grammy Award-winning Unapologetic (2012).
8005:123146350673920::Thread-247 2020-08-09 18:59:41.042 - Starting new HTTPS connection (1): en.wikipedia.org
8003:123146350673920::Thread-247 2020-08-09 18:59:41.873 - Declaration of Independence.
8002:123146350673920::Thread-247 2020-08-09 18:59:42.007 - Due to creative differences, both Criss and Frehley had departed the group by 1982.
8006:123146350673920::Thread-247 2020-08-09 18:59:42.475 - **START**
8004:123146350673920::Thread-247 2020-08-09 18:59:42.524 - All four releases combined various other musical styles and consolidated Rihanna's commercial success, with Unapologetic being her first number-one album in the US.
8006:123146350673920::Thread-247 2020-08-09 18:59:43.166 - Starting new HTTPS connection (1): en.wikipedia.org
8002:123146350673920::Thread-247 2020-08-09 18:59:43.475 - In 1983, Kiss began performing without makeup and costumes, thus marking the beginning of the band's "unmasked" era that would last for over a decade.
8002:123146350673920::Thread-247 2020-08-09 18:59:43.842 - The band experienced a commercial resurgence during this era, with the Platinum-certified album Lick It Up successfully introducing them to a new generation of fans, and its music videos received regular airplay on MTV.
8003:123146350673920::Thread-247 2020-08-09 18:59:44.3 - A broken shackle and chain lie at her feet as she walks forward, commemorating the recent national abolition of slavery.
8002:123146350673920::Thread-247 2020-08-09 18:59:44.548 - Eric Carr, who had replaced Criss in 1980, died in 1991 of heart cancer and was replaced by Eric Singer.
8006:123146350673920::Thread-247 2020-08-09 18:59:45.062 - Gillette Stadium is a stadium in the northeastern United States, located in Foxborough, Massachusetts, 28 miles (45 km) southwest of downtown Boston and 20 miles (32 km) northeast of downtown Providence, Rhode Island.
8002:123146350673920::Thread-247 2020-08-09 18:59:45.186 - In response to a wave of Kiss nostalgia in the mid-1990s, the original lineup re-united in 1996, which also saw the return of its makeup and stage costumes.
8004:123146350673920::Thread-247 2020-08-09 18:59:45.316 - The records spawned a string of chart-topping singles, including "Rude Boy", "Only Girl (In the World)", "What's My Name?
8006:123146350673920::Thread-247 2020-08-09 18:59:45.503 - It opened 18 years ago in 2002, replacing the adjacent Foxboro Stadium.
8006:123146350673920::Thread-247 2020-08-09 18:59:45.599 - The seating capacity is 65,878, including 5,876 club seats and 89 luxury suites.
8004:123146350673920::Thread-247 2020-08-09 18:59:45.786 - ", "S&M", "We Found Love", "Diamonds", and "Stay".
8005:123146350673920::Thread-247 2020-08-09 18:59:45.843 - Mark Robert Michael Wahlberg (born June 5, 1971) is an American actor, producer, restaurateur and former rapper.
8003:123146350673920::Thread-247 2020-08-09 18:59:46.273 - After its dedication, the statue became an icon of freedom and of the United States, seen as a symbol of welcome to immigrants arriving by sea.
8006:123146350673920::Thread-247 2020-08-09 18:59:46.41 - It serves as the home stadium and administrative offices for both the New England Patriots of the National Football League (NFL) and the New England Revolution of Major League Soccer (MLS).
8002:123146350673920::Thread-247 2020-08-09 18:59:46.486 - The resulting Alive/Worldwide Tour was highly successful, grossing $143.7 million, making it the band's most successful tour to date.
8005:123146350673920::Thread-247 2020-08-09 18:59:46.986 - He is also known by his former stage name Marky Mark from his career with the group Marky Mark and the Funky Bunch, with whom he released the albums Music for the People (1991) and You Gotta Believe (1992).
8006:123146350673920::Thread-247 2020-08-09 18:59:47.323 - It was also the home stadium for University of Massachusetts (UMass) Minutemen football in 2012 and 2013, while on-campus Warren McGuirk Alumni Stadium underwent renovations.
8004:123146350673920::Thread-247 2020-08-09 18:59:47.348 - Her eighth album, Anti (2016), showcased a new creative control following her departure from Def Jam.
8005:123146350673920::Thread-247 2020-08-09 18:59:47.389 - Wahlberg transitioned from music to acting, with his screen debut in Renaissance Man (1994) and his first starring role in Fear (1996).
8006:123146350673920::Thread-247 2020-08-09 18:59:47.931 - It continued to serve as a part-time home venue for higher attendance UMass games through 2018.
8006:123146350673920::Thread-247 2020-08-09 18:59:48.154 - The stadium was originally known as CMGI Field before the naming rights were bought by Gillette after the "dot-com" bust.
8002:123146350673920::Thread-247 2020-08-09 18:59:48.167 - Criss and Frehley subsequently left the band again, and have been replaced by Singer and Tommy Thayer.
8004:123146350673920::Thread-247 2020-08-09 18:59:48.501 - It became her second US number-one album and featured the chart-topping single "Work".
8006:123146350673920::Thread-247 2020-08-09 18:59:48.56 - Although Gillette was acquired by Procter & Gamble (P&G) in 2005, the stadium retains the Gillette name.
8003:123146350673920::Thread-247 2020-08-09 18:59:48.825 - Bartholdi was inspired by a French law professor and politician, Édouard René de Laboulaye, who is said to have commented in 1865 that any monument raised to U.S. independence would properly be a joint project of the French and U.S. peoples.
8004:123146350673920::Thread-247 2020-08-09 18:59:49.081 - Rihanna has released collaborative hit singles with artists such as Drake, Eminem, and Calvin Harris.
8006:123146350673920::Thread-247 2020-08-09 18:59:49.152 - Gillette and the Patriots jointly announced in September 2010 that their partnership, which includes naming rights to the stadium, will extend through the 2031 season.
8005:123146350673920::Thread-247 2020-08-09 18:59:49.288 - He received critical praise for his performance as porn actor Dirk Diggler in Boogie Nights.
8006:123146350673920::Thread-247 2020-08-09 18:59:49.954 - Additionally, uBid (until April 2003 a wholly owned subsidiary of CMGI) as of 2009 continues to sponsor one of the main entrance gates to the stadium.
8003:123146350673920::Thread-247 2020-08-09 18:59:49.956 - The Franco-Prussian War delayed progress until 1875, when Laboulaye proposed that the French finance the statue and the U.S. provide the site and build the pedestal.
8005:123146350673920::Thread-247 2020-08-09 18:59:50.098 - In the early 2000s, he ventured into big budget action-oriented movies, such as The Perfect Storm (2000), Planet of the Apes (2001), and The Italian Job (2003).
8003:123146350673920::Thread-247 2020-08-09 18:59:50.361 - Bartholdi completed the head and the torch-bearing arm before the statue was fully designed, and these pieces were exhibited for publicity at international expositions.
8005:123146350673920::Thread-247 2020-08-09 18:59:50.474 - He was nominated for the Academy Award for Best Supporting Actor for playing a police officer in the crime drama The Departed (2006).
8004:123146350673920::Thread-247 2020-08-09 18:59:52.085 - **END**
8005:123146350673920::Thread-247 2020-08-09 18:59:52.548 - He was nominated for the Golden Globe Award for Best Actor for the biographical sports drama The Fighter (2010), in which he starred as Micky Ward.
8005:123146350673920::Thread-247 2020-08-09 18:59:52.855 - In the 2010s, he landed successful comedy roles with The Other Guys (2010), Ted (2012), its 2015 sequel, Daddy's Home (2015), and its 2017 sequel.
8005:123146350673920::Thread-247 2020-08-09 18:59:53.235 - He also became the protagonist in the Transformers live-action film franchise (2014, 2017).
8004:123146350673920::Thread-247 2020-08-09 18:59:54.086 - **START**
8004:123146350673920::Thread-247 2020-08-09 18:59:54.089 - Starting new HTTPS connection (1): en.wikipedia.org
8004:123146350673920::Thread-247 2020-08-09 18:59:54.619 - The Mausoleum at Halicarnassus or Tomb of Mausolus (Ancient Greek: Μαυσωλεῖον τῆς Ἁλικαρνασσοῦ; Turkish: Halikarnas Mozolesi) was a tomb built between 353 and 350 BC in Halicarnassus (present Bodrum, Turkey) for Mausolus, a native Anatolian from Caria and a satrap in the Achaemenid Empire, and his sister-wife Artemisia II of Caria.
8005:123146350673920::Thread-247 2020-08-09 18:59:55.499 - He was the world's best-paid actor in 2017.
8004:123146350673920::Thread-247 2020-08-09 18:59:55.621 - The structure was designed by the Greek architects Satyros and Pythius of Priene.
8006:123146350673920::Thread-247 2020-08-09 18:59:55.956 - **END**
8002:123146350673920::Thread-247 2020-08-09 18:59:57.17 - **END**
8004:123146350673920::Thread-247 2020-08-09 18:59:57.249 - Its elevated tomb structure is derived from the tombs of neighbouring Lycia, a territory Mausolus had invaded and annexed circa 360 BC, such as the Nereid Monument.The Mausoleum was approximately 45 m (148 ft) in height, and the four sides were adorned with sculptural reliefs, each created by one of four Greek sculptors: Leochares, Bryaxis, Scopas of Paros, and Timotheus.
8004:123146350673920::Thread-247 2020-08-09 18:59:57.935 - The finished structure of the mausoleum was considered to be such an aesthetic triumph that Antipater of Sidon identified it as one of his Seven Wonders of the Ancient World.
8004:123146350673920::Thread-247 2020-08-09 18:59:58.19 - It was destroyed by successive earthquakes from the 12th to the 15th century, the last surviving of the six destroyed wonders.
8003:123146350673920::Thread-247 2020-08-09 18:59:59.362 - **END**
8004:123146350673920::Thread-247 2020-08-09 18:59:59.582 - The word mausoleum has now come to be used generically for an above-ground tomb.
8004:123146350673920::Thread-247 2020-08-09 19:00:00.321 - Conquest

In the 4th century BC, Halicarnassus was the capital of a small regional kingdom of Caria within the Achaemenid Empire on the western coast of Asia Minor.
8004:123146350673920::Thread-247 2020-08-09 19:00:01.348 - In 377 BC, the nominal ruler of the region, Hecatomnus of Milas, died and left the control of the kingdom to his son, Mausolus.
8003:123146350673920::Thread-247 2020-08-09 19:00:01.398 - **START**
8005:123146350673920::Thread-247 2020-08-09 19:00:01.5 - **END**
8003:123146350673920::Thread-247 2020-08-09 19:00:01.508 - Starting new HTTPS connection (1): en.wikipedia.org
8006:123146350673920::Thread-247 2020-08-09 19:00:01.958 - **START**
8006:123146350673920::Thread-247 2020-08-09 19:00:02.179 - Starting new HTTPS connection (1): en.wikipedia.org
8004:123146350673920::Thread-247 2020-08-09 19:00:02.278 - Hecatomnus, a local dynast under the Persians, took control of several of the neighboring cities and districts.
8003:123146350673920::Thread-247 2020-08-09 19:00:02.984 - David is a masterpiece of Renaissance sculpture created in marble between 1501 and 1504 by the Italian artist Michelangelo.
8004:123146350673920::Thread-247 2020-08-09 19:00:03.571 - After Artemisia and Mausolus, he had several other daughters and sons: Ada (adoptive mother of Alexander the Great), Idrieus and Pixodarus.
8006:123146350673920::Thread-247 2020-08-09 19:00:03.948 - Chyna (born Joan Marie Laurer; December 27, 1969 – April 17, 2016) was an American professional wrestler, glamour model, actress, author, bodybuilder and adult film actress.
8006:123146350673920::Thread-247 2020-08-09 19:00:04.216 - She first rose to prominence in the World Wrestling Federation (WWF, now WWE) in 1997, where she was billed as the "Ninth Wonder of the World" (André the Giant was already billed as the eighth).
8006:123146350673920::Thread-247 2020-08-09 19:00:04.421 - A founding member of the stable D-Generation X as the promotion's first female enforcer, she held the WWF Intercontinental Championship (the only female performer to do so) twice and the WWF Women's Championship once.
8006:123146350673920::Thread-247 2020-08-09 19:00:04.532 - She was also the first woman to participate in the Royal Rumble match and King of the Ring tournament, as well as to become number one contender to the WWF Championship.
8003:123146350673920::Thread-247 2020-08-09 19:00:04.683 - David is a 5.17-metre (17.0 ft) marble statue of the Biblical figure David, a favoured subject in the art of Florence.David was originally commissioned as one of a series of statues of prophets to be positioned along the roofline of the east end of Florence Cathedral, but was instead placed in a public square, outside the Palazzo Vecchio, the seat of civic government in Florence, in the Piazza della Signoria, where it was unveiled on 8 September 1504.
8006:123146350673920::Thread-247 2020-08-09 19:00:05.183 - With singles victories over several prominent male wrestlers – including multiple-time world champions Triple H, Kurt Angle, Chris Jericho, and Jeff Jarrett – Chyna left what WWE called "a lasting legacy as the most dominant female competitor of all time".
8003:123146350673920::Thread-247 2020-08-09 19:00:05.977 - The statue was moved to the Galleria dell'Accademia, Florence, in 1873, and later replaced at the original location by a replica.
8002:123146350673920::Thread-247 2020-08-09 19:00:06.172 - **START**
8002:123146350673920::Thread-247 2020-08-09 19:00:06.267 - Starting new HTTPS connection (1): en.wikipedia.org
8006:123146350673920::Thread-247 2020-08-09 19:00:06.761 - After leaving the WWF in 2001, Chyna wrestled sporadically, with New Japan Pro Wrestling (NJPW) in 2002 and Total Nonstop Action Wrestling (TNA) in 2011.
8002:123146350673920::Thread-247 2020-08-09 19:00:06.96 - Mohandas Karamchand Gandhi (; 2 October 1869 – 30 January 1948) was an Indian lawyer, anti-colonial nationalist, and political ethicist, who employed nonviolent resistance to lead the successful campaign for India's independence from British Rule, and in turn inspired movements for civil rights and freedom across the world.
8002:123146350673920::Thread-247 2020-08-09 19:00:07.856 - The honorific Mahātmā (Sanskrit: "great-souled", "venerable"), first applied to him in 1914 in South Africa, is now used throughout the world.Born and raised in a Hindu family in coastal Gujarat, western India, Gandhi was trained in law at the Inner Temple, London, and called to the bar at age 22 in June 1891.
8006:123146350673920::Thread-247 2020-08-09 19:00:08.389 - The latter was her final appearance in a wrestling ring.
8002:123146350673920::Thread-247 2020-08-09 19:00:08.534 - After two uncertain years in India, where he was unable to start a successful law practice, he moved to South Africa in 1893 to represent an Indian merchant in a lawsuit.
8003:123146350673920::Thread-247 2020-08-09 19:00:08.633 - Because of the nature of the figure it represented, the statue soon came to symbolize the defence of civil liberties embodied in the Republic of Florence, an independent city-state threatened on all sides by more powerful rival states and by the hegemony of the Medici family.
8006:123146350673920::Thread-247 2020-08-09 19:00:08.989 - Outside of wrestling, Chyna appeared in Playboy magazine twice, as well as numerous television shows and films.
8003:123146350673920::Thread-247 2020-08-09 19:00:09.032 - The eyes of David, with a warning glare, were fixated towards Rome.
8002:123146350673920::Thread-247 2020-08-09 19:00:09.503 - He went on to stay for 21 years.
8006:123146350673920::Thread-247 2020-08-09 19:00:09.803 - She was considered to be a sex symbol.
8003:123146350673920::Thread-247 2020-08-09 19:00:09.939 - History


Commission
The history of the statue begins before Michelangelo's work on it from 1501 to 1504.
8002:123146350673920::Thread-247 2020-08-09 19:00:10.071 - It was in South Africa that Gandhi raised a family, and first employed nonviolent resistance in a campaign for civil rights.
8006:123146350673920::Thread-247 2020-08-09 19:00:10.394 - In 2005, she was a cast member on VH1's The Surreal Life, which led to several other celebrity reality appearances on the network, including The Surreal Life: Fame Games in 2007 and Celebrity Rehab with Dr.
8004:123146350673920::Thread-247 2020-08-09 19:00:10.573 - **END**
8002:123146350673920::Thread-247 2020-08-09 19:00:10.623 - In 1915, aged 45, he returned to India.
8002:123146350673920::Thread-247 2020-08-09 19:00:10.85 - He set about organising peasants, farmers, and urban labourers to protest against excessive land-tax and discrimination.
8003:123146350673920::Thread-247 2020-08-09 19:00:11.411 - Prior to Michelangelo's involvement, the Overseers of the Office of Works of Florence Cathedral, consisting mostly of members of the influential woolen cloth guild, the Arte della Lana, had plans to commission a series of twelve large Old Testament sculptures for the buttresses of the cathedral.
8002:123146350673920::Thread-247 2020-08-09 19:00:11.71 - Assuming leadership of the Indian National Congress in 1921, Gandhi led nationwide campaigns for easing poverty, expanding women's rights, building religious and ethnic amity, ending untouchability, and above all for achieving Swaraj or self-rule.The same year Gandhi adopted the Indian loincloth, or short dhoti and, in the winter, a shawl, both woven with yarn hand-spun on a traditional Indian spinning wheel, or charkha, as a mark of identification with India's rural poor.
8002:123146350673920::Thread-247 2020-08-09 19:00:12.127 - Thereafter, he lived modestly in a self-sufficient residential community, ate simple vegetarian food, and undertook long fasts as a means of self-purification and political protest.
8002:123146350673920::Thread-247 2020-08-09 19:00:12.713 - Bringing anti-colonial nationalism to the common Indians, Gandhi led them in challenging the British-imposed salt tax with the 400 km (250 mi) Dandi Salt March in 1930, and later in calling for the British to Quit India in 1942.
8003:123146350673920::Thread-247 2020-08-09 19:00:14.132 - In 1410, Donatello made the first of the statues, a figure of Joshua in terracotta.
8003:123146350673920::Thread-247 2020-08-09 19:00:16.706 - A figure of Hercules, also in terracotta, was commissioned from the Florentine sculptor Agostino di Duccio in 1463 and was made perhaps under Donatello's direction.
8003:123146350673920::Thread-247 2020-08-09 19:00:19.202 - Eager to continue their project, in 1464, the Operai contracted Agostino to create a sculpture of David.
8006:123146350673920::Thread-247 2020-08-09 19:00:19.399 - **END**
8002:123146350673920::Thread-247 2020-08-09 19:00:20.716 - **END**
8003:123146350673920::Thread-247 2020-08-09 19:00:27.208 - **END**