8004:123145845882880::Thread-127 2020-08-09 18:59:27.239 - **START**
8004:123145845882880::Thread-127 2020-08-09 18:59:27.528 - Starting new HTTPS connection (1): en.wikipedia.org
8004:123145845882880::Thread-127 2020-08-09 18:59:30.268 - Monaco ( (listen); French pronunciation: ​[mɔnako]), officially the Principality of Monaco (French: Principauté de Monaco), is a sovereign city-state, country, and microstate on the French Riviera in Western Europe.
8003:123145845882880::Thread-127 2020-08-09 18:59:31.274 - **START**
8006:123145845882880::Thread-127 2020-08-09 18:59:31.275 - **START**
8006:123145845882880::Thread-127 2020-08-09 18:59:31.505 - Starting new HTTPS connection (1): en.wikipedia.org
8004:123145845882880::Thread-127 2020-08-09 18:59:31.813 - It is bordered by France to the north, east and west, and by the Mediterranean Sea to the south.
8005:123145845882880::Thread-127 2020-08-09 18:59:32.221 - **START**
8003:123145845882880::Thread-127 2020-08-09 18:59:32.503 - Starting new HTTPS connection (1): en.wikipedia.org
8004:123145845882880::Thread-127 2020-08-09 18:59:33.049 - The principality is home to 38,682 residents and is widely recognised for being one of the most expensive and wealthiest places in the world.
8005:123145845882880::Thread-127 2020-08-09 18:59:33.111 - Starting new HTTPS connection (1): en.wikipedia.org
8004:123145845882880::Thread-127 2020-08-09 18:59:33.821 - The official language is French, although Monégasque, English and Italian are spoken and understood by a sizeable group.With an area of 2.1 km2 (0.81 sq mi), it is one of the smallest sovereign states in Europe and the second-smallest in the world, after the Vatican City.
8004:123145845882880::Thread-127 2020-08-09 18:59:35.07 - Its 19,009 inhabitants per square kilometre (49,230/sq mi), make it the most densely-populated sovereign state in the world.
8002:123145845882880::Thread-127 2020-08-09 18:59:35.38 - **START**
8003:123145845882880::Thread-127 2020-08-09 18:59:35.447 - William Shakespeare (bapt.
8002:123145845882880::Thread-127 2020-08-09 18:59:36.999 - Starting new HTTPS connection (1): en.wikipedia.org
8004:123145845882880::Thread-127 2020-08-09 18:59:37.061 - Monaco has a land border of 5.47 km (3.40 mi), the world's shortest coastline of approximately 3.83 km (2.38 mi), and a width that varies between 1,700 and 349 m (5,577 and 1,145 ft).
8003:123145845882880::Thread-127 2020-08-09 18:59:37.462 - 26 April 1564 – 23 April 1616) was an English playwright, poet, and actor, widely regarded as the greatest writer in the English language and the world's greatest dramatist.
8005:123145845882880::Thread-127 2020-08-09 18:59:37.945 - Dafne María Keen Fernández (born 4 January 2005) is a British-Spanish actress.
8005:123145845882880::Thread-127 2020-08-09 18:59:38.253 - She made her debut starring as Ana "Ani" Cruz Oliver on the television series The Refugees from 2014 to 2015.
8003:123145845882880::Thread-127 2020-08-09 18:59:38.654 - He is often called England's national poet and the "Bard of Avon" (or simply "the Bard").
8004:123145845882880::Thread-127 2020-08-09 18:59:38.833 - The highest point in the country is a narrow pathway named Chemin des Révoires on the slopes of Mont Agel, in the Les Révoires Ward, which is 161 metres (528 feet) above sea level.
8005:123145845882880::Thread-127 2020-08-09 18:59:39.077 - She received recognition for starring as Laura in the 2017 film Logan, for which she received several awards and nominations, including winning an Empire Award for Best Newcomer.
8003:123145845882880::Thread-127 2020-08-09 18:59:39.653 - His extant works, including collaborations, consist of some 39 plays, 154 sonnets, two long narrative poems, and a few other verses, some of uncertain authorship.
8005:123145845882880::Thread-127 2020-08-09 18:59:39.762 - In 2019, she began starring as Lyra Belacqua/Silvertongue in the television series His Dark Materials.
8005:123145845882880::Thread-127 2020-08-09 18:59:39.865 - Life and career
Keen was born in Madrid.
8004:123145845882880::Thread-127 2020-08-09 18:59:40.517 - The principality is about 15 km (9.3 mi) from the state border with Italy.
8005:123145845882880::Thread-127 2020-08-09 18:59:40.766 - She is the daughter of British actor Will Keen, and Galician actress, theatre director and writer María Fernández Ache.
8003:123145845882880::Thread-127 2020-08-09 18:59:41.226 - His plays have been translated into every major living language and are performed more often than those of any other playwright.
8003:123145845882880::Thread-127 2020-08-09 18:59:41.248 - They also continue to be studied and reinterpreted.
8005:123145845882880::Thread-127 2020-08-09 18:59:41.365 - A paternal great-grandfather was Edward Curzon, 6th Earl Howe; her aunts are poet Alice Oswald and writer Laura Beatty.
8004:123145845882880::Thread-127 2020-08-09 18:59:41.495 - Its most populous Quartier is Monte Carlo and the most populous Ward is Larvotto/Bas Moulins.
8005:123145845882880::Thread-127 2020-08-09 18:59:41.655 - Keen began acting in 2014, starring alongside her father in the BBC television series The Refugees, where she played Ana "Ani" Cruz Oliver.
8003:123145845882880::Thread-127 2020-08-09 18:59:41.758 - Shakespeare was born and raised in Stratford-upon-Avon, Warwickshire.
8005:123145845882880::Thread-127 2020-08-09 18:59:42.423 - The show ended in 2015 after one season.
8003:123145845882880::Thread-127 2020-08-09 18:59:42.807 - At the age of 18, he married Anne Hathaway, with whom he had three children: Susanna and twins Hamnet and Judith.
8005:123145845882880::Thread-127 2020-08-09 18:59:42.987 - Keen did not take on any new projects until 2 years later, when she co-starred with Hugh Jackman in the 2017 superhero film Logan as the mutant Laura, the child clone of Wolverine.
8005:123145845882880::Thread-127 2020-08-09 18:59:42.988 - **END**
8004:123145845882880::Thread-127 2020-08-09 18:59:43.007 - Through land reclamation, Monaco's land mass has expanded by 20 percent.
8003:123145845882880::Thread-127 2020-08-09 18:59:44.756 - Sometime between 1585 and 1592, he began a successful career in London as an actor, writer, and part-owner of a playing company called the Lord Chamberlain's Men, later known as the King's Men.
8003:123145845882880::Thread-127 2020-08-09 18:59:46.456 - At age 49 (around 1613), he appears to have retired to Stratford, where he died three years later.
8002:123145845882880::Thread-127 2020-08-09 18:59:47.572 - **END**
8006:123145845882880::Thread-127 2020-08-09 18:59:49.007 - **START**
8006:123145845882880::Thread-127 2020-08-09 18:59:49.012 - Starting new HTTPS connection (1): en.wikipedia.org
8004:123145845882880::Thread-127 2020-08-09 18:59:50.009 - **END**
8006:123145845882880::Thread-127 2020-08-09 18:59:50.912 - The Tower of London, officially Her Majesty's Royal Palace and Fortress of the Tower of London, is a  historic  castle on the north bank of the River Thames in central London.
8006:123145845882880::Thread-127 2020-08-09 18:59:52.15 - It lies within the London Borough of Tower Hamlets, which is separated from the eastern edge of the square mile of the City of London by the open space known as Tower Hill.
8006:123145845882880::Thread-127 2020-08-09 18:59:53.657 - It was founded towards the end of 1066 as part of the Norman Conquest of England.
8003:123145845882880::Thread-127 2020-08-09 18:59:54.457 - **END**
8006:123145845882880::Thread-127 2020-08-09 18:59:54.863 - The White Tower, which gives the entire castle its name, was built by William the Conqueror in 1078 and was a resented symbol of oppression, inflicted upon London by the new ruling elite.
8006:123145845882880::Thread-127 2020-08-09 18:59:55.048 - The castle was also used as a prison from 1100 (Ranulf Flambard) until 1952 (Kray twins), although that was not its primary purpose.
8006:123145845882880::Thread-127 2020-08-09 18:59:55.433 - A grand palace early in its history, it served as a royal residence.
8004:123145845882880::Thread-127 2020-08-09 18:59:57.012 - **START**
8004:123145845882880::Thread-127 2020-08-09 18:59:57.017 - Starting new HTTPS connection (1): en.wikipedia.org
8006:123145845882880::Thread-127 2020-08-09 18:59:57.328 - As a whole, the Tower is a complex of several buildings set within two concentric rings of defensive walls and a moat.
8004:123145845882880::Thread-127 2020-08-09 18:59:57.628 - Istanbul (, also US: ; Turkish: İstanbul [isˈtanbuɫ] (listen)), formerly known as Byzantium and Constantinople, is the most populous city in Turkey and the country's economic, cultural and historic center.
8005:123145845882880::Thread-127 2020-08-09 18:59:57.994 - **START**
8005:123145845882880::Thread-127 2020-08-09 18:59:58.126 - Starting new HTTPS connection (1): en.wikipedia.org
8006:123145845882880::Thread-127 2020-08-09 18:59:58.811 - There were several phases of expansion, mainly under kings Richard I, Henry III, and Edward I in the 12th and 13th centuries.
8004:123145845882880::Thread-127 2020-08-09 18:59:59.036 - Istanbul is a transcontinental city in Eurasia, straddling the Bosporus strait (which separates Europe and Asia) between the Sea of Marmara and the Black Sea.
8005:123145845882880::Thread-127 2020-08-09 18:59:59.4 - Angelina Jolie (; née Voight, formerly Jolie Pitt, born June 4, 1975) is an American actress, filmmaker, and humanitarian.
8004:123145845882880::Thread-127 2020-08-09 18:59:59.525 - Its commercial and historical center lies on the European side and about a third of its population lives in suburbs on the Asian side of the Bosporus.
8006:123145845882880::Thread-127 2020-08-09 18:59:59.754 - The general layout established by the late 13th century remains despite later activity on the site.
8005:123145845882880::Thread-127 2020-08-09 19:00:00.259 - The recipient of numerous accolades, including an Academy Award and three Golden Globe Awards, she has been named Hollywood's highest-paid actress multiple times.
8006:123145845882880::Thread-127 2020-08-09 19:00:00.312 - The Tower of London has played a prominent role in English history.
8004:123145845882880::Thread-127 2020-08-09 19:00:01.117 - With a total population of around fifteen million residents in its metropolitan area, Istanbul is one of the world's largest cities by population, ranking as the world's fifteenth-largest city and the largest city in Europe.
8005:123145845882880::Thread-127 2020-08-09 19:00:01.249 - Jolie made her screen debut as a child alongside her father, Jon Voight, in Lookin' to Get Out (1982), and her film career began in earnest a decade later with the low-budget production Cyborg 2 (1993), followed by her first leading role in a major film, Hackers (1995).
8005:123145845882880::Thread-127 2020-08-09 19:00:01.584 - She starred in the critically acclaimed biographical cable films George Wallace (1997) and Gia (1998), and won an Academy Award for Best Supporting Actress for her performance in the drama Girl, Interrupted (1999).
8002:123145845882880::Thread-127 2020-08-09 19:00:01.586 - **START**
8002:123145845882880::Thread-127 2020-08-09 19:00:01.653 - Starting new HTTPS connection (1): en.wikipedia.org
8003:123145845882880::Thread-127 2020-08-09 19:00:02.46 - **START**
8005:123145845882880::Thread-127 2020-08-09 19:00:02.538 - Her starring role as the video game heroine Lara Croft in Lara Croft: Tomb Raider (2001) established her as a leading Hollywood actress.
8003:123145845882880::Thread-127 2020-08-09 19:00:02.642 - Starting new HTTPS connection (1): en.wikipedia.org
8004:123145845882880::Thread-127 2020-08-09 19:00:03.082 - The city is the administrative centre of the Istanbul Metropolitan Municipality (coterminous with Istanbul Province).
8002:123145845882880::Thread-127 2020-08-09 19:00:03.327 - Japan (Japanese: 日本, Nippon [ɲippoꜜɴ] (listen) or Nihon [ɲihoꜜɴ] (listen)) is an island country of East Asia in the northwest Pacific Ocean.
8004:123145845882880::Thread-127 2020-08-09 19:00:03.342 - Founded under the name of Byzantion (Βυζάντιον) on the Sarayburnu promontory around 660 BCE, the city grew in size and influence, becoming one of the most important cities in history.
8005:123145845882880::Thread-127 2020-08-09 19:00:03.442 - She continued her action-star career with Mr. & Mrs. Smith (2005), Wanted (2008), and Salt (2010), and received critical acclaim for her performances in the dramas A Mighty Heart (2007) and Changeling (2008), which earned her a nomination for an Academy Award for Best Actress.
8002:123145845882880::Thread-127 2020-08-09 19:00:04.275 - It borders the Sea of Japan to the west and extends from the Sea of Okhotsk in the north to the East China Sea and Taiwan in the south.
8005:123145845882880::Thread-127 2020-08-09 19:00:04.344 - Her biggest commercial success came with the fantasy picture Maleficent (2014).
8003:123145845882880::Thread-127 2020-08-09 19:00:04.348 - Selena Marie Gomez (born July 22, 1992) is an American singer, songwriter, actress, and television producer.
8002:123145845882880::Thread-127 2020-08-09 19:00:04.669 - Japan is part of the Pacific Ring of Fire and comprises an archipelago of 6,852 islands covering 377,975 square kilometers (145,937 sq mi); its five main islands, from north to south, are Hokkaido, Honshu, Shikoku, Kyushu, and Okinawa.
8004:123145845882880::Thread-127 2020-08-09 19:00:04.683 - After its reestablishment as Constantinople in 330 CE, it served as an imperial capital for almost sixteen centuries, during the Roman/Byzantine (330–1204), Latin (1204–1261), Byzantine (1261–1453) and Ottoman (1453–1922) empires.
8002:123145845882880::Thread-127 2020-08-09 19:00:05.106 - Tokyo is the country's capital and largest city; other major cities include Osaka and Nagoya.
8003:123145845882880::Thread-127 2020-08-09 19:00:05.284 - Born and raised in Texas, Gomez began her career by appearing on the children's television series Barney & Friends (2002–2004).
8005:123145845882880::Thread-127 2020-08-09 19:00:05.313 - In the 2010s, Jolie expanded her career into directing, screenwriting, and producing, with the war dramas In the Land of Blood and Honey (2011), Unbroken (2014), and First They Killed My Father (2017).
8003:123145845882880::Thread-127 2020-08-09 19:00:05.371 - In her teens, she gained wider recognition for her role as Alex Russo on the Emmy Award-winning Disney Channel television series Wizards of Waverly Place (2007–2012).
8002:123145845882880::Thread-127 2020-08-09 19:00:05.76 - Japan is the 11th most populous country in the world, as well as one of the most densely populated and urbanized.
8002:123145845882880::Thread-127 2020-08-09 19:00:06.29 - About three-fourths of the country's terrain is mountainous, concentrating its population of 126.2 million on narrow coastal plains.
8006:123145845882880::Thread-127 2020-08-09 19:00:06.315 - **END**
8002:123145845882880::Thread-127 2020-08-09 19:00:06.322 - Japan is administratively divided into 47 prefectures and traditionally divided into eight regions.
8002:123145845882880::Thread-127 2020-08-09 19:00:06.482 - The Greater Tokyo Area is the most populous metropolitan area in the world, with more than 37.4 million residents.
8002:123145845882880::Thread-127 2020-08-09 19:00:07.21 - The islands of Japan were inhabited as early as the Upper Paleolithic period, though the first mentions of the archipelago appear in Chinese chronicles from the 1st century AD.
8003:123145845882880::Thread-127 2020-08-09 19:00:07.369 - Alongside her television career, Gomez has starred in the films Another Cinderella Story (2008), Princess Protection Program (2009), Wizards of Waverly Place: The Movie (2009), Ramona and Beezus (2010), Monte Carlo (2011), Spring Breakers (2012), Getaway (2013), The Fundamentals of Caring (2016), The Dead Don't Die (2019), and A Rainy Day in New York (2019).
8002:123145845882880::Thread-127 2020-08-09 19:00:07.44 - Between the 4th and 9th centuries, the kingdoms of Japan became unified under an emperor and imperial court based in Heian-kyō.
8004:123145845882880::Thread-127 2020-08-09 19:00:07.621 - It was instrumental in the advancement of Christianity during Roman and Byzantine times, before the Ottomans conquered the city in 1453 CE and transformed it into an Islamic stronghold and the seat of the Ottoman Caliphate.
8002:123145845882880::Thread-127 2020-08-09 19:00:08.418 - Starting in the 12th century, however, political power was held by a series of military dictators (shōgun), feudal lords (daimyō), and a class of warrior nobility (samurai).
8003:123145845882880::Thread-127 2020-08-09 19:00:09.116 - She also voices the character of Mavis in the Hotel Transylvania film franchise (2012–present), and executive produced the Netflix television series 13 Reasons Why (2017–2020) and Living Undocumented (2019).
8004:123145845882880::Thread-127 2020-08-09 19:00:09.939 - Under the name Constantinople it was the Ottoman capital until 1923.
8003:123145845882880::Thread-127 2020-08-09 19:00:10.21 - Gomez released three albums with her former band, Selena Gomez & the Scene: Kiss & Tell (2009), A Year Without Rain (2010), and When the Sun Goes Down (2011), all of which peaked within the top ten on the US Billboard 200 and attained gold certifications.
8004:123145845882880::Thread-127 2020-08-09 19:00:11.493 - The capital was then moved to Ankara and the city was renamed Istanbul.
8003:123145845882880::Thread-127 2020-08-09 19:00:11.558 - Additionally, Gomez has released three albums as a solo artist: Stars Dance (2013), Revival (2015), and Rare (2020), all of which debuted atop the Billboard 200.
8003:123145845882880::Thread-127 2020-08-09 19:00:13.108 - She has earned eight top-ten singles on the Billboard Hot 100: "Come & Get It", "The Heart Wants What It Wants", "Good for You", "Same Old Love", "Hands to Myself", "We Don't Talk Anymore" with Charlie Puth, "It Ain't Me" with Kygo, and "Lose You to Love Me", the latter being her first number-one single on the chart.
8003:123145845882880::Thread-127 2020-08-09 19:00:14.199 - In 2017, Billboard reported that Gomez has sold over 7 million albums and 22 million singles worldwide.
8003:123145845882880::Thread-127 2020-08-09 19:00:14.251 - Gomez has received various accolades and was honored as the Billboard Woman of the Year in 2017.
8005:123145845882880::Thread-127 2020-08-09 19:00:14.318 - **END**
8002:123145845882880::Thread-127 2020-08-09 19:00:17.424 - **END**
8004:123145845882880::Thread-127 2020-08-09 19:00:19.499 - **END**
8003:123145845882880::Thread-127 2020-08-09 19:00:22.257 - **END**