8002:123145816436736::Thread-120 2020-08-09 18:59:28.359 - **START**
8002:123145816436736::Thread-120 2020-08-09 18:59:28.437 - Starting new HTTPS connection (1): en.wikipedia.org
8004:123145816436736::Thread-120 2020-08-09 18:59:31.215 - **START**
8004:123145816436736::Thread-120 2020-08-09 18:59:31.494 - Starting new HTTPS connection (1): en.wikipedia.org
8004:123145816436736::Thread-120 2020-08-09 18:59:34.039 - Skai Jackson (born April 8, 2002) is an American actress, YouTuber, and author, who was included in Time’s list of Most Influential Teens in 2016.
8006:123145816436736::Thread-120 2020-08-09 18:59:34.31 - **START**
8005:123145816436736::Thread-120 2020-08-09 18:59:34.285 - **START**
8004:123145816436736::Thread-120 2020-08-09 18:59:34.468 - Jackson first began acting at the age of 5, making her debut in the film Liberty Kid (2007).
8004:123145816436736::Thread-120 2020-08-09 18:59:34.57 - She later came to international prominence for her portrayal of Zuri Ross in the Disney Channel series Jessie (2011–2015), and in the sequel, Bunk'd (2015–2018).
8006:123145816436736::Thread-120 2020-08-09 18:59:34.982 - Starting new HTTPS connection (1): en.wikipedia.org
8004:123145816436736::Thread-120 2020-08-09 18:59:35.072 - She has also voiced Glory Grant across the Marvel Rising series, and voiced Summer in the animated series DreamWorks Dragons: Rescue Riders (2019–2020).
8004:123145816436736::Thread-120 2020-08-09 18:59:35.541 - In 2019, Jackson released her debut novel, Reach for the Skai: How to Inspire, Empower, and Clapback.
8002:123145816436736::Thread-120 2020-08-09 18:59:35.623 - **END**
8004:123145816436736::Thread-120 2020-08-09 18:59:35.869 - Life and career


Early life and career
Jackson was born on April 8, 2002 in New York City.
8004:123145816436736::Thread-120 2020-08-09 18:59:35.923 - She began her career as a child model appearing in numerous national commercials, including for Band-Aid bandages, Coca-Cola, Pepsi, and Old Navy.Jackson’s first major acting role was in the independent film Liberty Kid (2007), which was followed by a guest appearance in an episode of Rescue Me (2008).
8005:123145816436736::Thread-120 2020-08-09 18:59:36.036 - Starting new HTTPS connection (1): en.wikipedia.org
8004:123145816436736::Thread-120 2020-08-09 18:59:36.531 - In 2009, Jackson made a cameo in the film The Rebound, and in the same year was cast as a member of the Nickelodeon pre-school animated series Bubble Guppies, playing the role of Little Fish.
8004:123145816436736::Thread-120 2020-08-09 18:59:37.137 - She continued to make cameo and guest appearances in the television series Team Umizoomi, Royal Pains, and Boardwalk Empire, and in the 2011 films Arthur and The Smurfs.
8003:123145816436736::Thread-120 2020-08-09 18:59:37.268 - **START**
8004:123145816436736::Thread-120 2020-08-09 18:59:37.423 - In 2011, she was cast as Zuri Ross in the Disney Channel sitcom Jessie, which aired from September 30, 2011 to October 16, 2015.
8003:123145816436736::Thread-120 2020-08-09 18:59:37.511 - Starting new HTTPS connection (1): en.wikipedia.org
8006:123145816436736::Thread-120 2020-08-09 18:59:37.973 - Stephen William Hawking  (8 January 1942 – 14 March 2018) was an English theoretical physicist, cosmologist, and author who was director of research at the Centre for Theoretical Cosmology at the University of Cambridge at the time of his death.
8004:123145816436736::Thread-120 2020-08-09 18:59:38.424 - **END**
8006:123145816436736::Thread-120 2020-08-09 18:59:39.12 - He was the Lucasian Professor of Mathematics at the University of Cambridge between 1979 and 2009.
8005:123145816436736::Thread-120 2020-08-09 18:59:40.459 - Backstreet Boys  (often abbreviated as BSB) is an American vocal group, formed in Orlando, Florida in 1993.
8002:123145816436736::Thread-120 2020-08-09 18:59:40.624 - **START**
8006:123145816436736::Thread-120 2020-08-09 18:59:40.873 - Hawking was born in Oxford into a family of doctors.
8002:123145816436736::Thread-120 2020-08-09 18:59:41.007 - Starting new HTTPS connection (1): en.wikipedia.org
8003:123145816436736::Thread-120 2020-08-09 18:59:41.465 - Domesday Book ( or US: ; Latin: Liber de Wintonia "Book of Winchester") is a manuscript record of the "Great Survey" of much of England and parts of Wales completed in 1086 by order of King William the Conqueror.
8003:123145816436736::Thread-120 2020-08-09 18:59:41.72 - The Anglo-Saxon Chronicle states:
Then, at the midwinter [1085], was the king in Gloucester with his council ... .
8006:123145816436736::Thread-120 2020-08-09 18:59:42.212 - Hawking began his university education at University College, Oxford in October 1959 at the age of 17, where he received a first-class BA (Hons.)
8005:123145816436736::Thread-120 2020-08-09 18:59:42.935 - The group consists of AJ McLean, Howie Dorough, Nick Carter, Kevin Richardson, and Brian Littrell.
8003:123145816436736::Thread-120 2020-08-09 18:59:43.081 - After this had the king a large meeting, and very deep consultation with his council, about this land; how it was occupied, and by what sort of men.
8003:123145816436736::Thread-120 2020-08-09 18:59:43.315 - Then sent he his men over all England into each shire; commissioning them to find out "How many hundreds of hides were in the shire, what land the king himself had, and what stock upon the land; or, what dues he ought to have by the year from the shire."
8006:123145816436736::Thread-120 2020-08-09 18:59:43.638 - degree in physics.
8003:123145816436736::Thread-120 2020-08-09 18:59:43.761 - Written in Medieval Latin, it was highly abbreviated and included some vernacular native terms without Latin equivalents.
8005:123145816436736::Thread-120 2020-08-09 18:59:44.146 - The group rose to fame with their debut international album, Backstreet Boys (1996).
8002:123145816436736::Thread-120 2020-08-09 18:59:44.311 - Nero ( NEER-oh; Nero Claudius Caesar Augustus Germanicus; 15 December 37 – 9 June 68 AD) was Roman emperor from 54 to 68, the last ruler of the Julio-Claudian dynasty.
8003:123145816436736::Thread-120 2020-08-09 18:59:44.95 - The survey's main purpose was to determine what taxes had been owed during the reign of King Edward the Confessor, thereby allowing William to reassert the rights of the Crown and assess where power lay after a wholesale redistribution of land following the Norman conquest.
8006:123145816436736::Thread-120 2020-08-09 18:59:45.248 - He began his graduate work at Trinity Hall, Cambridge in October 1962, where he obtained his PhD degree in applied mathematics and theoretical physics, specialising in general relativity and cosmology in March 1966.
8003:123145816436736::Thread-120 2020-08-09 18:59:45.371 - The assessors' reckoning of a man's holdings and their values, as recorded in Domesday Book, was dispositive and without appeal.
8003:123145816436736::Thread-120 2020-08-09 18:59:45.434 - The name "Domesday Book" (Middle English for "Doomsday Book") came into use in the 12th century.
8002:123145816436736::Thread-120 2020-08-09 18:59:45.93 - Born Lucius Domitius Ahenobarbus, he was the son of Gnaeus Domitius Ahenobarbus and Agrippina the Younger, the sister of Emperor Caligula.
8006:123145816436736::Thread-120 2020-08-09 18:59:45.988 - In 1963, Hawking was diagnosed with an early-onset slow-progressing form of motor neurone disease (also known as amyotrophic lateral sclerosis (ALS) or Lou Gehrig's disease) that gradually paralysed him over the decades.
8005:123145816436736::Thread-120 2020-08-09 18:59:46.949 - In the following year, they released their second international album Backstreet's Back (1997) along with their self-titled U.S. debut album, which continued the group's success worldwide.
8006:123145816436736::Thread-120 2020-08-09 18:59:47.046 - After the loss of his speech, he was able to communicate through a speech-generating device—initially through use of a handheld switch, and eventually by using a single cheek muscle.
8003:123145816436736::Thread-120 2020-08-09 18:59:47.331 - As Richard FitzNeal wrote in the Dialogus de Scaccario (circa 1179):
for as the sentence of that strict and terrible last account cannot be evaded by any skilful subterfuge, so when this book is appealed to ... its sentence cannot be quashed or set aside with impunity.
8002:123145816436736::Thread-120 2020-08-09 18:59:47.802 - Nero's father died in 40, and his uncle was murdered in 41.
8003:123145816436736::Thread-120 2020-08-09 18:59:47.881 - That is why we have called the book "the Book of Judgement" ...
8002:123145816436736::Thread-120 2020-08-09 18:59:48.489 - Nero's great-uncle Claudius then ascended the throne.
8006:123145816436736::Thread-120 2020-08-09 18:59:48.842 - Hawking's scientific works included a collaboration with Roger Penrose on gravitational singularity theorems in the framework of general relativity and the theoretical prediction that black holes emit radiation, often called Hawking radiation.
8006:123145816436736::Thread-120 2020-08-09 18:59:48.891 - Hawking was the first to set out a theory of cosmology explained by a union of the general theory of relativity and quantum mechanics.
8005:123145816436736::Thread-120 2020-08-09 18:59:49.504 - They rose to superstardom with their third studio album Millennium (1999) and its follow-up album, Black & Blue (2000).
8006:123145816436736::Thread-120 2020-08-09 18:59:50.13 - He was a vigorous supporter of the many-worlds interpretation of quantum mechanics.Hawking achieved commercial success with several works of popular science in which he discussed his theories and cosmology in general.
8002:123145816436736::Thread-120 2020-08-09 18:59:50.259 - Agrippina married Claudius, who adopted Nero as his heir.
8005:123145816436736::Thread-120 2020-08-09 18:59:51.736 - After a two-year hiatus, they regrouped and released a comeback album Never Gone (2005).
8002:123145816436736::Thread-120 2020-08-09 18:59:53.048 - Nero succeeded Claudius upon the latter's death in 54.
8006:123145816436736::Thread-120 2020-08-09 18:59:53.136 - **END**
8002:123145816436736::Thread-120 2020-08-09 18:59:54.12 - During the early years of his reign, Nero was content to be guided by his mother Agrippina, his tutor Seneca, and his Praetorian prefect Sextus Afranius Burrus.
8005:123145816436736::Thread-120 2020-08-09 18:59:54.199 - After the conclusion of the Never Gone Tour in 2006, Richardson left the group to pursue other interests.
8003:123145816436736::Thread-120 2020-08-09 18:59:54.883 - **END**
8004:123145816436736::Thread-120 2020-08-09 18:59:55.426 - **START**
8004:123145816436736::Thread-120 2020-08-09 18:59:55.43 - Starting new HTTPS connection (1): en.wikipedia.org
8005:123145816436736::Thread-120 2020-08-09 18:59:56.05 - The group then released two albums as a quartet: Unbreakable (2007) and This Is Us (2009).
8002:123145816436736::Thread-120 2020-08-09 18:59:56.591 - Agrippina dominated Nero's early life and decisions until he cast her off and had her killed five years into his reign.
8005:123145816436736::Thread-120 2020-08-09 18:59:57.876 - In 2012, the group announced that Richardson had rejoined them permanently.
8002:123145816436736::Thread-120 2020-08-09 18:59:58.002 - As time passed, he began to play a more active and independent role in government and foreign policy.
8004:123145816436736::Thread-120 2020-08-09 18:59:58.008 - Big Ben is the nickname for the Great Bell of the striking clock at the north end of the Palace of Westminster in London and is usually extended to refer to both the clock and the clock tower.
8004:123145816436736::Thread-120 2020-08-09 18:59:58.332 - The official name of the tower in which Big Ben is located was originally the Clock Tower; it was renamed Elizabeth Tower in 2012 to mark the Diamond Jubilee of Elizabeth II, Queen of the United Kingdom.
8005:123145816436736::Thread-120 2020-08-09 18:59:59.642 - In the following year, they celebrated their 20th anniversary and released their first independent album, In a World Like This (2013).
8003:123145816436736::Thread-120 2020-08-09 18:59:59.885 - **START**
8004:123145816436736::Thread-120 2020-08-09 18:59:59.913 - The tower was designed by Augustus Pugin in a neo-Gothic style.
8003:123145816436736::Thread-120 2020-08-09 19:00:00.198 - Starting new HTTPS connection (1): en.wikipedia.org
8002:123145816436736::Thread-120 2020-08-09 19:00:00.304 - During his reign, the redoubtable general Corbulo conducted a successful war and negotiated peace with the Parthian Empire.
8004:123145816436736::Thread-120 2020-08-09 19:00:01.205 - When completed in 1859, its clock was the largest and most accurate four-faced striking and chiming clock in the world.
8004:123145816436736::Thread-120 2020-08-09 19:00:02.262 - The tower stands 315 feet (96 m) tall, and the climb from ground level to the belfry is 334 steps.
8003:123145816436736::Thread-120 2020-08-09 19:00:03.042 - Nina Hartley (born Marie Louise Hartman; March 11, 1959) is an American pornographic actress, pornographic film director, sex educator, sex-positive feminist, and author.
8003:123145816436736::Thread-120 2020-08-09 19:00:03.242 - Early life
Marie Louise Hartman was born in Berkeley, California, to a Lutheran father and a Jewish mother (both deceased) whose family was from Alabama.
8004:123145816436736::Thread-120 2020-08-09 19:00:03.361 - Its base is square, measuring 39 feet (12 m) on each side.
8005:123145816436736::Thread-120 2020-08-09 19:00:03.643 - **END**
8003:123145816436736::Thread-120 2020-08-09 19:00:03.944 - She grew up in the San Francisco Bay Area.
8004:123145816436736::Thread-120 2020-08-09 19:00:04.064 - Dials of the clock are 23 feet (7.0 m) in diameter.
8002:123145816436736::Thread-120 2020-08-09 19:00:05.305 - **END**
8003:123145816436736::Thread-120 2020-08-09 19:00:05.809 - She is the youngest of four children, with an older sister and two older brothers.
8004:123145816436736::Thread-120 2020-08-09 19:00:05.812 - On 31 May 2009, celebrations were held to mark the tower's 150th anniversary.Big Ben is the largest of the tower's five bells and weighs 13.5 long tons (13.7 tonnes; 15.1 short tons).
8004:123145816436736::Thread-120 2020-08-09 19:00:06.894 - It was the largest bell in the United Kingdom for 23 years.
8003:123145816436736::Thread-120 2020-08-09 19:00:06.915 - Her parents were Communists who converted to Buddhism when she was young.
8006:123145816436736::Thread-120 2020-08-09 19:00:07.141 - **START**
8006:123145816436736::Thread-120 2020-08-09 19:00:07.154 - Starting new HTTPS connection (1): en.wikipedia.org
8004:123145816436736::Thread-120 2020-08-09 19:00:08.563 - The origin of the bell's nickname is open to question; it may be named after Sir Benjamin Hall, who oversaw its installation, or heavyweight boxing champion Benjamin Caunt.
8003:123145816436736::Thread-120 2020-08-09 19:00:08.795 - Her father was blacklisted in 1957.
8006:123145816436736::Thread-120 2020-08-09 19:00:09.16 - Michael Fred Phelps II (born June 30, 1985) is an American former competitive swimmer and the most successful and most decorated Olympian of all time, with a total of 28 medals.
8006:123145816436736::Thread-120 2020-08-09 19:00:09.682 - Phelps also holds the all-time records for Olympic gold medals (23), Olympic gold medals in individual events (13), and Olympic medals in individual events (16).
8003:123145816436736::Thread-120 2020-08-09 19:00:09.705 - After graduating from Berkeley High School in 1977, she attended San Francisco State University's undergraduate nursing school and graduated magna cum laude in 1985.
8003:123145816436736::Thread-120 2020-08-09 19:00:09.832 - She was a registered nurse per the California Board of Registered Nursing until her license expired in 1986.
8003:123145816436736::Thread-120 2020-08-09 19:00:10.418 - Adult film career

Hartley saw The Autobiography of a Flea (the first adult film directed by a woman, Sharon McNight) alone, at a theater in San Francisco and chose her life work: making porn.In 1982, during her sophomore year of nursing school, she started working as a stripper at the Sutter Cinema and later the Mitchell Brothers O'Farrell Theatre.
8003:123145816436736::Thread-120 2020-08-09 19:00:11.533 - She made her foray into the world of pornographic movies during her junior year in 1984.
8003:123145816436736::Thread-120 2020-08-09 19:00:11.534 - **END**
8006:123145816436736::Thread-120 2020-08-09 19:00:11.706 - When he won eight gold medals at the 2008 Beijing Games, Phelps broke fellow American swimmer Mark Spitz's 1972 record of seven first-place finishes at any single Olympic Games.
8006:123145816436736::Thread-120 2020-08-09 19:00:12.067 - At the 2004 Summer Olympics in Athens, Phelps had already tied the record of eight medals of any color at a single Games by winning six gold and two bronze medals.
8006:123145816436736::Thread-120 2020-08-09 19:00:12.302 - At the 2012 Summer Olympics in London, Phelps won four gold and two silver medals, and at the 2016 Summer Olympics in Rio de Janeiro, he won five gold medals and one silver.
8004:123145816436736::Thread-120 2020-08-09 19:00:12.568 - **END**
8006:123145816436736::Thread-120 2020-08-09 19:00:14.969 - This made him the most successful athlete of the Games for the fourth Olympics in a row.Phelps is the long course world record holder in the men's 400-meter individual medley as well as the former long course world record holder in the 200-meter freestyle, 100-meter butterfly, 200-meter butterfly, and 200-meter individual medley.
8006:123145816436736::Thread-120 2020-08-09 19:00:16.243 - He has won 82 medals in major international long course competitions, of which 65 were gold, 14 silver, and three bronze, spanning the Olympics, the World Championships, and the Pan Pacific Championships.
8006:123145816436736::Thread-120 2020-08-09 19:00:16.282 - Phelps's international titles and record-breaking performances have earned him the World Swimmer of the Year Award eight times and American Swimmer of the Year Award eleven times, as well as the FINA Swimmer of the Year Award in 2012 and 2016.
8006:123145816436736::Thread-120 2020-08-09 19:00:18.019 - Phelps earned Sports Illustrated magazine's Sportsman of the Year award due to his unprecedented Olympic success in the 2008 Games.
8006:123145816436736::Thread-120 2020-08-09 19:00:19.406 - After the 2008 Summer Olympics, Phelps started the Michael Phelps Foundation, which focuses on growing the sport of swimming and promoting healthier lifestyles.
8006:123145816436736::Thread-120 2020-08-09 19:00:27.411 - **END**