8003:123145686032384::Thread-89 2020-08-09 18:59:30.256 - **START**
8003:123145686032384::Thread-89 2020-08-09 18:59:31.163 - Starting new HTTPS connection (1): en.wikipedia.org
8004:123145686032384::Thread-89 2020-08-09 18:59:32.212 - **START**
8004:123145686032384::Thread-89 2020-08-09 18:59:33.097 - Starting new HTTPS connection (1): en.wikipedia.org
8006:123145686032384::Thread-89 2020-08-09 18:59:34.31 - **START**
8003:123145686032384::Thread-89 2020-08-09 18:59:34.371 - Noah Lindsey Cyrus (born January 8, 2000) is an American singer, songwriter, and actress.
8006:123145686032384::Thread-89 2020-08-09 18:59:34.992 - Starting new HTTPS connection (1): en.wikipedia.org
8003:123145686032384::Thread-89 2020-08-09 18:59:36.288 - In 2016, she released her debut single "Make Me (Cry)", featuring vocals from Labrinth.
8002:123145686032384::Thread-89 2020-08-09 18:59:36.317 - **START**
8004:123145686032384::Thread-89 2020-08-09 18:59:36.391 - The Marvel Cinematic Universe (MCU) films are a series of American superhero films produced by Marvel Studios based on characters that appear in publications by Marvel Comics.
8002:123145686032384::Thread-89 2020-08-09 18:59:36.992 - Starting new HTTPS connection (1): en.wikipedia.org
8004:123145686032384::Thread-89 2020-08-09 18:59:37.208 - The MCU is the shared universe in which all of the films are set.
8004:123145686032384::Thread-89 2020-08-09 18:59:38.022 - The films have been in production since 2007, and in that time Marvel Studios has produced and released 23 films, with at least 14 more in various stages of development.
8004:123145686032384::Thread-89 2020-08-09 18:59:38.318 - It is the highest-grossing film franchise of all time, having grossed over $22.5 billion at the global box office.
8003:123145686032384::Thread-89 2020-08-09 18:59:38.457 - Cyrus is the fifth child of Billy Ray and Tish Cyrus, and she is the youngest sibling of Trace, Brandi, and Miley Cyrus.
8006:123145686032384::Thread-89 2020-08-09 18:59:38.511 - Carlos Irwin Estévez (born September 3, 1965), known professionally as Charlie Sheen, is an American actor.
8003:123145686032384::Thread-89 2020-08-09 18:59:38.91 - She was named one of Time's 30 Most Influential Teens in 2017.
8006:123145686032384::Thread-89 2020-08-09 18:59:38.918 - He has appeared in films such as Platoon (1986), Wall Street (1987), Young Guns (1988), Eight Men Out (1988), Major League (1989), Hot Shots!
8006:123145686032384::Thread-89 2020-08-09 18:59:39.0 - (1991), and The Three Musketeers (1993).
8003:123145686032384::Thread-89 2020-08-09 18:59:39.238 - Early life
Cyrus was born January 8, 2000, in Nashville, Tennessee, to producer and director Tish Cyrus and country singer Billy Ray Cyrus.
8004:123145686032384::Thread-89 2020-08-09 18:59:39.587 - This includes Avengers: Endgame, which is the highest-grossing film of all time.
8006:123145686032384::Thread-89 2020-08-09 18:59:39.751 - In the 2000s, when Sheen replaced Michael J.
8003:123145686032384::Thread-89 2020-08-09 18:59:40.048 - Her parents have had a volatile marriage, each filing for divorce on different occasions, but restoring their relationship.
8004:123145686032384::Thread-89 2020-08-09 18:59:40.098 - Kevin Feige has produced every film in the series, alongside Avi Arad for the first two releases, Gale Anne Hurd for The Incredible Hulk, Amy Pascal for the Spider-Man films, and Stephen Broussard for Ant-Man and the Wasp.
8005:123145686032384::Thread-89 2020-08-09 18:59:40.208 - **START**
8006:123145686032384::Thread-89 2020-08-09 18:59:40.532 - Fox in Spin City, his performance earned him a Golden Globe Award for Best Actor – Television Series Musical or Comedy.
8002:123145686032384::Thread-89 2020-08-09 18:59:41.188 - Human penises vary in size on a number of measures, including length and circumference when flaccid and erect.
8005:123145686032384::Thread-89 2020-08-09 18:59:41.074 - Starting new HTTPS connection (1): en.wikipedia.org
8006:123145686032384::Thread-89 2020-08-09 18:59:41.48 - He then starred in Two and a Half Men, which earned him several Golden Globe and Emmy Award nominations.
8004:123145686032384::Thread-89 2020-08-09 18:59:41.559 - The films are written and directed by a variety of individuals and feature large, often ensemble, casts.
8002:123145686032384::Thread-89 2020-08-09 18:59:42.15 - Besides the natural variability of human penises in general, there are factors that lead to minor variations in a particular male, such as the level of arousal, time of day, room temperature, and frequency of sexual activity.
8004:123145686032384::Thread-89 2020-08-09 18:59:42.219 - Many of the actors, including Robert Downey Jr., Chris Evans, Mark Ruffalo, Chris Hemsworth, Scarlett Johansson, and Jeremy Renner signed contracts to star in numerous films.
8006:123145686032384::Thread-89 2020-08-09 18:59:42.242 - He most recently starred in the FX comedy series Anger Management, which concluded its 100-episode run in 2014.
8002:123145686032384::Thread-89 2020-08-09 18:59:42.333 - Compared to other primates, including large examples such as the gorilla, the human penis is thickest, both in absolute terms and relative to the rest of the body.
8002:123145686032384::Thread-89 2020-08-09 18:59:42.495 - Measurements vary, with studies that rely on self-measurement reporting a significantly higher average than those with a health professional measuring.
8006:123145686032384::Thread-89 2020-08-09 18:59:42.767 - In 2010, Sheen was the highest-paid actor on television and earned US$1.8 million per episode of Two and a Half Men.Sheen's personal life has made headlines, including reports of alcohol and drug abuse and marital problems, as well as allegations of domestic violence.
8003:123145686032384::Thread-89 2020-08-09 18:59:42.85 - Her siblings include Miley, Braison, Brandi, Trace, and Christopher Cyrus, who have also mostly become musicians and entertainers.
8003:123145686032384::Thread-89 2020-08-09 18:59:43.012 - Their paternal grandfather, Ron Cyrus, was a politician in Kentucky.
8002:123145686032384::Thread-89 2020-08-09 18:59:43.184 - As of 2015, a systematic review of 15,521 men, and the best research to date on the topic, as the subjects were measured by health professionals, rather than self-measured, has concluded that the average length of an erect human penis is 13.12 cm (5.17 inches) long, while the average circumference of an erect human penis is 11.66 cm (4.59 inches).
8006:123145686032384::Thread-89 2020-08-09 18:59:43.333 - In March 2011, his contract for Two and a Half Men was terminated by CBS and Warner Bros. following his derogatory comments about the series' creator, Chuck Lorre.
8006:123145686032384::Thread-89 2020-08-09 18:59:43.366 - On November 17, 2015, Sheen publicly revealed that he is HIV positive, having been diagnosed about four years earlier.
8002:123145686032384::Thread-89 2020-08-09 18:59:43.64 - Flaccid penis length can sometimes be a poor predictor of erect length.
8004:123145686032384::Thread-89 2020-08-09 18:59:44.343 - Marvel Studios releases its films in groups called "Phases".
8002:123145686032384::Thread-89 2020-08-09 18:59:44.623 - Most human penis growth occurs between infancy and the age of five, and between about one year after the onset of puberty and, at latest, approximately 17 years of age.A statistically significant correlation between penis size and the size of other body parts has not been found in research.
8004:123145686032384::Thread-89 2020-08-09 18:59:45.173 - Their first film is Iron Man (2008), which was distributed by Paramount Pictures.
8004:123145686032384::Thread-89 2020-08-09 18:59:45.174 - **END**
8006:123145686032384::Thread-89 2020-08-09 18:59:45.372 - **END**
8002:123145686032384::Thread-89 2020-08-09 18:59:45.527 - Some environmental factors in addition to genetics, such as the presence of endocrine disruptors, can affect penis growth.
8003:123145686032384::Thread-89 2020-08-09 18:59:45.659 - Acting career
At the age of two, Cyrus began her acting career, playing Gracie Hebert on the sixth episode of the television show Doc.
8002:123145686032384::Thread-89 2020-08-09 18:59:45.823 - An adult penis with an erect length of less than 7 cm (2.8 in), but otherwise formed normally, is referred to in medicine as a micropenis.
8005:123145686032384::Thread-89 2020-08-09 18:59:45.929 - Dwayne Douglas Johnson (born May 2, 1972), also known by his ring name The Rock, is an American-Canadian actor, producer, businessman, retired professional wrestler, and former American football player.
8004:123145686032384::Thread-89 2020-08-09 18:59:46.176 - **START**
8004:123145686032384::Thread-89 2020-08-09 18:59:46.18 - Starting new HTTPS connection (1): en.wikipedia.org
8005:123145686032384::Thread-89 2020-08-09 18:59:46.442 - He wrestled for the World Wrestling Federation (WWF, now WWE) for eight years prior to pursuing an acting career.
8002:123145686032384::Thread-89 2020-08-09 18:59:46.628 - Studies

While results vary slightly across reputable studies, the consensus is that the mean human penis, when erect, is in the range 12.9–15 cm (5.1–5.9 in) in length.A 2015 systematic review published by Veale et al.
8003:123145686032384::Thread-89 2020-08-09 18:59:46.767 - She was a background dancer in the 2009 film Hannah Montana: The Movie, and played small roles in six episodes of the Disney Channel Original Series Hannah Montana.
8004:123145686032384::Thread-89 2020-08-09 18:59:47.278 - Metallica (commonly known as The Black Album) is the fifth studio album by American heavy metal band Metallica, released on August 12, 1991, through Elektra Records.
8006:123145686032384::Thread-89 2020-08-09 18:59:47.379 - **START**
8006:123145686032384::Thread-89 2020-08-09 18:59:47.41 - Starting new HTTPS connection (1): en.wikipedia.org
8004:123145686032384::Thread-89 2020-08-09 18:59:47.756 - It was recorded in an eight-month span at One on One Recording Studios in Los Angeles.
8004:123145686032384::Thread-89 2020-08-09 18:59:48.201 - The recording of the album was troubled, however, and, during production, the band frequently came into conflict with their new producer Bob Rock.
8005:123145686032384::Thread-89 2020-08-09 18:59:48.373 - His films have grossed over $3.5 billion in North America and over $10.5 billion worldwide, making him one of the highest-grossing actors of all time.Johnson was a college football player for the University of Miami, with whom he won a national championship in 1991.
8004:123145686032384::Thread-89 2020-08-09 18:59:48.598 - The album marked a change in the band's sound from the thrash metal style of the previous four albums to a slower and heavier one rooted in heavy metal.
8003:123145686032384::Thread-89 2020-08-09 18:59:48.77 - **END**
8006:123145686032384::Thread-89 2020-08-09 18:59:48.866 - Jacqueline Marie Evancho ( ee-VANG-koh; born April 9, 2000) is an American classical crossover singer who gained wide recognition at an early age.
8004:123145686032384::Thread-89 2020-08-09 18:59:49.266 - Metallica promoted Metallica with a series of tours.
8006:123145686032384::Thread-89 2020-08-09 18:59:49.65 - Since 2009, she has issued a platinum-selling EP and eight albums, including three Billboard 200 top 10 debuts.
8005:123145686032384::Thread-89 2020-08-09 18:59:49.941 - He initially aspired for a professional career in football and entered the 1995 NFL Draft, but went undrafted.
8004:123145686032384::Thread-89 2020-08-09 18:59:50.181 - They also released five singles to promote the album: "Enter Sandman", "The Unforgiven", "Nothing Else Matters", "Wherever I May Roam", and "Sad but True", all of which have been considered to be among the band's best-known songs.
8004:123145686032384::Thread-89 2020-08-09 18:59:50.402 - The song "Don't Tread on Me" was also issued to rock radio shortly after the album's release but did not receive a commercial single release.
8006:123145686032384::Thread-89 2020-08-09 18:59:50.437 - She has also been the subject of three solo PBS concert specials.
8005:123145686032384::Thread-89 2020-08-09 18:59:50.575 - As a result, he signed with the Calgary Stampeders of the Canadian Football League (CFL), but was cut from the team in the middle of his first season.
8004:123145686032384::Thread-89 2020-08-09 18:59:51.026 - Metallica received widespread critical acclaim and became the band's best-selling album.
8006:123145686032384::Thread-89 2020-08-09 18:59:51.059 - Between 2008 and 2010, Evancho entered talent competitions, sang the US national anthem at a Pittsburgh Pirates baseball game, issued her first album, Prelude to a Dream, and attracted interest on YouTube.
8006:123145686032384::Thread-89 2020-08-09 18:59:51.134 - In 2010, at the age of ten, she gained wide notice with her 2nd-place finish in the fifth season of America's Got Talent.
8005:123145686032384::Thread-89 2020-08-09 18:59:51.781 - Shortly after, he began training as a professional wrestler.In 1996, Johnson secured a contract with the WWF and was promoted as the first third-generation wrestler in the company's history, as he is the son of Rocky Johnson and grandson of Peter Maivia.
8004:123145686032384::Thread-89 2020-08-09 18:59:51.899 - It debuted at number one in ten countries and spent four consecutive weeks at the top of the Billboard 200, making it Metallica's first album to top the album charts.
8002:123145686032384::Thread-89 2020-08-09 18:59:52.632 - **END**
8006:123145686032384::Thread-89 2020-08-09 18:59:52.736 - With the 2010 holiday release of her O Holy Night EP, Evancho became the best-selling debut artist of 2010, the youngest top-10 debut artist in US history and the youngest solo artist ever to go platinum in the US.
8004:123145686032384::Thread-89 2020-08-09 18:59:52.774 - Metallica is one of the best-selling albums worldwide, and also one of the best-selling albums in the United States since Nielsen SoundScan tracking began.
8006:123145686032384::Thread-89 2020-08-09 18:59:52.875 - In 2011, her first full-length album, Dream with Me debuted at No.
8005:123145686032384::Thread-89 2020-08-09 18:59:54.399 - He rose to prominence after developing a charismatic persona of a boastful, trash-talking wrestler named The Rock.
8002:123145686032384::Thread-89 2020-08-09 18:59:54.64 - **START**
8002:123145686032384::Thread-89 2020-08-09 18:59:54.652 - Starting new HTTPS connection (1): en.wikipedia.org
8004:123145686032384::Thread-89 2020-08-09 18:59:54.78 - **END**
8006:123145686032384::Thread-89 2020-08-09 18:59:54.868 - 2 on the Billboard 200 chart, and she became the youngest top-5 debut artist in UK history.
8005:123145686032384::Thread-89 2020-08-09 18:59:54.999 - He subsequently won his first WWF Championship in 1998 and helped usher the WWF into the "Attitude Era", a boom period in the company's business in the late 1990s and early 2000s which still holds professional wrestling records for television ratings.
8006:123145686032384::Thread-89 2020-08-09 18:59:55.033 - Billboard ranked Evancho the top Classical Albums Artist for 2011.
8006:123145686032384::Thread-89 2020-08-09 18:59:55.602 - Later that year, Evancho released a full-length holiday album, Heavenly Christmas, and became the youngest person ever to give a solo concert at Lincoln Center in New York City as part of her first concert tour.
8006:123145686032384::Thread-89 2020-08-09 18:59:55.726 - In 2012, Evancho released Songs from the Silver Screen, her third top-10 album debut.
8006:123145686032384::Thread-89 2020-08-09 18:59:56.733 - **END**
8002:123145686032384::Thread-89 2020-08-09 18:59:57.034 - Michael Jeffrey Jordan (born February 17, 1963), also known by his initials MJ, is an American former professional basketball player and the principal owner of the Charlotte Hornets of the National Basketball Association (NBA).
8002:123145686032384::Thread-89 2020-08-09 18:59:57.255 - He played 15 seasons in the NBA, winning six championships with the Chicago Bulls.
8005:123145686032384::Thread-89 2020-08-09 18:59:57.5 - In 2004, he left the WWE to pursue an acting career.
8003:123145686032384::Thread-89 2020-08-09 18:59:57.772 - **START**
8003:123145686032384::Thread-89 2020-08-09 18:59:57.777 - Starting new HTTPS connection (1): en.wikipedia.org
8005:123145686032384::Thread-89 2020-08-09 18:59:57.899 - He returned in 2011 as a part-time performer until 2013, and made sporadic appearances from then until fully retiring in 2019.Considered one of the greatest professional wrestlers and biggest wrestling draws of all time, Johnson headlined the most-bought professional wrestling pay-per-view event ever (WrestleMania XXVIII) and was featured among the most watched episodes of WWE's two flagship television shows (Raw and SmackDown).
8002:123145686032384::Thread-89 2020-08-09 18:59:58.518 - His biography on the official NBA website states: "By acclamation, Michael Jordan is the greatest basketball player of all time."
8002:123145686032384::Thread-89 2020-08-09 18:59:58.549 - He was integral in helping to popularize the NBA around the world in the 1980s and 1990s.Jordan played three seasons for coach Dean Smith with the North Carolina Tar Heels.
8003:123145686032384::Thread-89 2020-08-09 18:59:58.568 - Taylor Alison Swift (born December 13, 1989) is an American singer-songwriter.
8003:123145686032384::Thread-89 2020-08-09 18:59:59.111 - Her narrative songwriting, which often centers around her personal life, has received widespread media coverage.
8002:123145686032384::Thread-89 2020-08-09 19:00:00.505 - As a freshman, he was a member of the Tar Heels' national championship team in 1982.
8003:123145686032384::Thread-89 2020-08-09 19:00:00.855 - Born in West Reading, Pennsylvania, Swift relocated to Nashville, Tennessee in 2004 to pursue a career in country music.
8002:123145686032384::Thread-89 2020-08-09 19:00:01.863 - Jordan joined the Bulls in 1984 as the third overall draft pick, and quickly emerged as a league star, entertaining crowds with his prolific scoring while gaining a reputation as one of the game's best defensive players.
8003:123145686032384::Thread-89 2020-08-09 19:00:02.488 - At age 14, she became the youngest artist signed by the Sony/ATV Music publishing house, and at age 15, she signed her first record deal.
8003:123145686032384::Thread-89 2020-08-09 19:00:02.64 - Her 2006 eponymous debut studio album was the longest-charting album of the 2000s on the Billboard 200.
8003:123145686032384::Thread-89 2020-08-09 19:00:03.499 - Its third single, "Our Song", made her the youngest person to single-handedly write and perform a number-one song on the Billboard Country Airplay chart.
8002:123145686032384::Thread-89 2020-08-09 19:00:03.753 - His leaping ability, demonstrated by slam dunks from the free throw line in Slam Dunk Contests, earned him the nicknames "Air Jordan" and "His Airness".
8004:123145686032384::Thread-89 2020-08-09 19:00:03.782 - **START**
8002:123145686032384::Thread-89 2020-08-09 19:00:03.808 - Jordan won his first NBA championship with the Bulls in 1991, and followed that achievement with titles in 1992 and 1993, securing a "three-peat".
8004:123145686032384::Thread-89 2020-08-09 19:00:03.908 - Starting new HTTPS connection (1): en.wikipedia.org
8003:123145686032384::Thread-89 2020-08-09 19:00:04.633 - Swift's breakthrough second studio album, Fearless (2008), won four Grammy Awards, including Album of the Year, and was certified Diamond by the Recording Industry Association of America.
8005:123145686032384::Thread-89 2020-08-09 19:00:04.9 - **END**
8002:123145686032384::Thread-89 2020-08-09 19:00:05.147 - Jordan abruptly retired from basketball before the 1993–94 NBA season to play Minor League Baseball, but returned to the Bulls in March 1995 and led them to three more championships in 1996, 1997, and 1998, as well as a then-record 72 regular-season wins in the 1995–96 NBA season.
8004:123145686032384::Thread-89 2020-08-09 19:00:05.947 - Willow Camille Reign Smith (born October 31, 2000), also known mononymously as Willow, is an American singer, songwriter, record producer, and actress.
8004:123145686032384::Thread-89 2020-08-09 19:00:05.965 - She is the daughter of Will Smith and Jada Pinkett Smith, and the younger sister of Jaden Smith.
8002:123145686032384::Thread-89 2020-08-09 19:00:06.168 - He retired for a second time in January 1999 but returned for two more NBA seasons from 2001 to 2003 as a member of the Washington Wizards.
8002:123145686032384::Thread-89 2020-08-09 19:00:06.542 - Jordan's individual accolades and accomplishments include six NBA Finals Most Valuable Player (MVP) Awards, ten scoring titles (both all-time records), five MVP Awards, ten All-NBA First Team designations, nine All-Defensive First Team honors, fourteen NBA All-Star Game selections, three All-Star Game MVP Awards, three steals titles, and the 1988 NBA Defensive Player of the Year Award.
8003:123145686032384::Thread-89 2020-08-09 19:00:06.599 - It yielded the Billboard Hot 100 top-five singles "Love Story" and "You Belong with Me".
8003:123145686032384::Thread-89 2020-08-09 19:00:06.923 - Swift's third studio album, Speak Now (2010), spawned the two-time Grammy Award-winning single "Mean".
8004:123145686032384::Thread-89 2020-08-09 19:00:06.933 - Smith made her acting debut in 2007 in the film I Am Legend and later appeared in Kit Kittredge: An American Girl alongside Abigail Breslin.
8003:123145686032384::Thread-89 2020-08-09 19:00:07.27 - Her cross-genre fourth studio album, Red (2012), earned Swift her first Billboard Hot 100 number-one single, "We Are Never Ever Getting Back Together".
8004:123145686032384::Thread-89 2020-08-09 19:00:07.5 - She received a Young Artist Award for her performance.
8002:123145686032384::Thread-89 2020-08-09 19:00:07.548 - **END**
8004:123145686032384::Thread-89 2020-08-09 19:00:10.169 - Smith launched her music career in the autumn of 2010 with the release of the singles "Whip My Hair" in 2010 and "21st Century Girl" in 2011, and signed to her current mentor Jay-Z's record label Roc Nation in 2010, becoming the youngest artist signed to the label.
8006:123145686032384::Thread-89 2020-08-09 19:00:10.735 - **START**
8006:123145686032384::Thread-89 2020-08-09 19:00:10.737 - Starting new HTTPS connection (1): en.wikipedia.org
8003:123145686032384::Thread-89 2020-08-09 19:00:11.274 - **END**
8006:123145686032384::Thread-89 2020-08-09 19:00:11.627 - The Palace of Westminster serves as the meeting place for both the House of Commons and the House of Lords, the two houses of the Parliament of the United Kingdom.
8004:123145686032384::Thread-89 2020-08-09 19:00:11.787 - "Whip My Hair" peaked at number 11 on the Billboard Hot 100.
8004:123145686032384::Thread-89 2020-08-09 19:00:12.081 - The video was nominated for Video of the Year at the BET Awards of 2011.
8004:123145686032384::Thread-89 2020-08-09 19:00:13.132 - She released her debut album, Ardipithecus, on December 11, 2015.
8006:123145686032384::Thread-89 2020-08-09 19:00:13.443 - Informally known as the Houses of Parliament after its occupants, the Palace lies on the north bank of the River Thames in the City of Westminster, in central London, England.
8006:123145686032384::Thread-89 2020-08-09 19:00:14.421 - Its name, which derives from the neighbouring Westminster Abbey, may refer to several historic structures but most often: the Old Palace, a medieval building-complex destroyed by fire in 1834, or its replacement, the New Palace that stands today.
8006:123145686032384::Thread-89 2020-08-09 19:00:15.017 - The palace is owned by the monarch in right of the Crown and, for ceremonial purposes, retains its original status as a royal residence.
8006:123145686032384::Thread-89 2020-08-09 19:00:15.399 - Committees appointed by both houses manage the building and report to the Speaker of the House of Commons and to the Lord Speaker.
8004:123145686032384::Thread-89 2020-08-09 19:00:16.095 - Early life
Willow Smith was born on October 31, 2000 in Los Angeles.
8006:123145686032384::Thread-89 2020-08-09 19:00:16.281 - The first royal palace constructed on the site dated from the 11th century, and Westminster became the primary residence of the Kings of England until fire destroyed the royal apartments in 1512 (after which, the nearby Palace of Whitehall was established).
8004:123145686032384::Thread-89 2020-08-09 19:00:16.431 - She is the daughter of actress-musician Jada Pinkett Smith and actor-musician Will Smith.
8006:123145686032384::Thread-89 2020-08-09 19:00:16.46 - The remainder of Westminster continued to serve as the home of the Parliament of England, which had met there since the 13th century, and also as the seat of the Royal Courts of Justice, based in and around Westminster Hall.
8006:123145686032384::Thread-89 2020-08-09 19:00:16.571 - In 1834 an even greater fire ravaged the heavily rebuilt Houses of Parliament, and the only significant medieval structures to survive were Westminster Hall, the Cloisters of St Stephen's, the Chapel of St Mary Undercroft, and the Jewel Tower.
8006:123145686032384::Thread-89 2020-08-09 19:00:18.452 - In the subsequent competition for the reconstruction of the Palace, the architect Charles Barry won with a design for new buildings in the Gothic Revival style, specifically inspired by the English Perpendicular Gothic style of the 14th–16th centuries.
8006:123145686032384::Thread-89 2020-08-09 19:00:20.441 - The remains of the Old Palace (except the detached Jewel Tower) were incorporated into its much larger replacement, which contains over 1,100 rooms organised symmetrically around two series of courtyards and which has a floor area of 112,476 m2 (1,210,680 sq ft).
8004:123145686032384::Thread-89 2020-08-09 19:00:24.438 - **END**
8006:123145686032384::Thread-89 2020-08-09 19:00:26.444 - **END**