8004:123146085658624::Thread-184 2020-08-09 18:59:25.245 - **START**
8004:123146085658624::Thread-184 2020-08-09 18:59:25.253 - Starting new HTTPS connection (1): en.wikipedia.org
8004:123146085658624::Thread-184 2020-08-09 18:59:27.807 - Inferno (Italian: [iɱˈfɛrno]; Italian for "Hell") is the first part of Italian writer Dante Alighieri's 14th-century epic poem Divine Comedy.
8004:123146085658624::Thread-184 2020-08-09 18:59:27.926 - It is followed by Purgatorio and Paradiso.
8004:123146085658624::Thread-184 2020-08-09 18:59:28.059 - The Inferno tells the journey of Dante through Hell, guided by the ancient Roman poet Virgil.
8004:123146085658624::Thread-184 2020-08-09 18:59:29.686 - In the poem, Hell is depicted as nine concentric circles of torment located within the Earth; it is the "realm ... of those who have rejected spiritual values by yielding to bestial appetites or violence, or by perverting their human intellect to fraud or malice against their fellowmen".
8004:123146085658624::Thread-184 2020-08-09 18:59:30.358 - As an allegory, the Divine Comedy represents the journey of the soul toward God, with the Inferno describing the recognition and rejection of sin.
8002:123146085658624::Thread-184 2020-08-09 18:59:30.492 - **START**
8004:123146085658624::Thread-184 2020-08-09 18:59:30.765 - Introduction


Cantos I–II

Canto I

The poem begins on the night of Maundy Thursday on March 24 (or April 7), AD 1300, shortly before dawn of Good Friday.
8004:123146085658624::Thread-184 2020-08-09 18:59:31.2 - The narrator, Dante himself, is thirty-five years old, and thus "midway in the journey of our life" (Nel mezzo del cammin di nostra vita) – half of the Biblical lifespan of seventy (Psalm 89:10, Vulgate; Psalm 90:10, KJV).
8002:123146085658624::Thread-184 2020-08-09 18:59:31.776 - Starting new HTTPS connection (1): en.wikipedia.org
8004:123146085658624::Thread-184 2020-08-09 18:59:32.401 - The poet finds himself lost in a dark wood (selva oscura), astray from the "straight way" (diritta via, also translatable as "right way") of salvation.
8006:123146085658624::Thread-184 2020-08-09 18:59:33.272 - **START**
8004:123146085658624::Thread-184 2020-08-09 18:59:33.919 - He sets out to climb directly up a small mountain, but his way is blocked by three beasts he cannot evade: a lonza (usually rendered as "leopard" or "leopon"), a leone (lion), and a lupa (she-wolf).
8006:123146085658624::Thread-184 2020-08-09 18:59:34.121 - Starting new HTTPS connection (1): en.wikipedia.org
8002:123146085658624::Thread-184 2020-08-09 18:59:34.577 - The United States of America (USA), commonly known as the United States (U.S. or US) or America, is a country mostly located in central North America, between Canada and Mexico.
8005:123146085658624::Thread-184 2020-08-09 18:59:35.229 - **START**
8003:123146085658624::Thread-184 2020-08-09 18:59:35.279 - **START**
8002:123146085658624::Thread-184 2020-08-09 18:59:36.099 - It consists of 50 states, a federal district, five major self-governing territories, and various possessions.
8003:123146085658624::Thread-184 2020-08-09 18:59:36.584 - Starting new HTTPS connection (1): en.wikipedia.org
8006:123146085658624::Thread-184 2020-08-09 18:59:36.789 - Pompeii (, Latin: [pɔmˈpeːjjiː]) was an ancient city located in what is now the comune of Pompei near Naples in the Campania region of Italy.
8006:123146085658624::Thread-184 2020-08-09 18:59:37.0 - Pompeii, along with Herculaneum and many villas in the surrounding area (e.g.
8006:123146085658624::Thread-184 2020-08-09 18:59:37.348 - at Boscoreale, Stabiae), was buried under 4 to 6 m (13 to 20 ft) of volcanic ash and pumice in the eruption of Mount Vesuvius in AD 79.
8006:123146085658624::Thread-184 2020-08-09 18:59:37.488 - Largely preserved under the ash, the excavated city offered a unique snapshot of Roman life, frozen at the moment it was buried, and an extraordinarily detailed insight into the everyday life of its inhabitants, although much of the evidence was lost in the early excavations.
8002:123146085658624::Thread-184 2020-08-09 18:59:37.514 - At 3.8 million square miles (9.8 million km2), it is the world's third- or fourth-largest country by total area.
8006:123146085658624::Thread-184 2020-08-09 18:59:37.696 - It was a wealthy town, enjoying many fine public buildings and luxurious private houses with lavish decorations, furnishings and works of art which were the main attractions for the early excavators.
8005:123146085658624::Thread-184 2020-08-09 18:59:38.074 - Starting new HTTPS connection (1): en.wikipedia.org
8006:123146085658624::Thread-184 2020-08-09 18:59:38.46 - Organic remains, including wooden objects and human bodies, were entombed in the ash and decayed leaving
voids which archaeologists found could be used as moulds to make plaster casts of unique and often gruesome figures in their final moments of life.
8006:123146085658624::Thread-184 2020-08-09 18:59:39.057 - The numerous graffiti carved on the walls and inside rooms provide a wealth of examples of the largely lost Vulgar Latin spoken colloquially at the time, contrasting with the formal language of the classical writers.
8002:123146085658624::Thread-184 2020-08-09 18:59:39.52 - With a 2019 estimated population of over 328 million, the U.S. is the third most populous country in the world.
8003:123146085658624::Thread-184 2020-08-09 18:59:39.722 - The Erie Canal is a canal in New York, United States that is part of the east–west, cross-state route of the New York State Canal System (formerly known as the New York State Barge Canal).
8002:123146085658624::Thread-184 2020-08-09 18:59:39.995 - Americans are a racially and ethnically diverse population that has been shaped through centuries of immigration.
8006:123146085658624::Thread-184 2020-08-09 18:59:39.995 - Pompeii is a UNESCO World Heritage Site and is one of the most popular tourist attractions in Italy, with approximately 2.5 million visitors annually.After many excavations prior to 1960 that had uncovered most of the city but left it in decay, further major excavations were banned and instead they were limited to targeted, prioritised areas.
8006:123146085658624::Thread-184 2020-08-09 18:59:40.232 - In 2018, these led to new discoveries in some previously unexplored areas of the city.
8002:123146085658624::Thread-184 2020-08-09 18:59:40.611 - The capital is Washington, D.C., and the most populous city is New York City.
8006:123146085658624::Thread-184 2020-08-09 18:59:41.029 - Name
Pompeii (pronounced [pɔmˈpɛjjiː]) in Latin is a second declension plural noun (Pompeiī, -ōrum).
8002:123146085658624::Thread-184 2020-08-09 18:59:41.46 - Paleo-Indians migrated from Siberia to the North American mainland at least 12,000 years ago, and European colonization began in the 16th century.
8003:123146085658624::Thread-184 2020-08-09 18:59:41.587 - Originally, it ran 363 miles (584 km) from the Hudson River in Albany to Lake Erie in Buffalo.
8002:123146085658624::Thread-184 2020-08-09 18:59:41.932 - The United States emerged from the thirteen British colonies established along the East Coast.
8002:123146085658624::Thread-184 2020-08-09 18:59:42.101 - Numerous disputes between Great Britain and the colonies led to the American Revolutionary War lasting between 1775 and 1783, leading to independence.
8002:123146085658624::Thread-184 2020-08-09 18:59:42.75 - Beginning in the late 18th century, the United States vigorously expanded across North America, gradually acquiring new territories, killing and displacing Native Americans, and admitting new states.
8003:123146085658624::Thread-184 2020-08-09 18:59:42.851 - It was built to create a navigable water route from New York City and the Atlantic Ocean to the Great Lakes.
8004:123146085658624::Thread-184 2020-08-09 18:59:42.922 - **END**
8005:123146085658624::Thread-184 2020-08-09 18:59:43.681 - Chelsea Football Club are an English professional football club based in Fulham, London.
8003:123146085658624::Thread-184 2020-08-09 18:59:44.048 - When completed in 1825, it was the second longest canal in the world (after the Grand Canal in China) and greatly enhanced the development and economy of New York, New York City, and the United States.The canal was first proposed in the 1780s, then re-proposed in 1807.
8005:123146085658624::Thread-184 2020-08-09 18:59:44.736 - Founded in 1905, the club competes in the Premier League, the top division of English football.
8003:123146085658624::Thread-184 2020-08-09 18:59:44.916 - A survey was authorized, funded, and executed in 1808.
8005:123146085658624::Thread-184 2020-08-09 18:59:45.938 - Chelsea are among England's most successful clubs, having won over thirty competitive honours, including six league titles and six European trophies.
8003:123146085658624::Thread-184 2020-08-09 18:59:46.864 - Proponents of the project gradually wore down opponents; its construction began in 1817.
8005:123146085658624::Thread-184 2020-08-09 18:59:47.552 - Their home ground is Stamford Bridge.Chelsea won their first major honour, the League Championship, in 1955.
8002:123146085658624::Thread-184 2020-08-09 18:59:47.756 - **END**
8003:123146085658624::Thread-184 2020-08-09 18:59:47.987 - The canal has 34 numbered locks starting with Black Rock Lock and ending downstream with the Troy Federal Lock.
8006:123146085658624::Thread-184 2020-08-09 18:59:48.031 - **END**
8003:123146085658624::Thread-184 2020-08-09 18:59:48.273 - Both are owned by the federal government.
8003:123146085658624::Thread-184 2020-08-09 18:59:48.815 - It has an elevation difference of about 565 feet (172 m).
8003:123146085658624::Thread-184 2020-08-09 18:59:48.87 - It opened on October 26, 1825.In a time when bulk goods were limited to pack animals (a 250-pound (113 kg) maximum), and there were no railways, water was the most cost-effective way to ship bulk goods.
8005:123146085658624::Thread-184 2020-08-09 18:59:49.81 - The club won the FA Cup for the first time in 1970 and their first European honour, the UEFA Cup Winners' Cup, in 1971.
8005:123146085658624::Thread-184 2020-08-09 18:59:52.588 - After a period of decline in the late 1970s and 1980s, the club enjoyed a revival in the 1990s and had more success in cup competitions.
8005:123146085658624::Thread-184 2020-08-09 18:59:55.351 - The past two decades have been the most successful in Chelsea's history: they won five of its six league titles and the UEFA Champions League during this period.
8004:123146085658624::Thread-184 2020-08-09 18:59:56.927 - **START**
8004:123146085658624::Thread-184 2020-08-09 18:59:56.935 - Starting new HTTPS connection (1): en.wikipedia.org
8005:123146085658624::Thread-184 2020-08-09 18:59:57.22 - Chelsea are one of five clubs to have won all three of UEFA's main club competitions, and the only London club to have won the Champions League.
8003:123146085658624::Thread-184 2020-08-09 18:59:57.875 - **END**
8004:123146085658624::Thread-184 2020-08-09 18:59:58.327 - Films generate income from several revenue streams, including theatrical exhibition, home video, television broadcast rights, and merchandising.
8004:123146085658624::Thread-184 2020-08-09 18:59:58.632 - However, theatrical box office earnings are the primary metric for trade publications in assessing the success of a film, mostly because of the availability of the data compared to sales figures for home video and broadcast rights, but also because of historical practice.
8005:123146085658624::Thread-184 2020-08-09 18:59:58.763 - Chelsea's home kit colours are royal blue shirts and shorts with white socks.
8004:123146085658624::Thread-184 2020-08-09 18:59:59.554 - Included on the list are charts of the top box office earners (ranked by both the nominal and real value of their revenue), a chart of high-grossing films by calendar year, a timeline showing the transition of the highest-grossing film record, and a chart of the highest-grossing film franchises and series.
8004:123146085658624::Thread-184 2020-08-09 19:00:00.322 - All charts are ranked by international theatrical box office performance where possible, excluding income derived from home video, broadcasting rights, and merchandise.
8004:123146085658624::Thread-184 2020-08-09 19:00:00.446 - Traditionally, war films, musicals, and historical dramas have been the most popular genres, but franchise films have been among the best performers in the 21st century.
8002:123146085658624::Thread-184 2020-08-09 19:00:00.762 - **START**
8002:123146085658624::Thread-184 2020-08-09 19:00:00.786 - Starting new HTTPS connection (1): en.wikipedia.org
8004:123146085658624::Thread-184 2020-08-09 19:00:01.06 - There is strong interest in the superhero genre, with nine films in the Marvel Cinematic Universe featuring among the nominal top-earners.
8004:123146085658624::Thread-184 2020-08-09 19:00:01.327 - The most successful superhero film, Avengers: Endgame, is also the highest-grossing film overall on the nominal earnings chart, and there are four films in total based on the Avengers comic books charting in the top twenty.
8005:123146085658624::Thread-184 2020-08-09 19:00:01.619 - The club's crest features a ceremonial lion rampant regardant holding a staff.
8004:123146085658624::Thread-184 2020-08-09 19:00:02.189 - Other Marvel Comics adaptations have also had success with the Spider-Man and X-Men properties, while films based on Batman and Superman from DC Comics have generally performed well.
8004:123146085658624::Thread-184 2020-08-09 19:00:02.628 - Star Wars is also represented in the nominal earnings chart with five films, while the Harry Potter, Jurassic Park and Pirates of the Caribbean franchises feature prominently.
8004:123146085658624::Thread-184 2020-08-09 19:00:03.609 - Avatar, in second place on the nominal chart, is the highest-grossing film that is not a sequel or an adaptation of a pre-existing property.
8002:123146085658624::Thread-184 2020-08-09 19:00:04.273 - Mark Robert Michael Wahlberg (born June 5, 1971) is an American actor, producer, restaurateur and former rapper.
8002:123146085658624::Thread-184 2020-08-09 19:00:04.787 - He is also known by his former stage name Marky Mark from his career with the group Marky Mark and the Funky Bunch, with whom he released the albums Music for the People (1991) and You Gotta Believe (1992).
8005:123146085658624::Thread-184 2020-08-09 19:00:05.623 - **END**
8006:123146085658624::Thread-184 2020-08-09 19:00:06.035 - **START**
8006:123146085658624::Thread-184 2020-08-09 19:00:06.047 - Starting new HTTPS connection (1): en.wikipedia.org
8002:123146085658624::Thread-184 2020-08-09 19:00:06.421 - Wahlberg transitioned from music to acting, with his screen debut in Renaissance Man (1994) and his first starring role in Fear (1996).
8003:123146085658624::Thread-184 2020-08-09 19:00:06.884 - **START**
8002:123146085658624::Thread-184 2020-08-09 19:00:06.89 - He received critical praise for his performance as porn actor Dirk Diggler in Boogie Nights.
8003:123146085658624::Thread-184 2020-08-09 19:00:06.908 - Starting new HTTPS connection (1): en.wikipedia.org
8006:123146085658624::Thread-184 2020-08-09 19:00:08.038 - Avatar (marketed as James Cameron's Avatar) is a 2009 American epic science fiction film directed, written, produced, and co-edited by James Cameron and stars Sam Worthington, Zoe Saldana, Stephen Lang, Michelle Rodriguez, and Sigourney Weaver.
8006:123146085658624::Thread-184 2020-08-09 19:00:08.386 - The film is set in the mid-22nd century when humans are colonizing Pandora, a lush habitable moon of a gas giant in the Alpha Centauri star system, in order to mine the mineral unobtanium, a room-temperature superconductor.
8002:123146085658624::Thread-184 2020-08-09 19:00:08.51 - In the early 2000s, he ventured into big budget action-oriented movies, such as The Perfect Storm (2000), Planet of the Apes (2001), and The Italian Job (2003).
8002:123146085658624::Thread-184 2020-08-09 19:00:08.618 - He was nominated for the Academy Award for Best Supporting Actor for playing a police officer in the crime drama The Departed (2006).
8003:123146085658624::Thread-184 2020-08-09 19:00:08.78 - Emma Charlotte Duerre Watson (born 15 April 1990) is an English actress, model, and activist.
8003:123146085658624::Thread-184 2020-08-09 19:00:08.848 - Born in Paris and brought up in Oxfordshire, Watson attended the Dragon School and trained as an actress at the Oxford branch of Stagecoach Theatre Arts.
8002:123146085658624::Thread-184 2020-08-09 19:00:09.036 - He was nominated for the Golden Globe Award for Best Actor for the biographical sports drama The Fighter (2010), in which he starred as Micky Ward.
8006:123146085658624::Thread-184 2020-08-09 19:00:09.068 - The expansion of the mining colony threatens the continued existence of a local tribe of Na'vi – a humanoid species indigenous to Pandora.
8006:123146085658624::Thread-184 2020-08-09 19:00:09.455 - The film's title refers to a genetically engineered Na'vi body operated from the brain of a remotely located human that is used to interact with the natives of Pandora.Development of Avatar began in 1994, when Cameron wrote an 80-page treatment for the film.
8006:123146085658624::Thread-184 2020-08-09 19:00:09.935 - Filming was supposed to take place after the completion of Cameron's 1997 film Titanic, for a planned release in 1999, but, according to Cameron, the necessary technology was not yet available to achieve his vision of the film.
8002:123146085658624::Thread-184 2020-08-09 19:00:10.123 - In the 2010s, he landed successful comedy roles with The Other Guys (2010), Ted (2012), its 2015 sequel, Daddy's Home (2015), and its 2017 sequel.
8003:123146085658624::Thread-184 2020-08-09 19:00:10.158 - As a child, she rose to prominence with her first professional acting role as Hermione Granger in the Harry Potter film series, having acted only in school plays previously.
8002:123146085658624::Thread-184 2020-08-09 19:00:10.554 - He also became the protagonist in the Transformers live-action film franchise (2014, 2017).
8006:123146085658624::Thread-184 2020-08-09 19:00:10.692 - Work on the language of the film's extraterrestrial beings began in 2005, and Cameron began developing the screenplay and fictional universe in early 2006.
8002:123146085658624::Thread-184 2020-08-09 19:00:11.755 - He was the world's best-paid actor in 2017.
8003:123146085658624::Thread-184 2020-08-09 19:00:11.949 - Watson also appeared in the 2007 television adaptation of the novel Ballet Shoes and lent her voice to The Tale of Despereaux (2008).
8004:123146085658624::Thread-184 2020-08-09 19:00:12.617 - **END**
8006:123146085658624::Thread-184 2020-08-09 19:00:12.92 - Avatar was officially budgeted at $237 million.
8006:123146085658624::Thread-184 2020-08-09 19:00:13.595 - Other estimates put the cost between $280 million and $310 million for production and at $150 million for promotion.
8003:123146085658624::Thread-184 2020-08-09 19:00:13.725 - After the last Harry Potter film, she took on starring and supporting roles in My Week with Marilyn (2011), The Perks of Being a Wallflower (2012) and The Bling Ring (2013), made an appearance as an exaggerated version of herself in This Is the End (2013), and played the title character's adopted daughter in Noah (2014).
8003:123146085658624::Thread-184 2020-08-09 19:00:14.61 - She went on to star as Belle in the musical romantic fantasy Beauty and the Beast (2017) and Meg March in the coming-of-age film Little Women (2019), the latter of which was nominated for the Academy Award for Best Picture.
8003:123146085658624::Thread-184 2020-08-09 19:00:15.917 - Her other film roles include Regression (2015), Colonia (2015), and The Circle (2017).
8006:123146085658624::Thread-184 2020-08-09 19:00:16.433 - The film made extensive use of new motion capture filming techniques, and was released for traditional viewing, 3D viewing (using the RealD 3D, Dolby 3D, XpanD 3D, and IMAX 3D formats), and for "4D" experiences in select South Korean theaters.
8006:123146085658624::Thread-184 2020-08-09 19:00:16.502 - The stereoscopic filmmaking was touted as a breakthrough in cinematic technology.Avatar premiered in London on December 10, 2009, and was released in the United States on December 18 to positive reviews, with critics highly praising its groundbreaking visual effects.
8003:123146085658624::Thread-184 2020-08-09 19:00:16.641 - From 2011 to 2014, Watson split her time between working on films and continuing her education, graduating from Brown University with a bachelor's degree in English literature in May 2014.
8003:123146085658624::Thread-184 2020-08-09 19:00:16.947 - Her modelling work has included campaigns for Burberry and Lancôme.
8003:123146085658624::Thread-184 2020-08-09 19:00:17.3 - She also lent her name to a line of clothing for People Tree.
8002:123146085658624::Thread-184 2020-08-09 19:00:19.756 - **END**
8006:123146085658624::Thread-184 2020-08-09 19:00:24.504 - **END**
8003:123146085658624::Thread-184 2020-08-09 19:00:26.302 - **END**