8006:123145513562112::Thread-48 2020-08-09 18:59:29.242 - **START**
8003:123145513562112::Thread-48 2020-08-09 18:59:29.283 - **START**
8003:123145513562112::Thread-48 2020-08-09 18:59:29.378 - Starting new HTTPS connection (1): en.wikipedia.org
8006:123145513562112::Thread-48 2020-08-09 18:59:29.542 - Starting new HTTPS connection (1): en.wikipedia.org
8006:123145513562112::Thread-48 2020-08-09 18:59:32.505 - Kiss (often stylized as KIϟϟ) is an American rock band formed in New York City in January 1973 by Paul Stanley, Gene Simmons, Peter Criss, and Ace Frehley.
8005:123145513562112::Thread-48 2020-08-09 18:59:33.203 - **START**
8004:123145513562112::Thread-48 2020-08-09 18:59:33.204 - **START**
8006:123145513562112::Thread-48 2020-08-09 18:59:33.798 - Well known for its members' face paint and stage outfits, the group rose to prominence in the mid-to-late 1970s with its elaborate live performances, which featured fire breathing, blood-spitting, smoking guitars, shooting rockets, levitating drum kits, and pyrotechnics.
8003:123145513562112::Thread-48 2020-08-09 18:59:33.882 - Thomas Edward Patrick Brady Jr. (born August 3, 1977) is an American football quarterback for the Tampa Bay Buccaneers of the National Football League (NFL).
8004:123145513562112::Thread-48 2020-08-09 18:59:34.128 - Starting new HTTPS connection (1): en.wikipedia.org
8006:123145513562112::Thread-48 2020-08-09 18:59:35.753 - The band has gone through several lineup changes, with Stanley and Simmons being the only members to feature in every lineup.
8003:123145513562112::Thread-48 2020-08-09 18:59:35.857 - He spent the first 20 seasons of his career with the New England Patriots, playing in nine Super Bowls and winning six of them (XXXVI, XXXVIII, XXXIX, XLIX, LI, and LIII), both of which are the most of any player in NFL history.
8005:123145513562112::Thread-48 2020-08-09 18:59:36.049 - Starting new HTTPS connection (1): en.wikipedia.org
8002:123145513562112::Thread-48 2020-08-09 18:59:36.31 - **START**
8002:123145513562112::Thread-48 2020-08-09 18:59:36.996 - Starting new HTTPS connection (1): en.wikipedia.org
8004:123145513562112::Thread-48 2020-08-09 18:59:37.103 - George VI (Albert Frederick Arthur George; 14 December 1895 – 6 February 1952) was King of the United Kingdom and the Dominions of the British Commonwealth from 11 December 1936 until his death in 1952.
8003:123145513562112::Thread-48 2020-08-09 18:59:37.299 - He has won a record four Super Bowl MVP awards (XXXVI, XXXVIII, XLIX, and LI) as well as three NFL MVP awards (2007, 2010, 2017).
8006:123145513562112::Thread-48 2020-08-09 18:59:37.681 - The original and best-known lineup consists of Stanley (vocals and rhythm guitar), Simmons (vocals and bass), Frehley (lead guitar and vocals), and Criss (drums and vocals)
With their make-up and costumes, the band members took on the personae of comic book-style characters: the Starchild (Stanley), the Demon (Simmons), the Spaceman or Space Ace (Frehley), and the Catman (Criss).
8004:123145513562112::Thread-48 2020-08-09 18:59:37.776 - Known as "Bertie" among his family and close friends, George VI was born in the reign of his great-grandmother Queen Victoria and was named after his great-grandfather Albert, Prince Consort.
8004:123145513562112::Thread-48 2020-08-09 18:59:37.915 - As the second son of King George V, he was not expected to inherit the throne and spent his early life in the shadow of his elder brother, Edward.
8006:123145513562112::Thread-48 2020-08-09 18:59:37.966 - Due to creative differences, both Criss and Frehley had departed the group by 1982.
8004:123145513562112::Thread-48 2020-08-09 18:59:38.58 - He attended naval college as a teenager and served in the Royal Navy and Royal Air Force during the First World War.
8006:123145513562112::Thread-48 2020-08-09 18:59:38.646 - In 1983, Kiss began performing without makeup and costumes, thus marking the beginning of the band's "unmasked" era that would last for over a decade.
8004:123145513562112::Thread-48 2020-08-09 18:59:38.679 - In 1920, he was made Duke of York.
8004:123145513562112::Thread-48 2020-08-09 18:59:38.8 - He married Lady Elizabeth Bowes-Lyon in 1923, and they had two daughters, Elizabeth and Margaret.
8004:123145513562112::Thread-48 2020-08-09 18:59:39.589 - In the mid-1920s, he had speech therapy for a stammer, which he learned to manage to some degree.
8006:123145513562112::Thread-48 2020-08-09 18:59:39.85 - The band experienced a commercial resurgence during this era, with the Platinum-certified album Lick It Up successfully introducing them to a new generation of fans, and its music videos received regular airplay on MTV.
8004:123145513562112::Thread-48 2020-08-09 18:59:40.081 - George's elder brother ascended the throne as Edward VIII after their father died in 1936.
8003:123145513562112::Thread-48 2020-08-09 18:59:40.092 - Because of his numerous records and accolades, many sports writers, commentators, and players consider Brady to be the greatest quarterback of all time.After playing college football for the University of Michigan, Brady was drafted 199th overall by the Patriots in the sixth round of the 2000 NFL Draft.
8005:123145513562112::Thread-48 2020-08-09 18:59:40.18 - Richard Milhous Nixon (January 9, 1913 – April 22, 1994) was the 37th president of the United States, serving from 1969 until 1974.
8003:123145513562112::Thread-48 2020-08-09 18:59:40.334 - Due to his late selection, Brady is considered the biggest "steal" in the history of the NFL Draft.
8004:123145513562112::Thread-48 2020-08-09 18:59:40.425 - Later that year, Edward abdicated to marry the American socialite Wallis Simpson, and George became the third monarch of the House of Windsor.
8005:123145513562112::Thread-48 2020-08-09 18:59:40.599 - A member of the Republican Party, Nixon previously served as the 36th vice president from 1953 to 1961, having risen to national prominence as a representative and senator from California.
8005:123145513562112::Thread-48 2020-08-09 18:59:40.615 - After five years in the White House that saw the conclusion to the U.S. involvement in the Vietnam War, détente with the Soviet Union and China, and the establishment of the Environmental Protection Agency, he became the only president to resign from the office.
8002:123145513562112::Thread-48 2020-08-09 18:59:40.88 - Queen are a British rock band formed in London in 1970.
8006:123145513562112::Thread-48 2020-08-09 18:59:41.324 - Eric Carr, who had replaced Criss in 1980, died in 1991 of heart cancer and was replaced by Eric Singer.
8004:123145513562112::Thread-48 2020-08-09 18:59:41.398 - In September 1939, the British Empire and Commonwealth—except Ireland—declared war on Nazi Germany.
8005:123145513562112::Thread-48 2020-08-09 18:59:41.585 - Nixon was born into a poor family in a small town in Southern California.
8006:123145513562112::Thread-48 2020-08-09 18:59:41.688 - In response to a wave of Kiss nostalgia in the mid-1990s, the original lineup re-united in 1996, which also saw the return of its makeup and stage costumes.
8005:123145513562112::Thread-48 2020-08-09 18:59:42.255 - He graduated from Duke University School of Law in 1937 and returned to California to practice law.
8002:123145513562112::Thread-48 2020-08-09 18:59:42.548 - Their classic line-up was Freddie Mercury (lead vocals, piano), Brian May (guitar, vocals), Roger Taylor (drums, vocals) and John Deacon (bass).
8005:123145513562112::Thread-48 2020-08-09 18:59:42.663 - He and his wife Pat moved to Washington in 1942 to work for the federal government.
8005:123145513562112::Thread-48 2020-08-09 18:59:42.958 - He served on active duty in the Navy Reserve during World War II.
8006:123145513562112::Thread-48 2020-08-09 18:59:42.963 - The resulting Alive/Worldwide Tour was highly successful, grossing $143.7 million, making it the band's most successful tour to date.
8003:123145513562112::Thread-48 2020-08-09 18:59:43.264 - He went on to become the team's starting quarterback in his second season after an injury to Drew Bledsoe and played for the Patriots for 20 seasons, the NFL record for seasons as quarterback for one team.
8002:123145513562112::Thread-48 2020-08-09 18:59:43.635 - Their earliest works were influenced by progressive rock, hard rock and heavy metal, but the band gradually ventured into more conventional and radio-friendly works by incorporating further styles, such as arena rock and pop rock.
8005:123145513562112::Thread-48 2020-08-09 18:59:43.806 - He was elected to the House of Representatives in 1946.
8006:123145513562112::Thread-48 2020-08-09 18:59:44.131 - Criss and Frehley subsequently left the band again, and have been replaced by Singer and Tommy Thayer.
8005:123145513562112::Thread-48 2020-08-09 18:59:44.507 - His pursuit of the Hiss Case established his reputation as a leading anti-Communist which elevated him to national prominence.
8002:123145513562112::Thread-48 2020-08-09 18:59:44.626 - Before forming Queen, May and Taylor had played together in the band Smile.
8003:123145513562112::Thread-48 2020-08-09 18:59:44.95 - Following the 2019 season, Brady left New England and signed a two-year deal with the Buccaneers.
8002:123145513562112::Thread-48 2020-08-09 18:59:45.341 - Mercury was a fan of Smile and encouraged them to experiment with more elaborate stage and recording techniques.
8005:123145513562112::Thread-48 2020-08-09 18:59:45.439 - In 1950, he was elected to the Senate.
8003:123145513562112::Thread-48 2020-08-09 18:59:45.521 - Brady is one of only two quarterbacks to win a Super Bowl in their first season as a starter.
8005:123145513562112::Thread-48 2020-08-09 18:59:45.905 - He was the running mate of Dwight D. Eisenhower, the Republican Party's presidential nominee in the 1952 election, subsequently serving for eight years in as the vice president.
8002:123145513562112::Thread-48 2020-08-09 18:59:46.992 - He joined in 1970 and suggested the name "Queen".
8002:123145513562112::Thread-48 2020-08-09 18:59:47.123 - Deacon was recruited in March 1971, before the band released their eponymous debut album in 1973.
8006:123145513562112::Thread-48 2020-08-09 18:59:47.136 - **END**
8002:123145513562112::Thread-48 2020-08-09 18:59:48.201 - Queen first charted in the UK with their second album, Queen II, in 1974.
8003:123145513562112::Thread-48 2020-08-09 18:59:48.393 - He is also the only quarterback to reach 200 regular-season wins, Brady has never had a losing season as a starting quarterback.
8004:123145513562112::Thread-48 2020-08-09 18:59:49.407 - **END**
8002:123145513562112::Thread-48 2020-08-09 18:59:49.713 - Sheer Heart Attack later that year and A Night at the Opera in 1975 brought them international success.
8002:123145513562112::Thread-48 2020-08-09 18:59:50.066 - The latter featured "Bohemian Rhapsody", which stayed at number one in the UK for nine weeks and helped popularise the music video format.
8005:123145513562112::Thread-48 2020-08-09 18:59:50.908 - **END**
8006:123145513562112::Thread-48 2020-08-09 18:59:51.141 - **START**
8006:123145513562112::Thread-48 2020-08-09 18:59:51.146 - Starting new HTTPS connection (1): en.wikipedia.org
8003:123145513562112::Thread-48 2020-08-09 18:59:51.399 - **END**
8006:123145513562112::Thread-48 2020-08-09 18:59:52.277 - One Direction, often shortened to 1D, are an English-Irish pop boy band formed in London, England in 2010.
8006:123145513562112::Thread-48 2020-08-09 18:59:53.768 - The group is composed of Niall Horan, Liam Payne, Harry Styles and Louis Tomlinson; former member Zayn Malik departed from the group in 2015.
8006:123145513562112::Thread-48 2020-08-09 18:59:53.982 - The group signed with Simon Cowell's record label Syco Records after forming and finishing third in the seventh series of the British televised singing competition The X Factor in 2010.
8006:123145513562112::Thread-48 2020-08-09 18:59:55.377 - Propelled to global success by social media, One Direction's five albums, Up All Night (2011), Take Me Home (2012), Midnight Memories (2013), Four (2014), and Made in the A.M. (2015), topped charts in most major markets, and generated hit singles including "What Makes You Beautiful", "Live While We're Young", "Best Song Ever", "Story of My Life" and "Drag Me Down".
8002:123145513562112::Thread-48 2020-08-09 18:59:56.067 - **END**
8006:123145513562112::Thread-48 2020-08-09 18:59:56.447 - The group have won nearly 200 awards including seven Brit Awards, four MTV Video Music Awards, six Billboard Music Awards, seven American Music Awards (including Artist of the Year in 2014 and 2015), and 28 Teen Choice Awards.
8006:123145513562112::Thread-48 2020-08-09 18:59:56.563 - They have embarked on four world tours, two of which were all-stadium.
8006:123145513562112::Thread-48 2020-08-09 18:59:56.66 - In 2013, they earned an estimated $75 million, becoming the second highest earning celebrity under 30 according to Forbes.
8006:123145513562112::Thread-48 2020-08-09 18:59:57.756 - The world’s best-selling artist of 2013, the International Federation of the Phonographic Industry (IFPI) named them the Global Recording Artist of the Year.
8006:123145513562112::Thread-48 2020-08-09 18:59:58.682 - Forbes ranked them as the fourth highest-earning celebrities in the world in 2015, and second in 2016.After the release of Four, One Direction became the first band in the U.S.
8005:123145513562112::Thread-48 2020-08-09 18:59:58.918 - **START**
8005:123145513562112::Thread-48 2020-08-09 18:59:58.99 - Starting new HTTPS connection (1): en.wikipedia.org
8002:123145513562112::Thread-48 2020-08-09 18:59:59.069 - **START**
8002:123145513562112::Thread-48 2020-08-09 18:59:59.292 - Starting new HTTPS connection (1): en.wikipedia.org
8006:123145513562112::Thread-48 2020-08-09 18:59:59.488 - Billboard 200 history to have their first four albums debut at number one.
8005:123145513562112::Thread-48 2020-08-09 18:59:59.941 - The Great Pyramid of Giza (also known as the Pyramid of Khufu or the Pyramid of Cheops) is the oldest and largest of the three pyramids in the Giza pyramid complex bordering present-day Giza in Greater Cairo, Egypt.
8002:123145513562112::Thread-48 2020-08-09 19:00:00.702 - Nero ( NEER-oh; Nero Claudius Caesar Augustus Germanicus; 15 December 37 – 9 June 68 AD) was Roman emperor from 54 to 68, the last ruler of the Julio-Claudian dynasty.
8005:123145513562112::Thread-48 2020-08-09 19:00:00.81 - It is the oldest of the Seven Wonders of the Ancient World, and the only one to remain largely intact.
8006:123145513562112::Thread-48 2020-08-09 19:00:01.004 - Their third album, Midnight Memories, was the best-selling album worldwide in 2013 with 4 million copies sold globally.
8002:123145513562112::Thread-48 2020-08-09 19:00:01.427 - Born Lucius Domitius Ahenobarbus, he was the son of Gnaeus Domitius Ahenobarbus and Agrippina the Younger, the sister of Emperor Caligula.
8005:123145513562112::Thread-48 2020-08-09 19:00:01.741 - Based on a mark in an interior chamber naming the work gang and a reference to the Fourth Dynasty Egyptian pharaoh Khufu, Egyptologists believe that the pyramid was built as a tomb over a 10- to 20-year period concluding around 2560 BC.
8005:123145513562112::Thread-48 2020-08-09 19:00:02.268 - Initially standing at 146.5 metres (481 feet), the Great Pyramid was the tallest man-made structure in the world for more than 3,800 years until Lincoln Cathedral was finished in 1311 AD.
8005:123145513562112::Thread-48 2020-08-09 19:00:02.498 - It is estimated that the pyramid weighs approximately 6 million tonnes, and consists of 2.3 million blocks of limestone and granite, some weighing as much as 80 tonnes.
8002:123145513562112::Thread-48 2020-08-09 19:00:03.224 - Nero's father died in 40, and his uncle was murdered in 41.
8005:123145513562112::Thread-48 2020-08-09 19:00:03.322 - Originally, the Great Pyramid was covered by limestone casing stones that formed a smooth outer surface; what is seen today is the underlying core structure.
8005:123145513562112::Thread-48 2020-08-09 19:00:03.668 - Some of the casing stones that once covered the structure can still be seen around the base.
8005:123145513562112::Thread-48 2020-08-09 19:00:04.123 - There have been varying scientific and alternative theories about the Great Pyramid's construction techniques.
8005:123145513562112::Thread-48 2020-08-09 19:00:04.862 - Most accepted construction hypotheses are based on the idea that it was built by moving huge stones from a quarry and dragging and lifting them into place.
8002:123145513562112::Thread-48 2020-08-09 19:00:04.906 - Nero's great-uncle Claudius then ascended the throne.
8004:123145513562112::Thread-48 2020-08-09 19:00:05.409 - **START**
8004:123145513562112::Thread-48 2020-08-09 19:00:05.414 - Starting new HTTPS connection (1): en.wikipedia.org
8002:123145513562112::Thread-48 2020-08-09 19:00:05.456 - Agrippina married Claudius, who adopted Nero as his heir.
8005:123145513562112::Thread-48 2020-08-09 19:00:05.618 - There are three known chambers inside the Great Pyramid.
8005:123145513562112::Thread-48 2020-08-09 19:00:05.757 - The lowest chamber is cut into the bedrock upon which the pyramid was built and was unfinished.
8005:123145513562112::Thread-48 2020-08-09 19:00:05.972 - The so-called Queen's Chamber and King's Chamber are higher up within the pyramid structure.
8002:123145513562112::Thread-48 2020-08-09 19:00:06.748 - Nero succeeded Claudius upon the latter's death in 54.
8002:123145513562112::Thread-48 2020-08-09 19:00:07.543 - During the early years of his reign, Nero was content to be guided by his mother Agrippina, his tutor Seneca, and his Praetorian prefect Sextus Afranius Burrus.
8002:123145513562112::Thread-48 2020-08-09 19:00:07.632 - Agrippina dominated Nero's early life and decisions until he cast her off and had her killed five years into his reign.
8006:123145513562112::Thread-48 2020-08-09 19:00:08.005 - **END**
8004:123145513562112::Thread-48 2020-08-09 19:00:08.042 - San Francisco, officially the City and County of San Francisco and colloquially known as The City, SF, or Frisco and San Fran is the cultural, commercial, and financial center of Northern California.
8002:123145513562112::Thread-48 2020-08-09 19:00:08.306 - As time passed, he began to play a more active and independent role in government and foreign policy.
8003:123145513562112::Thread-48 2020-08-09 19:00:08.401 - **START**
8003:123145513562112::Thread-48 2020-08-09 19:00:08.459 - Starting new HTTPS connection (1): en.wikipedia.org
8002:123145513562112::Thread-48 2020-08-09 19:00:09.157 - During his reign, the redoubtable general Corbulo conducted a successful war and negotiated peace with the Parthian Empire.
8002:123145513562112::Thread-48 2020-08-09 19:00:09.158 - **END**
8004:123145513562112::Thread-48 2020-08-09 19:00:10.35 - San Francisco is the 16th most populous city in the United States, and the fourth most populous in California, with 881,549 residents as of 2019.
8003:123145513562112::Thread-48 2020-08-09 19:00:10.857 - Rafael "Rafa" Nadal Parera (Catalan: [rəf(ə)ˈɛl nəˈðal pəˈɾeɾə], Spanish: [rafaˈel naˈðal paˈɾeɾa]; born 3 June 1986) is a Spanish professional tennis player currently ranked world No.
8005:123145513562112::Thread-48 2020-08-09 19:00:10.975 - **END**
8004:123145513562112::Thread-48 2020-08-09 19:00:12.695 - It covers an area of about 46.89 square miles (121.4 km2), mostly at the north end of the San Francisco Peninsula in the San Francisco Bay Area, making it the second most densely populated large U.S. city, and the fifth most densely populated U.S. county, behind only four of the five New York City boroughs.
8003:123145513562112::Thread-48 2020-08-09 19:00:13.342 - 2 in men's singles tennis by the Association of Tennis Professionals (ATP).Nadal has won 19 Grand Slam singles titles, the second-most in history for a male player, as well as a record 35 ATP Tour Masters 1000 titles, 21 ATP Tour 500 titles and the 2008 Olympic gold medal in singles.
8004:123145513562112::Thread-48 2020-08-09 19:00:14.556 - San Francisco is the 12th-largest metropolitan statistical area in the United States by population, with 4.7 million people, and the fourth-largest by economic output, with GDP of $549 billion in 2018.
8003:123145513562112::Thread-48 2020-08-09 19:00:14.76 - In addition, Nadal has held the world No.
8004:123145513562112::Thread-48 2020-08-09 19:00:16.169 - With San Jose, it forms the fifth most populous combined statistical area in the United States, the San Jose–San Francisco–Oakland, CA Combined Statistical Area (9.67 million residents in 2018).
8004:123145513562112::Thread-48 2020-08-09 19:00:16.793 - As of 2020, San Francisco has the highest salaries, disposable income, and median home prices in the world at $1.7 million, as well as the highest median rents.
8004:123145513562112::Thread-48 2020-08-09 19:00:17.234 - In 2018, San Francisco was the seventh-highest-income county in the United States, with a per capita personal income of $130,696.
8003:123145513562112::Thread-48 2020-08-09 19:00:17.275 - 1 ranking for a total of 209 weeks, including being the year-end No.
8003:123145513562112::Thread-48 2020-08-09 19:00:18.915 - 1 five times.
8004:123145513562112::Thread-48 2020-08-09 19:00:19.424 - In the same year, San Francisco proper had a GDP of $183.2 billion, and a GDP per capita of $207,371.
8003:123145513562112::Thread-48 2020-08-09 19:00:20.931 - In majors, Nadal has won a record twelve French Open titles, four US Open titles, two Wimbledon titles and one Australian Open title, and won at least one Grand Slam every year for a record ten consecutive years (2005–2014).
8004:123145513562112::Thread-48 2020-08-09 19:00:22.274 - The CSA San Francisco shares with San Jose and Oakland was the country's third-largest urban economy as of 2018, with a GDP of $1.03 trillion.
8003:123145513562112::Thread-48 2020-08-09 19:00:23.64 - Nadal has won 85 career titles overall, including the most outdoor titles in the Open Era (83) and a record 59 titles on clay.
8003:123145513562112::Thread-48 2020-08-09 19:00:23.895 - With 81 consecutive wins on clay, Nadal holds the record for the longest single-surface win streak in the Open Era.
8004:123145513562112::Thread-48 2020-08-09 19:00:25.005 - Of the 500+ primary statistical areas in the U.S., this CSA had among the highest GDP per capita in 2018, at $106,757.
8003:123145513562112::Thread-48 2020-08-09 19:00:25.718 - Nadal has been involved in five Davis Cup titles with Spain, and currently has a 29-win streak and 29–1 record in singles matches at the event.
8003:123145513562112::Thread-48 2020-08-09 19:00:28.312 - In 2010, at the age of 24, he became the seventh male player and the youngest of five in the Open Era to achieve the singles Career Grand Slam.
8004:123145513562112::Thread-48 2020-08-09 19:00:29.01 - **END**
8003:123145513562112::Thread-48 2020-08-09 19:00:33.314 - **END**