8003:123146131931136::Thread-195 2020-08-09 18:59:27.307 - **START**
8003:123146131931136::Thread-195 2020-08-09 18:59:27.616 - Starting new HTTPS connection (1): en.wikipedia.org
8004:123146131931136::Thread-195 2020-08-09 18:59:28.262 - **START**
8004:123146131931136::Thread-195 2020-08-09 18:59:28.39 - Starting new HTTPS connection (1): en.wikipedia.org
8004:123146131931136::Thread-195 2020-08-09 18:59:29.524 - Earth is the third planet from the Sun and the only astronomical object known to harbor life.
8006:123146131931136::Thread-195 2020-08-09 18:59:30.271 - **START**
8004:123146131931136::Thread-195 2020-08-09 18:59:30.467 - According to radiometric dating estimation and other evidence, Earth formed over 4.5 billion years ago.
8004:123146131931136::Thread-195 2020-08-09 18:59:30.501 - Earth's gravity interacts with other objects in space, especially the Sun and the Moon, which is Earth's only natural satellite.
8003:123146131931136::Thread-195 2020-08-09 18:59:30.805 - Franklin Delano Roosevelt (, ; January 30, 1882 – April 12, 1945), often referred to by his initials FDR, was an American politician who served as the 32nd president of the United States from 1933 until his death in 1945.
8006:123146131931136::Thread-195 2020-08-09 18:59:30.837 - Starting new HTTPS connection (1): en.wikipedia.org
8004:123146131931136::Thread-195 2020-08-09 18:59:31.186 - Earth orbits around the Sun in 365.256 solar days, a period known as an Earth sidereal year.
8004:123146131931136::Thread-195 2020-08-09 18:59:31.601 - During this time, Earth rotates about its axis 366.256 times, that is, a sidereal year has 366.256 sidereal days.Earth's axis of rotation is tilted with respect to its orbital plane, producing seasons on Earth.
8003:123146131931136::Thread-195 2020-08-09 18:59:31.897 - A member of the Democratic Party, he won a record four presidential elections and became a central figure in world events during the first half of the 20th century.
8004:123146131931136::Thread-195 2020-08-09 18:59:32.114 - The gravitational interaction between Earth and the Moon causes tides, stabilizes Earth's orientation on its axis, and gradually slows its rotation.
8003:123146131931136::Thread-195 2020-08-09 18:59:32.783 - Roosevelt directed the federal government during most of the Great Depression, implementing his New Deal domestic agenda in response to the worst economic crisis in U.S. history.
8004:123146131931136::Thread-195 2020-08-09 18:59:32.95 - Earth is the densest planet in the Solar System and the largest and most massive of the four rocky planets.
8006:123146131931136::Thread-195 2020-08-09 18:59:33.068 - Prince George of Cambridge (George Alexander Louis; born 22 July 2013) is a member of the British royal family.
8006:123146131931136::Thread-195 2020-08-09 18:59:33.354 - He is the eldest child of Prince William, Duke of Cambridge, and Catherine, Duchess of Cambridge, and third in the line of succession to the British throne behind his grandfather Prince Charles and his father.
8004:123146131931136::Thread-195 2020-08-09 18:59:33.615 - Earth's outer layer (lithosphere) is divided into several rigid tectonic plates that migrate across the surface over many millions of years.
8004:123146131931136::Thread-195 2020-08-09 18:59:34.036 - About 29% of Earth's surface is land consisting of continents and islands.
8003:123146131931136::Thread-195 2020-08-09 18:59:34.317 - As a dominant leader of his party, he built the New Deal Coalition, which realigned American politics into the Fifth Party System and defined modern liberalism in the United States throughout the middle third of the 20th century.
8005:123146131931136::Thread-195 2020-08-09 18:59:34.286 - **START**
8002:123146131931136::Thread-195 2020-08-09 18:59:34.394 - **START**
8006:123146131931136::Thread-195 2020-08-09 18:59:34.834 - As he is expected to become king one day, his birth was widely celebrated across the Commonwealth realms.
8004:123146131931136::Thread-195 2020-08-09 18:59:34.968 - The remaining 71% is covered with water, mostly by oceans but also lakes, rivers and other fresh water, which all together constitute the hydrosphere.
8003:123146131931136::Thread-195 2020-08-09 18:59:35.248 - His third and fourth terms were dominated by World War II, which ended shortly after he died in office.
8003:123146131931136::Thread-195 2020-08-09 18:59:35.594 - Roosevelt was born in Hyde Park, New York, to the Roosevelt family made well known by the reputation of Theodore Roosevelt, the 26th president of the United States, as well as businessman William Henry Aspinwall.
8002:123146131931136::Thread-195 2020-08-09 18:59:35.818 - Starting new HTTPS connection (1): en.wikipedia.org
8003:123146131931136::Thread-195 2020-08-09 18:59:35.848 - FDR graduated from Groton School and Harvard College and attended Columbia Law School but left after passing the bar exam to practice law in New York City.
8005:123146131931136::Thread-195 2020-08-09 18:59:35.907 - Starting new HTTPS connection (1): en.wikipedia.org
8004:123146131931136::Thread-195 2020-08-09 18:59:35.97 - **END**
8006:123146131931136::Thread-195 2020-08-09 18:59:36.072 - George occasionally accompanies his parents on royal tours, and has affected business and popular culture.
8003:123146131931136::Thread-195 2020-08-09 18:59:36.715 - In 1905, he married his fifth cousin once removed, Eleanor Roosevelt.
8006:123146131931136::Thread-195 2020-08-09 18:59:37.477 - Birth and baptism

The Duke of Cambridge is the elder son of the Prince of Wales, who is the eldest son of Queen Elizabeth II, meaning that his first child would be third in the line of succession to the British throne.
8003:123146131931136::Thread-195 2020-08-09 18:59:37.776 - They had six children, of whom five survived into adulthood.
8002:123146131931136::Thread-195 2020-08-09 18:59:37.946 - Red Hot Chili Peppers (commonly abbreviated as RHCP) are an American rock band formed in Los Angeles in 1983.
8006:123146131931136::Thread-195 2020-08-09 18:59:38.983 - Speculation ensued during the pregnancy of the Duchess of Cambridge that the birth would boost the British national economy and provide a focus for national pride.
8003:123146131931136::Thread-195 2020-08-09 18:59:39.064 - He won election to the New York State Senate in 1910, and then served as Assistant Secretary of the Navy under President Woodrow Wilson during World War I. Roosevelt was James M. Cox's running mate on the Democratic Party's 1920 national ticket, but Cox was defeated by Republican Warren G. Harding.
8002:123146131931136::Thread-195 2020-08-09 18:59:39.337 - Their music incorporates elements of alternative rock, funk, punk rock and psychedelic rock.
8002:123146131931136::Thread-195 2020-08-09 18:59:39.805 - The band consists of vocalist Anthony Kiedis, guitarist John Frusciante, bassist Flea, and drummer Chad Smith.
8006:123146131931136::Thread-195 2020-08-09 18:59:40.048 - Commemorative coins were issued by the Royal Mint, Royal Canadian Mint, and Royal Australian Mint; the first time a royal birth had been marked that way.Prince George was born in Lindo Wing of St Mary's Hospital, London, at 16:24 BST (15:24 UTC) on 22 July 2013.
8003:123146131931136::Thread-195 2020-08-09 18:59:40.069 - **END**
8005:123146131931136::Thread-195 2020-08-09 18:59:40.493 - Richard I (8 September 1157 – 6 April 1199) was King of England from 1189 until his death.
8005:123146131931136::Thread-195 2020-08-09 18:59:40.562 - He also ruled as Duke of Normandy, Aquitaine and Gascony, Lord of Cyprus, and Count of Poitiers, Anjou, Maine, and Nantes, and was overlord of Brittany at various times during the same period.
8002:123146131931136::Thread-195 2020-08-09 18:59:40.706 - With over 80 million records sold worldwide, Red Hot Chili Peppers are one of the best-selling bands of all time.
8002:123146131931136::Thread-195 2020-08-09 18:59:41.206 - They are the most successful band in the history of alternative rock, with the records for most number-one singles (13), most cumulative weeks at number one (85) and most top-ten songs (25) on the Billboard Alternative Songs chart.
8006:123146131931136::Thread-195 2020-08-09 18:59:41.409 - The customary formal bulletin announcing the royal birth was displayed on an easel outside Buckingham Palace, although in a break with tradition the news was first conveyed in a press release from palace officials.
8006:123146131931136::Thread-195 2020-08-09 18:59:41.945 - The newborn was widely hailed as a future king.
8006:123146131931136::Thread-195 2020-08-09 18:59:42.166 - 21-gun salutes signalled the birth in the capitals of Bermuda, the UK, New Zealand, and Canada; the bells of Westminster Abbey and many other churches were rung; and iconic landmarks in the Commonwealth realms were illuminated in various colours, mostly blue to signify the birth of a boy.
8005:123146131931136::Thread-195 2020-08-09 18:59:42.099 - He was the third of five sons of King Henry II of England and Duchess Eleanor of Aquitaine and seemed unlikely to become king, but all his brothers except  the youngest, John, predeceased their father.
8002:123146131931136::Thread-195 2020-08-09 18:59:42.882 - They have won six Grammy Awards, and in 2012 were inducted into the Rock and Roll Hall of Fame.
8005:123146131931136::Thread-195 2020-08-09 18:59:43.81 - Richard is known as Richard Cœur de Lion (Norman French: Le quor de lion) or Richard the Lionheart because of his reputation as a great military leader and warrior.
8002:123146131931136::Thread-195 2020-08-09 18:59:44.563 - Red Hot Chili Peppers were formed in Los Angeles by Kiedis, Flea, guitarist Hillel Slovak, and drummer Jack Irons.
8005:123146131931136::Thread-195 2020-08-09 18:59:45.286 - The troubador Bertran de Born also called him Richard Oc-e-Non (Occitan for Yes and No), possibly from a reputation for terseness.By the age of 16, Richard had taken command of his own army, putting down rebellions in Poitou against his father.
8002:123146131931136::Thread-195 2020-08-09 18:59:45.481 - Because of commitments to other bands, Slovak and Irons did not play on the band's 1984 self-titled debut album; instead, the album featured Jack Sherman on guitar and Cliff Martinez on drums.
8002:123146131931136::Thread-195 2020-08-09 18:59:46.098 - However, Slovak rejoined shortly after its release and performed on the albums Freaky Styley (1985) and The Uplift Mofo Party Plan (1987), the latter of which saw a reunion of the original lineup.
8005:123146131931136::Thread-195 2020-08-09 18:59:46.374 - Richard was an important Christian commander during the Third Crusade, leading the campaign after the departure of Philip II of France and achieving considerable victories against his Muslim counterpart, Saladin, although he failed to retake Jerusalem.Richard probably spoke both French and Occitan.
8002:123146131931136::Thread-195 2020-08-09 18:59:47.422 - Slovak died of a drug overdose on June 25, 1988; Irons, devastated, left the band.
8005:123146131931136::Thread-195 2020-08-09 18:59:47.629 - He was born in England, where he spent his childhood; before becoming king, however, he lived most of his adult life in the Duchy of Aquitaine, in the southwest of France.
8005:123146131931136::Thread-195 2020-08-09 18:59:47.942 - Following his accession, he spent very little time, perhaps as little as six months, in England.
8005:123146131931136::Thread-195 2020-08-09 18:59:48.389 - Most of his life as king was spent on Crusade, in captivity, or actively defending his lands in France.
8002:123146131931136::Thread-195 2020-08-09 18:59:48.426 - **END**
8004:123146131931136::Thread-195 2020-08-09 18:59:48.974 - **START**
8004:123146131931136::Thread-195 2020-08-09 18:59:48.977 - Starting new HTTPS connection (1): en.wikipedia.org
8005:123146131931136::Thread-195 2020-08-09 18:59:49.839 - Rather than regarding his kingdom as a responsibility requiring his presence as ruler, he has been perceived as preferring to use it merely as a source of revenue to support his armies.
8003:123146131931136::Thread-195 2020-08-09 18:59:50.07 - **START**
8003:123146131931136::Thread-195 2020-08-09 18:59:50.074 - Starting new HTTPS connection (1): en.wikipedia.org
8006:123146131931136::Thread-195 2020-08-09 18:59:50.171 - **END**
8003:123146131931136::Thread-195 2020-08-09 18:59:50.782 - Indira Gandhi International Airport (IATA: DEL, ICAO: VIDP) serves as the major international aviation hub of the Indian capital city of New Delhi as well as India.
8003:123146131931136::Thread-195 2020-08-09 18:59:51.235 - The airport, spread over an area of 5,106 acres (2,066 ha), is situated in Palam, 15 km (9.3 mi) south-west of the New Delhi railway station and 16 km (9.9 mi) from New Delhi city centre.
8004:123146131931136::Thread-195 2020-08-09 18:59:51.272 - Aston Villa Football Club is an English professional football club based in Aston, Birmingham.
8005:123146131931136::Thread-195 2020-08-09 18:59:51.841 - **END**
8003:123146131931136::Thread-195 2020-08-09 18:59:51.869 - Named after former Prime Minister of India Indira Gandhi, it is the busiest airport in India in terms of passenger traffic since 2009.
8004:123146131931136::Thread-195 2020-08-09 18:59:52.218 - The club competes in the Premier League, the top tier of the English football league system.
8004:123146131931136::Thread-195 2020-08-09 18:59:52.417 - Founded in 1874, they have played at their home ground, Villa Park, since 1897.
8003:123146131931136::Thread-195 2020-08-09 18:59:52.525 - It is also the busiest airport in the country in terms of cargo traffic, overtaking Mumbai during late 2015.
8003:123146131931136::Thread-195 2020-08-09 18:59:53.007 - In the calendar year 2018, it was the 12th busiest airport in the world and 6th busiest airport in Asia by passenger traffic handling nearly 70 million passengers.
8003:123146131931136::Thread-195 2020-08-09 18:59:53.623 - It is the world's busiest airport for Airbus A320 aircraft.
8003:123146131931136::Thread-195 2020-08-09 18:59:53.772 - The under construction expansion program will increase the airport's capacity to handle 100 million passengers by 2030.The airport was operated by the Indian Air Force before its management was transferred to the Airports Authority of India.
8005:123146131931136::Thread-195 2020-08-09 18:59:53.87 - **START**
8005:123146131931136::Thread-195 2020-08-09 18:59:53.904 - Starting new HTTPS connection (1): en.wikipedia.org
8004:123146131931136::Thread-195 2020-08-09 18:59:54.148 - Aston Villa were one of the founder members of the Football League in 1888 and of the Premier League in 1992.
8003:123146131931136::Thread-195 2020-08-09 18:59:54.378 - In May 2006, the management of the airport was passed over to Delhi International Airport Limited (DIAL), a consortium led by the GMR Group.
8003:123146131931136::Thread-195 2020-08-09 18:59:55.133 - In September 2008, the airport inaugurated a 4,430 m (14,530 ft) runway.
8004:123146131931136::Thread-195 2020-08-09 18:59:55.742 - Villa are one of only five English clubs to have won the European Cup, in 1981–82.
8003:123146131931136::Thread-195 2020-08-09 18:59:55.832 - With the commencement of operations at Terminal 3 in 2010, it became India's and South Asia's largest aviation hub.
8005:123146131931136::Thread-195 2020-08-09 18:59:55.854 - Joan of Arc (French: Jeanne d'Arc pronounced [ʒan daʁk]; c. 1412 – 30 May 1431), nicknamed "The Maid of Orléans" (French: La Pucelle d'Orléans), is considered a heroine of France for her role during the Lancastrian phase of the Hundred Years' War, and was canonized as a Roman Catholic saint.
8005:123146131931136::Thread-195 2020-08-09 18:59:56.299 - She was born to Jacques d'Arc and Isabelle Romée, a peasant family, at Domrémy in northeast France.
8004:123146131931136::Thread-195 2020-08-09 18:59:56.9 - They have also won the Football League First Division seven times, the FA Cup seven times, the League Cup five times, and the European (UEFA) Super Cup once.
8005:123146131931136::Thread-195 2020-08-09 18:59:58.071 - Joan claimed to have received visions of the archangel Michael, Saint Margaret, and Saint Catherine of Alexandria instructing her to support Charles VII and recover France from English domination late in the Hundred Years' War.
8006:123146131931136::Thread-195 2020-08-09 18:59:58.173 - **START**
8006:123146131931136::Thread-195 2020-08-09 18:59:58.179 - Starting new HTTPS connection (1): en.wikipedia.org
8004:123146131931136::Thread-195 2020-08-09 18:59:58.622 - Villa have a fierce local rivalry with Birmingham City and the Second City derby between the teams has been played since 1879.
8004:123146131931136::Thread-195 2020-08-09 18:59:58.942 - The club's traditional kit colours are claret shirts with sky blue sleeves, white shorts and sky blue socks.
8006:123146131931136::Thread-195 2020-08-09 18:59:59.408 - Wardell Stephen "Steph" Curry II ( STEF-ən; born March 14, 1988) is an American professional basketball player for the Golden State Warriors of the National Basketball Association (NBA).
8004:123146131931136::Thread-195 2020-08-09 18:59:59.587 - Their traditional club badge is of a rampant lion.
8005:123146131931136::Thread-195 2020-08-09 18:59:59.682 - The unanointed King Charles VII sent Joan to the Siege of Orléans as part of a relief army.
8005:123146131931136::Thread-195 2020-08-09 18:59:59.912 - She gained prominence after the siege was lifted only nine days later.
8005:123146131931136::Thread-195 2020-08-09 19:00:00.342 - Several additional swift victories led to Charles VII's consecration at Reims.
8006:123146131931136::Thread-195 2020-08-09 19:00:00.539 - A six-time NBA All-Star, Curry has been named the NBA Most Valuable Player (MVP) twice and won three NBA championships with the Warriors.
8003:123146131931136::Thread-195 2020-08-09 19:00:00.835 - **END**
8004:123146131931136::Thread-195 2020-08-09 19:00:01.197 - The club is currently owned by the NSWE group, a company owned by the Egyptian billionaire Nassef Sawiris and the American billionaire Wes Edens.
8005:123146131931136::Thread-195 2020-08-09 19:00:01.4 - This long-awaited event boosted French morale and paved the way for the final French victory.
8002:123146131931136::Thread-195 2020-08-09 19:00:02.427 - **START**
8002:123146131931136::Thread-195 2020-08-09 19:00:02.662 - Starting new HTTPS connection (1): en.wikipedia.org
8006:123146131931136::Thread-195 2020-08-09 19:00:03.071 - Many players and analysts have called him the greatest shooter in NBA history.
8006:123146131931136::Thread-195 2020-08-09 19:00:03.173 - He is credited with revolutionizing the game of basketball by inspiring teams to regularly utilize the three-point shot.The son of former NBA player Dell Curry and older brother of current NBA player Seth, Curry played college basketball for the Davidson Wildcats.
8004:123146131931136::Thread-195 2020-08-09 19:00:03.21 - **END**
8005:123146131931136::Thread-195 2020-08-09 19:00:03.283 - On 23 May 1430, she was captured at Compiègne by the Burgundian faction, a group of French nobles allied with the English.
8002:123146131931136::Thread-195 2020-08-09 19:00:04.055 - Ragnar Lodbrok or Lothbrok (Old Norse: Ragnarr Loðbrók, "Ragnar shaggy breeches", Modern Icelandic: Ragnar Loðbrók) is a  legendary Viking hero, as well as, according to the Gesta Danorum, a legendary Danish and Swedish king.
8002:123146131931136::Thread-195 2020-08-09 19:00:04.307 - He is known from Old Norse poetry of the Viking Age, Icelandic sagas, and near-contemporary chronicles.
8005:123146131931136::Thread-195 2020-08-09 19:00:04.471 - She was later handed over to the English and put on trial by the pro-English bishop Pierre Cauchon on a variety of charges.
8002:123146131931136::Thread-195 2020-08-09 19:00:05.04 - According to the traditional literature, Ragnar Lodbrok distinguished himself by many raids against the British Isles and the Holy Roman Empire during the 9th century.
8006:123146131931136::Thread-195 2020-08-09 19:00:05.923 - There, he was twice named Southern Conference Player of the Year and set the all-time scoring record for both Davidson and the Southern Conference.
8002:123146131931136::Thread-195 2020-08-09 19:00:06.027 - According to the sagas Ragnarssona þáttr and Sögubrot af nokkrum fornkonungum, Ragnar Lodbrok's father was the legendary king of the Swedes, Sigurd Ring.
8002:123146131931136::Thread-195 2020-08-09 19:00:06.118 - Accounts


The Icelandic Sagas
According to the Saga of Ragnar Lodbrok, Tale of Ragnar's sons, Heimskringla, Hervarar Saga, Sögubrot, and many other Icelandic sources, Ragnar was the son of the Swedish king Sigurd Ring.
8006:123146131931136::Thread-195 2020-08-09 19:00:06.94 - During his sophomore year, Curry also set the single-season NCAA record for three-pointers made, and was then selected by the Warriors with the seventh overall pick in the 2009 NBA Draft.
8002:123146131931136::Thread-195 2020-08-09 19:00:07.057 - Nearly all of the sagas agree that the Danish king Randver was Sigurd's father, with the Hervarar saga citing his wife as Åsa, the daughter of King Harald of the Red Moustache from Norway.
8002:123146131931136::Thread-195 2020-08-09 19:00:07.275 - The accounts further tell that Randver was a grandson of the legendary Scandinavian king Ivar Vidfamne by his daughter Aud (whom the Hervarar saga calls Alfhild).
8002:123146131931136::Thread-195 2020-08-09 19:00:07.906 - After the death of king Ivar Vidfamne, Aud's eldest son by the Danish king Hrœrekr Ringslinger, Harald, conquered all of his grandfather's territory and became known as Harald Wartooth.
8006:123146131931136::Thread-195 2020-08-09 19:00:08.132 - In 2014–15, Curry won his first MVP award and led the Warriors to their first championship since 1975.
8002:123146131931136::Thread-195 2020-08-09 19:00:08.907 - Harald's nephew Sigurd Ring became the chief king of Sweden after Randver's death (Denmark according to Hervarar saga), presumably as the subking of Harald.
8002:123146131931136::Thread-195 2020-08-09 19:00:09.785 - Sigurd and Harald fought the Battle of the Brávellir (Bråvalla) on the plains of Östergötland, where Harald and many of his men died.
8006:123146131931136::Thread-195 2020-08-09 19:00:10.099 - The following season, he became the first player in NBA history to be elected MVP by a unanimous vote and to lead the league in scoring while shooting above 50–40–90.
8005:123146131931136::Thread-195 2020-08-09 19:00:10.472 - **END**
8006:123146131931136::Thread-195 2020-08-09 19:00:10.536 - That same year, the Warriors broke the record for the most wins in an NBA season en route to reaching the 2016 NBA Finals, which they lost to the Cleveland Cavaliers.
8006:123146131931136::Thread-195 2020-08-09 19:00:10.667 - Curry helped the Warriors return to the NBA Finals in 2017, 2018 and 2019, winning back-to-back titles in 2017 and 2018, before being defeated by the Toronto Raptors in 2019.
8002:123146131931136::Thread-195 2020-08-09 19:00:13.786 - **END**
8006:123146131931136::Thread-195 2020-08-09 19:00:17.673 - **END**