8004:123145866915840::Thread-132 2020-08-09 18:59:26.299 - **START**
8004:123145866915840::Thread-132 2020-08-09 18:59:26.432 - Starting new HTTPS connection (1): en.wikipedia.org
8005:123145866915840::Thread-132 2020-08-09 18:59:27.212 - **START**
8005:123145866915840::Thread-132 2020-08-09 18:59:27.226 - Starting new HTTPS connection (1): en.wikipedia.org
8002:123145866915840::Thread-132 2020-08-09 18:59:27.347 - **START**
8002:123145866915840::Thread-132 2020-08-09 18:59:27.564 - Starting new HTTPS connection (1): en.wikipedia.org
8003:123145866915840::Thread-132 2020-08-09 18:59:28.271 - **START**
8003:123145866915840::Thread-132 2020-08-09 18:59:28.456 - Starting new HTTPS connection (1): en.wikipedia.org
8005:123145866915840::Thread-132 2020-08-09 18:59:28.505 - N.W.A (an abbreviation for Niggaz Wit Attitudes) was an American hip hop group from Compton, California.
8004:123145866915840::Thread-132 2020-08-09 18:59:28.564 - William I (c. 1028 – 9 September 1087), usually known as William the Conqueror and sometimes William the Bastard, was the first Norman King of England, reigning from 1066 until his death in 1087.
8005:123145866915840::Thread-132 2020-08-09 18:59:29.169 - They were among the earliest and most significant popularizers and controversial figures of the gangsta rap subgenre, and are widely considered one of the greatest and most influential groups in the history of hip hop music.Active from 1987 to 1991, the rap group endured controversy owing to their music's explicit lyrics which many viewed as being misogynist, as well as to its glorification of drugs and crime.
8005:123145866915840::Thread-132 2020-08-09 18:59:29.686 - The group was subsequently banned from many mainstream American radio stations.
8002:123145866915840::Thread-132 2020-08-09 18:59:29.79 - Tutankhamun (, Ancient Egyptian: twt-ꜥnḫ-jmn), Egyptological pronunciation Tutankhamen (British ) (c. 1342 – c. 1325 BC), was an ancient Egyptian pharaoh who was the last of his royal family to rule during the end of the 18th dynasty (ruled c. 1334 – 1325 BC in the conventional chronology) during the New Kingdom of Egyptian history.
8005:123145866915840::Thread-132 2020-08-09 18:59:29.997 - In spite of this, the group has sold over 10 million units in the United States alone.
8002:123145866915840::Thread-132 2020-08-09 18:59:30.697 - His father was the pharaoh Akhenaten, believed to be the mummy found in the tomb KV55.
8005:123145866915840::Thread-132 2020-08-09 18:59:30.785 - Drawing on their own experiences of racism and excessive policing, the group made inherently political music.
8004:123145866915840::Thread-132 2020-08-09 18:59:31.331 - He was a descendant of Rollo and was Duke of Normandy from 1035 onward.
8002:123145866915840::Thread-132 2020-08-09 18:59:31.332 - His mother is his father's sister, identified through DNA testing as an unknown mummy referred to as "The Younger Lady" who was found in KV35.Tutankhamun took the throne at eight or nine years of age under the unprecedented viziership of his eventual successor, Ay, to whom he may have been related.
8002:123145866915840::Thread-132 2020-08-09 18:59:31.569 - He married his half sister Ankhesenamun.
8005:123145866915840::Thread-132 2020-08-09 18:59:31.762 - They were known for their deep hatred of the police system, which has sparked much controversy over the years.
8005:123145866915840::Thread-132 2020-08-09 18:59:32.101 - The original lineup, formed in early 1987, consisted of Arabian Prince, Dr. Dre, Eazy-E, and Ice Cube.
8002:123145866915840::Thread-132 2020-08-09 18:59:32.416 - During their marriage they lost two daughters, one at 5–6 months of pregnancy and the other shortly after birth at full-term.
8004:123145866915840::Thread-132 2020-08-09 18:59:32.465 - His hold was secure on Normandy by 1060, following a long struggle to establish his throne, and he launched the Norman conquest of England six years later.
8002:123145866915840::Thread-132 2020-08-09 18:59:32.649 - His names—Tutankhaten and Tutankhamun—are thought to mean "Living image of Aten" and "Living image of Amun", with Aten replaced by Amun after Akhenaten's death.
8005:123145866915840::Thread-132 2020-08-09 18:59:32.819 - DJ Yella and MC Ren joined later that year.
8002:123145866915840::Thread-132 2020-08-09 18:59:32.934 - Some Egyptologists believe the translation may be closer to "The-life-of-Aten-is-pleasing" or "One-perfect-of-life-is-Aten".
8003:123145866915840::Thread-132 2020-08-09 18:59:33.043 - The Empire State Building is a 102-story Art Deco skyscraper in Midtown Manhattan in New York City.
8003:123145866915840::Thread-132 2020-08-09 18:59:33.243 - It was designed by Shreve, Lamb & Harmon and built from 1930 to 1931.
8005:123145866915840::Thread-132 2020-08-09 18:59:33.421 - They released their first compilation album as a group in 1987 called N.W.A.
8005:123145866915840::Thread-132 2020-08-09 18:59:33.533 - and the Posse, which peaked at #39 on Billboard magazine's Top R&B/Hip-Hop Albums chart.
8002:123145866915840::Thread-132 2020-08-09 18:59:34.936 - **END**
8004:123145866915840::Thread-132 2020-08-09 18:59:35.11 - The rest of his life was marked by struggles to consolidate his hold over England and his continental lands and by difficulties with his eldest son, Robert Curthose.
8003:123145866915840::Thread-132 2020-08-09 18:59:35.199 - Its name is derived from "Empire State", the nickname of the state of New York.
8003:123145866915840::Thread-132 2020-08-09 18:59:37.198 - The building has a roof height of 1,250 feet (380 m) and stands a total of 1,454 feet (443.2 m) tall, including its antenna.
8006:123145866915840::Thread-132 2020-08-09 18:59:37.264 - **START**
8006:123145866915840::Thread-132 2020-08-09 18:59:37.506 - Starting new HTTPS connection (1): en.wikipedia.org
8004:123145866915840::Thread-132 2020-08-09 18:59:38.048 - William was the son of the unmarried Robert I, Duke of Normandy, by his mistress Herleva.
8004:123145866915840::Thread-132 2020-08-09 18:59:38.995 - His illegitimate status and his youth caused some difficulties for him after he succeeded his father, as did the anarchy which plagued the first years of his rule.
8003:123145866915840::Thread-132 2020-08-09 18:59:39.264 - The Empire State Building stood as the world's tallest building until the construction of the World Trade Center in 1970; following its collapse in the September 11, 2001 attacks, the Empire State Building was again the city's tallest skyscraper until 2012.
8002:123145866915840::Thread-132 2020-08-09 18:59:39.94 - **START**
8006:123145866915840::Thread-132 2020-08-09 18:59:40.944 - Elvis Aaron Presley (January 8, 1935 – August 16, 1977), also known simply as Elvis, was an American singer and actor.
8004:123145866915840::Thread-132 2020-08-09 18:59:41.278 - During his childhood and adolescence, members of the Norman aristocracy battled each other, both for control of the child duke and for their own ends.
8006:123145866915840::Thread-132 2020-08-09 18:59:41.456 - He is regarded as one of the most significant cultural icons of the 20th century and is often referred to as the "King of Rock and Roll" or simply "the King".
8006:123145866915840::Thread-132 2020-08-09 18:59:41.793 - His energized interpretations of songs and sexually provocative performance style, combined with a singularly potent mix of influences across color lines during a transformative era in race relations, led him to great success—and initial controversy.
8002:123145866915840::Thread-132 2020-08-09 18:59:42.095 - Starting new HTTPS connection (1): en.wikipedia.org
8004:123145866915840::Thread-132 2020-08-09 18:59:42.206 - In 1047, William was able to quash a rebellion and begin to establish his authority over the duchy, a process that was not complete until about 1060.
8003:123145866915840::Thread-132 2020-08-09 18:59:42.248 - As of 2020, the building is the seventh-tallest building in New York City, the ninth-tallest completed skyscraper in the United States, the 48th-tallest in the world, and the fifth-tallest freestanding structure in the Americas.
8006:123145866915840::Thread-132 2020-08-09 18:59:42.471 - Presley was born in Tupelo, Mississippi, and relocated to Memphis, Tennessee, with his family when he was 13 years old.
8005:123145866915840::Thread-132 2020-08-09 18:59:42.563 - **END**
8006:123145866915840::Thread-132 2020-08-09 18:59:43.193 - His music career began there in 1954, recording at Sun Records with producer Sam Phillips, who wanted to bring the sound of African-American music to a wider audience.
8003:123145866915840::Thread-132 2020-08-09 18:59:43.386 - The site of the Empire State Building, located in Midtown South on the west side of Fifth Avenue between West 33rd and 34th Streets, was originally part of an early 18th-century farm.
8006:123145866915840::Thread-132 2020-08-09 18:59:43.594 - Presley, on rhythm acoustic guitar, and accompanied by lead guitarist Scotty Moore and bassist Bill Black, was a pioneer of rockabilly, an uptempo, backbeat-driven fusion of country music and rhythm and blues.
8003:123145866915840::Thread-132 2020-08-09 18:59:44.132 - It was developed in 1893 as the site of the Waldorf–Astoria Hotel.
8002:123145866915840::Thread-132 2020-08-09 18:59:44.958 - Kimberly Noel Kardashian West (née Kardashian; born October 21, 1980) is an American media personality, socialite, model, businesswoman, and activist.
8004:123145866915840::Thread-132 2020-08-09 18:59:45.209 - His marriage in the 1050s to Matilda of Flanders provided him with a powerful ally in the neighbouring county of Flanders.
8006:123145866915840::Thread-132 2020-08-09 18:59:45.545 - In 1955, drummer D. J. Fontana joined to complete the lineup of Presley's classic quartet and RCA Victor acquired his contract in a deal arranged by Colonel Tom Parker, who would manage him for more than two decades.
8003:123145866915840::Thread-132 2020-08-09 18:59:45.786 - In 1929, Empire State Inc. acquired the site and devised plans for a skyscraper there.
8002:123145866915840::Thread-132 2020-08-09 18:59:45.931 - Kardashian first gained media attention as a friend and stylist of Paris Hilton but received wider notice after a 2002 sex tape, Kim Kardashian, Superstar, with her then-boyfriend Ray J was released in 2007.
8002:123145866915840::Thread-132 2020-08-09 18:59:46.186 - Later that year, she and her family began to appear in the E!
8004:123145866915840::Thread-132 2020-08-09 18:59:46.214 - **END**
8006:123145866915840::Thread-132 2020-08-09 18:59:46.598 - Presley's first RCA single, "Heartbreak Hotel", was released in January 1956 and became a number-one hit in the United States.
8002:123145866915840::Thread-132 2020-08-09 18:59:47.067 - reality television series Keeping Up with the Kardashians (2007–present).
8002:123145866915840::Thread-132 2020-08-09 18:59:47.901 - Its success soon led to the creation of spin-offs including Kourtney and Kim Take New York (2011–2012) and Kourtney and Kim Take Miami (2009–2013).
8006:123145866915840::Thread-132 2020-08-09 18:59:48.389 - With a series of successful network television appearances and chart-topping records, he became the leading figure of the newly popular sound of rock and roll.
8002:123145866915840::Thread-132 2020-08-09 18:59:48.498 - Kardashian has developed an online and social media presence, including hundreds of millions of followers on Twitter and Instagram.
8003:123145866915840::Thread-132 2020-08-09 18:59:48.817 - **END**
8002:123145866915840::Thread-132 2020-08-09 18:59:49.213 - She has released a variety of products tied to her name, including the 2014 mobile game Kim Kardashian: Hollywood, a variety of clothing and products, the 2015 photo book Selfish and her eponymous personal app.
8006:123145866915840::Thread-132 2020-08-09 18:59:49.406 - In November 1956, Presley made his film debut in Love Me Tender.
8002:123145866915840::Thread-132 2020-08-09 18:59:49.556 - Her relationship with rapper Kanye West has also received significant media coverage; the couple married in 2014 and have four children together.
8006:123145866915840::Thread-132 2020-08-09 18:59:50.408 - **END**
8002:123145866915840::Thread-132 2020-08-09 18:59:50.551 - As an actress, Kardashian has appeared in films, such as Disaster Movie (2008), Deep in the Valley (2009), and Temptation: Confessions of a Marriage Counselor (2013).
8005:123145866915840::Thread-132 2020-08-09 18:59:50.57 - **START**
8005:123145866915840::Thread-132 2020-08-09 18:59:50.573 - Starting new HTTPS connection (1): en.wikipedia.org
8002:123145866915840::Thread-132 2020-08-09 18:59:50.903 - In recent years, Kardashian has focused on her own businesses by founding KKW Beauty and KKW fragrance in 2017.
8002:123145866915840::Thread-132 2020-08-09 18:59:50.904 - **END**
8005:123145866915840::Thread-132 2020-08-09 18:59:52.498 - Red Hot Chili Peppers (commonly abbreviated as RHCP) are an American rock band formed in Los Angeles in 1983.
8005:123145866915840::Thread-132 2020-08-09 18:59:53.934 - Their music incorporates elements of alternative rock, funk, punk rock and psychedelic rock.
8005:123145866915840::Thread-132 2020-08-09 18:59:54.582 - The band consists of vocalist Anthony Kiedis, guitarist John Frusciante, bassist Flea, and drummer Chad Smith.
8004:123145866915840::Thread-132 2020-08-09 18:59:56.218 - **START**
8004:123145866915840::Thread-132 2020-08-09 18:59:56.237 - Starting new HTTPS connection (1): en.wikipedia.org
8005:123145866915840::Thread-132 2020-08-09 18:59:56.582 - With over 80 million records sold worldwide, Red Hot Chili Peppers are one of the best-selling bands of all time.
8005:123145866915840::Thread-132 2020-08-09 18:59:57.48 - They are the most successful band in the history of alternative rock, with the records for most number-one singles (13), most cumulative weeks at number one (85) and most top-ten songs (25) on the Billboard Alternative Songs chart.
8004:123145866915840::Thread-132 2020-08-09 18:59:57.789 - Canada is a country in the northern part of North America.
8003:123145866915840::Thread-132 2020-08-09 18:59:58.818 - **START**
8003:123145866915840::Thread-132 2020-08-09 18:59:58.838 - Starting new HTTPS connection (1): en.wikipedia.org
8002:123145866915840::Thread-132 2020-08-09 18:59:58.911 - **START**
8004:123145866915840::Thread-132 2020-08-09 18:59:58.971 - Its ten provinces and three territories extend from the Atlantic to the Pacific and northward into the Arctic Ocean, covering 9.98 million square kilometres (3.85 million square miles), making it the world's second-largest country by total area.
8002:123145866915840::Thread-132 2020-08-09 18:59:59.01 - Starting new HTTPS connection (1): en.wikipedia.org
8005:123145866915840::Thread-132 2020-08-09 18:59:59.458 - They have won six Grammy Awards, and in 2012 were inducted into the Rock and Roll Hall of Fame.
8004:123145866915840::Thread-132 2020-08-09 18:59:59.884 - Its southern and western border with the United States, stretching 8,891 kilometres (5,525 mi), is the world's longest bi-national land border.
8005:123145866915840::Thread-132 2020-08-09 19:00:00.482 - Red Hot Chili Peppers were formed in Los Angeles by Kiedis, Flea, guitarist Hillel Slovak, and drummer Jack Irons.
8005:123145866915840::Thread-132 2020-08-09 19:00:01.056 - Because of commitments to other bands, Slovak and Irons did not play on the band's 1984 self-titled debut album; instead, the album featured Jack Sherman on guitar and Cliff Martinez on drums.
8004:123145866915840::Thread-132 2020-08-09 19:00:01.083 - Canada's capital is Ottawa, and its three largest metropolitan areas are Toronto, Montreal, and Vancouver.
8002:123145866915840::Thread-132 2020-08-09 19:00:01.304 - William Bradley Pitt (born December 18, 1963) is an American actor and film producer.
8003:123145866915840::Thread-132 2020-08-09 19:00:01.41 - Singapore ( (listen)), officially the Republic of Singapore, is a sovereign island city-state in maritime Southeast Asia.
8006:123145866915840::Thread-132 2020-08-09 19:00:01.411 - **START**
8006:123145866915840::Thread-132 2020-08-09 19:00:01.519 - Starting new HTTPS connection (1): en.wikipedia.org
8005:123145866915840::Thread-132 2020-08-09 19:00:02.545 - However, Slovak rejoined shortly after its release and performed on the albums Freaky Styley (1985) and The Uplift Mofo Party Plan (1987), the latter of which saw a reunion of the original lineup.
8004:123145866915840::Thread-132 2020-08-09 19:00:02.628 - Various indigenous peoples inhabited what is now Canada for thousands of years before European colonization.
8003:123145866915840::Thread-132 2020-08-09 19:00:02.91 - It lies about one degree of latitude (137 kilometres or 85 miles) north of the equator, off the southern tip of the Malay Peninsula, bordering the Straits of Malacca to the west, the Riau Islands to the south, and the South China Sea to the east.
8005:123145866915840::Thread-132 2020-08-09 19:00:03.064 - Slovak died of a drug overdose on June 25, 1988; Irons, devastated, left the band.
8005:123145866915840::Thread-132 2020-08-09 19:00:03.064 - **END**
8006:123145866915840::Thread-132 2020-08-09 19:00:03.338 - Jacob Tremblay (; French: [tʁɑ̃blɛ]; born October 5, 2006) is a Canadian actor.
8004:123145866915840::Thread-132 2020-08-09 19:00:03.97 - Beginning in the 16th century, British and French expeditions explored and later settled along the Atlantic coast.
8002:123145866915840::Thread-132 2020-08-09 19:00:04.005 - He has received multiple awards, including two Golden Globe Awards and an Academy Award for his acting, in addition to another Academy Award and a Primetime Emmy Award as producer under his production company, Plan B Entertainment.
8006:123145866915840::Thread-132 2020-08-09 19:00:04.66 - His breakout performance was his starring role as Jack Newsome in Room (2015), for which he won the Critics' Choice Movie Award for Best Young Performer and the Canadian Screen Award for Best Actor, and was nominated for the Screen Actors Guild Award for Outstanding Performance by a Male Actor in a Supporting Role.
8003:123145866915840::Thread-132 2020-08-09 19:00:04.984 - The country's territory is composed of one main island, 63 satellite islands and islets, and one outlying islet, the combined area of which has increased by 25% since the country's independence as a result of extensive land reclamation projects.
8004:123145866915840::Thread-132 2020-08-09 19:00:05.184 - As a consequence of various armed conflicts, France ceded nearly all of its colonies in North America in 1763.
8002:123145866915840::Thread-132 2020-08-09 19:00:05.539 - Pitt first gained recognition as a cowboy hitchhiker in the road movie Thelma & Louise (1991).
8003:123145866915840::Thread-132 2020-08-09 19:00:05.708 - The country is home to 5.7 million residents, 61% (3.4 million) of whom are Singaporean citizens.
8004:123145866915840::Thread-132 2020-08-09 19:00:05.782 - In 1867, with the union of three British North American colonies through Confederation, Canada was formed as a federal dominion of four provinces.
8006:123145866915840::Thread-132 2020-08-09 19:00:06.207 - In 2017, he starred as August Pullman, a child with Treacher Collins syndrome, in the drama Wonder, and in 2019 he headlined the R-rated comedy film Good Boys.
8003:123145866915840::Thread-132 2020-08-09 19:00:06.732 - There are four official languages of Singapore: English, Malay, Chinese, and Tamil; with English being the lingua franca.
8006:123145866915840::Thread-132 2020-08-09 19:00:07.01 - Early life
Tremblay was born in Vancouver, British Columbia, Canada on October 5, 2006.
8002:123145866915840::Thread-132 2020-08-09 19:00:07.448 - His first leading roles in big-budget productions came with the drama films A River Runs Through It (1992) and Legends of the Fall (1994), and the horror film Interview with the Vampire (1994).
8004:123145866915840::Thread-132 2020-08-09 19:00:07.618 - This began an accretion of provinces and territories and a process of increasing autonomy from the United Kingdom.
8003:123145866915840::Thread-132 2020-08-09 19:00:08.248 - This reflects in its rich cultural diversity and extensive ethnic cuisine and major festivals.
8004:123145866915840::Thread-132 2020-08-09 19:00:08.394 - This widening autonomy was highlighted by the Statute of Westminster of 1931 and culminated in the Canada Act of 1982, which severed the vestiges of legal dependence on the British parliament.
8006:123145866915840::Thread-132 2020-08-09 19:00:08.675 - He was raised in the nearby city of Langley, British Columbia.
8002:123145866915840::Thread-132 2020-08-09 19:00:09.799 - He gave critically acclaimed performances in the crime thriller Seven (1995) and the science fiction film 12 Monkeys (1995), the latter earning him a Golden Globe Award for Best Supporting Actor and an Academy Award nomination.
8002:123145866915840::Thread-132 2020-08-09 19:00:10.514 - Pitt starred in Fight Club (1999) and the heist film Ocean's Eleven (2001), as well as its sequels, Ocean's Twelve (2004) and Ocean's Thirteen (2007).
8002:123145866915840::Thread-132 2020-08-09 19:00:10.53 - His greatest commercial successes have been Ocean's Eleven (2001), Troy (2004), Mr. & Mrs. Smith (2005), World War Z (2013), and Once Upon a Time in Hollywood (2019), for which he won a second Golden Globe Award and the Academy Award for Best Supporting Actor.
8006:123145866915840::Thread-132 2020-08-09 19:00:10.668 - His father, Jason Tremblay, is a police detective, and his mother, Christina Candia Tremblay, is a homemaker.
8002:123145866915840::Thread-132 2020-08-09 19:00:10.787 - Pitt's other Academy Award nominated performances were in The Curious Case of Benjamin Button (2008) and Moneyball (2011).
8002:123145866915840::Thread-132 2020-08-09 19:00:10.789 - **END**
8003:123145866915840::Thread-132 2020-08-09 19:00:11.238 - Multiracialism is enshrined in the constitution, and continues to shape national policies in education, housing, and politics.
8006:123145866915840::Thread-132 2020-08-09 19:00:11.427 - Tremblay's older sister Emma and younger sister Erica are also actors.
8006:123145866915840::Thread-132 2020-08-09 19:00:11.736 - Career
Tremblay began acting in television roles.
8003:123145866915840::Thread-132 2020-08-09 19:00:12.882 - Although its history stretches back millennia, modern Singapore was founded in 1819 by Sir Stamford Raffles as a trading post of the British Empire.
8006:123145866915840::Thread-132 2020-08-09 19:00:13.144 - He made his film debut in the live-action/animated feature The Smurfs 2, released in 2013.Tremblay portrayed Jack Newsome in the critically acclaimed drama film Room, co-starring with Brie Larson.
8003:123145866915840::Thread-132 2020-08-09 19:00:13.482 - In 1867, the colonies in East Asia were reorganised and Singapore came under the direct control of Britain as part of the Straits Settlements.
8003:123145866915840::Thread-132 2020-08-09 19:00:13.59 - During the Second World War, Singapore was occupied by Japan in 1942 but returned to British control as a separate crown colony following Japan's surrender in 1945.
8006:123145866915840::Thread-132 2020-08-09 19:00:14.456 - The film, directed by Lenny Abrahamson, premiered on September 4, 2015, at the Telluride Film Festival, and was released in cinemas on October 16, 2015.
8004:123145866915840::Thread-132 2020-08-09 19:00:15.399 - **END**
8003:123145866915840::Thread-132 2020-08-09 19:00:20.593 - **END**
8006:123145866915840::Thread-132 2020-08-09 19:00:23.458 - **END**