123145479909376:[8002, 8003, 8006] - Resources/sanitizedLogs/123145479909376.log
123146195030016:[8003, 8005] - Resources/sanitizedLogs/123146195030016.log
123145572454400:[8004, 8005, 8006] - Resources/sanitizedLogs/123145572454400.log
123145673412608:[8003] - Resources/sanitizedLogs/123145673412608.log
123145908981760:[8004] - Resources/sanitizedLogs/123145908981760.log
123145315852288:[8002, 8003, 8006] - Resources/sanitizedLogs/123145315852288.log
123146211856384:[8003] - Resources/sanitizedLogs/123146211856384.log
123146300194816:[8003] - Resources/sanitizedLogs/123146300194816.log
123145404190720:[8004, 8006] - Resources/sanitizedLogs/123145404190720.log
123145635553280:[8003] - Resources/sanitizedLogs/123145635553280.log
123145463083008:[8006] - Resources/sanitizedLogs/123145463083008.log
123145660792832:[8004] - Resources/sanitizedLogs/123145660792832.log
123145736511488:[8005] - Resources/sanitizedLogs/123145736511488.log
123145837469696:[8004] - Resources/sanitizedLogs/123145837469696.log
123146043592704:[8005] - Resources/sanitizedLogs/123146043592704.log
123146317021184:[8006] - Resources/sanitizedLogs/123146317021184.log
123145744924672:[8002] - Resources/sanitizedLogs/123145744924672.log
123145391570944:[8002] - Resources/sanitizedLogs/123145391570944.log
123145967874048:[8002] - Resources/sanitizedLogs/123145967874048.log
123145997320192:[8004] - Resources/sanitizedLogs/123145997320192.log
123145690238976:[8006] - Resources/sanitizedLogs/123145690238976.log
123145521975296:[8004] - Resources/sanitizedLogs/123145521975296.log
123146073038848:[8002, 8006] - Resources/sanitizedLogs/123146073038848.log
123146237095936:[8003, 8006] - Resources/sanitizedLogs/123146237095936.log
123146354880512:[8003] - Resources/sanitizedLogs/123146354880512.log
123145395777536:[8004] - Resources/sanitizedLogs/123145395777536.log
123145328472064:[8006] - Resources/sanitizedLogs/123145328472064.log
123145887948800:[8002, 8004, 8006] - Resources/sanitizedLogs/123145887948800.log
123146119311360:[8004] - Resources/sanitizedLogs/123146119311360.log
123146106691584:[8006] - Resources/sanitizedLogs/123146106691584.log
123145955254272:[8006] - Resources/sanitizedLogs/123145955254272.log
123145702858752:[8003] - Resources/sanitizedLogs/123145702858752.log
123145601900544:[8003] - Resources/sanitizedLogs/123145601900544.log
123146018353152:[8002] - Resources/sanitizedLogs/123146018353152.log
123145597693952:[8002, 8003] - Resources/sanitizedLogs/123145597693952.log
123145854296064:[8002] - Resources/sanitizedLogs/123145854296064.log
123145538801664:[8005] - Resources/sanitizedLogs/123145538801664.log
123145946841088:[8005] - Resources/sanitizedLogs/123145946841088.log
123145534595072:[8006] - Resources/sanitizedLogs/123145534595072.log
123146110898176:[8002] - Resources/sanitizedLogs/123146110898176.log
123145593487360:[8004] - Resources/sanitizedLogs/123145593487360.log
123146085658624:[8004] - Resources/sanitizedLogs/123146085658624.log
123145934221312:[8002] - Resources/sanitizedLogs/123145934221312.log
123146165583872:[8002] - Resources/sanitizedLogs/123146165583872.log
123145963667456:[8003] - Resources/sanitizedLogs/123145963667456.log
123145829056512:[8002] - Resources/sanitizedLogs/123145829056512.log
123145349505024:[8003, 8005, 8006] - Resources/sanitizedLogs/123145349505024.log
123145336885248:[8002] - Resources/sanitizedLogs/123145336885248.log
123145959460864:[8003, 8004] - Resources/sanitizedLogs/123145959460864.log
123145484115968:[8002] - Resources/sanitizedLogs/123145484115968.log
123146001526784:[8003, 8006] - Resources/sanitizedLogs/123146001526784.log
123145694445568:[8003] - Resources/sanitizedLogs/123145694445568.log
123146182410240:[8002] - Resources/sanitizedLogs/123146182410240.log
123145421017088:[8004] - Resources/sanitizedLogs/123145421017088.log
123145341091840:[8002] - Resources/sanitizedLogs/123145341091840.log
123145627140096:[8003] - Resources/sanitizedLogs/123145627140096.log
123145715478528:[8002] - Resources/sanitizedLogs/123145715478528.log
123145543008256:[8002] - Resources/sanitizedLogs/123145543008256.log
123145526181888:[8003] - Resources/sanitizedLogs/123145526181888.log
123145791197184:[8002, 8003, 8004, 8006] - Resources/sanitizedLogs/123145791197184.log
123146064625664:[8006] - Resources/sanitizedLogs/123146064625664.log
123146228682752:[8003] - Resources/sanitizedLogs/123146228682752.log
123145656586240:[8002] - Resources/sanitizedLogs/123145656586240.log
123146102484992:[8002, 8004] - Resources/sanitizedLogs/123146102484992.log
123145892155392:[8005] - Resources/sanitizedLogs/123145892155392.log
123145585074176:[8006] - Resources/sanitizedLogs/123145585074176.log
123145488322560:[8002, 8003] - Resources/sanitizedLogs/123145488322560.log
123146014146560:[8002] - Resources/sanitizedLogs/123146014146560.log
123145917394944:[8002, 8005] - Resources/sanitizedLogs/123145917394944.log
123145618726912:[8004] - Resources/sanitizedLogs/123145618726912.log
123145492529152:[8005, 8006] - Resources/sanitizedLogs/123145492529152.log
123145866915840:[8002, 8004, 8005] - Resources/sanitizedLogs/123145866915840.log
123146131931136:[8003] - Resources/sanitizedLogs/123146131931136.log
123145921601536:[8002, 8004] - Resources/sanitizedLogs/123145921601536.log
123146089865216:[8003] - Resources/sanitizedLogs/123146089865216.log
123145913188352:[8005] - Resources/sanitizedLogs/123145913188352.log
123146249715712:[8003] - Resources/sanitizedLogs/123146249715712.log
123146157170688:[8006] - Resources/sanitizedLogs/123146157170688.log
123146258128896:[8004] - Resources/sanitizedLogs/123146258128896.log
123145761751040:[8002] - Resources/sanitizedLogs/123145761751040.log
123146253922304:[8005] - Resources/sanitizedLogs/123146253922304.log
123145555628032:[8004] - Resources/sanitizedLogs/123145555628032.log
123145374744576:[8002] - Resources/sanitizedLogs/123145374744576.log
123145765957632:[8002] - Resources/sanitizedLogs/123145765957632.log
123146161377280:[8004] - Resources/sanitizedLogs/123146161377280.log
123146220269568:[8004] - Resources/sanitizedLogs/123146220269568.log
123146026766336:[8006] - Resources/sanitizedLogs/123146026766336.log
123145509355520:[8003] - Resources/sanitizedLogs/123145509355520.log
123146216062976:[8004, 8006] - Resources/sanitizedLogs/123146216062976.log
123145496735744:[8003, 8006] - Resources/sanitizedLogs/123145496735744.log
123145719685120:[8006] - Resources/sanitizedLogs/123145719685120.log
123145845882880:[8004] - Resources/sanitizedLogs/123145845882880.log
123145732304896:[8004] - Resources/sanitizedLogs/123145732304896.log
123145505148928:[8005] - Resources/sanitizedLogs/123145505148928.log
123146283368448:[8002] - Resources/sanitizedLogs/123146283368448.log
123146224476160:[8005] - Resources/sanitizedLogs/123146224476160.log
123146325434368:[8003] - Resources/sanitizedLogs/123146325434368.log
123145808023552:[8002] - Resources/sanitizedLogs/123145808023552.log
123145442050048:[8003] - Resources/sanitizedLogs/123145442050048.log
123145320058880:[8002, 8003] - Resources/sanitizedLogs/123145320058880.log
123145547214848:[8003, 8006] - Resources/sanitizedLogs/123145547214848.log
123146173997056:[8004] - Resources/sanitizedLogs/123146173997056.log
123146203443200:[8003] - Resources/sanitizedLogs/123146203443200.log
123146039386112:[8002, 8004] - Resources/sanitizedLogs/123146039386112.log
123145345298432:[8002] - Resources/sanitizedLogs/123145345298432.log
123145517768704:[8004] - Resources/sanitizedLogs/123145517768704.log
123146232889344:[8003] - Resources/sanitizedLogs/123146232889344.log
123145648173056:[8002, 8004] - Resources/sanitizedLogs/123145648173056.log
123146098278400:[8006] - Resources/sanitizedLogs/123146098278400.log
123145416810496:[8002, 8003] - Resources/sanitizedLogs/123145416810496.log
123146245509120:[8006] - Resources/sanitizedLogs/123146245509120.log
123145707065344:[8002] - Resources/sanitizedLogs/123145707065344.log
123146022559744:[8004] - Resources/sanitizedLogs/123146022559744.log
123145412603904:[8006] - Resources/sanitizedLogs/123145412603904.log
123145530388480:[8004] - Resources/sanitizedLogs/123145530388480.log
123145631346688:[8004] - Resources/sanitizedLogs/123145631346688.log
123146123517952:[8004] - Resources/sanitizedLogs/123146123517952.log
123145353711616:[8002] - Resources/sanitizedLogs/123145353711616.log
123146291781632:[8004] - Resources/sanitizedLogs/123146291781632.log
Number of Active threads in the time range 2020-08-09 18:59:21.0 - 2020-08-09 18:59:28.0 : 119